
01916C $20 $DB $81     JSR $81DB [0181DB] = $E2        A:FFFF X:D844 Y:C558 S:1FCB D:0000 DB:01 P:nvMxdizc V:32  H:104
0181DB $E2 $20         SEP #$20                        A:FFFF X:D844 Y:C558 S:1FC9 D:0000 DB:01 P:nvMxdizc V:32  H:115
0181DD $C2 $10         REP #$10                        A:FFFF X:D844 Y:C558 S:1FC9 D:0000 DB:01 P:nvMxdizc V:32  H:121
0181DF $0B             PHD                             A:FFFF X:D844 Y:C558 S:1FC9 D:0000 DB:01 P:nvMxdizc V:32  H:126
0181E0 $F4 $2B $19     PEA #$192B                      A:FFFF X:D844 Y:C558 S:1FC7 D:0000 DB:01 P:nvMxdizc V:32  H:144
0181E3 $2B             PLD                             A:FFFF X:D844 Y:C558 S:1FC5 D:0000 DB:01 P:nvMxdizc V:32  H:154
0181E4 $A2 $80 $07     LDX #$0780                      A:FFFF X:D844 Y:C558 S:1FC7 D:192B DB:01 P:nvMxdizc V:32  H:163
0181E7 $A0 $08 $C7     LDY #$C708                      A:FFFF X:0780 Y:C558 S:1FC7 D:192B DB:01 P:nvMxdizc V:32  H:169
0181EA $A9 $10         LDA #$10                        A:FFFF X:0780 Y:C708 S:1FC7 D:192B DB:01 P:NvMxdizc V:32  H:175
0181EC $20 $07 $82     JSR $8207 [018207] = $08        A:FF10 X:0780 Y:C708 S:1FC7 D:192B DB:01 P:nvMxdizc V:32  H:179
018207 $08             PHP                             A:FF10 X:0780 Y:C708 S:1FC5 D:192B DB:01 P:nvMxdizc V:32  H:190
018208 $C2 $30         REP #$30                        A:FF10 X:0780 Y:C708 S:1FC4 D:192B DB:01 P:nvMxdizc V:32  H:196
01820A $86 $00         STX $00 [00192B] = $0000        A:FF10 X:0780 Y:C708 S:1FC4 D:192B DB:01 P:nvmxdizc V:32  H:201
01820C $84 $02         STY $02 [00192D] = $2F06        A:FF10 X:0780 Y:C708 S:1FC4 D:192B DB:01 P:nvmxdizc V:32  H:211
01820E $29 $FF $00     AND #$00FF                      A:FF10 X:0780 Y:C708 S:1FC4 D:192B DB:01 P:nvmxdizc V:32  H:220
018211 $85 $04         STA $04 [00192F] = $0040        A:0010 X:0780 Y:C708 S:1FC4 D:192B DB:01 P:nvmxdizc V:32  H:226
018213 $85 $06         STA $06 [001931] = $7F04        A:0010 X:0780 Y:C708 S:1FC4 D:192B DB:01 P:nvmxdizc V:32  H:236
018215 $20 $2E $82     JSR $822E [01822E] = $088B      A:0010 X:0780 Y:C708 S:1FC4 D:192B DB:01 P:nvmxdizc V:32  H:245
01822E $8B             PHB                             A:0010 X:0780 Y:C708 S:1FC2 D:192B DB:01 P:nvmxdizc V:32  H:257
01822F $08             PHP                             A:0010 X:0780 Y:C708 S:1FC1 D:192B DB:01 P:nvmxdizc V:32  H:262
018230 $C2 $30         REP #$30                        A:0010 X:0780 Y:C708 S:1FC0 D:192B DB:01 P:nvmxdizc V:32  H:268
018232 $8B             PHB                             A:0010 X:0780 Y:C708 S:1FC0 D:192B DB:01 P:nvmxdizc V:32  H:273
018233 $AD $2B $19     LDA $192B [01192B] = $0780      A:0010 X:0780 Y:C708 S:1FBF D:192B DB:01 P:nvmxdizc V:32  H:291
018236 $18             CLC                             A:0780 X:0780 Y:C708 S:1FBF D:192B DB:01 P:nvmxdizc V:32  H:301
018237 $69 $20 $CA     ADC #$CA20                      A:0780 X:0780 Y:C708 S:1FBF D:192B DB:01 P:nvmxdizc V:32  H:304
01823A $AA             TAX                             A:D1A0 X:0780 Y:C708 S:1FBF D:192B DB:01 P:Nvmxdizc V:32  H:310
01823B $AC $2D $19     LDY $192D [01192D] = $C708      A:D1A0 X:D1A0 Y:C708 S:1FBF D:192B DB:01 P:Nvmxdizc V:32  H:314
01823E $A9 $0F $00     LDA #$000F                      A:D1A0 X:D1A0 Y:C708 S:1FBF D:192B DB:01 P:Nvmxdizc V:32  H:323
018241 $54 $7F $04     MVN $04 -> $7F                  A:000F X:D1A0 Y:C708 S:1FBF D:192B DB:01 P:nvmxdizc V:32  H:329
018241 $54 $7F $04     MVN $04 -> $7F                  A:000E X:D1A1 Y:C709 S:1FBF D:192B DB:7F P:nvmxdizc V:33  H:2  
018241 $54 $7F $04     MVN $04 -> $7F                  A:000D X:D1A2 Y:C70A S:1FBF D:192B DB:7F P:nvmxdizc V:33  H:15 
018241 $54 $7F $04     MVN $04 -> $7F                  A:000C X:D1A3 Y:C70B S:1FBF D:192B DB:7F P:nvmxdizc V:33  H:28 
018241 $54 $7F $04     MVN $04 -> $7F                  A:000B X:D1A4 Y:C70C S:1FBF D:192B DB:7F P:nvmxdizc V:33  H:41 
018241 $54 $7F $04     MVN $04 -> $7F                  A:000A X:D1A5 Y:C70D S:1FBF D:192B DB:7F P:nvmxdizc V:33  H:54 
018241 $54 $7F $04     MVN $04 -> $7F                  A:0009 X:D1A6 Y:C70E S:1FBF D:192B DB:7F P:nvmxdizc V:33  H:67 
018241 $54 $7F $04     MVN $04 -> $7F                  A:0008 X:D1A7 Y:C70F S:1FBF D:192B DB:7F P:nvmxdizc V:33  H:80 
018241 $54 $7F $04     MVN $04 -> $7F                  A:0007 X:D1A8 Y:C710 S:1FBF D:192B DB:7F P:nvmxdizc V:33  H:93 
018241 $54 $7F $04     MVN $04 -> $7F                  A:0006 X:D1A9 Y:C711 S:1FBF D:192B DB:7F P:nvmxdizc V:33  H:106
018241 $54 $7F $04     MVN $04 -> $7F                  A:0005 X:D1AA Y:C712 S:1FBF D:192B DB:7F P:nvmxdizc V:33  H:119
018241 $54 $7F $04     MVN $04 -> $7F                  A:0004 X:D1AB Y:C713 S:1FBF D:192B DB:7F P:nvmxdizc V:33  H:132
018241 $54 $7F $04     MVN $04 -> $7F                  A:0003 X:D1AC Y:C714 S:1FBF D:192B DB:7F P:nvmxdizc V:33  H:155
018241 $54 $7F $04     MVN $04 -> $7F                  A:0002 X:D1AD Y:C715 S:1FBF D:192B DB:7F P:nvmxdizc V:33  H:168
018241 $54 $7F $04     MVN $04 -> $7F                  A:0001 X:D1AE Y:C716 S:1FBF D:192B DB:7F P:nvmxdizc V:33  H:181
018241 $54 $7F $04     MVN $04 -> $7F                  A:0000 X:D1AF Y:C717 S:1FBF D:192B DB:7F P:nvmxdizc V:33  H:194
018244 $AB             PLB                             A:FFFF X:D1B0 Y:C718 S:1FBF D:192B DB:7F P:nvmxdizc V:33  H:207
018245 $8A             TXA                             A:FFFF X:D1B0 Y:C718 S:1FC0 D:192B DB:01 P:nvmxdizc V:33  H:214
018246 $38             SEC                             A:D1B0 X:D1B0 Y:C718 S:1FC0 D:192B DB:01 P:Nvmxdizc V:33  H:217
018247 $E9 $20 $CA     SBC #$CA20                      A:D1B0 X:D1B0 Y:C718 S:1FC0 D:192B DB:01 P:NvmxdizC V:33  H:221
01824A $AA             TAX                             A:0790 X:D1B0 Y:C718 S:1FC0 D:192B DB:01 P:nvmxdizC V:33  H:227
01824B $E2 $20         SEP #$20                        A:0790 X:0790 Y:C718 S:1FC0 D:192B DB:01 P:nvmxdizC V:33  H:230
01824D $C2 $10         REP #$10                        A:0790 X:0790 Y:C718 S:1FC0 D:192B DB:01 P:nvMxdizC V:33  H:236
01824F $F4 $7F $00     PEA #$007F                      A:0790 X:0790 Y:C718 S:1FC0 D:192B DB:01 P:nvMxdizC V:33  H:241
018252 $AB             PLB                             A:0790 X:0790 Y:C718 S:1FBE D:192B DB:01 P:nvMxdizC V:33  H:251
018253 $68             PLA                             A:0790 X:0790 Y:C718 S:1FBF D:192B DB:7F P:nvMxdizC V:33  H:258
018254 $EB             XBA                             A:0700 X:0790 Y:C718 S:1FC0 D:192B DB:7F P:nvMxdiZC V:33  H:265
018255 $A9 $08         LDA #$08                        A:0007 X:0790 Y:C718 S:1FC0 D:192B DB:7F P:nvMxdizC V:33  H:270
018257 $8D $33 $19     STA $1933 [7F1933] = $00        A:0008 X:0790 Y:C718 S:1FC0 D:192B DB:7F P:nvMxdizC V:33  H:274
01825A $BF $20 $CA $04 LDA $04CA20,X [04D1B0] = $00    A:0008 X:0790 Y:C718 S:1FC0 D:192B DB:7F P:nvMxdizC V:33  H:294
01825E $E8             INX                             A:0000 X:0790 Y:C718 S:1FC0 D:192B DB:7F P:nvMxdiZC V:33  H:304
01825F $99 $00 $00     STA $0000,Y [7FC718] = $00      A:0000 X:0791 Y:C718 S:1FC0 D:192B DB:7F P:nvMxdizC V:33  H:308
018262 $C8             INY                             A:0000 X:0791 Y:C718 S:1FC0 D:192B DB:7F P:nvMxdizC V:33  H:317
018263 $A9 $00         LDA #$00                        A:0000 X:0791 Y:C719 S:1FC0 D:192B DB:7F P:NvMxdizC V:33  H:321
018265 $99 $00 $00     STA $0000,Y [7FC719] = $00      A:0000 X:0791 Y:C719 S:1FC0 D:192B DB:7F P:nvMxdiZC V:33  H:324
018268 $C8             INY                             A:0000 X:0791 Y:C719 S:1FC0 D:192B DB:7F P:nvMxdiZC V:33  H:333
018269 $CE $33 $19     DEC $1933 [7F1933] = $08        A:0000 X:0791 Y:C71A S:1FC0 D:192B DB:7F P:NvMxdizC V:33  H:337
01826C $D0 $EC         BNE $01825A                     A:0000 X:0791 Y:C71A S:1FC0 D:192B DB:7F P:nvMxdizC V:34  H:8  
01825A $BF $20 $CA $04 LDA $04CA20,X [04D1B1] = $00    A:0000 X:0791 Y:C71A S:1FC0 D:192B DB:7F P:nvMxdizC V:34  H:14 
01825E $E8             INX                             A:0000 X:0791 Y:C71A S:1FC0 D:192B DB:7F P:nvMxdiZC V:34  H:24 
01825F $99 $00 $00     STA $0000,Y [7FC71A] = $00      A:0000 X:0792 Y:C71A S:1FC0 D:192B DB:7F P:nvMxdizC V:34  H:27 
018262 $C8             INY                             A:0000 X:0792 Y:C71A S:1FC0 D:192B DB:7F P:nvMxdizC V:34  H:37 
018263 $A9 $00         LDA #$00                        A:0000 X:0792 Y:C71B S:1FC0 D:192B DB:7F P:NvMxdizC V:34  H:40 
018265 $99 $00 $00     STA $0000,Y [7FC71B] = $00      A:0000 X:0792 Y:C71B S:1FC0 D:192B DB:7F P:nvMxdiZC V:34  H:44 
018268 $C8             INY                             A:0000 X:0792 Y:C71B S:1FC0 D:192B DB:7F P:nvMxdiZC V:34  H:54 
018269 $CE $33 $19     DEC $1933 [7F1933] = $07        A:0000 X:0792 Y:C71C S:1FC0 D:192B DB:7F P:NvMxdizC V:34  H:57 
01826C $D0 $EC         BNE $01825A                     A:0000 X:0792 Y:C71C S:1FC0 D:192B DB:7F P:nvMxdizC V:34  H:69 
01825A $BF $20 $CA $04 LDA $04CA20,X [04D1B2] = $1C    A:0000 X:0792 Y:C71C S:1FC0 D:192B DB:7F P:nvMxdizC V:34  H:74 
01825E $E8             INX                             A:001C X:0792 Y:C71C S:1FC0 D:192B DB:7F P:nvMxdizC V:34  H:84 
01825F $99 $00 $00     STA $0000,Y [7FC71C] = $1C      A:001C X:0793 Y:C71C S:1FC0 D:192B DB:7F P:nvMxdizC V:34  H:88 
018262 $C8             INY                             A:001C X:0793 Y:C71C S:1FC0 D:192B DB:7F P:nvMxdizC V:34  H:97 
018263 $A9 $00         LDA #$00                        A:001C X:0793 Y:C71D S:1FC0 D:192B DB:7F P:NvMxdizC V:34  H:101
018265 $99 $00 $00     STA $0000,Y [7FC71D] = $00      A:0000 X:0793 Y:C71D S:1FC0 D:192B DB:7F P:nvMxdiZC V:34  H:105
018268 $C8             INY                             A:0000 X:0793 Y:C71D S:1FC0 D:192B DB:7F P:nvMxdiZC V:34  H:114
018269 $CE $33 $19     DEC $1933 [7F1933] = $06        A:0000 X:0793 Y:C71E S:1FC0 D:192B DB:7F P:NvMxdizC V:34  H:118
01826C $D0 $EC         BNE $01825A                     A:0000 X:0793 Y:C71E S:1FC0 D:192B DB:7F P:nvMxdizC V:34  H:129
01825A $BF $20 $CA $04 LDA $04CA20,X [04D1B3] = $1C    A:0000 X:0793 Y:C71E S:1FC0 D:192B DB:7F P:nvMxdizC V:34  H:145
01825E $E8             INX                             A:001C X:0793 Y:C71E S:1FC0 D:192B DB:7F P:nvMxdizC V:34  H:155
01825F $99 $00 $00     STA $0000,Y [7FC71E] = $1C      A:001C X:0794 Y:C71E S:1FC0 D:192B DB:7F P:nvMxdizC V:34  H:158
018262 $C8             INY                             A:001C X:0794 Y:C71E S:1FC0 D:192B DB:7F P:nvMxdizC V:34  H:168
018263 $A9 $00         LDA #$00                        A:001C X:0794 Y:C71F S:1FC0 D:192B DB:7F P:NvMxdizC V:34  H:171
018265 $99 $00 $00     STA $0000,Y [7FC71F] = $00      A:0000 X:0794 Y:C71F S:1FC0 D:192B DB:7F P:nvMxdiZC V:34  H:175
018268 $C8             INY                             A:0000 X:0794 Y:C71F S:1FC0 D:192B DB:7F P:nvMxdiZC V:34  H:185
018269 $CE $33 $19     DEC $1933 [7F1933] = $05        A:0000 X:0794 Y:C720 S:1FC0 D:192B DB:7F P:NvMxdizC V:34  H:188
01826C $D0 $EC         BNE $01825A                     A:0000 X:0794 Y:C720 S:1FC0 D:192B DB:7F P:nvMxdizC V:34  H:200
01825A $BF $20 $CA $04 LDA $04CA20,X [04D1B4] = $10    A:0000 X:0794 Y:C720 S:1FC0 D:192B DB:7F P:nvMxdizC V:34  H:205
01825E $E8             INX                             A:0010 X:0794 Y:C720 S:1FC0 D:192B DB:7F P:nvMxdizC V:34  H:215
01825F $99 $00 $00     STA $0000,Y [7FC720] = $10      A:0010 X:0795 Y:C720 S:1FC0 D:192B DB:7F P:nvMxdizC V:34  H:219
018262 $C8             INY                             A:0010 X:0795 Y:C720 S:1FC0 D:192B DB:7F P:nvMxdizC V:34  H:228
018263 $A9 $00         LDA #$00                        A:0010 X:0795 Y:C721 S:1FC0 D:192B DB:7F P:NvMxdizC V:34  H:232
018265 $99 $00 $00     STA $0000,Y [7FC721] = $00      A:0000 X:0795 Y:C721 S:1FC0 D:192B DB:7F P:nvMxdiZC V:34  H:236
018268 $C8             INY                             A:0000 X:0795 Y:C721 S:1FC0 D:192B DB:7F P:nvMxdiZC V:34  H:245
018269 $CE $33 $19     DEC $1933 [7F1933] = $04        A:0000 X:0795 Y:C722 S:1FC0 D:192B DB:7F P:NvMxdizC V:34  H:249
01826C $D0 $EC         BNE $01825A                     A:0000 X:0795 Y:C722 S:1FC0 D:192B DB:7F P:nvMxdizC V:34  H:260
01825A $BF $20 $CA $04 LDA $04CA20,X [04D1B5] = $10    A:0000 X:0795 Y:C722 S:1FC0 D:192B DB:7F P:nvMxdizC V:34  H:266
01825E $E8             INX                             A:0010 X:0795 Y:C722 S:1FC0 D:192B DB:7F P:nvMxdizC V:34  H:276
01825F $99 $00 $00     STA $0000,Y [7FC722] = $10      A:0010 X:0796 Y:C722 S:1FC0 D:192B DB:7F P:nvMxdizC V:34  H:293
018262 $C8             INY                             A:0010 X:0796 Y:C722 S:1FC0 D:192B DB:7F P:nvMxdizC V:34  H:302
018263 $A9 $00         LDA #$00                        A:0010 X:0796 Y:C723 S:1FC0 D:192B DB:7F P:NvMxdizC V:34  H:306
018265 $99 $00 $00     STA $0000,Y [7FC723] = $00      A:0000 X:0796 Y:C723 S:1FC0 D:192B DB:7F P:nvMxdiZC V:34  H:310
018268 $C8             INY                             A:0000 X:0796 Y:C723 S:1FC0 D:192B DB:7F P:nvMxdiZC V:34  H:319
018269 $CE $33 $19     DEC $1933 [7F1933] = $03        A:0000 X:0796 Y:C724 S:1FC0 D:192B DB:7F P:NvMxdizC V:34  H:323
01826C $D0 $EC         BNE $01825A                     A:0000 X:0796 Y:C724 S:1FC0 D:192B DB:7F P:nvMxdizC V:34  H:333
01825A $BF $20 $CA $04 LDA $04CA20,X [04D1B6] = $10    A:0000 X:0796 Y:C724 S:1FC0 D:192B DB:7F P:nvMxdizC V:34  H:339
01825E $E8             INX                             A:0010 X:0796 Y:C724 S:1FC0 D:192B DB:7F P:nvMxdizC V:35  H:9  
01825F $99 $00 $00     STA $0000,Y [7FC724] = $10      A:0010 X:0797 Y:C724 S:1FC0 D:192B DB:7F P:nvMxdizC V:35  H:12 
018262 $C8             INY                             A:0010 X:0797 Y:C724 S:1FC0 D:192B DB:7F P:nvMxdizC V:35  H:22 
018263 $A9 $00         LDA #$00                        A:0010 X:0797 Y:C725 S:1FC0 D:192B DB:7F P:NvMxdizC V:35  H:25 
018265 $99 $00 $00     STA $0000,Y [7FC725] = $00      A:0000 X:0797 Y:C725 S:1FC0 D:192B DB:7F P:nvMxdiZC V:35  H:29 
018268 $C8             INY                             A:0000 X:0797 Y:C725 S:1FC0 D:192B DB:7F P:nvMxdiZC V:35  H:39 
018269 $CE $33 $19     DEC $1933 [7F1933] = $02        A:0000 X:0797 Y:C726 S:1FC0 D:192B DB:7F P:NvMxdizC V:35  H:42 
01826C $D0 $EC         BNE $01825A                     A:0000 X:0797 Y:C726 S:1FC0 D:192B DB:7F P:nvMxdizC V:35  H:54 
01825A $BF $20 $CA $04 LDA $04CA20,X [04D1B7] = $10    A:0000 X:0797 Y:C726 S:1FC0 D:192B DB:7F P:nvMxdizC V:35  H:59 
01825E $E8             INX                             A:0010 X:0797 Y:C726 S:1FC0 D:192B DB:7F P:nvMxdizC V:35  H:69 
01825F $99 $00 $00     STA $0000,Y [7FC726] = $10      A:0010 X:0798 Y:C726 S:1FC0 D:192B DB:7F P:nvMxdizC V:35  H:73 
018262 $C8             INY                             A:0010 X:0798 Y:C726 S:1FC0 D:192B DB:7F P:nvMxdizC V:35  H:82 
018263 $A9 $00         LDA #$00                        A:0010 X:0798 Y:C727 S:1FC0 D:192B DB:7F P:NvMxdizC V:35  H:86 
018265 $99 $00 $00     STA $0000,Y [7FC727] = $00      A:0000 X:0798 Y:C727 S:1FC0 D:192B DB:7F P:nvMxdiZC V:35  H:90 
018268 $C8             INY                             A:0000 X:0798 Y:C727 S:1FC0 D:192B DB:7F P:nvMxdiZC V:35  H:99 
018269 $CE $33 $19     DEC $1933 [7F1933] = $01        A:0000 X:0798 Y:C728 S:1FC0 D:192B DB:7F P:NvMxdizC V:35  H:103
01826C $D0 $EC         BNE $01825A                     A:0000 X:0798 Y:C728 S:1FC0 D:192B DB:7F P:nvMxdiZC V:35  H:114
01826E $28             PLP                             A:0000 X:0798 Y:C728 S:1FC0 D:192B DB:7F P:nvMxdiZC V:35  H:118
01826F $AB             PLB                             A:0000 X:0798 Y:C728 S:1FC1 D:192B DB:7F P:nvmxdizc V:35  H:125
018270 $60             RTS                             A:0000 X:0798 Y:C728 S:1FC2 D:192B DB:01 P:nvmxdizc V:35  H:132
018218 $A5 $00         LDA $00 [00192B] = $0780        A:0000 X:0798 Y:C728 S:1FC4 D:192B DB:01 P:nvmxdizc V:35  H:153
01821A $18             CLC                             A:0780 X:0798 Y:C728 S:1FC4 D:192B DB:01 P:nvmxdizc V:35  H:162
01821B $69 $18 $00     ADC #$0018                      A:0780 X:0798 Y:C728 S:1FC4 D:192B DB:01 P:nvmxdizc V:35  H:166
01821E $85 $00         STA $00 [00192B] = $0780        A:0798 X:0798 Y:C728 S:1FC4 D:192B DB:01 P:nvmxdizc V:35  H:172
018220 $A5 $02         LDA $02 [00192D] = $C708        A:0798 X:0798 Y:C728 S:1FC4 D:192B DB:01 P:nvmxdizc V:35  H:181
018222 $18             CLC                             A:C708 X:0798 Y:C728 S:1FC4 D:192B DB:01 P:Nvmxdizc V:35  H:191
018223 $69 $20 $00     ADC #$0020                      A:C708 X:0798 Y:C728 S:1FC4 D:192B DB:01 P:Nvmxdizc V:35  H:194
018226 $85 $02         STA $02 [00192D] = $C708        A:C728 X:0798 Y:C728 S:1FC4 D:192B DB:01 P:Nvmxdizc V:35  H:200
018228 $C6 $06         DEC $06 [001931] = $0010        A:C728 X:0798 Y:C728 S:1FC4 D:192B DB:01 P:Nvmxdizc V:35  H:210
01822A $D0 $E9         BNE $018215                     A:C728 X:0798 Y:C728 S:1FC4 D:192B DB:01 P:nvmxdizc V:35  H:225
018215 $20 $2E $82     JSR $822E [01822E] = $088B      A:C728 X:0798 Y:C728 S:1FC4 D:192B DB:01 P:nvmxdizc V:35  H:230
01822E $8B             PHB                             A:C728 X:0798 Y:C728 S:1FC2 D:192B DB:01 P:nvmxdizc V:35  H:242
01822F $08             PHP                             A:C728 X:0798 Y:C728 S:1FC1 D:192B DB:01 P:nvmxdizc V:35  H:247
018230 $C2 $30         REP #$30                        A:C728 X:0798 Y:C728 S:1FC0 D:192B DB:01 P:nvmxdizc V:35  H:253
018232 $8B             PHB                             A:C728 X:0798 Y:C728 S:1FC0 D:192B DB:01 P:nvmxdizc V:35  H:258
018233 $AD $2B $19     LDA $192B [01192B] = $0798      A:C728 X:0798 Y:C728 S:1FBF D:192B DB:01 P:nvmxdizc V:35  H:264
018236 $18             CLC                             A:0798 X:0798 Y:C728 S:1FBF D:192B DB:01 P:nvmxdizc V:35  H:274
018237 $69 $20 $CA     ADC #$CA20                      A:0798 X:0798 Y:C728 S:1FBF D:192B DB:01 P:nvmxdizc V:35  H:289
01823A $AA             TAX                             A:D1B8 X:0798 Y:C728 S:1FBF D:192B DB:01 P:Nvmxdizc V:35  H:295
01823B $AC $2D $19     LDY $192D [01192D] = $C728      A:D1B8 X:D1B8 Y:C728 S:1FBF D:192B DB:01 P:Nvmxdizc V:35  H:299
01823E $A9 $0F $00     LDA #$000F                      A:D1B8 X:D1B8 Y:C728 S:1FBF D:192B DB:01 P:Nvmxdizc V:35  H:309
018241 $54 $7F $04     MVN $04 -> $7F                  A:000F X:D1B8 Y:C728 S:1FBF D:192B DB:01 P:nvmxdizc V:35  H:315
018241 $54 $7F $04     MVN $04 -> $7F                  A:000E X:D1B9 Y:C729 S:1FBF D:192B DB:7F P:nvmxdizc V:35  H:327
018241 $54 $7F $04     MVN $04 -> $7F                  A:000D X:D1BA Y:C72A S:1FBF D:192B DB:7F P:nvmxdizc V:36  H:0  
018241 $54 $7F $04     MVN $04 -> $7F                  A:000C X:D1BB Y:C72B S:1FBF D:192B DB:7F P:nvmxdizc V:36  H:13 
018241 $54 $7F $04     MVN $04 -> $7F                  A:000B X:D1BC Y:C72C S:1FBF D:192B DB:7F P:nvmxdizc V:36  H:26 
018241 $54 $7F $04     MVN $04 -> $7F                  A:000A X:D1BD Y:C72D S:1FBF D:192B DB:7F P:nvmxdizc V:36  H:39 
018241 $54 $7F $04     MVN $04 -> $7F                  A:0009 X:D1BE Y:C72E S:1FBF D:192B DB:7F P:nvmxdizc V:36  H:52 
018241 $54 $7F $04     MVN $04 -> $7F                  A:0008 X:D1BF Y:C72F S:1FBF D:192B DB:7F P:nvmxdizc V:36  H:65 
018241 $54 $7F $04     MVN $04 -> $7F                  A:0007 X:D1C0 Y:C730 S:1FBF D:192B DB:7F P:nvmxdizc V:36  H:78 
018241 $54 $7F $04     MVN $04 -> $7F                  A:0006 X:D1C1 Y:C731 S:1FBF D:192B DB:7F P:nvmxdizc V:36  H:91 
018241 $54 $7F $04     MVN $04 -> $7F                  A:0005 X:D1C2 Y:C732 S:1FBF D:192B DB:7F P:nvmxdizc V:36  H:104
018241 $54 $7F $04     MVN $04 -> $7F                  A:0004 X:D1C3 Y:C733 S:1FBF D:192B DB:7F P:nvmxdizc V:36  H:117
018241 $54 $7F $04     MVN $04 -> $7F                  A:0003 X:D1C4 Y:C734 S:1FBF D:192B DB:7F P:nvmxdizc V:36  H:130
018241 $54 $7F $04     MVN $04 -> $7F                  A:0002 X:D1C5 Y:C735 S:1FBF D:192B DB:7F P:nvmxdizc V:36  H:153
018241 $54 $7F $04     MVN $04 -> $7F                  A:0001 X:D1C6 Y:C736 S:1FBF D:192B DB:7F P:nvmxdizc V:36  H:166
018241 $54 $7F $04     MVN $04 -> $7F                  A:0000 X:D1C7 Y:C737 S:1FBF D:192B DB:7F P:nvmxdizc V:36  H:179
018244 $AB             PLB                             A:FFFF X:D1C8 Y:C738 S:1FBF D:192B DB:7F P:nvmxdizc V:36  H:192
018245 $8A             TXA                             A:FFFF X:D1C8 Y:C738 S:1FC0 D:192B DB:01 P:nvmxdizc V:36  H:199
018246 $38             SEC                             A:D1C8 X:D1C8 Y:C738 S:1FC0 D:192B DB:01 P:Nvmxdizc V:36  H:202
018247 $E9 $20 $CA     SBC #$CA20                      A:D1C8 X:D1C8 Y:C738 S:1FC0 D:192B DB:01 P:NvmxdizC V:36  H:206
01824A $AA             TAX                             A:07A8 X:D1C8 Y:C738 S:1FC0 D:192B DB:01 P:nvmxdizC V:36  H:212
01824B $E2 $20         SEP #$20                        A:07A8 X:07A8 Y:C738 S:1FC0 D:192B DB:01 P:nvmxdizC V:36  H:215
01824D $C2 $10         REP #$10                        A:07A8 X:07A8 Y:C738 S:1FC0 D:192B DB:01 P:nvMxdizC V:36  H:221
01824F $F4 $7F $00     PEA #$007F                      A:07A8 X:07A8 Y:C738 S:1FC0 D:192B DB:01 P:nvMxdizC V:36  H:226
018252 $AB             PLB                             A:07A8 X:07A8 Y:C738 S:1FBE D:192B DB:01 P:nvMxdizC V:36  H:236
018253 $68             PLA                             A:07A8 X:07A8 Y:C738 S:1FBF D:192B DB:7F P:nvMxdizC V:36  H:243
018254 $EB             XBA                             A:0700 X:07A8 Y:C738 S:1FC0 D:192B DB:7F P:nvMxdiZC V:36  H:250
018255 $A9 $08         LDA #$08                        A:0007 X:07A8 Y:C738 S:1FC0 D:192B DB:7F P:nvMxdizC V:36  H:255
018257 $8D $33 $19     STA $1933 [7F1933] = $00        A:0008 X:07A8 Y:C738 S:1FC0 D:192B DB:7F P:nvMxdizC V:36  H:259
01825A $BF $20 $CA $04 LDA $04CA20,X [04D1C8] = $10    A:0008 X:07A8 Y:C738 S:1FC0 D:192B DB:7F P:nvMxdizC V:36  H:267
01825E $E8             INX                             A:0010 X:07A8 Y:C738 S:1FC0 D:192B DB:7F P:nvMxdizC V:36  H:289
01825F $99 $00 $00     STA $0000,Y [7FC738] = $10      A:0010 X:07A9 Y:C738 S:1FC0 D:192B DB:7F P:nvMxdizC V:36  H:293
018262 $C8             INY                             A:0010 X:07A9 Y:C738 S:1FC0 D:192B DB:7F P:nvMxdizC V:36  H:302
018263 $A9 $00         LDA #$00                        A:0010 X:07A9 Y:C739 S:1FC0 D:192B DB:7F P:NvMxdizC V:36  H:306
018265 $99 $00 $00     STA $0000,Y [7FC739] = $00      A:0000 X:07A9 Y:C739 S:1FC0 D:192B DB:7F P:nvMxdiZC V:36  H:310
018268 $C8             INY                             A:0000 X:07A9 Y:C739 S:1FC0 D:192B DB:7F P:nvMxdiZC V:36  H:319
018269 $CE $33 $19     DEC $1933 [7F1933] = $08        A:0000 X:07A9 Y:C73A S:1FC0 D:192B DB:7F P:NvMxdizC V:36  H:323
01826C $D0 $EC         BNE $01825A                     A:0000 X:07A9 Y:C73A S:1FC0 D:192B DB:7F P:nvMxdizC V:36  H:333
01825A $BF $20 $CA $04 LDA $04CA20,X [04D1C9] = $10    A:0000 X:07A9 Y:C73A S:1FC0 D:192B DB:7F P:nvMxdizC V:36  H:339
01825E $E8             INX                             A:0010 X:07A9 Y:C73A S:1FC0 D:192B DB:7F P:nvMxdizC V:37  H:9  
01825F $99 $00 $00     STA $0000,Y [7FC73A] = $10      A:0010 X:07AA Y:C73A S:1FC0 D:192B DB:7F P:nvMxdizC V:37  H:12 
018262 $C8             INY                             A:0010 X:07AA Y:C73A S:1FC0 D:192B DB:7F P:nvMxdizC V:37  H:22 
018263 $A9 $00         LDA #$00                        A:0010 X:07AA Y:C73B S:1FC0 D:192B DB:7F P:NvMxdizC V:37  H:25 
018265 $99 $00 $00     STA $0000,Y [7FC73B] = $00      A:0000 X:07AA Y:C73B S:1FC0 D:192B DB:7F P:nvMxdiZC V:37  H:29 
018268 $C8             INY                             A:0000 X:07AA Y:C73B S:1FC0 D:192B DB:7F P:nvMxdiZC V:37  H:39 
018269 $CE $33 $19     DEC $1933 [7F1933] = $07        A:0000 X:07AA Y:C73C S:1FC0 D:192B DB:7F P:NvMxdizC V:37  H:42 
01826C $D0 $EC         BNE $01825A                     A:0000 X:07AA Y:C73C S:1FC0 D:192B DB:7F P:nvMxdizC V:37  H:54 
01825A $BF $20 $CA $04 LDA $04CA20,X [04D1CA] = $10    A:0000 X:07AA Y:C73C S:1FC0 D:192B DB:7F P:nvMxdizC V:37  H:59 
01825E $E8             INX                             A:0010 X:07AA Y:C73C S:1FC0 D:192B DB:7F P:nvMxdizC V:37  H:69 
01825F $99 $00 $00     STA $0000,Y [7FC73C] = $10      A:0010 X:07AB Y:C73C S:1FC0 D:192B DB:7F P:nvMxdizC V:37  H:73 
018262 $C8             INY                             A:0010 X:07AB Y:C73C S:1FC0 D:192B DB:7F P:nvMxdizC V:37  H:82 
018263 $A9 $00         LDA #$00                        A:0010 X:07AB Y:C73D S:1FC0 D:192B DB:7F P:NvMxdizC V:37  H:86 
018265 $99 $00 $00     STA $0000,Y [7FC73D] = $00      A:0000 X:07AB Y:C73D S:1FC0 D:192B DB:7F P:nvMxdiZC V:37  H:90 
018268 $C8             INY                             A:0000 X:07AB Y:C73D S:1FC0 D:192B DB:7F P:nvMxdiZC V:37  H:99 
018269 $CE $33 $19     DEC $1933 [7F1933] = $06        A:0000 X:07AB Y:C73E S:1FC0 D:192B DB:7F P:NvMxdizC V:37  H:103
01826C $D0 $EC         BNE $01825A                     A:0000 X:07AB Y:C73E S:1FC0 D:192B DB:7F P:nvMxdizC V:37  H:114
01825A $BF $20 $CA $04 LDA $04CA20,X [04D1CB] = $10    A:0000 X:07AB Y:C73E S:1FC0 D:192B DB:7F P:nvMxdizC V:37  H:120
01825E $E8             INX                             A:0010 X:07AB Y:C73E S:1FC0 D:192B DB:7F P:nvMxdizC V:37  H:130
01825F $99 $00 $00     STA $0000,Y [7FC73E] = $10      A:0010 X:07AC Y:C73E S:1FC0 D:192B DB:7F P:nvMxdizC V:37  H:133
018262 $C8             INY                             A:0010 X:07AC Y:C73E S:1FC0 D:192B DB:7F P:nvMxdizC V:37  H:153
018263 $A9 $00         LDA #$00                        A:0010 X:07AC Y:C73F S:1FC0 D:192B DB:7F P:NvMxdizC V:37  H:156
018265 $99 $00 $00     STA $0000,Y [7FC73F] = $00      A:0000 X:07AC Y:C73F S:1FC0 D:192B DB:7F P:nvMxdiZC V:37  H:160
018268 $C8             INY                             A:0000 X:07AC Y:C73F S:1FC0 D:192B DB:7F P:nvMxdiZC V:37  H:170
018269 $CE $33 $19     DEC $1933 [7F1933] = $05        A:0000 X:07AC Y:C740 S:1FC0 D:192B DB:7F P:NvMxdizC V:37  H:173
01826C $D0 $EC         BNE $01825A                     A:0000 X:07AC Y:C740 S:1FC0 D:192B DB:7F P:nvMxdizC V:37  H:185
01825A $BF $20 $CA $04 LDA $04CA20,X [04D1CC] = $10    A:0000 X:07AC Y:C740 S:1FC0 D:192B DB:7F P:nvMxdizC V:37  H:190
01825E $E8             INX                             A:0010 X:07AC Y:C740 S:1FC0 D:192B DB:7F P:nvMxdizC V:37  H:200
01825F $99 $00 $00     STA $0000,Y [7FC740] = $10      A:0010 X:07AD Y:C740 S:1FC0 D:192B DB:7F P:nvMxdizC V:37  H:204
018262 $C8             INY                             A:0010 X:07AD Y:C740 S:1FC0 D:192B DB:7F P:nvMxdizC V:37  H:213
018263 $A9 $00         LDA #$00                        A:0010 X:07AD Y:C741 S:1FC0 D:192B DB:7F P:NvMxdizC V:37  H:217
018265 $99 $00 $00     STA $0000,Y [7FC741] = $00      A:0000 X:07AD Y:C741 S:1FC0 D:192B DB:7F P:nvMxdiZC V:37  H:221
018268 $C8             INY                             A:0000 X:07AD Y:C741 S:1FC0 D:192B DB:7F P:nvMxdiZC V:37  H:230
018269 $CE $33 $19     DEC $1933 [7F1933] = $04        A:0000 X:07AD Y:C742 S:1FC0 D:192B DB:7F P:NvMxdizC V:37  H:234
01826C $D0 $EC         BNE $01825A                     A:0000 X:07AD Y:C742 S:1FC0 D:192B DB:7F P:nvMxdizC V:37  H:245
01825A $BF $20 $CA $04 LDA $04CA20,X [04D1CD] = $00    A:0000 X:07AD Y:C742 S:1FC0 D:192B DB:7F P:nvMxdizC V:37  H:251
01825E $E8             INX                             A:0000 X:07AD Y:C742 S:1FC0 D:192B DB:7F P:nvMxdiZC V:37  H:261
01825F $99 $00 $00     STA $0000,Y [7FC742] = $00      A:0000 X:07AE Y:C742 S:1FC0 D:192B DB:7F P:nvMxdizC V:37  H:264
018262 $C8             INY                             A:0000 X:07AE Y:C742 S:1FC0 D:192B DB:7F P:nvMxdizC V:37  H:274
018263 $A9 $00         LDA #$00                        A:0000 X:07AE Y:C743 S:1FC0 D:192B DB:7F P:NvMxdizC V:37  H:289
018265 $99 $00 $00     STA $0000,Y [7FC743] = $00      A:0000 X:07AE Y:C743 S:1FC0 D:192B DB:7F P:nvMxdiZC V:37  H:293
018268 $C8             INY                             A:0000 X:07AE Y:C743 S:1FC0 D:192B DB:7F P:nvMxdiZC V:37  H:303
018269 $CE $33 $19     DEC $1933 [7F1933] = $03        A:0000 X:07AE Y:C744 S:1FC0 D:192B DB:7F P:NvMxdizC V:37  H:306
01826C $D0 $EC         BNE $01825A                     A:0000 X:07AE Y:C744 S:1FC0 D:192B DB:7F P:nvMxdizC V:37  H:318
01825A $BF $20 $CA $04 LDA $04CA20,X [04D1CE] = $00    A:0000 X:07AE Y:C744 S:1FC0 D:192B DB:7F P:nvMxdizC V:37  H:323
01825E $E8             INX                             A:0000 X:07AE Y:C744 S:1FC0 D:192B DB:7F P:nvMxdiZC V:37  H:332
01825F $99 $00 $00     STA $0000,Y [7FC744] = $00      A:0000 X:07AF Y:C744 S:1FC0 D:192B DB:7F P:nvMxdizC V:37  H:336
018262 $C8             INY                             A:0000 X:07AF Y:C744 S:1FC0 D:192B DB:7F P:nvMxdizC V:38  H:5  
018263 $A9 $00         LDA #$00                        A:0000 X:07AF Y:C745 S:1FC0 D:192B DB:7F P:NvMxdizC V:38  H:9  
018265 $99 $00 $00     STA $0000,Y [7FC745] = $00      A:0000 X:07AF Y:C745 S:1FC0 D:192B DB:7F P:nvMxdiZC V:38  H:13 
018268 $C8             INY                             A:0000 X:07AF Y:C745 S:1FC0 D:192B DB:7F P:nvMxdiZC V:38  H:22 
018269 $CE $33 $19     DEC $1933 [7F1933] = $02        A:0000 X:07AF Y:C746 S:1FC0 D:192B DB:7F P:NvMxdizC V:38  H:26 
01826C $D0 $EC         BNE $01825A                     A:0000 X:07AF Y:C746 S:1FC0 D:192B DB:7F P:nvMxdizC V:38  H:37 
01825A $BF $20 $CA $04 LDA $04CA20,X [04D1CF] = $00    A:0000 X:07AF Y:C746 S:1FC0 D:192B DB:7F P:nvMxdizC V:38  H:43 
01825E $E8             INX                             A:0000 X:07AF Y:C746 S:1FC0 D:192B DB:7F P:nvMxdiZC V:38  H:53 
01825F $99 $00 $00     STA $0000,Y [7FC746] = $00      A:0000 X:07B0 Y:C746 S:1FC0 D:192B DB:7F P:nvMxdizC V:38  H:56 
018262 $C8             INY                             A:0000 X:07B0 Y:C746 S:1FC0 D:192B DB:7F P:nvMxdizC V:38  H:66 
018263 $A9 $00         LDA #$00                        A:0000 X:07B0 Y:C747 S:1FC0 D:192B DB:7F P:NvMxdizC V:38  H:69 
018265 $99 $00 $00     STA $0000,Y [7FC747] = $00      A:0000 X:07B0 Y:C747 S:1FC0 D:192B DB:7F P:nvMxdiZC V:38  H:73 
018268 $C8             INY                             A:0000 X:07B0 Y:C747 S:1FC0 D:192B DB:7F P:nvMxdiZC V:38  H:83 
018269 $CE $33 $19     DEC $1933 [7F1933] = $01        A:0000 X:07B0 Y:C748 S:1FC0 D:192B DB:7F P:NvMxdizC V:38  H:86 
01826C $D0 $EC         BNE $01825A                     A:0000 X:07B0 Y:C748 S:1FC0 D:192B DB:7F P:nvMxdiZC V:38  H:98 
01826E $28             PLP                             A:0000 X:07B0 Y:C748 S:1FC0 D:192B DB:7F P:nvMxdiZC V:38  H:102
01826F $AB             PLB                             A:0000 X:07B0 Y:C748 S:1FC1 D:192B DB:7F P:nvmxdizc V:38  H:109
018270 $60             RTS                             A:0000 X:07B0 Y:C748 S:1FC2 D:192B DB:01 P:nvmxdizc V:38  H:116
018218 $A5 $00         LDA $00 [00192B] = $0798        A:0000 X:07B0 Y:C748 S:1FC4 D:192B DB:01 P:nvmxdizc V:38  H:126
01821A $18             CLC                             A:0798 X:07B0 Y:C748 S:1FC4 D:192B DB:01 P:nvmxdizc V:38  H:146
01821B $69 $18 $00     ADC #$0018                      A:0798 X:07B0 Y:C748 S:1FC4 D:192B DB:01 P:nvmxdizc V:38  H:149
01821E $85 $00         STA $00 [00192B] = $0798        A:07B0 X:07B0 Y:C748 S:1FC4 D:192B DB:01 P:nvmxdizc V:38  H:155
018220 $A5 $02         LDA $02 [00192D] = $C728        A:07B0 X:07B0 Y:C748 S:1FC4 D:192B DB:01 P:nvmxdizc V:38  H:165
018222 $18             CLC                             A:C728 X:07B0 Y:C748 S:1FC4 D:192B DB:01 P:Nvmxdizc V:38  H:174
018223 $69 $20 $00     ADC #$0020                      A:C728 X:07B0 Y:C748 S:1FC4 D:192B DB:01 P:Nvmxdizc V:38  H:178
018226 $85 $02         STA $02 [00192D] = $C728        A:C748 X:07B0 Y:C748 S:1FC4 D:192B DB:01 P:Nvmxdizc V:38  H:184
018228 $C6 $06         DEC $06 [001931] = $000F        A:C748 X:07B0 Y:C748 S:1FC4 D:192B DB:01 P:Nvmxdizc V:38  H:193
01822A $D0 $E9         BNE $018215                     A:C748 X:07B0 Y:C748 S:1FC4 D:192B DB:01 P:nvmxdizc V:38  H:208
018215 $20 $2E $82     JSR $822E [01822E] = $088B      A:C748 X:07B0 Y:C748 S:1FC4 D:192B DB:01 P:nvmxdizc V:38  H:214
01822E $8B             PHB                             A:C748 X:07B0 Y:C748 S:1FC2 D:192B DB:01 P:nvmxdizc V:38  H:225
01822F $08             PHP                             A:C748 X:07B0 Y:C748 S:1FC1 D:192B DB:01 P:nvmxdizc V:38  H:231
018230 $C2 $30         REP #$30                        A:C748 X:07B0 Y:C748 S:1FC0 D:192B DB:01 P:nvmxdizc V:38  H:236
018232 $8B             PHB                             A:C748 X:07B0 Y:C748 S:1FC0 D:192B DB:01 P:nvmxdizc V:38  H:242
018233 $AD $2B $19     LDA $192B [01192B] = $07B0      A:C748 X:07B0 Y:C748 S:1FBF D:192B DB:01 P:nvmxdizc V:38  H:247
018236 $18             CLC                             A:07B0 X:07B0 Y:C748 S:1FBF D:192B DB:01 P:nvmxdizc V:38  H:257
018237 $69 $20 $CA     ADC #$CA20                      A:07B0 X:07B0 Y:C748 S:1FBF D:192B DB:01 P:nvmxdizc V:38  H:261
01823A $AA             TAX                             A:D1D0 X:07B0 Y:C748 S:1FBF D:192B DB:01 P:Nvmxdizc V:38  H:267
01823B $AC $2D $19     LDY $192D [01192D] = $C748      A:D1D0 X:D1D0 Y:C748 S:1FBF D:192B DB:01 P:Nvmxdizc V:38  H:270
01823E $A9 $0F $00     LDA #$000F                      A:D1D0 X:D1D0 Y:C748 S:1FBF D:192B DB:01 P:Nvmxdizc V:38  H:292
018241 $54 $7F $04     MVN $04 -> $7F                  A:000F X:D1D0 Y:C748 S:1FBF D:192B DB:01 P:nvmxdizc V:38  H:298
018241 $54 $7F $04     MVN $04 -> $7F                  A:000E X:D1D1 Y:C749 S:1FBF D:192B DB:7F P:nvmxdizc V:38  H:311
018241 $54 $7F $04     MVN $04 -> $7F                  A:000D X:D1D2 Y:C74A S:1FBF D:192B DB:7F P:nvmxdizc V:38  H:324
018241 $54 $7F $04     MVN $04 -> $7F                  A:000C X:D1D3 Y:C74B S:1FBF D:192B DB:7F P:nvmxdizc V:38  H:336
018241 $54 $7F $04     MVN $04 -> $7F                  A:000B X:D1D4 Y:C74C S:1FBF D:192B DB:7F P:nvmxdizc V:39  H:9  
018241 $54 $7F $04     MVN $04 -> $7F                  A:000A X:D1D5 Y:C74D S:1FBF D:192B DB:7F P:nvmxdizc V:39  H:22 
018241 $54 $7F $04     MVN $04 -> $7F                  A:0009 X:D1D6 Y:C74E S:1FBF D:192B DB:7F P:nvmxdizc V:39  H:35 
018241 $54 $7F $04     MVN $04 -> $7F                  A:0008 X:D1D7 Y:C74F S:1FBF D:192B DB:7F P:nvmxdizc V:39  H:48 
018241 $54 $7F $04     MVN $04 -> $7F                  A:0007 X:D1D8 Y:C750 S:1FBF D:192B DB:7F P:nvmxdizc V:39  H:61 
018241 $54 $7F $04     MVN $04 -> $7F                  A:0006 X:D1D9 Y:C751 S:1FBF D:192B DB:7F P:nvmxdizc V:39  H:74 
018241 $54 $7F $04     MVN $04 -> $7F                  A:0005 X:D1DA Y:C752 S:1FBF D:192B DB:7F P:nvmxdizc V:39  H:87 
018241 $54 $7F $04     MVN $04 -> $7F                  A:0004 X:D1DB Y:C753 S:1FBF D:192B DB:7F P:nvmxdizc V:39  H:100
018241 $54 $7F $04     MVN $04 -> $7F                  A:0003 X:D1DC Y:C754 S:1FBF D:192B DB:7F P:nvmxdizc V:39  H:113
018241 $54 $7F $04     MVN $04 -> $7F                  A:0002 X:D1DD Y:C755 S:1FBF D:192B DB:7F P:nvmxdizc V:39  H:126
018241 $54 $7F $04     MVN $04 -> $7F                  A:0001 X:D1DE Y:C756 S:1FBF D:192B DB:7F P:nvmxdizc V:39  H:149
018241 $54 $7F $04     MVN $04 -> $7F                  A:0000 X:D1DF Y:C757 S:1FBF D:192B DB:7F P:nvmxdizc V:39  H:162
018244 $AB             PLB                             A:FFFF X:D1E0 Y:C758 S:1FBF D:192B DB:7F P:nvmxdizc V:39  H:175
018245 $8A             TXA                             A:FFFF X:D1E0 Y:C758 S:1FC0 D:192B DB:01 P:nvmxdizc V:39  H:182
018246 $38             SEC                             A:D1E0 X:D1E0 Y:C758 S:1FC0 D:192B DB:01 P:Nvmxdizc V:39  H:186
018247 $E9 $20 $CA     SBC #$CA20                      A:D1E0 X:D1E0 Y:C758 S:1FC0 D:192B DB:01 P:NvmxdizC V:39  H:189
01824A $AA             TAX                             A:07C0 X:D1E0 Y:C758 S:1FC0 D:192B DB:01 P:nvmxdizC V:39  H:195
01824B $E2 $20         SEP #$20                        A:07C0 X:07C0 Y:C758 S:1FC0 D:192B DB:01 P:nvmxdizC V:39  H:199
01824D $C2 $10         REP #$10                        A:07C0 X:07C0 Y:C758 S:1FC0 D:192B DB:01 P:nvMxdizC V:39  H:204
01824F $F4 $7F $00     PEA #$007F                      A:07C0 X:07C0 Y:C758 S:1FC0 D:192B DB:01 P:nvMxdizC V:39  H:210
018252 $AB             PLB                             A:07C0 X:07C0 Y:C758 S:1FBE D:192B DB:01 P:nvMxdizC V:39  H:220
018253 $68             PLA                             A:07C0 X:07C0 Y:C758 S:1FBF D:192B DB:7F P:nvMxdizC V:39  H:227
018254 $EB             XBA                             A:0700 X:07C0 Y:C758 S:1FC0 D:192B DB:7F P:nvMxdiZC V:39  H:234
018255 $A9 $08         LDA #$08                        A:0007 X:07C0 Y:C758 S:1FC0 D:192B DB:7F P:nvMxdizC V:39  H:239
018257 $8D $33 $19     STA $1933 [7F1933] = $00        A:0008 X:07C0 Y:C758 S:1FC0 D:192B DB:7F P:nvMxdizC V:39  H:243
01825A $BF $20 $CA $04 LDA $04CA20,X [04D1E0] = $00    A:0008 X:07C0 Y:C758 S:1FC0 D:192B DB:7F P:nvMxdizC V:39  H:251
01825E $E8             INX                             A:0000 X:07C0 Y:C758 S:1FC0 D:192B DB:7F P:nvMxdiZC V:39  H:261
01825F $99 $00 $00     STA $0000,Y [7FC758] = $00      A:0000 X:07C1 Y:C758 S:1FC0 D:192B DB:7F P:nvMxdizC V:39  H:264
018262 $C8             INY                             A:0000 X:07C1 Y:C758 S:1FC0 D:192B DB:7F P:nvMxdizC V:39  H:274
018263 $A9 $00         LDA #$00                        A:0000 X:07C1 Y:C759 S:1FC0 D:192B DB:7F P:NvMxdizC V:39  H:289
018265 $99 $00 $00     STA $0000,Y [7FC759] = $00      A:0000 X:07C1 Y:C759 S:1FC0 D:192B DB:7F P:nvMxdiZC V:39  H:293
018268 $C8             INY                             A:0000 X:07C1 Y:C759 S:1FC0 D:192B DB:7F P:nvMxdiZC V:39  H:303
018269 $CE $33 $19     DEC $1933 [7F1933] = $08        A:0000 X:07C1 Y:C75A S:1FC0 D:192B DB:7F P:NvMxdizC V:39  H:306
01826C $D0 $EC         BNE $01825A                     A:0000 X:07C1 Y:C75A S:1FC0 D:192B DB:7F P:nvMxdizC V:39  H:318
01825A $BF $20 $CA $04 LDA $04CA20,X [04D1E1] = $00    A:0000 X:07C1 Y:C75A S:1FC0 D:192B DB:7F P:nvMxdizC V:39  H:323
01825E $E8             INX                             A:0000 X:07C1 Y:C75A S:1FC0 D:192B DB:7F P:nvMxdiZC V:39  H:332
01825F $99 $00 $00     STA $0000,Y [7FC75A] = $00      A:0000 X:07C2 Y:C75A S:1FC0 D:192B DB:7F P:nvMxdizC V:39  H:336
018262 $C8             INY                             A:0000 X:07C2 Y:C75A S:1FC0 D:192B DB:7F P:nvMxdizC V:40  H:5  
018263 $A9 $00         LDA #$00                        A:0000 X:07C2 Y:C75B S:1FC0 D:192B DB:7F P:NvMxdizC V:40  H:9  
018265 $99 $00 $00     STA $0000,Y [7FC75B] = $00      A:0000 X:07C2 Y:C75B S:1FC0 D:192B DB:7F P:nvMxdiZC V:40  H:13 
018268 $C8             INY                             A:0000 X:07C2 Y:C75B S:1FC0 D:192B DB:7F P:nvMxdiZC V:40  H:22 
018269 $CE $33 $19     DEC $1933 [7F1933] = $07        A:0000 X:07C2 Y:C75C S:1FC0 D:192B DB:7F P:NvMxdizC V:40  H:26 
01826C $D0 $EC         BNE $01825A                     A:0000 X:07C2 Y:C75C S:1FC0 D:192B DB:7F P:nvMxdizC V:40  H:37 
01825A $BF $20 $CA $04 LDA $04CA20,X [04D1E2] = $1F    A:0000 X:07C2 Y:C75C S:1FC0 D:192B DB:7F P:nvMxdizC V:40  H:43 
01825E $E8             INX                             A:001F X:07C2 Y:C75C S:1FC0 D:192B DB:7F P:nvMxdizC V:40  H:53 
01825F $99 $00 $00     STA $0000,Y [7FC75C] = $1F      A:001F X:07C3 Y:C75C S:1FC0 D:192B DB:7F P:nvMxdizC V:40  H:56 
018262 $C8             INY                             A:001F X:07C3 Y:C75C S:1FC0 D:192B DB:7F P:nvMxdizC V:40  H:66 
018263 $A9 $00         LDA #$00                        A:001F X:07C3 Y:C75D S:1FC0 D:192B DB:7F P:NvMxdizC V:40  H:69 
018265 $99 $00 $00     STA $0000,Y [7FC75D] = $00      A:0000 X:07C3 Y:C75D S:1FC0 D:192B DB:7F P:nvMxdiZC V:40  H:73 
018268 $C8             INY                             A:0000 X:07C3 Y:C75D S:1FC0 D:192B DB:7F P:nvMxdiZC V:40  H:83 
018269 $CE $33 $19     DEC $1933 [7F1933] = $06        A:0000 X:07C3 Y:C75E S:1FC0 D:192B DB:7F P:NvMxdizC V:40  H:86 
01826C $D0 $EC         BNE $01825A                     A:0000 X:07C3 Y:C75E S:1FC0 D:192B DB:7F P:nvMxdizC V:40  H:98 
01825A $BF $20 $CA $04 LDA $04CA20,X [04D1E3] = $00    A:0000 X:07C3 Y:C75E S:1FC0 D:192B DB:7F P:nvMxdizC V:40  H:103
01825E $E8             INX                             A:0000 X:07C3 Y:C75E S:1FC0 D:192B DB:7F P:nvMxdiZC V:40  H:113
01825F $99 $00 $00     STA $0000,Y [7FC75E] = $00      A:0000 X:07C4 Y:C75E S:1FC0 D:192B DB:7F P:nvMxdizC V:40  H:117
018262 $C8             INY                             A:0000 X:07C4 Y:C75E S:1FC0 D:192B DB:7F P:nvMxdizC V:40  H:126
018263 $A9 $00         LDA #$00                        A:0000 X:07C4 Y:C75F S:1FC0 D:192B DB:7F P:NvMxdizC V:40  H:130
018265 $99 $00 $00     STA $0000,Y [7FC75F] = $00      A:0000 X:07C4 Y:C75F S:1FC0 D:192B DB:7F P:nvMxdiZC V:40  H:144
018268 $C8             INY                             A:0000 X:07C4 Y:C75F S:1FC0 D:192B DB:7F P:nvMxdiZC V:40  H:153
018269 $CE $33 $19     DEC $1933 [7F1933] = $05        A:0000 X:07C4 Y:C760 S:1FC0 D:192B DB:7F P:NvMxdizC V:40  H:157
01826C $D0 $EC         BNE $01825A                     A:0000 X:07C4 Y:C760 S:1FC0 D:192B DB:7F P:nvMxdizC V:40  H:168
01825A $BF $20 $CA $04 LDA $04CA20,X [04D1E4] = $00    A:0000 X:07C4 Y:C760 S:1FC0 D:192B DB:7F P:nvMxdizC V:40  H:174
01825E $E8             INX                             A:0000 X:07C4 Y:C760 S:1FC0 D:192B DB:7F P:nvMxdiZC V:40  H:184
01825F $99 $00 $00     STA $0000,Y [7FC760] = $00      A:0000 X:07C5 Y:C760 S:1FC0 D:192B DB:7F P:nvMxdizC V:40  H:187
018262 $C8             INY                             A:0000 X:07C5 Y:C760 S:1FC0 D:192B DB:7F P:nvMxdizC V:40  H:197
018263 $A9 $00         LDA #$00                        A:0000 X:07C5 Y:C761 S:1FC0 D:192B DB:7F P:NvMxdizC V:40  H:200
018265 $99 $00 $00     STA $0000,Y [7FC761] = $00      A:0000 X:07C5 Y:C761 S:1FC0 D:192B DB:7F P:nvMxdiZC V:40  H:204
018268 $C8             INY                             A:0000 X:07C5 Y:C761 S:1FC0 D:192B DB:7F P:nvMxdiZC V:40  H:214
018269 $CE $33 $19     DEC $1933 [7F1933] = $04        A:0000 X:07C5 Y:C762 S:1FC0 D:192B DB:7F P:NvMxdizC V:40  H:217
01826C $D0 $EC         BNE $01825A                     A:0000 X:07C5 Y:C762 S:1FC0 D:192B DB:7F P:nvMxdizC V:40  H:229
01825A $BF $20 $CA $04 LDA $04CA20,X [04D1E5] = $00    A:0000 X:07C5 Y:C762 S:1FC0 D:192B DB:7F P:nvMxdizC V:40  H:234
01825E $E8             INX                             A:0000 X:07C5 Y:C762 S:1FC0 D:192B DB:7F P:nvMxdiZC V:40  H:244
01825F $99 $00 $00     STA $0000,Y [7FC762] = $00      A:0000 X:07C6 Y:C762 S:1FC0 D:192B DB:7F P:nvMxdizC V:40  H:248
018262 $C8             INY                             A:0000 X:07C6 Y:C762 S:1FC0 D:192B DB:7F P:nvMxdizC V:40  H:257
018263 $A9 $00         LDA #$00                        A:0000 X:07C6 Y:C763 S:1FC0 D:192B DB:7F P:NvMxdizC V:40  H:261
018265 $99 $00 $00     STA $0000,Y [7FC763] = $00      A:0000 X:07C6 Y:C763 S:1FC0 D:192B DB:7F P:nvMxdiZC V:40  H:265
018268 $C8             INY                             A:0000 X:07C6 Y:C763 S:1FC0 D:192B DB:7F P:nvMxdiZC V:40  H:274
018269 $CE $33 $19     DEC $1933 [7F1933] = $03        A:0000 X:07C6 Y:C764 S:1FC0 D:192B DB:7F P:NvMxdizC V:40  H:292
01826C $D0 $EC         BNE $01825A                     A:0000 X:07C6 Y:C764 S:1FC0 D:192B DB:7F P:nvMxdizC V:40  H:303
01825A $BF $20 $CA $04 LDA $04CA20,X [04D1E6] = $00    A:0000 X:07C6 Y:C764 S:1FC0 D:192B DB:7F P:nvMxdizC V:40  H:309
01825E $E8             INX                             A:0000 X:07C6 Y:C764 S:1FC0 D:192B DB:7F P:nvMxdiZC V:40  H:319
01825F $99 $00 $00     STA $0000,Y [7FC764] = $00      A:0000 X:07C7 Y:C764 S:1FC0 D:192B DB:7F P:nvMxdizC V:40  H:322
018262 $C8             INY                             A:0000 X:07C7 Y:C764 S:1FC0 D:192B DB:7F P:nvMxdizC V:40  H:331
018263 $A9 $00         LDA #$00                        A:0000 X:07C7 Y:C765 S:1FC0 D:192B DB:7F P:NvMxdizC V:40  H:334
018265 $99 $00 $00     STA $0000,Y [7FC765] = $00      A:0000 X:07C7 Y:C765 S:1FC0 D:192B DB:7F P:nvMxdiZC V:40  H:338
018268 $C8             INY                             A:0000 X:07C7 Y:C765 S:1FC0 D:192B DB:7F P:nvMxdiZC V:41  H:8  
018269 $CE $33 $19     DEC $1933 [7F1933] = $02        A:0000 X:07C7 Y:C766 S:1FC0 D:192B DB:7F P:NvMxdizC V:41  H:11 
01826C $D0 $EC         BNE $01825A                     A:0000 X:07C7 Y:C766 S:1FC0 D:192B DB:7F P:nvMxdizC V:41  H:23 
01825A $BF $20 $CA $04 LDA $04CA20,X [04D1E7] = $00    A:0000 X:07C7 Y:C766 S:1FC0 D:192B DB:7F P:nvMxdizC V:41  H:28 
01825E $E8             INX                             A:0000 X:07C7 Y:C766 S:1FC0 D:192B DB:7F P:nvMxdiZC V:41  H:38 
01825F $99 $00 $00     STA $0000,Y [7FC766] = $00      A:0000 X:07C8 Y:C766 S:1FC0 D:192B DB:7F P:nvMxdizC V:41  H:42 
018262 $C8             INY                             A:0000 X:07C8 Y:C766 S:1FC0 D:192B DB:7F P:nvMxdizC V:41  H:51 
018263 $A9 $00         LDA #$00                        A:0000 X:07C8 Y:C767 S:1FC0 D:192B DB:7F P:NvMxdizC V:41  H:55 
018265 $99 $00 $00     STA $0000,Y [7FC767] = $00      A:0000 X:07C8 Y:C767 S:1FC0 D:192B DB:7F P:nvMxdiZC V:41  H:59 
018268 $C8             INY                             A:0000 X:07C8 Y:C767 S:1FC0 D:192B DB:7F P:nvMxdiZC V:41  H:68 
018269 $CE $33 $19     DEC $1933 [7F1933] = $01        A:0000 X:07C8 Y:C768 S:1FC0 D:192B DB:7F P:NvMxdizC V:41  H:72 
01826C $D0 $EC         BNE $01825A                     A:0000 X:07C8 Y:C768 S:1FC0 D:192B DB:7F P:nvMxdiZC V:41  H:83 
01826E $28             PLP                             A:0000 X:07C8 Y:C768 S:1FC0 D:192B DB:7F P:nvMxdiZC V:41  H:87 
01826F $AB             PLB                             A:0000 X:07C8 Y:C768 S:1FC1 D:192B DB:7F P:nvmxdizc V:41  H:94 
018270 $60             RTS                             A:0000 X:07C8 Y:C768 S:1FC2 D:192B DB:01 P:nvmxdizc V:41  H:101
018218 $A5 $00         LDA $00 [00192B] = $07B0        A:0000 X:07C8 Y:C768 S:1FC4 D:192B DB:01 P:nvmxdizc V:41  H:112
01821A $18             CLC                             A:07B0 X:07C8 Y:C768 S:1FC4 D:192B DB:01 P:nvmxdizc V:41  H:121
01821B $69 $18 $00     ADC #$0018                      A:07B0 X:07C8 Y:C768 S:1FC4 D:192B DB:01 P:nvmxdizc V:41  H:125
01821E $85 $00         STA $00 [00192B] = $07B0        A:07C8 X:07C8 Y:C768 S:1FC4 D:192B DB:01 P:nvmxdizc V:41  H:131
018220 $A5 $02         LDA $02 [00192D] = $C748        A:07C8 X:07C8 Y:C768 S:1FC4 D:192B DB:01 P:nvmxdizc V:41  H:150
018222 $18             CLC                             A:C748 X:07C8 Y:C768 S:1FC4 D:192B DB:01 P:Nvmxdizc V:41  H:160
018223 $69 $20 $00     ADC #$0020                      A:C748 X:07C8 Y:C768 S:1FC4 D:192B DB:01 P:Nvmxdizc V:41  H:163
018226 $85 $02         STA $02 [00192D] = $C748        A:C768 X:07C8 Y:C768 S:1FC4 D:192B DB:01 P:Nvmxdizc V:41  H:169
018228 $C6 $06         DEC $06 [001931] = $000E        A:C768 X:07C8 Y:C768 S:1FC4 D:192B DB:01 P:Nvmxdizc V:41  H:179
01822A $D0 $E9         BNE $018215                     A:C768 X:07C8 Y:C768 S:1FC4 D:192B DB:01 P:nvmxdizc V:41  H:194
018215 $20 $2E $82     JSR $822E [01822E] = $088B      A:C768 X:07C8 Y:C768 S:1FC4 D:192B DB:01 P:nvmxdizc V:41  H:199
01822E $8B             PHB                             A:C768 X:07C8 Y:C768 S:1FC2 D:192B DB:01 P:nvmxdizc V:41  H:211
01822F $08             PHP                             A:C768 X:07C8 Y:C768 S:1FC1 D:192B DB:01 P:nvmxdizc V:41  H:216
018230 $C2 $30         REP #$30                        A:C768 X:07C8 Y:C768 S:1FC0 D:192B DB:01 P:nvmxdizc V:41  H:222
018232 $8B             PHB                             A:C768 X:07C8 Y:C768 S:1FC0 D:192B DB:01 P:nvmxdizc V:41  H:227
018233 $AD $2B $19     LDA $192B [01192B] = $07C8      A:C768 X:07C8 Y:C768 S:1FBF D:192B DB:01 P:nvmxdizc V:41  H:233
018236 $18             CLC                             A:07C8 X:07C8 Y:C768 S:1FBF D:192B DB:01 P:nvmxdizc V:41  H:243
018237 $69 $20 $CA     ADC #$CA20                      A:07C8 X:07C8 Y:C768 S:1FBF D:192B DB:01 P:nvmxdizc V:41  H:246
01823A $AA             TAX                             A:D1E8 X:07C8 Y:C768 S:1FBF D:192B DB:01 P:Nvmxdizc V:41  H:252
01823B $AC $2D $19     LDY $192D [01192D] = $C768      A:D1E8 X:D1E8 Y:C768 S:1FBF D:192B DB:01 P:Nvmxdizc V:41  H:256
01823E $A9 $0F $00     LDA #$000F                      A:D1E8 X:D1E8 Y:C768 S:1FBF D:192B DB:01 P:Nvmxdizc V:41  H:266
018241 $54 $7F $04     MVN $04 -> $7F                  A:000F X:D1E8 Y:C768 S:1FBF D:192B DB:01 P:nvmxdizc V:41  H:272
018241 $54 $7F $04     MVN $04 -> $7F                  A:000E X:D1E9 Y:C769 S:1FBF D:192B DB:7F P:nvmxdizc V:41  H:297
018241 $54 $7F $04     MVN $04 -> $7F                  A:000D X:D1EA Y:C76A S:1FBF D:192B DB:7F P:nvmxdizc V:41  H:310
018241 $54 $7F $04     MVN $04 -> $7F                  A:000C X:D1EB Y:C76B S:1FBF D:192B DB:7F P:nvmxdizc V:41  H:323
018241 $54 $7F $04     MVN $04 -> $7F                  A:000B X:D1EC Y:C76C S:1FBF D:192B DB:7F P:nvmxdizc V:41  H:335
018241 $54 $7F $04     MVN $04 -> $7F                  A:000A X:D1ED Y:C76D S:1FBF D:192B DB:7F P:nvmxdizc V:42  H:8  
018241 $54 $7F $04     MVN $04 -> $7F                  A:0009 X:D1EE Y:C76E S:1FBF D:192B DB:7F P:nvmxdizc V:42  H:21 
018241 $54 $7F $04     MVN $04 -> $7F                  A:0008 X:D1EF Y:C76F S:1FBF D:192B DB:7F P:nvmxdizc V:42  H:34 
018241 $54 $7F $04     MVN $04 -> $7F                  A:0007 X:D1F0 Y:C770 S:1FBF D:192B DB:7F P:nvmxdizc V:42  H:47 
018241 $54 $7F $04     MVN $04 -> $7F                  A:0006 X:D1F1 Y:C771 S:1FBF D:192B DB:7F P:nvmxdizc V:42  H:60 
018241 $54 $7F $04     MVN $04 -> $7F                  A:0005 X:D1F2 Y:C772 S:1FBF D:192B DB:7F P:nvmxdizc V:42  H:73 
018241 $54 $7F $04     MVN $04 -> $7F                  A:0004 X:D1F3 Y:C773 S:1FBF D:192B DB:7F P:nvmxdizc V:42  H:86 
018241 $54 $7F $04     MVN $04 -> $7F                  A:0003 X:D1F4 Y:C774 S:1FBF D:192B DB:7F P:nvmxdizc V:42  H:99 
018241 $54 $7F $04     MVN $04 -> $7F                  A:0002 X:D1F5 Y:C775 S:1FBF D:192B DB:7F P:nvmxdizc V:42  H:112
018241 $54 $7F $04     MVN $04 -> $7F                  A:0001 X:D1F6 Y:C776 S:1FBF D:192B DB:7F P:nvmxdizc V:42  H:125
018241 $54 $7F $04     MVN $04 -> $7F                  A:0000 X:D1F7 Y:C777 S:1FBF D:192B DB:7F P:nvmxdizc V:42  H:148
018244 $AB             PLB                             A:FFFF X:D1F8 Y:C778 S:1FBF D:192B DB:7F P:nvmxdizc V:42  H:161
018245 $8A             TXA                             A:FFFF X:D1F8 Y:C778 S:1FC0 D:192B DB:01 P:nvmxdizc V:42  H:168
018246 $38             SEC                             A:D1F8 X:D1F8 Y:C778 S:1FC0 D:192B DB:01 P:Nvmxdizc V:42  H:171
018247 $E9 $20 $CA     SBC #$CA20                      A:D1F8 X:D1F8 Y:C778 S:1FC0 D:192B DB:01 P:NvmxdizC V:42  H:175
01824A $AA             TAX                             A:07D8 X:D1F8 Y:C778 S:1FC0 D:192B DB:01 P:nvmxdizC V:42  H:181
01824B $E2 $20         SEP #$20                        A:07D8 X:07D8 Y:C778 S:1FC0 D:192B DB:01 P:nvmxdizC V:42  H:184
01824D $C2 $10         REP #$10                        A:07D8 X:07D8 Y:C778 S:1FC0 D:192B DB:01 P:nvMxdizC V:42  H:190
01824F $F4 $7F $00     PEA #$007F                      A:07D8 X:07D8 Y:C778 S:1FC0 D:192B DB:01 P:nvMxdizC V:42  H:195
018252 $AB             PLB                             A:07D8 X:07D8 Y:C778 S:1FBE D:192B DB:01 P:nvMxdizC V:42  H:205
018253 $68             PLA                             A:07D8 X:07D8 Y:C778 S:1FBF D:192B DB:7F P:nvMxdizC V:42  H:212
018254 $EB             XBA                             A:0700 X:07D8 Y:C778 S:1FC0 D:192B DB:7F P:nvMxdiZC V:42  H:219
018255 $A9 $08         LDA #$08                        A:0007 X:07D8 Y:C778 S:1FC0 D:192B DB:7F P:nvMxdizC V:42  H:224
018257 $8D $33 $19     STA $1933 [7F1933] = $00        A:0008 X:07D8 Y:C778 S:1FC0 D:192B DB:7F P:nvMxdizC V:42  H:228
01825A $BF $20 $CA $04 LDA $04CA20,X [04D1F8] = $00    A:0008 X:07D8 Y:C778 S:1FC0 D:192B DB:7F P:nvMxdizC V:42  H:236
01825E $E8             INX                             A:0000 X:07D8 Y:C778 S:1FC0 D:192B DB:7F P:nvMxdiZC V:42  H:246
01825F $99 $00 $00     STA $0000,Y [7FC778] = $00      A:0000 X:07D9 Y:C778 S:1FC0 D:192B DB:7F P:nvMxdizC V:42  H:250
018262 $C8             INY                             A:0000 X:07D9 Y:C778 S:1FC0 D:192B DB:7F P:nvMxdizC V:42  H:259
018263 $A9 $00         LDA #$00                        A:0000 X:07D9 Y:C779 S:1FC0 D:192B DB:7F P:NvMxdizC V:42  H:263
018265 $99 $00 $00     STA $0000,Y [7FC779] = $00      A:0000 X:07D9 Y:C779 S:1FC0 D:192B DB:7F P:nvMxdiZC V:42  H:267
018268 $C8             INY                             A:0000 X:07D9 Y:C779 S:1FC0 D:192B DB:7F P:nvMxdiZC V:42  H:276
018269 $CE $33 $19     DEC $1933 [7F1933] = $08        A:0000 X:07D9 Y:C77A S:1FC0 D:192B DB:7F P:NvMxdizC V:42  H:292
01826C $D0 $EC         BNE $01825A                     A:0000 X:07D9 Y:C77A S:1FC0 D:192B DB:7F P:nvMxdizC V:42  H:303
01825A $BF $20 $CA $04 LDA $04CA20,X [04D1F9] = $00    A:0000 X:07D9 Y:C77A S:1FC0 D:192B DB:7F P:nvMxdizC V:42  H:309
01825E $E8             INX                             A:0000 X:07D9 Y:C77A S:1FC0 D:192B DB:7F P:nvMxdiZC V:42  H:319
01825F $99 $00 $00     STA $0000,Y [7FC77A] = $00      A:0000 X:07DA Y:C77A S:1FC0 D:192B DB:7F P:nvMxdizC V:42  H:322
018262 $C8             INY                             A:0000 X:07DA Y:C77A S:1FC0 D:192B DB:7F P:nvMxdizC V:42  H:331
018263 $A9 $00         LDA #$00                        A:0000 X:07DA Y:C77B S:1FC0 D:192B DB:7F P:NvMxdizC V:42  H:334
018265 $99 $00 $00     STA $0000,Y [7FC77B] = $00      A:0000 X:07DA Y:C77B S:1FC0 D:192B DB:7F P:nvMxdiZC V:42  H:338
018268 $C8             INY                             A:0000 X:07DA Y:C77B S:1FC0 D:192B DB:7F P:nvMxdiZC V:43  H:8  
018269 $CE $33 $19     DEC $1933 [7F1933] = $07        A:0000 X:07DA Y:C77C S:1FC0 D:192B DB:7F P:NvMxdizC V:43  H:11 
01826C $D0 $EC         BNE $01825A                     A:0000 X:07DA Y:C77C S:1FC0 D:192B DB:7F P:nvMxdizC V:43  H:23 
01825A $BF $20 $CA $04 LDA $04CA20,X [04D1FA] = $FC    A:0000 X:07DA Y:C77C S:1FC0 D:192B DB:7F P:nvMxdizC V:43  H:28 
01825E $E8             INX                             A:00FC X:07DA Y:C77C S:1FC0 D:192B DB:7F P:NvMxdizC V:43  H:38 
01825F $99 $00 $00     STA $0000,Y [7FC77C] = $FC      A:00FC X:07DB Y:C77C S:1FC0 D:192B DB:7F P:nvMxdizC V:43  H:42 
018262 $C8             INY                             A:00FC X:07DB Y:C77C S:1FC0 D:192B DB:7F P:nvMxdizC V:43  H:51 
018263 $A9 $00         LDA #$00                        A:00FC X:07DB Y:C77D S:1FC0 D:192B DB:7F P:NvMxdizC V:43  H:55 
018265 $99 $00 $00     STA $0000,Y [7FC77D] = $00      A:0000 X:07DB Y:C77D S:1FC0 D:192B DB:7F P:nvMxdiZC V:43  H:59 
018268 $C8             INY                             A:0000 X:07DB Y:C77D S:1FC0 D:192B DB:7F P:nvMxdiZC V:43  H:68 
018269 $CE $33 $19     DEC $1933 [7F1933] = $06        A:0000 X:07DB Y:C77E S:1FC0 D:192B DB:7F P:NvMxdizC V:43  H:72 
01826C $D0 $EC         BNE $01825A                     A:0000 X:07DB Y:C77E S:1FC0 D:192B DB:7F P:nvMxdizC V:43  H:83 
01825A $BF $20 $CA $04 LDA $04CA20,X [04D1FB] = $0C    A:0000 X:07DB Y:C77E S:1FC0 D:192B DB:7F P:nvMxdizC V:43  H:89 
01825E $E8             INX                             A:000C X:07DB Y:C77E S:1FC0 D:192B DB:7F P:nvMxdizC V:43  H:99 
01825F $99 $00 $00     STA $0000,Y [7FC77E] = $0C      A:000C X:07DC Y:C77E S:1FC0 D:192B DB:7F P:nvMxdizC V:43  H:102
018262 $C8             INY                             A:000C X:07DC Y:C77E S:1FC0 D:192B DB:7F P:nvMxdizC V:43  H:112
018263 $A9 $00         LDA #$00                        A:000C X:07DC Y:C77F S:1FC0 D:192B DB:7F P:NvMxdizC V:43  H:115
018265 $99 $00 $00     STA $0000,Y [7FC77F] = $00      A:0000 X:07DC Y:C77F S:1FC0 D:192B DB:7F P:nvMxdiZC V:43  H:119
018268 $C8             INY                             A:0000 X:07DC Y:C77F S:1FC0 D:192B DB:7F P:nvMxdiZC V:43  H:129
018269 $CE $33 $19     DEC $1933 [7F1933] = $05        A:0000 X:07DC Y:C780 S:1FC0 D:192B DB:7F P:NvMxdizC V:43  H:132
01826C $D0 $EC         BNE $01825A                     A:0000 X:07DC Y:C780 S:1FC0 D:192B DB:7F P:nvMxdizC V:43  H:154
01825A $BF $20 $CA $04 LDA $04CA20,X [04D1FC] = $0C    A:0000 X:07DC Y:C780 S:1FC0 D:192B DB:7F P:nvMxdizC V:43  H:159
01825E $E8             INX                             A:000C X:07DC Y:C780 S:1FC0 D:192B DB:7F P:nvMxdizC V:43  H:169
01825F $99 $00 $00     STA $0000,Y [7FC780] = $0C      A:000C X:07DD Y:C780 S:1FC0 D:192B DB:7F P:nvMxdizC V:43  H:173
018262 $C8             INY                             A:000C X:07DD Y:C780 S:1FC0 D:192B DB:7F P:nvMxdizC V:43  H:182
018263 $A9 $00         LDA #$00                        A:000C X:07DD Y:C781 S:1FC0 D:192B DB:7F P:NvMxdizC V:43  H:186
018265 $99 $00 $00     STA $0000,Y [7FC781] = $00      A:0000 X:07DD Y:C781 S:1FC0 D:192B DB:7F P:nvMxdiZC V:43  H:190
018268 $C8             INY                             A:0000 X:07DD Y:C781 S:1FC0 D:192B DB:7F P:nvMxdiZC V:43  H:199
018269 $CE $33 $19     DEC $1933 [7F1933] = $04        A:0000 X:07DD Y:C782 S:1FC0 D:192B DB:7F P:NvMxdizC V:43  H:203
01826C $D0 $EC         BNE $01825A                     A:0000 X:07DD Y:C782 S:1FC0 D:192B DB:7F P:nvMxdizC V:43  H:214
01825A $BF $20 $CA $04 LDA $04CA20,X [04D1FD] = $00    A:0000 X:07DD Y:C782 S:1FC0 D:192B DB:7F P:nvMxdizC V:43  H:220
01825E $E8             INX                             A:0000 X:07DD Y:C782 S:1FC0 D:192B DB:7F P:nvMxdiZC V:43  H:230
01825F $99 $00 $00     STA $0000,Y [7FC782] = $00      A:0000 X:07DE Y:C782 S:1FC0 D:192B DB:7F P:nvMxdizC V:43  H:233
018262 $C8             INY                             A:0000 X:07DE Y:C782 S:1FC0 D:192B DB:7F P:nvMxdizC V:43  H:243
018263 $A9 $00         LDA #$00                        A:0000 X:07DE Y:C783 S:1FC0 D:192B DB:7F P:NvMxdizC V:43  H:246
018265 $99 $00 $00     STA $0000,Y [7FC783] = $00      A:0000 X:07DE Y:C783 S:1FC0 D:192B DB:7F P:nvMxdiZC V:43  H:250
018268 $C8             INY                             A:0000 X:07DE Y:C783 S:1FC0 D:192B DB:7F P:nvMxdiZC V:43  H:260
018269 $CE $33 $19     DEC $1933 [7F1933] = $03        A:0000 X:07DE Y:C784 S:1FC0 D:192B DB:7F P:NvMxdizC V:43  H:263
01826C $D0 $EC         BNE $01825A                     A:0000 X:07DE Y:C784 S:1FC0 D:192B DB:7F P:nvMxdizC V:43  H:275
01825A $BF $20 $CA $04 LDA $04CA20,X [04D1FE] = $00    A:0000 X:07DE Y:C784 S:1FC0 D:192B DB:7F P:nvMxdizC V:43  H:294
01825E $E8             INX                             A:0000 X:07DE Y:C784 S:1FC0 D:192B DB:7F P:nvMxdiZC V:43  H:304
01825F $99 $00 $00     STA $0000,Y [7FC784] = $00      A:0000 X:07DF Y:C784 S:1FC0 D:192B DB:7F P:nvMxdizC V:43  H:308
018262 $C8             INY                             A:0000 X:07DF Y:C784 S:1FC0 D:192B DB:7F P:nvMxdizC V:43  H:317
018263 $A9 $00         LDA #$00                        A:0000 X:07DF Y:C785 S:1FC0 D:192B DB:7F P:NvMxdizC V:43  H:321
018265 $99 $00 $00     STA $0000,Y [7FC785] = $00      A:0000 X:07DF Y:C785 S:1FC0 D:192B DB:7F P:nvMxdiZC V:43  H:324
018268 $C8             INY                             A:0000 X:07DF Y:C785 S:1FC0 D:192B DB:7F P:nvMxdiZC V:43  H:333
018269 $CE $33 $19     DEC $1933 [7F1933] = $02        A:0000 X:07DF Y:C786 S:1FC0 D:192B DB:7F P:NvMxdizC V:43  H:337
01826C $D0 $EC         BNE $01825A                     A:0000 X:07DF Y:C786 S:1FC0 D:192B DB:7F P:nvMxdizC V:44  H:8  
01825A $BF $20 $CA $04 LDA $04CA20,X [04D1FF] = $00    A:0000 X:07DF Y:C786 S:1FC0 D:192B DB:7F P:nvMxdizC V:44  H:14 
01825E $E8             INX                             A:0000 X:07DF Y:C786 S:1FC0 D:192B DB:7F P:nvMxdiZC V:44  H:24 
01825F $99 $00 $00     STA $0000,Y [7FC786] = $00      A:0000 X:07E0 Y:C786 S:1FC0 D:192B DB:7F P:nvMxdizC V:44  H:27 
018262 $C8             INY                             A:0000 X:07E0 Y:C786 S:1FC0 D:192B DB:7F P:nvMxdizC V:44  H:37 
018263 $A9 $00         LDA #$00                        A:0000 X:07E0 Y:C787 S:1FC0 D:192B DB:7F P:NvMxdizC V:44  H:40 
018265 $99 $00 $00     STA $0000,Y [7FC787] = $00      A:0000 X:07E0 Y:C787 S:1FC0 D:192B DB:7F P:nvMxdiZC V:44  H:44 
018268 $C8             INY                             A:0000 X:07E0 Y:C787 S:1FC0 D:192B DB:7F P:nvMxdiZC V:44  H:54 
018269 $CE $33 $19     DEC $1933 [7F1933] = $01        A:0000 X:07E0 Y:C788 S:1FC0 D:192B DB:7F P:NvMxdizC V:44  H:57 
01826C $D0 $EC         BNE $01825A                     A:0000 X:07E0 Y:C788 S:1FC0 D:192B DB:7F P:nvMxdiZC V:44  H:69 
01826E $28             PLP                             A:0000 X:07E0 Y:C788 S:1FC0 D:192B DB:7F P:nvMxdiZC V:44  H:73 
01826F $AB             PLB                             A:0000 X:07E0 Y:C788 S:1FC1 D:192B DB:7F P:nvmxdizc V:44  H:80 
018270 $60             RTS                             A:0000 X:07E0 Y:C788 S:1FC2 D:192B DB:01 P:nvmxdizc V:44  H:87 
018218 $A5 $00         LDA $00 [00192B] = $07C8        A:0000 X:07E0 Y:C788 S:1FC4 D:192B DB:01 P:nvmxdizc V:44  H:97 
01821A $18             CLC                             A:07C8 X:07E0 Y:C788 S:1FC4 D:192B DB:01 P:nvmxdizc V:44  H:107
01821B $69 $18 $00     ADC #$0018                      A:07C8 X:07E0 Y:C788 S:1FC4 D:192B DB:01 P:nvmxdizc V:44  H:110
01821E $85 $00         STA $00 [00192B] = $07C8        A:07E0 X:07E0 Y:C788 S:1FC4 D:192B DB:01 P:nvmxdizc V:44  H:116
018220 $A5 $02         LDA $02 [00192D] = $C768        A:07E0 X:07E0 Y:C788 S:1FC4 D:192B DB:01 P:nvmxdizc V:44  H:126
018222 $18             CLC                             A:C768 X:07E0 Y:C788 S:1FC4 D:192B DB:01 P:Nvmxdizc V:44  H:145
018223 $69 $20 $00     ADC #$0020                      A:C768 X:07E0 Y:C788 S:1FC4 D:192B DB:01 P:Nvmxdizc V:44  H:149
018226 $85 $02         STA $02 [00192D] = $C768        A:C788 X:07E0 Y:C788 S:1FC4 D:192B DB:01 P:Nvmxdizc V:44  H:155
018228 $C6 $06         DEC $06 [001931] = $000D        A:C788 X:07E0 Y:C788 S:1FC4 D:192B DB:01 P:Nvmxdizc V:44  H:164
01822A $D0 $E9         BNE $018215                     A:C788 X:07E0 Y:C788 S:1FC4 D:192B DB:01 P:nvmxdizc V:44  H:179
018215 $20 $2E $82     JSR $822E [01822E] = $088B      A:C788 X:07E0 Y:C788 S:1FC4 D:192B DB:01 P:nvmxdizc V:44  H:185
01822E $8B             PHB                             A:C788 X:07E0 Y:C788 S:1FC2 D:192B DB:01 P:nvmxdizc V:44  H:196
01822F $08             PHP                             A:C788 X:07E0 Y:C788 S:1FC1 D:192B DB:01 P:nvmxdizc V:44  H:202
018230 $C2 $30         REP #$30                        A:C788 X:07E0 Y:C788 S:1FC0 D:192B DB:01 P:nvmxdizc V:44  H:207
018232 $8B             PHB                             A:C788 X:07E0 Y:C788 S:1FC0 D:192B DB:01 P:nvmxdizc V:44  H:213
018233 $AD $2B $19     LDA $192B [01192B] = $07E0      A:C788 X:07E0 Y:C788 S:1FBF D:192B DB:01 P:nvmxdizc V:44  H:218
018236 $18             CLC                             A:07E0 X:07E0 Y:C788 S:1FBF D:192B DB:01 P:nvmxdizc V:44  H:228
018237 $69 $20 $CA     ADC #$CA20                      A:07E0 X:07E0 Y:C788 S:1FBF D:192B DB:01 P:nvmxdizc V:44  H:232
01823A $AA             TAX                             A:D200 X:07E0 Y:C788 S:1FBF D:192B DB:01 P:Nvmxdizc V:44  H:238
01823B $AC $2D $19     LDY $192D [01192D] = $C788      A:D200 X:D200 Y:C788 S:1FBF D:192B DB:01 P:Nvmxdizc V:44  H:241
01823E $A9 $0F $00     LDA #$000F                      A:D200 X:D200 Y:C788 S:1FBF D:192B DB:01 P:Nvmxdizc V:44  H:251
018241 $54 $7F $04     MVN $04 -> $7F                  A:000F X:D200 Y:C788 S:1FBF D:192B DB:01 P:nvmxdizc V:44  H:257
018241 $54 $7F $04     MVN $04 -> $7F                  A:000E X:D201 Y:C789 S:1FBF D:192B DB:7F P:nvmxdizc V:44  H:270
018241 $54 $7F $04     MVN $04 -> $7F                  A:000D X:D202 Y:C78A S:1FBF D:192B DB:7F P:nvmxdizc V:44  H:295
018241 $54 $7F $04     MVN $04 -> $7F                  A:000C X:D203 Y:C78B S:1FBF D:192B DB:7F P:nvmxdizc V:44  H:308
018241 $54 $7F $04     MVN $04 -> $7F                  A:000B X:D204 Y:C78C S:1FBF D:192B DB:7F P:nvmxdizc V:44  H:321
018241 $54 $7F $04     MVN $04 -> $7F                  A:000A X:D205 Y:C78D S:1FBF D:192B DB:7F P:nvmxdizc V:44  H:333
018241 $54 $7F $04     MVN $04 -> $7F                  A:0009 X:D206 Y:C78E S:1FBF D:192B DB:7F P:nvmxdizc V:45  H:6  
018241 $54 $7F $04     MVN $04 -> $7F                  A:0008 X:D207 Y:C78F S:1FBF D:192B DB:7F P:nvmxdizc V:45  H:19 
018241 $54 $7F $04     MVN $04 -> $7F                  A:0007 X:D208 Y:C790 S:1FBF D:192B DB:7F P:nvmxdizc V:45  H:32 
018241 $54 $7F $04     MVN $04 -> $7F                  A:0006 X:D209 Y:C791 S:1FBF D:192B DB:7F P:nvmxdizc V:45  H:45 
018241 $54 $7F $04     MVN $04 -> $7F                  A:0005 X:D20A Y:C792 S:1FBF D:192B DB:7F P:nvmxdizc V:45  H:58 
018241 $54 $7F $04     MVN $04 -> $7F                  A:0004 X:D20B Y:C793 S:1FBF D:192B DB:7F P:nvmxdizc V:45  H:71 
018241 $54 $7F $04     MVN $04 -> $7F                  A:0003 X:D20C Y:C794 S:1FBF D:192B DB:7F P:nvmxdizc V:45  H:84 
018241 $54 $7F $04     MVN $04 -> $7F                  A:0002 X:D20D Y:C795 S:1FBF D:192B DB:7F P:nvmxdizc V:45  H:97 
018241 $54 $7F $04     MVN $04 -> $7F                  A:0001 X:D20E Y:C796 S:1FBF D:192B DB:7F P:nvmxdizc V:45  H:110
018241 $54 $7F $04     MVN $04 -> $7F                  A:0000 X:D20F Y:C797 S:1FBF D:192B DB:7F P:nvmxdizc V:45  H:123
018244 $AB             PLB                             A:FFFF X:D210 Y:C798 S:1FBF D:192B DB:7F P:nvmxdizc V:45  H:146
018245 $8A             TXA                             A:FFFF X:D210 Y:C798 S:1FC0 D:192B DB:01 P:nvmxdizc V:45  H:153
018246 $38             SEC                             A:D210 X:D210 Y:C798 S:1FC0 D:192B DB:01 P:Nvmxdizc V:45  H:157
018247 $E9 $20 $CA     SBC #$CA20                      A:D210 X:D210 Y:C798 S:1FC0 D:192B DB:01 P:NvmxdizC V:45  H:160
01824A $AA             TAX                             A:07F0 X:D210 Y:C798 S:1FC0 D:192B DB:01 P:nvmxdizC V:45  H:166
01824B $E2 $20         SEP #$20                        A:07F0 X:07F0 Y:C798 S:1FC0 D:192B DB:01 P:nvmxdizC V:45  H:170
01824D $C2 $10         REP #$10                        A:07F0 X:07F0 Y:C798 S:1FC0 D:192B DB:01 P:nvMxdizC V:45  H:175
01824F $F4 $7F $00     PEA #$007F                      A:07F0 X:07F0 Y:C798 S:1FC0 D:192B DB:01 P:nvMxdizC V:45  H:181
018252 $AB             PLB                             A:07F0 X:07F0 Y:C798 S:1FBE D:192B DB:01 P:nvMxdizC V:45  H:191
018253 $68             PLA                             A:07F0 X:07F0 Y:C798 S:1FBF D:192B DB:7F P:nvMxdizC V:45  H:198
018254 $EB             XBA                             A:0700 X:07F0 Y:C798 S:1FC0 D:192B DB:7F P:nvMxdiZC V:45  H:205
018255 $A9 $08         LDA #$08                        A:0007 X:07F0 Y:C798 S:1FC0 D:192B DB:7F P:nvMxdizC V:45  H:210
018257 $8D $33 $19     STA $1933 [7F1933] = $00        A:0008 X:07F0 Y:C798 S:1FC0 D:192B DB:7F P:nvMxdizC V:45  H:214
01825A $BF $20 $CA $04 LDA $04CA20,X [04D210] = $01    A:0008 X:07F0 Y:C798 S:1FC0 D:192B DB:7F P:nvMxdizC V:45  H:222
01825E $E8             INX                             A:0001 X:07F0 Y:C798 S:1FC0 D:192B DB:7F P:nvMxdizC V:45  H:232
01825F $99 $00 $00     STA $0000,Y [7FC798] = $01      A:0001 X:07F1 Y:C798 S:1FC0 D:192B DB:7F P:nvMxdizC V:45  H:235
018262 $C8             INY                             A:0001 X:07F1 Y:C798 S:1FC0 D:192B DB:7F P:nvMxdizC V:45  H:245
018263 $A9 $00         LDA #$00                        A:0001 X:07F1 Y:C799 S:1FC0 D:192B DB:7F P:NvMxdizC V:45  H:248
018265 $99 $00 $00     STA $0000,Y [7FC799] = $00      A:0000 X:07F1 Y:C799 S:1FC0 D:192B DB:7F P:nvMxdiZC V:45  H:252
018268 $C8             INY                             A:0000 X:07F1 Y:C799 S:1FC0 D:192B DB:7F P:nvMxdiZC V:45  H:262
018269 $CE $33 $19     DEC $1933 [7F1933] = $08        A:0000 X:07F1 Y:C79A S:1FC0 D:192B DB:7F P:NvMxdizC V:45  H:265
01826C $D0 $EC         BNE $01825A                     A:0000 X:07F1 Y:C79A S:1FC0 D:192B DB:7F P:nvMxdizC V:45  H:291
01825A $BF $20 $CA $04 LDA $04CA20,X [04D211] = $01    A:0000 X:07F1 Y:C79A S:1FC0 D:192B DB:7F P:nvMxdizC V:45  H:296
01825E $E8             INX                             A:0001 X:07F1 Y:C79A S:1FC0 D:192B DB:7F P:nvMxdizC V:45  H:306
01825F $99 $00 $00     STA $0000,Y [7FC79A] = $01      A:0001 X:07F2 Y:C79A S:1FC0 D:192B DB:7F P:nvMxdizC V:45  H:310
018262 $C8             INY                             A:0001 X:07F2 Y:C79A S:1FC0 D:192B DB:7F P:nvMxdizC V:45  H:319
018263 $A9 $00         LDA #$00                        A:0001 X:07F2 Y:C79B S:1FC0 D:192B DB:7F P:NvMxdizC V:45  H:323
018265 $99 $00 $00     STA $0000,Y [7FC79B] = $00      A:0000 X:07F2 Y:C79B S:1FC0 D:192B DB:7F P:nvMxdiZC V:45  H:326
018268 $C8             INY                             A:0000 X:07F2 Y:C79B S:1FC0 D:192B DB:7F P:nvMxdiZC V:45  H:335
018269 $CE $33 $19     DEC $1933 [7F1933] = $07        A:0000 X:07F2 Y:C79C S:1FC0 D:192B DB:7F P:NvMxdizC V:45  H:339
01826C $D0 $EC         BNE $01825A                     A:0000 X:07F2 Y:C79C S:1FC0 D:192B DB:7F P:nvMxdizC V:46  H:10 
01825A $BF $20 $CA $04 LDA $04CA20,X [04D212] = $01    A:0000 X:07F2 Y:C79C S:1FC0 D:192B DB:7F P:nvMxdizC V:46  H:16 
01825E $E8             INX                             A:0001 X:07F2 Y:C79C S:1FC0 D:192B DB:7F P:nvMxdizC V:46  H:26 
01825F $99 $00 $00     STA $0000,Y [7FC79C] = $01      A:0001 X:07F3 Y:C79C S:1FC0 D:192B DB:7F P:nvMxdizC V:46  H:29 
018262 $C8             INY                             A:0001 X:07F3 Y:C79C S:1FC0 D:192B DB:7F P:nvMxdizC V:46  H:39 
018263 $A9 $00         LDA #$00                        A:0001 X:07F3 Y:C79D S:1FC0 D:192B DB:7F P:NvMxdizC V:46  H:42 
018265 $99 $00 $00     STA $0000,Y [7FC79D] = $00      A:0000 X:07F3 Y:C79D S:1FC0 D:192B DB:7F P:nvMxdiZC V:46  H:46 
018268 $C8             INY                             A:0000 X:07F3 Y:C79D S:1FC0 D:192B DB:7F P:nvMxdiZC V:46  H:56 
018269 $CE $33 $19     DEC $1933 [7F1933] = $06        A:0000 X:07F3 Y:C79E S:1FC0 D:192B DB:7F P:NvMxdizC V:46  H:59 
01826C $D0 $EC         BNE $01825A                     A:0000 X:07F3 Y:C79E S:1FC0 D:192B DB:7F P:nvMxdizC V:46  H:71 
01825A $BF $20 $CA $04 LDA $04CA20,X [04D213] = $21    A:0000 X:07F3 Y:C79E S:1FC0 D:192B DB:7F P:nvMxdizC V:46  H:76 
01825E $E8             INX                             A:0021 X:07F3 Y:C79E S:1FC0 D:192B DB:7F P:nvMxdizC V:46  H:86 
01825F $99 $00 $00     STA $0000,Y [7FC79E] = $21      A:0021 X:07F4 Y:C79E S:1FC0 D:192B DB:7F P:nvMxdizC V:46  H:90 
018262 $C8             INY                             A:0021 X:07F4 Y:C79E S:1FC0 D:192B DB:7F P:nvMxdizC V:46  H:99 
018263 $A9 $00         LDA #$00                        A:0021 X:07F4 Y:C79F S:1FC0 D:192B DB:7F P:NvMxdizC V:46  H:103
018265 $99 $00 $00     STA $0000,Y [7FC79F] = $00      A:0000 X:07F4 Y:C79F S:1FC0 D:192B DB:7F P:nvMxdiZC V:46  H:107
018268 $C8             INY                             A:0000 X:07F4 Y:C79F S:1FC0 D:192B DB:7F P:nvMxdiZC V:46  H:116
018269 $CE $33 $19     DEC $1933 [7F1933] = $05        A:0000 X:07F4 Y:C7A0 S:1FC0 D:192B DB:7F P:NvMxdizC V:46  H:120
01826C $D0 $EC         BNE $01825A                     A:0000 X:07F4 Y:C7A0 S:1FC0 D:192B DB:7F P:nvMxdizC V:46  H:131
01825A $BF $20 $CA $04 LDA $04CA20,X [04D214] = $11    A:0000 X:07F4 Y:C7A0 S:1FC0 D:192B DB:7F P:nvMxdizC V:46  H:147
01825E $E8             INX                             A:0011 X:07F4 Y:C7A0 S:1FC0 D:192B DB:7F P:nvMxdizC V:46  H:157
01825F $99 $00 $00     STA $0000,Y [7FC7A0] = $11      A:0011 X:07F5 Y:C7A0 S:1FC0 D:192B DB:7F P:nvMxdizC V:46  H:160
018262 $C8             INY                             A:0011 X:07F5 Y:C7A0 S:1FC0 D:192B DB:7F P:nvMxdizC V:46  H:170
018263 $A9 $00         LDA #$00                        A:0011 X:07F5 Y:C7A1 S:1FC0 D:192B DB:7F P:NvMxdizC V:46  H:173
018265 $99 $00 $00     STA $0000,Y [7FC7A1] = $00      A:0000 X:07F5 Y:C7A1 S:1FC0 D:192B DB:7F P:nvMxdiZC V:46  H:177
018268 $C8             INY                             A:0000 X:07F5 Y:C7A1 S:1FC0 D:192B DB:7F P:nvMxdiZC V:46  H:187
018269 $CE $33 $19     DEC $1933 [7F1933] = $04        A:0000 X:07F5 Y:C7A2 S:1FC0 D:192B DB:7F P:NvMxdizC V:46  H:190
01826C $D0 $EC         BNE $01825A                     A:0000 X:07F5 Y:C7A2 S:1FC0 D:192B DB:7F P:nvMxdizC V:46  H:202
01825A $BF $20 $CA $04 LDA $04CA20,X [04D215] = $11    A:0000 X:07F5 Y:C7A2 S:1FC0 D:192B DB:7F P:nvMxdizC V:46  H:207
01825E $E8             INX                             A:0011 X:07F5 Y:C7A2 S:1FC0 D:192B DB:7F P:nvMxdizC V:46  H:217
01825F $99 $00 $00     STA $0000,Y [7FC7A2] = $11      A:0011 X:07F6 Y:C7A2 S:1FC0 D:192B DB:7F P:nvMxdizC V:46  H:221
018262 $C8             INY                             A:0011 X:07F6 Y:C7A2 S:1FC0 D:192B DB:7F P:nvMxdizC V:46  H:230
018263 $A9 $00         LDA #$00                        A:0011 X:07F6 Y:C7A3 S:1FC0 D:192B DB:7F P:NvMxdizC V:46  H:234
018265 $99 $00 $00     STA $0000,Y [7FC7A3] = $00      A:0000 X:07F6 Y:C7A3 S:1FC0 D:192B DB:7F P:nvMxdiZC V:46  H:238
018268 $C8             INY                             A:0000 X:07F6 Y:C7A3 S:1FC0 D:192B DB:7F P:nvMxdiZC V:46  H:247
018269 $CE $33 $19     DEC $1933 [7F1933] = $03        A:0000 X:07F6 Y:C7A4 S:1FC0 D:192B DB:7F P:NvMxdizC V:46  H:251
01826C $D0 $EC         BNE $01825A                     A:0000 X:07F6 Y:C7A4 S:1FC0 D:192B DB:7F P:nvMxdizC V:46  H:262
01825A $BF $20 $CA $04 LDA $04CA20,X [04D216] = $31    A:0000 X:07F6 Y:C7A4 S:1FC0 D:192B DB:7F P:nvMxdizC V:46  H:268
01825E $E8             INX                             A:0031 X:07F6 Y:C7A4 S:1FC0 D:192B DB:7F P:nvMxdizC V:46  H:292
01825F $99 $00 $00     STA $0000,Y [7FC7A4] = $31      A:0031 X:07F7 Y:C7A4 S:1FC0 D:192B DB:7F P:nvMxdizC V:46  H:295
018262 $C8             INY                             A:0031 X:07F7 Y:C7A4 S:1FC0 D:192B DB:7F P:nvMxdizC V:46  H:305
018263 $A9 $00         LDA #$00                        A:0031 X:07F7 Y:C7A5 S:1FC0 D:192B DB:7F P:NvMxdizC V:46  H:308
018265 $99 $00 $00     STA $0000,Y [7FC7A5] = $00      A:0000 X:07F7 Y:C7A5 S:1FC0 D:192B DB:7F P:nvMxdiZC V:46  H:312
018268 $C8             INY                             A:0000 X:07F7 Y:C7A5 S:1FC0 D:192B DB:7F P:nvMxdiZC V:46  H:322
018269 $CE $33 $19     DEC $1933 [7F1933] = $02        A:0000 X:07F7 Y:C7A6 S:1FC0 D:192B DB:7F P:NvMxdizC V:46  H:325
01826C $D0 $EC         BNE $01825A                     A:0000 X:07F7 Y:C7A6 S:1FC0 D:192B DB:7F P:nvMxdizC V:46  H:336
01825A $BF $20 $CA $04 LDA $04CA20,X [04D217] = $B9    A:0000 X:07F7 Y:C7A6 S:1FC0 D:192B DB:7F P:nvMxdizC V:47  H:1  
01825E $E8             INX                             A:00B9 X:07F7 Y:C7A6 S:1FC0 D:192B DB:7F P:NvMxdizC V:47  H:11 
01825F $99 $00 $00     STA $0000,Y [7FC7A6] = $B9      A:00B9 X:07F8 Y:C7A6 S:1FC0 D:192B DB:7F P:nvMxdizC V:47  H:15 
018262 $C8             INY                             A:00B9 X:07F8 Y:C7A6 S:1FC0 D:192B DB:7F P:nvMxdizC V:47  H:24 
018263 $A9 $00         LDA #$00                        A:00B9 X:07F8 Y:C7A7 S:1FC0 D:192B DB:7F P:NvMxdizC V:47  H:28 
018265 $99 $00 $00     STA $0000,Y [7FC7A7] = $00      A:0000 X:07F8 Y:C7A7 S:1FC0 D:192B DB:7F P:nvMxdiZC V:47  H:32 
018268 $C8             INY                             A:0000 X:07F8 Y:C7A7 S:1FC0 D:192B DB:7F P:nvMxdiZC V:47  H:41 
018269 $CE $33 $19     DEC $1933 [7F1933] = $01        A:0000 X:07F8 Y:C7A8 S:1FC0 D:192B DB:7F P:NvMxdizC V:47  H:45 
01826C $D0 $EC         BNE $01825A                     A:0000 X:07F8 Y:C7A8 S:1FC0 D:192B DB:7F P:nvMxdiZC V:47  H:56 
01826E $28             PLP                             A:0000 X:07F8 Y:C7A8 S:1FC0 D:192B DB:7F P:nvMxdiZC V:47  H:60 
01826F $AB             PLB                             A:0000 X:07F8 Y:C7A8 S:1FC1 D:192B DB:7F P:nvmxdizc V:47  H:67 
018270 $60             RTS                             A:0000 X:07F8 Y:C7A8 S:1FC2 D:192B DB:01 P:nvmxdizc V:47  H:74 
018218 $A5 $00         LDA $00 [00192B] = $07E0        A:0000 X:07F8 Y:C7A8 S:1FC4 D:192B DB:01 P:nvmxdizc V:47  H:85 
01821A $18             CLC                             A:07E0 X:07F8 Y:C7A8 S:1FC4 D:192B DB:01 P:nvmxdizc V:47  H:94 
01821B $69 $18 $00     ADC #$0018                      A:07E0 X:07F8 Y:C7A8 S:1FC4 D:192B DB:01 P:nvmxdizc V:47  H:98 
01821E $85 $00         STA $00 [00192B] = $07E0        A:07F8 X:07F8 Y:C7A8 S:1FC4 D:192B DB:01 P:nvmxdizc V:47  H:104
018220 $A5 $02         LDA $02 [00192D] = $C788        A:07F8 X:07F8 Y:C7A8 S:1FC4 D:192B DB:01 P:nvmxdizc V:47  H:113
018222 $18             CLC                             A:C788 X:07F8 Y:C7A8 S:1FC4 D:192B DB:01 P:Nvmxdizc V:47  H:123
018223 $69 $20 $00     ADC #$0020                      A:C788 X:07F8 Y:C7A8 S:1FC4 D:192B DB:01 P:Nvmxdizc V:47  H:126
018226 $85 $02         STA $02 [00192D] = $C788        A:C7A8 X:07F8 Y:C7A8 S:1FC4 D:192B DB:01 P:Nvmxdizc V:47  H:132
018228 $C6 $06         DEC $06 [001931] = $000C        A:C7A8 X:07F8 Y:C7A8 S:1FC4 D:192B DB:01 P:Nvmxdizc V:47  H:152
01822A $D0 $E9         BNE $018215                     A:C7A8 X:07F8 Y:C7A8 S:1FC4 D:192B DB:01 P:nvmxdizc V:47  H:167
018215 $20 $2E $82     JSR $822E [01822E] = $088B      A:C7A8 X:07F8 Y:C7A8 S:1FC4 D:192B DB:01 P:nvmxdizc V:47  H:172
01822E $8B             PHB                             A:C7A8 X:07F8 Y:C7A8 S:1FC2 D:192B DB:01 P:nvmxdizc V:47  H:184
01822F $08             PHP                             A:C7A8 X:07F8 Y:C7A8 S:1FC1 D:192B DB:01 P:nvmxdizc V:47  H:189
018230 $C2 $30         REP #$30                        A:C7A8 X:07F8 Y:C7A8 S:1FC0 D:192B DB:01 P:nvmxdizc V:47  H:195
018232 $8B             PHB                             A:C7A8 X:07F8 Y:C7A8 S:1FC0 D:192B DB:01 P:nvmxdizc V:47  H:200
018233 $AD $2B $19     LDA $192B [01192B] = $07F8      A:C7A8 X:07F8 Y:C7A8 S:1FBF D:192B DB:01 P:nvmxdizc V:47  H:206
018236 $18             CLC                             A:07F8 X:07F8 Y:C7A8 S:1FBF D:192B DB:01 P:nvmxdizc V:47  H:216
018237 $69 $20 $CA     ADC #$CA20                      A:07F8 X:07F8 Y:C7A8 S:1FBF D:192B DB:01 P:nvmxdizc V:47  H:219
01823A $AA             TAX                             A:D218 X:07F8 Y:C7A8 S:1FBF D:192B DB:01 P:Nvmxdizc V:47  H:225
01823B $AC $2D $19     LDY $192D [01192D] = $C7A8      A:D218 X:D218 Y:C7A8 S:1FBF D:192B DB:01 P:Nvmxdizc V:47  H:229
01823E $A9 $0F $00     LDA #$000F                      A:D218 X:D218 Y:C7A8 S:1FBF D:192B DB:01 P:Nvmxdizc V:47  H:239
018241 $54 $7F $04     MVN $04 -> $7F                  A:000F X:D218 Y:C7A8 S:1FBF D:192B DB:01 P:nvmxdizc V:47  H:245
018241 $54 $7F $04     MVN $04 -> $7F                  A:000E X:D219 Y:C7A9 S:1FBF D:192B DB:7F P:nvmxdizc V:47  H:258
018241 $54 $7F $04     MVN $04 -> $7F                  A:000D X:D21A Y:C7AA S:1FBF D:192B DB:7F P:nvmxdizc V:47  H:271
018241 $54 $7F $04     MVN $04 -> $7F                  A:000C X:D21B Y:C7AB S:1FBF D:192B DB:7F P:nvmxdizc V:47  H:298
018241 $54 $7F $04     MVN $04 -> $7F                  A:000B X:D21C Y:C7AC S:1FBF D:192B DB:7F P:nvmxdizc V:47  H:311
018241 $54 $7F $04     MVN $04 -> $7F                  A:000A X:D21D Y:C7AD S:1FBF D:192B DB:7F P:nvmxdizc V:47  H:323
018241 $54 $7F $04     MVN $04 -> $7F                  A:0009 X:D21E Y:C7AE S:1FBF D:192B DB:7F P:nvmxdizc V:47  H:336
018241 $54 $7F $04     MVN $04 -> $7F                  A:0008 X:D21F Y:C7AF S:1FBF D:192B DB:7F P:nvmxdizc V:48  H:9  
018241 $54 $7F $04     MVN $04 -> $7F                  A:0007 X:D220 Y:C7B0 S:1FBF D:192B DB:7F P:nvmxdizc V:48  H:22 
018241 $54 $7F $04     MVN $04 -> $7F                  A:0006 X:D221 Y:C7B1 S:1FBF D:192B DB:7F P:nvmxdizc V:48  H:35 
018241 $54 $7F $04     MVN $04 -> $7F                  A:0005 X:D222 Y:C7B2 S:1FBF D:192B DB:7F P:nvmxdizc V:48  H:48 
018241 $54 $7F $04     MVN $04 -> $7F                  A:0004 X:D223 Y:C7B3 S:1FBF D:192B DB:7F P:nvmxdizc V:48  H:61 
018241 $54 $7F $04     MVN $04 -> $7F                  A:0003 X:D224 Y:C7B4 S:1FBF D:192B DB:7F P:nvmxdizc V:48  H:74 
018241 $54 $7F $04     MVN $04 -> $7F                  A:0002 X:D225 Y:C7B5 S:1FBF D:192B DB:7F P:nvmxdizc V:48  H:87 
018241 $54 $7F $04     MVN $04 -> $7F                  A:0001 X:D226 Y:C7B6 S:1FBF D:192B DB:7F P:nvmxdizc V:48  H:100
018241 $54 $7F $04     MVN $04 -> $7F                  A:0000 X:D227 Y:C7B7 S:1FBF D:192B DB:7F P:nvmxdizc V:48  H:113
018244 $AB             PLB                             A:FFFF X:D228 Y:C7B8 S:1FBF D:192B DB:7F P:nvmxdizc V:48  H:126
018245 $8A             TXA                             A:FFFF X:D228 Y:C7B8 S:1FC0 D:192B DB:01 P:nvmxdizc V:48  H:133
018246 $38             SEC                             A:D228 X:D228 Y:C7B8 S:1FC0 D:192B DB:01 P:Nvmxdizc V:48  H:146
018247 $E9 $20 $CA     SBC #$CA20                      A:D228 X:D228 Y:C7B8 S:1FC0 D:192B DB:01 P:NvmxdizC V:48  H:150
01824A $AA             TAX                             A:0808 X:D228 Y:C7B8 S:1FC0 D:192B DB:01 P:nvmxdizC V:48  H:156
01824B $E2 $20         SEP #$20                        A:0808 X:0808 Y:C7B8 S:1FC0 D:192B DB:01 P:nvmxdizC V:48  H:159
01824D $C2 $10         REP #$10                        A:0808 X:0808 Y:C7B8 S:1FC0 D:192B DB:01 P:nvMxdizC V:48  H:165
01824F $F4 $7F $00     PEA #$007F                      A:0808 X:0808 Y:C7B8 S:1FC0 D:192B DB:01 P:nvMxdizC V:48  H:170
018252 $AB             PLB                             A:0808 X:0808 Y:C7B8 S:1FBE D:192B DB:01 P:nvMxdizC V:48  H:180
018253 $68             PLA                             A:0808 X:0808 Y:C7B8 S:1FBF D:192B DB:7F P:nvMxdizC V:48  H:187
018254 $EB             XBA                             A:0800 X:0808 Y:C7B8 S:1FC0 D:192B DB:7F P:nvMxdiZC V:48  H:194
018255 $A9 $08         LDA #$08                        A:0008 X:0808 Y:C7B8 S:1FC0 D:192B DB:7F P:nvMxdizC V:48  H:199
018257 $8D $33 $19     STA $1933 [7F1933] = $00        A:0008 X:0808 Y:C7B8 S:1FC0 D:192B DB:7F P:nvMxdizC V:48  H:203
01825A $BF $20 $CA $04 LDA $04CA20,X [04D228] = $BD    A:0008 X:0808 Y:C7B8 S:1FC0 D:192B DB:7F P:nvMxdizC V:48  H:211
01825E $E8             INX                             A:00BD X:0808 Y:C7B8 S:1FC0 D:192B DB:7F P:NvMxdizC V:48  H:221
01825F $99 $00 $00     STA $0000,Y [7FC7B8] = $BD      A:00BD X:0809 Y:C7B8 S:1FC0 D:192B DB:7F P:nvMxdizC V:48  H:225
018262 $C8             INY                             A:00BD X:0809 Y:C7B8 S:1FC0 D:192B DB:7F P:nvMxdizC V:48  H:234
018263 $A9 $00         LDA #$00                        A:00BD X:0809 Y:C7B9 S:1FC0 D:192B DB:7F P:NvMxdizC V:48  H:238
018265 $99 $00 $00     STA $0000,Y [7FC7B9] = $00      A:0000 X:0809 Y:C7B9 S:1FC0 D:192B DB:7F P:nvMxdiZC V:48  H:242
018268 $C8             INY                             A:0000 X:0809 Y:C7B9 S:1FC0 D:192B DB:7F P:nvMxdiZC V:48  H:251
018269 $CE $33 $19     DEC $1933 [7F1933] = $08        A:0000 X:0809 Y:C7BA S:1FC0 D:192B DB:7F P:NvMxdizC V:48  H:255
01826C $D0 $EC         BNE $01825A                     A:0000 X:0809 Y:C7BA S:1FC0 D:192B DB:7F P:nvMxdizC V:48  H:266
01825A $BF $20 $CA $04 LDA $04CA20,X [04D229] = $B9    A:0000 X:0809 Y:C7BA S:1FC0 D:192B DB:7F P:nvMxdizC V:48  H:272
01825E $E8             INX                             A:00B9 X:0809 Y:C7BA S:1FC0 D:192B DB:7F P:NvMxdizC V:48  H:296
01825F $99 $00 $00     STA $0000,Y [7FC7BA] = $B9      A:00B9 X:080A Y:C7BA S:1FC0 D:192B DB:7F P:nvMxdizC V:48  H:299
018262 $C8             INY                             A:00B9 X:080A Y:C7BA S:1FC0 D:192B DB:7F P:nvMxdizC V:48  H:309
018263 $A9 $00         LDA #$00                        A:00B9 X:080A Y:C7BB S:1FC0 D:192B DB:7F P:NvMxdizC V:48  H:312
018265 $99 $00 $00     STA $0000,Y [7FC7BB] = $00      A:0000 X:080A Y:C7BB S:1FC0 D:192B DB:7F P:nvMxdiZC V:48  H:316
018268 $C8             INY                             A:0000 X:080A Y:C7BB S:1FC0 D:192B DB:7F P:nvMxdiZC V:48  H:325
018269 $CE $33 $19     DEC $1933 [7F1933] = $07        A:0000 X:080A Y:C7BC S:1FC0 D:192B DB:7F P:NvMxdizC V:48  H:328
01826C $D0 $EC         BNE $01825A                     A:0000 X:080A Y:C7BC S:1FC0 D:192B DB:7F P:nvMxdizC V:49  H:0  
01825A $BF $20 $CA $04 LDA $04CA20,X [04D22A] = $31    A:0000 X:080A Y:C7BC S:1FC0 D:192B DB:7F P:nvMxdizC V:49  H:5  
01825E $E8             INX                             A:0031 X:080A Y:C7BC S:1FC0 D:192B DB:7F P:nvMxdizC V:49  H:15 
01825F $99 $00 $00     STA $0000,Y [7FC7BC] = $31      A:0031 X:080B Y:C7BC S:1FC0 D:192B DB:7F P:nvMxdizC V:49  H:19 
018262 $C8             INY                             A:0031 X:080B Y:C7BC S:1FC0 D:192B DB:7F P:nvMxdizC V:49  H:28 
018263 $A9 $00         LDA #$00                        A:0031 X:080B Y:C7BD S:1FC0 D:192B DB:7F P:NvMxdizC V:49  H:32 
018265 $99 $00 $00     STA $0000,Y [7FC7BD] = $00      A:0000 X:080B Y:C7BD S:1FC0 D:192B DB:7F P:nvMxdiZC V:49  H:36 
018268 $C8             INY                             A:0000 X:080B Y:C7BD S:1FC0 D:192B DB:7F P:nvMxdiZC V:49  H:45 
018269 $CE $33 $19     DEC $1933 [7F1933] = $06        A:0000 X:080B Y:C7BE S:1FC0 D:192B DB:7F P:NvMxdizC V:49  H:49 
01826C $D0 $EC         BNE $01825A                     A:0000 X:080B Y:C7BE S:1FC0 D:192B DB:7F P:nvMxdizC V:49  H:60 
01825A $BF $20 $CA $04 LDA $04CA20,X [04D22B] = $11    A:0000 X:080B Y:C7BE S:1FC0 D:192B DB:7F P:nvMxdizC V:49  H:66 
01825E $E8             INX                             A:0011 X:080B Y:C7BE S:1FC0 D:192B DB:7F P:nvMxdizC V:49  H:76 
01825F $99 $00 $00     STA $0000,Y [7FC7BE] = $11      A:0011 X:080C Y:C7BE S:1FC0 D:192B DB:7F P:nvMxdizC V:49  H:79 
018262 $C8             INY                             A:0011 X:080C Y:C7BE S:1FC0 D:192B DB:7F P:nvMxdizC V:49  H:89 
018263 $A9 $00         LDA #$00                        A:0011 X:080C Y:C7BF S:1FC0 D:192B DB:7F P:NvMxdizC V:49  H:92 
018265 $99 $00 $00     STA $0000,Y [7FC7BF] = $00      A:0000 X:080C Y:C7BF S:1FC0 D:192B DB:7F P:nvMxdiZC V:49  H:96 
018268 $C8             INY                             A:0000 X:080C Y:C7BF S:1FC0 D:192B DB:7F P:nvMxdiZC V:49  H:106
018269 $CE $33 $19     DEC $1933 [7F1933] = $05        A:0000 X:080C Y:C7C0 S:1FC0 D:192B DB:7F P:NvMxdizC V:49  H:109
01826C $D0 $EC         BNE $01825A                     A:0000 X:080C Y:C7C0 S:1FC0 D:192B DB:7F P:nvMxdizC V:49  H:121
01825A $BF $20 $CA $04 LDA $04CA20,X [04D22C] = $10    A:0000 X:080C Y:C7C0 S:1FC0 D:192B DB:7F P:nvMxdizC V:49  H:126
01825E $E8             INX                             A:0010 X:080C Y:C7C0 S:1FC0 D:192B DB:7F P:nvMxdizC V:49  H:146
01825F $99 $00 $00     STA $0000,Y [7FC7C0] = $10      A:0010 X:080D Y:C7C0 S:1FC0 D:192B DB:7F P:nvMxdizC V:49  H:150
018262 $C8             INY                             A:0010 X:080D Y:C7C0 S:1FC0 D:192B DB:7F P:nvMxdizC V:49  H:159
018263 $A9 $00         LDA #$00                        A:0010 X:080D Y:C7C1 S:1FC0 D:192B DB:7F P:NvMxdizC V:49  H:163
018265 $99 $00 $00     STA $0000,Y [7FC7C1] = $00      A:0000 X:080D Y:C7C1 S:1FC0 D:192B DB:7F P:nvMxdiZC V:49  H:167
018268 $C8             INY                             A:0000 X:080D Y:C7C1 S:1FC0 D:192B DB:7F P:nvMxdiZC V:49  H:176
018269 $CE $33 $19     DEC $1933 [7F1933] = $04        A:0000 X:080D Y:C7C2 S:1FC0 D:192B DB:7F P:NvMxdizC V:49  H:180
01826C $D0 $EC         BNE $01825A                     A:0000 X:080D Y:C7C2 S:1FC0 D:192B DB:7F P:nvMxdizC V:49  H:191
01825A $BF $20 $CA $04 LDA $04CA20,X [04D22D] = $20    A:0000 X:080D Y:C7C2 S:1FC0 D:192B DB:7F P:nvMxdizC V:49  H:197
01825E $E8             INX                             A:0020 X:080D Y:C7C2 S:1FC0 D:192B DB:7F P:nvMxdizC V:49  H:207
01825F $99 $00 $00     STA $0000,Y [7FC7C2] = $20      A:0020 X:080E Y:C7C2 S:1FC0 D:192B DB:7F P:nvMxdizC V:49  H:210
018262 $C8             INY                             A:0020 X:080E Y:C7C2 S:1FC0 D:192B DB:7F P:nvMxdizC V:49  H:220
018263 $A9 $00         LDA #$00                        A:0020 X:080E Y:C7C3 S:1FC0 D:192B DB:7F P:NvMxdizC V:49  H:223
018265 $99 $00 $00     STA $0000,Y [7FC7C3] = $00      A:0000 X:080E Y:C7C3 S:1FC0 D:192B DB:7F P:nvMxdiZC V:49  H:227
018268 $C8             INY                             A:0000 X:080E Y:C7C3 S:1FC0 D:192B DB:7F P:nvMxdiZC V:49  H:237
018269 $CE $33 $19     DEC $1933 [7F1933] = $03        A:0000 X:080E Y:C7C4 S:1FC0 D:192B DB:7F P:NvMxdizC V:49  H:240
01826C $D0 $EC         BNE $01825A                     A:0000 X:080E Y:C7C4 S:1FC0 D:192B DB:7F P:nvMxdizC V:49  H:252
01825A $BF $20 $CA $04 LDA $04CA20,X [04D22E] = $00    A:0000 X:080E Y:C7C4 S:1FC0 D:192B DB:7F P:nvMxdizC V:49  H:257
01825E $E8             INX                             A:0000 X:080E Y:C7C4 S:1FC0 D:192B DB:7F P:nvMxdiZC V:49  H:267
01825F $99 $00 $00     STA $0000,Y [7FC7C4] = $00      A:0000 X:080F Y:C7C4 S:1FC0 D:192B DB:7F P:nvMxdizC V:49  H:271
018262 $C8             INY                             A:0000 X:080F Y:C7C4 S:1FC0 D:192B DB:7F P:nvMxdizC V:49  H:294
018263 $A9 $00         LDA #$00                        A:0000 X:080F Y:C7C5 S:1FC0 D:192B DB:7F P:NvMxdizC V:49  H:297
018265 $99 $00 $00     STA $0000,Y [7FC7C5] = $00      A:0000 X:080F Y:C7C5 S:1FC0 D:192B DB:7F P:nvMxdiZC V:49  H:301
018268 $C8             INY                             A:0000 X:080F Y:C7C5 S:1FC0 D:192B DB:7F P:nvMxdiZC V:49  H:311
018269 $CE $33 $19     DEC $1933 [7F1933] = $02        A:0000 X:080F Y:C7C6 S:1FC0 D:192B DB:7F P:NvMxdizC V:49  H:314
01826C $D0 $EC         BNE $01825A                     A:0000 X:080F Y:C7C6 S:1FC0 D:192B DB:7F P:nvMxdizC V:49  H:325
01825A $BF $20 $CA $04 LDA $04CA20,X [04D22F] = $00    A:0000 X:080F Y:C7C6 S:1FC0 D:192B DB:7F P:nvMxdizC V:49  H:330
01825E $E8             INX                             A:0000 X:080F Y:C7C6 S:1FC0 D:192B DB:7F P:nvMxdiZC V:50  H:0  
01825F $99 $00 $00     STA $0000,Y [7FC7C6] = $00      A:0000 X:0810 Y:C7C6 S:1FC0 D:192B DB:7F P:nvMxdizC V:50  H:4  
018262 $C8             INY                             A:0000 X:0810 Y:C7C6 S:1FC0 D:192B DB:7F P:nvMxdizC V:50  H:13 
018263 $A9 $00         LDA #$00                        A:0000 X:0810 Y:C7C7 S:1FC0 D:192B DB:7F P:NvMxdizC V:50  H:17 
018265 $99 $00 $00     STA $0000,Y [7FC7C7] = $00      A:0000 X:0810 Y:C7C7 S:1FC0 D:192B DB:7F P:nvMxdiZC V:50  H:21 
018268 $C8             INY                             A:0000 X:0810 Y:C7C7 S:1FC0 D:192B DB:7F P:nvMxdiZC V:50  H:30 
018269 $CE $33 $19     DEC $1933 [7F1933] = $01        A:0000 X:0810 Y:C7C8 S:1FC0 D:192B DB:7F P:NvMxdizC V:50  H:34 
01826C $D0 $EC         BNE $01825A                     A:0000 X:0810 Y:C7C8 S:1FC0 D:192B DB:7F P:nvMxdiZC V:50  H:45 
01826E $28             PLP                             A:0000 X:0810 Y:C7C8 S:1FC0 D:192B DB:7F P:nvMxdiZC V:50  H:49 
01826F $AB             PLB                             A:0000 X:0810 Y:C7C8 S:1FC1 D:192B DB:7F P:nvmxdizc V:50  H:56 
018270 $60             RTS                             A:0000 X:0810 Y:C7C8 S:1FC2 D:192B DB:01 P:nvmxdizc V:50  H:63 
018218 $A5 $00         LDA $00 [00192B] = $07F8        A:0000 X:0810 Y:C7C8 S:1FC4 D:192B DB:01 P:nvmxdizc V:50  H:74 
01821A $18             CLC                             A:07F8 X:0810 Y:C7C8 S:1FC4 D:192B DB:01 P:nvmxdizc V:50  H:83 
01821B $69 $18 $00     ADC #$0018                      A:07F8 X:0810 Y:C7C8 S:1FC4 D:192B DB:01 P:nvmxdizc V:50  H:87 
01821E $85 $00         STA $00 [00192B] = $07F8        A:0810 X:0810 Y:C7C8 S:1FC4 D:192B DB:01 P:nvmxdizc V:50  H:93 
018220 $A5 $02         LDA $02 [00192D] = $C7A8        A:0810 X:0810 Y:C7C8 S:1FC4 D:192B DB:01 P:nvmxdizc V:50  H:102
018222 $18             CLC                             A:C7A8 X:0810 Y:C7C8 S:1FC4 D:192B DB:01 P:Nvmxdizc V:50  H:112
018223 $69 $20 $00     ADC #$0020                      A:C7A8 X:0810 Y:C7C8 S:1FC4 D:192B DB:01 P:Nvmxdizc V:50  H:115
018226 $85 $02         STA $02 [00192D] = $C7A8        A:C7C8 X:0810 Y:C7C8 S:1FC4 D:192B DB:01 P:Nvmxdizc V:50  H:121
018228 $C6 $06         DEC $06 [001931] = $000B        A:C7C8 X:0810 Y:C7C8 S:1FC4 D:192B DB:01 P:Nvmxdizc V:50  H:131
01822A $D0 $E9         BNE $018215                     A:C7C8 X:0810 Y:C7C8 S:1FC4 D:192B DB:01 P:nvmxdizc V:50  H:156
018215 $20 $2E $82     JSR $822E [01822E] = $088B      A:C7C8 X:0810 Y:C7C8 S:1FC4 D:192B DB:01 P:nvmxdizc V:50  H:161
01822E $8B             PHB                             A:C7C8 X:0810 Y:C7C8 S:1FC2 D:192B DB:01 P:nvmxdizc V:50  H:173
01822F $08             PHP                             A:C7C8 X:0810 Y:C7C8 S:1FC1 D:192B DB:01 P:nvmxdizc V:50  H:178
018230 $C2 $30         REP #$30                        A:C7C8 X:0810 Y:C7C8 S:1FC0 D:192B DB:01 P:nvmxdizc V:50  H:184
018232 $8B             PHB                             A:C7C8 X:0810 Y:C7C8 S:1FC0 D:192B DB:01 P:nvmxdizc V:50  H:189
018233 $AD $2B $19     LDA $192B [01192B] = $0810      A:C7C8 X:0810 Y:C7C8 S:1FBF D:192B DB:01 P:nvmxdizc V:50  H:195
018236 $18             CLC                             A:0810 X:0810 Y:C7C8 S:1FBF D:192B DB:01 P:nvmxdizc V:50  H:205
018237 $69 $20 $CA     ADC #$CA20                      A:0810 X:0810 Y:C7C8 S:1FBF D:192B DB:01 P:nvmxdizc V:50  H:208
01823A $AA             TAX                             A:D230 X:0810 Y:C7C8 S:1FBF D:192B DB:01 P:Nvmxdizc V:50  H:214
01823B $AC $2D $19     LDY $192D [01192D] = $C7C8      A:D230 X:D230 Y:C7C8 S:1FBF D:192B DB:01 P:Nvmxdizc V:50  H:218
01823E $A9 $0F $00     LDA #$000F                      A:D230 X:D230 Y:C7C8 S:1FBF D:192B DB:01 P:Nvmxdizc V:50  H:228
018241 $54 $7F $04     MVN $04 -> $7F                  A:000F X:D230 Y:C7C8 S:1FBF D:192B DB:01 P:nvmxdizc V:50  H:234
018241 $54 $7F $04     MVN $04 -> $7F                  A:000E X:D231 Y:C7C9 S:1FBF D:192B DB:7F P:nvmxdizc V:50  H:247
018241 $54 $7F $04     MVN $04 -> $7F                  A:000D X:D232 Y:C7CA S:1FBF D:192B DB:7F P:nvmxdizc V:50  H:260
018241 $54 $7F $04     MVN $04 -> $7F                  A:000C X:D233 Y:C7CB S:1FBF D:192B DB:7F P:nvmxdizc V:50  H:273
018241 $54 $7F $04     MVN $04 -> $7F                  A:000B X:D234 Y:C7CC S:1FBF D:192B DB:7F P:nvmxdizc V:50  H:298
018241 $54 $7F $04     MVN $04 -> $7F                  A:000A X:D235 Y:C7CD S:1FBF D:192B DB:7F P:nvmxdizc V:50  H:311
018241 $54 $7F $04     MVN $04 -> $7F                  A:0009 X:D236 Y:C7CE S:1FBF D:192B DB:7F P:nvmxdizc V:50  H:323
018241 $54 $7F $04     MVN $04 -> $7F                  A:0008 X:D237 Y:C7CF S:1FBF D:192B DB:7F P:nvmxdizc V:50  H:336
018241 $54 $7F $04     MVN $04 -> $7F                  A:0007 X:D238 Y:C7D0 S:1FBF D:192B DB:7F P:nvmxdizc V:51  H:9  
018241 $54 $7F $04     MVN $04 -> $7F                  A:0006 X:D239 Y:C7D1 S:1FBF D:192B DB:7F P:nvmxdizc V:51  H:22 
018241 $54 $7F $04     MVN $04 -> $7F                  A:0005 X:D23A Y:C7D2 S:1FBF D:192B DB:7F P:nvmxdizc V:51  H:35 
018241 $54 $7F $04     MVN $04 -> $7F                  A:0004 X:D23B Y:C7D3 S:1FBF D:192B DB:7F P:nvmxdizc V:51  H:48 
018241 $54 $7F $04     MVN $04 -> $7F                  A:0003 X:D23C Y:C7D4 S:1FBF D:192B DB:7F P:nvmxdizc V:51  H:61 
018241 $54 $7F $04     MVN $04 -> $7F                  A:0002 X:D23D Y:C7D5 S:1FBF D:192B DB:7F P:nvmxdizc V:51  H:74 
018241 $54 $7F $04     MVN $04 -> $7F                  A:0001 X:D23E Y:C7D6 S:1FBF D:192B DB:7F P:nvmxdizc V:51  H:87 
018241 $54 $7F $04     MVN $04 -> $7F                  A:0000 X:D23F Y:C7D7 S:1FBF D:192B DB:7F P:nvmxdizc V:51  H:100
018244 $AB             PLB                             A:FFFF X:D240 Y:C7D8 S:1FBF D:192B DB:7F P:nvmxdizc V:51  H:113
018245 $8A             TXA                             A:FFFF X:D240 Y:C7D8 S:1FC0 D:192B DB:01 P:nvmxdizc V:51  H:120
018246 $38             SEC                             A:D240 X:D240 Y:C7D8 S:1FC0 D:192B DB:01 P:Nvmxdizc V:51  H:123
018247 $E9 $20 $CA     SBC #$CA20                      A:D240 X:D240 Y:C7D8 S:1FC0 D:192B DB:01 P:NvmxdizC V:51  H:127
01824A $AA             TAX                             A:0820 X:D240 Y:C7D8 S:1FC0 D:192B DB:01 P:nvmxdizC V:51  H:133
01824B $E2 $20         SEP #$20                        A:0820 X:0820 Y:C7D8 S:1FC0 D:192B DB:01 P:nvmxdizC V:51  H:146
01824D $C2 $10         REP #$10                        A:0820 X:0820 Y:C7D8 S:1FC0 D:192B DB:01 P:nvMxdizC V:51  H:152
01824F $F4 $7F $00     PEA #$007F                      A:0820 X:0820 Y:C7D8 S:1FC0 D:192B DB:01 P:nvMxdizC V:51  H:157
018252 $AB             PLB                             A:0820 X:0820 Y:C7D8 S:1FBE D:192B DB:01 P:nvMxdizC V:51  H:167
018253 $68             PLA                             A:0820 X:0820 Y:C7D8 S:1FBF D:192B DB:7F P:nvMxdizC V:51  H:174
018254 $EB             XBA                             A:0800 X:0820 Y:C7D8 S:1FC0 D:192B DB:7F P:nvMxdiZC V:51  H:181
018255 $A9 $08         LDA #$08                        A:0008 X:0820 Y:C7D8 S:1FC0 D:192B DB:7F P:nvMxdizC V:51  H:186
018257 $8D $33 $19     STA $1933 [7F1933] = $00        A:0008 X:0820 Y:C7D8 S:1FC0 D:192B DB:7F P:nvMxdizC V:51  H:190
01825A $BF $20 $CA $04 LDA $04CA20,X [04D240] = $03    A:0008 X:0820 Y:C7D8 S:1FC0 D:192B DB:7F P:nvMxdizC V:51  H:198
01825E $E8             INX                             A:0003 X:0820 Y:C7D8 S:1FC0 D:192B DB:7F P:nvMxdizC V:51  H:208
01825F $99 $00 $00     STA $0000,Y [7FC7D8] = $03      A:0003 X:0821 Y:C7D8 S:1FC0 D:192B DB:7F P:nvMxdizC V:51  H:212
018262 $C8             INY                             A:0003 X:0821 Y:C7D8 S:1FC0 D:192B DB:7F P:nvMxdizC V:51  H:221
018263 $A9 $00         LDA #$00                        A:0003 X:0821 Y:C7D9 S:1FC0 D:192B DB:7F P:NvMxdizC V:51  H:225
018265 $99 $00 $00     STA $0000,Y [7FC7D9] = $00      A:0000 X:0821 Y:C7D9 S:1FC0 D:192B DB:7F P:nvMxdiZC V:51  H:229
018268 $C8             INY                             A:0000 X:0821 Y:C7D9 S:1FC0 D:192B DB:7F P:nvMxdiZC V:51  H:238
018269 $CE $33 $19     DEC $1933 [7F1933] = $08        A:0000 X:0821 Y:C7DA S:1FC0 D:192B DB:7F P:NvMxdizC V:51  H:242
01826C $D0 $EC         BNE $01825A                     A:0000 X:0821 Y:C7DA S:1FC0 D:192B DB:7F P:nvMxdizC V:51  H:253
01825A $BF $20 $CA $04 LDA $04CA20,X [04D241] = $00    A:0000 X:0821 Y:C7DA S:1FC0 D:192B DB:7F P:nvMxdizC V:51  H:259
01825E $E8             INX                             A:0000 X:0821 Y:C7DA S:1FC0 D:192B DB:7F P:nvMxdiZC V:51  H:269
01825F $99 $00 $00     STA $0000,Y [7FC7DA] = $00      A:0000 X:0822 Y:C7DA S:1FC0 D:192B DB:7F P:nvMxdizC V:51  H:272
018262 $C8             INY                             A:0000 X:0822 Y:C7DA S:1FC0 D:192B DB:7F P:nvMxdizC V:51  H:294
018263 $A9 $00         LDA #$00                        A:0000 X:0822 Y:C7DB S:1FC0 D:192B DB:7F P:NvMxdizC V:51  H:297
018265 $99 $00 $00     STA $0000,Y [7FC7DB] = $00      A:0000 X:0822 Y:C7DB S:1FC0 D:192B DB:7F P:nvMxdiZC V:51  H:301
018268 $C8             INY                             A:0000 X:0822 Y:C7DB S:1FC0 D:192B DB:7F P:nvMxdiZC V:51  H:311
018269 $CE $33 $19     DEC $1933 [7F1933] = $07        A:0000 X:0822 Y:C7DC S:1FC0 D:192B DB:7F P:NvMxdizC V:51  H:314
01826C $D0 $EC         BNE $01825A                     A:0000 X:0822 Y:C7DC S:1FC0 D:192B DB:7F P:nvMxdizC V:51  H:325
01825A $BF $20 $CA $04 LDA $04CA20,X [04D242] = $27    A:0000 X:0822 Y:C7DC S:1FC0 D:192B DB:7F P:nvMxdizC V:51  H:330
01825E $E8             INX                             A:0027 X:0822 Y:C7DC S:1FC0 D:192B DB:7F P:nvMxdizC V:52  H:0  
01825F $99 $00 $00     STA $0000,Y [7FC7DC] = $27      A:0027 X:0823 Y:C7DC S:1FC0 D:192B DB:7F P:nvMxdizC V:52  H:4  
018262 $C8             INY                             A:0027 X:0823 Y:C7DC S:1FC0 D:192B DB:7F P:nvMxdizC V:52  H:13 
018263 $A9 $00         LDA #$00                        A:0027 X:0823 Y:C7DD S:1FC0 D:192B DB:7F P:NvMxdizC V:52  H:17 
018265 $99 $00 $00     STA $0000,Y [7FC7DD] = $00      A:0000 X:0823 Y:C7DD S:1FC0 D:192B DB:7F P:nvMxdiZC V:52  H:21 
018268 $C8             INY                             A:0000 X:0823 Y:C7DD S:1FC0 D:192B DB:7F P:nvMxdiZC V:52  H:30 
018269 $CE $33 $19     DEC $1933 [7F1933] = $06        A:0000 X:0823 Y:C7DE S:1FC0 D:192B DB:7F P:NvMxdizC V:52  H:34 
01826C $D0 $EC         BNE $01825A                     A:0000 X:0823 Y:C7DE S:1FC0 D:192B DB:7F P:nvMxdizC V:52  H:45 
01825A $BF $20 $CA $04 LDA $04CA20,X [04D243] = $1F    A:0000 X:0823 Y:C7DE S:1FC0 D:192B DB:7F P:nvMxdizC V:52  H:51 
01825E $E8             INX                             A:001F X:0823 Y:C7DE S:1FC0 D:192B DB:7F P:nvMxdizC V:52  H:61 
01825F $99 $00 $00     STA $0000,Y [7FC7DE] = $1F      A:001F X:0824 Y:C7DE S:1FC0 D:192B DB:7F P:nvMxdizC V:52  H:64 
018262 $C8             INY                             A:001F X:0824 Y:C7DE S:1FC0 D:192B DB:7F P:nvMxdizC V:52  H:74 
018263 $A9 $00         LDA #$00                        A:001F X:0824 Y:C7DF S:1FC0 D:192B DB:7F P:NvMxdizC V:52  H:77 
018265 $99 $00 $00     STA $0000,Y [7FC7DF] = $00      A:0000 X:0824 Y:C7DF S:1FC0 D:192B DB:7F P:nvMxdiZC V:52  H:81 
018268 $C8             INY                             A:0000 X:0824 Y:C7DF S:1FC0 D:192B DB:7F P:nvMxdiZC V:52  H:91 
018269 $CE $33 $19     DEC $1933 [7F1933] = $05        A:0000 X:0824 Y:C7E0 S:1FC0 D:192B DB:7F P:NvMxdizC V:52  H:94 
01826C $D0 $EC         BNE $01825A                     A:0000 X:0824 Y:C7E0 S:1FC0 D:192B DB:7F P:nvMxdizC V:52  H:106
01825A $BF $20 $CA $04 LDA $04CA20,X [04D244] = $03    A:0000 X:0824 Y:C7E0 S:1FC0 D:192B DB:7F P:nvMxdizC V:52  H:111
01825E $E8             INX                             A:0003 X:0824 Y:C7E0 S:1FC0 D:192B DB:7F P:nvMxdizC V:52  H:121
01825F $99 $00 $00     STA $0000,Y [7FC7E0] = $03      A:0003 X:0825 Y:C7E0 S:1FC0 D:192B DB:7F P:nvMxdizC V:52  H:125
018262 $C8             INY                             A:0003 X:0825 Y:C7E0 S:1FC0 D:192B DB:7F P:nvMxdizC V:52  H:144
018263 $A9 $00         LDA #$00                        A:0003 X:0825 Y:C7E1 S:1FC0 D:192B DB:7F P:NvMxdizC V:52  H:148
018265 $99 $00 $00     STA $0000,Y [7FC7E1] = $00      A:0000 X:0825 Y:C7E1 S:1FC0 D:192B DB:7F P:nvMxdiZC V:52  H:152
018268 $C8             INY                             A:0000 X:0825 Y:C7E1 S:1FC0 D:192B DB:7F P:nvMxdiZC V:52  H:161
018269 $CE $33 $19     DEC $1933 [7F1933] = $04        A:0000 X:0825 Y:C7E2 S:1FC0 D:192B DB:7F P:NvMxdizC V:52  H:165
01826C $D0 $EC         BNE $01825A                     A:0000 X:0825 Y:C7E2 S:1FC0 D:192B DB:7F P:nvMxdizC V:52  H:176
01825A $BF $20 $CA $04 LDA $04CA20,X [04D245] = $01    A:0000 X:0825 Y:C7E2 S:1FC0 D:192B DB:7F P:nvMxdizC V:52  H:182
01825E $E8             INX                             A:0001 X:0825 Y:C7E2 S:1FC0 D:192B DB:7F P:nvMxdizC V:52  H:192
01825F $99 $00 $00     STA $0000,Y [7FC7E2] = $01      A:0001 X:0826 Y:C7E2 S:1FC0 D:192B DB:7F P:nvMxdizC V:52  H:195
018262 $C8             INY                             A:0001 X:0826 Y:C7E2 S:1FC0 D:192B DB:7F P:nvMxdizC V:52  H:205
018263 $A9 $00         LDA #$00                        A:0001 X:0826 Y:C7E3 S:1FC0 D:192B DB:7F P:NvMxdizC V:52  H:208
018265 $99 $00 $00     STA $0000,Y [7FC7E3] = $00      A:0000 X:0826 Y:C7E3 S:1FC0 D:192B DB:7F P:nvMxdiZC V:52  H:212
018268 $C8             INY                             A:0000 X:0826 Y:C7E3 S:1FC0 D:192B DB:7F P:nvMxdiZC V:52  H:222
018269 $CE $33 $19     DEC $1933 [7F1933] = $03        A:0000 X:0826 Y:C7E4 S:1FC0 D:192B DB:7F P:NvMxdizC V:52  H:225
01826C $D0 $EC         BNE $01825A                     A:0000 X:0826 Y:C7E4 S:1FC0 D:192B DB:7F P:nvMxdizC V:52  H:237
01825A $BF $20 $CA $04 LDA $04CA20,X [04D246] = $00    A:0000 X:0826 Y:C7E4 S:1FC0 D:192B DB:7F P:nvMxdizC V:52  H:242
01825E $E8             INX                             A:0000 X:0826 Y:C7E4 S:1FC0 D:192B DB:7F P:nvMxdiZC V:52  H:252
01825F $99 $00 $00     STA $0000,Y [7FC7E4] = $00      A:0000 X:0827 Y:C7E4 S:1FC0 D:192B DB:7F P:nvMxdizC V:52  H:256
018262 $C8             INY                             A:0000 X:0827 Y:C7E4 S:1FC0 D:192B DB:7F P:nvMxdizC V:52  H:265
018263 $A9 $00         LDA #$00                        A:0000 X:0827 Y:C7E5 S:1FC0 D:192B DB:7F P:NvMxdizC V:52  H:269
018265 $99 $00 $00     STA $0000,Y [7FC7E5] = $00      A:0000 X:0827 Y:C7E5 S:1FC0 D:192B DB:7F P:nvMxdiZC V:52  H:273
018268 $C8             INY                             A:0000 X:0827 Y:C7E5 S:1FC0 D:192B DB:7F P:nvMxdiZC V:52  H:294
018269 $CE $33 $19     DEC $1933 [7F1933] = $02        A:0000 X:0827 Y:C7E6 S:1FC0 D:192B DB:7F P:NvMxdizC V:52  H:298
01826C $D0 $EC         BNE $01825A                     A:0000 X:0827 Y:C7E6 S:1FC0 D:192B DB:7F P:nvMxdizC V:52  H:309
01825A $BF $20 $CA $04 LDA $04CA20,X [04D247] = $0F    A:0000 X:0827 Y:C7E6 S:1FC0 D:192B DB:7F P:nvMxdizC V:52  H:315
01825E $E8             INX                             A:000F X:0827 Y:C7E6 S:1FC0 D:192B DB:7F P:nvMxdizC V:52  H:324
01825F $99 $00 $00     STA $0000,Y [7FC7E6] = $0F      A:000F X:0828 Y:C7E6 S:1FC0 D:192B DB:7F P:nvMxdizC V:52  H:327
018262 $C8             INY                             A:000F X:0828 Y:C7E6 S:1FC0 D:192B DB:7F P:nvMxdizC V:52  H:337
018263 $A9 $00         LDA #$00                        A:000F X:0828 Y:C7E7 S:1FC0 D:192B DB:7F P:NvMxdizC V:53  H:0  
018265 $99 $00 $00     STA $0000,Y [7FC7E7] = $00      A:0000 X:0828 Y:C7E7 S:1FC0 D:192B DB:7F P:nvMxdiZC V:53  H:4  
018268 $C8             INY                             A:0000 X:0828 Y:C7E7 S:1FC0 D:192B DB:7F P:nvMxdiZC V:53  H:14 
018269 $CE $33 $19     DEC $1933 [7F1933] = $01        A:0000 X:0828 Y:C7E8 S:1FC0 D:192B DB:7F P:NvMxdizC V:53  H:17 
01826C $D0 $EC         BNE $01825A                     A:0000 X:0828 Y:C7E8 S:1FC0 D:192B DB:7F P:nvMxdiZC V:53  H:29 
01826E $28             PLP                             A:0000 X:0828 Y:C7E8 S:1FC0 D:192B DB:7F P:nvMxdiZC V:53  H:33 
01826F $AB             PLB                             A:0000 X:0828 Y:C7E8 S:1FC1 D:192B DB:7F P:nvmxdizc V:53  H:40 
018270 $60             RTS                             A:0000 X:0828 Y:C7E8 S:1FC2 D:192B DB:01 P:nvmxdizc V:53  H:47 
018218 $A5 $00         LDA $00 [00192B] = $0810        A:0000 X:0828 Y:C7E8 S:1FC4 D:192B DB:01 P:nvmxdizc V:53  H:57 
01821A $18             CLC                             A:0810 X:0828 Y:C7E8 S:1FC4 D:192B DB:01 P:nvmxdizc V:53  H:67 
01821B $69 $18 $00     ADC #$0018                      A:0810 X:0828 Y:C7E8 S:1FC4 D:192B DB:01 P:nvmxdizc V:53  H:70 
01821E $85 $00         STA $00 [00192B] = $0810        A:0828 X:0828 Y:C7E8 S:1FC4 D:192B DB:01 P:nvmxdizc V:53  H:76 
018220 $A5 $02         LDA $02 [00192D] = $C7C8        A:0828 X:0828 Y:C7E8 S:1FC4 D:192B DB:01 P:nvmxdizc V:53  H:86 
018222 $18             CLC                             A:C7C8 X:0828 Y:C7E8 S:1FC4 D:192B DB:01 P:Nvmxdizc V:53  H:95 
018223 $69 $20 $00     ADC #$0020                      A:C7C8 X:0828 Y:C7E8 S:1FC4 D:192B DB:01 P:Nvmxdizc V:53  H:99 
018226 $85 $02         STA $02 [00192D] = $C7C8        A:C7E8 X:0828 Y:C7E8 S:1FC4 D:192B DB:01 P:Nvmxdizc V:53  H:105
018228 $C6 $06         DEC $06 [001931] = $000A        A:C7E8 X:0828 Y:C7E8 S:1FC4 D:192B DB:01 P:Nvmxdizc V:53  H:114
01822A $D0 $E9         BNE $018215                     A:C7E8 X:0828 Y:C7E8 S:1FC4 D:192B DB:01 P:nvmxdizc V:53  H:129
018215 $20 $2E $82     JSR $822E [01822E] = $088B      A:C7E8 X:0828 Y:C7E8 S:1FC4 D:192B DB:01 P:nvmxdizc V:53  H:145
01822E $8B             PHB                             A:C7E8 X:0828 Y:C7E8 S:1FC2 D:192B DB:01 P:nvmxdizc V:53  H:156
01822F $08             PHP                             A:C7E8 X:0828 Y:C7E8 S:1FC1 D:192B DB:01 P:nvmxdizc V:53  H:162
018230 $C2 $30         REP #$30                        A:C7E8 X:0828 Y:C7E8 S:1FC0 D:192B DB:01 P:nvmxdizc V:53  H:167
018232 $8B             PHB                             A:C7E8 X:0828 Y:C7E8 S:1FC0 D:192B DB:01 P:nvmxdizc V:53  H:173
018233 $AD $2B $19     LDA $192B [01192B] = $0828      A:C7E8 X:0828 Y:C7E8 S:1FBF D:192B DB:01 P:nvmxdizc V:53  H:178
018236 $18             CLC                             A:0828 X:0828 Y:C7E8 S:1FBF D:192B DB:01 P:nvmxdizc V:53  H:188
018237 $69 $20 $CA     ADC #$CA20                      A:0828 X:0828 Y:C7E8 S:1FBF D:192B DB:01 P:nvmxdizc V:53  H:192
01823A $AA             TAX                             A:D248 X:0828 Y:C7E8 S:1FBF D:192B DB:01 P:Nvmxdizc V:53  H:198
01823B $AC $2D $19     LDY $192D [01192D] = $C7E8      A:D248 X:D248 Y:C7E8 S:1FBF D:192B DB:01 P:Nvmxdizc V:53  H:201
01823E $A9 $0F $00     LDA #$000F                      A:D248 X:D248 Y:C7E8 S:1FBF D:192B DB:01 P:Nvmxdizc V:53  H:211
018241 $54 $7F $04     MVN $04 -> $7F                  A:000F X:D248 Y:C7E8 S:1FBF D:192B DB:01 P:nvmxdizc V:53  H:217
018241 $54 $7F $04     MVN $04 -> $7F                  A:000E X:D249 Y:C7E9 S:1FBF D:192B DB:7F P:nvmxdizc V:53  H:230
018241 $54 $7F $04     MVN $04 -> $7F                  A:000D X:D24A Y:C7EA S:1FBF D:192B DB:7F P:nvmxdizc V:53  H:243
018241 $54 $7F $04     MVN $04 -> $7F                  A:000C X:D24B Y:C7EB S:1FBF D:192B DB:7F P:nvmxdizc V:53  H:256
018241 $54 $7F $04     MVN $04 -> $7F                  A:000B X:D24C Y:C7EC S:1FBF D:192B DB:7F P:nvmxdizc V:53  H:269
018241 $54 $7F $04     MVN $04 -> $7F                  A:000A X:D24D Y:C7ED S:1FBF D:192B DB:7F P:nvmxdizc V:53  H:294
018241 $54 $7F $04     MVN $04 -> $7F                  A:0009 X:D24E Y:C7EE S:1FBF D:192B DB:7F P:nvmxdizc V:53  H:307
018241 $54 $7F $04     MVN $04 -> $7F                  A:0008 X:D24F Y:C7EF S:1FBF D:192B DB:7F P:nvmxdizc V:53  H:320
018241 $54 $7F $04     MVN $04 -> $7F                  A:0007 X:D250 Y:C7F0 S:1FBF D:192B DB:7F P:nvmxdizc V:53  H:332
018241 $54 $7F $04     MVN $04 -> $7F                  A:0006 X:D251 Y:C7F1 S:1FBF D:192B DB:7F P:nvmxdizc V:54  H:5  
018241 $54 $7F $04     MVN $04 -> $7F                  A:0005 X:D252 Y:C7F2 S:1FBF D:192B DB:7F P:nvmxdizc V:54  H:18 
018241 $54 $7F $04     MVN $04 -> $7F                  A:0004 X:D253 Y:C7F3 S:1FBF D:192B DB:7F P:nvmxdizc V:54  H:31 
018241 $54 $7F $04     MVN $04 -> $7F                  A:0003 X:D254 Y:C7F4 S:1FBF D:192B DB:7F P:nvmxdizc V:54  H:44 
018241 $54 $7F $04     MVN $04 -> $7F                  A:0002 X:D255 Y:C7F5 S:1FBF D:192B DB:7F P:nvmxdizc V:54  H:57 
018241 $54 $7F $04     MVN $04 -> $7F                  A:0001 X:D256 Y:C7F6 S:1FBF D:192B DB:7F P:nvmxdizc V:54  H:70 
018241 $54 $7F $04     MVN $04 -> $7F                  A:0000 X:D257 Y:C7F7 S:1FBF D:192B DB:7F P:nvmxdizc V:54  H:83 
018244 $AB             PLB                             A:FFFF X:D258 Y:C7F8 S:1FBF D:192B DB:7F P:nvmxdizc V:54  H:96 
018245 $8A             TXA                             A:FFFF X:D258 Y:C7F8 S:1FC0 D:192B DB:01 P:nvmxdizc V:54  H:103
018246 $38             SEC                             A:D258 X:D258 Y:C7F8 S:1FC0 D:192B DB:01 P:Nvmxdizc V:54  H:107
018247 $E9 $20 $CA     SBC #$CA20                      A:D258 X:D258 Y:C7F8 S:1FC0 D:192B DB:01 P:NvmxdizC V:54  H:110
01824A $AA             TAX                             A:0838 X:D258 Y:C7F8 S:1FC0 D:192B DB:01 P:nvmxdizC V:54  H:116
01824B $E2 $20         SEP #$20                        A:0838 X:0838 Y:C7F8 S:1FC0 D:192B DB:01 P:nvmxdizC V:54  H:120
01824D $C2 $10         REP #$10                        A:0838 X:0838 Y:C7F8 S:1FC0 D:192B DB:01 P:nvMxdizC V:54  H:125
01824F $F4 $7F $00     PEA #$007F                      A:0838 X:0838 Y:C7F8 S:1FC0 D:192B DB:01 P:nvMxdizC V:54  H:131
018252 $AB             PLB                             A:0838 X:0838 Y:C7F8 S:1FBE D:192B DB:01 P:nvMxdizC V:54  H:151
018253 $68             PLA                             A:0838 X:0838 Y:C7F8 S:1FBF D:192B DB:7F P:nvMxdizC V:54  H:158
018254 $EB             XBA                             A:0800 X:0838 Y:C7F8 S:1FC0 D:192B DB:7F P:nvMxdiZC V:54  H:165
018255 $A9 $08         LDA #$08                        A:0008 X:0838 Y:C7F8 S:1FC0 D:192B DB:7F P:nvMxdizC V:54  H:170
018257 $8D $33 $19     STA $1933 [7F1933] = $00        A:0008 X:0838 Y:C7F8 S:1FC0 D:192B DB:7F P:nvMxdizC V:54  H:174
01825A $BF $20 $CA $04 LDA $04CA20,X [04D258] = $80    A:0008 X:0838 Y:C7F8 S:1FC0 D:192B DB:7F P:nvMxdizC V:54  H:182
01825E $E8             INX                             A:0080 X:0838 Y:C7F8 S:1FC0 D:192B DB:7F P:NvMxdizC V:54  H:192
01825F $99 $00 $00     STA $0000,Y [7FC7F8] = $80      A:0080 X:0839 Y:C7F8 S:1FC0 D:192B DB:7F P:nvMxdizC V:54  H:195
018262 $C8             INY                             A:0080 X:0839 Y:C7F8 S:1FC0 D:192B DB:7F P:nvMxdizC V:54  H:205
018263 $A9 $00         LDA #$00                        A:0080 X:0839 Y:C7F9 S:1FC0 D:192B DB:7F P:NvMxdizC V:54  H:208
018265 $99 $00 $00     STA $0000,Y [7FC7F9] = $00      A:0000 X:0839 Y:C7F9 S:1FC0 D:192B DB:7F P:nvMxdiZC V:54  H:212
018268 $C8             INY                             A:0000 X:0839 Y:C7F9 S:1FC0 D:192B DB:7F P:nvMxdiZC V:54  H:222
018269 $CE $33 $19     DEC $1933 [7F1933] = $08        A:0000 X:0839 Y:C7FA S:1FC0 D:192B DB:7F P:NvMxdizC V:54  H:225
01826C $D0 $EC         BNE $01825A                     A:0000 X:0839 Y:C7FA S:1FC0 D:192B DB:7F P:nvMxdizC V:54  H:237
01825A $BF $20 $CA $04 LDA $04CA20,X [04D259] = $00    A:0000 X:0839 Y:C7FA S:1FC0 D:192B DB:7F P:nvMxdizC V:54  H:242
01825E $E8             INX                             A:0000 X:0839 Y:C7FA S:1FC0 D:192B DB:7F P:nvMxdiZC V:54  H:252
01825F $99 $00 $00     STA $0000,Y [7FC7FA] = $00      A:0000 X:083A Y:C7FA S:1FC0 D:192B DB:7F P:nvMxdizC V:54  H:256
018262 $C8             INY                             A:0000 X:083A Y:C7FA S:1FC0 D:192B DB:7F P:nvMxdizC V:54  H:265
018263 $A9 $00         LDA #$00                        A:0000 X:083A Y:C7FB S:1FC0 D:192B DB:7F P:NvMxdizC V:54  H:269
018265 $99 $00 $00     STA $0000,Y [7FC7FB] = $00      A:0000 X:083A Y:C7FB S:1FC0 D:192B DB:7F P:nvMxdiZC V:54  H:273
018268 $C8             INY                             A:0000 X:083A Y:C7FB S:1FC0 D:192B DB:7F P:nvMxdiZC V:54  H:294
018269 $CE $33 $19     DEC $1933 [7F1933] = $07        A:0000 X:083A Y:C7FC S:1FC0 D:192B DB:7F P:NvMxdizC V:54  H:298
01826C $D0 $EC         BNE $01825A                     A:0000 X:083A Y:C7FC S:1FC0 D:192B DB:7F P:nvMxdizC V:54  H:309
01825A $BF $20 $CA $04 LDA $04CA20,X [04D25A] = $C8    A:0000 X:083A Y:C7FC S:1FC0 D:192B DB:7F P:nvMxdizC V:54  H:315
01825E $E8             INX                             A:00C8 X:083A Y:C7FC S:1FC0 D:192B DB:7F P:NvMxdizC V:54  H:324
01825F $99 $00 $00     STA $0000,Y [7FC7FC] = $C8      A:00C8 X:083B Y:C7FC S:1FC0 D:192B DB:7F P:nvMxdizC V:54  H:327
018262 $C8             INY                             A:00C8 X:083B Y:C7FC S:1FC0 D:192B DB:7F P:nvMxdizC V:54  H:337
018263 $A9 $00         LDA #$00                        A:00C8 X:083B Y:C7FD S:1FC0 D:192B DB:7F P:NvMxdizC V:55  H:0  
018265 $99 $00 $00     STA $0000,Y [7FC7FD] = $00      A:0000 X:083B Y:C7FD S:1FC0 D:192B DB:7F P:nvMxdiZC V:55  H:4  
018268 $C8             INY                             A:0000 X:083B Y:C7FD S:1FC0 D:192B DB:7F P:nvMxdiZC V:55  H:14 
018269 $CE $33 $19     DEC $1933 [7F1933] = $06        A:0000 X:083B Y:C7FE S:1FC0 D:192B DB:7F P:NvMxdizC V:55  H:17 
01826C $D0 $EC         BNE $01825A                     A:0000 X:083B Y:C7FE S:1FC0 D:192B DB:7F P:nvMxdizC V:55  H:29 
01825A $BF $20 $CA $04 LDA $04CA20,X [04D25B] = $F0    A:0000 X:083B Y:C7FE S:1FC0 D:192B DB:7F P:nvMxdizC V:55  H:34 
01825E $E8             INX                             A:00F0 X:083B Y:C7FE S:1FC0 D:192B DB:7F P:NvMxdizC V:55  H:44 
01825F $99 $00 $00     STA $0000,Y [7FC7FE] = $F0      A:00F0 X:083C Y:C7FE S:1FC0 D:192B DB:7F P:nvMxdizC V:55  H:48 
018262 $C8             INY                             A:00F0 X:083C Y:C7FE S:1FC0 D:192B DB:7F P:nvMxdizC V:55  H:57 
018263 $A9 $00         LDA #$00                        A:00F0 X:083C Y:C7FF S:1FC0 D:192B DB:7F P:NvMxdizC V:55  H:61 
018265 $99 $00 $00     STA $0000,Y [7FC7FF] = $00      A:0000 X:083C Y:C7FF S:1FC0 D:192B DB:7F P:nvMxdiZC V:55  H:65 
018268 $C8             INY                             A:0000 X:083C Y:C7FF S:1FC0 D:192B DB:7F P:nvMxdiZC V:55  H:74 
018269 $CE $33 $19     DEC $1933 [7F1933] = $05        A:0000 X:083C Y:C800 S:1FC0 D:192B DB:7F P:NvMxdizC V:55  H:78 
01826C $D0 $EC         BNE $01825A                     A:0000 X:083C Y:C800 S:1FC0 D:192B DB:7F P:nvMxdizC V:55  H:89 
01825A $BF $20 $CA $04 LDA $04CA20,X [04D25C] = $80    A:0000 X:083C Y:C800 S:1FC0 D:192B DB:7F P:nvMxdizC V:55  H:95 
01825E $E8             INX                             A:0080 X:083C Y:C800 S:1FC0 D:192B DB:7F P:NvMxdizC V:55  H:105
01825F $99 $00 $00     STA $0000,Y [7FC800] = $80      A:0080 X:083D Y:C800 S:1FC0 D:192B DB:7F P:nvMxdizC V:55  H:108
018262 $C8             INY                             A:0080 X:083D Y:C800 S:1FC0 D:192B DB:7F P:nvMxdizC V:55  H:118
018263 $A9 $00         LDA #$00                        A:0080 X:083D Y:C801 S:1FC0 D:192B DB:7F P:NvMxdizC V:55  H:121
018265 $99 $00 $00     STA $0000,Y [7FC801] = $00      A:0000 X:083D Y:C801 S:1FC0 D:192B DB:7F P:nvMxdiZC V:55  H:125
018268 $C8             INY                             A:0000 X:083D Y:C801 S:1FC0 D:192B DB:7F P:nvMxdiZC V:55  H:145
018269 $CE $33 $19     DEC $1933 [7F1933] = $04        A:0000 X:083D Y:C802 S:1FC0 D:192B DB:7F P:NvMxdizC V:55  H:148
01826C $D0 $EC         BNE $01825A                     A:0000 X:083D Y:C802 S:1FC0 D:192B DB:7F P:nvMxdizC V:55  H:160
01825A $BF $20 $CA $04 LDA $04CA20,X [04D25D] = $00    A:0000 X:083D Y:C802 S:1FC0 D:192B DB:7F P:nvMxdizC V:55  H:165
01825E $E8             INX                             A:0000 X:083D Y:C802 S:1FC0 D:192B DB:7F P:nvMxdiZC V:55  H:175
01825F $99 $00 $00     STA $0000,Y [7FC802] = $00      A:0000 X:083E Y:C802 S:1FC0 D:192B DB:7F P:nvMxdizC V:55  H:179
018262 $C8             INY                             A:0000 X:083E Y:C802 S:1FC0 D:192B DB:7F P:nvMxdizC V:55  H:188
018263 $A9 $00         LDA #$00                        A:0000 X:083E Y:C803 S:1FC0 D:192B DB:7F P:NvMxdizC V:55  H:192
018265 $99 $00 $00     STA $0000,Y [7FC803] = $00      A:0000 X:083E Y:C803 S:1FC0 D:192B DB:7F P:nvMxdiZC V:55  H:196
018268 $C8             INY                             A:0000 X:083E Y:C803 S:1FC0 D:192B DB:7F P:nvMxdiZC V:55  H:205
018269 $CE $33 $19     DEC $1933 [7F1933] = $03        A:0000 X:083E Y:C804 S:1FC0 D:192B DB:7F P:NvMxdizC V:55  H:209
01826C $D0 $EC         BNE $01825A                     A:0000 X:083E Y:C804 S:1FC0 D:192B DB:7F P:nvMxdizC V:55  H:220
01825A $BF $20 $CA $04 LDA $04CA20,X [04D25E] = $00    A:0000 X:083E Y:C804 S:1FC0 D:192B DB:7F P:nvMxdizC V:55  H:226
01825E $E8             INX                             A:0000 X:083E Y:C804 S:1FC0 D:192B DB:7F P:nvMxdiZC V:55  H:236
01825F $99 $00 $00     STA $0000,Y [7FC804] = $00      A:0000 X:083F Y:C804 S:1FC0 D:192B DB:7F P:nvMxdizC V:55  H:239
018262 $C8             INY                             A:0000 X:083F Y:C804 S:1FC0 D:192B DB:7F P:nvMxdizC V:55  H:249
018263 $A9 $00         LDA #$00                        A:0000 X:083F Y:C805 S:1FC0 D:192B DB:7F P:NvMxdizC V:55  H:252
018265 $99 $00 $00     STA $0000,Y [7FC805] = $00      A:0000 X:083F Y:C805 S:1FC0 D:192B DB:7F P:nvMxdiZC V:55  H:256
018268 $C8             INY                             A:0000 X:083F Y:C805 S:1FC0 D:192B DB:7F P:nvMxdiZC V:55  H:266
018269 $CE $33 $19     DEC $1933 [7F1933] = $02        A:0000 X:083F Y:C806 S:1FC0 D:192B DB:7F P:NvMxdizC V:55  H:269
01826C $D0 $EC         BNE $01825A                     A:0000 X:083F Y:C806 S:1FC0 D:192B DB:7F P:nvMxdizC V:55  H:293
01825A $BF $20 $CA $04 LDA $04CA20,X [04D25F] = $FF    A:0000 X:083F Y:C806 S:1FC0 D:192B DB:7F P:nvMxdizC V:55  H:298
01825E $E8             INX                             A:00FF X:083F Y:C806 S:1FC0 D:192B DB:7F P:NvMxdizC V:55  H:308
01825F $99 $00 $00     STA $0000,Y [7FC806] = $FF      A:00FF X:0840 Y:C806 S:1FC0 D:192B DB:7F P:nvMxdizC V:55  H:312
018262 $C8             INY                             A:00FF X:0840 Y:C806 S:1FC0 D:192B DB:7F P:nvMxdizC V:55  H:321
018263 $A9 $00         LDA #$00                        A:00FF X:0840 Y:C807 S:1FC0 D:192B DB:7F P:NvMxdizC V:55  H:324
018265 $99 $00 $00     STA $0000,Y [7FC807] = $00      A:0000 X:0840 Y:C807 S:1FC0 D:192B DB:7F P:nvMxdiZC V:55  H:328
018268 $C8             INY                             A:0000 X:0840 Y:C807 S:1FC0 D:192B DB:7F P:nvMxdiZC V:55  H:337
018269 $CE $33 $19     DEC $1933 [7F1933] = $01        A:0000 X:0840 Y:C808 S:1FC0 D:192B DB:7F P:NvMxdizC V:56  H:1  
01826C $D0 $EC         BNE $01825A                     A:0000 X:0840 Y:C808 S:1FC0 D:192B DB:7F P:nvMxdiZC V:56  H:12 
01826E $28             PLP                             A:0000 X:0840 Y:C808 S:1FC0 D:192B DB:7F P:nvMxdiZC V:56  H:16 
01826F $AB             PLB                             A:0000 X:0840 Y:C808 S:1FC1 D:192B DB:7F P:nvmxdizc V:56  H:23 
018270 $60             RTS                             A:0000 X:0840 Y:C808 S:1FC2 D:192B DB:01 P:nvmxdizc V:56  H:30 
018218 $A5 $00         LDA $00 [00192B] = $0828        A:0000 X:0840 Y:C808 S:1FC4 D:192B DB:01 P:nvmxdizc V:56  H:41 
01821A $18             CLC                             A:0828 X:0840 Y:C808 S:1FC4 D:192B DB:01 P:nvmxdizc V:56  H:50 
01821B $69 $18 $00     ADC #$0018                      A:0828 X:0840 Y:C808 S:1FC4 D:192B DB:01 P:nvmxdizc V:56  H:54 
01821E $85 $00         STA $00 [00192B] = $0828        A:0840 X:0840 Y:C808 S:1FC4 D:192B DB:01 P:nvmxdizc V:56  H:60 
018220 $A5 $02         LDA $02 [00192D] = $C7E8        A:0840 X:0840 Y:C808 S:1FC4 D:192B DB:01 P:nvmxdizc V:56  H:69 
018222 $18             CLC                             A:C7E8 X:0840 Y:C808 S:1FC4 D:192B DB:01 P:Nvmxdizc V:56  H:79 
018223 $69 $20 $00     ADC #$0020                      A:C7E8 X:0840 Y:C808 S:1FC4 D:192B DB:01 P:Nvmxdizc V:56  H:82 
018226 $85 $02         STA $02 [00192D] = $C7E8        A:C808 X:0840 Y:C808 S:1FC4 D:192B DB:01 P:Nvmxdizc V:56  H:88 
018228 $C6 $06         DEC $06 [001931] = $0009        A:C808 X:0840 Y:C808 S:1FC4 D:192B DB:01 P:Nvmxdizc V:56  H:98 
01822A $D0 $E9         BNE $018215                     A:C808 X:0840 Y:C808 S:1FC4 D:192B DB:01 P:nvmxdizc V:56  H:113
018215 $20 $2E $82     JSR $822E [01822E] = $088B      A:C808 X:0840 Y:C808 S:1FC4 D:192B DB:01 P:nvmxdizc V:56  H:118
01822E $8B             PHB                             A:C808 X:0840 Y:C808 S:1FC2 D:192B DB:01 P:nvmxdizc V:56  H:130
01822F $08             PHP                             A:C808 X:0840 Y:C808 S:1FC1 D:192B DB:01 P:nvmxdizc V:56  H:145
018230 $C2 $30         REP #$30                        A:C808 X:0840 Y:C808 S:1FC0 D:192B DB:01 P:nvmxdizc V:56  H:151
018232 $8B             PHB                             A:C808 X:0840 Y:C808 S:1FC0 D:192B DB:01 P:nvmxdizc V:56  H:156
018233 $AD $2B $19     LDA $192B [01192B] = $0840      A:C808 X:0840 Y:C808 S:1FBF D:192B DB:01 P:nvmxdizc V:56  H:162
018236 $18             CLC                             A:0840 X:0840 Y:C808 S:1FBF D:192B DB:01 P:nvmxdizc V:56  H:172
018237 $69 $20 $CA     ADC #$CA20                      A:0840 X:0840 Y:C808 S:1FBF D:192B DB:01 P:nvmxdizc V:56  H:175
01823A $AA             TAX                             A:D260 X:0840 Y:C808 S:1FBF D:192B DB:01 P:Nvmxdizc V:56  H:181
01823B $AC $2D $19     LDY $192D [01192D] = $C808      A:D260 X:D260 Y:C808 S:1FBF D:192B DB:01 P:Nvmxdizc V:56  H:185
01823E $A9 $0F $00     LDA #$000F                      A:D260 X:D260 Y:C808 S:1FBF D:192B DB:01 P:Nvmxdizc V:56  H:195
018241 $54 $7F $04     MVN $04 -> $7F                  A:000F X:D260 Y:C808 S:1FBF D:192B DB:01 P:nvmxdizc V:56  H:201
018241 $54 $7F $04     MVN $04 -> $7F                  A:000E X:D261 Y:C809 S:1FBF D:192B DB:7F P:nvmxdizc V:56  H:214
018241 $54 $7F $04     MVN $04 -> $7F                  A:000D X:D262 Y:C80A S:1FBF D:192B DB:7F P:nvmxdizc V:56  H:227
018241 $54 $7F $04     MVN $04 -> $7F                  A:000C X:D263 Y:C80B S:1FBF D:192B DB:7F P:nvmxdizc V:56  H:240
018241 $54 $7F $04     MVN $04 -> $7F                  A:000B X:D264 Y:C80C S:1FBF D:192B DB:7F P:nvmxdizc V:56  H:253
018241 $54 $7F $04     MVN $04 -> $7F                  A:000A X:D265 Y:C80D S:1FBF D:192B DB:7F P:nvmxdizc V:56  H:266
018241 $54 $7F $04     MVN $04 -> $7F                  A:0009 X:D266 Y:C80E S:1FBF D:192B DB:7F P:nvmxdizc V:56  H:291
018241 $54 $7F $04     MVN $04 -> $7F                  A:0008 X:D267 Y:C80F S:1FBF D:192B DB:7F P:nvmxdizc V:56  H:304
018241 $54 $7F $04     MVN $04 -> $7F                  A:0007 X:D268 Y:C810 S:1FBF D:192B DB:7F P:nvmxdizc V:56  H:317
018241 $54 $7F $04     MVN $04 -> $7F                  A:0006 X:D269 Y:C811 S:1FBF D:192B DB:7F P:nvmxdizc V:56  H:329
018241 $54 $7F $04     MVN $04 -> $7F                  A:0005 X:D26A Y:C812 S:1FBF D:192B DB:7F P:nvmxdizc V:57  H:2  
018241 $54 $7F $04     MVN $04 -> $7F                  A:0004 X:D26B Y:C813 S:1FBF D:192B DB:7F P:nvmxdizc V:57  H:15 
018241 $54 $7F $04     MVN $04 -> $7F                  A:0003 X:D26C Y:C814 S:1FBF D:192B DB:7F P:nvmxdizc V:57  H:28 
018241 $54 $7F $04     MVN $04 -> $7F                  A:0002 X:D26D Y:C815 S:1FBF D:192B DB:7F P:nvmxdizc V:57  H:41 
018241 $54 $7F $04     MVN $04 -> $7F                  A:0001 X:D26E Y:C816 S:1FBF D:192B DB:7F P:nvmxdizc V:57  H:54 
018241 $54 $7F $04     MVN $04 -> $7F                  A:0000 X:D26F Y:C817 S:1FBF D:192B DB:7F P:nvmxdizc V:57  H:67 
018244 $AB             PLB                             A:FFFF X:D270 Y:C818 S:1FBF D:192B DB:7F P:nvmxdizc V:57  H:80 
018245 $8A             TXA                             A:FFFF X:D270 Y:C818 S:1FC0 D:192B DB:01 P:nvmxdizc V:57  H:87 
018246 $38             SEC                             A:D270 X:D270 Y:C818 S:1FC0 D:192B DB:01 P:Nvmxdizc V:57  H:90 
018247 $E9 $20 $CA     SBC #$CA20                      A:D270 X:D270 Y:C818 S:1FC0 D:192B DB:01 P:NvmxdizC V:57  H:94 
01824A $AA             TAX                             A:0850 X:D270 Y:C818 S:1FC0 D:192B DB:01 P:nvmxdizC V:57  H:100
01824B $E2 $20         SEP #$20                        A:0850 X:0850 Y:C818 S:1FC0 D:192B DB:01 P:nvmxdizC V:57  H:103
01824D $C2 $10         REP #$10                        A:0850 X:0850 Y:C818 S:1FC0 D:192B DB:01 P:nvMxdizC V:57  H:109
01824F $F4 $7F $00     PEA #$007F                      A:0850 X:0850 Y:C818 S:1FC0 D:192B DB:01 P:nvMxdizC V:57  H:114
018252 $AB             PLB                             A:0850 X:0850 Y:C818 S:1FBE D:192B DB:01 P:nvMxdizC V:57  H:124
018253 $68             PLA                             A:0850 X:0850 Y:C818 S:1FBF D:192B DB:7F P:nvMxdizC V:57  H:131
018254 $EB             XBA                             A:0800 X:0850 Y:C818 S:1FC0 D:192B DB:7F P:nvMxdiZC V:57  H:148
018255 $A9 $08         LDA #$08                        A:0008 X:0850 Y:C818 S:1FC0 D:192B DB:7F P:nvMxdizC V:57  H:153
018257 $8D $33 $19     STA $1933 [7F1933] = $00        A:0008 X:0850 Y:C818 S:1FC0 D:192B DB:7F P:nvMxdizC V:57  H:157
01825A $BF $20 $CA $04 LDA $04CA20,X [04D270] = $00    A:0008 X:0850 Y:C818 S:1FC0 D:192B DB:7F P:nvMxdizC V:57  H:165
01825E $E8             INX                             A:0000 X:0850 Y:C818 S:1FC0 D:192B DB:7F P:nvMxdiZC V:57  H:175
01825F $99 $00 $00     STA $0000,Y [7FC818] = $00      A:0000 X:0851 Y:C818 S:1FC0 D:192B DB:7F P:nvMxdizC V:57  H:179
018262 $C8             INY                             A:0000 X:0851 Y:C818 S:1FC0 D:192B DB:7F P:nvMxdizC V:57  H:188
018263 $A9 $00         LDA #$00                        A:0000 X:0851 Y:C819 S:1FC0 D:192B DB:7F P:NvMxdizC V:57  H:192
018265 $99 $00 $00     STA $0000,Y [7FC819] = $00      A:0000 X:0851 Y:C819 S:1FC0 D:192B DB:7F P:nvMxdiZC V:57  H:196
018268 $C8             INY                             A:0000 X:0851 Y:C819 S:1FC0 D:192B DB:7F P:nvMxdiZC V:57  H:205
018269 $CE $33 $19     DEC $1933 [7F1933] = $08        A:0000 X:0851 Y:C81A S:1FC0 D:192B DB:7F P:NvMxdizC V:57  H:209
01826C $D0 $EC         BNE $01825A                     A:0000 X:0851 Y:C81A S:1FC0 D:192B DB:7F P:nvMxdizC V:57  H:220
01825A $BF $20 $CA $04 LDA $04CA20,X [04D271] = $00    A:0000 X:0851 Y:C81A S:1FC0 D:192B DB:7F P:nvMxdizC V:57  H:226
01825E $E8             INX                             A:0000 X:0851 Y:C81A S:1FC0 D:192B DB:7F P:nvMxdiZC V:57  H:236
01825F $99 $00 $00     STA $0000,Y [7FC81A] = $00      A:0000 X:0852 Y:C81A S:1FC0 D:192B DB:7F P:nvMxdizC V:57  H:239
018262 $C8             INY                             A:0000 X:0852 Y:C81A S:1FC0 D:192B DB:7F P:nvMxdizC V:57  H:249
018263 $A9 $00         LDA #$00                        A:0000 X:0852 Y:C81B S:1FC0 D:192B DB:7F P:NvMxdizC V:57  H:252
018265 $99 $00 $00     STA $0000,Y [7FC81B] = $00      A:0000 X:0852 Y:C81B S:1FC0 D:192B DB:7F P:nvMxdiZC V:57  H:256
018268 $C8             INY                             A:0000 X:0852 Y:C81B S:1FC0 D:192B DB:7F P:nvMxdiZC V:57  H:266
018269 $CE $33 $19     DEC $1933 [7F1933] = $07        A:0000 X:0852 Y:C81C S:1FC0 D:192B DB:7F P:NvMxdizC V:57  H:269
01826C $D0 $EC         BNE $01825A                     A:0000 X:0852 Y:C81C S:1FC0 D:192B DB:7F P:nvMxdizC V:57  H:293
01825A $BF $20 $CA $04 LDA $04CA20,X [04D272] = $07    A:0000 X:0852 Y:C81C S:1FC0 D:192B DB:7F P:nvMxdizC V:57  H:298
01825E $E8             INX                             A:0007 X:0852 Y:C81C S:1FC0 D:192B DB:7F P:nvMxdizC V:57  H:308
01825F $99 $00 $00     STA $0000,Y [7FC81C] = $07      A:0007 X:0853 Y:C81C S:1FC0 D:192B DB:7F P:nvMxdizC V:57  H:312
018262 $C8             INY                             A:0007 X:0853 Y:C81C S:1FC0 D:192B DB:7F P:nvMxdizC V:57  H:321
018263 $A9 $00         LDA #$00                        A:0007 X:0853 Y:C81D S:1FC0 D:192B DB:7F P:NvMxdizC V:57  H:324
018265 $99 $00 $00     STA $0000,Y [7FC81D] = $00      A:0000 X:0853 Y:C81D S:1FC0 D:192B DB:7F P:nvMxdiZC V:57  H:328
018268 $C8             INY                             A:0000 X:0853 Y:C81D S:1FC0 D:192B DB:7F P:nvMxdiZC V:57  H:337
018269 $CE $33 $19     DEC $1933 [7F1933] = $06        A:0000 X:0853 Y:C81E S:1FC0 D:192B DB:7F P:NvMxdizC V:58  H:1  
01826C $D0 $EC         BNE $01825A                     A:0000 X:0853 Y:C81E S:1FC0 D:192B DB:7F P:nvMxdizC V:58  H:12 
01825A $BF $20 $CA $04 LDA $04CA20,X [04D273] = $1F    A:0000 X:0853 Y:C81E S:1FC0 D:192B DB:7F P:nvMxdizC V:58  H:18 
01825E $E8             INX                             A:001F X:0853 Y:C81E S:1FC0 D:192B DB:7F P:nvMxdizC V:58  H:28 
01825F $99 $00 $00     STA $0000,Y [7FC81E] = $1F      A:001F X:0854 Y:C81E S:1FC0 D:192B DB:7F P:nvMxdizC V:58  H:31 
018262 $C8             INY                             A:001F X:0854 Y:C81E S:1FC0 D:192B DB:7F P:nvMxdizC V:58  H:41 
018263 $A9 $00         LDA #$00                        A:001F X:0854 Y:C81F S:1FC0 D:192B DB:7F P:NvMxdizC V:58  H:44 
018265 $99 $00 $00     STA $0000,Y [7FC81F] = $00      A:0000 X:0854 Y:C81F S:1FC0 D:192B DB:7F P:nvMxdiZC V:58  H:48 
018268 $C8             INY                             A:0000 X:0854 Y:C81F S:1FC0 D:192B DB:7F P:nvMxdiZC V:58  H:58 
018269 $CE $33 $19     DEC $1933 [7F1933] = $05        A:0000 X:0854 Y:C820 S:1FC0 D:192B DB:7F P:NvMxdizC V:58  H:61 
01826C $D0 $EC         BNE $01825A                     A:0000 X:0854 Y:C820 S:1FC0 D:192B DB:7F P:nvMxdizC V:58  H:73 
01825A $BF $20 $CA $04 LDA $04CA20,X [04D274] = $1E    A:0000 X:0854 Y:C820 S:1FC0 D:192B DB:7F P:nvMxdizC V:58  H:78 
01825E $E8             INX                             A:001E X:0854 Y:C820 S:1FC0 D:192B DB:7F P:nvMxdizC V:58  H:88 
01825F $99 $00 $00     STA $0000,Y [7FC820] = $1E      A:001E X:0855 Y:C820 S:1FC0 D:192B DB:7F P:nvMxdizC V:58  H:92 
018262 $C8             INY                             A:001E X:0855 Y:C820 S:1FC0 D:192B DB:7F P:nvMxdizC V:58  H:101
018263 $A9 $00         LDA #$00                        A:001E X:0855 Y:C821 S:1FC0 D:192B DB:7F P:NvMxdizC V:58  H:105
018265 $99 $00 $00     STA $0000,Y [7FC821] = $00      A:0000 X:0855 Y:C821 S:1FC0 D:192B DB:7F P:nvMxdiZC V:58  H:109
018268 $C8             INY                             A:0000 X:0855 Y:C821 S:1FC0 D:192B DB:7F P:nvMxdiZC V:58  H:118
018269 $CE $33 $19     DEC $1933 [7F1933] = $04        A:0000 X:0855 Y:C822 S:1FC0 D:192B DB:7F P:NvMxdizC V:58  H:122
01826C $D0 $EC         BNE $01825A                     A:0000 X:0855 Y:C822 S:1FC0 D:192B DB:7F P:nvMxdizC V:58  H:143
01825A $BF $20 $CA $04 LDA $04CA20,X [04D275] = $3E    A:0000 X:0855 Y:C822 S:1FC0 D:192B DB:7F P:nvMxdizC V:58  H:149
01825E $E8             INX                             A:003E X:0855 Y:C822 S:1FC0 D:192B DB:7F P:nvMxdizC V:58  H:159
01825F $99 $00 $00     STA $0000,Y [7FC822] = $3E      A:003E X:0856 Y:C822 S:1FC0 D:192B DB:7F P:nvMxdizC V:58  H:162
018262 $C8             INY                             A:003E X:0856 Y:C822 S:1FC0 D:192B DB:7F P:nvMxdizC V:58  H:172
018263 $A9 $00         LDA #$00                        A:003E X:0856 Y:C823 S:1FC0 D:192B DB:7F P:NvMxdizC V:58  H:175
018265 $99 $00 $00     STA $0000,Y [7FC823] = $00      A:0000 X:0856 Y:C823 S:1FC0 D:192B DB:7F P:nvMxdiZC V:58  H:179
018268 $C8             INY                             A:0000 X:0856 Y:C823 S:1FC0 D:192B DB:7F P:nvMxdiZC V:58  H:189
018269 $CE $33 $19     DEC $1933 [7F1933] = $03        A:0000 X:0856 Y:C824 S:1FC0 D:192B DB:7F P:NvMxdizC V:58  H:192
01826C $D0 $EC         BNE $01825A                     A:0000 X:0856 Y:C824 S:1FC0 D:192B DB:7F P:nvMxdizC V:58  H:204
01825A $BF $20 $CA $04 LDA $04CA20,X [04D276] = $3F    A:0000 X:0856 Y:C824 S:1FC0 D:192B DB:7F P:nvMxdizC V:58  H:209
01825E $E8             INX                             A:003F X:0856 Y:C824 S:1FC0 D:192B DB:7F P:nvMxdizC V:58  H:219
01825F $99 $00 $00     STA $0000,Y [7FC824] = $3F      A:003F X:0857 Y:C824 S:1FC0 D:192B DB:7F P:nvMxdizC V:58  H:223
018262 $C8             INY                             A:003F X:0857 Y:C824 S:1FC0 D:192B DB:7F P:nvMxdizC V:58  H:232
018263 $A9 $00         LDA #$00                        A:003F X:0857 Y:C825 S:1FC0 D:192B DB:7F P:NvMxdizC V:58  H:236
018265 $99 $00 $00     STA $0000,Y [7FC825] = $00      A:0000 X:0857 Y:C825 S:1FC0 D:192B DB:7F P:nvMxdiZC V:58  H:240
018268 $C8             INY                             A:0000 X:0857 Y:C825 S:1FC0 D:192B DB:7F P:nvMxdiZC V:58  H:249
018269 $CE $33 $19     DEC $1933 [7F1933] = $02        A:0000 X:0857 Y:C826 S:1FC0 D:192B DB:7F P:NvMxdizC V:58  H:253
01826C $D0 $EC         BNE $01825A                     A:0000 X:0857 Y:C826 S:1FC0 D:192B DB:7F P:nvMxdizC V:58  H:264
01825A $BF $20 $CA $04 LDA $04CA20,X [04D277] = $32    A:0000 X:0857 Y:C826 S:1FC0 D:192B DB:7F P:nvMxdizC V:58  H:270
01825E $E8             INX                             A:0032 X:0857 Y:C826 S:1FC0 D:192B DB:7F P:nvMxdizC V:58  H:294
01825F $99 $00 $00     STA $0000,Y [7FC826] = $32      A:0032 X:0858 Y:C826 S:1FC0 D:192B DB:7F P:nvMxdizC V:58  H:297
018262 $C8             INY                             A:0032 X:0858 Y:C826 S:1FC0 D:192B DB:7F P:nvMxdizC V:58  H:307
018263 $A9 $00         LDA #$00                        A:0032 X:0858 Y:C827 S:1FC0 D:192B DB:7F P:NvMxdizC V:58  H:310
018265 $99 $00 $00     STA $0000,Y [7FC827] = $00      A:0000 X:0858 Y:C827 S:1FC0 D:192B DB:7F P:nvMxdiZC V:58  H:314
018268 $C8             INY                             A:0000 X:0858 Y:C827 S:1FC0 D:192B DB:7F P:nvMxdiZC V:58  H:323
018269 $CE $33 $19     DEC $1933 [7F1933] = $01        A:0000 X:0858 Y:C828 S:1FC0 D:192B DB:7F P:NvMxdizC V:58  H:327
01826C $D0 $EC         BNE $01825A                     A:0000 X:0858 Y:C828 S:1FC0 D:192B DB:7F P:nvMxdiZC V:58  H:338
01826E $28             PLP                             A:0000 X:0858 Y:C828 S:1FC0 D:192B DB:7F P:nvMxdiZC V:59  H:2  
01826F $AB             PLB                             A:0000 X:0858 Y:C828 S:1FC1 D:192B DB:7F P:nvmxdizc V:59  H:9  
018270 $60             RTS                             A:0000 X:0858 Y:C828 S:1FC2 D:192B DB:01 P:nvmxdizc V:59  H:16 
018218 $A5 $00         LDA $00 [00192B] = $0840        A:0000 X:0858 Y:C828 S:1FC4 D:192B DB:01 P:nvmxdizc V:59  H:26 
01821A $18             CLC                             A:0840 X:0858 Y:C828 S:1FC4 D:192B DB:01 P:nvmxdizc V:59  H:36 
01821B $69 $18 $00     ADC #$0018                      A:0840 X:0858 Y:C828 S:1FC4 D:192B DB:01 P:nvmxdizc V:59  H:39 
01821E $85 $00         STA $00 [00192B] = $0840        A:0858 X:0858 Y:C828 S:1FC4 D:192B DB:01 P:nvmxdizc V:59  H:45 
018220 $A5 $02         LDA $02 [00192D] = $C808        A:0858 X:0858 Y:C828 S:1FC4 D:192B DB:01 P:nvmxdizc V:59  H:55 
018222 $18             CLC                             A:C808 X:0858 Y:C828 S:1FC4 D:192B DB:01 P:Nvmxdizc V:59  H:64 
018223 $69 $20 $00     ADC #$0020                      A:C808 X:0858 Y:C828 S:1FC4 D:192B DB:01 P:Nvmxdizc V:59  H:68 
018226 $85 $02         STA $02 [00192D] = $C808        A:C828 X:0858 Y:C828 S:1FC4 D:192B DB:01 P:Nvmxdizc V:59  H:74 
018228 $C6 $06         DEC $06 [001931] = $0008        A:C828 X:0858 Y:C828 S:1FC4 D:192B DB:01 P:Nvmxdizc V:59  H:83 
01822A $D0 $E9         BNE $018215                     A:C828 X:0858 Y:C828 S:1FC4 D:192B DB:01 P:nvmxdizc V:59  H:98 
018215 $20 $2E $82     JSR $822E [01822E] = $088B      A:C828 X:0858 Y:C828 S:1FC4 D:192B DB:01 P:nvmxdizc V:59  H:104
01822E $8B             PHB                             A:C828 X:0858 Y:C828 S:1FC2 D:192B DB:01 P:nvmxdizc V:59  H:115
01822F $08             PHP                             A:C828 X:0858 Y:C828 S:1FC1 D:192B DB:01 P:nvmxdizc V:59  H:121
018230 $C2 $30         REP #$30                        A:C828 X:0858 Y:C828 S:1FC0 D:192B DB:01 P:nvmxdizc V:59  H:126
018232 $8B             PHB                             A:C828 X:0858 Y:C828 S:1FC0 D:192B DB:01 P:nvmxdizc V:59  H:132
018233 $AD $2B $19     LDA $192B [01192B] = $0858      A:C828 X:0858 Y:C828 S:1FBF D:192B DB:01 P:nvmxdizc V:59  H:147
018236 $18             CLC                             A:0858 X:0858 Y:C828 S:1FBF D:192B DB:01 P:nvmxdizc V:59  H:157
018237 $69 $20 $CA     ADC #$CA20                      A:0858 X:0858 Y:C828 S:1FBF D:192B DB:01 P:nvmxdizc V:59  H:161
01823A $AA             TAX                             A:D278 X:0858 Y:C828 S:1FBF D:192B DB:01 P:Nvmxdizc V:59  H:167
01823B $AC $2D $19     LDY $192D [01192D] = $C828      A:D278 X:D278 Y:C828 S:1FBF D:192B DB:01 P:Nvmxdizc V:59  H:170
01823E $A9 $0F $00     LDA #$000F                      A:D278 X:D278 Y:C828 S:1FBF D:192B DB:01 P:Nvmxdizc V:59  H:180
018241 $54 $7F $04     MVN $04 -> $7F                  A:000F X:D278 Y:C828 S:1FBF D:192B DB:01 P:nvmxdizc V:59  H:186
018241 $54 $7F $04     MVN $04 -> $7F                  A:000E X:D279 Y:C829 S:1FBF D:192B DB:7F P:nvmxdizc V:59  H:199
018241 $54 $7F $04     MVN $04 -> $7F                  A:000D X:D27A Y:C82A S:1FBF D:192B DB:7F P:nvmxdizc V:59  H:212
018241 $54 $7F $04     MVN $04 -> $7F                  A:000C X:D27B Y:C82B S:1FBF D:192B DB:7F P:nvmxdizc V:59  H:225
018241 $54 $7F $04     MVN $04 -> $7F                  A:000B X:D27C Y:C82C S:1FBF D:192B DB:7F P:nvmxdizc V:59  H:238
018241 $54 $7F $04     MVN $04 -> $7F                  A:000A X:D27D Y:C82D S:1FBF D:192B DB:7F P:nvmxdizc V:59  H:251
018241 $54 $7F $04     MVN $04 -> $7F                  A:0009 X:D27E Y:C82E S:1FBF D:192B DB:7F P:nvmxdizc V:59  H:264
018241 $54 $7F $04     MVN $04 -> $7F                  A:0008 X:D27F Y:C82F S:1FBF D:192B DB:7F P:nvmxdizc V:59  H:289
018241 $54 $7F $04     MVN $04 -> $7F                  A:0007 X:D280 Y:C830 S:1FBF D:192B DB:7F P:nvmxdizc V:59  H:302
018241 $54 $7F $04     MVN $04 -> $7F                  A:0006 X:D281 Y:C831 S:1FBF D:192B DB:7F P:nvmxdizc V:59  H:315
018241 $54 $7F $04     MVN $04 -> $7F                  A:0005 X:D282 Y:C832 S:1FBF D:192B DB:7F P:nvmxdizc V:59  H:327
018241 $54 $7F $04     MVN $04 -> $7F                  A:0004 X:D283 Y:C833 S:1FBF D:192B DB:7F P:nvmxdizc V:60  H:0  
018241 $54 $7F $04     MVN $04 -> $7F                  A:0003 X:D284 Y:C834 S:1FBF D:192B DB:7F P:nvmxdizc V:60  H:13 
018241 $54 $7F $04     MVN $04 -> $7F                  A:0002 X:D285 Y:C835 S:1FBF D:192B DB:7F P:nvmxdizc V:60  H:26 
018241 $54 $7F $04     MVN $04 -> $7F                  A:0001 X:D286 Y:C836 S:1FBF D:192B DB:7F P:nvmxdizc V:60  H:39 
018241 $54 $7F $04     MVN $04 -> $7F                  A:0000 X:D287 Y:C837 S:1FBF D:192B DB:7F P:nvmxdizc V:60  H:52 
018244 $AB             PLB                             A:FFFF X:D288 Y:C838 S:1FBF D:192B DB:7F P:nvmxdizc V:60  H:65 
018245 $8A             TXA                             A:FFFF X:D288 Y:C838 S:1FC0 D:192B DB:01 P:nvmxdizc V:60  H:72 
018246 $38             SEC                             A:D288 X:D288 Y:C838 S:1FC0 D:192B DB:01 P:Nvmxdizc V:60  H:76 
018247 $E9 $20 $CA     SBC #$CA20                      A:D288 X:D288 Y:C838 S:1FC0 D:192B DB:01 P:NvmxdizC V:60  H:79 
01824A $AA             TAX                             A:0868 X:D288 Y:C838 S:1FC0 D:192B DB:01 P:nvmxdizC V:60  H:85 
01824B $E2 $20         SEP #$20                        A:0868 X:0868 Y:C838 S:1FC0 D:192B DB:01 P:nvmxdizC V:60  H:89 
01824D $C2 $10         REP #$10                        A:0868 X:0868 Y:C838 S:1FC0 D:192B DB:01 P:nvMxdizC V:60  H:94 
01824F $F4 $7F $00     PEA #$007F                      A:0868 X:0868 Y:C838 S:1FC0 D:192B DB:01 P:nvMxdizC V:60  H:100
018252 $AB             PLB                             A:0868 X:0868 Y:C838 S:1FBE D:192B DB:01 P:nvMxdizC V:60  H:110
018253 $68             PLA                             A:0868 X:0868 Y:C838 S:1FBF D:192B DB:7F P:nvMxdizC V:60  H:117
018254 $EB             XBA                             A:0800 X:0868 Y:C838 S:1FC0 D:192B DB:7F P:nvMxdiZC V:60  H:124
018255 $A9 $08         LDA #$08                        A:0008 X:0868 Y:C838 S:1FC0 D:192B DB:7F P:nvMxdizC V:60  H:129
018257 $8D $33 $19     STA $1933 [7F1933] = $00        A:0008 X:0868 Y:C838 S:1FC0 D:192B DB:7F P:nvMxdizC V:60  H:133
01825A $BF $20 $CA $04 LDA $04CA20,X [04D288] = $00    A:0008 X:0868 Y:C838 S:1FC0 D:192B DB:7F P:nvMxdizC V:60  H:151
01825E $E8             INX                             A:0000 X:0868 Y:C838 S:1FC0 D:192B DB:7F P:nvMxdiZC V:60  H:161
01825F $99 $00 $00     STA $0000,Y [7FC838] = $00      A:0000 X:0869 Y:C838 S:1FC0 D:192B DB:7F P:nvMxdizC V:60  H:164
018262 $C8             INY                             A:0000 X:0869 Y:C838 S:1FC0 D:192B DB:7F P:nvMxdizC V:60  H:174
018263 $A9 $00         LDA #$00                        A:0000 X:0869 Y:C839 S:1FC0 D:192B DB:7F P:NvMxdizC V:60  H:177
018265 $99 $00 $00     STA $0000,Y [7FC839] = $00      A:0000 X:0869 Y:C839 S:1FC0 D:192B DB:7F P:nvMxdiZC V:60  H:181
018268 $C8             INY                             A:0000 X:0869 Y:C839 S:1FC0 D:192B DB:7F P:nvMxdiZC V:60  H:191
018269 $CE $33 $19     DEC $1933 [7F1933] = $08        A:0000 X:0869 Y:C83A S:1FC0 D:192B DB:7F P:NvMxdizC V:60  H:194
01826C $D0 $EC         BNE $01825A                     A:0000 X:0869 Y:C83A S:1FC0 D:192B DB:7F P:nvMxdizC V:60  H:206
01825A $BF $20 $CA $04 LDA $04CA20,X [04D289] = $00    A:0000 X:0869 Y:C83A S:1FC0 D:192B DB:7F P:nvMxdizC V:60  H:211
01825E $E8             INX                             A:0000 X:0869 Y:C83A S:1FC0 D:192B DB:7F P:nvMxdiZC V:60  H:221
01825F $99 $00 $00     STA $0000,Y [7FC83A] = $00      A:0000 X:086A Y:C83A S:1FC0 D:192B DB:7F P:nvMxdizC V:60  H:225
018262 $C8             INY                             A:0000 X:086A Y:C83A S:1FC0 D:192B DB:7F P:nvMxdizC V:60  H:234
018263 $A9 $00         LDA #$00                        A:0000 X:086A Y:C83B S:1FC0 D:192B DB:7F P:NvMxdizC V:60  H:238
018265 $99 $00 $00     STA $0000,Y [7FC83B] = $00      A:0000 X:086A Y:C83B S:1FC0 D:192B DB:7F P:nvMxdiZC V:60  H:242
018268 $C8             INY                             A:0000 X:086A Y:C83B S:1FC0 D:192B DB:7F P:nvMxdiZC V:60  H:251
018269 $CE $33 $19     DEC $1933 [7F1933] = $07        A:0000 X:086A Y:C83C S:1FC0 D:192B DB:7F P:NvMxdizC V:60  H:255
01826C $D0 $EC         BNE $01825A                     A:0000 X:086A Y:C83C S:1FC0 D:192B DB:7F P:nvMxdizC V:60  H:266
01825A $BF $20 $CA $04 LDA $04CA20,X [04D28A] = $00    A:0000 X:086A Y:C83C S:1FC0 D:192B DB:7F P:nvMxdizC V:60  H:272
01825E $E8             INX                             A:0000 X:086A Y:C83C S:1FC0 D:192B DB:7F P:nvMxdiZC V:60  H:296
01825F $99 $00 $00     STA $0000,Y [7FC83C] = $00      A:0000 X:086B Y:C83C S:1FC0 D:192B DB:7F P:nvMxdizC V:60  H:299
018262 $C8             INY                             A:0000 X:086B Y:C83C S:1FC0 D:192B DB:7F P:nvMxdizC V:60  H:309
018263 $A9 $00         LDA #$00                        A:0000 X:086B Y:C83D S:1FC0 D:192B DB:7F P:NvMxdizC V:60  H:312
018265 $99 $00 $00     STA $0000,Y [7FC83D] = $00      A:0000 X:086B Y:C83D S:1FC0 D:192B DB:7F P:nvMxdiZC V:60  H:316
018268 $C8             INY                             A:0000 X:086B Y:C83D S:1FC0 D:192B DB:7F P:nvMxdiZC V:60  H:325
018269 $CE $33 $19     DEC $1933 [7F1933] = $06        A:0000 X:086B Y:C83E S:1FC0 D:192B DB:7F P:NvMxdizC V:60  H:328
01826C $D0 $EC         BNE $01825A                     A:0000 X:086B Y:C83E S:1FC0 D:192B DB:7F P:nvMxdizC V:61  H:0  
01825A $BF $20 $CA $04 LDA $04CA20,X [04D28B] = $00    A:0000 X:086B Y:C83E S:1FC0 D:192B DB:7F P:nvMxdizC V:61  H:5  
01825E $E8             INX                             A:0000 X:086B Y:C83E S:1FC0 D:192B DB:7F P:nvMxdiZC V:61  H:15 
01825F $99 $00 $00     STA $0000,Y [7FC83E] = $00      A:0000 X:086C Y:C83E S:1FC0 D:192B DB:7F P:nvMxdizC V:61  H:19 
018262 $C8             INY                             A:0000 X:086C Y:C83E S:1FC0 D:192B DB:7F P:nvMxdizC V:61  H:28 
018263 $A9 $00         LDA #$00                        A:0000 X:086C Y:C83F S:1FC0 D:192B DB:7F P:NvMxdizC V:61  H:32 
018265 $99 $00 $00     STA $0000,Y [7FC83F] = $00      A:0000 X:086C Y:C83F S:1FC0 D:192B DB:7F P:nvMxdiZC V:61  H:36 
018268 $C8             INY                             A:0000 X:086C Y:C83F S:1FC0 D:192B DB:7F P:nvMxdiZC V:61  H:45 
018269 $CE $33 $19     DEC $1933 [7F1933] = $05        A:0000 X:086C Y:C840 S:1FC0 D:192B DB:7F P:NvMxdizC V:61  H:49 
01826C $D0 $EC         BNE $01825A                     A:0000 X:086C Y:C840 S:1FC0 D:192B DB:7F P:nvMxdizC V:61  H:60 
01825A $BF $20 $CA $04 LDA $04CA20,X [04D28C] = $10    A:0000 X:086C Y:C840 S:1FC0 D:192B DB:7F P:nvMxdizC V:61  H:66 
01825E $E8             INX                             A:0010 X:086C Y:C840 S:1FC0 D:192B DB:7F P:nvMxdizC V:61  H:76 
01825F $99 $00 $00     STA $0000,Y [7FC840] = $10      A:0010 X:086D Y:C840 S:1FC0 D:192B DB:7F P:nvMxdizC V:61  H:79 
018262 $C8             INY                             A:0010 X:086D Y:C840 S:1FC0 D:192B DB:7F P:nvMxdizC V:61  H:89 
018263 $A9 $00         LDA #$00                        A:0010 X:086D Y:C841 S:1FC0 D:192B DB:7F P:NvMxdizC V:61  H:92 
018265 $99 $00 $00     STA $0000,Y [7FC841] = $00      A:0000 X:086D Y:C841 S:1FC0 D:192B DB:7F P:nvMxdiZC V:61  H:96 
018268 $C8             INY                             A:0000 X:086D Y:C841 S:1FC0 D:192B DB:7F P:nvMxdiZC V:61  H:106
018269 $CE $33 $19     DEC $1933 [7F1933] = $04        A:0000 X:086D Y:C842 S:1FC0 D:192B DB:7F P:NvMxdizC V:61  H:109
01826C $D0 $EC         BNE $01825A                     A:0000 X:086D Y:C842 S:1FC0 D:192B DB:7F P:nvMxdizC V:61  H:121
01825A $BF $20 $CA $04 LDA $04CA20,X [04D28D] = $38    A:0000 X:086D Y:C842 S:1FC0 D:192B DB:7F P:nvMxdizC V:61  H:126
01825E $E8             INX                             A:0038 X:086D Y:C842 S:1FC0 D:192B DB:7F P:nvMxdizC V:61  H:146
01825F $99 $00 $00     STA $0000,Y [7FC842] = $38      A:0038 X:086E Y:C842 S:1FC0 D:192B DB:7F P:nvMxdizC V:61  H:150
018262 $C8             INY                             A:0038 X:086E Y:C842 S:1FC0 D:192B DB:7F P:nvMxdizC V:61  H:159
018263 $A9 $00         LDA #$00                        A:0038 X:086E Y:C843 S:1FC0 D:192B DB:7F P:NvMxdizC V:61  H:163
018265 $99 $00 $00     STA $0000,Y [7FC843] = $00      A:0000 X:086E Y:C843 S:1FC0 D:192B DB:7F P:nvMxdiZC V:61  H:167
018268 $C8             INY                             A:0000 X:086E Y:C843 S:1FC0 D:192B DB:7F P:nvMxdiZC V:61  H:176
018269 $CE $33 $19     DEC $1933 [7F1933] = $03        A:0000 X:086E Y:C844 S:1FC0 D:192B DB:7F P:NvMxdizC V:61  H:180
01826C $D0 $EC         BNE $01825A                     A:0000 X:086E Y:C844 S:1FC0 D:192B DB:7F P:nvMxdizC V:61  H:191
01825A $BF $20 $CA $04 LDA $04CA20,X [04D28E] = $70    A:0000 X:086E Y:C844 S:1FC0 D:192B DB:7F P:nvMxdizC V:61  H:197
01825E $E8             INX                             A:0070 X:086E Y:C844 S:1FC0 D:192B DB:7F P:nvMxdizC V:61  H:207
01825F $99 $00 $00     STA $0000,Y [7FC844] = $70      A:0070 X:086F Y:C844 S:1FC0 D:192B DB:7F P:nvMxdizC V:61  H:210
018262 $C8             INY                             A:0070 X:086F Y:C844 S:1FC0 D:192B DB:7F P:nvMxdizC V:61  H:220
018263 $A9 $00         LDA #$00                        A:0070 X:086F Y:C845 S:1FC0 D:192B DB:7F P:NvMxdizC V:61  H:223
018265 $99 $00 $00     STA $0000,Y [7FC845] = $00      A:0000 X:086F Y:C845 S:1FC0 D:192B DB:7F P:nvMxdiZC V:61  H:227
018268 $C8             INY                             A:0000 X:086F Y:C845 S:1FC0 D:192B DB:7F P:nvMxdiZC V:61  H:237
018269 $CE $33 $19     DEC $1933 [7F1933] = $02        A:0000 X:086F Y:C846 S:1FC0 D:192B DB:7F P:NvMxdizC V:61  H:240
01826C $D0 $EC         BNE $01825A                     A:0000 X:086F Y:C846 S:1FC0 D:192B DB:7F P:nvMxdizC V:61  H:252
01825A $BF $20 $CA $04 LDA $04CA20,X [04D28F] = $E0    A:0000 X:086F Y:C846 S:1FC0 D:192B DB:7F P:nvMxdizC V:61  H:257
01825E $E8             INX                             A:00E0 X:086F Y:C846 S:1FC0 D:192B DB:7F P:NvMxdizC V:61  H:267
01825F $99 $00 $00     STA $0000,Y [7FC846] = $E0      A:00E0 X:0870 Y:C846 S:1FC0 D:192B DB:7F P:nvMxdizC V:61  H:271
018262 $C8             INY                             A:00E0 X:0870 Y:C846 S:1FC0 D:192B DB:7F P:nvMxdizC V:61  H:294
018263 $A9 $00         LDA #$00                        A:00E0 X:0870 Y:C847 S:1FC0 D:192B DB:7F P:NvMxdizC V:61  H:297
018265 $99 $00 $00     STA $0000,Y [7FC847] = $00      A:0000 X:0870 Y:C847 S:1FC0 D:192B DB:7F P:nvMxdiZC V:61  H:301
018268 $C8             INY                             A:0000 X:0870 Y:C847 S:1FC0 D:192B DB:7F P:nvMxdiZC V:61  H:311
018269 $CE $33 $19     DEC $1933 [7F1933] = $01        A:0000 X:0870 Y:C848 S:1FC0 D:192B DB:7F P:NvMxdizC V:61  H:314
01826C $D0 $EC         BNE $01825A                     A:0000 X:0870 Y:C848 S:1FC0 D:192B DB:7F P:nvMxdiZC V:61  H:325
01826E $28             PLP                             A:0000 X:0870 Y:C848 S:1FC0 D:192B DB:7F P:nvMxdiZC V:61  H:329
01826F $AB             PLB                             A:0000 X:0870 Y:C848 S:1FC1 D:192B DB:7F P:nvmxdizc V:61  H:336
018270 $60             RTS                             A:0000 X:0870 Y:C848 S:1FC2 D:192B DB:01 P:nvmxdizc V:62  H:3  
018218 $A5 $00         LDA $00 [00192B] = $0858        A:0000 X:0870 Y:C848 S:1FC4 D:192B DB:01 P:nvmxdizc V:62  H:13 
01821A $18             CLC                             A:0858 X:0870 Y:C848 S:1FC4 D:192B DB:01 P:nvmxdizc V:62  H:23 
01821B $69 $18 $00     ADC #$0018                      A:0858 X:0870 Y:C848 S:1FC4 D:192B DB:01 P:nvmxdizc V:62  H:26 
01821E $85 $00         STA $00 [00192B] = $0858        A:0870 X:0870 Y:C848 S:1FC4 D:192B DB:01 P:nvmxdizc V:62  H:32 
018220 $A5 $02         LDA $02 [00192D] = $C828        A:0870 X:0870 Y:C848 S:1FC4 D:192B DB:01 P:nvmxdizc V:62  H:42 
018222 $18             CLC                             A:C828 X:0870 Y:C848 S:1FC4 D:192B DB:01 P:Nvmxdizc V:62  H:51 
018223 $69 $20 $00     ADC #$0020                      A:C828 X:0870 Y:C848 S:1FC4 D:192B DB:01 P:Nvmxdizc V:62  H:55 
018226 $85 $02         STA $02 [00192D] = $C828        A:C848 X:0870 Y:C848 S:1FC4 D:192B DB:01 P:Nvmxdizc V:62  H:61 
018228 $C6 $06         DEC $06 [001931] = $0007        A:C848 X:0870 Y:C848 S:1FC4 D:192B DB:01 P:Nvmxdizc V:62  H:70 
01822A $D0 $E9         BNE $018215                     A:C848 X:0870 Y:C848 S:1FC4 D:192B DB:01 P:nvmxdizc V:62  H:85 
018215 $20 $2E $82     JSR $822E [01822E] = $088B      A:C848 X:0870 Y:C848 S:1FC4 D:192B DB:01 P:nvmxdizc V:62  H:91 
01822E $8B             PHB                             A:C848 X:0870 Y:C848 S:1FC2 D:192B DB:01 P:nvmxdizc V:62  H:102
01822F $08             PHP                             A:C848 X:0870 Y:C848 S:1FC1 D:192B DB:01 P:nvmxdizc V:62  H:108
018230 $C2 $30         REP #$30                        A:C848 X:0870 Y:C848 S:1FC0 D:192B DB:01 P:nvmxdizc V:62  H:113
018232 $8B             PHB                             A:C848 X:0870 Y:C848 S:1FC0 D:192B DB:01 P:nvmxdizc V:62  H:119
018233 $AD $2B $19     LDA $192B [01192B] = $0870      A:C848 X:0870 Y:C848 S:1FBF D:192B DB:01 P:nvmxdizc V:62  H:124
018236 $18             CLC                             A:0870 X:0870 Y:C848 S:1FBF D:192B DB:01 P:nvmxdizc V:62  H:144
018237 $69 $20 $CA     ADC #$CA20                      A:0870 X:0870 Y:C848 S:1FBF D:192B DB:01 P:nvmxdizc V:62  H:148
01823A $AA             TAX                             A:D290 X:0870 Y:C848 S:1FBF D:192B DB:01 P:Nvmxdizc V:62  H:154
01823B $AC $2D $19     LDY $192D [01192D] = $C848      A:D290 X:D290 Y:C848 S:1FBF D:192B DB:01 P:Nvmxdizc V:62  H:157
01823E $A9 $0F $00     LDA #$000F                      A:D290 X:D290 Y:C848 S:1FBF D:192B DB:01 P:Nvmxdizc V:62  H:167
018241 $54 $7F $04     MVN $04 -> $7F                  A:000F X:D290 Y:C848 S:1FBF D:192B DB:01 P:nvmxdizc V:62  H:173
018241 $54 $7F $04     MVN $04 -> $7F                  A:000E X:D291 Y:C849 S:1FBF D:192B DB:7F P:nvmxdizc V:62  H:186
018241 $54 $7F $04     MVN $04 -> $7F                  A:000D X:D292 Y:C84A S:1FBF D:192B DB:7F P:nvmxdizc V:62  H:199
018241 $54 $7F $04     MVN $04 -> $7F                  A:000C X:D293 Y:C84B S:1FBF D:192B DB:7F P:nvmxdizc V:62  H:212
018241 $54 $7F $04     MVN $04 -> $7F                  A:000B X:D294 Y:C84C S:1FBF D:192B DB:7F P:nvmxdizc V:62  H:225
018241 $54 $7F $04     MVN $04 -> $7F                  A:000A X:D295 Y:C84D S:1FBF D:192B DB:7F P:nvmxdizc V:62  H:238
018241 $54 $7F $04     MVN $04 -> $7F                  A:0009 X:D296 Y:C84E S:1FBF D:192B DB:7F P:nvmxdizc V:62  H:251
018241 $54 $7F $04     MVN $04 -> $7F                  A:0008 X:D297 Y:C84F S:1FBF D:192B DB:7F P:nvmxdizc V:62  H:264
018241 $54 $7F $04     MVN $04 -> $7F                  A:0007 X:D298 Y:C850 S:1FBF D:192B DB:7F P:nvmxdizc V:62  H:289
018241 $54 $7F $04     MVN $04 -> $7F                  A:0006 X:D299 Y:C851 S:1FBF D:192B DB:7F P:nvmxdizc V:62  H:302
018241 $54 $7F $04     MVN $04 -> $7F                  A:0005 X:D29A Y:C852 S:1FBF D:192B DB:7F P:nvmxdizc V:62  H:315
018241 $54 $7F $04     MVN $04 -> $7F                  A:0004 X:D29B Y:C853 S:1FBF D:192B DB:7F P:nvmxdizc V:62  H:327
018241 $54 $7F $04     MVN $04 -> $7F                  A:0003 X:D29C Y:C854 S:1FBF D:192B DB:7F P:nvmxdizc V:63  H:0  
018241 $54 $7F $04     MVN $04 -> $7F                  A:0002 X:D29D Y:C855 S:1FBF D:192B DB:7F P:nvmxdizc V:63  H:13 
018241 $54 $7F $04     MVN $04 -> $7F                  A:0001 X:D29E Y:C856 S:1FBF D:192B DB:7F P:nvmxdizc V:63  H:26 
018241 $54 $7F $04     MVN $04 -> $7F                  A:0000 X:D29F Y:C857 S:1FBF D:192B DB:7F P:nvmxdizc V:63  H:39 
018244 $AB             PLB                             A:FFFF X:D2A0 Y:C858 S:1FBF D:192B DB:7F P:nvmxdizc V:63  H:52 
018245 $8A             TXA                             A:FFFF X:D2A0 Y:C858 S:1FC0 D:192B DB:01 P:nvmxdizc V:63  H:59 
018246 $38             SEC                             A:D2A0 X:D2A0 Y:C858 S:1FC0 D:192B DB:01 P:Nvmxdizc V:63  H:63 
018247 $E9 $20 $CA     SBC #$CA20                      A:D2A0 X:D2A0 Y:C858 S:1FC0 D:192B DB:01 P:NvmxdizC V:63  H:66 
01824A $AA             TAX                             A:0880 X:D2A0 Y:C858 S:1FC0 D:192B DB:01 P:nvmxdizC V:63  H:72 
01824B $E2 $20         SEP #$20                        A:0880 X:0880 Y:C858 S:1FC0 D:192B DB:01 P:nvmxdizC V:63  H:76 
01824D $C2 $10         REP #$10                        A:0880 X:0880 Y:C858 S:1FC0 D:192B DB:01 P:nvMxdizC V:63  H:81 
01824F $F4 $7F $00     PEA #$007F                      A:0880 X:0880 Y:C858 S:1FC0 D:192B DB:01 P:nvMxdizC V:63  H:87 
018252 $AB             PLB                             A:0880 X:0880 Y:C858 S:1FBE D:192B DB:01 P:nvMxdizC V:63  H:97 
018253 $68             PLA                             A:0880 X:0880 Y:C858 S:1FBF D:192B DB:7F P:nvMxdizC V:63  H:104
018254 $EB             XBA                             A:0800 X:0880 Y:C858 S:1FC0 D:192B DB:7F P:nvMxdiZC V:63  H:111
018255 $A9 $08         LDA #$08                        A:0008 X:0880 Y:C858 S:1FC0 D:192B DB:7F P:nvMxdizC V:63  H:116
018257 $8D $33 $19     STA $1933 [7F1933] = $00        A:0008 X:0880 Y:C858 S:1FC0 D:192B DB:7F P:nvMxdizC V:63  H:120
01825A $BF $20 $CA $04 LDA $04CA20,X [04D2A0] = $01    A:0008 X:0880 Y:C858 S:1FC0 D:192B DB:7F P:nvMxdizC V:63  H:128
01825E $E8             INX                             A:0001 X:0880 Y:C858 S:1FC0 D:192B DB:7F P:nvMxdizC V:63  H:148
01825F $99 $00 $00     STA $0000,Y [7FC858] = $01      A:0001 X:0881 Y:C858 S:1FC0 D:192B DB:7F P:nvMxdizC V:63  H:151
018262 $C8             INY                             A:0001 X:0881 Y:C858 S:1FC0 D:192B DB:7F P:nvMxdizC V:63  H:161
018263 $A9 $00         LDA #$00                        A:0001 X:0881 Y:C859 S:1FC0 D:192B DB:7F P:NvMxdizC V:63  H:164
018265 $99 $00 $00     STA $0000,Y [7FC859] = $00      A:0000 X:0881 Y:C859 S:1FC0 D:192B DB:7F P:nvMxdiZC V:63  H:168
018268 $C8             INY                             A:0000 X:0881 Y:C859 S:1FC0 D:192B DB:7F P:nvMxdiZC V:63  H:178
018269 $CE $33 $19     DEC $1933 [7F1933] = $08        A:0000 X:0881 Y:C85A S:1FC0 D:192B DB:7F P:NvMxdizC V:63  H:181
01826C $D0 $EC         BNE $01825A                     A:0000 X:0881 Y:C85A S:1FC0 D:192B DB:7F P:nvMxdizC V:63  H:193
01825A $BF $20 $CA $04 LDA $04CA20,X [04D2A1] = $03    A:0000 X:0881 Y:C85A S:1FC0 D:192B DB:7F P:nvMxdizC V:63  H:198
01825E $E8             INX                             A:0003 X:0881 Y:C85A S:1FC0 D:192B DB:7F P:nvMxdizC V:63  H:208
01825F $99 $00 $00     STA $0000,Y [7FC85A] = $03      A:0003 X:0882 Y:C85A S:1FC0 D:192B DB:7F P:nvMxdizC V:63  H:212
018262 $C8             INY                             A:0003 X:0882 Y:C85A S:1FC0 D:192B DB:7F P:nvMxdizC V:63  H:221
018263 $A9 $00         LDA #$00                        A:0003 X:0882 Y:C85B S:1FC0 D:192B DB:7F P:NvMxdizC V:63  H:225
018265 $99 $00 $00     STA $0000,Y [7FC85B] = $00      A:0000 X:0882 Y:C85B S:1FC0 D:192B DB:7F P:nvMxdiZC V:63  H:229
018268 $C8             INY                             A:0000 X:0882 Y:C85B S:1FC0 D:192B DB:7F P:nvMxdiZC V:63  H:238
018269 $CE $33 $19     DEC $1933 [7F1933] = $07        A:0000 X:0882 Y:C85C S:1FC0 D:192B DB:7F P:NvMxdizC V:63  H:242
01826C $D0 $EC         BNE $01825A                     A:0000 X:0882 Y:C85C S:1FC0 D:192B DB:7F P:nvMxdizC V:63  H:253
01825A $BF $20 $CA $04 LDA $04CA20,X [04D2A2] = $07    A:0000 X:0882 Y:C85C S:1FC0 D:192B DB:7F P:nvMxdizC V:63  H:259
01825E $E8             INX                             A:0007 X:0882 Y:C85C S:1FC0 D:192B DB:7F P:nvMxdizC V:63  H:269
01825F $99 $00 $00     STA $0000,Y [7FC85C] = $07      A:0007 X:0883 Y:C85C S:1FC0 D:192B DB:7F P:nvMxdizC V:63  H:272
018262 $C8             INY                             A:0007 X:0883 Y:C85C S:1FC0 D:192B DB:7F P:nvMxdizC V:63  H:294
018263 $A9 $00         LDA #$00                        A:0007 X:0883 Y:C85D S:1FC0 D:192B DB:7F P:NvMxdizC V:63  H:297
018265 $99 $00 $00     STA $0000,Y [7FC85D] = $00      A:0000 X:0883 Y:C85D S:1FC0 D:192B DB:7F P:nvMxdiZC V:63  H:301
018268 $C8             INY                             A:0000 X:0883 Y:C85D S:1FC0 D:192B DB:7F P:nvMxdiZC V:63  H:311
018269 $CE $33 $19     DEC $1933 [7F1933] = $06        A:0000 X:0883 Y:C85E S:1FC0 D:192B DB:7F P:NvMxdizC V:63  H:314
01826C $D0 $EC         BNE $01825A                     A:0000 X:0883 Y:C85E S:1FC0 D:192B DB:7F P:nvMxdizC V:63  H:325
01825A $BF $20 $CA $04 LDA $04CA20,X [04D2A3] = $0E    A:0000 X:0883 Y:C85E S:1FC0 D:192B DB:7F P:nvMxdizC V:63  H:330
01825E $E8             INX                             A:000E X:0883 Y:C85E S:1FC0 D:192B DB:7F P:nvMxdizC V:64  H:0  
01825F $99 $00 $00     STA $0000,Y [7FC85E] = $0E      A:000E X:0884 Y:C85E S:1FC0 D:192B DB:7F P:nvMxdizC V:64  H:4  
018262 $C8             INY                             A:000E X:0884 Y:C85E S:1FC0 D:192B DB:7F P:nvMxdizC V:64  H:13 
018263 $A9 $00         LDA #$00                        A:000E X:0884 Y:C85F S:1FC0 D:192B DB:7F P:NvMxdizC V:64  H:17 
018265 $99 $00 $00     STA $0000,Y [7FC85F] = $00      A:0000 X:0884 Y:C85F S:1FC0 D:192B DB:7F P:nvMxdiZC V:64  H:21 
018268 $C8             INY                             A:0000 X:0884 Y:C85F S:1FC0 D:192B DB:7F P:nvMxdiZC V:64  H:30 
018269 $CE $33 $19     DEC $1933 [7F1933] = $05        A:0000 X:0884 Y:C860 S:1FC0 D:192B DB:7F P:NvMxdizC V:64  H:34 
01826C $D0 $EC         BNE $01825A                     A:0000 X:0884 Y:C860 S:1FC0 D:192B DB:7F P:nvMxdizC V:64  H:45 
01825A $BF $20 $CA $04 LDA $04CA20,X [04D2A4] = $1C    A:0000 X:0884 Y:C860 S:1FC0 D:192B DB:7F P:nvMxdizC V:64  H:51 
01825E $E8             INX                             A:001C X:0884 Y:C860 S:1FC0 D:192B DB:7F P:nvMxdizC V:64  H:61 
01825F $99 $00 $00     STA $0000,Y [7FC860] = $1C      A:001C X:0885 Y:C860 S:1FC0 D:192B DB:7F P:nvMxdizC V:64  H:64 
018262 $C8             INY                             A:001C X:0885 Y:C860 S:1FC0 D:192B DB:7F P:nvMxdizC V:64  H:74 
018263 $A9 $00         LDA #$00                        A:001C X:0885 Y:C861 S:1FC0 D:192B DB:7F P:NvMxdizC V:64  H:77 
018265 $99 $00 $00     STA $0000,Y [7FC861] = $00      A:0000 X:0885 Y:C861 S:1FC0 D:192B DB:7F P:nvMxdiZC V:64  H:81 
018268 $C8             INY                             A:0000 X:0885 Y:C861 S:1FC0 D:192B DB:7F P:nvMxdiZC V:64  H:91 
018269 $CE $33 $19     DEC $1933 [7F1933] = $04        A:0000 X:0885 Y:C862 S:1FC0 D:192B DB:7F P:NvMxdizC V:64  H:94 
01826C $D0 $EC         BNE $01825A                     A:0000 X:0885 Y:C862 S:1FC0 D:192B DB:7F P:nvMxdizC V:64  H:106
01825A $BF $20 $CA $04 LDA $04CA20,X [04D2A5] = $38    A:0000 X:0885 Y:C862 S:1FC0 D:192B DB:7F P:nvMxdizC V:64  H:111
01825E $E8             INX                             A:0038 X:0885 Y:C862 S:1FC0 D:192B DB:7F P:nvMxdizC V:64  H:121
01825F $99 $00 $00     STA $0000,Y [7FC862] = $38      A:0038 X:0886 Y:C862 S:1FC0 D:192B DB:7F P:nvMxdizC V:64  H:125
018262 $C8             INY                             A:0038 X:0886 Y:C862 S:1FC0 D:192B DB:7F P:nvMxdizC V:64  H:144
018263 $A9 $00         LDA #$00                        A:0038 X:0886 Y:C863 S:1FC0 D:192B DB:7F P:NvMxdizC V:64  H:148
018265 $99 $00 $00     STA $0000,Y [7FC863] = $00      A:0000 X:0886 Y:C863 S:1FC0 D:192B DB:7F P:nvMxdiZC V:64  H:152
018268 $C8             INY                             A:0000 X:0886 Y:C863 S:1FC0 D:192B DB:7F P:nvMxdiZC V:64  H:161
018269 $CE $33 $19     DEC $1933 [7F1933] = $03        A:0000 X:0886 Y:C864 S:1FC0 D:192B DB:7F P:NvMxdizC V:64  H:165
01826C $D0 $EC         BNE $01825A                     A:0000 X:0886 Y:C864 S:1FC0 D:192B DB:7F P:nvMxdizC V:64  H:176
01825A $BF $20 $CA $04 LDA $04CA20,X [04D2A6] = $70    A:0000 X:0886 Y:C864 S:1FC0 D:192B DB:7F P:nvMxdizC V:64  H:182
01825E $E8             INX                             A:0070 X:0886 Y:C864 S:1FC0 D:192B DB:7F P:nvMxdizC V:64  H:192
01825F $99 $00 $00     STA $0000,Y [7FC864] = $70      A:0070 X:0887 Y:C864 S:1FC0 D:192B DB:7F P:nvMxdizC V:64  H:195
018262 $C8             INY                             A:0070 X:0887 Y:C864 S:1FC0 D:192B DB:7F P:nvMxdizC V:64  H:205
018263 $A9 $00         LDA #$00                        A:0070 X:0887 Y:C865 S:1FC0 D:192B DB:7F P:NvMxdizC V:64  H:208
018265 $99 $00 $00     STA $0000,Y [7FC865] = $00      A:0000 X:0887 Y:C865 S:1FC0 D:192B DB:7F P:nvMxdiZC V:64  H:212
018268 $C8             INY                             A:0000 X:0887 Y:C865 S:1FC0 D:192B DB:7F P:nvMxdiZC V:64  H:222
018269 $CE $33 $19     DEC $1933 [7F1933] = $02        A:0000 X:0887 Y:C866 S:1FC0 D:192B DB:7F P:NvMxdizC V:64  H:225
01826C $D0 $EC         BNE $01825A                     A:0000 X:0887 Y:C866 S:1FC0 D:192B DB:7F P:nvMxdizC V:64  H:237
01825A $BF $20 $CA $04 LDA $04CA20,X [04D2A7] = $E0    A:0000 X:0887 Y:C866 S:1FC0 D:192B DB:7F P:nvMxdizC V:64  H:242
01825E $E8             INX                             A:00E0 X:0887 Y:C866 S:1FC0 D:192B DB:7F P:NvMxdizC V:64  H:252
01825F $99 $00 $00     STA $0000,Y [7FC866] = $E0      A:00E0 X:0888 Y:C866 S:1FC0 D:192B DB:7F P:nvMxdizC V:64  H:256
018262 $C8             INY                             A:00E0 X:0888 Y:C866 S:1FC0 D:192B DB:7F P:nvMxdizC V:64  H:265
018263 $A9 $00         LDA #$00                        A:00E0 X:0888 Y:C867 S:1FC0 D:192B DB:7F P:NvMxdizC V:64  H:269
018265 $99 $00 $00     STA $0000,Y [7FC867] = $00      A:0000 X:0888 Y:C867 S:1FC0 D:192B DB:7F P:nvMxdiZC V:64  H:273
018268 $C8             INY                             A:0000 X:0888 Y:C867 S:1FC0 D:192B DB:7F P:nvMxdiZC V:64  H:294
018269 $CE $33 $19     DEC $1933 [7F1933] = $01        A:0000 X:0888 Y:C868 S:1FC0 D:192B DB:7F P:NvMxdizC V:64  H:298
01826C $D0 $EC         BNE $01825A                     A:0000 X:0888 Y:C868 S:1FC0 D:192B DB:7F P:nvMxdiZC V:64  H:309
01826E $28             PLP                             A:0000 X:0888 Y:C868 S:1FC0 D:192B DB:7F P:nvMxdiZC V:64  H:313
01826F $AB             PLB                             A:0000 X:0888 Y:C868 S:1FC1 D:192B DB:7F P:nvmxdizc V:64  H:320
018270 $60             RTS                             A:0000 X:0888 Y:C868 S:1FC2 D:192B DB:01 P:nvmxdizc V:64  H:327
018218 $A5 $00         LDA $00 [00192B] = $0870        A:0000 X:0888 Y:C868 S:1FC4 D:192B DB:01 P:nvmxdizc V:64  H:337
01821A $18             CLC                             A:0870 X:0888 Y:C868 S:1FC4 D:192B DB:01 P:nvmxdizc V:65  H:6  
01821B $69 $18 $00     ADC #$0018                      A:0870 X:0888 Y:C868 S:1FC4 D:192B DB:01 P:nvmxdizc V:65  H:10 
01821E $85 $00         STA $00 [00192B] = $0870        A:0888 X:0888 Y:C868 S:1FC4 D:192B DB:01 P:nvmxdizc V:65  H:16 
018220 $A5 $02         LDA $02 [00192D] = $C848        A:0888 X:0888 Y:C868 S:1FC4 D:192B DB:01 P:nvmxdizc V:65  H:25 
018222 $18             CLC                             A:C848 X:0888 Y:C868 S:1FC4 D:192B DB:01 P:Nvmxdizc V:65  H:35 
018223 $69 $20 $00     ADC #$0020                      A:C848 X:0888 Y:C868 S:1FC4 D:192B DB:01 P:Nvmxdizc V:65  H:38 
018226 $85 $02         STA $02 [00192D] = $C848        A:C868 X:0888 Y:C868 S:1FC4 D:192B DB:01 P:Nvmxdizc V:65  H:44 
018228 $C6 $06         DEC $06 [001931] = $0006        A:C868 X:0888 Y:C868 S:1FC4 D:192B DB:01 P:Nvmxdizc V:65  H:54 
01822A $D0 $E9         BNE $018215                     A:C868 X:0888 Y:C868 S:1FC4 D:192B DB:01 P:nvmxdizc V:65  H:69 
018215 $20 $2E $82     JSR $822E [01822E] = $088B      A:C868 X:0888 Y:C868 S:1FC4 D:192B DB:01 P:nvmxdizc V:65  H:74 
01822E $8B             PHB                             A:C868 X:0888 Y:C868 S:1FC2 D:192B DB:01 P:nvmxdizc V:65  H:86 
01822F $08             PHP                             A:C868 X:0888 Y:C868 S:1FC1 D:192B DB:01 P:nvmxdizc V:65  H:91 
018230 $C2 $30         REP #$30                        A:C868 X:0888 Y:C868 S:1FC0 D:192B DB:01 P:nvmxdizc V:65  H:97 
018232 $8B             PHB                             A:C868 X:0888 Y:C868 S:1FC0 D:192B DB:01 P:nvmxdizc V:65  H:102
018233 $AD $2B $19     LDA $192B [01192B] = $0888      A:C868 X:0888 Y:C868 S:1FBF D:192B DB:01 P:nvmxdizc V:65  H:108
018236 $18             CLC                             A:0888 X:0888 Y:C868 S:1FBF D:192B DB:01 P:nvmxdizc V:65  H:118
018237 $69 $20 $CA     ADC #$CA20                      A:0888 X:0888 Y:C868 S:1FBF D:192B DB:01 P:nvmxdizc V:65  H:121
01823A $AA             TAX                             A:D2A8 X:0888 Y:C868 S:1FBF D:192B DB:01 P:Nvmxdizc V:65  H:127
01823B $AC $2D $19     LDY $192D [01192D] = $C868      A:D2A8 X:D2A8 Y:C868 S:1FBF D:192B DB:01 P:Nvmxdizc V:65  H:131
01823E $A9 $0F $00     LDA #$000F                      A:D2A8 X:D2A8 Y:C868 S:1FBF D:192B DB:01 P:Nvmxdizc V:65  H:151
018241 $54 $7F $04     MVN $04 -> $7F                  A:000F X:D2A8 Y:C868 S:1FBF D:192B DB:01 P:nvmxdizc V:65  H:157
018241 $54 $7F $04     MVN $04 -> $7F                  A:000E X:D2A9 Y:C869 S:1FBF D:192B DB:7F P:nvmxdizc V:65  H:170
018241 $54 $7F $04     MVN $04 -> $7F                  A:000D X:D2AA Y:C86A S:1FBF D:192B DB:7F P:nvmxdizc V:65  H:183
018241 $54 $7F $04     MVN $04 -> $7F                  A:000C X:D2AB Y:C86B S:1FBF D:192B DB:7F P:nvmxdizc V:65  H:196
018241 $54 $7F $04     MVN $04 -> $7F                  A:000B X:D2AC Y:C86C S:1FBF D:192B DB:7F P:nvmxdizc V:65  H:209
018241 $54 $7F $04     MVN $04 -> $7F                  A:000A X:D2AD Y:C86D S:1FBF D:192B DB:7F P:nvmxdizc V:65  H:222
018241 $54 $7F $04     MVN $04 -> $7F                  A:0009 X:D2AE Y:C86E S:1FBF D:192B DB:7F P:nvmxdizc V:65  H:235
018241 $54 $7F $04     MVN $04 -> $7F                  A:0008 X:D2AF Y:C86F S:1FBF D:192B DB:7F P:nvmxdizc V:65  H:248
018241 $54 $7F $04     MVN $04 -> $7F                  A:0007 X:D2B0 Y:C870 S:1FBF D:192B DB:7F P:nvmxdizc V:65  H:261
018241 $54 $7F $04     MVN $04 -> $7F                  A:0006 X:D2B1 Y:C871 S:1FBF D:192B DB:7F P:nvmxdizc V:65  H:274
018241 $54 $7F $04     MVN $04 -> $7F                  A:0005 X:D2B2 Y:C872 S:1FBF D:192B DB:7F P:nvmxdizc V:65  H:299
018241 $54 $7F $04     MVN $04 -> $7F                  A:0004 X:D2B3 Y:C873 S:1FBF D:192B DB:7F P:nvmxdizc V:65  H:312
018241 $54 $7F $04     MVN $04 -> $7F                  A:0003 X:D2B4 Y:C874 S:1FBF D:192B DB:7F P:nvmxdizc V:65  H:324
018241 $54 $7F $04     MVN $04 -> $7F                  A:0002 X:D2B5 Y:C875 S:1FBF D:192B DB:7F P:nvmxdizc V:65  H:337
018241 $54 $7F $04     MVN $04 -> $7F                  A:0001 X:D2B6 Y:C876 S:1FBF D:192B DB:7F P:nvmxdizc V:66  H:10 
018241 $54 $7F $04     MVN $04 -> $7F                  A:0000 X:D2B7 Y:C877 S:1FBF D:192B DB:7F P:nvmxdizc V:66  H:23 
018244 $AB             PLB                             A:FFFF X:D2B8 Y:C878 S:1FBF D:192B DB:7F P:nvmxdizc V:66  H:36 
018245 $8A             TXA                             A:FFFF X:D2B8 Y:C878 S:1FC0 D:192B DB:01 P:nvmxdizc V:66  H:43 
018246 $38             SEC                             A:D2B8 X:D2B8 Y:C878 S:1FC0 D:192B DB:01 P:Nvmxdizc V:66  H:46 
018247 $E9 $20 $CA     SBC #$CA20                      A:D2B8 X:D2B8 Y:C878 S:1FC0 D:192B DB:01 P:NvmxdizC V:66  H:50 
01824A $AA             TAX                             A:0898 X:D2B8 Y:C878 S:1FC0 D:192B DB:01 P:nvmxdizC V:66  H:56 
01824B $E2 $20         SEP #$20                        A:0898 X:0898 Y:C878 S:1FC0 D:192B DB:01 P:nvmxdizC V:66  H:59 
01824D $C2 $10         REP #$10                        A:0898 X:0898 Y:C878 S:1FC0 D:192B DB:01 P:nvMxdizC V:66  H:65 
01824F $F4 $7F $00     PEA #$007F                      A:0898 X:0898 Y:C878 S:1FC0 D:192B DB:01 P:nvMxdizC V:66  H:70 
018252 $AB             PLB                             A:0898 X:0898 Y:C878 S:1FBE D:192B DB:01 P:nvMxdizC V:66  H:80 
018253 $68             PLA                             A:0898 X:0898 Y:C878 S:1FBF D:192B DB:7F P:nvMxdizC V:66  H:87 
018254 $EB             XBA                             A:0800 X:0898 Y:C878 S:1FC0 D:192B DB:7F P:nvMxdiZC V:66  H:94 
018255 $A9 $08         LDA #$08                        A:0008 X:0898 Y:C878 S:1FC0 D:192B DB:7F P:nvMxdizC V:66  H:99 
018257 $8D $33 $19     STA $1933 [7F1933] = $00        A:0008 X:0898 Y:C878 S:1FC0 D:192B DB:7F P:nvMxdizC V:66  H:103
01825A $BF $20 $CA $04 LDA $04CA20,X [04D2B8] = $C0    A:0008 X:0898 Y:C878 S:1FC0 D:192B DB:7F P:nvMxdizC V:66  H:111
01825E $E8             INX                             A:00C0 X:0898 Y:C878 S:1FC0 D:192B DB:7F P:NvMxdizC V:66  H:121
01825F $99 $00 $00     STA $0000,Y [7FC878] = $C0      A:00C0 X:0899 Y:C878 S:1FC0 D:192B DB:7F P:nvMxdizC V:66  H:125
018262 $C8             INY                             A:00C0 X:0899 Y:C878 S:1FC0 D:192B DB:7F P:nvMxdizC V:66  H:144
018263 $A9 $00         LDA #$00                        A:00C0 X:0899 Y:C879 S:1FC0 D:192B DB:7F P:NvMxdizC V:66  H:148
018265 $99 $00 $00     STA $0000,Y [7FC879] = $00      A:0000 X:0899 Y:C879 S:1FC0 D:192B DB:7F P:nvMxdiZC V:66  H:152
018268 $C8             INY                             A:0000 X:0899 Y:C879 S:1FC0 D:192B DB:7F P:nvMxdiZC V:66  H:161
018269 $CE $33 $19     DEC $1933 [7F1933] = $08        A:0000 X:0899 Y:C87A S:1FC0 D:192B DB:7F P:NvMxdizC V:66  H:165
01826C $D0 $EC         BNE $01825A                     A:0000 X:0899 Y:C87A S:1FC0 D:192B DB:7F P:nvMxdizC V:66  H:176
01825A $BF $20 $CA $04 LDA $04CA20,X [04D2B9] = $A6    A:0000 X:0899 Y:C87A S:1FC0 D:192B DB:7F P:nvMxdizC V:66  H:182
01825E $E8             INX                             A:00A6 X:0899 Y:C87A S:1FC0 D:192B DB:7F P:NvMxdizC V:66  H:192
01825F $99 $00 $00     STA $0000,Y [7FC87A] = $A6      A:00A6 X:089A Y:C87A S:1FC0 D:192B DB:7F P:nvMxdizC V:66  H:195
018262 $C8             INY                             A:00A6 X:089A Y:C87A S:1FC0 D:192B DB:7F P:nvMxdizC V:66  H:205
018263 $A9 $00         LDA #$00                        A:00A6 X:089A Y:C87B S:1FC0 D:192B DB:7F P:NvMxdizC V:66  H:208
018265 $99 $00 $00     STA $0000,Y [7FC87B] = $00      A:0000 X:089A Y:C87B S:1FC0 D:192B DB:7F P:nvMxdiZC V:66  H:212
018268 $C8             INY                             A:0000 X:089A Y:C87B S:1FC0 D:192B DB:7F P:nvMxdiZC V:66  H:222
018269 $CE $33 $19     DEC $1933 [7F1933] = $07        A:0000 X:089A Y:C87C S:1FC0 D:192B DB:7F P:NvMxdizC V:66  H:225
01826C $D0 $EC         BNE $01825A                     A:0000 X:089A Y:C87C S:1FC0 D:192B DB:7F P:nvMxdizC V:66  H:237
01825A $BF $20 $CA $04 LDA $04CA20,X [04D2BA] = $7E    A:0000 X:089A Y:C87C S:1FC0 D:192B DB:7F P:nvMxdizC V:66  H:242
01825E $E8             INX                             A:007E X:089A Y:C87C S:1FC0 D:192B DB:7F P:nvMxdizC V:66  H:252
01825F $99 $00 $00     STA $0000,Y [7FC87C] = $7E      A:007E X:089B Y:C87C S:1FC0 D:192B DB:7F P:nvMxdizC V:66  H:256
018262 $C8             INY                             A:007E X:089B Y:C87C S:1FC0 D:192B DB:7F P:nvMxdizC V:66  H:265
018263 $A9 $00         LDA #$00                        A:007E X:089B Y:C87D S:1FC0 D:192B DB:7F P:NvMxdizC V:66  H:269
018265 $99 $00 $00     STA $0000,Y [7FC87D] = $00      A:0000 X:089B Y:C87D S:1FC0 D:192B DB:7F P:nvMxdiZC V:66  H:273
018268 $C8             INY                             A:0000 X:089B Y:C87D S:1FC0 D:192B DB:7F P:nvMxdiZC V:66  H:294
018269 $CE $33 $19     DEC $1933 [7F1933] = $06        A:0000 X:089B Y:C87E S:1FC0 D:192B DB:7F P:NvMxdizC V:66  H:298
01826C $D0 $EC         BNE $01825A                     A:0000 X:089B Y:C87E S:1FC0 D:192B DB:7F P:nvMxdizC V:66  H:309
01825A $BF $20 $CA $04 LDA $04CA20,X [04D2BB] = $3E    A:0000 X:089B Y:C87E S:1FC0 D:192B DB:7F P:nvMxdizC V:66  H:315
01825E $E8             INX                             A:003E X:089B Y:C87E S:1FC0 D:192B DB:7F P:nvMxdizC V:66  H:324
01825F $99 $00 $00     STA $0000,Y [7FC87E] = $3E      A:003E X:089C Y:C87E S:1FC0 D:192B DB:7F P:nvMxdizC V:66  H:327
018262 $C8             INY                             A:003E X:089C Y:C87E S:1FC0 D:192B DB:7F P:nvMxdizC V:66  H:337
018263 $A9 $00         LDA #$00                        A:003E X:089C Y:C87F S:1FC0 D:192B DB:7F P:NvMxdizC V:67  H:0  
018265 $99 $00 $00     STA $0000,Y [7FC87F] = $00      A:0000 X:089C Y:C87F S:1FC0 D:192B DB:7F P:nvMxdiZC V:67  H:4  
018268 $C8             INY                             A:0000 X:089C Y:C87F S:1FC0 D:192B DB:7F P:nvMxdiZC V:67  H:14 
018269 $CE $33 $19     DEC $1933 [7F1933] = $05        A:0000 X:089C Y:C880 S:1FC0 D:192B DB:7F P:NvMxdizC V:67  H:17 
01826C $D0 $EC         BNE $01825A                     A:0000 X:089C Y:C880 S:1FC0 D:192B DB:7F P:nvMxdizC V:67  H:29 
01825A $BF $20 $CA $04 LDA $04CA20,X [04D2BC] = $3C    A:0000 X:089C Y:C880 S:1FC0 D:192B DB:7F P:nvMxdizC V:67  H:34 
01825E $E8             INX                             A:003C X:089C Y:C880 S:1FC0 D:192B DB:7F P:nvMxdizC V:67  H:44 
01825F $99 $00 $00     STA $0000,Y [7FC880] = $3C      A:003C X:089D Y:C880 S:1FC0 D:192B DB:7F P:nvMxdizC V:67  H:48 
018262 $C8             INY                             A:003C X:089D Y:C880 S:1FC0 D:192B DB:7F P:nvMxdizC V:67  H:57 
018263 $A9 $00         LDA #$00                        A:003C X:089D Y:C881 S:1FC0 D:192B DB:7F P:NvMxdizC V:67  H:61 
018265 $99 $00 $00     STA $0000,Y [7FC881] = $00      A:0000 X:089D Y:C881 S:1FC0 D:192B DB:7F P:nvMxdiZC V:67  H:65 
018268 $C8             INY                             A:0000 X:089D Y:C881 S:1FC0 D:192B DB:7F P:nvMxdiZC V:67  H:74 
018269 $CE $33 $19     DEC $1933 [7F1933] = $04        A:0000 X:089D Y:C882 S:1FC0 D:192B DB:7F P:NvMxdizC V:67  H:78 
01826C $D0 $EC         BNE $01825A                     A:0000 X:089D Y:C882 S:1FC0 D:192B DB:7F P:nvMxdizC V:67  H:89 
01825A $BF $20 $CA $04 LDA $04CA20,X [04D2BD] = $7C    A:0000 X:089D Y:C882 S:1FC0 D:192B DB:7F P:nvMxdizC V:67  H:95 
01825E $E8             INX                             A:007C X:089D Y:C882 S:1FC0 D:192B DB:7F P:nvMxdizC V:67  H:105
01825F $99 $00 $00     STA $0000,Y [7FC882] = $7C      A:007C X:089E Y:C882 S:1FC0 D:192B DB:7F P:nvMxdizC V:67  H:108
018262 $C8             INY                             A:007C X:089E Y:C882 S:1FC0 D:192B DB:7F P:nvMxdizC V:67  H:118
018263 $A9 $00         LDA #$00                        A:007C X:089E Y:C883 S:1FC0 D:192B DB:7F P:NvMxdizC V:67  H:121
018265 $99 $00 $00     STA $0000,Y [7FC883] = $00      A:0000 X:089E Y:C883 S:1FC0 D:192B DB:7F P:nvMxdiZC V:67  H:125
018268 $C8             INY                             A:0000 X:089E Y:C883 S:1FC0 D:192B DB:7F P:nvMxdiZC V:67  H:145
018269 $CE $33 $19     DEC $1933 [7F1933] = $03        A:0000 X:089E Y:C884 S:1FC0 D:192B DB:7F P:NvMxdizC V:67  H:148
01826C $D0 $EC         BNE $01825A                     A:0000 X:089E Y:C884 S:1FC0 D:192B DB:7F P:nvMxdizC V:67  H:160
01825A $BF $20 $CA $04 LDA $04CA20,X [04D2BE] = $70    A:0000 X:089E Y:C884 S:1FC0 D:192B DB:7F P:nvMxdizC V:67  H:165
01825E $E8             INX                             A:0070 X:089E Y:C884 S:1FC0 D:192B DB:7F P:nvMxdizC V:67  H:175
01825F $99 $00 $00     STA $0000,Y [7FC884] = $70      A:0070 X:089F Y:C884 S:1FC0 D:192B DB:7F P:nvMxdizC V:67  H:179
018262 $C8             INY                             A:0070 X:089F Y:C884 S:1FC0 D:192B DB:7F P:nvMxdizC V:67  H:188
018263 $A9 $00         LDA #$00                        A:0070 X:089F Y:C885 S:1FC0 D:192B DB:7F P:NvMxdizC V:67  H:192
018265 $99 $00 $00     STA $0000,Y [7FC885] = $00      A:0000 X:089F Y:C885 S:1FC0 D:192B DB:7F P:nvMxdiZC V:67  H:196
018268 $C8             INY                             A:0000 X:089F Y:C885 S:1FC0 D:192B DB:7F P:nvMxdiZC V:67  H:205
018269 $CE $33 $19     DEC $1933 [7F1933] = $02        A:0000 X:089F Y:C886 S:1FC0 D:192B DB:7F P:NvMxdizC V:67  H:209
01826C $D0 $EC         BNE $01825A                     A:0000 X:089F Y:C886 S:1FC0 D:192B DB:7F P:nvMxdizC V:67  H:220
01825A $BF $20 $CA $04 LDA $04CA20,X [04D2BF] = $00    A:0000 X:089F Y:C886 S:1FC0 D:192B DB:7F P:nvMxdizC V:67  H:226
01825E $E8             INX                             A:0000 X:089F Y:C886 S:1FC0 D:192B DB:7F P:nvMxdiZC V:67  H:236
01825F $99 $00 $00     STA $0000,Y [7FC886] = $00      A:0000 X:08A0 Y:C886 S:1FC0 D:192B DB:7F P:nvMxdizC V:67  H:239
018262 $C8             INY                             A:0000 X:08A0 Y:C886 S:1FC0 D:192B DB:7F P:nvMxdizC V:67  H:249
018263 $A9 $00         LDA #$00                        A:0000 X:08A0 Y:C887 S:1FC0 D:192B DB:7F P:NvMxdizC V:67  H:252
018265 $99 $00 $00     STA $0000,Y [7FC887] = $00      A:0000 X:08A0 Y:C887 S:1FC0 D:192B DB:7F P:nvMxdiZC V:67  H:256
018268 $C8             INY                             A:0000 X:08A0 Y:C887 S:1FC0 D:192B DB:7F P:nvMxdiZC V:67  H:266
018269 $CE $33 $19     DEC $1933 [7F1933] = $01        A:0000 X:08A0 Y:C888 S:1FC0 D:192B DB:7F P:NvMxdizC V:67  H:269
01826C $D0 $EC         BNE $01825A                     A:0000 X:08A0 Y:C888 S:1FC0 D:192B DB:7F P:nvMxdiZC V:67  H:293
01826E $28             PLP                             A:0000 X:08A0 Y:C888 S:1FC0 D:192B DB:7F P:nvMxdiZC V:67  H:297
01826F $AB             PLB                             A:0000 X:08A0 Y:C888 S:1FC1 D:192B DB:7F P:nvmxdizc V:67  H:304
018270 $60             RTS                             A:0000 X:08A0 Y:C888 S:1FC2 D:192B DB:01 P:nvmxdizc V:67  H:311
018218 $A5 $00         LDA $00 [00192B] = $0888        A:0000 X:08A0 Y:C888 S:1FC4 D:192B DB:01 P:nvmxdizc V:67  H:321
01821A $18             CLC                             A:0888 X:08A0 Y:C888 S:1FC4 D:192B DB:01 P:nvmxdizc V:67  H:330
01821B $69 $18 $00     ADC #$0018                      A:0888 X:08A0 Y:C888 S:1FC4 D:192B DB:01 P:nvmxdizc V:67  H:333
01821E $85 $00         STA $00 [00192B] = $0888        A:08A0 X:08A0 Y:C888 S:1FC4 D:192B DB:01 P:nvmxdizc V:67  H:339
018220 $A5 $02         LDA $02 [00192D] = $C868        A:08A0 X:08A0 Y:C888 S:1FC4 D:192B DB:01 P:nvmxdizc V:68  H:9  
018222 $18             CLC                             A:C868 X:08A0 Y:C888 S:1FC4 D:192B DB:01 P:Nvmxdizc V:68  H:18 
018223 $69 $20 $00     ADC #$0020                      A:C868 X:08A0 Y:C888 S:1FC4 D:192B DB:01 P:Nvmxdizc V:68  H:22 
018226 $85 $02         STA $02 [00192D] = $C868        A:C888 X:08A0 Y:C888 S:1FC4 D:192B DB:01 P:Nvmxdizc V:68  H:28 
018228 $C6 $06         DEC $06 [001931] = $0005        A:C888 X:08A0 Y:C888 S:1FC4 D:192B DB:01 P:Nvmxdizc V:68  H:37 
01822A $D0 $E9         BNE $018215                     A:C888 X:08A0 Y:C888 S:1FC4 D:192B DB:01 P:nvmxdizc V:68  H:52 
018215 $20 $2E $82     JSR $822E [01822E] = $088B      A:C888 X:08A0 Y:C888 S:1FC4 D:192B DB:01 P:nvmxdizc V:68  H:58 
01822E $8B             PHB                             A:C888 X:08A0 Y:C888 S:1FC2 D:192B DB:01 P:nvmxdizc V:68  H:69 
01822F $08             PHP                             A:C888 X:08A0 Y:C888 S:1FC1 D:192B DB:01 P:nvmxdizc V:68  H:75 
018230 $C2 $30         REP #$30                        A:C888 X:08A0 Y:C888 S:1FC0 D:192B DB:01 P:nvmxdizc V:68  H:80 
018232 $8B             PHB                             A:C888 X:08A0 Y:C888 S:1FC0 D:192B DB:01 P:nvmxdizc V:68  H:86 
018233 $AD $2B $19     LDA $192B [01192B] = $08A0      A:C888 X:08A0 Y:C888 S:1FBF D:192B DB:01 P:nvmxdizc V:68  H:91 
018236 $18             CLC                             A:08A0 X:08A0 Y:C888 S:1FBF D:192B DB:01 P:nvmxdizc V:68  H:101
018237 $69 $20 $CA     ADC #$CA20                      A:08A0 X:08A0 Y:C888 S:1FBF D:192B DB:01 P:nvmxdizc V:68  H:105
01823A $AA             TAX                             A:D2C0 X:08A0 Y:C888 S:1FBF D:192B DB:01 P:Nvmxdizc V:68  H:111
01823B $AC $2D $19     LDY $192D [01192D] = $C888      A:D2C0 X:D2C0 Y:C888 S:1FBF D:192B DB:01 P:Nvmxdizc V:68  H:114
01823E $A9 $0F $00     LDA #$000F                      A:D2C0 X:D2C0 Y:C888 S:1FBF D:192B DB:01 P:Nvmxdizc V:68  H:124
018241 $54 $7F $04     MVN $04 -> $7F                  A:000F X:D2C0 Y:C888 S:1FBF D:192B DB:01 P:nvmxdizc V:68  H:130
018241 $54 $7F $04     MVN $04 -> $7F                  A:000E X:D2C1 Y:C889 S:1FBF D:192B DB:7F P:nvmxdizc V:68  H:153
018241 $54 $7F $04     MVN $04 -> $7F                  A:000D X:D2C2 Y:C88A S:1FBF D:192B DB:7F P:nvmxdizc V:68  H:166
018241 $54 $7F $04     MVN $04 -> $7F                  A:000C X:D2C3 Y:C88B S:1FBF D:192B DB:7F P:nvmxdizc V:68  H:179
018241 $54 $7F $04     MVN $04 -> $7F                  A:000B X:D2C4 Y:C88C S:1FBF D:192B DB:7F P:nvmxdizc V:68  H:192
018241 $54 $7F $04     MVN $04 -> $7F                  A:000A X:D2C5 Y:C88D S:1FBF D:192B DB:7F P:nvmxdizc V:68  H:205
018241 $54 $7F $04     MVN $04 -> $7F                  A:0009 X:D2C6 Y:C88E S:1FBF D:192B DB:7F P:nvmxdizc V:68  H:218
018241 $54 $7F $04     MVN $04 -> $7F                  A:0008 X:D2C7 Y:C88F S:1FBF D:192B DB:7F P:nvmxdizc V:68  H:231
018241 $54 $7F $04     MVN $04 -> $7F                  A:0007 X:D2C8 Y:C890 S:1FBF D:192B DB:7F P:nvmxdizc V:68  H:244
018241 $54 $7F $04     MVN $04 -> $7F                  A:0006 X:D2C9 Y:C891 S:1FBF D:192B DB:7F P:nvmxdizc V:68  H:257
018241 $54 $7F $04     MVN $04 -> $7F                  A:0005 X:D2CA Y:C892 S:1FBF D:192B DB:7F P:nvmxdizc V:68  H:270
018241 $54 $7F $04     MVN $04 -> $7F                  A:0004 X:D2CB Y:C893 S:1FBF D:192B DB:7F P:nvmxdizc V:68  H:295
018241 $54 $7F $04     MVN $04 -> $7F                  A:0003 X:D2CC Y:C894 S:1FBF D:192B DB:7F P:nvmxdizc V:68  H:308
018241 $54 $7F $04     MVN $04 -> $7F                  A:0002 X:D2CD Y:C895 S:1FBF D:192B DB:7F P:nvmxdizc V:68  H:321
018241 $54 $7F $04     MVN $04 -> $7F                  A:0001 X:D2CE Y:C896 S:1FBF D:192B DB:7F P:nvmxdizc V:68  H:333
018241 $54 $7F $04     MVN $04 -> $7F                  A:0000 X:D2CF Y:C897 S:1FBF D:192B DB:7F P:nvmxdizc V:69  H:6  
018244 $AB             PLB                             A:FFFF X:D2D0 Y:C898 S:1FBF D:192B DB:7F P:nvmxdizc V:69  H:19 
018245 $8A             TXA                             A:FFFF X:D2D0 Y:C898 S:1FC0 D:192B DB:01 P:nvmxdizc V:69  H:26 
018246 $38             SEC                             A:D2D0 X:D2D0 Y:C898 S:1FC0 D:192B DB:01 P:Nvmxdizc V:69  H:30 
018247 $E9 $20 $CA     SBC #$CA20                      A:D2D0 X:D2D0 Y:C898 S:1FC0 D:192B DB:01 P:NvmxdizC V:69  H:33 
01824A $AA             TAX                             A:08B0 X:D2D0 Y:C898 S:1FC0 D:192B DB:01 P:nvmxdizC V:69  H:39 
01824B $E2 $20         SEP #$20                        A:08B0 X:08B0 Y:C898 S:1FC0 D:192B DB:01 P:nvmxdizC V:69  H:43 
01824D $C2 $10         REP #$10                        A:08B0 X:08B0 Y:C898 S:1FC0 D:192B DB:01 P:nvMxdizC V:69  H:48 
01824F $F4 $7F $00     PEA #$007F                      A:08B0 X:08B0 Y:C898 S:1FC0 D:192B DB:01 P:nvMxdizC V:69  H:54 
018252 $AB             PLB                             A:08B0 X:08B0 Y:C898 S:1FBE D:192B DB:01 P:nvMxdizC V:69  H:64 
018253 $68             PLA                             A:08B0 X:08B0 Y:C898 S:1FBF D:192B DB:7F P:nvMxdizC V:69  H:71 
018254 $EB             XBA                             A:0800 X:08B0 Y:C898 S:1FC0 D:192B DB:7F P:nvMxdiZC V:69  H:78 
018255 $A9 $08         LDA #$08                        A:0008 X:08B0 Y:C898 S:1FC0 D:192B DB:7F P:nvMxdizC V:69  H:83 
018257 $8D $33 $19     STA $1933 [7F1933] = $00        A:0008 X:08B0 Y:C898 S:1FC0 D:192B DB:7F P:nvMxdizC V:69  H:87 
01825A $BF $20 $CA $04 LDA $04CA20,X [04D2D0] = $00    A:0008 X:08B0 Y:C898 S:1FC0 D:192B DB:7F P:nvMxdizC V:69  H:95 
01825E $E8             INX                             A:0000 X:08B0 Y:C898 S:1FC0 D:192B DB:7F P:nvMxdiZC V:69  H:105
01825F $99 $00 $00     STA $0000,Y [7FC898] = $00      A:0000 X:08B1 Y:C898 S:1FC0 D:192B DB:7F P:nvMxdizC V:69  H:108
018262 $C8             INY                             A:0000 X:08B1 Y:C898 S:1FC0 D:192B DB:7F P:nvMxdizC V:69  H:118
018263 $A9 $00         LDA #$00                        A:0000 X:08B1 Y:C899 S:1FC0 D:192B DB:7F P:NvMxdizC V:69  H:121
018265 $99 $00 $00     STA $0000,Y [7FC899] = $00      A:0000 X:08B1 Y:C899 S:1FC0 D:192B DB:7F P:nvMxdiZC V:69  H:125
018268 $C8             INY                             A:0000 X:08B1 Y:C899 S:1FC0 D:192B DB:7F P:nvMxdiZC V:69  H:145
018269 $CE $33 $19     DEC $1933 [7F1933] = $08        A:0000 X:08B1 Y:C89A S:1FC0 D:192B DB:7F P:NvMxdizC V:69  H:148
01826C $D0 $EC         BNE $01825A                     A:0000 X:08B1 Y:C89A S:1FC0 D:192B DB:7F P:nvMxdizC V:69  H:160
01825A $BF $20 $CA $04 LDA $04CA20,X [04D2D1] = $00    A:0000 X:08B1 Y:C89A S:1FC0 D:192B DB:7F P:nvMxdizC V:69  H:165
01825E $E8             INX                             A:0000 X:08B1 Y:C89A S:1FC0 D:192B DB:7F P:nvMxdiZC V:69  H:175
01825F $99 $00 $00     STA $0000,Y [7FC89A] = $00      A:0000 X:08B2 Y:C89A S:1FC0 D:192B DB:7F P:nvMxdizC V:69  H:179
018262 $C8             INY                             A:0000 X:08B2 Y:C89A S:1FC0 D:192B DB:7F P:nvMxdizC V:69  H:188
018263 $A9 $00         LDA #$00                        A:0000 X:08B2 Y:C89B S:1FC0 D:192B DB:7F P:NvMxdizC V:69  H:192
018265 $99 $00 $00     STA $0000,Y [7FC89B] = $00      A:0000 X:08B2 Y:C89B S:1FC0 D:192B DB:7F P:nvMxdiZC V:69  H:196
018268 $C8             INY                             A:0000 X:08B2 Y:C89B S:1FC0 D:192B DB:7F P:nvMxdiZC V:69  H:205
018269 $CE $33 $19     DEC $1933 [7F1933] = $07        A:0000 X:08B2 Y:C89C S:1FC0 D:192B DB:7F P:NvMxdizC V:69  H:209
01826C $D0 $EC         BNE $01825A                     A:0000 X:08B2 Y:C89C S:1FC0 D:192B DB:7F P:nvMxdizC V:69  H:220
01825A $BF $20 $CA $04 LDA $04CA20,X [04D2D2] = $00    A:0000 X:08B2 Y:C89C S:1FC0 D:192B DB:7F P:nvMxdizC V:69  H:226
01825E $E8             INX                             A:0000 X:08B2 Y:C89C S:1FC0 D:192B DB:7F P:nvMxdiZC V:69  H:236
01825F $99 $00 $00     STA $0000,Y [7FC89C] = $00      A:0000 X:08B3 Y:C89C S:1FC0 D:192B DB:7F P:nvMxdizC V:69  H:239
018262 $C8             INY                             A:0000 X:08B3 Y:C89C S:1FC0 D:192B DB:7F P:nvMxdizC V:69  H:249
018263 $A9 $00         LDA #$00                        A:0000 X:08B3 Y:C89D S:1FC0 D:192B DB:7F P:NvMxdizC V:69  H:252
018265 $99 $00 $00     STA $0000,Y [7FC89D] = $00      A:0000 X:08B3 Y:C89D S:1FC0 D:192B DB:7F P:nvMxdiZC V:69  H:256
018268 $C8             INY                             A:0000 X:08B3 Y:C89D S:1FC0 D:192B DB:7F P:nvMxdiZC V:69  H:266
018269 $CE $33 $19     DEC $1933 [7F1933] = $06        A:0000 X:08B3 Y:C89E S:1FC0 D:192B DB:7F P:NvMxdizC V:69  H:269
01826C $D0 $EC         BNE $01825A                     A:0000 X:08B3 Y:C89E S:1FC0 D:192B DB:7F P:nvMxdizC V:69  H:293
01825A $BF $20 $CA $04 LDA $04CA20,X [04D2D3] = $00    A:0000 X:08B3 Y:C89E S:1FC0 D:192B DB:7F P:nvMxdizC V:69  H:298
01825E $E8             INX                             A:0000 X:08B3 Y:C89E S:1FC0 D:192B DB:7F P:nvMxdiZC V:69  H:308
01825F $99 $00 $00     STA $0000,Y [7FC89E] = $00      A:0000 X:08B4 Y:C89E S:1FC0 D:192B DB:7F P:nvMxdizC V:69  H:312
018262 $C8             INY                             A:0000 X:08B4 Y:C89E S:1FC0 D:192B DB:7F P:nvMxdizC V:69  H:321
018263 $A9 $00         LDA #$00                        A:0000 X:08B4 Y:C89F S:1FC0 D:192B DB:7F P:NvMxdizC V:69  H:324
018265 $99 $00 $00     STA $0000,Y [7FC89F] = $00      A:0000 X:08B4 Y:C89F S:1FC0 D:192B DB:7F P:nvMxdiZC V:69  H:328
018268 $C8             INY                             A:0000 X:08B4 Y:C89F S:1FC0 D:192B DB:7F P:nvMxdiZC V:69  H:337
018269 $CE $33 $19     DEC $1933 [7F1933] = $05        A:0000 X:08B4 Y:C8A0 S:1FC0 D:192B DB:7F P:NvMxdizC V:70  H:1  
01826C $D0 $EC         BNE $01825A                     A:0000 X:08B4 Y:C8A0 S:1FC0 D:192B DB:7F P:nvMxdizC V:70  H:12 
01825A $BF $20 $CA $04 LDA $04CA20,X [04D2D4] = $00    A:0000 X:08B4 Y:C8A0 S:1FC0 D:192B DB:7F P:nvMxdizC V:70  H:18 
01825E $E8             INX                             A:0000 X:08B4 Y:C8A0 S:1FC0 D:192B DB:7F P:nvMxdiZC V:70  H:28 
01825F $99 $00 $00     STA $0000,Y [7FC8A0] = $00      A:0000 X:08B5 Y:C8A0 S:1FC0 D:192B DB:7F P:nvMxdizC V:70  H:31 
018262 $C8             INY                             A:0000 X:08B5 Y:C8A0 S:1FC0 D:192B DB:7F P:nvMxdizC V:70  H:41 
018263 $A9 $00         LDA #$00                        A:0000 X:08B5 Y:C8A1 S:1FC0 D:192B DB:7F P:NvMxdizC V:70  H:44 
018265 $99 $00 $00     STA $0000,Y [7FC8A1] = $00      A:0000 X:08B5 Y:C8A1 S:1FC0 D:192B DB:7F P:nvMxdiZC V:70  H:48 
018268 $C8             INY                             A:0000 X:08B5 Y:C8A1 S:1FC0 D:192B DB:7F P:nvMxdiZC V:70  H:58 
018269 $CE $33 $19     DEC $1933 [7F1933] = $04        A:0000 X:08B5 Y:C8A2 S:1FC0 D:192B DB:7F P:NvMxdizC V:70  H:61 
01826C $D0 $EC         BNE $01825A                     A:0000 X:08B5 Y:C8A2 S:1FC0 D:192B DB:7F P:nvMxdizC V:70  H:73 
01825A $BF $20 $CA $04 LDA $04CA20,X [04D2D5] = $00    A:0000 X:08B5 Y:C8A2 S:1FC0 D:192B DB:7F P:nvMxdizC V:70  H:78 
01825E $E8             INX                             A:0000 X:08B5 Y:C8A2 S:1FC0 D:192B DB:7F P:nvMxdiZC V:70  H:88 
01825F $99 $00 $00     STA $0000,Y [7FC8A2] = $00      A:0000 X:08B6 Y:C8A2 S:1FC0 D:192B DB:7F P:nvMxdizC V:70  H:92 
018262 $C8             INY                             A:0000 X:08B6 Y:C8A2 S:1FC0 D:192B DB:7F P:nvMxdizC V:70  H:101
018263 $A9 $00         LDA #$00                        A:0000 X:08B6 Y:C8A3 S:1FC0 D:192B DB:7F P:NvMxdizC V:70  H:105
018265 $99 $00 $00     STA $0000,Y [7FC8A3] = $00      A:0000 X:08B6 Y:C8A3 S:1FC0 D:192B DB:7F P:nvMxdiZC V:70  H:109
018268 $C8             INY                             A:0000 X:08B6 Y:C8A3 S:1FC0 D:192B DB:7F P:nvMxdiZC V:70  H:118
018269 $CE $33 $19     DEC $1933 [7F1933] = $03        A:0000 X:08B6 Y:C8A4 S:1FC0 D:192B DB:7F P:NvMxdizC V:70  H:122
01826C $D0 $EC         BNE $01825A                     A:0000 X:08B6 Y:C8A4 S:1FC0 D:192B DB:7F P:nvMxdizC V:70  H:143
01825A $BF $20 $CA $04 LDA $04CA20,X [04D2D6] = $00    A:0000 X:08B6 Y:C8A4 S:1FC0 D:192B DB:7F P:nvMxdizC V:70  H:149
01825E $E8             INX                             A:0000 X:08B6 Y:C8A4 S:1FC0 D:192B DB:7F P:nvMxdiZC V:70  H:159
01825F $99 $00 $00     STA $0000,Y [7FC8A4] = $00      A:0000 X:08B7 Y:C8A4 S:1FC0 D:192B DB:7F P:nvMxdizC V:70  H:162
018262 $C8             INY                             A:0000 X:08B7 Y:C8A4 S:1FC0 D:192B DB:7F P:nvMxdizC V:70  H:172
018263 $A9 $00         LDA #$00                        A:0000 X:08B7 Y:C8A5 S:1FC0 D:192B DB:7F P:NvMxdizC V:70  H:175
018265 $99 $00 $00     STA $0000,Y [7FC8A5] = $00      A:0000 X:08B7 Y:C8A5 S:1FC0 D:192B DB:7F P:nvMxdiZC V:70  H:179
018268 $C8             INY                             A:0000 X:08B7 Y:C8A5 S:1FC0 D:192B DB:7F P:nvMxdiZC V:70  H:189
018269 $CE $33 $19     DEC $1933 [7F1933] = $02        A:0000 X:08B7 Y:C8A6 S:1FC0 D:192B DB:7F P:NvMxdizC V:70  H:192
01826C $D0 $EC         BNE $01825A                     A:0000 X:08B7 Y:C8A6 S:1FC0 D:192B DB:7F P:nvMxdizC V:70  H:204
01825A $BF $20 $CA $04 LDA $04CA20,X [04D2D7] = $00    A:0000 X:08B7 Y:C8A6 S:1FC0 D:192B DB:7F P:nvMxdizC V:70  H:209
01825E $E8             INX                             A:0000 X:08B7 Y:C8A6 S:1FC0 D:192B DB:7F P:nvMxdiZC V:70  H:219
01825F $99 $00 $00     STA $0000,Y [7FC8A6] = $00      A:0000 X:08B8 Y:C8A6 S:1FC0 D:192B DB:7F P:nvMxdizC V:70  H:223
018262 $C8             INY                             A:0000 X:08B8 Y:C8A6 S:1FC0 D:192B DB:7F P:nvMxdizC V:70  H:232
018263 $A9 $00         LDA #$00                        A:0000 X:08B8 Y:C8A7 S:1FC0 D:192B DB:7F P:NvMxdizC V:70  H:236
018265 $99 $00 $00     STA $0000,Y [7FC8A7] = $00      A:0000 X:08B8 Y:C8A7 S:1FC0 D:192B DB:7F P:nvMxdiZC V:70  H:240
018268 $C8             INY                             A:0000 X:08B8 Y:C8A7 S:1FC0 D:192B DB:7F P:nvMxdiZC V:70  H:249
018269 $CE $33 $19     DEC $1933 [7F1933] = $01        A:0000 X:08B8 Y:C8A8 S:1FC0 D:192B DB:7F P:NvMxdizC V:70  H:253
01826C $D0 $EC         BNE $01825A                     A:0000 X:08B8 Y:C8A8 S:1FC0 D:192B DB:7F P:nvMxdiZC V:70  H:264
01826E $28             PLP                             A:0000 X:08B8 Y:C8A8 S:1FC0 D:192B DB:7F P:nvMxdiZC V:70  H:268
01826F $AB             PLB                             A:0000 X:08B8 Y:C8A8 S:1FC1 D:192B DB:7F P:nvmxdizc V:70  H:275
018270 $60             RTS                             A:0000 X:08B8 Y:C8A8 S:1FC2 D:192B DB:01 P:nvmxdizc V:70  H:294
018218 $A5 $00         LDA $00 [00192B] = $08A0        A:0000 X:08B8 Y:C8A8 S:1FC4 D:192B DB:01 P:nvmxdizc V:70  H:305
01821A $18             CLC                             A:08A0 X:08B8 Y:C8A8 S:1FC4 D:192B DB:01 P:nvmxdizc V:70  H:314
01821B $69 $18 $00     ADC #$0018                      A:08A0 X:08B8 Y:C8A8 S:1FC4 D:192B DB:01 P:nvmxdizc V:70  H:318
01821E $85 $00         STA $00 [00192B] = $08A0        A:08B8 X:08B8 Y:C8A8 S:1FC4 D:192B DB:01 P:nvmxdizc V:70  H:323
018220 $A5 $02         LDA $02 [00192D] = $C888        A:08B8 X:08B8 Y:C8A8 S:1FC4 D:192B DB:01 P:nvmxdizc V:70  H:332
018222 $18             CLC                             A:C888 X:08B8 Y:C8A8 S:1FC4 D:192B DB:01 P:Nvmxdizc V:71  H:2  
018223 $69 $20 $00     ADC #$0020                      A:C888 X:08B8 Y:C8A8 S:1FC4 D:192B DB:01 P:Nvmxdizc V:71  H:5  
018226 $85 $02         STA $02 [00192D] = $C888        A:C8A8 X:08B8 Y:C8A8 S:1FC4 D:192B DB:01 P:Nvmxdizc V:71  H:11 
018228 $C6 $06         DEC $06 [001931] = $0004        A:C8A8 X:08B8 Y:C8A8 S:1FC4 D:192B DB:01 P:Nvmxdizc V:71  H:21 
01822A $D0 $E9         BNE $018215                     A:C8A8 X:08B8 Y:C8A8 S:1FC4 D:192B DB:01 P:nvmxdizc V:71  H:36 
018215 $20 $2E $82     JSR $822E [01822E] = $088B      A:C8A8 X:08B8 Y:C8A8 S:1FC4 D:192B DB:01 P:nvmxdizc V:71  H:41 
01822E $8B             PHB                             A:C8A8 X:08B8 Y:C8A8 S:1FC2 D:192B DB:01 P:nvmxdizc V:71  H:53 
01822F $08             PHP                             A:C8A8 X:08B8 Y:C8A8 S:1FC1 D:192B DB:01 P:nvmxdizc V:71  H:58 
018230 $C2 $30         REP #$30                        A:C8A8 X:08B8 Y:C8A8 S:1FC0 D:192B DB:01 P:nvmxdizc V:71  H:64 
018232 $8B             PHB                             A:C8A8 X:08B8 Y:C8A8 S:1FC0 D:192B DB:01 P:nvmxdizc V:71  H:69 
018233 $AD $2B $19     LDA $192B [01192B] = $08B8      A:C8A8 X:08B8 Y:C8A8 S:1FBF D:192B DB:01 P:nvmxdizc V:71  H:75 
018236 $18             CLC                             A:08B8 X:08B8 Y:C8A8 S:1FBF D:192B DB:01 P:nvmxdizc V:71  H:85 
018237 $69 $20 $CA     ADC #$CA20                      A:08B8 X:08B8 Y:C8A8 S:1FBF D:192B DB:01 P:nvmxdizc V:71  H:88 
01823A $AA             TAX                             A:D2D8 X:08B8 Y:C8A8 S:1FBF D:192B DB:01 P:Nvmxdizc V:71  H:94 
01823B $AC $2D $19     LDY $192D [01192D] = $C8A8      A:D2D8 X:D2D8 Y:C8A8 S:1FBF D:192B DB:01 P:Nvmxdizc V:71  H:98 
01823E $A9 $0F $00     LDA #$000F                      A:D2D8 X:D2D8 Y:C8A8 S:1FBF D:192B DB:01 P:Nvmxdizc V:71  H:108
018241 $54 $7F $04     MVN $04 -> $7F                  A:000F X:D2D8 Y:C8A8 S:1FBF D:192B DB:01 P:nvmxdizc V:71  H:114
018241 $54 $7F $04     MVN $04 -> $7F                  A:000E X:D2D9 Y:C8A9 S:1FBF D:192B DB:7F P:nvmxdizc V:71  H:127
018241 $54 $7F $04     MVN $04 -> $7F                  A:000D X:D2DA Y:C8AA S:1FBF D:192B DB:7F P:nvmxdizc V:71  H:150
018241 $54 $7F $04     MVN $04 -> $7F                  A:000C X:D2DB Y:C8AB S:1FBF D:192B DB:7F P:nvmxdizc V:71  H:163
018241 $54 $7F $04     MVN $04 -> $7F                  A:000B X:D2DC Y:C8AC S:1FBF D:192B DB:7F P:nvmxdizc V:71  H:176
018241 $54 $7F $04     MVN $04 -> $7F                  A:000A X:D2DD Y:C8AD S:1FBF D:192B DB:7F P:nvmxdizc V:71  H:189
018241 $54 $7F $04     MVN $04 -> $7F                  A:0009 X:D2DE Y:C8AE S:1FBF D:192B DB:7F P:nvmxdizc V:71  H:202
018241 $54 $7F $04     MVN $04 -> $7F                  A:0008 X:D2DF Y:C8AF S:1FBF D:192B DB:7F P:nvmxdizc V:71  H:215
018241 $54 $7F $04     MVN $04 -> $7F                  A:0007 X:D2E0 Y:C8B0 S:1FBF D:192B DB:7F P:nvmxdizc V:71  H:228
018241 $54 $7F $04     MVN $04 -> $7F                  A:0006 X:D2E1 Y:C8B1 S:1FBF D:192B DB:7F P:nvmxdizc V:71  H:241
018241 $54 $7F $04     MVN $04 -> $7F                  A:0005 X:D2E2 Y:C8B2 S:1FBF D:192B DB:7F P:nvmxdizc V:71  H:254
018241 $54 $7F $04     MVN $04 -> $7F                  A:0004 X:D2E3 Y:C8B3 S:1FBF D:192B DB:7F P:nvmxdizc V:71  H:267
018241 $54 $7F $04     MVN $04 -> $7F                  A:0003 X:D2E4 Y:C8B4 S:1FBF D:192B DB:7F P:nvmxdizc V:71  H:293
018241 $54 $7F $04     MVN $04 -> $7F                  A:0002 X:D2E5 Y:C8B5 S:1FBF D:192B DB:7F P:nvmxdizc V:71  H:306
018241 $54 $7F $04     MVN $04 -> $7F                  A:0001 X:D2E6 Y:C8B6 S:1FBF D:192B DB:7F P:nvmxdizc V:71  H:319
018241 $54 $7F $04     MVN $04 -> $7F                  A:0000 X:D2E7 Y:C8B7 S:1FBF D:192B DB:7F P:nvmxdizc V:71  H:331
018244 $AB             PLB                             A:FFFF X:D2E8 Y:C8B8 S:1FBF D:192B DB:7F P:nvmxdizc V:72  H:4  
018245 $8A             TXA                             A:FFFF X:D2E8 Y:C8B8 S:1FC0 D:192B DB:01 P:nvmxdizc V:72  H:11 
018246 $38             SEC                             A:D2E8 X:D2E8 Y:C8B8 S:1FC0 D:192B DB:01 P:Nvmxdizc V:72  H:15 
018247 $E9 $20 $CA     SBC #$CA20                      A:D2E8 X:D2E8 Y:C8B8 S:1FC0 D:192B DB:01 P:NvmxdizC V:72  H:18 
01824A $AA             TAX                             A:08C8 X:D2E8 Y:C8B8 S:1FC0 D:192B DB:01 P:nvmxdizC V:72  H:24 
01824B $E2 $20         SEP #$20                        A:08C8 X:08C8 Y:C8B8 S:1FC0 D:192B DB:01 P:nvmxdizC V:72  H:28 
01824D $C2 $10         REP #$10                        A:08C8 X:08C8 Y:C8B8 S:1FC0 D:192B DB:01 P:nvMxdizC V:72  H:33 
01824F $F4 $7F $00     PEA #$007F                      A:08C8 X:08C8 Y:C8B8 S:1FC0 D:192B DB:01 P:nvMxdizC V:72  H:39 
018252 $AB             PLB                             A:08C8 X:08C8 Y:C8B8 S:1FBE D:192B DB:01 P:nvMxdizC V:72  H:49 
018253 $68             PLA                             A:08C8 X:08C8 Y:C8B8 S:1FBF D:192B DB:7F P:nvMxdizC V:72  H:56 
018254 $EB             XBA                             A:0800 X:08C8 Y:C8B8 S:1FC0 D:192B DB:7F P:nvMxdiZC V:72  H:63 
018255 $A9 $08         LDA #$08                        A:0008 X:08C8 Y:C8B8 S:1FC0 D:192B DB:7F P:nvMxdizC V:72  H:68 
018257 $8D $33 $19     STA $1933 [7F1933] = $00        A:0008 X:08C8 Y:C8B8 S:1FC0 D:192B DB:7F P:nvMxdizC V:72  H:72 
01825A $BF $20 $CA $04 LDA $04CA20,X [04D2E8] = $00    A:0008 X:08C8 Y:C8B8 S:1FC0 D:192B DB:7F P:nvMxdizC V:72  H:80 
01825E $E8             INX                             A:0000 X:08C8 Y:C8B8 S:1FC0 D:192B DB:7F P:nvMxdiZC V:72  H:90 
01825F $99 $00 $00     STA $0000,Y [7FC8B8] = $00      A:0000 X:08C9 Y:C8B8 S:1FC0 D:192B DB:7F P:nvMxdizC V:72  H:93 
018262 $C8             INY                             A:0000 X:08C9 Y:C8B8 S:1FC0 D:192B DB:7F P:nvMxdizC V:72  H:103
018263 $A9 $00         LDA #$00                        A:0000 X:08C9 Y:C8B9 S:1FC0 D:192B DB:7F P:NvMxdizC V:72  H:106
018265 $99 $00 $00     STA $0000,Y [7FC8B9] = $00      A:0000 X:08C9 Y:C8B9 S:1FC0 D:192B DB:7F P:nvMxdiZC V:72  H:110
018268 $C8             INY                             A:0000 X:08C9 Y:C8B9 S:1FC0 D:192B DB:7F P:nvMxdiZC V:72  H:120
018269 $CE $33 $19     DEC $1933 [7F1933] = $08        A:0000 X:08C9 Y:C8BA S:1FC0 D:192B DB:7F P:NvMxdizC V:72  H:123
01826C $D0 $EC         BNE $01825A                     A:0000 X:08C9 Y:C8BA S:1FC0 D:192B DB:7F P:nvMxdizC V:72  H:145
01825A $BF $20 $CA $04 LDA $04CA20,X [04D2E9] = $00    A:0000 X:08C9 Y:C8BA S:1FC0 D:192B DB:7F P:nvMxdizC V:72  H:150
01825E $E8             INX                             A:0000 X:08C9 Y:C8BA S:1FC0 D:192B DB:7F P:nvMxdiZC V:72  H:160
01825F $99 $00 $00     STA $0000,Y [7FC8BA] = $00      A:0000 X:08CA Y:C8BA S:1FC0 D:192B DB:7F P:nvMxdizC V:72  H:164
018262 $C8             INY                             A:0000 X:08CA Y:C8BA S:1FC0 D:192B DB:7F P:nvMxdizC V:72  H:173
018263 $A9 $00         LDA #$00                        A:0000 X:08CA Y:C8BB S:1FC0 D:192B DB:7F P:NvMxdizC V:72  H:177
018265 $99 $00 $00     STA $0000,Y [7FC8BB] = $00      A:0000 X:08CA Y:C8BB S:1FC0 D:192B DB:7F P:nvMxdiZC V:72  H:181
018268 $C8             INY                             A:0000 X:08CA Y:C8BB S:1FC0 D:192B DB:7F P:nvMxdiZC V:72  H:190
018269 $CE $33 $19     DEC $1933 [7F1933] = $07        A:0000 X:08CA Y:C8BC S:1FC0 D:192B DB:7F P:NvMxdizC V:72  H:194
01826C $D0 $EC         BNE $01825A                     A:0000 X:08CA Y:C8BC S:1FC0 D:192B DB:7F P:nvMxdizC V:72  H:205
01825A $BF $20 $CA $04 LDA $04CA20,X [04D2EA] = $00    A:0000 X:08CA Y:C8BC S:1FC0 D:192B DB:7F P:nvMxdizC V:72  H:211
01825E $E8             INX                             A:0000 X:08CA Y:C8BC S:1FC0 D:192B DB:7F P:nvMxdiZC V:72  H:221
01825F $99 $00 $00     STA $0000,Y [7FC8BC] = $00      A:0000 X:08CB Y:C8BC S:1FC0 D:192B DB:7F P:nvMxdizC V:72  H:224
018262 $C8             INY                             A:0000 X:08CB Y:C8BC S:1FC0 D:192B DB:7F P:nvMxdizC V:72  H:234
018263 $A9 $00         LDA #$00                        A:0000 X:08CB Y:C8BD S:1FC0 D:192B DB:7F P:NvMxdizC V:72  H:237
018265 $99 $00 $00     STA $0000,Y [7FC8BD] = $00      A:0000 X:08CB Y:C8BD S:1FC0 D:192B DB:7F P:nvMxdiZC V:72  H:241
018268 $C8             INY                             A:0000 X:08CB Y:C8BD S:1FC0 D:192B DB:7F P:nvMxdiZC V:72  H:251
018269 $CE $33 $19     DEC $1933 [7F1933] = $06        A:0000 X:08CB Y:C8BE S:1FC0 D:192B DB:7F P:NvMxdizC V:72  H:254
01826C $D0 $EC         BNE $01825A                     A:0000 X:08CB Y:C8BE S:1FC0 D:192B DB:7F P:nvMxdizC V:72  H:266
01825A $BF $20 $CA $04 LDA $04CA20,X [04D2EB] = $00    A:0000 X:08CB Y:C8BE S:1FC0 D:192B DB:7F P:nvMxdizC V:72  H:271
01825E $E8             INX                             A:0000 X:08CB Y:C8BE S:1FC0 D:192B DB:7F P:nvMxdiZC V:72  H:293
01825F $99 $00 $00     STA $0000,Y [7FC8BE] = $00      A:0000 X:08CC Y:C8BE S:1FC0 D:192B DB:7F P:nvMxdizC V:72  H:297
018262 $C8             INY                             A:0000 X:08CC Y:C8BE S:1FC0 D:192B DB:7F P:nvMxdizC V:72  H:306
018263 $A9 $00         LDA #$00                        A:0000 X:08CC Y:C8BF S:1FC0 D:192B DB:7F P:NvMxdizC V:72  H:310
018265 $99 $00 $00     STA $0000,Y [7FC8BF] = $00      A:0000 X:08CC Y:C8BF S:1FC0 D:192B DB:7F P:nvMxdiZC V:72  H:314
018268 $C8             INY                             A:0000 X:08CC Y:C8BF S:1FC0 D:192B DB:7F P:nvMxdiZC V:72  H:323
018269 $CE $33 $19     DEC $1933 [7F1933] = $05        A:0000 X:08CC Y:C8C0 S:1FC0 D:192B DB:7F P:NvMxdizC V:72  H:326
01826C $D0 $EC         BNE $01825A                     A:0000 X:08CC Y:C8C0 S:1FC0 D:192B DB:7F P:nvMxdizC V:72  H:337
01825A $BF $20 $CA $04 LDA $04CA20,X [04D2EC] = $00    A:0000 X:08CC Y:C8C0 S:1FC0 D:192B DB:7F P:nvMxdizC V:73  H:3  
01825E $E8             INX                             A:0000 X:08CC Y:C8C0 S:1FC0 D:192B DB:7F P:nvMxdiZC V:73  H:13 
01825F $99 $00 $00     STA $0000,Y [7FC8C0] = $00      A:0000 X:08CD Y:C8C0 S:1FC0 D:192B DB:7F P:nvMxdizC V:73  H:16 
018262 $C8             INY                             A:0000 X:08CD Y:C8C0 S:1FC0 D:192B DB:7F P:nvMxdizC V:73  H:26 
018263 $A9 $00         LDA #$00                        A:0000 X:08CD Y:C8C1 S:1FC0 D:192B DB:7F P:NvMxdizC V:73  H:29 
018265 $99 $00 $00     STA $0000,Y [7FC8C1] = $00      A:0000 X:08CD Y:C8C1 S:1FC0 D:192B DB:7F P:nvMxdiZC V:73  H:33 
018268 $C8             INY                             A:0000 X:08CD Y:C8C1 S:1FC0 D:192B DB:7F P:nvMxdiZC V:73  H:43 
018269 $CE $33 $19     DEC $1933 [7F1933] = $04        A:0000 X:08CD Y:C8C2 S:1FC0 D:192B DB:7F P:NvMxdizC V:73  H:46 
01826C $D0 $EC         BNE $01825A                     A:0000 X:08CD Y:C8C2 S:1FC0 D:192B DB:7F P:nvMxdizC V:73  H:58 
01825A $BF $20 $CA $04 LDA $04CA20,X [04D2ED] = $00    A:0000 X:08CD Y:C8C2 S:1FC0 D:192B DB:7F P:nvMxdizC V:73  H:63 
01825E $E8             INX                             A:0000 X:08CD Y:C8C2 S:1FC0 D:192B DB:7F P:nvMxdiZC V:73  H:73 
01825F $99 $00 $00     STA $0000,Y [7FC8C2] = $00      A:0000 X:08CE Y:C8C2 S:1FC0 D:192B DB:7F P:nvMxdizC V:73  H:77 
018262 $C8             INY                             A:0000 X:08CE Y:C8C2 S:1FC0 D:192B DB:7F P:nvMxdizC V:73  H:86 
018263 $A9 $00         LDA #$00                        A:0000 X:08CE Y:C8C3 S:1FC0 D:192B DB:7F P:NvMxdizC V:73  H:90 
018265 $99 $00 $00     STA $0000,Y [7FC8C3] = $00      A:0000 X:08CE Y:C8C3 S:1FC0 D:192B DB:7F P:nvMxdiZC V:73  H:94 
018268 $C8             INY                             A:0000 X:08CE Y:C8C3 S:1FC0 D:192B DB:7F P:nvMxdiZC V:73  H:103
018269 $CE $33 $19     DEC $1933 [7F1933] = $03        A:0000 X:08CE Y:C8C4 S:1FC0 D:192B DB:7F P:NvMxdizC V:73  H:107
01826C $D0 $EC         BNE $01825A                     A:0000 X:08CE Y:C8C4 S:1FC0 D:192B DB:7F P:nvMxdizC V:73  H:118
01825A $BF $20 $CA $04 LDA $04CA20,X [04D2EE] = $00    A:0000 X:08CE Y:C8C4 S:1FC0 D:192B DB:7F P:nvMxdizC V:73  H:124
01825E $E8             INX                             A:0000 X:08CE Y:C8C4 S:1FC0 D:192B DB:7F P:nvMxdiZC V:73  H:134
01825F $99 $00 $00     STA $0000,Y [7FC8C4] = $00      A:0000 X:08CF Y:C8C4 S:1FC0 D:192B DB:7F P:nvMxdizC V:73  H:147
018262 $C8             INY                             A:0000 X:08CF Y:C8C4 S:1FC0 D:192B DB:7F P:nvMxdizC V:73  H:157
018263 $A9 $00         LDA #$00                        A:0000 X:08CF Y:C8C5 S:1FC0 D:192B DB:7F P:NvMxdizC V:73  H:160
018265 $99 $00 $00     STA $0000,Y [7FC8C5] = $00      A:0000 X:08CF Y:C8C5 S:1FC0 D:192B DB:7F P:nvMxdiZC V:73  H:164
018268 $C8             INY                             A:0000 X:08CF Y:C8C5 S:1FC0 D:192B DB:7F P:nvMxdiZC V:73  H:174
018269 $CE $33 $19     DEC $1933 [7F1933] = $02        A:0000 X:08CF Y:C8C6 S:1FC0 D:192B DB:7F P:NvMxdizC V:73  H:177
01826C $D0 $EC         BNE $01825A                     A:0000 X:08CF Y:C8C6 S:1FC0 D:192B DB:7F P:nvMxdizC V:73  H:189
01825A $BF $20 $CA $04 LDA $04CA20,X [04D2EF] = $00    A:0000 X:08CF Y:C8C6 S:1FC0 D:192B DB:7F P:nvMxdizC V:73  H:194
01825E $E8             INX                             A:0000 X:08CF Y:C8C6 S:1FC0 D:192B DB:7F P:nvMxdiZC V:73  H:204
01825F $99 $00 $00     STA $0000,Y [7FC8C6] = $00      A:0000 X:08D0 Y:C8C6 S:1FC0 D:192B DB:7F P:nvMxdizC V:73  H:208
018262 $C8             INY                             A:0000 X:08D0 Y:C8C6 S:1FC0 D:192B DB:7F P:nvMxdizC V:73  H:217
018263 $A9 $00         LDA #$00                        A:0000 X:08D0 Y:C8C7 S:1FC0 D:192B DB:7F P:NvMxdizC V:73  H:221
018265 $99 $00 $00     STA $0000,Y [7FC8C7] = $00      A:0000 X:08D0 Y:C8C7 S:1FC0 D:192B DB:7F P:nvMxdiZC V:73  H:225
018268 $C8             INY                             A:0000 X:08D0 Y:C8C7 S:1FC0 D:192B DB:7F P:nvMxdiZC V:73  H:234
018269 $CE $33 $19     DEC $1933 [7F1933] = $01        A:0000 X:08D0 Y:C8C8 S:1FC0 D:192B DB:7F P:NvMxdizC V:73  H:238
01826C $D0 $EC         BNE $01825A                     A:0000 X:08D0 Y:C8C8 S:1FC0 D:192B DB:7F P:nvMxdiZC V:73  H:249
01826E $28             PLP                             A:0000 X:08D0 Y:C8C8 S:1FC0 D:192B DB:7F P:nvMxdiZC V:73  H:253
01826F $AB             PLB                             A:0000 X:08D0 Y:C8C8 S:1FC1 D:192B DB:7F P:nvmxdizc V:73  H:260
018270 $60             RTS                             A:0000 X:08D0 Y:C8C8 S:1FC2 D:192B DB:01 P:nvmxdizc V:73  H:267
018218 $A5 $00         LDA $00 [00192B] = $08B8        A:0000 X:08D0 Y:C8C8 S:1FC4 D:192B DB:01 P:nvmxdizc V:73  H:290
01821A $18             CLC                             A:08B8 X:08D0 Y:C8C8 S:1FC4 D:192B DB:01 P:nvmxdizc V:73  H:299
01821B $69 $18 $00     ADC #$0018                      A:08B8 X:08D0 Y:C8C8 S:1FC4 D:192B DB:01 P:nvmxdizc V:73  H:303
01821E $85 $00         STA $00 [00192B] = $08B8        A:08D0 X:08D0 Y:C8C8 S:1FC4 D:192B DB:01 P:nvmxdizc V:73  H:309
018220 $A5 $02         LDA $02 [00192D] = $C8A8        A:08D0 X:08D0 Y:C8C8 S:1FC4 D:192B DB:01 P:nvmxdizc V:73  H:318
018222 $18             CLC                             A:C8A8 X:08D0 Y:C8C8 S:1FC4 D:192B DB:01 P:Nvmxdizc V:73  H:327
018223 $69 $20 $00     ADC #$0020                      A:C8A8 X:08D0 Y:C8C8 S:1FC4 D:192B DB:01 P:Nvmxdizc V:73  H:330
018226 $85 $02         STA $02 [00192D] = $C8A8        A:C8C8 X:08D0 Y:C8C8 S:1FC4 D:192B DB:01 P:Nvmxdizc V:73  H:336
018228 $C6 $06         DEC $06 [001931] = $0003        A:C8C8 X:08D0 Y:C8C8 S:1FC4 D:192B DB:01 P:Nvmxdizc V:74  H:6  
01822A $D0 $E9         BNE $018215                     A:C8C8 X:08D0 Y:C8C8 S:1FC4 D:192B DB:01 P:nvmxdizc V:74  H:21 
018215 $20 $2E $82     JSR $822E [01822E] = $088B      A:C8C8 X:08D0 Y:C8C8 S:1FC4 D:192B DB:01 P:nvmxdizc V:74  H:26 
01822E $8B             PHB                             A:C8C8 X:08D0 Y:C8C8 S:1FC2 D:192B DB:01 P:nvmxdizc V:74  H:38 
01822F $08             PHP                             A:C8C8 X:08D0 Y:C8C8 S:1FC1 D:192B DB:01 P:nvmxdizc V:74  H:43 
018230 $C2 $30         REP #$30                        A:C8C8 X:08D0 Y:C8C8 S:1FC0 D:192B DB:01 P:nvmxdizc V:74  H:49 
018232 $8B             PHB                             A:C8C8 X:08D0 Y:C8C8 S:1FC0 D:192B DB:01 P:nvmxdizc V:74  H:54 
018233 $AD $2B $19     LDA $192B [01192B] = $08D0      A:C8C8 X:08D0 Y:C8C8 S:1FBF D:192B DB:01 P:nvmxdizc V:74  H:60 
018236 $18             CLC                             A:08D0 X:08D0 Y:C8C8 S:1FBF D:192B DB:01 P:nvmxdizc V:74  H:70 
018237 $69 $20 $CA     ADC #$CA20                      A:08D0 X:08D0 Y:C8C8 S:1FBF D:192B DB:01 P:nvmxdizc V:74  H:73 
01823A $AA             TAX                             A:D2F0 X:08D0 Y:C8C8 S:1FBF D:192B DB:01 P:Nvmxdizc V:74  H:79 
01823B $AC $2D $19     LDY $192D [01192D] = $C8C8      A:D2F0 X:D2F0 Y:C8C8 S:1FBF D:192B DB:01 P:Nvmxdizc V:74  H:83 
01823E $A9 $0F $00     LDA #$000F                      A:D2F0 X:D2F0 Y:C8C8 S:1FBF D:192B DB:01 P:Nvmxdizc V:74  H:93 
018241 $54 $7F $04     MVN $04 -> $7F                  A:000F X:D2F0 Y:C8C8 S:1FBF D:192B DB:01 P:nvmxdizc V:74  H:99 
018241 $54 $7F $04     MVN $04 -> $7F                  A:000E X:D2F1 Y:C8C9 S:1FBF D:192B DB:7F P:nvmxdizc V:74  H:112
018241 $54 $7F $04     MVN $04 -> $7F                  A:000D X:D2F2 Y:C8CA S:1FBF D:192B DB:7F P:nvmxdizc V:74  H:125
018241 $54 $7F $04     MVN $04 -> $7F                  A:000C X:D2F3 Y:C8CB S:1FBF D:192B DB:7F P:nvmxdizc V:74  H:148
018241 $54 $7F $04     MVN $04 -> $7F                  A:000B X:D2F4 Y:C8CC S:1FBF D:192B DB:7F P:nvmxdizc V:74  H:161
018241 $54 $7F $04     MVN $04 -> $7F                  A:000A X:D2F5 Y:C8CD S:1FBF D:192B DB:7F P:nvmxdizc V:74  H:174
018241 $54 $7F $04     MVN $04 -> $7F                  A:0009 X:D2F6 Y:C8CE S:1FBF D:192B DB:7F P:nvmxdizc V:74  H:187
018241 $54 $7F $04     MVN $04 -> $7F                  A:0008 X:D2F7 Y:C8CF S:1FBF D:192B DB:7F P:nvmxdizc V:74  H:200
018241 $54 $7F $04     MVN $04 -> $7F                  A:0007 X:D2F8 Y:C8D0 S:1FBF D:192B DB:7F P:nvmxdizc V:74  H:213
018241 $54 $7F $04     MVN $04 -> $7F                  A:0006 X:D2F9 Y:C8D1 S:1FBF D:192B DB:7F P:nvmxdizc V:74  H:226
018241 $54 $7F $04     MVN $04 -> $7F                  A:0005 X:D2FA Y:C8D2 S:1FBF D:192B DB:7F P:nvmxdizc V:74  H:239
018241 $54 $7F $04     MVN $04 -> $7F                  A:0004 X:D2FB Y:C8D3 S:1FBF D:192B DB:7F P:nvmxdizc V:74  H:252
018241 $54 $7F $04     MVN $04 -> $7F                  A:0003 X:D2FC Y:C8D4 S:1FBF D:192B DB:7F P:nvmxdizc V:74  H:265
018241 $54 $7F $04     MVN $04 -> $7F                  A:0002 X:D2FD Y:C8D5 S:1FBF D:192B DB:7F P:nvmxdizc V:74  H:292
018241 $54 $7F $04     MVN $04 -> $7F                  A:0001 X:D2FE Y:C8D6 S:1FBF D:192B DB:7F P:nvmxdizc V:74  H:305
018241 $54 $7F $04     MVN $04 -> $7F                  A:0000 X:D2FF Y:C8D7 S:1FBF D:192B DB:7F P:nvmxdizc V:74  H:318
018244 $AB             PLB                             A:FFFF X:D300 Y:C8D8 S:1FBF D:192B DB:7F P:nvmxdizc V:74  H:330
018245 $8A             TXA                             A:FFFF X:D300 Y:C8D8 S:1FC0 D:192B DB:01 P:nvmxdizc V:74  H:337
018246 $38             SEC                             A:D300 X:D300 Y:C8D8 S:1FC0 D:192B DB:01 P:Nvmxdizc V:75  H:0  
018247 $E9 $20 $CA     SBC #$CA20                      A:D300 X:D300 Y:C8D8 S:1FC0 D:192B DB:01 P:NvmxdizC V:75  H:4  
01824A $AA             TAX                             A:08E0 X:D300 Y:C8D8 S:1FC0 D:192B DB:01 P:nvmxdizC V:75  H:10 
01824B $E2 $20         SEP #$20                        A:08E0 X:08E0 Y:C8D8 S:1FC0 D:192B DB:01 P:nvmxdizC V:75  H:13 
01824D $C2 $10         REP #$10                        A:08E0 X:08E0 Y:C8D8 S:1FC0 D:192B DB:01 P:nvMxdizC V:75  H:19 
01824F $F4 $7F $00     PEA #$007F                      A:08E0 X:08E0 Y:C8D8 S:1FC0 D:192B DB:01 P:nvMxdizC V:75  H:24 
018252 $AB             PLB                             A:08E0 X:08E0 Y:C8D8 S:1FBE D:192B DB:01 P:nvMxdizC V:75  H:34 
018253 $68             PLA                             A:08E0 X:08E0 Y:C8D8 S:1FBF D:192B DB:7F P:nvMxdizC V:75  H:41 
018254 $EB             XBA                             A:0800 X:08E0 Y:C8D8 S:1FC0 D:192B DB:7F P:nvMxdiZC V:75  H:48 
018255 $A9 $08         LDA #$08                        A:0008 X:08E0 Y:C8D8 S:1FC0 D:192B DB:7F P:nvMxdizC V:75  H:53 
018257 $8D $33 $19     STA $1933 [7F1933] = $00        A:0008 X:08E0 Y:C8D8 S:1FC0 D:192B DB:7F P:nvMxdizC V:75  H:57 
01825A $BF $20 $CA $04 LDA $04CA20,X [04D300] = $00    A:0008 X:08E0 Y:C8D8 S:1FC0 D:192B DB:7F P:nvMxdizC V:75  H:65 
01825E $E8             INX                             A:0000 X:08E0 Y:C8D8 S:1FC0 D:192B DB:7F P:nvMxdiZC V:75  H:75 
01825F $99 $00 $00     STA $0000,Y [7FC8D8] = $00      A:0000 X:08E1 Y:C8D8 S:1FC0 D:192B DB:7F P:nvMxdizC V:75  H:79 
018262 $C8             INY                             A:0000 X:08E1 Y:C8D8 S:1FC0 D:192B DB:7F P:nvMxdizC V:75  H:88 
018263 $A9 $00         LDA #$00                        A:0000 X:08E1 Y:C8D9 S:1FC0 D:192B DB:7F P:NvMxdizC V:75  H:92 
018265 $99 $00 $00     STA $0000,Y [7FC8D9] = $00      A:0000 X:08E1 Y:C8D9 S:1FC0 D:192B DB:7F P:nvMxdiZC V:75  H:96 
018268 $C8             INY                             A:0000 X:08E1 Y:C8D9 S:1FC0 D:192B DB:7F P:nvMxdiZC V:75  H:105
018269 $CE $33 $19     DEC $1933 [7F1933] = $08        A:0000 X:08E1 Y:C8DA S:1FC0 D:192B DB:7F P:NvMxdizC V:75  H:109
01826C $D0 $EC         BNE $01825A                     A:0000 X:08E1 Y:C8DA S:1FC0 D:192B DB:7F P:nvMxdizC V:75  H:120
01825A $BF $20 $CA $04 LDA $04CA20,X [04D301] = $00    A:0000 X:08E1 Y:C8DA S:1FC0 D:192B DB:7F P:nvMxdizC V:75  H:126
01825E $E8             INX                             A:0000 X:08E1 Y:C8DA S:1FC0 D:192B DB:7F P:nvMxdiZC V:75  H:146
01825F $99 $00 $00     STA $0000,Y [7FC8DA] = $00      A:0000 X:08E2 Y:C8DA S:1FC0 D:192B DB:7F P:nvMxdizC V:75  H:149
018262 $C8             INY                             A:0000 X:08E2 Y:C8DA S:1FC0 D:192B DB:7F P:nvMxdizC V:75  H:159
018263 $A9 $00         LDA #$00                        A:0000 X:08E2 Y:C8DB S:1FC0 D:192B DB:7F P:NvMxdizC V:75  H:162
018265 $99 $00 $00     STA $0000,Y [7FC8DB] = $00      A:0000 X:08E2 Y:C8DB S:1FC0 D:192B DB:7F P:nvMxdiZC V:75  H:166
018268 $C8             INY                             A:0000 X:08E2 Y:C8DB S:1FC0 D:192B DB:7F P:nvMxdiZC V:75  H:176
018269 $CE $33 $19     DEC $1933 [7F1933] = $07        A:0000 X:08E2 Y:C8DC S:1FC0 D:192B DB:7F P:NvMxdizC V:75  H:179
01826C $D0 $EC         BNE $01825A                     A:0000 X:08E2 Y:C8DC S:1FC0 D:192B DB:7F P:nvMxdizC V:75  H:191
01825A $BF $20 $CA $04 LDA $04CA20,X [04D302] = $00    A:0000 X:08E2 Y:C8DC S:1FC0 D:192B DB:7F P:nvMxdizC V:75  H:196
01825E $E8             INX                             A:0000 X:08E2 Y:C8DC S:1FC0 D:192B DB:7F P:nvMxdiZC V:75  H:206
01825F $99 $00 $00     STA $0000,Y [7FC8DC] = $00      A:0000 X:08E3 Y:C8DC S:1FC0 D:192B DB:7F P:nvMxdizC V:75  H:210
018262 $C8             INY                             A:0000 X:08E3 Y:C8DC S:1FC0 D:192B DB:7F P:nvMxdizC V:75  H:219
018263 $A9 $00         LDA #$00                        A:0000 X:08E3 Y:C8DD S:1FC0 D:192B DB:7F P:NvMxdizC V:75  H:223
018265 $99 $00 $00     STA $0000,Y [7FC8DD] = $00      A:0000 X:08E3 Y:C8DD S:1FC0 D:192B DB:7F P:nvMxdiZC V:75  H:227
018268 $C8             INY                             A:0000 X:08E3 Y:C8DD S:1FC0 D:192B DB:7F P:nvMxdiZC V:75  H:236
018269 $CE $33 $19     DEC $1933 [7F1933] = $06        A:0000 X:08E3 Y:C8DE S:1FC0 D:192B DB:7F P:NvMxdizC V:75  H:240
01826C $D0 $EC         BNE $01825A                     A:0000 X:08E3 Y:C8DE S:1FC0 D:192B DB:7F P:nvMxdizC V:75  H:251
01825A $BF $20 $CA $04 LDA $04CA20,X [04D303] = $00    A:0000 X:08E3 Y:C8DE S:1FC0 D:192B DB:7F P:nvMxdizC V:75  H:257
01825E $E8             INX                             A:0000 X:08E3 Y:C8DE S:1FC0 D:192B DB:7F P:nvMxdiZC V:75  H:267
01825F $99 $00 $00     STA $0000,Y [7FC8DE] = $00      A:0000 X:08E4 Y:C8DE S:1FC0 D:192B DB:7F P:nvMxdizC V:75  H:270
018262 $C8             INY                             A:0000 X:08E4 Y:C8DE S:1FC0 D:192B DB:7F P:nvMxdizC V:75  H:292
018263 $A9 $00         LDA #$00                        A:0000 X:08E4 Y:C8DF S:1FC0 D:192B DB:7F P:NvMxdizC V:75  H:295
018265 $99 $00 $00     STA $0000,Y [7FC8DF] = $00      A:0000 X:08E4 Y:C8DF S:1FC0 D:192B DB:7F P:nvMxdiZC V:75  H:299
018268 $C8             INY                             A:0000 X:08E4 Y:C8DF S:1FC0 D:192B DB:7F P:nvMxdiZC V:75  H:309
018269 $CE $33 $19     DEC $1933 [7F1933] = $05        A:0000 X:08E4 Y:C8E0 S:1FC0 D:192B DB:7F P:NvMxdizC V:75  H:312
01826C $D0 $EC         BNE $01825A                     A:0000 X:08E4 Y:C8E0 S:1FC0 D:192B DB:7F P:nvMxdizC V:75  H:323
01825A $BF $20 $CA $04 LDA $04CA20,X [04D304] = $00    A:0000 X:08E4 Y:C8E0 S:1FC0 D:192B DB:7F P:nvMxdizC V:75  H:328
01825E $E8             INX                             A:0000 X:08E4 Y:C8E0 S:1FC0 D:192B DB:7F P:nvMxdiZC V:75  H:338
01825F $99 $00 $00     STA $0000,Y [7FC8E0] = $00      A:0000 X:08E5 Y:C8E0 S:1FC0 D:192B DB:7F P:nvMxdizC V:76  H:2  
018262 $C8             INY                             A:0000 X:08E5 Y:C8E0 S:1FC0 D:192B DB:7F P:nvMxdizC V:76  H:11 
018263 $A9 $00         LDA #$00                        A:0000 X:08E5 Y:C8E1 S:1FC0 D:192B DB:7F P:NvMxdizC V:76  H:15 
018265 $99 $00 $00     STA $0000,Y [7FC8E1] = $00      A:0000 X:08E5 Y:C8E1 S:1FC0 D:192B DB:7F P:nvMxdiZC V:76  H:19 
018268 $C8             INY                             A:0000 X:08E5 Y:C8E1 S:1FC0 D:192B DB:7F P:nvMxdiZC V:76  H:28 
018269 $CE $33 $19     DEC $1933 [7F1933] = $04        A:0000 X:08E5 Y:C8E2 S:1FC0 D:192B DB:7F P:NvMxdizC V:76  H:32 
01826C $D0 $EC         BNE $01825A                     A:0000 X:08E5 Y:C8E2 S:1FC0 D:192B DB:7F P:nvMxdizC V:76  H:43 
01825A $BF $20 $CA $04 LDA $04CA20,X [04D305] = $00    A:0000 X:08E5 Y:C8E2 S:1FC0 D:192B DB:7F P:nvMxdizC V:76  H:49 
01825E $E8             INX                             A:0000 X:08E5 Y:C8E2 S:1FC0 D:192B DB:7F P:nvMxdiZC V:76  H:59 
01825F $99 $00 $00     STA $0000,Y [7FC8E2] = $00      A:0000 X:08E6 Y:C8E2 S:1FC0 D:192B DB:7F P:nvMxdizC V:76  H:62 
018262 $C8             INY                             A:0000 X:08E6 Y:C8E2 S:1FC0 D:192B DB:7F P:nvMxdizC V:76  H:72 
018263 $A9 $00         LDA #$00                        A:0000 X:08E6 Y:C8E3 S:1FC0 D:192B DB:7F P:NvMxdizC V:76  H:75 
018265 $99 $00 $00     STA $0000,Y [7FC8E3] = $00      A:0000 X:08E6 Y:C8E3 S:1FC0 D:192B DB:7F P:nvMxdiZC V:76  H:79 
018268 $C8             INY                             A:0000 X:08E6 Y:C8E3 S:1FC0 D:192B DB:7F P:nvMxdiZC V:76  H:89 
018269 $CE $33 $19     DEC $1933 [7F1933] = $03        A:0000 X:08E6 Y:C8E4 S:1FC0 D:192B DB:7F P:NvMxdizC V:76  H:92 
01826C $D0 $EC         BNE $01825A                     A:0000 X:08E6 Y:C8E4 S:1FC0 D:192B DB:7F P:nvMxdizC V:76  H:104
01825A $BF $20 $CA $04 LDA $04CA20,X [04D306] = $00    A:0000 X:08E6 Y:C8E4 S:1FC0 D:192B DB:7F P:nvMxdizC V:76  H:109
01825E $E8             INX                             A:0000 X:08E6 Y:C8E4 S:1FC0 D:192B DB:7F P:nvMxdiZC V:76  H:119
01825F $99 $00 $00     STA $0000,Y [7FC8E4] = $00      A:0000 X:08E7 Y:C8E4 S:1FC0 D:192B DB:7F P:nvMxdizC V:76  H:123
018262 $C8             INY                             A:0000 X:08E7 Y:C8E4 S:1FC0 D:192B DB:7F P:nvMxdizC V:76  H:132
018263 $A9 $00         LDA #$00                        A:0000 X:08E7 Y:C8E5 S:1FC0 D:192B DB:7F P:NvMxdizC V:76  H:146
018265 $99 $00 $00     STA $0000,Y [7FC8E5] = $00      A:0000 X:08E7 Y:C8E5 S:1FC0 D:192B DB:7F P:nvMxdiZC V:76  H:150
018268 $C8             INY                             A:0000 X:08E7 Y:C8E5 S:1FC0 D:192B DB:7F P:nvMxdiZC V:76  H:159
018269 $CE $33 $19     DEC $1933 [7F1933] = $02        A:0000 X:08E7 Y:C8E6 S:1FC0 D:192B DB:7F P:NvMxdizC V:76  H:163
01826C $D0 $EC         BNE $01825A                     A:0000 X:08E7 Y:C8E6 S:1FC0 D:192B DB:7F P:nvMxdizC V:76  H:174
01825A $BF $20 $CA $04 LDA $04CA20,X [04D307] = $00    A:0000 X:08E7 Y:C8E6 S:1FC0 D:192B DB:7F P:nvMxdizC V:76  H:180
01825E $E8             INX                             A:0000 X:08E7 Y:C8E6 S:1FC0 D:192B DB:7F P:nvMxdiZC V:76  H:190
01825F $99 $00 $00     STA $0000,Y [7FC8E6] = $00      A:0000 X:08E8 Y:C8E6 S:1FC0 D:192B DB:7F P:nvMxdizC V:76  H:193
018262 $C8             INY                             A:0000 X:08E8 Y:C8E6 S:1FC0 D:192B DB:7F P:nvMxdizC V:76  H:203
018263 $A9 $00         LDA #$00                        A:0000 X:08E8 Y:C8E7 S:1FC0 D:192B DB:7F P:NvMxdizC V:76  H:206
018265 $99 $00 $00     STA $0000,Y [7FC8E7] = $00      A:0000 X:08E8 Y:C8E7 S:1FC0 D:192B DB:7F P:nvMxdiZC V:76  H:210
018268 $C8             INY                             A:0000 X:08E8 Y:C8E7 S:1FC0 D:192B DB:7F P:nvMxdiZC V:76  H:220
018269 $CE $33 $19     DEC $1933 [7F1933] = $01        A:0000 X:08E8 Y:C8E8 S:1FC0 D:192B DB:7F P:NvMxdizC V:76  H:223
01826C $D0 $EC         BNE $01825A                     A:0000 X:08E8 Y:C8E8 S:1FC0 D:192B DB:7F P:nvMxdiZC V:76  H:235
01826E $28             PLP                             A:0000 X:08E8 Y:C8E8 S:1FC0 D:192B DB:7F P:nvMxdiZC V:76  H:239
01826F $AB             PLB                             A:0000 X:08E8 Y:C8E8 S:1FC1 D:192B DB:7F P:nvmxdizc V:76  H:246
018270 $60             RTS                             A:0000 X:08E8 Y:C8E8 S:1FC2 D:192B DB:01 P:nvmxdizc V:76  H:253
018218 $A5 $00         LDA $00 [00192B] = $08D0        A:0000 X:08E8 Y:C8E8 S:1FC4 D:192B DB:01 P:nvmxdizc V:76  H:263
01821A $18             CLC                             A:08D0 X:08E8 Y:C8E8 S:1FC4 D:192B DB:01 P:nvmxdizc V:76  H:273
01821B $69 $18 $00     ADC #$0018                      A:08D0 X:08E8 Y:C8E8 S:1FC4 D:192B DB:01 P:nvmxdizc V:76  H:276
01821E $85 $00         STA $00 [00192B] = $08D0        A:08E8 X:08E8 Y:C8E8 S:1FC4 D:192B DB:01 P:nvmxdizc V:76  H:294
018220 $A5 $02         LDA $02 [00192D] = $C8C8        A:08E8 X:08E8 Y:C8E8 S:1FC4 D:192B DB:01 P:nvmxdizc V:76  H:304
018222 $18             CLC                             A:C8C8 X:08E8 Y:C8E8 S:1FC4 D:192B DB:01 P:Nvmxdizc V:76  H:313
018223 $69 $20 $00     ADC #$0020                      A:C8C8 X:08E8 Y:C8E8 S:1FC4 D:192B DB:01 P:Nvmxdizc V:76  H:317
018226 $85 $02         STA $02 [00192D] = $C8C8        A:C8E8 X:08E8 Y:C8E8 S:1FC4 D:192B DB:01 P:Nvmxdizc V:76  H:323
018228 $C6 $06         DEC $06 [001931] = $0002        A:C8E8 X:08E8 Y:C8E8 S:1FC4 D:192B DB:01 P:Nvmxdizc V:76  H:331
01822A $D0 $E9         BNE $018215                     A:C8E8 X:08E8 Y:C8E8 S:1FC4 D:192B DB:01 P:nvmxdizc V:77  H:6  
018215 $20 $2E $82     JSR $822E [01822E] = $088B      A:C8E8 X:08E8 Y:C8E8 S:1FC4 D:192B DB:01 P:nvmxdizc V:77  H:12 
01822E $8B             PHB                             A:C8E8 X:08E8 Y:C8E8 S:1FC2 D:192B DB:01 P:nvmxdizc V:77  H:23 
01822F $08             PHP                             A:C8E8 X:08E8 Y:C8E8 S:1FC1 D:192B DB:01 P:nvmxdizc V:77  H:29 
018230 $C2 $30         REP #$30                        A:C8E8 X:08E8 Y:C8E8 S:1FC0 D:192B DB:01 P:nvmxdizc V:77  H:34 
018232 $8B             PHB                             A:C8E8 X:08E8 Y:C8E8 S:1FC0 D:192B DB:01 P:nvmxdizc V:77  H:40 
018233 $AD $2B $19     LDA $192B [01192B] = $08E8      A:C8E8 X:08E8 Y:C8E8 S:1FBF D:192B DB:01 P:nvmxdizc V:77  H:45 
018236 $18             CLC                             A:08E8 X:08E8 Y:C8E8 S:1FBF D:192B DB:01 P:nvmxdizc V:77  H:55 
018237 $69 $20 $CA     ADC #$CA20                      A:08E8 X:08E8 Y:C8E8 S:1FBF D:192B DB:01 P:nvmxdizc V:77  H:59 
01823A $AA             TAX                             A:D308 X:08E8 Y:C8E8 S:1FBF D:192B DB:01 P:Nvmxdizc V:77  H:65 
01823B $AC $2D $19     LDY $192D [01192D] = $C8E8      A:D308 X:D308 Y:C8E8 S:1FBF D:192B DB:01 P:Nvmxdizc V:77  H:68 
01823E $A9 $0F $00     LDA #$000F                      A:D308 X:D308 Y:C8E8 S:1FBF D:192B DB:01 P:Nvmxdizc V:77  H:78 
018241 $54 $7F $04     MVN $04 -> $7F                  A:000F X:D308 Y:C8E8 S:1FBF D:192B DB:01 P:nvmxdizc V:77  H:84 
018241 $54 $7F $04     MVN $04 -> $7F                  A:000E X:D309 Y:C8E9 S:1FBF D:192B DB:7F P:nvmxdizc V:77  H:97 
018241 $54 $7F $04     MVN $04 -> $7F                  A:000D X:D30A Y:C8EA S:1FBF D:192B DB:7F P:nvmxdizc V:77  H:110
018241 $54 $7F $04     MVN $04 -> $7F                  A:000C X:D30B Y:C8EB S:1FBF D:192B DB:7F P:nvmxdizc V:77  H:123
018241 $54 $7F $04     MVN $04 -> $7F                  A:000B X:D30C Y:C8EC S:1FBF D:192B DB:7F P:nvmxdizc V:77  H:146
018241 $54 $7F $04     MVN $04 -> $7F                  A:000A X:D30D Y:C8ED S:1FBF D:192B DB:7F P:nvmxdizc V:77  H:159
018241 $54 $7F $04     MVN $04 -> $7F                  A:0009 X:D30E Y:C8EE S:1FBF D:192B DB:7F P:nvmxdizc V:77  H:172
018241 $54 $7F $04     MVN $04 -> $7F                  A:0008 X:D30F Y:C8EF S:1FBF D:192B DB:7F P:nvmxdizc V:77  H:185
018241 $54 $7F $04     MVN $04 -> $7F                  A:0007 X:D310 Y:C8F0 S:1FBF D:192B DB:7F P:nvmxdizc V:77  H:198
018241 $54 $7F $04     MVN $04 -> $7F                  A:0006 X:D311 Y:C8F1 S:1FBF D:192B DB:7F P:nvmxdizc V:77  H:211
018241 $54 $7F $04     MVN $04 -> $7F                  A:0005 X:D312 Y:C8F2 S:1FBF D:192B DB:7F P:nvmxdizc V:77  H:224
018241 $54 $7F $04     MVN $04 -> $7F                  A:0004 X:D313 Y:C8F3 S:1FBF D:192B DB:7F P:nvmxdizc V:77  H:237
018241 $54 $7F $04     MVN $04 -> $7F                  A:0003 X:D314 Y:C8F4 S:1FBF D:192B DB:7F P:nvmxdizc V:77  H:250
018241 $54 $7F $04     MVN $04 -> $7F                  A:0002 X:D315 Y:C8F5 S:1FBF D:192B DB:7F P:nvmxdizc V:77  H:263
018241 $54 $7F $04     MVN $04 -> $7F                  A:0001 X:D316 Y:C8F6 S:1FBF D:192B DB:7F P:nvmxdizc V:77  H:276
018241 $54 $7F $04     MVN $04 -> $7F                  A:0000 X:D317 Y:C8F7 S:1FBF D:192B DB:7F P:nvmxdizc V:77  H:301
018244 $AB             PLB                             A:FFFF X:D318 Y:C8F8 S:1FBF D:192B DB:7F P:nvmxdizc V:77  H:314
018245 $8A             TXA                             A:FFFF X:D318 Y:C8F8 S:1FC0 D:192B DB:01 P:nvmxdizc V:77  H:321
018246 $38             SEC                             A:D318 X:D318 Y:C8F8 S:1FC0 D:192B DB:01 P:Nvmxdizc V:77  H:324
018247 $E9 $20 $CA     SBC #$CA20                      A:D318 X:D318 Y:C8F8 S:1FC0 D:192B DB:01 P:NvmxdizC V:77  H:327
01824A $AA             TAX                             A:08F8 X:D318 Y:C8F8 S:1FC0 D:192B DB:01 P:nvmxdizC V:77  H:333
01824B $E2 $20         SEP #$20                        A:08F8 X:08F8 Y:C8F8 S:1FC0 D:192B DB:01 P:nvmxdizC V:77  H:337
01824D $C2 $10         REP #$10                        A:08F8 X:08F8 Y:C8F8 S:1FC0 D:192B DB:01 P:nvMxdizC V:78  H:2  
01824F $F4 $7F $00     PEA #$007F                      A:08F8 X:08F8 Y:C8F8 S:1FC0 D:192B DB:01 P:nvMxdizC V:78  H:8  
018252 $AB             PLB                             A:08F8 X:08F8 Y:C8F8 S:1FBE D:192B DB:01 P:nvMxdizC V:78  H:18 
018253 $68             PLA                             A:08F8 X:08F8 Y:C8F8 S:1FBF D:192B DB:7F P:nvMxdizC V:78  H:25 
018254 $EB             XBA                             A:0800 X:08F8 Y:C8F8 S:1FC0 D:192B DB:7F P:nvMxdiZC V:78  H:32 
018255 $A9 $08         LDA #$08                        A:0008 X:08F8 Y:C8F8 S:1FC0 D:192B DB:7F P:nvMxdizC V:78  H:37 
018257 $8D $33 $19     STA $1933 [7F1933] = $00        A:0008 X:08F8 Y:C8F8 S:1FC0 D:192B DB:7F P:nvMxdizC V:78  H:41 
01825A $BF $20 $CA $04 LDA $04CA20,X [04D318] = $00    A:0008 X:08F8 Y:C8F8 S:1FC0 D:192B DB:7F P:nvMxdizC V:78  H:49 
01825E $E8             INX                             A:0000 X:08F8 Y:C8F8 S:1FC0 D:192B DB:7F P:nvMxdiZC V:78  H:59 
01825F $99 $00 $00     STA $0000,Y [7FC8F8] = $00      A:0000 X:08F9 Y:C8F8 S:1FC0 D:192B DB:7F P:nvMxdizC V:78  H:62 
018262 $C8             INY                             A:0000 X:08F9 Y:C8F8 S:1FC0 D:192B DB:7F P:nvMxdizC V:78  H:72 
018263 $A9 $00         LDA #$00                        A:0000 X:08F9 Y:C8F9 S:1FC0 D:192B DB:7F P:NvMxdizC V:78  H:75 
018265 $99 $00 $00     STA $0000,Y [7FC8F9] = $00      A:0000 X:08F9 Y:C8F9 S:1FC0 D:192B DB:7F P:nvMxdiZC V:78  H:79 
018268 $C8             INY                             A:0000 X:08F9 Y:C8F9 S:1FC0 D:192B DB:7F P:nvMxdiZC V:78  H:89 
018269 $CE $33 $19     DEC $1933 [7F1933] = $08        A:0000 X:08F9 Y:C8FA S:1FC0 D:192B DB:7F P:NvMxdizC V:78  H:92 
01826C $D0 $EC         BNE $01825A                     A:0000 X:08F9 Y:C8FA S:1FC0 D:192B DB:7F P:nvMxdizC V:78  H:104
01825A $BF $20 $CA $04 LDA $04CA20,X [04D319] = $00    A:0000 X:08F9 Y:C8FA S:1FC0 D:192B DB:7F P:nvMxdizC V:78  H:109
01825E $E8             INX                             A:0000 X:08F9 Y:C8FA S:1FC0 D:192B DB:7F P:nvMxdiZC V:78  H:119
01825F $99 $00 $00     STA $0000,Y [7FC8FA] = $00      A:0000 X:08FA Y:C8FA S:1FC0 D:192B DB:7F P:nvMxdizC V:78  H:123
018262 $C8             INY                             A:0000 X:08FA Y:C8FA S:1FC0 D:192B DB:7F P:nvMxdizC V:78  H:132
018263 $A9 $00         LDA #$00                        A:0000 X:08FA Y:C8FB S:1FC0 D:192B DB:7F P:NvMxdizC V:78  H:146
018265 $99 $00 $00     STA $0000,Y [7FC8FB] = $00      A:0000 X:08FA Y:C8FB S:1FC0 D:192B DB:7F P:nvMxdiZC V:78  H:150
018268 $C8             INY                             A:0000 X:08FA Y:C8FB S:1FC0 D:192B DB:7F P:nvMxdiZC V:78  H:159
018269 $CE $33 $19     DEC $1933 [7F1933] = $07        A:0000 X:08FA Y:C8FC S:1FC0 D:192B DB:7F P:NvMxdizC V:78  H:163
01826C $D0 $EC         BNE $01825A                     A:0000 X:08FA Y:C8FC S:1FC0 D:192B DB:7F P:nvMxdizC V:78  H:174
01825A $BF $20 $CA $04 LDA $04CA20,X [04D31A] = $00    A:0000 X:08FA Y:C8FC S:1FC0 D:192B DB:7F P:nvMxdizC V:78  H:180
01825E $E8             INX                             A:0000 X:08FA Y:C8FC S:1FC0 D:192B DB:7F P:nvMxdiZC V:78  H:190
01825F $99 $00 $00     STA $0000,Y [7FC8FC] = $00      A:0000 X:08FB Y:C8FC S:1FC0 D:192B DB:7F P:nvMxdizC V:78  H:193
018262 $C8             INY                             A:0000 X:08FB Y:C8FC S:1FC0 D:192B DB:7F P:nvMxdizC V:78  H:203
018263 $A9 $00         LDA #$00                        A:0000 X:08FB Y:C8FD S:1FC0 D:192B DB:7F P:NvMxdizC V:78  H:206
018265 $99 $00 $00     STA $0000,Y [7FC8FD] = $00      A:0000 X:08FB Y:C8FD S:1FC0 D:192B DB:7F P:nvMxdiZC V:78  H:210
018268 $C8             INY                             A:0000 X:08FB Y:C8FD S:1FC0 D:192B DB:7F P:nvMxdiZC V:78  H:220
018269 $CE $33 $19     DEC $1933 [7F1933] = $06        A:0000 X:08FB Y:C8FE S:1FC0 D:192B DB:7F P:NvMxdizC V:78  H:223
01826C $D0 $EC         BNE $01825A                     A:0000 X:08FB Y:C8FE S:1FC0 D:192B DB:7F P:nvMxdizC V:78  H:235
01825A $BF $20 $CA $04 LDA $04CA20,X [04D31B] = $00    A:0000 X:08FB Y:C8FE S:1FC0 D:192B DB:7F P:nvMxdizC V:78  H:240
01825E $E8             INX                             A:0000 X:08FB Y:C8FE S:1FC0 D:192B DB:7F P:nvMxdiZC V:78  H:250
01825F $99 $00 $00     STA $0000,Y [7FC8FE] = $00      A:0000 X:08FC Y:C8FE S:1FC0 D:192B DB:7F P:nvMxdizC V:78  H:254
018262 $C8             INY                             A:0000 X:08FC Y:C8FE S:1FC0 D:192B DB:7F P:nvMxdizC V:78  H:263
018263 $A9 $00         LDA #$00                        A:0000 X:08FC Y:C8FF S:1FC0 D:192B DB:7F P:NvMxdizC V:78  H:267
018265 $99 $00 $00     STA $0000,Y [7FC8FF] = $00      A:0000 X:08FC Y:C8FF S:1FC0 D:192B DB:7F P:nvMxdiZC V:78  H:271
018268 $C8             INY                             A:0000 X:08FC Y:C8FF S:1FC0 D:192B DB:7F P:nvMxdiZC V:78  H:292
018269 $CE $33 $19     DEC $1933 [7F1933] = $05        A:0000 X:08FC Y:C900 S:1FC0 D:192B DB:7F P:NvMxdizC V:78  H:296
01826C $D0 $EC         BNE $01825A                     A:0000 X:08FC Y:C900 S:1FC0 D:192B DB:7F P:nvMxdizC V:78  H:307
01825A $BF $20 $CA $04 LDA $04CA20,X [04D31C] = $00    A:0000 X:08FC Y:C900 S:1FC0 D:192B DB:7F P:nvMxdizC V:78  H:313
01825E $E8             INX                             A:0000 X:08FC Y:C900 S:1FC0 D:192B DB:7F P:nvMxdiZC V:78  H:323
01825F $99 $00 $00     STA $0000,Y [7FC900] = $00      A:0000 X:08FD Y:C900 S:1FC0 D:192B DB:7F P:nvMxdizC V:78  H:326
018262 $C8             INY                             A:0000 X:08FD Y:C900 S:1FC0 D:192B DB:7F P:nvMxdizC V:78  H:335
018263 $A9 $00         LDA #$00                        A:0000 X:08FD Y:C901 S:1FC0 D:192B DB:7F P:NvMxdizC V:78  H:338
018265 $99 $00 $00     STA $0000,Y [7FC901] = $00      A:0000 X:08FD Y:C901 S:1FC0 D:192B DB:7F P:nvMxdiZC V:79  H:2  
018268 $C8             INY                             A:0000 X:08FD Y:C901 S:1FC0 D:192B DB:7F P:nvMxdiZC V:79  H:12 
018269 $CE $33 $19     DEC $1933 [7F1933] = $04        A:0000 X:08FD Y:C902 S:1FC0 D:192B DB:7F P:NvMxdizC V:79  H:15 
01826C $D0 $EC         BNE $01825A                     A:0000 X:08FD Y:C902 S:1FC0 D:192B DB:7F P:nvMxdizC V:79  H:27 
01825A $BF $20 $CA $04 LDA $04CA20,X [04D31D] = $00    A:0000 X:08FD Y:C902 S:1FC0 D:192B DB:7F P:nvMxdizC V:79  H:32 
01825E $E8             INX                             A:0000 X:08FD Y:C902 S:1FC0 D:192B DB:7F P:nvMxdiZC V:79  H:42 
01825F $99 $00 $00     STA $0000,Y [7FC902] = $00      A:0000 X:08FE Y:C902 S:1FC0 D:192B DB:7F P:nvMxdizC V:79  H:46 
018262 $C8             INY                             A:0000 X:08FE Y:C902 S:1FC0 D:192B DB:7F P:nvMxdizC V:79  H:55 
018263 $A9 $00         LDA #$00                        A:0000 X:08FE Y:C903 S:1FC0 D:192B DB:7F P:NvMxdizC V:79  H:59 
018265 $99 $00 $00     STA $0000,Y [7FC903] = $00      A:0000 X:08FE Y:C903 S:1FC0 D:192B DB:7F P:nvMxdiZC V:79  H:63 
018268 $C8             INY                             A:0000 X:08FE Y:C903 S:1FC0 D:192B DB:7F P:nvMxdiZC V:79  H:72 
018269 $CE $33 $19     DEC $1933 [7F1933] = $03        A:0000 X:08FE Y:C904 S:1FC0 D:192B DB:7F P:NvMxdizC V:79  H:76 
01826C $D0 $EC         BNE $01825A                     A:0000 X:08FE Y:C904 S:1FC0 D:192B DB:7F P:nvMxdizC V:79  H:87 
01825A $BF $20 $CA $04 LDA $04CA20,X [04D31E] = $00    A:0000 X:08FE Y:C904 S:1FC0 D:192B DB:7F P:nvMxdizC V:79  H:93 
01825E $E8             INX                             A:0000 X:08FE Y:C904 S:1FC0 D:192B DB:7F P:nvMxdiZC V:79  H:103
01825F $99 $00 $00     STA $0000,Y [7FC904] = $00      A:0000 X:08FF Y:C904 S:1FC0 D:192B DB:7F P:nvMxdizC V:79  H:106
018262 $C8             INY                             A:0000 X:08FF Y:C904 S:1FC0 D:192B DB:7F P:nvMxdizC V:79  H:116
018263 $A9 $00         LDA #$00                        A:0000 X:08FF Y:C905 S:1FC0 D:192B DB:7F P:NvMxdizC V:79  H:119
018265 $99 $00 $00     STA $0000,Y [7FC905] = $00      A:0000 X:08FF Y:C905 S:1FC0 D:192B DB:7F P:nvMxdiZC V:79  H:123
018268 $C8             INY                             A:0000 X:08FF Y:C905 S:1FC0 D:192B DB:7F P:nvMxdiZC V:79  H:133
018269 $CE $33 $19     DEC $1933 [7F1933] = $02        A:0000 X:08FF Y:C906 S:1FC0 D:192B DB:7F P:NvMxdizC V:79  H:146
01826C $D0 $EC         BNE $01825A                     A:0000 X:08FF Y:C906 S:1FC0 D:192B DB:7F P:nvMxdizC V:79  H:158
01825A $BF $20 $CA $04 LDA $04CA20,X [04D31F] = $00    A:0000 X:08FF Y:C906 S:1FC0 D:192B DB:7F P:nvMxdizC V:79  H:163
01825E $E8             INX                             A:0000 X:08FF Y:C906 S:1FC0 D:192B DB:7F P:nvMxdiZC V:79  H:173
01825F $99 $00 $00     STA $0000,Y [7FC906] = $00      A:0000 X:0900 Y:C906 S:1FC0 D:192B DB:7F P:nvMxdizC V:79  H:177
018262 $C8             INY                             A:0000 X:0900 Y:C906 S:1FC0 D:192B DB:7F P:nvMxdizC V:79  H:186
018263 $A9 $00         LDA #$00                        A:0000 X:0900 Y:C907 S:1FC0 D:192B DB:7F P:NvMxdizC V:79  H:190
018265 $99 $00 $00     STA $0000,Y [7FC907] = $00      A:0000 X:0900 Y:C907 S:1FC0 D:192B DB:7F P:nvMxdiZC V:79  H:194
018268 $C8             INY                             A:0000 X:0900 Y:C907 S:1FC0 D:192B DB:7F P:nvMxdiZC V:79  H:203
018269 $CE $33 $19     DEC $1933 [7F1933] = $01        A:0000 X:0900 Y:C908 S:1FC0 D:192B DB:7F P:NvMxdizC V:79  H:207
01826C $D0 $EC         BNE $01825A                     A:0000 X:0900 Y:C908 S:1FC0 D:192B DB:7F P:nvMxdiZC V:79  H:218
01826E $28             PLP                             A:0000 X:0900 Y:C908 S:1FC0 D:192B DB:7F P:nvMxdiZC V:79  H:222
01826F $AB             PLB                             A:0000 X:0900 Y:C908 S:1FC1 D:192B DB:7F P:nvmxdizc V:79  H:229
018270 $60             RTS                             A:0000 X:0900 Y:C908 S:1FC2 D:192B DB:01 P:nvmxdizc V:79  H:236
018218 $A5 $00         LDA $00 [00192B] = $08E8        A:0000 X:0900 Y:C908 S:1FC4 D:192B DB:01 P:nvmxdizc V:79  H:247
01821A $18             CLC                             A:08E8 X:0900 Y:C908 S:1FC4 D:192B DB:01 P:nvmxdizc V:79  H:256
01821B $69 $18 $00     ADC #$0018                      A:08E8 X:0900 Y:C908 S:1FC4 D:192B DB:01 P:nvmxdizc V:79  H:260
01821E $85 $00         STA $00 [00192B] = $08E8        A:0900 X:0900 Y:C908 S:1FC4 D:192B DB:01 P:nvmxdizc V:79  H:266
018220 $A5 $02         LDA $02 [00192D] = $C8E8        A:0900 X:0900 Y:C908 S:1FC4 D:192B DB:01 P:nvmxdizc V:79  H:275
018222 $18             CLC                             A:C8E8 X:0900 Y:C908 S:1FC4 D:192B DB:01 P:Nvmxdizc V:79  H:297
018223 $69 $20 $00     ADC #$0020                      A:C8E8 X:0900 Y:C908 S:1FC4 D:192B DB:01 P:Nvmxdizc V:79  H:300
018226 $85 $02         STA $02 [00192D] = $C8E8        A:C908 X:0900 Y:C908 S:1FC4 D:192B DB:01 P:Nvmxdizc V:79  H:306
018228 $C6 $06         DEC $06 [001931] = $0001        A:C908 X:0900 Y:C908 S:1FC4 D:192B DB:01 P:Nvmxdizc V:79  H:316
01822A $D0 $E9         BNE $018215                     A:C908 X:0900 Y:C908 S:1FC4 D:192B DB:01 P:nvmxdiZc V:79  H:330
01822C $28             PLP                             A:C908 X:0900 Y:C908 S:1FC4 D:192B DB:01 P:nvmxdiZc V:79  H:334
01822D $60             RTS                             A:C908 X:0900 Y:C908 S:1FC5 D:192B DB:01 P:nvMxdizc V:80  H:1  
0181EF $A2 $00 $09     LDX #$0900                      A:C908 X:0900 Y:C908 S:1FC7 D:192B DB:01 P:nvMxdizc V:80  H:11 
0181F2 $A0 $08 $C9     LDY #$C908                      A:C908 X:0900 Y:C908 S:1FC7 D:192B DB:01 P:nvMxdizc V:80  H:17 
0181F5 $A9 $0C         LDA #$0C                        A:C908 X:0900 Y:C908 S:1FC7 D:192B DB:01 P:NvMxdizc V:80  H:23 
0181F7 $20 $07 $82     JSR $8207 [018207] = $08        A:C90C X:0900 Y:C908 S:1FC7 D:192B DB:01 P:nvMxdizc V:80  H:27 
018207 $08             PHP                             A:C90C X:0900 Y:C908 S:1FC5 D:192B DB:01 P:nvMxdizc V:80  H:39 
018208 $C2 $30         REP #$30                        A:C90C X:0900 Y:C908 S:1FC4 D:192B DB:01 P:nvMxdizc V:80  H:44 
01820A $86 $00         STX $00 [00192B] = $0900        A:C90C X:0900 Y:C908 S:1FC4 D:192B DB:01 P:nvmxdizc V:80  H:50 
01820C $84 $02         STY $02 [00192D] = $C908        A:C90C X:0900 Y:C908 S:1FC4 D:192B DB:01 P:nvmxdizc V:80  H:59 
01820E $29 $FF $00     AND #$00FF                      A:C90C X:0900 Y:C908 S:1FC4 D:192B DB:01 P:nvmxdizc V:80  H:69 
018211 $85 $04         STA $04 [00192F] = $0010        A:000C X:0900 Y:C908 S:1FC4 D:192B DB:01 P:nvmxdizc V:80  H:75 
018213 $85 $06         STA $06 [001931] = $0000        A:000C X:0900 Y:C908 S:1FC4 D:192B DB:01 P:nvmxdizc V:80  H:84 
018215 $20 $2E $82     JSR $822E [01822E] = $088B      A:000C X:0900 Y:C908 S:1FC4 D:192B DB:01 P:nvmxdizc V:80  H:94 
01822E $8B             PHB                             A:000C X:0900 Y:C908 S:1FC2 D:192B DB:01 P:nvmxdizc V:80  H:105
01822F $08             PHP                             A:000C X:0900 Y:C908 S:1FC1 D:192B DB:01 P:nvmxdizc V:80  H:111
018230 $C2 $30         REP #$30                        A:000C X:0900 Y:C908 S:1FC0 D:192B DB:01 P:nvmxdizc V:80  H:116
018232 $8B             PHB                             A:000C X:0900 Y:C908 S:1FC0 D:192B DB:01 P:nvmxdizc V:80  H:122
018233 $AD $2B $19     LDA $192B [01192B] = $0900      A:000C X:0900 Y:C908 S:1FBF D:192B DB:01 P:nvmxdizc V:80  H:127
018236 $18             CLC                             A:0900 X:0900 Y:C908 S:1FBF D:192B DB:01 P:nvmxdizc V:80  H:147
018237 $69 $20 $CA     ADC #$CA20                      A:0900 X:0900 Y:C908 S:1FBF D:192B DB:01 P:nvmxdizc V:80  H:151
01823A $AA             TAX                             A:D320 X:0900 Y:C908 S:1FBF D:192B DB:01 P:Nvmxdizc V:80  H:157
01823B $AC $2D $19     LDY $192D [01192D] = $C908      A:D320 X:D320 Y:C908 S:1FBF D:192B DB:01 P:Nvmxdizc V:80  H:160
01823E $A9 $0F $00     LDA #$000F                      A:D320 X:D320 Y:C908 S:1FBF D:192B DB:01 P:Nvmxdizc V:80  H:170
018241 $54 $7F $04     MVN $04 -> $7F                  A:000F X:D320 Y:C908 S:1FBF D:192B DB:01 P:nvmxdizc V:80  H:176
018241 $54 $7F $04     MVN $04 -> $7F                  A:000E X:D321 Y:C909 S:1FBF D:192B DB:7F P:nvmxdizc V:80  H:189
018241 $54 $7F $04     MVN $04 -> $7F                  A:000D X:D322 Y:C90A S:1FBF D:192B DB:7F P:nvmxdizc V:80  H:202
018241 $54 $7F $04     MVN $04 -> $7F                  A:000C X:D323 Y:C90B S:1FBF D:192B DB:7F P:nvmxdizc V:80  H:215
018241 $54 $7F $04     MVN $04 -> $7F                  A:000B X:D324 Y:C90C S:1FBF D:192B DB:7F P:nvmxdizc V:80  H:228
018241 $54 $7F $04     MVN $04 -> $7F                  A:000A X:D325 Y:C90D S:1FBF D:192B DB:7F P:nvmxdizc V:80  H:241
018241 $54 $7F $04     MVN $04 -> $7F                  A:0009 X:D326 Y:C90E S:1FBF D:192B DB:7F P:nvmxdizc V:80  H:254
018241 $54 $7F $04     MVN $04 -> $7F                  A:0008 X:D327 Y:C90F S:1FBF D:192B DB:7F P:nvmxdizc V:80  H:267
018241 $54 $7F $04     MVN $04 -> $7F                  A:0007 X:D328 Y:C910 S:1FBF D:192B DB:7F P:nvmxdizc V:80  H:292
018241 $54 $7F $04     MVN $04 -> $7F                  A:0006 X:D329 Y:C911 S:1FBF D:192B DB:7F P:nvmxdizc V:80  H:305
018241 $54 $7F $04     MVN $04 -> $7F                  A:0005 X:D32A Y:C912 S:1FBF D:192B DB:7F P:nvmxdizc V:80  H:318
018241 $54 $7F $04     MVN $04 -> $7F                  A:0004 X:D32B Y:C913 S:1FBF D:192B DB:7F P:nvmxdizc V:80  H:330
018241 $54 $7F $04     MVN $04 -> $7F                  A:0003 X:D32C Y:C914 S:1FBF D:192B DB:7F P:nvmxdizc V:81  H:3  
018241 $54 $7F $04     MVN $04 -> $7F                  A:0002 X:D32D Y:C915 S:1FBF D:192B DB:7F P:nvmxdizc V:81  H:16 
018241 $54 $7F $04     MVN $04 -> $7F                  A:0001 X:D32E Y:C916 S:1FBF D:192B DB:7F P:nvmxdizc V:81  H:29 
018241 $54 $7F $04     MVN $04 -> $7F                  A:0000 X:D32F Y:C917 S:1FBF D:192B DB:7F P:nvmxdizc V:81  H:42 
018244 $AB             PLB                             A:FFFF X:D330 Y:C918 S:1FBF D:192B DB:7F P:nvmxdizc V:81  H:55 
018245 $8A             TXA                             A:FFFF X:D330 Y:C918 S:1FC0 D:192B DB:01 P:nvmxdizc V:81  H:62 
018246 $38             SEC                             A:D330 X:D330 Y:C918 S:1FC0 D:192B DB:01 P:Nvmxdizc V:81  H:66 
018247 $E9 $20 $CA     SBC #$CA20                      A:D330 X:D330 Y:C918 S:1FC0 D:192B DB:01 P:NvmxdizC V:81  H:69 
01824A $AA             TAX                             A:0910 X:D330 Y:C918 S:1FC0 D:192B DB:01 P:nvmxdizC V:81  H:75 
01824B $E2 $20         SEP #$20                        A:0910 X:0910 Y:C918 S:1FC0 D:192B DB:01 P:nvmxdizC V:81  H:79 
01824D $C2 $10         REP #$10                        A:0910 X:0910 Y:C918 S:1FC0 D:192B DB:01 P:nvMxdizC V:81  H:84 
01824F $F4 $7F $00     PEA #$007F                      A:0910 X:0910 Y:C918 S:1FC0 D:192B DB:01 P:nvMxdizC V:81  H:90 
018252 $AB             PLB                             A:0910 X:0910 Y:C918 S:1FBE D:192B DB:01 P:nvMxdizC V:81  H:100
018253 $68             PLA                             A:0910 X:0910 Y:C918 S:1FBF D:192B DB:7F P:nvMxdizC V:81  H:107
018254 $EB             XBA                             A:0900 X:0910 Y:C918 S:1FC0 D:192B DB:7F P:nvMxdiZC V:81  H:114
018255 $A9 $08         LDA #$08                        A:0009 X:0910 Y:C918 S:1FC0 D:192B DB:7F P:nvMxdizC V:81  H:119
018257 $8D $33 $19     STA $1933 [7F1933] = $00        A:0008 X:0910 Y:C918 S:1FC0 D:192B DB:7F P:nvMxdizC V:81  H:123
01825A $BF $20 $CA $04 LDA $04CA20,X [04D330] = $1D    A:0008 X:0910 Y:C918 S:1FC0 D:192B DB:7F P:nvMxdizC V:81  H:131
01825E $E8             INX                             A:001D X:0910 Y:C918 S:1FC0 D:192B DB:7F P:nvMxdizC V:81  H:151
01825F $99 $00 $00     STA $0000,Y [7FC918] = $1D      A:001D X:0911 Y:C918 S:1FC0 D:192B DB:7F P:nvMxdizC V:81  H:154
018262 $C8             INY                             A:001D X:0911 Y:C918 S:1FC0 D:192B DB:7F P:nvMxdizC V:81  H:164
018263 $A9 $00         LDA #$00                        A:001D X:0911 Y:C919 S:1FC0 D:192B DB:7F P:NvMxdizC V:81  H:167
018265 $99 $00 $00     STA $0000,Y [7FC919] = $00      A:0000 X:0911 Y:C919 S:1FC0 D:192B DB:7F P:nvMxdiZC V:81  H:171
018268 $C8             INY                             A:0000 X:0911 Y:C919 S:1FC0 D:192B DB:7F P:nvMxdiZC V:81  H:181
018269 $CE $33 $19     DEC $1933 [7F1933] = $08        A:0000 X:0911 Y:C91A S:1FC0 D:192B DB:7F P:NvMxdizC V:81  H:184
01826C $D0 $EC         BNE $01825A                     A:0000 X:0911 Y:C91A S:1FC0 D:192B DB:7F P:nvMxdizC V:81  H:196
01825A $BF $20 $CA $04 LDA $04CA20,X [04D331] = $19    A:0000 X:0911 Y:C91A S:1FC0 D:192B DB:7F P:nvMxdizC V:81  H:201
01825E $E8             INX                             A:0019 X:0911 Y:C91A S:1FC0 D:192B DB:7F P:nvMxdizC V:81  H:211
01825F $99 $00 $00     STA $0000,Y [7FC91A] = $19      A:0019 X:0912 Y:C91A S:1FC0 D:192B DB:7F P:nvMxdizC V:81  H:215
018262 $C8             INY                             A:0019 X:0912 Y:C91A S:1FC0 D:192B DB:7F P:nvMxdizC V:81  H:224
018263 $A9 $00         LDA #$00                        A:0019 X:0912 Y:C91B S:1FC0 D:192B DB:7F P:NvMxdizC V:81  H:228
018265 $99 $00 $00     STA $0000,Y [7FC91B] = $00      A:0000 X:0912 Y:C91B S:1FC0 D:192B DB:7F P:nvMxdiZC V:81  H:232
018268 $C8             INY                             A:0000 X:0912 Y:C91B S:1FC0 D:192B DB:7F P:nvMxdiZC V:81  H:241
018269 $CE $33 $19     DEC $1933 [7F1933] = $07        A:0000 X:0912 Y:C91C S:1FC0 D:192B DB:7F P:NvMxdizC V:81  H:245
01826C $D0 $EC         BNE $01825A                     A:0000 X:0912 Y:C91C S:1FC0 D:192B DB:7F P:nvMxdizC V:81  H:256
01825A $BF $20 $CA $04 LDA $04CA20,X [04D332] = $31    A:0000 X:0912 Y:C91C S:1FC0 D:192B DB:7F P:nvMxdizC V:81  H:262
01825E $E8             INX                             A:0031 X:0912 Y:C91C S:1FC0 D:192B DB:7F P:nvMxdizC V:81  H:272
01825F $99 $00 $00     STA $0000,Y [7FC91C] = $31      A:0031 X:0913 Y:C91C S:1FC0 D:192B DB:7F P:nvMxdizC V:81  H:275
018262 $C8             INY                             A:0031 X:0913 Y:C91C S:1FC0 D:192B DB:7F P:nvMxdizC V:81  H:297
018263 $A9 $00         LDA #$00                        A:0031 X:0913 Y:C91D S:1FC0 D:192B DB:7F P:NvMxdizC V:81  H:300
018265 $99 $00 $00     STA $0000,Y [7FC91D] = $00      A:0000 X:0913 Y:C91D S:1FC0 D:192B DB:7F P:nvMxdiZC V:81  H:304
018268 $C8             INY                             A:0000 X:0913 Y:C91D S:1FC0 D:192B DB:7F P:nvMxdiZC V:81  H:314
018269 $CE $33 $19     DEC $1933 [7F1933] = $06        A:0000 X:0913 Y:C91E S:1FC0 D:192B DB:7F P:NvMxdizC V:81  H:317
01826C $D0 $EC         BNE $01825A                     A:0000 X:0913 Y:C91E S:1FC0 D:192B DB:7F P:nvMxdizC V:81  H:328
01825A $BF $20 $CA $04 LDA $04CA20,X [04D333] = $31    A:0000 X:0913 Y:C91E S:1FC0 D:192B DB:7F P:nvMxdizC V:81  H:333
01825E $E8             INX                             A:0031 X:0913 Y:C91E S:1FC0 D:192B DB:7F P:nvMxdizC V:82  H:3  
01825F $99 $00 $00     STA $0000,Y [7FC91E] = $31      A:0031 X:0914 Y:C91E S:1FC0 D:192B DB:7F P:nvMxdizC V:82  H:7  
018262 $C8             INY                             A:0031 X:0914 Y:C91E S:1FC0 D:192B DB:7F P:nvMxdizC V:82  H:16 
018263 $A9 $00         LDA #$00                        A:0031 X:0914 Y:C91F S:1FC0 D:192B DB:7F P:NvMxdizC V:82  H:20 
018265 $99 $00 $00     STA $0000,Y [7FC91F] = $00      A:0000 X:0914 Y:C91F S:1FC0 D:192B DB:7F P:nvMxdiZC V:82  H:24 
018268 $C8             INY                             A:0000 X:0914 Y:C91F S:1FC0 D:192B DB:7F P:nvMxdiZC V:82  H:33 
018269 $CE $33 $19     DEC $1933 [7F1933] = $05        A:0000 X:0914 Y:C920 S:1FC0 D:192B DB:7F P:NvMxdizC V:82  H:37 
01826C $D0 $EC         BNE $01825A                     A:0000 X:0914 Y:C920 S:1FC0 D:192B DB:7F P:nvMxdizC V:82  H:48 
01825A $BF $20 $CA $04 LDA $04CA20,X [04D334] = $01    A:0000 X:0914 Y:C920 S:1FC0 D:192B DB:7F P:nvMxdizC V:82  H:54 
01825E $E8             INX                             A:0001 X:0914 Y:C920 S:1FC0 D:192B DB:7F P:nvMxdizC V:82  H:64 
01825F $99 $00 $00     STA $0000,Y [7FC920] = $01      A:0001 X:0915 Y:C920 S:1FC0 D:192B DB:7F P:nvMxdizC V:82  H:67 
018262 $C8             INY                             A:0001 X:0915 Y:C920 S:1FC0 D:192B DB:7F P:nvMxdizC V:82  H:77 
018263 $A9 $00         LDA #$00                        A:0001 X:0915 Y:C921 S:1FC0 D:192B DB:7F P:NvMxdizC V:82  H:80 
018265 $99 $00 $00     STA $0000,Y [7FC921] = $00      A:0000 X:0915 Y:C921 S:1FC0 D:192B DB:7F P:nvMxdiZC V:82  H:84 
018268 $C8             INY                             A:0000 X:0915 Y:C921 S:1FC0 D:192B DB:7F P:nvMxdiZC V:82  H:94 
018269 $CE $33 $19     DEC $1933 [7F1933] = $04        A:0000 X:0915 Y:C922 S:1FC0 D:192B DB:7F P:NvMxdizC V:82  H:97 
01826C $D0 $EC         BNE $01825A                     A:0000 X:0915 Y:C922 S:1FC0 D:192B DB:7F P:nvMxdizC V:82  H:109
01825A $BF $20 $CA $04 LDA $04CA20,X [04D335] = $01    A:0000 X:0915 Y:C922 S:1FC0 D:192B DB:7F P:nvMxdizC V:82  H:114
01825E $E8             INX                             A:0001 X:0915 Y:C922 S:1FC0 D:192B DB:7F P:nvMxdizC V:82  H:124
01825F $99 $00 $00     STA $0000,Y [7FC922] = $01      A:0001 X:0916 Y:C922 S:1FC0 D:192B DB:7F P:nvMxdizC V:82  H:128
018262 $C8             INY                             A:0001 X:0916 Y:C922 S:1FC0 D:192B DB:7F P:nvMxdizC V:82  H:147
018263 $A9 $00         LDA #$00                        A:0001 X:0916 Y:C923 S:1FC0 D:192B DB:7F P:NvMxdizC V:82  H:151
018265 $99 $00 $00     STA $0000,Y [7FC923] = $00      A:0000 X:0916 Y:C923 S:1FC0 D:192B DB:7F P:nvMxdiZC V:82  H:155
018268 $C8             INY                             A:0000 X:0916 Y:C923 S:1FC0 D:192B DB:7F P:nvMxdiZC V:82  H:164
018269 $CE $33 $19     DEC $1933 [7F1933] = $03        A:0000 X:0916 Y:C924 S:1FC0 D:192B DB:7F P:NvMxdizC V:82  H:168
01826C $D0 $EC         BNE $01825A                     A:0000 X:0916 Y:C924 S:1FC0 D:192B DB:7F P:nvMxdizC V:82  H:179
01825A $BF $20 $CA $04 LDA $04CA20,X [04D336] = $00    A:0000 X:0916 Y:C924 S:1FC0 D:192B DB:7F P:nvMxdizC V:82  H:185
01825E $E8             INX                             A:0000 X:0916 Y:C924 S:1FC0 D:192B DB:7F P:nvMxdiZC V:82  H:195
01825F $99 $00 $00     STA $0000,Y [7FC924] = $00      A:0000 X:0917 Y:C924 S:1FC0 D:192B DB:7F P:nvMxdizC V:82  H:198
018262 $C8             INY                             A:0000 X:0917 Y:C924 S:1FC0 D:192B DB:7F P:nvMxdizC V:82  H:208
018263 $A9 $00         LDA #$00                        A:0000 X:0917 Y:C925 S:1FC0 D:192B DB:7F P:NvMxdizC V:82  H:211
018265 $99 $00 $00     STA $0000,Y [7FC925] = $00      A:0000 X:0917 Y:C925 S:1FC0 D:192B DB:7F P:nvMxdiZC V:82  H:215
018268 $C8             INY                             A:0000 X:0917 Y:C925 S:1FC0 D:192B DB:7F P:nvMxdiZC V:82  H:225
018269 $CE $33 $19     DEC $1933 [7F1933] = $02        A:0000 X:0917 Y:C926 S:1FC0 D:192B DB:7F P:NvMxdizC V:82  H:228
01826C $D0 $EC         BNE $01825A                     A:0000 X:0917 Y:C926 S:1FC0 D:192B DB:7F P:nvMxdizC V:82  H:240
01825A $BF $20 $CA $04 LDA $04CA20,X [04D337] = $00    A:0000 X:0917 Y:C926 S:1FC0 D:192B DB:7F P:nvMxdizC V:82  H:245
01825E $E8             INX                             A:0000 X:0917 Y:C926 S:1FC0 D:192B DB:7F P:nvMxdiZC V:82  H:255
01825F $99 $00 $00     STA $0000,Y [7FC926] = $00      A:0000 X:0918 Y:C926 S:1FC0 D:192B DB:7F P:nvMxdizC V:82  H:259
018262 $C8             INY                             A:0000 X:0918 Y:C926 S:1FC0 D:192B DB:7F P:nvMxdizC V:82  H:268
018263 $A9 $00         LDA #$00                        A:0000 X:0918 Y:C927 S:1FC0 D:192B DB:7F P:NvMxdizC V:82  H:272
018265 $99 $00 $00     STA $0000,Y [7FC927] = $00      A:0000 X:0918 Y:C927 S:1FC0 D:192B DB:7F P:nvMxdiZC V:82  H:276
018268 $C8             INY                             A:0000 X:0918 Y:C927 S:1FC0 D:192B DB:7F P:nvMxdiZC V:82  H:299
018269 $CE $33 $19     DEC $1933 [7F1933] = $01        A:0000 X:0918 Y:C928 S:1FC0 D:192B DB:7F P:NvMxdizC V:82  H:303
01826C $D0 $EC         BNE $01825A                     A:0000 X:0918 Y:C928 S:1FC0 D:192B DB:7F P:nvMxdiZC V:82  H:314
01826E $28             PLP                             A:0000 X:0918 Y:C928 S:1FC0 D:192B DB:7F P:nvMxdiZC V:82  H:318
01826F $AB             PLB                             A:0000 X:0918 Y:C928 S:1FC1 D:192B DB:7F P:nvmxdizc V:82  H:325
018270 $60             RTS                             A:0000 X:0918 Y:C928 S:1FC2 D:192B DB:01 P:nvmxdizc V:82  H:331
018218 $A5 $00         LDA $00 [00192B] = $0900        A:0000 X:0918 Y:C928 S:1FC4 D:192B DB:01 P:nvmxdizc V:83  H:2  
01821A $18             CLC                             A:0900 X:0918 Y:C928 S:1FC4 D:192B DB:01 P:nvmxdizc V:83  H:11 
01821B $69 $18 $00     ADC #$0018                      A:0900 X:0918 Y:C928 S:1FC4 D:192B DB:01 P:nvmxdizc V:83  H:15 
01821E $85 $00         STA $00 [00192B] = $0900        A:0918 X:0918 Y:C928 S:1FC4 D:192B DB:01 P:nvmxdizc V:83  H:21 
018220 $A5 $02         LDA $02 [00192D] = $C908        A:0918 X:0918 Y:C928 S:1FC4 D:192B DB:01 P:nvmxdizc V:83  H:30 
018222 $18             CLC                             A:C908 X:0918 Y:C928 S:1FC4 D:192B DB:01 P:Nvmxdizc V:83  H:40 
018223 $69 $20 $00     ADC #$0020                      A:C908 X:0918 Y:C928 S:1FC4 D:192B DB:01 P:Nvmxdizc V:83  H:43 
018226 $85 $02         STA $02 [00192D] = $C908        A:C928 X:0918 Y:C928 S:1FC4 D:192B DB:01 P:Nvmxdizc V:83  H:49 
018228 $C6 $06         DEC $06 [001931] = $000C        A:C928 X:0918 Y:C928 S:1FC4 D:192B DB:01 P:Nvmxdizc V:83  H:59 
01822A $D0 $E9         BNE $018215                     A:C928 X:0918 Y:C928 S:1FC4 D:192B DB:01 P:nvmxdizc V:83  H:74 
018215 $20 $2E $82     JSR $822E [01822E] = $088B      A:C928 X:0918 Y:C928 S:1FC4 D:192B DB:01 P:nvmxdizc V:83  H:79 
01822E $8B             PHB                             A:C928 X:0918 Y:C928 S:1FC2 D:192B DB:01 P:nvmxdizc V:83  H:91 
01822F $08             PHP                             A:C928 X:0918 Y:C928 S:1FC1 D:192B DB:01 P:nvmxdizc V:83  H:96 
018230 $C2 $30         REP #$30                        A:C928 X:0918 Y:C928 S:1FC0 D:192B DB:01 P:nvmxdizc V:83  H:102
018232 $8B             PHB                             A:C928 X:0918 Y:C928 S:1FC0 D:192B DB:01 P:nvmxdizc V:83  H:107
018233 $AD $2B $19     LDA $192B [01192B] = $0918      A:C928 X:0918 Y:C928 S:1FBF D:192B DB:01 P:nvmxdizc V:83  H:113
018236 $18             CLC                             A:0918 X:0918 Y:C928 S:1FBF D:192B DB:01 P:nvmxdizc V:83  H:123
018237 $69 $20 $CA     ADC #$CA20                      A:0918 X:0918 Y:C928 S:1FBF D:192B DB:01 P:nvmxdizc V:83  H:126
01823A $AA             TAX                             A:D338 X:0918 Y:C928 S:1FBF D:192B DB:01 P:Nvmxdizc V:83  H:132
01823B $AC $2D $19     LDY $192D [01192D] = $C928      A:D338 X:D338 Y:C928 S:1FBF D:192B DB:01 P:Nvmxdizc V:83  H:146
01823E $A9 $0F $00     LDA #$000F                      A:D338 X:D338 Y:C928 S:1FBF D:192B DB:01 P:Nvmxdizc V:83  H:156
018241 $54 $7F $04     MVN $04 -> $7F                  A:000F X:D338 Y:C928 S:1FBF D:192B DB:01 P:nvmxdizc V:83  H:162
018241 $54 $7F $04     MVN $04 -> $7F                  A:000E X:D339 Y:C929 S:1FBF D:192B DB:7F P:nvmxdizc V:83  H:175
018241 $54 $7F $04     MVN $04 -> $7F                  A:000D X:D33A Y:C92A S:1FBF D:192B DB:7F P:nvmxdizc V:83  H:188
018241 $54 $7F $04     MVN $04 -> $7F                  A:000C X:D33B Y:C92B S:1FBF D:192B DB:7F P:nvmxdizc V:83  H:201
018241 $54 $7F $04     MVN $04 -> $7F                  A:000B X:D33C Y:C92C S:1FBF D:192B DB:7F P:nvmxdizc V:83  H:214
018241 $54 $7F $04     MVN $04 -> $7F                  A:000A X:D33D Y:C92D S:1FBF D:192B DB:7F P:nvmxdizc V:83  H:227
018241 $54 $7F $04     MVN $04 -> $7F                  A:0009 X:D33E Y:C92E S:1FBF D:192B DB:7F P:nvmxdizc V:83  H:240
018241 $54 $7F $04     MVN $04 -> $7F                  A:0008 X:D33F Y:C92F S:1FBF D:192B DB:7F P:nvmxdizc V:83  H:253
018241 $54 $7F $04     MVN $04 -> $7F                  A:0007 X:D340 Y:C930 S:1FBF D:192B DB:7F P:nvmxdizc V:83  H:266
018241 $54 $7F $04     MVN $04 -> $7F                  A:0006 X:D341 Y:C931 S:1FBF D:192B DB:7F P:nvmxdizc V:83  H:291
018241 $54 $7F $04     MVN $04 -> $7F                  A:0005 X:D342 Y:C932 S:1FBF D:192B DB:7F P:nvmxdizc V:83  H:304
018241 $54 $7F $04     MVN $04 -> $7F                  A:0004 X:D343 Y:C933 S:1FBF D:192B DB:7F P:nvmxdizc V:83  H:317
018241 $54 $7F $04     MVN $04 -> $7F                  A:0003 X:D344 Y:C934 S:1FBF D:192B DB:7F P:nvmxdizc V:83  H:329
018241 $54 $7F $04     MVN $04 -> $7F                  A:0002 X:D345 Y:C935 S:1FBF D:192B DB:7F P:nvmxdizc V:84  H:2  
018241 $54 $7F $04     MVN $04 -> $7F                  A:0001 X:D346 Y:C936 S:1FBF D:192B DB:7F P:nvmxdizc V:84  H:15 
018241 $54 $7F $04     MVN $04 -> $7F                  A:0000 X:D347 Y:C937 S:1FBF D:192B DB:7F P:nvmxdizc V:84  H:28 
018244 $AB             PLB                             A:FFFF X:D348 Y:C938 S:1FBF D:192B DB:7F P:nvmxdizc V:84  H:41 
018245 $8A             TXA                             A:FFFF X:D348 Y:C938 S:1FC0 D:192B DB:01 P:nvmxdizc V:84  H:48 
018246 $38             SEC                             A:D348 X:D348 Y:C938 S:1FC0 D:192B DB:01 P:Nvmxdizc V:84  H:51 
018247 $E9 $20 $CA     SBC #$CA20                      A:D348 X:D348 Y:C938 S:1FC0 D:192B DB:01 P:NvmxdizC V:84  H:55 
01824A $AA             TAX                             A:0928 X:D348 Y:C938 S:1FC0 D:192B DB:01 P:nvmxdizC V:84  H:61 
01824B $E2 $20         SEP #$20                        A:0928 X:0928 Y:C938 S:1FC0 D:192B DB:01 P:nvmxdizC V:84  H:64 
01824D $C2 $10         REP #$10                        A:0928 X:0928 Y:C938 S:1FC0 D:192B DB:01 P:nvMxdizC V:84  H:70 
01824F $F4 $7F $00     PEA #$007F                      A:0928 X:0928 Y:C938 S:1FC0 D:192B DB:01 P:nvMxdizC V:84  H:75 
018252 $AB             PLB                             A:0928 X:0928 Y:C938 S:1FBE D:192B DB:01 P:nvMxdizC V:84  H:85 
018253 $68             PLA                             A:0928 X:0928 Y:C938 S:1FBF D:192B DB:7F P:nvMxdizC V:84  H:92 
018254 $EB             XBA                             A:0900 X:0928 Y:C938 S:1FC0 D:192B DB:7F P:nvMxdiZC V:84  H:99 
018255 $A9 $08         LDA #$08                        A:0009 X:0928 Y:C938 S:1FC0 D:192B DB:7F P:nvMxdizC V:84  H:104
018257 $8D $33 $19     STA $1933 [7F1933] = $00        A:0008 X:0928 Y:C938 S:1FC0 D:192B DB:7F P:nvMxdizC V:84  H:108
01825A $BF $20 $CA $04 LDA $04CA20,X [04D348] = $01    A:0008 X:0928 Y:C938 S:1FC0 D:192B DB:7F P:nvMxdizC V:84  H:116
01825E $E8             INX                             A:0001 X:0928 Y:C938 S:1FC0 D:192B DB:7F P:nvMxdizC V:84  H:126
01825F $99 $00 $00     STA $0000,Y [7FC938] = $01      A:0001 X:0929 Y:C938 S:1FC0 D:192B DB:7F P:nvMxdizC V:84  H:130
018262 $C8             INY                             A:0001 X:0929 Y:C938 S:1FC0 D:192B DB:7F P:nvMxdizC V:84  H:149
018263 $A9 $00         LDA #$00                        A:0001 X:0929 Y:C939 S:1FC0 D:192B DB:7F P:NvMxdizC V:84  H:153
018265 $99 $00 $00     STA $0000,Y [7FC939] = $00      A:0000 X:0929 Y:C939 S:1FC0 D:192B DB:7F P:nvMxdiZC V:84  H:157
018268 $C8             INY                             A:0000 X:0929 Y:C939 S:1FC0 D:192B DB:7F P:nvMxdiZC V:84  H:166
018269 $CE $33 $19     DEC $1933 [7F1933] = $08        A:0000 X:0929 Y:C93A S:1FC0 D:192B DB:7F P:NvMxdizC V:84  H:170
01826C $D0 $EC         BNE $01825A                     A:0000 X:0929 Y:C93A S:1FC0 D:192B DB:7F P:nvMxdizC V:84  H:181
01825A $BF $20 $CA $04 LDA $04CA20,X [04D349] = $00    A:0000 X:0929 Y:C93A S:1FC0 D:192B DB:7F P:nvMxdizC V:84  H:187
01825E $E8             INX                             A:0000 X:0929 Y:C93A S:1FC0 D:192B DB:7F P:nvMxdiZC V:84  H:197
01825F $99 $00 $00     STA $0000,Y [7FC93A] = $00      A:0000 X:092A Y:C93A S:1FC0 D:192B DB:7F P:nvMxdizC V:84  H:200
018262 $C8             INY                             A:0000 X:092A Y:C93A S:1FC0 D:192B DB:7F P:nvMxdizC V:84  H:210
018263 $A9 $00         LDA #$00                        A:0000 X:092A Y:C93B S:1FC0 D:192B DB:7F P:NvMxdizC V:84  H:213
018265 $99 $00 $00     STA $0000,Y [7FC93B] = $00      A:0000 X:092A Y:C93B S:1FC0 D:192B DB:7F P:nvMxdiZC V:84  H:217
018268 $C8             INY                             A:0000 X:092A Y:C93B S:1FC0 D:192B DB:7F P:nvMxdiZC V:84  H:227
018269 $CE $33 $19     DEC $1933 [7F1933] = $07        A:0000 X:092A Y:C93C S:1FC0 D:192B DB:7F P:NvMxdizC V:84  H:230
01826C $D0 $EC         BNE $01825A                     A:0000 X:092A Y:C93C S:1FC0 D:192B DB:7F P:nvMxdizC V:84  H:242
01825A $BF $20 $CA $04 LDA $04CA20,X [04D34A] = $05    A:0000 X:092A Y:C93C S:1FC0 D:192B DB:7F P:nvMxdizC V:84  H:247
01825E $E8             INX                             A:0005 X:092A Y:C93C S:1FC0 D:192B DB:7F P:nvMxdizC V:84  H:257
01825F $99 $00 $00     STA $0000,Y [7FC93C] = $05      A:0005 X:092B Y:C93C S:1FC0 D:192B DB:7F P:nvMxdizC V:84  H:261
018262 $C8             INY                             A:0005 X:092B Y:C93C S:1FC0 D:192B DB:7F P:nvMxdizC V:84  H:270
018263 $A9 $00         LDA #$00                        A:0005 X:092B Y:C93D S:1FC0 D:192B DB:7F P:NvMxdizC V:84  H:274
018265 $99 $00 $00     STA $0000,Y [7FC93D] = $00      A:0000 X:092B Y:C93D S:1FC0 D:192B DB:7F P:nvMxdiZC V:84  H:292
018268 $C8             INY                             A:0000 X:092B Y:C93D S:1FC0 D:192B DB:7F P:nvMxdiZC V:84  H:301
018269 $CE $33 $19     DEC $1933 [7F1933] = $06        A:0000 X:092B Y:C93E S:1FC0 D:192B DB:7F P:NvMxdizC V:84  H:305
01826C $D0 $EC         BNE $01825A                     A:0000 X:092B Y:C93E S:1FC0 D:192B DB:7F P:nvMxdizC V:84  H:316
01825A $BF $20 $CA $04 LDA $04CA20,X [04D34B] = $04    A:0000 X:092B Y:C93E S:1FC0 D:192B DB:7F P:nvMxdizC V:84  H:322
01825E $E8             INX                             A:0004 X:092B Y:C93E S:1FC0 D:192B DB:7F P:nvMxdizC V:84  H:331
01825F $99 $00 $00     STA $0000,Y [7FC93E] = $04      A:0004 X:092C Y:C93E S:1FC0 D:192B DB:7F P:nvMxdizC V:84  H:334
018262 $C8             INY                             A:0004 X:092C Y:C93E S:1FC0 D:192B DB:7F P:nvMxdizC V:85  H:4  
018263 $A9 $00         LDA #$00                        A:0004 X:092C Y:C93F S:1FC0 D:192B DB:7F P:NvMxdizC V:85  H:7  
018265 $99 $00 $00     STA $0000,Y [7FC93F] = $00      A:0000 X:092C Y:C93F S:1FC0 D:192B DB:7F P:nvMxdiZC V:85  H:11 
018268 $C8             INY                             A:0000 X:092C Y:C93F S:1FC0 D:192B DB:7F P:nvMxdiZC V:85  H:21 
018269 $CE $33 $19     DEC $1933 [7F1933] = $05        A:0000 X:092C Y:C940 S:1FC0 D:192B DB:7F P:NvMxdizC V:85  H:24 
01826C $D0 $EC         BNE $01825A                     A:0000 X:092C Y:C940 S:1FC0 D:192B DB:7F P:nvMxdizC V:85  H:36 
01825A $BF $20 $CA $04 LDA $04CA20,X [04D34C] = $08    A:0000 X:092C Y:C940 S:1FC0 D:192B DB:7F P:nvMxdizC V:85  H:41 
01825E $E8             INX                             A:0008 X:092C Y:C940 S:1FC0 D:192B DB:7F P:nvMxdizC V:85  H:51 
01825F $99 $00 $00     STA $0000,Y [7FC940] = $08      A:0008 X:092D Y:C940 S:1FC0 D:192B DB:7F P:nvMxdizC V:85  H:55 
018262 $C8             INY                             A:0008 X:092D Y:C940 S:1FC0 D:192B DB:7F P:nvMxdizC V:85  H:64 
018263 $A9 $00         LDA #$00                        A:0008 X:092D Y:C941 S:1FC0 D:192B DB:7F P:NvMxdizC V:85  H:68 
018265 $99 $00 $00     STA $0000,Y [7FC941] = $00      A:0000 X:092D Y:C941 S:1FC0 D:192B DB:7F P:nvMxdiZC V:85  H:72 
018268 $C8             INY                             A:0000 X:092D Y:C941 S:1FC0 D:192B DB:7F P:nvMxdiZC V:85  H:81 
018269 $CE $33 $19     DEC $1933 [7F1933] = $04        A:0000 X:092D Y:C942 S:1FC0 D:192B DB:7F P:NvMxdizC V:85  H:85 
01826C $D0 $EC         BNE $01825A                     A:0000 X:092D Y:C942 S:1FC0 D:192B DB:7F P:nvMxdizC V:85  H:96 
01825A $BF $20 $CA $04 LDA $04CA20,X [04D34D] = $0C    A:0000 X:092D Y:C942 S:1FC0 D:192B DB:7F P:nvMxdizC V:85  H:102
01825E $E8             INX                             A:000C X:092D Y:C942 S:1FC0 D:192B DB:7F P:nvMxdizC V:85  H:112
01825F $99 $00 $00     STA $0000,Y [7FC942] = $0C      A:000C X:092E Y:C942 S:1FC0 D:192B DB:7F P:nvMxdizC V:85  H:115
018262 $C8             INY                             A:000C X:092E Y:C942 S:1FC0 D:192B DB:7F P:nvMxdizC V:85  H:125
018263 $A9 $00         LDA #$00                        A:000C X:092E Y:C943 S:1FC0 D:192B DB:7F P:NvMxdizC V:85  H:128
018265 $99 $00 $00     STA $0000,Y [7FC943] = $00      A:0000 X:092E Y:C943 S:1FC0 D:192B DB:7F P:nvMxdiZC V:85  H:132
018268 $C8             INY                             A:0000 X:092E Y:C943 S:1FC0 D:192B DB:7F P:nvMxdiZC V:85  H:152
018269 $CE $33 $19     DEC $1933 [7F1933] = $03        A:0000 X:092E Y:C944 S:1FC0 D:192B DB:7F P:NvMxdizC V:85  H:155
01826C $D0 $EC         BNE $01825A                     A:0000 X:092E Y:C944 S:1FC0 D:192B DB:7F P:nvMxdizC V:85  H:167
01825A $BF $20 $CA $04 LDA $04CA20,X [04D34E] = $02    A:0000 X:092E Y:C944 S:1FC0 D:192B DB:7F P:nvMxdizC V:85  H:172
01825E $E8             INX                             A:0002 X:092E Y:C944 S:1FC0 D:192B DB:7F P:nvMxdizC V:85  H:182
01825F $99 $00 $00     STA $0000,Y [7FC944] = $02      A:0002 X:092F Y:C944 S:1FC0 D:192B DB:7F P:nvMxdizC V:85  H:186
018262 $C8             INY                             A:0002 X:092F Y:C944 S:1FC0 D:192B DB:7F P:nvMxdizC V:85  H:195
018263 $A9 $00         LDA #$00                        A:0002 X:092F Y:C945 S:1FC0 D:192B DB:7F P:NvMxdizC V:85  H:199
018265 $99 $00 $00     STA $0000,Y [7FC945] = $00      A:0000 X:092F Y:C945 S:1FC0 D:192B DB:7F P:nvMxdiZC V:85  H:203
018268 $C8             INY                             A:0000 X:092F Y:C945 S:1FC0 D:192B DB:7F P:nvMxdiZC V:85  H:212
018269 $CE $33 $19     DEC $1933 [7F1933] = $02        A:0000 X:092F Y:C946 S:1FC0 D:192B DB:7F P:NvMxdizC V:85  H:216
01826C $D0 $EC         BNE $01825A                     A:0000 X:092F Y:C946 S:1FC0 D:192B DB:7F P:nvMxdizC V:85  H:227
01825A $BF $20 $CA $04 LDA $04CA20,X [04D34F] = $09    A:0000 X:092F Y:C946 S:1FC0 D:192B DB:7F P:nvMxdizC V:85  H:233
01825E $E8             INX                             A:0009 X:092F Y:C946 S:1FC0 D:192B DB:7F P:nvMxdizC V:85  H:243
01825F $99 $00 $00     STA $0000,Y [7FC946] = $09      A:0009 X:0930 Y:C946 S:1FC0 D:192B DB:7F P:nvMxdizC V:85  H:246
018262 $C8             INY                             A:0009 X:0930 Y:C946 S:1FC0 D:192B DB:7F P:nvMxdizC V:85  H:256
018263 $A9 $00         LDA #$00                        A:0009 X:0930 Y:C947 S:1FC0 D:192B DB:7F P:NvMxdizC V:85  H:259
018265 $99 $00 $00     STA $0000,Y [7FC947] = $00      A:0000 X:0930 Y:C947 S:1FC0 D:192B DB:7F P:nvMxdiZC V:85  H:263
018268 $C8             INY                             A:0000 X:0930 Y:C947 S:1FC0 D:192B DB:7F P:nvMxdiZC V:85  H:273
018269 $CE $33 $19     DEC $1933 [7F1933] = $01        A:0000 X:0930 Y:C948 S:1FC0 D:192B DB:7F P:NvMxdizC V:85  H:276
01826C $D0 $EC         BNE $01825A                     A:0000 X:0930 Y:C948 S:1FC0 D:192B DB:7F P:nvMxdiZC V:85  H:300
01826E $28             PLP                             A:0000 X:0930 Y:C948 S:1FC0 D:192B DB:7F P:nvMxdiZC V:85  H:304
01826F $AB             PLB                             A:0000 X:0930 Y:C948 S:1FC1 D:192B DB:7F P:nvmxdizc V:85  H:311
018270 $60             RTS                             A:0000 X:0930 Y:C948 S:1FC2 D:192B DB:01 P:nvmxdizc V:85  H:318
018218 $A5 $00         LDA $00 [00192B] = $0918        A:0000 X:0930 Y:C948 S:1FC4 D:192B DB:01 P:nvmxdizc V:85  H:327
01821A $18             CLC                             A:0918 X:0930 Y:C948 S:1FC4 D:192B DB:01 P:nvmxdizc V:85  H:337
01821B $69 $18 $00     ADC #$0018                      A:0918 X:0930 Y:C948 S:1FC4 D:192B DB:01 P:nvmxdizc V:86  H:0  
01821E $85 $00         STA $00 [00192B] = $0918        A:0930 X:0930 Y:C948 S:1FC4 D:192B DB:01 P:nvmxdizc V:86  H:6  
018220 $A5 $02         LDA $02 [00192D] = $C928        A:0930 X:0930 Y:C948 S:1FC4 D:192B DB:01 P:nvmxdizc V:86  H:16 
018222 $18             CLC                             A:C928 X:0930 Y:C948 S:1FC4 D:192B DB:01 P:Nvmxdizc V:86  H:25 
018223 $69 $20 $00     ADC #$0020                      A:C928 X:0930 Y:C948 S:1FC4 D:192B DB:01 P:Nvmxdizc V:86  H:29 
018226 $85 $02         STA $02 [00192D] = $C928        A:C948 X:0930 Y:C948 S:1FC4 D:192B DB:01 P:Nvmxdizc V:86  H:35 
018228 $C6 $06         DEC $06 [001931] = $000B        A:C948 X:0930 Y:C948 S:1FC4 D:192B DB:01 P:Nvmxdizc V:86  H:44 
01822A $D0 $E9         BNE $018215                     A:C948 X:0930 Y:C948 S:1FC4 D:192B DB:01 P:nvmxdizc V:86  H:59 
018215 $20 $2E $82     JSR $822E [01822E] = $088B      A:C948 X:0930 Y:C948 S:1FC4 D:192B DB:01 P:nvmxdizc V:86  H:65 
01822E $8B             PHB                             A:C948 X:0930 Y:C948 S:1FC2 D:192B DB:01 P:nvmxdizc V:86  H:76 
01822F $08             PHP                             A:C948 X:0930 Y:C948 S:1FC1 D:192B DB:01 P:nvmxdizc V:86  H:82 
018230 $C2 $30         REP #$30                        A:C948 X:0930 Y:C948 S:1FC0 D:192B DB:01 P:nvmxdizc V:86  H:87 
018232 $8B             PHB                             A:C948 X:0930 Y:C948 S:1FC0 D:192B DB:01 P:nvmxdizc V:86  H:93 
018233 $AD $2B $19     LDA $192B [01192B] = $0930      A:C948 X:0930 Y:C948 S:1FBF D:192B DB:01 P:nvmxdizc V:86  H:98 
018236 $18             CLC                             A:0930 X:0930 Y:C948 S:1FBF D:192B DB:01 P:nvmxdizc V:86  H:108
018237 $69 $20 $CA     ADC #$CA20                      A:0930 X:0930 Y:C948 S:1FBF D:192B DB:01 P:nvmxdizc V:86  H:112
01823A $AA             TAX                             A:D350 X:0930 Y:C948 S:1FBF D:192B DB:01 P:Nvmxdizc V:86  H:118
01823B $AC $2D $19     LDY $192D [01192D] = $C948      A:D350 X:D350 Y:C948 S:1FBF D:192B DB:01 P:Nvmxdizc V:86  H:121
01823E $A9 $0F $00     LDA #$000F                      A:D350 X:D350 Y:C948 S:1FBF D:192B DB:01 P:Nvmxdizc V:86  H:131
018241 $54 $7F $04     MVN $04 -> $7F                  A:000F X:D350 Y:C948 S:1FBF D:192B DB:01 P:nvmxdizc V:86  H:147
018241 $54 $7F $04     MVN $04 -> $7F                  A:000E X:D351 Y:C949 S:1FBF D:192B DB:7F P:nvmxdizc V:86  H:160
018241 $54 $7F $04     MVN $04 -> $7F                  A:000D X:D352 Y:C94A S:1FBF D:192B DB:7F P:nvmxdizc V:86  H:173
018241 $54 $7F $04     MVN $04 -> $7F                  A:000C X:D353 Y:C94B S:1FBF D:192B DB:7F P:nvmxdizc V:86  H:186
018241 $54 $7F $04     MVN $04 -> $7F                  A:000B X:D354 Y:C94C S:1FBF D:192B DB:7F P:nvmxdizc V:86  H:199
018241 $54 $7F $04     MVN $04 -> $7F                  A:000A X:D355 Y:C94D S:1FBF D:192B DB:7F P:nvmxdizc V:86  H:212
018241 $54 $7F $04     MVN $04 -> $7F                  A:0009 X:D356 Y:C94E S:1FBF D:192B DB:7F P:nvmxdizc V:86  H:225
018241 $54 $7F $04     MVN $04 -> $7F                  A:0008 X:D357 Y:C94F S:1FBF D:192B DB:7F P:nvmxdizc V:86  H:238
018241 $54 $7F $04     MVN $04 -> $7F                  A:0007 X:D358 Y:C950 S:1FBF D:192B DB:7F P:nvmxdizc V:86  H:251
018241 $54 $7F $04     MVN $04 -> $7F                  A:0006 X:D359 Y:C951 S:1FBF D:192B DB:7F P:nvmxdizc V:86  H:264
018241 $54 $7F $04     MVN $04 -> $7F                  A:0005 X:D35A Y:C952 S:1FBF D:192B DB:7F P:nvmxdizc V:86  H:289
018241 $54 $7F $04     MVN $04 -> $7F                  A:0004 X:D35B Y:C953 S:1FBF D:192B DB:7F P:nvmxdizc V:86  H:302
018241 $54 $7F $04     MVN $04 -> $7F                  A:0003 X:D35C Y:C954 S:1FBF D:192B DB:7F P:nvmxdizc V:86  H:315
018241 $54 $7F $04     MVN $04 -> $7F                  A:0002 X:D35D Y:C955 S:1FBF D:192B DB:7F P:nvmxdizc V:86  H:327
018241 $54 $7F $04     MVN $04 -> $7F                  A:0001 X:D35E Y:C956 S:1FBF D:192B DB:7F P:nvmxdizc V:87  H:0  
018241 $54 $7F $04     MVN $04 -> $7F                  A:0000 X:D35F Y:C957 S:1FBF D:192B DB:7F P:nvmxdizc V:87  H:13 
018244 $AB             PLB                             A:FFFF X:D360 Y:C958 S:1FBF D:192B DB:7F P:nvmxdizc V:87  H:26 
018245 $8A             TXA                             A:FFFF X:D360 Y:C958 S:1FC0 D:192B DB:01 P:nvmxdizc V:87  H:33 
018246 $38             SEC                             A:D360 X:D360 Y:C958 S:1FC0 D:192B DB:01 P:Nvmxdizc V:87  H:37 
018247 $E9 $20 $CA     SBC #$CA20                      A:D360 X:D360 Y:C958 S:1FC0 D:192B DB:01 P:NvmxdizC V:87  H:40 
01824A $AA             TAX                             A:0940 X:D360 Y:C958 S:1FC0 D:192B DB:01 P:nvmxdizC V:87  H:46 
01824B $E2 $20         SEP #$20                        A:0940 X:0940 Y:C958 S:1FC0 D:192B DB:01 P:nvmxdizC V:87  H:50 
01824D $C2 $10         REP #$10                        A:0940 X:0940 Y:C958 S:1FC0 D:192B DB:01 P:nvMxdizC V:87  H:55 
01824F $F4 $7F $00     PEA #$007F                      A:0940 X:0940 Y:C958 S:1FC0 D:192B DB:01 P:nvMxdizC V:87  H:61 
018252 $AB             PLB                             A:0940 X:0940 Y:C958 S:1FBE D:192B DB:01 P:nvMxdizC V:87  H:71 
018253 $68             PLA                             A:0940 X:0940 Y:C958 S:1FBF D:192B DB:7F P:nvMxdizC V:87  H:78 
018254 $EB             XBA                             A:0900 X:0940 Y:C958 S:1FC0 D:192B DB:7F P:nvMxdiZC V:87  H:85 
018255 $A9 $08         LDA #$08                        A:0009 X:0940 Y:C958 S:1FC0 D:192B DB:7F P:nvMxdizC V:87  H:90 
018257 $8D $33 $19     STA $1933 [7F1933] = $00        A:0008 X:0940 Y:C958 S:1FC0 D:192B DB:7F P:nvMxdizC V:87  H:94 
01825A $BF $20 $CA $04 LDA $04CA20,X [04D360] = $0C    A:0008 X:0940 Y:C958 S:1FC0 D:192B DB:7F P:nvMxdizC V:87  H:102
01825E $E8             INX                             A:000C X:0940 Y:C958 S:1FC0 D:192B DB:7F P:nvMxdizC V:87  H:112
01825F $99 $00 $00     STA $0000,Y [7FC958] = $0C      A:000C X:0941 Y:C958 S:1FC0 D:192B DB:7F P:nvMxdizC V:87  H:115
018262 $C8             INY                             A:000C X:0941 Y:C958 S:1FC0 D:192B DB:7F P:nvMxdizC V:87  H:125
018263 $A9 $00         LDA #$00                        A:000C X:0941 Y:C959 S:1FC0 D:192B DB:7F P:NvMxdizC V:87  H:128
018265 $99 $00 $00     STA $0000,Y [7FC959] = $00      A:0000 X:0941 Y:C959 S:1FC0 D:192B DB:7F P:nvMxdiZC V:87  H:132
018268 $C8             INY                             A:0000 X:0941 Y:C959 S:1FC0 D:192B DB:7F P:nvMxdiZC V:87  H:152
018269 $CE $33 $19     DEC $1933 [7F1933] = $08        A:0000 X:0941 Y:C95A S:1FC0 D:192B DB:7F P:NvMxdizC V:87  H:155
01826C $D0 $EC         BNE $01825A                     A:0000 X:0941 Y:C95A S:1FC0 D:192B DB:7F P:nvMxdizC V:87  H:167
01825A $BF $20 $CA $04 LDA $04CA20,X [04D361] = $09    A:0000 X:0941 Y:C95A S:1FC0 D:192B DB:7F P:nvMxdizC V:87  H:172
01825E $E8             INX                             A:0009 X:0941 Y:C95A S:1FC0 D:192B DB:7F P:nvMxdizC V:87  H:182
01825F $99 $00 $00     STA $0000,Y [7FC95A] = $09      A:0009 X:0942 Y:C95A S:1FC0 D:192B DB:7F P:nvMxdizC V:87  H:186
018262 $C8             INY                             A:0009 X:0942 Y:C95A S:1FC0 D:192B DB:7F P:nvMxdizC V:87  H:195
018263 $A9 $00         LDA #$00                        A:0009 X:0942 Y:C95B S:1FC0 D:192B DB:7F P:NvMxdizC V:87  H:199
018265 $99 $00 $00     STA $0000,Y [7FC95B] = $00      A:0000 X:0942 Y:C95B S:1FC0 D:192B DB:7F P:nvMxdiZC V:87  H:203
018268 $C8             INY                             A:0000 X:0942 Y:C95B S:1FC0 D:192B DB:7F P:nvMxdiZC V:87  H:212
018269 $CE $33 $19     DEC $1933 [7F1933] = $07        A:0000 X:0942 Y:C95C S:1FC0 D:192B DB:7F P:NvMxdizC V:87  H:216
01826C $D0 $EC         BNE $01825A                     A:0000 X:0942 Y:C95C S:1FC0 D:192B DB:7F P:nvMxdizC V:87  H:227
01825A $BF $20 $CA $04 LDA $04CA20,X [04D362] = $09    A:0000 X:0942 Y:C95C S:1FC0 D:192B DB:7F P:nvMxdizC V:87  H:233
01825E $E8             INX                             A:0009 X:0942 Y:C95C S:1FC0 D:192B DB:7F P:nvMxdizC V:87  H:243
01825F $99 $00 $00     STA $0000,Y [7FC95C] = $09      A:0009 X:0943 Y:C95C S:1FC0 D:192B DB:7F P:nvMxdizC V:87  H:246
018262 $C8             INY                             A:0009 X:0943 Y:C95C S:1FC0 D:192B DB:7F P:nvMxdizC V:87  H:256
018263 $A9 $00         LDA #$00                        A:0009 X:0943 Y:C95D S:1FC0 D:192B DB:7F P:NvMxdizC V:87  H:259
018265 $99 $00 $00     STA $0000,Y [7FC95D] = $00      A:0000 X:0943 Y:C95D S:1FC0 D:192B DB:7F P:nvMxdiZC V:87  H:263
018268 $C8             INY                             A:0000 X:0943 Y:C95D S:1FC0 D:192B DB:7F P:nvMxdiZC V:87  H:273
018269 $CE $33 $19     DEC $1933 [7F1933] = $06        A:0000 X:0943 Y:C95E S:1FC0 D:192B DB:7F P:NvMxdizC V:87  H:276
01826C $D0 $EC         BNE $01825A                     A:0000 X:0943 Y:C95E S:1FC0 D:192B DB:7F P:nvMxdizC V:87  H:300
01825A $BF $20 $CA $04 LDA $04CA20,X [04D363] = $05    A:0000 X:0943 Y:C95E S:1FC0 D:192B DB:7F P:nvMxdizC V:87  H:305
01825E $E8             INX                             A:0005 X:0943 Y:C95E S:1FC0 D:192B DB:7F P:nvMxdizC V:87  H:315
01825F $99 $00 $00     STA $0000,Y [7FC95E] = $05      A:0005 X:0944 Y:C95E S:1FC0 D:192B DB:7F P:nvMxdizC V:87  H:319
018262 $C8             INY                             A:0005 X:0944 Y:C95E S:1FC0 D:192B DB:7F P:nvMxdizC V:87  H:327
018263 $A9 $00         LDA #$00                        A:0005 X:0944 Y:C95F S:1FC0 D:192B DB:7F P:NvMxdizC V:87  H:331
018265 $99 $00 $00     STA $0000,Y [7FC95F] = $00      A:0000 X:0944 Y:C95F S:1FC0 D:192B DB:7F P:nvMxdiZC V:87  H:335
018268 $C8             INY                             A:0000 X:0944 Y:C95F S:1FC0 D:192B DB:7F P:nvMxdiZC V:88  H:4  
018269 $CE $33 $19     DEC $1933 [7F1933] = $05        A:0000 X:0944 Y:C960 S:1FC0 D:192B DB:7F P:NvMxdizC V:88  H:8  
01826C $D0 $EC         BNE $01825A                     A:0000 X:0944 Y:C960 S:1FC0 D:192B DB:7F P:nvMxdizC V:88  H:19 
01825A $BF $20 $CA $04 LDA $04CA20,X [04D364] = $00    A:0000 X:0944 Y:C960 S:1FC0 D:192B DB:7F P:nvMxdizC V:88  H:25 
01825E $E8             INX                             A:0000 X:0944 Y:C960 S:1FC0 D:192B DB:7F P:nvMxdiZC V:88  H:35 
01825F $99 $00 $00     STA $0000,Y [7FC960] = $00      A:0000 X:0945 Y:C960 S:1FC0 D:192B DB:7F P:nvMxdizC V:88  H:38 
018262 $C8             INY                             A:0000 X:0945 Y:C960 S:1FC0 D:192B DB:7F P:nvMxdizC V:88  H:48 
018263 $A9 $00         LDA #$00                        A:0000 X:0945 Y:C961 S:1FC0 D:192B DB:7F P:NvMxdizC V:88  H:51 
018265 $99 $00 $00     STA $0000,Y [7FC961] = $00      A:0000 X:0945 Y:C961 S:1FC0 D:192B DB:7F P:nvMxdiZC V:88  H:55 
018268 $C8             INY                             A:0000 X:0945 Y:C961 S:1FC0 D:192B DB:7F P:nvMxdiZC V:88  H:65 
018269 $CE $33 $19     DEC $1933 [7F1933] = $04        A:0000 X:0945 Y:C962 S:1FC0 D:192B DB:7F P:NvMxdizC V:88  H:68 
01826C $D0 $EC         BNE $01825A                     A:0000 X:0945 Y:C962 S:1FC0 D:192B DB:7F P:nvMxdizC V:88  H:80 
01825A $BF $20 $CA $04 LDA $04CA20,X [04D365] = $00    A:0000 X:0945 Y:C962 S:1FC0 D:192B DB:7F P:nvMxdizC V:88  H:85 
01825E $E8             INX                             A:0000 X:0945 Y:C962 S:1FC0 D:192B DB:7F P:nvMxdiZC V:88  H:95 
01825F $99 $00 $00     STA $0000,Y [7FC962] = $00      A:0000 X:0946 Y:C962 S:1FC0 D:192B DB:7F P:nvMxdizC V:88  H:99 
018262 $C8             INY                             A:0000 X:0946 Y:C962 S:1FC0 D:192B DB:7F P:nvMxdizC V:88  H:108
018263 $A9 $00         LDA #$00                        A:0000 X:0946 Y:C963 S:1FC0 D:192B DB:7F P:NvMxdizC V:88  H:112
018265 $99 $00 $00     STA $0000,Y [7FC963] = $00      A:0000 X:0946 Y:C963 S:1FC0 D:192B DB:7F P:nvMxdiZC V:88  H:116
018268 $C8             INY                             A:0000 X:0946 Y:C963 S:1FC0 D:192B DB:7F P:nvMxdiZC V:88  H:125
018269 $CE $33 $19     DEC $1933 [7F1933] = $03        A:0000 X:0946 Y:C964 S:1FC0 D:192B DB:7F P:NvMxdizC V:88  H:129
01826C $D0 $EC         BNE $01825A                     A:0000 X:0946 Y:C964 S:1FC0 D:192B DB:7F P:nvMxdizC V:88  H:150
01825A $BF $20 $CA $04 LDA $04CA20,X [04D366] = $00    A:0000 X:0946 Y:C964 S:1FC0 D:192B DB:7F P:nvMxdizC V:88  H:156
01825E $E8             INX                             A:0000 X:0946 Y:C964 S:1FC0 D:192B DB:7F P:nvMxdiZC V:88  H:166
01825F $99 $00 $00     STA $0000,Y [7FC964] = $00      A:0000 X:0947 Y:C964 S:1FC0 D:192B DB:7F P:nvMxdizC V:88  H:169
018262 $C8             INY                             A:0000 X:0947 Y:C964 S:1FC0 D:192B DB:7F P:nvMxdizC V:88  H:179
018263 $A9 $00         LDA #$00                        A:0000 X:0947 Y:C965 S:1FC0 D:192B DB:7F P:NvMxdizC V:88  H:182
018265 $99 $00 $00     STA $0000,Y [7FC965] = $00      A:0000 X:0947 Y:C965 S:1FC0 D:192B DB:7F P:nvMxdiZC V:88  H:186
018268 $C8             INY                             A:0000 X:0947 Y:C965 S:1FC0 D:192B DB:7F P:nvMxdiZC V:88  H:196
018269 $CE $33 $19     DEC $1933 [7F1933] = $02        A:0000 X:0947 Y:C966 S:1FC0 D:192B DB:7F P:NvMxdizC V:88  H:199
01826C $D0 $EC         BNE $01825A                     A:0000 X:0947 Y:C966 S:1FC0 D:192B DB:7F P:nvMxdizC V:88  H:211
01825A $BF $20 $CA $04 LDA $04CA20,X [04D367] = $00    A:0000 X:0947 Y:C966 S:1FC0 D:192B DB:7F P:nvMxdizC V:88  H:216
01825E $E8             INX                             A:0000 X:0947 Y:C966 S:1FC0 D:192B DB:7F P:nvMxdiZC V:88  H:226
01825F $99 $00 $00     STA $0000,Y [7FC966] = $00      A:0000 X:0948 Y:C966 S:1FC0 D:192B DB:7F P:nvMxdizC V:88  H:230
018262 $C8             INY                             A:0000 X:0948 Y:C966 S:1FC0 D:192B DB:7F P:nvMxdizC V:88  H:239
018263 $A9 $00         LDA #$00                        A:0000 X:0948 Y:C967 S:1FC0 D:192B DB:7F P:NvMxdizC V:88  H:243
018265 $99 $00 $00     STA $0000,Y [7FC967] = $00      A:0000 X:0948 Y:C967 S:1FC0 D:192B DB:7F P:nvMxdiZC V:88  H:247
018268 $C8             INY                             A:0000 X:0948 Y:C967 S:1FC0 D:192B DB:7F P:nvMxdiZC V:88  H:256
018269 $CE $33 $19     DEC $1933 [7F1933] = $01        A:0000 X:0948 Y:C968 S:1FC0 D:192B DB:7F P:NvMxdizC V:88  H:260
01826C $D0 $EC         BNE $01825A                     A:0000 X:0948 Y:C968 S:1FC0 D:192B DB:7F P:nvMxdiZC V:88  H:271
01826E $28             PLP                             A:0000 X:0948 Y:C968 S:1FC0 D:192B DB:7F P:nvMxdiZC V:88  H:275
01826F $AB             PLB                             A:0000 X:0948 Y:C968 S:1FC1 D:192B DB:7F P:nvmxdizc V:88  H:294
018270 $60             RTS                             A:0000 X:0948 Y:C968 S:1FC2 D:192B DB:01 P:nvmxdizc V:88  H:301
018218 $A5 $00         LDA $00 [00192B] = $0930        A:0000 X:0948 Y:C968 S:1FC4 D:192B DB:01 P:nvmxdizc V:88  H:312
01821A $18             CLC                             A:0930 X:0948 Y:C968 S:1FC4 D:192B DB:01 P:nvmxdizc V:88  H:321
01821B $69 $18 $00     ADC #$0018                      A:0930 X:0948 Y:C968 S:1FC4 D:192B DB:01 P:nvmxdizc V:88  H:324
01821E $85 $00         STA $00 [00192B] = $0930        A:0948 X:0948 Y:C968 S:1FC4 D:192B DB:01 P:nvmxdizc V:88  H:330
018220 $A5 $02         LDA $02 [00192D] = $C948        A:0948 X:0948 Y:C968 S:1FC4 D:192B DB:01 P:nvmxdizc V:88  H:339
018222 $18             CLC                             A:C948 X:0948 Y:C968 S:1FC4 D:192B DB:01 P:Nvmxdizc V:89  H:9  
018223 $69 $20 $00     ADC #$0020                      A:C948 X:0948 Y:C968 S:1FC4 D:192B DB:01 P:Nvmxdizc V:89  H:12 
018226 $85 $02         STA $02 [00192D] = $C948        A:C968 X:0948 Y:C968 S:1FC4 D:192B DB:01 P:Nvmxdizc V:89  H:18 
018228 $C6 $06         DEC $06 [001931] = $000A        A:C968 X:0948 Y:C968 S:1FC4 D:192B DB:01 P:Nvmxdizc V:89  H:28 
01822A $D0 $E9         BNE $018215                     A:C968 X:0948 Y:C968 S:1FC4 D:192B DB:01 P:nvmxdizc V:89  H:43 
018215 $20 $2E $82     JSR $822E [01822E] = $088B      A:C968 X:0948 Y:C968 S:1FC4 D:192B DB:01 P:nvmxdizc V:89  H:48 
01822E $8B             PHB                             A:C968 X:0948 Y:C968 S:1FC2 D:192B DB:01 P:nvmxdizc V:89  H:60 
01822F $08             PHP                             A:C968 X:0948 Y:C968 S:1FC1 D:192B DB:01 P:nvmxdizc V:89  H:65 
018230 $C2 $30         REP #$30                        A:C968 X:0948 Y:C968 S:1FC0 D:192B DB:01 P:nvmxdizc V:89  H:71 
018232 $8B             PHB                             A:C968 X:0948 Y:C968 S:1FC0 D:192B DB:01 P:nvmxdizc V:89  H:76 
018233 $AD $2B $19     LDA $192B [01192B] = $0948      A:C968 X:0948 Y:C968 S:1FBF D:192B DB:01 P:nvmxdizc V:89  H:82 
018236 $18             CLC                             A:0948 X:0948 Y:C968 S:1FBF D:192B DB:01 P:nvmxdizc V:89  H:92 
018237 $69 $20 $CA     ADC #$CA20                      A:0948 X:0948 Y:C968 S:1FBF D:192B DB:01 P:nvmxdizc V:89  H:95 
01823A $AA             TAX                             A:D368 X:0948 Y:C968 S:1FBF D:192B DB:01 P:Nvmxdizc V:89  H:101
01823B $AC $2D $19     LDY $192D [01192D] = $C968      A:D368 X:D368 Y:C968 S:1FBF D:192B DB:01 P:Nvmxdizc V:89  H:105
01823E $A9 $0F $00     LDA #$000F                      A:D368 X:D368 Y:C968 S:1FBF D:192B DB:01 P:Nvmxdizc V:89  H:115
018241 $54 $7F $04     MVN $04 -> $7F                  A:000F X:D368 Y:C968 S:1FBF D:192B DB:01 P:nvmxdizc V:89  H:121
018241 $54 $7F $04     MVN $04 -> $7F                  A:000E X:D369 Y:C969 S:1FBF D:192B DB:7F P:nvmxdizc V:89  H:134
018241 $54 $7F $04     MVN $04 -> $7F                  A:000D X:D36A Y:C96A S:1FBF D:192B DB:7F P:nvmxdizc V:89  H:157
018241 $54 $7F $04     MVN $04 -> $7F                  A:000C X:D36B Y:C96B S:1FBF D:192B DB:7F P:nvmxdizc V:89  H:170
018241 $54 $7F $04     MVN $04 -> $7F                  A:000B X:D36C Y:C96C S:1FBF D:192B DB:7F P:nvmxdizc V:89  H:183
018241 $54 $7F $04     MVN $04 -> $7F                  A:000A X:D36D Y:C96D S:1FBF D:192B DB:7F P:nvmxdizc V:89  H:196
018241 $54 $7F $04     MVN $04 -> $7F                  A:0009 X:D36E Y:C96E S:1FBF D:192B DB:7F P:nvmxdizc V:89  H:209
018241 $54 $7F $04     MVN $04 -> $7F                  A:0008 X:D36F Y:C96F S:1FBF D:192B DB:7F P:nvmxdizc V:89  H:222
018241 $54 $7F $04     MVN $04 -> $7F                  A:0007 X:D370 Y:C970 S:1FBF D:192B DB:7F P:nvmxdizc V:89  H:235
018241 $54 $7F $04     MVN $04 -> $7F                  A:0006 X:D371 Y:C971 S:1FBF D:192B DB:7F P:nvmxdizc V:89  H:248
018241 $54 $7F $04     MVN $04 -> $7F                  A:0005 X:D372 Y:C972 S:1FBF D:192B DB:7F P:nvmxdizc V:89  H:261
018241 $54 $7F $04     MVN $04 -> $7F                  A:0004 X:D373 Y:C973 S:1FBF D:192B DB:7F P:nvmxdizc V:89  H:274
018241 $54 $7F $04     MVN $04 -> $7F                  A:0003 X:D374 Y:C974 S:1FBF D:192B DB:7F P:nvmxdizc V:89  H:299
018241 $54 $7F $04     MVN $04 -> $7F                  A:0002 X:D375 Y:C975 S:1FBF D:192B DB:7F P:nvmxdizc V:89  H:312
018241 $54 $7F $04     MVN $04 -> $7F                  A:0001 X:D376 Y:C976 S:1FBF D:192B DB:7F P:nvmxdizc V:89  H:324
018241 $54 $7F $04     MVN $04 -> $7F                  A:0000 X:D377 Y:C977 S:1FBF D:192B DB:7F P:nvmxdizc V:89  H:337
018244 $AB             PLB                             A:FFFF X:D378 Y:C978 S:1FBF D:192B DB:7F P:nvmxdizc V:90  H:10 
018245 $8A             TXA                             A:FFFF X:D378 Y:C978 S:1FC0 D:192B DB:01 P:nvmxdizc V:90  H:17 
018246 $38             SEC                             A:D378 X:D378 Y:C978 S:1FC0 D:192B DB:01 P:Nvmxdizc V:90  H:20 
018247 $E9 $20 $CA     SBC #$CA20                      A:D378 X:D378 Y:C978 S:1FC0 D:192B DB:01 P:NvmxdizC V:90  H:24 
01824A $AA             TAX                             A:0958 X:D378 Y:C978 S:1FC0 D:192B DB:01 P:nvmxdizC V:90  H:30 
01824B $E2 $20         SEP #$20                        A:0958 X:0958 Y:C978 S:1FC0 D:192B DB:01 P:nvmxdizC V:90  H:33 
01824D $C2 $10         REP #$10                        A:0958 X:0958 Y:C978 S:1FC0 D:192B DB:01 P:nvMxdizC V:90  H:39 
01824F $F4 $7F $00     PEA #$007F                      A:0958 X:0958 Y:C978 S:1FC0 D:192B DB:01 P:nvMxdizC V:90  H:44 
018252 $AB             PLB                             A:0958 X:0958 Y:C978 S:1FBE D:192B DB:01 P:nvMxdizC V:90  H:54 
018253 $68             PLA                             A:0958 X:0958 Y:C978 S:1FBF D:192B DB:7F P:nvMxdizC V:90  H:61 
018254 $EB             XBA                             A:0900 X:0958 Y:C978 S:1FC0 D:192B DB:7F P:nvMxdiZC V:90  H:68 
018255 $A9 $08         LDA #$08                        A:0009 X:0958 Y:C978 S:1FC0 D:192B DB:7F P:nvMxdizC V:90  H:73 
018257 $8D $33 $19     STA $1933 [7F1933] = $00        A:0008 X:0958 Y:C978 S:1FC0 D:192B DB:7F P:nvMxdizC V:90  H:77 
01825A $BF $20 $CA $04 LDA $04CA20,X [04D378] = $01    A:0008 X:0958 Y:C978 S:1FC0 D:192B DB:7F P:nvMxdizC V:90  H:85 
01825E $E8             INX                             A:0001 X:0958 Y:C978 S:1FC0 D:192B DB:7F P:nvMxdizC V:90  H:95 
01825F $99 $00 $00     STA $0000,Y [7FC978] = $01      A:0001 X:0959 Y:C978 S:1FC0 D:192B DB:7F P:nvMxdizC V:90  H:99 
018262 $C8             INY                             A:0001 X:0959 Y:C978 S:1FC0 D:192B DB:7F P:nvMxdizC V:90  H:108
018263 $A9 $00         LDA #$00                        A:0001 X:0959 Y:C979 S:1FC0 D:192B DB:7F P:NvMxdizC V:90  H:112
018265 $99 $00 $00     STA $0000,Y [7FC979] = $00      A:0000 X:0959 Y:C979 S:1FC0 D:192B DB:7F P:nvMxdiZC V:90  H:116
018268 $C8             INY                             A:0000 X:0959 Y:C979 S:1FC0 D:192B DB:7F P:nvMxdiZC V:90  H:125
018269 $CE $33 $19     DEC $1933 [7F1933] = $08        A:0000 X:0959 Y:C97A S:1FC0 D:192B DB:7F P:NvMxdizC V:90  H:129
01826C $D0 $EC         BNE $01825A                     A:0000 X:0959 Y:C97A S:1FC0 D:192B DB:7F P:nvMxdizC V:90  H:150
01825A $BF $20 $CA $04 LDA $04CA20,X [04D379] = $00    A:0000 X:0959 Y:C97A S:1FC0 D:192B DB:7F P:nvMxdizC V:90  H:156
01825E $E8             INX                             A:0000 X:0959 Y:C97A S:1FC0 D:192B DB:7F P:nvMxdiZC V:90  H:166
01825F $99 $00 $00     STA $0000,Y [7FC97A] = $00      A:0000 X:095A Y:C97A S:1FC0 D:192B DB:7F P:nvMxdizC V:90  H:169
018262 $C8             INY                             A:0000 X:095A Y:C97A S:1FC0 D:192B DB:7F P:nvMxdizC V:90  H:179
018263 $A9 $00         LDA #$00                        A:0000 X:095A Y:C97B S:1FC0 D:192B DB:7F P:NvMxdizC V:90  H:182
018265 $99 $00 $00     STA $0000,Y [7FC97B] = $00      A:0000 X:095A Y:C97B S:1FC0 D:192B DB:7F P:nvMxdiZC V:90  H:186
018268 $C8             INY                             A:0000 X:095A Y:C97B S:1FC0 D:192B DB:7F P:nvMxdiZC V:90  H:196
018269 $CE $33 $19     DEC $1933 [7F1933] = $07        A:0000 X:095A Y:C97C S:1FC0 D:192B DB:7F P:NvMxdizC V:90  H:199
01826C $D0 $EC         BNE $01825A                     A:0000 X:095A Y:C97C S:1FC0 D:192B DB:7F P:nvMxdizC V:90  H:211
01825A $BF $20 $CA $04 LDA $04CA20,X [04D37A] = $05    A:0000 X:095A Y:C97C S:1FC0 D:192B DB:7F P:nvMxdizC V:90  H:216
01825E $E8             INX                             A:0005 X:095A Y:C97C S:1FC0 D:192B DB:7F P:nvMxdizC V:90  H:226
01825F $99 $00 $00     STA $0000,Y [7FC97C] = $05      A:0005 X:095B Y:C97C S:1FC0 D:192B DB:7F P:nvMxdizC V:90  H:230
018262 $C8             INY                             A:0005 X:095B Y:C97C S:1FC0 D:192B DB:7F P:nvMxdizC V:90  H:239
018263 $A9 $00         LDA #$00                        A:0005 X:095B Y:C97D S:1FC0 D:192B DB:7F P:NvMxdizC V:90  H:243
018265 $99 $00 $00     STA $0000,Y [7FC97D] = $00      A:0000 X:095B Y:C97D S:1FC0 D:192B DB:7F P:nvMxdiZC V:90  H:247
018268 $C8             INY                             A:0000 X:095B Y:C97D S:1FC0 D:192B DB:7F P:nvMxdiZC V:90  H:256
018269 $CE $33 $19     DEC $1933 [7F1933] = $06        A:0000 X:095B Y:C97E S:1FC0 D:192B DB:7F P:NvMxdizC V:90  H:260
01826C $D0 $EC         BNE $01825A                     A:0000 X:095B Y:C97E S:1FC0 D:192B DB:7F P:nvMxdizC V:90  H:271
01825A $BF $20 $CA $04 LDA $04CA20,X [04D37B] = $04    A:0000 X:095B Y:C97E S:1FC0 D:192B DB:7F P:nvMxdizC V:90  H:289
01825E $E8             INX                             A:0004 X:095B Y:C97E S:1FC0 D:192B DB:7F P:nvMxdizC V:90  H:299
01825F $99 $00 $00     STA $0000,Y [7FC97E] = $04      A:0004 X:095C Y:C97E S:1FC0 D:192B DB:7F P:nvMxdizC V:90  H:302
018262 $C8             INY                             A:0004 X:095C Y:C97E S:1FC0 D:192B DB:7F P:nvMxdizC V:90  H:312
018263 $A9 $00         LDA #$00                        A:0004 X:095C Y:C97F S:1FC0 D:192B DB:7F P:NvMxdizC V:90  H:315
018265 $99 $00 $00     STA $0000,Y [7FC97F] = $00      A:0000 X:095C Y:C97F S:1FC0 D:192B DB:7F P:nvMxdiZC V:90  H:319
018268 $C8             INY                             A:0000 X:095C Y:C97F S:1FC0 D:192B DB:7F P:nvMxdiZC V:90  H:328
018269 $CE $33 $19     DEC $1933 [7F1933] = $05        A:0000 X:095C Y:C980 S:1FC0 D:192B DB:7F P:NvMxdizC V:90  H:331
01826C $D0 $EC         BNE $01825A                     A:0000 X:095C Y:C980 S:1FC0 D:192B DB:7F P:nvMxdizC V:91  H:3  
01825A $BF $20 $CA $04 LDA $04CA20,X [04D37C] = $08    A:0000 X:095C Y:C980 S:1FC0 D:192B DB:7F P:nvMxdizC V:91  H:8  
01825E $E8             INX                             A:0008 X:095C Y:C980 S:1FC0 D:192B DB:7F P:nvMxdizC V:91  H:18 
01825F $99 $00 $00     STA $0000,Y [7FC980] = $08      A:0008 X:095D Y:C980 S:1FC0 D:192B DB:7F P:nvMxdizC V:91  H:22 
018262 $C8             INY                             A:0008 X:095D Y:C980 S:1FC0 D:192B DB:7F P:nvMxdizC V:91  H:31 
018263 $A9 $00         LDA #$00                        A:0008 X:095D Y:C981 S:1FC0 D:192B DB:7F P:NvMxdizC V:91  H:35 
018265 $99 $00 $00     STA $0000,Y [7FC981] = $00      A:0000 X:095D Y:C981 S:1FC0 D:192B DB:7F P:nvMxdiZC V:91  H:39 
018268 $C8             INY                             A:0000 X:095D Y:C981 S:1FC0 D:192B DB:7F P:nvMxdiZC V:91  H:48 
018269 $CE $33 $19     DEC $1933 [7F1933] = $04        A:0000 X:095D Y:C982 S:1FC0 D:192B DB:7F P:NvMxdizC V:91  H:52 
01826C $D0 $EC         BNE $01825A                     A:0000 X:095D Y:C982 S:1FC0 D:192B DB:7F P:nvMxdizC V:91  H:63 
01825A $BF $20 $CA $04 LDA $04CA20,X [04D37D] = $0C    A:0000 X:095D Y:C982 S:1FC0 D:192B DB:7F P:nvMxdizC V:91  H:69 
01825E $E8             INX                             A:000C X:095D Y:C982 S:1FC0 D:192B DB:7F P:nvMxdizC V:91  H:79 
01825F $99 $00 $00     STA $0000,Y [7FC982] = $0C      A:000C X:095E Y:C982 S:1FC0 D:192B DB:7F P:nvMxdizC V:91  H:82 
018262 $C8             INY                             A:000C X:095E Y:C982 S:1FC0 D:192B DB:7F P:nvMxdizC V:91  H:92 
018263 $A9 $00         LDA #$00                        A:000C X:095E Y:C983 S:1FC0 D:192B DB:7F P:NvMxdizC V:91  H:95 
018265 $99 $00 $00     STA $0000,Y [7FC983] = $00      A:0000 X:095E Y:C983 S:1FC0 D:192B DB:7F P:nvMxdiZC V:91  H:99 
018268 $C8             INY                             A:0000 X:095E Y:C983 S:1FC0 D:192B DB:7F P:nvMxdiZC V:91  H:109
018269 $CE $33 $19     DEC $1933 [7F1933] = $03        A:0000 X:095E Y:C984 S:1FC0 D:192B DB:7F P:NvMxdizC V:91  H:112
01826C $D0 $EC         BNE $01825A                     A:0000 X:095E Y:C984 S:1FC0 D:192B DB:7F P:nvMxdizC V:91  H:124
01825A $BF $20 $CA $04 LDA $04CA20,X [04D37E] = $02    A:0000 X:095E Y:C984 S:1FC0 D:192B DB:7F P:nvMxdizC V:91  H:129
01825E $E8             INX                             A:0002 X:095E Y:C984 S:1FC0 D:192B DB:7F P:nvMxdizC V:91  H:149
01825F $99 $00 $00     STA $0000,Y [7FC984] = $02      A:0002 X:095F Y:C984 S:1FC0 D:192B DB:7F P:nvMxdizC V:91  H:153
018262 $C8             INY                             A:0002 X:095F Y:C984 S:1FC0 D:192B DB:7F P:nvMxdizC V:91  H:162
018263 $A9 $00         LDA #$00                        A:0002 X:095F Y:C985 S:1FC0 D:192B DB:7F P:NvMxdizC V:91  H:166
018265 $99 $00 $00     STA $0000,Y [7FC985] = $00      A:0000 X:095F Y:C985 S:1FC0 D:192B DB:7F P:nvMxdiZC V:91  H:170
018268 $C8             INY                             A:0000 X:095F Y:C985 S:1FC0 D:192B DB:7F P:nvMxdiZC V:91  H:179
018269 $CE $33 $19     DEC $1933 [7F1933] = $02        A:0000 X:095F Y:C986 S:1FC0 D:192B DB:7F P:NvMxdizC V:91  H:183
01826C $D0 $EC         BNE $01825A                     A:0000 X:095F Y:C986 S:1FC0 D:192B DB:7F P:nvMxdizC V:91  H:194
01825A $BF $20 $CA $04 LDA $04CA20,X [04D37F] = $01    A:0000 X:095F Y:C986 S:1FC0 D:192B DB:7F P:nvMxdizC V:91  H:200
01825E $E8             INX                             A:0001 X:095F Y:C986 S:1FC0 D:192B DB:7F P:nvMxdizC V:91  H:210
01825F $99 $00 $00     STA $0000,Y [7FC986] = $01      A:0001 X:0960 Y:C986 S:1FC0 D:192B DB:7F P:nvMxdizC V:91  H:213
018262 $C8             INY                             A:0001 X:0960 Y:C986 S:1FC0 D:192B DB:7F P:nvMxdizC V:91  H:223
018263 $A9 $00         LDA #$00                        A:0001 X:0960 Y:C987 S:1FC0 D:192B DB:7F P:NvMxdizC V:91  H:226
018265 $99 $00 $00     STA $0000,Y [7FC987] = $00      A:0000 X:0960 Y:C987 S:1FC0 D:192B DB:7F P:nvMxdiZC V:91  H:230
018268 $C8             INY                             A:0000 X:0960 Y:C987 S:1FC0 D:192B DB:7F P:nvMxdiZC V:91  H:240
018269 $CE $33 $19     DEC $1933 [7F1933] = $01        A:0000 X:0960 Y:C988 S:1FC0 D:192B DB:7F P:NvMxdizC V:91  H:243
01826C $D0 $EC         BNE $01825A                     A:0000 X:0960 Y:C988 S:1FC0 D:192B DB:7F P:nvMxdiZC V:91  H:255
01826E $28             PLP                             A:0000 X:0960 Y:C988 S:1FC0 D:192B DB:7F P:nvMxdiZC V:91  H:259
01826F $AB             PLB                             A:0000 X:0960 Y:C988 S:1FC1 D:192B DB:7F P:nvmxdizc V:91  H:266
018270 $60             RTS                             A:0000 X:0960 Y:C988 S:1FC2 D:192B DB:01 P:nvmxdizc V:91  H:273
018218 $A5 $00         LDA $00 [00192B] = $0948        A:0000 X:0960 Y:C988 S:1FC4 D:192B DB:01 P:nvmxdizc V:91  H:295
01821A $18             CLC                             A:0948 X:0960 Y:C988 S:1FC4 D:192B DB:01 P:nvmxdizc V:91  H:305
01821B $69 $18 $00     ADC #$0018                      A:0948 X:0960 Y:C988 S:1FC4 D:192B DB:01 P:nvmxdizc V:91  H:308
01821E $85 $00         STA $00 [00192B] = $0948        A:0960 X:0960 Y:C988 S:1FC4 D:192B DB:01 P:nvmxdizc V:91  H:314
018220 $A5 $02         LDA $02 [00192D] = $C968        A:0960 X:0960 Y:C988 S:1FC4 D:192B DB:01 P:nvmxdizc V:91  H:323
018222 $18             CLC                             A:C968 X:0960 Y:C988 S:1FC4 D:192B DB:01 P:Nvmxdizc V:91  H:332
018223 $69 $20 $00     ADC #$0020                      A:C968 X:0960 Y:C988 S:1FC4 D:192B DB:01 P:Nvmxdizc V:91  H:336
018226 $85 $02         STA $02 [00192D] = $C968        A:C988 X:0960 Y:C988 S:1FC4 D:192B DB:01 P:Nvmxdizc V:92  H:2  
018228 $C6 $06         DEC $06 [001931] = $0009        A:C988 X:0960 Y:C988 S:1FC4 D:192B DB:01 P:Nvmxdizc V:92  H:11 
01822A $D0 $E9         BNE $018215                     A:C988 X:0960 Y:C988 S:1FC4 D:192B DB:01 P:nvmxdizc V:92  H:26 
018215 $20 $2E $82     JSR $822E [01822E] = $088B      A:C988 X:0960 Y:C988 S:1FC4 D:192B DB:01 P:nvmxdizc V:92  H:32 
01822E $8B             PHB                             A:C988 X:0960 Y:C988 S:1FC2 D:192B DB:01 P:nvmxdizc V:92  H:43 
01822F $08             PHP                             A:C988 X:0960 Y:C988 S:1FC1 D:192B DB:01 P:nvmxdizc V:92  H:49 
018230 $C2 $30         REP #$30                        A:C988 X:0960 Y:C988 S:1FC0 D:192B DB:01 P:nvmxdizc V:92  H:54 
018232 $8B             PHB                             A:C988 X:0960 Y:C988 S:1FC0 D:192B DB:01 P:nvmxdizc V:92  H:60 
018233 $AD $2B $19     LDA $192B [01192B] = $0960      A:C988 X:0960 Y:C988 S:1FBF D:192B DB:01 P:nvmxdizc V:92  H:65 
018236 $18             CLC                             A:0960 X:0960 Y:C988 S:1FBF D:192B DB:01 P:nvmxdizc V:92  H:75 
018237 $69 $20 $CA     ADC #$CA20                      A:0960 X:0960 Y:C988 S:1FBF D:192B DB:01 P:nvmxdizc V:92  H:79 
01823A $AA             TAX                             A:D380 X:0960 Y:C988 S:1FBF D:192B DB:01 P:Nvmxdizc V:92  H:85 
01823B $AC $2D $19     LDY $192D [01192D] = $C988      A:D380 X:D380 Y:C988 S:1FBF D:192B DB:01 P:Nvmxdizc V:92  H:88 
01823E $A9 $0F $00     LDA #$000F                      A:D380 X:D380 Y:C988 S:1FBF D:192B DB:01 P:Nvmxdizc V:92  H:98 
018241 $54 $7F $04     MVN $04 -> $7F                  A:000F X:D380 Y:C988 S:1FBF D:192B DB:01 P:nvmxdizc V:92  H:104
018241 $54 $7F $04     MVN $04 -> $7F                  A:000E X:D381 Y:C989 S:1FBF D:192B DB:7F P:nvmxdizc V:92  H:117
018241 $54 $7F $04     MVN $04 -> $7F                  A:000D X:D382 Y:C98A S:1FBF D:192B DB:7F P:nvmxdizc V:92  H:130
018241 $54 $7F $04     MVN $04 -> $7F                  A:000C X:D383 Y:C98B S:1FBF D:192B DB:7F P:nvmxdizc V:92  H:153
018241 $54 $7F $04     MVN $04 -> $7F                  A:000B X:D384 Y:C98C S:1FBF D:192B DB:7F P:nvmxdizc V:92  H:166
018241 $54 $7F $04     MVN $04 -> $7F                  A:000A X:D385 Y:C98D S:1FBF D:192B DB:7F P:nvmxdizc V:92  H:179
018241 $54 $7F $04     MVN $04 -> $7F                  A:0009 X:D386 Y:C98E S:1FBF D:192B DB:7F P:nvmxdizc V:92  H:192
018241 $54 $7F $04     MVN $04 -> $7F                  A:0008 X:D387 Y:C98F S:1FBF D:192B DB:7F P:nvmxdizc V:92  H:205
018241 $54 $7F $04     MVN $04 -> $7F                  A:0007 X:D388 Y:C990 S:1FBF D:192B DB:7F P:nvmxdizc V:92  H:218
018241 $54 $7F $04     MVN $04 -> $7F                  A:0006 X:D389 Y:C991 S:1FBF D:192B DB:7F P:nvmxdizc V:92  H:231
018241 $54 $7F $04     MVN $04 -> $7F                  A:0005 X:D38A Y:C992 S:1FBF D:192B DB:7F P:nvmxdizc V:92  H:244
018241 $54 $7F $04     MVN $04 -> $7F                  A:0004 X:D38B Y:C993 S:1FBF D:192B DB:7F P:nvmxdizc V:92  H:257
018241 $54 $7F $04     MVN $04 -> $7F                  A:0003 X:D38C Y:C994 S:1FBF D:192B DB:7F P:nvmxdizc V:92  H:270
018241 $54 $7F $04     MVN $04 -> $7F                  A:0002 X:D38D Y:C995 S:1FBF D:192B DB:7F P:nvmxdizc V:92  H:295
018241 $54 $7F $04     MVN $04 -> $7F                  A:0001 X:D38E Y:C996 S:1FBF D:192B DB:7F P:nvmxdizc V:92  H:308
018241 $54 $7F $04     MVN $04 -> $7F                  A:0000 X:D38F Y:C997 S:1FBF D:192B DB:7F P:nvmxdizc V:92  H:321
018244 $AB             PLB                             A:FFFF X:D390 Y:C998 S:1FBF D:192B DB:7F P:nvmxdizc V:92  H:333
018245 $8A             TXA                             A:FFFF X:D390 Y:C998 S:1FC0 D:192B DB:01 P:nvmxdizc V:93  H:0  
018246 $38             SEC                             A:D390 X:D390 Y:C998 S:1FC0 D:192B DB:01 P:Nvmxdizc V:93  H:4  
018247 $E9 $20 $CA     SBC #$CA20                      A:D390 X:D390 Y:C998 S:1FC0 D:192B DB:01 P:NvmxdizC V:93  H:7  
01824A $AA             TAX                             A:0970 X:D390 Y:C998 S:1FC0 D:192B DB:01 P:nvmxdizC V:93  H:13 
01824B $E2 $20         SEP #$20                        A:0970 X:0970 Y:C998 S:1FC0 D:192B DB:01 P:nvmxdizC V:93  H:17 
01824D $C2 $10         REP #$10                        A:0970 X:0970 Y:C998 S:1FC0 D:192B DB:01 P:nvMxdizC V:93  H:22 
01824F $F4 $7F $00     PEA #$007F                      A:0970 X:0970 Y:C998 S:1FC0 D:192B DB:01 P:nvMxdizC V:93  H:28 
018252 $AB             PLB                             A:0970 X:0970 Y:C998 S:1FBE D:192B DB:01 P:nvMxdizC V:93  H:38 
018253 $68             PLA                             A:0970 X:0970 Y:C998 S:1FBF D:192B DB:7F P:nvMxdizC V:93  H:45 
018254 $EB             XBA                             A:0900 X:0970 Y:C998 S:1FC0 D:192B DB:7F P:nvMxdiZC V:93  H:52 
018255 $A9 $08         LDA #$08                        A:0009 X:0970 Y:C998 S:1FC0 D:192B DB:7F P:nvMxdizC V:93  H:57 
018257 $8D $33 $19     STA $1933 [7F1933] = $00        A:0008 X:0970 Y:C998 S:1FC0 D:192B DB:7F P:nvMxdizC V:93  H:61 
01825A $BF $20 $CA $04 LDA $04CA20,X [04D390] = $00    A:0008 X:0970 Y:C998 S:1FC0 D:192B DB:7F P:nvMxdizC V:93  H:69 
01825E $E8             INX                             A:0000 X:0970 Y:C998 S:1FC0 D:192B DB:7F P:nvMxdiZC V:93  H:79 
01825F $99 $00 $00     STA $0000,Y [7FC998] = $00      A:0000 X:0971 Y:C998 S:1FC0 D:192B DB:7F P:nvMxdizC V:93  H:82 
018262 $C8             INY                             A:0000 X:0971 Y:C998 S:1FC0 D:192B DB:7F P:nvMxdizC V:93  H:92 
018263 $A9 $00         LDA #$00                        A:0000 X:0971 Y:C999 S:1FC0 D:192B DB:7F P:NvMxdizC V:93  H:95 
018265 $99 $00 $00     STA $0000,Y [7FC999] = $00      A:0000 X:0971 Y:C999 S:1FC0 D:192B DB:7F P:nvMxdiZC V:93  H:99 
018268 $C8             INY                             A:0000 X:0971 Y:C999 S:1FC0 D:192B DB:7F P:nvMxdiZC V:93  H:109
018269 $CE $33 $19     DEC $1933 [7F1933] = $08        A:0000 X:0971 Y:C99A S:1FC0 D:192B DB:7F P:NvMxdizC V:93  H:112
01826C $D0 $EC         BNE $01825A                     A:0000 X:0971 Y:C99A S:1FC0 D:192B DB:7F P:nvMxdizC V:93  H:124
01825A $BF $20 $CA $04 LDA $04CA20,X [04D391] = $00    A:0000 X:0971 Y:C99A S:1FC0 D:192B DB:7F P:nvMxdizC V:93  H:129
01825E $E8             INX                             A:0000 X:0971 Y:C99A S:1FC0 D:192B DB:7F P:nvMxdiZC V:93  H:149
01825F $99 $00 $00     STA $0000,Y [7FC99A] = $00      A:0000 X:0972 Y:C99A S:1FC0 D:192B DB:7F P:nvMxdizC V:93  H:153
018262 $C8             INY                             A:0000 X:0972 Y:C99A S:1FC0 D:192B DB:7F P:nvMxdizC V:93  H:162
018263 $A9 $00         LDA #$00                        A:0000 X:0972 Y:C99B S:1FC0 D:192B DB:7F P:NvMxdizC V:93  H:166
018265 $99 $00 $00     STA $0000,Y [7FC99B] = $00      A:0000 X:0972 Y:C99B S:1FC0 D:192B DB:7F P:nvMxdiZC V:93  H:170
018268 $C8             INY                             A:0000 X:0972 Y:C99B S:1FC0 D:192B DB:7F P:nvMxdiZC V:93  H:179
018269 $CE $33 $19     DEC $1933 [7F1933] = $07        A:0000 X:0972 Y:C99C S:1FC0 D:192B DB:7F P:NvMxdizC V:93  H:183
01826C $D0 $EC         BNE $01825A                     A:0000 X:0972 Y:C99C S:1FC0 D:192B DB:7F P:nvMxdizC V:93  H:194
01825A $BF $20 $CA $04 LDA $04CA20,X [04D392] = $0C    A:0000 X:0972 Y:C99C S:1FC0 D:192B DB:7F P:nvMxdizC V:93  H:200
01825E $E8             INX                             A:000C X:0972 Y:C99C S:1FC0 D:192B DB:7F P:nvMxdizC V:93  H:210
01825F $99 $00 $00     STA $0000,Y [7FC99C] = $0C      A:000C X:0973 Y:C99C S:1FC0 D:192B DB:7F P:nvMxdizC V:93  H:213
018262 $C8             INY                             A:000C X:0973 Y:C99C S:1FC0 D:192B DB:7F P:nvMxdizC V:93  H:223
018263 $A9 $00         LDA #$00                        A:000C X:0973 Y:C99D S:1FC0 D:192B DB:7F P:NvMxdizC V:93  H:226
018265 $99 $00 $00     STA $0000,Y [7FC99D] = $00      A:0000 X:0973 Y:C99D S:1FC0 D:192B DB:7F P:nvMxdiZC V:93  H:230
018268 $C8             INY                             A:0000 X:0973 Y:C99D S:1FC0 D:192B DB:7F P:nvMxdiZC V:93  H:240
018269 $CE $33 $19     DEC $1933 [7F1933] = $06        A:0000 X:0973 Y:C99E S:1FC0 D:192B DB:7F P:NvMxdizC V:93  H:243
01826C $D0 $EC         BNE $01825A                     A:0000 X:0973 Y:C99E S:1FC0 D:192B DB:7F P:nvMxdizC V:93  H:255
01825A $BF $20 $CA $04 LDA $04CA20,X [04D393] = $0F    A:0000 X:0973 Y:C99E S:1FC0 D:192B DB:7F P:nvMxdizC V:93  H:260
01825E $E8             INX                             A:000F X:0973 Y:C99E S:1FC0 D:192B DB:7F P:nvMxdizC V:93  H:270
01825F $99 $00 $00     STA $0000,Y [7FC99E] = $0F      A:000F X:0974 Y:C99E S:1FC0 D:192B DB:7F P:nvMxdizC V:93  H:274
018262 $C8             INY                             A:000F X:0974 Y:C99E S:1FC0 D:192B DB:7F P:nvMxdizC V:93  H:295
018263 $A9 $00         LDA #$00                        A:000F X:0974 Y:C99F S:1FC0 D:192B DB:7F P:NvMxdizC V:93  H:299
018265 $99 $00 $00     STA $0000,Y [7FC99F] = $00      A:0000 X:0974 Y:C99F S:1FC0 D:192B DB:7F P:nvMxdiZC V:93  H:303
018268 $C8             INY                             A:0000 X:0974 Y:C99F S:1FC0 D:192B DB:7F P:nvMxdiZC V:93  H:312
018269 $CE $33 $19     DEC $1933 [7F1933] = $05        A:0000 X:0974 Y:C9A0 S:1FC0 D:192B DB:7F P:NvMxdizC V:93  H:316
01826C $D0 $EC         BNE $01825A                     A:0000 X:0974 Y:C9A0 S:1FC0 D:192B DB:7F P:nvMxdizC V:93  H:327
01825A $BF $20 $CA $04 LDA $04CA20,X [04D394] = $03    A:0000 X:0974 Y:C9A0 S:1FC0 D:192B DB:7F P:nvMxdizC V:93  H:332
01825E $E8             INX                             A:0003 X:0974 Y:C9A0 S:1FC0 D:192B DB:7F P:nvMxdizC V:94  H:2  
01825F $99 $00 $00     STA $0000,Y [7FC9A0] = $03      A:0003 X:0975 Y:C9A0 S:1FC0 D:192B DB:7F P:nvMxdizC V:94  H:5  
018262 $C8             INY                             A:0003 X:0975 Y:C9A0 S:1FC0 D:192B DB:7F P:nvMxdizC V:94  H:15 
018263 $A9 $00         LDA #$00                        A:0003 X:0975 Y:C9A1 S:1FC0 D:192B DB:7F P:NvMxdizC V:94  H:18 
018265 $99 $00 $00     STA $0000,Y [7FC9A1] = $00      A:0000 X:0975 Y:C9A1 S:1FC0 D:192B DB:7F P:nvMxdiZC V:94  H:22 
018268 $C8             INY                             A:0000 X:0975 Y:C9A1 S:1FC0 D:192B DB:7F P:nvMxdiZC V:94  H:32 
018269 $CE $33 $19     DEC $1933 [7F1933] = $04        A:0000 X:0975 Y:C9A2 S:1FC0 D:192B DB:7F P:NvMxdizC V:94  H:35 
01826C $D0 $EC         BNE $01825A                     A:0000 X:0975 Y:C9A2 S:1FC0 D:192B DB:7F P:nvMxdizC V:94  H:47 
01825A $BF $20 $CA $04 LDA $04CA20,X [04D395] = $01    A:0000 X:0975 Y:C9A2 S:1FC0 D:192B DB:7F P:nvMxdizC V:94  H:52 
01825E $E8             INX                             A:0001 X:0975 Y:C9A2 S:1FC0 D:192B DB:7F P:nvMxdizC V:94  H:62 
01825F $99 $00 $00     STA $0000,Y [7FC9A2] = $01      A:0001 X:0976 Y:C9A2 S:1FC0 D:192B DB:7F P:nvMxdizC V:94  H:66 
018262 $C8             INY                             A:0001 X:0976 Y:C9A2 S:1FC0 D:192B DB:7F P:nvMxdizC V:94  H:75 
018263 $A9 $00         LDA #$00                        A:0001 X:0976 Y:C9A3 S:1FC0 D:192B DB:7F P:NvMxdizC V:94  H:79 
018265 $99 $00 $00     STA $0000,Y [7FC9A3] = $00      A:0000 X:0976 Y:C9A3 S:1FC0 D:192B DB:7F P:nvMxdiZC V:94  H:83 
018268 $C8             INY                             A:0000 X:0976 Y:C9A3 S:1FC0 D:192B DB:7F P:nvMxdiZC V:94  H:92 
018269 $CE $33 $19     DEC $1933 [7F1933] = $03        A:0000 X:0976 Y:C9A4 S:1FC0 D:192B DB:7F P:NvMxdizC V:94  H:96 
01826C $D0 $EC         BNE $01825A                     A:0000 X:0976 Y:C9A4 S:1FC0 D:192B DB:7F P:nvMxdizC V:94  H:107
01825A $BF $20 $CA $04 LDA $04CA20,X [04D396] = $00    A:0000 X:0976 Y:C9A4 S:1FC0 D:192B DB:7F P:nvMxdizC V:94  H:113
01825E $E8             INX                             A:0000 X:0976 Y:C9A4 S:1FC0 D:192B DB:7F P:nvMxdiZC V:94  H:123
01825F $99 $00 $00     STA $0000,Y [7FC9A4] = $00      A:0000 X:0977 Y:C9A4 S:1FC0 D:192B DB:7F P:nvMxdizC V:94  H:126
018262 $C8             INY                             A:0000 X:0977 Y:C9A4 S:1FC0 D:192B DB:7F P:nvMxdizC V:94  H:146
018263 $A9 $00         LDA #$00                        A:0000 X:0977 Y:C9A5 S:1FC0 D:192B DB:7F P:NvMxdizC V:94  H:149
018265 $99 $00 $00     STA $0000,Y [7FC9A5] = $00      A:0000 X:0977 Y:C9A5 S:1FC0 D:192B DB:7F P:nvMxdiZC V:94  H:153
018268 $C8             INY                             A:0000 X:0977 Y:C9A5 S:1FC0 D:192B DB:7F P:nvMxdiZC V:94  H:163
018269 $CE $33 $19     DEC $1933 [7F1933] = $02        A:0000 X:0977 Y:C9A6 S:1FC0 D:192B DB:7F P:NvMxdizC V:94  H:166
01826C $D0 $EC         BNE $01825A                     A:0000 X:0977 Y:C9A6 S:1FC0 D:192B DB:7F P:nvMxdizC V:94  H:178
01825A $BF $20 $CA $04 LDA $04CA20,X [04D397] = $3F    A:0000 X:0977 Y:C9A6 S:1FC0 D:192B DB:7F P:nvMxdizC V:94  H:183
01825E $E8             INX                             A:003F X:0977 Y:C9A6 S:1FC0 D:192B DB:7F P:nvMxdizC V:94  H:193
01825F $99 $00 $00     STA $0000,Y [7FC9A6] = $3F      A:003F X:0978 Y:C9A6 S:1FC0 D:192B DB:7F P:nvMxdizC V:94  H:197
018262 $C8             INY                             A:003F X:0978 Y:C9A6 S:1FC0 D:192B DB:7F P:nvMxdizC V:94  H:206
018263 $A9 $00         LDA #$00                        A:003F X:0978 Y:C9A7 S:1FC0 D:192B DB:7F P:NvMxdizC V:94  H:210
018265 $99 $00 $00     STA $0000,Y [7FC9A7] = $00      A:0000 X:0978 Y:C9A7 S:1FC0 D:192B DB:7F P:nvMxdiZC V:94  H:214
018268 $C8             INY                             A:0000 X:0978 Y:C9A7 S:1FC0 D:192B DB:7F P:nvMxdiZC V:94  H:223
018269 $CE $33 $19     DEC $1933 [7F1933] = $01        A:0000 X:0978 Y:C9A8 S:1FC0 D:192B DB:7F P:NvMxdizC V:94  H:227
01826C $D0 $EC         BNE $01825A                     A:0000 X:0978 Y:C9A8 S:1FC0 D:192B DB:7F P:nvMxdiZC V:94  H:238
01826E $28             PLP                             A:0000 X:0978 Y:C9A8 S:1FC0 D:192B DB:7F P:nvMxdiZC V:94  H:242
01826F $AB             PLB                             A:0000 X:0978 Y:C9A8 S:1FC1 D:192B DB:7F P:nvmxdizc V:94  H:249
018270 $60             RTS                             A:0000 X:0978 Y:C9A8 S:1FC2 D:192B DB:01 P:nvmxdizc V:94  H:256
018218 $A5 $00         LDA $00 [00192B] = $0960        A:0000 X:0978 Y:C9A8 S:1FC4 D:192B DB:01 P:nvmxdizc V:94  H:267
01821A $18             CLC                             A:0960 X:0978 Y:C9A8 S:1FC4 D:192B DB:01 P:nvmxdizc V:94  H:276
01821B $69 $18 $00     ADC #$0018                      A:0960 X:0978 Y:C9A8 S:1FC4 D:192B DB:01 P:nvmxdizc V:94  H:292
01821E $85 $00         STA $00 [00192B] = $0960        A:0978 X:0978 Y:C9A8 S:1FC4 D:192B DB:01 P:nvmxdizc V:94  H:298
018220 $A5 $02         LDA $02 [00192D] = $C988        A:0978 X:0978 Y:C9A8 S:1FC4 D:192B DB:01 P:nvmxdizc V:94  H:307
018222 $18             CLC                             A:C988 X:0978 Y:C9A8 S:1FC4 D:192B DB:01 P:Nvmxdizc V:94  H:317
018223 $69 $20 $00     ADC #$0020                      A:C988 X:0978 Y:C9A8 S:1FC4 D:192B DB:01 P:Nvmxdizc V:94  H:320
018226 $85 $02         STA $02 [00192D] = $C988        A:C9A8 X:0978 Y:C9A8 S:1FC4 D:192B DB:01 P:Nvmxdizc V:94  H:326
018228 $C6 $06         DEC $06 [001931] = $0008        A:C9A8 X:0978 Y:C9A8 S:1FC4 D:192B DB:01 P:Nvmxdizc V:94  H:335
01822A $D0 $E9         BNE $018215                     A:C9A8 X:0978 Y:C9A8 S:1FC4 D:192B DB:01 P:nvmxdizc V:95  H:10 
018215 $20 $2E $82     JSR $822E [01822E] = $088B      A:C9A8 X:0978 Y:C9A8 S:1FC4 D:192B DB:01 P:nvmxdizc V:95  H:15 
01822E $8B             PHB                             A:C9A8 X:0978 Y:C9A8 S:1FC2 D:192B DB:01 P:nvmxdizc V:95  H:27 
01822F $08             PHP                             A:C9A8 X:0978 Y:C9A8 S:1FC1 D:192B DB:01 P:nvmxdizc V:95  H:32 
018230 $C2 $30         REP #$30                        A:C9A8 X:0978 Y:C9A8 S:1FC0 D:192B DB:01 P:nvmxdizc V:95  H:38 
018232 $8B             PHB                             A:C9A8 X:0978 Y:C9A8 S:1FC0 D:192B DB:01 P:nvmxdizc V:95  H:43 
018233 $AD $2B $19     LDA $192B [01192B] = $0978      A:C9A8 X:0978 Y:C9A8 S:1FBF D:192B DB:01 P:nvmxdizc V:95  H:49 
018236 $18             CLC                             A:0978 X:0978 Y:C9A8 S:1FBF D:192B DB:01 P:nvmxdizc V:95  H:59 
018237 $69 $20 $CA     ADC #$CA20                      A:0978 X:0978 Y:C9A8 S:1FBF D:192B DB:01 P:nvmxdizc V:95  H:62 
01823A $AA             TAX                             A:D398 X:0978 Y:C9A8 S:1FBF D:192B DB:01 P:Nvmxdizc V:95  H:68 
01823B $AC $2D $19     LDY $192D [01192D] = $C9A8      A:D398 X:D398 Y:C9A8 S:1FBF D:192B DB:01 P:Nvmxdizc V:95  H:72 
01823E $A9 $0F $00     LDA #$000F                      A:D398 X:D398 Y:C9A8 S:1FBF D:192B DB:01 P:Nvmxdizc V:95  H:82 
018241 $54 $7F $04     MVN $04 -> $7F                  A:000F X:D398 Y:C9A8 S:1FBF D:192B DB:01 P:nvmxdizc V:95  H:88 
018241 $54 $7F $04     MVN $04 -> $7F                  A:000E X:D399 Y:C9A9 S:1FBF D:192B DB:7F P:nvmxdizc V:95  H:101
018241 $54 $7F $04     MVN $04 -> $7F                  A:000D X:D39A Y:C9AA S:1FBF D:192B DB:7F P:nvmxdizc V:95  H:114
018241 $54 $7F $04     MVN $04 -> $7F                  A:000C X:D39B Y:C9AB S:1FBF D:192B DB:7F P:nvmxdizc V:95  H:127
018241 $54 $7F $04     MVN $04 -> $7F                  A:000B X:D39C Y:C9AC S:1FBF D:192B DB:7F P:nvmxdizc V:95  H:150
018241 $54 $7F $04     MVN $04 -> $7F                  A:000A X:D39D Y:C9AD S:1FBF D:192B DB:7F P:nvmxdizc V:95  H:163
018241 $54 $7F $04     MVN $04 -> $7F                  A:0009 X:D39E Y:C9AE S:1FBF D:192B DB:7F P:nvmxdizc V:95  H:176
018241 $54 $7F $04     MVN $04 -> $7F                  A:0008 X:D39F Y:C9AF S:1FBF D:192B DB:7F P:nvmxdizc V:95  H:189
018241 $54 $7F $04     MVN $04 -> $7F                  A:0007 X:D3A0 Y:C9B0 S:1FBF D:192B DB:7F P:nvmxdizc V:95  H:202
018241 $54 $7F $04     MVN $04 -> $7F                  A:0006 X:D3A1 Y:C9B1 S:1FBF D:192B DB:7F P:nvmxdizc V:95  H:215
018241 $54 $7F $04     MVN $04 -> $7F                  A:0005 X:D3A2 Y:C9B2 S:1FBF D:192B DB:7F P:nvmxdizc V:95  H:228
018241 $54 $7F $04     MVN $04 -> $7F                  A:0004 X:D3A3 Y:C9B3 S:1FBF D:192B DB:7F P:nvmxdizc V:95  H:241
018241 $54 $7F $04     MVN $04 -> $7F                  A:0003 X:D3A4 Y:C9B4 S:1FBF D:192B DB:7F P:nvmxdizc V:95  H:254
018241 $54 $7F $04     MVN $04 -> $7F                  A:0002 X:D3A5 Y:C9B5 S:1FBF D:192B DB:7F P:nvmxdizc V:95  H:267
018241 $54 $7F $04     MVN $04 -> $7F                  A:0001 X:D3A6 Y:C9B6 S:1FBF D:192B DB:7F P:nvmxdizc V:95  H:293
018241 $54 $7F $04     MVN $04 -> $7F                  A:0000 X:D3A7 Y:C9B7 S:1FBF D:192B DB:7F P:nvmxdizc V:95  H:306
018244 $AB             PLB                             A:FFFF X:D3A8 Y:C9B8 S:1FBF D:192B DB:7F P:nvmxdizc V:95  H:319
018245 $8A             TXA                             A:FFFF X:D3A8 Y:C9B8 S:1FC0 D:192B DB:01 P:nvmxdizc V:95  H:326
018246 $38             SEC                             A:D3A8 X:D3A8 Y:C9B8 S:1FC0 D:192B DB:01 P:Nvmxdizc V:95  H:329
018247 $E9 $20 $CA     SBC #$CA20                      A:D3A8 X:D3A8 Y:C9B8 S:1FC0 D:192B DB:01 P:NvmxdizC V:95  H:332
01824A $AA             TAX                             A:0988 X:D3A8 Y:C9B8 S:1FC0 D:192B DB:01 P:nvmxdizC V:95  H:338
01824B $E2 $20         SEP #$20                        A:0988 X:0988 Y:C9B8 S:1FC0 D:192B DB:01 P:nvmxdizC V:96  H:2  
01824D $C2 $10         REP #$10                        A:0988 X:0988 Y:C9B8 S:1FC0 D:192B DB:01 P:nvMxdizC V:96  H:7  
01824F $F4 $7F $00     PEA #$007F                      A:0988 X:0988 Y:C9B8 S:1FC0 D:192B DB:01 P:nvMxdizC V:96  H:13 
018252 $AB             PLB                             A:0988 X:0988 Y:C9B8 S:1FBE D:192B DB:01 P:nvMxdizC V:96  H:23 
018253 $68             PLA                             A:0988 X:0988 Y:C9B8 S:1FBF D:192B DB:7F P:nvMxdizC V:96  H:30 
018254 $EB             XBA                             A:0900 X:0988 Y:C9B8 S:1FC0 D:192B DB:7F P:nvMxdiZC V:96  H:37 
018255 $A9 $08         LDA #$08                        A:0009 X:0988 Y:C9B8 S:1FC0 D:192B DB:7F P:nvMxdizC V:96  H:42 
018257 $8D $33 $19     STA $1933 [7F1933] = $00        A:0008 X:0988 Y:C9B8 S:1FC0 D:192B DB:7F P:nvMxdizC V:96  H:46 
01825A $BF $20 $CA $04 LDA $04CA20,X [04D3A8] = $00    A:0008 X:0988 Y:C9B8 S:1FC0 D:192B DB:7F P:nvMxdizC V:96  H:54 
01825E $E8             INX                             A:0000 X:0988 Y:C9B8 S:1FC0 D:192B DB:7F P:nvMxdiZC V:96  H:64 
01825F $99 $00 $00     STA $0000,Y [7FC9B8] = $00      A:0000 X:0989 Y:C9B8 S:1FC0 D:192B DB:7F P:nvMxdizC V:96  H:67 
018262 $C8             INY                             A:0000 X:0989 Y:C9B8 S:1FC0 D:192B DB:7F P:nvMxdizC V:96  H:77 
018263 $A9 $00         LDA #$00                        A:0000 X:0989 Y:C9B9 S:1FC0 D:192B DB:7F P:NvMxdizC V:96  H:80 
018265 $99 $00 $00     STA $0000,Y [7FC9B9] = $00      A:0000 X:0989 Y:C9B9 S:1FC0 D:192B DB:7F P:nvMxdiZC V:96  H:84 
018268 $C8             INY                             A:0000 X:0989 Y:C9B9 S:1FC0 D:192B DB:7F P:nvMxdiZC V:96  H:94 
018269 $CE $33 $19     DEC $1933 [7F1933] = $08        A:0000 X:0989 Y:C9BA S:1FC0 D:192B DB:7F P:NvMxdizC V:96  H:97 
01826C $D0 $EC         BNE $01825A                     A:0000 X:0989 Y:C9BA S:1FC0 D:192B DB:7F P:nvMxdizC V:96  H:109
01825A $BF $20 $CA $04 LDA $04CA20,X [04D3A9] = $00    A:0000 X:0989 Y:C9BA S:1FC0 D:192B DB:7F P:nvMxdizC V:96  H:114
01825E $E8             INX                             A:0000 X:0989 Y:C9BA S:1FC0 D:192B DB:7F P:nvMxdiZC V:96  H:124
01825F $99 $00 $00     STA $0000,Y [7FC9BA] = $00      A:0000 X:098A Y:C9BA S:1FC0 D:192B DB:7F P:nvMxdizC V:96  H:128
018262 $C8             INY                             A:0000 X:098A Y:C9BA S:1FC0 D:192B DB:7F P:nvMxdizC V:96  H:147
018263 $A9 $00         LDA #$00                        A:0000 X:098A Y:C9BB S:1FC0 D:192B DB:7F P:NvMxdizC V:96  H:151
018265 $99 $00 $00     STA $0000,Y [7FC9BB] = $00      A:0000 X:098A Y:C9BB S:1FC0 D:192B DB:7F P:nvMxdiZC V:96  H:155
018268 $C8             INY                             A:0000 X:098A Y:C9BB S:1FC0 D:192B DB:7F P:nvMxdiZC V:96  H:164
018269 $CE $33 $19     DEC $1933 [7F1933] = $07        A:0000 X:098A Y:C9BC S:1FC0 D:192B DB:7F P:NvMxdizC V:96  H:168
01826C $D0 $EC         BNE $01825A                     A:0000 X:098A Y:C9BC S:1FC0 D:192B DB:7F P:nvMxdizC V:96  H:179
01825A $BF $20 $CA $04 LDA $04CA20,X [04D3AA] = $00    A:0000 X:098A Y:C9BC S:1FC0 D:192B DB:7F P:nvMxdizC V:96  H:185
01825E $E8             INX                             A:0000 X:098A Y:C9BC S:1FC0 D:192B DB:7F P:nvMxdiZC V:96  H:195
01825F $99 $00 $00     STA $0000,Y [7FC9BC] = $00      A:0000 X:098B Y:C9BC S:1FC0 D:192B DB:7F P:nvMxdizC V:96  H:198
018262 $C8             INY                             A:0000 X:098B Y:C9BC S:1FC0 D:192B DB:7F P:nvMxdizC V:96  H:208
018263 $A9 $00         LDA #$00                        A:0000 X:098B Y:C9BD S:1FC0 D:192B DB:7F P:NvMxdizC V:96  H:211
018265 $99 $00 $00     STA $0000,Y [7FC9BD] = $00      A:0000 X:098B Y:C9BD S:1FC0 D:192B DB:7F P:nvMxdiZC V:96  H:215
018268 $C8             INY                             A:0000 X:098B Y:C9BD S:1FC0 D:192B DB:7F P:nvMxdiZC V:96  H:225
018269 $CE $33 $19     DEC $1933 [7F1933] = $06        A:0000 X:098B Y:C9BE S:1FC0 D:192B DB:7F P:NvMxdizC V:96  H:228
01826C $D0 $EC         BNE $01825A                     A:0000 X:098B Y:C9BE S:1FC0 D:192B DB:7F P:nvMxdizC V:96  H:240
01825A $BF $20 $CA $04 LDA $04CA20,X [04D3AB] = $00    A:0000 X:098B Y:C9BE S:1FC0 D:192B DB:7F P:nvMxdizC V:96  H:245
01825E $E8             INX                             A:0000 X:098B Y:C9BE S:1FC0 D:192B DB:7F P:nvMxdiZC V:96  H:255
01825F $99 $00 $00     STA $0000,Y [7FC9BE] = $00      A:0000 X:098C Y:C9BE S:1FC0 D:192B DB:7F P:nvMxdizC V:96  H:259
018262 $C8             INY                             A:0000 X:098C Y:C9BE S:1FC0 D:192B DB:7F P:nvMxdizC V:96  H:268
018263 $A9 $00         LDA #$00                        A:0000 X:098C Y:C9BF S:1FC0 D:192B DB:7F P:NvMxdizC V:96  H:272
018265 $99 $00 $00     STA $0000,Y [7FC9BF] = $00      A:0000 X:098C Y:C9BF S:1FC0 D:192B DB:7F P:nvMxdiZC V:96  H:276
018268 $C8             INY                             A:0000 X:098C Y:C9BF S:1FC0 D:192B DB:7F P:nvMxdiZC V:96  H:299
018269 $CE $33 $19     DEC $1933 [7F1933] = $05        A:0000 X:098C Y:C9C0 S:1FC0 D:192B DB:7F P:NvMxdizC V:96  H:303
01826C $D0 $EC         BNE $01825A                     A:0000 X:098C Y:C9C0 S:1FC0 D:192B DB:7F P:nvMxdizC V:96  H:314
01825A $BF $20 $CA $04 LDA $04CA20,X [04D3AC] = $B0    A:0000 X:098C Y:C9C0 S:1FC0 D:192B DB:7F P:nvMxdizC V:96  H:320
01825E $E8             INX                             A:00B0 X:098C Y:C9C0 S:1FC0 D:192B DB:7F P:NvMxdizC V:96  H:329
01825F $99 $00 $00     STA $0000,Y [7FC9C0] = $B0      A:00B0 X:098D Y:C9C0 S:1FC0 D:192B DB:7F P:nvMxdizC V:96  H:332
018262 $C8             INY                             A:00B0 X:098D Y:C9C0 S:1FC0 D:192B DB:7F P:nvMxdizC V:97  H:2  
018263 $A9 $00         LDA #$00                        A:00B0 X:098D Y:C9C1 S:1FC0 D:192B DB:7F P:NvMxdizC V:97  H:5  
018265 $99 $00 $00     STA $0000,Y [7FC9C1] = $00      A:0000 X:098D Y:C9C1 S:1FC0 D:192B DB:7F P:nvMxdiZC V:97  H:9  
018268 $C8             INY                             A:0000 X:098D Y:C9C1 S:1FC0 D:192B DB:7F P:nvMxdiZC V:97  H:19 
018269 $CE $33 $19     DEC $1933 [7F1933] = $04        A:0000 X:098D Y:C9C2 S:1FC0 D:192B DB:7F P:NvMxdizC V:97  H:22 
01826C $D0 $EC         BNE $01825A                     A:0000 X:098D Y:C9C2 S:1FC0 D:192B DB:7F P:nvMxdizC V:97  H:34 
01825A $BF $20 $CA $04 LDA $04CA20,X [04D3AD] = $2C    A:0000 X:098D Y:C9C2 S:1FC0 D:192B DB:7F P:nvMxdizC V:97  H:39 
01825E $E8             INX                             A:002C X:098D Y:C9C2 S:1FC0 D:192B DB:7F P:nvMxdizC V:97  H:49 
01825F $99 $00 $00     STA $0000,Y [7FC9C2] = $2C      A:002C X:098E Y:C9C2 S:1FC0 D:192B DB:7F P:nvMxdizC V:97  H:53 
018262 $C8             INY                             A:002C X:098E Y:C9C2 S:1FC0 D:192B DB:7F P:nvMxdizC V:97  H:62 
018263 $A9 $00         LDA #$00                        A:002C X:098E Y:C9C3 S:1FC0 D:192B DB:7F P:NvMxdizC V:97  H:66 
018265 $99 $00 $00     STA $0000,Y [7FC9C3] = $00      A:0000 X:098E Y:C9C3 S:1FC0 D:192B DB:7F P:nvMxdiZC V:97  H:70 
018268 $C8             INY                             A:0000 X:098E Y:C9C3 S:1FC0 D:192B DB:7F P:nvMxdiZC V:97  H:79 
018269 $CE $33 $19     DEC $1933 [7F1933] = $03        A:0000 X:098E Y:C9C4 S:1FC0 D:192B DB:7F P:NvMxdizC V:97  H:83 
01826C $D0 $EC         BNE $01825A                     A:0000 X:098E Y:C9C4 S:1FC0 D:192B DB:7F P:nvMxdizC V:97  H:94 
01825A $BF $20 $CA $04 LDA $04CA20,X [04D3AE] = $40    A:0000 X:098E Y:C9C4 S:1FC0 D:192B DB:7F P:nvMxdizC V:97  H:100
01825E $E8             INX                             A:0040 X:098E Y:C9C4 S:1FC0 D:192B DB:7F P:nvMxdizC V:97  H:110
01825F $99 $00 $00     STA $0000,Y [7FC9C4] = $40      A:0040 X:098F Y:C9C4 S:1FC0 D:192B DB:7F P:nvMxdizC V:97  H:113
018262 $C8             INY                             A:0040 X:098F Y:C9C4 S:1FC0 D:192B DB:7F P:nvMxdizC V:97  H:123
018263 $A9 $00         LDA #$00                        A:0040 X:098F Y:C9C5 S:1FC0 D:192B DB:7F P:NvMxdizC V:97  H:126
018265 $99 $00 $00     STA $0000,Y [7FC9C5] = $00      A:0000 X:098F Y:C9C5 S:1FC0 D:192B DB:7F P:nvMxdiZC V:97  H:130
018268 $C8             INY                             A:0000 X:098F Y:C9C5 S:1FC0 D:192B DB:7F P:nvMxdiZC V:97  H:150
018269 $CE $33 $19     DEC $1933 [7F1933] = $02        A:0000 X:098F Y:C9C6 S:1FC0 D:192B DB:7F P:NvMxdizC V:97  H:153
01826C $D0 $EC         BNE $01825A                     A:0000 X:098F Y:C9C6 S:1FC0 D:192B DB:7F P:nvMxdizC V:97  H:165
01825A $BF $20 $CA $04 LDA $04CA20,X [04D3AF] = $85    A:0000 X:098F Y:C9C6 S:1FC0 D:192B DB:7F P:nvMxdizC V:97  H:170
01825E $E8             INX                             A:0085 X:098F Y:C9C6 S:1FC0 D:192B DB:7F P:NvMxdizC V:97  H:180
01825F $99 $00 $00     STA $0000,Y [7FC9C6] = $85      A:0085 X:0990 Y:C9C6 S:1FC0 D:192B DB:7F P:nvMxdizC V:97  H:184
018262 $C8             INY                             A:0085 X:0990 Y:C9C6 S:1FC0 D:192B DB:7F P:nvMxdizC V:97  H:193
018263 $A9 $00         LDA #$00                        A:0085 X:0990 Y:C9C7 S:1FC0 D:192B DB:7F P:NvMxdizC V:97  H:197
018265 $99 $00 $00     STA $0000,Y [7FC9C7] = $00      A:0000 X:0990 Y:C9C7 S:1FC0 D:192B DB:7F P:nvMxdiZC V:97  H:201
018268 $C8             INY                             A:0000 X:0990 Y:C9C7 S:1FC0 D:192B DB:7F P:nvMxdiZC V:97  H:210
018269 $CE $33 $19     DEC $1933 [7F1933] = $01        A:0000 X:0990 Y:C9C8 S:1FC0 D:192B DB:7F P:NvMxdizC V:97  H:214
01826C $D0 $EC         BNE $01825A                     A:0000 X:0990 Y:C9C8 S:1FC0 D:192B DB:7F P:nvMxdiZC V:97  H:225
01826E $28             PLP                             A:0000 X:0990 Y:C9C8 S:1FC0 D:192B DB:7F P:nvMxdiZC V:97  H:229
01826F $AB             PLB                             A:0000 X:0990 Y:C9C8 S:1FC1 D:192B DB:7F P:nvmxdizc V:97  H:236
018270 $60             RTS                             A:0000 X:0990 Y:C9C8 S:1FC2 D:192B DB:01 P:nvmxdizc V:97  H:243
018218 $A5 $00         LDA $00 [00192B] = $0978        A:0000 X:0990 Y:C9C8 S:1FC4 D:192B DB:01 P:nvmxdizc V:97  H:254
01821A $18             CLC                             A:0978 X:0990 Y:C9C8 S:1FC4 D:192B DB:01 P:nvmxdizc V:97  H:263
01821B $69 $18 $00     ADC #$0018                      A:0978 X:0990 Y:C9C8 S:1FC4 D:192B DB:01 P:nvmxdizc V:97  H:267
01821E $85 $00         STA $00 [00192B] = $0978        A:0990 X:0990 Y:C9C8 S:1FC4 D:192B DB:01 P:nvmxdizc V:97  H:273
018220 $A5 $02         LDA $02 [00192D] = $C9A8        A:0990 X:0990 Y:C9C8 S:1FC4 D:192B DB:01 P:nvmxdizc V:97  H:296
018222 $18             CLC                             A:C9A8 X:0990 Y:C9C8 S:1FC4 D:192B DB:01 P:Nvmxdizc V:97  H:305
018223 $69 $20 $00     ADC #$0020                      A:C9A8 X:0990 Y:C9C8 S:1FC4 D:192B DB:01 P:Nvmxdizc V:97  H:309
018226 $85 $02         STA $02 [00192D] = $C9A8        A:C9C8 X:0990 Y:C9C8 S:1FC4 D:192B DB:01 P:Nvmxdizc V:97  H:315
018228 $C6 $06         DEC $06 [001931] = $0007        A:C9C8 X:0990 Y:C9C8 S:1FC4 D:192B DB:01 P:Nvmxdizc V:97  H:324
01822A $D0 $E9         BNE $018215                     A:C9C8 X:0990 Y:C9C8 S:1FC4 D:192B DB:01 P:nvmxdizc V:97  H:338
018215 $20 $2E $82     JSR $822E [01822E] = $088B      A:C9C8 X:0990 Y:C9C8 S:1FC4 D:192B DB:01 P:nvmxdizc V:98  H:4  
01822E $8B             PHB                             A:C9C8 X:0990 Y:C9C8 S:1FC2 D:192B DB:01 P:nvmxdizc V:98  H:15 
01822F $08             PHP                             A:C9C8 X:0990 Y:C9C8 S:1FC1 D:192B DB:01 P:nvmxdizc V:98  H:21 
018230 $C2 $30         REP #$30                        A:C9C8 X:0990 Y:C9C8 S:1FC0 D:192B DB:01 P:nvmxdizc V:98  H:26 
018232 $8B             PHB                             A:C9C8 X:0990 Y:C9C8 S:1FC0 D:192B DB:01 P:nvmxdizc V:98  H:32 
018233 $AD $2B $19     LDA $192B [01192B] = $0990      A:C9C8 X:0990 Y:C9C8 S:1FBF D:192B DB:01 P:nvmxdizc V:98  H:37 
018236 $18             CLC                             A:0990 X:0990 Y:C9C8 S:1FBF D:192B DB:01 P:nvmxdizc V:98  H:47 
018237 $69 $20 $CA     ADC #$CA20                      A:0990 X:0990 Y:C9C8 S:1FBF D:192B DB:01 P:nvmxdizc V:98  H:51 
01823A $AA             TAX                             A:D3B0 X:0990 Y:C9C8 S:1FBF D:192B DB:01 P:Nvmxdizc V:98  H:57 
01823B $AC $2D $19     LDY $192D [01192D] = $C9C8      A:D3B0 X:D3B0 Y:C9C8 S:1FBF D:192B DB:01 P:Nvmxdizc V:98  H:60 
01823E $A9 $0F $00     LDA #$000F                      A:D3B0 X:D3B0 Y:C9C8 S:1FBF D:192B DB:01 P:Nvmxdizc V:98  H:70 
018241 $54 $7F $04     MVN $04 -> $7F                  A:000F X:D3B0 Y:C9C8 S:1FBF D:192B DB:01 P:nvmxdizc V:98  H:76 
018241 $54 $7F $04     MVN $04 -> $7F                  A:000E X:D3B1 Y:C9C9 S:1FBF D:192B DB:7F P:nvmxdizc V:98  H:89 
018241 $54 $7F $04     MVN $04 -> $7F                  A:000D X:D3B2 Y:C9CA S:1FBF D:192B DB:7F P:nvmxdizc V:98  H:102
018241 $54 $7F $04     MVN $04 -> $7F                  A:000C X:D3B3 Y:C9CB S:1FBF D:192B DB:7F P:nvmxdizc V:98  H:115
018241 $54 $7F $04     MVN $04 -> $7F                  A:000B X:D3B4 Y:C9CC S:1FBF D:192B DB:7F P:nvmxdizc V:98  H:128
018241 $54 $7F $04     MVN $04 -> $7F                  A:000A X:D3B5 Y:C9CD S:1FBF D:192B DB:7F P:nvmxdizc V:98  H:151
018241 $54 $7F $04     MVN $04 -> $7F                  A:0009 X:D3B6 Y:C9CE S:1FBF D:192B DB:7F P:nvmxdizc V:98  H:164
018241 $54 $7F $04     MVN $04 -> $7F                  A:0008 X:D3B7 Y:C9CF S:1FBF D:192B DB:7F P:nvmxdizc V:98  H:177
018241 $54 $7F $04     MVN $04 -> $7F                  A:0007 X:D3B8 Y:C9D0 S:1FBF D:192B DB:7F P:nvmxdizc V:98  H:190
018241 $54 $7F $04     MVN $04 -> $7F                  A:0006 X:D3B9 Y:C9D1 S:1FBF D:192B DB:7F P:nvmxdizc V:98  H:203
018241 $54 $7F $04     MVN $04 -> $7F                  A:0005 X:D3BA Y:C9D2 S:1FBF D:192B DB:7F P:nvmxdizc V:98  H:216
018241 $54 $7F $04     MVN $04 -> $7F                  A:0004 X:D3BB Y:C9D3 S:1FBF D:192B DB:7F P:nvmxdizc V:98  H:229
018241 $54 $7F $04     MVN $04 -> $7F                  A:0003 X:D3BC Y:C9D4 S:1FBF D:192B DB:7F P:nvmxdizc V:98  H:242
018241 $54 $7F $04     MVN $04 -> $7F                  A:0002 X:D3BD Y:C9D5 S:1FBF D:192B DB:7F P:nvmxdizc V:98  H:255
018241 $54 $7F $04     MVN $04 -> $7F                  A:0001 X:D3BE Y:C9D6 S:1FBF D:192B DB:7F P:nvmxdizc V:98  H:268
018241 $54 $7F $04     MVN $04 -> $7F                  A:0000 X:D3BF Y:C9D7 S:1FBF D:192B DB:7F P:nvmxdizc V:98  H:293
018244 $AB             PLB                             A:FFFF X:D3C0 Y:C9D8 S:1FBF D:192B DB:7F P:nvmxdizc V:98  H:306
018245 $8A             TXA                             A:FFFF X:D3C0 Y:C9D8 S:1FC0 D:192B DB:01 P:nvmxdizc V:98  H:313
018246 $38             SEC                             A:D3C0 X:D3C0 Y:C9D8 S:1FC0 D:192B DB:01 P:Nvmxdizc V:98  H:317
018247 $E9 $20 $CA     SBC #$CA20                      A:D3C0 X:D3C0 Y:C9D8 S:1FC0 D:192B DB:01 P:NvmxdizC V:98  H:320
01824A $AA             TAX                             A:09A0 X:D3C0 Y:C9D8 S:1FC0 D:192B DB:01 P:nvmxdizC V:98  H:326
01824B $E2 $20         SEP #$20                        A:09A0 X:09A0 Y:C9D8 S:1FC0 D:192B DB:01 P:nvmxdizC V:98  H:329
01824D $C2 $10         REP #$10                        A:09A0 X:09A0 Y:C9D8 S:1FC0 D:192B DB:01 P:nvMxdizC V:98  H:334
01824F $F4 $7F $00     PEA #$007F                      A:09A0 X:09A0 Y:C9D8 S:1FC0 D:192B DB:01 P:nvMxdizC V:99  H:0  
018252 $AB             PLB                             A:09A0 X:09A0 Y:C9D8 S:1FBE D:192B DB:01 P:nvMxdizC V:99  H:10 
018253 $68             PLA                             A:09A0 X:09A0 Y:C9D8 S:1FBF D:192B DB:7F P:nvMxdizC V:99  H:17 
018254 $EB             XBA                             A:0900 X:09A0 Y:C9D8 S:1FC0 D:192B DB:7F P:nvMxdiZC V:99  H:24 
018255 $A9 $08         LDA #$08                        A:0009 X:09A0 Y:C9D8 S:1FC0 D:192B DB:7F P:nvMxdizC V:99  H:29 
018257 $8D $33 $19     STA $1933 [7F1933] = $00        A:0008 X:09A0 Y:C9D8 S:1FC0 D:192B DB:7F P:nvMxdizC V:99  H:33 
01825A $BF $20 $CA $04 LDA $04CA20,X [04D3C0] = $00    A:0008 X:09A0 Y:C9D8 S:1FC0 D:192B DB:7F P:nvMxdizC V:99  H:41 
01825E $E8             INX                             A:0000 X:09A0 Y:C9D8 S:1FC0 D:192B DB:7F P:nvMxdiZC V:99  H:51 
01825F $99 $00 $00     STA $0000,Y [7FC9D8] = $00      A:0000 X:09A1 Y:C9D8 S:1FC0 D:192B DB:7F P:nvMxdizC V:99  H:54 
018262 $C8             INY                             A:0000 X:09A1 Y:C9D8 S:1FC0 D:192B DB:7F P:nvMxdizC V:99  H:64 
018263 $A9 $00         LDA #$00                        A:0000 X:09A1 Y:C9D9 S:1FC0 D:192B DB:7F P:NvMxdizC V:99  H:67 
018265 $99 $00 $00     STA $0000,Y [7FC9D9] = $00      A:0000 X:09A1 Y:C9D9 S:1FC0 D:192B DB:7F P:nvMxdiZC V:99  H:71 
018268 $C8             INY                             A:0000 X:09A1 Y:C9D9 S:1FC0 D:192B DB:7F P:nvMxdiZC V:99  H:81 
018269 $CE $33 $19     DEC $1933 [7F1933] = $08        A:0000 X:09A1 Y:C9DA S:1FC0 D:192B DB:7F P:NvMxdizC V:99  H:84 
01826C $D0 $EC         BNE $01825A                     A:0000 X:09A1 Y:C9DA S:1FC0 D:192B DB:7F P:nvMxdizC V:99  H:96 
01825A $BF $20 $CA $04 LDA $04CA20,X [04D3C1] = $00    A:0000 X:09A1 Y:C9DA S:1FC0 D:192B DB:7F P:nvMxdizC V:99  H:101
01825E $E8             INX                             A:0000 X:09A1 Y:C9DA S:1FC0 D:192B DB:7F P:nvMxdiZC V:99  H:111
01825F $99 $00 $00     STA $0000,Y [7FC9DA] = $00      A:0000 X:09A2 Y:C9DA S:1FC0 D:192B DB:7F P:nvMxdizC V:99  H:115
018262 $C8             INY                             A:0000 X:09A2 Y:C9DA S:1FC0 D:192B DB:7F P:nvMxdizC V:99  H:124
018263 $A9 $00         LDA #$00                        A:0000 X:09A2 Y:C9DB S:1FC0 D:192B DB:7F P:NvMxdizC V:99  H:128
018265 $99 $00 $00     STA $0000,Y [7FC9DB] = $00      A:0000 X:09A2 Y:C9DB S:1FC0 D:192B DB:7F P:nvMxdiZC V:99  H:132
018268 $C8             INY                             A:0000 X:09A2 Y:C9DB S:1FC0 D:192B DB:7F P:nvMxdiZC V:99  H:151
018269 $CE $33 $19     DEC $1933 [7F1933] = $07        A:0000 X:09A2 Y:C9DC S:1FC0 D:192B DB:7F P:NvMxdizC V:99  H:155
01826C $D0 $EC         BNE $01825A                     A:0000 X:09A2 Y:C9DC S:1FC0 D:192B DB:7F P:nvMxdizC V:99  H:166
01825A $BF $20 $CA $04 LDA $04CA20,X [04D3C2] = $00    A:0000 X:09A2 Y:C9DC S:1FC0 D:192B DB:7F P:nvMxdizC V:99  H:172
01825E $E8             INX                             A:0000 X:09A2 Y:C9DC S:1FC0 D:192B DB:7F P:nvMxdiZC V:99  H:182
01825F $99 $00 $00     STA $0000,Y [7FC9DC] = $00      A:0000 X:09A3 Y:C9DC S:1FC0 D:192B DB:7F P:nvMxdizC V:99  H:185
018262 $C8             INY                             A:0000 X:09A3 Y:C9DC S:1FC0 D:192B DB:7F P:nvMxdizC V:99  H:195
018263 $A9 $00         LDA #$00                        A:0000 X:09A3 Y:C9DD S:1FC0 D:192B DB:7F P:NvMxdizC V:99  H:198
018265 $99 $00 $00     STA $0000,Y [7FC9DD] = $00      A:0000 X:09A3 Y:C9DD S:1FC0 D:192B DB:7F P:nvMxdiZC V:99  H:202
018268 $C8             INY                             A:0000 X:09A3 Y:C9DD S:1FC0 D:192B DB:7F P:nvMxdiZC V:99  H:212
018269 $CE $33 $19     DEC $1933 [7F1933] = $06        A:0000 X:09A3 Y:C9DE S:1FC0 D:192B DB:7F P:NvMxdizC V:99  H:215
01826C $D0 $EC         BNE $01825A                     A:0000 X:09A3 Y:C9DE S:1FC0 D:192B DB:7F P:nvMxdizC V:99  H:227
01825A $BF $20 $CA $04 LDA $04CA20,X [04D3C3] = $00    A:0000 X:09A3 Y:C9DE S:1FC0 D:192B DB:7F P:nvMxdizC V:99  H:232
01825E $E8             INX                             A:0000 X:09A3 Y:C9DE S:1FC0 D:192B DB:7F P:nvMxdiZC V:99  H:242
01825F $99 $00 $00     STA $0000,Y [7FC9DE] = $00      A:0000 X:09A4 Y:C9DE S:1FC0 D:192B DB:7F P:nvMxdizC V:99  H:246
018262 $C8             INY                             A:0000 X:09A4 Y:C9DE S:1FC0 D:192B DB:7F P:nvMxdizC V:99  H:255
018263 $A9 $00         LDA #$00                        A:0000 X:09A4 Y:C9DF S:1FC0 D:192B DB:7F P:NvMxdizC V:99  H:259
018265 $99 $00 $00     STA $0000,Y [7FC9DF] = $00      A:0000 X:09A4 Y:C9DF S:1FC0 D:192B DB:7F P:nvMxdiZC V:99  H:263
018268 $C8             INY                             A:0000 X:09A4 Y:C9DF S:1FC0 D:192B DB:7F P:nvMxdiZC V:99  H:272
018269 $CE $33 $19     DEC $1933 [7F1933] = $05        A:0000 X:09A4 Y:C9E0 S:1FC0 D:192B DB:7F P:NvMxdizC V:99  H:276
01826C $D0 $EC         BNE $01825A                     A:0000 X:09A4 Y:C9E0 S:1FC0 D:192B DB:7F P:nvMxdizC V:99  H:299
01825A $BF $20 $CA $04 LDA $04CA20,X [04D3C4] = $07    A:0000 X:09A4 Y:C9E0 S:1FC0 D:192B DB:7F P:nvMxdizC V:99  H:305
01825E $E8             INX                             A:0007 X:09A4 Y:C9E0 S:1FC0 D:192B DB:7F P:nvMxdizC V:99  H:315
01825F $99 $00 $00     STA $0000,Y [7FC9E0] = $07      A:0007 X:09A5 Y:C9E0 S:1FC0 D:192B DB:7F P:nvMxdizC V:99  H:318
018262 $C8             INY                             A:0007 X:09A5 Y:C9E0 S:1FC0 D:192B DB:7F P:nvMxdizC V:99  H:327
018263 $A9 $00         LDA #$00                        A:0007 X:09A5 Y:C9E1 S:1FC0 D:192B DB:7F P:NvMxdizC V:99  H:330
018265 $99 $00 $00     STA $0000,Y [7FC9E1] = $00      A:0000 X:09A5 Y:C9E1 S:1FC0 D:192B DB:7F P:nvMxdiZC V:99  H:334
018268 $C8             INY                             A:0000 X:09A5 Y:C9E1 S:1FC0 D:192B DB:7F P:nvMxdiZC V:100 H:4  
018269 $CE $33 $19     DEC $1933 [7F1933] = $04        A:0000 X:09A5 Y:C9E2 S:1FC0 D:192B DB:7F P:NvMxdizC V:100 H:7  
01826C $D0 $EC         BNE $01825A                     A:0000 X:09A5 Y:C9E2 S:1FC0 D:192B DB:7F P:nvMxdizC V:100 H:19 
01825A $BF $20 $CA $04 LDA $04CA20,X [04D3C5] = $09    A:0000 X:09A5 Y:C9E2 S:1FC0 D:192B DB:7F P:nvMxdizC V:100 H:24 
01825E $E8             INX                             A:0009 X:09A5 Y:C9E2 S:1FC0 D:192B DB:7F P:nvMxdizC V:100 H:34 
01825F $99 $00 $00     STA $0000,Y [7FC9E2] = $09      A:0009 X:09A6 Y:C9E2 S:1FC0 D:192B DB:7F P:nvMxdizC V:100 H:38 
018262 $C8             INY                             A:0009 X:09A6 Y:C9E2 S:1FC0 D:192B DB:7F P:nvMxdizC V:100 H:47 
018263 $A9 $00         LDA #$00                        A:0009 X:09A6 Y:C9E3 S:1FC0 D:192B DB:7F P:NvMxdizC V:100 H:51 
018265 $99 $00 $00     STA $0000,Y [7FC9E3] = $00      A:0000 X:09A6 Y:C9E3 S:1FC0 D:192B DB:7F P:nvMxdiZC V:100 H:55 
018268 $C8             INY                             A:0000 X:09A6 Y:C9E3 S:1FC0 D:192B DB:7F P:nvMxdiZC V:100 H:64 
018269 $CE $33 $19     DEC $1933 [7F1933] = $03        A:0000 X:09A6 Y:C9E4 S:1FC0 D:192B DB:7F P:NvMxdizC V:100 H:68 
01826C $D0 $EC         BNE $01825A                     A:0000 X:09A6 Y:C9E4 S:1FC0 D:192B DB:7F P:nvMxdizC V:100 H:79 
01825A $BF $20 $CA $04 LDA $04CA20,X [04D3C6] = $00    A:0000 X:09A6 Y:C9E4 S:1FC0 D:192B DB:7F P:nvMxdizC V:100 H:85 
01825E $E8             INX                             A:0000 X:09A6 Y:C9E4 S:1FC0 D:192B DB:7F P:nvMxdiZC V:100 H:95 
01825F $99 $00 $00     STA $0000,Y [7FC9E4] = $00      A:0000 X:09A7 Y:C9E4 S:1FC0 D:192B DB:7F P:nvMxdizC V:100 H:98 
018262 $C8             INY                             A:0000 X:09A7 Y:C9E4 S:1FC0 D:192B DB:7F P:nvMxdizC V:100 H:108
018263 $A9 $00         LDA #$00                        A:0000 X:09A7 Y:C9E5 S:1FC0 D:192B DB:7F P:NvMxdizC V:100 H:111
018265 $99 $00 $00     STA $0000,Y [7FC9E5] = $00      A:0000 X:09A7 Y:C9E5 S:1FC0 D:192B DB:7F P:nvMxdiZC V:100 H:115
018268 $C8             INY                             A:0000 X:09A7 Y:C9E5 S:1FC0 D:192B DB:7F P:nvMxdiZC V:100 H:125
018269 $CE $33 $19     DEC $1933 [7F1933] = $02        A:0000 X:09A7 Y:C9E6 S:1FC0 D:192B DB:7F P:NvMxdizC V:100 H:128
01826C $D0 $EC         BNE $01825A                     A:0000 X:09A7 Y:C9E6 S:1FC0 D:192B DB:7F P:nvMxdizC V:100 H:150
01825A $BF $20 $CA $04 LDA $04CA20,X [04D3C7] = $0E    A:0000 X:09A7 Y:C9E6 S:1FC0 D:192B DB:7F P:nvMxdizC V:100 H:155
01825E $E8             INX                             A:000E X:09A7 Y:C9E6 S:1FC0 D:192B DB:7F P:nvMxdizC V:100 H:165
01825F $99 $00 $00     STA $0000,Y [7FC9E6] = $0E      A:000E X:09A8 Y:C9E6 S:1FC0 D:192B DB:7F P:nvMxdizC V:100 H:169
018262 $C8             INY                             A:000E X:09A8 Y:C9E6 S:1FC0 D:192B DB:7F P:nvMxdizC V:100 H:178
018263 $A9 $00         LDA #$00                        A:000E X:09A8 Y:C9E7 S:1FC0 D:192B DB:7F P:NvMxdizC V:100 H:182
018265 $99 $00 $00     STA $0000,Y [7FC9E7] = $00      A:0000 X:09A8 Y:C9E7 S:1FC0 D:192B DB:7F P:nvMxdiZC V:100 H:186
018268 $C8             INY                             A:0000 X:09A8 Y:C9E7 S:1FC0 D:192B DB:7F P:nvMxdiZC V:100 H:195
018269 $CE $33 $19     DEC $1933 [7F1933] = $01        A:0000 X:09A8 Y:C9E8 S:1FC0 D:192B DB:7F P:NvMxdizC V:100 H:199
01826C $D0 $EC         BNE $01825A                     A:0000 X:09A8 Y:C9E8 S:1FC0 D:192B DB:7F P:nvMxdiZC V:100 H:210
01826E $28             PLP                             A:0000 X:09A8 Y:C9E8 S:1FC0 D:192B DB:7F P:nvMxdiZC V:100 H:214
01826F $AB             PLB                             A:0000 X:09A8 Y:C9E8 S:1FC1 D:192B DB:7F P:nvmxdizc V:100 H:221
018270 $60             RTS                             A:0000 X:09A8 Y:C9E8 S:1FC2 D:192B DB:01 P:nvmxdizc V:100 H:228
018218 $A5 $00         LDA $00 [00192B] = $0990        A:0000 X:09A8 Y:C9E8 S:1FC4 D:192B DB:01 P:nvmxdizc V:100 H:239
01821A $18             CLC                             A:0990 X:09A8 Y:C9E8 S:1FC4 D:192B DB:01 P:nvmxdizc V:100 H:248
01821B $69 $18 $00     ADC #$0018                      A:0990 X:09A8 Y:C9E8 S:1FC4 D:192B DB:01 P:nvmxdizc V:100 H:252
01821E $85 $00         STA $00 [00192B] = $0990        A:09A8 X:09A8 Y:C9E8 S:1FC4 D:192B DB:01 P:nvmxdizc V:100 H:258
018220 $A5 $02         LDA $02 [00192D] = $C9C8        A:09A8 X:09A8 Y:C9E8 S:1FC4 D:192B DB:01 P:nvmxdizc V:100 H:267
018222 $18             CLC                             A:C9C8 X:09A8 Y:C9E8 S:1FC4 D:192B DB:01 P:Nvmxdizc V:100 H:289
018223 $69 $20 $00     ADC #$0020                      A:C9C8 X:09A8 Y:C9E8 S:1FC4 D:192B DB:01 P:Nvmxdizc V:100 H:292
018226 $85 $02         STA $02 [00192D] = $C9C8        A:C9E8 X:09A8 Y:C9E8 S:1FC4 D:192B DB:01 P:Nvmxdizc V:100 H:298
018228 $C6 $06         DEC $06 [001931] = $0006        A:C9E8 X:09A8 Y:C9E8 S:1FC4 D:192B DB:01 P:Nvmxdizc V:100 H:308
01822A $D0 $E9         BNE $018215                     A:C9E8 X:09A8 Y:C9E8 S:1FC4 D:192B DB:01 P:nvmxdizc V:100 H:323
018215 $20 $2E $82     JSR $822E [01822E] = $088B      A:C9E8 X:09A8 Y:C9E8 S:1FC4 D:192B DB:01 P:nvmxdizc V:100 H:327
01822E $8B             PHB                             A:C9E8 X:09A8 Y:C9E8 S:1FC2 D:192B DB:01 P:nvmxdizc V:100 H:339
01822F $08             PHP                             A:C9E8 X:09A8 Y:C9E8 S:1FC1 D:192B DB:01 P:nvmxdizc V:101 H:4  
018230 $C2 $30         REP #$30                        A:C9E8 X:09A8 Y:C9E8 S:1FC0 D:192B DB:01 P:nvmxdizc V:101 H:10 
018232 $8B             PHB                             A:C9E8 X:09A8 Y:C9E8 S:1FC0 D:192B DB:01 P:nvmxdizc V:101 H:15 
018233 $AD $2B $19     LDA $192B [01192B] = $09A8      A:C9E8 X:09A8 Y:C9E8 S:1FBF D:192B DB:01 P:nvmxdizc V:101 H:21 
018236 $18             CLC                             A:09A8 X:09A8 Y:C9E8 S:1FBF D:192B DB:01 P:nvmxdizc V:101 H:31 
018237 $69 $20 $CA     ADC #$CA20                      A:09A8 X:09A8 Y:C9E8 S:1FBF D:192B DB:01 P:nvmxdizc V:101 H:34 
01823A $AA             TAX                             A:D3C8 X:09A8 Y:C9E8 S:1FBF D:192B DB:01 P:Nvmxdizc V:101 H:40 
01823B $AC $2D $19     LDY $192D [01192D] = $C9E8      A:D3C8 X:D3C8 Y:C9E8 S:1FBF D:192B DB:01 P:Nvmxdizc V:101 H:44 
01823E $A9 $0F $00     LDA #$000F                      A:D3C8 X:D3C8 Y:C9E8 S:1FBF D:192B DB:01 P:Nvmxdizc V:101 H:54 
018241 $54 $7F $04     MVN $04 -> $7F                  A:000F X:D3C8 Y:C9E8 S:1FBF D:192B DB:01 P:nvmxdizc V:101 H:60 
018241 $54 $7F $04     MVN $04 -> $7F                  A:000E X:D3C9 Y:C9E9 S:1FBF D:192B DB:7F P:nvmxdizc V:101 H:73 
018241 $54 $7F $04     MVN $04 -> $7F                  A:000D X:D3CA Y:C9EA S:1FBF D:192B DB:7F P:nvmxdizc V:101 H:86 
018241 $54 $7F $04     MVN $04 -> $7F                  A:000C X:D3CB Y:C9EB S:1FBF D:192B DB:7F P:nvmxdizc V:101 H:99 
018241 $54 $7F $04     MVN $04 -> $7F                  A:000B X:D3CC Y:C9EC S:1FBF D:192B DB:7F P:nvmxdizc V:101 H:112
018241 $54 $7F $04     MVN $04 -> $7F                  A:000A X:D3CD Y:C9ED S:1FBF D:192B DB:7F P:nvmxdizc V:101 H:125
018241 $54 $7F $04     MVN $04 -> $7F                  A:0009 X:D3CE Y:C9EE S:1FBF D:192B DB:7F P:nvmxdizc V:101 H:148
018241 $54 $7F $04     MVN $04 -> $7F                  A:0008 X:D3CF Y:C9EF S:1FBF D:192B DB:7F P:nvmxdizc V:101 H:161
018241 $54 $7F $04     MVN $04 -> $7F                  A:0007 X:D3D0 Y:C9F0 S:1FBF D:192B DB:7F P:nvmxdizc V:101 H:174
018241 $54 $7F $04     MVN $04 -> $7F                  A:0006 X:D3D1 Y:C9F1 S:1FBF D:192B DB:7F P:nvmxdizc V:101 H:187
018241 $54 $7F $04     MVN $04 -> $7F                  A:0005 X:D3D2 Y:C9F2 S:1FBF D:192B DB:7F P:nvmxdizc V:101 H:200
018241 $54 $7F $04     MVN $04 -> $7F                  A:0004 X:D3D3 Y:C9F3 S:1FBF D:192B DB:7F P:nvmxdizc V:101 H:213
018241 $54 $7F $04     MVN $04 -> $7F                  A:0003 X:D3D4 Y:C9F4 S:1FBF D:192B DB:7F P:nvmxdizc V:101 H:226
018241 $54 $7F $04     MVN $04 -> $7F                  A:0002 X:D3D5 Y:C9F5 S:1FBF D:192B DB:7F P:nvmxdizc V:101 H:239
018241 $54 $7F $04     MVN $04 -> $7F                  A:0001 X:D3D6 Y:C9F6 S:1FBF D:192B DB:7F P:nvmxdizc V:101 H:252
018241 $54 $7F $04     MVN $04 -> $7F                  A:0000 X:D3D7 Y:C9F7 S:1FBF D:192B DB:7F P:nvmxdizc V:101 H:265
018244 $AB             PLB                             A:FFFF X:D3D8 Y:C9F8 S:1FBF D:192B DB:7F P:nvmxdizc V:101 H:290
018245 $8A             TXA                             A:FFFF X:D3D8 Y:C9F8 S:1FC0 D:192B DB:01 P:nvmxdizc V:101 H:297
018246 $38             SEC                             A:D3D8 X:D3D8 Y:C9F8 S:1FC0 D:192B DB:01 P:Nvmxdizc V:101 H:300
018247 $E9 $20 $CA     SBC #$CA20                      A:D3D8 X:D3D8 Y:C9F8 S:1FC0 D:192B DB:01 P:NvmxdizC V:101 H:304
01824A $AA             TAX                             A:09B8 X:D3D8 Y:C9F8 S:1FC0 D:192B DB:01 P:nvmxdizC V:101 H:310
01824B $E2 $20         SEP #$20                        A:09B8 X:09B8 Y:C9F8 S:1FC0 D:192B DB:01 P:nvmxdizC V:101 H:313
01824D $C2 $10         REP #$10                        A:09B8 X:09B8 Y:C9F8 S:1FC0 D:192B DB:01 P:nvMxdizC V:101 H:319
01824F $F4 $7F $00     PEA #$007F                      A:09B8 X:09B8 Y:C9F8 S:1FC0 D:192B DB:01 P:nvMxdizC V:101 H:324
018252 $AB             PLB                             A:09B8 X:09B8 Y:C9F8 S:1FBE D:192B DB:01 P:nvMxdizC V:101 H:333
018253 $68             PLA                             A:09B8 X:09B8 Y:C9F8 S:1FBF D:192B DB:7F P:nvMxdizC V:102 H:0  
018254 $EB             XBA                             A:0900 X:09B8 Y:C9F8 S:1FC0 D:192B DB:7F P:nvMxdiZC V:102 H:7  
018255 $A9 $08         LDA #$08                        A:0009 X:09B8 Y:C9F8 S:1FC0 D:192B DB:7F P:nvMxdizC V:102 H:12 
018257 $8D $33 $19     STA $1933 [7F1933] = $00        A:0008 X:09B8 Y:C9F8 S:1FC0 D:192B DB:7F P:nvMxdizC V:102 H:16 
01825A $BF $20 $CA $04 LDA $04CA20,X [04D3D8] = $00    A:0008 X:09B8 Y:C9F8 S:1FC0 D:192B DB:7F P:nvMxdizC V:102 H:24 
01825E $E8             INX                             A:0000 X:09B8 Y:C9F8 S:1FC0 D:192B DB:7F P:nvMxdiZC V:102 H:34 
01825F $99 $00 $00     STA $0000,Y [7FC9F8] = $00      A:0000 X:09B9 Y:C9F8 S:1FC0 D:192B DB:7F P:nvMxdizC V:102 H:38 
018262 $C8             INY                             A:0000 X:09B9 Y:C9F8 S:1FC0 D:192B DB:7F P:nvMxdizC V:102 H:47 
018263 $A9 $00         LDA #$00                        A:0000 X:09B9 Y:C9F9 S:1FC0 D:192B DB:7F P:NvMxdizC V:102 H:51 
018265 $99 $00 $00     STA $0000,Y [7FC9F9] = $00      A:0000 X:09B9 Y:C9F9 S:1FC0 D:192B DB:7F P:nvMxdiZC V:102 H:55 
018268 $C8             INY                             A:0000 X:09B9 Y:C9F9 S:1FC0 D:192B DB:7F P:nvMxdiZC V:102 H:64 
018269 $CE $33 $19     DEC $1933 [7F1933] = $08        A:0000 X:09B9 Y:C9FA S:1FC0 D:192B DB:7F P:NvMxdizC V:102 H:68 
01826C $D0 $EC         BNE $01825A                     A:0000 X:09B9 Y:C9FA S:1FC0 D:192B DB:7F P:nvMxdizC V:102 H:79 
01825A $BF $20 $CA $04 LDA $04CA20,X [04D3D9] = $00    A:0000 X:09B9 Y:C9FA S:1FC0 D:192B DB:7F P:nvMxdizC V:102 H:85 
01825E $E8             INX                             A:0000 X:09B9 Y:C9FA S:1FC0 D:192B DB:7F P:nvMxdiZC V:102 H:95 
01825F $99 $00 $00     STA $0000,Y [7FC9FA] = $00      A:0000 X:09BA Y:C9FA S:1FC0 D:192B DB:7F P:nvMxdizC V:102 H:98 
018262 $C8             INY                             A:0000 X:09BA Y:C9FA S:1FC0 D:192B DB:7F P:nvMxdizC V:102 H:108
018263 $A9 $00         LDA #$00                        A:0000 X:09BA Y:C9FB S:1FC0 D:192B DB:7F P:NvMxdizC V:102 H:111
018265 $99 $00 $00     STA $0000,Y [7FC9FB] = $00      A:0000 X:09BA Y:C9FB S:1FC0 D:192B DB:7F P:nvMxdiZC V:102 H:115
018268 $C8             INY                             A:0000 X:09BA Y:C9FB S:1FC0 D:192B DB:7F P:nvMxdiZC V:102 H:125
018269 $CE $33 $19     DEC $1933 [7F1933] = $07        A:0000 X:09BA Y:C9FC S:1FC0 D:192B DB:7F P:NvMxdizC V:102 H:128
01826C $D0 $EC         BNE $01825A                     A:0000 X:09BA Y:C9FC S:1FC0 D:192B DB:7F P:nvMxdizC V:102 H:150
01825A $BF $20 $CA $04 LDA $04CA20,X [04D3DA] = $00    A:0000 X:09BA Y:C9FC S:1FC0 D:192B DB:7F P:nvMxdizC V:102 H:155
01825E $E8             INX                             A:0000 X:09BA Y:C9FC S:1FC0 D:192B DB:7F P:nvMxdiZC V:102 H:165
01825F $99 $00 $00     STA $0000,Y [7FC9FC] = $00      A:0000 X:09BB Y:C9FC S:1FC0 D:192B DB:7F P:nvMxdizC V:102 H:169
018262 $C8             INY                             A:0000 X:09BB Y:C9FC S:1FC0 D:192B DB:7F P:nvMxdizC V:102 H:178
018263 $A9 $00         LDA #$00                        A:0000 X:09BB Y:C9FD S:1FC0 D:192B DB:7F P:NvMxdizC V:102 H:182
018265 $99 $00 $00     STA $0000,Y [7FC9FD] = $00      A:0000 X:09BB Y:C9FD S:1FC0 D:192B DB:7F P:nvMxdiZC V:102 H:186
018268 $C8             INY                             A:0000 X:09BB Y:C9FD S:1FC0 D:192B DB:7F P:nvMxdiZC V:102 H:195
018269 $CE $33 $19     DEC $1933 [7F1933] = $06        A:0000 X:09BB Y:C9FE S:1FC0 D:192B DB:7F P:NvMxdizC V:102 H:199
01826C $D0 $EC         BNE $01825A                     A:0000 X:09BB Y:C9FE S:1FC0 D:192B DB:7F P:nvMxdizC V:102 H:210
01825A $BF $20 $CA $04 LDA $04CA20,X [04D3DB] = $00    A:0000 X:09BB Y:C9FE S:1FC0 D:192B DB:7F P:nvMxdizC V:102 H:216
01825E $E8             INX                             A:0000 X:09BB Y:C9FE S:1FC0 D:192B DB:7F P:nvMxdiZC V:102 H:226
01825F $99 $00 $00     STA $0000,Y [7FC9FE] = $00      A:0000 X:09BC Y:C9FE S:1FC0 D:192B DB:7F P:nvMxdizC V:102 H:229
018262 $C8             INY                             A:0000 X:09BC Y:C9FE S:1FC0 D:192B DB:7F P:nvMxdizC V:102 H:239
018263 $A9 $00         LDA #$00                        A:0000 X:09BC Y:C9FF S:1FC0 D:192B DB:7F P:NvMxdizC V:102 H:242
018265 $99 $00 $00     STA $0000,Y [7FC9FF] = $00      A:0000 X:09BC Y:C9FF S:1FC0 D:192B DB:7F P:nvMxdiZC V:102 H:246
018268 $C8             INY                             A:0000 X:09BC Y:C9FF S:1FC0 D:192B DB:7F P:nvMxdiZC V:102 H:256
018269 $CE $33 $19     DEC $1933 [7F1933] = $05        A:0000 X:09BC Y:CA00 S:1FC0 D:192B DB:7F P:NvMxdizC V:102 H:259
01826C $D0 $EC         BNE $01825A                     A:0000 X:09BC Y:CA00 S:1FC0 D:192B DB:7F P:nvMxdizC V:102 H:271
01825A $BF $20 $CA $04 LDA $04CA20,X [04D3DC] = $30    A:0000 X:09BC Y:CA00 S:1FC0 D:192B DB:7F P:nvMxdizC V:102 H:276
01825E $E8             INX                             A:0030 X:09BC Y:CA00 S:1FC0 D:192B DB:7F P:nvMxdizC V:102 H:298
01825F $99 $00 $00     STA $0000,Y [7FCA00] = $30      A:0030 X:09BD Y:CA00 S:1FC0 D:192B DB:7F P:nvMxdizC V:102 H:302
018262 $C8             INY                             A:0030 X:09BD Y:CA00 S:1FC0 D:192B DB:7F P:nvMxdizC V:102 H:311
018263 $A9 $00         LDA #$00                        A:0030 X:09BD Y:CA01 S:1FC0 D:192B DB:7F P:NvMxdizC V:102 H:315
018265 $99 $00 $00     STA $0000,Y [7FCA01] = $00      A:0000 X:09BD Y:CA01 S:1FC0 D:192B DB:7F P:nvMxdiZC V:102 H:319
018268 $C8             INY                             A:0000 X:09BD Y:CA01 S:1FC0 D:192B DB:7F P:nvMxdiZC V:102 H:327
018269 $CE $33 $19     DEC $1933 [7F1933] = $04        A:0000 X:09BD Y:CA02 S:1FC0 D:192B DB:7F P:NvMxdizC V:102 H:331
01826C $D0 $EC         BNE $01825A                     A:0000 X:09BD Y:CA02 S:1FC0 D:192B DB:7F P:nvMxdizC V:103 H:2  
01825A $BF $20 $CA $04 LDA $04CA20,X [04D3DD] = $2C    A:0000 X:09BD Y:CA02 S:1FC0 D:192B DB:7F P:nvMxdizC V:103 H:8  
01825E $E8             INX                             A:002C X:09BD Y:CA02 S:1FC0 D:192B DB:7F P:nvMxdizC V:103 H:18 
01825F $99 $00 $00     STA $0000,Y [7FCA02] = $2C      A:002C X:09BE Y:CA02 S:1FC0 D:192B DB:7F P:nvMxdizC V:103 H:21 
018262 $C8             INY                             A:002C X:09BE Y:CA02 S:1FC0 D:192B DB:7F P:nvMxdizC V:103 H:31 
018263 $A9 $00         LDA #$00                        A:002C X:09BE Y:CA03 S:1FC0 D:192B DB:7F P:NvMxdizC V:103 H:34 
018265 $99 $00 $00     STA $0000,Y [7FCA03] = $00      A:0000 X:09BE Y:CA03 S:1FC0 D:192B DB:7F P:nvMxdiZC V:103 H:38 
018268 $C8             INY                             A:0000 X:09BE Y:CA03 S:1FC0 D:192B DB:7F P:nvMxdiZC V:103 H:48 
018269 $CE $33 $19     DEC $1933 [7F1933] = $03        A:0000 X:09BE Y:CA04 S:1FC0 D:192B DB:7F P:NvMxdizC V:103 H:51 
01826C $D0 $EC         BNE $01825A                     A:0000 X:09BE Y:CA04 S:1FC0 D:192B DB:7F P:nvMxdizC V:103 H:63 
01825A $BF $20 $CA $04 LDA $04CA20,X [04D3DE] = $40    A:0000 X:09BE Y:CA04 S:1FC0 D:192B DB:7F P:nvMxdizC V:103 H:68 
01825E $E8             INX                             A:0040 X:09BE Y:CA04 S:1FC0 D:192B DB:7F P:nvMxdizC V:103 H:78 
01825F $99 $00 $00     STA $0000,Y [7FCA04] = $40      A:0040 X:09BF Y:CA04 S:1FC0 D:192B DB:7F P:nvMxdizC V:103 H:82 
018262 $C8             INY                             A:0040 X:09BF Y:CA04 S:1FC0 D:192B DB:7F P:nvMxdizC V:103 H:91 
018263 $A9 $00         LDA #$00                        A:0040 X:09BF Y:CA05 S:1FC0 D:192B DB:7F P:NvMxdizC V:103 H:95 
018265 $99 $00 $00     STA $0000,Y [7FCA05] = $00      A:0000 X:09BF Y:CA05 S:1FC0 D:192B DB:7F P:nvMxdiZC V:103 H:99 
018268 $C8             INY                             A:0000 X:09BF Y:CA05 S:1FC0 D:192B DB:7F P:nvMxdiZC V:103 H:108
018269 $CE $33 $19     DEC $1933 [7F1933] = $02        A:0000 X:09BF Y:CA06 S:1FC0 D:192B DB:7F P:NvMxdizC V:103 H:112
01826C $D0 $EC         BNE $01825A                     A:0000 X:09BF Y:CA06 S:1FC0 D:192B DB:7F P:nvMxdizC V:103 H:123
01825A $BF $20 $CA $04 LDA $04CA20,X [04D3DF] = $85    A:0000 X:09BF Y:CA06 S:1FC0 D:192B DB:7F P:nvMxdizC V:103 H:129
01825E $E8             INX                             A:0085 X:09BF Y:CA06 S:1FC0 D:192B DB:7F P:NvMxdizC V:103 H:149
01825F $99 $00 $00     STA $0000,Y [7FCA06] = $85      A:0085 X:09C0 Y:CA06 S:1FC0 D:192B DB:7F P:nvMxdizC V:103 H:152
018262 $C8             INY                             A:0085 X:09C0 Y:CA06 S:1FC0 D:192B DB:7F P:nvMxdizC V:103 H:162
018263 $A9 $00         LDA #$00                        A:0085 X:09C0 Y:CA07 S:1FC0 D:192B DB:7F P:NvMxdizC V:103 H:165
018265 $99 $00 $00     STA $0000,Y [7FCA07] = $00      A:0000 X:09C0 Y:CA07 S:1FC0 D:192B DB:7F P:nvMxdiZC V:103 H:169
018268 $C8             INY                             A:0000 X:09C0 Y:CA07 S:1FC0 D:192B DB:7F P:nvMxdiZC V:103 H:179
018269 $CE $33 $19     DEC $1933 [7F1933] = $01        A:0000 X:09C0 Y:CA08 S:1FC0 D:192B DB:7F P:NvMxdizC V:103 H:182
01826C $D0 $EC         BNE $01825A                     A:0000 X:09C0 Y:CA08 S:1FC0 D:192B DB:7F P:nvMxdiZC V:103 H:194
01826E $28             PLP                             A:0000 X:09C0 Y:CA08 S:1FC0 D:192B DB:7F P:nvMxdiZC V:103 H:198
01826F $AB             PLB                             A:0000 X:09C0 Y:CA08 S:1FC1 D:192B DB:7F P:nvmxdizc V:103 H:205
018270 $60             RTS                             A:0000 X:09C0 Y:CA08 S:1FC2 D:192B DB:01 P:nvmxdizc V:103 H:212
018218 $A5 $00         LDA $00 [00192B] = $09A8        A:0000 X:09C0 Y:CA08 S:1FC4 D:192B DB:01 P:nvmxdizc V:103 H:222
01821A $18             CLC                             A:09A8 X:09C0 Y:CA08 S:1FC4 D:192B DB:01 P:nvmxdizc V:103 H:232
01821B $69 $18 $00     ADC #$0018                      A:09A8 X:09C0 Y:CA08 S:1FC4 D:192B DB:01 P:nvmxdizc V:103 H:235
01821E $85 $00         STA $00 [00192B] = $09A8        A:09C0 X:09C0 Y:CA08 S:1FC4 D:192B DB:01 P:nvmxdizc V:103 H:241
018220 $A5 $02         LDA $02 [00192D] = $C9E8        A:09C0 X:09C0 Y:CA08 S:1FC4 D:192B DB:01 P:nvmxdizc V:103 H:251
018222 $18             CLC                             A:C9E8 X:09C0 Y:CA08 S:1FC4 D:192B DB:01 P:Nvmxdizc V:103 H:260
018223 $69 $20 $00     ADC #$0020                      A:C9E8 X:09C0 Y:CA08 S:1FC4 D:192B DB:01 P:Nvmxdizc V:103 H:264
018226 $85 $02         STA $02 [00192D] = $C9E8        A:CA08 X:09C0 Y:CA08 S:1FC4 D:192B DB:01 P:Nvmxdizc V:103 H:270
018228 $C6 $06         DEC $06 [001931] = $0005        A:CA08 X:09C0 Y:CA08 S:1FC4 D:192B DB:01 P:Nvmxdizc V:103 H:291
01822A $D0 $E9         BNE $018215                     A:CA08 X:09C0 Y:CA08 S:1FC4 D:192B DB:01 P:nvmxdizc V:103 H:306
018215 $20 $2E $82     JSR $822E [01822E] = $088B      A:CA08 X:09C0 Y:CA08 S:1FC4 D:192B DB:01 P:nvmxdizc V:103 H:312
01822E $8B             PHB                             A:CA08 X:09C0 Y:CA08 S:1FC2 D:192B DB:01 P:nvmxdizc V:103 H:323
01822F $08             PHP                             A:CA08 X:09C0 Y:CA08 S:1FC1 D:192B DB:01 P:nvmxdizc V:103 H:328
018230 $C2 $30         REP #$30                        A:CA08 X:09C0 Y:CA08 S:1FC0 D:192B DB:01 P:nvmxdizc V:103 H:333
018232 $8B             PHB                             A:CA08 X:09C0 Y:CA08 S:1FC0 D:192B DB:01 P:nvmxdizc V:103 H:339
018233 $AD $2B $19     LDA $192B [01192B] = $09C0      A:CA08 X:09C0 Y:CA08 S:1FBF D:192B DB:01 P:nvmxdizc V:104 H:4  
018236 $18             CLC                             A:09C0 X:09C0 Y:CA08 S:1FBF D:192B DB:01 P:nvmxdizc V:104 H:14 
018237 $69 $20 $CA     ADC #$CA20                      A:09C0 X:09C0 Y:CA08 S:1FBF D:192B DB:01 P:nvmxdizc V:104 H:18 
01823A $AA             TAX                             A:D3E0 X:09C0 Y:CA08 S:1FBF D:192B DB:01 P:Nvmxdizc V:104 H:24 
01823B $AC $2D $19     LDY $192D [01192D] = $CA08      A:D3E0 X:D3E0 Y:CA08 S:1FBF D:192B DB:01 P:Nvmxdizc V:104 H:27 
01823E $A9 $0F $00     LDA #$000F                      A:D3E0 X:D3E0 Y:CA08 S:1FBF D:192B DB:01 P:Nvmxdizc V:104 H:37 
018241 $54 $7F $04     MVN $04 -> $7F                  A:000F X:D3E0 Y:CA08 S:1FBF D:192B DB:01 P:nvmxdizc V:104 H:43 
018241 $54 $7F $04     MVN $04 -> $7F                  A:000E X:D3E1 Y:CA09 S:1FBF D:192B DB:7F P:nvmxdizc V:104 H:56 
018241 $54 $7F $04     MVN $04 -> $7F                  A:000D X:D3E2 Y:CA0A S:1FBF D:192B DB:7F P:nvmxdizc V:104 H:69 
018241 $54 $7F $04     MVN $04 -> $7F                  A:000C X:D3E3 Y:CA0B S:1FBF D:192B DB:7F P:nvmxdizc V:104 H:82 
018241 $54 $7F $04     MVN $04 -> $7F                  A:000B X:D3E4 Y:CA0C S:1FBF D:192B DB:7F P:nvmxdizc V:104 H:95 
018241 $54 $7F $04     MVN $04 -> $7F                  A:000A X:D3E5 Y:CA0D S:1FBF D:192B DB:7F P:nvmxdizc V:104 H:108
018241 $54 $7F $04     MVN $04 -> $7F                  A:0009 X:D3E6 Y:CA0E S:1FBF D:192B DB:7F P:nvmxdizc V:104 H:121
018241 $54 $7F $04     MVN $04 -> $7F                  A:0008 X:D3E7 Y:CA0F S:1FBF D:192B DB:7F P:nvmxdizc V:104 H:144
018241 $54 $7F $04     MVN $04 -> $7F                  A:0007 X:D3E8 Y:CA10 S:1FBF D:192B DB:7F P:nvmxdizc V:104 H:157
018241 $54 $7F $04     MVN $04 -> $7F                  A:0006 X:D3E9 Y:CA11 S:1FBF D:192B DB:7F P:nvmxdizc V:104 H:170
018241 $54 $7F $04     MVN $04 -> $7F                  A:0005 X:D3EA Y:CA12 S:1FBF D:192B DB:7F P:nvmxdizc V:104 H:183
018241 $54 $7F $04     MVN $04 -> $7F                  A:0004 X:D3EB Y:CA13 S:1FBF D:192B DB:7F P:nvmxdizc V:104 H:196
018241 $54 $7F $04     MVN $04 -> $7F                  A:0003 X:D3EC Y:CA14 S:1FBF D:192B DB:7F P:nvmxdizc V:104 H:209
018241 $54 $7F $04     MVN $04 -> $7F                  A:0002 X:D3ED Y:CA15 S:1FBF D:192B DB:7F P:nvmxdizc V:104 H:222
018241 $54 $7F $04     MVN $04 -> $7F                  A:0001 X:D3EE Y:CA16 S:1FBF D:192B DB:7F P:nvmxdizc V:104 H:235
018241 $54 $7F $04     MVN $04 -> $7F                  A:0000 X:D3EF Y:CA17 S:1FBF D:192B DB:7F P:nvmxdizc V:104 H:248
018244 $AB             PLB                             A:FFFF X:D3F0 Y:CA18 S:1FBF D:192B DB:7F P:nvmxdizc V:104 H:261
018245 $8A             TXA                             A:FFFF X:D3F0 Y:CA18 S:1FC0 D:192B DB:01 P:nvmxdizc V:104 H:268
018246 $38             SEC                             A:D3F0 X:D3F0 Y:CA18 S:1FC0 D:192B DB:01 P:Nvmxdizc V:104 H:272
018247 $E9 $20 $CA     SBC #$CA20                      A:D3F0 X:D3F0 Y:CA18 S:1FC0 D:192B DB:01 P:NvmxdizC V:104 H:275
01824A $AA             TAX                             A:09D0 X:D3F0 Y:CA18 S:1FC0 D:192B DB:01 P:nvmxdizC V:104 H:293
01824B $E2 $20         SEP #$20                        A:09D0 X:09D0 Y:CA18 S:1FC0 D:192B DB:01 P:nvmxdizC V:104 H:297
01824D $C2 $10         REP #$10                        A:09D0 X:09D0 Y:CA18 S:1FC0 D:192B DB:01 P:nvMxdizC V:104 H:302
01824F $F4 $7F $00     PEA #$007F                      A:09D0 X:09D0 Y:CA18 S:1FC0 D:192B DB:01 P:nvMxdizC V:104 H:308
018252 $AB             PLB                             A:09D0 X:09D0 Y:CA18 S:1FBE D:192B DB:01 P:nvMxdizC V:104 H:318
018253 $68             PLA                             A:09D0 X:09D0 Y:CA18 S:1FBF D:192B DB:7F P:nvMxdizC V:104 H:324
018254 $EB             XBA                             A:0900 X:09D0 Y:CA18 S:1FC0 D:192B DB:7F P:nvMxdiZC V:104 H:331
018255 $A9 $08         LDA #$08                        A:0009 X:09D0 Y:CA18 S:1FC0 D:192B DB:7F P:nvMxdizC V:104 H:336
018257 $8D $33 $19     STA $1933 [7F1933] = $00        A:0008 X:09D0 Y:CA18 S:1FC0 D:192B DB:7F P:nvMxdizC V:105 H:0  
01825A $BF $20 $CA $04 LDA $04CA20,X [04D3F0] = $10    A:0008 X:09D0 Y:CA18 S:1FC0 D:192B DB:7F P:nvMxdizC V:105 H:8  
01825E $E8             INX                             A:0010 X:09D0 Y:CA18 S:1FC0 D:192B DB:7F P:nvMxdizC V:105 H:18 
01825F $99 $00 $00     STA $0000,Y [7FCA18] = $10      A:0010 X:09D1 Y:CA18 S:1FC0 D:192B DB:7F P:nvMxdizC V:105 H:21 
018262 $C8             INY                             A:0010 X:09D1 Y:CA18 S:1FC0 D:192B DB:7F P:nvMxdizC V:105 H:31 
018263 $A9 $00         LDA #$00                        A:0010 X:09D1 Y:CA19 S:1FC0 D:192B DB:7F P:NvMxdizC V:105 H:34 
018265 $99 $00 $00     STA $0000,Y [7FCA19] = $00      A:0000 X:09D1 Y:CA19 S:1FC0 D:192B DB:7F P:nvMxdiZC V:105 H:38 
018268 $C8             INY                             A:0000 X:09D1 Y:CA19 S:1FC0 D:192B DB:7F P:nvMxdiZC V:105 H:48 
018269 $CE $33 $19     DEC $1933 [7F1933] = $08        A:0000 X:09D1 Y:CA1A S:1FC0 D:192B DB:7F P:NvMxdizC V:105 H:51 
01826C $D0 $EC         BNE $01825A                     A:0000 X:09D1 Y:CA1A S:1FC0 D:192B DB:7F P:nvMxdizC V:105 H:63 
01825A $BF $20 $CA $04 LDA $04CA20,X [04D3F1] = $08    A:0000 X:09D1 Y:CA1A S:1FC0 D:192B DB:7F P:nvMxdizC V:105 H:68 
01825E $E8             INX                             A:0008 X:09D1 Y:CA1A S:1FC0 D:192B DB:7F P:nvMxdizC V:105 H:78 
01825F $99 $00 $00     STA $0000,Y [7FCA1A] = $08      A:0008 X:09D2 Y:CA1A S:1FC0 D:192B DB:7F P:nvMxdizC V:105 H:82 
018262 $C8             INY                             A:0008 X:09D2 Y:CA1A S:1FC0 D:192B DB:7F P:nvMxdizC V:105 H:91 
018263 $A9 $00         LDA #$00                        A:0008 X:09D2 Y:CA1B S:1FC0 D:192B DB:7F P:NvMxdizC V:105 H:95 
018265 $99 $00 $00     STA $0000,Y [7FCA1B] = $00      A:0000 X:09D2 Y:CA1B S:1FC0 D:192B DB:7F P:nvMxdiZC V:105 H:99 
018268 $C8             INY                             A:0000 X:09D2 Y:CA1B S:1FC0 D:192B DB:7F P:nvMxdiZC V:105 H:108
018269 $CE $33 $19     DEC $1933 [7F1933] = $07        A:0000 X:09D2 Y:CA1C S:1FC0 D:192B DB:7F P:NvMxdizC V:105 H:112
01826C $D0 $EC         BNE $01825A                     A:0000 X:09D2 Y:CA1C S:1FC0 D:192B DB:7F P:nvMxdizC V:105 H:123
01825A $BF $20 $CA $04 LDA $04CA20,X [04D3F2] = $10    A:0000 X:09D2 Y:CA1C S:1FC0 D:192B DB:7F P:nvMxdizC V:105 H:129
01825E $E8             INX                             A:0010 X:09D2 Y:CA1C S:1FC0 D:192B DB:7F P:nvMxdizC V:105 H:149
01825F $99 $00 $00     STA $0000,Y [7FCA1C] = $10      A:0010 X:09D3 Y:CA1C S:1FC0 D:192B DB:7F P:nvMxdizC V:105 H:152
018262 $C8             INY                             A:0010 X:09D3 Y:CA1C S:1FC0 D:192B DB:7F P:nvMxdizC V:105 H:162
018263 $A9 $00         LDA #$00                        A:0010 X:09D3 Y:CA1D S:1FC0 D:192B DB:7F P:NvMxdizC V:105 H:165
018265 $99 $00 $00     STA $0000,Y [7FCA1D] = $00      A:0000 X:09D3 Y:CA1D S:1FC0 D:192B DB:7F P:nvMxdiZC V:105 H:169
018268 $C8             INY                             A:0000 X:09D3 Y:CA1D S:1FC0 D:192B DB:7F P:nvMxdiZC V:105 H:179
018269 $CE $33 $19     DEC $1933 [7F1933] = $06        A:0000 X:09D3 Y:CA1E S:1FC0 D:192B DB:7F P:NvMxdizC V:105 H:182
01826C $D0 $EC         BNE $01825A                     A:0000 X:09D3 Y:CA1E S:1FC0 D:192B DB:7F P:nvMxdizC V:105 H:194
01825A $BF $20 $CA $04 LDA $04CA20,X [04D3F3] = $08    A:0000 X:09D3 Y:CA1E S:1FC0 D:192B DB:7F P:nvMxdizC V:105 H:199
01825E $E8             INX                             A:0008 X:09D3 Y:CA1E S:1FC0 D:192B DB:7F P:nvMxdizC V:105 H:209
01825F $99 $00 $00     STA $0000,Y [7FCA1E] = $08      A:0008 X:09D4 Y:CA1E S:1FC0 D:192B DB:7F P:nvMxdizC V:105 H:213
018262 $C8             INY                             A:0008 X:09D4 Y:CA1E S:1FC0 D:192B DB:7F P:nvMxdizC V:105 H:222
018263 $A9 $00         LDA #$00                        A:0008 X:09D4 Y:CA1F S:1FC0 D:192B DB:7F P:NvMxdizC V:105 H:226
018265 $99 $00 $00     STA $0000,Y [7FCA1F] = $00      A:0000 X:09D4 Y:CA1F S:1FC0 D:192B DB:7F P:nvMxdiZC V:105 H:230
018268 $C8             INY                             A:0000 X:09D4 Y:CA1F S:1FC0 D:192B DB:7F P:nvMxdiZC V:105 H:239
018269 $CE $33 $19     DEC $1933 [7F1933] = $05        A:0000 X:09D4 Y:CA20 S:1FC0 D:192B DB:7F P:NvMxdizC V:105 H:243
01826C $D0 $EC         BNE $01825A                     A:0000 X:09D4 Y:CA20 S:1FC0 D:192B DB:7F P:nvMxdizC V:105 H:254
01825A $BF $20 $CA $04 LDA $04CA20,X [04D3F4] = $10    A:0000 X:09D4 Y:CA20 S:1FC0 D:192B DB:7F P:nvMxdizC V:105 H:260
01825E $E8             INX                             A:0010 X:09D4 Y:CA20 S:1FC0 D:192B DB:7F P:nvMxdizC V:105 H:270
01825F $99 $00 $00     STA $0000,Y [7FCA20] = $10      A:0010 X:09D5 Y:CA20 S:1FC0 D:192B DB:7F P:nvMxdizC V:105 H:273
018262 $C8             INY                             A:0010 X:09D5 Y:CA20 S:1FC0 D:192B DB:7F P:nvMxdizC V:105 H:295
018263 $A9 $00         LDA #$00                        A:0010 X:09D5 Y:CA21 S:1FC0 D:192B DB:7F P:NvMxdizC V:105 H:298
018265 $99 $00 $00     STA $0000,Y [7FCA21] = $00      A:0000 X:09D5 Y:CA21 S:1FC0 D:192B DB:7F P:nvMxdiZC V:105 H:302
018268 $C8             INY                             A:0000 X:09D5 Y:CA21 S:1FC0 D:192B DB:7F P:nvMxdiZC V:105 H:312
018269 $CE $33 $19     DEC $1933 [7F1933] = $04        A:0000 X:09D5 Y:CA22 S:1FC0 D:192B DB:7F P:NvMxdizC V:105 H:315
01826C $D0 $EC         BNE $01825A                     A:0000 X:09D5 Y:CA22 S:1FC0 D:192B DB:7F P:nvMxdizC V:105 H:326
01825A $BF $20 $CA $04 LDA $04CA20,X [04D3F5] = $08    A:0000 X:09D5 Y:CA22 S:1FC0 D:192B DB:7F P:nvMxdizC V:105 H:331
01825E $E8             INX                             A:0008 X:09D5 Y:CA22 S:1FC0 D:192B DB:7F P:nvMxdizC V:106 H:1  
01825F $99 $00 $00     STA $0000,Y [7FCA22] = $08      A:0008 X:09D6 Y:CA22 S:1FC0 D:192B DB:7F P:nvMxdizC V:106 H:5  
018262 $C8             INY                             A:0008 X:09D6 Y:CA22 S:1FC0 D:192B DB:7F P:nvMxdizC V:106 H:14 
018263 $A9 $00         LDA #$00                        A:0008 X:09D6 Y:CA23 S:1FC0 D:192B DB:7F P:NvMxdizC V:106 H:18 
018265 $99 $00 $00     STA $0000,Y [7FCA23] = $00      A:0000 X:09D6 Y:CA23 S:1FC0 D:192B DB:7F P:nvMxdiZC V:106 H:22 
018268 $C8             INY                             A:0000 X:09D6 Y:CA23 S:1FC0 D:192B DB:7F P:nvMxdiZC V:106 H:31 
018269 $CE $33 $19     DEC $1933 [7F1933] = $03        A:0000 X:09D6 Y:CA24 S:1FC0 D:192B DB:7F P:NvMxdizC V:106 H:35 
01826C $D0 $EC         BNE $01825A                     A:0000 X:09D6 Y:CA24 S:1FC0 D:192B DB:7F P:nvMxdizC V:106 H:46 
01825A $BF $20 $CA $04 LDA $04CA20,X [04D3F6] = $10    A:0000 X:09D6 Y:CA24 S:1FC0 D:192B DB:7F P:nvMxdizC V:106 H:52 
01825E $E8             INX                             A:0010 X:09D6 Y:CA24 S:1FC0 D:192B DB:7F P:nvMxdizC V:106 H:62 
01825F $99 $00 $00     STA $0000,Y [7FCA24] = $10      A:0010 X:09D7 Y:CA24 S:1FC0 D:192B DB:7F P:nvMxdizC V:106 H:65 
018262 $C8             INY                             A:0010 X:09D7 Y:CA24 S:1FC0 D:192B DB:7F P:nvMxdizC V:106 H:75 
018263 $A9 $00         LDA #$00                        A:0010 X:09D7 Y:CA25 S:1FC0 D:192B DB:7F P:NvMxdizC V:106 H:78 
018265 $99 $00 $00     STA $0000,Y [7FCA25] = $00      A:0000 X:09D7 Y:CA25 S:1FC0 D:192B DB:7F P:nvMxdiZC V:106 H:82 
018268 $C8             INY                             A:0000 X:09D7 Y:CA25 S:1FC0 D:192B DB:7F P:nvMxdiZC V:106 H:92 
018269 $CE $33 $19     DEC $1933 [7F1933] = $02        A:0000 X:09D7 Y:CA26 S:1FC0 D:192B DB:7F P:NvMxdizC V:106 H:95 
01826C $D0 $EC         BNE $01825A                     A:0000 X:09D7 Y:CA26 S:1FC0 D:192B DB:7F P:nvMxdizC V:106 H:107
01825A $BF $20 $CA $04 LDA $04CA20,X [04D3F7] = $08    A:0000 X:09D7 Y:CA26 S:1FC0 D:192B DB:7F P:nvMxdizC V:106 H:112
01825E $E8             INX                             A:0008 X:09D7 Y:CA26 S:1FC0 D:192B DB:7F P:nvMxdizC V:106 H:122
01825F $99 $00 $00     STA $0000,Y [7FCA26] = $08      A:0008 X:09D8 Y:CA26 S:1FC0 D:192B DB:7F P:nvMxdizC V:106 H:126
018262 $C8             INY                             A:0008 X:09D8 Y:CA26 S:1FC0 D:192B DB:7F P:nvMxdizC V:106 H:145
018263 $A9 $00         LDA #$00                        A:0008 X:09D8 Y:CA27 S:1FC0 D:192B DB:7F P:NvMxdizC V:106 H:149
018265 $99 $00 $00     STA $0000,Y [7FCA27] = $00      A:0000 X:09D8 Y:CA27 S:1FC0 D:192B DB:7F P:nvMxdiZC V:106 H:153
018268 $C8             INY                             A:0000 X:09D8 Y:CA27 S:1FC0 D:192B DB:7F P:nvMxdiZC V:106 H:162
018269 $CE $33 $19     DEC $1933 [7F1933] = $01        A:0000 X:09D8 Y:CA28 S:1FC0 D:192B DB:7F P:NvMxdizC V:106 H:166
01826C $D0 $EC         BNE $01825A                     A:0000 X:09D8 Y:CA28 S:1FC0 D:192B DB:7F P:nvMxdiZC V:106 H:177
01826E $28             PLP                             A:0000 X:09D8 Y:CA28 S:1FC0 D:192B DB:7F P:nvMxdiZC V:106 H:181
01826F $AB             PLB                             A:0000 X:09D8 Y:CA28 S:1FC1 D:192B DB:7F P:nvmxdizc V:106 H:188
018270 $60             RTS                             A:0000 X:09D8 Y:CA28 S:1FC2 D:192B DB:01 P:nvmxdizc V:106 H:195
018218 $A5 $00         LDA $00 [00192B] = $09C0        A:0000 X:09D8 Y:CA28 S:1FC4 D:192B DB:01 P:nvmxdizc V:106 H:206
01821A $18             CLC                             A:09C0 X:09D8 Y:CA28 S:1FC4 D:192B DB:01 P:nvmxdizc V:106 H:215
01821B $69 $18 $00     ADC #$0018                      A:09C0 X:09D8 Y:CA28 S:1FC4 D:192B DB:01 P:nvmxdizc V:106 H:219
01821E $85 $00         STA $00 [00192B] = $09C0        A:09D8 X:09D8 Y:CA28 S:1FC4 D:192B DB:01 P:nvmxdizc V:106 H:225
018220 $A5 $02         LDA $02 [00192D] = $CA08        A:09D8 X:09D8 Y:CA28 S:1FC4 D:192B DB:01 P:nvmxdizc V:106 H:234
018222 $18             CLC                             A:CA08 X:09D8 Y:CA28 S:1FC4 D:192B DB:01 P:Nvmxdizc V:106 H:244
018223 $69 $20 $00     ADC #$0020                      A:CA08 X:09D8 Y:CA28 S:1FC4 D:192B DB:01 P:Nvmxdizc V:106 H:247
018226 $85 $02         STA $02 [00192D] = $CA08        A:CA28 X:09D8 Y:CA28 S:1FC4 D:192B DB:01 P:Nvmxdizc V:106 H:253
018228 $C6 $06         DEC $06 [001931] = $0004        A:CA28 X:09D8 Y:CA28 S:1FC4 D:192B DB:01 P:Nvmxdizc V:106 H:263
01822A $D0 $E9         BNE $018215                     A:CA28 X:09D8 Y:CA28 S:1FC4 D:192B DB:01 P:nvmxdizc V:106 H:292
018215 $20 $2E $82     JSR $822E [01822E] = $088B      A:CA28 X:09D8 Y:CA28 S:1FC4 D:192B DB:01 P:nvmxdizc V:106 H:297
01822E $8B             PHB                             A:CA28 X:09D8 Y:CA28 S:1FC2 D:192B DB:01 P:nvmxdizc V:106 H:309
01822F $08             PHP                             A:CA28 X:09D8 Y:CA28 S:1FC1 D:192B DB:01 P:nvmxdizc V:106 H:314
018230 $C2 $30         REP #$30                        A:CA28 X:09D8 Y:CA28 S:1FC0 D:192B DB:01 P:nvmxdizc V:106 H:320
018232 $8B             PHB                             A:CA28 X:09D8 Y:CA28 S:1FC0 D:192B DB:01 P:nvmxdizc V:106 H:325
018233 $AD $2B $19     LDA $192B [01192B] = $09D8      A:CA28 X:09D8 Y:CA28 S:1FBF D:192B DB:01 P:nvmxdizc V:106 H:330
018236 $18             CLC                             A:09D8 X:09D8 Y:CA28 S:1FBF D:192B DB:01 P:nvmxdizc V:107 H:0  
018237 $69 $20 $CA     ADC #$CA20                      A:09D8 X:09D8 Y:CA28 S:1FBF D:192B DB:01 P:nvmxdizc V:107 H:3  
01823A $AA             TAX                             A:D3F8 X:09D8 Y:CA28 S:1FBF D:192B DB:01 P:Nvmxdizc V:107 H:9  
01823B $AC $2D $19     LDY $192D [01192D] = $CA28      A:D3F8 X:D3F8 Y:CA28 S:1FBF D:192B DB:01 P:Nvmxdizc V:107 H:13 
01823E $A9 $0F $00     LDA #$000F                      A:D3F8 X:D3F8 Y:CA28 S:1FBF D:192B DB:01 P:Nvmxdizc V:107 H:23 
018241 $54 $7F $04     MVN $04 -> $7F                  A:000F X:D3F8 Y:CA28 S:1FBF D:192B DB:01 P:nvmxdizc V:107 H:29 
018241 $54 $7F $04     MVN $04 -> $7F                  A:000E X:D3F9 Y:CA29 S:1FBF D:192B DB:7F P:nvmxdizc V:107 H:42 
018241 $54 $7F $04     MVN $04 -> $7F                  A:000D X:D3FA Y:CA2A S:1FBF D:192B DB:7F P:nvmxdizc V:107 H:55 
018241 $54 $7F $04     MVN $04 -> $7F                  A:000C X:D3FB Y:CA2B S:1FBF D:192B DB:7F P:nvmxdizc V:107 H:68 
018241 $54 $7F $04     MVN $04 -> $7F                  A:000B X:D3FC Y:CA2C S:1FBF D:192B DB:7F P:nvmxdizc V:107 H:81 
018241 $54 $7F $04     MVN $04 -> $7F                  A:000A X:D3FD Y:CA2D S:1FBF D:192B DB:7F P:nvmxdizc V:107 H:94 
018241 $54 $7F $04     MVN $04 -> $7F                  A:0009 X:D3FE Y:CA2E S:1FBF D:192B DB:7F P:nvmxdizc V:107 H:107
018241 $54 $7F $04     MVN $04 -> $7F                  A:0008 X:D3FF Y:CA2F S:1FBF D:192B DB:7F P:nvmxdizc V:107 H:120
018241 $54 $7F $04     MVN $04 -> $7F                  A:0007 X:D400 Y:CA30 S:1FBF D:192B DB:7F P:nvmxdizc V:107 H:133
018241 $54 $7F $04     MVN $04 -> $7F                  A:0006 X:D401 Y:CA31 S:1FBF D:192B DB:7F P:nvmxdizc V:107 H:156
018241 $54 $7F $04     MVN $04 -> $7F                  A:0005 X:D402 Y:CA32 S:1FBF D:192B DB:7F P:nvmxdizc V:107 H:169
018241 $54 $7F $04     MVN $04 -> $7F                  A:0004 X:D403 Y:CA33 S:1FBF D:192B DB:7F P:nvmxdizc V:107 H:182
018241 $54 $7F $04     MVN $04 -> $7F                  A:0003 X:D404 Y:CA34 S:1FBF D:192B DB:7F P:nvmxdizc V:107 H:195
018241 $54 $7F $04     MVN $04 -> $7F                  A:0002 X:D405 Y:CA35 S:1FBF D:192B DB:7F P:nvmxdizc V:107 H:208
018241 $54 $7F $04     MVN $04 -> $7F                  A:0001 X:D406 Y:CA36 S:1FBF D:192B DB:7F P:nvmxdizc V:107 H:221
018241 $54 $7F $04     MVN $04 -> $7F                  A:0000 X:D407 Y:CA37 S:1FBF D:192B DB:7F P:nvmxdizc V:107 H:234
018244 $AB             PLB                             A:FFFF X:D408 Y:CA38 S:1FBF D:192B DB:7F P:nvmxdizc V:107 H:247
018245 $8A             TXA                             A:FFFF X:D408 Y:CA38 S:1FC0 D:192B DB:01 P:nvmxdizc V:107 H:254
018246 $38             SEC                             A:D408 X:D408 Y:CA38 S:1FC0 D:192B DB:01 P:Nvmxdizc V:107 H:257
018247 $E9 $20 $CA     SBC #$CA20                      A:D408 X:D408 Y:CA38 S:1FC0 D:192B DB:01 P:NvmxdizC V:107 H:261
01824A $AA             TAX                             A:09E8 X:D408 Y:CA38 S:1FC0 D:192B DB:01 P:nvmxdizC V:107 H:267
01824B $E2 $20         SEP #$20                        A:09E8 X:09E8 Y:CA38 S:1FC0 D:192B DB:01 P:nvmxdizC V:107 H:270
01824D $C2 $10         REP #$10                        A:09E8 X:09E8 Y:CA38 S:1FC0 D:192B DB:01 P:nvMxdizC V:107 H:276
01824F $F4 $7F $00     PEA #$007F                      A:09E8 X:09E8 Y:CA38 S:1FC0 D:192B DB:01 P:nvMxdizC V:107 H:293
018252 $AB             PLB                             A:09E8 X:09E8 Y:CA38 S:1FBE D:192B DB:01 P:nvMxdizC V:107 H:303
018253 $68             PLA                             A:09E8 X:09E8 Y:CA38 S:1FBF D:192B DB:7F P:nvMxdizC V:107 H:310
018254 $EB             XBA                             A:0900 X:09E8 Y:CA38 S:1FC0 D:192B DB:7F P:nvMxdiZC V:107 H:317
018255 $A9 $08         LDA #$08                        A:0009 X:09E8 Y:CA38 S:1FC0 D:192B DB:7F P:nvMxdizC V:107 H:322
018257 $8D $33 $19     STA $1933 [7F1933] = $00        A:0008 X:09E8 Y:CA38 S:1FC0 D:192B DB:7F P:nvMxdizC V:107 H:326
01825A $BF $20 $CA $04 LDA $04CA20,X [04D408] = $00    A:0008 X:09E8 Y:CA38 S:1FC0 D:192B DB:7F P:nvMxdizC V:107 H:333
01825E $E8             INX                             A:0000 X:09E8 Y:CA38 S:1FC0 D:192B DB:7F P:nvMxdiZC V:108 H:3  
01825F $99 $00 $00     STA $0000,Y [7FCA38] = $00      A:0000 X:09E9 Y:CA38 S:1FC0 D:192B DB:7F P:nvMxdizC V:108 H:7  
018262 $C8             INY                             A:0000 X:09E9 Y:CA38 S:1FC0 D:192B DB:7F P:nvMxdizC V:108 H:16 
018263 $A9 $00         LDA #$00                        A:0000 X:09E9 Y:CA39 S:1FC0 D:192B DB:7F P:NvMxdizC V:108 H:20 
018265 $99 $00 $00     STA $0000,Y [7FCA39] = $00      A:0000 X:09E9 Y:CA39 S:1FC0 D:192B DB:7F P:nvMxdiZC V:108 H:24 
018268 $C8             INY                             A:0000 X:09E9 Y:CA39 S:1FC0 D:192B DB:7F P:nvMxdiZC V:108 H:33 
018269 $CE $33 $19     DEC $1933 [7F1933] = $08        A:0000 X:09E9 Y:CA3A S:1FC0 D:192B DB:7F P:NvMxdizC V:108 H:37 
01826C $D0 $EC         BNE $01825A                     A:0000 X:09E9 Y:CA3A S:1FC0 D:192B DB:7F P:nvMxdizC V:108 H:48 
01825A $BF $20 $CA $04 LDA $04CA20,X [04D409] = $00    A:0000 X:09E9 Y:CA3A S:1FC0 D:192B DB:7F P:nvMxdizC V:108 H:54 
01825E $E8             INX                             A:0000 X:09E9 Y:CA3A S:1FC0 D:192B DB:7F P:nvMxdiZC V:108 H:64 
01825F $99 $00 $00     STA $0000,Y [7FCA3A] = $00      A:0000 X:09EA Y:CA3A S:1FC0 D:192B DB:7F P:nvMxdizC V:108 H:67 
018262 $C8             INY                             A:0000 X:09EA Y:CA3A S:1FC0 D:192B DB:7F P:nvMxdizC V:108 H:77 
018263 $A9 $00         LDA #$00                        A:0000 X:09EA Y:CA3B S:1FC0 D:192B DB:7F P:NvMxdizC V:108 H:80 
018265 $99 $00 $00     STA $0000,Y [7FCA3B] = $00      A:0000 X:09EA Y:CA3B S:1FC0 D:192B DB:7F P:nvMxdiZC V:108 H:84 
018268 $C8             INY                             A:0000 X:09EA Y:CA3B S:1FC0 D:192B DB:7F P:nvMxdiZC V:108 H:94 
018269 $CE $33 $19     DEC $1933 [7F1933] = $07        A:0000 X:09EA Y:CA3C S:1FC0 D:192B DB:7F P:NvMxdizC V:108 H:97 
01826C $D0 $EC         BNE $01825A                     A:0000 X:09EA Y:CA3C S:1FC0 D:192B DB:7F P:nvMxdizC V:108 H:109
01825A $BF $20 $CA $04 LDA $04CA20,X [04D40A] = $00    A:0000 X:09EA Y:CA3C S:1FC0 D:192B DB:7F P:nvMxdizC V:108 H:114
01825E $E8             INX                             A:0000 X:09EA Y:CA3C S:1FC0 D:192B DB:7F P:nvMxdiZC V:108 H:124
01825F $99 $00 $00     STA $0000,Y [7FCA3C] = $00      A:0000 X:09EB Y:CA3C S:1FC0 D:192B DB:7F P:nvMxdizC V:108 H:128
018262 $C8             INY                             A:0000 X:09EB Y:CA3C S:1FC0 D:192B DB:7F P:nvMxdizC V:108 H:147
018263 $A9 $00         LDA #$00                        A:0000 X:09EB Y:CA3D S:1FC0 D:192B DB:7F P:NvMxdizC V:108 H:151
018265 $99 $00 $00     STA $0000,Y [7FCA3D] = $00      A:0000 X:09EB Y:CA3D S:1FC0 D:192B DB:7F P:nvMxdiZC V:108 H:155
018268 $C8             INY                             A:0000 X:09EB Y:CA3D S:1FC0 D:192B DB:7F P:nvMxdiZC V:108 H:164
018269 $CE $33 $19     DEC $1933 [7F1933] = $06        A:0000 X:09EB Y:CA3E S:1FC0 D:192B DB:7F P:NvMxdizC V:108 H:168
01826C $D0 $EC         BNE $01825A                     A:0000 X:09EB Y:CA3E S:1FC0 D:192B DB:7F P:nvMxdizC V:108 H:179
01825A $BF $20 $CA $04 LDA $04CA20,X [04D40B] = $55    A:0000 X:09EB Y:CA3E S:1FC0 D:192B DB:7F P:nvMxdizC V:108 H:185
01825E $E8             INX                             A:0055 X:09EB Y:CA3E S:1FC0 D:192B DB:7F P:nvMxdizC V:108 H:195
01825F $99 $00 $00     STA $0000,Y [7FCA3E] = $55      A:0055 X:09EC Y:CA3E S:1FC0 D:192B DB:7F P:nvMxdizC V:108 H:198
018262 $C8             INY                             A:0055 X:09EC Y:CA3E S:1FC0 D:192B DB:7F P:nvMxdizC V:108 H:208
018263 $A9 $00         LDA #$00                        A:0055 X:09EC Y:CA3F S:1FC0 D:192B DB:7F P:NvMxdizC V:108 H:211
018265 $99 $00 $00     STA $0000,Y [7FCA3F] = $00      A:0000 X:09EC Y:CA3F S:1FC0 D:192B DB:7F P:nvMxdiZC V:108 H:215
018268 $C8             INY                             A:0000 X:09EC Y:CA3F S:1FC0 D:192B DB:7F P:nvMxdiZC V:108 H:225
018269 $CE $33 $19     DEC $1933 [7F1933] = $05        A:0000 X:09EC Y:CA40 S:1FC0 D:192B DB:7F P:NvMxdizC V:108 H:228
01826C $D0 $EC         BNE $01825A                     A:0000 X:09EC Y:CA40 S:1FC0 D:192B DB:7F P:nvMxdizC V:108 H:240
01825A $BF $20 $CA $04 LDA $04CA20,X [04D40C] = $AA    A:0000 X:09EC Y:CA40 S:1FC0 D:192B DB:7F P:nvMxdizC V:108 H:245
01825E $E8             INX                             A:00AA X:09EC Y:CA40 S:1FC0 D:192B DB:7F P:NvMxdizC V:108 H:255
01825F $99 $00 $00     STA $0000,Y [7FCA40] = $AA      A:00AA X:09ED Y:CA40 S:1FC0 D:192B DB:7F P:nvMxdizC V:108 H:259
018262 $C8             INY                             A:00AA X:09ED Y:CA40 S:1FC0 D:192B DB:7F P:nvMxdizC V:108 H:268
018263 $A9 $00         LDA #$00                        A:00AA X:09ED Y:CA41 S:1FC0 D:192B DB:7F P:NvMxdizC V:108 H:272
018265 $99 $00 $00     STA $0000,Y [7FCA41] = $00      A:0000 X:09ED Y:CA41 S:1FC0 D:192B DB:7F P:nvMxdiZC V:108 H:276
018268 $C8             INY                             A:0000 X:09ED Y:CA41 S:1FC0 D:192B DB:7F P:nvMxdiZC V:108 H:299
018269 $CE $33 $19     DEC $1933 [7F1933] = $04        A:0000 X:09ED Y:CA42 S:1FC0 D:192B DB:7F P:NvMxdizC V:108 H:303
01826C $D0 $EC         BNE $01825A                     A:0000 X:09ED Y:CA42 S:1FC0 D:192B DB:7F P:nvMxdizC V:108 H:314
01825A $BF $20 $CA $04 LDA $04CA20,X [04D40D] = $00    A:0000 X:09ED Y:CA42 S:1FC0 D:192B DB:7F P:nvMxdizC V:108 H:320
01825E $E8             INX                             A:0000 X:09ED Y:CA42 S:1FC0 D:192B DB:7F P:nvMxdiZC V:108 H:329
01825F $99 $00 $00     STA $0000,Y [7FCA42] = $00      A:0000 X:09EE Y:CA42 S:1FC0 D:192B DB:7F P:nvMxdizC V:108 H:332
018262 $C8             INY                             A:0000 X:09EE Y:CA42 S:1FC0 D:192B DB:7F P:nvMxdizC V:109 H:2  
018263 $A9 $00         LDA #$00                        A:0000 X:09EE Y:CA43 S:1FC0 D:192B DB:7F P:NvMxdizC V:109 H:5  
018265 $99 $00 $00     STA $0000,Y [7FCA43] = $00      A:0000 X:09EE Y:CA43 S:1FC0 D:192B DB:7F P:nvMxdiZC V:109 H:9  
018268 $C8             INY                             A:0000 X:09EE Y:CA43 S:1FC0 D:192B DB:7F P:nvMxdiZC V:109 H:19 
018269 $CE $33 $19     DEC $1933 [7F1933] = $03        A:0000 X:09EE Y:CA44 S:1FC0 D:192B DB:7F P:NvMxdizC V:109 H:22 
01826C $D0 $EC         BNE $01825A                     A:0000 X:09EE Y:CA44 S:1FC0 D:192B DB:7F P:nvMxdizC V:109 H:34 
01825A $BF $20 $CA $04 LDA $04CA20,X [04D40E] = $00    A:0000 X:09EE Y:CA44 S:1FC0 D:192B DB:7F P:nvMxdizC V:109 H:39 
01825E $E8             INX                             A:0000 X:09EE Y:CA44 S:1FC0 D:192B DB:7F P:nvMxdiZC V:109 H:49 
01825F $99 $00 $00     STA $0000,Y [7FCA44] = $00      A:0000 X:09EF Y:CA44 S:1FC0 D:192B DB:7F P:nvMxdizC V:109 H:53 
018262 $C8             INY                             A:0000 X:09EF Y:CA44 S:1FC0 D:192B DB:7F P:nvMxdizC V:109 H:62 
018263 $A9 $00         LDA #$00                        A:0000 X:09EF Y:CA45 S:1FC0 D:192B DB:7F P:NvMxdizC V:109 H:66 
018265 $99 $00 $00     STA $0000,Y [7FCA45] = $00      A:0000 X:09EF Y:CA45 S:1FC0 D:192B DB:7F P:nvMxdiZC V:109 H:70 
018268 $C8             INY                             A:0000 X:09EF Y:CA45 S:1FC0 D:192B DB:7F P:nvMxdiZC V:109 H:79 
018269 $CE $33 $19     DEC $1933 [7F1933] = $02        A:0000 X:09EF Y:CA46 S:1FC0 D:192B DB:7F P:NvMxdizC V:109 H:83 
01826C $D0 $EC         BNE $01825A                     A:0000 X:09EF Y:CA46 S:1FC0 D:192B DB:7F P:nvMxdizC V:109 H:94 
01825A $BF $20 $CA $04 LDA $04CA20,X [04D40F] = $00    A:0000 X:09EF Y:CA46 S:1FC0 D:192B DB:7F P:nvMxdizC V:109 H:100
01825E $E8             INX                             A:0000 X:09EF Y:CA46 S:1FC0 D:192B DB:7F P:nvMxdiZC V:109 H:110
01825F $99 $00 $00     STA $0000,Y [7FCA46] = $00      A:0000 X:09F0 Y:CA46 S:1FC0 D:192B DB:7F P:nvMxdizC V:109 H:113
018262 $C8             INY                             A:0000 X:09F0 Y:CA46 S:1FC0 D:192B DB:7F P:nvMxdizC V:109 H:123
018263 $A9 $00         LDA #$00                        A:0000 X:09F0 Y:CA47 S:1FC0 D:192B DB:7F P:NvMxdizC V:109 H:126
018265 $99 $00 $00     STA $0000,Y [7FCA47] = $00      A:0000 X:09F0 Y:CA47 S:1FC0 D:192B DB:7F P:nvMxdiZC V:109 H:130
018268 $C8             INY                             A:0000 X:09F0 Y:CA47 S:1FC0 D:192B DB:7F P:nvMxdiZC V:109 H:150
018269 $CE $33 $19     DEC $1933 [7F1933] = $01        A:0000 X:09F0 Y:CA48 S:1FC0 D:192B DB:7F P:NvMxdizC V:109 H:153
01826C $D0 $EC         BNE $01825A                     A:0000 X:09F0 Y:CA48 S:1FC0 D:192B DB:7F P:nvMxdiZC V:109 H:165
01826E $28             PLP                             A:0000 X:09F0 Y:CA48 S:1FC0 D:192B DB:7F P:nvMxdiZC V:109 H:169
01826F $AB             PLB                             A:0000 X:09F0 Y:CA48 S:1FC1 D:192B DB:7F P:nvmxdizc V:109 H:176
018270 $60             RTS                             A:0000 X:09F0 Y:CA48 S:1FC2 D:192B DB:01 P:nvmxdizc V:109 H:183
018218 $A5 $00         LDA $00 [00192B] = $09D8        A:0000 X:09F0 Y:CA48 S:1FC4 D:192B DB:01 P:nvmxdizc V:109 H:193
01821A $18             CLC                             A:09D8 X:09F0 Y:CA48 S:1FC4 D:192B DB:01 P:nvmxdizc V:109 H:203
01821B $69 $18 $00     ADC #$0018                      A:09D8 X:09F0 Y:CA48 S:1FC4 D:192B DB:01 P:nvmxdizc V:109 H:206
01821E $85 $00         STA $00 [00192B] = $09D8        A:09F0 X:09F0 Y:CA48 S:1FC4 D:192B DB:01 P:nvmxdizc V:109 H:212
018220 $A5 $02         LDA $02 [00192D] = $CA28        A:09F0 X:09F0 Y:CA48 S:1FC4 D:192B DB:01 P:nvmxdizc V:109 H:222
018222 $18             CLC                             A:CA28 X:09F0 Y:CA48 S:1FC4 D:192B DB:01 P:Nvmxdizc V:109 H:231
018223 $69 $20 $00     ADC #$0020                      A:CA28 X:09F0 Y:CA48 S:1FC4 D:192B DB:01 P:Nvmxdizc V:109 H:235
018226 $85 $02         STA $02 [00192D] = $CA28        A:CA48 X:09F0 Y:CA48 S:1FC4 D:192B DB:01 P:Nvmxdizc V:109 H:241
018228 $C6 $06         DEC $06 [001931] = $0003        A:CA48 X:09F0 Y:CA48 S:1FC4 D:192B DB:01 P:Nvmxdizc V:109 H:250
01822A $D0 $E9         BNE $018215                     A:CA48 X:09F0 Y:CA48 S:1FC4 D:192B DB:01 P:nvmxdizc V:109 H:265
018215 $20 $2E $82     JSR $822E [01822E] = $088B      A:CA48 X:09F0 Y:CA48 S:1FC4 D:192B DB:01 P:nvmxdizc V:109 H:271
01822E $8B             PHB                             A:CA48 X:09F0 Y:CA48 S:1FC2 D:192B DB:01 P:nvmxdizc V:109 H:296
01822F $08             PHP                             A:CA48 X:09F0 Y:CA48 S:1FC1 D:192B DB:01 P:nvmxdizc V:109 H:301
018230 $C2 $30         REP #$30                        A:CA48 X:09F0 Y:CA48 S:1FC0 D:192B DB:01 P:nvmxdizc V:109 H:307
018232 $8B             PHB                             A:CA48 X:09F0 Y:CA48 S:1FC0 D:192B DB:01 P:nvmxdizc V:109 H:312
018233 $AD $2B $19     LDA $192B [01192B] = $09F0      A:CA48 X:09F0 Y:CA48 S:1FBF D:192B DB:01 P:nvmxdizc V:109 H:318
018236 $18             CLC                             A:09F0 X:09F0 Y:CA48 S:1FBF D:192B DB:01 P:nvmxdizc V:109 H:327
018237 $69 $20 $CA     ADC #$CA20                      A:09F0 X:09F0 Y:CA48 S:1FBF D:192B DB:01 P:nvmxdizc V:109 H:330
01823A $AA             TAX                             A:D410 X:09F0 Y:CA48 S:1FBF D:192B DB:01 P:Nvmxdizc V:109 H:336
01823B $AC $2D $19     LDY $192D [01192D] = $CA48      A:D410 X:D410 Y:CA48 S:1FBF D:192B DB:01 P:Nvmxdizc V:110 H:0  
01823E $A9 $0F $00     LDA #$000F                      A:D410 X:D410 Y:CA48 S:1FBF D:192B DB:01 P:Nvmxdizc V:110 H:10 
018241 $54 $7F $04     MVN $04 -> $7F                  A:000F X:D410 Y:CA48 S:1FBF D:192B DB:01 P:nvmxdizc V:110 H:16 
018241 $54 $7F $04     MVN $04 -> $7F                  A:000E X:D411 Y:CA49 S:1FBF D:192B DB:7F P:nvmxdizc V:110 H:29 
018241 $54 $7F $04     MVN $04 -> $7F                  A:000D X:D412 Y:CA4A S:1FBF D:192B DB:7F P:nvmxdizc V:110 H:42 
018241 $54 $7F $04     MVN $04 -> $7F                  A:000C X:D413 Y:CA4B S:1FBF D:192B DB:7F P:nvmxdizc V:110 H:55 
018241 $54 $7F $04     MVN $04 -> $7F                  A:000B X:D414 Y:CA4C S:1FBF D:192B DB:7F P:nvmxdizc V:110 H:68 
018241 $54 $7F $04     MVN $04 -> $7F                  A:000A X:D415 Y:CA4D S:1FBF D:192B DB:7F P:nvmxdizc V:110 H:81 
018241 $54 $7F $04     MVN $04 -> $7F                  A:0009 X:D416 Y:CA4E S:1FBF D:192B DB:7F P:nvmxdizc V:110 H:94 
018241 $54 $7F $04     MVN $04 -> $7F                  A:0008 X:D417 Y:CA4F S:1FBF D:192B DB:7F P:nvmxdizc V:110 H:107
018241 $54 $7F $04     MVN $04 -> $7F                  A:0007 X:D418 Y:CA50 S:1FBF D:192B DB:7F P:nvmxdizc V:110 H:120
018241 $54 $7F $04     MVN $04 -> $7F                  A:0006 X:D419 Y:CA51 S:1FBF D:192B DB:7F P:nvmxdizc V:110 H:133
018241 $54 $7F $04     MVN $04 -> $7F                  A:0005 X:D41A Y:CA52 S:1FBF D:192B DB:7F P:nvmxdizc V:110 H:156
018241 $54 $7F $04     MVN $04 -> $7F                  A:0004 X:D41B Y:CA53 S:1FBF D:192B DB:7F P:nvmxdizc V:110 H:169
018241 $54 $7F $04     MVN $04 -> $7F                  A:0003 X:D41C Y:CA54 S:1FBF D:192B DB:7F P:nvmxdizc V:110 H:182
018241 $54 $7F $04     MVN $04 -> $7F                  A:0002 X:D41D Y:CA55 S:1FBF D:192B DB:7F P:nvmxdizc V:110 H:195
018241 $54 $7F $04     MVN $04 -> $7F                  A:0001 X:D41E Y:CA56 S:1FBF D:192B DB:7F P:nvmxdizc V:110 H:208
018241 $54 $7F $04     MVN $04 -> $7F                  A:0000 X:D41F Y:CA57 S:1FBF D:192B DB:7F P:nvmxdizc V:110 H:221
018244 $AB             PLB                             A:FFFF X:D420 Y:CA58 S:1FBF D:192B DB:7F P:nvmxdizc V:110 H:234
018245 $8A             TXA                             A:FFFF X:D420 Y:CA58 S:1FC0 D:192B DB:01 P:nvmxdizc V:110 H:241
018246 $38             SEC                             A:D420 X:D420 Y:CA58 S:1FC0 D:192B DB:01 P:Nvmxdizc V:110 H:244
018247 $E9 $20 $CA     SBC #$CA20                      A:D420 X:D420 Y:CA58 S:1FC0 D:192B DB:01 P:NvmxdizC V:110 H:248
01824A $AA             TAX                             A:0A00 X:D420 Y:CA58 S:1FC0 D:192B DB:01 P:nvmxdizC V:110 H:254
01824B $E2 $20         SEP #$20                        A:0A00 X:0A00 Y:CA58 S:1FC0 D:192B DB:01 P:nvmxdizC V:110 H:257
01824D $C2 $10         REP #$10                        A:0A00 X:0A00 Y:CA58 S:1FC0 D:192B DB:01 P:nvMxdizC V:110 H:263
01824F $F4 $7F $00     PEA #$007F                      A:0A00 X:0A00 Y:CA58 S:1FC0 D:192B DB:01 P:nvMxdizC V:110 H:268
018252 $AB             PLB                             A:0A00 X:0A00 Y:CA58 S:1FBE D:192B DB:01 P:nvMxdizC V:110 H:290
018253 $68             PLA                             A:0A00 X:0A00 Y:CA58 S:1FBF D:192B DB:7F P:nvMxdizC V:110 H:297
018254 $EB             XBA                             A:0A00 X:0A00 Y:CA58 S:1FC0 D:192B DB:7F P:nvMxdiZC V:110 H:304
018255 $A9 $08         LDA #$08                        A:000A X:0A00 Y:CA58 S:1FC0 D:192B DB:7F P:nvMxdizC V:110 H:309
018257 $8D $33 $19     STA $1933 [7F1933] = $00        A:0008 X:0A00 Y:CA58 S:1FC0 D:192B DB:7F P:nvMxdizC V:110 H:313
01825A $BF $20 $CA $04 LDA $04CA20,X [04D420] = $00    A:0008 X:0A00 Y:CA58 S:1FC0 D:192B DB:7F P:nvMxdizC V:110 H:321
01825E $E8             INX                             A:0000 X:0A00 Y:CA58 S:1FC0 D:192B DB:7F P:nvMxdiZC V:110 H:330
01825F $99 $00 $00     STA $0000,Y [7FCA58] = $00      A:0000 X:0A01 Y:CA58 S:1FC0 D:192B DB:7F P:nvMxdizC V:110 H:334
018262 $C8             INY                             A:0000 X:0A01 Y:CA58 S:1FC0 D:192B DB:7F P:nvMxdizC V:111 H:3  
018263 $A9 $00         LDA #$00                        A:0000 X:0A01 Y:CA59 S:1FC0 D:192B DB:7F P:NvMxdizC V:111 H:7  
018265 $99 $00 $00     STA $0000,Y [7FCA59] = $00      A:0000 X:0A01 Y:CA59 S:1FC0 D:192B DB:7F P:nvMxdiZC V:111 H:11 
018268 $C8             INY                             A:0000 X:0A01 Y:CA59 S:1FC0 D:192B DB:7F P:nvMxdiZC V:111 H:20 
018269 $CE $33 $19     DEC $1933 [7F1933] = $08        A:0000 X:0A01 Y:CA5A S:1FC0 D:192B DB:7F P:NvMxdizC V:111 H:24 
01826C $D0 $EC         BNE $01825A                     A:0000 X:0A01 Y:CA5A S:1FC0 D:192B DB:7F P:nvMxdizC V:111 H:35 
01825A $BF $20 $CA $04 LDA $04CA20,X [04D421] = $00    A:0000 X:0A01 Y:CA5A S:1FC0 D:192B DB:7F P:nvMxdizC V:111 H:41 
01825E $E8             INX                             A:0000 X:0A01 Y:CA5A S:1FC0 D:192B DB:7F P:nvMxdiZC V:111 H:51 
01825F $99 $00 $00     STA $0000,Y [7FCA5A] = $48      A:0000 X:0A02 Y:CA5A S:1FC0 D:192B DB:7F P:nvMxdizC V:111 H:54 
018262 $C8             INY                             A:0000 X:0A02 Y:CA5A S:1FC0 D:192B DB:7F P:nvMxdizC V:111 H:64 
018263 $A9 $00         LDA #$00                        A:0000 X:0A02 Y:CA5B S:1FC0 D:192B DB:7F P:NvMxdizC V:111 H:67 
018265 $99 $00 $00     STA $0000,Y [7FCA5B] = $00      A:0000 X:0A02 Y:CA5B S:1FC0 D:192B DB:7F P:nvMxdiZC V:111 H:71 
018268 $C8             INY                             A:0000 X:0A02 Y:CA5B S:1FC0 D:192B DB:7F P:nvMxdiZC V:111 H:81 
018269 $CE $33 $19     DEC $1933 [7F1933] = $07        A:0000 X:0A02 Y:CA5C S:1FC0 D:192B DB:7F P:NvMxdizC V:111 H:84 
01826C $D0 $EC         BNE $01825A                     A:0000 X:0A02 Y:CA5C S:1FC0 D:192B DB:7F P:nvMxdizC V:111 H:96 
01825A $BF $20 $CA $04 LDA $04CA20,X [04D422] = $00    A:0000 X:0A02 Y:CA5C S:1FC0 D:192B DB:7F P:nvMxdizC V:111 H:101
01825E $E8             INX                             A:0000 X:0A02 Y:CA5C S:1FC0 D:192B DB:7F P:nvMxdiZC V:111 H:111
01825F $99 $00 $00     STA $0000,Y [7FCA5C] = $04      A:0000 X:0A03 Y:CA5C S:1FC0 D:192B DB:7F P:nvMxdizC V:111 H:115
018262 $C8             INY                             A:0000 X:0A03 Y:CA5C S:1FC0 D:192B DB:7F P:nvMxdizC V:111 H:124
018263 $A9 $00         LDA #$00                        A:0000 X:0A03 Y:CA5D S:1FC0 D:192B DB:7F P:NvMxdizC V:111 H:128
018265 $99 $00 $00     STA $0000,Y [7FCA5D] = $00      A:0000 X:0A03 Y:CA5D S:1FC0 D:192B DB:7F P:nvMxdiZC V:111 H:132
018268 $C8             INY                             A:0000 X:0A03 Y:CA5D S:1FC0 D:192B DB:7F P:nvMxdiZC V:111 H:151
018269 $CE $33 $19     DEC $1933 [7F1933] = $06        A:0000 X:0A03 Y:CA5E S:1FC0 D:192B DB:7F P:NvMxdizC V:111 H:155
01826C $D0 $EC         BNE $01825A                     A:0000 X:0A03 Y:CA5E S:1FC0 D:192B DB:7F P:nvMxdizC V:111 H:166
01825A $BF $20 $CA $04 LDA $04CA20,X [04D423] = $00    A:0000 X:0A03 Y:CA5E S:1FC0 D:192B DB:7F P:nvMxdizC V:111 H:172
01825E $E8             INX                             A:0000 X:0A03 Y:CA5E S:1FC0 D:192B DB:7F P:nvMxdiZC V:111 H:182
01825F $99 $00 $00     STA $0000,Y [7FCA5E] = $06      A:0000 X:0A04 Y:CA5E S:1FC0 D:192B DB:7F P:nvMxdizC V:111 H:185
018262 $C8             INY                             A:0000 X:0A04 Y:CA5E S:1FC0 D:192B DB:7F P:nvMxdizC V:111 H:195
018263 $A9 $00         LDA #$00                        A:0000 X:0A04 Y:CA5F S:1FC0 D:192B DB:7F P:NvMxdizC V:111 H:198
018265 $99 $00 $00     STA $0000,Y [7FCA5F] = $00      A:0000 X:0A04 Y:CA5F S:1FC0 D:192B DB:7F P:nvMxdiZC V:111 H:202
018268 $C8             INY                             A:0000 X:0A04 Y:CA5F S:1FC0 D:192B DB:7F P:nvMxdiZC V:111 H:212
018269 $CE $33 $19     DEC $1933 [7F1933] = $05        A:0000 X:0A04 Y:CA60 S:1FC0 D:192B DB:7F P:NvMxdizC V:111 H:215
01826C $D0 $EC         BNE $01825A                     A:0000 X:0A04 Y:CA60 S:1FC0 D:192B DB:7F P:nvMxdizC V:111 H:227
01825A $BF $20 $CA $04 LDA $04CA20,X [04D424] = $00    A:0000 X:0A04 Y:CA60 S:1FC0 D:192B DB:7F P:nvMxdizC V:111 H:232
01825E $E8             INX                             A:0000 X:0A04 Y:CA60 S:1FC0 D:192B DB:7F P:nvMxdiZC V:111 H:242
01825F $99 $00 $00     STA $0000,Y [7FCA60] = $0F      A:0000 X:0A05 Y:CA60 S:1FC0 D:192B DB:7F P:nvMxdizC V:111 H:246
018262 $C8             INY                             A:0000 X:0A05 Y:CA60 S:1FC0 D:192B DB:7F P:nvMxdizC V:111 H:255
018263 $A9 $00         LDA #$00                        A:0000 X:0A05 Y:CA61 S:1FC0 D:192B DB:7F P:NvMxdizC V:111 H:259
018265 $99 $00 $00     STA $0000,Y [7FCA61] = $00      A:0000 X:0A05 Y:CA61 S:1FC0 D:192B DB:7F P:nvMxdiZC V:111 H:263
018268 $C8             INY                             A:0000 X:0A05 Y:CA61 S:1FC0 D:192B DB:7F P:nvMxdiZC V:111 H:272
018269 $CE $33 $19     DEC $1933 [7F1933] = $04        A:0000 X:0A05 Y:CA62 S:1FC0 D:192B DB:7F P:NvMxdizC V:111 H:276
01826C $D0 $EC         BNE $01825A                     A:0000 X:0A05 Y:CA62 S:1FC0 D:192B DB:7F P:nvMxdizC V:111 H:299
01825A $BF $20 $CA $04 LDA $04CA20,X [04D425] = $00    A:0000 X:0A05 Y:CA62 S:1FC0 D:192B DB:7F P:nvMxdizC V:111 H:305
01825E $E8             INX                             A:0000 X:0A05 Y:CA62 S:1FC0 D:192B DB:7F P:nvMxdiZC V:111 H:315
01825F $99 $00 $00     STA $0000,Y [7FCA62] = $13      A:0000 X:0A06 Y:CA62 S:1FC0 D:192B DB:7F P:nvMxdizC V:111 H:318
018262 $C8             INY                             A:0000 X:0A06 Y:CA62 S:1FC0 D:192B DB:7F P:nvMxdizC V:111 H:327
018263 $A9 $00         LDA #$00                        A:0000 X:0A06 Y:CA63 S:1FC0 D:192B DB:7F P:NvMxdizC V:111 H:330
018265 $99 $00 $00     STA $0000,Y [7FCA63] = $00      A:0000 X:0A06 Y:CA63 S:1FC0 D:192B DB:7F P:nvMxdiZC V:111 H:334
018268 $C8             INY                             A:0000 X:0A06 Y:CA63 S:1FC0 D:192B DB:7F P:nvMxdiZC V:112 H:4  
018269 $CE $33 $19     DEC $1933 [7F1933] = $03        A:0000 X:0A06 Y:CA64 S:1FC0 D:192B DB:7F P:NvMxdizC V:112 H:7  
01826C $D0 $EC         BNE $01825A                     A:0000 X:0A06 Y:CA64 S:1FC0 D:192B DB:7F P:nvMxdizC V:112 H:19 
01825A $BF $20 $CA $04 LDA $04CA20,X [04D426] = $00    A:0000 X:0A06 Y:CA64 S:1FC0 D:192B DB:7F P:nvMxdizC V:112 H:24 
01825E $E8             INX                             A:0000 X:0A06 Y:CA64 S:1FC0 D:192B DB:7F P:nvMxdiZC V:112 H:34 
01825F $99 $00 $00     STA $0000,Y [7FCA64] = $22      A:0000 X:0A07 Y:CA64 S:1FC0 D:192B DB:7F P:nvMxdizC V:112 H:38 
018262 $C8             INY                             A:0000 X:0A07 Y:CA64 S:1FC0 D:192B DB:7F P:nvMxdizC V:112 H:47 
018263 $A9 $00         LDA #$00                        A:0000 X:0A07 Y:CA65 S:1FC0 D:192B DB:7F P:NvMxdizC V:112 H:51 
018265 $99 $00 $00     STA $0000,Y [7FCA65] = $00      A:0000 X:0A07 Y:CA65 S:1FC0 D:192B DB:7F P:nvMxdiZC V:112 H:55 
018268 $C8             INY                             A:0000 X:0A07 Y:CA65 S:1FC0 D:192B DB:7F P:nvMxdiZC V:112 H:64 
018269 $CE $33 $19     DEC $1933 [7F1933] = $02        A:0000 X:0A07 Y:CA66 S:1FC0 D:192B DB:7F P:NvMxdizC V:112 H:68 
01826C $D0 $EC         BNE $01825A                     A:0000 X:0A07 Y:CA66 S:1FC0 D:192B DB:7F P:nvMxdizC V:112 H:79 
01825A $BF $20 $CA $04 LDA $04CA20,X [04D427] = $00    A:0000 X:0A07 Y:CA66 S:1FC0 D:192B DB:7F P:nvMxdizC V:112 H:85 
01825E $E8             INX                             A:0000 X:0A07 Y:CA66 S:1FC0 D:192B DB:7F P:nvMxdiZC V:112 H:95 
01825F $99 $00 $00     STA $0000,Y [7FCA66] = $31      A:0000 X:0A08 Y:CA66 S:1FC0 D:192B DB:7F P:nvMxdizC V:112 H:98 
018262 $C8             INY                             A:0000 X:0A08 Y:CA66 S:1FC0 D:192B DB:7F P:nvMxdizC V:112 H:108
018263 $A9 $00         LDA #$00                        A:0000 X:0A08 Y:CA67 S:1FC0 D:192B DB:7F P:NvMxdizC V:112 H:111
018265 $99 $00 $00     STA $0000,Y [7FCA67] = $00      A:0000 X:0A08 Y:CA67 S:1FC0 D:192B DB:7F P:nvMxdiZC V:112 H:115
018268 $C8             INY                             A:0000 X:0A08 Y:CA67 S:1FC0 D:192B DB:7F P:nvMxdiZC V:112 H:125
018269 $CE $33 $19     DEC $1933 [7F1933] = $01        A:0000 X:0A08 Y:CA68 S:1FC0 D:192B DB:7F P:NvMxdizC V:112 H:128
01826C $D0 $EC         BNE $01825A                     A:0000 X:0A08 Y:CA68 S:1FC0 D:192B DB:7F P:nvMxdiZC V:112 H:150
01826E $28             PLP                             A:0000 X:0A08 Y:CA68 S:1FC0 D:192B DB:7F P:nvMxdiZC V:112 H:154
01826F $AB             PLB                             A:0000 X:0A08 Y:CA68 S:1FC1 D:192B DB:7F P:nvmxdizc V:112 H:161
018270 $60             RTS                             A:0000 X:0A08 Y:CA68 S:1FC2 D:192B DB:01 P:nvmxdizc V:112 H:168
018218 $A5 $00         LDA $00 [00192B] = $09F0        A:0000 X:0A08 Y:CA68 S:1FC4 D:192B DB:01 P:nvmxdizc V:112 H:178
01821A $18             CLC                             A:09F0 X:0A08 Y:CA68 S:1FC4 D:192B DB:01 P:nvmxdizc V:112 H:188
01821B $69 $18 $00     ADC #$0018                      A:09F0 X:0A08 Y:CA68 S:1FC4 D:192B DB:01 P:nvmxdizc V:112 H:191
01821E $85 $00         STA $00 [00192B] = $09F0        A:0A08 X:0A08 Y:CA68 S:1FC4 D:192B DB:01 P:nvmxdizc V:112 H:197
018220 $A5 $02         LDA $02 [00192D] = $CA48        A:0A08 X:0A08 Y:CA68 S:1FC4 D:192B DB:01 P:nvmxdizc V:112 H:207
018222 $18             CLC                             A:CA48 X:0A08 Y:CA68 S:1FC4 D:192B DB:01 P:Nvmxdizc V:112 H:216
018223 $69 $20 $00     ADC #$0020                      A:CA48 X:0A08 Y:CA68 S:1FC4 D:192B DB:01 P:Nvmxdizc V:112 H:220
018226 $85 $02         STA $02 [00192D] = $CA48        A:CA68 X:0A08 Y:CA68 S:1FC4 D:192B DB:01 P:Nvmxdizc V:112 H:226
018228 $C6 $06         DEC $06 [001931] = $0002        A:CA68 X:0A08 Y:CA68 S:1FC4 D:192B DB:01 P:Nvmxdizc V:112 H:235
01822A $D0 $E9         BNE $018215                     A:CA68 X:0A08 Y:CA68 S:1FC4 D:192B DB:01 P:nvmxdizc V:112 H:250
018215 $20 $2E $82     JSR $822E [01822E] = $088B      A:CA68 X:0A08 Y:CA68 S:1FC4 D:192B DB:01 P:nvmxdizc V:112 H:256
01822E $8B             PHB                             A:CA68 X:0A08 Y:CA68 S:1FC2 D:192B DB:01 P:nvmxdizc V:112 H:267
01822F $08             PHP                             A:CA68 X:0A08 Y:CA68 S:1FC1 D:192B DB:01 P:nvmxdizc V:112 H:273
018230 $C2 $30         REP #$30                        A:CA68 X:0A08 Y:CA68 S:1FC0 D:192B DB:01 P:nvmxdizc V:112 H:290
018232 $8B             PHB                             A:CA68 X:0A08 Y:CA68 S:1FC0 D:192B DB:01 P:nvmxdizc V:112 H:296
018233 $AD $2B $19     LDA $192B [01192B] = $0A08      A:CA68 X:0A08 Y:CA68 S:1FBF D:192B DB:01 P:nvmxdizc V:112 H:301
018236 $18             CLC                             A:0A08 X:0A08 Y:CA68 S:1FBF D:192B DB:01 P:nvmxdizc V:112 H:311
018237 $69 $20 $CA     ADC #$CA20                      A:0A08 X:0A08 Y:CA68 S:1FBF D:192B DB:01 P:nvmxdizc V:112 H:315
01823A $AA             TAX                             A:D428 X:0A08 Y:CA68 S:1FBF D:192B DB:01 P:Nvmxdizc V:112 H:321
01823B $AC $2D $19     LDY $192D [01192D] = $CA68      A:D428 X:D428 Y:CA68 S:1FBF D:192B DB:01 P:Nvmxdizc V:112 H:324
01823E $A9 $0F $00     LDA #$000F                      A:D428 X:D428 Y:CA68 S:1FBF D:192B DB:01 P:Nvmxdizc V:112 H:333
018241 $54 $7F $04     MVN $04 -> $7F                  A:000F X:D428 Y:CA68 S:1FBF D:192B DB:01 P:nvmxdizc V:112 H:339
018241 $54 $7F $04     MVN $04 -> $7F                  A:000E X:D429 Y:CA69 S:1FBF D:192B DB:7F P:nvmxdizc V:113 H:12 
018241 $54 $7F $04     MVN $04 -> $7F                  A:000D X:D42A Y:CA6A S:1FBF D:192B DB:7F P:nvmxdizc V:113 H:25 
018241 $54 $7F $04     MVN $04 -> $7F                  A:000C X:D42B Y:CA6B S:1FBF D:192B DB:7F P:nvmxdizc V:113 H:38 
018241 $54 $7F $04     MVN $04 -> $7F                  A:000B X:D42C Y:CA6C S:1FBF D:192B DB:7F P:nvmxdizc V:113 H:51 
018241 $54 $7F $04     MVN $04 -> $7F                  A:000A X:D42D Y:CA6D S:1FBF D:192B DB:7F P:nvmxdizc V:113 H:64 
018241 $54 $7F $04     MVN $04 -> $7F                  A:0009 X:D42E Y:CA6E S:1FBF D:192B DB:7F P:nvmxdizc V:113 H:77 
018241 $54 $7F $04     MVN $04 -> $7F                  A:0008 X:D42F Y:CA6F S:1FBF D:192B DB:7F P:nvmxdizc V:113 H:90 
018241 $54 $7F $04     MVN $04 -> $7F                  A:0007 X:D430 Y:CA70 S:1FBF D:192B DB:7F P:nvmxdizc V:113 H:103
018241 $54 $7F $04     MVN $04 -> $7F                  A:0006 X:D431 Y:CA71 S:1FBF D:192B DB:7F P:nvmxdizc V:113 H:116
018241 $54 $7F $04     MVN $04 -> $7F                  A:0005 X:D432 Y:CA72 S:1FBF D:192B DB:7F P:nvmxdizc V:113 H:129
018241 $54 $7F $04     MVN $04 -> $7F                  A:0004 X:D433 Y:CA73 S:1FBF D:192B DB:7F P:nvmxdizc V:113 H:152
018241 $54 $7F $04     MVN $04 -> $7F                  A:0003 X:D434 Y:CA74 S:1FBF D:192B DB:7F P:nvmxdizc V:113 H:165
018241 $54 $7F $04     MVN $04 -> $7F                  A:0002 X:D435 Y:CA75 S:1FBF D:192B DB:7F P:nvmxdizc V:113 H:178
018241 $54 $7F $04     MVN $04 -> $7F                  A:0001 X:D436 Y:CA76 S:1FBF D:192B DB:7F P:nvmxdizc V:113 H:191
018241 $54 $7F $04     MVN $04 -> $7F                  A:0000 X:D437 Y:CA77 S:1FBF D:192B DB:7F P:nvmxdizc V:113 H:204
018244 $AB             PLB                             A:FFFF X:D438 Y:CA78 S:1FBF D:192B DB:7F P:nvmxdizc V:113 H:217
018245 $8A             TXA                             A:FFFF X:D438 Y:CA78 S:1FC0 D:192B DB:01 P:nvmxdizc V:113 H:224
018246 $38             SEC                             A:D438 X:D438 Y:CA78 S:1FC0 D:192B DB:01 P:Nvmxdizc V:113 H:228
018247 $E9 $20 $CA     SBC #$CA20                      A:D438 X:D438 Y:CA78 S:1FC0 D:192B DB:01 P:NvmxdizC V:113 H:231
01824A $AA             TAX                             A:0A18 X:D438 Y:CA78 S:1FC0 D:192B DB:01 P:nvmxdizC V:113 H:237
01824B $E2 $20         SEP #$20                        A:0A18 X:0A18 Y:CA78 S:1FC0 D:192B DB:01 P:nvmxdizC V:113 H:241
01824D $C2 $10         REP #$10                        A:0A18 X:0A18 Y:CA78 S:1FC0 D:192B DB:01 P:nvMxdizC V:113 H:246
01824F $F4 $7F $00     PEA #$007F                      A:0A18 X:0A18 Y:CA78 S:1FC0 D:192B DB:01 P:nvMxdizC V:113 H:252
018252 $AB             PLB                             A:0A18 X:0A18 Y:CA78 S:1FBE D:192B DB:01 P:nvMxdizC V:113 H:262
018253 $68             PLA                             A:0A18 X:0A18 Y:CA78 S:1FBF D:192B DB:7F P:nvMxdizC V:113 H:269
018254 $EB             XBA                             A:0A00 X:0A18 Y:CA78 S:1FC0 D:192B DB:7F P:nvMxdiZC V:113 H:276
018255 $A9 $08         LDA #$08                        A:000A X:0A18 Y:CA78 S:1FC0 D:192B DB:7F P:nvMxdizC V:113 H:293
018257 $8D $33 $19     STA $1933 [7F1933] = $00        A:0008 X:0A18 Y:CA78 S:1FC0 D:192B DB:7F P:nvMxdizC V:113 H:297
01825A $BF $20 $CA $04 LDA $04CA20,X [04D438] = $00    A:0008 X:0A18 Y:CA78 S:1FC0 D:192B DB:7F P:nvMxdizC V:113 H:305
01825E $E8             INX                             A:0000 X:0A18 Y:CA78 S:1FC0 D:192B DB:7F P:nvMxdiZC V:113 H:315
01825F $99 $00 $00     STA $0000,Y [7FCA78] = $00      A:0000 X:0A19 Y:CA78 S:1FC0 D:192B DB:7F P:nvMxdizC V:113 H:318
018262 $C8             INY                             A:0000 X:0A19 Y:CA78 S:1FC0 D:192B DB:7F P:nvMxdizC V:113 H:327
018263 $A9 $00         LDA #$00                        A:0000 X:0A19 Y:CA79 S:1FC0 D:192B DB:7F P:NvMxdizC V:113 H:330
018265 $99 $00 $00     STA $0000,Y [7FCA79] = $00      A:0000 X:0A19 Y:CA79 S:1FC0 D:192B DB:7F P:nvMxdiZC V:113 H:334
018268 $C8             INY                             A:0000 X:0A19 Y:CA79 S:1FC0 D:192B DB:7F P:nvMxdiZC V:114 H:4  
018269 $CE $33 $19     DEC $1933 [7F1933] = $08        A:0000 X:0A19 Y:CA7A S:1FC0 D:192B DB:7F P:NvMxdizC V:114 H:7  
01826C $D0 $EC         BNE $01825A                     A:0000 X:0A19 Y:CA7A S:1FC0 D:192B DB:7F P:nvMxdizC V:114 H:19 
01825A $BF $20 $CA $04 LDA $04CA20,X [04D439] = $00    A:0000 X:0A19 Y:CA7A S:1FC0 D:192B DB:7F P:nvMxdizC V:114 H:24 
01825E $E8             INX                             A:0000 X:0A19 Y:CA7A S:1FC0 D:192B DB:7F P:nvMxdiZC V:114 H:34 
01825F $99 $00 $00     STA $0000,Y [7FCA7A] = $02      A:0000 X:0A1A Y:CA7A S:1FC0 D:192B DB:7F P:nvMxdizC V:114 H:38 
018262 $C8             INY                             A:0000 X:0A1A Y:CA7A S:1FC0 D:192B DB:7F P:nvMxdizC V:114 H:47 
018263 $A9 $00         LDA #$00                        A:0000 X:0A1A Y:CA7B S:1FC0 D:192B DB:7F P:NvMxdizC V:114 H:51 
018265 $99 $00 $00     STA $0000,Y [7FCA7B] = $00      A:0000 X:0A1A Y:CA7B S:1FC0 D:192B DB:7F P:nvMxdiZC V:114 H:55 
018268 $C8             INY                             A:0000 X:0A1A Y:CA7B S:1FC0 D:192B DB:7F P:nvMxdiZC V:114 H:64 
018269 $CE $33 $19     DEC $1933 [7F1933] = $07        A:0000 X:0A1A Y:CA7C S:1FC0 D:192B DB:7F P:NvMxdizC V:114 H:68 
01826C $D0 $EC         BNE $01825A                     A:0000 X:0A1A Y:CA7C S:1FC0 D:192B DB:7F P:nvMxdizC V:114 H:79 
01825A $BF $20 $CA $04 LDA $04CA20,X [04D43A] = $00    A:0000 X:0A1A Y:CA7C S:1FC0 D:192B DB:7F P:nvMxdizC V:114 H:85 
01825E $E8             INX                             A:0000 X:0A1A Y:CA7C S:1FC0 D:192B DB:7F P:nvMxdiZC V:114 H:95 
01825F $99 $00 $00     STA $0000,Y [7FCA7C] = $00      A:0000 X:0A1B Y:CA7C S:1FC0 D:192B DB:7F P:nvMxdizC V:114 H:98 
018262 $C8             INY                             A:0000 X:0A1B Y:CA7C S:1FC0 D:192B DB:7F P:nvMxdizC V:114 H:108
018263 $A9 $00         LDA #$00                        A:0000 X:0A1B Y:CA7D S:1FC0 D:192B DB:7F P:NvMxdizC V:114 H:111
018265 $99 $00 $00     STA $0000,Y [7FCA7D] = $00      A:0000 X:0A1B Y:CA7D S:1FC0 D:192B DB:7F P:nvMxdiZC V:114 H:115
018268 $C8             INY                             A:0000 X:0A1B Y:CA7D S:1FC0 D:192B DB:7F P:nvMxdiZC V:114 H:125
018269 $CE $33 $19     DEC $1933 [7F1933] = $06        A:0000 X:0A1B Y:CA7E S:1FC0 D:192B DB:7F P:NvMxdizC V:114 H:128
01826C $D0 $EC         BNE $01825A                     A:0000 X:0A1B Y:CA7E S:1FC0 D:192B DB:7F P:nvMxdizC V:114 H:150
01825A $BF $20 $CA $04 LDA $04CA20,X [04D43B] = $00    A:0000 X:0A1B Y:CA7E S:1FC0 D:192B DB:7F P:nvMxdizC V:114 H:155
01825E $E8             INX                             A:0000 X:0A1B Y:CA7E S:1FC0 D:192B DB:7F P:nvMxdiZC V:114 H:165
01825F $99 $00 $00     STA $0000,Y [7FCA7E] = $00      A:0000 X:0A1C Y:CA7E S:1FC0 D:192B DB:7F P:nvMxdizC V:114 H:169
018262 $C8             INY                             A:0000 X:0A1C Y:CA7E S:1FC0 D:192B DB:7F P:nvMxdizC V:114 H:178
018263 $A9 $00         LDA #$00                        A:0000 X:0A1C Y:CA7F S:1FC0 D:192B DB:7F P:NvMxdizC V:114 H:182
018265 $99 $00 $00     STA $0000,Y [7FCA7F] = $00      A:0000 X:0A1C Y:CA7F S:1FC0 D:192B DB:7F P:nvMxdiZC V:114 H:186
018268 $C8             INY                             A:0000 X:0A1C Y:CA7F S:1FC0 D:192B DB:7F P:nvMxdiZC V:114 H:195
018269 $CE $33 $19     DEC $1933 [7F1933] = $05        A:0000 X:0A1C Y:CA80 S:1FC0 D:192B DB:7F P:NvMxdizC V:114 H:199
01826C $D0 $EC         BNE $01825A                     A:0000 X:0A1C Y:CA80 S:1FC0 D:192B DB:7F P:nvMxdizC V:114 H:210
01825A $BF $20 $CA $04 LDA $04CA20,X [04D43C] = $00    A:0000 X:0A1C Y:CA80 S:1FC0 D:192B DB:7F P:nvMxdizC V:114 H:216
01825E $E8             INX                             A:0000 X:0A1C Y:CA80 S:1FC0 D:192B DB:7F P:nvMxdiZC V:114 H:226
01825F $99 $00 $00     STA $0000,Y [7FCA80] = $10      A:0000 X:0A1D Y:CA80 S:1FC0 D:192B DB:7F P:nvMxdizC V:114 H:229
018262 $C8             INY                             A:0000 X:0A1D Y:CA80 S:1FC0 D:192B DB:7F P:nvMxdizC V:114 H:239
018263 $A9 $00         LDA #$00                        A:0000 X:0A1D Y:CA81 S:1FC0 D:192B DB:7F P:NvMxdizC V:114 H:242
018265 $99 $00 $00     STA $0000,Y [7FCA81] = $00      A:0000 X:0A1D Y:CA81 S:1FC0 D:192B DB:7F P:nvMxdiZC V:114 H:246
018268 $C8             INY                             A:0000 X:0A1D Y:CA81 S:1FC0 D:192B DB:7F P:nvMxdiZC V:114 H:256
018269 $CE $33 $19     DEC $1933 [7F1933] = $04        A:0000 X:0A1D Y:CA82 S:1FC0 D:192B DB:7F P:NvMxdizC V:114 H:259
01826C $D0 $EC         BNE $01825A                     A:0000 X:0A1D Y:CA82 S:1FC0 D:192B DB:7F P:nvMxdizC V:114 H:271
01825A $BF $20 $CA $04 LDA $04CA20,X [04D43D] = $00    A:0000 X:0A1D Y:CA82 S:1FC0 D:192B DB:7F P:nvMxdizC V:114 H:276
01825E $E8             INX                             A:0000 X:0A1D Y:CA82 S:1FC0 D:192B DB:7F P:nvMxdiZC V:114 H:298
01825F $99 $00 $00     STA $0000,Y [7FCA82] = $84      A:0000 X:0A1E Y:CA82 S:1FC0 D:192B DB:7F P:nvMxdizC V:114 H:302
018262 $C8             INY                             A:0000 X:0A1E Y:CA82 S:1FC0 D:192B DB:7F P:nvMxdizC V:114 H:311
018263 $A9 $00         LDA #$00                        A:0000 X:0A1E Y:CA83 S:1FC0 D:192B DB:7F P:NvMxdizC V:114 H:315
018265 $99 $00 $00     STA $0000,Y [7FCA83] = $00      A:0000 X:0A1E Y:CA83 S:1FC0 D:192B DB:7F P:nvMxdiZC V:114 H:319
018268 $C8             INY                             A:0000 X:0A1E Y:CA83 S:1FC0 D:192B DB:7F P:nvMxdiZC V:114 H:327
018269 $CE $33 $19     DEC $1933 [7F1933] = $03        A:0000 X:0A1E Y:CA84 S:1FC0 D:192B DB:7F P:NvMxdizC V:114 H:331
01826C $D0 $EC         BNE $01825A                     A:0000 X:0A1E Y:CA84 S:1FC0 D:192B DB:7F P:nvMxdizC V:115 H:2  
01825A $BF $20 $CA $04 LDA $04CA20,X [04D43E] = $00    A:0000 X:0A1E Y:CA84 S:1FC0 D:192B DB:7F P:nvMxdizC V:115 H:8  
01825E $E8             INX                             A:0000 X:0A1E Y:CA84 S:1FC0 D:192B DB:7F P:nvMxdiZC V:115 H:18 
01825F $99 $00 $00     STA $0000,Y [7FCA84] = $4C      A:0000 X:0A1F Y:CA84 S:1FC0 D:192B DB:7F P:nvMxdizC V:115 H:21 
018262 $C8             INY                             A:0000 X:0A1F Y:CA84 S:1FC0 D:192B DB:7F P:nvMxdizC V:115 H:31 
018263 $A9 $00         LDA #$00                        A:0000 X:0A1F Y:CA85 S:1FC0 D:192B DB:7F P:NvMxdizC V:115 H:34 
018265 $99 $00 $00     STA $0000,Y [7FCA85] = $00      A:0000 X:0A1F Y:CA85 S:1FC0 D:192B DB:7F P:nvMxdiZC V:115 H:38 
018268 $C8             INY                             A:0000 X:0A1F Y:CA85 S:1FC0 D:192B DB:7F P:nvMxdiZC V:115 H:48 
018269 $CE $33 $19     DEC $1933 [7F1933] = $02        A:0000 X:0A1F Y:CA86 S:1FC0 D:192B DB:7F P:NvMxdizC V:115 H:51 
01826C $D0 $EC         BNE $01825A                     A:0000 X:0A1F Y:CA86 S:1FC0 D:192B DB:7F P:nvMxdizC V:115 H:63 
01825A $BF $20 $CA $04 LDA $04CA20,X [04D43F] = $00    A:0000 X:0A1F Y:CA86 S:1FC0 D:192B DB:7F P:nvMxdizC V:115 H:68 
01825E $E8             INX                             A:0000 X:0A1F Y:CA86 S:1FC0 D:192B DB:7F P:nvMxdiZC V:115 H:78 
01825F $99 $00 $00     STA $0000,Y [7FCA86] = $9D      A:0000 X:0A20 Y:CA86 S:1FC0 D:192B DB:7F P:nvMxdizC V:115 H:82 
018262 $C8             INY                             A:0000 X:0A20 Y:CA86 S:1FC0 D:192B DB:7F P:nvMxdizC V:115 H:91 
018263 $A9 $00         LDA #$00                        A:0000 X:0A20 Y:CA87 S:1FC0 D:192B DB:7F P:NvMxdizC V:115 H:95 
018265 $99 $00 $00     STA $0000,Y [7FCA87] = $00      A:0000 X:0A20 Y:CA87 S:1FC0 D:192B DB:7F P:nvMxdiZC V:115 H:99 
018268 $C8             INY                             A:0000 X:0A20 Y:CA87 S:1FC0 D:192B DB:7F P:nvMxdiZC V:115 H:108
018269 $CE $33 $19     DEC $1933 [7F1933] = $01        A:0000 X:0A20 Y:CA88 S:1FC0 D:192B DB:7F P:NvMxdizC V:115 H:112
01826C $D0 $EC         BNE $01825A                     A:0000 X:0A20 Y:CA88 S:1FC0 D:192B DB:7F P:nvMxdiZC V:115 H:123
01826E $28             PLP                             A:0000 X:0A20 Y:CA88 S:1FC0 D:192B DB:7F P:nvMxdiZC V:115 H:127
01826F $AB             PLB                             A:0000 X:0A20 Y:CA88 S:1FC1 D:192B DB:7F P:nvmxdizc V:115 H:144
018270 $60             RTS                             A:0000 X:0A20 Y:CA88 S:1FC2 D:192B DB:01 P:nvmxdizc V:115 H:151
018218 $A5 $00         LDA $00 [00192B] = $0A08        A:0000 X:0A20 Y:CA88 S:1FC4 D:192B DB:01 P:nvmxdizc V:115 H:162
01821A $18             CLC                             A:0A08 X:0A20 Y:CA88 S:1FC4 D:192B DB:01 P:nvmxdizc V:115 H:171
01821B $69 $18 $00     ADC #$0018                      A:0A08 X:0A20 Y:CA88 S:1FC4 D:192B DB:01 P:nvmxdizc V:115 H:175
01821E $85 $00         STA $00 [00192B] = $0A08        A:0A20 X:0A20 Y:CA88 S:1FC4 D:192B DB:01 P:nvmxdizc V:115 H:181
018220 $A5 $02         LDA $02 [00192D] = $CA68        A:0A20 X:0A20 Y:CA88 S:1FC4 D:192B DB:01 P:nvmxdizc V:115 H:190
018222 $18             CLC                             A:CA68 X:0A20 Y:CA88 S:1FC4 D:192B DB:01 P:Nvmxdizc V:115 H:200
018223 $69 $20 $00     ADC #$0020                      A:CA68 X:0A20 Y:CA88 S:1FC4 D:192B DB:01 P:Nvmxdizc V:115 H:203
018226 $85 $02         STA $02 [00192D] = $CA68        A:CA88 X:0A20 Y:CA88 S:1FC4 D:192B DB:01 P:Nvmxdizc V:115 H:209
018228 $C6 $06         DEC $06 [001931] = $0001        A:CA88 X:0A20 Y:CA88 S:1FC4 D:192B DB:01 P:Nvmxdizc V:115 H:219
01822A $D0 $E9         BNE $018215                     A:CA88 X:0A20 Y:CA88 S:1FC4 D:192B DB:01 P:nvmxdiZc V:115 H:234
01822C $28             PLP                             A:CA88 X:0A20 Y:CA88 S:1FC4 D:192B DB:01 P:nvmxdiZc V:115 H:238
01822D $60             RTS                             A:CA88 X:0A20 Y:CA88 S:1FC5 D:192B DB:01 P:nvMxdizc V:115 H:245
0181FA $A2 $80 $0A     LDX #$0A80                      A:CA88 X:0A20 Y:CA88 S:1FC7 D:192B DB:01 P:nvMxdizc V:115 H:255
0181FD $A0 $48 $CA     LDY #$CA48                      A:CA88 X:0A80 Y:CA88 S:1FC7 D:192B DB:01 P:nvMxdizc V:115 H:261
018200 $A9 $1C         LDA #$1C                        A:CA88 X:0A80 Y:CA48 S:1FC7 D:192B DB:01 P:NvMxdizc V:115 H:267
018202 $20 $07 $82     JSR $8207 [018207] = $08        A:CA1C X:0A80 Y:CA48 S:1FC7 D:192B DB:01 P:nvMxdizc V:115 H:271
018207 $08             PHP                             A:CA1C X:0A80 Y:CA48 S:1FC5 D:192B DB:01 P:nvMxdizc V:115 H:295
018208 $C2 $30         REP #$30                        A:CA1C X:0A80 Y:CA48 S:1FC4 D:192B DB:01 P:nvMxdizc V:115 H:300
01820A $86 $00         STX $00 [00192B] = $0A20        A:CA1C X:0A80 Y:CA48 S:1FC4 D:192B DB:01 P:nvmxdizc V:115 H:306
01820C $84 $02         STY $02 [00192D] = $CA88        A:CA1C X:0A80 Y:CA48 S:1FC4 D:192B DB:01 P:nvmxdizc V:115 H:315
01820E $29 $FF $00     AND #$00FF                      A:CA1C X:0A80 Y:CA48 S:1FC4 D:192B DB:01 P:nvmxdizc V:115 H:324
018211 $85 $04         STA $04 [00192F] = $000C        A:001C X:0A80 Y:CA48 S:1FC4 D:192B DB:01 P:nvmxdizc V:115 H:330
018213 $85 $06         STA $06 [001931] = $0000        A:001C X:0A80 Y:CA48 S:1FC4 D:192B DB:01 P:nvmxdizc V:115 H:339
018215 $20 $2E $82     JSR $822E [01822E] = $088B      A:001C X:0A80 Y:CA48 S:1FC4 D:192B DB:01 P:nvmxdizc V:116 H:9  
01822E $8B             PHB                             A:001C X:0A80 Y:CA48 S:1FC2 D:192B DB:01 P:nvmxdizc V:116 H:20 
01822F $08             PHP                             A:001C X:0A80 Y:CA48 S:1FC1 D:192B DB:01 P:nvmxdizc V:116 H:26 
018230 $C2 $30         REP #$30                        A:001C X:0A80 Y:CA48 S:1FC0 D:192B DB:01 P:nvmxdizc V:116 H:31 
018232 $8B             PHB                             A:001C X:0A80 Y:CA48 S:1FC0 D:192B DB:01 P:nvmxdizc V:116 H:37 
018233 $AD $2B $19     LDA $192B [01192B] = $0A80      A:001C X:0A80 Y:CA48 S:1FBF D:192B DB:01 P:nvmxdizc V:116 H:42 
018236 $18             CLC                             A:0A80 X:0A80 Y:CA48 S:1FBF D:192B DB:01 P:nvmxdizc V:116 H:52 
018237 $69 $20 $CA     ADC #$CA20                      A:0A80 X:0A80 Y:CA48 S:1FBF D:192B DB:01 P:nvmxdizc V:116 H:56 
01823A $AA             TAX                             A:D4A0 X:0A80 Y:CA48 S:1FBF D:192B DB:01 P:Nvmxdizc V:116 H:62 
01823B $AC $2D $19     LDY $192D [01192D] = $CA48      A:D4A0 X:D4A0 Y:CA48 S:1FBF D:192B DB:01 P:Nvmxdizc V:116 H:65 
01823E $A9 $0F $00     LDA #$000F                      A:D4A0 X:D4A0 Y:CA48 S:1FBF D:192B DB:01 P:Nvmxdizc V:116 H:75 
018241 $54 $7F $04     MVN $04 -> $7F                  A:000F X:D4A0 Y:CA48 S:1FBF D:192B DB:01 P:nvmxdizc V:116 H:81 
018241 $54 $7F $04     MVN $04 -> $7F                  A:000E X:D4A1 Y:CA49 S:1FBF D:192B DB:7F P:nvmxdizc V:116 H:94 
018241 $54 $7F $04     MVN $04 -> $7F                  A:000D X:D4A2 Y:CA4A S:1FBF D:192B DB:7F P:nvmxdizc V:116 H:107
018241 $54 $7F $04     MVN $04 -> $7F                  A:000C X:D4A3 Y:CA4B S:1FBF D:192B DB:7F P:nvmxdizc V:116 H:120
018241 $54 $7F $04     MVN $04 -> $7F                  A:000B X:D4A4 Y:CA4C S:1FBF D:192B DB:7F P:nvmxdizc V:116 H:143
018241 $54 $7F $04     MVN $04 -> $7F                  A:000A X:D4A5 Y:CA4D S:1FBF D:192B DB:7F P:nvmxdizc V:116 H:156
018241 $54 $7F $04     MVN $04 -> $7F                  A:0009 X:D4A6 Y:CA4E S:1FBF D:192B DB:7F P:nvmxdizc V:116 H:169
018241 $54 $7F $04     MVN $04 -> $7F                  A:0008 X:D4A7 Y:CA4F S:1FBF D:192B DB:7F P:nvmxdizc V:116 H:182
018241 $54 $7F $04     MVN $04 -> $7F                  A:0007 X:D4A8 Y:CA50 S:1FBF D:192B DB:7F P:nvmxdizc V:116 H:195
018241 $54 $7F $04     MVN $04 -> $7F                  A:0006 X:D4A9 Y:CA51 S:1FBF D:192B DB:7F P:nvmxdizc V:116 H:208
018241 $54 $7F $04     MVN $04 -> $7F                  A:0005 X:D4AA Y:CA52 S:1FBF D:192B DB:7F P:nvmxdizc V:116 H:221
018241 $54 $7F $04     MVN $04 -> $7F                  A:0004 X:D4AB Y:CA53 S:1FBF D:192B DB:7F P:nvmxdizc V:116 H:234
018241 $54 $7F $04     MVN $04 -> $7F                  A:0003 X:D4AC Y:CA54 S:1FBF D:192B DB:7F P:nvmxdizc V:116 H:247
018241 $54 $7F $04     MVN $04 -> $7F                  A:0002 X:D4AD Y:CA55 S:1FBF D:192B DB:7F P:nvmxdizc V:116 H:260
018241 $54 $7F $04     MVN $04 -> $7F                  A:0001 X:D4AE Y:CA56 S:1FBF D:192B DB:7F P:nvmxdizc V:116 H:273
018241 $54 $7F $04     MVN $04 -> $7F                  A:0000 X:D4AF Y:CA57 S:1FBF D:192B DB:7F P:nvmxdizc V:116 H:298
018244 $AB             PLB                             A:FFFF X:D4B0 Y:CA58 S:1FBF D:192B DB:7F P:nvmxdizc V:116 H:311
018245 $8A             TXA                             A:FFFF X:D4B0 Y:CA58 S:1FC0 D:192B DB:01 P:nvmxdizc V:116 H:318
018246 $38             SEC                             A:D4B0 X:D4B0 Y:CA58 S:1FC0 D:192B DB:01 P:Nvmxdizc V:116 H:322
018247 $E9 $20 $CA     SBC #$CA20                      A:D4B0 X:D4B0 Y:CA58 S:1FC0 D:192B DB:01 P:NvmxdizC V:116 H:325
01824A $AA             TAX                             A:0A90 X:D4B0 Y:CA58 S:1FC0 D:192B DB:01 P:nvmxdizC V:116 H:330
01824B $E2 $20         SEP #$20                        A:0A90 X:0A90 Y:CA58 S:1FC0 D:192B DB:01 P:nvmxdizC V:116 H:334
01824D $C2 $10         REP #$10                        A:0A90 X:0A90 Y:CA58 S:1FC0 D:192B DB:01 P:nvMxdizC V:116 H:339
01824F $F4 $7F $00     PEA #$007F                      A:0A90 X:0A90 Y:CA58 S:1FC0 D:192B DB:01 P:nvMxdizC V:117 H:5  
018252 $AB             PLB                             A:0A90 X:0A90 Y:CA58 S:1FBE D:192B DB:01 P:nvMxdizC V:117 H:15 
018253 $68             PLA                             A:0A90 X:0A90 Y:CA58 S:1FBF D:192B DB:7F P:nvMxdizC V:117 H:22 
018254 $EB             XBA                             A:0A00 X:0A90 Y:CA58 S:1FC0 D:192B DB:7F P:nvMxdiZC V:117 H:29 
018255 $A9 $08         LDA #$08                        A:000A X:0A90 Y:CA58 S:1FC0 D:192B DB:7F P:nvMxdizC V:117 H:34 
018257 $8D $33 $19     STA $1933 [7F1933] = $00        A:0008 X:0A90 Y:CA58 S:1FC0 D:192B DB:7F P:nvMxdizC V:117 H:38 
01825A $BF $20 $CA $04 LDA $04CA20,X [04D4B0] = $00    A:0008 X:0A90 Y:CA58 S:1FC0 D:192B DB:7F P:nvMxdizC V:117 H:46 
01825E $E8             INX                             A:0000 X:0A90 Y:CA58 S:1FC0 D:192B DB:7F P:nvMxdiZC V:117 H:56 
01825F $99 $00 $00     STA $0000,Y [7FCA58] = $00      A:0000 X:0A91 Y:CA58 S:1FC0 D:192B DB:7F P:nvMxdizC V:117 H:59 
018262 $C8             INY                             A:0000 X:0A91 Y:CA58 S:1FC0 D:192B DB:7F P:nvMxdizC V:117 H:69 
018263 $A9 $00         LDA #$00                        A:0000 X:0A91 Y:CA59 S:1FC0 D:192B DB:7F P:NvMxdizC V:117 H:72 
018265 $99 $00 $00     STA $0000,Y [7FCA59] = $00      A:0000 X:0A91 Y:CA59 S:1FC0 D:192B DB:7F P:nvMxdiZC V:117 H:76 
018268 $C8             INY                             A:0000 X:0A91 Y:CA59 S:1FC0 D:192B DB:7F P:nvMxdiZC V:117 H:86 
018269 $CE $33 $19     DEC $1933 [7F1933] = $08        A:0000 X:0A91 Y:CA5A S:1FC0 D:192B DB:7F P:NvMxdizC V:117 H:89 
01826C $D0 $EC         BNE $01825A                     A:0000 X:0A91 Y:CA5A S:1FC0 D:192B DB:7F P:nvMxdizC V:117 H:101
01825A $BF $20 $CA $04 LDA $04CA20,X [04D4B1] = $48    A:0000 X:0A91 Y:CA5A S:1FC0 D:192B DB:7F P:nvMxdizC V:117 H:106
01825E $E8             INX                             A:0048 X:0A91 Y:CA5A S:1FC0 D:192B DB:7F P:nvMxdizC V:117 H:116
01825F $99 $00 $00     STA $0000,Y [7FCA5A] = $00      A:0048 X:0A92 Y:CA5A S:1FC0 D:192B DB:7F P:nvMxdizC V:117 H:120
018262 $C8             INY                             A:0048 X:0A92 Y:CA5A S:1FC0 D:192B DB:7F P:nvMxdizC V:117 H:129
018263 $A9 $00         LDA #$00                        A:0048 X:0A92 Y:CA5B S:1FC0 D:192B DB:7F P:NvMxdizC V:117 H:133
018265 $99 $00 $00     STA $0000,Y [7FCA5B] = $00      A:0000 X:0A92 Y:CA5B S:1FC0 D:192B DB:7F P:nvMxdiZC V:117 H:147
018268 $C8             INY                             A:0000 X:0A92 Y:CA5B S:1FC0 D:192B DB:7F P:nvMxdiZC V:117 H:156
018269 $CE $33 $19     DEC $1933 [7F1933] = $07        A:0000 X:0A92 Y:CA5C S:1FC0 D:192B DB:7F P:NvMxdizC V:117 H:160
01826C $D0 $EC         BNE $01825A                     A:0000 X:0A92 Y:CA5C S:1FC0 D:192B DB:7F P:nvMxdizC V:117 H:171
01825A $BF $20 $CA $04 LDA $04CA20,X [04D4B2] = $04    A:0000 X:0A92 Y:CA5C S:1FC0 D:192B DB:7F P:nvMxdizC V:117 H:177
01825E $E8             INX                             A:0004 X:0A92 Y:CA5C S:1FC0 D:192B DB:7F P:nvMxdizC V:117 H:187
01825F $99 $00 $00     STA $0000,Y [7FCA5C] = $00      A:0004 X:0A93 Y:CA5C S:1FC0 D:192B DB:7F P:nvMxdizC V:117 H:190
018262 $C8             INY                             A:0004 X:0A93 Y:CA5C S:1FC0 D:192B DB:7F P:nvMxdizC V:117 H:200
018263 $A9 $00         LDA #$00                        A:0004 X:0A93 Y:CA5D S:1FC0 D:192B DB:7F P:NvMxdizC V:117 H:203
018265 $99 $00 $00     STA $0000,Y [7FCA5D] = $00      A:0000 X:0A93 Y:CA5D S:1FC0 D:192B DB:7F P:nvMxdiZC V:117 H:207
018268 $C8             INY                             A:0000 X:0A93 Y:CA5D S:1FC0 D:192B DB:7F P:nvMxdiZC V:117 H:217
018269 $CE $33 $19     DEC $1933 [7F1933] = $06        A:0000 X:0A93 Y:CA5E S:1FC0 D:192B DB:7F P:NvMxdizC V:117 H:220
01826C $D0 $EC         BNE $01825A                     A:0000 X:0A93 Y:CA5E S:1FC0 D:192B DB:7F P:nvMxdizC V:117 H:232
01825A $BF $20 $CA $04 LDA $04CA20,X [04D4B3] = $06    A:0000 X:0A93 Y:CA5E S:1FC0 D:192B DB:7F P:nvMxdizC V:117 H:237
01825E $E8             INX                             A:0006 X:0A93 Y:CA5E S:1FC0 D:192B DB:7F P:nvMxdizC V:117 H:247
01825F $99 $00 $00     STA $0000,Y [7FCA5E] = $00      A:0006 X:0A94 Y:CA5E S:1FC0 D:192B DB:7F P:nvMxdizC V:117 H:251
018262 $C8             INY                             A:0006 X:0A94 Y:CA5E S:1FC0 D:192B DB:7F P:nvMxdizC V:117 H:260
018263 $A9 $00         LDA #$00                        A:0006 X:0A94 Y:CA5F S:1FC0 D:192B DB:7F P:NvMxdizC V:117 H:264
018265 $99 $00 $00     STA $0000,Y [7FCA5F] = $00      A:0000 X:0A94 Y:CA5F S:1FC0 D:192B DB:7F P:nvMxdiZC V:117 H:268
018268 $C8             INY                             A:0000 X:0A94 Y:CA5F S:1FC0 D:192B DB:7F P:nvMxdiZC V:117 H:289
018269 $CE $33 $19     DEC $1933 [7F1933] = $05        A:0000 X:0A94 Y:CA60 S:1FC0 D:192B DB:7F P:NvMxdizC V:117 H:293
01826C $D0 $EC         BNE $01825A                     A:0000 X:0A94 Y:CA60 S:1FC0 D:192B DB:7F P:nvMxdizC V:117 H:304
01825A $BF $20 $CA $04 LDA $04CA20,X [04D4B4] = $0F    A:0000 X:0A94 Y:CA60 S:1FC0 D:192B DB:7F P:nvMxdizC V:117 H:310
01825E $E8             INX                             A:000F X:0A94 Y:CA60 S:1FC0 D:192B DB:7F P:nvMxdizC V:117 H:320
01825F $99 $00 $00     STA $0000,Y [7FCA60] = $00      A:000F X:0A95 Y:CA60 S:1FC0 D:192B DB:7F P:nvMxdizC V:117 H:323
018262 $C8             INY                             A:000F X:0A95 Y:CA60 S:1FC0 D:192B DB:7F P:nvMxdizC V:117 H:332
018263 $A9 $00         LDA #$00                        A:000F X:0A95 Y:CA61 S:1FC0 D:192B DB:7F P:NvMxdizC V:117 H:335
018265 $99 $00 $00     STA $0000,Y [7FCA61] = $00      A:0000 X:0A95 Y:CA61 S:1FC0 D:192B DB:7F P:nvMxdiZC V:117 H:339
018268 $C8             INY                             A:0000 X:0A95 Y:CA61 S:1FC0 D:192B DB:7F P:nvMxdiZC V:118 H:9  
018269 $CE $33 $19     DEC $1933 [7F1933] = $04        A:0000 X:0A95 Y:CA62 S:1FC0 D:192B DB:7F P:NvMxdizC V:118 H:12 
01826C $D0 $EC         BNE $01825A                     A:0000 X:0A95 Y:CA62 S:1FC0 D:192B DB:7F P:nvMxdizC V:118 H:24 
01825A $BF $20 $CA $04 LDA $04CA20,X [04D4B5] = $13    A:0000 X:0A95 Y:CA62 S:1FC0 D:192B DB:7F P:nvMxdizC V:118 H:29 
01825E $E8             INX                             A:0013 X:0A95 Y:CA62 S:1FC0 D:192B DB:7F P:nvMxdizC V:118 H:39 
01825F $99 $00 $00     STA $0000,Y [7FCA62] = $00      A:0013 X:0A96 Y:CA62 S:1FC0 D:192B DB:7F P:nvMxdizC V:118 H:43 
018262 $C8             INY                             A:0013 X:0A96 Y:CA62 S:1FC0 D:192B DB:7F P:nvMxdizC V:118 H:52 
018263 $A9 $00         LDA #$00                        A:0013 X:0A96 Y:CA63 S:1FC0 D:192B DB:7F P:NvMxdizC V:118 H:56 
018265 $99 $00 $00     STA $0000,Y [7FCA63] = $00      A:0000 X:0A96 Y:CA63 S:1FC0 D:192B DB:7F P:nvMxdiZC V:118 H:60 
018268 $C8             INY                             A:0000 X:0A96 Y:CA63 S:1FC0 D:192B DB:7F P:nvMxdiZC V:118 H:69 
018269 $CE $33 $19     DEC $1933 [7F1933] = $03        A:0000 X:0A96 Y:CA64 S:1FC0 D:192B DB:7F P:NvMxdizC V:118 H:73 
01826C $D0 $EC         BNE $01825A                     A:0000 X:0A96 Y:CA64 S:1FC0 D:192B DB:7F P:nvMxdizC V:118 H:84 
01825A $BF $20 $CA $04 LDA $04CA20,X [04D4B6] = $22    A:0000 X:0A96 Y:CA64 S:1FC0 D:192B DB:7F P:nvMxdizC V:118 H:90 
01825E $E8             INX                             A:0022 X:0A96 Y:CA64 S:1FC0 D:192B DB:7F P:nvMxdizC V:118 H:100
01825F $99 $00 $00     STA $0000,Y [7FCA64] = $00      A:0022 X:0A97 Y:CA64 S:1FC0 D:192B DB:7F P:nvMxdizC V:118 H:103
018262 $C8             INY                             A:0022 X:0A97 Y:CA64 S:1FC0 D:192B DB:7F P:nvMxdizC V:118 H:113
018263 $A9 $00         LDA #$00                        A:0022 X:0A97 Y:CA65 S:1FC0 D:192B DB:7F P:NvMxdizC V:118 H:116
018265 $99 $00 $00     STA $0000,Y [7FCA65] = $00      A:0000 X:0A97 Y:CA65 S:1FC0 D:192B DB:7F P:nvMxdiZC V:118 H:120
018268 $C8             INY                             A:0000 X:0A97 Y:CA65 S:1FC0 D:192B DB:7F P:nvMxdiZC V:118 H:130
018269 $CE $33 $19     DEC $1933 [7F1933] = $02        A:0000 X:0A97 Y:CA66 S:1FC0 D:192B DB:7F P:NvMxdizC V:118 H:143
01826C $D0 $EC         BNE $01825A                     A:0000 X:0A97 Y:CA66 S:1FC0 D:192B DB:7F P:nvMxdizC V:118 H:155
01825A $BF $20 $CA $04 LDA $04CA20,X [04D4B7] = $31    A:0000 X:0A97 Y:CA66 S:1FC0 D:192B DB:7F P:nvMxdizC V:118 H:160
01825E $E8             INX                             A:0031 X:0A97 Y:CA66 S:1FC0 D:192B DB:7F P:nvMxdizC V:118 H:170
01825F $99 $00 $00     STA $0000,Y [7FCA66] = $00      A:0031 X:0A98 Y:CA66 S:1FC0 D:192B DB:7F P:nvMxdizC V:118 H:174
018262 $C8             INY                             A:0031 X:0A98 Y:CA66 S:1FC0 D:192B DB:7F P:nvMxdizC V:118 H:183
018263 $A9 $00         LDA #$00                        A:0031 X:0A98 Y:CA67 S:1FC0 D:192B DB:7F P:NvMxdizC V:118 H:187
018265 $99 $00 $00     STA $0000,Y [7FCA67] = $00      A:0000 X:0A98 Y:CA67 S:1FC0 D:192B DB:7F P:nvMxdiZC V:118 H:191
018268 $C8             INY                             A:0000 X:0A98 Y:CA67 S:1FC0 D:192B DB:7F P:nvMxdiZC V:118 H:200
018269 $CE $33 $19     DEC $1933 [7F1933] = $01        A:0000 X:0A98 Y:CA68 S:1FC0 D:192B DB:7F P:NvMxdizC V:118 H:204
01826C $D0 $EC         BNE $01825A                     A:0000 X:0A98 Y:CA68 S:1FC0 D:192B DB:7F P:nvMxdiZC V:118 H:215
01826E $28             PLP                             A:0000 X:0A98 Y:CA68 S:1FC0 D:192B DB:7F P:nvMxdiZC V:118 H:219
01826F $AB             PLB                             A:0000 X:0A98 Y:CA68 S:1FC1 D:192B DB:7F P:nvmxdizc V:118 H:226
018270 $60             RTS                             A:0000 X:0A98 Y:CA68 S:1FC2 D:192B DB:01 P:nvmxdizc V:118 H:233
018218 $A5 $00         LDA $00 [00192B] = $0A80        A:0000 X:0A98 Y:CA68 S:1FC4 D:192B DB:01 P:nvmxdizc V:118 H:244
01821A $18             CLC                             A:0A80 X:0A98 Y:CA68 S:1FC4 D:192B DB:01 P:nvmxdizc V:118 H:253
01821B $69 $18 $00     ADC #$0018                      A:0A80 X:0A98 Y:CA68 S:1FC4 D:192B DB:01 P:nvmxdizc V:118 H:257
01821E $85 $00         STA $00 [00192B] = $0A80        A:0A98 X:0A98 Y:CA68 S:1FC4 D:192B DB:01 P:nvmxdizc V:118 H:263
018220 $A5 $02         LDA $02 [00192D] = $CA48        A:0A98 X:0A98 Y:CA68 S:1FC4 D:192B DB:01 P:nvmxdizc V:118 H:272
018222 $18             CLC                             A:CA48 X:0A98 Y:CA68 S:1FC4 D:192B DB:01 P:Nvmxdizc V:118 H:296
018223 $69 $20 $00     ADC #$0020                      A:CA48 X:0A98 Y:CA68 S:1FC4 D:192B DB:01 P:Nvmxdizc V:118 H:299
018226 $85 $02         STA $02 [00192D] = $CA48        A:CA68 X:0A98 Y:CA68 S:1FC4 D:192B DB:01 P:Nvmxdizc V:118 H:305
018228 $C6 $06         DEC $06 [001931] = $001C        A:CA68 X:0A98 Y:CA68 S:1FC4 D:192B DB:01 P:Nvmxdizc V:118 H:315
01822A $D0 $E9         BNE $018215                     A:CA68 X:0A98 Y:CA68 S:1FC4 D:192B DB:01 P:nvmxdizc V:118 H:329
018215 $20 $2E $82     JSR $822E [01822E] = $088B      A:CA68 X:0A98 Y:CA68 S:1FC4 D:192B DB:01 P:nvmxdizc V:118 H:334
01822E $8B             PHB                             A:CA68 X:0A98 Y:CA68 S:1FC2 D:192B DB:01 P:nvmxdizc V:119 H:6  
01822F $08             PHP                             A:CA68 X:0A98 Y:CA68 S:1FC1 D:192B DB:01 P:nvmxdizc V:119 H:11 
018230 $C2 $30         REP #$30                        A:CA68 X:0A98 Y:CA68 S:1FC0 D:192B DB:01 P:nvmxdizc V:119 H:17 
018232 $8B             PHB                             A:CA68 X:0A98 Y:CA68 S:1FC0 D:192B DB:01 P:nvmxdizc V:119 H:22 
018233 $AD $2B $19     LDA $192B [01192B] = $0A98      A:CA68 X:0A98 Y:CA68 S:1FBF D:192B DB:01 P:nvmxdizc V:119 H:28 
018236 $18             CLC                             A:0A98 X:0A98 Y:CA68 S:1FBF D:192B DB:01 P:nvmxdizc V:119 H:38 
018237 $69 $20 $CA     ADC #$CA20                      A:0A98 X:0A98 Y:CA68 S:1FBF D:192B DB:01 P:nvmxdizc V:119 H:41 
01823A $AA             TAX                             A:D4B8 X:0A98 Y:CA68 S:1FBF D:192B DB:01 P:Nvmxdizc V:119 H:47 
01823B $AC $2D $19     LDY $192D [01192D] = $CA68      A:D4B8 X:D4B8 Y:CA68 S:1FBF D:192B DB:01 P:Nvmxdizc V:119 H:51 
01823E $A9 $0F $00     LDA #$000F                      A:D4B8 X:D4B8 Y:CA68 S:1FBF D:192B DB:01 P:Nvmxdizc V:119 H:61 
018241 $54 $7F $04     MVN $04 -> $7F                  A:000F X:D4B8 Y:CA68 S:1FBF D:192B DB:01 P:nvmxdizc V:119 H:67 
018241 $54 $7F $04     MVN $04 -> $7F                  A:000E X:D4B9 Y:CA69 S:1FBF D:192B DB:7F P:nvmxdizc V:119 H:80 
018241 $54 $7F $04     MVN $04 -> $7F                  A:000D X:D4BA Y:CA6A S:1FBF D:192B DB:7F P:nvmxdizc V:119 H:93 
018241 $54 $7F $04     MVN $04 -> $7F                  A:000C X:D4BB Y:CA6B S:1FBF D:192B DB:7F P:nvmxdizc V:119 H:106
018241 $54 $7F $04     MVN $04 -> $7F                  A:000B X:D4BC Y:CA6C S:1FBF D:192B DB:7F P:nvmxdizc V:119 H:119
018241 $54 $7F $04     MVN $04 -> $7F                  A:000A X:D4BD Y:CA6D S:1FBF D:192B DB:7F P:nvmxdizc V:119 H:132
018241 $54 $7F $04     MVN $04 -> $7F                  A:0009 X:D4BE Y:CA6E S:1FBF D:192B DB:7F P:nvmxdizc V:119 H:155
018241 $54 $7F $04     MVN $04 -> $7F                  A:0008 X:D4BF Y:CA6F S:1FBF D:192B DB:7F P:nvmxdizc V:119 H:168
018241 $54 $7F $04     MVN $04 -> $7F                  A:0007 X:D4C0 Y:CA70 S:1FBF D:192B DB:7F P:nvmxdizc V:119 H:181
018241 $54 $7F $04     MVN $04 -> $7F                  A:0006 X:D4C1 Y:CA71 S:1FBF D:192B DB:7F P:nvmxdizc V:119 H:194
018241 $54 $7F $04     MVN $04 -> $7F                  A:0005 X:D4C2 Y:CA72 S:1FBF D:192B DB:7F P:nvmxdizc V:119 H:207
018241 $54 $7F $04     MVN $04 -> $7F                  A:0004 X:D4C3 Y:CA73 S:1FBF D:192B DB:7F P:nvmxdizc V:119 H:220
018241 $54 $7F $04     MVN $04 -> $7F                  A:0003 X:D4C4 Y:CA74 S:1FBF D:192B DB:7F P:nvmxdizc V:119 H:233
018241 $54 $7F $04     MVN $04 -> $7F                  A:0002 X:D4C5 Y:CA75 S:1FBF D:192B DB:7F P:nvmxdizc V:119 H:246
018241 $54 $7F $04     MVN $04 -> $7F                  A:0001 X:D4C6 Y:CA76 S:1FBF D:192B DB:7F P:nvmxdizc V:119 H:259
018241 $54 $7F $04     MVN $04 -> $7F                  A:0000 X:D4C7 Y:CA77 S:1FBF D:192B DB:7F P:nvmxdizc V:119 H:272
018244 $AB             PLB                             A:FFFF X:D4C8 Y:CA78 S:1FBF D:192B DB:7F P:nvmxdizc V:119 H:297
018245 $8A             TXA                             A:FFFF X:D4C8 Y:CA78 S:1FC0 D:192B DB:01 P:nvmxdizc V:119 H:304
018246 $38             SEC                             A:D4C8 X:D4C8 Y:CA78 S:1FC0 D:192B DB:01 P:Nvmxdizc V:119 H:307
018247 $E9 $20 $CA     SBC #$CA20                      A:D4C8 X:D4C8 Y:CA78 S:1FC0 D:192B DB:01 P:NvmxdizC V:119 H:311
01824A $AA             TAX                             A:0AA8 X:D4C8 Y:CA78 S:1FC0 D:192B DB:01 P:nvmxdizC V:119 H:317
01824B $E2 $20         SEP #$20                        A:0AA8 X:0AA8 Y:CA78 S:1FC0 D:192B DB:01 P:nvmxdizC V:119 H:320
01824D $C2 $10         REP #$10                        A:0AA8 X:0AA8 Y:CA78 S:1FC0 D:192B DB:01 P:nvMxdizC V:119 H:325
01824F $F4 $7F $00     PEA #$007F                      A:0AA8 X:0AA8 Y:CA78 S:1FC0 D:192B DB:01 P:nvMxdizC V:119 H:330
018252 $AB             PLB                             A:0AA8 X:0AA8 Y:CA78 S:1FBE D:192B DB:01 P:nvMxdizC V:120 H:0  
018253 $68             PLA                             A:0AA8 X:0AA8 Y:CA78 S:1FBF D:192B DB:7F P:nvMxdizC V:120 H:7  
018254 $EB             XBA                             A:0A00 X:0AA8 Y:CA78 S:1FC0 D:192B DB:7F P:nvMxdiZC V:120 H:14 
018255 $A9 $08         LDA #$08                        A:000A X:0AA8 Y:CA78 S:1FC0 D:192B DB:7F P:nvMxdizC V:120 H:19 
018257 $8D $33 $19     STA $1933 [7F1933] = $00        A:0008 X:0AA8 Y:CA78 S:1FC0 D:192B DB:7F P:nvMxdizC V:120 H:23 
01825A $BF $20 $CA $04 LDA $04CA20,X [04D4C8] = $00    A:0008 X:0AA8 Y:CA78 S:1FC0 D:192B DB:7F P:nvMxdizC V:120 H:31 
01825E $E8             INX                             A:0000 X:0AA8 Y:CA78 S:1FC0 D:192B DB:7F P:nvMxdiZC V:120 H:41 
01825F $99 $00 $00     STA $0000,Y [7FCA78] = $00      A:0000 X:0AA9 Y:CA78 S:1FC0 D:192B DB:7F P:nvMxdizC V:120 H:45 
018262 $C8             INY                             A:0000 X:0AA9 Y:CA78 S:1FC0 D:192B DB:7F P:nvMxdizC V:120 H:54 
018263 $A9 $00         LDA #$00                        A:0000 X:0AA9 Y:CA79 S:1FC0 D:192B DB:7F P:NvMxdizC V:120 H:58 
018265 $99 $00 $00     STA $0000,Y [7FCA79] = $00      A:0000 X:0AA9 Y:CA79 S:1FC0 D:192B DB:7F P:nvMxdiZC V:120 H:62 
018268 $C8             INY                             A:0000 X:0AA9 Y:CA79 S:1FC0 D:192B DB:7F P:nvMxdiZC V:120 H:71 
018269 $CE $33 $19     DEC $1933 [7F1933] = $08        A:0000 X:0AA9 Y:CA7A S:1FC0 D:192B DB:7F P:NvMxdizC V:120 H:75 
01826C $D0 $EC         BNE $01825A                     A:0000 X:0AA9 Y:CA7A S:1FC0 D:192B DB:7F P:nvMxdizC V:120 H:86 
01825A $BF $20 $CA $04 LDA $04CA20,X [04D4C9] = $02    A:0000 X:0AA9 Y:CA7A S:1FC0 D:192B DB:7F P:nvMxdizC V:120 H:92 
01825E $E8             INX                             A:0002 X:0AA9 Y:CA7A S:1FC0 D:192B DB:7F P:nvMxdizC V:120 H:102
01825F $99 $00 $00     STA $0000,Y [7FCA7A] = $00      A:0002 X:0AAA Y:CA7A S:1FC0 D:192B DB:7F P:nvMxdizC V:120 H:105
018262 $C8             INY                             A:0002 X:0AAA Y:CA7A S:1FC0 D:192B DB:7F P:nvMxdizC V:120 H:115
018263 $A9 $00         LDA #$00                        A:0002 X:0AAA Y:CA7B S:1FC0 D:192B DB:7F P:NvMxdizC V:120 H:118
018265 $99 $00 $00     STA $0000,Y [7FCA7B] = $00      A:0000 X:0AAA Y:CA7B S:1FC0 D:192B DB:7F P:nvMxdiZC V:120 H:122
018268 $C8             INY                             A:0000 X:0AAA Y:CA7B S:1FC0 D:192B DB:7F P:nvMxdiZC V:120 H:132
018269 $CE $33 $19     DEC $1933 [7F1933] = $07        A:0000 X:0AAA Y:CA7C S:1FC0 D:192B DB:7F P:NvMxdizC V:120 H:145
01826C $D0 $EC         BNE $01825A                     A:0000 X:0AAA Y:CA7C S:1FC0 D:192B DB:7F P:nvMxdizC V:120 H:157
01825A $BF $20 $CA $04 LDA $04CA20,X [04D4CA] = $00    A:0000 X:0AAA Y:CA7C S:1FC0 D:192B DB:7F P:nvMxdizC V:120 H:162
01825E $E8             INX                             A:0000 X:0AAA Y:CA7C S:1FC0 D:192B DB:7F P:nvMxdiZC V:120 H:172
01825F $99 $00 $00     STA $0000,Y [7FCA7C] = $00      A:0000 X:0AAB Y:CA7C S:1FC0 D:192B DB:7F P:nvMxdizC V:120 H:176
018262 $C8             INY                             A:0000 X:0AAB Y:CA7C S:1FC0 D:192B DB:7F P:nvMxdizC V:120 H:185
018263 $A9 $00         LDA #$00                        A:0000 X:0AAB Y:CA7D S:1FC0 D:192B DB:7F P:NvMxdizC V:120 H:189
018265 $99 $00 $00     STA $0000,Y [7FCA7D] = $00      A:0000 X:0AAB Y:CA7D S:1FC0 D:192B DB:7F P:nvMxdiZC V:120 H:193
018268 $C8             INY                             A:0000 X:0AAB Y:CA7D S:1FC0 D:192B DB:7F P:nvMxdiZC V:120 H:202
018269 $CE $33 $19     DEC $1933 [7F1933] = $06        A:0000 X:0AAB Y:CA7E S:1FC0 D:192B DB:7F P:NvMxdizC V:120 H:206
01826C $D0 $EC         BNE $01825A                     A:0000 X:0AAB Y:CA7E S:1FC0 D:192B DB:7F P:nvMxdizC V:120 H:217
01825A $BF $20 $CA $04 LDA $04CA20,X [04D4CB] = $00    A:0000 X:0AAB Y:CA7E S:1FC0 D:192B DB:7F P:nvMxdizC V:120 H:223
01825E $E8             INX                             A:0000 X:0AAB Y:CA7E S:1FC0 D:192B DB:7F P:nvMxdiZC V:120 H:233
01825F $99 $00 $00     STA $0000,Y [7FCA7E] = $00      A:0000 X:0AAC Y:CA7E S:1FC0 D:192B DB:7F P:nvMxdizC V:120 H:236
018262 $C8             INY                             A:0000 X:0AAC Y:CA7E S:1FC0 D:192B DB:7F P:nvMxdizC V:120 H:246
018263 $A9 $00         LDA #$00                        A:0000 X:0AAC Y:CA7F S:1FC0 D:192B DB:7F P:NvMxdizC V:120 H:249
018265 $99 $00 $00     STA $0000,Y [7FCA7F] = $00      A:0000 X:0AAC Y:CA7F S:1FC0 D:192B DB:7F P:nvMxdiZC V:120 H:253
018268 $C8             INY                             A:0000 X:0AAC Y:CA7F S:1FC0 D:192B DB:7F P:nvMxdiZC V:120 H:263
018269 $CE $33 $19     DEC $1933 [7F1933] = $05        A:0000 X:0AAC Y:CA80 S:1FC0 D:192B DB:7F P:NvMxdizC V:120 H:266
01826C $D0 $EC         BNE $01825A                     A:0000 X:0AAC Y:CA80 S:1FC0 D:192B DB:7F P:nvMxdizC V:120 H:292
01825A $BF $20 $CA $04 LDA $04CA20,X [04D4CC] = $10    A:0000 X:0AAC Y:CA80 S:1FC0 D:192B DB:7F P:nvMxdizC V:120 H:297
01825E $E8             INX                             A:0010 X:0AAC Y:CA80 S:1FC0 D:192B DB:7F P:nvMxdizC V:120 H:307
01825F $99 $00 $00     STA $0000,Y [7FCA80] = $00      A:0010 X:0AAD Y:CA80 S:1FC0 D:192B DB:7F P:nvMxdizC V:120 H:311
018262 $C8             INY                             A:0010 X:0AAD Y:CA80 S:1FC0 D:192B DB:7F P:nvMxdizC V:120 H:320
018263 $A9 $00         LDA #$00                        A:0010 X:0AAD Y:CA81 S:1FC0 D:192B DB:7F P:NvMxdizC V:120 H:323
018265 $99 $00 $00     STA $0000,Y [7FCA81] = $00      A:0000 X:0AAD Y:CA81 S:1FC0 D:192B DB:7F P:nvMxdiZC V:120 H:327
018268 $C8             INY                             A:0000 X:0AAD Y:CA81 S:1FC0 D:192B DB:7F P:nvMxdiZC V:120 H:336
018269 $CE $33 $19     DEC $1933 [7F1933] = $04        A:0000 X:0AAD Y:CA82 S:1FC0 D:192B DB:7F P:NvMxdizC V:121 H:0  
01826C $D0 $EC         BNE $01825A                     A:0000 X:0AAD Y:CA82 S:1FC0 D:192B DB:7F P:nvMxdizC V:121 H:11 
01825A $BF $20 $CA $04 LDA $04CA20,X [04D4CD] = $84    A:0000 X:0AAD Y:CA82 S:1FC0 D:192B DB:7F P:nvMxdizC V:121 H:17 
01825E $E8             INX                             A:0084 X:0AAD Y:CA82 S:1FC0 D:192B DB:7F P:NvMxdizC V:121 H:27 
01825F $99 $00 $00     STA $0000,Y [7FCA82] = $00      A:0084 X:0AAE Y:CA82 S:1FC0 D:192B DB:7F P:nvMxdizC V:121 H:30 
018262 $C8             INY                             A:0084 X:0AAE Y:CA82 S:1FC0 D:192B DB:7F P:nvMxdizC V:121 H:40 
018263 $A9 $00         LDA #$00                        A:0084 X:0AAE Y:CA83 S:1FC0 D:192B DB:7F P:NvMxdizC V:121 H:43 
018265 $99 $00 $00     STA $0000,Y [7FCA83] = $00      A:0000 X:0AAE Y:CA83 S:1FC0 D:192B DB:7F P:nvMxdiZC V:121 H:47 
018268 $C8             INY                             A:0000 X:0AAE Y:CA83 S:1FC0 D:192B DB:7F P:nvMxdiZC V:121 H:57 
018269 $CE $33 $19     DEC $1933 [7F1933] = $03        A:0000 X:0AAE Y:CA84 S:1FC0 D:192B DB:7F P:NvMxdizC V:121 H:60 
01826C $D0 $EC         BNE $01825A                     A:0000 X:0AAE Y:CA84 S:1FC0 D:192B DB:7F P:nvMxdizC V:121 H:72 
01825A $BF $20 $CA $04 LDA $04CA20,X [04D4CE] = $4C    A:0000 X:0AAE Y:CA84 S:1FC0 D:192B DB:7F P:nvMxdizC V:121 H:77 
01825E $E8             INX                             A:004C X:0AAE Y:CA84 S:1FC0 D:192B DB:7F P:nvMxdizC V:121 H:87 
01825F $99 $00 $00     STA $0000,Y [7FCA84] = $00      A:004C X:0AAF Y:CA84 S:1FC0 D:192B DB:7F P:nvMxdizC V:121 H:91 
018262 $C8             INY                             A:004C X:0AAF Y:CA84 S:1FC0 D:192B DB:7F P:nvMxdizC V:121 H:100
018263 $A9 $00         LDA #$00                        A:004C X:0AAF Y:CA85 S:1FC0 D:192B DB:7F P:NvMxdizC V:121 H:104
018265 $99 $00 $00     STA $0000,Y [7FCA85] = $00      A:0000 X:0AAF Y:CA85 S:1FC0 D:192B DB:7F P:nvMxdiZC V:121 H:108
018268 $C8             INY                             A:0000 X:0AAF Y:CA85 S:1FC0 D:192B DB:7F P:nvMxdiZC V:121 H:117
018269 $CE $33 $19     DEC $1933 [7F1933] = $02        A:0000 X:0AAF Y:CA86 S:1FC0 D:192B DB:7F P:NvMxdizC V:121 H:121
01826C $D0 $EC         BNE $01825A                     A:0000 X:0AAF Y:CA86 S:1FC0 D:192B DB:7F P:nvMxdizC V:121 H:132
01825A $BF $20 $CA $04 LDA $04CA20,X [04D4CF] = $9D    A:0000 X:0AAF Y:CA86 S:1FC0 D:192B DB:7F P:nvMxdizC V:121 H:148
01825E $E8             INX                             A:009D X:0AAF Y:CA86 S:1FC0 D:192B DB:7F P:NvMxdizC V:121 H:158
01825F $99 $00 $00     STA $0000,Y [7FCA86] = $00      A:009D X:0AB0 Y:CA86 S:1FC0 D:192B DB:7F P:nvMxdizC V:121 H:161
018262 $C8             INY                             A:009D X:0AB0 Y:CA86 S:1FC0 D:192B DB:7F P:nvMxdizC V:121 H:171
018263 $A9 $00         LDA #$00                        A:009D X:0AB0 Y:CA87 S:1FC0 D:192B DB:7F P:NvMxdizC V:121 H:174
018265 $99 $00 $00     STA $0000,Y [7FCA87] = $00      A:0000 X:0AB0 Y:CA87 S:1FC0 D:192B DB:7F P:nvMxdiZC V:121 H:178
018268 $C8             INY                             A:0000 X:0AB0 Y:CA87 S:1FC0 D:192B DB:7F P:nvMxdiZC V:121 H:188
018269 $CE $33 $19     DEC $1933 [7F1933] = $01        A:0000 X:0AB0 Y:CA88 S:1FC0 D:192B DB:7F P:NvMxdizC V:121 H:191
01826C $D0 $EC         BNE $01825A                     A:0000 X:0AB0 Y:CA88 S:1FC0 D:192B DB:7F P:nvMxdiZC V:121 H:203
01826E $28             PLP                             A:0000 X:0AB0 Y:CA88 S:1FC0 D:192B DB:7F P:nvMxdiZC V:121 H:207
01826F $AB             PLB                             A:0000 X:0AB0 Y:CA88 S:1FC1 D:192B DB:7F P:nvmxdizc V:121 H:214
018270 $60             RTS                             A:0000 X:0AB0 Y:CA88 S:1FC2 D:192B DB:01 P:nvmxdizc V:121 H:221
018218 $A5 $00         LDA $00 [00192B] = $0A98        A:0000 X:0AB0 Y:CA88 S:1FC4 D:192B DB:01 P:nvmxdizc V:121 H:231
01821A $18             CLC                             A:0A98 X:0AB0 Y:CA88 S:1FC4 D:192B DB:01 P:nvmxdizc V:121 H:241
01821B $69 $18 $00     ADC #$0018                      A:0A98 X:0AB0 Y:CA88 S:1FC4 D:192B DB:01 P:nvmxdizc V:121 H:244
01821E $85 $00         STA $00 [00192B] = $0A98        A:0AB0 X:0AB0 Y:CA88 S:1FC4 D:192B DB:01 P:nvmxdizc V:121 H:250
018220 $A5 $02         LDA $02 [00192D] = $CA68        A:0AB0 X:0AB0 Y:CA88 S:1FC4 D:192B DB:01 P:nvmxdizc V:121 H:260
018222 $18             CLC                             A:CA68 X:0AB0 Y:CA88 S:1FC4 D:192B DB:01 P:Nvmxdizc V:121 H:269
018223 $69 $20 $00     ADC #$0020                      A:CA68 X:0AB0 Y:CA88 S:1FC4 D:192B DB:01 P:Nvmxdizc V:121 H:273
018226 $85 $02         STA $02 [00192D] = $CA68        A:CA88 X:0AB0 Y:CA88 S:1FC4 D:192B DB:01 P:Nvmxdizc V:121 H:293
018228 $C6 $06         DEC $06 [001931] = $001B        A:CA88 X:0AB0 Y:CA88 S:1FC4 D:192B DB:01 P:Nvmxdizc V:121 H:302
01822A $D0 $E9         BNE $018215                     A:CA88 X:0AB0 Y:CA88 S:1FC4 D:192B DB:01 P:nvmxdizc V:121 H:317
018215 $20 $2E $82     JSR $822E [01822E] = $088B      A:CA88 X:0AB0 Y:CA88 S:1FC4 D:192B DB:01 P:nvmxdizc V:121 H:323
01822E $8B             PHB                             A:CA88 X:0AB0 Y:CA88 S:1FC2 D:192B DB:01 P:nvmxdizc V:121 H:333
01822F $08             PHP                             A:CA88 X:0AB0 Y:CA88 S:1FC1 D:192B DB:01 P:nvmxdizc V:121 H:339
018230 $C2 $30         REP #$30                        A:CA88 X:0AB0 Y:CA88 S:1FC0 D:192B DB:01 P:nvmxdizc V:122 H:4  
018232 $8B             PHB                             A:CA88 X:0AB0 Y:CA88 S:1FC0 D:192B DB:01 P:nvmxdizc V:122 H:10 
018233 $AD $2B $19     LDA $192B [01192B] = $0AB0      A:CA88 X:0AB0 Y:CA88 S:1FBF D:192B DB:01 P:nvmxdizc V:122 H:15 
018236 $18             CLC                             A:0AB0 X:0AB0 Y:CA88 S:1FBF D:192B DB:01 P:nvmxdizc V:122 H:25 
018237 $69 $20 $CA     ADC #$CA20                      A:0AB0 X:0AB0 Y:CA88 S:1FBF D:192B DB:01 P:nvmxdizc V:122 H:29 
01823A $AA             TAX                             A:D4D0 X:0AB0 Y:CA88 S:1FBF D:192B DB:01 P:Nvmxdizc V:122 H:35 
01823B $AC $2D $19     LDY $192D [01192D] = $CA88      A:D4D0 X:D4D0 Y:CA88 S:1FBF D:192B DB:01 P:Nvmxdizc V:122 H:38 
01823E $A9 $0F $00     LDA #$000F                      A:D4D0 X:D4D0 Y:CA88 S:1FBF D:192B DB:01 P:Nvmxdizc V:122 H:48 
018241 $54 $7F $04     MVN $04 -> $7F                  A:000F X:D4D0 Y:CA88 S:1FBF D:192B DB:01 P:nvmxdizc V:122 H:54 
018241 $54 $7F $04     MVN $04 -> $7F                  A:000E X:D4D1 Y:CA89 S:1FBF D:192B DB:7F P:nvmxdizc V:122 H:67 
018241 $54 $7F $04     MVN $04 -> $7F                  A:000D X:D4D2 Y:CA8A S:1FBF D:192B DB:7F P:nvmxdizc V:122 H:80 
018241 $54 $7F $04     MVN $04 -> $7F                  A:000C X:D4D3 Y:CA8B S:1FBF D:192B DB:7F P:nvmxdizc V:122 H:93 
018241 $54 $7F $04     MVN $04 -> $7F                  A:000B X:D4D4 Y:CA8C S:1FBF D:192B DB:7F P:nvmxdizc V:122 H:106
018241 $54 $7F $04     MVN $04 -> $7F                  A:000A X:D4D5 Y:CA8D S:1FBF D:192B DB:7F P:nvmxdizc V:122 H:119
018241 $54 $7F $04     MVN $04 -> $7F                  A:0009 X:D4D6 Y:CA8E S:1FBF D:192B DB:7F P:nvmxdizc V:122 H:132
018241 $54 $7F $04     MVN $04 -> $7F                  A:0008 X:D4D7 Y:CA8F S:1FBF D:192B DB:7F P:nvmxdizc V:122 H:155
018241 $54 $7F $04     MVN $04 -> $7F                  A:0007 X:D4D8 Y:CA90 S:1FBF D:192B DB:7F P:nvmxdizc V:122 H:168
018241 $54 $7F $04     MVN $04 -> $7F                  A:0006 X:D4D9 Y:CA91 S:1FBF D:192B DB:7F P:nvmxdizc V:122 H:181
018241 $54 $7F $04     MVN $04 -> $7F                  A:0005 X:D4DA Y:CA92 S:1FBF D:192B DB:7F P:nvmxdizc V:122 H:194
018241 $54 $7F $04     MVN $04 -> $7F                  A:0004 X:D4DB Y:CA93 S:1FBF D:192B DB:7F P:nvmxdizc V:122 H:207
018241 $54 $7F $04     MVN $04 -> $7F                  A:0003 X:D4DC Y:CA94 S:1FBF D:192B DB:7F P:nvmxdizc V:122 H:220
018241 $54 $7F $04     MVN $04 -> $7F                  A:0002 X:D4DD Y:CA95 S:1FBF D:192B DB:7F P:nvmxdizc V:122 H:233
018241 $54 $7F $04     MVN $04 -> $7F                  A:0001 X:D4DE Y:CA96 S:1FBF D:192B DB:7F P:nvmxdizc V:122 H:246
018241 $54 $7F $04     MVN $04 -> $7F                  A:0000 X:D4DF Y:CA97 S:1FBF D:192B DB:7F P:nvmxdizc V:122 H:259
018244 $AB             PLB                             A:FFFF X:D4E0 Y:CA98 S:1FBF D:192B DB:7F P:nvmxdizc V:122 H:272
018245 $8A             TXA                             A:FFFF X:D4E0 Y:CA98 S:1FC0 D:192B DB:01 P:nvmxdizc V:122 H:291
018246 $38             SEC                             A:D4E0 X:D4E0 Y:CA98 S:1FC0 D:192B DB:01 P:Nvmxdizc V:122 H:295
018247 $E9 $20 $CA     SBC #$CA20                      A:D4E0 X:D4E0 Y:CA98 S:1FC0 D:192B DB:01 P:NvmxdizC V:122 H:298
01824A $AA             TAX                             A:0AC0 X:D4E0 Y:CA98 S:1FC0 D:192B DB:01 P:nvmxdizC V:122 H:304
01824B $E2 $20         SEP #$20                        A:0AC0 X:0AC0 Y:CA98 S:1FC0 D:192B DB:01 P:nvmxdizC V:122 H:308
01824D $C2 $10         REP #$10                        A:0AC0 X:0AC0 Y:CA98 S:1FC0 D:192B DB:01 P:nvMxdizC V:122 H:313
01824F $F4 $7F $00     PEA #$007F                      A:0AC0 X:0AC0 Y:CA98 S:1FC0 D:192B DB:01 P:nvMxdizC V:122 H:319
018252 $AB             PLB                             A:0AC0 X:0AC0 Y:CA98 S:1FBE D:192B DB:01 P:nvMxdizC V:122 H:328
018253 $68             PLA                             A:0AC0 X:0AC0 Y:CA98 S:1FBF D:192B DB:7F P:nvMxdizC V:122 H:335
018254 $EB             XBA                             A:0A00 X:0AC0 Y:CA98 S:1FC0 D:192B DB:7F P:nvMxdiZC V:123 H:2  
018255 $A9 $08         LDA #$08                        A:000A X:0AC0 Y:CA98 S:1FC0 D:192B DB:7F P:nvMxdizC V:123 H:7  
018257 $8D $33 $19     STA $1933 [7F1933] = $00        A:0008 X:0AC0 Y:CA98 S:1FC0 D:192B DB:7F P:nvMxdizC V:123 H:11 
01825A $BF $20 $CA $04 LDA $04CA20,X [04D4E0] = $A8    A:0008 X:0AC0 Y:CA98 S:1FC0 D:192B DB:7F P:nvMxdizC V:123 H:19 
01825E $E8             INX                             A:00A8 X:0AC0 Y:CA98 S:1FC0 D:192B DB:7F P:NvMxdizC V:123 H:29 
01825F $99 $00 $00     STA $0000,Y [7FCA98] = $A8      A:00A8 X:0AC1 Y:CA98 S:1FC0 D:192B DB:7F P:nvMxdizC V:123 H:32 
018262 $C8             INY                             A:00A8 X:0AC1 Y:CA98 S:1FC0 D:192B DB:7F P:nvMxdizC V:123 H:42 
018263 $A9 $00         LDA #$00                        A:00A8 X:0AC1 Y:CA99 S:1FC0 D:192B DB:7F P:NvMxdizC V:123 H:45 
018265 $99 $00 $00     STA $0000,Y [7FCA99] = $00      A:0000 X:0AC1 Y:CA99 S:1FC0 D:192B DB:7F P:nvMxdiZC V:123 H:49 
018268 $C8             INY                             A:0000 X:0AC1 Y:CA99 S:1FC0 D:192B DB:7F P:nvMxdiZC V:123 H:59 
018269 $CE $33 $19     DEC $1933 [7F1933] = $08        A:0000 X:0AC1 Y:CA9A S:1FC0 D:192B DB:7F P:NvMxdizC V:123 H:62 
01826C $D0 $EC         BNE $01825A                     A:0000 X:0AC1 Y:CA9A S:1FC0 D:192B DB:7F P:nvMxdizC V:123 H:74 
01825A $BF $20 $CA $04 LDA $04CA20,X [04D4E1] = $17    A:0000 X:0AC1 Y:CA9A S:1FC0 D:192B DB:7F P:nvMxdizC V:123 H:79 
01825E $E8             INX                             A:0017 X:0AC1 Y:CA9A S:1FC0 D:192B DB:7F P:nvMxdizC V:123 H:89 
01825F $99 $00 $00     STA $0000,Y [7FCA9A] = $17      A:0017 X:0AC2 Y:CA9A S:1FC0 D:192B DB:7F P:nvMxdizC V:123 H:93 
018262 $C8             INY                             A:0017 X:0AC2 Y:CA9A S:1FC0 D:192B DB:7F P:nvMxdizC V:123 H:102
018263 $A9 $00         LDA #$00                        A:0017 X:0AC2 Y:CA9B S:1FC0 D:192B DB:7F P:NvMxdizC V:123 H:106
018265 $99 $00 $00     STA $0000,Y [7FCA9B] = $00      A:0000 X:0AC2 Y:CA9B S:1FC0 D:192B DB:7F P:nvMxdiZC V:123 H:110
018268 $C8             INY                             A:0000 X:0AC2 Y:CA9B S:1FC0 D:192B DB:7F P:nvMxdiZC V:123 H:119
018269 $CE $33 $19     DEC $1933 [7F1933] = $07        A:0000 X:0AC2 Y:CA9C S:1FC0 D:192B DB:7F P:NvMxdizC V:123 H:123
01826C $D0 $EC         BNE $01825A                     A:0000 X:0AC2 Y:CA9C S:1FC0 D:192B DB:7F P:nvMxdizC V:123 H:144
01825A $BF $20 $CA $04 LDA $04CA20,X [04D4E2] = $04    A:0000 X:0AC2 Y:CA9C S:1FC0 D:192B DB:7F P:nvMxdizC V:123 H:150
01825E $E8             INX                             A:0004 X:0AC2 Y:CA9C S:1FC0 D:192B DB:7F P:nvMxdizC V:123 H:160
01825F $99 $00 $00     STA $0000,Y [7FCA9C] = $04      A:0004 X:0AC3 Y:CA9C S:1FC0 D:192B DB:7F P:nvMxdizC V:123 H:163
018262 $C8             INY                             A:0004 X:0AC3 Y:CA9C S:1FC0 D:192B DB:7F P:nvMxdizC V:123 H:173
018263 $A9 $00         LDA #$00                        A:0004 X:0AC3 Y:CA9D S:1FC0 D:192B DB:7F P:NvMxdizC V:123 H:176
018265 $99 $00 $00     STA $0000,Y [7FCA9D] = $00      A:0000 X:0AC3 Y:CA9D S:1FC0 D:192B DB:7F P:nvMxdiZC V:123 H:180
018268 $C8             INY                             A:0000 X:0AC3 Y:CA9D S:1FC0 D:192B DB:7F P:nvMxdiZC V:123 H:190
018269 $CE $33 $19     DEC $1933 [7F1933] = $06        A:0000 X:0AC3 Y:CA9E S:1FC0 D:192B DB:7F P:NvMxdizC V:123 H:193
01826C $D0 $EC         BNE $01825A                     A:0000 X:0AC3 Y:CA9E S:1FC0 D:192B DB:7F P:nvMxdizC V:123 H:205
01825A $BF $20 $CA $04 LDA $04CA20,X [04D4E3] = $18    A:0000 X:0AC3 Y:CA9E S:1FC0 D:192B DB:7F P:nvMxdizC V:123 H:210
01825E $E8             INX                             A:0018 X:0AC3 Y:CA9E S:1FC0 D:192B DB:7F P:nvMxdizC V:123 H:220
01825F $99 $00 $00     STA $0000,Y [7FCA9E] = $18      A:0018 X:0AC4 Y:CA9E S:1FC0 D:192B DB:7F P:nvMxdizC V:123 H:224
018262 $C8             INY                             A:0018 X:0AC4 Y:CA9E S:1FC0 D:192B DB:7F P:nvMxdizC V:123 H:233
018263 $A9 $00         LDA #$00                        A:0018 X:0AC4 Y:CA9F S:1FC0 D:192B DB:7F P:NvMxdizC V:123 H:237
018265 $99 $00 $00     STA $0000,Y [7FCA9F] = $00      A:0000 X:0AC4 Y:CA9F S:1FC0 D:192B DB:7F P:nvMxdiZC V:123 H:241
018268 $C8             INY                             A:0000 X:0AC4 Y:CA9F S:1FC0 D:192B DB:7F P:nvMxdiZC V:123 H:250
018269 $CE $33 $19     DEC $1933 [7F1933] = $05        A:0000 X:0AC4 Y:CAA0 S:1FC0 D:192B DB:7F P:NvMxdizC V:123 H:254
01826C $D0 $EC         BNE $01825A                     A:0000 X:0AC4 Y:CAA0 S:1FC0 D:192B DB:7F P:nvMxdizC V:123 H:265
01825A $BF $20 $CA $04 LDA $04CA20,X [04D4E4] = $18    A:0000 X:0AC4 Y:CAA0 S:1FC0 D:192B DB:7F P:nvMxdizC V:123 H:271
01825E $E8             INX                             A:0018 X:0AC4 Y:CAA0 S:1FC0 D:192B DB:7F P:nvMxdizC V:123 H:295
01825F $99 $00 $00     STA $0000,Y [7FCAA0] = $18      A:0018 X:0AC5 Y:CAA0 S:1FC0 D:192B DB:7F P:nvMxdizC V:123 H:298
018262 $C8             INY                             A:0018 X:0AC5 Y:CAA0 S:1FC0 D:192B DB:7F P:nvMxdizC V:123 H:308
018263 $A9 $00         LDA #$00                        A:0018 X:0AC5 Y:CAA1 S:1FC0 D:192B DB:7F P:NvMxdizC V:123 H:311
018265 $99 $00 $00     STA $0000,Y [7FCAA1] = $00      A:0000 X:0AC5 Y:CAA1 S:1FC0 D:192B DB:7F P:nvMxdiZC V:123 H:315
018268 $C8             INY                             A:0000 X:0AC5 Y:CAA1 S:1FC0 D:192B DB:7F P:nvMxdiZC V:123 H:324
018269 $CE $33 $19     DEC $1933 [7F1933] = $04        A:0000 X:0AC5 Y:CAA2 S:1FC0 D:192B DB:7F P:NvMxdizC V:123 H:327
01826C $D0 $EC         BNE $01825A                     A:0000 X:0AC5 Y:CAA2 S:1FC0 D:192B DB:7F P:nvMxdizC V:123 H:339
01825A $BF $20 $CA $04 LDA $04CA20,X [04D4E5] = $68    A:0000 X:0AC5 Y:CAA2 S:1FC0 D:192B DB:7F P:nvMxdizC V:124 H:4  
01825E $E8             INX                             A:0068 X:0AC5 Y:CAA2 S:1FC0 D:192B DB:7F P:nvMxdizC V:124 H:14 
01825F $99 $00 $00     STA $0000,Y [7FCAA2] = $68      A:0068 X:0AC6 Y:CAA2 S:1FC0 D:192B DB:7F P:nvMxdizC V:124 H:18 
018262 $C8             INY                             A:0068 X:0AC6 Y:CAA2 S:1FC0 D:192B DB:7F P:nvMxdizC V:124 H:27 
018263 $A9 $00         LDA #$00                        A:0068 X:0AC6 Y:CAA3 S:1FC0 D:192B DB:7F P:NvMxdizC V:124 H:31 
018265 $99 $00 $00     STA $0000,Y [7FCAA3] = $00      A:0000 X:0AC6 Y:CAA3 S:1FC0 D:192B DB:7F P:nvMxdiZC V:124 H:35 
018268 $C8             INY                             A:0000 X:0AC6 Y:CAA3 S:1FC0 D:192B DB:7F P:nvMxdiZC V:124 H:44 
018269 $CE $33 $19     DEC $1933 [7F1933] = $03        A:0000 X:0AC6 Y:CAA4 S:1FC0 D:192B DB:7F P:NvMxdizC V:124 H:48 
01826C $D0 $EC         BNE $01825A                     A:0000 X:0AC6 Y:CAA4 S:1FC0 D:192B DB:7F P:nvMxdizC V:124 H:59 
01825A $BF $20 $CA $04 LDA $04CA20,X [04D4E6] = $E5    A:0000 X:0AC6 Y:CAA4 S:1FC0 D:192B DB:7F P:nvMxdizC V:124 H:65 
01825E $E8             INX                             A:00E5 X:0AC6 Y:CAA4 S:1FC0 D:192B DB:7F P:NvMxdizC V:124 H:75 
01825F $99 $00 $00     STA $0000,Y [7FCAA4] = $E5      A:00E5 X:0AC7 Y:CAA4 S:1FC0 D:192B DB:7F P:nvMxdizC V:124 H:78 
018262 $C8             INY                             A:00E5 X:0AC7 Y:CAA4 S:1FC0 D:192B DB:7F P:nvMxdizC V:124 H:88 
018263 $A9 $00         LDA #$00                        A:00E5 X:0AC7 Y:CAA5 S:1FC0 D:192B DB:7F P:NvMxdizC V:124 H:91 
018265 $99 $00 $00     STA $0000,Y [7FCAA5] = $00      A:0000 X:0AC7 Y:CAA5 S:1FC0 D:192B DB:7F P:nvMxdiZC V:124 H:95 
018268 $C8             INY                             A:0000 X:0AC7 Y:CAA5 S:1FC0 D:192B DB:7F P:nvMxdiZC V:124 H:105
018269 $CE $33 $19     DEC $1933 [7F1933] = $02        A:0000 X:0AC7 Y:CAA6 S:1FC0 D:192B DB:7F P:NvMxdizC V:124 H:108
01826C $D0 $EC         BNE $01825A                     A:0000 X:0AC7 Y:CAA6 S:1FC0 D:192B DB:7F P:nvMxdizC V:124 H:120
01825A $BF $20 $CA $04 LDA $04CA20,X [04D4E7] = $80    A:0000 X:0AC7 Y:CAA6 S:1FC0 D:192B DB:7F P:nvMxdizC V:124 H:125
01825E $E8             INX                             A:0080 X:0AC7 Y:CAA6 S:1FC0 D:192B DB:7F P:NvMxdizC V:124 H:145
01825F $99 $00 $00     STA $0000,Y [7FCAA6] = $80      A:0080 X:0AC8 Y:CAA6 S:1FC0 D:192B DB:7F P:nvMxdizC V:124 H:149
018262 $C8             INY                             A:0080 X:0AC8 Y:CAA6 S:1FC0 D:192B DB:7F P:nvMxdizC V:124 H:158
018263 $A9 $00         LDA #$00                        A:0080 X:0AC8 Y:CAA7 S:1FC0 D:192B DB:7F P:NvMxdizC V:124 H:162
018265 $99 $00 $00     STA $0000,Y [7FCAA7] = $00      A:0000 X:0AC8 Y:CAA7 S:1FC0 D:192B DB:7F P:nvMxdiZC V:124 H:166
018268 $C8             INY                             A:0000 X:0AC8 Y:CAA7 S:1FC0 D:192B DB:7F P:nvMxdiZC V:124 H:175
018269 $CE $33 $19     DEC $1933 [7F1933] = $01        A:0000 X:0AC8 Y:CAA8 S:1FC0 D:192B DB:7F P:NvMxdizC V:124 H:179
01826C $D0 $EC         BNE $01825A                     A:0000 X:0AC8 Y:CAA8 S:1FC0 D:192B DB:7F P:nvMxdiZC V:124 H:190
01826E $28             PLP                             A:0000 X:0AC8 Y:CAA8 S:1FC0 D:192B DB:7F P:nvMxdiZC V:124 H:194
01826F $AB             PLB                             A:0000 X:0AC8 Y:CAA8 S:1FC1 D:192B DB:7F P:nvmxdizc V:124 H:201
018270 $60             RTS                             A:0000 X:0AC8 Y:CAA8 S:1FC2 D:192B DB:01 P:nvmxdizc V:124 H:208
018218 $A5 $00         LDA $00 [00192B] = $0AB0        A:0000 X:0AC8 Y:CAA8 S:1FC4 D:192B DB:01 P:nvmxdizc V:124 H:219
01821A $18             CLC                             A:0AB0 X:0AC8 Y:CAA8 S:1FC4 D:192B DB:01 P:nvmxdizc V:124 H:228
01821B $69 $18 $00     ADC #$0018                      A:0AB0 X:0AC8 Y:CAA8 S:1FC4 D:192B DB:01 P:nvmxdizc V:124 H:232
01821E $85 $00         STA $00 [00192B] = $0AB0        A:0AC8 X:0AC8 Y:CAA8 S:1FC4 D:192B DB:01 P:nvmxdizc V:124 H:238
018220 $A5 $02         LDA $02 [00192D] = $CA88        A:0AC8 X:0AC8 Y:CAA8 S:1FC4 D:192B DB:01 P:nvmxdizc V:124 H:247
018222 $18             CLC                             A:CA88 X:0AC8 Y:CAA8 S:1FC4 D:192B DB:01 P:Nvmxdizc V:124 H:257
018223 $69 $20 $00     ADC #$0020                      A:CA88 X:0AC8 Y:CAA8 S:1FC4 D:192B DB:01 P:Nvmxdizc V:124 H:260
018226 $85 $02         STA $02 [00192D] = $CA88        A:CAA8 X:0AC8 Y:CAA8 S:1FC4 D:192B DB:01 P:Nvmxdizc V:124 H:266
018228 $C6 $06         DEC $06 [001931] = $001A        A:CAA8 X:0AC8 Y:CAA8 S:1FC4 D:192B DB:01 P:Nvmxdizc V:124 H:276
01822A $D0 $E9         BNE $018215                     A:CAA8 X:0AC8 Y:CAA8 S:1FC4 D:192B DB:01 P:nvmxdizc V:124 H:309
018215 $20 $2E $82     JSR $822E [01822E] = $088B      A:CAA8 X:0AC8 Y:CAA8 S:1FC4 D:192B DB:01 P:nvmxdizc V:124 H:314
01822E $8B             PHB                             A:CAA8 X:0AC8 Y:CAA8 S:1FC2 D:192B DB:01 P:nvmxdizc V:124 H:325
01822F $08             PHP                             A:CAA8 X:0AC8 Y:CAA8 S:1FC1 D:192B DB:01 P:nvmxdizc V:124 H:330
018230 $C2 $30         REP #$30                        A:CAA8 X:0AC8 Y:CAA8 S:1FC0 D:192B DB:01 P:nvmxdizc V:124 H:336
018232 $8B             PHB                             A:CAA8 X:0AC8 Y:CAA8 S:1FC0 D:192B DB:01 P:nvmxdizc V:125 H:1  
018233 $AD $2B $19     LDA $192B [01192B] = $0AC8      A:CAA8 X:0AC8 Y:CAA8 S:1FBF D:192B DB:01 P:nvmxdizc V:125 H:7  
018236 $18             CLC                             A:0AC8 X:0AC8 Y:CAA8 S:1FBF D:192B DB:01 P:nvmxdizc V:125 H:17 
018237 $69 $20 $CA     ADC #$CA20                      A:0AC8 X:0AC8 Y:CAA8 S:1FBF D:192B DB:01 P:nvmxdizc V:125 H:20 
01823A $AA             TAX                             A:D4E8 X:0AC8 Y:CAA8 S:1FBF D:192B DB:01 P:Nvmxdizc V:125 H:26 
01823B $AC $2D $19     LDY $192D [01192D] = $CAA8      A:D4E8 X:D4E8 Y:CAA8 S:1FBF D:192B DB:01 P:Nvmxdizc V:125 H:30 
01823E $A9 $0F $00     LDA #$000F                      A:D4E8 X:D4E8 Y:CAA8 S:1FBF D:192B DB:01 P:Nvmxdizc V:125 H:40 
018241 $54 $7F $04     MVN $04 -> $7F                  A:000F X:D4E8 Y:CAA8 S:1FBF D:192B DB:01 P:nvmxdizc V:125 H:46 
018241 $54 $7F $04     MVN $04 -> $7F                  A:000E X:D4E9 Y:CAA9 S:1FBF D:192B DB:7F P:nvmxdizc V:125 H:59 
018241 $54 $7F $04     MVN $04 -> $7F                  A:000D X:D4EA Y:CAAA S:1FBF D:192B DB:7F P:nvmxdizc V:125 H:72 
018241 $54 $7F $04     MVN $04 -> $7F                  A:000C X:D4EB Y:CAAB S:1FBF D:192B DB:7F P:nvmxdizc V:125 H:85 
018241 $54 $7F $04     MVN $04 -> $7F                  A:000B X:D4EC Y:CAAC S:1FBF D:192B DB:7F P:nvmxdizc V:125 H:98 
018241 $54 $7F $04     MVN $04 -> $7F                  A:000A X:D4ED Y:CAAD S:1FBF D:192B DB:7F P:nvmxdizc V:125 H:111
018241 $54 $7F $04     MVN $04 -> $7F                  A:0009 X:D4EE Y:CAAE S:1FBF D:192B DB:7F P:nvmxdizc V:125 H:124
018241 $54 $7F $04     MVN $04 -> $7F                  A:0008 X:D4EF Y:CAAF S:1FBF D:192B DB:7F P:nvmxdizc V:125 H:147
018241 $54 $7F $04     MVN $04 -> $7F                  A:0007 X:D4F0 Y:CAB0 S:1FBF D:192B DB:7F P:nvmxdizc V:125 H:160
018241 $54 $7F $04     MVN $04 -> $7F                  A:0006 X:D4F1 Y:CAB1 S:1FBF D:192B DB:7F P:nvmxdizc V:125 H:173
018241 $54 $7F $04     MVN $04 -> $7F                  A:0005 X:D4F2 Y:CAB2 S:1FBF D:192B DB:7F P:nvmxdizc V:125 H:186
018241 $54 $7F $04     MVN $04 -> $7F                  A:0004 X:D4F3 Y:CAB3 S:1FBF D:192B DB:7F P:nvmxdizc V:125 H:199
018241 $54 $7F $04     MVN $04 -> $7F                  A:0003 X:D4F4 Y:CAB4 S:1FBF D:192B DB:7F P:nvmxdizc V:125 H:212
018241 $54 $7F $04     MVN $04 -> $7F                  A:0002 X:D4F5 Y:CAB5 S:1FBF D:192B DB:7F P:nvmxdizc V:125 H:225
018241 $54 $7F $04     MVN $04 -> $7F                  A:0001 X:D4F6 Y:CAB6 S:1FBF D:192B DB:7F P:nvmxdizc V:125 H:238
018241 $54 $7F $04     MVN $04 -> $7F                  A:0000 X:D4F7 Y:CAB7 S:1FBF D:192B DB:7F P:nvmxdizc V:125 H:251
018244 $AB             PLB                             A:FFFF X:D4F8 Y:CAB8 S:1FBF D:192B DB:7F P:nvmxdizc V:125 H:264
018245 $8A             TXA                             A:FFFF X:D4F8 Y:CAB8 S:1FC0 D:192B DB:01 P:nvmxdizc V:125 H:271
018246 $38             SEC                             A:D4F8 X:D4F8 Y:CAB8 S:1FC0 D:192B DB:01 P:Nvmxdizc V:125 H:274
018247 $E9 $20 $CA     SBC #$CA20                      A:D4F8 X:D4F8 Y:CAB8 S:1FC0 D:192B DB:01 P:NvmxdizC V:125 H:290
01824A $AA             TAX                             A:0AD8 X:D4F8 Y:CAB8 S:1FC0 D:192B DB:01 P:nvmxdizC V:125 H:296
01824B $E2 $20         SEP #$20                        A:0AD8 X:0AD8 Y:CAB8 S:1FC0 D:192B DB:01 P:nvmxdizC V:125 H:299
01824D $C2 $10         REP #$10                        A:0AD8 X:0AD8 Y:CAB8 S:1FC0 D:192B DB:01 P:nvMxdizC V:125 H:305
01824F $F4 $7F $00     PEA #$007F                      A:0AD8 X:0AD8 Y:CAB8 S:1FC0 D:192B DB:01 P:nvMxdizC V:125 H:310
018252 $AB             PLB                             A:0AD8 X:0AD8 Y:CAB8 S:1FBE D:192B DB:01 P:nvMxdizC V:125 H:320
018253 $68             PLA                             A:0AD8 X:0AD8 Y:CAB8 S:1FBF D:192B DB:7F P:nvMxdizC V:125 H:327
018254 $EB             XBA                             A:0A00 X:0AD8 Y:CAB8 S:1FC0 D:192B DB:7F P:nvMxdiZC V:125 H:333
018255 $A9 $08         LDA #$08                        A:000A X:0AD8 Y:CAB8 S:1FC0 D:192B DB:7F P:nvMxdizC V:125 H:338
018257 $8D $33 $19     STA $1933 [7F1933] = $00        A:0008 X:0AD8 Y:CAB8 S:1FC0 D:192B DB:7F P:nvMxdizC V:126 H:2  
01825A $BF $20 $CA $04 LDA $04CA20,X [04D4F8] = $C7    A:0008 X:0AD8 Y:CAB8 S:1FC0 D:192B DB:7F P:nvMxdizC V:126 H:10 
01825E $E8             INX                             A:00C7 X:0AD8 Y:CAB8 S:1FC0 D:192B DB:7F P:NvMxdizC V:126 H:20 
01825F $99 $00 $00     STA $0000,Y [7FCAB8] = $C7      A:00C7 X:0AD9 Y:CAB8 S:1FC0 D:192B DB:7F P:nvMxdizC V:126 H:24 
018262 $C8             INY                             A:00C7 X:0AD9 Y:CAB8 S:1FC0 D:192B DB:7F P:nvMxdizC V:126 H:33 
018263 $A9 $00         LDA #$00                        A:00C7 X:0AD9 Y:CAB9 S:1FC0 D:192B DB:7F P:NvMxdizC V:126 H:37 
018265 $99 $00 $00     STA $0000,Y [7FCAB9] = $00      A:0000 X:0AD9 Y:CAB9 S:1FC0 D:192B DB:7F P:nvMxdiZC V:126 H:41 
018268 $C8             INY                             A:0000 X:0AD9 Y:CAB9 S:1FC0 D:192B DB:7F P:nvMxdiZC V:126 H:50 
018269 $CE $33 $19     DEC $1933 [7F1933] = $08        A:0000 X:0AD9 Y:CABA S:1FC0 D:192B DB:7F P:NvMxdizC V:126 H:54 
01826C $D0 $EC         BNE $01825A                     A:0000 X:0AD9 Y:CABA S:1FC0 D:192B DB:7F P:nvMxdizC V:126 H:65 
01825A $BF $20 $CA $04 LDA $04CA20,X [04D4F9] = $1E    A:0000 X:0AD9 Y:CABA S:1FC0 D:192B DB:7F P:nvMxdizC V:126 H:71 
01825E $E8             INX                             A:001E X:0AD9 Y:CABA S:1FC0 D:192B DB:7F P:nvMxdizC V:126 H:81 
01825F $99 $00 $00     STA $0000,Y [7FCABA] = $1E      A:001E X:0ADA Y:CABA S:1FC0 D:192B DB:7F P:nvMxdizC V:126 H:84 
018262 $C8             INY                             A:001E X:0ADA Y:CABA S:1FC0 D:192B DB:7F P:nvMxdizC V:126 H:94 
018263 $A9 $00         LDA #$00                        A:001E X:0ADA Y:CABB S:1FC0 D:192B DB:7F P:NvMxdizC V:126 H:97 
018265 $99 $00 $00     STA $0000,Y [7FCABB] = $00      A:0000 X:0ADA Y:CABB S:1FC0 D:192B DB:7F P:nvMxdiZC V:126 H:101
018268 $C8             INY                             A:0000 X:0ADA Y:CABB S:1FC0 D:192B DB:7F P:nvMxdiZC V:126 H:111
018269 $CE $33 $19     DEC $1933 [7F1933] = $07        A:0000 X:0ADA Y:CABC S:1FC0 D:192B DB:7F P:NvMxdizC V:126 H:114
01826C $D0 $EC         BNE $01825A                     A:0000 X:0ADA Y:CABC S:1FC0 D:192B DB:7F P:nvMxdizC V:126 H:126
01825A $BF $20 $CA $04 LDA $04CA20,X [04D4FA] = $3C    A:0000 X:0ADA Y:CABC S:1FC0 D:192B DB:7F P:nvMxdizC V:126 H:131
01825E $E8             INX                             A:003C X:0ADA Y:CABC S:1FC0 D:192B DB:7F P:nvMxdizC V:126 H:151
01825F $99 $00 $00     STA $0000,Y [7FCABC] = $3C      A:003C X:0ADB Y:CABC S:1FC0 D:192B DB:7F P:nvMxdizC V:126 H:155
018262 $C8             INY                             A:003C X:0ADB Y:CABC S:1FC0 D:192B DB:7F P:nvMxdizC V:126 H:164
018263 $A9 $00         LDA #$00                        A:003C X:0ADB Y:CABD S:1FC0 D:192B DB:7F P:NvMxdizC V:126 H:168
018265 $99 $00 $00     STA $0000,Y [7FCABD] = $00      A:0000 X:0ADB Y:CABD S:1FC0 D:192B DB:7F P:nvMxdiZC V:126 H:172
018268 $C8             INY                             A:0000 X:0ADB Y:CABD S:1FC0 D:192B DB:7F P:nvMxdiZC V:126 H:181
018269 $CE $33 $19     DEC $1933 [7F1933] = $06        A:0000 X:0ADB Y:CABE S:1FC0 D:192B DB:7F P:NvMxdizC V:126 H:185
01826C $D0 $EC         BNE $01825A                     A:0000 X:0ADB Y:CABE S:1FC0 D:192B DB:7F P:nvMxdizC V:126 H:196
01825A $BF $20 $CA $04 LDA $04CA20,X [04D4FB] = $0E    A:0000 X:0ADB Y:CABE S:1FC0 D:192B DB:7F P:nvMxdizC V:126 H:202
01825E $E8             INX                             A:000E X:0ADB Y:CABE S:1FC0 D:192B DB:7F P:nvMxdizC V:126 H:212
01825F $99 $00 $00     STA $0000,Y [7FCABE] = $0E      A:000E X:0ADC Y:CABE S:1FC0 D:192B DB:7F P:nvMxdizC V:126 H:215
018262 $C8             INY                             A:000E X:0ADC Y:CABE S:1FC0 D:192B DB:7F P:nvMxdizC V:126 H:225
018263 $A9 $00         LDA #$00                        A:000E X:0ADC Y:CABF S:1FC0 D:192B DB:7F P:NvMxdizC V:126 H:228
018265 $99 $00 $00     STA $0000,Y [7FCABF] = $00      A:0000 X:0ADC Y:CABF S:1FC0 D:192B DB:7F P:nvMxdiZC V:126 H:232
018268 $C8             INY                             A:0000 X:0ADC Y:CABF S:1FC0 D:192B DB:7F P:nvMxdiZC V:126 H:242
018269 $CE $33 $19     DEC $1933 [7F1933] = $05        A:0000 X:0ADC Y:CAC0 S:1FC0 D:192B DB:7F P:NvMxdizC V:126 H:245
01826C $D0 $EC         BNE $01825A                     A:0000 X:0ADC Y:CAC0 S:1FC0 D:192B DB:7F P:nvMxdizC V:126 H:257
01825A $BF $20 $CA $04 LDA $04CA20,X [04D4FC] = $86    A:0000 X:0ADC Y:CAC0 S:1FC0 D:192B DB:7F P:nvMxdizC V:126 H:262
01825E $E8             INX                             A:0086 X:0ADC Y:CAC0 S:1FC0 D:192B DB:7F P:NvMxdizC V:126 H:272
01825F $99 $00 $00     STA $0000,Y [7FCAC0] = $86      A:0086 X:0ADD Y:CAC0 S:1FC0 D:192B DB:7F P:nvMxdizC V:126 H:276
018262 $C8             INY                             A:0086 X:0ADD Y:CAC0 S:1FC0 D:192B DB:7F P:nvMxdizC V:126 H:303
018263 $A9 $00         LDA #$00                        A:0086 X:0ADD Y:CAC1 S:1FC0 D:192B DB:7F P:NvMxdizC V:126 H:307
018265 $99 $00 $00     STA $0000,Y [7FCAC1] = $00      A:0000 X:0ADD Y:CAC1 S:1FC0 D:192B DB:7F P:nvMxdiZC V:126 H:311
018268 $C8             INY                             A:0000 X:0ADD Y:CAC1 S:1FC0 D:192B DB:7F P:nvMxdiZC V:126 H:320
018269 $CE $33 $19     DEC $1933 [7F1933] = $04        A:0000 X:0ADD Y:CAC2 S:1FC0 D:192B DB:7F P:NvMxdizC V:126 H:323
01826C $D0 $EC         BNE $01825A                     A:0000 X:0ADD Y:CAC2 S:1FC0 D:192B DB:7F P:nvMxdizC V:126 H:334
01825A $BF $20 $CA $04 LDA $04CA20,X [04D4FD] = $AA    A:0000 X:0ADD Y:CAC2 S:1FC0 D:192B DB:7F P:nvMxdizC V:127 H:0  
01825E $E8             INX                             A:00AA X:0ADD Y:CAC2 S:1FC0 D:192B DB:7F P:NvMxdizC V:127 H:10 
01825F $99 $00 $00     STA $0000,Y [7FCAC2] = $AA      A:00AA X:0ADE Y:CAC2 S:1FC0 D:192B DB:7F P:nvMxdizC V:127 H:13 
018262 $C8             INY                             A:00AA X:0ADE Y:CAC2 S:1FC0 D:192B DB:7F P:nvMxdizC V:127 H:23 
018263 $A9 $00         LDA #$00                        A:00AA X:0ADE Y:CAC3 S:1FC0 D:192B DB:7F P:NvMxdizC V:127 H:26 
018265 $99 $00 $00     STA $0000,Y [7FCAC3] = $00      A:0000 X:0ADE Y:CAC3 S:1FC0 D:192B DB:7F P:nvMxdiZC V:127 H:30 
018268 $C8             INY                             A:0000 X:0ADE Y:CAC3 S:1FC0 D:192B DB:7F P:nvMxdiZC V:127 H:40 
018269 $CE $33 $19     DEC $1933 [7F1933] = $03        A:0000 X:0ADE Y:CAC4 S:1FC0 D:192B DB:7F P:NvMxdizC V:127 H:43 
01826C $D0 $EC         BNE $01825A                     A:0000 X:0ADE Y:CAC4 S:1FC0 D:192B DB:7F P:nvMxdizC V:127 H:55 
01825A $BF $20 $CA $04 LDA $04CA20,X [04D4FE] = $0C    A:0000 X:0ADE Y:CAC4 S:1FC0 D:192B DB:7F P:nvMxdizC V:127 H:60 
01825E $E8             INX                             A:000C X:0ADE Y:CAC4 S:1FC0 D:192B DB:7F P:nvMxdizC V:127 H:70 
01825F $99 $00 $00     STA $0000,Y [7FCAC4] = $0C      A:000C X:0ADF Y:CAC4 S:1FC0 D:192B DB:7F P:nvMxdizC V:127 H:74 
018262 $C8             INY                             A:000C X:0ADF Y:CAC4 S:1FC0 D:192B DB:7F P:nvMxdizC V:127 H:83 
018263 $A9 $00         LDA #$00                        A:000C X:0ADF Y:CAC5 S:1FC0 D:192B DB:7F P:NvMxdizC V:127 H:87 
018265 $99 $00 $00     STA $0000,Y [7FCAC5] = $00      A:0000 X:0ADF Y:CAC5 S:1FC0 D:192B DB:7F P:nvMxdiZC V:127 H:91 
018268 $C8             INY                             A:0000 X:0ADF Y:CAC5 S:1FC0 D:192B DB:7F P:nvMxdiZC V:127 H:100
018269 $CE $33 $19     DEC $1933 [7F1933] = $02        A:0000 X:0ADF Y:CAC6 S:1FC0 D:192B DB:7F P:NvMxdizC V:127 H:104
01826C $D0 $EC         BNE $01825A                     A:0000 X:0ADF Y:CAC6 S:1FC0 D:192B DB:7F P:nvMxdizC V:127 H:115
01825A $BF $20 $CA $04 LDA $04CA20,X [04D4FF] = $01    A:0000 X:0ADF Y:CAC6 S:1FC0 D:192B DB:7F P:nvMxdizC V:127 H:121
01825E $E8             INX                             A:0001 X:0ADF Y:CAC6 S:1FC0 D:192B DB:7F P:nvMxdizC V:127 H:131
01825F $99 $00 $00     STA $0000,Y [7FCAC6] = $01      A:0001 X:0AE0 Y:CAC6 S:1FC0 D:192B DB:7F P:nvMxdizC V:127 H:144
018262 $C8             INY                             A:0001 X:0AE0 Y:CAC6 S:1FC0 D:192B DB:7F P:nvMxdizC V:127 H:154
018263 $A9 $00         LDA #$00                        A:0001 X:0AE0 Y:CAC7 S:1FC0 D:192B DB:7F P:NvMxdizC V:127 H:157
018265 $99 $00 $00     STA $0000,Y [7FCAC7] = $00      A:0000 X:0AE0 Y:CAC7 S:1FC0 D:192B DB:7F P:nvMxdiZC V:127 H:161
018268 $C8             INY                             A:0000 X:0AE0 Y:CAC7 S:1FC0 D:192B DB:7F P:nvMxdiZC V:127 H:171
018269 $CE $33 $19     DEC $1933 [7F1933] = $01        A:0000 X:0AE0 Y:CAC8 S:1FC0 D:192B DB:7F P:NvMxdizC V:127 H:174
01826C $D0 $EC         BNE $01825A                     A:0000 X:0AE0 Y:CAC8 S:1FC0 D:192B DB:7F P:nvMxdiZC V:127 H:186
01826E $28             PLP                             A:0000 X:0AE0 Y:CAC8 S:1FC0 D:192B DB:7F P:nvMxdiZC V:127 H:190
01826F $AB             PLB                             A:0000 X:0AE0 Y:CAC8 S:1FC1 D:192B DB:7F P:nvmxdizc V:127 H:197
018270 $60             RTS                             A:0000 X:0AE0 Y:CAC8 S:1FC2 D:192B DB:01 P:nvmxdizc V:127 H:204
018218 $A5 $00         LDA $00 [00192B] = $0AC8        A:0000 X:0AE0 Y:CAC8 S:1FC4 D:192B DB:01 P:nvmxdizc V:127 H:214
01821A $18             CLC                             A:0AC8 X:0AE0 Y:CAC8 S:1FC4 D:192B DB:01 P:nvmxdizc V:127 H:224
01821B $69 $18 $00     ADC #$0018                      A:0AC8 X:0AE0 Y:CAC8 S:1FC4 D:192B DB:01 P:nvmxdizc V:127 H:227
01821E $85 $00         STA $00 [00192B] = $0AC8        A:0AE0 X:0AE0 Y:CAC8 S:1FC4 D:192B DB:01 P:nvmxdizc V:127 H:233
018220 $A5 $02         LDA $02 [00192D] = $CAA8        A:0AE0 X:0AE0 Y:CAC8 S:1FC4 D:192B DB:01 P:nvmxdizc V:127 H:243
018222 $18             CLC                             A:CAA8 X:0AE0 Y:CAC8 S:1FC4 D:192B DB:01 P:Nvmxdizc V:127 H:252
018223 $69 $20 $00     ADC #$0020                      A:CAA8 X:0AE0 Y:CAC8 S:1FC4 D:192B DB:01 P:Nvmxdizc V:127 H:256
018226 $85 $02         STA $02 [00192D] = $CAA8        A:CAC8 X:0AE0 Y:CAC8 S:1FC4 D:192B DB:01 P:Nvmxdizc V:127 H:262
018228 $C6 $06         DEC $06 [001931] = $0019        A:CAC8 X:0AE0 Y:CAC8 S:1FC4 D:192B DB:01 P:Nvmxdizc V:127 H:271
01822A $D0 $E9         BNE $018215                     A:CAC8 X:0AE0 Y:CAC8 S:1FC4 D:192B DB:01 P:nvmxdizc V:127 H:300
018215 $20 $2E $82     JSR $822E [01822E] = $088B      A:CAC8 X:0AE0 Y:CAC8 S:1FC4 D:192B DB:01 P:nvmxdizc V:127 H:306
01822E $8B             PHB                             A:CAC8 X:0AE0 Y:CAC8 S:1FC2 D:192B DB:01 P:nvmxdizc V:127 H:317
01822F $08             PHP                             A:CAC8 X:0AE0 Y:CAC8 S:1FC1 D:192B DB:01 P:nvmxdizc V:127 H:323
018230 $C2 $30         REP #$30                        A:CAC8 X:0AE0 Y:CAC8 S:1FC0 D:192B DB:01 P:nvmxdizc V:127 H:327
018232 $8B             PHB                             A:CAC8 X:0AE0 Y:CAC8 S:1FC0 D:192B DB:01 P:nvmxdizc V:127 H:333
018233 $AD $2B $19     LDA $192B [01192B] = $0AE0      A:CAC8 X:0AE0 Y:CAC8 S:1FBF D:192B DB:01 P:nvmxdizc V:127 H:338
018236 $18             CLC                             A:0AE0 X:0AE0 Y:CAC8 S:1FBF D:192B DB:01 P:nvmxdizc V:128 H:8  
018237 $69 $20 $CA     ADC #$CA20                      A:0AE0 X:0AE0 Y:CAC8 S:1FBF D:192B DB:01 P:nvmxdizc V:128 H:12 
01823A $AA             TAX                             A:D500 X:0AE0 Y:CAC8 S:1FBF D:192B DB:01 P:Nvmxdizc V:128 H:18 
01823B $AC $2D $19     LDY $192D [01192D] = $CAC8      A:D500 X:D500 Y:CAC8 S:1FBF D:192B DB:01 P:Nvmxdizc V:128 H:21 
01823E $A9 $0F $00     LDA #$000F                      A:D500 X:D500 Y:CAC8 S:1FBF D:192B DB:01 P:Nvmxdizc V:128 H:31 
018241 $54 $7F $04     MVN $04 -> $7F                  A:000F X:D500 Y:CAC8 S:1FBF D:192B DB:01 P:nvmxdizc V:128 H:37 
018241 $54 $7F $04     MVN $04 -> $7F                  A:000E X:D501 Y:CAC9 S:1FBF D:192B DB:7F P:nvmxdizc V:128 H:50 
018241 $54 $7F $04     MVN $04 -> $7F                  A:000D X:D502 Y:CACA S:1FBF D:192B DB:7F P:nvmxdizc V:128 H:63 
018241 $54 $7F $04     MVN $04 -> $7F                  A:000C X:D503 Y:CACB S:1FBF D:192B DB:7F P:nvmxdizc V:128 H:76 
018241 $54 $7F $04     MVN $04 -> $7F                  A:000B X:D504 Y:CACC S:1FBF D:192B DB:7F P:nvmxdizc V:128 H:89 
018241 $54 $7F $04     MVN $04 -> $7F                  A:000A X:D505 Y:CACD S:1FBF D:192B DB:7F P:nvmxdizc V:128 H:102
018241 $54 $7F $04     MVN $04 -> $7F                  A:0009 X:D506 Y:CACE S:1FBF D:192B DB:7F P:nvmxdizc V:128 H:115
018241 $54 $7F $04     MVN $04 -> $7F                  A:0008 X:D507 Y:CACF S:1FBF D:192B DB:7F P:nvmxdizc V:128 H:128
018241 $54 $7F $04     MVN $04 -> $7F                  A:0007 X:D508 Y:CAD0 S:1FBF D:192B DB:7F P:nvmxdizc V:128 H:151
018241 $54 $7F $04     MVN $04 -> $7F                  A:0006 X:D509 Y:CAD1 S:1FBF D:192B DB:7F P:nvmxdizc V:128 H:164
018241 $54 $7F $04     MVN $04 -> $7F                  A:0005 X:D50A Y:CAD2 S:1FBF D:192B DB:7F P:nvmxdizc V:128 H:177
018241 $54 $7F $04     MVN $04 -> $7F                  A:0004 X:D50B Y:CAD3 S:1FBF D:192B DB:7F P:nvmxdizc V:128 H:190
018241 $54 $7F $04     MVN $04 -> $7F                  A:0003 X:D50C Y:CAD4 S:1FBF D:192B DB:7F P:nvmxdizc V:128 H:203
018241 $54 $7F $04     MVN $04 -> $7F                  A:0002 X:D50D Y:CAD5 S:1FBF D:192B DB:7F P:nvmxdizc V:128 H:216
018241 $54 $7F $04     MVN $04 -> $7F                  A:0001 X:D50E Y:CAD6 S:1FBF D:192B DB:7F P:nvmxdizc V:128 H:229
018241 $54 $7F $04     MVN $04 -> $7F                  A:0000 X:D50F Y:CAD7 S:1FBF D:192B DB:7F P:nvmxdizc V:128 H:242
018244 $AB             PLB                             A:FFFF X:D510 Y:CAD8 S:1FBF D:192B DB:7F P:nvmxdizc V:128 H:255
018245 $8A             TXA                             A:FFFF X:D510 Y:CAD8 S:1FC0 D:192B DB:01 P:nvmxdizc V:128 H:262
018246 $38             SEC                             A:D510 X:D510 Y:CAD8 S:1FC0 D:192B DB:01 P:Nvmxdizc V:128 H:266
018247 $E9 $20 $CA     SBC #$CA20                      A:D510 X:D510 Y:CAD8 S:1FC0 D:192B DB:01 P:NvmxdizC V:128 H:269
01824A $AA             TAX                             A:0AF0 X:D510 Y:CAD8 S:1FC0 D:192B DB:01 P:nvmxdizC V:128 H:275
01824B $E2 $20         SEP #$20                        A:0AF0 X:0AF0 Y:CAD8 S:1FC0 D:192B DB:01 P:nvmxdizC V:128 H:291
01824D $C2 $10         REP #$10                        A:0AF0 X:0AF0 Y:CAD8 S:1FC0 D:192B DB:01 P:nvMxdizC V:128 H:296
01824F $F4 $7F $00     PEA #$007F                      A:0AF0 X:0AF0 Y:CAD8 S:1FC0 D:192B DB:01 P:nvMxdizC V:128 H:302
018252 $AB             PLB                             A:0AF0 X:0AF0 Y:CAD8 S:1FBE D:192B DB:01 P:nvMxdizC V:128 H:312
018253 $68             PLA                             A:0AF0 X:0AF0 Y:CAD8 S:1FBF D:192B DB:7F P:nvMxdizC V:128 H:319
018254 $EB             XBA                             A:0A00 X:0AF0 Y:CAD8 S:1FC0 D:192B DB:7F P:nvMxdiZC V:128 H:325
018255 $A9 $08         LDA #$08                        A:000A X:0AF0 Y:CAD8 S:1FC0 D:192B DB:7F P:nvMxdizC V:128 H:330
018257 $8D $33 $19     STA $1933 [7F1933] = $00        A:0008 X:0AF0 Y:CAD8 S:1FC0 D:192B DB:7F P:nvMxdizC V:128 H:334
01825A $BF $20 $CA $04 LDA $04CA20,X [04D510] = $70    A:0008 X:0AF0 Y:CAD8 S:1FC0 D:192B DB:7F P:nvMxdizC V:129 H:2  
01825E $E8             INX                             A:0070 X:0AF0 Y:CAD8 S:1FC0 D:192B DB:7F P:nvMxdizC V:129 H:12 
01825F $99 $00 $00     STA $0000,Y [7FCAD8] = $70      A:0070 X:0AF1 Y:CAD8 S:1FC0 D:192B DB:7F P:nvMxdizC V:129 H:15 
018262 $C8             INY                             A:0070 X:0AF1 Y:CAD8 S:1FC0 D:192B DB:7F P:nvMxdizC V:129 H:25 
018263 $A9 $00         LDA #$00                        A:0070 X:0AF1 Y:CAD9 S:1FC0 D:192B DB:7F P:NvMxdizC V:129 H:28 
018265 $99 $00 $00     STA $0000,Y [7FCAD9] = $00      A:0000 X:0AF1 Y:CAD9 S:1FC0 D:192B DB:7F P:nvMxdiZC V:129 H:32 
018268 $C8             INY                             A:0000 X:0AF1 Y:CAD9 S:1FC0 D:192B DB:7F P:nvMxdiZC V:129 H:42 
018269 $CE $33 $19     DEC $1933 [7F1933] = $08        A:0000 X:0AF1 Y:CADA S:1FC0 D:192B DB:7F P:NvMxdizC V:129 H:45 
01826C $D0 $EC         BNE $01825A                     A:0000 X:0AF1 Y:CADA S:1FC0 D:192B DB:7F P:nvMxdizC V:129 H:57 
01825A $BF $20 $CA $04 LDA $04CA20,X [04D511] = $18    A:0000 X:0AF1 Y:CADA S:1FC0 D:192B DB:7F P:nvMxdizC V:129 H:62 
01825E $E8             INX                             A:0018 X:0AF1 Y:CADA S:1FC0 D:192B DB:7F P:nvMxdizC V:129 H:72 
01825F $99 $00 $00     STA $0000,Y [7FCADA] = $18      A:0018 X:0AF2 Y:CADA S:1FC0 D:192B DB:7F P:nvMxdizC V:129 H:76 
018262 $C8             INY                             A:0018 X:0AF2 Y:CADA S:1FC0 D:192B DB:7F P:nvMxdizC V:129 H:85 
018263 $A9 $00         LDA #$00                        A:0018 X:0AF2 Y:CADB S:1FC0 D:192B DB:7F P:NvMxdizC V:129 H:89 
018265 $99 $00 $00     STA $0000,Y [7FCADB] = $00      A:0000 X:0AF2 Y:CADB S:1FC0 D:192B DB:7F P:nvMxdiZC V:129 H:93 
018268 $C8             INY                             A:0000 X:0AF2 Y:CADB S:1FC0 D:192B DB:7F P:nvMxdiZC V:129 H:102
018269 $CE $33 $19     DEC $1933 [7F1933] = $07        A:0000 X:0AF2 Y:CADC S:1FC0 D:192B DB:7F P:NvMxdizC V:129 H:106
01826C $D0 $EC         BNE $01825A                     A:0000 X:0AF2 Y:CADC S:1FC0 D:192B DB:7F P:nvMxdizC V:129 H:117
01825A $BF $20 $CA $04 LDA $04CA20,X [04D512] = $00    A:0000 X:0AF2 Y:CADC S:1FC0 D:192B DB:7F P:nvMxdizC V:129 H:123
01825E $E8             INX                             A:0000 X:0AF2 Y:CADC S:1FC0 D:192B DB:7F P:nvMxdiZC V:129 H:133
01825F $99 $00 $00     STA $0000,Y [7FCADC] = $00      A:0000 X:0AF3 Y:CADC S:1FC0 D:192B DB:7F P:nvMxdizC V:129 H:146
018262 $C8             INY                             A:0000 X:0AF3 Y:CADC S:1FC0 D:192B DB:7F P:nvMxdizC V:129 H:156
018263 $A9 $00         LDA #$00                        A:0000 X:0AF3 Y:CADD S:1FC0 D:192B DB:7F P:NvMxdizC V:129 H:159
018265 $99 $00 $00     STA $0000,Y [7FCADD] = $00      A:0000 X:0AF3 Y:CADD S:1FC0 D:192B DB:7F P:nvMxdiZC V:129 H:163
018268 $C8             INY                             A:0000 X:0AF3 Y:CADD S:1FC0 D:192B DB:7F P:nvMxdiZC V:129 H:173
018269 $CE $33 $19     DEC $1933 [7F1933] = $06        A:0000 X:0AF3 Y:CADE S:1FC0 D:192B DB:7F P:NvMxdizC V:129 H:176
01826C $D0 $EC         BNE $01825A                     A:0000 X:0AF3 Y:CADE S:1FC0 D:192B DB:7F P:nvMxdizC V:129 H:188
01825A $BF $20 $CA $04 LDA $04CA20,X [04D513] = $08    A:0000 X:0AF3 Y:CADE S:1FC0 D:192B DB:7F P:nvMxdizC V:129 H:193
01825E $E8             INX                             A:0008 X:0AF3 Y:CADE S:1FC0 D:192B DB:7F P:nvMxdizC V:129 H:203
01825F $99 $00 $00     STA $0000,Y [7FCADE] = $08      A:0008 X:0AF4 Y:CADE S:1FC0 D:192B DB:7F P:nvMxdizC V:129 H:207
018262 $C8             INY                             A:0008 X:0AF4 Y:CADE S:1FC0 D:192B DB:7F P:nvMxdizC V:129 H:216
018263 $A9 $00         LDA #$00                        A:0008 X:0AF4 Y:CADF S:1FC0 D:192B DB:7F P:NvMxdizC V:129 H:220
018265 $99 $00 $00     STA $0000,Y [7FCADF] = $00      A:0000 X:0AF4 Y:CADF S:1FC0 D:192B DB:7F P:nvMxdiZC V:129 H:224
018268 $C8             INY                             A:0000 X:0AF4 Y:CADF S:1FC0 D:192B DB:7F P:nvMxdiZC V:129 H:233
018269 $CE $33 $19     DEC $1933 [7F1933] = $05        A:0000 X:0AF4 Y:CAE0 S:1FC0 D:192B DB:7F P:NvMxdizC V:129 H:237
01826C $D0 $EC         BNE $01825A                     A:0000 X:0AF4 Y:CAE0 S:1FC0 D:192B DB:7F P:nvMxdizC V:129 H:248
01825A $BF $20 $CA $04 LDA $04CA20,X [04D514] = $1E    A:0000 X:0AF4 Y:CAE0 S:1FC0 D:192B DB:7F P:nvMxdizC V:129 H:254
01825E $E8             INX                             A:001E X:0AF4 Y:CAE0 S:1FC0 D:192B DB:7F P:nvMxdizC V:129 H:264
01825F $99 $00 $00     STA $0000,Y [7FCAE0] = $1E      A:001E X:0AF5 Y:CAE0 S:1FC0 D:192B DB:7F P:nvMxdizC V:129 H:267
018262 $C8             INY                             A:001E X:0AF5 Y:CAE0 S:1FC0 D:192B DB:7F P:nvMxdizC V:129 H:291
018263 $A9 $00         LDA #$00                        A:001E X:0AF5 Y:CAE1 S:1FC0 D:192B DB:7F P:NvMxdizC V:129 H:294
018265 $99 $00 $00     STA $0000,Y [7FCAE1] = $00      A:0000 X:0AF5 Y:CAE1 S:1FC0 D:192B DB:7F P:nvMxdiZC V:129 H:298
018268 $C8             INY                             A:0000 X:0AF5 Y:CAE1 S:1FC0 D:192B DB:7F P:nvMxdiZC V:129 H:308
018269 $CE $33 $19     DEC $1933 [7F1933] = $04        A:0000 X:0AF5 Y:CAE2 S:1FC0 D:192B DB:7F P:NvMxdizC V:129 H:311
01826C $D0 $EC         BNE $01825A                     A:0000 X:0AF5 Y:CAE2 S:1FC0 D:192B DB:7F P:nvMxdizC V:129 H:323
01825A $BF $20 $CA $04 LDA $04CA20,X [04D515] = $1B    A:0000 X:0AF5 Y:CAE2 S:1FC0 D:192B DB:7F P:nvMxdizC V:129 H:327
01825E $E8             INX                             A:001B X:0AF5 Y:CAE2 S:1FC0 D:192B DB:7F P:nvMxdizC V:129 H:337
01825F $99 $00 $00     STA $0000,Y [7FCAE2] = $1B      A:001B X:0AF6 Y:CAE2 S:1FC0 D:192B DB:7F P:nvMxdizC V:130 H:1  
018262 $C8             INY                             A:001B X:0AF6 Y:CAE2 S:1FC0 D:192B DB:7F P:nvMxdizC V:130 H:10 
018263 $A9 $00         LDA #$00                        A:001B X:0AF6 Y:CAE3 S:1FC0 D:192B DB:7F P:NvMxdizC V:130 H:14 
018265 $99 $00 $00     STA $0000,Y [7FCAE3] = $00      A:0000 X:0AF6 Y:CAE3 S:1FC0 D:192B DB:7F P:nvMxdiZC V:130 H:18 
018268 $C8             INY                             A:0000 X:0AF6 Y:CAE3 S:1FC0 D:192B DB:7F P:nvMxdiZC V:130 H:27 
018269 $CE $33 $19     DEC $1933 [7F1933] = $03        A:0000 X:0AF6 Y:CAE4 S:1FC0 D:192B DB:7F P:NvMxdizC V:130 H:31 
01826C $D0 $EC         BNE $01825A                     A:0000 X:0AF6 Y:CAE4 S:1FC0 D:192B DB:7F P:nvMxdizC V:130 H:42 
01825A $BF $20 $CA $04 LDA $04CA20,X [04D516] = $23    A:0000 X:0AF6 Y:CAE4 S:1FC0 D:192B DB:7F P:nvMxdizC V:130 H:48 
01825E $E8             INX                             A:0023 X:0AF6 Y:CAE4 S:1FC0 D:192B DB:7F P:nvMxdizC V:130 H:58 
01825F $99 $00 $00     STA $0000,Y [7FCAE4] = $23      A:0023 X:0AF7 Y:CAE4 S:1FC0 D:192B DB:7F P:nvMxdizC V:130 H:61 
018262 $C8             INY                             A:0023 X:0AF7 Y:CAE4 S:1FC0 D:192B DB:7F P:nvMxdizC V:130 H:71 
018263 $A9 $00         LDA #$00                        A:0023 X:0AF7 Y:CAE5 S:1FC0 D:192B DB:7F P:NvMxdizC V:130 H:74 
018265 $99 $00 $00     STA $0000,Y [7FCAE5] = $00      A:0000 X:0AF7 Y:CAE5 S:1FC0 D:192B DB:7F P:nvMxdiZC V:130 H:78 
018268 $C8             INY                             A:0000 X:0AF7 Y:CAE5 S:1FC0 D:192B DB:7F P:nvMxdiZC V:130 H:88 
018269 $CE $33 $19     DEC $1933 [7F1933] = $02        A:0000 X:0AF7 Y:CAE6 S:1FC0 D:192B DB:7F P:NvMxdizC V:130 H:91 
01826C $D0 $EC         BNE $01825A                     A:0000 X:0AF7 Y:CAE6 S:1FC0 D:192B DB:7F P:nvMxdizC V:130 H:103
01825A $BF $20 $CA $04 LDA $04CA20,X [04D517] = $29    A:0000 X:0AF7 Y:CAE6 S:1FC0 D:192B DB:7F P:nvMxdizC V:130 H:108
01825E $E8             INX                             A:0029 X:0AF7 Y:CAE6 S:1FC0 D:192B DB:7F P:nvMxdizC V:130 H:118
01825F $99 $00 $00     STA $0000,Y [7FCAE6] = $29      A:0029 X:0AF8 Y:CAE6 S:1FC0 D:192B DB:7F P:nvMxdizC V:130 H:122
018262 $C8             INY                             A:0029 X:0AF8 Y:CAE6 S:1FC0 D:192B DB:7F P:nvMxdizC V:130 H:131
018263 $A9 $00         LDA #$00                        A:0029 X:0AF8 Y:CAE7 S:1FC0 D:192B DB:7F P:NvMxdizC V:130 H:145
018265 $99 $00 $00     STA $0000,Y [7FCAE7] = $00      A:0000 X:0AF8 Y:CAE7 S:1FC0 D:192B DB:7F P:nvMxdiZC V:130 H:149
018268 $C8             INY                             A:0000 X:0AF8 Y:CAE7 S:1FC0 D:192B DB:7F P:nvMxdiZC V:130 H:158
018269 $CE $33 $19     DEC $1933 [7F1933] = $01        A:0000 X:0AF8 Y:CAE8 S:1FC0 D:192B DB:7F P:NvMxdizC V:130 H:162
01826C $D0 $EC         BNE $01825A                     A:0000 X:0AF8 Y:CAE8 S:1FC0 D:192B DB:7F P:nvMxdiZC V:130 H:173
01826E $28             PLP                             A:0000 X:0AF8 Y:CAE8 S:1FC0 D:192B DB:7F P:nvMxdiZC V:130 H:177
01826F $AB             PLB                             A:0000 X:0AF8 Y:CAE8 S:1FC1 D:192B DB:7F P:nvmxdizc V:130 H:184
018270 $60             RTS                             A:0000 X:0AF8 Y:CAE8 S:1FC2 D:192B DB:01 P:nvmxdizc V:130 H:191
018218 $A5 $00         LDA $00 [00192B] = $0AE0        A:0000 X:0AF8 Y:CAE8 S:1FC4 D:192B DB:01 P:nvmxdizc V:130 H:202
01821A $18             CLC                             A:0AE0 X:0AF8 Y:CAE8 S:1FC4 D:192B DB:01 P:nvmxdizc V:130 H:211
01821B $69 $18 $00     ADC #$0018                      A:0AE0 X:0AF8 Y:CAE8 S:1FC4 D:192B DB:01 P:nvmxdizc V:130 H:215
01821E $85 $00         STA $00 [00192B] = $0AE0        A:0AF8 X:0AF8 Y:CAE8 S:1FC4 D:192B DB:01 P:nvmxdizc V:130 H:221
018220 $A5 $02         LDA $02 [00192D] = $CAC8        A:0AF8 X:0AF8 Y:CAE8 S:1FC4 D:192B DB:01 P:nvmxdizc V:130 H:230
018222 $18             CLC                             A:CAC8 X:0AF8 Y:CAE8 S:1FC4 D:192B DB:01 P:Nvmxdizc V:130 H:240
018223 $69 $20 $00     ADC #$0020                      A:CAC8 X:0AF8 Y:CAE8 S:1FC4 D:192B DB:01 P:Nvmxdizc V:130 H:243
018226 $85 $02         STA $02 [00192D] = $CAC8        A:CAE8 X:0AF8 Y:CAE8 S:1FC4 D:192B DB:01 P:Nvmxdizc V:130 H:249
018228 $C6 $06         DEC $06 [001931] = $0018        A:CAE8 X:0AF8 Y:CAE8 S:1FC4 D:192B DB:01 P:Nvmxdizc V:130 H:259
01822A $D0 $E9         BNE $018215                     A:CAE8 X:0AF8 Y:CAE8 S:1FC4 D:192B DB:01 P:nvmxdizc V:130 H:274
018215 $20 $2E $82     JSR $822E [01822E] = $088B      A:CAE8 X:0AF8 Y:CAE8 S:1FC4 D:192B DB:01 P:nvmxdizc V:130 H:293
01822E $8B             PHB                             A:CAE8 X:0AF8 Y:CAE8 S:1FC2 D:192B DB:01 P:nvmxdizc V:130 H:304
01822F $08             PHP                             A:CAE8 X:0AF8 Y:CAE8 S:1FC1 D:192B DB:01 P:nvmxdizc V:130 H:310
018230 $C2 $30         REP #$30                        A:CAE8 X:0AF8 Y:CAE8 S:1FC0 D:192B DB:01 P:nvmxdizc V:130 H:315
018232 $8B             PHB                             A:CAE8 X:0AF8 Y:CAE8 S:1FC0 D:192B DB:01 P:nvmxdizc V:130 H:321
018233 $AD $2B $19     LDA $192B [01192B] = $0AF8      A:CAE8 X:0AF8 Y:CAE8 S:1FBF D:192B DB:01 P:nvmxdizc V:130 H:326
018236 $18             CLC                             A:0AF8 X:0AF8 Y:CAE8 S:1FBF D:192B DB:01 P:nvmxdizc V:130 H:335
018237 $69 $20 $CA     ADC #$CA20                      A:0AF8 X:0AF8 Y:CAE8 S:1FBF D:192B DB:01 P:nvmxdizc V:130 H:339
01823A $AA             TAX                             A:D518 X:0AF8 Y:CAE8 S:1FBF D:192B DB:01 P:Nvmxdizc V:131 H:5  
01823B $AC $2D $19     LDY $192D [01192D] = $CAE8      A:D518 X:D518 Y:CAE8 S:1FBF D:192B DB:01 P:Nvmxdizc V:131 H:8  
01823E $A9 $0F $00     LDA #$000F                      A:D518 X:D518 Y:CAE8 S:1FBF D:192B DB:01 P:Nvmxdizc V:131 H:18 
018241 $54 $7F $04     MVN $04 -> $7F                  A:000F X:D518 Y:CAE8 S:1FBF D:192B DB:01 P:nvmxdizc V:131 H:24 
018241 $54 $7F $04     MVN $04 -> $7F                  A:000E X:D519 Y:CAE9 S:1FBF D:192B DB:7F P:nvmxdizc V:131 H:37 
018241 $54 $7F $04     MVN $04 -> $7F                  A:000D X:D51A Y:CAEA S:1FBF D:192B DB:7F P:nvmxdizc V:131 H:50 
018241 $54 $7F $04     MVN $04 -> $7F                  A:000C X:D51B Y:CAEB S:1FBF D:192B DB:7F P:nvmxdizc V:131 H:63 
018241 $54 $7F $04     MVN $04 -> $7F                  A:000B X:D51C Y:CAEC S:1FBF D:192B DB:7F P:nvmxdizc V:131 H:76 
018241 $54 $7F $04     MVN $04 -> $7F                  A:000A X:D51D Y:CAED S:1FBF D:192B DB:7F P:nvmxdizc V:131 H:89 
018241 $54 $7F $04     MVN $04 -> $7F                  A:0009 X:D51E Y:CAEE S:1FBF D:192B DB:7F P:nvmxdizc V:131 H:102
018241 $54 $7F $04     MVN $04 -> $7F                  A:0008 X:D51F Y:CAEF S:1FBF D:192B DB:7F P:nvmxdizc V:131 H:115
018241 $54 $7F $04     MVN $04 -> $7F                  A:0007 X:D520 Y:CAF0 S:1FBF D:192B DB:7F P:nvmxdizc V:131 H:128
018241 $54 $7F $04     MVN $04 -> $7F                  A:0006 X:D521 Y:CAF1 S:1FBF D:192B DB:7F P:nvmxdizc V:131 H:151
018241 $54 $7F $04     MVN $04 -> $7F                  A:0005 X:D522 Y:CAF2 S:1FBF D:192B DB:7F P:nvmxdizc V:131 H:164
018241 $54 $7F $04     MVN $04 -> $7F                  A:0004 X:D523 Y:CAF3 S:1FBF D:192B DB:7F P:nvmxdizc V:131 H:177
018241 $54 $7F $04     MVN $04 -> $7F                  A:0003 X:D524 Y:CAF4 S:1FBF D:192B DB:7F P:nvmxdizc V:131 H:190
018241 $54 $7F $04     MVN $04 -> $7F                  A:0002 X:D525 Y:CAF5 S:1FBF D:192B DB:7F P:nvmxdizc V:131 H:203
018241 $54 $7F $04     MVN $04 -> $7F                  A:0001 X:D526 Y:CAF6 S:1FBF D:192B DB:7F P:nvmxdizc V:131 H:216
018241 $54 $7F $04     MVN $04 -> $7F                  A:0000 X:D527 Y:CAF7 S:1FBF D:192B DB:7F P:nvmxdizc V:131 H:229
018244 $AB             PLB                             A:FFFF X:D528 Y:CAF8 S:1FBF D:192B DB:7F P:nvmxdizc V:131 H:242
018245 $8A             TXA                             A:FFFF X:D528 Y:CAF8 S:1FC0 D:192B DB:01 P:nvmxdizc V:131 H:249
018246 $38             SEC                             A:D528 X:D528 Y:CAF8 S:1FC0 D:192B DB:01 P:Nvmxdizc V:131 H:253
018247 $E9 $20 $CA     SBC #$CA20                      A:D528 X:D528 Y:CAF8 S:1FC0 D:192B DB:01 P:NvmxdizC V:131 H:256
01824A $AA             TAX                             A:0B08 X:D528 Y:CAF8 S:1FC0 D:192B DB:01 P:nvmxdizC V:131 H:262
01824B $E2 $20         SEP #$20                        A:0B08 X:0B08 Y:CAF8 S:1FC0 D:192B DB:01 P:nvmxdizC V:131 H:266
01824D $C2 $10         REP #$10                        A:0B08 X:0B08 Y:CAF8 S:1FC0 D:192B DB:01 P:nvMxdizC V:131 H:271
01824F $F4 $7F $00     PEA #$007F                      A:0B08 X:0B08 Y:CAF8 S:1FC0 D:192B DB:01 P:nvMxdizC V:131 H:291
018252 $AB             PLB                             A:0B08 X:0B08 Y:CAF8 S:1FBE D:192B DB:01 P:nvMxdizC V:131 H:301
018253 $68             PLA                             A:0B08 X:0B08 Y:CAF8 S:1FBF D:192B DB:7F P:nvMxdizC V:131 H:308
018254 $EB             XBA                             A:0B00 X:0B08 Y:CAF8 S:1FC0 D:192B DB:7F P:nvMxdiZC V:131 H:315
018255 $A9 $08         LDA #$08                        A:000B X:0B08 Y:CAF8 S:1FC0 D:192B DB:7F P:nvMxdizC V:131 H:320
018257 $8D $33 $19     STA $1933 [7F1933] = $00        A:0008 X:0B08 Y:CAF8 S:1FC0 D:192B DB:7F P:nvMxdizC V:131 H:323
01825A $BF $20 $CA $04 LDA $04CA20,X [04D528] = $00    A:0008 X:0B08 Y:CAF8 S:1FC0 D:192B DB:7F P:nvMxdizC V:131 H:331
01825E $E8             INX                             A:0000 X:0B08 Y:CAF8 S:1FC0 D:192B DB:7F P:nvMxdiZC V:132 H:1  
01825F $99 $00 $00     STA $0000,Y [7FCAF8] = $00      A:0000 X:0B09 Y:CAF8 S:1FC0 D:192B DB:7F P:nvMxdizC V:132 H:4  
018262 $C8             INY                             A:0000 X:0B09 Y:CAF8 S:1FC0 D:192B DB:7F P:nvMxdizC V:132 H:14 
018263 $A9 $00         LDA #$00                        A:0000 X:0B09 Y:CAF9 S:1FC0 D:192B DB:7F P:NvMxdizC V:132 H:17 
018265 $99 $00 $00     STA $0000,Y [7FCAF9] = $00      A:0000 X:0B09 Y:CAF9 S:1FC0 D:192B DB:7F P:nvMxdiZC V:132 H:21 
018268 $C8             INY                             A:0000 X:0B09 Y:CAF9 S:1FC0 D:192B DB:7F P:nvMxdiZC V:132 H:31 
018269 $CE $33 $19     DEC $1933 [7F1933] = $08        A:0000 X:0B09 Y:CAFA S:1FC0 D:192B DB:7F P:NvMxdizC V:132 H:34 
01826C $D0 $EC         BNE $01825A                     A:0000 X:0B09 Y:CAFA S:1FC0 D:192B DB:7F P:nvMxdizC V:132 H:46 
01825A $BF $20 $CA $04 LDA $04CA20,X [04D529] = $10    A:0000 X:0B09 Y:CAFA S:1FC0 D:192B DB:7F P:nvMxdizC V:132 H:51 
01825E $E8             INX                             A:0010 X:0B09 Y:CAFA S:1FC0 D:192B DB:7F P:nvMxdizC V:132 H:61 
01825F $99 $00 $00     STA $0000,Y [7FCAFA] = $10      A:0010 X:0B0A Y:CAFA S:1FC0 D:192B DB:7F P:nvMxdizC V:132 H:65 
018262 $C8             INY                             A:0010 X:0B0A Y:CAFA S:1FC0 D:192B DB:7F P:nvMxdizC V:132 H:74 
018263 $A9 $00         LDA #$00                        A:0010 X:0B0A Y:CAFB S:1FC0 D:192B DB:7F P:NvMxdizC V:132 H:78 
018265 $99 $00 $00     STA $0000,Y [7FCAFB] = $00      A:0000 X:0B0A Y:CAFB S:1FC0 D:192B DB:7F P:nvMxdiZC V:132 H:82 
018268 $C8             INY                             A:0000 X:0B0A Y:CAFB S:1FC0 D:192B DB:7F P:nvMxdiZC V:132 H:91 
018269 $CE $33 $19     DEC $1933 [7F1933] = $07        A:0000 X:0B0A Y:CAFC S:1FC0 D:192B DB:7F P:NvMxdizC V:132 H:95 
01826C $D0 $EC         BNE $01825A                     A:0000 X:0B0A Y:CAFC S:1FC0 D:192B DB:7F P:nvMxdizC V:132 H:106
01825A $BF $20 $CA $04 LDA $04CA20,X [04D52A] = $0A    A:0000 X:0B0A Y:CAFC S:1FC0 D:192B DB:7F P:nvMxdizC V:132 H:112
01825E $E8             INX                             A:000A X:0B0A Y:CAFC S:1FC0 D:192B DB:7F P:nvMxdizC V:132 H:122
01825F $99 $00 $00     STA $0000,Y [7FCAFC] = $0A      A:000A X:0B0B Y:CAFC S:1FC0 D:192B DB:7F P:nvMxdizC V:132 H:125
018262 $C8             INY                             A:000A X:0B0B Y:CAFC S:1FC0 D:192B DB:7F P:nvMxdizC V:132 H:145
018263 $A9 $00         LDA #$00                        A:000A X:0B0B Y:CAFD S:1FC0 D:192B DB:7F P:NvMxdizC V:132 H:148
018265 $99 $00 $00     STA $0000,Y [7FCAFD] = $00      A:0000 X:0B0B Y:CAFD S:1FC0 D:192B DB:7F P:nvMxdiZC V:132 H:152
018268 $C8             INY                             A:0000 X:0B0B Y:CAFD S:1FC0 D:192B DB:7F P:nvMxdiZC V:132 H:162
018269 $CE $33 $19     DEC $1933 [7F1933] = $06        A:0000 X:0B0B Y:CAFE S:1FC0 D:192B DB:7F P:NvMxdizC V:132 H:165
01826C $D0 $EC         BNE $01825A                     A:0000 X:0B0B Y:CAFE S:1FC0 D:192B DB:7F P:nvMxdizC V:132 H:177
01825A $BF $20 $CA $04 LDA $04CA20,X [04D52B] = $16    A:0000 X:0B0B Y:CAFE S:1FC0 D:192B DB:7F P:nvMxdizC V:132 H:182
01825E $E8             INX                             A:0016 X:0B0B Y:CAFE S:1FC0 D:192B DB:7F P:nvMxdizC V:132 H:192
01825F $99 $00 $00     STA $0000,Y [7FCAFE] = $16      A:0016 X:0B0C Y:CAFE S:1FC0 D:192B DB:7F P:nvMxdizC V:132 H:196
018262 $C8             INY                             A:0016 X:0B0C Y:CAFE S:1FC0 D:192B DB:7F P:nvMxdizC V:132 H:205
018263 $A9 $00         LDA #$00                        A:0016 X:0B0C Y:CAFF S:1FC0 D:192B DB:7F P:NvMxdizC V:132 H:209
018265 $99 $00 $00     STA $0000,Y [7FCAFF] = $00      A:0000 X:0B0C Y:CAFF S:1FC0 D:192B DB:7F P:nvMxdiZC V:132 H:213
018268 $C8             INY                             A:0000 X:0B0C Y:CAFF S:1FC0 D:192B DB:7F P:nvMxdiZC V:132 H:222
018269 $CE $33 $19     DEC $1933 [7F1933] = $05        A:0000 X:0B0C Y:CB00 S:1FC0 D:192B DB:7F P:NvMxdizC V:132 H:226
01826C $D0 $EC         BNE $01825A                     A:0000 X:0B0C Y:CB00 S:1FC0 D:192B DB:7F P:nvMxdizC V:132 H:237
01825A $BF $20 $CA $04 LDA $04CA20,X [04D52C] = $B6    A:0000 X:0B0C Y:CB00 S:1FC0 D:192B DB:7F P:nvMxdizC V:132 H:243
01825E $E8             INX                             A:00B6 X:0B0C Y:CB00 S:1FC0 D:192B DB:7F P:NvMxdizC V:132 H:253
01825F $99 $00 $00     STA $0000,Y [7FCB00] = $B6      A:00B6 X:0B0D Y:CB00 S:1FC0 D:192B DB:7F P:nvMxdizC V:132 H:256
018262 $C8             INY                             A:00B6 X:0B0D Y:CB00 S:1FC0 D:192B DB:7F P:nvMxdizC V:132 H:266
018263 $A9 $00         LDA #$00                        A:00B6 X:0B0D Y:CB01 S:1FC0 D:192B DB:7F P:NvMxdizC V:132 H:269
018265 $99 $00 $00     STA $0000,Y [7FCB01] = $00      A:0000 X:0B0D Y:CB01 S:1FC0 D:192B DB:7F P:nvMxdiZC V:132 H:273
018268 $C8             INY                             A:0000 X:0B0D Y:CB01 S:1FC0 D:192B DB:7F P:nvMxdiZC V:132 H:295
018269 $CE $33 $19     DEC $1933 [7F1933] = $04        A:0000 X:0B0D Y:CB02 S:1FC0 D:192B DB:7F P:NvMxdizC V:132 H:298
01826C $D0 $EC         BNE $01825A                     A:0000 X:0B0D Y:CB02 S:1FC0 D:192B DB:7F P:nvMxdizC V:132 H:310
01825A $BF $20 $CA $04 LDA $04CA20,X [04D52D] = $5C    A:0000 X:0B0D Y:CB02 S:1FC0 D:192B DB:7F P:nvMxdizC V:132 H:315
01825E $E8             INX                             A:005C X:0B0D Y:CB02 S:1FC0 D:192B DB:7F P:nvMxdizC V:132 H:325
01825F $99 $00 $00     STA $0000,Y [7FCB02] = $5C      A:005C X:0B0E Y:CB02 S:1FC0 D:192B DB:7F P:nvMxdizC V:132 H:328
018262 $C8             INY                             A:005C X:0B0E Y:CB02 S:1FC0 D:192B DB:7F P:nvMxdizC V:132 H:337
018263 $A9 $00         LDA #$00                        A:005C X:0B0E Y:CB03 S:1FC0 D:192B DB:7F P:NvMxdizC V:133 H:1  
018265 $99 $00 $00     STA $0000,Y [7FCB03] = $00      A:0000 X:0B0E Y:CB03 S:1FC0 D:192B DB:7F P:nvMxdiZC V:133 H:5  
018268 $C8             INY                             A:0000 X:0B0E Y:CB03 S:1FC0 D:192B DB:7F P:nvMxdiZC V:133 H:14 
018269 $CE $33 $19     DEC $1933 [7F1933] = $03        A:0000 X:0B0E Y:CB04 S:1FC0 D:192B DB:7F P:NvMxdizC V:133 H:18 
01826C $D0 $EC         BNE $01825A                     A:0000 X:0B0E Y:CB04 S:1FC0 D:192B DB:7F P:nvMxdizC V:133 H:29 
01825A $BF $20 $CA $04 LDA $04CA20,X [04D52E] = $80    A:0000 X:0B0E Y:CB04 S:1FC0 D:192B DB:7F P:nvMxdizC V:133 H:35 
01825E $E8             INX                             A:0080 X:0B0E Y:CB04 S:1FC0 D:192B DB:7F P:NvMxdizC V:133 H:45 
01825F $99 $00 $00     STA $0000,Y [7FCB04] = $80      A:0080 X:0B0F Y:CB04 S:1FC0 D:192B DB:7F P:nvMxdizC V:133 H:48 
018262 $C8             INY                             A:0080 X:0B0F Y:CB04 S:1FC0 D:192B DB:7F P:nvMxdizC V:133 H:58 
018263 $A9 $00         LDA #$00                        A:0080 X:0B0F Y:CB05 S:1FC0 D:192B DB:7F P:NvMxdizC V:133 H:61 
018265 $99 $00 $00     STA $0000,Y [7FCB05] = $00      A:0000 X:0B0F Y:CB05 S:1FC0 D:192B DB:7F P:nvMxdiZC V:133 H:65 
018268 $C8             INY                             A:0000 X:0B0F Y:CB05 S:1FC0 D:192B DB:7F P:nvMxdiZC V:133 H:75 
018269 $CE $33 $19     DEC $1933 [7F1933] = $02        A:0000 X:0B0F Y:CB06 S:1FC0 D:192B DB:7F P:NvMxdizC V:133 H:78 
01826C $D0 $EC         BNE $01825A                     A:0000 X:0B0F Y:CB06 S:1FC0 D:192B DB:7F P:nvMxdizC V:133 H:90 
01825A $BF $20 $CA $04 LDA $04CA20,X [04D52F] = $C7    A:0000 X:0B0F Y:CB06 S:1FC0 D:192B DB:7F P:nvMxdizC V:133 H:95 
01825E $E8             INX                             A:00C7 X:0B0F Y:CB06 S:1FC0 D:192B DB:7F P:NvMxdizC V:133 H:105
01825F $99 $00 $00     STA $0000,Y [7FCB06] = $C7      A:00C7 X:0B10 Y:CB06 S:1FC0 D:192B DB:7F P:nvMxdizC V:133 H:109
018262 $C8             INY                             A:00C7 X:0B10 Y:CB06 S:1FC0 D:192B DB:7F P:nvMxdizC V:133 H:118
018263 $A9 $00         LDA #$00                        A:00C7 X:0B10 Y:CB07 S:1FC0 D:192B DB:7F P:NvMxdizC V:133 H:122
018265 $99 $00 $00     STA $0000,Y [7FCB07] = $00      A:0000 X:0B10 Y:CB07 S:1FC0 D:192B DB:7F P:nvMxdiZC V:133 H:126
018268 $C8             INY                             A:0000 X:0B10 Y:CB07 S:1FC0 D:192B DB:7F P:nvMxdiZC V:133 H:145
018269 $CE $33 $19     DEC $1933 [7F1933] = $01        A:0000 X:0B10 Y:CB08 S:1FC0 D:192B DB:7F P:NvMxdizC V:133 H:149
01826C $D0 $EC         BNE $01825A                     A:0000 X:0B10 Y:CB08 S:1FC0 D:192B DB:7F P:nvMxdiZC V:133 H:160
01826E $28             PLP                             A:0000 X:0B10 Y:CB08 S:1FC0 D:192B DB:7F P:nvMxdiZC V:133 H:164
01826F $AB             PLB                             A:0000 X:0B10 Y:CB08 S:1FC1 D:192B DB:7F P:nvmxdizc V:133 H:171
018270 $60             RTS                             A:0000 X:0B10 Y:CB08 S:1FC2 D:192B DB:01 P:nvmxdizc V:133 H:178
018218 $A5 $00         LDA $00 [00192B] = $0AF8        A:0000 X:0B10 Y:CB08 S:1FC4 D:192B DB:01 P:nvmxdizc V:133 H:189
01821A $18             CLC                             A:0AF8 X:0B10 Y:CB08 S:1FC4 D:192B DB:01 P:nvmxdizc V:133 H:198
01821B $69 $18 $00     ADC #$0018                      A:0AF8 X:0B10 Y:CB08 S:1FC4 D:192B DB:01 P:nvmxdizc V:133 H:202
01821E $85 $00         STA $00 [00192B] = $0AF8        A:0B10 X:0B10 Y:CB08 S:1FC4 D:192B DB:01 P:nvmxdizc V:133 H:208
018220 $A5 $02         LDA $02 [00192D] = $CAE8        A:0B10 X:0B10 Y:CB08 S:1FC4 D:192B DB:01 P:nvmxdizc V:133 H:217
018222 $18             CLC                             A:CAE8 X:0B10 Y:CB08 S:1FC4 D:192B DB:01 P:Nvmxdizc V:133 H:227
018223 $69 $20 $00     ADC #$0020                      A:CAE8 X:0B10 Y:CB08 S:1FC4 D:192B DB:01 P:Nvmxdizc V:133 H:230
018226 $85 $02         STA $02 [00192D] = $CAE8        A:CB08 X:0B10 Y:CB08 S:1FC4 D:192B DB:01 P:Nvmxdizc V:133 H:236
018228 $C6 $06         DEC $06 [001931] = $0017        A:CB08 X:0B10 Y:CB08 S:1FC4 D:192B DB:01 P:Nvmxdizc V:133 H:246
01822A $D0 $E9         BNE $018215                     A:CB08 X:0B10 Y:CB08 S:1FC4 D:192B DB:01 P:nvmxdizc V:133 H:261
018215 $20 $2E $82     JSR $822E [01822E] = $088B      A:CB08 X:0B10 Y:CB08 S:1FC4 D:192B DB:01 P:nvmxdizc V:133 H:266
01822E $8B             PHB                             A:CB08 X:0B10 Y:CB08 S:1FC2 D:192B DB:01 P:nvmxdizc V:133 H:290
01822F $08             PHP                             A:CB08 X:0B10 Y:CB08 S:1FC1 D:192B DB:01 P:nvmxdizc V:133 H:295
018230 $C2 $30         REP #$30                        A:CB08 X:0B10 Y:CB08 S:1FC0 D:192B DB:01 P:nvmxdizc V:133 H:301
018232 $8B             PHB                             A:CB08 X:0B10 Y:CB08 S:1FC0 D:192B DB:01 P:nvmxdizc V:133 H:306
018233 $AD $2B $19     LDA $192B [01192B] = $0B10      A:CB08 X:0B10 Y:CB08 S:1FBF D:192B DB:01 P:nvmxdizc V:133 H:312
018236 $18             CLC                             A:0B10 X:0B10 Y:CB08 S:1FBF D:192B DB:01 P:nvmxdizc V:133 H:322
018237 $69 $20 $CA     ADC #$CA20                      A:0B10 X:0B10 Y:CB08 S:1FBF D:192B DB:01 P:nvmxdizc V:133 H:325
01823A $AA             TAX                             A:D530 X:0B10 Y:CB08 S:1FBF D:192B DB:01 P:Nvmxdizc V:133 H:330
01823B $AC $2D $19     LDY $192D [01192D] = $CB08      A:D530 X:D530 Y:CB08 S:1FBF D:192B DB:01 P:Nvmxdizc V:133 H:334
01823E $A9 $0F $00     LDA #$000F                      A:D530 X:D530 Y:CB08 S:1FBF D:192B DB:01 P:Nvmxdizc V:134 H:4  
018241 $54 $7F $04     MVN $04 -> $7F                  A:000F X:D530 Y:CB08 S:1FBF D:192B DB:01 P:nvmxdizc V:134 H:10 
018241 $54 $7F $04     MVN $04 -> $7F                  A:000E X:D531 Y:CB09 S:1FBF D:192B DB:7F P:nvmxdizc V:134 H:23 
018241 $54 $7F $04     MVN $04 -> $7F                  A:000D X:D532 Y:CB0A S:1FBF D:192B DB:7F P:nvmxdizc V:134 H:36 
018241 $54 $7F $04     MVN $04 -> $7F                  A:000C X:D533 Y:CB0B S:1FBF D:192B DB:7F P:nvmxdizc V:134 H:49 
018241 $54 $7F $04     MVN $04 -> $7F                  A:000B X:D534 Y:CB0C S:1FBF D:192B DB:7F P:nvmxdizc V:134 H:62 
018241 $54 $7F $04     MVN $04 -> $7F                  A:000A X:D535 Y:CB0D S:1FBF D:192B DB:7F P:nvmxdizc V:134 H:75 
018241 $54 $7F $04     MVN $04 -> $7F                  A:0009 X:D536 Y:CB0E S:1FBF D:192B DB:7F P:nvmxdizc V:134 H:88 
018241 $54 $7F $04     MVN $04 -> $7F                  A:0008 X:D537 Y:CB0F S:1FBF D:192B DB:7F P:nvmxdizc V:134 H:101
018241 $54 $7F $04     MVN $04 -> $7F                  A:0007 X:D538 Y:CB10 S:1FBF D:192B DB:7F P:nvmxdizc V:134 H:114
018241 $54 $7F $04     MVN $04 -> $7F                  A:0006 X:D539 Y:CB11 S:1FBF D:192B DB:7F P:nvmxdizc V:134 H:127
018241 $54 $7F $04     MVN $04 -> $7F                  A:0005 X:D53A Y:CB12 S:1FBF D:192B DB:7F P:nvmxdizc V:134 H:150
018241 $54 $7F $04     MVN $04 -> $7F                  A:0004 X:D53B Y:CB13 S:1FBF D:192B DB:7F P:nvmxdizc V:134 H:163
018241 $54 $7F $04     MVN $04 -> $7F                  A:0003 X:D53C Y:CB14 S:1FBF D:192B DB:7F P:nvmxdizc V:134 H:176
018241 $54 $7F $04     MVN $04 -> $7F                  A:0002 X:D53D Y:CB15 S:1FBF D:192B DB:7F P:nvmxdizc V:134 H:189
018241 $54 $7F $04     MVN $04 -> $7F                  A:0001 X:D53E Y:CB16 S:1FBF D:192B DB:7F P:nvmxdizc V:134 H:202
018241 $54 $7F $04     MVN $04 -> $7F                  A:0000 X:D53F Y:CB17 S:1FBF D:192B DB:7F P:nvmxdizc V:134 H:215
018244 $AB             PLB                             A:FFFF X:D540 Y:CB18 S:1FBF D:192B DB:7F P:nvmxdizc V:134 H:228
018245 $8A             TXA                             A:FFFF X:D540 Y:CB18 S:1FC0 D:192B DB:01 P:nvmxdizc V:134 H:235
018246 $38             SEC                             A:D540 X:D540 Y:CB18 S:1FC0 D:192B DB:01 P:Nvmxdizc V:134 H:238
018247 $E9 $20 $CA     SBC #$CA20                      A:D540 X:D540 Y:CB18 S:1FC0 D:192B DB:01 P:NvmxdizC V:134 H:242
01824A $AA             TAX                             A:0B20 X:D540 Y:CB18 S:1FC0 D:192B DB:01 P:nvmxdizC V:134 H:248
01824B $E2 $20         SEP #$20                        A:0B20 X:0B20 Y:CB18 S:1FC0 D:192B DB:01 P:nvmxdizC V:134 H:251
01824D $C2 $10         REP #$10                        A:0B20 X:0B20 Y:CB18 S:1FC0 D:192B DB:01 P:nvMxdizC V:134 H:257
01824F $F4 $7F $00     PEA #$007F                      A:0B20 X:0B20 Y:CB18 S:1FC0 D:192B DB:01 P:nvMxdizC V:134 H:262
018252 $AB             PLB                             A:0B20 X:0B20 Y:CB18 S:1FBE D:192B DB:01 P:nvMxdizC V:134 H:272
018253 $68             PLA                             A:0B20 X:0B20 Y:CB18 S:1FBF D:192B DB:7F P:nvMxdizC V:134 H:291
018254 $EB             XBA                             A:0B00 X:0B20 Y:CB18 S:1FC0 D:192B DB:7F P:nvMxdiZC V:134 H:298
018255 $A9 $08         LDA #$08                        A:000B X:0B20 Y:CB18 S:1FC0 D:192B DB:7F P:nvMxdizC V:134 H:303
018257 $8D $33 $19     STA $1933 [7F1933] = $00        A:0008 X:0B20 Y:CB18 S:1FC0 D:192B DB:7F P:nvMxdizC V:134 H:307
01825A $BF $20 $CA $04 LDA $04CA20,X [04D540] = $71    A:0008 X:0B20 Y:CB18 S:1FC0 D:192B DB:7F P:nvMxdizC V:134 H:315
01825E $E8             INX                             A:0071 X:0B20 Y:CB18 S:1FC0 D:192B DB:7F P:nvMxdizC V:134 H:325
01825F $99 $00 $00     STA $0000,Y [7FCB18] = $71      A:0071 X:0B21 Y:CB18 S:1FC0 D:192B DB:7F P:nvMxdizC V:134 H:328
018262 $C8             INY                             A:0071 X:0B21 Y:CB18 S:1FC0 D:192B DB:7F P:nvMxdizC V:134 H:337
018263 $A9 $00         LDA #$00                        A:0071 X:0B21 Y:CB19 S:1FC0 D:192B DB:7F P:NvMxdizC V:135 H:1  
018265 $99 $00 $00     STA $0000,Y [7FCB19] = $00      A:0000 X:0B21 Y:CB19 S:1FC0 D:192B DB:7F P:nvMxdiZC V:135 H:5  
018268 $C8             INY                             A:0000 X:0B21 Y:CB19 S:1FC0 D:192B DB:7F P:nvMxdiZC V:135 H:14 
018269 $CE $33 $19     DEC $1933 [7F1933] = $08        A:0000 X:0B21 Y:CB1A S:1FC0 D:192B DB:7F P:NvMxdizC V:135 H:18 
01826C $D0 $EC         BNE $01825A                     A:0000 X:0B21 Y:CB1A S:1FC0 D:192B DB:7F P:nvMxdizC V:135 H:29 
01825A $BF $20 $CA $04 LDA $04CA20,X [04D541] = $4B    A:0000 X:0B21 Y:CB1A S:1FC0 D:192B DB:7F P:nvMxdizC V:135 H:35 
01825E $E8             INX                             A:004B X:0B21 Y:CB1A S:1FC0 D:192B DB:7F P:nvMxdizC V:135 H:45 
01825F $99 $00 $00     STA $0000,Y [7FCB1A] = $4B      A:004B X:0B22 Y:CB1A S:1FC0 D:192B DB:7F P:nvMxdizC V:135 H:48 
018262 $C8             INY                             A:004B X:0B22 Y:CB1A S:1FC0 D:192B DB:7F P:nvMxdizC V:135 H:58 
018263 $A9 $00         LDA #$00                        A:004B X:0B22 Y:CB1B S:1FC0 D:192B DB:7F P:NvMxdizC V:135 H:61 
018265 $99 $00 $00     STA $0000,Y [7FCB1B] = $00      A:0000 X:0B22 Y:CB1B S:1FC0 D:192B DB:7F P:nvMxdiZC V:135 H:65 
018268 $C8             INY                             A:0000 X:0B22 Y:CB1B S:1FC0 D:192B DB:7F P:nvMxdiZC V:135 H:75 
018269 $CE $33 $19     DEC $1933 [7F1933] = $07        A:0000 X:0B22 Y:CB1C S:1FC0 D:192B DB:7F P:NvMxdizC V:135 H:78 
01826C $D0 $EC         BNE $01825A                     A:0000 X:0B22 Y:CB1C S:1FC0 D:192B DB:7F P:nvMxdizC V:135 H:90 
01825A $BF $20 $CA $04 LDA $04CA20,X [04D542] = $2D    A:0000 X:0B22 Y:CB1C S:1FC0 D:192B DB:7F P:nvMxdizC V:135 H:95 
01825E $E8             INX                             A:002D X:0B22 Y:CB1C S:1FC0 D:192B DB:7F P:nvMxdizC V:135 H:105
01825F $99 $00 $00     STA $0000,Y [7FCB1C] = $2D      A:002D X:0B23 Y:CB1C S:1FC0 D:192B DB:7F P:nvMxdizC V:135 H:109
018262 $C8             INY                             A:002D X:0B23 Y:CB1C S:1FC0 D:192B DB:7F P:nvMxdizC V:135 H:118
018263 $A9 $00         LDA #$00                        A:002D X:0B23 Y:CB1D S:1FC0 D:192B DB:7F P:NvMxdizC V:135 H:122
018265 $99 $00 $00     STA $0000,Y [7FCB1D] = $00      A:0000 X:0B23 Y:CB1D S:1FC0 D:192B DB:7F P:nvMxdiZC V:135 H:126
018268 $C8             INY                             A:0000 X:0B23 Y:CB1D S:1FC0 D:192B DB:7F P:nvMxdiZC V:135 H:145
018269 $CE $33 $19     DEC $1933 [7F1933] = $06        A:0000 X:0B23 Y:CB1E S:1FC0 D:192B DB:7F P:NvMxdizC V:135 H:149
01826C $D0 $EC         BNE $01825A                     A:0000 X:0B23 Y:CB1E S:1FC0 D:192B DB:7F P:nvMxdizC V:135 H:160
01825A $BF $20 $CA $04 LDA $04CA20,X [04D543] = $36    A:0000 X:0B23 Y:CB1E S:1FC0 D:192B DB:7F P:nvMxdizC V:135 H:166
01825E $E8             INX                             A:0036 X:0B23 Y:CB1E S:1FC0 D:192B DB:7F P:nvMxdizC V:135 H:176
01825F $99 $00 $00     STA $0000,Y [7FCB1E] = $36      A:0036 X:0B24 Y:CB1E S:1FC0 D:192B DB:7F P:nvMxdizC V:135 H:179
018262 $C8             INY                             A:0036 X:0B24 Y:CB1E S:1FC0 D:192B DB:7F P:nvMxdizC V:135 H:189
018263 $A9 $00         LDA #$00                        A:0036 X:0B24 Y:CB1F S:1FC0 D:192B DB:7F P:NvMxdizC V:135 H:192
018265 $99 $00 $00     STA $0000,Y [7FCB1F] = $00      A:0000 X:0B24 Y:CB1F S:1FC0 D:192B DB:7F P:nvMxdiZC V:135 H:196
018268 $C8             INY                             A:0000 X:0B24 Y:CB1F S:1FC0 D:192B DB:7F P:nvMxdiZC V:135 H:206
018269 $CE $33 $19     DEC $1933 [7F1933] = $05        A:0000 X:0B24 Y:CB20 S:1FC0 D:192B DB:7F P:NvMxdizC V:135 H:209
01826C $D0 $EC         BNE $01825A                     A:0000 X:0B24 Y:CB20 S:1FC0 D:192B DB:7F P:nvMxdizC V:135 H:221
01825A $BF $20 $CA $04 LDA $04CA20,X [04D544] = $36    A:0000 X:0B24 Y:CB20 S:1FC0 D:192B DB:7F P:nvMxdizC V:135 H:226
01825E $E8             INX                             A:0036 X:0B24 Y:CB20 S:1FC0 D:192B DB:7F P:nvMxdizC V:135 H:236
01825F $99 $00 $00     STA $0000,Y [7FCB20] = $36      A:0036 X:0B25 Y:CB20 S:1FC0 D:192B DB:7F P:nvMxdizC V:135 H:240
018262 $C8             INY                             A:0036 X:0B25 Y:CB20 S:1FC0 D:192B DB:7F P:nvMxdizC V:135 H:249
018263 $A9 $00         LDA #$00                        A:0036 X:0B25 Y:CB21 S:1FC0 D:192B DB:7F P:NvMxdizC V:135 H:253
018265 $99 $00 $00     STA $0000,Y [7FCB21] = $00      A:0000 X:0B25 Y:CB21 S:1FC0 D:192B DB:7F P:nvMxdiZC V:135 H:257
018268 $C8             INY                             A:0000 X:0B25 Y:CB21 S:1FC0 D:192B DB:7F P:nvMxdiZC V:135 H:266
018269 $CE $33 $19     DEC $1933 [7F1933] = $04        A:0000 X:0B25 Y:CB22 S:1FC0 D:192B DB:7F P:NvMxdizC V:135 H:270
01826C $D0 $EC         BNE $01825A                     A:0000 X:0B25 Y:CB22 S:1FC0 D:192B DB:7F P:nvMxdizC V:135 H:293
01825A $BF $20 $CA $04 LDA $04CA20,X [04D545] = $1C    A:0000 X:0B25 Y:CB22 S:1FC0 D:192B DB:7F P:nvMxdizC V:135 H:299
01825E $E8             INX                             A:001C X:0B25 Y:CB22 S:1FC0 D:192B DB:7F P:nvMxdizC V:135 H:309
01825F $99 $00 $00     STA $0000,Y [7FCB22] = $1C      A:001C X:0B26 Y:CB22 S:1FC0 D:192B DB:7F P:nvMxdizC V:135 H:312
018262 $C8             INY                             A:001C X:0B26 Y:CB22 S:1FC0 D:192B DB:7F P:nvMxdizC V:135 H:322
018263 $A9 $00         LDA #$00                        A:001C X:0B26 Y:CB23 S:1FC0 D:192B DB:7F P:NvMxdizC V:135 H:325
018265 $99 $00 $00     STA $0000,Y [7FCB23] = $00      A:0000 X:0B26 Y:CB23 S:1FC0 D:192B DB:7F P:nvMxdiZC V:135 H:328
018268 $C8             INY                             A:0000 X:0B26 Y:CB23 S:1FC0 D:192B DB:7F P:nvMxdiZC V:135 H:338
018269 $CE $33 $19     DEC $1933 [7F1933] = $03        A:0000 X:0B26 Y:CB24 S:1FC0 D:192B DB:7F P:NvMxdizC V:136 H:1  
01826C $D0 $EC         BNE $01825A                     A:0000 X:0B26 Y:CB24 S:1FC0 D:192B DB:7F P:nvMxdizC V:136 H:13 
01825A $BF $20 $CA $04 LDA $04CA20,X [04D546] = $00    A:0000 X:0B26 Y:CB24 S:1FC0 D:192B DB:7F P:nvMxdizC V:136 H:18 
01825E $E8             INX                             A:0000 X:0B26 Y:CB24 S:1FC0 D:192B DB:7F P:nvMxdiZC V:136 H:28 
01825F $99 $00 $00     STA $0000,Y [7FCB24] = $00      A:0000 X:0B27 Y:CB24 S:1FC0 D:192B DB:7F P:nvMxdizC V:136 H:32 
018262 $C8             INY                             A:0000 X:0B27 Y:CB24 S:1FC0 D:192B DB:7F P:nvMxdizC V:136 H:41 
018263 $A9 $00         LDA #$00                        A:0000 X:0B27 Y:CB25 S:1FC0 D:192B DB:7F P:NvMxdizC V:136 H:45 
018265 $99 $00 $00     STA $0000,Y [7FCB25] = $00      A:0000 X:0B27 Y:CB25 S:1FC0 D:192B DB:7F P:nvMxdiZC V:136 H:49 
018268 $C8             INY                             A:0000 X:0B27 Y:CB25 S:1FC0 D:192B DB:7F P:nvMxdiZC V:136 H:58 
018269 $CE $33 $19     DEC $1933 [7F1933] = $02        A:0000 X:0B27 Y:CB26 S:1FC0 D:192B DB:7F P:NvMxdizC V:136 H:62 
01826C $D0 $EC         BNE $01825A                     A:0000 X:0B27 Y:CB26 S:1FC0 D:192B DB:7F P:nvMxdizC V:136 H:73 
01825A $BF $20 $CA $04 LDA $04CA20,X [04D547] = $00    A:0000 X:0B27 Y:CB26 S:1FC0 D:192B DB:7F P:nvMxdizC V:136 H:79 
01825E $E8             INX                             A:0000 X:0B27 Y:CB26 S:1FC0 D:192B DB:7F P:nvMxdiZC V:136 H:89 
01825F $99 $00 $00     STA $0000,Y [7FCB26] = $00      A:0000 X:0B28 Y:CB26 S:1FC0 D:192B DB:7F P:nvMxdizC V:136 H:92 
018262 $C8             INY                             A:0000 X:0B28 Y:CB26 S:1FC0 D:192B DB:7F P:nvMxdizC V:136 H:102
018263 $A9 $00         LDA #$00                        A:0000 X:0B28 Y:CB27 S:1FC0 D:192B DB:7F P:NvMxdizC V:136 H:105
018265 $99 $00 $00     STA $0000,Y [7FCB27] = $00      A:0000 X:0B28 Y:CB27 S:1FC0 D:192B DB:7F P:nvMxdiZC V:136 H:109
018268 $C8             INY                             A:0000 X:0B28 Y:CB27 S:1FC0 D:192B DB:7F P:nvMxdiZC V:136 H:119
018269 $CE $33 $19     DEC $1933 [7F1933] = $01        A:0000 X:0B28 Y:CB28 S:1FC0 D:192B DB:7F P:NvMxdizC V:136 H:122
01826C $D0 $EC         BNE $01825A                     A:0000 X:0B28 Y:CB28 S:1FC0 D:192B DB:7F P:nvMxdiZC V:136 H:144
01826E $28             PLP                             A:0000 X:0B28 Y:CB28 S:1FC0 D:192B DB:7F P:nvMxdiZC V:136 H:148
01826F $AB             PLB                             A:0000 X:0B28 Y:CB28 S:1FC1 D:192B DB:7F P:nvmxdizc V:136 H:155
018270 $60             RTS                             A:0000 X:0B28 Y:CB28 S:1FC2 D:192B DB:01 P:nvmxdizc V:136 H:162
018218 $A5 $00         LDA $00 [00192B] = $0B10        A:0000 X:0B28 Y:CB28 S:1FC4 D:192B DB:01 P:nvmxdizc V:136 H:172
01821A $18             CLC                             A:0B10 X:0B28 Y:CB28 S:1FC4 D:192B DB:01 P:nvmxdizc V:136 H:182
01821B $69 $18 $00     ADC #$0018                      A:0B10 X:0B28 Y:CB28 S:1FC4 D:192B DB:01 P:nvmxdizc V:136 H:185
01821E $85 $00         STA $00 [00192B] = $0B10        A:0B28 X:0B28 Y:CB28 S:1FC4 D:192B DB:01 P:nvmxdizc V:136 H:191
018220 $A5 $02         LDA $02 [00192D] = $CB08        A:0B28 X:0B28 Y:CB28 S:1FC4 D:192B DB:01 P:nvmxdizc V:136 H:201
018222 $18             CLC                             A:CB08 X:0B28 Y:CB28 S:1FC4 D:192B DB:01 P:Nvmxdizc V:136 H:210
018223 $69 $20 $00     ADC #$0020                      A:CB08 X:0B28 Y:CB28 S:1FC4 D:192B DB:01 P:Nvmxdizc V:136 H:214
018226 $85 $02         STA $02 [00192D] = $CB08        A:CB28 X:0B28 Y:CB28 S:1FC4 D:192B DB:01 P:Nvmxdizc V:136 H:220
018228 $C6 $06         DEC $06 [001931] = $0016        A:CB28 X:0B28 Y:CB28 S:1FC4 D:192B DB:01 P:Nvmxdizc V:136 H:229
01822A $D0 $E9         BNE $018215                     A:CB28 X:0B28 Y:CB28 S:1FC4 D:192B DB:01 P:nvmxdizc V:136 H:244
018215 $20 $2E $82     JSR $822E [01822E] = $088B      A:CB28 X:0B28 Y:CB28 S:1FC4 D:192B DB:01 P:nvmxdizc V:136 H:250
01822E $8B             PHB                             A:CB28 X:0B28 Y:CB28 S:1FC2 D:192B DB:01 P:nvmxdizc V:136 H:261
01822F $08             PHP                             A:CB28 X:0B28 Y:CB28 S:1FC1 D:192B DB:01 P:nvmxdizc V:136 H:267
018230 $C2 $30         REP #$30                        A:CB28 X:0B28 Y:CB28 S:1FC0 D:192B DB:01 P:nvmxdizc V:136 H:272
018232 $8B             PHB                             A:CB28 X:0B28 Y:CB28 S:1FC0 D:192B DB:01 P:nvmxdizc V:136 H:292
018233 $AD $2B $19     LDA $192B [01192B] = $0B28      A:CB28 X:0B28 Y:CB28 S:1FBF D:192B DB:01 P:nvmxdizc V:136 H:297
018236 $18             CLC                             A:0B28 X:0B28 Y:CB28 S:1FBF D:192B DB:01 P:nvmxdizc V:136 H:307
018237 $69 $20 $CA     ADC #$CA20                      A:0B28 X:0B28 Y:CB28 S:1FBF D:192B DB:01 P:nvmxdizc V:136 H:311
01823A $AA             TAX                             A:D548 X:0B28 Y:CB28 S:1FBF D:192B DB:01 P:Nvmxdizc V:136 H:317
01823B $AC $2D $19     LDY $192D [01192D] = $CB28      A:D548 X:D548 Y:CB28 S:1FBF D:192B DB:01 P:Nvmxdizc V:136 H:320
01823E $A9 $0F $00     LDA #$000F                      A:D548 X:D548 Y:CB28 S:1FBF D:192B DB:01 P:Nvmxdizc V:136 H:329
018241 $54 $7F $04     MVN $04 -> $7F                  A:000F X:D548 Y:CB28 S:1FBF D:192B DB:01 P:nvmxdizc V:136 H:335
018241 $54 $7F $04     MVN $04 -> $7F                  A:000E X:D549 Y:CB29 S:1FBF D:192B DB:7F P:nvmxdizc V:137 H:8  
018241 $54 $7F $04     MVN $04 -> $7F                  A:000D X:D54A Y:CB2A S:1FBF D:192B DB:7F P:nvmxdizc V:137 H:21 
018241 $54 $7F $04     MVN $04 -> $7F                  A:000C X:D54B Y:CB2B S:1FBF D:192B DB:7F P:nvmxdizc V:137 H:34 
018241 $54 $7F $04     MVN $04 -> $7F                  A:000B X:D54C Y:CB2C S:1FBF D:192B DB:7F P:nvmxdizc V:137 H:47 
018241 $54 $7F $04     MVN $04 -> $7F                  A:000A X:D54D Y:CB2D S:1FBF D:192B DB:7F P:nvmxdizc V:137 H:60 
018241 $54 $7F $04     MVN $04 -> $7F                  A:0009 X:D54E Y:CB2E S:1FBF D:192B DB:7F P:nvmxdizc V:137 H:73 
018241 $54 $7F $04     MVN $04 -> $7F                  A:0008 X:D54F Y:CB2F S:1FBF D:192B DB:7F P:nvmxdizc V:137 H:86 
018241 $54 $7F $04     MVN $04 -> $7F                  A:0007 X:D550 Y:CB30 S:1FBF D:192B DB:7F P:nvmxdizc V:137 H:99 
018241 $54 $7F $04     MVN $04 -> $7F                  A:0006 X:D551 Y:CB31 S:1FBF D:192B DB:7F P:nvmxdizc V:137 H:112
018241 $54 $7F $04     MVN $04 -> $7F                  A:0005 X:D552 Y:CB32 S:1FBF D:192B DB:7F P:nvmxdizc V:137 H:125
018241 $54 $7F $04     MVN $04 -> $7F                  A:0004 X:D553 Y:CB33 S:1FBF D:192B DB:7F P:nvmxdizc V:137 H:148
018241 $54 $7F $04     MVN $04 -> $7F                  A:0003 X:D554 Y:CB34 S:1FBF D:192B DB:7F P:nvmxdizc V:137 H:161
018241 $54 $7F $04     MVN $04 -> $7F                  A:0002 X:D555 Y:CB35 S:1FBF D:192B DB:7F P:nvmxdizc V:137 H:174
018241 $54 $7F $04     MVN $04 -> $7F                  A:0001 X:D556 Y:CB36 S:1FBF D:192B DB:7F P:nvmxdizc V:137 H:187
018241 $54 $7F $04     MVN $04 -> $7F                  A:0000 X:D557 Y:CB37 S:1FBF D:192B DB:7F P:nvmxdizc V:137 H:200
018244 $AB             PLB                             A:FFFF X:D558 Y:CB38 S:1FBF D:192B DB:7F P:nvmxdizc V:137 H:213
018245 $8A             TXA                             A:FFFF X:D558 Y:CB38 S:1FC0 D:192B DB:01 P:nvmxdizc V:137 H:220
018246 $38             SEC                             A:D558 X:D558 Y:CB38 S:1FC0 D:192B DB:01 P:Nvmxdizc V:137 H:224
018247 $E9 $20 $CA     SBC #$CA20                      A:D558 X:D558 Y:CB38 S:1FC0 D:192B DB:01 P:NvmxdizC V:137 H:227
01824A $AA             TAX                             A:0B38 X:D558 Y:CB38 S:1FC0 D:192B DB:01 P:nvmxdizC V:137 H:233
01824B $E2 $20         SEP #$20                        A:0B38 X:0B38 Y:CB38 S:1FC0 D:192B DB:01 P:nvmxdizC V:137 H:237
01824D $C2 $10         REP #$10                        A:0B38 X:0B38 Y:CB38 S:1FC0 D:192B DB:01 P:nvMxdizC V:137 H:242
01824F $F4 $7F $00     PEA #$007F                      A:0B38 X:0B38 Y:CB38 S:1FC0 D:192B DB:01 P:nvMxdizC V:137 H:248
018252 $AB             PLB                             A:0B38 X:0B38 Y:CB38 S:1FBE D:192B DB:01 P:nvMxdizC V:137 H:258
018253 $68             PLA                             A:0B38 X:0B38 Y:CB38 S:1FBF D:192B DB:7F P:nvMxdizC V:137 H:265
018254 $EB             XBA                             A:0B00 X:0B38 Y:CB38 S:1FC0 D:192B DB:7F P:nvMxdiZC V:137 H:272
018255 $A9 $08         LDA #$08                        A:000B X:0B38 Y:CB38 S:1FC0 D:192B DB:7F P:nvMxdizC V:137 H:291
018257 $8D $33 $19     STA $1933 [7F1933] = $00        A:0008 X:0B38 Y:CB38 S:1FC0 D:192B DB:7F P:nvMxdizC V:137 H:295
01825A $BF $20 $CA $04 LDA $04CA20,X [04D558] = $F2    A:0008 X:0B38 Y:CB38 S:1FC0 D:192B DB:7F P:nvMxdizC V:137 H:303
01825E $E8             INX                             A:00F2 X:0B38 Y:CB38 S:1FC0 D:192B DB:7F P:NvMxdizC V:137 H:313
01825F $99 $00 $00     STA $0000,Y [7FCB38] = $F2      A:00F2 X:0B39 Y:CB38 S:1FC0 D:192B DB:7F P:nvMxdizC V:137 H:316
018262 $C8             INY                             A:00F2 X:0B39 Y:CB38 S:1FC0 D:192B DB:7F P:nvMxdizC V:137 H:325
018263 $A9 $00         LDA #$00                        A:00F2 X:0B39 Y:CB39 S:1FC0 D:192B DB:7F P:NvMxdizC V:137 H:328
018265 $99 $00 $00     STA $0000,Y [7FCB39] = $00      A:0000 X:0B39 Y:CB39 S:1FC0 D:192B DB:7F P:nvMxdiZC V:137 H:332
018268 $C8             INY                             A:0000 X:0B39 Y:CB39 S:1FC0 D:192B DB:7F P:nvMxdiZC V:138 H:2  
018269 $CE $33 $19     DEC $1933 [7F1933] = $08        A:0000 X:0B39 Y:CB3A S:1FC0 D:192B DB:7F P:NvMxdizC V:138 H:5  
01826C $D0 $EC         BNE $01825A                     A:0000 X:0B39 Y:CB3A S:1FC0 D:192B DB:7F P:nvMxdizC V:138 H:17 
01825A $BF $20 $CA $04 LDA $04CA20,X [04D559] = $D8    A:0000 X:0B39 Y:CB3A S:1FC0 D:192B DB:7F P:nvMxdizC V:138 H:22 
01825E $E8             INX                             A:00D8 X:0B39 Y:CB3A S:1FC0 D:192B DB:7F P:NvMxdizC V:138 H:32 
01825F $99 $00 $00     STA $0000,Y [7FCB3A] = $D8      A:00D8 X:0B3A Y:CB3A S:1FC0 D:192B DB:7F P:nvMxdizC V:138 H:36 
018262 $C8             INY                             A:00D8 X:0B3A Y:CB3A S:1FC0 D:192B DB:7F P:nvMxdizC V:138 H:45 
018263 $A9 $00         LDA #$00                        A:00D8 X:0B3A Y:CB3B S:1FC0 D:192B DB:7F P:NvMxdizC V:138 H:49 
018265 $99 $00 $00     STA $0000,Y [7FCB3B] = $00      A:0000 X:0B3A Y:CB3B S:1FC0 D:192B DB:7F P:nvMxdiZC V:138 H:53 
018268 $C8             INY                             A:0000 X:0B3A Y:CB3B S:1FC0 D:192B DB:7F P:nvMxdiZC V:138 H:62 
018269 $CE $33 $19     DEC $1933 [7F1933] = $07        A:0000 X:0B3A Y:CB3C S:1FC0 D:192B DB:7F P:NvMxdizC V:138 H:66 
01826C $D0 $EC         BNE $01825A                     A:0000 X:0B3A Y:CB3C S:1FC0 D:192B DB:7F P:nvMxdizC V:138 H:77 
01825A $BF $20 $CA $04 LDA $04CA20,X [04D55A] = $B4    A:0000 X:0B3A Y:CB3C S:1FC0 D:192B DB:7F P:nvMxdizC V:138 H:83 
01825E $E8             INX                             A:00B4 X:0B3A Y:CB3C S:1FC0 D:192B DB:7F P:NvMxdizC V:138 H:93 
01825F $99 $00 $00     STA $0000,Y [7FCB3C] = $B4      A:00B4 X:0B3B Y:CB3C S:1FC0 D:192B DB:7F P:nvMxdizC V:138 H:96 
018262 $C8             INY                             A:00B4 X:0B3B Y:CB3C S:1FC0 D:192B DB:7F P:nvMxdizC V:138 H:106
018263 $A9 $00         LDA #$00                        A:00B4 X:0B3B Y:CB3D S:1FC0 D:192B DB:7F P:NvMxdizC V:138 H:109
018265 $99 $00 $00     STA $0000,Y [7FCB3D] = $00      A:0000 X:0B3B Y:CB3D S:1FC0 D:192B DB:7F P:nvMxdiZC V:138 H:113
018268 $C8             INY                             A:0000 X:0B3B Y:CB3D S:1FC0 D:192B DB:7F P:nvMxdiZC V:138 H:123
018269 $CE $33 $19     DEC $1933 [7F1933] = $06        A:0000 X:0B3B Y:CB3E S:1FC0 D:192B DB:7F P:NvMxdizC V:138 H:126
01826C $D0 $EC         BNE $01825A                     A:0000 X:0B3B Y:CB3E S:1FC0 D:192B DB:7F P:nvMxdizC V:138 H:148
01825A $BF $20 $CA $04 LDA $04CA20,X [04D55B] = $84    A:0000 X:0B3B Y:CB3E S:1FC0 D:192B DB:7F P:nvMxdizC V:138 H:153
01825E $E8             INX                             A:0084 X:0B3B Y:CB3E S:1FC0 D:192B DB:7F P:NvMxdizC V:138 H:163
01825F $99 $00 $00     STA $0000,Y [7FCB3E] = $84      A:0084 X:0B3C Y:CB3E S:1FC0 D:192B DB:7F P:nvMxdizC V:138 H:167
018262 $C8             INY                             A:0084 X:0B3C Y:CB3E S:1FC0 D:192B DB:7F P:nvMxdizC V:138 H:176
018263 $A9 $00         LDA #$00                        A:0084 X:0B3C Y:CB3F S:1FC0 D:192B DB:7F P:NvMxdizC V:138 H:180
018265 $99 $00 $00     STA $0000,Y [7FCB3F] = $00      A:0000 X:0B3C Y:CB3F S:1FC0 D:192B DB:7F P:nvMxdiZC V:138 H:184
018268 $C8             INY                             A:0000 X:0B3C Y:CB3F S:1FC0 D:192B DB:7F P:nvMxdiZC V:138 H:193
018269 $CE $33 $19     DEC $1933 [7F1933] = $05        A:0000 X:0B3C Y:CB40 S:1FC0 D:192B DB:7F P:NvMxdizC V:138 H:197
01826C $D0 $EC         BNE $01825A                     A:0000 X:0B3C Y:CB40 S:1FC0 D:192B DB:7F P:nvMxdizC V:138 H:208
01825A $BF $20 $CA $04 LDA $04CA20,X [04D55C] = $54    A:0000 X:0B3C Y:CB40 S:1FC0 D:192B DB:7F P:nvMxdizC V:138 H:214
01825E $E8             INX                             A:0054 X:0B3C Y:CB40 S:1FC0 D:192B DB:7F P:nvMxdizC V:138 H:224
01825F $99 $00 $00     STA $0000,Y [7FCB40] = $54      A:0054 X:0B3D Y:CB40 S:1FC0 D:192B DB:7F P:nvMxdizC V:138 H:227
018262 $C8             INY                             A:0054 X:0B3D Y:CB40 S:1FC0 D:192B DB:7F P:nvMxdizC V:138 H:237
018263 $A9 $00         LDA #$00                        A:0054 X:0B3D Y:CB41 S:1FC0 D:192B DB:7F P:NvMxdizC V:138 H:240
018265 $99 $00 $00     STA $0000,Y [7FCB41] = $00      A:0000 X:0B3D Y:CB41 S:1FC0 D:192B DB:7F P:nvMxdiZC V:138 H:244
018268 $C8             INY                             A:0000 X:0B3D Y:CB41 S:1FC0 D:192B DB:7F P:nvMxdiZC V:138 H:254
018269 $CE $33 $19     DEC $1933 [7F1933] = $04        A:0000 X:0B3D Y:CB42 S:1FC0 D:192B DB:7F P:NvMxdizC V:138 H:257
01826C $D0 $EC         BNE $01825A                     A:0000 X:0B3D Y:CB42 S:1FC0 D:192B DB:7F P:nvMxdizC V:138 H:269
01825A $BF $20 $CA $04 LDA $04CA20,X [04D55D] = $38    A:0000 X:0B3D Y:CB42 S:1FC0 D:192B DB:7F P:nvMxdizC V:138 H:274
01825E $E8             INX                             A:0038 X:0B3D Y:CB42 S:1FC0 D:192B DB:7F P:nvMxdizC V:138 H:296
01825F $99 $00 $00     STA $0000,Y [7FCB42] = $38      A:0038 X:0B3E Y:CB42 S:1FC0 D:192B DB:7F P:nvMxdizC V:138 H:300
018262 $C8             INY                             A:0038 X:0B3E Y:CB42 S:1FC0 D:192B DB:7F P:nvMxdizC V:138 H:309
018263 $A9 $00         LDA #$00                        A:0038 X:0B3E Y:CB43 S:1FC0 D:192B DB:7F P:NvMxdizC V:138 H:313
018265 $99 $00 $00     STA $0000,Y [7FCB43] = $00      A:0000 X:0B3E Y:CB43 S:1FC0 D:192B DB:7F P:nvMxdiZC V:138 H:317
018268 $C8             INY                             A:0000 X:0B3E Y:CB43 S:1FC0 D:192B DB:7F P:nvMxdiZC V:138 H:326
018269 $CE $33 $19     DEC $1933 [7F1933] = $03        A:0000 X:0B3E Y:CB44 S:1FC0 D:192B DB:7F P:NvMxdizC V:138 H:329
01826C $D0 $EC         BNE $01825A                     A:0000 X:0B3E Y:CB44 S:1FC0 D:192B DB:7F P:nvMxdizC V:139 H:0  
01825A $BF $20 $CA $04 LDA $04CA20,X [04D55E] = $00    A:0000 X:0B3E Y:CB44 S:1FC0 D:192B DB:7F P:nvMxdizC V:139 H:6  
01825E $E8             INX                             A:0000 X:0B3E Y:CB44 S:1FC0 D:192B DB:7F P:nvMxdiZC V:139 H:16 
01825F $99 $00 $00     STA $0000,Y [7FCB44] = $00      A:0000 X:0B3F Y:CB44 S:1FC0 D:192B DB:7F P:nvMxdizC V:139 H:19 
018262 $C8             INY                             A:0000 X:0B3F Y:CB44 S:1FC0 D:192B DB:7F P:nvMxdizC V:139 H:29 
018263 $A9 $00         LDA #$00                        A:0000 X:0B3F Y:CB45 S:1FC0 D:192B DB:7F P:NvMxdizC V:139 H:32 
018265 $99 $00 $00     STA $0000,Y [7FCB45] = $00      A:0000 X:0B3F Y:CB45 S:1FC0 D:192B DB:7F P:nvMxdiZC V:139 H:36 
018268 $C8             INY                             A:0000 X:0B3F Y:CB45 S:1FC0 D:192B DB:7F P:nvMxdiZC V:139 H:46 
018269 $CE $33 $19     DEC $1933 [7F1933] = $02        A:0000 X:0B3F Y:CB46 S:1FC0 D:192B DB:7F P:NvMxdizC V:139 H:49 
01826C $D0 $EC         BNE $01825A                     A:0000 X:0B3F Y:CB46 S:1FC0 D:192B DB:7F P:nvMxdizC V:139 H:61 
01825A $BF $20 $CA $04 LDA $04CA20,X [04D55F] = $00    A:0000 X:0B3F Y:CB46 S:1FC0 D:192B DB:7F P:nvMxdizC V:139 H:66 
01825E $E8             INX                             A:0000 X:0B3F Y:CB46 S:1FC0 D:192B DB:7F P:nvMxdiZC V:139 H:76 
01825F $99 $00 $00     STA $0000,Y [7FCB46] = $00      A:0000 X:0B40 Y:CB46 S:1FC0 D:192B DB:7F P:nvMxdizC V:139 H:80 
018262 $C8             INY                             A:0000 X:0B40 Y:CB46 S:1FC0 D:192B DB:7F P:nvMxdizC V:139 H:89 
018263 $A9 $00         LDA #$00                        A:0000 X:0B40 Y:CB47 S:1FC0 D:192B DB:7F P:NvMxdizC V:139 H:93 
018265 $99 $00 $00     STA $0000,Y [7FCB47] = $00      A:0000 X:0B40 Y:CB47 S:1FC0 D:192B DB:7F P:nvMxdiZC V:139 H:97 
018268 $C8             INY                             A:0000 X:0B40 Y:CB47 S:1FC0 D:192B DB:7F P:nvMxdiZC V:139 H:106
018269 $CE $33 $19     DEC $1933 [7F1933] = $01        A:0000 X:0B40 Y:CB48 S:1FC0 D:192B DB:7F P:NvMxdizC V:139 H:110
01826C $D0 $EC         BNE $01825A                     A:0000 X:0B40 Y:CB48 S:1FC0 D:192B DB:7F P:nvMxdiZC V:139 H:121
01826E $28             PLP                             A:0000 X:0B40 Y:CB48 S:1FC0 D:192B DB:7F P:nvMxdiZC V:139 H:125
01826F $AB             PLB                             A:0000 X:0B40 Y:CB48 S:1FC1 D:192B DB:7F P:nvmxdizc V:139 H:132
018270 $60             RTS                             A:0000 X:0B40 Y:CB48 S:1FC2 D:192B DB:01 P:nvmxdizc V:139 H:149
018218 $A5 $00         LDA $00 [00192B] = $0B28        A:0000 X:0B40 Y:CB48 S:1FC4 D:192B DB:01 P:nvmxdizc V:139 H:160
01821A $18             CLC                             A:0B28 X:0B40 Y:CB48 S:1FC4 D:192B DB:01 P:nvmxdizc V:139 H:169
01821B $69 $18 $00     ADC #$0018                      A:0B28 X:0B40 Y:CB48 S:1FC4 D:192B DB:01 P:nvmxdizc V:139 H:173
01821E $85 $00         STA $00 [00192B] = $0B28        A:0B40 X:0B40 Y:CB48 S:1FC4 D:192B DB:01 P:nvmxdizc V:139 H:179
018220 $A5 $02         LDA $02 [00192D] = $CB28        A:0B40 X:0B40 Y:CB48 S:1FC4 D:192B DB:01 P:nvmxdizc V:139 H:188
018222 $18             CLC                             A:CB28 X:0B40 Y:CB48 S:1FC4 D:192B DB:01 P:Nvmxdizc V:139 H:198
018223 $69 $20 $00     ADC #$0020                      A:CB28 X:0B40 Y:CB48 S:1FC4 D:192B DB:01 P:Nvmxdizc V:139 H:201
018226 $85 $02         STA $02 [00192D] = $CB28        A:CB48 X:0B40 Y:CB48 S:1FC4 D:192B DB:01 P:Nvmxdizc V:139 H:207
018228 $C6 $06         DEC $06 [001931] = $0015        A:CB48 X:0B40 Y:CB48 S:1FC4 D:192B DB:01 P:Nvmxdizc V:139 H:217
01822A $D0 $E9         BNE $018215                     A:CB48 X:0B40 Y:CB48 S:1FC4 D:192B DB:01 P:nvmxdizc V:139 H:232
018215 $20 $2E $82     JSR $822E [01822E] = $088B      A:CB48 X:0B40 Y:CB48 S:1FC4 D:192B DB:01 P:nvmxdizc V:139 H:237
01822E $8B             PHB                             A:CB48 X:0B40 Y:CB48 S:1FC2 D:192B DB:01 P:nvmxdizc V:139 H:249
01822F $08             PHP                             A:CB48 X:0B40 Y:CB48 S:1FC1 D:192B DB:01 P:nvmxdizc V:139 H:254
018230 $C2 $30         REP #$30                        A:CB48 X:0B40 Y:CB48 S:1FC0 D:192B DB:01 P:nvmxdizc V:139 H:260
018232 $8B             PHB                             A:CB48 X:0B40 Y:CB48 S:1FC0 D:192B DB:01 P:nvmxdizc V:139 H:265
018233 $AD $2B $19     LDA $192B [01192B] = $0B40      A:CB48 X:0B40 Y:CB48 S:1FBF D:192B DB:01 P:nvmxdizc V:139 H:271
018236 $18             CLC                             A:0B40 X:0B40 Y:CB48 S:1FBF D:192B DB:01 P:nvmxdizc V:139 H:295
018237 $69 $20 $CA     ADC #$CA20                      A:0B40 X:0B40 Y:CB48 S:1FBF D:192B DB:01 P:nvmxdizc V:139 H:298
01823A $AA             TAX                             A:D560 X:0B40 Y:CB48 S:1FBF D:192B DB:01 P:Nvmxdizc V:139 H:304
01823B $AC $2D $19     LDY $192D [01192D] = $CB48      A:D560 X:D560 Y:CB48 S:1FBF D:192B DB:01 P:Nvmxdizc V:139 H:308
01823E $A9 $0F $00     LDA #$000F                      A:D560 X:D560 Y:CB48 S:1FBF D:192B DB:01 P:Nvmxdizc V:139 H:318
018241 $54 $7F $04     MVN $04 -> $7F                  A:000F X:D560 Y:CB48 S:1FBF D:192B DB:01 P:nvmxdizc V:139 H:323
018241 $54 $7F $04     MVN $04 -> $7F                  A:000E X:D561 Y:CB49 S:1FBF D:192B DB:7F P:nvmxdizc V:139 H:336
018241 $54 $7F $04     MVN $04 -> $7F                  A:000D X:D562 Y:CB4A S:1FBF D:192B DB:7F P:nvmxdizc V:140 H:9  
018241 $54 $7F $04     MVN $04 -> $7F                  A:000C X:D563 Y:CB4B S:1FBF D:192B DB:7F P:nvmxdizc V:140 H:22 
018241 $54 $7F $04     MVN $04 -> $7F                  A:000B X:D564 Y:CB4C S:1FBF D:192B DB:7F P:nvmxdizc V:140 H:35 
018241 $54 $7F $04     MVN $04 -> $7F                  A:000A X:D565 Y:CB4D S:1FBF D:192B DB:7F P:nvmxdizc V:140 H:48 
018241 $54 $7F $04     MVN $04 -> $7F                  A:0009 X:D566 Y:CB4E S:1FBF D:192B DB:7F P:nvmxdizc V:140 H:61 
018241 $54 $7F $04     MVN $04 -> $7F                  A:0008 X:D567 Y:CB4F S:1FBF D:192B DB:7F P:nvmxdizc V:140 H:74 
018241 $54 $7F $04     MVN $04 -> $7F                  A:0007 X:D568 Y:CB50 S:1FBF D:192B DB:7F P:nvmxdizc V:140 H:87 
018241 $54 $7F $04     MVN $04 -> $7F                  A:0006 X:D569 Y:CB51 S:1FBF D:192B DB:7F P:nvmxdizc V:140 H:100
018241 $54 $7F $04     MVN $04 -> $7F                  A:0005 X:D56A Y:CB52 S:1FBF D:192B DB:7F P:nvmxdizc V:140 H:113
018241 $54 $7F $04     MVN $04 -> $7F                  A:0004 X:D56B Y:CB53 S:1FBF D:192B DB:7F P:nvmxdizc V:140 H:126
018241 $54 $7F $04     MVN $04 -> $7F                  A:0003 X:D56C Y:CB54 S:1FBF D:192B DB:7F P:nvmxdizc V:140 H:149
018241 $54 $7F $04     MVN $04 -> $7F                  A:0002 X:D56D Y:CB55 S:1FBF D:192B DB:7F P:nvmxdizc V:140 H:162
018241 $54 $7F $04     MVN $04 -> $7F                  A:0001 X:D56E Y:CB56 S:1FBF D:192B DB:7F P:nvmxdizc V:140 H:175
018241 $54 $7F $04     MVN $04 -> $7F                  A:0000 X:D56F Y:CB57 S:1FBF D:192B DB:7F P:nvmxdizc V:140 H:188
018244 $AB             PLB                             A:FFFF X:D570 Y:CB58 S:1FBF D:192B DB:7F P:nvmxdizc V:140 H:201
018245 $8A             TXA                             A:FFFF X:D570 Y:CB58 S:1FC0 D:192B DB:01 P:nvmxdizc V:140 H:208
018246 $38             SEC                             A:D570 X:D570 Y:CB58 S:1FC0 D:192B DB:01 P:Nvmxdizc V:140 H:211
018247 $E9 $20 $CA     SBC #$CA20                      A:D570 X:D570 Y:CB58 S:1FC0 D:192B DB:01 P:NvmxdizC V:140 H:215
01824A $AA             TAX                             A:0B50 X:D570 Y:CB58 S:1FC0 D:192B DB:01 P:nvmxdizC V:140 H:221
01824B $E2 $20         SEP #$20                        A:0B50 X:0B50 Y:CB58 S:1FC0 D:192B DB:01 P:nvmxdizC V:140 H:224
01824D $C2 $10         REP #$10                        A:0B50 X:0B50 Y:CB58 S:1FC0 D:192B DB:01 P:nvMxdizC V:140 H:230
01824F $F4 $7F $00     PEA #$007F                      A:0B50 X:0B50 Y:CB58 S:1FC0 D:192B DB:01 P:nvMxdizC V:140 H:235
018252 $AB             PLB                             A:0B50 X:0B50 Y:CB58 S:1FBE D:192B DB:01 P:nvMxdizC V:140 H:245
018253 $68             PLA                             A:0B50 X:0B50 Y:CB58 S:1FBF D:192B DB:7F P:nvMxdizC V:140 H:252
018254 $EB             XBA                             A:0B00 X:0B50 Y:CB58 S:1FC0 D:192B DB:7F P:nvMxdiZC V:140 H:259
018255 $A9 $08         LDA #$08                        A:000B X:0B50 Y:CB58 S:1FC0 D:192B DB:7F P:nvMxdizC V:140 H:264
018257 $8D $33 $19     STA $1933 [7F1933] = $00        A:0008 X:0B50 Y:CB58 S:1FC0 D:192B DB:7F P:nvMxdizC V:140 H:268
01825A $BF $20 $CA $04 LDA $04CA20,X [04D570] = $20    A:0008 X:0B50 Y:CB58 S:1FC0 D:192B DB:7F P:nvMxdizC V:140 H:276
01825E $E8             INX                             A:0020 X:0B50 Y:CB58 S:1FC0 D:192B DB:7F P:nvMxdizC V:140 H:298
01825F $99 $00 $00     STA $0000,Y [7FCB58] = $20      A:0020 X:0B51 Y:CB58 S:1FC0 D:192B DB:7F P:nvMxdizC V:140 H:302
018262 $C8             INY                             A:0020 X:0B51 Y:CB58 S:1FC0 D:192B DB:7F P:nvMxdizC V:140 H:311
018263 $A9 $00         LDA #$00                        A:0020 X:0B51 Y:CB59 S:1FC0 D:192B DB:7F P:NvMxdizC V:140 H:315
018265 $99 $00 $00     STA $0000,Y [7FCB59] = $00      A:0000 X:0B51 Y:CB59 S:1FC0 D:192B DB:7F P:nvMxdiZC V:140 H:319
018268 $C8             INY                             A:0000 X:0B51 Y:CB59 S:1FC0 D:192B DB:7F P:nvMxdiZC V:140 H:327
018269 $CE $33 $19     DEC $1933 [7F1933] = $08        A:0000 X:0B51 Y:CB5A S:1FC0 D:192B DB:7F P:NvMxdizC V:140 H:331
01826C $D0 $EC         BNE $01825A                     A:0000 X:0B51 Y:CB5A S:1FC0 D:192B DB:7F P:nvMxdizC V:141 H:2  
01825A $BF $20 $CA $04 LDA $04CA20,X [04D571] = $78    A:0000 X:0B51 Y:CB5A S:1FC0 D:192B DB:7F P:nvMxdizC V:141 H:8  
01825E $E8             INX                             A:0078 X:0B51 Y:CB5A S:1FC0 D:192B DB:7F P:nvMxdizC V:141 H:18 
01825F $99 $00 $00     STA $0000,Y [7FCB5A] = $78      A:0078 X:0B52 Y:CB5A S:1FC0 D:192B DB:7F P:nvMxdizC V:141 H:21 
018262 $C8             INY                             A:0078 X:0B52 Y:CB5A S:1FC0 D:192B DB:7F P:nvMxdizC V:141 H:31 
018263 $A9 $00         LDA #$00                        A:0078 X:0B52 Y:CB5B S:1FC0 D:192B DB:7F P:NvMxdizC V:141 H:34 
018265 $99 $00 $00     STA $0000,Y [7FCB5B] = $00      A:0000 X:0B52 Y:CB5B S:1FC0 D:192B DB:7F P:nvMxdiZC V:141 H:38 
018268 $C8             INY                             A:0000 X:0B52 Y:CB5B S:1FC0 D:192B DB:7F P:nvMxdiZC V:141 H:48 
018269 $CE $33 $19     DEC $1933 [7F1933] = $07        A:0000 X:0B52 Y:CB5C S:1FC0 D:192B DB:7F P:NvMxdizC V:141 H:51 
01826C $D0 $EC         BNE $01825A                     A:0000 X:0B52 Y:CB5C S:1FC0 D:192B DB:7F P:nvMxdizC V:141 H:63 
01825A $BF $20 $CA $04 LDA $04CA20,X [04D572] = $58    A:0000 X:0B52 Y:CB5C S:1FC0 D:192B DB:7F P:nvMxdizC V:141 H:68 
01825E $E8             INX                             A:0058 X:0B52 Y:CB5C S:1FC0 D:192B DB:7F P:nvMxdizC V:141 H:78 
01825F $99 $00 $00     STA $0000,Y [7FCB5C] = $58      A:0058 X:0B53 Y:CB5C S:1FC0 D:192B DB:7F P:nvMxdizC V:141 H:82 
018262 $C8             INY                             A:0058 X:0B53 Y:CB5C S:1FC0 D:192B DB:7F P:nvMxdizC V:141 H:91 
018263 $A9 $00         LDA #$00                        A:0058 X:0B53 Y:CB5D S:1FC0 D:192B DB:7F P:NvMxdizC V:141 H:95 
018265 $99 $00 $00     STA $0000,Y [7FCB5D] = $00      A:0000 X:0B53 Y:CB5D S:1FC0 D:192B DB:7F P:nvMxdiZC V:141 H:99 
018268 $C8             INY                             A:0000 X:0B53 Y:CB5D S:1FC0 D:192B DB:7F P:nvMxdiZC V:141 H:108
018269 $CE $33 $19     DEC $1933 [7F1933] = $06        A:0000 X:0B53 Y:CB5E S:1FC0 D:192B DB:7F P:NvMxdizC V:141 H:112
01826C $D0 $EC         BNE $01825A                     A:0000 X:0B53 Y:CB5E S:1FC0 D:192B DB:7F P:nvMxdizC V:141 H:123
01825A $BF $20 $CA $04 LDA $04CA20,X [04D573] = $70    A:0000 X:0B53 Y:CB5E S:1FC0 D:192B DB:7F P:nvMxdizC V:141 H:129
01825E $E8             INX                             A:0070 X:0B53 Y:CB5E S:1FC0 D:192B DB:7F P:nvMxdizC V:141 H:149
01825F $99 $00 $00     STA $0000,Y [7FCB5E] = $70      A:0070 X:0B54 Y:CB5E S:1FC0 D:192B DB:7F P:nvMxdizC V:141 H:152
018262 $C8             INY                             A:0070 X:0B54 Y:CB5E S:1FC0 D:192B DB:7F P:nvMxdizC V:141 H:162
018263 $A9 $00         LDA #$00                        A:0070 X:0B54 Y:CB5F S:1FC0 D:192B DB:7F P:NvMxdizC V:141 H:165
018265 $99 $00 $00     STA $0000,Y [7FCB5F] = $00      A:0000 X:0B54 Y:CB5F S:1FC0 D:192B DB:7F P:nvMxdiZC V:141 H:169
018268 $C8             INY                             A:0000 X:0B54 Y:CB5F S:1FC0 D:192B DB:7F P:nvMxdiZC V:141 H:179
018269 $CE $33 $19     DEC $1933 [7F1933] = $05        A:0000 X:0B54 Y:CB60 S:1FC0 D:192B DB:7F P:NvMxdizC V:141 H:182
01826C $D0 $EC         BNE $01825A                     A:0000 X:0B54 Y:CB60 S:1FC0 D:192B DB:7F P:nvMxdizC V:141 H:194
01825A $BF $20 $CA $04 LDA $04CA20,X [04D574] = $30    A:0000 X:0B54 Y:CB60 S:1FC0 D:192B DB:7F P:nvMxdizC V:141 H:199
01825E $E8             INX                             A:0030 X:0B54 Y:CB60 S:1FC0 D:192B DB:7F P:nvMxdizC V:141 H:209
01825F $99 $00 $00     STA $0000,Y [7FCB60] = $30      A:0030 X:0B55 Y:CB60 S:1FC0 D:192B DB:7F P:nvMxdizC V:141 H:213
018262 $C8             INY                             A:0030 X:0B55 Y:CB60 S:1FC0 D:192B DB:7F P:nvMxdizC V:141 H:222
018263 $A9 $00         LDA #$00                        A:0030 X:0B55 Y:CB61 S:1FC0 D:192B DB:7F P:NvMxdizC V:141 H:226
018265 $99 $00 $00     STA $0000,Y [7FCB61] = $00      A:0000 X:0B55 Y:CB61 S:1FC0 D:192B DB:7F P:nvMxdiZC V:141 H:230
018268 $C8             INY                             A:0000 X:0B55 Y:CB61 S:1FC0 D:192B DB:7F P:nvMxdiZC V:141 H:239
018269 $CE $33 $19     DEC $1933 [7F1933] = $04        A:0000 X:0B55 Y:CB62 S:1FC0 D:192B DB:7F P:NvMxdizC V:141 H:243
01826C $D0 $EC         BNE $01825A                     A:0000 X:0B55 Y:CB62 S:1FC0 D:192B DB:7F P:nvMxdizC V:141 H:254
01825A $BF $20 $CA $04 LDA $04CA20,X [04D575] = $00    A:0000 X:0B55 Y:CB62 S:1FC0 D:192B DB:7F P:nvMxdizC V:141 H:260
01825E $E8             INX                             A:0000 X:0B55 Y:CB62 S:1FC0 D:192B DB:7F P:nvMxdiZC V:141 H:270
01825F $99 $00 $00     STA $0000,Y [7FCB62] = $00      A:0000 X:0B56 Y:CB62 S:1FC0 D:192B DB:7F P:nvMxdizC V:141 H:273
018262 $C8             INY                             A:0000 X:0B56 Y:CB62 S:1FC0 D:192B DB:7F P:nvMxdizC V:141 H:295
018263 $A9 $00         LDA #$00                        A:0000 X:0B56 Y:CB63 S:1FC0 D:192B DB:7F P:NvMxdizC V:141 H:298
018265 $99 $00 $00     STA $0000,Y [7FCB63] = $00      A:0000 X:0B56 Y:CB63 S:1FC0 D:192B DB:7F P:nvMxdiZC V:141 H:302
018268 $C8             INY                             A:0000 X:0B56 Y:CB63 S:1FC0 D:192B DB:7F P:nvMxdiZC V:141 H:312
018269 $CE $33 $19     DEC $1933 [7F1933] = $03        A:0000 X:0B56 Y:CB64 S:1FC0 D:192B DB:7F P:NvMxdizC V:141 H:315
01826C $D0 $EC         BNE $01825A                     A:0000 X:0B56 Y:CB64 S:1FC0 D:192B DB:7F P:nvMxdizC V:141 H:326
01825A $BF $20 $CA $04 LDA $04CA20,X [04D576] = $00    A:0000 X:0B56 Y:CB64 S:1FC0 D:192B DB:7F P:nvMxdizC V:141 H:331
01825E $E8             INX                             A:0000 X:0B56 Y:CB64 S:1FC0 D:192B DB:7F P:nvMxdiZC V:142 H:1  
01825F $99 $00 $00     STA $0000,Y [7FCB64] = $00      A:0000 X:0B57 Y:CB64 S:1FC0 D:192B DB:7F P:nvMxdizC V:142 H:5  
018262 $C8             INY                             A:0000 X:0B57 Y:CB64 S:1FC0 D:192B DB:7F P:nvMxdizC V:142 H:14 
018263 $A9 $00         LDA #$00                        A:0000 X:0B57 Y:CB65 S:1FC0 D:192B DB:7F P:NvMxdizC V:142 H:18 
018265 $99 $00 $00     STA $0000,Y [7FCB65] = $00      A:0000 X:0B57 Y:CB65 S:1FC0 D:192B DB:7F P:nvMxdiZC V:142 H:22 
018268 $C8             INY                             A:0000 X:0B57 Y:CB65 S:1FC0 D:192B DB:7F P:nvMxdiZC V:142 H:31 
018269 $CE $33 $19     DEC $1933 [7F1933] = $02        A:0000 X:0B57 Y:CB66 S:1FC0 D:192B DB:7F P:NvMxdizC V:142 H:35 
01826C $D0 $EC         BNE $01825A                     A:0000 X:0B57 Y:CB66 S:1FC0 D:192B DB:7F P:nvMxdizC V:142 H:46 
01825A $BF $20 $CA $04 LDA $04CA20,X [04D577] = $00    A:0000 X:0B57 Y:CB66 S:1FC0 D:192B DB:7F P:nvMxdizC V:142 H:52 
01825E $E8             INX                             A:0000 X:0B57 Y:CB66 S:1FC0 D:192B DB:7F P:nvMxdiZC V:142 H:62 
01825F $99 $00 $00     STA $0000,Y [7FCB66] = $00      A:0000 X:0B58 Y:CB66 S:1FC0 D:192B DB:7F P:nvMxdizC V:142 H:65 
018262 $C8             INY                             A:0000 X:0B58 Y:CB66 S:1FC0 D:192B DB:7F P:nvMxdizC V:142 H:75 
018263 $A9 $00         LDA #$00                        A:0000 X:0B58 Y:CB67 S:1FC0 D:192B DB:7F P:NvMxdizC V:142 H:78 
018265 $99 $00 $00     STA $0000,Y [7FCB67] = $00      A:0000 X:0B58 Y:CB67 S:1FC0 D:192B DB:7F P:nvMxdiZC V:142 H:82 
018268 $C8             INY                             A:0000 X:0B58 Y:CB67 S:1FC0 D:192B DB:7F P:nvMxdiZC V:142 H:92 
018269 $CE $33 $19     DEC $1933 [7F1933] = $01        A:0000 X:0B58 Y:CB68 S:1FC0 D:192B DB:7F P:NvMxdizC V:142 H:95 
01826C $D0 $EC         BNE $01825A                     A:0000 X:0B58 Y:CB68 S:1FC0 D:192B DB:7F P:nvMxdiZC V:142 H:107
01826E $28             PLP                             A:0000 X:0B58 Y:CB68 S:1FC0 D:192B DB:7F P:nvMxdiZC V:142 H:111
01826F $AB             PLB                             A:0000 X:0B58 Y:CB68 S:1FC1 D:192B DB:7F P:nvmxdizc V:142 H:118
018270 $60             RTS                             A:0000 X:0B58 Y:CB68 S:1FC2 D:192B DB:01 P:nvmxdizc V:142 H:125
018218 $A5 $00         LDA $00 [00192B] = $0B40        A:0000 X:0B58 Y:CB68 S:1FC4 D:192B DB:01 P:nvmxdizc V:142 H:145
01821A $18             CLC                             A:0B40 X:0B58 Y:CB68 S:1FC4 D:192B DB:01 P:nvmxdizc V:142 H:155
01821B $69 $18 $00     ADC #$0018                      A:0B40 X:0B58 Y:CB68 S:1FC4 D:192B DB:01 P:nvmxdizc V:142 H:158
01821E $85 $00         STA $00 [00192B] = $0B40        A:0B58 X:0B58 Y:CB68 S:1FC4 D:192B DB:01 P:nvmxdizc V:142 H:164
018220 $A5 $02         LDA $02 [00192D] = $CB48        A:0B58 X:0B58 Y:CB68 S:1FC4 D:192B DB:01 P:nvmxdizc V:142 H:174
018222 $18             CLC                             A:CB48 X:0B58 Y:CB68 S:1FC4 D:192B DB:01 P:Nvmxdizc V:142 H:183
018223 $69 $20 $00     ADC #$0020                      A:CB48 X:0B58 Y:CB68 S:1FC4 D:192B DB:01 P:Nvmxdizc V:142 H:187
018226 $85 $02         STA $02 [00192D] = $CB48        A:CB68 X:0B58 Y:CB68 S:1FC4 D:192B DB:01 P:Nvmxdizc V:142 H:193
018228 $C6 $06         DEC $06 [001931] = $0014        A:CB68 X:0B58 Y:CB68 S:1FC4 D:192B DB:01 P:Nvmxdizc V:142 H:202
01822A $D0 $E9         BNE $018215                     A:CB68 X:0B58 Y:CB68 S:1FC4 D:192B DB:01 P:nvmxdizc V:142 H:217
018215 $20 $2E $82     JSR $822E [01822E] = $088B      A:CB68 X:0B58 Y:CB68 S:1FC4 D:192B DB:01 P:nvmxdizc V:142 H:223
01822E $8B             PHB                             A:CB68 X:0B58 Y:CB68 S:1FC2 D:192B DB:01 P:nvmxdizc V:142 H:234
01822F $08             PHP                             A:CB68 X:0B58 Y:CB68 S:1FC1 D:192B DB:01 P:nvmxdizc V:142 H:240
018230 $C2 $30         REP #$30                        A:CB68 X:0B58 Y:CB68 S:1FC0 D:192B DB:01 P:nvmxdizc V:142 H:245
018232 $8B             PHB                             A:CB68 X:0B58 Y:CB68 S:1FC0 D:192B DB:01 P:nvmxdizc V:142 H:251
018233 $AD $2B $19     LDA $192B [01192B] = $0B58      A:CB68 X:0B58 Y:CB68 S:1FBF D:192B DB:01 P:nvmxdizc V:142 H:256
018236 $18             CLC                             A:0B58 X:0B58 Y:CB68 S:1FBF D:192B DB:01 P:nvmxdizc V:142 H:266
018237 $69 $20 $CA     ADC #$CA20                      A:0B58 X:0B58 Y:CB68 S:1FBF D:192B DB:01 P:nvmxdizc V:142 H:270
01823A $AA             TAX                             A:D578 X:0B58 Y:CB68 S:1FBF D:192B DB:01 P:Nvmxdizc V:142 H:276
01823B $AC $2D $19     LDY $192D [01192D] = $CB68      A:D578 X:D578 Y:CB68 S:1FBF D:192B DB:01 P:Nvmxdizc V:142 H:293
01823E $A9 $0F $00     LDA #$000F                      A:D578 X:D578 Y:CB68 S:1FBF D:192B DB:01 P:Nvmxdizc V:142 H:303
018241 $54 $7F $04     MVN $04 -> $7F                  A:000F X:D578 Y:CB68 S:1FBF D:192B DB:01 P:nvmxdizc V:142 H:309
018241 $54 $7F $04     MVN $04 -> $7F                  A:000E X:D579 Y:CB69 S:1FBF D:192B DB:7F P:nvmxdizc V:142 H:322
018241 $54 $7F $04     MVN $04 -> $7F                  A:000D X:D57A Y:CB6A S:1FBF D:192B DB:7F P:nvmxdizc V:142 H:334
018241 $54 $7F $04     MVN $04 -> $7F                  A:000C X:D57B Y:CB6B S:1FBF D:192B DB:7F P:nvmxdizc V:143 H:7  
018241 $54 $7F $04     MVN $04 -> $7F                  A:000B X:D57C Y:CB6C S:1FBF D:192B DB:7F P:nvmxdizc V:143 H:20 
018241 $54 $7F $04     MVN $04 -> $7F                  A:000A X:D57D Y:CB6D S:1FBF D:192B DB:7F P:nvmxdizc V:143 H:33 
018241 $54 $7F $04     MVN $04 -> $7F                  A:0009 X:D57E Y:CB6E S:1FBF D:192B DB:7F P:nvmxdizc V:143 H:46 
018241 $54 $7F $04     MVN $04 -> $7F                  A:0008 X:D57F Y:CB6F S:1FBF D:192B DB:7F P:nvmxdizc V:143 H:59 
018241 $54 $7F $04     MVN $04 -> $7F                  A:0007 X:D580 Y:CB70 S:1FBF D:192B DB:7F P:nvmxdizc V:143 H:72 
018241 $54 $7F $04     MVN $04 -> $7F                  A:0006 X:D581 Y:CB71 S:1FBF D:192B DB:7F P:nvmxdizc V:143 H:85 
018241 $54 $7F $04     MVN $04 -> $7F                  A:0005 X:D582 Y:CB72 S:1FBF D:192B DB:7F P:nvmxdizc V:143 H:98 
018241 $54 $7F $04     MVN $04 -> $7F                  A:0004 X:D583 Y:CB73 S:1FBF D:192B DB:7F P:nvmxdizc V:143 H:111
018241 $54 $7F $04     MVN $04 -> $7F                  A:0003 X:D584 Y:CB74 S:1FBF D:192B DB:7F P:nvmxdizc V:143 H:124
018241 $54 $7F $04     MVN $04 -> $7F                  A:0002 X:D585 Y:CB75 S:1FBF D:192B DB:7F P:nvmxdizc V:143 H:147
018241 $54 $7F $04     MVN $04 -> $7F                  A:0001 X:D586 Y:CB76 S:1FBF D:192B DB:7F P:nvmxdizc V:143 H:160
018241 $54 $7F $04     MVN $04 -> $7F                  A:0000 X:D587 Y:CB77 S:1FBF D:192B DB:7F P:nvmxdizc V:143 H:173
018244 $AB             PLB                             A:FFFF X:D588 Y:CB78 S:1FBF D:192B DB:7F P:nvmxdizc V:143 H:186
018245 $8A             TXA                             A:FFFF X:D588 Y:CB78 S:1FC0 D:192B DB:01 P:nvmxdizc V:143 H:193
018246 $38             SEC                             A:D588 X:D588 Y:CB78 S:1FC0 D:192B DB:01 P:Nvmxdizc V:143 H:196
018247 $E9 $20 $CA     SBC #$CA20                      A:D588 X:D588 Y:CB78 S:1FC0 D:192B DB:01 P:NvmxdizC V:143 H:200
01824A $AA             TAX                             A:0B68 X:D588 Y:CB78 S:1FC0 D:192B DB:01 P:nvmxdizC V:143 H:206
01824B $E2 $20         SEP #$20                        A:0B68 X:0B68 Y:CB78 S:1FC0 D:192B DB:01 P:nvmxdizC V:143 H:209
01824D $C2 $10         REP #$10                        A:0B68 X:0B68 Y:CB78 S:1FC0 D:192B DB:01 P:nvMxdizC V:143 H:215
01824F $F4 $7F $00     PEA #$007F                      A:0B68 X:0B68 Y:CB78 S:1FC0 D:192B DB:01 P:nvMxdizC V:143 H:220
018252 $AB             PLB                             A:0B68 X:0B68 Y:CB78 S:1FBE D:192B DB:01 P:nvMxdizC V:143 H:230
018253 $68             PLA                             A:0B68 X:0B68 Y:CB78 S:1FBF D:192B DB:7F P:nvMxdizC V:143 H:237
018254 $EB             XBA                             A:0B00 X:0B68 Y:CB78 S:1FC0 D:192B DB:7F P:nvMxdiZC V:143 H:244
018255 $A9 $08         LDA #$08                        A:000B X:0B68 Y:CB78 S:1FC0 D:192B DB:7F P:nvMxdizC V:143 H:249
018257 $8D $33 $19     STA $1933 [7F1933] = $00        A:0008 X:0B68 Y:CB78 S:1FC0 D:192B DB:7F P:nvMxdizC V:143 H:253
01825A $BF $20 $CA $04 LDA $04CA20,X [04D588] = $00    A:0008 X:0B68 Y:CB78 S:1FC0 D:192B DB:7F P:nvMxdizC V:143 H:261
01825E $E8             INX                             A:0000 X:0B68 Y:CB78 S:1FC0 D:192B DB:7F P:nvMxdiZC V:143 H:271
01825F $99 $00 $00     STA $0000,Y [7FCB78] = $00      A:0000 X:0B69 Y:CB78 S:1FC0 D:192B DB:7F P:nvMxdizC V:143 H:275
018262 $C8             INY                             A:0000 X:0B69 Y:CB78 S:1FC0 D:192B DB:7F P:nvMxdizC V:143 H:298
018263 $A9 $00         LDA #$00                        A:0000 X:0B69 Y:CB79 S:1FC0 D:192B DB:7F P:NvMxdizC V:143 H:302
018265 $99 $00 $00     STA $0000,Y [7FCB79] = $00      A:0000 X:0B69 Y:CB79 S:1FC0 D:192B DB:7F P:nvMxdiZC V:143 H:306
018268 $C8             INY                             A:0000 X:0B69 Y:CB79 S:1FC0 D:192B DB:7F P:nvMxdiZC V:143 H:315
018269 $CE $33 $19     DEC $1933 [7F1933] = $08        A:0000 X:0B69 Y:CB7A S:1FC0 D:192B DB:7F P:NvMxdizC V:143 H:319
01826C $D0 $EC         BNE $01825A                     A:0000 X:0B69 Y:CB7A S:1FC0 D:192B DB:7F P:nvMxdizC V:143 H:329
01825A $BF $20 $CA $04 LDA $04CA20,X [04D589] = $04    A:0000 X:0B69 Y:CB7A S:1FC0 D:192B DB:7F P:nvMxdizC V:143 H:335
01825E $E8             INX                             A:0004 X:0B69 Y:CB7A S:1FC0 D:192B DB:7F P:nvMxdizC V:144 H:5  
01825F $99 $00 $00     STA $0000,Y [7FCB7A] = $04      A:0004 X:0B6A Y:CB7A S:1FC0 D:192B DB:7F P:nvMxdizC V:144 H:8  
018262 $C8             INY                             A:0004 X:0B6A Y:CB7A S:1FC0 D:192B DB:7F P:nvMxdizC V:144 H:18 
018263 $A9 $00         LDA #$00                        A:0004 X:0B6A Y:CB7B S:1FC0 D:192B DB:7F P:NvMxdizC V:144 H:21 
018265 $99 $00 $00     STA $0000,Y [7FCB7B] = $00      A:0000 X:0B6A Y:CB7B S:1FC0 D:192B DB:7F P:nvMxdiZC V:144 H:25 
018268 $C8             INY                             A:0000 X:0B6A Y:CB7B S:1FC0 D:192B DB:7F P:nvMxdiZC V:144 H:35 
018269 $CE $33 $19     DEC $1933 [7F1933] = $07        A:0000 X:0B6A Y:CB7C S:1FC0 D:192B DB:7F P:NvMxdizC V:144 H:38 
01826C $D0 $EC         BNE $01825A                     A:0000 X:0B6A Y:CB7C S:1FC0 D:192B DB:7F P:nvMxdizC V:144 H:50 
01825A $BF $20 $CA $04 LDA $04CA20,X [04D58A] = $1B    A:0000 X:0B6A Y:CB7C S:1FC0 D:192B DB:7F P:nvMxdizC V:144 H:55 
01825E $E8             INX                             A:001B X:0B6A Y:CB7C S:1FC0 D:192B DB:7F P:nvMxdizC V:144 H:65 
01825F $99 $00 $00     STA $0000,Y [7FCB7C] = $1B      A:001B X:0B6B Y:CB7C S:1FC0 D:192B DB:7F P:nvMxdizC V:144 H:69 
018262 $C8             INY                             A:001B X:0B6B Y:CB7C S:1FC0 D:192B DB:7F P:nvMxdizC V:144 H:78 
018263 $A9 $00         LDA #$00                        A:001B X:0B6B Y:CB7D S:1FC0 D:192B DB:7F P:NvMxdizC V:144 H:82 
018265 $99 $00 $00     STA $0000,Y [7FCB7D] = $00      A:0000 X:0B6B Y:CB7D S:1FC0 D:192B DB:7F P:nvMxdiZC V:144 H:86 
018268 $C8             INY                             A:0000 X:0B6B Y:CB7D S:1FC0 D:192B DB:7F P:nvMxdiZC V:144 H:95 
018269 $CE $33 $19     DEC $1933 [7F1933] = $06        A:0000 X:0B6B Y:CB7E S:1FC0 D:192B DB:7F P:NvMxdizC V:144 H:99 
01826C $D0 $EC         BNE $01825A                     A:0000 X:0B6B Y:CB7E S:1FC0 D:192B DB:7F P:nvMxdizC V:144 H:110
01825A $BF $20 $CA $04 LDA $04CA20,X [04D58B] = $0C    A:0000 X:0B6B Y:CB7E S:1FC0 D:192B DB:7F P:nvMxdizC V:144 H:116
01825E $E8             INX                             A:000C X:0B6B Y:CB7E S:1FC0 D:192B DB:7F P:nvMxdizC V:144 H:126
01825F $99 $00 $00     STA $0000,Y [7FCB7E] = $0C      A:000C X:0B6C Y:CB7E S:1FC0 D:192B DB:7F P:nvMxdizC V:144 H:129
018262 $C8             INY                             A:000C X:0B6C Y:CB7E S:1FC0 D:192B DB:7F P:nvMxdizC V:144 H:149
018263 $A9 $00         LDA #$00                        A:000C X:0B6C Y:CB7F S:1FC0 D:192B DB:7F P:NvMxdizC V:144 H:152
018265 $99 $00 $00     STA $0000,Y [7FCB7F] = $00      A:0000 X:0B6C Y:CB7F S:1FC0 D:192B DB:7F P:nvMxdiZC V:144 H:156
018268 $C8             INY                             A:0000 X:0B6C Y:CB7F S:1FC0 D:192B DB:7F P:nvMxdiZC V:144 H:166
018269 $CE $33 $19     DEC $1933 [7F1933] = $05        A:0000 X:0B6C Y:CB80 S:1FC0 D:192B DB:7F P:NvMxdizC V:144 H:169
01826C $D0 $EC         BNE $01825A                     A:0000 X:0B6C Y:CB80 S:1FC0 D:192B DB:7F P:nvMxdizC V:144 H:181
01825A $BF $20 $CA $04 LDA $04CA20,X [04D58C] = $04    A:0000 X:0B6C Y:CB80 S:1FC0 D:192B DB:7F P:nvMxdizC V:144 H:186
01825E $E8             INX                             A:0004 X:0B6C Y:CB80 S:1FC0 D:192B DB:7F P:nvMxdizC V:144 H:196
01825F $99 $00 $00     STA $0000,Y [7FCB80] = $04      A:0004 X:0B6D Y:CB80 S:1FC0 D:192B DB:7F P:nvMxdizC V:144 H:200
018262 $C8             INY                             A:0004 X:0B6D Y:CB80 S:1FC0 D:192B DB:7F P:nvMxdizC V:144 H:209
018263 $A9 $00         LDA #$00                        A:0004 X:0B6D Y:CB81 S:1FC0 D:192B DB:7F P:NvMxdizC V:144 H:213
018265 $99 $00 $00     STA $0000,Y [7FCB81] = $00      A:0000 X:0B6D Y:CB81 S:1FC0 D:192B DB:7F P:nvMxdiZC V:144 H:217
018268 $C8             INY                             A:0000 X:0B6D Y:CB81 S:1FC0 D:192B DB:7F P:nvMxdiZC V:144 H:226
018269 $CE $33 $19     DEC $1933 [7F1933] = $04        A:0000 X:0B6D Y:CB82 S:1FC0 D:192B DB:7F P:NvMxdizC V:144 H:230
01826C $D0 $EC         BNE $01825A                     A:0000 X:0B6D Y:CB82 S:1FC0 D:192B DB:7F P:nvMxdizC V:144 H:241
01825A $BF $20 $CA $04 LDA $04CA20,X [04D58D] = $00    A:0000 X:0B6D Y:CB82 S:1FC0 D:192B DB:7F P:nvMxdizC V:144 H:247
01825E $E8             INX                             A:0000 X:0B6D Y:CB82 S:1FC0 D:192B DB:7F P:nvMxdiZC V:144 H:257
01825F $99 $00 $00     STA $0000,Y [7FCB82] = $00      A:0000 X:0B6E Y:CB82 S:1FC0 D:192B DB:7F P:nvMxdizC V:144 H:260
018262 $C8             INY                             A:0000 X:0B6E Y:CB82 S:1FC0 D:192B DB:7F P:nvMxdizC V:144 H:270
018263 $A9 $00         LDA #$00                        A:0000 X:0B6E Y:CB83 S:1FC0 D:192B DB:7F P:NvMxdizC V:144 H:273
018265 $99 $00 $00     STA $0000,Y [7FCB83] = $00      A:0000 X:0B6E Y:CB83 S:1FC0 D:192B DB:7F P:nvMxdiZC V:144 H:289
018268 $C8             INY                             A:0000 X:0B6E Y:CB83 S:1FC0 D:192B DB:7F P:nvMxdiZC V:144 H:299
018269 $CE $33 $19     DEC $1933 [7F1933] = $03        A:0000 X:0B6E Y:CB84 S:1FC0 D:192B DB:7F P:NvMxdizC V:144 H:302
01826C $D0 $EC         BNE $01825A                     A:0000 X:0B6E Y:CB84 S:1FC0 D:192B DB:7F P:nvMxdizC V:144 H:314
01825A $BF $20 $CA $04 LDA $04CA20,X [04D58E] = $00    A:0000 X:0B6E Y:CB84 S:1FC0 D:192B DB:7F P:nvMxdizC V:144 H:319
01825E $E8             INX                             A:0000 X:0B6E Y:CB84 S:1FC0 D:192B DB:7F P:nvMxdiZC V:144 H:328
01825F $99 $00 $00     STA $0000,Y [7FCB84] = $00      A:0000 X:0B6F Y:CB84 S:1FC0 D:192B DB:7F P:nvMxdizC V:144 H:332
018262 $C8             INY                             A:0000 X:0B6F Y:CB84 S:1FC0 D:192B DB:7F P:nvMxdizC V:145 H:1  
018263 $A9 $00         LDA #$00                        A:0000 X:0B6F Y:CB85 S:1FC0 D:192B DB:7F P:NvMxdizC V:145 H:5  
018265 $99 $00 $00     STA $0000,Y [7FCB85] = $00      A:0000 X:0B6F Y:CB85 S:1FC0 D:192B DB:7F P:nvMxdiZC V:145 H:9  
018268 $C8             INY                             A:0000 X:0B6F Y:CB85 S:1FC0 D:192B DB:7F P:nvMxdiZC V:145 H:18 
018269 $CE $33 $19     DEC $1933 [7F1933] = $02        A:0000 X:0B6F Y:CB86 S:1FC0 D:192B DB:7F P:NvMxdizC V:145 H:22 
01826C $D0 $EC         BNE $01825A                     A:0000 X:0B6F Y:CB86 S:1FC0 D:192B DB:7F P:nvMxdizC V:145 H:33 
01825A $BF $20 $CA $04 LDA $04CA20,X [04D58F] = $00    A:0000 X:0B6F Y:CB86 S:1FC0 D:192B DB:7F P:nvMxdizC V:145 H:39 
01825E $E8             INX                             A:0000 X:0B6F Y:CB86 S:1FC0 D:192B DB:7F P:nvMxdiZC V:145 H:49 
01825F $99 $00 $00     STA $0000,Y [7FCB86] = $00      A:0000 X:0B70 Y:CB86 S:1FC0 D:192B DB:7F P:nvMxdizC V:145 H:52 
018262 $C8             INY                             A:0000 X:0B70 Y:CB86 S:1FC0 D:192B DB:7F P:nvMxdizC V:145 H:62 
018263 $A9 $00         LDA #$00                        A:0000 X:0B70 Y:CB87 S:1FC0 D:192B DB:7F P:NvMxdizC V:145 H:65 
018265 $99 $00 $00     STA $0000,Y [7FCB87] = $00      A:0000 X:0B70 Y:CB87 S:1FC0 D:192B DB:7F P:nvMxdiZC V:145 H:69 
018268 $C8             INY                             A:0000 X:0B70 Y:CB87 S:1FC0 D:192B DB:7F P:nvMxdiZC V:145 H:79 
018269 $CE $33 $19     DEC $1933 [7F1933] = $01        A:0000 X:0B70 Y:CB88 S:1FC0 D:192B DB:7F P:NvMxdizC V:145 H:82 
01826C $D0 $EC         BNE $01825A                     A:0000 X:0B70 Y:CB88 S:1FC0 D:192B DB:7F P:nvMxdiZC V:145 H:94 
01826E $28             PLP                             A:0000 X:0B70 Y:CB88 S:1FC0 D:192B DB:7F P:nvMxdiZC V:145 H:98 
01826F $AB             PLB                             A:0000 X:0B70 Y:CB88 S:1FC1 D:192B DB:7F P:nvmxdizc V:145 H:105
018270 $60             RTS                             A:0000 X:0B70 Y:CB88 S:1FC2 D:192B DB:01 P:nvmxdizc V:145 H:112
018218 $A5 $00         LDA $00 [00192B] = $0B58        A:0000 X:0B70 Y:CB88 S:1FC4 D:192B DB:01 P:nvmxdizc V:145 H:122
01821A $18             CLC                             A:0B58 X:0B70 Y:CB88 S:1FC4 D:192B DB:01 P:nvmxdizc V:145 H:132
01821B $69 $18 $00     ADC #$0018                      A:0B58 X:0B70 Y:CB88 S:1FC4 D:192B DB:01 P:nvmxdizc V:145 H:145
01821E $85 $00         STA $00 [00192B] = $0B58        A:0B70 X:0B70 Y:CB88 S:1FC4 D:192B DB:01 P:nvmxdizc V:145 H:151
018220 $A5 $02         LDA $02 [00192D] = $CB68        A:0B70 X:0B70 Y:CB88 S:1FC4 D:192B DB:01 P:nvmxdizc V:145 H:161
018222 $18             CLC                             A:CB68 X:0B70 Y:CB88 S:1FC4 D:192B DB:01 P:Nvmxdizc V:145 H:170
018223 $69 $20 $00     ADC #$0020                      A:CB68 X:0B70 Y:CB88 S:1FC4 D:192B DB:01 P:Nvmxdizc V:145 H:174
018226 $85 $02         STA $02 [00192D] = $CB68        A:CB88 X:0B70 Y:CB88 S:1FC4 D:192B DB:01 P:Nvmxdizc V:145 H:180
018228 $C6 $06         DEC $06 [001931] = $0013        A:CB88 X:0B70 Y:CB88 S:1FC4 D:192B DB:01 P:Nvmxdizc V:145 H:189
01822A $D0 $E9         BNE $018215                     A:CB88 X:0B70 Y:CB88 S:1FC4 D:192B DB:01 P:nvmxdizc V:145 H:204
018215 $20 $2E $82     JSR $822E [01822E] = $088B      A:CB88 X:0B70 Y:CB88 S:1FC4 D:192B DB:01 P:nvmxdizc V:145 H:210
01822E $8B             PHB                             A:CB88 X:0B70 Y:CB88 S:1FC2 D:192B DB:01 P:nvmxdizc V:145 H:221
01822F $08             PHP                             A:CB88 X:0B70 Y:CB88 S:1FC1 D:192B DB:01 P:nvmxdizc V:145 H:227
018230 $C2 $30         REP #$30                        A:CB88 X:0B70 Y:CB88 S:1FC0 D:192B DB:01 P:nvmxdizc V:145 H:232
018232 $8B             PHB                             A:CB88 X:0B70 Y:CB88 S:1FC0 D:192B DB:01 P:nvmxdizc V:145 H:238
018233 $AD $2B $19     LDA $192B [01192B] = $0B70      A:CB88 X:0B70 Y:CB88 S:1FBF D:192B DB:01 P:nvmxdizc V:145 H:243
018236 $18             CLC                             A:0B70 X:0B70 Y:CB88 S:1FBF D:192B DB:01 P:nvmxdizc V:145 H:253
018237 $69 $20 $CA     ADC #$CA20                      A:0B70 X:0B70 Y:CB88 S:1FBF D:192B DB:01 P:nvmxdizc V:145 H:257
01823A $AA             TAX                             A:D590 X:0B70 Y:CB88 S:1FBF D:192B DB:01 P:Nvmxdizc V:145 H:263
01823B $AC $2D $19     LDY $192D [01192D] = $CB88      A:D590 X:D590 Y:CB88 S:1FBF D:192B DB:01 P:Nvmxdizc V:145 H:266
01823E $A9 $0F $00     LDA #$000F                      A:D590 X:D590 Y:CB88 S:1FBF D:192B DB:01 P:Nvmxdizc V:145 H:276
018241 $54 $7F $04     MVN $04 -> $7F                  A:000F X:D590 Y:CB88 S:1FBF D:192B DB:01 P:nvmxdizc V:145 H:294
018241 $54 $7F $04     MVN $04 -> $7F                  A:000E X:D591 Y:CB89 S:1FBF D:192B DB:7F P:nvmxdizc V:145 H:307
018241 $54 $7F $04     MVN $04 -> $7F                  A:000D X:D592 Y:CB8A S:1FBF D:192B DB:7F P:nvmxdizc V:145 H:320
018241 $54 $7F $04     MVN $04 -> $7F                  A:000C X:D593 Y:CB8B S:1FBF D:192B DB:7F P:nvmxdizc V:145 H:332
018241 $54 $7F $04     MVN $04 -> $7F                  A:000B X:D594 Y:CB8C S:1FBF D:192B DB:7F P:nvmxdizc V:146 H:5  
018241 $54 $7F $04     MVN $04 -> $7F                  A:000A X:D595 Y:CB8D S:1FBF D:192B DB:7F P:nvmxdizc V:146 H:18 
018241 $54 $7F $04     MVN $04 -> $7F                  A:0009 X:D596 Y:CB8E S:1FBF D:192B DB:7F P:nvmxdizc V:146 H:31 
018241 $54 $7F $04     MVN $04 -> $7F                  A:0008 X:D597 Y:CB8F S:1FBF D:192B DB:7F P:nvmxdizc V:146 H:44 
018241 $54 $7F $04     MVN $04 -> $7F                  A:0007 X:D598 Y:CB90 S:1FBF D:192B DB:7F P:nvmxdizc V:146 H:57 
018241 $54 $7F $04     MVN $04 -> $7F                  A:0006 X:D599 Y:CB91 S:1FBF D:192B DB:7F P:nvmxdizc V:146 H:70 
018241 $54 $7F $04     MVN $04 -> $7F                  A:0005 X:D59A Y:CB92 S:1FBF D:192B DB:7F P:nvmxdizc V:146 H:83 
018241 $54 $7F $04     MVN $04 -> $7F                  A:0004 X:D59B Y:CB93 S:1FBF D:192B DB:7F P:nvmxdizc V:146 H:96 
018241 $54 $7F $04     MVN $04 -> $7F                  A:0003 X:D59C Y:CB94 S:1FBF D:192B DB:7F P:nvmxdizc V:146 H:109
018241 $54 $7F $04     MVN $04 -> $7F                  A:0002 X:D59D Y:CB95 S:1FBF D:192B DB:7F P:nvmxdizc V:146 H:122
018241 $54 $7F $04     MVN $04 -> $7F                  A:0001 X:D59E Y:CB96 S:1FBF D:192B DB:7F P:nvmxdizc V:146 H:145
018241 $54 $7F $04     MVN $04 -> $7F                  A:0000 X:D59F Y:CB97 S:1FBF D:192B DB:7F P:nvmxdizc V:146 H:158
018244 $AB             PLB                             A:FFFF X:D5A0 Y:CB98 S:1FBF D:192B DB:7F P:nvmxdizc V:146 H:171
018245 $8A             TXA                             A:FFFF X:D5A0 Y:CB98 S:1FC0 D:192B DB:01 P:nvmxdizc V:146 H:178
018246 $38             SEC                             A:D5A0 X:D5A0 Y:CB98 S:1FC0 D:192B DB:01 P:Nvmxdizc V:146 H:182
018247 $E9 $20 $CA     SBC #$CA20                      A:D5A0 X:D5A0 Y:CB98 S:1FC0 D:192B DB:01 P:NvmxdizC V:146 H:185
01824A $AA             TAX                             A:0B80 X:D5A0 Y:CB98 S:1FC0 D:192B DB:01 P:nvmxdizC V:146 H:191
01824B $E2 $20         SEP #$20                        A:0B80 X:0B80 Y:CB98 S:1FC0 D:192B DB:01 P:nvmxdizC V:146 H:195
01824D $C2 $10         REP #$10                        A:0B80 X:0B80 Y:CB98 S:1FC0 D:192B DB:01 P:nvMxdizC V:146 H:200
01824F $F4 $7F $00     PEA #$007F                      A:0B80 X:0B80 Y:CB98 S:1FC0 D:192B DB:01 P:nvMxdizC V:146 H:206
018252 $AB             PLB                             A:0B80 X:0B80 Y:CB98 S:1FBE D:192B DB:01 P:nvMxdizC V:146 H:216
018253 $68             PLA                             A:0B80 X:0B80 Y:CB98 S:1FBF D:192B DB:7F P:nvMxdizC V:146 H:223
018254 $EB             XBA                             A:0B00 X:0B80 Y:CB98 S:1FC0 D:192B DB:7F P:nvMxdiZC V:146 H:230
018255 $A9 $08         LDA #$08                        A:000B X:0B80 Y:CB98 S:1FC0 D:192B DB:7F P:nvMxdizC V:146 H:235
018257 $8D $33 $19     STA $1933 [7F1933] = $00        A:0008 X:0B80 Y:CB98 S:1FC0 D:192B DB:7F P:nvMxdizC V:146 H:239
01825A $BF $20 $CA $04 LDA $04CA20,X [04D5A0] = $00    A:0008 X:0B80 Y:CB98 S:1FC0 D:192B DB:7F P:nvMxdizC V:146 H:247
01825E $E8             INX                             A:0000 X:0B80 Y:CB98 S:1FC0 D:192B DB:7F P:nvMxdiZC V:146 H:257
01825F $99 $00 $00     STA $0000,Y [7FCB98] = $00      A:0000 X:0B81 Y:CB98 S:1FC0 D:192B DB:7F P:nvMxdizC V:146 H:260
018262 $C8             INY                             A:0000 X:0B81 Y:CB98 S:1FC0 D:192B DB:7F P:nvMxdizC V:146 H:270
018263 $A9 $00         LDA #$00                        A:0000 X:0B81 Y:CB99 S:1FC0 D:192B DB:7F P:NvMxdizC V:146 H:273
018265 $99 $00 $00     STA $0000,Y [7FCB99] = $00      A:0000 X:0B81 Y:CB99 S:1FC0 D:192B DB:7F P:nvMxdiZC V:146 H:289
018268 $C8             INY                             A:0000 X:0B81 Y:CB99 S:1FC0 D:192B DB:7F P:nvMxdiZC V:146 H:299
018269 $CE $33 $19     DEC $1933 [7F1933] = $08        A:0000 X:0B81 Y:CB9A S:1FC0 D:192B DB:7F P:NvMxdizC V:146 H:302
01826C $D0 $EC         BNE $01825A                     A:0000 X:0B81 Y:CB9A S:1FC0 D:192B DB:7F P:nvMxdizC V:146 H:314
01825A $BF $20 $CA $04 LDA $04CA20,X [04D5A1] = $00    A:0000 X:0B81 Y:CB9A S:1FC0 D:192B DB:7F P:nvMxdizC V:146 H:319
01825E $E8             INX                             A:0000 X:0B81 Y:CB9A S:1FC0 D:192B DB:7F P:nvMxdiZC V:146 H:328
01825F $99 $00 $00     STA $0000,Y [7FCB9A] = $00      A:0000 X:0B82 Y:CB9A S:1FC0 D:192B DB:7F P:nvMxdizC V:146 H:332
018262 $C8             INY                             A:0000 X:0B82 Y:CB9A S:1FC0 D:192B DB:7F P:nvMxdizC V:147 H:1  
018263 $A9 $00         LDA #$00                        A:0000 X:0B82 Y:CB9B S:1FC0 D:192B DB:7F P:NvMxdizC V:147 H:5  
018265 $99 $00 $00     STA $0000,Y [7FCB9B] = $00      A:0000 X:0B82 Y:CB9B S:1FC0 D:192B DB:7F P:nvMxdiZC V:147 H:9  
018268 $C8             INY                             A:0000 X:0B82 Y:CB9B S:1FC0 D:192B DB:7F P:nvMxdiZC V:147 H:18 
018269 $CE $33 $19     DEC $1933 [7F1933] = $07        A:0000 X:0B82 Y:CB9C S:1FC0 D:192B DB:7F P:NvMxdizC V:147 H:22 
01826C $D0 $EC         BNE $01825A                     A:0000 X:0B82 Y:CB9C S:1FC0 D:192B DB:7F P:nvMxdizC V:147 H:33 
01825A $BF $20 $CA $04 LDA $04CA20,X [04D5A2] = $18    A:0000 X:0B82 Y:CB9C S:1FC0 D:192B DB:7F P:nvMxdizC V:147 H:39 
01825E $E8             INX                             A:0018 X:0B82 Y:CB9C S:1FC0 D:192B DB:7F P:nvMxdizC V:147 H:49 
01825F $99 $00 $00     STA $0000,Y [7FCB9C] = $18      A:0018 X:0B83 Y:CB9C S:1FC0 D:192B DB:7F P:nvMxdizC V:147 H:52 
018262 $C8             INY                             A:0018 X:0B83 Y:CB9C S:1FC0 D:192B DB:7F P:nvMxdizC V:147 H:62 
018263 $A9 $00         LDA #$00                        A:0018 X:0B83 Y:CB9D S:1FC0 D:192B DB:7F P:NvMxdizC V:147 H:65 
018265 $99 $00 $00     STA $0000,Y [7FCB9D] = $00      A:0000 X:0B83 Y:CB9D S:1FC0 D:192B DB:7F P:nvMxdiZC V:147 H:69 
018268 $C8             INY                             A:0000 X:0B83 Y:CB9D S:1FC0 D:192B DB:7F P:nvMxdiZC V:147 H:79 
018269 $CE $33 $19     DEC $1933 [7F1933] = $06        A:0000 X:0B83 Y:CB9E S:1FC0 D:192B DB:7F P:NvMxdizC V:147 H:82 
01826C $D0 $EC         BNE $01825A                     A:0000 X:0B83 Y:CB9E S:1FC0 D:192B DB:7F P:nvMxdizC V:147 H:94 
01825A $BF $20 $CA $04 LDA $04CA20,X [04D5A3] = $16    A:0000 X:0B83 Y:CB9E S:1FC0 D:192B DB:7F P:nvMxdizC V:147 H:99 
01825E $E8             INX                             A:0016 X:0B83 Y:CB9E S:1FC0 D:192B DB:7F P:nvMxdizC V:147 H:109
01825F $99 $00 $00     STA $0000,Y [7FCB9E] = $16      A:0016 X:0B84 Y:CB9E S:1FC0 D:192B DB:7F P:nvMxdizC V:147 H:113
018262 $C8             INY                             A:0016 X:0B84 Y:CB9E S:1FC0 D:192B DB:7F P:nvMxdizC V:147 H:122
018263 $A9 $00         LDA #$00                        A:0016 X:0B84 Y:CB9F S:1FC0 D:192B DB:7F P:NvMxdizC V:147 H:126
018265 $99 $00 $00     STA $0000,Y [7FCB9F] = $00      A:0000 X:0B84 Y:CB9F S:1FC0 D:192B DB:7F P:nvMxdiZC V:147 H:130
018268 $C8             INY                             A:0000 X:0B84 Y:CB9F S:1FC0 D:192B DB:7F P:nvMxdiZC V:147 H:149
018269 $CE $33 $19     DEC $1933 [7F1933] = $05        A:0000 X:0B84 Y:CBA0 S:1FC0 D:192B DB:7F P:NvMxdizC V:147 H:153
01826C $D0 $EC         BNE $01825A                     A:0000 X:0B84 Y:CBA0 S:1FC0 D:192B DB:7F P:nvMxdizC V:147 H:164
01825A $BF $20 $CA $04 LDA $04CA20,X [04D5A4] = $34    A:0000 X:0B84 Y:CBA0 S:1FC0 D:192B DB:7F P:nvMxdizC V:147 H:170
01825E $E8             INX                             A:0034 X:0B84 Y:CBA0 S:1FC0 D:192B DB:7F P:nvMxdizC V:147 H:180
01825F $99 $00 $00     STA $0000,Y [7FCBA0] = $34      A:0034 X:0B85 Y:CBA0 S:1FC0 D:192B DB:7F P:nvMxdizC V:147 H:183
018262 $C8             INY                             A:0034 X:0B85 Y:CBA0 S:1FC0 D:192B DB:7F P:nvMxdizC V:147 H:193
018263 $A9 $00         LDA #$00                        A:0034 X:0B85 Y:CBA1 S:1FC0 D:192B DB:7F P:NvMxdizC V:147 H:196
018265 $99 $00 $00     STA $0000,Y [7FCBA1] = $00      A:0000 X:0B85 Y:CBA1 S:1FC0 D:192B DB:7F P:nvMxdiZC V:147 H:200
018268 $C8             INY                             A:0000 X:0B85 Y:CBA1 S:1FC0 D:192B DB:7F P:nvMxdiZC V:147 H:210
018269 $CE $33 $19     DEC $1933 [7F1933] = $04        A:0000 X:0B85 Y:CBA2 S:1FC0 D:192B DB:7F P:NvMxdizC V:147 H:213
01826C $D0 $EC         BNE $01825A                     A:0000 X:0B85 Y:CBA2 S:1FC0 D:192B DB:7F P:nvMxdizC V:147 H:225
01825A $BF $20 $CA $04 LDA $04CA20,X [04D5A5] = $10    A:0000 X:0B85 Y:CBA2 S:1FC0 D:192B DB:7F P:nvMxdizC V:147 H:230
01825E $E8             INX                             A:0010 X:0B85 Y:CBA2 S:1FC0 D:192B DB:7F P:nvMxdizC V:147 H:240
01825F $99 $00 $00     STA $0000,Y [7FCBA2] = $10      A:0010 X:0B86 Y:CBA2 S:1FC0 D:192B DB:7F P:nvMxdizC V:147 H:244
018262 $C8             INY                             A:0010 X:0B86 Y:CBA2 S:1FC0 D:192B DB:7F P:nvMxdizC V:147 H:253
018263 $A9 $00         LDA #$00                        A:0010 X:0B86 Y:CBA3 S:1FC0 D:192B DB:7F P:NvMxdizC V:147 H:257
018265 $99 $00 $00     STA $0000,Y [7FCBA3] = $00      A:0000 X:0B86 Y:CBA3 S:1FC0 D:192B DB:7F P:nvMxdiZC V:147 H:261
018268 $C8             INY                             A:0000 X:0B86 Y:CBA3 S:1FC0 D:192B DB:7F P:nvMxdiZC V:147 H:270
018269 $CE $33 $19     DEC $1933 [7F1933] = $03        A:0000 X:0B86 Y:CBA4 S:1FC0 D:192B DB:7F P:NvMxdizC V:147 H:274
01826C $D0 $EC         BNE $01825A                     A:0000 X:0B86 Y:CBA4 S:1FC0 D:192B DB:7F P:nvMxdizC V:147 H:297
01825A $BF $20 $CA $04 LDA $04CA20,X [04D5A6] = $00    A:0000 X:0B86 Y:CBA4 S:1FC0 D:192B DB:7F P:nvMxdizC V:147 H:303
01825E $E8             INX                             A:0000 X:0B86 Y:CBA4 S:1FC0 D:192B DB:7F P:nvMxdiZC V:147 H:313
01825F $99 $00 $00     STA $0000,Y [7FCBA4] = $00      A:0000 X:0B87 Y:CBA4 S:1FC0 D:192B DB:7F P:nvMxdizC V:147 H:316
018262 $C8             INY                             A:0000 X:0B87 Y:CBA4 S:1FC0 D:192B DB:7F P:nvMxdizC V:147 H:325
018263 $A9 $00         LDA #$00                        A:0000 X:0B87 Y:CBA5 S:1FC0 D:192B DB:7F P:NvMxdizC V:147 H:328
018265 $99 $00 $00     STA $0000,Y [7FCBA5] = $00      A:0000 X:0B87 Y:CBA5 S:1FC0 D:192B DB:7F P:nvMxdiZC V:147 H:332
018268 $C8             INY                             A:0000 X:0B87 Y:CBA5 S:1FC0 D:192B DB:7F P:nvMxdiZC V:148 H:2  
018269 $CE $33 $19     DEC $1933 [7F1933] = $02        A:0000 X:0B87 Y:CBA6 S:1FC0 D:192B DB:7F P:NvMxdizC V:148 H:5  
01826C $D0 $EC         BNE $01825A                     A:0000 X:0B87 Y:CBA6 S:1FC0 D:192B DB:7F P:nvMxdizC V:148 H:17 
01825A $BF $20 $CA $04 LDA $04CA20,X [04D5A7] = $00    A:0000 X:0B87 Y:CBA6 S:1FC0 D:192B DB:7F P:nvMxdizC V:148 H:22 
01825E $E8             INX                             A:0000 X:0B87 Y:CBA6 S:1FC0 D:192B DB:7F P:nvMxdiZC V:148 H:32 
01825F $99 $00 $00     STA $0000,Y [7FCBA6] = $00      A:0000 X:0B88 Y:CBA6 S:1FC0 D:192B DB:7F P:nvMxdizC V:148 H:36 
018262 $C8             INY                             A:0000 X:0B88 Y:CBA6 S:1FC0 D:192B DB:7F P:nvMxdizC V:148 H:45 
018263 $A9 $00         LDA #$00                        A:0000 X:0B88 Y:CBA7 S:1FC0 D:192B DB:7F P:NvMxdizC V:148 H:49 
018265 $99 $00 $00     STA $0000,Y [7FCBA7] = $00      A:0000 X:0B88 Y:CBA7 S:1FC0 D:192B DB:7F P:nvMxdiZC V:148 H:53 
018268 $C8             INY                             A:0000 X:0B88 Y:CBA7 S:1FC0 D:192B DB:7F P:nvMxdiZC V:148 H:62 
018269 $CE $33 $19     DEC $1933 [7F1933] = $01        A:0000 X:0B88 Y:CBA8 S:1FC0 D:192B DB:7F P:NvMxdizC V:148 H:66 
01826C $D0 $EC         BNE $01825A                     A:0000 X:0B88 Y:CBA8 S:1FC0 D:192B DB:7F P:nvMxdiZC V:148 H:77 
01826E $28             PLP                             A:0000 X:0B88 Y:CBA8 S:1FC0 D:192B DB:7F P:nvMxdiZC V:148 H:81 
01826F $AB             PLB                             A:0000 X:0B88 Y:CBA8 S:1FC1 D:192B DB:7F P:nvmxdizc V:148 H:88 
018270 $60             RTS                             A:0000 X:0B88 Y:CBA8 S:1FC2 D:192B DB:01 P:nvmxdizc V:148 H:95 
018218 $A5 $00         LDA $00 [00192B] = $0B70        A:0000 X:0B88 Y:CBA8 S:1FC4 D:192B DB:01 P:nvmxdizc V:148 H:106
01821A $18             CLC                             A:0B70 X:0B88 Y:CBA8 S:1FC4 D:192B DB:01 P:nvmxdizc V:148 H:115
01821B $69 $18 $00     ADC #$0018                      A:0B70 X:0B88 Y:CBA8 S:1FC4 D:192B DB:01 P:nvmxdizc V:148 H:119
01821E $85 $00         STA $00 [00192B] = $0B70        A:0B88 X:0B88 Y:CBA8 S:1FC4 D:192B DB:01 P:nvmxdizc V:148 H:125
018220 $A5 $02         LDA $02 [00192D] = $CB88        A:0B88 X:0B88 Y:CBA8 S:1FC4 D:192B DB:01 P:nvmxdizc V:148 H:144
018222 $18             CLC                             A:CB88 X:0B88 Y:CBA8 S:1FC4 D:192B DB:01 P:Nvmxdizc V:148 H:154
018223 $69 $20 $00     ADC #$0020                      A:CB88 X:0B88 Y:CBA8 S:1FC4 D:192B DB:01 P:Nvmxdizc V:148 H:157
018226 $85 $02         STA $02 [00192D] = $CB88        A:CBA8 X:0B88 Y:CBA8 S:1FC4 D:192B DB:01 P:Nvmxdizc V:148 H:163
018228 $C6 $06         DEC $06 [001931] = $0012        A:CBA8 X:0B88 Y:CBA8 S:1FC4 D:192B DB:01 P:Nvmxdizc V:148 H:173
01822A $D0 $E9         BNE $018215                     A:CBA8 X:0B88 Y:CBA8 S:1FC4 D:192B DB:01 P:nvmxdizc V:148 H:188
018215 $20 $2E $82     JSR $822E [01822E] = $088B      A:CBA8 X:0B88 Y:CBA8 S:1FC4 D:192B DB:01 P:nvmxdizc V:148 H:193
01822E $8B             PHB                             A:CBA8 X:0B88 Y:CBA8 S:1FC2 D:192B DB:01 P:nvmxdizc V:148 H:205
01822F $08             PHP                             A:CBA8 X:0B88 Y:CBA8 S:1FC1 D:192B DB:01 P:nvmxdizc V:148 H:210
018230 $C2 $30         REP #$30                        A:CBA8 X:0B88 Y:CBA8 S:1FC0 D:192B DB:01 P:nvmxdizc V:148 H:216
018232 $8B             PHB                             A:CBA8 X:0B88 Y:CBA8 S:1FC0 D:192B DB:01 P:nvmxdizc V:148 H:221
018233 $AD $2B $19     LDA $192B [01192B] = $0B88      A:CBA8 X:0B88 Y:CBA8 S:1FBF D:192B DB:01 P:nvmxdizc V:148 H:227
018236 $18             CLC                             A:0B88 X:0B88 Y:CBA8 S:1FBF D:192B DB:01 P:nvmxdizc V:148 H:237
018237 $69 $20 $CA     ADC #$CA20                      A:0B88 X:0B88 Y:CBA8 S:1FBF D:192B DB:01 P:nvmxdizc V:148 H:240
01823A $AA             TAX                             A:D5A8 X:0B88 Y:CBA8 S:1FBF D:192B DB:01 P:Nvmxdizc V:148 H:246
01823B $AC $2D $19     LDY $192D [01192D] = $CBA8      A:D5A8 X:D5A8 Y:CBA8 S:1FBF D:192B DB:01 P:Nvmxdizc V:148 H:250
01823E $A9 $0F $00     LDA #$000F                      A:D5A8 X:D5A8 Y:CBA8 S:1FBF D:192B DB:01 P:Nvmxdizc V:148 H:260
018241 $54 $7F $04     MVN $04 -> $7F                  A:000F X:D5A8 Y:CBA8 S:1FBF D:192B DB:01 P:nvmxdizc V:148 H:266
018241 $54 $7F $04     MVN $04 -> $7F                  A:000E X:D5A9 Y:CBA9 S:1FBF D:192B DB:7F P:nvmxdizc V:148 H:291
018241 $54 $7F $04     MVN $04 -> $7F                  A:000D X:D5AA Y:CBAA S:1FBF D:192B DB:7F P:nvmxdizc V:148 H:304
018241 $54 $7F $04     MVN $04 -> $7F                  A:000C X:D5AB Y:CBAB S:1FBF D:192B DB:7F P:nvmxdizc V:148 H:317
018241 $54 $7F $04     MVN $04 -> $7F                  A:000B X:D5AC Y:CBAC S:1FBF D:192B DB:7F P:nvmxdizc V:148 H:329
018241 $54 $7F $04     MVN $04 -> $7F                  A:000A X:D5AD Y:CBAD S:1FBF D:192B DB:7F P:nvmxdizc V:149 H:2  
018241 $54 $7F $04     MVN $04 -> $7F                  A:0009 X:D5AE Y:CBAE S:1FBF D:192B DB:7F P:nvmxdizc V:149 H:15 
018241 $54 $7F $04     MVN $04 -> $7F                  A:0008 X:D5AF Y:CBAF S:1FBF D:192B DB:7F P:nvmxdizc V:149 H:28 
018241 $54 $7F $04     MVN $04 -> $7F                  A:0007 X:D5B0 Y:CBB0 S:1FBF D:192B DB:7F P:nvmxdizc V:149 H:41 
018241 $54 $7F $04     MVN $04 -> $7F                  A:0006 X:D5B1 Y:CBB1 S:1FBF D:192B DB:7F P:nvmxdizc V:149 H:54 
018241 $54 $7F $04     MVN $04 -> $7F                  A:0005 X:D5B2 Y:CBB2 S:1FBF D:192B DB:7F P:nvmxdizc V:149 H:67 
018241 $54 $7F $04     MVN $04 -> $7F                  A:0004 X:D5B3 Y:CBB3 S:1FBF D:192B DB:7F P:nvmxdizc V:149 H:80 
018241 $54 $7F $04     MVN $04 -> $7F                  A:0003 X:D5B4 Y:CBB4 S:1FBF D:192B DB:7F P:nvmxdizc V:149 H:93 
018241 $54 $7F $04     MVN $04 -> $7F                  A:0002 X:D5B5 Y:CBB5 S:1FBF D:192B DB:7F P:nvmxdizc V:149 H:106
018241 $54 $7F $04     MVN $04 -> $7F                  A:0001 X:D5B6 Y:CBB6 S:1FBF D:192B DB:7F P:nvmxdizc V:149 H:119
018241 $54 $7F $04     MVN $04 -> $7F                  A:0000 X:D5B7 Y:CBB7 S:1FBF D:192B DB:7F P:nvmxdizc V:149 H:132
018244 $AB             PLB                             A:FFFF X:D5B8 Y:CBB8 S:1FBF D:192B DB:7F P:nvmxdizc V:149 H:155
018245 $8A             TXA                             A:FFFF X:D5B8 Y:CBB8 S:1FC0 D:192B DB:01 P:nvmxdizc V:149 H:162
018246 $38             SEC                             A:D5B8 X:D5B8 Y:CBB8 S:1FC0 D:192B DB:01 P:Nvmxdizc V:149 H:165
018247 $E9 $20 $CA     SBC #$CA20                      A:D5B8 X:D5B8 Y:CBB8 S:1FC0 D:192B DB:01 P:NvmxdizC V:149 H:169
01824A $AA             TAX                             A:0B98 X:D5B8 Y:CBB8 S:1FC0 D:192B DB:01 P:nvmxdizC V:149 H:175
01824B $E2 $20         SEP #$20                        A:0B98 X:0B98 Y:CBB8 S:1FC0 D:192B DB:01 P:nvmxdizC V:149 H:178
01824D $C2 $10         REP #$10                        A:0B98 X:0B98 Y:CBB8 S:1FC0 D:192B DB:01 P:nvMxdizC V:149 H:184
01824F $F4 $7F $00     PEA #$007F                      A:0B98 X:0B98 Y:CBB8 S:1FC0 D:192B DB:01 P:nvMxdizC V:149 H:189
018252 $AB             PLB                             A:0B98 X:0B98 Y:CBB8 S:1FBE D:192B DB:01 P:nvMxdizC V:149 H:199
018253 $68             PLA                             A:0B98 X:0B98 Y:CBB8 S:1FBF D:192B DB:7F P:nvMxdizC V:149 H:206
018254 $EB             XBA                             A:0B00 X:0B98 Y:CBB8 S:1FC0 D:192B DB:7F P:nvMxdiZC V:149 H:213
018255 $A9 $08         LDA #$08                        A:000B X:0B98 Y:CBB8 S:1FC0 D:192B DB:7F P:nvMxdizC V:149 H:218
018257 $8D $33 $19     STA $1933 [7F1933] = $00        A:0008 X:0B98 Y:CBB8 S:1FC0 D:192B DB:7F P:nvMxdizC V:149 H:222
01825A $BF $20 $CA $04 LDA $04CA20,X [04D5B8] = $00    A:0008 X:0B98 Y:CBB8 S:1FC0 D:192B DB:7F P:nvMxdizC V:149 H:230
01825E $E8             INX                             A:0000 X:0B98 Y:CBB8 S:1FC0 D:192B DB:7F P:nvMxdiZC V:149 H:240
01825F $99 $00 $00     STA $0000,Y [7FCBB8] = $00      A:0000 X:0B99 Y:CBB8 S:1FC0 D:192B DB:7F P:nvMxdizC V:149 H:244
018262 $C8             INY                             A:0000 X:0B99 Y:CBB8 S:1FC0 D:192B DB:7F P:nvMxdizC V:149 H:253
018263 $A9 $00         LDA #$00                        A:0000 X:0B99 Y:CBB9 S:1FC0 D:192B DB:7F P:NvMxdizC V:149 H:257
018265 $99 $00 $00     STA $0000,Y [7FCBB9] = $00      A:0000 X:0B99 Y:CBB9 S:1FC0 D:192B DB:7F P:nvMxdiZC V:149 H:261
018268 $C8             INY                             A:0000 X:0B99 Y:CBB9 S:1FC0 D:192B DB:7F P:nvMxdiZC V:149 H:270
018269 $CE $33 $19     DEC $1933 [7F1933] = $08        A:0000 X:0B99 Y:CBBA S:1FC0 D:192B DB:7F P:NvMxdizC V:149 H:274
01826C $D0 $EC         BNE $01825A                     A:0000 X:0B99 Y:CBBA S:1FC0 D:192B DB:7F P:nvMxdizC V:149 H:297
01825A $BF $20 $CA $04 LDA $04CA20,X [04D5B9] = $00    A:0000 X:0B99 Y:CBBA S:1FC0 D:192B DB:7F P:nvMxdizC V:149 H:303
01825E $E8             INX                             A:0000 X:0B99 Y:CBBA S:1FC0 D:192B DB:7F P:nvMxdiZC V:149 H:313
01825F $99 $00 $00     STA $0000,Y [7FCBBA] = $00      A:0000 X:0B9A Y:CBBA S:1FC0 D:192B DB:7F P:nvMxdizC V:149 H:316
018262 $C8             INY                             A:0000 X:0B9A Y:CBBA S:1FC0 D:192B DB:7F P:nvMxdizC V:149 H:325
018263 $A9 $00         LDA #$00                        A:0000 X:0B9A Y:CBBB S:1FC0 D:192B DB:7F P:NvMxdizC V:149 H:328
018265 $99 $00 $00     STA $0000,Y [7FCBBB] = $00      A:0000 X:0B9A Y:CBBB S:1FC0 D:192B DB:7F P:nvMxdiZC V:149 H:332
018268 $C8             INY                             A:0000 X:0B9A Y:CBBB S:1FC0 D:192B DB:7F P:nvMxdiZC V:150 H:2  
018269 $CE $33 $19     DEC $1933 [7F1933] = $07        A:0000 X:0B9A Y:CBBC S:1FC0 D:192B DB:7F P:NvMxdizC V:150 H:5  
01826C $D0 $EC         BNE $01825A                     A:0000 X:0B9A Y:CBBC S:1FC0 D:192B DB:7F P:nvMxdizC V:150 H:17 
01825A $BF $20 $CA $04 LDA $04CA20,X [04D5BA] = $20    A:0000 X:0B9A Y:CBBC S:1FC0 D:192B DB:7F P:nvMxdizC V:150 H:22 
01825E $E8             INX                             A:0020 X:0B9A Y:CBBC S:1FC0 D:192B DB:7F P:nvMxdizC V:150 H:32 
01825F $99 $00 $00     STA $0000,Y [7FCBBC] = $20      A:0020 X:0B9B Y:CBBC S:1FC0 D:192B DB:7F P:nvMxdizC V:150 H:36 
018262 $C8             INY                             A:0020 X:0B9B Y:CBBC S:1FC0 D:192B DB:7F P:nvMxdizC V:150 H:45 
018263 $A9 $00         LDA #$00                        A:0020 X:0B9B Y:CBBD S:1FC0 D:192B DB:7F P:NvMxdizC V:150 H:49 
018265 $99 $00 $00     STA $0000,Y [7FCBBD] = $00      A:0000 X:0B9B Y:CBBD S:1FC0 D:192B DB:7F P:nvMxdiZC V:150 H:53 
018268 $C8             INY                             A:0000 X:0B9B Y:CBBD S:1FC0 D:192B DB:7F P:nvMxdiZC V:150 H:62 
018269 $CE $33 $19     DEC $1933 [7F1933] = $06        A:0000 X:0B9B Y:CBBE S:1FC0 D:192B DB:7F P:NvMxdizC V:150 H:66 
01826C $D0 $EC         BNE $01825A                     A:0000 X:0B9B Y:CBBE S:1FC0 D:192B DB:7F P:nvMxdizC V:150 H:77 
01825A $BF $20 $CA $04 LDA $04CA20,X [04D5BB] = $2C    A:0000 X:0B9B Y:CBBE S:1FC0 D:192B DB:7F P:nvMxdizC V:150 H:83 
01825E $E8             INX                             A:002C X:0B9B Y:CBBE S:1FC0 D:192B DB:7F P:nvMxdizC V:150 H:93 
01825F $99 $00 $00     STA $0000,Y [7FCBBE] = $2C      A:002C X:0B9C Y:CBBE S:1FC0 D:192B DB:7F P:nvMxdizC V:150 H:96 
018262 $C8             INY                             A:002C X:0B9C Y:CBBE S:1FC0 D:192B DB:7F P:nvMxdizC V:150 H:106
018263 $A9 $00         LDA #$00                        A:002C X:0B9C Y:CBBF S:1FC0 D:192B DB:7F P:NvMxdizC V:150 H:109
018265 $99 $00 $00     STA $0000,Y [7FCBBF] = $00      A:0000 X:0B9C Y:CBBF S:1FC0 D:192B DB:7F P:nvMxdiZC V:150 H:113
018268 $C8             INY                             A:0000 X:0B9C Y:CBBF S:1FC0 D:192B DB:7F P:nvMxdiZC V:150 H:123
018269 $CE $33 $19     DEC $1933 [7F1933] = $05        A:0000 X:0B9C Y:CBC0 S:1FC0 D:192B DB:7F P:NvMxdizC V:150 H:126
01826C $D0 $EC         BNE $01825A                     A:0000 X:0B9C Y:CBC0 S:1FC0 D:192B DB:7F P:nvMxdizC V:150 H:148
01825A $BF $20 $CA $04 LDA $04CA20,X [04D5BC] = $2E    A:0000 X:0B9C Y:CBC0 S:1FC0 D:192B DB:7F P:nvMxdizC V:150 H:153
01825E $E8             INX                             A:002E X:0B9C Y:CBC0 S:1FC0 D:192B DB:7F P:nvMxdizC V:150 H:163
01825F $99 $00 $00     STA $0000,Y [7FCBC0] = $2E      A:002E X:0B9D Y:CBC0 S:1FC0 D:192B DB:7F P:nvMxdizC V:150 H:167
018262 $C8             INY                             A:002E X:0B9D Y:CBC0 S:1FC0 D:192B DB:7F P:nvMxdizC V:150 H:176
018263 $A9 $00         LDA #$00                        A:002E X:0B9D Y:CBC1 S:1FC0 D:192B DB:7F P:NvMxdizC V:150 H:180
018265 $99 $00 $00     STA $0000,Y [7FCBC1] = $00      A:0000 X:0B9D Y:CBC1 S:1FC0 D:192B DB:7F P:nvMxdiZC V:150 H:184
018268 $C8             INY                             A:0000 X:0B9D Y:CBC1 S:1FC0 D:192B DB:7F P:nvMxdiZC V:150 H:193
018269 $CE $33 $19     DEC $1933 [7F1933] = $04        A:0000 X:0B9D Y:CBC2 S:1FC0 D:192B DB:7F P:NvMxdizC V:150 H:197
01826C $D0 $EC         BNE $01825A                     A:0000 X:0B9D Y:CBC2 S:1FC0 D:192B DB:7F P:nvMxdizC V:150 H:208
01825A $BF $20 $CA $04 LDA $04CA20,X [04D5BD] = $1B    A:0000 X:0B9D Y:CBC2 S:1FC0 D:192B DB:7F P:nvMxdizC V:150 H:214
01825E $E8             INX                             A:001B X:0B9D Y:CBC2 S:1FC0 D:192B DB:7F P:nvMxdizC V:150 H:224
01825F $99 $00 $00     STA $0000,Y [7FCBC2] = $1B      A:001B X:0B9E Y:CBC2 S:1FC0 D:192B DB:7F P:nvMxdizC V:150 H:227
018262 $C8             INY                             A:001B X:0B9E Y:CBC2 S:1FC0 D:192B DB:7F P:nvMxdizC V:150 H:237
018263 $A9 $00         LDA #$00                        A:001B X:0B9E Y:CBC3 S:1FC0 D:192B DB:7F P:NvMxdizC V:150 H:240
018265 $99 $00 $00     STA $0000,Y [7FCBC3] = $00      A:0000 X:0B9E Y:CBC3 S:1FC0 D:192B DB:7F P:nvMxdiZC V:150 H:244
018268 $C8             INY                             A:0000 X:0B9E Y:CBC3 S:1FC0 D:192B DB:7F P:nvMxdiZC V:150 H:254
018269 $CE $33 $19     DEC $1933 [7F1933] = $03        A:0000 X:0B9E Y:CBC4 S:1FC0 D:192B DB:7F P:NvMxdizC V:150 H:257
01826C $D0 $EC         BNE $01825A                     A:0000 X:0B9E Y:CBC4 S:1FC0 D:192B DB:7F P:nvMxdizC V:150 H:269
01825A $BF $20 $CA $04 LDA $04CA20,X [04D5BE] = $1E    A:0000 X:0B9E Y:CBC4 S:1FC0 D:192B DB:7F P:nvMxdizC V:150 H:274
01825E $E8             INX                             A:001E X:0B9E Y:CBC4 S:1FC0 D:192B DB:7F P:nvMxdizC V:150 H:296
01825F $99 $00 $00     STA $0000,Y [7FCBC4] = $1E      A:001E X:0B9F Y:CBC4 S:1FC0 D:192B DB:7F P:nvMxdizC V:150 H:300
018262 $C8             INY                             A:001E X:0B9F Y:CBC4 S:1FC0 D:192B DB:7F P:nvMxdizC V:150 H:309
018263 $A9 $00         LDA #$00                        A:001E X:0B9F Y:CBC5 S:1FC0 D:192B DB:7F P:NvMxdizC V:150 H:313
018265 $99 $00 $00     STA $0000,Y [7FCBC5] = $00      A:0000 X:0B9F Y:CBC5 S:1FC0 D:192B DB:7F P:nvMxdiZC V:150 H:317
018268 $C8             INY                             A:0000 X:0B9F Y:CBC5 S:1FC0 D:192B DB:7F P:nvMxdiZC V:150 H:326
018269 $CE $33 $19     DEC $1933 [7F1933] = $02        A:0000 X:0B9F Y:CBC6 S:1FC0 D:192B DB:7F P:NvMxdizC V:150 H:329
01826C $D0 $EC         BNE $01825A                     A:0000 X:0B9F Y:CBC6 S:1FC0 D:192B DB:7F P:nvMxdizC V:151 H:0  
01825A $BF $20 $CA $04 LDA $04CA20,X [04D5BF] = $0C    A:0000 X:0B9F Y:CBC6 S:1FC0 D:192B DB:7F P:nvMxdizC V:151 H:6  
01825E $E8             INX                             A:000C X:0B9F Y:CBC6 S:1FC0 D:192B DB:7F P:nvMxdizC V:151 H:16 
01825F $99 $00 $00     STA $0000,Y [7FCBC6] = $0C      A:000C X:0BA0 Y:CBC6 S:1FC0 D:192B DB:7F P:nvMxdizC V:151 H:19 
018262 $C8             INY                             A:000C X:0BA0 Y:CBC6 S:1FC0 D:192B DB:7F P:nvMxdizC V:151 H:29 
018263 $A9 $00         LDA #$00                        A:000C X:0BA0 Y:CBC7 S:1FC0 D:192B DB:7F P:NvMxdizC V:151 H:32 
018265 $99 $00 $00     STA $0000,Y [7FCBC7] = $00      A:0000 X:0BA0 Y:CBC7 S:1FC0 D:192B DB:7F P:nvMxdiZC V:151 H:36 
018268 $C8             INY                             A:0000 X:0BA0 Y:CBC7 S:1FC0 D:192B DB:7F P:nvMxdiZC V:151 H:46 
018269 $CE $33 $19     DEC $1933 [7F1933] = $01        A:0000 X:0BA0 Y:CBC8 S:1FC0 D:192B DB:7F P:NvMxdizC V:151 H:49 
01826C $D0 $EC         BNE $01825A                     A:0000 X:0BA0 Y:CBC8 S:1FC0 D:192B DB:7F P:nvMxdiZC V:151 H:61 
01826E $28             PLP                             A:0000 X:0BA0 Y:CBC8 S:1FC0 D:192B DB:7F P:nvMxdiZC V:151 H:65 
01826F $AB             PLB                             A:0000 X:0BA0 Y:CBC8 S:1FC1 D:192B DB:7F P:nvmxdizc V:151 H:72 
018270 $60             RTS                             A:0000 X:0BA0 Y:CBC8 S:1FC2 D:192B DB:01 P:nvmxdizc V:151 H:79 
018218 $A5 $00         LDA $00 [00192B] = $0B88        A:0000 X:0BA0 Y:CBC8 S:1FC4 D:192B DB:01 P:nvmxdizc V:151 H:89 
01821A $18             CLC                             A:0B88 X:0BA0 Y:CBC8 S:1FC4 D:192B DB:01 P:nvmxdizc V:151 H:99 
01821B $69 $18 $00     ADC #$0018                      A:0B88 X:0BA0 Y:CBC8 S:1FC4 D:192B DB:01 P:nvmxdizc V:151 H:102
01821E $85 $00         STA $00 [00192B] = $0B88        A:0BA0 X:0BA0 Y:CBC8 S:1FC4 D:192B DB:01 P:nvmxdizc V:151 H:108
018220 $A5 $02         LDA $02 [00192D] = $CBA8        A:0BA0 X:0BA0 Y:CBC8 S:1FC4 D:192B DB:01 P:nvmxdizc V:151 H:118
018222 $18             CLC                             A:CBA8 X:0BA0 Y:CBC8 S:1FC4 D:192B DB:01 P:Nvmxdizc V:151 H:127
018223 $69 $20 $00     ADC #$0020                      A:CBA8 X:0BA0 Y:CBC8 S:1FC4 D:192B DB:01 P:Nvmxdizc V:151 H:131
018226 $85 $02         STA $02 [00192D] = $CBA8        A:CBC8 X:0BA0 Y:CBC8 S:1FC4 D:192B DB:01 P:Nvmxdizc V:151 H:147
018228 $C6 $06         DEC $06 [001931] = $0011        A:CBC8 X:0BA0 Y:CBC8 S:1FC4 D:192B DB:01 P:Nvmxdizc V:151 H:156
01822A $D0 $E9         BNE $018215                     A:CBC8 X:0BA0 Y:CBC8 S:1FC4 D:192B DB:01 P:nvmxdizc V:151 H:171
018215 $20 $2E $82     JSR $822E [01822E] = $088B      A:CBC8 X:0BA0 Y:CBC8 S:1FC4 D:192B DB:01 P:nvmxdizc V:151 H:177
01822E $8B             PHB                             A:CBC8 X:0BA0 Y:CBC8 S:1FC2 D:192B DB:01 P:nvmxdizc V:151 H:188
01822F $08             PHP                             A:CBC8 X:0BA0 Y:CBC8 S:1FC1 D:192B DB:01 P:nvmxdizc V:151 H:194
018230 $C2 $30         REP #$30                        A:CBC8 X:0BA0 Y:CBC8 S:1FC0 D:192B DB:01 P:nvmxdizc V:151 H:199
018232 $8B             PHB                             A:CBC8 X:0BA0 Y:CBC8 S:1FC0 D:192B DB:01 P:nvmxdizc V:151 H:205
018233 $AD $2B $19     LDA $192B [01192B] = $0BA0      A:CBC8 X:0BA0 Y:CBC8 S:1FBF D:192B DB:01 P:nvmxdizc V:151 H:210
018236 $18             CLC                             A:0BA0 X:0BA0 Y:CBC8 S:1FBF D:192B DB:01 P:nvmxdizc V:151 H:220
018237 $69 $20 $CA     ADC #$CA20                      A:0BA0 X:0BA0 Y:CBC8 S:1FBF D:192B DB:01 P:nvmxdizc V:151 H:224
01823A $AA             TAX                             A:D5C0 X:0BA0 Y:CBC8 S:1FBF D:192B DB:01 P:Nvmxdizc V:151 H:230
01823B $AC $2D $19     LDY $192D [01192D] = $CBC8      A:D5C0 X:D5C0 Y:CBC8 S:1FBF D:192B DB:01 P:Nvmxdizc V:151 H:233
01823E $A9 $0F $00     LDA #$000F                      A:D5C0 X:D5C0 Y:CBC8 S:1FBF D:192B DB:01 P:Nvmxdizc V:151 H:243
018241 $54 $7F $04     MVN $04 -> $7F                  A:000F X:D5C0 Y:CBC8 S:1FBF D:192B DB:01 P:nvmxdizc V:151 H:249
018241 $54 $7F $04     MVN $04 -> $7F                  A:000E X:D5C1 Y:CBC9 S:1FBF D:192B DB:7F P:nvmxdizc V:151 H:262
018241 $54 $7F $04     MVN $04 -> $7F                  A:000D X:D5C2 Y:CBCA S:1FBF D:192B DB:7F P:nvmxdizc V:151 H:275
018241 $54 $7F $04     MVN $04 -> $7F                  A:000C X:D5C3 Y:CBCB S:1FBF D:192B DB:7F P:nvmxdizc V:151 H:300
018241 $54 $7F $04     MVN $04 -> $7F                  A:000B X:D5C4 Y:CBCC S:1FBF D:192B DB:7F P:nvmxdizc V:151 H:313
018241 $54 $7F $04     MVN $04 -> $7F                  A:000A X:D5C5 Y:CBCD S:1FBF D:192B DB:7F P:nvmxdizc V:151 H:326
018241 $54 $7F $04     MVN $04 -> $7F                  A:0009 X:D5C6 Y:CBCE S:1FBF D:192B DB:7F P:nvmxdizc V:151 H:338
018241 $54 $7F $04     MVN $04 -> $7F                  A:0008 X:D5C7 Y:CBCF S:1FBF D:192B DB:7F P:nvmxdizc V:152 H:11 
018241 $54 $7F $04     MVN $04 -> $7F                  A:0007 X:D5C8 Y:CBD0 S:1FBF D:192B DB:7F P:nvmxdizc V:152 H:24 
018241 $54 $7F $04     MVN $04 -> $7F                  A:0006 X:D5C9 Y:CBD1 S:1FBF D:192B DB:7F P:nvmxdizc V:152 H:37 
018241 $54 $7F $04     MVN $04 -> $7F                  A:0005 X:D5CA Y:CBD2 S:1FBF D:192B DB:7F P:nvmxdizc V:152 H:50 
018241 $54 $7F $04     MVN $04 -> $7F                  A:0004 X:D5CB Y:CBD3 S:1FBF D:192B DB:7F P:nvmxdizc V:152 H:63 
018241 $54 $7F $04     MVN $04 -> $7F                  A:0003 X:D5CC Y:CBD4 S:1FBF D:192B DB:7F P:nvmxdizc V:152 H:76 
018241 $54 $7F $04     MVN $04 -> $7F                  A:0002 X:D5CD Y:CBD5 S:1FBF D:192B DB:7F P:nvmxdizc V:152 H:89 
018241 $54 $7F $04     MVN $04 -> $7F                  A:0001 X:D5CE Y:CBD6 S:1FBF D:192B DB:7F P:nvmxdizc V:152 H:102
018241 $54 $7F $04     MVN $04 -> $7F                  A:0000 X:D5CF Y:CBD7 S:1FBF D:192B DB:7F P:nvmxdizc V:152 H:115
018244 $AB             PLB                             A:FFFF X:D5D0 Y:CBD8 S:1FBF D:192B DB:7F P:nvmxdizc V:152 H:128
018245 $8A             TXA                             A:FFFF X:D5D0 Y:CBD8 S:1FC0 D:192B DB:01 P:nvmxdizc V:152 H:145
018246 $38             SEC                             A:D5D0 X:D5D0 Y:CBD8 S:1FC0 D:192B DB:01 P:Nvmxdizc V:152 H:149
018247 $E9 $20 $CA     SBC #$CA20                      A:D5D0 X:D5D0 Y:CBD8 S:1FC0 D:192B DB:01 P:NvmxdizC V:152 H:152
01824A $AA             TAX                             A:0BB0 X:D5D0 Y:CBD8 S:1FC0 D:192B DB:01 P:nvmxdizC V:152 H:158
01824B $E2 $20         SEP #$20                        A:0BB0 X:0BB0 Y:CBD8 S:1FC0 D:192B DB:01 P:nvmxdizC V:152 H:162
01824D $C2 $10         REP #$10                        A:0BB0 X:0BB0 Y:CBD8 S:1FC0 D:192B DB:01 P:nvMxdizC V:152 H:167
01824F $F4 $7F $00     PEA #$007F                      A:0BB0 X:0BB0 Y:CBD8 S:1FC0 D:192B DB:01 P:nvMxdizC V:152 H:173
018252 $AB             PLB                             A:0BB0 X:0BB0 Y:CBD8 S:1FBE D:192B DB:01 P:nvMxdizC V:152 H:183
018253 $68             PLA                             A:0BB0 X:0BB0 Y:CBD8 S:1FBF D:192B DB:7F P:nvMxdizC V:152 H:190
018254 $EB             XBA                             A:0B00 X:0BB0 Y:CBD8 S:1FC0 D:192B DB:7F P:nvMxdiZC V:152 H:197
018255 $A9 $08         LDA #$08                        A:000B X:0BB0 Y:CBD8 S:1FC0 D:192B DB:7F P:nvMxdizC V:152 H:202
018257 $8D $33 $19     STA $1933 [7F1933] = $00        A:0008 X:0BB0 Y:CBD8 S:1FC0 D:192B DB:7F P:nvMxdizC V:152 H:206
01825A $BF $20 $CA $04 LDA $04CA20,X [04D5D0] = $00    A:0008 X:0BB0 Y:CBD8 S:1FC0 D:192B DB:7F P:nvMxdizC V:152 H:214
01825E $E8             INX                             A:0000 X:0BB0 Y:CBD8 S:1FC0 D:192B DB:7F P:nvMxdiZC V:152 H:224
01825F $99 $00 $00     STA $0000,Y [7FCBD8] = $00      A:0000 X:0BB1 Y:CBD8 S:1FC0 D:192B DB:7F P:nvMxdizC V:152 H:227
018262 $C8             INY                             A:0000 X:0BB1 Y:CBD8 S:1FC0 D:192B DB:7F P:nvMxdizC V:152 H:237
018263 $A9 $00         LDA #$00                        A:0000 X:0BB1 Y:CBD9 S:1FC0 D:192B DB:7F P:NvMxdizC V:152 H:240
018265 $99 $00 $00     STA $0000,Y [7FCBD9] = $00      A:0000 X:0BB1 Y:CBD9 S:1FC0 D:192B DB:7F P:nvMxdiZC V:152 H:244
018268 $C8             INY                             A:0000 X:0BB1 Y:CBD9 S:1FC0 D:192B DB:7F P:nvMxdiZC V:152 H:254
018269 $CE $33 $19     DEC $1933 [7F1933] = $08        A:0000 X:0BB1 Y:CBDA S:1FC0 D:192B DB:7F P:NvMxdizC V:152 H:257
01826C $D0 $EC         BNE $01825A                     A:0000 X:0BB1 Y:CBDA S:1FC0 D:192B DB:7F P:nvMxdizC V:152 H:269
01825A $BF $20 $CA $04 LDA $04CA20,X [04D5D1] = $20    A:0000 X:0BB1 Y:CBDA S:1FC0 D:192B DB:7F P:nvMxdizC V:152 H:274
01825E $E8             INX                             A:0020 X:0BB1 Y:CBDA S:1FC0 D:192B DB:7F P:nvMxdizC V:152 H:296
01825F $99 $00 $00     STA $0000,Y [7FCBDA] = $20      A:0020 X:0BB2 Y:CBDA S:1FC0 D:192B DB:7F P:nvMxdizC V:152 H:300
018262 $C8             INY                             A:0020 X:0BB2 Y:CBDA S:1FC0 D:192B DB:7F P:nvMxdizC V:152 H:309
018263 $A9 $00         LDA #$00                        A:0020 X:0BB2 Y:CBDB S:1FC0 D:192B DB:7F P:NvMxdizC V:152 H:313
018265 $99 $00 $00     STA $0000,Y [7FCBDB] = $00      A:0000 X:0BB2 Y:CBDB S:1FC0 D:192B DB:7F P:nvMxdiZC V:152 H:317
018268 $C8             INY                             A:0000 X:0BB2 Y:CBDB S:1FC0 D:192B DB:7F P:nvMxdiZC V:152 H:326
018269 $CE $33 $19     DEC $1933 [7F1933] = $07        A:0000 X:0BB2 Y:CBDC S:1FC0 D:192B DB:7F P:NvMxdizC V:152 H:329
01826C $D0 $EC         BNE $01825A                     A:0000 X:0BB2 Y:CBDC S:1FC0 D:192B DB:7F P:nvMxdizC V:153 H:0  
01825A $BF $20 $CA $04 LDA $04CA20,X [04D5D2] = $02    A:0000 X:0BB2 Y:CBDC S:1FC0 D:192B DB:7F P:nvMxdizC V:153 H:6  
01825E $E8             INX                             A:0002 X:0BB2 Y:CBDC S:1FC0 D:192B DB:7F P:nvMxdizC V:153 H:16 
01825F $99 $00 $00     STA $0000,Y [7FCBDC] = $02      A:0002 X:0BB3 Y:CBDC S:1FC0 D:192B DB:7F P:nvMxdizC V:153 H:19 
018262 $C8             INY                             A:0002 X:0BB3 Y:CBDC S:1FC0 D:192B DB:7F P:nvMxdizC V:153 H:29 
018263 $A9 $00         LDA #$00                        A:0002 X:0BB3 Y:CBDD S:1FC0 D:192B DB:7F P:NvMxdizC V:153 H:32 
018265 $99 $00 $00     STA $0000,Y [7FCBDD] = $00      A:0000 X:0BB3 Y:CBDD S:1FC0 D:192B DB:7F P:nvMxdiZC V:153 H:36 
018268 $C8             INY                             A:0000 X:0BB3 Y:CBDD S:1FC0 D:192B DB:7F P:nvMxdiZC V:153 H:46 
018269 $CE $33 $19     DEC $1933 [7F1933] = $06        A:0000 X:0BB3 Y:CBDE S:1FC0 D:192B DB:7F P:NvMxdizC V:153 H:49 
01826C $D0 $EC         BNE $01825A                     A:0000 X:0BB3 Y:CBDE S:1FC0 D:192B DB:7F P:nvMxdizC V:153 H:61 
01825A $BF $20 $CA $04 LDA $04CA20,X [04D5D3] = $00    A:0000 X:0BB3 Y:CBDE S:1FC0 D:192B DB:7F P:nvMxdizC V:153 H:66 
01825E $E8             INX                             A:0000 X:0BB3 Y:CBDE S:1FC0 D:192B DB:7F P:nvMxdiZC V:153 H:76 
01825F $99 $00 $00     STA $0000,Y [7FCBDE] = $00      A:0000 X:0BB4 Y:CBDE S:1FC0 D:192B DB:7F P:nvMxdizC V:153 H:80 
018262 $C8             INY                             A:0000 X:0BB4 Y:CBDE S:1FC0 D:192B DB:7F P:nvMxdizC V:153 H:89 
018263 $A9 $00         LDA #$00                        A:0000 X:0BB4 Y:CBDF S:1FC0 D:192B DB:7F P:NvMxdizC V:153 H:93 
018265 $99 $00 $00     STA $0000,Y [7FCBDF] = $00      A:0000 X:0BB4 Y:CBDF S:1FC0 D:192B DB:7F P:nvMxdiZC V:153 H:97 
018268 $C8             INY                             A:0000 X:0BB4 Y:CBDF S:1FC0 D:192B DB:7F P:nvMxdiZC V:153 H:106
018269 $CE $33 $19     DEC $1933 [7F1933] = $05        A:0000 X:0BB4 Y:CBE0 S:1FC0 D:192B DB:7F P:NvMxdizC V:153 H:110
01826C $D0 $EC         BNE $01825A                     A:0000 X:0BB4 Y:CBE0 S:1FC0 D:192B DB:7F P:nvMxdizC V:153 H:121
01825A $BF $20 $CA $04 LDA $04CA20,X [04D5D4] = $00    A:0000 X:0BB4 Y:CBE0 S:1FC0 D:192B DB:7F P:nvMxdizC V:153 H:127
01825E $E8             INX                             A:0000 X:0BB4 Y:CBE0 S:1FC0 D:192B DB:7F P:nvMxdiZC V:153 H:147
01825F $99 $00 $00     STA $0000,Y [7FCBE0] = $00      A:0000 X:0BB5 Y:CBE0 S:1FC0 D:192B DB:7F P:nvMxdizC V:153 H:150
018262 $C8             INY                             A:0000 X:0BB5 Y:CBE0 S:1FC0 D:192B DB:7F P:nvMxdizC V:153 H:160
018263 $A9 $00         LDA #$00                        A:0000 X:0BB5 Y:CBE1 S:1FC0 D:192B DB:7F P:NvMxdizC V:153 H:163
018265 $99 $00 $00     STA $0000,Y [7FCBE1] = $00      A:0000 X:0BB5 Y:CBE1 S:1FC0 D:192B DB:7F P:nvMxdiZC V:153 H:167
018268 $C8             INY                             A:0000 X:0BB5 Y:CBE1 S:1FC0 D:192B DB:7F P:nvMxdiZC V:153 H:177
018269 $CE $33 $19     DEC $1933 [7F1933] = $04        A:0000 X:0BB5 Y:CBE2 S:1FC0 D:192B DB:7F P:NvMxdizC V:153 H:180
01826C $D0 $EC         BNE $01825A                     A:0000 X:0BB5 Y:CBE2 S:1FC0 D:192B DB:7F P:nvMxdizC V:153 H:192
01825A $BF $20 $CA $04 LDA $04CA20,X [04D5D5] = $10    A:0000 X:0BB5 Y:CBE2 S:1FC0 D:192B DB:7F P:nvMxdizC V:153 H:197
01825E $E8             INX                             A:0010 X:0BB5 Y:CBE2 S:1FC0 D:192B DB:7F P:nvMxdizC V:153 H:207
01825F $99 $00 $00     STA $0000,Y [7FCBE2] = $10      A:0010 X:0BB6 Y:CBE2 S:1FC0 D:192B DB:7F P:nvMxdizC V:153 H:211
018262 $C8             INY                             A:0010 X:0BB6 Y:CBE2 S:1FC0 D:192B DB:7F P:nvMxdizC V:153 H:220
018263 $A9 $00         LDA #$00                        A:0010 X:0BB6 Y:CBE3 S:1FC0 D:192B DB:7F P:NvMxdizC V:153 H:224
018265 $99 $00 $00     STA $0000,Y [7FCBE3] = $00      A:0000 X:0BB6 Y:CBE3 S:1FC0 D:192B DB:7F P:nvMxdiZC V:153 H:228
018268 $C8             INY                             A:0000 X:0BB6 Y:CBE3 S:1FC0 D:192B DB:7F P:nvMxdiZC V:153 H:237
018269 $CE $33 $19     DEC $1933 [7F1933] = $03        A:0000 X:0BB6 Y:CBE4 S:1FC0 D:192B DB:7F P:NvMxdizC V:153 H:241
01826C $D0 $EC         BNE $01825A                     A:0000 X:0BB6 Y:CBE4 S:1FC0 D:192B DB:7F P:nvMxdizC V:153 H:252
01825A $BF $20 $CA $04 LDA $04CA20,X [04D5D6] = $00    A:0000 X:0BB6 Y:CBE4 S:1FC0 D:192B DB:7F P:nvMxdizC V:153 H:258
01825E $E8             INX                             A:0000 X:0BB6 Y:CBE4 S:1FC0 D:192B DB:7F P:nvMxdiZC V:153 H:268
01825F $99 $00 $00     STA $0000,Y [7FCBE4] = $00      A:0000 X:0BB7 Y:CBE4 S:1FC0 D:192B DB:7F P:nvMxdizC V:153 H:271
018262 $C8             INY                             A:0000 X:0BB7 Y:CBE4 S:1FC0 D:192B DB:7F P:nvMxdizC V:153 H:293
018263 $A9 $00         LDA #$00                        A:0000 X:0BB7 Y:CBE5 S:1FC0 D:192B DB:7F P:NvMxdizC V:153 H:296
018265 $99 $00 $00     STA $0000,Y [7FCBE5] = $00      A:0000 X:0BB7 Y:CBE5 S:1FC0 D:192B DB:7F P:nvMxdiZC V:153 H:300
018268 $C8             INY                             A:0000 X:0BB7 Y:CBE5 S:1FC0 D:192B DB:7F P:nvMxdiZC V:153 H:310
018269 $CE $33 $19     DEC $1933 [7F1933] = $02        A:0000 X:0BB7 Y:CBE6 S:1FC0 D:192B DB:7F P:NvMxdizC V:153 H:313
01826C $D0 $EC         BNE $01825A                     A:0000 X:0BB7 Y:CBE6 S:1FC0 D:192B DB:7F P:nvMxdizC V:153 H:324
01825A $BF $20 $CA $04 LDA $04CA20,X [04D5D7] = $00    A:0000 X:0BB7 Y:CBE6 S:1FC0 D:192B DB:7F P:nvMxdizC V:153 H:329
01825E $E8             INX                             A:0000 X:0BB7 Y:CBE6 S:1FC0 D:192B DB:7F P:nvMxdiZC V:153 H:339
01825F $99 $00 $00     STA $0000,Y [7FCBE6] = $00      A:0000 X:0BB8 Y:CBE6 S:1FC0 D:192B DB:7F P:nvMxdizC V:154 H:3  
018262 $C8             INY                             A:0000 X:0BB8 Y:CBE6 S:1FC0 D:192B DB:7F P:nvMxdizC V:154 H:12 
018263 $A9 $00         LDA #$00                        A:0000 X:0BB8 Y:CBE7 S:1FC0 D:192B DB:7F P:NvMxdizC V:154 H:16 
018265 $99 $00 $00     STA $0000,Y [7FCBE7] = $00      A:0000 X:0BB8 Y:CBE7 S:1FC0 D:192B DB:7F P:nvMxdiZC V:154 H:20 
018268 $C8             INY                             A:0000 X:0BB8 Y:CBE7 S:1FC0 D:192B DB:7F P:nvMxdiZC V:154 H:29 
018269 $CE $33 $19     DEC $1933 [7F1933] = $01        A:0000 X:0BB8 Y:CBE8 S:1FC0 D:192B DB:7F P:NvMxdizC V:154 H:33 
01826C $D0 $EC         BNE $01825A                     A:0000 X:0BB8 Y:CBE8 S:1FC0 D:192B DB:7F P:nvMxdiZC V:154 H:44 
01826E $28             PLP                             A:0000 X:0BB8 Y:CBE8 S:1FC0 D:192B DB:7F P:nvMxdiZC V:154 H:48 
01826F $AB             PLB                             A:0000 X:0BB8 Y:CBE8 S:1FC1 D:192B DB:7F P:nvmxdizc V:154 H:55 
018270 $60             RTS                             A:0000 X:0BB8 Y:CBE8 S:1FC2 D:192B DB:01 P:nvmxdizc V:154 H:62 
018218 $A5 $00         LDA $00 [00192B] = $0BA0        A:0000 X:0BB8 Y:CBE8 S:1FC4 D:192B DB:01 P:nvmxdizc V:154 H:73 
01821A $18             CLC                             A:0BA0 X:0BB8 Y:CBE8 S:1FC4 D:192B DB:01 P:nvmxdizc V:154 H:82 
01821B $69 $18 $00     ADC #$0018                      A:0BA0 X:0BB8 Y:CBE8 S:1FC4 D:192B DB:01 P:nvmxdizc V:154 H:86 
01821E $85 $00         STA $00 [00192B] = $0BA0        A:0BB8 X:0BB8 Y:CBE8 S:1FC4 D:192B DB:01 P:nvmxdizc V:154 H:92 
018220 $A5 $02         LDA $02 [00192D] = $CBC8        A:0BB8 X:0BB8 Y:CBE8 S:1FC4 D:192B DB:01 P:nvmxdizc V:154 H:101
018222 $18             CLC                             A:CBC8 X:0BB8 Y:CBE8 S:1FC4 D:192B DB:01 P:Nvmxdizc V:154 H:111
018223 $69 $20 $00     ADC #$0020                      A:CBC8 X:0BB8 Y:CBE8 S:1FC4 D:192B DB:01 P:Nvmxdizc V:154 H:114
018226 $85 $02         STA $02 [00192D] = $CBC8        A:CBE8 X:0BB8 Y:CBE8 S:1FC4 D:192B DB:01 P:Nvmxdizc V:154 H:120
018228 $C6 $06         DEC $06 [001931] = $0010        A:CBE8 X:0BB8 Y:CBE8 S:1FC4 D:192B DB:01 P:Nvmxdizc V:154 H:130
01822A $D0 $E9         BNE $018215                     A:CBE8 X:0BB8 Y:CBE8 S:1FC4 D:192B DB:01 P:nvmxdizc V:154 H:155
018215 $20 $2E $82     JSR $822E [01822E] = $088B      A:CBE8 X:0BB8 Y:CBE8 S:1FC4 D:192B DB:01 P:nvmxdizc V:154 H:160
01822E $8B             PHB                             A:CBE8 X:0BB8 Y:CBE8 S:1FC2 D:192B DB:01 P:nvmxdizc V:154 H:172
01822F $08             PHP                             A:CBE8 X:0BB8 Y:CBE8 S:1FC1 D:192B DB:01 P:nvmxdizc V:154 H:177
018230 $C2 $30         REP #$30                        A:CBE8 X:0BB8 Y:CBE8 S:1FC0 D:192B DB:01 P:nvmxdizc V:154 H:183
018232 $8B             PHB                             A:CBE8 X:0BB8 Y:CBE8 S:1FC0 D:192B DB:01 P:nvmxdizc V:154 H:188
018233 $AD $2B $19     LDA $192B [01192B] = $0BB8      A:CBE8 X:0BB8 Y:CBE8 S:1FBF D:192B DB:01 P:nvmxdizc V:154 H:194
018236 $18             CLC                             A:0BB8 X:0BB8 Y:CBE8 S:1FBF D:192B DB:01 P:nvmxdizc V:154 H:204
018237 $69 $20 $CA     ADC #$CA20                      A:0BB8 X:0BB8 Y:CBE8 S:1FBF D:192B DB:01 P:nvmxdizc V:154 H:207
01823A $AA             TAX                             A:D5D8 X:0BB8 Y:CBE8 S:1FBF D:192B DB:01 P:Nvmxdizc V:154 H:213
01823B $AC $2D $19     LDY $192D [01192D] = $CBE8      A:D5D8 X:D5D8 Y:CBE8 S:1FBF D:192B DB:01 P:Nvmxdizc V:154 H:217
01823E $A9 $0F $00     LDA #$000F                      A:D5D8 X:D5D8 Y:CBE8 S:1FBF D:192B DB:01 P:Nvmxdizc V:154 H:227
018241 $54 $7F $04     MVN $04 -> $7F                  A:000F X:D5D8 Y:CBE8 S:1FBF D:192B DB:01 P:nvmxdizc V:154 H:233
018241 $54 $7F $04     MVN $04 -> $7F                  A:000E X:D5D9 Y:CBE9 S:1FBF D:192B DB:7F P:nvmxdizc V:154 H:246
018241 $54 $7F $04     MVN $04 -> $7F                  A:000D X:D5DA Y:CBEA S:1FBF D:192B DB:7F P:nvmxdizc V:154 H:259
018241 $54 $7F $04     MVN $04 -> $7F                  A:000C X:D5DB Y:CBEB S:1FBF D:192B DB:7F P:nvmxdizc V:154 H:272
018241 $54 $7F $04     MVN $04 -> $7F                  A:000B X:D5DC Y:CBEC S:1FBF D:192B DB:7F P:nvmxdizc V:154 H:299
018241 $54 $7F $04     MVN $04 -> $7F                  A:000A X:D5DD Y:CBED S:1FBF D:192B DB:7F P:nvmxdizc V:154 H:312
018241 $54 $7F $04     MVN $04 -> $7F                  A:0009 X:D5DE Y:CBEE S:1FBF D:192B DB:7F P:nvmxdizc V:154 H:324
018241 $54 $7F $04     MVN $04 -> $7F                  A:0008 X:D5DF Y:CBEF S:1FBF D:192B DB:7F P:nvmxdizc V:154 H:337
018241 $54 $7F $04     MVN $04 -> $7F                  A:0007 X:D5E0 Y:CBF0 S:1FBF D:192B DB:7F P:nvmxdizc V:155 H:10 
018241 $54 $7F $04     MVN $04 -> $7F                  A:0006 X:D5E1 Y:CBF1 S:1FBF D:192B DB:7F P:nvmxdizc V:155 H:23 
018241 $54 $7F $04     MVN $04 -> $7F                  A:0005 X:D5E2 Y:CBF2 S:1FBF D:192B DB:7F P:nvmxdizc V:155 H:36 
018241 $54 $7F $04     MVN $04 -> $7F                  A:0004 X:D5E3 Y:CBF3 S:1FBF D:192B DB:7F P:nvmxdizc V:155 H:49 
018241 $54 $7F $04     MVN $04 -> $7F                  A:0003 X:D5E4 Y:CBF4 S:1FBF D:192B DB:7F P:nvmxdizc V:155 H:62 
018241 $54 $7F $04     MVN $04 -> $7F                  A:0002 X:D5E5 Y:CBF5 S:1FBF D:192B DB:7F P:nvmxdizc V:155 H:75 
018241 $54 $7F $04     MVN $04 -> $7F                  A:0001 X:D5E6 Y:CBF6 S:1FBF D:192B DB:7F P:nvmxdizc V:155 H:88 
018241 $54 $7F $04     MVN $04 -> $7F                  A:0000 X:D5E7 Y:CBF7 S:1FBF D:192B DB:7F P:nvmxdizc V:155 H:101
018244 $AB             PLB                             A:FFFF X:D5E8 Y:CBF8 S:1FBF D:192B DB:7F P:nvmxdizc V:155 H:114
018245 $8A             TXA                             A:FFFF X:D5E8 Y:CBF8 S:1FC0 D:192B DB:01 P:nvmxdizc V:155 H:121
018246 $38             SEC                             A:D5E8 X:D5E8 Y:CBF8 S:1FC0 D:192B DB:01 P:Nvmxdizc V:155 H:124
018247 $E9 $20 $CA     SBC #$CA20                      A:D5E8 X:D5E8 Y:CBF8 S:1FC0 D:192B DB:01 P:NvmxdizC V:155 H:128
01824A $AA             TAX                             A:0BC8 X:D5E8 Y:CBF8 S:1FC0 D:192B DB:01 P:nvmxdizC V:155 H:134
01824B $E2 $20         SEP #$20                        A:0BC8 X:0BC8 Y:CBF8 S:1FC0 D:192B DB:01 P:nvmxdizC V:155 H:147
01824D $C2 $10         REP #$10                        A:0BC8 X:0BC8 Y:CBF8 S:1FC0 D:192B DB:01 P:nvMxdizC V:155 H:153
01824F $F4 $7F $00     PEA #$007F                      A:0BC8 X:0BC8 Y:CBF8 S:1FC0 D:192B DB:01 P:nvMxdizC V:155 H:158
018252 $AB             PLB                             A:0BC8 X:0BC8 Y:CBF8 S:1FBE D:192B DB:01 P:nvMxdizC V:155 H:168
018253 $68             PLA                             A:0BC8 X:0BC8 Y:CBF8 S:1FBF D:192B DB:7F P:nvMxdizC V:155 H:175
018254 $EB             XBA                             A:0B00 X:0BC8 Y:CBF8 S:1FC0 D:192B DB:7F P:nvMxdiZC V:155 H:182
018255 $A9 $08         LDA #$08                        A:000B X:0BC8 Y:CBF8 S:1FC0 D:192B DB:7F P:nvMxdizC V:155 H:187
018257 $8D $33 $19     STA $1933 [7F1933] = $00        A:0008 X:0BC8 Y:CBF8 S:1FC0 D:192B DB:7F P:nvMxdizC V:155 H:191
01825A $BF $20 $CA $04 LDA $04CA20,X [04D5E8] = $02    A:0008 X:0BC8 Y:CBF8 S:1FC0 D:192B DB:7F P:nvMxdizC V:155 H:199
01825E $E8             INX                             A:0002 X:0BC8 Y:CBF8 S:1FC0 D:192B DB:7F P:nvMxdizC V:155 H:209
01825F $99 $00 $00     STA $0000,Y [7FCBF8] = $02      A:0002 X:0BC9 Y:CBF8 S:1FC0 D:192B DB:7F P:nvMxdizC V:155 H:213
018262 $C8             INY                             A:0002 X:0BC9 Y:CBF8 S:1FC0 D:192B DB:7F P:nvMxdizC V:155 H:222
018263 $A9 $00         LDA #$00                        A:0002 X:0BC9 Y:CBF9 S:1FC0 D:192B DB:7F P:NvMxdizC V:155 H:226
018265 $99 $00 $00     STA $0000,Y [7FCBF9] = $00      A:0000 X:0BC9 Y:CBF9 S:1FC0 D:192B DB:7F P:nvMxdiZC V:155 H:230
018268 $C8             INY                             A:0000 X:0BC9 Y:CBF9 S:1FC0 D:192B DB:7F P:nvMxdiZC V:155 H:239
018269 $CE $33 $19     DEC $1933 [7F1933] = $08        A:0000 X:0BC9 Y:CBFA S:1FC0 D:192B DB:7F P:NvMxdizC V:155 H:243
01826C $D0 $EC         BNE $01825A                     A:0000 X:0BC9 Y:CBFA S:1FC0 D:192B DB:7F P:nvMxdizC V:155 H:254
01825A $BF $20 $CA $04 LDA $04CA20,X [04D5E9] = $07    A:0000 X:0BC9 Y:CBFA S:1FC0 D:192B DB:7F P:nvMxdizC V:155 H:260
01825E $E8             INX                             A:0007 X:0BC9 Y:CBFA S:1FC0 D:192B DB:7F P:nvMxdizC V:155 H:270
01825F $99 $00 $00     STA $0000,Y [7FCBFA] = $07      A:0007 X:0BCA Y:CBFA S:1FC0 D:192B DB:7F P:nvMxdizC V:155 H:273
018262 $C8             INY                             A:0007 X:0BCA Y:CBFA S:1FC0 D:192B DB:7F P:nvMxdizC V:155 H:295
018263 $A9 $00         LDA #$00                        A:0007 X:0BCA Y:CBFB S:1FC0 D:192B DB:7F P:NvMxdizC V:155 H:298
018265 $99 $00 $00     STA $0000,Y [7FCBFB] = $00      A:0000 X:0BCA Y:CBFB S:1FC0 D:192B DB:7F P:nvMxdiZC V:155 H:302
018268 $C8             INY                             A:0000 X:0BCA Y:CBFB S:1FC0 D:192B DB:7F P:nvMxdiZC V:155 H:312
018269 $CE $33 $19     DEC $1933 [7F1933] = $07        A:0000 X:0BCA Y:CBFC S:1FC0 D:192B DB:7F P:NvMxdizC V:155 H:315
01826C $D0 $EC         BNE $01825A                     A:0000 X:0BCA Y:CBFC S:1FC0 D:192B DB:7F P:nvMxdizC V:155 H:326
01825A $BF $20 $CA $04 LDA $04CA20,X [04D5EA] = $09    A:0000 X:0BCA Y:CBFC S:1FC0 D:192B DB:7F P:nvMxdizC V:155 H:331
01825E $E8             INX                             A:0009 X:0BCA Y:CBFC S:1FC0 D:192B DB:7F P:nvMxdizC V:156 H:1  
01825F $99 $00 $00     STA $0000,Y [7FCBFC] = $09      A:0009 X:0BCB Y:CBFC S:1FC0 D:192B DB:7F P:nvMxdizC V:156 H:5  
018262 $C8             INY                             A:0009 X:0BCB Y:CBFC S:1FC0 D:192B DB:7F P:nvMxdizC V:156 H:14 
018263 $A9 $00         LDA #$00                        A:0009 X:0BCB Y:CBFD S:1FC0 D:192B DB:7F P:NvMxdizC V:156 H:18 
018265 $99 $00 $00     STA $0000,Y [7FCBFD] = $00      A:0000 X:0BCB Y:CBFD S:1FC0 D:192B DB:7F P:nvMxdiZC V:156 H:22 
018268 $C8             INY                             A:0000 X:0BCB Y:CBFD S:1FC0 D:192B DB:7F P:nvMxdiZC V:156 H:31 
018269 $CE $33 $19     DEC $1933 [7F1933] = $06        A:0000 X:0BCB Y:CBFE S:1FC0 D:192B DB:7F P:NvMxdizC V:156 H:35 
01826C $D0 $EC         BNE $01825A                     A:0000 X:0BCB Y:CBFE S:1FC0 D:192B DB:7F P:nvMxdizC V:156 H:46 
01825A $BF $20 $CA $04 LDA $04CA20,X [04D5EB] = $0E    A:0000 X:0BCB Y:CBFE S:1FC0 D:192B DB:7F P:nvMxdizC V:156 H:52 
01825E $E8             INX                             A:000E X:0BCB Y:CBFE S:1FC0 D:192B DB:7F P:nvMxdizC V:156 H:62 
01825F $99 $00 $00     STA $0000,Y [7FCBFE] = $0E      A:000E X:0BCC Y:CBFE S:1FC0 D:192B DB:7F P:nvMxdizC V:156 H:65 
018262 $C8             INY                             A:000E X:0BCC Y:CBFE S:1FC0 D:192B DB:7F P:nvMxdizC V:156 H:75 
018263 $A9 $00         LDA #$00                        A:000E X:0BCC Y:CBFF S:1FC0 D:192B DB:7F P:NvMxdizC V:156 H:78 
018265 $99 $00 $00     STA $0000,Y [7FCBFF] = $00      A:0000 X:0BCC Y:CBFF S:1FC0 D:192B DB:7F P:nvMxdiZC V:156 H:82 
018268 $C8             INY                             A:0000 X:0BCC Y:CBFF S:1FC0 D:192B DB:7F P:nvMxdiZC V:156 H:92 
018269 $CE $33 $19     DEC $1933 [7F1933] = $05        A:0000 X:0BCC Y:CC00 S:1FC0 D:192B DB:7F P:NvMxdizC V:156 H:95 
01826C $D0 $EC         BNE $01825A                     A:0000 X:0BCC Y:CC00 S:1FC0 D:192B DB:7F P:nvMxdizC V:156 H:107
01825A $BF $20 $CA $04 LDA $04CA20,X [04D5EC] = $04    A:0000 X:0BCC Y:CC00 S:1FC0 D:192B DB:7F P:nvMxdizC V:156 H:112
01825E $E8             INX                             A:0004 X:0BCC Y:CC00 S:1FC0 D:192B DB:7F P:nvMxdizC V:156 H:122
01825F $99 $00 $00     STA $0000,Y [7FCC00] = $04      A:0004 X:0BCD Y:CC00 S:1FC0 D:192B DB:7F P:nvMxdizC V:156 H:126
018262 $C8             INY                             A:0004 X:0BCD Y:CC00 S:1FC0 D:192B DB:7F P:nvMxdizC V:156 H:145
018263 $A9 $00         LDA #$00                        A:0004 X:0BCD Y:CC01 S:1FC0 D:192B DB:7F P:NvMxdizC V:156 H:149
018265 $99 $00 $00     STA $0000,Y [7FCC01] = $00      A:0000 X:0BCD Y:CC01 S:1FC0 D:192B DB:7F P:nvMxdiZC V:156 H:153
018268 $C8             INY                             A:0000 X:0BCD Y:CC01 S:1FC0 D:192B DB:7F P:nvMxdiZC V:156 H:162
018269 $CE $33 $19     DEC $1933 [7F1933] = $04        A:0000 X:0BCD Y:CC02 S:1FC0 D:192B DB:7F P:NvMxdizC V:156 H:166
01826C $D0 $EC         BNE $01825A                     A:0000 X:0BCD Y:CC02 S:1FC0 D:192B DB:7F P:nvMxdizC V:156 H:177
01825A $BF $20 $CA $04 LDA $04CA20,X [04D5ED] = $00    A:0000 X:0BCD Y:CC02 S:1FC0 D:192B DB:7F P:nvMxdizC V:156 H:183
01825E $E8             INX                             A:0000 X:0BCD Y:CC02 S:1FC0 D:192B DB:7F P:nvMxdiZC V:156 H:193
01825F $99 $00 $00     STA $0000,Y [7FCC02] = $00      A:0000 X:0BCE Y:CC02 S:1FC0 D:192B DB:7F P:nvMxdizC V:156 H:196
018262 $C8             INY                             A:0000 X:0BCE Y:CC02 S:1FC0 D:192B DB:7F P:nvMxdizC V:156 H:206
018263 $A9 $00         LDA #$00                        A:0000 X:0BCE Y:CC03 S:1FC0 D:192B DB:7F P:NvMxdizC V:156 H:209
018265 $99 $00 $00     STA $0000,Y [7FCC03] = $00      A:0000 X:0BCE Y:CC03 S:1FC0 D:192B DB:7F P:nvMxdiZC V:156 H:213
018268 $C8             INY                             A:0000 X:0BCE Y:CC03 S:1FC0 D:192B DB:7F P:nvMxdiZC V:156 H:223
018269 $CE $33 $19     DEC $1933 [7F1933] = $03        A:0000 X:0BCE Y:CC04 S:1FC0 D:192B DB:7F P:NvMxdizC V:156 H:226
01826C $D0 $EC         BNE $01825A                     A:0000 X:0BCE Y:CC04 S:1FC0 D:192B DB:7F P:nvMxdizC V:156 H:238
01825A $BF $20 $CA $04 LDA $04CA20,X [04D5EE] = $00    A:0000 X:0BCE Y:CC04 S:1FC0 D:192B DB:7F P:nvMxdizC V:156 H:243
01825E $E8             INX                             A:0000 X:0BCE Y:CC04 S:1FC0 D:192B DB:7F P:nvMxdiZC V:156 H:253
01825F $99 $00 $00     STA $0000,Y [7FCC04] = $00      A:0000 X:0BCF Y:CC04 S:1FC0 D:192B DB:7F P:nvMxdizC V:156 H:257
018262 $C8             INY                             A:0000 X:0BCF Y:CC04 S:1FC0 D:192B DB:7F P:nvMxdizC V:156 H:266
018263 $A9 $00         LDA #$00                        A:0000 X:0BCF Y:CC05 S:1FC0 D:192B DB:7F P:NvMxdizC V:156 H:270
018265 $99 $00 $00     STA $0000,Y [7FCC05] = $00      A:0000 X:0BCF Y:CC05 S:1FC0 D:192B DB:7F P:nvMxdiZC V:156 H:274
018268 $C8             INY                             A:0000 X:0BCF Y:CC05 S:1FC0 D:192B DB:7F P:nvMxdiZC V:156 H:297
018269 $CE $33 $19     DEC $1933 [7F1933] = $02        A:0000 X:0BCF Y:CC06 S:1FC0 D:192B DB:7F P:NvMxdizC V:156 H:301
01826C $D0 $EC         BNE $01825A                     A:0000 X:0BCF Y:CC06 S:1FC0 D:192B DB:7F P:nvMxdizC V:156 H:312
01825A $BF $20 $CA $04 LDA $04CA20,X [04D5EF] = $00    A:0000 X:0BCF Y:CC06 S:1FC0 D:192B DB:7F P:nvMxdizC V:156 H:318
01825E $E8             INX                             A:0000 X:0BCF Y:CC06 S:1FC0 D:192B DB:7F P:nvMxdiZC V:156 H:327
01825F $99 $00 $00     STA $0000,Y [7FCC06] = $00      A:0000 X:0BD0 Y:CC06 S:1FC0 D:192B DB:7F P:nvMxdizC V:156 H:330
018262 $C8             INY                             A:0000 X:0BD0 Y:CC06 S:1FC0 D:192B DB:7F P:nvMxdizC V:157 H:0  
018263 $A9 $00         LDA #$00                        A:0000 X:0BD0 Y:CC07 S:1FC0 D:192B DB:7F P:NvMxdizC V:157 H:3  
018265 $99 $00 $00     STA $0000,Y [7FCC07] = $00      A:0000 X:0BD0 Y:CC07 S:1FC0 D:192B DB:7F P:nvMxdiZC V:157 H:7  
018268 $C8             INY                             A:0000 X:0BD0 Y:CC07 S:1FC0 D:192B DB:7F P:nvMxdiZC V:157 H:17 
018269 $CE $33 $19     DEC $1933 [7F1933] = $01        A:0000 X:0BD0 Y:CC08 S:1FC0 D:192B DB:7F P:NvMxdizC V:157 H:20 
01826C $D0 $EC         BNE $01825A                     A:0000 X:0BD0 Y:CC08 S:1FC0 D:192B DB:7F P:nvMxdiZC V:157 H:32 
01826E $28             PLP                             A:0000 X:0BD0 Y:CC08 S:1FC0 D:192B DB:7F P:nvMxdiZC V:157 H:36 
01826F $AB             PLB                             A:0000 X:0BD0 Y:CC08 S:1FC1 D:192B DB:7F P:nvmxdizc V:157 H:43 
018270 $60             RTS                             A:0000 X:0BD0 Y:CC08 S:1FC2 D:192B DB:01 P:nvmxdizc V:157 H:50 
018218 $A5 $00         LDA $00 [00192B] = $0BB8        A:0000 X:0BD0 Y:CC08 S:1FC4 D:192B DB:01 P:nvmxdizc V:157 H:60 
01821A $18             CLC                             A:0BB8 X:0BD0 Y:CC08 S:1FC4 D:192B DB:01 P:nvmxdizc V:157 H:70 
01821B $69 $18 $00     ADC #$0018                      A:0BB8 X:0BD0 Y:CC08 S:1FC4 D:192B DB:01 P:nvmxdizc V:157 H:73 
01821E $85 $00         STA $00 [00192B] = $0BB8        A:0BD0 X:0BD0 Y:CC08 S:1FC4 D:192B DB:01 P:nvmxdizc V:157 H:79 
018220 $A5 $02         LDA $02 [00192D] = $CBE8        A:0BD0 X:0BD0 Y:CC08 S:1FC4 D:192B DB:01 P:nvmxdizc V:157 H:89 
018222 $18             CLC                             A:CBE8 X:0BD0 Y:CC08 S:1FC4 D:192B DB:01 P:Nvmxdizc V:157 H:98 
018223 $69 $20 $00     ADC #$0020                      A:CBE8 X:0BD0 Y:CC08 S:1FC4 D:192B DB:01 P:Nvmxdizc V:157 H:102
018226 $85 $02         STA $02 [00192D] = $CBE8        A:CC08 X:0BD0 Y:CC08 S:1FC4 D:192B DB:01 P:Nvmxdizc V:157 H:108
018228 $C6 $06         DEC $06 [001931] = $000F        A:CC08 X:0BD0 Y:CC08 S:1FC4 D:192B DB:01 P:Nvmxdizc V:157 H:117
01822A $D0 $E9         BNE $018215                     A:CC08 X:0BD0 Y:CC08 S:1FC4 D:192B DB:01 P:nvmxdizc V:157 H:132
018215 $20 $2E $82     JSR $822E [01822E] = $088B      A:CC08 X:0BD0 Y:CC08 S:1FC4 D:192B DB:01 P:nvmxdizc V:157 H:148
01822E $8B             PHB                             A:CC08 X:0BD0 Y:CC08 S:1FC2 D:192B DB:01 P:nvmxdizc V:157 H:159
01822F $08             PHP                             A:CC08 X:0BD0 Y:CC08 S:1FC1 D:192B DB:01 P:nvmxdizc V:157 H:165
018230 $C2 $30         REP #$30                        A:CC08 X:0BD0 Y:CC08 S:1FC0 D:192B DB:01 P:nvmxdizc V:157 H:170
018232 $8B             PHB                             A:CC08 X:0BD0 Y:CC08 S:1FC0 D:192B DB:01 P:nvmxdizc V:157 H:176
018233 $AD $2B $19     LDA $192B [01192B] = $0BD0      A:CC08 X:0BD0 Y:CC08 S:1FBF D:192B DB:01 P:nvmxdizc V:157 H:181
018236 $18             CLC                             A:0BD0 X:0BD0 Y:CC08 S:1FBF D:192B DB:01 P:nvmxdizc V:157 H:191
018237 $69 $20 $CA     ADC #$CA20                      A:0BD0 X:0BD0 Y:CC08 S:1FBF D:192B DB:01 P:nvmxdizc V:157 H:195
01823A $AA             TAX                             A:D5F0 X:0BD0 Y:CC08 S:1FBF D:192B DB:01 P:Nvmxdizc V:157 H:201
01823B $AC $2D $19     LDY $192D [01192D] = $CC08      A:D5F0 X:D5F0 Y:CC08 S:1FBF D:192B DB:01 P:Nvmxdizc V:157 H:204
01823E $A9 $0F $00     LDA #$000F                      A:D5F0 X:D5F0 Y:CC08 S:1FBF D:192B DB:01 P:Nvmxdizc V:157 H:214
018241 $54 $7F $04     MVN $04 -> $7F                  A:000F X:D5F0 Y:CC08 S:1FBF D:192B DB:01 P:nvmxdizc V:157 H:220
018241 $54 $7F $04     MVN $04 -> $7F                  A:000E X:D5F1 Y:CC09 S:1FBF D:192B DB:7F P:nvmxdizc V:157 H:233
018241 $54 $7F $04     MVN $04 -> $7F                  A:000D X:D5F2 Y:CC0A S:1FBF D:192B DB:7F P:nvmxdizc V:157 H:246
018241 $54 $7F $04     MVN $04 -> $7F                  A:000C X:D5F3 Y:CC0B S:1FBF D:192B DB:7F P:nvmxdizc V:157 H:259
018241 $54 $7F $04     MVN $04 -> $7F                  A:000B X:D5F4 Y:CC0C S:1FBF D:192B DB:7F P:nvmxdizc V:157 H:272
018241 $54 $7F $04     MVN $04 -> $7F                  A:000A X:D5F5 Y:CC0D S:1FBF D:192B DB:7F P:nvmxdizc V:157 H:297
018241 $54 $7F $04     MVN $04 -> $7F                  A:0009 X:D5F6 Y:CC0E S:1FBF D:192B DB:7F P:nvmxdizc V:157 H:310
018241 $54 $7F $04     MVN $04 -> $7F                  A:0008 X:D5F7 Y:CC0F S:1FBF D:192B DB:7F P:nvmxdizc V:157 H:323
018241 $54 $7F $04     MVN $04 -> $7F                  A:0007 X:D5F8 Y:CC10 S:1FBF D:192B DB:7F P:nvmxdizc V:157 H:335
018241 $54 $7F $04     MVN $04 -> $7F                  A:0006 X:D5F9 Y:CC11 S:1FBF D:192B DB:7F P:nvmxdizc V:158 H:8  
018241 $54 $7F $04     MVN $04 -> $7F                  A:0005 X:D5FA Y:CC12 S:1FBF D:192B DB:7F P:nvmxdizc V:158 H:21 
018241 $54 $7F $04     MVN $04 -> $7F                  A:0004 X:D5FB Y:CC13 S:1FBF D:192B DB:7F P:nvmxdizc V:158 H:34 
018241 $54 $7F $04     MVN $04 -> $7F                  A:0003 X:D5FC Y:CC14 S:1FBF D:192B DB:7F P:nvmxdizc V:158 H:47 
018241 $54 $7F $04     MVN $04 -> $7F                  A:0002 X:D5FD Y:CC15 S:1FBF D:192B DB:7F P:nvmxdizc V:158 H:60 
018241 $54 $7F $04     MVN $04 -> $7F                  A:0001 X:D5FE Y:CC16 S:1FBF D:192B DB:7F P:nvmxdizc V:158 H:73 
018241 $54 $7F $04     MVN $04 -> $7F                  A:0000 X:D5FF Y:CC17 S:1FBF D:192B DB:7F P:nvmxdizc V:158 H:86 
018244 $AB             PLB                             A:FFFF X:D600 Y:CC18 S:1FBF D:192B DB:7F P:nvmxdizc V:158 H:99 
018245 $8A             TXA                             A:FFFF X:D600 Y:CC18 S:1FC0 D:192B DB:01 P:nvmxdizc V:158 H:106
018246 $38             SEC                             A:D600 X:D600 Y:CC18 S:1FC0 D:192B DB:01 P:Nvmxdizc V:158 H:110
018247 $E9 $20 $CA     SBC #$CA20                      A:D600 X:D600 Y:CC18 S:1FC0 D:192B DB:01 P:NvmxdizC V:158 H:113
01824A $AA             TAX                             A:0BE0 X:D600 Y:CC18 S:1FC0 D:192B DB:01 P:nvmxdizC V:158 H:119
01824B $E2 $20         SEP #$20                        A:0BE0 X:0BE0 Y:CC18 S:1FC0 D:192B DB:01 P:nvmxdizC V:158 H:123
01824D $C2 $10         REP #$10                        A:0BE0 X:0BE0 Y:CC18 S:1FC0 D:192B DB:01 P:nvMxdizC V:158 H:128
01824F $F4 $7F $00     PEA #$007F                      A:0BE0 X:0BE0 Y:CC18 S:1FC0 D:192B DB:01 P:nvMxdizC V:158 H:144
018252 $AB             PLB                             A:0BE0 X:0BE0 Y:CC18 S:1FBE D:192B DB:01 P:nvMxdizC V:158 H:154
018253 $68             PLA                             A:0BE0 X:0BE0 Y:CC18 S:1FBF D:192B DB:7F P:nvMxdizC V:158 H:161
018254 $EB             XBA                             A:0B00 X:0BE0 Y:CC18 S:1FC0 D:192B DB:7F P:nvMxdiZC V:158 H:168
018255 $A9 $08         LDA #$08                        A:000B X:0BE0 Y:CC18 S:1FC0 D:192B DB:7F P:nvMxdizC V:158 H:173
018257 $8D $33 $19     STA $1933 [7F1933] = $00        A:0008 X:0BE0 Y:CC18 S:1FC0 D:192B DB:7F P:nvMxdizC V:158 H:177
01825A $BF $20 $CA $04 LDA $04CA20,X [04D600] = $00    A:0008 X:0BE0 Y:CC18 S:1FC0 D:192B DB:7F P:nvMxdizC V:158 H:185
01825E $E8             INX                             A:0000 X:0BE0 Y:CC18 S:1FC0 D:192B DB:7F P:nvMxdiZC V:158 H:195
01825F $99 $00 $00     STA $0000,Y [7FCC18] = $00      A:0000 X:0BE1 Y:CC18 S:1FC0 D:192B DB:7F P:nvMxdizC V:158 H:198
018262 $C8             INY                             A:0000 X:0BE1 Y:CC18 S:1FC0 D:192B DB:7F P:nvMxdizC V:158 H:208
018263 $A9 $00         LDA #$00                        A:0000 X:0BE1 Y:CC19 S:1FC0 D:192B DB:7F P:NvMxdizC V:158 H:211
018265 $99 $00 $00     STA $0000,Y [7FCC19] = $00      A:0000 X:0BE1 Y:CC19 S:1FC0 D:192B DB:7F P:nvMxdiZC V:158 H:215
018268 $C8             INY                             A:0000 X:0BE1 Y:CC19 S:1FC0 D:192B DB:7F P:nvMxdiZC V:158 H:225
018269 $CE $33 $19     DEC $1933 [7F1933] = $08        A:0000 X:0BE1 Y:CC1A S:1FC0 D:192B DB:7F P:NvMxdizC V:158 H:228
01826C $D0 $EC         BNE $01825A                     A:0000 X:0BE1 Y:CC1A S:1FC0 D:192B DB:7F P:nvMxdizC V:158 H:240
01825A $BF $20 $CA $04 LDA $04CA20,X [04D601] = $00    A:0000 X:0BE1 Y:CC1A S:1FC0 D:192B DB:7F P:nvMxdizC V:158 H:245
01825E $E8             INX                             A:0000 X:0BE1 Y:CC1A S:1FC0 D:192B DB:7F P:nvMxdiZC V:158 H:255
01825F $99 $00 $00     STA $0000,Y [7FCC1A] = $00      A:0000 X:0BE2 Y:CC1A S:1FC0 D:192B DB:7F P:nvMxdizC V:158 H:259
018262 $C8             INY                             A:0000 X:0BE2 Y:CC1A S:1FC0 D:192B DB:7F P:nvMxdizC V:158 H:268
018263 $A9 $00         LDA #$00                        A:0000 X:0BE2 Y:CC1B S:1FC0 D:192B DB:7F P:NvMxdizC V:158 H:272
018265 $99 $00 $00     STA $0000,Y [7FCC1B] = $00      A:0000 X:0BE2 Y:CC1B S:1FC0 D:192B DB:7F P:nvMxdiZC V:158 H:276
018268 $C8             INY                             A:0000 X:0BE2 Y:CC1B S:1FC0 D:192B DB:7F P:nvMxdiZC V:158 H:299
018269 $CE $33 $19     DEC $1933 [7F1933] = $07        A:0000 X:0BE2 Y:CC1C S:1FC0 D:192B DB:7F P:NvMxdizC V:158 H:303
01826C $D0 $EC         BNE $01825A                     A:0000 X:0BE2 Y:CC1C S:1FC0 D:192B DB:7F P:nvMxdizC V:158 H:314
01825A $BF $20 $CA $04 LDA $04CA20,X [04D602] = $00    A:0000 X:0BE2 Y:CC1C S:1FC0 D:192B DB:7F P:nvMxdizC V:158 H:320
01825E $E8             INX                             A:0000 X:0BE2 Y:CC1C S:1FC0 D:192B DB:7F P:nvMxdiZC V:158 H:329
01825F $99 $00 $00     STA $0000,Y [7FCC1C] = $00      A:0000 X:0BE3 Y:CC1C S:1FC0 D:192B DB:7F P:nvMxdizC V:158 H:332
018262 $C8             INY                             A:0000 X:0BE3 Y:CC1C S:1FC0 D:192B DB:7F P:nvMxdizC V:159 H:2  
018263 $A9 $00         LDA #$00                        A:0000 X:0BE3 Y:CC1D S:1FC0 D:192B DB:7F P:NvMxdizC V:159 H:5  
018265 $99 $00 $00     STA $0000,Y [7FCC1D] = $00      A:0000 X:0BE3 Y:CC1D S:1FC0 D:192B DB:7F P:nvMxdiZC V:159 H:9  
018268 $C8             INY                             A:0000 X:0BE3 Y:CC1D S:1FC0 D:192B DB:7F P:nvMxdiZC V:159 H:19 
018269 $CE $33 $19     DEC $1933 [7F1933] = $06        A:0000 X:0BE3 Y:CC1E S:1FC0 D:192B DB:7F P:NvMxdizC V:159 H:22 
01826C $D0 $EC         BNE $01825A                     A:0000 X:0BE3 Y:CC1E S:1FC0 D:192B DB:7F P:nvMxdizC V:159 H:34 
01825A $BF $20 $CA $04 LDA $04CA20,X [04D603] = $20    A:0000 X:0BE3 Y:CC1E S:1FC0 D:192B DB:7F P:nvMxdizC V:159 H:39 
01825E $E8             INX                             A:0020 X:0BE3 Y:CC1E S:1FC0 D:192B DB:7F P:nvMxdizC V:159 H:49 
01825F $99 $00 $00     STA $0000,Y [7FCC1E] = $20      A:0020 X:0BE4 Y:CC1E S:1FC0 D:192B DB:7F P:nvMxdizC V:159 H:53 
018262 $C8             INY                             A:0020 X:0BE4 Y:CC1E S:1FC0 D:192B DB:7F P:nvMxdizC V:159 H:62 
018263 $A9 $00         LDA #$00                        A:0020 X:0BE4 Y:CC1F S:1FC0 D:192B DB:7F P:NvMxdizC V:159 H:66 
018265 $99 $00 $00     STA $0000,Y [7FCC1F] = $00      A:0000 X:0BE4 Y:CC1F S:1FC0 D:192B DB:7F P:nvMxdiZC V:159 H:70 
018268 $C8             INY                             A:0000 X:0BE4 Y:CC1F S:1FC0 D:192B DB:7F P:nvMxdiZC V:159 H:79 
018269 $CE $33 $19     DEC $1933 [7F1933] = $05        A:0000 X:0BE4 Y:CC20 S:1FC0 D:192B DB:7F P:NvMxdizC V:159 H:83 
01826C $D0 $EC         BNE $01825A                     A:0000 X:0BE4 Y:CC20 S:1FC0 D:192B DB:7F P:nvMxdizC V:159 H:94 
01825A $BF $20 $CA $04 LDA $04CA20,X [04D604] = $30    A:0000 X:0BE4 Y:CC20 S:1FC0 D:192B DB:7F P:nvMxdizC V:159 H:100
01825E $E8             INX                             A:0030 X:0BE4 Y:CC20 S:1FC0 D:192B DB:7F P:nvMxdizC V:159 H:110
01825F $99 $00 $00     STA $0000,Y [7FCC20] = $30      A:0030 X:0BE5 Y:CC20 S:1FC0 D:192B DB:7F P:nvMxdizC V:159 H:113
018262 $C8             INY                             A:0030 X:0BE5 Y:CC20 S:1FC0 D:192B DB:7F P:nvMxdizC V:159 H:123
018263 $A9 $00         LDA #$00                        A:0030 X:0BE5 Y:CC21 S:1FC0 D:192B DB:7F P:NvMxdizC V:159 H:126
018265 $99 $00 $00     STA $0000,Y [7FCC21] = $00      A:0000 X:0BE5 Y:CC21 S:1FC0 D:192B DB:7F P:nvMxdiZC V:159 H:130
018268 $C8             INY                             A:0000 X:0BE5 Y:CC21 S:1FC0 D:192B DB:7F P:nvMxdiZC V:159 H:150
018269 $CE $33 $19     DEC $1933 [7F1933] = $04        A:0000 X:0BE5 Y:CC22 S:1FC0 D:192B DB:7F P:NvMxdizC V:159 H:153
01826C $D0 $EC         BNE $01825A                     A:0000 X:0BE5 Y:CC22 S:1FC0 D:192B DB:7F P:nvMxdizC V:159 H:165
01825A $BF $20 $CA $04 LDA $04CA20,X [04D605] = $58    A:0000 X:0BE5 Y:CC22 S:1FC0 D:192B DB:7F P:nvMxdizC V:159 H:170
01825E $E8             INX                             A:0058 X:0BE5 Y:CC22 S:1FC0 D:192B DB:7F P:nvMxdizC V:159 H:180
01825F $99 $00 $00     STA $0000,Y [7FCC22] = $58      A:0058 X:0BE6 Y:CC22 S:1FC0 D:192B DB:7F P:nvMxdizC V:159 H:184
018262 $C8             INY                             A:0058 X:0BE6 Y:CC22 S:1FC0 D:192B DB:7F P:nvMxdizC V:159 H:193
018263 $A9 $00         LDA #$00                        A:0058 X:0BE6 Y:CC23 S:1FC0 D:192B DB:7F P:NvMxdizC V:159 H:197
018265 $99 $00 $00     STA $0000,Y [7FCC23] = $00      A:0000 X:0BE6 Y:CC23 S:1FC0 D:192B DB:7F P:nvMxdiZC V:159 H:201
018268 $C8             INY                             A:0000 X:0BE6 Y:CC23 S:1FC0 D:192B DB:7F P:nvMxdiZC V:159 H:210
018269 $CE $33 $19     DEC $1933 [7F1933] = $03        A:0000 X:0BE6 Y:CC24 S:1FC0 D:192B DB:7F P:NvMxdizC V:159 H:214
01826C $D0 $EC         BNE $01825A                     A:0000 X:0BE6 Y:CC24 S:1FC0 D:192B DB:7F P:nvMxdizC V:159 H:225
01825A $BF $20 $CA $04 LDA $04CA20,X [04D606] = $60    A:0000 X:0BE6 Y:CC24 S:1FC0 D:192B DB:7F P:nvMxdizC V:159 H:231
01825E $E8             INX                             A:0060 X:0BE6 Y:CC24 S:1FC0 D:192B DB:7F P:nvMxdizC V:159 H:241
01825F $99 $00 $00     STA $0000,Y [7FCC24] = $60      A:0060 X:0BE7 Y:CC24 S:1FC0 D:192B DB:7F P:nvMxdizC V:159 H:244
018262 $C8             INY                             A:0060 X:0BE7 Y:CC24 S:1FC0 D:192B DB:7F P:nvMxdizC V:159 H:254
018263 $A9 $00         LDA #$00                        A:0060 X:0BE7 Y:CC25 S:1FC0 D:192B DB:7F P:NvMxdizC V:159 H:257
018265 $99 $00 $00     STA $0000,Y [7FCC25] = $00      A:0000 X:0BE7 Y:CC25 S:1FC0 D:192B DB:7F P:nvMxdiZC V:159 H:261
018268 $C8             INY                             A:0000 X:0BE7 Y:CC25 S:1FC0 D:192B DB:7F P:nvMxdiZC V:159 H:271
018269 $CE $33 $19     DEC $1933 [7F1933] = $02        A:0000 X:0BE7 Y:CC26 S:1FC0 D:192B DB:7F P:NvMxdizC V:159 H:274
01826C $D0 $EC         BNE $01825A                     A:0000 X:0BE7 Y:CC26 S:1FC0 D:192B DB:7F P:nvMxdizC V:159 H:298
01825A $BF $20 $CA $04 LDA $04CA20,X [04D607] = $20    A:0000 X:0BE7 Y:CC26 S:1FC0 D:192B DB:7F P:nvMxdizC V:159 H:303
01825E $E8             INX                             A:0020 X:0BE7 Y:CC26 S:1FC0 D:192B DB:7F P:nvMxdizC V:159 H:313
01825F $99 $00 $00     STA $0000,Y [7FCC26] = $20      A:0020 X:0BE8 Y:CC26 S:1FC0 D:192B DB:7F P:nvMxdizC V:159 H:317
018262 $C8             INY                             A:0020 X:0BE8 Y:CC26 S:1FC0 D:192B DB:7F P:nvMxdizC V:159 H:326
018263 $A9 $00         LDA #$00                        A:0020 X:0BE8 Y:CC27 S:1FC0 D:192B DB:7F P:NvMxdizC V:159 H:329
018265 $99 $00 $00     STA $0000,Y [7FCC27] = $00      A:0000 X:0BE8 Y:CC27 S:1FC0 D:192B DB:7F P:nvMxdiZC V:159 H:333
018268 $C8             INY                             A:0000 X:0BE8 Y:CC27 S:1FC0 D:192B DB:7F P:nvMxdiZC V:160 H:2  
018269 $CE $33 $19     DEC $1933 [7F1933] = $01        A:0000 X:0BE8 Y:CC28 S:1FC0 D:192B DB:7F P:NvMxdizC V:160 H:6  
01826C $D0 $EC         BNE $01825A                     A:0000 X:0BE8 Y:CC28 S:1FC0 D:192B DB:7F P:nvMxdiZC V:160 H:17 
01826E $28             PLP                             A:0000 X:0BE8 Y:CC28 S:1FC0 D:192B DB:7F P:nvMxdiZC V:160 H:21 
01826F $AB             PLB                             A:0000 X:0BE8 Y:CC28 S:1FC1 D:192B DB:7F P:nvmxdizc V:160 H:28 
018270 $60             RTS                             A:0000 X:0BE8 Y:CC28 S:1FC2 D:192B DB:01 P:nvmxdizc V:160 H:35 
018218 $A5 $00         LDA $00 [00192B] = $0BD0        A:0000 X:0BE8 Y:CC28 S:1FC4 D:192B DB:01 P:nvmxdizc V:160 H:46 
01821A $18             CLC                             A:0BD0 X:0BE8 Y:CC28 S:1FC4 D:192B DB:01 P:nvmxdizc V:160 H:55 
01821B $69 $18 $00     ADC #$0018                      A:0BD0 X:0BE8 Y:CC28 S:1FC4 D:192B DB:01 P:nvmxdizc V:160 H:59 
01821E $85 $00         STA $00 [00192B] = $0BD0        A:0BE8 X:0BE8 Y:CC28 S:1FC4 D:192B DB:01 P:nvmxdizc V:160 H:65 
018220 $A5 $02         LDA $02 [00192D] = $CC08        A:0BE8 X:0BE8 Y:CC28 S:1FC4 D:192B DB:01 P:nvmxdizc V:160 H:74 
018222 $18             CLC                             A:CC08 X:0BE8 Y:CC28 S:1FC4 D:192B DB:01 P:Nvmxdizc V:160 H:84 
018223 $69 $20 $00     ADC #$0020                      A:CC08 X:0BE8 Y:CC28 S:1FC4 D:192B DB:01 P:Nvmxdizc V:160 H:87 
018226 $85 $02         STA $02 [00192D] = $CC08        A:CC28 X:0BE8 Y:CC28 S:1FC4 D:192B DB:01 P:Nvmxdizc V:160 H:93 
018228 $C6 $06         DEC $06 [001931] = $000E        A:CC28 X:0BE8 Y:CC28 S:1FC4 D:192B DB:01 P:Nvmxdizc V:160 H:103
01822A $D0 $E9         BNE $018215                     A:CC28 X:0BE8 Y:CC28 S:1FC4 D:192B DB:01 P:nvmxdizc V:160 H:118
018215 $20 $2E $82     JSR $822E [01822E] = $088B      A:CC28 X:0BE8 Y:CC28 S:1FC4 D:192B DB:01 P:nvmxdizc V:160 H:123
01822E $8B             PHB                             A:CC28 X:0BE8 Y:CC28 S:1FC2 D:192B DB:01 P:nvmxdizc V:160 H:145
01822F $08             PHP                             A:CC28 X:0BE8 Y:CC28 S:1FC1 D:192B DB:01 P:nvmxdizc V:160 H:150
018230 $C2 $30         REP #$30                        A:CC28 X:0BE8 Y:CC28 S:1FC0 D:192B DB:01 P:nvmxdizc V:160 H:156
018232 $8B             PHB                             A:CC28 X:0BE8 Y:CC28 S:1FC0 D:192B DB:01 P:nvmxdizc V:160 H:161
018233 $AD $2B $19     LDA $192B [01192B] = $0BE8      A:CC28 X:0BE8 Y:CC28 S:1FBF D:192B DB:01 P:nvmxdizc V:160 H:167
018236 $18             CLC                             A:0BE8 X:0BE8 Y:CC28 S:1FBF D:192B DB:01 P:nvmxdizc V:160 H:177
018237 $69 $20 $CA     ADC #$CA20                      A:0BE8 X:0BE8 Y:CC28 S:1FBF D:192B DB:01 P:nvmxdizc V:160 H:180
01823A $AA             TAX                             A:D608 X:0BE8 Y:CC28 S:1FBF D:192B DB:01 P:Nvmxdizc V:160 H:186
01823B $AC $2D $19     LDY $192D [01192D] = $CC28      A:D608 X:D608 Y:CC28 S:1FBF D:192B DB:01 P:Nvmxdizc V:160 H:190
01823E $A9 $0F $00     LDA #$000F                      A:D608 X:D608 Y:CC28 S:1FBF D:192B DB:01 P:Nvmxdizc V:160 H:200
018241 $54 $7F $04     MVN $04 -> $7F                  A:000F X:D608 Y:CC28 S:1FBF D:192B DB:01 P:nvmxdizc V:160 H:206
018241 $54 $7F $04     MVN $04 -> $7F                  A:000E X:D609 Y:CC29 S:1FBF D:192B DB:7F P:nvmxdizc V:160 H:219
018241 $54 $7F $04     MVN $04 -> $7F                  A:000D X:D60A Y:CC2A S:1FBF D:192B DB:7F P:nvmxdizc V:160 H:232
018241 $54 $7F $04     MVN $04 -> $7F                  A:000C X:D60B Y:CC2B S:1FBF D:192B DB:7F P:nvmxdizc V:160 H:245
018241 $54 $7F $04     MVN $04 -> $7F                  A:000B X:D60C Y:CC2C S:1FBF D:192B DB:7F P:nvmxdizc V:160 H:258
018241 $54 $7F $04     MVN $04 -> $7F                  A:000A X:D60D Y:CC2D S:1FBF D:192B DB:7F P:nvmxdizc V:160 H:271
018241 $54 $7F $04     MVN $04 -> $7F                  A:0009 X:D60E Y:CC2E S:1FBF D:192B DB:7F P:nvmxdizc V:160 H:296
018241 $54 $7F $04     MVN $04 -> $7F                  A:0008 X:D60F Y:CC2F S:1FBF D:192B DB:7F P:nvmxdizc V:160 H:309
018241 $54 $7F $04     MVN $04 -> $7F                  A:0007 X:D610 Y:CC30 S:1FBF D:192B DB:7F P:nvmxdizc V:160 H:322
018241 $54 $7F $04     MVN $04 -> $7F                  A:0006 X:D611 Y:CC31 S:1FBF D:192B DB:7F P:nvmxdizc V:160 H:334
018241 $54 $7F $04     MVN $04 -> $7F                  A:0005 X:D612 Y:CC32 S:1FBF D:192B DB:7F P:nvmxdizc V:161 H:7  
018241 $54 $7F $04     MVN $04 -> $7F                  A:0004 X:D613 Y:CC33 S:1FBF D:192B DB:7F P:nvmxdizc V:161 H:20 
018241 $54 $7F $04     MVN $04 -> $7F                  A:0003 X:D614 Y:CC34 S:1FBF D:192B DB:7F P:nvmxdizc V:161 H:33 
018241 $54 $7F $04     MVN $04 -> $7F                  A:0002 X:D615 Y:CC35 S:1FBF D:192B DB:7F P:nvmxdizc V:161 H:46 
018241 $54 $7F $04     MVN $04 -> $7F                  A:0001 X:D616 Y:CC36 S:1FBF D:192B DB:7F P:nvmxdizc V:161 H:59 
018241 $54 $7F $04     MVN $04 -> $7F                  A:0000 X:D617 Y:CC37 S:1FBF D:192B DB:7F P:nvmxdizc V:161 H:72 
018244 $AB             PLB                             A:FFFF X:D618 Y:CC38 S:1FBF D:192B DB:7F P:nvmxdizc V:161 H:85 
018245 $8A             TXA                             A:FFFF X:D618 Y:CC38 S:1FC0 D:192B DB:01 P:nvmxdizc V:161 H:92 
018246 $38             SEC                             A:D618 X:D618 Y:CC38 S:1FC0 D:192B DB:01 P:Nvmxdizc V:161 H:95 
018247 $E9 $20 $CA     SBC #$CA20                      A:D618 X:D618 Y:CC38 S:1FC0 D:192B DB:01 P:NvmxdizC V:161 H:99 
01824A $AA             TAX                             A:0BF8 X:D618 Y:CC38 S:1FC0 D:192B DB:01 P:nvmxdizC V:161 H:105
01824B $E2 $20         SEP #$20                        A:0BF8 X:0BF8 Y:CC38 S:1FC0 D:192B DB:01 P:nvmxdizC V:161 H:108
01824D $C2 $10         REP #$10                        A:0BF8 X:0BF8 Y:CC38 S:1FC0 D:192B DB:01 P:nvMxdizC V:161 H:114
01824F $F4 $7F $00     PEA #$007F                      A:0BF8 X:0BF8 Y:CC38 S:1FC0 D:192B DB:01 P:nvMxdizC V:161 H:119
018252 $AB             PLB                             A:0BF8 X:0BF8 Y:CC38 S:1FBE D:192B DB:01 P:nvMxdizC V:161 H:129
018253 $68             PLA                             A:0BF8 X:0BF8 Y:CC38 S:1FBF D:192B DB:7F P:nvMxdizC V:161 H:146
018254 $EB             XBA                             A:0B00 X:0BF8 Y:CC38 S:1FC0 D:192B DB:7F P:nvMxdiZC V:161 H:153
018255 $A9 $08         LDA #$08                        A:000B X:0BF8 Y:CC38 S:1FC0 D:192B DB:7F P:nvMxdizC V:161 H:158
018257 $8D $33 $19     STA $1933 [7F1933] = $00        A:0008 X:0BF8 Y:CC38 S:1FC0 D:192B DB:7F P:nvMxdizC V:161 H:162
01825A $BF $20 $CA $04 LDA $04CA20,X [04D618] = $00    A:0008 X:0BF8 Y:CC38 S:1FC0 D:192B DB:7F P:nvMxdizC V:161 H:170
01825E $E8             INX                             A:0000 X:0BF8 Y:CC38 S:1FC0 D:192B DB:7F P:nvMxdiZC V:161 H:180
01825F $99 $00 $00     STA $0000,Y [7FCC38] = $00      A:0000 X:0BF9 Y:CC38 S:1FC0 D:192B DB:7F P:nvMxdizC V:161 H:184
018262 $C8             INY                             A:0000 X:0BF9 Y:CC38 S:1FC0 D:192B DB:7F P:nvMxdizC V:161 H:193
018263 $A9 $00         LDA #$00                        A:0000 X:0BF9 Y:CC39 S:1FC0 D:192B DB:7F P:NvMxdizC V:161 H:197
018265 $99 $00 $00     STA $0000,Y [7FCC39] = $00      A:0000 X:0BF9 Y:CC39 S:1FC0 D:192B DB:7F P:nvMxdiZC V:161 H:201
018268 $C8             INY                             A:0000 X:0BF9 Y:CC39 S:1FC0 D:192B DB:7F P:nvMxdiZC V:161 H:210
018269 $CE $33 $19     DEC $1933 [7F1933] = $08        A:0000 X:0BF9 Y:CC3A S:1FC0 D:192B DB:7F P:NvMxdizC V:161 H:214
01826C $D0 $EC         BNE $01825A                     A:0000 X:0BF9 Y:CC3A S:1FC0 D:192B DB:7F P:nvMxdizC V:161 H:225
01825A $BF $20 $CA $04 LDA $04CA20,X [04D619] = $00    A:0000 X:0BF9 Y:CC3A S:1FC0 D:192B DB:7F P:nvMxdizC V:161 H:231
01825E $E8             INX                             A:0000 X:0BF9 Y:CC3A S:1FC0 D:192B DB:7F P:nvMxdiZC V:161 H:241
01825F $99 $00 $00     STA $0000,Y [7FCC3A] = $00      A:0000 X:0BFA Y:CC3A S:1FC0 D:192B DB:7F P:nvMxdizC V:161 H:244
018262 $C8             INY                             A:0000 X:0BFA Y:CC3A S:1FC0 D:192B DB:7F P:nvMxdizC V:161 H:254
018263 $A9 $00         LDA #$00                        A:0000 X:0BFA Y:CC3B S:1FC0 D:192B DB:7F P:NvMxdizC V:161 H:257
018265 $99 $00 $00     STA $0000,Y [7FCC3B] = $00      A:0000 X:0BFA Y:CC3B S:1FC0 D:192B DB:7F P:nvMxdiZC V:161 H:261
018268 $C8             INY                             A:0000 X:0BFA Y:CC3B S:1FC0 D:192B DB:7F P:nvMxdiZC V:161 H:271
018269 $CE $33 $19     DEC $1933 [7F1933] = $07        A:0000 X:0BFA Y:CC3C S:1FC0 D:192B DB:7F P:NvMxdizC V:161 H:274
01826C $D0 $EC         BNE $01825A                     A:0000 X:0BFA Y:CC3C S:1FC0 D:192B DB:7F P:nvMxdizC V:161 H:298
01825A $BF $20 $CA $04 LDA $04CA20,X [04D61A] = $00    A:0000 X:0BFA Y:CC3C S:1FC0 D:192B DB:7F P:nvMxdizC V:161 H:303
01825E $E8             INX                             A:0000 X:0BFA Y:CC3C S:1FC0 D:192B DB:7F P:nvMxdiZC V:161 H:313
01825F $99 $00 $00     STA $0000,Y [7FCC3C] = $00      A:0000 X:0BFB Y:CC3C S:1FC0 D:192B DB:7F P:nvMxdizC V:161 H:317
018262 $C8             INY                             A:0000 X:0BFB Y:CC3C S:1FC0 D:192B DB:7F P:nvMxdizC V:161 H:326
018263 $A9 $00         LDA #$00                        A:0000 X:0BFB Y:CC3D S:1FC0 D:192B DB:7F P:NvMxdizC V:161 H:329
018265 $99 $00 $00     STA $0000,Y [7FCC3D] = $00      A:0000 X:0BFB Y:CC3D S:1FC0 D:192B DB:7F P:nvMxdiZC V:161 H:333
018268 $C8             INY                             A:0000 X:0BFB Y:CC3D S:1FC0 D:192B DB:7F P:nvMxdiZC V:162 H:2  
018269 $CE $33 $19     DEC $1933 [7F1933] = $06        A:0000 X:0BFB Y:CC3E S:1FC0 D:192B DB:7F P:NvMxdizC V:162 H:6  
01826C $D0 $EC         BNE $01825A                     A:0000 X:0BFB Y:CC3E S:1FC0 D:192B DB:7F P:nvMxdizC V:162 H:17 
01825A $BF $20 $CA $04 LDA $04CA20,X [04D61B] = $00    A:0000 X:0BFB Y:CC3E S:1FC0 D:192B DB:7F P:nvMxdizC V:162 H:23 
01825E $E8             INX                             A:0000 X:0BFB Y:CC3E S:1FC0 D:192B DB:7F P:nvMxdiZC V:162 H:33 
01825F $99 $00 $00     STA $0000,Y [7FCC3E] = $00      A:0000 X:0BFC Y:CC3E S:1FC0 D:192B DB:7F P:nvMxdizC V:162 H:36 
018262 $C8             INY                             A:0000 X:0BFC Y:CC3E S:1FC0 D:192B DB:7F P:nvMxdizC V:162 H:46 
018263 $A9 $00         LDA #$00                        A:0000 X:0BFC Y:CC3F S:1FC0 D:192B DB:7F P:NvMxdizC V:162 H:49 
018265 $99 $00 $00     STA $0000,Y [7FCC3F] = $00      A:0000 X:0BFC Y:CC3F S:1FC0 D:192B DB:7F P:nvMxdiZC V:162 H:53 
018268 $C8             INY                             A:0000 X:0BFC Y:CC3F S:1FC0 D:192B DB:7F P:nvMxdiZC V:162 H:63 
018269 $CE $33 $19     DEC $1933 [7F1933] = $05        A:0000 X:0BFC Y:CC40 S:1FC0 D:192B DB:7F P:NvMxdizC V:162 H:66 
01826C $D0 $EC         BNE $01825A                     A:0000 X:0BFC Y:CC40 S:1FC0 D:192B DB:7F P:nvMxdizC V:162 H:78 
01825A $BF $20 $CA $04 LDA $04CA20,X [04D61C] = $00    A:0000 X:0BFC Y:CC40 S:1FC0 D:192B DB:7F P:nvMxdizC V:162 H:83 
01825E $E8             INX                             A:0000 X:0BFC Y:CC40 S:1FC0 D:192B DB:7F P:nvMxdiZC V:162 H:93 
01825F $99 $00 $00     STA $0000,Y [7FCC40] = $00      A:0000 X:0BFD Y:CC40 S:1FC0 D:192B DB:7F P:nvMxdizC V:162 H:97 
018262 $C8             INY                             A:0000 X:0BFD Y:CC40 S:1FC0 D:192B DB:7F P:nvMxdizC V:162 H:106
018263 $A9 $00         LDA #$00                        A:0000 X:0BFD Y:CC41 S:1FC0 D:192B DB:7F P:NvMxdizC V:162 H:110
018265 $99 $00 $00     STA $0000,Y [7FCC41] = $00      A:0000 X:0BFD Y:CC41 S:1FC0 D:192B DB:7F P:nvMxdiZC V:162 H:114
018268 $C8             INY                             A:0000 X:0BFD Y:CC41 S:1FC0 D:192B DB:7F P:nvMxdiZC V:162 H:123
018269 $CE $33 $19     DEC $1933 [7F1933] = $04        A:0000 X:0BFD Y:CC42 S:1FC0 D:192B DB:7F P:NvMxdizC V:162 H:127
01826C $D0 $EC         BNE $01825A                     A:0000 X:0BFD Y:CC42 S:1FC0 D:192B DB:7F P:nvMxdizC V:162 H:148
01825A $BF $20 $CA $04 LDA $04CA20,X [04D61D] = $02    A:0000 X:0BFD Y:CC42 S:1FC0 D:192B DB:7F P:nvMxdizC V:162 H:154
01825E $E8             INX                             A:0002 X:0BFD Y:CC42 S:1FC0 D:192B DB:7F P:nvMxdizC V:162 H:164
01825F $99 $00 $00     STA $0000,Y [7FCC42] = $02      A:0002 X:0BFE Y:CC42 S:1FC0 D:192B DB:7F P:nvMxdizC V:162 H:167
018262 $C8             INY                             A:0002 X:0BFE Y:CC42 S:1FC0 D:192B DB:7F P:nvMxdizC V:162 H:177
018263 $A9 $00         LDA #$00                        A:0002 X:0BFE Y:CC43 S:1FC0 D:192B DB:7F P:NvMxdizC V:162 H:180
018265 $99 $00 $00     STA $0000,Y [7FCC43] = $00      A:0000 X:0BFE Y:CC43 S:1FC0 D:192B DB:7F P:nvMxdiZC V:162 H:184
018268 $C8             INY                             A:0000 X:0BFE Y:CC43 S:1FC0 D:192B DB:7F P:nvMxdiZC V:162 H:194
018269 $CE $33 $19     DEC $1933 [7F1933] = $03        A:0000 X:0BFE Y:CC44 S:1FC0 D:192B DB:7F P:NvMxdizC V:162 H:197
01826C $D0 $EC         BNE $01825A                     A:0000 X:0BFE Y:CC44 S:1FC0 D:192B DB:7F P:nvMxdizC V:162 H:209
01825A $BF $20 $CA $04 LDA $04CA20,X [04D61E] = $26    A:0000 X:0BFE Y:CC44 S:1FC0 D:192B DB:7F P:nvMxdizC V:162 H:214
01825E $E8             INX                             A:0026 X:0BFE Y:CC44 S:1FC0 D:192B DB:7F P:nvMxdizC V:162 H:224
01825F $99 $00 $00     STA $0000,Y [7FCC44] = $26      A:0026 X:0BFF Y:CC44 S:1FC0 D:192B DB:7F P:nvMxdizC V:162 H:228
018262 $C8             INY                             A:0026 X:0BFF Y:CC44 S:1FC0 D:192B DB:7F P:nvMxdizC V:162 H:237
018263 $A9 $00         LDA #$00                        A:0026 X:0BFF Y:CC45 S:1FC0 D:192B DB:7F P:NvMxdizC V:162 H:241
018265 $99 $00 $00     STA $0000,Y [7FCC45] = $00      A:0000 X:0BFF Y:CC45 S:1FC0 D:192B DB:7F P:nvMxdiZC V:162 H:245
018268 $C8             INY                             A:0000 X:0BFF Y:CC45 S:1FC0 D:192B DB:7F P:nvMxdiZC V:162 H:254
018269 $CE $33 $19     DEC $1933 [7F1933] = $02        A:0000 X:0BFF Y:CC46 S:1FC0 D:192B DB:7F P:NvMxdizC V:162 H:258
01826C $D0 $EC         BNE $01825A                     A:0000 X:0BFF Y:CC46 S:1FC0 D:192B DB:7F P:nvMxdizC V:162 H:269
01825A $BF $20 $CA $04 LDA $04CA20,X [04D61F] = $07    A:0000 X:0BFF Y:CC46 S:1FC0 D:192B DB:7F P:nvMxdizC V:162 H:275
01825E $E8             INX                             A:0007 X:0BFF Y:CC46 S:1FC0 D:192B DB:7F P:nvMxdizC V:162 H:297
01825F $99 $00 $00     STA $0000,Y [7FCC46] = $07      A:0007 X:0C00 Y:CC46 S:1FC0 D:192B DB:7F P:nvMxdizC V:162 H:300
018262 $C8             INY                             A:0007 X:0C00 Y:CC46 S:1FC0 D:192B DB:7F P:nvMxdizC V:162 H:310
018263 $A9 $00         LDA #$00                        A:0007 X:0C00 Y:CC47 S:1FC0 D:192B DB:7F P:NvMxdizC V:162 H:313
018265 $99 $00 $00     STA $0000,Y [7FCC47] = $00      A:0000 X:0C00 Y:CC47 S:1FC0 D:192B DB:7F P:nvMxdiZC V:162 H:317
018268 $C8             INY                             A:0000 X:0C00 Y:CC47 S:1FC0 D:192B DB:7F P:nvMxdiZC V:162 H:326
018269 $CE $33 $19     DEC $1933 [7F1933] = $01        A:0000 X:0C00 Y:CC48 S:1FC0 D:192B DB:7F P:NvMxdizC V:162 H:329
01826C $D0 $EC         BNE $01825A                     A:0000 X:0C00 Y:CC48 S:1FC0 D:192B DB:7F P:nvMxdiZC V:163 H:1  
01826E $28             PLP                             A:0000 X:0C00 Y:CC48 S:1FC0 D:192B DB:7F P:nvMxdiZC V:163 H:5  
01826F $AB             PLB                             A:0000 X:0C00 Y:CC48 S:1FC1 D:192B DB:7F P:nvmxdizc V:163 H:12 
018270 $60             RTS                             A:0000 X:0C00 Y:CC48 S:1FC2 D:192B DB:01 P:nvmxdizc V:163 H:19 
018218 $A5 $00         LDA $00 [00192B] = $0BE8        A:0000 X:0C00 Y:CC48 S:1FC4 D:192B DB:01 P:nvmxdizc V:163 H:29 
01821A $18             CLC                             A:0BE8 X:0C00 Y:CC48 S:1FC4 D:192B DB:01 P:nvmxdizc V:163 H:39 
01821B $69 $18 $00     ADC #$0018                      A:0BE8 X:0C00 Y:CC48 S:1FC4 D:192B DB:01 P:nvmxdizc V:163 H:42 
01821E $85 $00         STA $00 [00192B] = $0BE8        A:0C00 X:0C00 Y:CC48 S:1FC4 D:192B DB:01 P:nvmxdizc V:163 H:48 
018220 $A5 $02         LDA $02 [00192D] = $CC28        A:0C00 X:0C00 Y:CC48 S:1FC4 D:192B DB:01 P:nvmxdizc V:163 H:58 
018222 $18             CLC                             A:CC28 X:0C00 Y:CC48 S:1FC4 D:192B DB:01 P:Nvmxdizc V:163 H:67 
018223 $69 $20 $00     ADC #$0020                      A:CC28 X:0C00 Y:CC48 S:1FC4 D:192B DB:01 P:Nvmxdizc V:163 H:71 
018226 $85 $02         STA $02 [00192D] = $CC28        A:CC48 X:0C00 Y:CC48 S:1FC4 D:192B DB:01 P:Nvmxdizc V:163 H:77 
018228 $C6 $06         DEC $06 [001931] = $000D        A:CC48 X:0C00 Y:CC48 S:1FC4 D:192B DB:01 P:Nvmxdizc V:163 H:86 
01822A $D0 $E9         BNE $018215                     A:CC48 X:0C00 Y:CC48 S:1FC4 D:192B DB:01 P:nvmxdizc V:163 H:101
018215 $20 $2E $82     JSR $822E [01822E] = $088B      A:CC48 X:0C00 Y:CC48 S:1FC4 D:192B DB:01 P:nvmxdizc V:163 H:107
01822E $8B             PHB                             A:CC48 X:0C00 Y:CC48 S:1FC2 D:192B DB:01 P:nvmxdizc V:163 H:118
01822F $08             PHP                             A:CC48 X:0C00 Y:CC48 S:1FC1 D:192B DB:01 P:nvmxdizc V:163 H:124
018230 $C2 $30         REP #$30                        A:CC48 X:0C00 Y:CC48 S:1FC0 D:192B DB:01 P:nvmxdizc V:163 H:129
018232 $8B             PHB                             A:CC48 X:0C00 Y:CC48 S:1FC0 D:192B DB:01 P:nvmxdizc V:163 H:145
018233 $AD $2B $19     LDA $192B [01192B] = $0C00      A:CC48 X:0C00 Y:CC48 S:1FBF D:192B DB:01 P:nvmxdizc V:163 H:150
018236 $18             CLC                             A:0C00 X:0C00 Y:CC48 S:1FBF D:192B DB:01 P:nvmxdizc V:163 H:160
018237 $69 $20 $CA     ADC #$CA20                      A:0C00 X:0C00 Y:CC48 S:1FBF D:192B DB:01 P:nvmxdizc V:163 H:164
01823A $AA             TAX                             A:D620 X:0C00 Y:CC48 S:1FBF D:192B DB:01 P:Nvmxdizc V:163 H:170
01823B $AC $2D $19     LDY $192D [01192D] = $CC48      A:D620 X:D620 Y:CC48 S:1FBF D:192B DB:01 P:Nvmxdizc V:163 H:173
01823E $A9 $0F $00     LDA #$000F                      A:D620 X:D620 Y:CC48 S:1FBF D:192B DB:01 P:Nvmxdizc V:163 H:183
018241 $54 $7F $04     MVN $04 -> $7F                  A:000F X:D620 Y:CC48 S:1FBF D:192B DB:01 P:nvmxdizc V:163 H:189
018241 $54 $7F $04     MVN $04 -> $7F                  A:000E X:D621 Y:CC49 S:1FBF D:192B DB:7F P:nvmxdizc V:163 H:202
018241 $54 $7F $04     MVN $04 -> $7F                  A:000D X:D622 Y:CC4A S:1FBF D:192B DB:7F P:nvmxdizc V:163 H:215
018241 $54 $7F $04     MVN $04 -> $7F                  A:000C X:D623 Y:CC4B S:1FBF D:192B DB:7F P:nvmxdizc V:163 H:228
018241 $54 $7F $04     MVN $04 -> $7F                  A:000B X:D624 Y:CC4C S:1FBF D:192B DB:7F P:nvmxdizc V:163 H:241
018241 $54 $7F $04     MVN $04 -> $7F                  A:000A X:D625 Y:CC4D S:1FBF D:192B DB:7F P:nvmxdizc V:163 H:254
018241 $54 $7F $04     MVN $04 -> $7F                  A:0009 X:D626 Y:CC4E S:1FBF D:192B DB:7F P:nvmxdizc V:163 H:267
018241 $54 $7F $04     MVN $04 -> $7F                  A:0008 X:D627 Y:CC4F S:1FBF D:192B DB:7F P:nvmxdizc V:163 H:292
018241 $54 $7F $04     MVN $04 -> $7F                  A:0007 X:D628 Y:CC50 S:1FBF D:192B DB:7F P:nvmxdizc V:163 H:305
018241 $54 $7F $04     MVN $04 -> $7F                  A:0006 X:D629 Y:CC51 S:1FBF D:192B DB:7F P:nvmxdizc V:163 H:318
018241 $54 $7F $04     MVN $04 -> $7F                  A:0005 X:D62A Y:CC52 S:1FBF D:192B DB:7F P:nvmxdizc V:163 H:330
018241 $54 $7F $04     MVN $04 -> $7F                  A:0004 X:D62B Y:CC53 S:1FBF D:192B DB:7F P:nvmxdizc V:164 H:3  
018241 $54 $7F $04     MVN $04 -> $7F                  A:0003 X:D62C Y:CC54 S:1FBF D:192B DB:7F P:nvmxdizc V:164 H:16 
018241 $54 $7F $04     MVN $04 -> $7F                  A:0002 X:D62D Y:CC55 S:1FBF D:192B DB:7F P:nvmxdizc V:164 H:29 
018241 $54 $7F $04     MVN $04 -> $7F                  A:0001 X:D62E Y:CC56 S:1FBF D:192B DB:7F P:nvmxdizc V:164 H:42 
018241 $54 $7F $04     MVN $04 -> $7F                  A:0000 X:D62F Y:CC57 S:1FBF D:192B DB:7F P:nvmxdizc V:164 H:55 
018244 $AB             PLB                             A:FFFF X:D630 Y:CC58 S:1FBF D:192B DB:7F P:nvmxdizc V:164 H:68 
018245 $8A             TXA                             A:FFFF X:D630 Y:CC58 S:1FC0 D:192B DB:01 P:nvmxdizc V:164 H:75 
018246 $38             SEC                             A:D630 X:D630 Y:CC58 S:1FC0 D:192B DB:01 P:Nvmxdizc V:164 H:79 
018247 $E9 $20 $CA     SBC #$CA20                      A:D630 X:D630 Y:CC58 S:1FC0 D:192B DB:01 P:NvmxdizC V:164 H:82 
01824A $AA             TAX                             A:0C10 X:D630 Y:CC58 S:1FC0 D:192B DB:01 P:nvmxdizC V:164 H:88 
01824B $E2 $20         SEP #$20                        A:0C10 X:0C10 Y:CC58 S:1FC0 D:192B DB:01 P:nvmxdizC V:164 H:92 
01824D $C2 $10         REP #$10                        A:0C10 X:0C10 Y:CC58 S:1FC0 D:192B DB:01 P:nvMxdizC V:164 H:97 
01824F $F4 $7F $00     PEA #$007F                      A:0C10 X:0C10 Y:CC58 S:1FC0 D:192B DB:01 P:nvMxdizC V:164 H:103
018252 $AB             PLB                             A:0C10 X:0C10 Y:CC58 S:1FBE D:192B DB:01 P:nvMxdizC V:164 H:113
018253 $68             PLA                             A:0C10 X:0C10 Y:CC58 S:1FBF D:192B DB:7F P:nvMxdizC V:164 H:120
018254 $EB             XBA                             A:0C00 X:0C10 Y:CC58 S:1FC0 D:192B DB:7F P:nvMxdiZC V:164 H:127
018255 $A9 $08         LDA #$08                        A:000C X:0C10 Y:CC58 S:1FC0 D:192B DB:7F P:nvMxdizC V:164 H:132
018257 $8D $33 $19     STA $1933 [7F1933] = $00        A:0008 X:0C10 Y:CC58 S:1FC0 D:192B DB:7F P:nvMxdizC V:164 H:146
01825A $BF $20 $CA $04 LDA $04CA20,X [04D630] = $00    A:0008 X:0C10 Y:CC58 S:1FC0 D:192B DB:7F P:nvMxdizC V:164 H:154
01825E $E8             INX                             A:0000 X:0C10 Y:CC58 S:1FC0 D:192B DB:7F P:nvMxdiZC V:164 H:164
01825F $99 $00 $00     STA $0000,Y [7FCC58] = $00      A:0000 X:0C11 Y:CC58 S:1FC0 D:192B DB:7F P:nvMxdizC V:164 H:167
018262 $C8             INY                             A:0000 X:0C11 Y:CC58 S:1FC0 D:192B DB:7F P:nvMxdizC V:164 H:177
018263 $A9 $00         LDA #$00                        A:0000 X:0C11 Y:CC59 S:1FC0 D:192B DB:7F P:NvMxdizC V:164 H:180
018265 $99 $00 $00     STA $0000,Y [7FCC59] = $00      A:0000 X:0C11 Y:CC59 S:1FC0 D:192B DB:7F P:nvMxdiZC V:164 H:184
018268 $C8             INY                             A:0000 X:0C11 Y:CC59 S:1FC0 D:192B DB:7F P:nvMxdiZC V:164 H:194
018269 $CE $33 $19     DEC $1933 [7F1933] = $08        A:0000 X:0C11 Y:CC5A S:1FC0 D:192B DB:7F P:NvMxdizC V:164 H:197
01826C $D0 $EC         BNE $01825A                     A:0000 X:0C11 Y:CC5A S:1FC0 D:192B DB:7F P:nvMxdizC V:164 H:209
01825A $BF $20 $CA $04 LDA $04CA20,X [04D631] = $00    A:0000 X:0C11 Y:CC5A S:1FC0 D:192B DB:7F P:nvMxdizC V:164 H:214
01825E $E8             INX                             A:0000 X:0C11 Y:CC5A S:1FC0 D:192B DB:7F P:nvMxdiZC V:164 H:224
01825F $99 $00 $00     STA $0000,Y [7FCC5A] = $00      A:0000 X:0C12 Y:CC5A S:1FC0 D:192B DB:7F P:nvMxdizC V:164 H:228
018262 $C8             INY                             A:0000 X:0C12 Y:CC5A S:1FC0 D:192B DB:7F P:nvMxdizC V:164 H:237
018263 $A9 $00         LDA #$00                        A:0000 X:0C12 Y:CC5B S:1FC0 D:192B DB:7F P:NvMxdizC V:164 H:241
018265 $99 $00 $00     STA $0000,Y [7FCC5B] = $00      A:0000 X:0C12 Y:CC5B S:1FC0 D:192B DB:7F P:nvMxdiZC V:164 H:245
018268 $C8             INY                             A:0000 X:0C12 Y:CC5B S:1FC0 D:192B DB:7F P:nvMxdiZC V:164 H:254
018269 $CE $33 $19     DEC $1933 [7F1933] = $07        A:0000 X:0C12 Y:CC5C S:1FC0 D:192B DB:7F P:NvMxdizC V:164 H:258
01826C $D0 $EC         BNE $01825A                     A:0000 X:0C12 Y:CC5C S:1FC0 D:192B DB:7F P:nvMxdizC V:164 H:269
01825A $BF $20 $CA $04 LDA $04CA20,X [04D632] = $00    A:0000 X:0C12 Y:CC5C S:1FC0 D:192B DB:7F P:nvMxdizC V:164 H:275
01825E $E8             INX                             A:0000 X:0C12 Y:CC5C S:1FC0 D:192B DB:7F P:nvMxdiZC V:164 H:297
01825F $99 $00 $00     STA $0000,Y [7FCC5C] = $00      A:0000 X:0C13 Y:CC5C S:1FC0 D:192B DB:7F P:nvMxdizC V:164 H:300
018262 $C8             INY                             A:0000 X:0C13 Y:CC5C S:1FC0 D:192B DB:7F P:nvMxdizC V:164 H:310
018263 $A9 $00         LDA #$00                        A:0000 X:0C13 Y:CC5D S:1FC0 D:192B DB:7F P:NvMxdizC V:164 H:313
018265 $99 $00 $00     STA $0000,Y [7FCC5D] = $00      A:0000 X:0C13 Y:CC5D S:1FC0 D:192B DB:7F P:nvMxdiZC V:164 H:317
018268 $C8             INY                             A:0000 X:0C13 Y:CC5D S:1FC0 D:192B DB:7F P:nvMxdiZC V:164 H:326
018269 $CE $33 $19     DEC $1933 [7F1933] = $06        A:0000 X:0C13 Y:CC5E S:1FC0 D:192B DB:7F P:NvMxdizC V:164 H:329
01826C $D0 $EC         BNE $01825A                     A:0000 X:0C13 Y:CC5E S:1FC0 D:192B DB:7F P:nvMxdizC V:165 H:1  
01825A $BF $20 $CA $04 LDA $04CA20,X [04D633] = $00    A:0000 X:0C13 Y:CC5E S:1FC0 D:192B DB:7F P:nvMxdizC V:165 H:6  
01825E $E8             INX                             A:0000 X:0C13 Y:CC5E S:1FC0 D:192B DB:7F P:nvMxdiZC V:165 H:16 
01825F $99 $00 $00     STA $0000,Y [7FCC5E] = $00      A:0000 X:0C14 Y:CC5E S:1FC0 D:192B DB:7F P:nvMxdizC V:165 H:20 
018262 $C8             INY                             A:0000 X:0C14 Y:CC5E S:1FC0 D:192B DB:7F P:nvMxdizC V:165 H:29 
018263 $A9 $00         LDA #$00                        A:0000 X:0C14 Y:CC5F S:1FC0 D:192B DB:7F P:NvMxdizC V:165 H:33 
018265 $99 $00 $00     STA $0000,Y [7FCC5F] = $00      A:0000 X:0C14 Y:CC5F S:1FC0 D:192B DB:7F P:nvMxdiZC V:165 H:37 
018268 $C8             INY                             A:0000 X:0C14 Y:CC5F S:1FC0 D:192B DB:7F P:nvMxdiZC V:165 H:46 
018269 $CE $33 $19     DEC $1933 [7F1933] = $05        A:0000 X:0C14 Y:CC60 S:1FC0 D:192B DB:7F P:NvMxdizC V:165 H:50 
01826C $D0 $EC         BNE $01825A                     A:0000 X:0C14 Y:CC60 S:1FC0 D:192B DB:7F P:nvMxdizC V:165 H:61 
01825A $BF $20 $CA $04 LDA $04CA20,X [04D634] = $00    A:0000 X:0C14 Y:CC60 S:1FC0 D:192B DB:7F P:nvMxdizC V:165 H:67 
01825E $E8             INX                             A:0000 X:0C14 Y:CC60 S:1FC0 D:192B DB:7F P:nvMxdiZC V:165 H:77 
01825F $99 $00 $00     STA $0000,Y [7FCC60] = $00      A:0000 X:0C15 Y:CC60 S:1FC0 D:192B DB:7F P:nvMxdizC V:165 H:80 
018262 $C8             INY                             A:0000 X:0C15 Y:CC60 S:1FC0 D:192B DB:7F P:nvMxdizC V:165 H:90 
018263 $A9 $00         LDA #$00                        A:0000 X:0C15 Y:CC61 S:1FC0 D:192B DB:7F P:NvMxdizC V:165 H:93 
018265 $99 $00 $00     STA $0000,Y [7FCC61] = $00      A:0000 X:0C15 Y:CC61 S:1FC0 D:192B DB:7F P:nvMxdiZC V:165 H:97 
018268 $C8             INY                             A:0000 X:0C15 Y:CC61 S:1FC0 D:192B DB:7F P:nvMxdiZC V:165 H:107
018269 $CE $33 $19     DEC $1933 [7F1933] = $04        A:0000 X:0C15 Y:CC62 S:1FC0 D:192B DB:7F P:NvMxdizC V:165 H:110
01826C $D0 $EC         BNE $01825A                     A:0000 X:0C15 Y:CC62 S:1FC0 D:192B DB:7F P:nvMxdizC V:165 H:122
01825A $BF $20 $CA $04 LDA $04CA20,X [04D635] = $01    A:0000 X:0C15 Y:CC62 S:1FC0 D:192B DB:7F P:nvMxdizC V:165 H:127
01825E $E8             INX                             A:0001 X:0C15 Y:CC62 S:1FC0 D:192B DB:7F P:nvMxdizC V:165 H:147
01825F $99 $00 $00     STA $0000,Y [7FCC62] = $01      A:0001 X:0C16 Y:CC62 S:1FC0 D:192B DB:7F P:nvMxdizC V:165 H:151
018262 $C8             INY                             A:0001 X:0C16 Y:CC62 S:1FC0 D:192B DB:7F P:nvMxdizC V:165 H:160
018263 $A9 $00         LDA #$00                        A:0001 X:0C16 Y:CC63 S:1FC0 D:192B DB:7F P:NvMxdizC V:165 H:164
018265 $99 $00 $00     STA $0000,Y [7FCC63] = $00      A:0000 X:0C16 Y:CC63 S:1FC0 D:192B DB:7F P:nvMxdiZC V:165 H:168
018268 $C8             INY                             A:0000 X:0C16 Y:CC63 S:1FC0 D:192B DB:7F P:nvMxdiZC V:165 H:177
018269 $CE $33 $19     DEC $1933 [7F1933] = $03        A:0000 X:0C16 Y:CC64 S:1FC0 D:192B DB:7F P:NvMxdizC V:165 H:181
01826C $D0 $EC         BNE $01825A                     A:0000 X:0C16 Y:CC64 S:1FC0 D:192B DB:7F P:nvMxdizC V:165 H:192
01825A $BF $20 $CA $04 LDA $04CA20,X [04D636] = $00    A:0000 X:0C16 Y:CC64 S:1FC0 D:192B DB:7F P:nvMxdizC V:165 H:198
01825E $E8             INX                             A:0000 X:0C16 Y:CC64 S:1FC0 D:192B DB:7F P:nvMxdiZC V:165 H:208
01825F $99 $00 $00     STA $0000,Y [7FCC64] = $00      A:0000 X:0C17 Y:CC64 S:1FC0 D:192B DB:7F P:nvMxdizC V:165 H:211
018262 $C8             INY                             A:0000 X:0C17 Y:CC64 S:1FC0 D:192B DB:7F P:nvMxdizC V:165 H:221
018263 $A9 $00         LDA #$00                        A:0000 X:0C17 Y:CC65 S:1FC0 D:192B DB:7F P:NvMxdizC V:165 H:224
018265 $99 $00 $00     STA $0000,Y [7FCC65] = $00      A:0000 X:0C17 Y:CC65 S:1FC0 D:192B DB:7F P:nvMxdiZC V:165 H:228
018268 $C8             INY                             A:0000 X:0C17 Y:CC65 S:1FC0 D:192B DB:7F P:nvMxdiZC V:165 H:238
018269 $CE $33 $19     DEC $1933 [7F1933] = $02        A:0000 X:0C17 Y:CC66 S:1FC0 D:192B DB:7F P:NvMxdizC V:165 H:241
01826C $D0 $EC         BNE $01825A                     A:0000 X:0C17 Y:CC66 S:1FC0 D:192B DB:7F P:nvMxdizC V:165 H:253
01825A $BF $20 $CA $04 LDA $04CA20,X [04D637] = $01    A:0000 X:0C17 Y:CC66 S:1FC0 D:192B DB:7F P:nvMxdizC V:165 H:258
01825E $E8             INX                             A:0001 X:0C17 Y:CC66 S:1FC0 D:192B DB:7F P:nvMxdizC V:165 H:268
01825F $99 $00 $00     STA $0000,Y [7FCC66] = $01      A:0001 X:0C18 Y:CC66 S:1FC0 D:192B DB:7F P:nvMxdizC V:165 H:272
018262 $C8             INY                             A:0001 X:0C18 Y:CC66 S:1FC0 D:192B DB:7F P:nvMxdizC V:165 H:293
018263 $A9 $00         LDA #$00                        A:0001 X:0C18 Y:CC67 S:1FC0 D:192B DB:7F P:NvMxdizC V:165 H:297
018265 $99 $00 $00     STA $0000,Y [7FCC67] = $00      A:0000 X:0C18 Y:CC67 S:1FC0 D:192B DB:7F P:nvMxdiZC V:165 H:301
018268 $C8             INY                             A:0000 X:0C18 Y:CC67 S:1FC0 D:192B DB:7F P:nvMxdiZC V:165 H:310
018269 $CE $33 $19     DEC $1933 [7F1933] = $01        A:0000 X:0C18 Y:CC68 S:1FC0 D:192B DB:7F P:NvMxdizC V:165 H:314
01826C $D0 $EC         BNE $01825A                     A:0000 X:0C18 Y:CC68 S:1FC0 D:192B DB:7F P:nvMxdiZC V:165 H:325
01826E $28             PLP                             A:0000 X:0C18 Y:CC68 S:1FC0 D:192B DB:7F P:nvMxdiZC V:165 H:328
01826F $AB             PLB                             A:0000 X:0C18 Y:CC68 S:1FC1 D:192B DB:7F P:nvmxdizc V:165 H:335
018270 $60             RTS                             A:0000 X:0C18 Y:CC68 S:1FC2 D:192B DB:01 P:nvmxdizc V:166 H:2  
018218 $A5 $00         LDA $00 [00192B] = $0C00        A:0000 X:0C18 Y:CC68 S:1FC4 D:192B DB:01 P:nvmxdizc V:166 H:13 
01821A $18             CLC                             A:0C00 X:0C18 Y:CC68 S:1FC4 D:192B DB:01 P:nvmxdizc V:166 H:22 
01821B $69 $18 $00     ADC #$0018                      A:0C00 X:0C18 Y:CC68 S:1FC4 D:192B DB:01 P:nvmxdizc V:166 H:26 
01821E $85 $00         STA $00 [00192B] = $0C00        A:0C18 X:0C18 Y:CC68 S:1FC4 D:192B DB:01 P:nvmxdizc V:166 H:32 
018220 $A5 $02         LDA $02 [00192D] = $CC48        A:0C18 X:0C18 Y:CC68 S:1FC4 D:192B DB:01 P:nvmxdizc V:166 H:41 
018222 $18             CLC                             A:CC48 X:0C18 Y:CC68 S:1FC4 D:192B DB:01 P:Nvmxdizc V:166 H:51 
018223 $69 $20 $00     ADC #$0020                      A:CC48 X:0C18 Y:CC68 S:1FC4 D:192B DB:01 P:Nvmxdizc V:166 H:54 
018226 $85 $02         STA $02 [00192D] = $CC48        A:CC68 X:0C18 Y:CC68 S:1FC4 D:192B DB:01 P:Nvmxdizc V:166 H:60 
018228 $C6 $06         DEC $06 [001931] = $000C        A:CC68 X:0C18 Y:CC68 S:1FC4 D:192B DB:01 P:Nvmxdizc V:166 H:70 
01822A $D0 $E9         BNE $018215                     A:CC68 X:0C18 Y:CC68 S:1FC4 D:192B DB:01 P:nvmxdizc V:166 H:85 
018215 $20 $2E $82     JSR $822E [01822E] = $088B      A:CC68 X:0C18 Y:CC68 S:1FC4 D:192B DB:01 P:nvmxdizc V:166 H:90 
01822E $8B             PHB                             A:CC68 X:0C18 Y:CC68 S:1FC2 D:192B DB:01 P:nvmxdizc V:166 H:102
01822F $08             PHP                             A:CC68 X:0C18 Y:CC68 S:1FC1 D:192B DB:01 P:nvmxdizc V:166 H:107
018230 $C2 $30         REP #$30                        A:CC68 X:0C18 Y:CC68 S:1FC0 D:192B DB:01 P:nvmxdizc V:166 H:113
018232 $8B             PHB                             A:CC68 X:0C18 Y:CC68 S:1FC0 D:192B DB:01 P:nvmxdizc V:166 H:118
018233 $AD $2B $19     LDA $192B [01192B] = $0C18      A:CC68 X:0C18 Y:CC68 S:1FBF D:192B DB:01 P:nvmxdizc V:166 H:124
018236 $18             CLC                             A:0C18 X:0C18 Y:CC68 S:1FBF D:192B DB:01 P:nvmxdizc V:166 H:144
018237 $69 $20 $CA     ADC #$CA20                      A:0C18 X:0C18 Y:CC68 S:1FBF D:192B DB:01 P:nvmxdizc V:166 H:147
01823A $AA             TAX                             A:D638 X:0C18 Y:CC68 S:1FBF D:192B DB:01 P:Nvmxdizc V:166 H:153
01823B $AC $2D $19     LDY $192D [01192D] = $CC68      A:D638 X:D638 Y:CC68 S:1FBF D:192B DB:01 P:Nvmxdizc V:166 H:157
01823E $A9 $0F $00     LDA #$000F                      A:D638 X:D638 Y:CC68 S:1FBF D:192B DB:01 P:Nvmxdizc V:166 H:167
018241 $54 $7F $04     MVN $04 -> $7F                  A:000F X:D638 Y:CC68 S:1FBF D:192B DB:01 P:nvmxdizc V:166 H:173
018241 $54 $7F $04     MVN $04 -> $7F                  A:000E X:D639 Y:CC69 S:1FBF D:192B DB:7F P:nvmxdizc V:166 H:186
018241 $54 $7F $04     MVN $04 -> $7F                  A:000D X:D63A Y:CC6A S:1FBF D:192B DB:7F P:nvmxdizc V:166 H:199
018241 $54 $7F $04     MVN $04 -> $7F                  A:000C X:D63B Y:CC6B S:1FBF D:192B DB:7F P:nvmxdizc V:166 H:212
018241 $54 $7F $04     MVN $04 -> $7F                  A:000B X:D63C Y:CC6C S:1FBF D:192B DB:7F P:nvmxdizc V:166 H:225
018241 $54 $7F $04     MVN $04 -> $7F                  A:000A X:D63D Y:CC6D S:1FBF D:192B DB:7F P:nvmxdizc V:166 H:238
018241 $54 $7F $04     MVN $04 -> $7F                  A:0009 X:D63E Y:CC6E S:1FBF D:192B DB:7F P:nvmxdizc V:166 H:251
018241 $54 $7F $04     MVN $04 -> $7F                  A:0008 X:D63F Y:CC6F S:1FBF D:192B DB:7F P:nvmxdizc V:166 H:264
018241 $54 $7F $04     MVN $04 -> $7F                  A:0007 X:D640 Y:CC70 S:1FBF D:192B DB:7F P:nvmxdizc V:166 H:289
018241 $54 $7F $04     MVN $04 -> $7F                  A:0006 X:D641 Y:CC71 S:1FBF D:192B DB:7F P:nvmxdizc V:166 H:302
018241 $54 $7F $04     MVN $04 -> $7F                  A:0005 X:D642 Y:CC72 S:1FBF D:192B DB:7F P:nvmxdizc V:166 H:315
018241 $54 $7F $04     MVN $04 -> $7F                  A:0004 X:D643 Y:CC73 S:1FBF D:192B DB:7F P:nvmxdizc V:166 H:327
018241 $54 $7F $04     MVN $04 -> $7F                  A:0003 X:D644 Y:CC74 S:1FBF D:192B DB:7F P:nvmxdizc V:167 H:0  
018241 $54 $7F $04     MVN $04 -> $7F                  A:0002 X:D645 Y:CC75 S:1FBF D:192B DB:7F P:nvmxdizc V:167 H:13 
018241 $54 $7F $04     MVN $04 -> $7F                  A:0001 X:D646 Y:CC76 S:1FBF D:192B DB:7F P:nvmxdizc V:167 H:26 
018241 $54 $7F $04     MVN $04 -> $7F                  A:0000 X:D647 Y:CC77 S:1FBF D:192B DB:7F P:nvmxdizc V:167 H:39 
018244 $AB             PLB                             A:FFFF X:D648 Y:CC78 S:1FBF D:192B DB:7F P:nvmxdizc V:167 H:52 
018245 $8A             TXA                             A:FFFF X:D648 Y:CC78 S:1FC0 D:192B DB:01 P:nvmxdizc V:167 H:59 
018246 $38             SEC                             A:D648 X:D648 Y:CC78 S:1FC0 D:192B DB:01 P:Nvmxdizc V:167 H:62 
018247 $E9 $20 $CA     SBC #$CA20                      A:D648 X:D648 Y:CC78 S:1FC0 D:192B DB:01 P:NvmxdizC V:167 H:66 
01824A $AA             TAX                             A:0C28 X:D648 Y:CC78 S:1FC0 D:192B DB:01 P:nvmxdizC V:167 H:72 
01824B $E2 $20         SEP #$20                        A:0C28 X:0C28 Y:CC78 S:1FC0 D:192B DB:01 P:nvmxdizC V:167 H:75 
01824D $C2 $10         REP #$10                        A:0C28 X:0C28 Y:CC78 S:1FC0 D:192B DB:01 P:nvMxdizC V:167 H:81 
01824F $F4 $7F $00     PEA #$007F                      A:0C28 X:0C28 Y:CC78 S:1FC0 D:192B DB:01 P:nvMxdizC V:167 H:86 
018252 $AB             PLB                             A:0C28 X:0C28 Y:CC78 S:1FBE D:192B DB:01 P:nvMxdizC V:167 H:96 
018253 $68             PLA                             A:0C28 X:0C28 Y:CC78 S:1FBF D:192B DB:7F P:nvMxdizC V:167 H:103
018254 $EB             XBA                             A:0C00 X:0C28 Y:CC78 S:1FC0 D:192B DB:7F P:nvMxdiZC V:167 H:110
018255 $A9 $08         LDA #$08                        A:000C X:0C28 Y:CC78 S:1FC0 D:192B DB:7F P:nvMxdizC V:167 H:115
018257 $8D $33 $19     STA $1933 [7F1933] = $00        A:0008 X:0C28 Y:CC78 S:1FC0 D:192B DB:7F P:nvMxdizC V:167 H:119
01825A $BF $20 $CA $04 LDA $04CA20,X [04D648] = $00    A:0008 X:0C28 Y:CC78 S:1FC0 D:192B DB:7F P:nvMxdizC V:167 H:127
01825E $E8             INX                             A:0000 X:0C28 Y:CC78 S:1FC0 D:192B DB:7F P:nvMxdiZC V:167 H:147
01825F $99 $00 $00     STA $0000,Y [7FCC78] = $00      A:0000 X:0C29 Y:CC78 S:1FC0 D:192B DB:7F P:nvMxdizC V:167 H:151
018262 $C8             INY                             A:0000 X:0C29 Y:CC78 S:1FC0 D:192B DB:7F P:nvMxdizC V:167 H:160
018263 $A9 $00         LDA #$00                        A:0000 X:0C29 Y:CC79 S:1FC0 D:192B DB:7F P:NvMxdizC V:167 H:164
018265 $99 $00 $00     STA $0000,Y [7FCC79] = $00      A:0000 X:0C29 Y:CC79 S:1FC0 D:192B DB:7F P:nvMxdiZC V:167 H:168
018268 $C8             INY                             A:0000 X:0C29 Y:CC79 S:1FC0 D:192B DB:7F P:nvMxdiZC V:167 H:177
018269 $CE $33 $19     DEC $1933 [7F1933] = $08        A:0000 X:0C29 Y:CC7A S:1FC0 D:192B DB:7F P:NvMxdizC V:167 H:181
01826C $D0 $EC         BNE $01825A                     A:0000 X:0C29 Y:CC7A S:1FC0 D:192B DB:7F P:nvMxdizC V:167 H:192
01825A $BF $20 $CA $04 LDA $04CA20,X [04D649] = $00    A:0000 X:0C29 Y:CC7A S:1FC0 D:192B DB:7F P:nvMxdizC V:167 H:198
01825E $E8             INX                             A:0000 X:0C29 Y:CC7A S:1FC0 D:192B DB:7F P:nvMxdiZC V:167 H:208
01825F $99 $00 $00     STA $0000,Y [7FCC7A] = $00      A:0000 X:0C2A Y:CC7A S:1FC0 D:192B DB:7F P:nvMxdizC V:167 H:211
018262 $C8             INY                             A:0000 X:0C2A Y:CC7A S:1FC0 D:192B DB:7F P:nvMxdizC V:167 H:221
018263 $A9 $00         LDA #$00                        A:0000 X:0C2A Y:CC7B S:1FC0 D:192B DB:7F P:NvMxdizC V:167 H:224
018265 $99 $00 $00     STA $0000,Y [7FCC7B] = $00      A:0000 X:0C2A Y:CC7B S:1FC0 D:192B DB:7F P:nvMxdiZC V:167 H:228
018268 $C8             INY                             A:0000 X:0C2A Y:CC7B S:1FC0 D:192B DB:7F P:nvMxdiZC V:167 H:238
018269 $CE $33 $19     DEC $1933 [7F1933] = $07        A:0000 X:0C2A Y:CC7C S:1FC0 D:192B DB:7F P:NvMxdizC V:167 H:241
01826C $D0 $EC         BNE $01825A                     A:0000 X:0C2A Y:CC7C S:1FC0 D:192B DB:7F P:nvMxdizC V:167 H:253
01825A $BF $20 $CA $04 LDA $04CA20,X [04D64A] = $00    A:0000 X:0C2A Y:CC7C S:1FC0 D:192B DB:7F P:nvMxdizC V:167 H:258
01825E $E8             INX                             A:0000 X:0C2A Y:CC7C S:1FC0 D:192B DB:7F P:nvMxdiZC V:167 H:268
01825F $99 $00 $00     STA $0000,Y [7FCC7C] = $00      A:0000 X:0C2B Y:CC7C S:1FC0 D:192B DB:7F P:nvMxdizC V:167 H:272
018262 $C8             INY                             A:0000 X:0C2B Y:CC7C S:1FC0 D:192B DB:7F P:nvMxdizC V:167 H:293
018263 $A9 $00         LDA #$00                        A:0000 X:0C2B Y:CC7D S:1FC0 D:192B DB:7F P:NvMxdizC V:167 H:297
018265 $99 $00 $00     STA $0000,Y [7FCC7D] = $00      A:0000 X:0C2B Y:CC7D S:1FC0 D:192B DB:7F P:nvMxdiZC V:167 H:301
018268 $C8             INY                             A:0000 X:0C2B Y:CC7D S:1FC0 D:192B DB:7F P:nvMxdiZC V:167 H:310
018269 $CE $33 $19     DEC $1933 [7F1933] = $06        A:0000 X:0C2B Y:CC7E S:1FC0 D:192B DB:7F P:NvMxdizC V:167 H:314
01826C $D0 $EC         BNE $01825A                     A:0000 X:0C2B Y:CC7E S:1FC0 D:192B DB:7F P:nvMxdizC V:167 H:325
01825A $BF $20 $CA $04 LDA $04CA20,X [04D64B] = $00    A:0000 X:0C2B Y:CC7E S:1FC0 D:192B DB:7F P:nvMxdizC V:167 H:330
01825E $E8             INX                             A:0000 X:0C2B Y:CC7E S:1FC0 D:192B DB:7F P:nvMxdiZC V:168 H:0  
01825F $99 $00 $00     STA $0000,Y [7FCC7E] = $00      A:0000 X:0C2C Y:CC7E S:1FC0 D:192B DB:7F P:nvMxdizC V:168 H:3  
018262 $C8             INY                             A:0000 X:0C2C Y:CC7E S:1FC0 D:192B DB:7F P:nvMxdizC V:168 H:13 
018263 $A9 $00         LDA #$00                        A:0000 X:0C2C Y:CC7F S:1FC0 D:192B DB:7F P:NvMxdizC V:168 H:16 
018265 $99 $00 $00     STA $0000,Y [7FCC7F] = $00      A:0000 X:0C2C Y:CC7F S:1FC0 D:192B DB:7F P:nvMxdiZC V:168 H:20 
018268 $C8             INY                             A:0000 X:0C2C Y:CC7F S:1FC0 D:192B DB:7F P:nvMxdiZC V:168 H:30 
018269 $CE $33 $19     DEC $1933 [7F1933] = $05        A:0000 X:0C2C Y:CC80 S:1FC0 D:192B DB:7F P:NvMxdizC V:168 H:33 
01826C $D0 $EC         BNE $01825A                     A:0000 X:0C2C Y:CC80 S:1FC0 D:192B DB:7F P:nvMxdizC V:168 H:45 
01825A $BF $20 $CA $04 LDA $04CA20,X [04D64C] = $E0    A:0000 X:0C2C Y:CC80 S:1FC0 D:192B DB:7F P:nvMxdizC V:168 H:50 
01825E $E8             INX                             A:00E0 X:0C2C Y:CC80 S:1FC0 D:192B DB:7F P:NvMxdizC V:168 H:60 
01825F $99 $00 $00     STA $0000,Y [7FCC80] = $E0      A:00E0 X:0C2D Y:CC80 S:1FC0 D:192B DB:7F P:nvMxdizC V:168 H:64 
018262 $C8             INY                             A:00E0 X:0C2D Y:CC80 S:1FC0 D:192B DB:7F P:nvMxdizC V:168 H:73 
018263 $A9 $00         LDA #$00                        A:00E0 X:0C2D Y:CC81 S:1FC0 D:192B DB:7F P:NvMxdizC V:168 H:77 
018265 $99 $00 $00     STA $0000,Y [7FCC81] = $00      A:0000 X:0C2D Y:CC81 S:1FC0 D:192B DB:7F P:nvMxdiZC V:168 H:81 
018268 $C8             INY                             A:0000 X:0C2D Y:CC81 S:1FC0 D:192B DB:7F P:nvMxdiZC V:168 H:90 
018269 $CE $33 $19     DEC $1933 [7F1933] = $04        A:0000 X:0C2D Y:CC82 S:1FC0 D:192B DB:7F P:NvMxdizC V:168 H:94 
01826C $D0 $EC         BNE $01825A                     A:0000 X:0C2D Y:CC82 S:1FC0 D:192B DB:7F P:nvMxdizC V:168 H:105
01825A $BF $20 $CA $04 LDA $04CA20,X [04D64D] = $80    A:0000 X:0C2D Y:CC82 S:1FC0 D:192B DB:7F P:nvMxdizC V:168 H:111
01825E $E8             INX                             A:0080 X:0C2D Y:CC82 S:1FC0 D:192B DB:7F P:NvMxdizC V:168 H:121
01825F $99 $00 $00     STA $0000,Y [7FCC82] = $80      A:0080 X:0C2E Y:CC82 S:1FC0 D:192B DB:7F P:nvMxdizC V:168 H:124
018262 $C8             INY                             A:0080 X:0C2E Y:CC82 S:1FC0 D:192B DB:7F P:nvMxdizC V:168 H:144
018263 $A9 $00         LDA #$00                        A:0080 X:0C2E Y:CC83 S:1FC0 D:192B DB:7F P:NvMxdizC V:168 H:147
018265 $99 $00 $00     STA $0000,Y [7FCC83] = $00      A:0000 X:0C2E Y:CC83 S:1FC0 D:192B DB:7F P:nvMxdiZC V:168 H:151
018268 $C8             INY                             A:0000 X:0C2E Y:CC83 S:1FC0 D:192B DB:7F P:nvMxdiZC V:168 H:161
018269 $CE $33 $19     DEC $1933 [7F1933] = $03        A:0000 X:0C2E Y:CC84 S:1FC0 D:192B DB:7F P:NvMxdizC V:168 H:164
01826C $D0 $EC         BNE $01825A                     A:0000 X:0C2E Y:CC84 S:1FC0 D:192B DB:7F P:nvMxdizC V:168 H:176
01825A $BF $20 $CA $04 LDA $04CA20,X [04D64E] = $00    A:0000 X:0C2E Y:CC84 S:1FC0 D:192B DB:7F P:nvMxdizC V:168 H:181
01825E $E8             INX                             A:0000 X:0C2E Y:CC84 S:1FC0 D:192B DB:7F P:nvMxdiZC V:168 H:191
01825F $99 $00 $00     STA $0000,Y [7FCC84] = $00      A:0000 X:0C2F Y:CC84 S:1FC0 D:192B DB:7F P:nvMxdizC V:168 H:195
018262 $C8             INY                             A:0000 X:0C2F Y:CC84 S:1FC0 D:192B DB:7F P:nvMxdizC V:168 H:204
018263 $A9 $00         LDA #$00                        A:0000 X:0C2F Y:CC85 S:1FC0 D:192B DB:7F P:NvMxdizC V:168 H:208
018265 $99 $00 $00     STA $0000,Y [7FCC85] = $00      A:0000 X:0C2F Y:CC85 S:1FC0 D:192B DB:7F P:nvMxdiZC V:168 H:212
018268 $C8             INY                             A:0000 X:0C2F Y:CC85 S:1FC0 D:192B DB:7F P:nvMxdiZC V:168 H:221
018269 $CE $33 $19     DEC $1933 [7F1933] = $02        A:0000 X:0C2F Y:CC86 S:1FC0 D:192B DB:7F P:NvMxdizC V:168 H:225
01826C $D0 $EC         BNE $01825A                     A:0000 X:0C2F Y:CC86 S:1FC0 D:192B DB:7F P:nvMxdizC V:168 H:236
01825A $BF $20 $CA $04 LDA $04CA20,X [04D64F] = $80    A:0000 X:0C2F Y:CC86 S:1FC0 D:192B DB:7F P:nvMxdizC V:168 H:242
01825E $E8             INX                             A:0080 X:0C2F Y:CC86 S:1FC0 D:192B DB:7F P:NvMxdizC V:168 H:252
01825F $99 $00 $00     STA $0000,Y [7FCC86] = $80      A:0080 X:0C30 Y:CC86 S:1FC0 D:192B DB:7F P:nvMxdizC V:168 H:255
018262 $C8             INY                             A:0080 X:0C30 Y:CC86 S:1FC0 D:192B DB:7F P:nvMxdizC V:168 H:265
018263 $A9 $00         LDA #$00                        A:0080 X:0C30 Y:CC87 S:1FC0 D:192B DB:7F P:NvMxdizC V:168 H:268
018265 $99 $00 $00     STA $0000,Y [7FCC87] = $00      A:0000 X:0C30 Y:CC87 S:1FC0 D:192B DB:7F P:nvMxdiZC V:168 H:272
018268 $C8             INY                             A:0000 X:0C30 Y:CC87 S:1FC0 D:192B DB:7F P:nvMxdiZC V:168 H:294
018269 $CE $33 $19     DEC $1933 [7F1933] = $01        A:0000 X:0C30 Y:CC88 S:1FC0 D:192B DB:7F P:NvMxdizC V:168 H:297
01826C $D0 $EC         BNE $01825A                     A:0000 X:0C30 Y:CC88 S:1FC0 D:192B DB:7F P:nvMxdiZC V:168 H:309
01826E $28             PLP                             A:0000 X:0C30 Y:CC88 S:1FC0 D:192B DB:7F P:nvMxdiZC V:168 H:313
01826F $AB             PLB                             A:0000 X:0C30 Y:CC88 S:1FC1 D:192B DB:7F P:nvmxdizc V:168 H:320
018270 $60             RTS                             A:0000 X:0C30 Y:CC88 S:1FC2 D:192B DB:01 P:nvmxdizc V:168 H:326
018218 $A5 $00         LDA $00 [00192B] = $0C18        A:0000 X:0C30 Y:CC88 S:1FC4 D:192B DB:01 P:nvmxdizc V:168 H:336
01821A $18             CLC                             A:0C18 X:0C30 Y:CC88 S:1FC4 D:192B DB:01 P:nvmxdizc V:169 H:6  
01821B $69 $18 $00     ADC #$0018                      A:0C18 X:0C30 Y:CC88 S:1FC4 D:192B DB:01 P:nvmxdizc V:169 H:9  
01821E $85 $00         STA $00 [00192B] = $0C18        A:0C30 X:0C30 Y:CC88 S:1FC4 D:192B DB:01 P:nvmxdizc V:169 H:15 
018220 $A5 $02         LDA $02 [00192D] = $CC68        A:0C30 X:0C30 Y:CC88 S:1FC4 D:192B DB:01 P:nvmxdizc V:169 H:25 
018222 $18             CLC                             A:CC68 X:0C30 Y:CC88 S:1FC4 D:192B DB:01 P:Nvmxdizc V:169 H:34 
018223 $69 $20 $00     ADC #$0020                      A:CC68 X:0C30 Y:CC88 S:1FC4 D:192B DB:01 P:Nvmxdizc V:169 H:38 
018226 $85 $02         STA $02 [00192D] = $CC68        A:CC88 X:0C30 Y:CC88 S:1FC4 D:192B DB:01 P:Nvmxdizc V:169 H:44 
018228 $C6 $06         DEC $06 [001931] = $000B        A:CC88 X:0C30 Y:CC88 S:1FC4 D:192B DB:01 P:Nvmxdizc V:169 H:53 
01822A $D0 $E9         BNE $018215                     A:CC88 X:0C30 Y:CC88 S:1FC4 D:192B DB:01 P:nvmxdizc V:169 H:68 
018215 $20 $2E $82     JSR $822E [01822E] = $088B      A:CC88 X:0C30 Y:CC88 S:1FC4 D:192B DB:01 P:nvmxdizc V:169 H:74 
01822E $8B             PHB                             A:CC88 X:0C30 Y:CC88 S:1FC2 D:192B DB:01 P:nvmxdizc V:169 H:85 
01822F $08             PHP                             A:CC88 X:0C30 Y:CC88 S:1FC1 D:192B DB:01 P:nvmxdizc V:169 H:91 
018230 $C2 $30         REP #$30                        A:CC88 X:0C30 Y:CC88 S:1FC0 D:192B DB:01 P:nvmxdizc V:169 H:96 
018232 $8B             PHB                             A:CC88 X:0C30 Y:CC88 S:1FC0 D:192B DB:01 P:nvmxdizc V:169 H:102
018233 $AD $2B $19     LDA $192B [01192B] = $0C30      A:CC88 X:0C30 Y:CC88 S:1FBF D:192B DB:01 P:nvmxdizc V:169 H:107
018236 $18             CLC                             A:0C30 X:0C30 Y:CC88 S:1FBF D:192B DB:01 P:nvmxdizc V:169 H:117
018237 $69 $20 $CA     ADC #$CA20                      A:0C30 X:0C30 Y:CC88 S:1FBF D:192B DB:01 P:nvmxdizc V:169 H:121
01823A $AA             TAX                             A:D650 X:0C30 Y:CC88 S:1FBF D:192B DB:01 P:Nvmxdizc V:169 H:127
01823B $AC $2D $19     LDY $192D [01192D] = $CC88      A:D650 X:D650 Y:CC88 S:1FBF D:192B DB:01 P:Nvmxdizc V:169 H:130
01823E $A9 $0F $00     LDA #$000F                      A:D650 X:D650 Y:CC88 S:1FBF D:192B DB:01 P:Nvmxdizc V:169 H:150
018241 $54 $7F $04     MVN $04 -> $7F                  A:000F X:D650 Y:CC88 S:1FBF D:192B DB:01 P:nvmxdizc V:169 H:156
018241 $54 $7F $04     MVN $04 -> $7F                  A:000E X:D651 Y:CC89 S:1FBF D:192B DB:7F P:nvmxdizc V:169 H:169
018241 $54 $7F $04     MVN $04 -> $7F                  A:000D X:D652 Y:CC8A S:1FBF D:192B DB:7F P:nvmxdizc V:169 H:182
018241 $54 $7F $04     MVN $04 -> $7F                  A:000C X:D653 Y:CC8B S:1FBF D:192B DB:7F P:nvmxdizc V:169 H:195
018241 $54 $7F $04     MVN $04 -> $7F                  A:000B X:D654 Y:CC8C S:1FBF D:192B DB:7F P:nvmxdizc V:169 H:208
018241 $54 $7F $04     MVN $04 -> $7F                  A:000A X:D655 Y:CC8D S:1FBF D:192B DB:7F P:nvmxdizc V:169 H:221
018241 $54 $7F $04     MVN $04 -> $7F                  A:0009 X:D656 Y:CC8E S:1FBF D:192B DB:7F P:nvmxdizc V:169 H:234
018241 $54 $7F $04     MVN $04 -> $7F                  A:0008 X:D657 Y:CC8F S:1FBF D:192B DB:7F P:nvmxdizc V:169 H:247
018241 $54 $7F $04     MVN $04 -> $7F                  A:0007 X:D658 Y:CC90 S:1FBF D:192B DB:7F P:nvmxdizc V:169 H:260
018241 $54 $7F $04     MVN $04 -> $7F                  A:0006 X:D659 Y:CC91 S:1FBF D:192B DB:7F P:nvmxdizc V:169 H:273
018241 $54 $7F $04     MVN $04 -> $7F                  A:0005 X:D65A Y:CC92 S:1FBF D:192B DB:7F P:nvmxdizc V:169 H:298
018241 $54 $7F $04     MVN $04 -> $7F                  A:0004 X:D65B Y:CC93 S:1FBF D:192B DB:7F P:nvmxdizc V:169 H:311
018241 $54 $7F $04     MVN $04 -> $7F                  A:0003 X:D65C Y:CC94 S:1FBF D:192B DB:7F P:nvmxdizc V:169 H:324
018241 $54 $7F $04     MVN $04 -> $7F                  A:0002 X:D65D Y:CC95 S:1FBF D:192B DB:7F P:nvmxdizc V:169 H:336
018241 $54 $7F $04     MVN $04 -> $7F                  A:0001 X:D65E Y:CC96 S:1FBF D:192B DB:7F P:nvmxdizc V:170 H:9  
018241 $54 $7F $04     MVN $04 -> $7F                  A:0000 X:D65F Y:CC97 S:1FBF D:192B DB:7F P:nvmxdizc V:170 H:22 
018244 $AB             PLB                             A:FFFF X:D660 Y:CC98 S:1FBF D:192B DB:7F P:nvmxdizc V:170 H:35 
018245 $8A             TXA                             A:FFFF X:D660 Y:CC98 S:1FC0 D:192B DB:01 P:nvmxdizc V:170 H:42 
018246 $38             SEC                             A:D660 X:D660 Y:CC98 S:1FC0 D:192B DB:01 P:Nvmxdizc V:170 H:46 
018247 $E9 $20 $CA     SBC #$CA20                      A:D660 X:D660 Y:CC98 S:1FC0 D:192B DB:01 P:NvmxdizC V:170 H:49 
01824A $AA             TAX                             A:0C40 X:D660 Y:CC98 S:1FC0 D:192B DB:01 P:nvmxdizC V:170 H:55 
01824B $E2 $20         SEP #$20                        A:0C40 X:0C40 Y:CC98 S:1FC0 D:192B DB:01 P:nvmxdizC V:170 H:59 
01824D $C2 $10         REP #$10                        A:0C40 X:0C40 Y:CC98 S:1FC0 D:192B DB:01 P:nvMxdizC V:170 H:64 
01824F $F4 $7F $00     PEA #$007F                      A:0C40 X:0C40 Y:CC98 S:1FC0 D:192B DB:01 P:nvMxdizC V:170 H:70 
018252 $AB             PLB                             A:0C40 X:0C40 Y:CC98 S:1FBE D:192B DB:01 P:nvMxdizC V:170 H:80 
018253 $68             PLA                             A:0C40 X:0C40 Y:CC98 S:1FBF D:192B DB:7F P:nvMxdizC V:170 H:87 
018254 $EB             XBA                             A:0C00 X:0C40 Y:CC98 S:1FC0 D:192B DB:7F P:nvMxdiZC V:170 H:94 
018255 $A9 $08         LDA #$08                        A:000C X:0C40 Y:CC98 S:1FC0 D:192B DB:7F P:nvMxdizC V:170 H:99 
018257 $8D $33 $19     STA $1933 [7F1933] = $00        A:0008 X:0C40 Y:CC98 S:1FC0 D:192B DB:7F P:nvMxdizC V:170 H:103
01825A $BF $20 $CA $04 LDA $04CA20,X [04D660] = $04    A:0008 X:0C40 Y:CC98 S:1FC0 D:192B DB:7F P:nvMxdizC V:170 H:111
01825E $E8             INX                             A:0004 X:0C40 Y:CC98 S:1FC0 D:192B DB:7F P:nvMxdizC V:170 H:121
01825F $99 $00 $00     STA $0000,Y [7FCC98] = $04      A:0004 X:0C41 Y:CC98 S:1FC0 D:192B DB:7F P:nvMxdizC V:170 H:124
018262 $C8             INY                             A:0004 X:0C41 Y:CC98 S:1FC0 D:192B DB:7F P:nvMxdizC V:170 H:144
018263 $A9 $00         LDA #$00                        A:0004 X:0C41 Y:CC99 S:1FC0 D:192B DB:7F P:NvMxdizC V:170 H:147
018265 $99 $00 $00     STA $0000,Y [7FCC99] = $00      A:0000 X:0C41 Y:CC99 S:1FC0 D:192B DB:7F P:nvMxdiZC V:170 H:151
018268 $C8             INY                             A:0000 X:0C41 Y:CC99 S:1FC0 D:192B DB:7F P:nvMxdiZC V:170 H:161
018269 $CE $33 $19     DEC $1933 [7F1933] = $08        A:0000 X:0C41 Y:CC9A S:1FC0 D:192B DB:7F P:NvMxdizC V:170 H:164
01826C $D0 $EC         BNE $01825A                     A:0000 X:0C41 Y:CC9A S:1FC0 D:192B DB:7F P:nvMxdizC V:170 H:176
01825A $BF $20 $CA $04 LDA $04CA20,X [04D661] = $09    A:0000 X:0C41 Y:CC9A S:1FC0 D:192B DB:7F P:nvMxdizC V:170 H:181
01825E $E8             INX                             A:0009 X:0C41 Y:CC9A S:1FC0 D:192B DB:7F P:nvMxdizC V:170 H:191
01825F $99 $00 $00     STA $0000,Y [7FCC9A] = $09      A:0009 X:0C42 Y:CC9A S:1FC0 D:192B DB:7F P:nvMxdizC V:170 H:195
018262 $C8             INY                             A:0009 X:0C42 Y:CC9A S:1FC0 D:192B DB:7F P:nvMxdizC V:170 H:204
018263 $A9 $00         LDA #$00                        A:0009 X:0C42 Y:CC9B S:1FC0 D:192B DB:7F P:NvMxdizC V:170 H:208
018265 $99 $00 $00     STA $0000,Y [7FCC9B] = $00      A:0000 X:0C42 Y:CC9B S:1FC0 D:192B DB:7F P:nvMxdiZC V:170 H:212
018268 $C8             INY                             A:0000 X:0C42 Y:CC9B S:1FC0 D:192B DB:7F P:nvMxdiZC V:170 H:221
018269 $CE $33 $19     DEC $1933 [7F1933] = $07        A:0000 X:0C42 Y:CC9C S:1FC0 D:192B DB:7F P:NvMxdizC V:170 H:225
01826C $D0 $EC         BNE $01825A                     A:0000 X:0C42 Y:CC9C S:1FC0 D:192B DB:7F P:nvMxdizC V:170 H:236
01825A $BF $20 $CA $04 LDA $04CA20,X [04D662] = $09    A:0000 X:0C42 Y:CC9C S:1FC0 D:192B DB:7F P:nvMxdizC V:170 H:242
01825E $E8             INX                             A:0009 X:0C42 Y:CC9C S:1FC0 D:192B DB:7F P:nvMxdizC V:170 H:252
01825F $99 $00 $00     STA $0000,Y [7FCC9C] = $09      A:0009 X:0C43 Y:CC9C S:1FC0 D:192B DB:7F P:nvMxdizC V:170 H:255
018262 $C8             INY                             A:0009 X:0C43 Y:CC9C S:1FC0 D:192B DB:7F P:nvMxdizC V:170 H:265
018263 $A9 $00         LDA #$00                        A:0009 X:0C43 Y:CC9D S:1FC0 D:192B DB:7F P:NvMxdizC V:170 H:268
018265 $99 $00 $00     STA $0000,Y [7FCC9D] = $00      A:0000 X:0C43 Y:CC9D S:1FC0 D:192B DB:7F P:nvMxdiZC V:170 H:272
018268 $C8             INY                             A:0000 X:0C43 Y:CC9D S:1FC0 D:192B DB:7F P:nvMxdiZC V:170 H:294
018269 $CE $33 $19     DEC $1933 [7F1933] = $06        A:0000 X:0C43 Y:CC9E S:1FC0 D:192B DB:7F P:NvMxdizC V:170 H:297
01826C $D0 $EC         BNE $01825A                     A:0000 X:0C43 Y:CC9E S:1FC0 D:192B DB:7F P:nvMxdizC V:170 H:309
01825A $BF $20 $CA $04 LDA $04CA20,X [04D663] = $0F    A:0000 X:0C43 Y:CC9E S:1FC0 D:192B DB:7F P:nvMxdizC V:170 H:314
01825E $E8             INX                             A:000F X:0C43 Y:CC9E S:1FC0 D:192B DB:7F P:nvMxdizC V:170 H:324
01825F $99 $00 $00     STA $0000,Y [7FCC9E] = $0F      A:000F X:0C44 Y:CC9E S:1FC0 D:192B DB:7F P:nvMxdizC V:170 H:327
018262 $C8             INY                             A:000F X:0C44 Y:CC9E S:1FC0 D:192B DB:7F P:nvMxdizC V:170 H:336
018263 $A9 $00         LDA #$00                        A:000F X:0C44 Y:CC9F S:1FC0 D:192B DB:7F P:NvMxdizC V:171 H:0  
018265 $99 $00 $00     STA $0000,Y [7FCC9F] = $00      A:0000 X:0C44 Y:CC9F S:1FC0 D:192B DB:7F P:nvMxdiZC V:171 H:4  
018268 $C8             INY                             A:0000 X:0C44 Y:CC9F S:1FC0 D:192B DB:7F P:nvMxdiZC V:171 H:13 
018269 $CE $33 $19     DEC $1933 [7F1933] = $05        A:0000 X:0C44 Y:CCA0 S:1FC0 D:192B DB:7F P:NvMxdizC V:171 H:17 
01826C $D0 $EC         BNE $01825A                     A:0000 X:0C44 Y:CCA0 S:1FC0 D:192B DB:7F P:nvMxdizC V:171 H:28 
01825A $BF $20 $CA $04 LDA $04CA20,X [04D664] = $09    A:0000 X:0C44 Y:CCA0 S:1FC0 D:192B DB:7F P:nvMxdizC V:171 H:34 
01825E $E8             INX                             A:0009 X:0C44 Y:CCA0 S:1FC0 D:192B DB:7F P:nvMxdizC V:171 H:44 
01825F $99 $00 $00     STA $0000,Y [7FCCA0] = $09      A:0009 X:0C45 Y:CCA0 S:1FC0 D:192B DB:7F P:nvMxdizC V:171 H:47 
018262 $C8             INY                             A:0009 X:0C45 Y:CCA0 S:1FC0 D:192B DB:7F P:nvMxdizC V:171 H:57 
018263 $A9 $00         LDA #$00                        A:0009 X:0C45 Y:CCA1 S:1FC0 D:192B DB:7F P:NvMxdizC V:171 H:60 
018265 $99 $00 $00     STA $0000,Y [7FCCA1] = $00      A:0000 X:0C45 Y:CCA1 S:1FC0 D:192B DB:7F P:nvMxdiZC V:171 H:64 
018268 $C8             INY                             A:0000 X:0C45 Y:CCA1 S:1FC0 D:192B DB:7F P:nvMxdiZC V:171 H:74 
018269 $CE $33 $19     DEC $1933 [7F1933] = $04        A:0000 X:0C45 Y:CCA2 S:1FC0 D:192B DB:7F P:NvMxdizC V:171 H:77 
01826C $D0 $EC         BNE $01825A                     A:0000 X:0C45 Y:CCA2 S:1FC0 D:192B DB:7F P:nvMxdizC V:171 H:89 
01825A $BF $20 $CA $04 LDA $04CA20,X [04D665] = $04    A:0000 X:0C45 Y:CCA2 S:1FC0 D:192B DB:7F P:nvMxdizC V:171 H:94 
01825E $E8             INX                             A:0004 X:0C45 Y:CCA2 S:1FC0 D:192B DB:7F P:nvMxdizC V:171 H:104
01825F $99 $00 $00     STA $0000,Y [7FCCA2] = $04      A:0004 X:0C46 Y:CCA2 S:1FC0 D:192B DB:7F P:nvMxdizC V:171 H:108
018262 $C8             INY                             A:0004 X:0C46 Y:CCA2 S:1FC0 D:192B DB:7F P:nvMxdizC V:171 H:117
018263 $A9 $00         LDA #$00                        A:0004 X:0C46 Y:CCA3 S:1FC0 D:192B DB:7F P:NvMxdizC V:171 H:121
018265 $99 $00 $00     STA $0000,Y [7FCCA3] = $00      A:0000 X:0C46 Y:CCA3 S:1FC0 D:192B DB:7F P:nvMxdiZC V:171 H:125
018268 $C8             INY                             A:0000 X:0C46 Y:CCA3 S:1FC0 D:192B DB:7F P:nvMxdiZC V:171 H:144
018269 $CE $33 $19     DEC $1933 [7F1933] = $03        A:0000 X:0C46 Y:CCA4 S:1FC0 D:192B DB:7F P:NvMxdizC V:171 H:148
01826C $D0 $EC         BNE $01825A                     A:0000 X:0C46 Y:CCA4 S:1FC0 D:192B DB:7F P:nvMxdizC V:171 H:159
01825A $BF $20 $CA $04 LDA $04CA20,X [04D666] = $01    A:0000 X:0C46 Y:CCA4 S:1FC0 D:192B DB:7F P:nvMxdizC V:171 H:165
01825E $E8             INX                             A:0001 X:0C46 Y:CCA4 S:1FC0 D:192B DB:7F P:nvMxdizC V:171 H:175
01825F $99 $00 $00     STA $0000,Y [7FCCA4] = $01      A:0001 X:0C47 Y:CCA4 S:1FC0 D:192B DB:7F P:nvMxdizC V:171 H:178
018262 $C8             INY                             A:0001 X:0C47 Y:CCA4 S:1FC0 D:192B DB:7F P:nvMxdizC V:171 H:188
018263 $A9 $00         LDA #$00                        A:0001 X:0C47 Y:CCA5 S:1FC0 D:192B DB:7F P:NvMxdizC V:171 H:191
018265 $99 $00 $00     STA $0000,Y [7FCCA5] = $00      A:0000 X:0C47 Y:CCA5 S:1FC0 D:192B DB:7F P:nvMxdiZC V:171 H:195
018268 $C8             INY                             A:0000 X:0C47 Y:CCA5 S:1FC0 D:192B DB:7F P:nvMxdiZC V:171 H:205
018269 $CE $33 $19     DEC $1933 [7F1933] = $02        A:0000 X:0C47 Y:CCA6 S:1FC0 D:192B DB:7F P:NvMxdizC V:171 H:208
01826C $D0 $EC         BNE $01825A                     A:0000 X:0C47 Y:CCA6 S:1FC0 D:192B DB:7F P:nvMxdizC V:171 H:220
01825A $BF $20 $CA $04 LDA $04CA20,X [04D667] = $00    A:0000 X:0C47 Y:CCA6 S:1FC0 D:192B DB:7F P:nvMxdizC V:171 H:225
01825E $E8             INX                             A:0000 X:0C47 Y:CCA6 S:1FC0 D:192B DB:7F P:nvMxdiZC V:171 H:235
01825F $99 $00 $00     STA $0000,Y [7FCCA6] = $00      A:0000 X:0C48 Y:CCA6 S:1FC0 D:192B DB:7F P:nvMxdizC V:171 H:239
018262 $C8             INY                             A:0000 X:0C48 Y:CCA6 S:1FC0 D:192B DB:7F P:nvMxdizC V:171 H:248
018263 $A9 $00         LDA #$00                        A:0000 X:0C48 Y:CCA7 S:1FC0 D:192B DB:7F P:NvMxdizC V:171 H:252
018265 $99 $00 $00     STA $0000,Y [7FCCA7] = $00      A:0000 X:0C48 Y:CCA7 S:1FC0 D:192B DB:7F P:nvMxdiZC V:171 H:256
018268 $C8             INY                             A:0000 X:0C48 Y:CCA7 S:1FC0 D:192B DB:7F P:nvMxdiZC V:171 H:265
018269 $CE $33 $19     DEC $1933 [7F1933] = $01        A:0000 X:0C48 Y:CCA8 S:1FC0 D:192B DB:7F P:NvMxdizC V:171 H:269
01826C $D0 $EC         BNE $01825A                     A:0000 X:0C48 Y:CCA8 S:1FC0 D:192B DB:7F P:nvMxdiZC V:171 H:294
01826E $28             PLP                             A:0000 X:0C48 Y:CCA8 S:1FC0 D:192B DB:7F P:nvMxdiZC V:171 H:298
01826F $AB             PLB                             A:0000 X:0C48 Y:CCA8 S:1FC1 D:192B DB:7F P:nvmxdizc V:171 H:305
018270 $60             RTS                             A:0000 X:0C48 Y:CCA8 S:1FC2 D:192B DB:01 P:nvmxdizc V:171 H:312
018218 $A5 $00         LDA $00 [00192B] = $0C30        A:0000 X:0C48 Y:CCA8 S:1FC4 D:192B DB:01 P:nvmxdizc V:171 H:322
01821A $18             CLC                             A:0C30 X:0C48 Y:CCA8 S:1FC4 D:192B DB:01 P:nvmxdizc V:171 H:331
01821B $69 $18 $00     ADC #$0018                      A:0C30 X:0C48 Y:CCA8 S:1FC4 D:192B DB:01 P:nvmxdizc V:171 H:334
01821E $85 $00         STA $00 [00192B] = $0C30        A:0C48 X:0C48 Y:CCA8 S:1FC4 D:192B DB:01 P:nvmxdizc V:172 H:0  
018220 $A5 $02         LDA $02 [00192D] = $CC88        A:0C48 X:0C48 Y:CCA8 S:1FC4 D:192B DB:01 P:nvmxdizc V:172 H:10 
018222 $18             CLC                             A:CC88 X:0C48 Y:CCA8 S:1FC4 D:192B DB:01 P:Nvmxdizc V:172 H:19 
018223 $69 $20 $00     ADC #$0020                      A:CC88 X:0C48 Y:CCA8 S:1FC4 D:192B DB:01 P:Nvmxdizc V:172 H:23 
018226 $85 $02         STA $02 [00192D] = $CC88        A:CCA8 X:0C48 Y:CCA8 S:1FC4 D:192B DB:01 P:Nvmxdizc V:172 H:29 
018228 $C6 $06         DEC $06 [001931] = $000A        A:CCA8 X:0C48 Y:CCA8 S:1FC4 D:192B DB:01 P:Nvmxdizc V:172 H:38 
01822A $D0 $E9         BNE $018215                     A:CCA8 X:0C48 Y:CCA8 S:1FC4 D:192B DB:01 P:nvmxdizc V:172 H:53 
018215 $20 $2E $82     JSR $822E [01822E] = $088B      A:CCA8 X:0C48 Y:CCA8 S:1FC4 D:192B DB:01 P:nvmxdizc V:172 H:59 
01822E $8B             PHB                             A:CCA8 X:0C48 Y:CCA8 S:1FC2 D:192B DB:01 P:nvmxdizc V:172 H:70 
01822F $08             PHP                             A:CCA8 X:0C48 Y:CCA8 S:1FC1 D:192B DB:01 P:nvmxdizc V:172 H:76 
018230 $C2 $30         REP #$30                        A:CCA8 X:0C48 Y:CCA8 S:1FC0 D:192B DB:01 P:nvmxdizc V:172 H:81 
018232 $8B             PHB                             A:CCA8 X:0C48 Y:CCA8 S:1FC0 D:192B DB:01 P:nvmxdizc V:172 H:87 
018233 $AD $2B $19     LDA $192B [01192B] = $0C48      A:CCA8 X:0C48 Y:CCA8 S:1FBF D:192B DB:01 P:nvmxdizc V:172 H:92 
018236 $18             CLC                             A:0C48 X:0C48 Y:CCA8 S:1FBF D:192B DB:01 P:nvmxdizc V:172 H:102
018237 $69 $20 $CA     ADC #$CA20                      A:0C48 X:0C48 Y:CCA8 S:1FBF D:192B DB:01 P:nvmxdizc V:172 H:106
01823A $AA             TAX                             A:D668 X:0C48 Y:CCA8 S:1FBF D:192B DB:01 P:Nvmxdizc V:172 H:112
01823B $AC $2D $19     LDY $192D [01192D] = $CCA8      A:D668 X:D668 Y:CCA8 S:1FBF D:192B DB:01 P:Nvmxdizc V:172 H:115
01823E $A9 $0F $00     LDA #$000F                      A:D668 X:D668 Y:CCA8 S:1FBF D:192B DB:01 P:Nvmxdizc V:172 H:125
018241 $54 $7F $04     MVN $04 -> $7F                  A:000F X:D668 Y:CCA8 S:1FBF D:192B DB:01 P:nvmxdizc V:172 H:131
018241 $54 $7F $04     MVN $04 -> $7F                  A:000E X:D669 Y:CCA9 S:1FBF D:192B DB:7F P:nvmxdizc V:172 H:154
018241 $54 $7F $04     MVN $04 -> $7F                  A:000D X:D66A Y:CCAA S:1FBF D:192B DB:7F P:nvmxdizc V:172 H:167
018241 $54 $7F $04     MVN $04 -> $7F                  A:000C X:D66B Y:CCAB S:1FBF D:192B DB:7F P:nvmxdizc V:172 H:180
018241 $54 $7F $04     MVN $04 -> $7F                  A:000B X:D66C Y:CCAC S:1FBF D:192B DB:7F P:nvmxdizc V:172 H:193
018241 $54 $7F $04     MVN $04 -> $7F                  A:000A X:D66D Y:CCAD S:1FBF D:192B DB:7F P:nvmxdizc V:172 H:206
018241 $54 $7F $04     MVN $04 -> $7F                  A:0009 X:D66E Y:CCAE S:1FBF D:192B DB:7F P:nvmxdizc V:172 H:219
018241 $54 $7F $04     MVN $04 -> $7F                  A:0008 X:D66F Y:CCAF S:1FBF D:192B DB:7F P:nvmxdizc V:172 H:232
018241 $54 $7F $04     MVN $04 -> $7F                  A:0007 X:D670 Y:CCB0 S:1FBF D:192B DB:7F P:nvmxdizc V:172 H:245
018241 $54 $7F $04     MVN $04 -> $7F                  A:0006 X:D671 Y:CCB1 S:1FBF D:192B DB:7F P:nvmxdizc V:172 H:258
018241 $54 $7F $04     MVN $04 -> $7F                  A:0005 X:D672 Y:CCB2 S:1FBF D:192B DB:7F P:nvmxdizc V:172 H:271
018241 $54 $7F $04     MVN $04 -> $7F                  A:0004 X:D673 Y:CCB3 S:1FBF D:192B DB:7F P:nvmxdizc V:172 H:296
018241 $54 $7F $04     MVN $04 -> $7F                  A:0003 X:D674 Y:CCB4 S:1FBF D:192B DB:7F P:nvmxdizc V:172 H:309
018241 $54 $7F $04     MVN $04 -> $7F                  A:0002 X:D675 Y:CCB5 S:1FBF D:192B DB:7F P:nvmxdizc V:172 H:322
018241 $54 $7F $04     MVN $04 -> $7F                  A:0001 X:D676 Y:CCB6 S:1FBF D:192B DB:7F P:nvmxdizc V:172 H:334
018241 $54 $7F $04     MVN $04 -> $7F                  A:0000 X:D677 Y:CCB7 S:1FBF D:192B DB:7F P:nvmxdizc V:173 H:7  
018244 $AB             PLB                             A:FFFF X:D678 Y:CCB8 S:1FBF D:192B DB:7F P:nvmxdizc V:173 H:20 
018245 $8A             TXA                             A:FFFF X:D678 Y:CCB8 S:1FC0 D:192B DB:01 P:nvmxdizc V:173 H:27 
018246 $38             SEC                             A:D678 X:D678 Y:CCB8 S:1FC0 D:192B DB:01 P:Nvmxdizc V:173 H:31 
018247 $E9 $20 $CA     SBC #$CA20                      A:D678 X:D678 Y:CCB8 S:1FC0 D:192B DB:01 P:NvmxdizC V:173 H:34 
01824A $AA             TAX                             A:0C58 X:D678 Y:CCB8 S:1FC0 D:192B DB:01 P:nvmxdizC V:173 H:40 
01824B $E2 $20         SEP #$20                        A:0C58 X:0C58 Y:CCB8 S:1FC0 D:192B DB:01 P:nvmxdizC V:173 H:44 
01824D $C2 $10         REP #$10                        A:0C58 X:0C58 Y:CCB8 S:1FC0 D:192B DB:01 P:nvMxdizC V:173 H:49 
01824F $F4 $7F $00     PEA #$007F                      A:0C58 X:0C58 Y:CCB8 S:1FC0 D:192B DB:01 P:nvMxdizC V:173 H:55 
018252 $AB             PLB                             A:0C58 X:0C58 Y:CCB8 S:1FBE D:192B DB:01 P:nvMxdizC V:173 H:65 
018253 $68             PLA                             A:0C58 X:0C58 Y:CCB8 S:1FBF D:192B DB:7F P:nvMxdizC V:173 H:72 
018254 $EB             XBA                             A:0C00 X:0C58 Y:CCB8 S:1FC0 D:192B DB:7F P:nvMxdiZC V:173 H:79 
018255 $A9 $08         LDA #$08                        A:000C X:0C58 Y:CCB8 S:1FC0 D:192B DB:7F P:nvMxdizC V:173 H:84 
018257 $8D $33 $19     STA $1933 [7F1933] = $00        A:0008 X:0C58 Y:CCB8 S:1FC0 D:192B DB:7F P:nvMxdizC V:173 H:88 
01825A $BF $20 $CA $04 LDA $04CA20,X [04D678] = $E0    A:0008 X:0C58 Y:CCB8 S:1FC0 D:192B DB:7F P:nvMxdizC V:173 H:96 
01825E $E8             INX                             A:00E0 X:0C58 Y:CCB8 S:1FC0 D:192B DB:7F P:NvMxdizC V:173 H:106
01825F $99 $00 $00     STA $0000,Y [7FCCB8] = $E0      A:00E0 X:0C59 Y:CCB8 S:1FC0 D:192B DB:7F P:nvMxdizC V:173 H:109
018262 $C8             INY                             A:00E0 X:0C59 Y:CCB8 S:1FC0 D:192B DB:7F P:nvMxdizC V:173 H:119
018263 $A9 $00         LDA #$00                        A:00E0 X:0C59 Y:CCB9 S:1FC0 D:192B DB:7F P:NvMxdizC V:173 H:122
018265 $99 $00 $00     STA $0000,Y [7FCCB9] = $00      A:0000 X:0C59 Y:CCB9 S:1FC0 D:192B DB:7F P:nvMxdiZC V:173 H:126
018268 $C8             INY                             A:0000 X:0C59 Y:CCB9 S:1FC0 D:192B DB:7F P:nvMxdiZC V:173 H:146
018269 $CE $33 $19     DEC $1933 [7F1933] = $08        A:0000 X:0C59 Y:CCBA S:1FC0 D:192B DB:7F P:NvMxdizC V:173 H:149
01826C $D0 $EC         BNE $01825A                     A:0000 X:0C59 Y:CCBA S:1FC0 D:192B DB:7F P:nvMxdizC V:173 H:161
01825A $BF $20 $CA $04 LDA $04CA20,X [04D679] = $F0    A:0000 X:0C59 Y:CCBA S:1FC0 D:192B DB:7F P:nvMxdizC V:173 H:166
01825E $E8             INX                             A:00F0 X:0C59 Y:CCBA S:1FC0 D:192B DB:7F P:NvMxdizC V:173 H:176
01825F $99 $00 $00     STA $0000,Y [7FCCBA] = $F0      A:00F0 X:0C5A Y:CCBA S:1FC0 D:192B DB:7F P:nvMxdizC V:173 H:180
018262 $C8             INY                             A:00F0 X:0C5A Y:CCBA S:1FC0 D:192B DB:7F P:nvMxdizC V:173 H:189
018263 $A9 $00         LDA #$00                        A:00F0 X:0C5A Y:CCBB S:1FC0 D:192B DB:7F P:NvMxdizC V:173 H:193
018265 $99 $00 $00     STA $0000,Y [7FCCBB] = $00      A:0000 X:0C5A Y:CCBB S:1FC0 D:192B DB:7F P:nvMxdiZC V:173 H:197
018268 $C8             INY                             A:0000 X:0C5A Y:CCBB S:1FC0 D:192B DB:7F P:nvMxdiZC V:173 H:206
018269 $CE $33 $19     DEC $1933 [7F1933] = $07        A:0000 X:0C5A Y:CCBC S:1FC0 D:192B DB:7F P:NvMxdizC V:173 H:210
01826C $D0 $EC         BNE $01825A                     A:0000 X:0C5A Y:CCBC S:1FC0 D:192B DB:7F P:nvMxdizC V:173 H:221
01825A $BF $20 $CA $04 LDA $04CA20,X [04D67A] = $F0    A:0000 X:0C5A Y:CCBC S:1FC0 D:192B DB:7F P:nvMxdizC V:173 H:227
01825E $E8             INX                             A:00F0 X:0C5A Y:CCBC S:1FC0 D:192B DB:7F P:NvMxdizC V:173 H:237
01825F $99 $00 $00     STA $0000,Y [7FCCBC] = $F0      A:00F0 X:0C5B Y:CCBC S:1FC0 D:192B DB:7F P:nvMxdizC V:173 H:240
018262 $C8             INY                             A:00F0 X:0C5B Y:CCBC S:1FC0 D:192B DB:7F P:nvMxdizC V:173 H:250
018263 $A9 $00         LDA #$00                        A:00F0 X:0C5B Y:CCBD S:1FC0 D:192B DB:7F P:NvMxdizC V:173 H:253
018265 $99 $00 $00     STA $0000,Y [7FCCBD] = $00      A:0000 X:0C5B Y:CCBD S:1FC0 D:192B DB:7F P:nvMxdiZC V:173 H:257
018268 $C8             INY                             A:0000 X:0C5B Y:CCBD S:1FC0 D:192B DB:7F P:nvMxdiZC V:173 H:267
018269 $CE $33 $19     DEC $1933 [7F1933] = $06        A:0000 X:0C5B Y:CCBE S:1FC0 D:192B DB:7F P:NvMxdizC V:173 H:270
01826C $D0 $EC         BNE $01825A                     A:0000 X:0C5B Y:CCBE S:1FC0 D:192B DB:7F P:nvMxdizC V:173 H:294
01825A $BF $20 $CA $04 LDA $04CA20,X [04D67B] = $F0    A:0000 X:0C5B Y:CCBE S:1FC0 D:192B DB:7F P:nvMxdizC V:173 H:299
01825E $E8             INX                             A:00F0 X:0C5B Y:CCBE S:1FC0 D:192B DB:7F P:NvMxdizC V:173 H:309
01825F $99 $00 $00     STA $0000,Y [7FCCBE] = $F0      A:00F0 X:0C5C Y:CCBE S:1FC0 D:192B DB:7F P:nvMxdizC V:173 H:313
018262 $C8             INY                             A:00F0 X:0C5C Y:CCBE S:1FC0 D:192B DB:7F P:nvMxdizC V:173 H:322
018263 $A9 $00         LDA #$00                        A:00F0 X:0C5C Y:CCBF S:1FC0 D:192B DB:7F P:NvMxdizC V:173 H:325
018265 $99 $00 $00     STA $0000,Y [7FCCBF] = $00      A:0000 X:0C5C Y:CCBF S:1FC0 D:192B DB:7F P:nvMxdiZC V:173 H:329
018268 $C8             INY                             A:0000 X:0C5C Y:CCBF S:1FC0 D:192B DB:7F P:nvMxdiZC V:173 H:338
018269 $CE $33 $19     DEC $1933 [7F1933] = $05        A:0000 X:0C5C Y:CCC0 S:1FC0 D:192B DB:7F P:NvMxdizC V:174 H:2  
01826C $D0 $EC         BNE $01825A                     A:0000 X:0C5C Y:CCC0 S:1FC0 D:192B DB:7F P:nvMxdizC V:174 H:13 
01825A $BF $20 $CA $04 LDA $04CA20,X [04D67C] = $F0    A:0000 X:0C5C Y:CCC0 S:1FC0 D:192B DB:7F P:nvMxdizC V:174 H:19 
01825E $E8             INX                             A:00F0 X:0C5C Y:CCC0 S:1FC0 D:192B DB:7F P:NvMxdizC V:174 H:29 
01825F $99 $00 $00     STA $0000,Y [7FCCC0] = $F0      A:00F0 X:0C5D Y:CCC0 S:1FC0 D:192B DB:7F P:nvMxdizC V:174 H:32 
018262 $C8             INY                             A:00F0 X:0C5D Y:CCC0 S:1FC0 D:192B DB:7F P:nvMxdizC V:174 H:42 
018263 $A9 $00         LDA #$00                        A:00F0 X:0C5D Y:CCC1 S:1FC0 D:192B DB:7F P:NvMxdizC V:174 H:45 
018265 $99 $00 $00     STA $0000,Y [7FCCC1] = $00      A:0000 X:0C5D Y:CCC1 S:1FC0 D:192B DB:7F P:nvMxdiZC V:174 H:49 
018268 $C8             INY                             A:0000 X:0C5D Y:CCC1 S:1FC0 D:192B DB:7F P:nvMxdiZC V:174 H:59 
018269 $CE $33 $19     DEC $1933 [7F1933] = $04        A:0000 X:0C5D Y:CCC2 S:1FC0 D:192B DB:7F P:NvMxdizC V:174 H:62 
01826C $D0 $EC         BNE $01825A                     A:0000 X:0C5D Y:CCC2 S:1FC0 D:192B DB:7F P:nvMxdizC V:174 H:74 
01825A $BF $20 $CA $04 LDA $04CA20,X [04D67D] = $E0    A:0000 X:0C5D Y:CCC2 S:1FC0 D:192B DB:7F P:nvMxdizC V:174 H:79 
01825E $E8             INX                             A:00E0 X:0C5D Y:CCC2 S:1FC0 D:192B DB:7F P:NvMxdizC V:174 H:89 
01825F $99 $00 $00     STA $0000,Y [7FCCC2] = $E0      A:00E0 X:0C5E Y:CCC2 S:1FC0 D:192B DB:7F P:nvMxdizC V:174 H:93 
018262 $C8             INY                             A:00E0 X:0C5E Y:CCC2 S:1FC0 D:192B DB:7F P:nvMxdizC V:174 H:102
018263 $A9 $00         LDA #$00                        A:00E0 X:0C5E Y:CCC3 S:1FC0 D:192B DB:7F P:NvMxdizC V:174 H:106
018265 $99 $00 $00     STA $0000,Y [7FCCC3] = $00      A:0000 X:0C5E Y:CCC3 S:1FC0 D:192B DB:7F P:nvMxdiZC V:174 H:110
018268 $C8             INY                             A:0000 X:0C5E Y:CCC3 S:1FC0 D:192B DB:7F P:nvMxdiZC V:174 H:119
018269 $CE $33 $19     DEC $1933 [7F1933] = $03        A:0000 X:0C5E Y:CCC4 S:1FC0 D:192B DB:7F P:NvMxdizC V:174 H:123
01826C $D0 $EC         BNE $01825A                     A:0000 X:0C5E Y:CCC4 S:1FC0 D:192B DB:7F P:nvMxdizC V:174 H:144
01825A $BF $20 $CA $04 LDA $04CA20,X [04D67E] = $C0    A:0000 X:0C5E Y:CCC4 S:1FC0 D:192B DB:7F P:nvMxdizC V:174 H:150
01825E $E8             INX                             A:00C0 X:0C5E Y:CCC4 S:1FC0 D:192B DB:7F P:NvMxdizC V:174 H:160
01825F $99 $00 $00     STA $0000,Y [7FCCC4] = $C0      A:00C0 X:0C5F Y:CCC4 S:1FC0 D:192B DB:7F P:nvMxdizC V:174 H:163
018262 $C8             INY                             A:00C0 X:0C5F Y:CCC4 S:1FC0 D:192B DB:7F P:nvMxdizC V:174 H:173
018263 $A9 $00         LDA #$00                        A:00C0 X:0C5F Y:CCC5 S:1FC0 D:192B DB:7F P:NvMxdizC V:174 H:176
018265 $99 $00 $00     STA $0000,Y [7FCCC5] = $00      A:0000 X:0C5F Y:CCC5 S:1FC0 D:192B DB:7F P:nvMxdiZC V:174 H:180
018268 $C8             INY                             A:0000 X:0C5F Y:CCC5 S:1FC0 D:192B DB:7F P:nvMxdiZC V:174 H:190
018269 $CE $33 $19     DEC $1933 [7F1933] = $02        A:0000 X:0C5F Y:CCC6 S:1FC0 D:192B DB:7F P:NvMxdizC V:174 H:193
01826C $D0 $EC         BNE $01825A                     A:0000 X:0C5F Y:CCC6 S:1FC0 D:192B DB:7F P:nvMxdizC V:174 H:205
01825A $BF $20 $CA $04 LDA $04CA20,X [04D67F] = $00    A:0000 X:0C5F Y:CCC6 S:1FC0 D:192B DB:7F P:nvMxdizC V:174 H:210
01825E $E8             INX                             A:0000 X:0C5F Y:CCC6 S:1FC0 D:192B DB:7F P:nvMxdiZC V:174 H:220
01825F $99 $00 $00     STA $0000,Y [7FCCC6] = $00      A:0000 X:0C60 Y:CCC6 S:1FC0 D:192B DB:7F P:nvMxdizC V:174 H:224
018262 $C8             INY                             A:0000 X:0C60 Y:CCC6 S:1FC0 D:192B DB:7F P:nvMxdizC V:174 H:233
018263 $A9 $00         LDA #$00                        A:0000 X:0C60 Y:CCC7 S:1FC0 D:192B DB:7F P:NvMxdizC V:174 H:237
018265 $99 $00 $00     STA $0000,Y [7FCCC7] = $00      A:0000 X:0C60 Y:CCC7 S:1FC0 D:192B DB:7F P:nvMxdiZC V:174 H:241
018268 $C8             INY                             A:0000 X:0C60 Y:CCC7 S:1FC0 D:192B DB:7F P:nvMxdiZC V:174 H:250
018269 $CE $33 $19     DEC $1933 [7F1933] = $01        A:0000 X:0C60 Y:CCC8 S:1FC0 D:192B DB:7F P:NvMxdizC V:174 H:254
01826C $D0 $EC         BNE $01825A                     A:0000 X:0C60 Y:CCC8 S:1FC0 D:192B DB:7F P:nvMxdiZC V:174 H:265
01826E $28             PLP                             A:0000 X:0C60 Y:CCC8 S:1FC0 D:192B DB:7F P:nvMxdiZC V:174 H:269
01826F $AB             PLB                             A:0000 X:0C60 Y:CCC8 S:1FC1 D:192B DB:7F P:nvmxdizc V:174 H:276
018270 $60             RTS                             A:0000 X:0C60 Y:CCC8 S:1FC2 D:192B DB:01 P:nvmxdizc V:174 H:295
018218 $A5 $00         LDA $00 [00192B] = $0C48        A:0000 X:0C60 Y:CCC8 S:1FC4 D:192B DB:01 P:nvmxdizc V:174 H:306
01821A $18             CLC                             A:0C48 X:0C60 Y:CCC8 S:1FC4 D:192B DB:01 P:nvmxdizc V:174 H:315
01821B $69 $18 $00     ADC #$0018                      A:0C48 X:0C60 Y:CCC8 S:1FC4 D:192B DB:01 P:nvmxdizc V:174 H:319
01821E $85 $00         STA $00 [00192B] = $0C48        A:0C60 X:0C60 Y:CCC8 S:1FC4 D:192B DB:01 P:nvmxdizc V:174 H:324
018220 $A5 $02         LDA $02 [00192D] = $CCA8        A:0C60 X:0C60 Y:CCC8 S:1FC4 D:192B DB:01 P:nvmxdizc V:174 H:333
018222 $18             CLC                             A:CCA8 X:0C60 Y:CCC8 S:1FC4 D:192B DB:01 P:Nvmxdizc V:175 H:3  
018223 $69 $20 $00     ADC #$0020                      A:CCA8 X:0C60 Y:CCC8 S:1FC4 D:192B DB:01 P:Nvmxdizc V:175 H:6  
018226 $85 $02         STA $02 [00192D] = $CCA8        A:CCC8 X:0C60 Y:CCC8 S:1FC4 D:192B DB:01 P:Nvmxdizc V:175 H:12 
018228 $C6 $06         DEC $06 [001931] = $0009        A:CCC8 X:0C60 Y:CCC8 S:1FC4 D:192B DB:01 P:Nvmxdizc V:175 H:22 
01822A $D0 $E9         BNE $018215                     A:CCC8 X:0C60 Y:CCC8 S:1FC4 D:192B DB:01 P:nvmxdizc V:175 H:37 
018215 $20 $2E $82     JSR $822E [01822E] = $088B      A:CCC8 X:0C60 Y:CCC8 S:1FC4 D:192B DB:01 P:nvmxdizc V:175 H:42 
01822E $8B             PHB                             A:CCC8 X:0C60 Y:CCC8 S:1FC2 D:192B DB:01 P:nvmxdizc V:175 H:54 
01822F $08             PHP                             A:CCC8 X:0C60 Y:CCC8 S:1FC1 D:192B DB:01 P:nvmxdizc V:175 H:59 
018230 $C2 $30         REP #$30                        A:CCC8 X:0C60 Y:CCC8 S:1FC0 D:192B DB:01 P:nvmxdizc V:175 H:65 
018232 $8B             PHB                             A:CCC8 X:0C60 Y:CCC8 S:1FC0 D:192B DB:01 P:nvmxdizc V:175 H:70 
018233 $AD $2B $19     LDA $192B [01192B] = $0C60      A:CCC8 X:0C60 Y:CCC8 S:1FBF D:192B DB:01 P:nvmxdizc V:175 H:76 
018236 $18             CLC                             A:0C60 X:0C60 Y:CCC8 S:1FBF D:192B DB:01 P:nvmxdizc V:175 H:86 
018237 $69 $20 $CA     ADC #$CA20                      A:0C60 X:0C60 Y:CCC8 S:1FBF D:192B DB:01 P:nvmxdizc V:175 H:89 
01823A $AA             TAX                             A:D680 X:0C60 Y:CCC8 S:1FBF D:192B DB:01 P:Nvmxdizc V:175 H:95 
01823B $AC $2D $19     LDY $192D [01192D] = $CCC8      A:D680 X:D680 Y:CCC8 S:1FBF D:192B DB:01 P:Nvmxdizc V:175 H:99 
01823E $A9 $0F $00     LDA #$000F                      A:D680 X:D680 Y:CCC8 S:1FBF D:192B DB:01 P:Nvmxdizc V:175 H:109
018241 $54 $7F $04     MVN $04 -> $7F                  A:000F X:D680 Y:CCC8 S:1FBF D:192B DB:01 P:nvmxdizc V:175 H:115
018241 $54 $7F $04     MVN $04 -> $7F                  A:000E X:D681 Y:CCC9 S:1FBF D:192B DB:7F P:nvmxdizc V:175 H:128
018241 $54 $7F $04     MVN $04 -> $7F                  A:000D X:D682 Y:CCCA S:1FBF D:192B DB:7F P:nvmxdizc V:175 H:151
018241 $54 $7F $04     MVN $04 -> $7F                  A:000C X:D683 Y:CCCB S:1FBF D:192B DB:7F P:nvmxdizc V:175 H:164
018241 $54 $7F $04     MVN $04 -> $7F                  A:000B X:D684 Y:CCCC S:1FBF D:192B DB:7F P:nvmxdizc V:175 H:177
018241 $54 $7F $04     MVN $04 -> $7F                  A:000A X:D685 Y:CCCD S:1FBF D:192B DB:7F P:nvmxdizc V:175 H:190
018241 $54 $7F $04     MVN $04 -> $7F                  A:0009 X:D686 Y:CCCE S:1FBF D:192B DB:7F P:nvmxdizc V:175 H:203
018241 $54 $7F $04     MVN $04 -> $7F                  A:0008 X:D687 Y:CCCF S:1FBF D:192B DB:7F P:nvmxdizc V:175 H:216
018241 $54 $7F $04     MVN $04 -> $7F                  A:0007 X:D688 Y:CCD0 S:1FBF D:192B DB:7F P:nvmxdizc V:175 H:229
018241 $54 $7F $04     MVN $04 -> $7F                  A:0006 X:D689 Y:CCD1 S:1FBF D:192B DB:7F P:nvmxdizc V:175 H:242
018241 $54 $7F $04     MVN $04 -> $7F                  A:0005 X:D68A Y:CCD2 S:1FBF D:192B DB:7F P:nvmxdizc V:175 H:255
018241 $54 $7F $04     MVN $04 -> $7F                  A:0004 X:D68B Y:CCD3 S:1FBF D:192B DB:7F P:nvmxdizc V:175 H:268
018241 $54 $7F $04     MVN $04 -> $7F                  A:0003 X:D68C Y:CCD4 S:1FBF D:192B DB:7F P:nvmxdizc V:175 H:293
018241 $54 $7F $04     MVN $04 -> $7F                  A:0002 X:D68D Y:CCD5 S:1FBF D:192B DB:7F P:nvmxdizc V:175 H:306
018241 $54 $7F $04     MVN $04 -> $7F                  A:0001 X:D68E Y:CCD6 S:1FBF D:192B DB:7F P:nvmxdizc V:175 H:319
018241 $54 $7F $04     MVN $04 -> $7F                  A:0000 X:D68F Y:CCD7 S:1FBF D:192B DB:7F P:nvmxdizc V:175 H:331
018244 $AB             PLB                             A:FFFF X:D690 Y:CCD8 S:1FBF D:192B DB:7F P:nvmxdizc V:176 H:4  
018245 $8A             TXA                             A:FFFF X:D690 Y:CCD8 S:1FC0 D:192B DB:01 P:nvmxdizc V:176 H:11 
018246 $38             SEC                             A:D690 X:D690 Y:CCD8 S:1FC0 D:192B DB:01 P:Nvmxdizc V:176 H:14 
018247 $E9 $20 $CA     SBC #$CA20                      A:D690 X:D690 Y:CCD8 S:1FC0 D:192B DB:01 P:NvmxdizC V:176 H:18 
01824A $AA             TAX                             A:0C70 X:D690 Y:CCD8 S:1FC0 D:192B DB:01 P:nvmxdizC V:176 H:24 
01824B $E2 $20         SEP #$20                        A:0C70 X:0C70 Y:CCD8 S:1FC0 D:192B DB:01 P:nvmxdizC V:176 H:27 
01824D $C2 $10         REP #$10                        A:0C70 X:0C70 Y:CCD8 S:1FC0 D:192B DB:01 P:nvMxdizC V:176 H:33 
01824F $F4 $7F $00     PEA #$007F                      A:0C70 X:0C70 Y:CCD8 S:1FC0 D:192B DB:01 P:nvMxdizC V:176 H:38 
018252 $AB             PLB                             A:0C70 X:0C70 Y:CCD8 S:1FBE D:192B DB:01 P:nvMxdizC V:176 H:48 
018253 $68             PLA                             A:0C70 X:0C70 Y:CCD8 S:1FBF D:192B DB:7F P:nvMxdizC V:176 H:55 
018254 $EB             XBA                             A:0C00 X:0C70 Y:CCD8 S:1FC0 D:192B DB:7F P:nvMxdiZC V:176 H:62 
018255 $A9 $08         LDA #$08                        A:000C X:0C70 Y:CCD8 S:1FC0 D:192B DB:7F P:nvMxdizC V:176 H:67 
018257 $8D $33 $19     STA $1933 [7F1933] = $00        A:0008 X:0C70 Y:CCD8 S:1FC0 D:192B DB:7F P:nvMxdizC V:176 H:71 
01825A $BF $20 $CA $04 LDA $04CA20,X [04D690] = $00    A:0008 X:0C70 Y:CCD8 S:1FC0 D:192B DB:7F P:nvMxdizC V:176 H:79 
01825E $E8             INX                             A:0000 X:0C70 Y:CCD8 S:1FC0 D:192B DB:7F P:nvMxdiZC V:176 H:89 
01825F $99 $00 $00     STA $0000,Y [7FCCD8] = $00      A:0000 X:0C71 Y:CCD8 S:1FC0 D:192B DB:7F P:nvMxdizC V:176 H:93 
018262 $C8             INY                             A:0000 X:0C71 Y:CCD8 S:1FC0 D:192B DB:7F P:nvMxdizC V:176 H:102
018263 $A9 $00         LDA #$00                        A:0000 X:0C71 Y:CCD9 S:1FC0 D:192B DB:7F P:NvMxdizC V:176 H:106
018265 $99 $00 $00     STA $0000,Y [7FCCD9] = $00      A:0000 X:0C71 Y:CCD9 S:1FC0 D:192B DB:7F P:nvMxdiZC V:176 H:110
018268 $C8             INY                             A:0000 X:0C71 Y:CCD9 S:1FC0 D:192B DB:7F P:nvMxdiZC V:176 H:119
018269 $CE $33 $19     DEC $1933 [7F1933] = $08        A:0000 X:0C71 Y:CCDA S:1FC0 D:192B DB:7F P:NvMxdizC V:176 H:123
01826C $D0 $EC         BNE $01825A                     A:0000 X:0C71 Y:CCDA S:1FC0 D:192B DB:7F P:nvMxdizC V:176 H:144
01825A $BF $20 $CA $04 LDA $04CA20,X [04D691] = $00    A:0000 X:0C71 Y:CCDA S:1FC0 D:192B DB:7F P:nvMxdizC V:176 H:150
01825E $E8             INX                             A:0000 X:0C71 Y:CCDA S:1FC0 D:192B DB:7F P:nvMxdiZC V:176 H:160
01825F $99 $00 $00     STA $0000,Y [7FCCDA] = $00      A:0000 X:0C72 Y:CCDA S:1FC0 D:192B DB:7F P:nvMxdizC V:176 H:163
018262 $C8             INY                             A:0000 X:0C72 Y:CCDA S:1FC0 D:192B DB:7F P:nvMxdizC V:176 H:173
018263 $A9 $00         LDA #$00                        A:0000 X:0C72 Y:CCDB S:1FC0 D:192B DB:7F P:NvMxdizC V:176 H:176
018265 $99 $00 $00     STA $0000,Y [7FCCDB] = $00      A:0000 X:0C72 Y:CCDB S:1FC0 D:192B DB:7F P:nvMxdiZC V:176 H:180
018268 $C8             INY                             A:0000 X:0C72 Y:CCDB S:1FC0 D:192B DB:7F P:nvMxdiZC V:176 H:190
018269 $CE $33 $19     DEC $1933 [7F1933] = $07        A:0000 X:0C72 Y:CCDC S:1FC0 D:192B DB:7F P:NvMxdizC V:176 H:193
01826C $D0 $EC         BNE $01825A                     A:0000 X:0C72 Y:CCDC S:1FC0 D:192B DB:7F P:nvMxdizC V:176 H:205
01825A $BF $20 $CA $04 LDA $04CA20,X [04D692] = $01    A:0000 X:0C72 Y:CCDC S:1FC0 D:192B DB:7F P:nvMxdizC V:176 H:210
01825E $E8             INX                             A:0001 X:0C72 Y:CCDC S:1FC0 D:192B DB:7F P:nvMxdizC V:176 H:220
01825F $99 $00 $00     STA $0000,Y [7FCCDC] = $01      A:0001 X:0C73 Y:CCDC S:1FC0 D:192B DB:7F P:nvMxdizC V:176 H:224
018262 $C8             INY                             A:0001 X:0C73 Y:CCDC S:1FC0 D:192B DB:7F P:nvMxdizC V:176 H:233
018263 $A9 $00         LDA #$00                        A:0001 X:0C73 Y:CCDD S:1FC0 D:192B DB:7F P:NvMxdizC V:176 H:237
018265 $99 $00 $00     STA $0000,Y [7FCCDD] = $00      A:0000 X:0C73 Y:CCDD S:1FC0 D:192B DB:7F P:nvMxdiZC V:176 H:241
018268 $C8             INY                             A:0000 X:0C73 Y:CCDD S:1FC0 D:192B DB:7F P:nvMxdiZC V:176 H:250
018269 $CE $33 $19     DEC $1933 [7F1933] = $06        A:0000 X:0C73 Y:CCDE S:1FC0 D:192B DB:7F P:NvMxdizC V:176 H:254
01826C $D0 $EC         BNE $01825A                     A:0000 X:0C73 Y:CCDE S:1FC0 D:192B DB:7F P:nvMxdizC V:176 H:265
01825A $BF $20 $CA $04 LDA $04CA20,X [04D693] = $00    A:0000 X:0C73 Y:CCDE S:1FC0 D:192B DB:7F P:nvMxdizC V:176 H:271
01825E $E8             INX                             A:0000 X:0C73 Y:CCDE S:1FC0 D:192B DB:7F P:nvMxdiZC V:176 H:293
01825F $99 $00 $00     STA $0000,Y [7FCCDE] = $00      A:0000 X:0C74 Y:CCDE S:1FC0 D:192B DB:7F P:nvMxdizC V:176 H:296
018262 $C8             INY                             A:0000 X:0C74 Y:CCDE S:1FC0 D:192B DB:7F P:nvMxdizC V:176 H:306
018263 $A9 $00         LDA #$00                        A:0000 X:0C74 Y:CCDF S:1FC0 D:192B DB:7F P:NvMxdizC V:176 H:309
018265 $99 $00 $00     STA $0000,Y [7FCCDF] = $00      A:0000 X:0C74 Y:CCDF S:1FC0 D:192B DB:7F P:nvMxdiZC V:176 H:313
018268 $C8             INY                             A:0000 X:0C74 Y:CCDF S:1FC0 D:192B DB:7F P:nvMxdiZC V:176 H:323
018269 $CE $33 $19     DEC $1933 [7F1933] = $05        A:0000 X:0C74 Y:CCE0 S:1FC0 D:192B DB:7F P:NvMxdizC V:176 H:326
01826C $D0 $EC         BNE $01825A                     A:0000 X:0C74 Y:CCE0 S:1FC0 D:192B DB:7F P:nvMxdizC V:176 H:337
01825A $BF $20 $CA $04 LDA $04CA20,X [04D694] = $01    A:0000 X:0C74 Y:CCE0 S:1FC0 D:192B DB:7F P:nvMxdizC V:177 H:2  
01825E $E8             INX                             A:0001 X:0C74 Y:CCE0 S:1FC0 D:192B DB:7F P:nvMxdizC V:177 H:12 
01825F $99 $00 $00     STA $0000,Y [7FCCE0] = $01      A:0001 X:0C75 Y:CCE0 S:1FC0 D:192B DB:7F P:nvMxdizC V:177 H:16 
018262 $C8             INY                             A:0001 X:0C75 Y:CCE0 S:1FC0 D:192B DB:7F P:nvMxdizC V:177 H:25 
018263 $A9 $00         LDA #$00                        A:0001 X:0C75 Y:CCE1 S:1FC0 D:192B DB:7F P:NvMxdizC V:177 H:29 
018265 $99 $00 $00     STA $0000,Y [7FCCE1] = $00      A:0000 X:0C75 Y:CCE1 S:1FC0 D:192B DB:7F P:nvMxdiZC V:177 H:33 
018268 $C8             INY                             A:0000 X:0C75 Y:CCE1 S:1FC0 D:192B DB:7F P:nvMxdiZC V:177 H:42 
018269 $CE $33 $19     DEC $1933 [7F1933] = $04        A:0000 X:0C75 Y:CCE2 S:1FC0 D:192B DB:7F P:NvMxdizC V:177 H:46 
01826C $D0 $EC         BNE $01825A                     A:0000 X:0C75 Y:CCE2 S:1FC0 D:192B DB:7F P:nvMxdizC V:177 H:57 
01825A $BF $20 $CA $04 LDA $04CA20,X [04D695] = $07    A:0000 X:0C75 Y:CCE2 S:1FC0 D:192B DB:7F P:nvMxdizC V:177 H:63 
01825E $E8             INX                             A:0007 X:0C75 Y:CCE2 S:1FC0 D:192B DB:7F P:nvMxdizC V:177 H:73 
01825F $99 $00 $00     STA $0000,Y [7FCCE2] = $07      A:0007 X:0C76 Y:CCE2 S:1FC0 D:192B DB:7F P:nvMxdizC V:177 H:76 
018262 $C8             INY                             A:0007 X:0C76 Y:CCE2 S:1FC0 D:192B DB:7F P:nvMxdizC V:177 H:86 
018263 $A9 $00         LDA #$00                        A:0007 X:0C76 Y:CCE3 S:1FC0 D:192B DB:7F P:NvMxdizC V:177 H:89 
018265 $99 $00 $00     STA $0000,Y [7FCCE3] = $00      A:0000 X:0C76 Y:CCE3 S:1FC0 D:192B DB:7F P:nvMxdiZC V:177 H:93 
018268 $C8             INY                             A:0000 X:0C76 Y:CCE3 S:1FC0 D:192B DB:7F P:nvMxdiZC V:177 H:103
018269 $CE $33 $19     DEC $1933 [7F1933] = $03        A:0000 X:0C76 Y:CCE4 S:1FC0 D:192B DB:7F P:NvMxdizC V:177 H:106
01826C $D0 $EC         BNE $01825A                     A:0000 X:0C76 Y:CCE4 S:1FC0 D:192B DB:7F P:nvMxdizC V:177 H:118
01825A $BF $20 $CA $04 LDA $04CA20,X [04D696] = $0C    A:0000 X:0C76 Y:CCE4 S:1FC0 D:192B DB:7F P:nvMxdizC V:177 H:123
01825E $E8             INX                             A:000C X:0C76 Y:CCE4 S:1FC0 D:192B DB:7F P:nvMxdizC V:177 H:133
01825F $99 $00 $00     STA $0000,Y [7FCCE4] = $0C      A:000C X:0C77 Y:CCE4 S:1FC0 D:192B DB:7F P:nvMxdizC V:177 H:147
018262 $C8             INY                             A:000C X:0C77 Y:CCE4 S:1FC0 D:192B DB:7F P:nvMxdizC V:177 H:156
018263 $A9 $00         LDA #$00                        A:000C X:0C77 Y:CCE5 S:1FC0 D:192B DB:7F P:NvMxdizC V:177 H:160
018265 $99 $00 $00     STA $0000,Y [7FCCE5] = $00      A:0000 X:0C77 Y:CCE5 S:1FC0 D:192B DB:7F P:nvMxdiZC V:177 H:164
018268 $C8             INY                             A:0000 X:0C77 Y:CCE5 S:1FC0 D:192B DB:7F P:nvMxdiZC V:177 H:173
018269 $CE $33 $19     DEC $1933 [7F1933] = $02        A:0000 X:0C77 Y:CCE6 S:1FC0 D:192B DB:7F P:NvMxdizC V:177 H:177
01826C $D0 $EC         BNE $01825A                     A:0000 X:0C77 Y:CCE6 S:1FC0 D:192B DB:7F P:nvMxdizC V:177 H:188
01825A $BF $20 $CA $04 LDA $04CA20,X [04D697] = $09    A:0000 X:0C77 Y:CCE6 S:1FC0 D:192B DB:7F P:nvMxdizC V:177 H:194
01825E $E8             INX                             A:0009 X:0C77 Y:CCE6 S:1FC0 D:192B DB:7F P:nvMxdizC V:177 H:204
01825F $99 $00 $00     STA $0000,Y [7FCCE6] = $09      A:0009 X:0C78 Y:CCE6 S:1FC0 D:192B DB:7F P:nvMxdizC V:177 H:207
018262 $C8             INY                             A:0009 X:0C78 Y:CCE6 S:1FC0 D:192B DB:7F P:nvMxdizC V:177 H:217
018263 $A9 $00         LDA #$00                        A:0009 X:0C78 Y:CCE7 S:1FC0 D:192B DB:7F P:NvMxdizC V:177 H:220
018265 $99 $00 $00     STA $0000,Y [7FCCE7] = $00      A:0000 X:0C78 Y:CCE7 S:1FC0 D:192B DB:7F P:nvMxdiZC V:177 H:224
018268 $C8             INY                             A:0000 X:0C78 Y:CCE7 S:1FC0 D:192B DB:7F P:nvMxdiZC V:177 H:234
018269 $CE $33 $19     DEC $1933 [7F1933] = $01        A:0000 X:0C78 Y:CCE8 S:1FC0 D:192B DB:7F P:NvMxdizC V:177 H:237
01826C $D0 $EC         BNE $01825A                     A:0000 X:0C78 Y:CCE8 S:1FC0 D:192B DB:7F P:nvMxdiZC V:177 H:249
01826E $28             PLP                             A:0000 X:0C78 Y:CCE8 S:1FC0 D:192B DB:7F P:nvMxdiZC V:177 H:253
01826F $AB             PLB                             A:0000 X:0C78 Y:CCE8 S:1FC1 D:192B DB:7F P:nvmxdizc V:177 H:260
018270 $60             RTS                             A:0000 X:0C78 Y:CCE8 S:1FC2 D:192B DB:01 P:nvmxdizc V:177 H:267
018218 $A5 $00         LDA $00 [00192B] = $0C60        A:0000 X:0C78 Y:CCE8 S:1FC4 D:192B DB:01 P:nvmxdizc V:177 H:289
01821A $18             CLC                             A:0C60 X:0C78 Y:CCE8 S:1FC4 D:192B DB:01 P:nvmxdizc V:177 H:299
01821B $69 $18 $00     ADC #$0018                      A:0C60 X:0C78 Y:CCE8 S:1FC4 D:192B DB:01 P:nvmxdizc V:177 H:302
01821E $85 $00         STA $00 [00192B] = $0C60        A:0C78 X:0C78 Y:CCE8 S:1FC4 D:192B DB:01 P:nvmxdizc V:177 H:308
018220 $A5 $02         LDA $02 [00192D] = $CCC8        A:0C78 X:0C78 Y:CCE8 S:1FC4 D:192B DB:01 P:nvmxdizc V:177 H:318
018222 $18             CLC                             A:CCC8 X:0C78 Y:CCE8 S:1FC4 D:192B DB:01 P:Nvmxdizc V:177 H:327
018223 $69 $20 $00     ADC #$0020                      A:CCC8 X:0C78 Y:CCE8 S:1FC4 D:192B DB:01 P:Nvmxdizc V:177 H:330
018226 $85 $02         STA $02 [00192D] = $CCC8        A:CCE8 X:0C78 Y:CCE8 S:1FC4 D:192B DB:01 P:Nvmxdizc V:177 H:336
018228 $C6 $06         DEC $06 [001931] = $0008        A:CCE8 X:0C78 Y:CCE8 S:1FC4 D:192B DB:01 P:Nvmxdizc V:178 H:5  
01822A $D0 $E9         BNE $018215                     A:CCE8 X:0C78 Y:CCE8 S:1FC4 D:192B DB:01 P:nvmxdizc V:178 H:20 
018215 $20 $2E $82     JSR $822E [01822E] = $088B      A:CCE8 X:0C78 Y:CCE8 S:1FC4 D:192B DB:01 P:nvmxdizc V:178 H:26 
01822E $8B             PHB                             A:CCE8 X:0C78 Y:CCE8 S:1FC2 D:192B DB:01 P:nvmxdizc V:178 H:37 
01822F $08             PHP                             A:CCE8 X:0C78 Y:CCE8 S:1FC1 D:192B DB:01 P:nvmxdizc V:178 H:43 
018230 $C2 $30         REP #$30                        A:CCE8 X:0C78 Y:CCE8 S:1FC0 D:192B DB:01 P:nvmxdizc V:178 H:48 
018232 $8B             PHB                             A:CCE8 X:0C78 Y:CCE8 S:1FC0 D:192B DB:01 P:nvmxdizc V:178 H:54 
018233 $AD $2B $19     LDA $192B [01192B] = $0C78      A:CCE8 X:0C78 Y:CCE8 S:1FBF D:192B DB:01 P:nvmxdizc V:178 H:59 
018236 $18             CLC                             A:0C78 X:0C78 Y:CCE8 S:1FBF D:192B DB:01 P:nvmxdizc V:178 H:69 
018237 $69 $20 $CA     ADC #$CA20                      A:0C78 X:0C78 Y:CCE8 S:1FBF D:192B DB:01 P:nvmxdizc V:178 H:73 
01823A $AA             TAX                             A:D698 X:0C78 Y:CCE8 S:1FBF D:192B DB:01 P:Nvmxdizc V:178 H:79 
01823B $AC $2D $19     LDY $192D [01192D] = $CCE8      A:D698 X:D698 Y:CCE8 S:1FBF D:192B DB:01 P:Nvmxdizc V:178 H:82 
01823E $A9 $0F $00     LDA #$000F                      A:D698 X:D698 Y:CCE8 S:1FBF D:192B DB:01 P:Nvmxdizc V:178 H:92 
018241 $54 $7F $04     MVN $04 -> $7F                  A:000F X:D698 Y:CCE8 S:1FBF D:192B DB:01 P:nvmxdizc V:178 H:98 
018241 $54 $7F $04     MVN $04 -> $7F                  A:000E X:D699 Y:CCE9 S:1FBF D:192B DB:7F P:nvmxdizc V:178 H:111
018241 $54 $7F $04     MVN $04 -> $7F                  A:000D X:D69A Y:CCEA S:1FBF D:192B DB:7F P:nvmxdizc V:178 H:124
018241 $54 $7F $04     MVN $04 -> $7F                  A:000C X:D69B Y:CCEB S:1FBF D:192B DB:7F P:nvmxdizc V:178 H:147
018241 $54 $7F $04     MVN $04 -> $7F                  A:000B X:D69C Y:CCEC S:1FBF D:192B DB:7F P:nvmxdizc V:178 H:160
018241 $54 $7F $04     MVN $04 -> $7F                  A:000A X:D69D Y:CCED S:1FBF D:192B DB:7F P:nvmxdizc V:178 H:173
018241 $54 $7F $04     MVN $04 -> $7F                  A:0009 X:D69E Y:CCEE S:1FBF D:192B DB:7F P:nvmxdizc V:178 H:186
018241 $54 $7F $04     MVN $04 -> $7F                  A:0008 X:D69F Y:CCEF S:1FBF D:192B DB:7F P:nvmxdizc V:178 H:199
018241 $54 $7F $04     MVN $04 -> $7F                  A:0007 X:D6A0 Y:CCF0 S:1FBF D:192B DB:7F P:nvmxdizc V:178 H:212
018241 $54 $7F $04     MVN $04 -> $7F                  A:0006 X:D6A1 Y:CCF1 S:1FBF D:192B DB:7F P:nvmxdizc V:178 H:225
018241 $54 $7F $04     MVN $04 -> $7F                  A:0005 X:D6A2 Y:CCF2 S:1FBF D:192B DB:7F P:nvmxdizc V:178 H:238
018241 $54 $7F $04     MVN $04 -> $7F                  A:0004 X:D6A3 Y:CCF3 S:1FBF D:192B DB:7F P:nvmxdizc V:178 H:251
018241 $54 $7F $04     MVN $04 -> $7F                  A:0003 X:D6A4 Y:CCF4 S:1FBF D:192B DB:7F P:nvmxdizc V:178 H:264
018241 $54 $7F $04     MVN $04 -> $7F                  A:0002 X:D6A5 Y:CCF5 S:1FBF D:192B DB:7F P:nvmxdizc V:178 H:289
018241 $54 $7F $04     MVN $04 -> $7F                  A:0001 X:D6A6 Y:CCF6 S:1FBF D:192B DB:7F P:nvmxdizc V:178 H:302
018241 $54 $7F $04     MVN $04 -> $7F                  A:0000 X:D6A7 Y:CCF7 S:1FBF D:192B DB:7F P:nvmxdizc V:178 H:315
018244 $AB             PLB                             A:FFFF X:D6A8 Y:CCF8 S:1FBF D:192B DB:7F P:nvmxdizc V:178 H:327
018245 $8A             TXA                             A:FFFF X:D6A8 Y:CCF8 S:1FC0 D:192B DB:01 P:nvmxdizc V:178 H:334
018246 $38             SEC                             A:D6A8 X:D6A8 Y:CCF8 S:1FC0 D:192B DB:01 P:Nvmxdizc V:178 H:338
018247 $E9 $20 $CA     SBC #$CA20                      A:D6A8 X:D6A8 Y:CCF8 S:1FC0 D:192B DB:01 P:NvmxdizC V:179 H:1  
01824A $AA             TAX                             A:0C88 X:D6A8 Y:CCF8 S:1FC0 D:192B DB:01 P:nvmxdizC V:179 H:7  
01824B $E2 $20         SEP #$20                        A:0C88 X:0C88 Y:CCF8 S:1FC0 D:192B DB:01 P:nvmxdizC V:179 H:11 
01824D $C2 $10         REP #$10                        A:0C88 X:0C88 Y:CCF8 S:1FC0 D:192B DB:01 P:nvMxdizC V:179 H:16 
01824F $F4 $7F $00     PEA #$007F                      A:0C88 X:0C88 Y:CCF8 S:1FC0 D:192B DB:01 P:nvMxdizC V:179 H:22 
018252 $AB             PLB                             A:0C88 X:0C88 Y:CCF8 S:1FBE D:192B DB:01 P:nvMxdizC V:179 H:32 
018253 $68             PLA                             A:0C88 X:0C88 Y:CCF8 S:1FBF D:192B DB:7F P:nvMxdizC V:179 H:39 
018254 $EB             XBA                             A:0C00 X:0C88 Y:CCF8 S:1FC0 D:192B DB:7F P:nvMxdiZC V:179 H:46 
018255 $A9 $08         LDA #$08                        A:000C X:0C88 Y:CCF8 S:1FC0 D:192B DB:7F P:nvMxdizC V:179 H:51 
018257 $8D $33 $19     STA $1933 [7F1933] = $00        A:0008 X:0C88 Y:CCF8 S:1FC0 D:192B DB:7F P:nvMxdizC V:179 H:55 
01825A $BF $20 $CA $04 LDA $04CA20,X [04D6A8] = $00    A:0008 X:0C88 Y:CCF8 S:1FC0 D:192B DB:7F P:nvMxdizC V:179 H:63 
01825E $E8             INX                             A:0000 X:0C88 Y:CCF8 S:1FC0 D:192B DB:7F P:nvMxdiZC V:179 H:73 
01825F $99 $00 $00     STA $0000,Y [7FCCF8] = $00      A:0000 X:0C89 Y:CCF8 S:1FC0 D:192B DB:7F P:nvMxdizC V:179 H:76 
018262 $C8             INY                             A:0000 X:0C89 Y:CCF8 S:1FC0 D:192B DB:7F P:nvMxdizC V:179 H:86 
018263 $A9 $00         LDA #$00                        A:0000 X:0C89 Y:CCF9 S:1FC0 D:192B DB:7F P:NvMxdizC V:179 H:89 
018265 $99 $00 $00     STA $0000,Y [7FCCF9] = $00      A:0000 X:0C89 Y:CCF9 S:1FC0 D:192B DB:7F P:nvMxdiZC V:179 H:93 
018268 $C8             INY                             A:0000 X:0C89 Y:CCF9 S:1FC0 D:192B DB:7F P:nvMxdiZC V:179 H:103
018269 $CE $33 $19     DEC $1933 [7F1933] = $08        A:0000 X:0C89 Y:CCFA S:1FC0 D:192B DB:7F P:NvMxdizC V:179 H:106
01826C $D0 $EC         BNE $01825A                     A:0000 X:0C89 Y:CCFA S:1FC0 D:192B DB:7F P:nvMxdizC V:179 H:118
01825A $BF $20 $CA $04 LDA $04CA20,X [04D6A9] = $E0    A:0000 X:0C89 Y:CCFA S:1FC0 D:192B DB:7F P:nvMxdizC V:179 H:123
01825E $E8             INX                             A:00E0 X:0C89 Y:CCFA S:1FC0 D:192B DB:7F P:NvMxdizC V:179 H:133
01825F $99 $00 $00     STA $0000,Y [7FCCFA] = $E0      A:00E0 X:0C8A Y:CCFA S:1FC0 D:192B DB:7F P:nvMxdizC V:179 H:147
018262 $C8             INY                             A:00E0 X:0C8A Y:CCFA S:1FC0 D:192B DB:7F P:nvMxdizC V:179 H:156
018263 $A9 $00         LDA #$00                        A:00E0 X:0C8A Y:CCFB S:1FC0 D:192B DB:7F P:NvMxdizC V:179 H:160
018265 $99 $00 $00     STA $0000,Y [7FCCFB] = $00      A:0000 X:0C8A Y:CCFB S:1FC0 D:192B DB:7F P:nvMxdiZC V:179 H:164
018268 $C8             INY                             A:0000 X:0C8A Y:CCFB S:1FC0 D:192B DB:7F P:nvMxdiZC V:179 H:173
018269 $CE $33 $19     DEC $1933 [7F1933] = $07        A:0000 X:0C8A Y:CCFC S:1FC0 D:192B DB:7F P:NvMxdizC V:179 H:177
01826C $D0 $EC         BNE $01825A                     A:0000 X:0C8A Y:CCFC S:1FC0 D:192B DB:7F P:nvMxdizC V:179 H:188
01825A $BF $20 $CA $04 LDA $04CA20,X [04D6AA] = $80    A:0000 X:0C8A Y:CCFC S:1FC0 D:192B DB:7F P:nvMxdizC V:179 H:194
01825E $E8             INX                             A:0080 X:0C8A Y:CCFC S:1FC0 D:192B DB:7F P:NvMxdizC V:179 H:204
01825F $99 $00 $00     STA $0000,Y [7FCCFC] = $80      A:0080 X:0C8B Y:CCFC S:1FC0 D:192B DB:7F P:nvMxdizC V:179 H:207
018262 $C8             INY                             A:0080 X:0C8B Y:CCFC S:1FC0 D:192B DB:7F P:nvMxdizC V:179 H:217
018263 $A9 $00         LDA #$00                        A:0080 X:0C8B Y:CCFD S:1FC0 D:192B DB:7F P:NvMxdizC V:179 H:220
018265 $99 $00 $00     STA $0000,Y [7FCCFD] = $00      A:0000 X:0C8B Y:CCFD S:1FC0 D:192B DB:7F P:nvMxdiZC V:179 H:224
018268 $C8             INY                             A:0000 X:0C8B Y:CCFD S:1FC0 D:192B DB:7F P:nvMxdiZC V:179 H:234
018269 $CE $33 $19     DEC $1933 [7F1933] = $06        A:0000 X:0C8B Y:CCFE S:1FC0 D:192B DB:7F P:NvMxdizC V:179 H:237
01826C $D0 $EC         BNE $01825A                     A:0000 X:0C8B Y:CCFE S:1FC0 D:192B DB:7F P:nvMxdizC V:179 H:249
01825A $BF $20 $CA $04 LDA $04CA20,X [04D6AB] = $00    A:0000 X:0C8B Y:CCFE S:1FC0 D:192B DB:7F P:nvMxdizC V:179 H:254
01825E $E8             INX                             A:0000 X:0C8B Y:CCFE S:1FC0 D:192B DB:7F P:nvMxdiZC V:179 H:264
01825F $99 $00 $00     STA $0000,Y [7FCCFE] = $00      A:0000 X:0C8C Y:CCFE S:1FC0 D:192B DB:7F P:nvMxdizC V:179 H:268
018262 $C8             INY                             A:0000 X:0C8C Y:CCFE S:1FC0 D:192B DB:7F P:nvMxdizC V:179 H:289
018263 $A9 $00         LDA #$00                        A:0000 X:0C8C Y:CCFF S:1FC0 D:192B DB:7F P:NvMxdizC V:179 H:293
018265 $99 $00 $00     STA $0000,Y [7FCCFF] = $00      A:0000 X:0C8C Y:CCFF S:1FC0 D:192B DB:7F P:nvMxdiZC V:179 H:297
018268 $C8             INY                             A:0000 X:0C8C Y:CCFF S:1FC0 D:192B DB:7F P:nvMxdiZC V:179 H:306
018269 $CE $33 $19     DEC $1933 [7F1933] = $05        A:0000 X:0C8C Y:CD00 S:1FC0 D:192B DB:7F P:NvMxdizC V:179 H:310
01826C $D0 $EC         BNE $01825A                     A:0000 X:0C8C Y:CD00 S:1FC0 D:192B DB:7F P:nvMxdizC V:179 H:321
01825A $BF $20 $CA $04 LDA $04CA20,X [04D6AC] = $80    A:0000 X:0C8C Y:CD00 S:1FC0 D:192B DB:7F P:nvMxdizC V:179 H:326
01825E $E8             INX                             A:0080 X:0C8C Y:CD00 S:1FC0 D:192B DB:7F P:NvMxdizC V:179 H:336
01825F $99 $00 $00     STA $0000,Y [7FCD00] = $80      A:0080 X:0C8D Y:CD00 S:1FC0 D:192B DB:7F P:nvMxdizC V:179 H:339
018262 $C8             INY                             A:0080 X:0C8D Y:CD00 S:1FC0 D:192B DB:7F P:nvMxdizC V:180 H:9  
018263 $A9 $00         LDA #$00                        A:0080 X:0C8D Y:CD01 S:1FC0 D:192B DB:7F P:NvMxdizC V:180 H:12 
018265 $99 $00 $00     STA $0000,Y [7FCD01] = $00      A:0000 X:0C8D Y:CD01 S:1FC0 D:192B DB:7F P:nvMxdiZC V:180 H:16 
018268 $C8             INY                             A:0000 X:0C8D Y:CD01 S:1FC0 D:192B DB:7F P:nvMxdiZC V:180 H:26 
018269 $CE $33 $19     DEC $1933 [7F1933] = $04        A:0000 X:0C8D Y:CD02 S:1FC0 D:192B DB:7F P:NvMxdizC V:180 H:29 
01826C $D0 $EC         BNE $01825A                     A:0000 X:0C8D Y:CD02 S:1FC0 D:192B DB:7F P:nvMxdizC V:180 H:41 
01825A $BF $20 $CA $04 LDA $04CA20,X [04D6AD] = $E0    A:0000 X:0C8D Y:CD02 S:1FC0 D:192B DB:7F P:nvMxdizC V:180 H:46 
01825E $E8             INX                             A:00E0 X:0C8D Y:CD02 S:1FC0 D:192B DB:7F P:NvMxdizC V:180 H:56 
01825F $99 $00 $00     STA $0000,Y [7FCD02] = $E0      A:00E0 X:0C8E Y:CD02 S:1FC0 D:192B DB:7F P:nvMxdizC V:180 H:60 
018262 $C8             INY                             A:00E0 X:0C8E Y:CD02 S:1FC0 D:192B DB:7F P:nvMxdizC V:180 H:69 
018263 $A9 $00         LDA #$00                        A:00E0 X:0C8E Y:CD03 S:1FC0 D:192B DB:7F P:NvMxdizC V:180 H:73 
018265 $99 $00 $00     STA $0000,Y [7FCD03] = $00      A:0000 X:0C8E Y:CD03 S:1FC0 D:192B DB:7F P:nvMxdiZC V:180 H:77 
018268 $C8             INY                             A:0000 X:0C8E Y:CD03 S:1FC0 D:192B DB:7F P:nvMxdiZC V:180 H:86 
018269 $CE $33 $19     DEC $1933 [7F1933] = $03        A:0000 X:0C8E Y:CD04 S:1FC0 D:192B DB:7F P:NvMxdizC V:180 H:90 
01826C $D0 $EC         BNE $01825A                     A:0000 X:0C8E Y:CD04 S:1FC0 D:192B DB:7F P:nvMxdizC V:180 H:101
01825A $BF $20 $CA $04 LDA $04CA20,X [04D6AE] = $F0    A:0000 X:0C8E Y:CD04 S:1FC0 D:192B DB:7F P:nvMxdizC V:180 H:107
01825E $E8             INX                             A:00F0 X:0C8E Y:CD04 S:1FC0 D:192B DB:7F P:NvMxdizC V:180 H:117
01825F $99 $00 $00     STA $0000,Y [7FCD04] = $F0      A:00F0 X:0C8F Y:CD04 S:1FC0 D:192B DB:7F P:nvMxdizC V:180 H:120
018262 $C8             INY                             A:00F0 X:0C8F Y:CD04 S:1FC0 D:192B DB:7F P:nvMxdizC V:180 H:130
018263 $A9 $00         LDA #$00                        A:00F0 X:0C8F Y:CD05 S:1FC0 D:192B DB:7F P:NvMxdizC V:180 H:143
018265 $99 $00 $00     STA $0000,Y [7FCD05] = $00      A:0000 X:0C8F Y:CD05 S:1FC0 D:192B DB:7F P:nvMxdiZC V:180 H:147
018268 $C8             INY                             A:0000 X:0C8F Y:CD05 S:1FC0 D:192B DB:7F P:nvMxdiZC V:180 H:157
018269 $CE $33 $19     DEC $1933 [7F1933] = $02        A:0000 X:0C8F Y:CD06 S:1FC0 D:192B DB:7F P:NvMxdizC V:180 H:160
01826C $D0 $EC         BNE $01825A                     A:0000 X:0C8F Y:CD06 S:1FC0 D:192B DB:7F P:nvMxdizC V:180 H:172
01825A $BF $20 $CA $04 LDA $04CA20,X [04D6AF] = $F0    A:0000 X:0C8F Y:CD06 S:1FC0 D:192B DB:7F P:nvMxdizC V:180 H:177
01825E $E8             INX                             A:00F0 X:0C8F Y:CD06 S:1FC0 D:192B DB:7F P:NvMxdizC V:180 H:187
01825F $99 $00 $00     STA $0000,Y [7FCD06] = $F0      A:00F0 X:0C90 Y:CD06 S:1FC0 D:192B DB:7F P:nvMxdizC V:180 H:191
018262 $C8             INY                             A:00F0 X:0C90 Y:CD06 S:1FC0 D:192B DB:7F P:nvMxdizC V:180 H:200
018263 $A9 $00         LDA #$00                        A:00F0 X:0C90 Y:CD07 S:1FC0 D:192B DB:7F P:NvMxdizC V:180 H:204
018265 $99 $00 $00     STA $0000,Y [7FCD07] = $00      A:0000 X:0C90 Y:CD07 S:1FC0 D:192B DB:7F P:nvMxdiZC V:180 H:208
018268 $C8             INY                             A:0000 X:0C90 Y:CD07 S:1FC0 D:192B DB:7F P:nvMxdiZC V:180 H:217
018269 $CE $33 $19     DEC $1933 [7F1933] = $01        A:0000 X:0C90 Y:CD08 S:1FC0 D:192B DB:7F P:NvMxdizC V:180 H:221
01826C $D0 $EC         BNE $01825A                     A:0000 X:0C90 Y:CD08 S:1FC0 D:192B DB:7F P:nvMxdiZC V:180 H:232
01826E $28             PLP                             A:0000 X:0C90 Y:CD08 S:1FC0 D:192B DB:7F P:nvMxdiZC V:180 H:236
01826F $AB             PLB                             A:0000 X:0C90 Y:CD08 S:1FC1 D:192B DB:7F P:nvmxdizc V:180 H:243
018270 $60             RTS                             A:0000 X:0C90 Y:CD08 S:1FC2 D:192B DB:01 P:nvmxdizc V:180 H:250
018218 $A5 $00         LDA $00 [00192B] = $0C78        A:0000 X:0C90 Y:CD08 S:1FC4 D:192B DB:01 P:nvmxdizc V:180 H:261
01821A $18             CLC                             A:0C78 X:0C90 Y:CD08 S:1FC4 D:192B DB:01 P:nvmxdizc V:180 H:270
01821B $69 $18 $00     ADC #$0018                      A:0C78 X:0C90 Y:CD08 S:1FC4 D:192B DB:01 P:nvmxdizc V:180 H:274
01821E $85 $00         STA $00 [00192B] = $0C78        A:0C90 X:0C90 Y:CD08 S:1FC4 D:192B DB:01 P:nvmxdizc V:180 H:294
018220 $A5 $02         LDA $02 [00192D] = $CCE8        A:0C90 X:0C90 Y:CD08 S:1FC4 D:192B DB:01 P:nvmxdizc V:180 H:303
018222 $18             CLC                             A:CCE8 X:0C90 Y:CD08 S:1FC4 D:192B DB:01 P:Nvmxdizc V:180 H:313
018223 $69 $20 $00     ADC #$0020                      A:CCE8 X:0C90 Y:CD08 S:1FC4 D:192B DB:01 P:Nvmxdizc V:180 H:316
018226 $85 $02         STA $02 [00192D] = $CCE8        A:CD08 X:0C90 Y:CD08 S:1FC4 D:192B DB:01 P:Nvmxdizc V:180 H:322
018228 $C6 $06         DEC $06 [001931] = $0007        A:CD08 X:0C90 Y:CD08 S:1FC4 D:192B DB:01 P:Nvmxdizc V:180 H:331
01822A $D0 $E9         BNE $018215                     A:CD08 X:0C90 Y:CD08 S:1FC4 D:192B DB:01 P:nvmxdizc V:181 H:6  
018215 $20 $2E $82     JSR $822E [01822E] = $088B      A:CD08 X:0C90 Y:CD08 S:1FC4 D:192B DB:01 P:nvmxdizc V:181 H:11 
01822E $8B             PHB                             A:CD08 X:0C90 Y:CD08 S:1FC2 D:192B DB:01 P:nvmxdizc V:181 H:23 
01822F $08             PHP                             A:CD08 X:0C90 Y:CD08 S:1FC1 D:192B DB:01 P:nvmxdizc V:181 H:28 
018230 $C2 $30         REP #$30                        A:CD08 X:0C90 Y:CD08 S:1FC0 D:192B DB:01 P:nvmxdizc V:181 H:34 
018232 $8B             PHB                             A:CD08 X:0C90 Y:CD08 S:1FC0 D:192B DB:01 P:nvmxdizc V:181 H:39 
018233 $AD $2B $19     LDA $192B [01192B] = $0C90      A:CD08 X:0C90 Y:CD08 S:1FBF D:192B DB:01 P:nvmxdizc V:181 H:45 
018236 $18             CLC                             A:0C90 X:0C90 Y:CD08 S:1FBF D:192B DB:01 P:nvmxdizc V:181 H:55 
018237 $69 $20 $CA     ADC #$CA20                      A:0C90 X:0C90 Y:CD08 S:1FBF D:192B DB:01 P:nvmxdizc V:181 H:58 
01823A $AA             TAX                             A:D6B0 X:0C90 Y:CD08 S:1FBF D:192B DB:01 P:Nvmxdizc V:181 H:64 
01823B $AC $2D $19     LDY $192D [01192D] = $CD08      A:D6B0 X:D6B0 Y:CD08 S:1FBF D:192B DB:01 P:Nvmxdizc V:181 H:68 
01823E $A9 $0F $00     LDA #$000F                      A:D6B0 X:D6B0 Y:CD08 S:1FBF D:192B DB:01 P:Nvmxdizc V:181 H:78 
018241 $54 $7F $04     MVN $04 -> $7F                  A:000F X:D6B0 Y:CD08 S:1FBF D:192B DB:01 P:nvmxdizc V:181 H:84 
018241 $54 $7F $04     MVN $04 -> $7F                  A:000E X:D6B1 Y:CD09 S:1FBF D:192B DB:7F P:nvmxdizc V:181 H:97 
018241 $54 $7F $04     MVN $04 -> $7F                  A:000D X:D6B2 Y:CD0A S:1FBF D:192B DB:7F P:nvmxdizc V:181 H:110
018241 $54 $7F $04     MVN $04 -> $7F                  A:000C X:D6B3 Y:CD0B S:1FBF D:192B DB:7F P:nvmxdizc V:181 H:123
018241 $54 $7F $04     MVN $04 -> $7F                  A:000B X:D6B4 Y:CD0C S:1FBF D:192B DB:7F P:nvmxdizc V:181 H:146
018241 $54 $7F $04     MVN $04 -> $7F                  A:000A X:D6B5 Y:CD0D S:1FBF D:192B DB:7F P:nvmxdizc V:181 H:159
018241 $54 $7F $04     MVN $04 -> $7F                  A:0009 X:D6B6 Y:CD0E S:1FBF D:192B DB:7F P:nvmxdizc V:181 H:172
018241 $54 $7F $04     MVN $04 -> $7F                  A:0008 X:D6B7 Y:CD0F S:1FBF D:192B DB:7F P:nvmxdizc V:181 H:185
018241 $54 $7F $04     MVN $04 -> $7F                  A:0007 X:D6B8 Y:CD10 S:1FBF D:192B DB:7F P:nvmxdizc V:181 H:198
018241 $54 $7F $04     MVN $04 -> $7F                  A:0006 X:D6B9 Y:CD11 S:1FBF D:192B DB:7F P:nvmxdizc V:181 H:211
018241 $54 $7F $04     MVN $04 -> $7F                  A:0005 X:D6BA Y:CD12 S:1FBF D:192B DB:7F P:nvmxdizc V:181 H:224
018241 $54 $7F $04     MVN $04 -> $7F                  A:0004 X:D6BB Y:CD13 S:1FBF D:192B DB:7F P:nvmxdizc V:181 H:237
018241 $54 $7F $04     MVN $04 -> $7F                  A:0003 X:D6BC Y:CD14 S:1FBF D:192B DB:7F P:nvmxdizc V:181 H:250
018241 $54 $7F $04     MVN $04 -> $7F                  A:0002 X:D6BD Y:CD15 S:1FBF D:192B DB:7F P:nvmxdizc V:181 H:263
018241 $54 $7F $04     MVN $04 -> $7F                  A:0001 X:D6BE Y:CD16 S:1FBF D:192B DB:7F P:nvmxdizc V:181 H:276
018241 $54 $7F $04     MVN $04 -> $7F                  A:0000 X:D6BF Y:CD17 S:1FBF D:192B DB:7F P:nvmxdizc V:181 H:301
018244 $AB             PLB                             A:FFFF X:D6C0 Y:CD18 S:1FBF D:192B DB:7F P:nvmxdizc V:181 H:314
018245 $8A             TXA                             A:FFFF X:D6C0 Y:CD18 S:1FC0 D:192B DB:01 P:nvmxdizc V:181 H:321
018246 $38             SEC                             A:D6C0 X:D6C0 Y:CD18 S:1FC0 D:192B DB:01 P:Nvmxdizc V:181 H:324
018247 $E9 $20 $CA     SBC #$CA20                      A:D6C0 X:D6C0 Y:CD18 S:1FC0 D:192B DB:01 P:NvmxdizC V:181 H:327
01824A $AA             TAX                             A:0CA0 X:D6C0 Y:CD18 S:1FC0 D:192B DB:01 P:nvmxdizC V:181 H:333
01824B $E2 $20         SEP #$20                        A:0CA0 X:0CA0 Y:CD18 S:1FC0 D:192B DB:01 P:nvmxdizC V:181 H:336
01824D $C2 $10         REP #$10                        A:0CA0 X:0CA0 Y:CD18 S:1FC0 D:192B DB:01 P:nvMxdizC V:182 H:2  
01824F $F4 $7F $00     PEA #$007F                      A:0CA0 X:0CA0 Y:CD18 S:1FC0 D:192B DB:01 P:nvMxdizC V:182 H:7  
018252 $AB             PLB                             A:0CA0 X:0CA0 Y:CD18 S:1FBE D:192B DB:01 P:nvMxdizC V:182 H:17 
018253 $68             PLA                             A:0CA0 X:0CA0 Y:CD18 S:1FBF D:192B DB:7F P:nvMxdizC V:182 H:24 
018254 $EB             XBA                             A:0C00 X:0CA0 Y:CD18 S:1FC0 D:192B DB:7F P:nvMxdiZC V:182 H:31 
018255 $A9 $08         LDA #$08                        A:000C X:0CA0 Y:CD18 S:1FC0 D:192B DB:7F P:nvMxdizC V:182 H:36 
018257 $8D $33 $19     STA $1933 [7F1933] = $00        A:0008 X:0CA0 Y:CD18 S:1FC0 D:192B DB:7F P:nvMxdizC V:182 H:40 
01825A $BF $20 $CA $04 LDA $04CA20,X [04D6C0] = $19    A:0008 X:0CA0 Y:CD18 S:1FC0 D:192B DB:7F P:nvMxdizC V:182 H:48 
01825E $E8             INX                             A:0019 X:0CA0 Y:CD18 S:1FC0 D:192B DB:7F P:nvMxdizC V:182 H:58 
01825F $99 $00 $00     STA $0000,Y [7FCD18] = $19      A:0019 X:0CA1 Y:CD18 S:1FC0 D:192B DB:7F P:nvMxdizC V:182 H:62 
018262 $C8             INY                             A:0019 X:0CA1 Y:CD18 S:1FC0 D:192B DB:7F P:nvMxdizC V:182 H:71 
018263 $A9 $00         LDA #$00                        A:0019 X:0CA1 Y:CD19 S:1FC0 D:192B DB:7F P:NvMxdizC V:182 H:75 
018265 $99 $00 $00     STA $0000,Y [7FCD19] = $00      A:0000 X:0CA1 Y:CD19 S:1FC0 D:192B DB:7F P:nvMxdiZC V:182 H:79 
018268 $C8             INY                             A:0000 X:0CA1 Y:CD19 S:1FC0 D:192B DB:7F P:nvMxdiZC V:182 H:88 
018269 $CE $33 $19     DEC $1933 [7F1933] = $08        A:0000 X:0CA1 Y:CD1A S:1FC0 D:192B DB:7F P:NvMxdizC V:182 H:92 
01826C $D0 $EC         BNE $01825A                     A:0000 X:0CA1 Y:CD1A S:1FC0 D:192B DB:7F P:nvMxdizC V:182 H:103
01825A $BF $20 $CA $04 LDA $04CA20,X [04D6C1] = $1F    A:0000 X:0CA1 Y:CD1A S:1FC0 D:192B DB:7F P:nvMxdizC V:182 H:109
01825E $E8             INX                             A:001F X:0CA1 Y:CD1A S:1FC0 D:192B DB:7F P:nvMxdizC V:182 H:119
01825F $99 $00 $00     STA $0000,Y [7FCD1A] = $1F      A:001F X:0CA2 Y:CD1A S:1FC0 D:192B DB:7F P:nvMxdizC V:182 H:122
018262 $C8             INY                             A:001F X:0CA2 Y:CD1A S:1FC0 D:192B DB:7F P:nvMxdizC V:182 H:132
018263 $A9 $00         LDA #$00                        A:001F X:0CA2 Y:CD1B S:1FC0 D:192B DB:7F P:NvMxdizC V:182 H:145
018265 $99 $00 $00     STA $0000,Y [7FCD1B] = $00      A:0000 X:0CA2 Y:CD1B S:1FC0 D:192B DB:7F P:nvMxdiZC V:182 H:149
018268 $C8             INY                             A:0000 X:0CA2 Y:CD1B S:1FC0 D:192B DB:7F P:nvMxdiZC V:182 H:159
018269 $CE $33 $19     DEC $1933 [7F1933] = $07        A:0000 X:0CA2 Y:CD1C S:1FC0 D:192B DB:7F P:NvMxdizC V:182 H:162
01826C $D0 $EC         BNE $01825A                     A:0000 X:0CA2 Y:CD1C S:1FC0 D:192B DB:7F P:nvMxdizC V:182 H:174
01825A $BF $20 $CA $04 LDA $04CA20,X [04D6C2] = $09    A:0000 X:0CA2 Y:CD1C S:1FC0 D:192B DB:7F P:nvMxdizC V:182 H:179
01825E $E8             INX                             A:0009 X:0CA2 Y:CD1C S:1FC0 D:192B DB:7F P:nvMxdizC V:182 H:189
01825F $99 $00 $00     STA $0000,Y [7FCD1C] = $09      A:0009 X:0CA3 Y:CD1C S:1FC0 D:192B DB:7F P:nvMxdizC V:182 H:193
018262 $C8             INY                             A:0009 X:0CA3 Y:CD1C S:1FC0 D:192B DB:7F P:nvMxdizC V:182 H:202
018263 $A9 $00         LDA #$00                        A:0009 X:0CA3 Y:CD1D S:1FC0 D:192B DB:7F P:NvMxdizC V:182 H:206
018265 $99 $00 $00     STA $0000,Y [7FCD1D] = $00      A:0000 X:0CA3 Y:CD1D S:1FC0 D:192B DB:7F P:nvMxdiZC V:182 H:210
018268 $C8             INY                             A:0000 X:0CA3 Y:CD1D S:1FC0 D:192B DB:7F P:nvMxdiZC V:182 H:219
018269 $CE $33 $19     DEC $1933 [7F1933] = $06        A:0000 X:0CA3 Y:CD1E S:1FC0 D:192B DB:7F P:NvMxdizC V:182 H:223
01826C $D0 $EC         BNE $01825A                     A:0000 X:0CA3 Y:CD1E S:1FC0 D:192B DB:7F P:nvMxdizC V:182 H:234
01825A $BF $20 $CA $04 LDA $04CA20,X [04D6C3] = $0C    A:0000 X:0CA3 Y:CD1E S:1FC0 D:192B DB:7F P:nvMxdizC V:182 H:240
01825E $E8             INX                             A:000C X:0CA3 Y:CD1E S:1FC0 D:192B DB:7F P:nvMxdizC V:182 H:250
01825F $99 $00 $00     STA $0000,Y [7FCD1E] = $0C      A:000C X:0CA4 Y:CD1E S:1FC0 D:192B DB:7F P:nvMxdizC V:182 H:253
018262 $C8             INY                             A:000C X:0CA4 Y:CD1E S:1FC0 D:192B DB:7F P:nvMxdizC V:182 H:263
018263 $A9 $00         LDA #$00                        A:000C X:0CA4 Y:CD1F S:1FC0 D:192B DB:7F P:NvMxdizC V:182 H:266
018265 $99 $00 $00     STA $0000,Y [7FCD1F] = $00      A:0000 X:0CA4 Y:CD1F S:1FC0 D:192B DB:7F P:nvMxdiZC V:182 H:270
018268 $C8             INY                             A:0000 X:0CA4 Y:CD1F S:1FC0 D:192B DB:7F P:nvMxdiZC V:182 H:294
018269 $CE $33 $19     DEC $1933 [7F1933] = $05        A:0000 X:0CA4 Y:CD20 S:1FC0 D:192B DB:7F P:NvMxdizC V:182 H:297
01826C $D0 $EC         BNE $01825A                     A:0000 X:0CA4 Y:CD20 S:1FC0 D:192B DB:7F P:nvMxdizC V:182 H:309
01825A $BF $20 $CA $04 LDA $04CA20,X [04D6C4] = $07    A:0000 X:0CA4 Y:CD20 S:1FC0 D:192B DB:7F P:nvMxdizC V:182 H:314
01825E $E8             INX                             A:0007 X:0CA4 Y:CD20 S:1FC0 D:192B DB:7F P:nvMxdizC V:182 H:324
01825F $99 $00 $00     STA $0000,Y [7FCD20] = $07      A:0007 X:0CA5 Y:CD20 S:1FC0 D:192B DB:7F P:nvMxdizC V:182 H:327
018262 $C8             INY                             A:0007 X:0CA5 Y:CD20 S:1FC0 D:192B DB:7F P:nvMxdizC V:182 H:336
018263 $A9 $00         LDA #$00                        A:0007 X:0CA5 Y:CD21 S:1FC0 D:192B DB:7F P:NvMxdizC V:183 H:0  
018265 $99 $00 $00     STA $0000,Y [7FCD21] = $00      A:0000 X:0CA5 Y:CD21 S:1FC0 D:192B DB:7F P:nvMxdiZC V:183 H:4  
018268 $C8             INY                             A:0000 X:0CA5 Y:CD21 S:1FC0 D:192B DB:7F P:nvMxdiZC V:183 H:13 
018269 $CE $33 $19     DEC $1933 [7F1933] = $04        A:0000 X:0CA5 Y:CD22 S:1FC0 D:192B DB:7F P:NvMxdizC V:183 H:17 
01826C $D0 $EC         BNE $01825A                     A:0000 X:0CA5 Y:CD22 S:1FC0 D:192B DB:7F P:nvMxdizC V:183 H:28 
01825A $BF $20 $CA $04 LDA $04CA20,X [04D6C5] = $01    A:0000 X:0CA5 Y:CD22 S:1FC0 D:192B DB:7F P:nvMxdizC V:183 H:34 
01825E $E8             INX                             A:0001 X:0CA5 Y:CD22 S:1FC0 D:192B DB:7F P:nvMxdizC V:183 H:44 
01825F $99 $00 $00     STA $0000,Y [7FCD22] = $01      A:0001 X:0CA6 Y:CD22 S:1FC0 D:192B DB:7F P:nvMxdizC V:183 H:47 
018262 $C8             INY                             A:0001 X:0CA6 Y:CD22 S:1FC0 D:192B DB:7F P:nvMxdizC V:183 H:57 
018263 $A9 $00         LDA #$00                        A:0001 X:0CA6 Y:CD23 S:1FC0 D:192B DB:7F P:NvMxdizC V:183 H:60 
018265 $99 $00 $00     STA $0000,Y [7FCD23] = $00      A:0000 X:0CA6 Y:CD23 S:1FC0 D:192B DB:7F P:nvMxdiZC V:183 H:64 
018268 $C8             INY                             A:0000 X:0CA6 Y:CD23 S:1FC0 D:192B DB:7F P:nvMxdiZC V:183 H:74 
018269 $CE $33 $19     DEC $1933 [7F1933] = $03        A:0000 X:0CA6 Y:CD24 S:1FC0 D:192B DB:7F P:NvMxdizC V:183 H:77 
01826C $D0 $EC         BNE $01825A                     A:0000 X:0CA6 Y:CD24 S:1FC0 D:192B DB:7F P:nvMxdizC V:183 H:89 
01825A $BF $20 $CA $04 LDA $04CA20,X [04D6C6] = $00    A:0000 X:0CA6 Y:CD24 S:1FC0 D:192B DB:7F P:nvMxdizC V:183 H:94 
01825E $E8             INX                             A:0000 X:0CA6 Y:CD24 S:1FC0 D:192B DB:7F P:nvMxdiZC V:183 H:104
01825F $99 $00 $00     STA $0000,Y [7FCD24] = $00      A:0000 X:0CA7 Y:CD24 S:1FC0 D:192B DB:7F P:nvMxdizC V:183 H:108
018262 $C8             INY                             A:0000 X:0CA7 Y:CD24 S:1FC0 D:192B DB:7F P:nvMxdizC V:183 H:117
018263 $A9 $00         LDA #$00                        A:0000 X:0CA7 Y:CD25 S:1FC0 D:192B DB:7F P:NvMxdizC V:183 H:121
018265 $99 $00 $00     STA $0000,Y [7FCD25] = $00      A:0000 X:0CA7 Y:CD25 S:1FC0 D:192B DB:7F P:nvMxdiZC V:183 H:125
018268 $C8             INY                             A:0000 X:0CA7 Y:CD25 S:1FC0 D:192B DB:7F P:nvMxdiZC V:183 H:144
018269 $CE $33 $19     DEC $1933 [7F1933] = $02        A:0000 X:0CA7 Y:CD26 S:1FC0 D:192B DB:7F P:NvMxdizC V:183 H:148
01826C $D0 $EC         BNE $01825A                     A:0000 X:0CA7 Y:CD26 S:1FC0 D:192B DB:7F P:nvMxdizC V:183 H:159
01825A $BF $20 $CA $04 LDA $04CA20,X [04D6C7] = $00    A:0000 X:0CA7 Y:CD26 S:1FC0 D:192B DB:7F P:nvMxdizC V:183 H:165
01825E $E8             INX                             A:0000 X:0CA7 Y:CD26 S:1FC0 D:192B DB:7F P:nvMxdiZC V:183 H:175
01825F $99 $00 $00     STA $0000,Y [7FCD26] = $00      A:0000 X:0CA8 Y:CD26 S:1FC0 D:192B DB:7F P:nvMxdizC V:183 H:178
018262 $C8             INY                             A:0000 X:0CA8 Y:CD26 S:1FC0 D:192B DB:7F P:nvMxdizC V:183 H:188
018263 $A9 $00         LDA #$00                        A:0000 X:0CA8 Y:CD27 S:1FC0 D:192B DB:7F P:NvMxdizC V:183 H:191
018265 $99 $00 $00     STA $0000,Y [7FCD27] = $00      A:0000 X:0CA8 Y:CD27 S:1FC0 D:192B DB:7F P:nvMxdiZC V:183 H:195
018268 $C8             INY                             A:0000 X:0CA8 Y:CD27 S:1FC0 D:192B DB:7F P:nvMxdiZC V:183 H:205
018269 $CE $33 $19     DEC $1933 [7F1933] = $01        A:0000 X:0CA8 Y:CD28 S:1FC0 D:192B DB:7F P:NvMxdizC V:183 H:208
01826C $D0 $EC         BNE $01825A                     A:0000 X:0CA8 Y:CD28 S:1FC0 D:192B DB:7F P:nvMxdiZC V:183 H:220
01826E $28             PLP                             A:0000 X:0CA8 Y:CD28 S:1FC0 D:192B DB:7F P:nvMxdiZC V:183 H:224
01826F $AB             PLB                             A:0000 X:0CA8 Y:CD28 S:1FC1 D:192B DB:7F P:nvmxdizc V:183 H:231
018270 $60             RTS                             A:0000 X:0CA8 Y:CD28 S:1FC2 D:192B DB:01 P:nvmxdizc V:183 H:238
018218 $A5 $00         LDA $00 [00192B] = $0C90        A:0000 X:0CA8 Y:CD28 S:1FC4 D:192B DB:01 P:nvmxdizc V:183 H:248
01821A $18             CLC                             A:0C90 X:0CA8 Y:CD28 S:1FC4 D:192B DB:01 P:nvmxdizc V:183 H:258
01821B $69 $18 $00     ADC #$0018                      A:0C90 X:0CA8 Y:CD28 S:1FC4 D:192B DB:01 P:nvmxdizc V:183 H:261
01821E $85 $00         STA $00 [00192B] = $0C90        A:0CA8 X:0CA8 Y:CD28 S:1FC4 D:192B DB:01 P:nvmxdizc V:183 H:267
018220 $A5 $02         LDA $02 [00192D] = $CD08        A:0CA8 X:0CA8 Y:CD28 S:1FC4 D:192B DB:01 P:nvmxdizc V:183 H:291
018222 $18             CLC                             A:CD08 X:0CA8 Y:CD28 S:1FC4 D:192B DB:01 P:Nvmxdizc V:183 H:300
018223 $69 $20 $00     ADC #$0020                      A:CD08 X:0CA8 Y:CD28 S:1FC4 D:192B DB:01 P:Nvmxdizc V:183 H:304
018226 $85 $02         STA $02 [00192D] = $CD08        A:CD28 X:0CA8 Y:CD28 S:1FC4 D:192B DB:01 P:Nvmxdizc V:183 H:310
018228 $C6 $06         DEC $06 [001931] = $0006        A:CD28 X:0CA8 Y:CD28 S:1FC4 D:192B DB:01 P:Nvmxdizc V:183 H:319
01822A $D0 $E9         BNE $018215                     A:CD28 X:0CA8 Y:CD28 S:1FC4 D:192B DB:01 P:nvmxdizc V:183 H:333
018215 $20 $2E $82     JSR $822E [01822E] = $088B      A:CD28 X:0CA8 Y:CD28 S:1FC4 D:192B DB:01 P:nvmxdizc V:183 H:339
01822E $8B             PHB                             A:CD28 X:0CA8 Y:CD28 S:1FC2 D:192B DB:01 P:nvmxdizc V:184 H:10 
01822F $08             PHP                             A:CD28 X:0CA8 Y:CD28 S:1FC1 D:192B DB:01 P:nvmxdizc V:184 H:16 
018230 $C2 $30         REP #$30                        A:CD28 X:0CA8 Y:CD28 S:1FC0 D:192B DB:01 P:nvmxdizc V:184 H:21 
018232 $8B             PHB                             A:CD28 X:0CA8 Y:CD28 S:1FC0 D:192B DB:01 P:nvmxdizc V:184 H:27 
018233 $AD $2B $19     LDA $192B [01192B] = $0CA8      A:CD28 X:0CA8 Y:CD28 S:1FBF D:192B DB:01 P:nvmxdizc V:184 H:32 
018236 $18             CLC                             A:0CA8 X:0CA8 Y:CD28 S:1FBF D:192B DB:01 P:nvmxdizc V:184 H:42 
018237 $69 $20 $CA     ADC #$CA20                      A:0CA8 X:0CA8 Y:CD28 S:1FBF D:192B DB:01 P:nvmxdizc V:184 H:46 
01823A $AA             TAX                             A:D6C8 X:0CA8 Y:CD28 S:1FBF D:192B DB:01 P:Nvmxdizc V:184 H:52 
01823B $AC $2D $19     LDY $192D [01192D] = $CD28      A:D6C8 X:D6C8 Y:CD28 S:1FBF D:192B DB:01 P:Nvmxdizc V:184 H:55 
01823E $A9 $0F $00     LDA #$000F                      A:D6C8 X:D6C8 Y:CD28 S:1FBF D:192B DB:01 P:Nvmxdizc V:184 H:65 
018241 $54 $7F $04     MVN $04 -> $7F                  A:000F X:D6C8 Y:CD28 S:1FBF D:192B DB:01 P:nvmxdizc V:184 H:71 
018241 $54 $7F $04     MVN $04 -> $7F                  A:000E X:D6C9 Y:CD29 S:1FBF D:192B DB:7F P:nvmxdizc V:184 H:84 
018241 $54 $7F $04     MVN $04 -> $7F                  A:000D X:D6CA Y:CD2A S:1FBF D:192B DB:7F P:nvmxdizc V:184 H:97 
018241 $54 $7F $04     MVN $04 -> $7F                  A:000C X:D6CB Y:CD2B S:1FBF D:192B DB:7F P:nvmxdizc V:184 H:110
018241 $54 $7F $04     MVN $04 -> $7F                  A:000B X:D6CC Y:CD2C S:1FBF D:192B DB:7F P:nvmxdizc V:184 H:123
018241 $54 $7F $04     MVN $04 -> $7F                  A:000A X:D6CD Y:CD2D S:1FBF D:192B DB:7F P:nvmxdizc V:184 H:146
018241 $54 $7F $04     MVN $04 -> $7F                  A:0009 X:D6CE Y:CD2E S:1FBF D:192B DB:7F P:nvmxdizc V:184 H:159
018241 $54 $7F $04     MVN $04 -> $7F                  A:0008 X:D6CF Y:CD2F S:1FBF D:192B DB:7F P:nvmxdizc V:184 H:172
018241 $54 $7F $04     MVN $04 -> $7F                  A:0007 X:D6D0 Y:CD30 S:1FBF D:192B DB:7F P:nvmxdizc V:184 H:185
018241 $54 $7F $04     MVN $04 -> $7F                  A:0006 X:D6D1 Y:CD31 S:1FBF D:192B DB:7F P:nvmxdizc V:184 H:198
018241 $54 $7F $04     MVN $04 -> $7F                  A:0005 X:D6D2 Y:CD32 S:1FBF D:192B DB:7F P:nvmxdizc V:184 H:211
018241 $54 $7F $04     MVN $04 -> $7F                  A:0004 X:D6D3 Y:CD33 S:1FBF D:192B DB:7F P:nvmxdizc V:184 H:224
018241 $54 $7F $04     MVN $04 -> $7F                  A:0003 X:D6D4 Y:CD34 S:1FBF D:192B DB:7F P:nvmxdizc V:184 H:237
018241 $54 $7F $04     MVN $04 -> $7F                  A:0002 X:D6D5 Y:CD35 S:1FBF D:192B DB:7F P:nvmxdizc V:184 H:250
018241 $54 $7F $04     MVN $04 -> $7F                  A:0001 X:D6D6 Y:CD36 S:1FBF D:192B DB:7F P:nvmxdizc V:184 H:263
018241 $54 $7F $04     MVN $04 -> $7F                  A:0000 X:D6D7 Y:CD37 S:1FBF D:192B DB:7F P:nvmxdizc V:184 H:276
018244 $AB             PLB                             A:FFFF X:D6D8 Y:CD38 S:1FBF D:192B DB:7F P:nvmxdizc V:184 H:301
018245 $8A             TXA                             A:FFFF X:D6D8 Y:CD38 S:1FC0 D:192B DB:01 P:nvmxdizc V:184 H:308
018246 $38             SEC                             A:D6D8 X:D6D8 Y:CD38 S:1FC0 D:192B DB:01 P:Nvmxdizc V:184 H:312
018247 $E9 $20 $CA     SBC #$CA20                      A:D6D8 X:D6D8 Y:CD38 S:1FC0 D:192B DB:01 P:NvmxdizC V:184 H:315
01824A $AA             TAX                             A:0CB8 X:D6D8 Y:CD38 S:1FC0 D:192B DB:01 P:nvmxdizC V:184 H:321
01824B $E2 $20         SEP #$20                        A:0CB8 X:0CB8 Y:CD38 S:1FC0 D:192B DB:01 P:nvmxdizC V:184 H:324
01824D $C2 $10         REP #$10                        A:0CB8 X:0CB8 Y:CD38 S:1FC0 D:192B DB:01 P:nvMxdizC V:184 H:329
01824F $F4 $7F $00     PEA #$007F                      A:0CB8 X:0CB8 Y:CD38 S:1FC0 D:192B DB:01 P:nvMxdizC V:184 H:335
018252 $AB             PLB                             A:0CB8 X:0CB8 Y:CD38 S:1FBE D:192B DB:01 P:nvMxdizC V:185 H:5  
018253 $68             PLA                             A:0CB8 X:0CB8 Y:CD38 S:1FBF D:192B DB:7F P:nvMxdizC V:185 H:12 
018254 $EB             XBA                             A:0C00 X:0CB8 Y:CD38 S:1FC0 D:192B DB:7F P:nvMxdiZC V:185 H:19 
018255 $A9 $08         LDA #$08                        A:000C X:0CB8 Y:CD38 S:1FC0 D:192B DB:7F P:nvMxdizC V:185 H:24 
018257 $8D $33 $19     STA $1933 [7F1933] = $00        A:0008 X:0CB8 Y:CD38 S:1FC0 D:192B DB:7F P:nvMxdizC V:185 H:28 
01825A $BF $20 $CA $04 LDA $04CA20,X [04D6D8] = $F8    A:0008 X:0CB8 Y:CD38 S:1FC0 D:192B DB:7F P:nvMxdizC V:185 H:36 
01825E $E8             INX                             A:00F8 X:0CB8 Y:CD38 S:1FC0 D:192B DB:7F P:NvMxdizC V:185 H:46 
01825F $99 $00 $00     STA $0000,Y [7FCD38] = $F8      A:00F8 X:0CB9 Y:CD38 S:1FC0 D:192B DB:7F P:nvMxdizC V:185 H:49 
018262 $C8             INY                             A:00F8 X:0CB9 Y:CD38 S:1FC0 D:192B DB:7F P:nvMxdizC V:185 H:59 
018263 $A9 $00         LDA #$00                        A:00F8 X:0CB9 Y:CD39 S:1FC0 D:192B DB:7F P:NvMxdizC V:185 H:62 
018265 $99 $00 $00     STA $0000,Y [7FCD39] = $00      A:0000 X:0CB9 Y:CD39 S:1FC0 D:192B DB:7F P:nvMxdiZC V:185 H:66 
018268 $C8             INY                             A:0000 X:0CB9 Y:CD39 S:1FC0 D:192B DB:7F P:nvMxdiZC V:185 H:76 
018269 $CE $33 $19     DEC $1933 [7F1933] = $08        A:0000 X:0CB9 Y:CD3A S:1FC0 D:192B DB:7F P:NvMxdizC V:185 H:79 
01826C $D0 $EC         BNE $01825A                     A:0000 X:0CB9 Y:CD3A S:1FC0 D:192B DB:7F P:nvMxdizC V:185 H:91 
01825A $BF $20 $CA $04 LDA $04CA20,X [04D6D9] = $F8    A:0000 X:0CB9 Y:CD3A S:1FC0 D:192B DB:7F P:nvMxdizC V:185 H:96 
01825E $E8             INX                             A:00F8 X:0CB9 Y:CD3A S:1FC0 D:192B DB:7F P:NvMxdizC V:185 H:106
01825F $99 $00 $00     STA $0000,Y [7FCD3A] = $F8      A:00F8 X:0CBA Y:CD3A S:1FC0 D:192B DB:7F P:nvMxdizC V:185 H:110
018262 $C8             INY                             A:00F8 X:0CBA Y:CD3A S:1FC0 D:192B DB:7F P:nvMxdizC V:185 H:119
018263 $A9 $00         LDA #$00                        A:00F8 X:0CBA Y:CD3B S:1FC0 D:192B DB:7F P:NvMxdizC V:185 H:123
018265 $99 $00 $00     STA $0000,Y [7FCD3B] = $00      A:0000 X:0CBA Y:CD3B S:1FC0 D:192B DB:7F P:nvMxdiZC V:185 H:127
018268 $C8             INY                             A:0000 X:0CBA Y:CD3B S:1FC0 D:192B DB:7F P:nvMxdiZC V:185 H:146
018269 $CE $33 $19     DEC $1933 [7F1933] = $07        A:0000 X:0CBA Y:CD3C S:1FC0 D:192B DB:7F P:NvMxdizC V:185 H:150
01826C $D0 $EC         BNE $01825A                     A:0000 X:0CBA Y:CD3C S:1FC0 D:192B DB:7F P:nvMxdizC V:185 H:161
01825A $BF $20 $CA $04 LDA $04CA20,X [04D6DA] = $F0    A:0000 X:0CBA Y:CD3C S:1FC0 D:192B DB:7F P:nvMxdizC V:185 H:167
01825E $E8             INX                             A:00F0 X:0CBA Y:CD3C S:1FC0 D:192B DB:7F P:NvMxdizC V:185 H:177
01825F $99 $00 $00     STA $0000,Y [7FCD3C] = $F0      A:00F0 X:0CBB Y:CD3C S:1FC0 D:192B DB:7F P:nvMxdizC V:185 H:180
018262 $C8             INY                             A:00F0 X:0CBB Y:CD3C S:1FC0 D:192B DB:7F P:nvMxdizC V:185 H:190
018263 $A9 $00         LDA #$00                        A:00F0 X:0CBB Y:CD3D S:1FC0 D:192B DB:7F P:NvMxdizC V:185 H:193
018265 $99 $00 $00     STA $0000,Y [7FCD3D] = $00      A:0000 X:0CBB Y:CD3D S:1FC0 D:192B DB:7F P:nvMxdiZC V:185 H:197
018268 $C8             INY                             A:0000 X:0CBB Y:CD3D S:1FC0 D:192B DB:7F P:nvMxdiZC V:185 H:207
018269 $CE $33 $19     DEC $1933 [7F1933] = $06        A:0000 X:0CBB Y:CD3E S:1FC0 D:192B DB:7F P:NvMxdizC V:185 H:210
01826C $D0 $EC         BNE $01825A                     A:0000 X:0CBB Y:CD3E S:1FC0 D:192B DB:7F P:nvMxdizC V:185 H:222
01825A $BF $20 $CA $04 LDA $04CA20,X [04D6DB] = $F0    A:0000 X:0CBB Y:CD3E S:1FC0 D:192B DB:7F P:nvMxdizC V:185 H:227
01825E $E8             INX                             A:00F0 X:0CBB Y:CD3E S:1FC0 D:192B DB:7F P:NvMxdizC V:185 H:237
01825F $99 $00 $00     STA $0000,Y [7FCD3E] = $F0      A:00F0 X:0CBC Y:CD3E S:1FC0 D:192B DB:7F P:nvMxdizC V:185 H:241
018262 $C8             INY                             A:00F0 X:0CBC Y:CD3E S:1FC0 D:192B DB:7F P:nvMxdizC V:185 H:250
018263 $A9 $00         LDA #$00                        A:00F0 X:0CBC Y:CD3F S:1FC0 D:192B DB:7F P:NvMxdizC V:185 H:254
018265 $99 $00 $00     STA $0000,Y [7FCD3F] = $00      A:0000 X:0CBC Y:CD3F S:1FC0 D:192B DB:7F P:nvMxdiZC V:185 H:258
018268 $C8             INY                             A:0000 X:0CBC Y:CD3F S:1FC0 D:192B DB:7F P:nvMxdiZC V:185 H:267
018269 $CE $33 $19     DEC $1933 [7F1933] = $05        A:0000 X:0CBC Y:CD40 S:1FC0 D:192B DB:7F P:NvMxdizC V:185 H:271
01826C $D0 $EC         BNE $01825A                     A:0000 X:0CBC Y:CD40 S:1FC0 D:192B DB:7F P:nvMxdizC V:185 H:296
01825A $BF $20 $CA $04 LDA $04CA20,X [04D6DC] = $E0    A:0000 X:0CBC Y:CD40 S:1FC0 D:192B DB:7F P:nvMxdizC V:185 H:302
01825E $E8             INX                             A:00E0 X:0CBC Y:CD40 S:1FC0 D:192B DB:7F P:NvMxdizC V:185 H:312
01825F $99 $00 $00     STA $0000,Y [7FCD40] = $E0      A:00E0 X:0CBD Y:CD40 S:1FC0 D:192B DB:7F P:nvMxdizC V:185 H:315
018262 $C8             INY                             A:00E0 X:0CBD Y:CD40 S:1FC0 D:192B DB:7F P:nvMxdizC V:185 H:324
018263 $A9 $00         LDA #$00                        A:00E0 X:0CBD Y:CD41 S:1FC0 D:192B DB:7F P:NvMxdizC V:185 H:327
018265 $99 $00 $00     STA $0000,Y [7FCD41] = $00      A:0000 X:0CBD Y:CD41 S:1FC0 D:192B DB:7F P:nvMxdiZC V:185 H:331
018268 $C8             INY                             A:0000 X:0CBD Y:CD41 S:1FC0 D:192B DB:7F P:nvMxdiZC V:186 H:1  
018269 $CE $33 $19     DEC $1933 [7F1933] = $04        A:0000 X:0CBD Y:CD42 S:1FC0 D:192B DB:7F P:NvMxdizC V:186 H:4  
01826C $D0 $EC         BNE $01825A                     A:0000 X:0CBD Y:CD42 S:1FC0 D:192B DB:7F P:nvMxdizC V:186 H:16 
01825A $BF $20 $CA $04 LDA $04CA20,X [04D6DD] = $C0    A:0000 X:0CBD Y:CD42 S:1FC0 D:192B DB:7F P:nvMxdizC V:186 H:21 
01825E $E8             INX                             A:00C0 X:0CBD Y:CD42 S:1FC0 D:192B DB:7F P:NvMxdizC V:186 H:31 
01825F $99 $00 $00     STA $0000,Y [7FCD42] = $C0      A:00C0 X:0CBE Y:CD42 S:1FC0 D:192B DB:7F P:nvMxdizC V:186 H:35 
018262 $C8             INY                             A:00C0 X:0CBE Y:CD42 S:1FC0 D:192B DB:7F P:nvMxdizC V:186 H:44 
018263 $A9 $00         LDA #$00                        A:00C0 X:0CBE Y:CD43 S:1FC0 D:192B DB:7F P:NvMxdizC V:186 H:48 
018265 $99 $00 $00     STA $0000,Y [7FCD43] = $00      A:0000 X:0CBE Y:CD43 S:1FC0 D:192B DB:7F P:nvMxdiZC V:186 H:52 
018268 $C8             INY                             A:0000 X:0CBE Y:CD43 S:1FC0 D:192B DB:7F P:nvMxdiZC V:186 H:61 
018269 $CE $33 $19     DEC $1933 [7F1933] = $03        A:0000 X:0CBE Y:CD44 S:1FC0 D:192B DB:7F P:NvMxdizC V:186 H:65 
01826C $D0 $EC         BNE $01825A                     A:0000 X:0CBE Y:CD44 S:1FC0 D:192B DB:7F P:nvMxdizC V:186 H:76 
01825A $BF $20 $CA $04 LDA $04CA20,X [04D6DE] = $00    A:0000 X:0CBE Y:CD44 S:1FC0 D:192B DB:7F P:nvMxdizC V:186 H:82 
01825E $E8             INX                             A:0000 X:0CBE Y:CD44 S:1FC0 D:192B DB:7F P:nvMxdiZC V:186 H:92 
01825F $99 $00 $00     STA $0000,Y [7FCD44] = $00      A:0000 X:0CBF Y:CD44 S:1FC0 D:192B DB:7F P:nvMxdizC V:186 H:95 
018262 $C8             INY                             A:0000 X:0CBF Y:CD44 S:1FC0 D:192B DB:7F P:nvMxdizC V:186 H:105
018263 $A9 $00         LDA #$00                        A:0000 X:0CBF Y:CD45 S:1FC0 D:192B DB:7F P:NvMxdizC V:186 H:108
018265 $99 $00 $00     STA $0000,Y [7FCD45] = $00      A:0000 X:0CBF Y:CD45 S:1FC0 D:192B DB:7F P:nvMxdiZC V:186 H:112
018268 $C8             INY                             A:0000 X:0CBF Y:CD45 S:1FC0 D:192B DB:7F P:nvMxdiZC V:186 H:122
018269 $CE $33 $19     DEC $1933 [7F1933] = $02        A:0000 X:0CBF Y:CD46 S:1FC0 D:192B DB:7F P:NvMxdizC V:186 H:125
01826C $D0 $EC         BNE $01825A                     A:0000 X:0CBF Y:CD46 S:1FC0 D:192B DB:7F P:nvMxdizC V:186 H:147
01825A $BF $20 $CA $04 LDA $04CA20,X [04D6DF] = $00    A:0000 X:0CBF Y:CD46 S:1FC0 D:192B DB:7F P:nvMxdizC V:186 H:152
01825E $E8             INX                             A:0000 X:0CBF Y:CD46 S:1FC0 D:192B DB:7F P:nvMxdiZC V:186 H:162
01825F $99 $00 $00     STA $0000,Y [7FCD46] = $00      A:0000 X:0CC0 Y:CD46 S:1FC0 D:192B DB:7F P:nvMxdizC V:186 H:166
018262 $C8             INY                             A:0000 X:0CC0 Y:CD46 S:1FC0 D:192B DB:7F P:nvMxdizC V:186 H:175
018263 $A9 $00         LDA #$00                        A:0000 X:0CC0 Y:CD47 S:1FC0 D:192B DB:7F P:NvMxdizC V:186 H:179
018265 $99 $00 $00     STA $0000,Y [7FCD47] = $00      A:0000 X:0CC0 Y:CD47 S:1FC0 D:192B DB:7F P:nvMxdiZC V:186 H:183
018268 $C8             INY                             A:0000 X:0CC0 Y:CD47 S:1FC0 D:192B DB:7F P:nvMxdiZC V:186 H:192
018269 $CE $33 $19     DEC $1933 [7F1933] = $01        A:0000 X:0CC0 Y:CD48 S:1FC0 D:192B DB:7F P:NvMxdizC V:186 H:196
01826C $D0 $EC         BNE $01825A                     A:0000 X:0CC0 Y:CD48 S:1FC0 D:192B DB:7F P:nvMxdiZC V:186 H:207
01826E $28             PLP                             A:0000 X:0CC0 Y:CD48 S:1FC0 D:192B DB:7F P:nvMxdiZC V:186 H:211
01826F $AB             PLB                             A:0000 X:0CC0 Y:CD48 S:1FC1 D:192B DB:7F P:nvmxdizc V:186 H:218
018270 $60             RTS                             A:0000 X:0CC0 Y:CD48 S:1FC2 D:192B DB:01 P:nvmxdizc V:186 H:225
018218 $A5 $00         LDA $00 [00192B] = $0CA8        A:0000 X:0CC0 Y:CD48 S:1FC4 D:192B DB:01 P:nvmxdizc V:186 H:236
01821A $18             CLC                             A:0CA8 X:0CC0 Y:CD48 S:1FC4 D:192B DB:01 P:nvmxdizc V:186 H:245
01821B $69 $18 $00     ADC #$0018                      A:0CA8 X:0CC0 Y:CD48 S:1FC4 D:192B DB:01 P:nvmxdizc V:186 H:249
01821E $85 $00         STA $00 [00192B] = $0CA8        A:0CC0 X:0CC0 Y:CD48 S:1FC4 D:192B DB:01 P:nvmxdizc V:186 H:255
018220 $A5 $02         LDA $02 [00192D] = $CD28        A:0CC0 X:0CC0 Y:CD48 S:1FC4 D:192B DB:01 P:nvmxdizc V:186 H:264
018222 $18             CLC                             A:CD28 X:0CC0 Y:CD48 S:1FC4 D:192B DB:01 P:Nvmxdizc V:186 H:274
018223 $69 $20 $00     ADC #$0020                      A:CD28 X:0CC0 Y:CD48 S:1FC4 D:192B DB:01 P:Nvmxdizc V:186 H:289
018226 $85 $02         STA $02 [00192D] = $CD28        A:CD48 X:0CC0 Y:CD48 S:1FC4 D:192B DB:01 P:Nvmxdizc V:186 H:295
018228 $C6 $06         DEC $06 [001931] = $0005        A:CD48 X:0CC0 Y:CD48 S:1FC4 D:192B DB:01 P:Nvmxdizc V:186 H:305
01822A $D0 $E9         BNE $018215                     A:CD48 X:0CC0 Y:CD48 S:1FC4 D:192B DB:01 P:nvmxdizc V:186 H:320
018215 $20 $2E $82     JSR $822E [01822E] = $088B      A:CD48 X:0CC0 Y:CD48 S:1FC4 D:192B DB:01 P:nvmxdizc V:186 H:325
01822E $8B             PHB                             A:CD48 X:0CC0 Y:CD48 S:1FC2 D:192B DB:01 P:nvmxdizc V:186 H:336
01822F $08             PHP                             A:CD48 X:0CC0 Y:CD48 S:1FC1 D:192B DB:01 P:nvmxdizc V:187 H:1  
018230 $C2 $30         REP #$30                        A:CD48 X:0CC0 Y:CD48 S:1FC0 D:192B DB:01 P:nvmxdizc V:187 H:7  
018232 $8B             PHB                             A:CD48 X:0CC0 Y:CD48 S:1FC0 D:192B DB:01 P:nvmxdizc V:187 H:12 
018233 $AD $2B $19     LDA $192B [01192B] = $0CC0      A:CD48 X:0CC0 Y:CD48 S:1FBF D:192B DB:01 P:nvmxdizc V:187 H:18 
018236 $18             CLC                             A:0CC0 X:0CC0 Y:CD48 S:1FBF D:192B DB:01 P:nvmxdizc V:187 H:28 
018237 $69 $20 $CA     ADC #$CA20                      A:0CC0 X:0CC0 Y:CD48 S:1FBF D:192B DB:01 P:nvmxdizc V:187 H:31 
01823A $AA             TAX                             A:D6E0 X:0CC0 Y:CD48 S:1FBF D:192B DB:01 P:Nvmxdizc V:187 H:37 
01823B $AC $2D $19     LDY $192D [01192D] = $CD48      A:D6E0 X:D6E0 Y:CD48 S:1FBF D:192B DB:01 P:Nvmxdizc V:187 H:41 
01823E $A9 $0F $00     LDA #$000F                      A:D6E0 X:D6E0 Y:CD48 S:1FBF D:192B DB:01 P:Nvmxdizc V:187 H:51 
018241 $54 $7F $04     MVN $04 -> $7F                  A:000F X:D6E0 Y:CD48 S:1FBF D:192B DB:01 P:nvmxdizc V:187 H:57 
018241 $54 $7F $04     MVN $04 -> $7F                  A:000E X:D6E1 Y:CD49 S:1FBF D:192B DB:7F P:nvmxdizc V:187 H:70 
018241 $54 $7F $04     MVN $04 -> $7F                  A:000D X:D6E2 Y:CD4A S:1FBF D:192B DB:7F P:nvmxdizc V:187 H:83 
018241 $54 $7F $04     MVN $04 -> $7F                  A:000C X:D6E3 Y:CD4B S:1FBF D:192B DB:7F P:nvmxdizc V:187 H:96 
018241 $54 $7F $04     MVN $04 -> $7F                  A:000B X:D6E4 Y:CD4C S:1FBF D:192B DB:7F P:nvmxdizc V:187 H:109
018241 $54 $7F $04     MVN $04 -> $7F                  A:000A X:D6E5 Y:CD4D S:1FBF D:192B DB:7F P:nvmxdizc V:187 H:122
018241 $54 $7F $04     MVN $04 -> $7F                  A:0009 X:D6E6 Y:CD4E S:1FBF D:192B DB:7F P:nvmxdizc V:187 H:145
018241 $54 $7F $04     MVN $04 -> $7F                  A:0008 X:D6E7 Y:CD4F S:1FBF D:192B DB:7F P:nvmxdizc V:187 H:158
018241 $54 $7F $04     MVN $04 -> $7F                  A:0007 X:D6E8 Y:CD50 S:1FBF D:192B DB:7F P:nvmxdizc V:187 H:171
018241 $54 $7F $04     MVN $04 -> $7F                  A:0006 X:D6E9 Y:CD51 S:1FBF D:192B DB:7F P:nvmxdizc V:187 H:184
018241 $54 $7F $04     MVN $04 -> $7F                  A:0005 X:D6EA Y:CD52 S:1FBF D:192B DB:7F P:nvmxdizc V:187 H:197
018241 $54 $7F $04     MVN $04 -> $7F                  A:0004 X:D6EB Y:CD53 S:1FBF D:192B DB:7F P:nvmxdizc V:187 H:210
018241 $54 $7F $04     MVN $04 -> $7F                  A:0003 X:D6EC Y:CD54 S:1FBF D:192B DB:7F P:nvmxdizc V:187 H:223
018241 $54 $7F $04     MVN $04 -> $7F                  A:0002 X:D6ED Y:CD55 S:1FBF D:192B DB:7F P:nvmxdizc V:187 H:236
018241 $54 $7F $04     MVN $04 -> $7F                  A:0001 X:D6EE Y:CD56 S:1FBF D:192B DB:7F P:nvmxdizc V:187 H:249
018241 $54 $7F $04     MVN $04 -> $7F                  A:0000 X:D6EF Y:CD57 S:1FBF D:192B DB:7F P:nvmxdizc V:187 H:262
018244 $AB             PLB                             A:FFFF X:D6F0 Y:CD58 S:1FBF D:192B DB:7F P:nvmxdizc V:187 H:275
018245 $8A             TXA                             A:FFFF X:D6F0 Y:CD58 S:1FC0 D:192B DB:01 P:nvmxdizc V:187 H:295
018246 $38             SEC                             A:D6F0 X:D6F0 Y:CD58 S:1FC0 D:192B DB:01 P:Nvmxdizc V:187 H:299
018247 $E9 $20 $CA     SBC #$CA20                      A:D6F0 X:D6F0 Y:CD58 S:1FC0 D:192B DB:01 P:NvmxdizC V:187 H:302
01824A $AA             TAX                             A:0CD0 X:D6F0 Y:CD58 S:1FC0 D:192B DB:01 P:nvmxdizC V:187 H:308
01824B $E2 $20         SEP #$20                        A:0CD0 X:0CD0 Y:CD58 S:1FC0 D:192B DB:01 P:nvmxdizC V:187 H:312
01824D $C2 $10         REP #$10                        A:0CD0 X:0CD0 Y:CD58 S:1FC0 D:192B DB:01 P:nvMxdizC V:187 H:317
01824F $F4 $7F $00     PEA #$007F                      A:0CD0 X:0CD0 Y:CD58 S:1FC0 D:192B DB:01 P:nvMxdizC V:187 H:323
018252 $AB             PLB                             A:0CD0 X:0CD0 Y:CD58 S:1FBE D:192B DB:01 P:nvMxdizC V:187 H:332
018253 $68             PLA                             A:0CD0 X:0CD0 Y:CD58 S:1FBF D:192B DB:7F P:nvMxdizC V:187 H:339
018254 $EB             XBA                             A:0C00 X:0CD0 Y:CD58 S:1FC0 D:192B DB:7F P:nvMxdiZC V:188 H:6  
018255 $A9 $08         LDA #$08                        A:000C X:0CD0 Y:CD58 S:1FC0 D:192B DB:7F P:nvMxdizC V:188 H:11 
018257 $8D $33 $19     STA $1933 [7F1933] = $00        A:0008 X:0CD0 Y:CD58 S:1FC0 D:192B DB:7F P:nvMxdizC V:188 H:15 
01825A $BF $20 $CA $04 LDA $04CA20,X [04D6F0] = $00    A:0008 X:0CD0 Y:CD58 S:1FC0 D:192B DB:7F P:nvMxdizC V:188 H:23 
01825E $E8             INX                             A:0000 X:0CD0 Y:CD58 S:1FC0 D:192B DB:7F P:nvMxdiZC V:188 H:33 
01825F $99 $00 $00     STA $0000,Y [7FCD58] = $00      A:0000 X:0CD1 Y:CD58 S:1FC0 D:192B DB:7F P:nvMxdizC V:188 H:36 
018262 $C8             INY                             A:0000 X:0CD1 Y:CD58 S:1FC0 D:192B DB:7F P:nvMxdizC V:188 H:46 
018263 $A9 $00         LDA #$00                        A:0000 X:0CD1 Y:CD59 S:1FC0 D:192B DB:7F P:NvMxdizC V:188 H:49 
018265 $99 $00 $00     STA $0000,Y [7FCD59] = $00      A:0000 X:0CD1 Y:CD59 S:1FC0 D:192B DB:7F P:nvMxdiZC V:188 H:53 
018268 $C8             INY                             A:0000 X:0CD1 Y:CD59 S:1FC0 D:192B DB:7F P:nvMxdiZC V:188 H:63 
018269 $CE $33 $19     DEC $1933 [7F1933] = $08        A:0000 X:0CD1 Y:CD5A S:1FC0 D:192B DB:7F P:NvMxdizC V:188 H:66 
01826C $D0 $EC         BNE $01825A                     A:0000 X:0CD1 Y:CD5A S:1FC0 D:192B DB:7F P:nvMxdizC V:188 H:78 
01825A $BF $20 $CA $04 LDA $04CA20,X [04D6F1] = $00    A:0000 X:0CD1 Y:CD5A S:1FC0 D:192B DB:7F P:nvMxdizC V:188 H:83 
01825E $E8             INX                             A:0000 X:0CD1 Y:CD5A S:1FC0 D:192B DB:7F P:nvMxdiZC V:188 H:93 
01825F $99 $00 $00     STA $0000,Y [7FCD5A] = $00      A:0000 X:0CD2 Y:CD5A S:1FC0 D:192B DB:7F P:nvMxdizC V:188 H:97 
018262 $C8             INY                             A:0000 X:0CD2 Y:CD5A S:1FC0 D:192B DB:7F P:nvMxdizC V:188 H:106
018263 $A9 $00         LDA #$00                        A:0000 X:0CD2 Y:CD5B S:1FC0 D:192B DB:7F P:NvMxdizC V:188 H:110
018265 $99 $00 $00     STA $0000,Y [7FCD5B] = $00      A:0000 X:0CD2 Y:CD5B S:1FC0 D:192B DB:7F P:nvMxdiZC V:188 H:114
018268 $C8             INY                             A:0000 X:0CD2 Y:CD5B S:1FC0 D:192B DB:7F P:nvMxdiZC V:188 H:123
018269 $CE $33 $19     DEC $1933 [7F1933] = $07        A:0000 X:0CD2 Y:CD5C S:1FC0 D:192B DB:7F P:NvMxdizC V:188 H:127
01826C $D0 $EC         BNE $01825A                     A:0000 X:0CD2 Y:CD5C S:1FC0 D:192B DB:7F P:nvMxdizC V:188 H:148
01825A $BF $20 $CA $04 LDA $04CA20,X [04D6F2] = $01    A:0000 X:0CD2 Y:CD5C S:1FC0 D:192B DB:7F P:nvMxdizC V:188 H:154
01825E $E8             INX                             A:0001 X:0CD2 Y:CD5C S:1FC0 D:192B DB:7F P:nvMxdizC V:188 H:164
01825F $99 $00 $00     STA $0000,Y [7FCD5C] = $01      A:0001 X:0CD3 Y:CD5C S:1FC0 D:192B DB:7F P:nvMxdizC V:188 H:167
018262 $C8             INY                             A:0001 X:0CD3 Y:CD5C S:1FC0 D:192B DB:7F P:nvMxdizC V:188 H:177
018263 $A9 $00         LDA #$00                        A:0001 X:0CD3 Y:CD5D S:1FC0 D:192B DB:7F P:NvMxdizC V:188 H:180
018265 $99 $00 $00     STA $0000,Y [7FCD5D] = $00      A:0000 X:0CD3 Y:CD5D S:1FC0 D:192B DB:7F P:nvMxdiZC V:188 H:184
018268 $C8             INY                             A:0000 X:0CD3 Y:CD5D S:1FC0 D:192B DB:7F P:nvMxdiZC V:188 H:194
018269 $CE $33 $19     DEC $1933 [7F1933] = $06        A:0000 X:0CD3 Y:CD5E S:1FC0 D:192B DB:7F P:NvMxdizC V:188 H:197
01826C $D0 $EC         BNE $01825A                     A:0000 X:0CD3 Y:CD5E S:1FC0 D:192B DB:7F P:nvMxdizC V:188 H:209
01825A $BF $20 $CA $04 LDA $04CA20,X [04D6F3] = $00    A:0000 X:0CD3 Y:CD5E S:1FC0 D:192B DB:7F P:nvMxdizC V:188 H:214
01825E $E8             INX                             A:0000 X:0CD3 Y:CD5E S:1FC0 D:192B DB:7F P:nvMxdiZC V:188 H:224
01825F $99 $00 $00     STA $0000,Y [7FCD5E] = $00      A:0000 X:0CD4 Y:CD5E S:1FC0 D:192B DB:7F P:nvMxdizC V:188 H:228
018262 $C8             INY                             A:0000 X:0CD4 Y:CD5E S:1FC0 D:192B DB:7F P:nvMxdizC V:188 H:237
018263 $A9 $00         LDA #$00                        A:0000 X:0CD4 Y:CD5F S:1FC0 D:192B DB:7F P:NvMxdizC V:188 H:241
018265 $99 $00 $00     STA $0000,Y [7FCD5F] = $00      A:0000 X:0CD4 Y:CD5F S:1FC0 D:192B DB:7F P:nvMxdiZC V:188 H:245
018268 $C8             INY                             A:0000 X:0CD4 Y:CD5F S:1FC0 D:192B DB:7F P:nvMxdiZC V:188 H:254
018269 $CE $33 $19     DEC $1933 [7F1933] = $05        A:0000 X:0CD4 Y:CD60 S:1FC0 D:192B DB:7F P:NvMxdizC V:188 H:258
01826C $D0 $EC         BNE $01825A                     A:0000 X:0CD4 Y:CD60 S:1FC0 D:192B DB:7F P:nvMxdizC V:188 H:269
01825A $BF $20 $CA $04 LDA $04CA20,X [04D6F4] = $01    A:0000 X:0CD4 Y:CD60 S:1FC0 D:192B DB:7F P:nvMxdizC V:188 H:275
01825E $E8             INX                             A:0001 X:0CD4 Y:CD60 S:1FC0 D:192B DB:7F P:nvMxdizC V:188 H:297
01825F $99 $00 $00     STA $0000,Y [7FCD60] = $01      A:0001 X:0CD5 Y:CD60 S:1FC0 D:192B DB:7F P:nvMxdizC V:188 H:300
018262 $C8             INY                             A:0001 X:0CD5 Y:CD60 S:1FC0 D:192B DB:7F P:nvMxdizC V:188 H:310
018263 $A9 $00         LDA #$00                        A:0001 X:0CD5 Y:CD61 S:1FC0 D:192B DB:7F P:NvMxdizC V:188 H:313
018265 $99 $00 $00     STA $0000,Y [7FCD61] = $00      A:0000 X:0CD5 Y:CD61 S:1FC0 D:192B DB:7F P:nvMxdiZC V:188 H:317
018268 $C8             INY                             A:0000 X:0CD5 Y:CD61 S:1FC0 D:192B DB:7F P:nvMxdiZC V:188 H:326
018269 $CE $33 $19     DEC $1933 [7F1933] = $04        A:0000 X:0CD5 Y:CD62 S:1FC0 D:192B DB:7F P:NvMxdizC V:188 H:329
01826C $D0 $EC         BNE $01825A                     A:0000 X:0CD5 Y:CD62 S:1FC0 D:192B DB:7F P:nvMxdizC V:189 H:1  
01825A $BF $20 $CA $04 LDA $04CA20,X [04D6F5] = $07    A:0000 X:0CD5 Y:CD62 S:1FC0 D:192B DB:7F P:nvMxdizC V:189 H:6  
01825E $E8             INX                             A:0007 X:0CD5 Y:CD62 S:1FC0 D:192B DB:7F P:nvMxdizC V:189 H:16 
01825F $99 $00 $00     STA $0000,Y [7FCD62] = $07      A:0007 X:0CD6 Y:CD62 S:1FC0 D:192B DB:7F P:nvMxdizC V:189 H:20 
018262 $C8             INY                             A:0007 X:0CD6 Y:CD62 S:1FC0 D:192B DB:7F P:nvMxdizC V:189 H:29 
018263 $A9 $00         LDA #$00                        A:0007 X:0CD6 Y:CD63 S:1FC0 D:192B DB:7F P:NvMxdizC V:189 H:33 
018265 $99 $00 $00     STA $0000,Y [7FCD63] = $00      A:0000 X:0CD6 Y:CD63 S:1FC0 D:192B DB:7F P:nvMxdiZC V:189 H:37 
018268 $C8             INY                             A:0000 X:0CD6 Y:CD63 S:1FC0 D:192B DB:7F P:nvMxdiZC V:189 H:46 
018269 $CE $33 $19     DEC $1933 [7F1933] = $03        A:0000 X:0CD6 Y:CD64 S:1FC0 D:192B DB:7F P:NvMxdizC V:189 H:50 
01826C $D0 $EC         BNE $01825A                     A:0000 X:0CD6 Y:CD64 S:1FC0 D:192B DB:7F P:nvMxdizC V:189 H:61 
01825A $BF $20 $CA $04 LDA $04CA20,X [04D6F6] = $0C    A:0000 X:0CD6 Y:CD64 S:1FC0 D:192B DB:7F P:nvMxdizC V:189 H:67 
01825E $E8             INX                             A:000C X:0CD6 Y:CD64 S:1FC0 D:192B DB:7F P:nvMxdizC V:189 H:77 
01825F $99 $00 $00     STA $0000,Y [7FCD64] = $0C      A:000C X:0CD7 Y:CD64 S:1FC0 D:192B DB:7F P:nvMxdizC V:189 H:80 
018262 $C8             INY                             A:000C X:0CD7 Y:CD64 S:1FC0 D:192B DB:7F P:nvMxdizC V:189 H:90 
018263 $A9 $00         LDA #$00                        A:000C X:0CD7 Y:CD65 S:1FC0 D:192B DB:7F P:NvMxdizC V:189 H:93 
018265 $99 $00 $00     STA $0000,Y [7FCD65] = $00      A:0000 X:0CD7 Y:CD65 S:1FC0 D:192B DB:7F P:nvMxdiZC V:189 H:97 
018268 $C8             INY                             A:0000 X:0CD7 Y:CD65 S:1FC0 D:192B DB:7F P:nvMxdiZC V:189 H:107
018269 $CE $33 $19     DEC $1933 [7F1933] = $02        A:0000 X:0CD7 Y:CD66 S:1FC0 D:192B DB:7F P:NvMxdizC V:189 H:110
01826C $D0 $EC         BNE $01825A                     A:0000 X:0CD7 Y:CD66 S:1FC0 D:192B DB:7F P:nvMxdizC V:189 H:122
01825A $BF $20 $CA $04 LDA $04CA20,X [04D6F7] = $09    A:0000 X:0CD7 Y:CD66 S:1FC0 D:192B DB:7F P:nvMxdizC V:189 H:127
01825E $E8             INX                             A:0009 X:0CD7 Y:CD66 S:1FC0 D:192B DB:7F P:nvMxdizC V:189 H:147
01825F $99 $00 $00     STA $0000,Y [7FCD66] = $09      A:0009 X:0CD8 Y:CD66 S:1FC0 D:192B DB:7F P:nvMxdizC V:189 H:151
018262 $C8             INY                             A:0009 X:0CD8 Y:CD66 S:1FC0 D:192B DB:7F P:nvMxdizC V:189 H:160
018263 $A9 $00         LDA #$00                        A:0009 X:0CD8 Y:CD67 S:1FC0 D:192B DB:7F P:NvMxdizC V:189 H:164
018265 $99 $00 $00     STA $0000,Y [7FCD67] = $00      A:0000 X:0CD8 Y:CD67 S:1FC0 D:192B DB:7F P:nvMxdiZC V:189 H:168
018268 $C8             INY                             A:0000 X:0CD8 Y:CD67 S:1FC0 D:192B DB:7F P:nvMxdiZC V:189 H:177
018269 $CE $33 $19     DEC $1933 [7F1933] = $01        A:0000 X:0CD8 Y:CD68 S:1FC0 D:192B DB:7F P:NvMxdizC V:189 H:181
01826C $D0 $EC         BNE $01825A                     A:0000 X:0CD8 Y:CD68 S:1FC0 D:192B DB:7F P:nvMxdiZC V:189 H:192
01826E $28             PLP                             A:0000 X:0CD8 Y:CD68 S:1FC0 D:192B DB:7F P:nvMxdiZC V:189 H:196
01826F $AB             PLB                             A:0000 X:0CD8 Y:CD68 S:1FC1 D:192B DB:7F P:nvmxdizc V:189 H:203
018270 $60             RTS                             A:0000 X:0CD8 Y:CD68 S:1FC2 D:192B DB:01 P:nvmxdizc V:189 H:210
018218 $A5 $00         LDA $00 [00192B] = $0CC0        A:0000 X:0CD8 Y:CD68 S:1FC4 D:192B DB:01 P:nvmxdizc V:189 H:221
01821A $18             CLC                             A:0CC0 X:0CD8 Y:CD68 S:1FC4 D:192B DB:01 P:nvmxdizc V:189 H:230
01821B $69 $18 $00     ADC #$0018                      A:0CC0 X:0CD8 Y:CD68 S:1FC4 D:192B DB:01 P:nvmxdizc V:189 H:234
01821E $85 $00         STA $00 [00192B] = $0CC0        A:0CD8 X:0CD8 Y:CD68 S:1FC4 D:192B DB:01 P:nvmxdizc V:189 H:240
018220 $A5 $02         LDA $02 [00192D] = $CD48        A:0CD8 X:0CD8 Y:CD68 S:1FC4 D:192B DB:01 P:nvmxdizc V:189 H:249
018222 $18             CLC                             A:CD48 X:0CD8 Y:CD68 S:1FC4 D:192B DB:01 P:Nvmxdizc V:189 H:259
018223 $69 $20 $00     ADC #$0020                      A:CD48 X:0CD8 Y:CD68 S:1FC4 D:192B DB:01 P:Nvmxdizc V:189 H:262
018226 $85 $02         STA $02 [00192D] = $CD48        A:CD68 X:0CD8 Y:CD68 S:1FC4 D:192B DB:01 P:Nvmxdizc V:189 H:268
018228 $C6 $06         DEC $06 [001931] = $0004        A:CD68 X:0CD8 Y:CD68 S:1FC4 D:192B DB:01 P:Nvmxdizc V:189 H:290
01822A $D0 $E9         BNE $018215                     A:CD68 X:0CD8 Y:CD68 S:1FC4 D:192B DB:01 P:nvmxdizc V:189 H:305
018215 $20 $2E $82     JSR $822E [01822E] = $088B      A:CD68 X:0CD8 Y:CD68 S:1FC4 D:192B DB:01 P:nvmxdizc V:189 H:310
01822E $8B             PHB                             A:CD68 X:0CD8 Y:CD68 S:1FC2 D:192B DB:01 P:nvmxdizc V:189 H:322
01822F $08             PHP                             A:CD68 X:0CD8 Y:CD68 S:1FC1 D:192B DB:01 P:nvmxdizc V:189 H:327
018230 $C2 $30         REP #$30                        A:CD68 X:0CD8 Y:CD68 S:1FC0 D:192B DB:01 P:nvmxdizc V:189 H:332
018232 $8B             PHB                             A:CD68 X:0CD8 Y:CD68 S:1FC0 D:192B DB:01 P:nvmxdizc V:189 H:337
018233 $AD $2B $19     LDA $192B [01192B] = $0CD8      A:CD68 X:0CD8 Y:CD68 S:1FBF D:192B DB:01 P:nvmxdizc V:190 H:3  
018236 $18             CLC                             A:0CD8 X:0CD8 Y:CD68 S:1FBF D:192B DB:01 P:nvmxdizc V:190 H:13 
018237 $69 $20 $CA     ADC #$CA20                      A:0CD8 X:0CD8 Y:CD68 S:1FBF D:192B DB:01 P:nvmxdizc V:190 H:16 
01823A $AA             TAX                             A:D6F8 X:0CD8 Y:CD68 S:1FBF D:192B DB:01 P:Nvmxdizc V:190 H:22 
01823B $AC $2D $19     LDY $192D [01192D] = $CD68      A:D6F8 X:D6F8 Y:CD68 S:1FBF D:192B DB:01 P:Nvmxdizc V:190 H:26 
01823E $A9 $0F $00     LDA #$000F                      A:D6F8 X:D6F8 Y:CD68 S:1FBF D:192B DB:01 P:Nvmxdizc V:190 H:36 
018241 $54 $7F $04     MVN $04 -> $7F                  A:000F X:D6F8 Y:CD68 S:1FBF D:192B DB:01 P:nvmxdizc V:190 H:42 
018241 $54 $7F $04     MVN $04 -> $7F                  A:000E X:D6F9 Y:CD69 S:1FBF D:192B DB:7F P:nvmxdizc V:190 H:55 
018241 $54 $7F $04     MVN $04 -> $7F                  A:000D X:D6FA Y:CD6A S:1FBF D:192B DB:7F P:nvmxdizc V:190 H:68 
018241 $54 $7F $04     MVN $04 -> $7F                  A:000C X:D6FB Y:CD6B S:1FBF D:192B DB:7F P:nvmxdizc V:190 H:81 
018241 $54 $7F $04     MVN $04 -> $7F                  A:000B X:D6FC Y:CD6C S:1FBF D:192B DB:7F P:nvmxdizc V:190 H:94 
018241 $54 $7F $04     MVN $04 -> $7F                  A:000A X:D6FD Y:CD6D S:1FBF D:192B DB:7F P:nvmxdizc V:190 H:107
018241 $54 $7F $04     MVN $04 -> $7F                  A:0009 X:D6FE Y:CD6E S:1FBF D:192B DB:7F P:nvmxdizc V:190 H:120
018241 $54 $7F $04     MVN $04 -> $7F                  A:0008 X:D6FF Y:CD6F S:1FBF D:192B DB:7F P:nvmxdizc V:190 H:133
018241 $54 $7F $04     MVN $04 -> $7F                  A:0007 X:D700 Y:CD70 S:1FBF D:192B DB:7F P:nvmxdizc V:190 H:156
018241 $54 $7F $04     MVN $04 -> $7F                  A:0006 X:D701 Y:CD71 S:1FBF D:192B DB:7F P:nvmxdizc V:190 H:169
018241 $54 $7F $04     MVN $04 -> $7F                  A:0005 X:D702 Y:CD72 S:1FBF D:192B DB:7F P:nvmxdizc V:190 H:182
018241 $54 $7F $04     MVN $04 -> $7F                  A:0004 X:D703 Y:CD73 S:1FBF D:192B DB:7F P:nvmxdizc V:190 H:195
018241 $54 $7F $04     MVN $04 -> $7F                  A:0003 X:D704 Y:CD74 S:1FBF D:192B DB:7F P:nvmxdizc V:190 H:208
018241 $54 $7F $04     MVN $04 -> $7F                  A:0002 X:D705 Y:CD75 S:1FBF D:192B DB:7F P:nvmxdizc V:190 H:221
018241 $54 $7F $04     MVN $04 -> $7F                  A:0001 X:D706 Y:CD76 S:1FBF D:192B DB:7F P:nvmxdizc V:190 H:234
018241 $54 $7F $04     MVN $04 -> $7F                  A:0000 X:D707 Y:CD77 S:1FBF D:192B DB:7F P:nvmxdizc V:190 H:247
018244 $AB             PLB                             A:FFFF X:D708 Y:CD78 S:1FBF D:192B DB:7F P:nvmxdizc V:190 H:260
018245 $8A             TXA                             A:FFFF X:D708 Y:CD78 S:1FC0 D:192B DB:01 P:nvmxdizc V:190 H:267
018246 $38             SEC                             A:D708 X:D708 Y:CD78 S:1FC0 D:192B DB:01 P:Nvmxdizc V:190 H:270
018247 $E9 $20 $CA     SBC #$CA20                      A:D708 X:D708 Y:CD78 S:1FC0 D:192B DB:01 P:NvmxdizC V:190 H:274
01824A $AA             TAX                             A:0CE8 X:D708 Y:CD78 S:1FC0 D:192B DB:01 P:nvmxdizC V:190 H:294
01824B $E2 $20         SEP #$20                        A:0CE8 X:0CE8 Y:CD78 S:1FC0 D:192B DB:01 P:nvmxdizC V:190 H:297
01824D $C2 $10         REP #$10                        A:0CE8 X:0CE8 Y:CD78 S:1FC0 D:192B DB:01 P:nvMxdizC V:190 H:303
01824F $F4 $7F $00     PEA #$007F                      A:0CE8 X:0CE8 Y:CD78 S:1FC0 D:192B DB:01 P:nvMxdizC V:190 H:308
018252 $AB             PLB                             A:0CE8 X:0CE8 Y:CD78 S:1FBE D:192B DB:01 P:nvMxdizC V:190 H:318
018253 $68             PLA                             A:0CE8 X:0CE8 Y:CD78 S:1FBF D:192B DB:7F P:nvMxdizC V:190 H:325
018254 $EB             XBA                             A:0C00 X:0CE8 Y:CD78 S:1FC0 D:192B DB:7F P:nvMxdiZC V:190 H:331
018255 $A9 $08         LDA #$08                        A:000C X:0CE8 Y:CD78 S:1FC0 D:192B DB:7F P:nvMxdizC V:190 H:336
018257 $8D $33 $19     STA $1933 [7F1933] = $00        A:0008 X:0CE8 Y:CD78 S:1FC0 D:192B DB:7F P:nvMxdizC V:191 H:0  
01825A $BF $20 $CA $04 LDA $04CA20,X [04D708] = $00    A:0008 X:0CE8 Y:CD78 S:1FC0 D:192B DB:7F P:nvMxdizC V:191 H:8  
01825E $E8             INX                             A:0000 X:0CE8 Y:CD78 S:1FC0 D:192B DB:7F P:nvMxdiZC V:191 H:18 
01825F $99 $00 $00     STA $0000,Y [7FCD78] = $00      A:0000 X:0CE9 Y:CD78 S:1FC0 D:192B DB:7F P:nvMxdizC V:191 H:22 
018262 $C8             INY                             A:0000 X:0CE9 Y:CD78 S:1FC0 D:192B DB:7F P:nvMxdizC V:191 H:31 
018263 $A9 $00         LDA #$00                        A:0000 X:0CE9 Y:CD79 S:1FC0 D:192B DB:7F P:NvMxdizC V:191 H:35 
018265 $99 $00 $00     STA $0000,Y [7FCD79] = $00      A:0000 X:0CE9 Y:CD79 S:1FC0 D:192B DB:7F P:nvMxdiZC V:191 H:39 
018268 $C8             INY                             A:0000 X:0CE9 Y:CD79 S:1FC0 D:192B DB:7F P:nvMxdiZC V:191 H:48 
018269 $CE $33 $19     DEC $1933 [7F1933] = $08        A:0000 X:0CE9 Y:CD7A S:1FC0 D:192B DB:7F P:NvMxdizC V:191 H:52 
01826C $D0 $EC         BNE $01825A                     A:0000 X:0CE9 Y:CD7A S:1FC0 D:192B DB:7F P:nvMxdizC V:191 H:63 
01825A $BF $20 $CA $04 LDA $04CA20,X [04D709] = $E0    A:0000 X:0CE9 Y:CD7A S:1FC0 D:192B DB:7F P:nvMxdizC V:191 H:69 
01825E $E8             INX                             A:00E0 X:0CE9 Y:CD7A S:1FC0 D:192B DB:7F P:NvMxdizC V:191 H:79 
01825F $99 $00 $00     STA $0000,Y [7FCD7A] = $E0      A:00E0 X:0CEA Y:CD7A S:1FC0 D:192B DB:7F P:nvMxdizC V:191 H:82 
018262 $C8             INY                             A:00E0 X:0CEA Y:CD7A S:1FC0 D:192B DB:7F P:nvMxdizC V:191 H:92 
018263 $A9 $00         LDA #$00                        A:00E0 X:0CEA Y:CD7B S:1FC0 D:192B DB:7F P:NvMxdizC V:191 H:95 
018265 $99 $00 $00     STA $0000,Y [7FCD7B] = $00      A:0000 X:0CEA Y:CD7B S:1FC0 D:192B DB:7F P:nvMxdiZC V:191 H:99 
018268 $C8             INY                             A:0000 X:0CEA Y:CD7B S:1FC0 D:192B DB:7F P:nvMxdiZC V:191 H:109
018269 $CE $33 $19     DEC $1933 [7F1933] = $07        A:0000 X:0CEA Y:CD7C S:1FC0 D:192B DB:7F P:NvMxdizC V:191 H:112
01826C $D0 $EC         BNE $01825A                     A:0000 X:0CEA Y:CD7C S:1FC0 D:192B DB:7F P:nvMxdizC V:191 H:124
01825A $BF $20 $CA $04 LDA $04CA20,X [04D70A] = $80    A:0000 X:0CEA Y:CD7C S:1FC0 D:192B DB:7F P:nvMxdizC V:191 H:129
01825E $E8             INX                             A:0080 X:0CEA Y:CD7C S:1FC0 D:192B DB:7F P:NvMxdizC V:191 H:149
01825F $99 $00 $00     STA $0000,Y [7FCD7C] = $80      A:0080 X:0CEB Y:CD7C S:1FC0 D:192B DB:7F P:nvMxdizC V:191 H:153
018262 $C8             INY                             A:0080 X:0CEB Y:CD7C S:1FC0 D:192B DB:7F P:nvMxdizC V:191 H:162
018263 $A9 $00         LDA #$00                        A:0080 X:0CEB Y:CD7D S:1FC0 D:192B DB:7F P:NvMxdizC V:191 H:166
018265 $99 $00 $00     STA $0000,Y [7FCD7D] = $00      A:0000 X:0CEB Y:CD7D S:1FC0 D:192B DB:7F P:nvMxdiZC V:191 H:170
018268 $C8             INY                             A:0000 X:0CEB Y:CD7D S:1FC0 D:192B DB:7F P:nvMxdiZC V:191 H:179
018269 $CE $33 $19     DEC $1933 [7F1933] = $06        A:0000 X:0CEB Y:CD7E S:1FC0 D:192B DB:7F P:NvMxdizC V:191 H:183
01826C $D0 $EC         BNE $01825A                     A:0000 X:0CEB Y:CD7E S:1FC0 D:192B DB:7F P:nvMxdizC V:191 H:194
01825A $BF $20 $CA $04 LDA $04CA20,X [04D70B] = $00    A:0000 X:0CEB Y:CD7E S:1FC0 D:192B DB:7F P:nvMxdizC V:191 H:200
01825E $E8             INX                             A:0000 X:0CEB Y:CD7E S:1FC0 D:192B DB:7F P:nvMxdiZC V:191 H:210
01825F $99 $00 $00     STA $0000,Y [7FCD7E] = $00      A:0000 X:0CEC Y:CD7E S:1FC0 D:192B DB:7F P:nvMxdizC V:191 H:213
018262 $C8             INY                             A:0000 X:0CEC Y:CD7E S:1FC0 D:192B DB:7F P:nvMxdizC V:191 H:223
018263 $A9 $00         LDA #$00                        A:0000 X:0CEC Y:CD7F S:1FC0 D:192B DB:7F P:NvMxdizC V:191 H:226
018265 $99 $00 $00     STA $0000,Y [7FCD7F] = $00      A:0000 X:0CEC Y:CD7F S:1FC0 D:192B DB:7F P:nvMxdiZC V:191 H:230
018268 $C8             INY                             A:0000 X:0CEC Y:CD7F S:1FC0 D:192B DB:7F P:nvMxdiZC V:191 H:240
018269 $CE $33 $19     DEC $1933 [7F1933] = $05        A:0000 X:0CEC Y:CD80 S:1FC0 D:192B DB:7F P:NvMxdizC V:191 H:243
01826C $D0 $EC         BNE $01825A                     A:0000 X:0CEC Y:CD80 S:1FC0 D:192B DB:7F P:nvMxdizC V:191 H:255
01825A $BF $20 $CA $04 LDA $04CA20,X [04D70C] = $80    A:0000 X:0CEC Y:CD80 S:1FC0 D:192B DB:7F P:nvMxdizC V:191 H:260
01825E $E8             INX                             A:0080 X:0CEC Y:CD80 S:1FC0 D:192B DB:7F P:NvMxdizC V:191 H:270
01825F $99 $00 $00     STA $0000,Y [7FCD80] = $80      A:0080 X:0CED Y:CD80 S:1FC0 D:192B DB:7F P:nvMxdizC V:191 H:274
018262 $C8             INY                             A:0080 X:0CED Y:CD80 S:1FC0 D:192B DB:7F P:nvMxdizC V:191 H:295
018263 $A9 $00         LDA #$00                        A:0080 X:0CED Y:CD81 S:1FC0 D:192B DB:7F P:NvMxdizC V:191 H:299
018265 $99 $00 $00     STA $0000,Y [7FCD81] = $00      A:0000 X:0CED Y:CD81 S:1FC0 D:192B DB:7F P:nvMxdiZC V:191 H:303
018268 $C8             INY                             A:0000 X:0CED Y:CD81 S:1FC0 D:192B DB:7F P:nvMxdiZC V:191 H:312
018269 $CE $33 $19     DEC $1933 [7F1933] = $04        A:0000 X:0CED Y:CD82 S:1FC0 D:192B DB:7F P:NvMxdizC V:191 H:316
01826C $D0 $EC         BNE $01825A                     A:0000 X:0CED Y:CD82 S:1FC0 D:192B DB:7F P:nvMxdizC V:191 H:327
01825A $BF $20 $CA $04 LDA $04CA20,X [04D70D] = $E0    A:0000 X:0CED Y:CD82 S:1FC0 D:192B DB:7F P:nvMxdizC V:191 H:332
01825E $E8             INX                             A:00E0 X:0CED Y:CD82 S:1FC0 D:192B DB:7F P:NvMxdizC V:192 H:2  
01825F $99 $00 $00     STA $0000,Y [7FCD82] = $E0      A:00E0 X:0CEE Y:CD82 S:1FC0 D:192B DB:7F P:nvMxdizC V:192 H:5  
018262 $C8             INY                             A:00E0 X:0CEE Y:CD82 S:1FC0 D:192B DB:7F P:nvMxdizC V:192 H:15 
018263 $A9 $00         LDA #$00                        A:00E0 X:0CEE Y:CD83 S:1FC0 D:192B DB:7F P:NvMxdizC V:192 H:18 
018265 $99 $00 $00     STA $0000,Y [7FCD83] = $00      A:0000 X:0CEE Y:CD83 S:1FC0 D:192B DB:7F P:nvMxdiZC V:192 H:22 
018268 $C8             INY                             A:0000 X:0CEE Y:CD83 S:1FC0 D:192B DB:7F P:nvMxdiZC V:192 H:32 
018269 $CE $33 $19     DEC $1933 [7F1933] = $03        A:0000 X:0CEE Y:CD84 S:1FC0 D:192B DB:7F P:NvMxdizC V:192 H:35 
01826C $D0 $EC         BNE $01825A                     A:0000 X:0CEE Y:CD84 S:1FC0 D:192B DB:7F P:nvMxdizC V:192 H:47 
01825A $BF $20 $CA $04 LDA $04CA20,X [04D70E] = $F0    A:0000 X:0CEE Y:CD84 S:1FC0 D:192B DB:7F P:nvMxdizC V:192 H:52 
01825E $E8             INX                             A:00F0 X:0CEE Y:CD84 S:1FC0 D:192B DB:7F P:NvMxdizC V:192 H:62 
01825F $99 $00 $00     STA $0000,Y [7FCD84] = $F0      A:00F0 X:0CEF Y:CD84 S:1FC0 D:192B DB:7F P:nvMxdizC V:192 H:66 
018262 $C8             INY                             A:00F0 X:0CEF Y:CD84 S:1FC0 D:192B DB:7F P:nvMxdizC V:192 H:75 
018263 $A9 $00         LDA #$00                        A:00F0 X:0CEF Y:CD85 S:1FC0 D:192B DB:7F P:NvMxdizC V:192 H:79 
018265 $99 $00 $00     STA $0000,Y [7FCD85] = $00      A:0000 X:0CEF Y:CD85 S:1FC0 D:192B DB:7F P:nvMxdiZC V:192 H:83 
018268 $C8             INY                             A:0000 X:0CEF Y:CD85 S:1FC0 D:192B DB:7F P:nvMxdiZC V:192 H:92 
018269 $CE $33 $19     DEC $1933 [7F1933] = $02        A:0000 X:0CEF Y:CD86 S:1FC0 D:192B DB:7F P:NvMxdizC V:192 H:96 
01826C $D0 $EC         BNE $01825A                     A:0000 X:0CEF Y:CD86 S:1FC0 D:192B DB:7F P:nvMxdizC V:192 H:107
01825A $BF $20 $CA $04 LDA $04CA20,X [04D70F] = $F0    A:0000 X:0CEF Y:CD86 S:1FC0 D:192B DB:7F P:nvMxdizC V:192 H:113
01825E $E8             INX                             A:00F0 X:0CEF Y:CD86 S:1FC0 D:192B DB:7F P:NvMxdizC V:192 H:123
01825F $99 $00 $00     STA $0000,Y [7FCD86] = $F0      A:00F0 X:0CF0 Y:CD86 S:1FC0 D:192B DB:7F P:nvMxdizC V:192 H:126
018262 $C8             INY                             A:00F0 X:0CF0 Y:CD86 S:1FC0 D:192B DB:7F P:nvMxdizC V:192 H:146
018263 $A9 $00         LDA #$00                        A:00F0 X:0CF0 Y:CD87 S:1FC0 D:192B DB:7F P:NvMxdizC V:192 H:149
018265 $99 $00 $00     STA $0000,Y [7FCD87] = $00      A:0000 X:0CF0 Y:CD87 S:1FC0 D:192B DB:7F P:nvMxdiZC V:192 H:153
018268 $C8             INY                             A:0000 X:0CF0 Y:CD87 S:1FC0 D:192B DB:7F P:nvMxdiZC V:192 H:163
018269 $CE $33 $19     DEC $1933 [7F1933] = $01        A:0000 X:0CF0 Y:CD88 S:1FC0 D:192B DB:7F P:NvMxdizC V:192 H:166
01826C $D0 $EC         BNE $01825A                     A:0000 X:0CF0 Y:CD88 S:1FC0 D:192B DB:7F P:nvMxdiZC V:192 H:178
01826E $28             PLP                             A:0000 X:0CF0 Y:CD88 S:1FC0 D:192B DB:7F P:nvMxdiZC V:192 H:182
01826F $AB             PLB                             A:0000 X:0CF0 Y:CD88 S:1FC1 D:192B DB:7F P:nvmxdizc V:192 H:189
018270 $60             RTS                             A:0000 X:0CF0 Y:CD88 S:1FC2 D:192B DB:01 P:nvmxdizc V:192 H:196
018218 $A5 $00         LDA $00 [00192B] = $0CD8        A:0000 X:0CF0 Y:CD88 S:1FC4 D:192B DB:01 P:nvmxdizc V:192 H:206
01821A $18             CLC                             A:0CD8 X:0CF0 Y:CD88 S:1FC4 D:192B DB:01 P:nvmxdizc V:192 H:216
01821B $69 $18 $00     ADC #$0018                      A:0CD8 X:0CF0 Y:CD88 S:1FC4 D:192B DB:01 P:nvmxdizc V:192 H:219
01821E $85 $00         STA $00 [00192B] = $0CD8        A:0CF0 X:0CF0 Y:CD88 S:1FC4 D:192B DB:01 P:nvmxdizc V:192 H:225
018220 $A5 $02         LDA $02 [00192D] = $CD68        A:0CF0 X:0CF0 Y:CD88 S:1FC4 D:192B DB:01 P:nvmxdizc V:192 H:235
018222 $18             CLC                             A:CD68 X:0CF0 Y:CD88 S:1FC4 D:192B DB:01 P:Nvmxdizc V:192 H:244
018223 $69 $20 $00     ADC #$0020                      A:CD68 X:0CF0 Y:CD88 S:1FC4 D:192B DB:01 P:Nvmxdizc V:192 H:248
018226 $85 $02         STA $02 [00192D] = $CD68        A:CD88 X:0CF0 Y:CD88 S:1FC4 D:192B DB:01 P:Nvmxdizc V:192 H:254
018228 $C6 $06         DEC $06 [001931] = $0003        A:CD88 X:0CF0 Y:CD88 S:1FC4 D:192B DB:01 P:Nvmxdizc V:192 H:263
01822A $D0 $E9         BNE $018215                     A:CD88 X:0CF0 Y:CD88 S:1FC4 D:192B DB:01 P:nvmxdizc V:192 H:290
018215 $20 $2E $82     JSR $822E [01822E] = $088B      A:CD88 X:0CF0 Y:CD88 S:1FC4 D:192B DB:01 P:nvmxdizc V:192 H:296
01822E $8B             PHB                             A:CD88 X:0CF0 Y:CD88 S:1FC2 D:192B DB:01 P:nvmxdizc V:192 H:307
01822F $08             PHP                             A:CD88 X:0CF0 Y:CD88 S:1FC1 D:192B DB:01 P:nvmxdizc V:192 H:313
018230 $C2 $30         REP #$30                        A:CD88 X:0CF0 Y:CD88 S:1FC0 D:192B DB:01 P:nvmxdizc V:192 H:318
018232 $8B             PHB                             A:CD88 X:0CF0 Y:CD88 S:1FC0 D:192B DB:01 P:nvmxdizc V:192 H:323
018233 $AD $2B $19     LDA $192B [01192B] = $0CF0      A:CD88 X:0CF0 Y:CD88 S:1FBF D:192B DB:01 P:nvmxdizc V:192 H:328
018236 $18             CLC                             A:0CF0 X:0CF0 Y:CD88 S:1FBF D:192B DB:01 P:nvmxdizc V:192 H:338
018237 $69 $20 $CA     ADC #$CA20                      A:0CF0 X:0CF0 Y:CD88 S:1FBF D:192B DB:01 P:nvmxdizc V:193 H:2  
01823A $AA             TAX                             A:D710 X:0CF0 Y:CD88 S:1FBF D:192B DB:01 P:Nvmxdizc V:193 H:8  
01823B $AC $2D $19     LDY $192D [01192D] = $CD88      A:D710 X:D710 Y:CD88 S:1FBF D:192B DB:01 P:Nvmxdizc V:193 H:11 
01823E $A9 $0F $00     LDA #$000F                      A:D710 X:D710 Y:CD88 S:1FBF D:192B DB:01 P:Nvmxdizc V:193 H:21 
018241 $54 $7F $04     MVN $04 -> $7F                  A:000F X:D710 Y:CD88 S:1FBF D:192B DB:01 P:nvmxdizc V:193 H:27 
018241 $54 $7F $04     MVN $04 -> $7F                  A:000E X:D711 Y:CD89 S:1FBF D:192B DB:7F P:nvmxdizc V:193 H:40 
018241 $54 $7F $04     MVN $04 -> $7F                  A:000D X:D712 Y:CD8A S:1FBF D:192B DB:7F P:nvmxdizc V:193 H:53 
018241 $54 $7F $04     MVN $04 -> $7F                  A:000C X:D713 Y:CD8B S:1FBF D:192B DB:7F P:nvmxdizc V:193 H:66 
018241 $54 $7F $04     MVN $04 -> $7F                  A:000B X:D714 Y:CD8C S:1FBF D:192B DB:7F P:nvmxdizc V:193 H:79 
018241 $54 $7F $04     MVN $04 -> $7F                  A:000A X:D715 Y:CD8D S:1FBF D:192B DB:7F P:nvmxdizc V:193 H:92 
018241 $54 $7F $04     MVN $04 -> $7F                  A:0009 X:D716 Y:CD8E S:1FBF D:192B DB:7F P:nvmxdizc V:193 H:105
018241 $54 $7F $04     MVN $04 -> $7F                  A:0008 X:D717 Y:CD8F S:1FBF D:192B DB:7F P:nvmxdizc V:193 H:118
018241 $54 $7F $04     MVN $04 -> $7F                  A:0007 X:D718 Y:CD90 S:1FBF D:192B DB:7F P:nvmxdizc V:193 H:131
018241 $54 $7F $04     MVN $04 -> $7F                  A:0006 X:D719 Y:CD91 S:1FBF D:192B DB:7F P:nvmxdizc V:193 H:154
018241 $54 $7F $04     MVN $04 -> $7F                  A:0005 X:D71A Y:CD92 S:1FBF D:192B DB:7F P:nvmxdizc V:193 H:167
018241 $54 $7F $04     MVN $04 -> $7F                  A:0004 X:D71B Y:CD93 S:1FBF D:192B DB:7F P:nvmxdizc V:193 H:180
018241 $54 $7F $04     MVN $04 -> $7F                  A:0003 X:D71C Y:CD94 S:1FBF D:192B DB:7F P:nvmxdizc V:193 H:193
018241 $54 $7F $04     MVN $04 -> $7F                  A:0002 X:D71D Y:CD95 S:1FBF D:192B DB:7F P:nvmxdizc V:193 H:206
018241 $54 $7F $04     MVN $04 -> $7F                  A:0001 X:D71E Y:CD96 S:1FBF D:192B DB:7F P:nvmxdizc V:193 H:219
018241 $54 $7F $04     MVN $04 -> $7F                  A:0000 X:D71F Y:CD97 S:1FBF D:192B DB:7F P:nvmxdizc V:193 H:232
018244 $AB             PLB                             A:FFFF X:D720 Y:CD98 S:1FBF D:192B DB:7F P:nvmxdizc V:193 H:245
018245 $8A             TXA                             A:FFFF X:D720 Y:CD98 S:1FC0 D:192B DB:01 P:nvmxdizc V:193 H:252
018246 $38             SEC                             A:D720 X:D720 Y:CD98 S:1FC0 D:192B DB:01 P:Nvmxdizc V:193 H:256
018247 $E9 $20 $CA     SBC #$CA20                      A:D720 X:D720 Y:CD98 S:1FC0 D:192B DB:01 P:NvmxdizC V:193 H:259
01824A $AA             TAX                             A:0D00 X:D720 Y:CD98 S:1FC0 D:192B DB:01 P:nvmxdizC V:193 H:265
01824B $E2 $20         SEP #$20                        A:0D00 X:0D00 Y:CD98 S:1FC0 D:192B DB:01 P:nvmxdizC V:193 H:269
01824D $C2 $10         REP #$10                        A:0D00 X:0D00 Y:CD98 S:1FC0 D:192B DB:01 P:nvMxdizC V:193 H:274
01824F $F4 $7F $00     PEA #$007F                      A:0D00 X:0D00 Y:CD98 S:1FC0 D:192B DB:01 P:nvMxdizC V:193 H:292
018252 $AB             PLB                             A:0D00 X:0D00 Y:CD98 S:1FBE D:192B DB:01 P:nvMxdizC V:193 H:302
018253 $68             PLA                             A:0D00 X:0D00 Y:CD98 S:1FBF D:192B DB:7F P:nvMxdizC V:193 H:309
018254 $EB             XBA                             A:0D00 X:0D00 Y:CD98 S:1FC0 D:192B DB:7F P:nvMxdiZC V:193 H:316
018255 $A9 $08         LDA #$08                        A:000D X:0D00 Y:CD98 S:1FC0 D:192B DB:7F P:nvMxdizC V:193 H:321
018257 $8D $33 $19     STA $1933 [7F1933] = $00        A:0008 X:0D00 Y:CD98 S:1FC0 D:192B DB:7F P:nvMxdizC V:193 H:324
01825A $BF $20 $CA $04 LDA $04CA20,X [04D720] = $19    A:0008 X:0D00 Y:CD98 S:1FC0 D:192B DB:7F P:nvMxdizC V:193 H:332
01825E $E8             INX                             A:0019 X:0D00 Y:CD98 S:1FC0 D:192B DB:7F P:nvMxdizC V:194 H:2  
01825F $99 $00 $00     STA $0000,Y [7FCD98] = $19      A:0019 X:0D01 Y:CD98 S:1FC0 D:192B DB:7F P:nvMxdizC V:194 H:5  
018262 $C8             INY                             A:0019 X:0D01 Y:CD98 S:1FC0 D:192B DB:7F P:nvMxdizC V:194 H:15 
018263 $A9 $00         LDA #$00                        A:0019 X:0D01 Y:CD99 S:1FC0 D:192B DB:7F P:NvMxdizC V:194 H:18 
018265 $99 $00 $00     STA $0000,Y [7FCD99] = $00      A:0000 X:0D01 Y:CD99 S:1FC0 D:192B DB:7F P:nvMxdiZC V:194 H:22 
018268 $C8             INY                             A:0000 X:0D01 Y:CD99 S:1FC0 D:192B DB:7F P:nvMxdiZC V:194 H:32 
018269 $CE $33 $19     DEC $1933 [7F1933] = $08        A:0000 X:0D01 Y:CD9A S:1FC0 D:192B DB:7F P:NvMxdizC V:194 H:35 
01826C $D0 $EC         BNE $01825A                     A:0000 X:0D01 Y:CD9A S:1FC0 D:192B DB:7F P:nvMxdizC V:194 H:47 
01825A $BF $20 $CA $04 LDA $04CA20,X [04D721] = $1F    A:0000 X:0D01 Y:CD9A S:1FC0 D:192B DB:7F P:nvMxdizC V:194 H:52 
01825E $E8             INX                             A:001F X:0D01 Y:CD9A S:1FC0 D:192B DB:7F P:nvMxdizC V:194 H:62 
01825F $99 $00 $00     STA $0000,Y [7FCD9A] = $1F      A:001F X:0D02 Y:CD9A S:1FC0 D:192B DB:7F P:nvMxdizC V:194 H:66 
018262 $C8             INY                             A:001F X:0D02 Y:CD9A S:1FC0 D:192B DB:7F P:nvMxdizC V:194 H:75 
018263 $A9 $00         LDA #$00                        A:001F X:0D02 Y:CD9B S:1FC0 D:192B DB:7F P:NvMxdizC V:194 H:79 
018265 $99 $00 $00     STA $0000,Y [7FCD9B] = $00      A:0000 X:0D02 Y:CD9B S:1FC0 D:192B DB:7F P:nvMxdiZC V:194 H:83 
018268 $C8             INY                             A:0000 X:0D02 Y:CD9B S:1FC0 D:192B DB:7F P:nvMxdiZC V:194 H:92 
018269 $CE $33 $19     DEC $1933 [7F1933] = $07        A:0000 X:0D02 Y:CD9C S:1FC0 D:192B DB:7F P:NvMxdizC V:194 H:96 
01826C $D0 $EC         BNE $01825A                     A:0000 X:0D02 Y:CD9C S:1FC0 D:192B DB:7F P:nvMxdizC V:194 H:107
01825A $BF $20 $CA $04 LDA $04CA20,X [04D722] = $09    A:0000 X:0D02 Y:CD9C S:1FC0 D:192B DB:7F P:nvMxdizC V:194 H:113
01825E $E8             INX                             A:0009 X:0D02 Y:CD9C S:1FC0 D:192B DB:7F P:nvMxdizC V:194 H:123
01825F $99 $00 $00     STA $0000,Y [7FCD9C] = $09      A:0009 X:0D03 Y:CD9C S:1FC0 D:192B DB:7F P:nvMxdizC V:194 H:126
018262 $C8             INY                             A:0009 X:0D03 Y:CD9C S:1FC0 D:192B DB:7F P:nvMxdizC V:194 H:146
018263 $A9 $00         LDA #$00                        A:0009 X:0D03 Y:CD9D S:1FC0 D:192B DB:7F P:NvMxdizC V:194 H:149
018265 $99 $00 $00     STA $0000,Y [7FCD9D] = $00      A:0000 X:0D03 Y:CD9D S:1FC0 D:192B DB:7F P:nvMxdiZC V:194 H:153
018268 $C8             INY                             A:0000 X:0D03 Y:CD9D S:1FC0 D:192B DB:7F P:nvMxdiZC V:194 H:163
018269 $CE $33 $19     DEC $1933 [7F1933] = $06        A:0000 X:0D03 Y:CD9E S:1FC0 D:192B DB:7F P:NvMxdizC V:194 H:166
01826C $D0 $EC         BNE $01825A                     A:0000 X:0D03 Y:CD9E S:1FC0 D:192B DB:7F P:nvMxdizC V:194 H:178
01825A $BF $20 $CA $04 LDA $04CA20,X [04D723] = $0C    A:0000 X:0D03 Y:CD9E S:1FC0 D:192B DB:7F P:nvMxdizC V:194 H:183
01825E $E8             INX                             A:000C X:0D03 Y:CD9E S:1FC0 D:192B DB:7F P:nvMxdizC V:194 H:193
01825F $99 $00 $00     STA $0000,Y [7FCD9E] = $0C      A:000C X:0D04 Y:CD9E S:1FC0 D:192B DB:7F P:nvMxdizC V:194 H:197
018262 $C8             INY                             A:000C X:0D04 Y:CD9E S:1FC0 D:192B DB:7F P:nvMxdizC V:194 H:206
018263 $A9 $00         LDA #$00                        A:000C X:0D04 Y:CD9F S:1FC0 D:192B DB:7F P:NvMxdizC V:194 H:210
018265 $99 $00 $00     STA $0000,Y [7FCD9F] = $00      A:0000 X:0D04 Y:CD9F S:1FC0 D:192B DB:7F P:nvMxdiZC V:194 H:214
018268 $C8             INY                             A:0000 X:0D04 Y:CD9F S:1FC0 D:192B DB:7F P:nvMxdiZC V:194 H:223
018269 $CE $33 $19     DEC $1933 [7F1933] = $05        A:0000 X:0D04 Y:CDA0 S:1FC0 D:192B DB:7F P:NvMxdizC V:194 H:227
01826C $D0 $EC         BNE $01825A                     A:0000 X:0D04 Y:CDA0 S:1FC0 D:192B DB:7F P:nvMxdizC V:194 H:238
01825A $BF $20 $CA $04 LDA $04CA20,X [04D724] = $07    A:0000 X:0D04 Y:CDA0 S:1FC0 D:192B DB:7F P:nvMxdizC V:194 H:244
01825E $E8             INX                             A:0007 X:0D04 Y:CDA0 S:1FC0 D:192B DB:7F P:nvMxdizC V:194 H:254
01825F $99 $00 $00     STA $0000,Y [7FCDA0] = $07      A:0007 X:0D05 Y:CDA0 S:1FC0 D:192B DB:7F P:nvMxdizC V:194 H:257
018262 $C8             INY                             A:0007 X:0D05 Y:CDA0 S:1FC0 D:192B DB:7F P:nvMxdizC V:194 H:267
018263 $A9 $00         LDA #$00                        A:0007 X:0D05 Y:CDA1 S:1FC0 D:192B DB:7F P:NvMxdizC V:194 H:270
018265 $99 $00 $00     STA $0000,Y [7FCDA1] = $00      A:0000 X:0D05 Y:CDA1 S:1FC0 D:192B DB:7F P:nvMxdiZC V:194 H:274
018268 $C8             INY                             A:0000 X:0D05 Y:CDA1 S:1FC0 D:192B DB:7F P:nvMxdiZC V:194 H:296
018269 $CE $33 $19     DEC $1933 [7F1933] = $04        A:0000 X:0D05 Y:CDA2 S:1FC0 D:192B DB:7F P:NvMxdizC V:194 H:299
01826C $D0 $EC         BNE $01825A                     A:0000 X:0D05 Y:CDA2 S:1FC0 D:192B DB:7F P:nvMxdizC V:194 H:311
01825A $BF $20 $CA $04 LDA $04CA20,X [04D725] = $01    A:0000 X:0D05 Y:CDA2 S:1FC0 D:192B DB:7F P:nvMxdizC V:194 H:316
01825E $E8             INX                             A:0001 X:0D05 Y:CDA2 S:1FC0 D:192B DB:7F P:nvMxdizC V:194 H:326
01825F $99 $00 $00     STA $0000,Y [7FCDA2] = $01      A:0001 X:0D06 Y:CDA2 S:1FC0 D:192B DB:7F P:nvMxdizC V:194 H:329
018262 $C8             INY                             A:0001 X:0D06 Y:CDA2 S:1FC0 D:192B DB:7F P:nvMxdizC V:194 H:338
018263 $A9 $00         LDA #$00                        A:0001 X:0D06 Y:CDA3 S:1FC0 D:192B DB:7F P:NvMxdizC V:195 H:2  
018265 $99 $00 $00     STA $0000,Y [7FCDA3] = $00      A:0000 X:0D06 Y:CDA3 S:1FC0 D:192B DB:7F P:nvMxdiZC V:195 H:6  
018268 $C8             INY                             A:0000 X:0D06 Y:CDA3 S:1FC0 D:192B DB:7F P:nvMxdiZC V:195 H:15 
018269 $CE $33 $19     DEC $1933 [7F1933] = $03        A:0000 X:0D06 Y:CDA4 S:1FC0 D:192B DB:7F P:NvMxdizC V:195 H:19 
01826C $D0 $EC         BNE $01825A                     A:0000 X:0D06 Y:CDA4 S:1FC0 D:192B DB:7F P:nvMxdizC V:195 H:30 
01825A $BF $20 $CA $04 LDA $04CA20,X [04D726] = $00    A:0000 X:0D06 Y:CDA4 S:1FC0 D:192B DB:7F P:nvMxdizC V:195 H:36 
01825E $E8             INX                             A:0000 X:0D06 Y:CDA4 S:1FC0 D:192B DB:7F P:nvMxdiZC V:195 H:46 
01825F $99 $00 $00     STA $0000,Y [7FCDA4] = $00      A:0000 X:0D07 Y:CDA4 S:1FC0 D:192B DB:7F P:nvMxdizC V:195 H:49 
018262 $C8             INY                             A:0000 X:0D07 Y:CDA4 S:1FC0 D:192B DB:7F P:nvMxdizC V:195 H:59 
018263 $A9 $00         LDA #$00                        A:0000 X:0D07 Y:CDA5 S:1FC0 D:192B DB:7F P:NvMxdizC V:195 H:62 
018265 $99 $00 $00     STA $0000,Y [7FCDA5] = $00      A:0000 X:0D07 Y:CDA5 S:1FC0 D:192B DB:7F P:nvMxdiZC V:195 H:66 
018268 $C8             INY                             A:0000 X:0D07 Y:CDA5 S:1FC0 D:192B DB:7F P:nvMxdiZC V:195 H:76 
018269 $CE $33 $19     DEC $1933 [7F1933] = $02        A:0000 X:0D07 Y:CDA6 S:1FC0 D:192B DB:7F P:NvMxdizC V:195 H:79 
01826C $D0 $EC         BNE $01825A                     A:0000 X:0D07 Y:CDA6 S:1FC0 D:192B DB:7F P:nvMxdizC V:195 H:91 
01825A $BF $20 $CA $04 LDA $04CA20,X [04D727] = $00    A:0000 X:0D07 Y:CDA6 S:1FC0 D:192B DB:7F P:nvMxdizC V:195 H:96 
01825E $E8             INX                             A:0000 X:0D07 Y:CDA6 S:1FC0 D:192B DB:7F P:nvMxdiZC V:195 H:106
01825F $99 $00 $00     STA $0000,Y [7FCDA6] = $00      A:0000 X:0D08 Y:CDA6 S:1FC0 D:192B DB:7F P:nvMxdizC V:195 H:110
018262 $C8             INY                             A:0000 X:0D08 Y:CDA6 S:1FC0 D:192B DB:7F P:nvMxdizC V:195 H:119
018263 $A9 $00         LDA #$00                        A:0000 X:0D08 Y:CDA7 S:1FC0 D:192B DB:7F P:NvMxdizC V:195 H:123
018265 $99 $00 $00     STA $0000,Y [7FCDA7] = $00      A:0000 X:0D08 Y:CDA7 S:1FC0 D:192B DB:7F P:nvMxdiZC V:195 H:127
018268 $C8             INY                             A:0000 X:0D08 Y:CDA7 S:1FC0 D:192B DB:7F P:nvMxdiZC V:195 H:146
018269 $CE $33 $19     DEC $1933 [7F1933] = $01        A:0000 X:0D08 Y:CDA8 S:1FC0 D:192B DB:7F P:NvMxdizC V:195 H:150
01826C $D0 $EC         BNE $01825A                     A:0000 X:0D08 Y:CDA8 S:1FC0 D:192B DB:7F P:nvMxdiZC V:195 H:161
01826E $28             PLP                             A:0000 X:0D08 Y:CDA8 S:1FC0 D:192B DB:7F P:nvMxdiZC V:195 H:165
01826F $AB             PLB                             A:0000 X:0D08 Y:CDA8 S:1FC1 D:192B DB:7F P:nvmxdizc V:195 H:172
018270 $60             RTS                             A:0000 X:0D08 Y:CDA8 S:1FC2 D:192B DB:01 P:nvmxdizc V:195 H:179
018218 $A5 $00         LDA $00 [00192B] = $0CF0        A:0000 X:0D08 Y:CDA8 S:1FC4 D:192B DB:01 P:nvmxdizc V:195 H:190
01821A $18             CLC                             A:0CF0 X:0D08 Y:CDA8 S:1FC4 D:192B DB:01 P:nvmxdizc V:195 H:199
01821B $69 $18 $00     ADC #$0018                      A:0CF0 X:0D08 Y:CDA8 S:1FC4 D:192B DB:01 P:nvmxdizc V:195 H:203
01821E $85 $00         STA $00 [00192B] = $0CF0        A:0D08 X:0D08 Y:CDA8 S:1FC4 D:192B DB:01 P:nvmxdizc V:195 H:209
018220 $A5 $02         LDA $02 [00192D] = $CD88        A:0D08 X:0D08 Y:CDA8 S:1FC4 D:192B DB:01 P:nvmxdizc V:195 H:218
018222 $18             CLC                             A:CD88 X:0D08 Y:CDA8 S:1FC4 D:192B DB:01 P:Nvmxdizc V:195 H:228
018223 $69 $20 $00     ADC #$0020                      A:CD88 X:0D08 Y:CDA8 S:1FC4 D:192B DB:01 P:Nvmxdizc V:195 H:231
018226 $85 $02         STA $02 [00192D] = $CD88        A:CDA8 X:0D08 Y:CDA8 S:1FC4 D:192B DB:01 P:Nvmxdizc V:195 H:237
018228 $C6 $06         DEC $06 [001931] = $0002        A:CDA8 X:0D08 Y:CDA8 S:1FC4 D:192B DB:01 P:Nvmxdizc V:195 H:247
01822A $D0 $E9         BNE $018215                     A:CDA8 X:0D08 Y:CDA8 S:1FC4 D:192B DB:01 P:nvmxdizc V:195 H:262
018215 $20 $2E $82     JSR $822E [01822E] = $088B      A:CDA8 X:0D08 Y:CDA8 S:1FC4 D:192B DB:01 P:nvmxdizc V:195 H:267
01822E $8B             PHB                             A:CDA8 X:0D08 Y:CDA8 S:1FC2 D:192B DB:01 P:nvmxdizc V:195 H:293
01822F $08             PHP                             A:CDA8 X:0D08 Y:CDA8 S:1FC1 D:192B DB:01 P:nvmxdizc V:195 H:298
018230 $C2 $30         REP #$30                        A:CDA8 X:0D08 Y:CDA8 S:1FC0 D:192B DB:01 P:nvmxdizc V:195 H:304
018232 $8B             PHB                             A:CDA8 X:0D08 Y:CDA8 S:1FC0 D:192B DB:01 P:nvmxdizc V:195 H:309
018233 $AD $2B $19     LDA $192B [01192B] = $0D08      A:CDA8 X:0D08 Y:CDA8 S:1FBF D:192B DB:01 P:nvmxdizc V:195 H:315
018236 $18             CLC                             A:0D08 X:0D08 Y:CDA8 S:1FBF D:192B DB:01 P:nvmxdizc V:195 H:324
018237 $69 $20 $CA     ADC #$CA20                      A:0D08 X:0D08 Y:CDA8 S:1FBF D:192B DB:01 P:nvmxdizc V:195 H:327
01823A $AA             TAX                             A:D728 X:0D08 Y:CDA8 S:1FBF D:192B DB:01 P:Nvmxdizc V:195 H:333
01823B $AC $2D $19     LDY $192D [01192D] = $CDA8      A:D728 X:D728 Y:CDA8 S:1FBF D:192B DB:01 P:Nvmxdizc V:195 H:337
01823E $A9 $0F $00     LDA #$000F                      A:D728 X:D728 Y:CDA8 S:1FBF D:192B DB:01 P:Nvmxdizc V:196 H:7  
018241 $54 $7F $04     MVN $04 -> $7F                  A:000F X:D728 Y:CDA8 S:1FBF D:192B DB:01 P:nvmxdizc V:196 H:13 
018241 $54 $7F $04     MVN $04 -> $7F                  A:000E X:D729 Y:CDA9 S:1FBF D:192B DB:7F P:nvmxdizc V:196 H:26 
018241 $54 $7F $04     MVN $04 -> $7F                  A:000D X:D72A Y:CDAA S:1FBF D:192B DB:7F P:nvmxdizc V:196 H:39 
018241 $54 $7F $04     MVN $04 -> $7F                  A:000C X:D72B Y:CDAB S:1FBF D:192B DB:7F P:nvmxdizc V:196 H:52 
018241 $54 $7F $04     MVN $04 -> $7F                  A:000B X:D72C Y:CDAC S:1FBF D:192B DB:7F P:nvmxdizc V:196 H:65 
018241 $54 $7F $04     MVN $04 -> $7F                  A:000A X:D72D Y:CDAD S:1FBF D:192B DB:7F P:nvmxdizc V:196 H:78 
018241 $54 $7F $04     MVN $04 -> $7F                  A:0009 X:D72E Y:CDAE S:1FBF D:192B DB:7F P:nvmxdizc V:196 H:91 
018241 $54 $7F $04     MVN $04 -> $7F                  A:0008 X:D72F Y:CDAF S:1FBF D:192B DB:7F P:nvmxdizc V:196 H:104
018241 $54 $7F $04     MVN $04 -> $7F                  A:0007 X:D730 Y:CDB0 S:1FBF D:192B DB:7F P:nvmxdizc V:196 H:117
018241 $54 $7F $04     MVN $04 -> $7F                  A:0006 X:D731 Y:CDB1 S:1FBF D:192B DB:7F P:nvmxdizc V:196 H:130
018241 $54 $7F $04     MVN $04 -> $7F                  A:0005 X:D732 Y:CDB2 S:1FBF D:192B DB:7F P:nvmxdizc V:196 H:153
018241 $54 $7F $04     MVN $04 -> $7F                  A:0004 X:D733 Y:CDB3 S:1FBF D:192B DB:7F P:nvmxdizc V:196 H:166
018241 $54 $7F $04     MVN $04 -> $7F                  A:0003 X:D734 Y:CDB4 S:1FBF D:192B DB:7F P:nvmxdizc V:196 H:179
018241 $54 $7F $04     MVN $04 -> $7F                  A:0002 X:D735 Y:CDB5 S:1FBF D:192B DB:7F P:nvmxdizc V:196 H:192
018241 $54 $7F $04     MVN $04 -> $7F                  A:0001 X:D736 Y:CDB6 S:1FBF D:192B DB:7F P:nvmxdizc V:196 H:205
018241 $54 $7F $04     MVN $04 -> $7F                  A:0000 X:D737 Y:CDB7 S:1FBF D:192B DB:7F P:nvmxdizc V:196 H:218
018244 $AB             PLB                             A:FFFF X:D738 Y:CDB8 S:1FBF D:192B DB:7F P:nvmxdizc V:196 H:231
018245 $8A             TXA                             A:FFFF X:D738 Y:CDB8 S:1FC0 D:192B DB:01 P:nvmxdizc V:196 H:238
018246 $38             SEC                             A:D738 X:D738 Y:CDB8 S:1FC0 D:192B DB:01 P:Nvmxdizc V:196 H:241
018247 $E9 $20 $CA     SBC #$CA20                      A:D738 X:D738 Y:CDB8 S:1FC0 D:192B DB:01 P:NvmxdizC V:196 H:245
01824A $AA             TAX                             A:0D18 X:D738 Y:CDB8 S:1FC0 D:192B DB:01 P:nvmxdizC V:196 H:251
01824B $E2 $20         SEP #$20                        A:0D18 X:0D18 Y:CDB8 S:1FC0 D:192B DB:01 P:nvmxdizC V:196 H:254
01824D $C2 $10         REP #$10                        A:0D18 X:0D18 Y:CDB8 S:1FC0 D:192B DB:01 P:nvMxdizC V:196 H:260
01824F $F4 $7F $00     PEA #$007F                      A:0D18 X:0D18 Y:CDB8 S:1FC0 D:192B DB:01 P:nvMxdizC V:196 H:265
018252 $AB             PLB                             A:0D18 X:0D18 Y:CDB8 S:1FBE D:192B DB:01 P:nvMxdizC V:196 H:275
018253 $68             PLA                             A:0D18 X:0D18 Y:CDB8 S:1FBF D:192B DB:7F P:nvMxdizC V:196 H:294
018254 $EB             XBA                             A:0D00 X:0D18 Y:CDB8 S:1FC0 D:192B DB:7F P:nvMxdiZC V:196 H:301
018255 $A9 $08         LDA #$08                        A:000D X:0D18 Y:CDB8 S:1FC0 D:192B DB:7F P:nvMxdizC V:196 H:306
018257 $8D $33 $19     STA $1933 [7F1933] = $00        A:0008 X:0D18 Y:CDB8 S:1FC0 D:192B DB:7F P:nvMxdizC V:196 H:310
01825A $BF $20 $CA $04 LDA $04CA20,X [04D738] = $F8    A:0008 X:0D18 Y:CDB8 S:1FC0 D:192B DB:7F P:nvMxdizC V:196 H:318
01825E $E8             INX                             A:00F8 X:0D18 Y:CDB8 S:1FC0 D:192B DB:7F P:NvMxdizC V:196 H:327
01825F $99 $00 $00     STA $0000,Y [7FCDB8] = $F8      A:00F8 X:0D19 Y:CDB8 S:1FC0 D:192B DB:7F P:nvMxdizC V:196 H:331
018262 $C8             INY                             A:00F8 X:0D19 Y:CDB8 S:1FC0 D:192B DB:7F P:nvMxdizC V:197 H:0  
018263 $A9 $00         LDA #$00                        A:00F8 X:0D19 Y:CDB9 S:1FC0 D:192B DB:7F P:NvMxdizC V:197 H:4  
018265 $99 $00 $00     STA $0000,Y [7FCDB9] = $00      A:0000 X:0D19 Y:CDB9 S:1FC0 D:192B DB:7F P:nvMxdiZC V:197 H:8  
018268 $C8             INY                             A:0000 X:0D19 Y:CDB9 S:1FC0 D:192B DB:7F P:nvMxdiZC V:197 H:17 
018269 $CE $33 $19     DEC $1933 [7F1933] = $08        A:0000 X:0D19 Y:CDBA S:1FC0 D:192B DB:7F P:NvMxdizC V:197 H:21 
01826C $D0 $EC         BNE $01825A                     A:0000 X:0D19 Y:CDBA S:1FC0 D:192B DB:7F P:nvMxdizC V:197 H:32 
01825A $BF $20 $CA $04 LDA $04CA20,X [04D739] = $F8    A:0000 X:0D19 Y:CDBA S:1FC0 D:192B DB:7F P:nvMxdizC V:197 H:38 
01825E $E8             INX                             A:00F8 X:0D19 Y:CDBA S:1FC0 D:192B DB:7F P:NvMxdizC V:197 H:48 
01825F $99 $00 $00     STA $0000,Y [7FCDBA] = $F8      A:00F8 X:0D1A Y:CDBA S:1FC0 D:192B DB:7F P:nvMxdizC V:197 H:51 
018262 $C8             INY                             A:00F8 X:0D1A Y:CDBA S:1FC0 D:192B DB:7F P:nvMxdizC V:197 H:61 
018263 $A9 $00         LDA #$00                        A:00F8 X:0D1A Y:CDBB S:1FC0 D:192B DB:7F P:NvMxdizC V:197 H:64 
018265 $99 $00 $00     STA $0000,Y [7FCDBB] = $00      A:0000 X:0D1A Y:CDBB S:1FC0 D:192B DB:7F P:nvMxdiZC V:197 H:68 
018268 $C8             INY                             A:0000 X:0D1A Y:CDBB S:1FC0 D:192B DB:7F P:nvMxdiZC V:197 H:78 
018269 $CE $33 $19     DEC $1933 [7F1933] = $07        A:0000 X:0D1A Y:CDBC S:1FC0 D:192B DB:7F P:NvMxdizC V:197 H:81 
01826C $D0 $EC         BNE $01825A                     A:0000 X:0D1A Y:CDBC S:1FC0 D:192B DB:7F P:nvMxdizC V:197 H:93 
01825A $BF $20 $CA $04 LDA $04CA20,X [04D73A] = $F0    A:0000 X:0D1A Y:CDBC S:1FC0 D:192B DB:7F P:nvMxdizC V:197 H:98 
01825E $E8             INX                             A:00F0 X:0D1A Y:CDBC S:1FC0 D:192B DB:7F P:NvMxdizC V:197 H:108
01825F $99 $00 $00     STA $0000,Y [7FCDBC] = $F0      A:00F0 X:0D1B Y:CDBC S:1FC0 D:192B DB:7F P:nvMxdizC V:197 H:112
018262 $C8             INY                             A:00F0 X:0D1B Y:CDBC S:1FC0 D:192B DB:7F P:nvMxdizC V:197 H:121
018263 $A9 $00         LDA #$00                        A:00F0 X:0D1B Y:CDBD S:1FC0 D:192B DB:7F P:NvMxdizC V:197 H:125
018265 $99 $00 $00     STA $0000,Y [7FCDBD] = $00      A:0000 X:0D1B Y:CDBD S:1FC0 D:192B DB:7F P:nvMxdiZC V:197 H:129
018268 $C8             INY                             A:0000 X:0D1B Y:CDBD S:1FC0 D:192B DB:7F P:nvMxdiZC V:197 H:148
018269 $CE $33 $19     DEC $1933 [7F1933] = $06        A:0000 X:0D1B Y:CDBE S:1FC0 D:192B DB:7F P:NvMxdizC V:197 H:152
01826C $D0 $EC         BNE $01825A                     A:0000 X:0D1B Y:CDBE S:1FC0 D:192B DB:7F P:nvMxdizC V:197 H:163
01825A $BF $20 $CA $04 LDA $04CA20,X [04D73B] = $F0    A:0000 X:0D1B Y:CDBE S:1FC0 D:192B DB:7F P:nvMxdizC V:197 H:169
01825E $E8             INX                             A:00F0 X:0D1B Y:CDBE S:1FC0 D:192B DB:7F P:NvMxdizC V:197 H:179
01825F $99 $00 $00     STA $0000,Y [7FCDBE] = $F0      A:00F0 X:0D1C Y:CDBE S:1FC0 D:192B DB:7F P:nvMxdizC V:197 H:182
018262 $C8             INY                             A:00F0 X:0D1C Y:CDBE S:1FC0 D:192B DB:7F P:nvMxdizC V:197 H:192
018263 $A9 $00         LDA #$00                        A:00F0 X:0D1C Y:CDBF S:1FC0 D:192B DB:7F P:NvMxdizC V:197 H:195
018265 $99 $00 $00     STA $0000,Y [7FCDBF] = $00      A:0000 X:0D1C Y:CDBF S:1FC0 D:192B DB:7F P:nvMxdiZC V:197 H:199
018268 $C8             INY                             A:0000 X:0D1C Y:CDBF S:1FC0 D:192B DB:7F P:nvMxdiZC V:197 H:209
018269 $CE $33 $19     DEC $1933 [7F1933] = $05        A:0000 X:0D1C Y:CDC0 S:1FC0 D:192B DB:7F P:NvMxdizC V:197 H:212
01826C $D0 $EC         BNE $01825A                     A:0000 X:0D1C Y:CDC0 S:1FC0 D:192B DB:7F P:nvMxdizC V:197 H:224
01825A $BF $20 $CA $04 LDA $04CA20,X [04D73C] = $E0    A:0000 X:0D1C Y:CDC0 S:1FC0 D:192B DB:7F P:nvMxdizC V:197 H:229
01825E $E8             INX                             A:00E0 X:0D1C Y:CDC0 S:1FC0 D:192B DB:7F P:NvMxdizC V:197 H:239
01825F $99 $00 $00     STA $0000,Y [7FCDC0] = $E0      A:00E0 X:0D1D Y:CDC0 S:1FC0 D:192B DB:7F P:nvMxdizC V:197 H:243
018262 $C8             INY                             A:00E0 X:0D1D Y:CDC0 S:1FC0 D:192B DB:7F P:nvMxdizC V:197 H:252
018263 $A9 $00         LDA #$00                        A:00E0 X:0D1D Y:CDC1 S:1FC0 D:192B DB:7F P:NvMxdizC V:197 H:256
018265 $99 $00 $00     STA $0000,Y [7FCDC1] = $00      A:0000 X:0D1D Y:CDC1 S:1FC0 D:192B DB:7F P:nvMxdiZC V:197 H:260
018268 $C8             INY                             A:0000 X:0D1D Y:CDC1 S:1FC0 D:192B DB:7F P:nvMxdiZC V:197 H:269
018269 $CE $33 $19     DEC $1933 [7F1933] = $04        A:0000 X:0D1D Y:CDC2 S:1FC0 D:192B DB:7F P:NvMxdizC V:197 H:273
01826C $D0 $EC         BNE $01825A                     A:0000 X:0D1D Y:CDC2 S:1FC0 D:192B DB:7F P:nvMxdizC V:197 H:298
01825A $BF $20 $CA $04 LDA $04CA20,X [04D73D] = $80    A:0000 X:0D1D Y:CDC2 S:1FC0 D:192B DB:7F P:nvMxdizC V:197 H:304
01825E $E8             INX                             A:0080 X:0D1D Y:CDC2 S:1FC0 D:192B DB:7F P:NvMxdizC V:197 H:314
01825F $99 $00 $00     STA $0000,Y [7FCDC2] = $80      A:0080 X:0D1E Y:CDC2 S:1FC0 D:192B DB:7F P:nvMxdizC V:197 H:317
018262 $C8             INY                             A:0080 X:0D1E Y:CDC2 S:1FC0 D:192B DB:7F P:nvMxdizC V:197 H:326
018263 $A9 $00         LDA #$00                        A:0080 X:0D1E Y:CDC3 S:1FC0 D:192B DB:7F P:NvMxdizC V:197 H:329
018265 $99 $00 $00     STA $0000,Y [7FCDC3] = $00      A:0000 X:0D1E Y:CDC3 S:1FC0 D:192B DB:7F P:nvMxdiZC V:197 H:333
018268 $C8             INY                             A:0000 X:0D1E Y:CDC3 S:1FC0 D:192B DB:7F P:nvMxdiZC V:198 H:3  
018269 $CE $33 $19     DEC $1933 [7F1933] = $03        A:0000 X:0D1E Y:CDC4 S:1FC0 D:192B DB:7F P:NvMxdizC V:198 H:6  
01826C $D0 $EC         BNE $01825A                     A:0000 X:0D1E Y:CDC4 S:1FC0 D:192B DB:7F P:nvMxdizC V:198 H:18 
01825A $BF $20 $CA $04 LDA $04CA20,X [04D73E] = $00    A:0000 X:0D1E Y:CDC4 S:1FC0 D:192B DB:7F P:nvMxdizC V:198 H:23 
01825E $E8             INX                             A:0000 X:0D1E Y:CDC4 S:1FC0 D:192B DB:7F P:nvMxdiZC V:198 H:33 
01825F $99 $00 $00     STA $0000,Y [7FCDC4] = $00      A:0000 X:0D1F Y:CDC4 S:1FC0 D:192B DB:7F P:nvMxdizC V:198 H:37 
018262 $C8             INY                             A:0000 X:0D1F Y:CDC4 S:1FC0 D:192B DB:7F P:nvMxdizC V:198 H:46 
018263 $A9 $00         LDA #$00                        A:0000 X:0D1F Y:CDC5 S:1FC0 D:192B DB:7F P:NvMxdizC V:198 H:50 
018265 $99 $00 $00     STA $0000,Y [7FCDC5] = $00      A:0000 X:0D1F Y:CDC5 S:1FC0 D:192B DB:7F P:nvMxdiZC V:198 H:54 
018268 $C8             INY                             A:0000 X:0D1F Y:CDC5 S:1FC0 D:192B DB:7F P:nvMxdiZC V:198 H:63 
018269 $CE $33 $19     DEC $1933 [7F1933] = $02        A:0000 X:0D1F Y:CDC6 S:1FC0 D:192B DB:7F P:NvMxdizC V:198 H:67 
01826C $D0 $EC         BNE $01825A                     A:0000 X:0D1F Y:CDC6 S:1FC0 D:192B DB:7F P:nvMxdizC V:198 H:78 
01825A $BF $20 $CA $04 LDA $04CA20,X [04D73F] = $00    A:0000 X:0D1F Y:CDC6 S:1FC0 D:192B DB:7F P:nvMxdizC V:198 H:84 
01825E $E8             INX                             A:0000 X:0D1F Y:CDC6 S:1FC0 D:192B DB:7F P:nvMxdiZC V:198 H:94 
01825F $99 $00 $00     STA $0000,Y [7FCDC6] = $00      A:0000 X:0D20 Y:CDC6 S:1FC0 D:192B DB:7F P:nvMxdizC V:198 H:97 
018262 $C8             INY                             A:0000 X:0D20 Y:CDC6 S:1FC0 D:192B DB:7F P:nvMxdizC V:198 H:107
018263 $A9 $00         LDA #$00                        A:0000 X:0D20 Y:CDC7 S:1FC0 D:192B DB:7F P:NvMxdizC V:198 H:110
018265 $99 $00 $00     STA $0000,Y [7FCDC7] = $00      A:0000 X:0D20 Y:CDC7 S:1FC0 D:192B DB:7F P:nvMxdiZC V:198 H:114
018268 $C8             INY                             A:0000 X:0D20 Y:CDC7 S:1FC0 D:192B DB:7F P:nvMxdiZC V:198 H:124
018269 $CE $33 $19     DEC $1933 [7F1933] = $01        A:0000 X:0D20 Y:CDC8 S:1FC0 D:192B DB:7F P:NvMxdizC V:198 H:127
01826C $D0 $EC         BNE $01825A                     A:0000 X:0D20 Y:CDC8 S:1FC0 D:192B DB:7F P:nvMxdiZC V:198 H:149
01826E $28             PLP                             A:0000 X:0D20 Y:CDC8 S:1FC0 D:192B DB:7F P:nvMxdiZC V:198 H:153
01826F $AB             PLB                             A:0000 X:0D20 Y:CDC8 S:1FC1 D:192B DB:7F P:nvmxdizc V:198 H:160
018270 $60             RTS                             A:0000 X:0D20 Y:CDC8 S:1FC2 D:192B DB:01 P:nvmxdizc V:198 H:167
018218 $A5 $00         LDA $00 [00192B] = $0D08        A:0000 X:0D20 Y:CDC8 S:1FC4 D:192B DB:01 P:nvmxdizc V:198 H:177
01821A $18             CLC                             A:0D08 X:0D20 Y:CDC8 S:1FC4 D:192B DB:01 P:nvmxdizc V:198 H:187
01821B $69 $18 $00     ADC #$0018                      A:0D08 X:0D20 Y:CDC8 S:1FC4 D:192B DB:01 P:nvmxdizc V:198 H:190
01821E $85 $00         STA $00 [00192B] = $0D08        A:0D20 X:0D20 Y:CDC8 S:1FC4 D:192B DB:01 P:nvmxdizc V:198 H:196
018220 $A5 $02         LDA $02 [00192D] = $CDA8        A:0D20 X:0D20 Y:CDC8 S:1FC4 D:192B DB:01 P:nvmxdizc V:198 H:206
018222 $18             CLC                             A:CDA8 X:0D20 Y:CDC8 S:1FC4 D:192B DB:01 P:Nvmxdizc V:198 H:215
018223 $69 $20 $00     ADC #$0020                      A:CDA8 X:0D20 Y:CDC8 S:1FC4 D:192B DB:01 P:Nvmxdizc V:198 H:219
018226 $85 $02         STA $02 [00192D] = $CDA8        A:CDC8 X:0D20 Y:CDC8 S:1FC4 D:192B DB:01 P:Nvmxdizc V:198 H:225
018228 $C6 $06         DEC $06 [001931] = $0001        A:CDC8 X:0D20 Y:CDC8 S:1FC4 D:192B DB:01 P:Nvmxdizc V:198 H:234
01822A $D0 $E9         BNE $018215                     A:CDC8 X:0D20 Y:CDC8 S:1FC4 D:192B DB:01 P:nvmxdiZc V:198 H:249
01822C $28             PLP                             A:CDC8 X:0D20 Y:CDC8 S:1FC4 D:192B DB:01 P:nvmxdiZc V:198 H:253
01822D $60             RTS                             A:CDC8 X:0D20 Y:CDC8 S:1FC5 D:192B DB:01 P:nvMxdizc V:198 H:260
018205 $2B             PLD                             A:CDC8 X:0D20 Y:CDC8 S:1FC7 D:192B DB:01 P:nvMxdizc V:198 H:271
018206 $60             RTS                             A:CDC8 X:0D20 Y:CDC8 S:1FC9 D:0000 DB:01 P:nvMxdiZc V:198 H:294
01916F $20 $0B $FE     JSR $FE0B [01FE0B] = $8B        A:CDC8 X:0D20 Y:CDC8 S:1FCB D:0000 DB:01 P:nvMxdiZc V:198 H:304
