C0936F $08             PHP                             A:0000 X:0010 Y:0004 S:03F9 D:00C0 DB:7F P:nvmxdIZc V:26  H:264
C09370 $F4 $7E $7E     PEA #$7E7E                      A:0000 X:0010 Y:0004 S:03F8 D:00C0 DB:7F P:nvmxdIZc V:26  H:269
C09373 $AB             PLB                             A:0000 X:0010 Y:0004 S:03F6 D:00C0 DB:7F P:nvmxdIZc V:26  H:294
C09374 $AB             PLB                             A:0000 X:0010 Y:0004 S:03F7 D:00C0 DB:7E P:nvmxdIzc V:26  H:300
C09375 $E2 $20         SEP #$20                        A:0000 X:0010 Y:0004 S:03F8 D:00C0 DB:7E P:nvmxdIzc V:26  H:307
C09377 $AD $47 $DD     LDA $DD47 [7EDD47] = $00        A:0000 X:0010 Y:0004 S:03F8 D:00C0 DB:7E P:nvMxdIzc V:26  H:311
C0937A $D0 $05         BNE $C09381                     A:0000 X:0010 Y:0004 S:03F8 D:00C0 DB:7E P:nvMxdIZc V:26  H:318
C0937C $AD $45 $DD     LDA $DD45 [7EDD45] = $00        A:0000 X:0010 Y:0004 S:03F8 D:00C0 DB:7E P:nvMxdIZc V:26  H:321
C0937F $F0 $05         BEQ $C09386                     A:0000 X:0010 Y:0004 S:03F8 D:00C0 DB:7E P:nvMxdIZc V:26  H:327



C09386 $A9 $E8         LDA #$E8                        A:0000 X:0010 Y:0004 S:03F8 D:00C0 DB:7E P:nvMxdIZc V:26  H:331
C09388 $8D $20 $DB     STA $DB20 [7EDB20] = $B8        A:00E8 X:0010 Y:0004 S:03F8 D:00C0 DB:7E P:NvMxdIzc V:26  H:334
C0938B $8D $24 $DB     STA $DB24 [7EDB24] = $C0        A:00E8 X:0010 Y:0004 S:03F8 D:00C0 DB:7E P:NvMxdIzc V:27  H:0  
C0938E $8D $28 $DB     STA $DB28 [7EDB28] = $C8        A:00E8 X:0010 Y:0004 S:03F8 D:00C0 DB:7E P:NvMxdIzc V:27  H:7  
C09391 $8D $2C $DB     STA $DB2C [7EDB2C] = $B8        A:00E8 X:0010 Y:0004 S:03F8 D:00C0 DB:7E P:NvMxdIzc V:27  H:13 
C09394 $8D $30 $DB     STA $DB30 [7EDB30] = $C0        A:00E8 X:0010 Y:0004 S:03F8 D:00C0 DB:7E P:NvMxdIzc V:27  H:20 
C09397 $8D $34 $DB     STA $DB34 [7EDB34] = $C8        A:00E8 X:0010 Y:0004 S:03F8 D:00C0 DB:7E P:NvMxdIzc V:27  H:26 
C0939A $8D $38 $DB     STA $DB38 [7EDB38] = $60        A:00E8 X:0010 Y:0004 S:03F8 D:00C0 DB:7E P:NvMxdIzc V:27  H:33 
C0939D $8D $3C $DB     STA $DB3C [7EDB3C] = $68        A:00E8 X:0010 Y:0004 S:03F8 D:00C0 DB:7E P:NvMxdIzc V:27  H:39 
C093A0 $8D $40 $DB     STA $DB40 [7EDB40] = $70        A:00E8 X:0010 Y:0004 S:03F8 D:00C0 DB:7E P:NvMxdIzc V:27  H:46 
C093A3 $8D $44 $DB     STA $DB44 [7EDB44] = $60        A:00E8 X:0010 Y:0004 S:03F8 D:00C0 DB:7E P:NvMxdIzc V:27  H:52 
C093A6 $8D $48 $DB     STA $DB48 [7EDB48] = $68        A:00E8 X:0010 Y:0004 S:03F8 D:00C0 DB:7E P:NvMxdIzc V:27  H:59 
C093A9 $8D $4C $DB     STA $DB4C [7EDB4C] = $70        A:00E8 X:0010 Y:0004 S:03F8 D:00C0 DB:7E P:NvMxdIzc V:27  H:65 
C093AC $8D $50 $DB     STA $DB50 [7EDB50] = $40        A:00E8 X:0010 Y:0004 S:03F8 D:00C0 DB:7E P:NvMxdIzc V:27  H:72 
C093AF $8D $54 $DB     STA $DB54 [7EDB54] = $48        A:00E8 X:0010 Y:0004 S:03F8 D:00C0 DB:7E P:NvMxdIzc V:27  H:78 
C093B2 $8D $58 $DB     STA $DB58 [7EDB58] = $50        A:00E8 X:0010 Y:0004 S:03F8 D:00C0 DB:7E P:NvMxdIzc V:27  H:85 
C093B5 $8D $5C $DB     STA $DB5C [7EDB5C] = $40        A:00E8 X:0010 Y:0004 S:03F8 D:00C0 DB:7E P:NvMxdIzc V:27  H:91 
C093B8 $8D $60 $DB     STA $DB60 [7EDB60] = $48        A:00E8 X:0010 Y:0004 S:03F8 D:00C0 DB:7E P:NvMxdIzc V:27  H:98 
C093BB $8D $64 $DB     STA $DB64 [7EDB64] = $50        A:00E8 X:0010 Y:0004 S:03F8 D:00C0 DB:7E P:NvMxdIzc V:27  H:104
C093BE $8D $68 $DB     STA $DB68 [7EDB68] = $18        A:00E8 X:0010 Y:0004 S:03F8 D:00C0 DB:7E P:NvMxdIzc V:27  H:111
C093C1 $8D $6C $DB     STA $DB6C [7EDB6C] = $20        A:00E8 X:0010 Y:0004 S:03F8 D:00C0 DB:7E P:NvMxdIzc V:27  H:117
C093C4 $8D $70 $DB     STA $DB70 [7EDB70] = $28        A:00E8 X:0010 Y:0004 S:03F8 D:00C0 DB:7E P:NvMxdIzc V:27  H:124
C093C7 $8D $74 $DB     STA $DB74 [7EDB74] = $18        A:00E8 X:0010 Y:0004 S:03F8 D:00C0 DB:7E P:NvMxdIzc V:27  H:130
C093CA $8D $78 $DB     STA $DB78 [7EDB78] = $20        A:00E8 X:0010 Y:0004 S:03F8 D:00C0 DB:7E P:NvMxdIzc V:27  H:147
C093CD $8D $7C $DB     STA $DB7C [7EDB7C] = $28        A:00E8 X:0010 Y:0004 S:03F8 D:00C0 DB:7E P:NvMxdIzc V:27  H:153
C093D0 $8D $80 $DB     STA $DB80 [7EDB80] = $E8        A:00E8 X:0010 Y:0004 S:03F8 D:00C0 DB:7E P:NvMxdIzc V:27  H:160
C093D3 $8D $84 $DB     STA $DB84 [7EDB84] = $E8        A:00E8 X:0010 Y:0004 S:03F8 D:00C0 DB:7E P:NvMxdIzc V:27  H:166
C093D6 $8D $88 $DB     STA $DB88 [7EDB88] = $E8        A:00E8 X:0010 Y:0004 S:03F8 D:00C0 DB:7E P:NvMxdIzc V:27  H:173
C093D9 $8D $8C $DB     STA $DB8C [7EDB8C] = $E8        A:00E8 X:0010 Y:0004 S:03F8 D:00C0 DB:7E P:NvMxdIzc V:27  H:179
C093DC $8D $90 $DB     STA $DB90 [7EDB90] = $E8        A:00E8 X:0010 Y:0004 S:03F8 D:00C0 DB:7E P:NvMxdIzc V:27  H:186
C093DF $8D $94 $DB     STA $DB94 [7EDB94] = $E8        A:00E8 X:0010 Y:0004 S:03F8 D:00C0 DB:7E P:NvMxdIzc V:27  H:192
C093E2 $8D $98 $DB     STA $DB98 [7EDB98] = $E8        A:00E8 X:0010 Y:0004 S:03F8 D:00C0 DB:7E P:NvMxdIzc V:27  H:199
C093E5 $8D $9C $DB     STA $DB9C [7EDB9C] = $E8        A:00E8 X:0010 Y:0004 S:03F8 D:00C0 DB:7E P:NvMxdIzc V:27  H:205
C093E8 $8D $A0 $DB     STA $DBA0 [7EDBA0] = $E8        A:00E8 X:0010 Y:0004 S:03F8 D:00C0 DB:7E P:NvMxdIzc V:27  H:212
C093EB $8D $A4 $DB     STA $DBA4 [7EDBA4] = $E8        A:00E8 X:0010 Y:0004 S:03F8 D:00C0 DB:7E P:NvMxdIzc V:27  H:218
C093EE $8D $A8 $DB     STA $DBA8 [7EDBA8] = $E8        A:00E8 X:0010 Y:0004 S:03F8 D:00C0 DB:7E P:NvMxdIzc V:27  H:225
C093F1 $8D $AC $DB     STA $DBAC [7EDBAC] = $E8        A:00E8 X:0010 Y:0004 S:03F8 D:00C0 DB:7E P:NvMxdIzc V:27  H:231
C093F4 $8D $B0 $DB     STA $DBB0 [7EDBB0] = $E8        A:00E8 X:0010 Y:0004 S:03F8 D:00C0 DB:7E P:NvMxdIzc V:27  H:238
C093F7 $8D $B4 $DB     STA $DBB4 [7EDBB4] = $E8        A:00E8 X:0010 Y:0004 S:03F8 D:00C0 DB:7E P:NvMxdIzc V:27  H:244
C093FA $8D $B8 $DB     STA $DBB8 [7EDBB8] = $E8        A:00E8 X:0010 Y:0004 S:03F8 D:00C0 DB:7E P:NvMxdIzc V:27  H:251
C093FD $8D $BC $DB     STA $DBBC [7EDBBC] = $E8        A:00E8 X:0010 Y:0004 S:03F8 D:00C0 DB:7E P:NvMxdIzc V:27  H:257
C09400 $8D $C0 $DB     STA $DBC0 [7EDBC0] = $E8        A:00E8 X:0010 Y:0004 S:03F8 D:00C0 DB:7E P:NvMxdIzc V:27  H:264
C09403 $8D $C4 $DB     STA $DBC4 [7EDBC4] = $E8        A:00E8 X:0010 Y:0004 S:03F8 D:00C0 DB:7E P:NvMxdIzc V:27  H:270
C09406 $8D $C8 $DB     STA $DBC8 [7EDBC8] = $E8        A:00E8 X:0010 Y:0004 S:03F8 D:00C0 DB:7E P:NvMxdIzc V:27  H:292
C09409 $8D $CC $DB     STA $DBCC [7EDBCC] = $E8        A:00E8 X:0010 Y:0004 S:03F8 D:00C0 DB:7E P:NvMxdIzc V:27  H:298
C0940C $8D $D0 $DB     STA $DBD0 [7EDBD0] = $E8        A:00E8 X:0010 Y:0004 S:03F8 D:00C0 DB:7E P:NvMxdIzc V:27  H:305
C0940F $8D $D4 $DB     STA $DBD4 [7EDBD4] = $E8        A:00E8 X:0010 Y:0004 S:03F8 D:00C0 DB:7E P:NvMxdIzc V:27  H:311
C09412 $8D $D8 $DB     STA $DBD8 [7EDBD8] = $E8        A:00E8 X:0010 Y:0004 S:03F8 D:00C0 DB:7E P:NvMxdIzc V:27  H:318
C09415 $8D $DC $DB     STA $DBDC [7EDBDC] = $E8        A:00E8 X:0010 Y:0004 S:03F8 D:00C0 DB:7E P:NvMxdIzc V:27  H:324
C09418 $8D $E0 $DB     STA $DBE0 [7EDBE0] = $E8        A:00E8 X:0010 Y:0004 S:03F8 D:00C0 DB:7E P:NvMxdIzc V:27  H:330
C0941B $8D $E4 $DB     STA $DBE4 [7EDBE4] = $E8        A:00E8 X:0010 Y:0004 S:03F8 D:00C0 DB:7E P:NvMxdIzc V:27  H:336
C0941E $8D $E8 $DB     STA $DBE8 [7EDBE8] = $E8        A:00E8 X:0010 Y:0004 S:03F8 D:00C0 DB:7E P:NvMxdIzc V:28  H:3  
C09421 $8D $EC $DB     STA $DBEC [7EDBEC] = $E8        A:00E8 X:0010 Y:0004 S:03F8 D:00C0 DB:7E P:NvMxdIzc V:28  H:9  
C09424 $8D $F0 $DB     STA $DBF0 [7EDBF0] = $E8        A:00E8 X:0010 Y:0004 S:03F8 D:00C0 DB:7E P:NvMxdIzc V:28  H:16 
C09427 $8D $F4 $DB     STA $DBF4 [7EDBF4] = $E8        A:00E8 X:0010 Y:0004 S:03F8 D:00C0 DB:7E P:NvMxdIzc V:28  H:22 
C0942A $8D $F8 $DB     STA $DBF8 [7EDBF8] = $E8        A:00E8 X:0010 Y:0004 S:03F8 D:00C0 DB:7E P:NvMxdIzc V:28  H:29 
C0942D $8D $FC $DB     STA $DBFC [7EDBFC] = $E8        A:00E8 X:0010 Y:0004 S:03F8 D:00C0 DB:7E P:NvMxdIzc V:28  H:35 
C09430 $8D $00 $DC     STA $DC00 [7EDC00] = $E8        A:00E8 X:0010 Y:0004 S:03F8 D:00C0 DB:7E P:NvMxdIzc V:28  H:42 
C09433 $8D $04 $DC     STA $DC04 [7EDC04] = $E8        A:00E8 X:0010 Y:0004 S:03F8 D:00C0 DB:7E P:NvMxdIzc V:28  H:48 
C09436 $8D $08 $DC     STA $DC08 [7EDC08] = $E8        A:00E8 X:0010 Y:0004 S:03F8 D:00C0 DB:7E P:NvMxdIzc V:28  H:55 
C09439 $8D $0C $DC     STA $DC0C [7EDC0C] = $E8        A:00E8 X:0010 Y:0004 S:03F8 D:00C0 DB:7E P:NvMxdIzc V:28  H:61 
C0943C $8D $10 $DC     STA $DC10 [7EDC10] = $E8        A:00E8 X:0010 Y:0004 S:03F8 D:00C0 DB:7E P:NvMxdIzc V:28  H:68 
C0943F $8D $14 $DC     STA $DC14 [7EDC14] = $E8        A:00E8 X:0010 Y:0004 S:03F8 D:00C0 DB:7E P:NvMxdIzc V:28  H:74 
C09442 $8D $18 $DC     STA $DC18 [7EDC18] = $E8        A:00E8 X:0010 Y:0004 S:03F8 D:00C0 DB:7E P:NvMxdIzc V:28  H:81 
C09445 $8D $1C $DC     STA $DC1C [7EDC1C] = $E8        A:00E8 X:0010 Y:0004 S:03F8 D:00C0 DB:7E P:NvMxdIzc V:28  H:87 
C09448 $8D $20 $DC     STA $DC20 [7EDC20] = $E8        A:00E8 X:0010 Y:0004 S:03F8 D:00C0 DB:7E P:NvMxdIzc V:28  H:94 
C0944B $8D $24 $DC     STA $DC24 [7EDC24] = $E8        A:00E8 X:0010 Y:0004 S:03F8 D:00C0 DB:7E P:NvMxdIzc V:28  H:100
C0944E $8D $28 $DC     STA $DC28 [7EDC28] = $E8        A:00E8 X:0010 Y:0004 S:03F8 D:00C0 DB:7E P:NvMxdIzc V:28  H:107
C09451 $8D $2C $DC     STA $DC2C [7EDC2C] = $E8        A:00E8 X:0010 Y:0004 S:03F8 D:00C0 DB:7E P:NvMxdIzc V:28  H:113
C09454 $8D $30 $DC     STA $DC30 [7EDC30] = $E8        A:00E8 X:0010 Y:0004 S:03F8 D:00C0 DB:7E P:NvMxdIzc V:28  H:120
C09457 $8D $34 $DC     STA $DC34 [7EDC34] = $E8        A:00E8 X:0010 Y:0004 S:03F8 D:00C0 DB:7E P:NvMxdIzc V:28  H:126
C0945A $8D $38 $DC     STA $DC38 [7EDC38] = $E8        A:00E8 X:0010 Y:0004 S:03F8 D:00C0 DB:7E P:NvMxdIzc V:28  H:133
C0945D $8D $3C $DC     STA $DC3C [7EDC3C] = $E8        A:00E8 X:0010 Y:0004 S:03F8 D:00C0 DB:7E P:NvMxdIzc V:28  H:149
C09460 $8D $40 $DC     STA $DC40 [7EDC40] = $E8        A:00E8 X:0010 Y:0004 S:03F8 D:00C0 DB:7E P:NvMxdIzc V:28  H:156
C09463 $8D $44 $DC     STA $DC44 [7EDC44] = $E8        A:00E8 X:0010 Y:0004 S:03F8 D:00C0 DB:7E P:NvMxdIzc V:28  H:162
C09466 $8D $48 $DC     STA $DC48 [7EDC48] = $E8        A:00E8 X:0010 Y:0004 S:03F8 D:00C0 DB:7E P:NvMxdIzc V:28  H:169
C09469 $8D $4C $DC     STA $DC4C [7EDC4C] = $E8        A:00E8 X:0010 Y:0004 S:03F8 D:00C0 DB:7E P:NvMxdIzc V:28  H:175
C0946C $8D $50 $DC     STA $DC50 [7EDC50] = $E8        A:00E8 X:0010 Y:0004 S:03F8 D:00C0 DB:7E P:NvMxdIzc V:28  H:182
C0946F $8D $54 $DC     STA $DC54 [7EDC54] = $E8        A:00E8 X:0010 Y:0004 S:03F8 D:00C0 DB:7E P:NvMxdIzc V:28  H:188
C09472 $8D $58 $DC     STA $DC58 [7EDC58] = $E8        A:00E8 X:0010 Y:0004 S:03F8 D:00C0 DB:7E P:NvMxdIzc V:28  H:195
C09475 $8D $5C $DC     STA $DC5C [7EDC5C] = $E8        A:00E8 X:0010 Y:0004 S:03F8 D:00C0 DB:7E P:NvMxdIzc V:28  H:201
C09478 $8D $60 $DC     STA $DC60 [7EDC60] = $E8        A:00E8 X:0010 Y:0004 S:03F8 D:00C0 DB:7E P:NvMxdIzc V:28  H:208
C0947B $8D $64 $DC     STA $DC64 [7EDC64] = $E8        A:00E8 X:0010 Y:0004 S:03F8 D:00C0 DB:7E P:NvMxdIzc V:28  H:214
C0947E $8D $68 $DC     STA $DC68 [7EDC68] = $E8        A:00E8 X:0010 Y:0004 S:03F8 D:00C0 DB:7E P:NvMxdIzc V:28  H:221
C09481 $8D $6C $DC     STA $DC6C [7EDC6C] = $E8        A:00E8 X:0010 Y:0004 S:03F8 D:00C0 DB:7E P:NvMxdIzc V:28  H:227
C09484 $8D $70 $DC     STA $DC70 [7EDC70] = $E8        A:00E8 X:0010 Y:0004 S:03F8 D:00C0 DB:7E P:NvMxdIzc V:28  H:234
C09487 $8D $74 $DC     STA $DC74 [7EDC74] = $E8        A:00E8 X:0010 Y:0004 S:03F8 D:00C0 DB:7E P:NvMxdIzc V:28  H:240
C0948A $8D $78 $DC     STA $DC78 [7EDC78] = $E8        A:00E8 X:0010 Y:0004 S:03F8 D:00C0 DB:7E P:NvMxdIzc V:28  H:247
C0948D $8D $7C $DC     STA $DC7C [7EDC7C] = $E8        A:00E8 X:0010 Y:0004 S:03F8 D:00C0 DB:7E P:NvMxdIzc V:28  H:253
C09490 $8D $80 $DC     STA $DC80 [7EDC80] = $E8        A:00E8 X:0010 Y:0004 S:03F8 D:00C0 DB:7E P:NvMxdIzc V:28  H:260
C09493 $8D $84 $DC     STA $DC84 [7EDC84] = $E8        A:00E8 X:0010 Y:0004 S:03F8 D:00C0 DB:7E P:NvMxdIzc V:28  H:266
C09496 $8D $88 $DC     STA $DC88 [7EDC88] = $E8        A:00E8 X:0010 Y:0004 S:03F8 D:00C0 DB:7E P:NvMxdIzc V:28  H:273
C09499 $8D $8C $DC     STA $DC8C [7EDC8C] = $E8        A:00E8 X:0010 Y:0004 S:03F8 D:00C0 DB:7E P:NvMxdIzc V:28  H:295
C0949C $8D $90 $DC     STA $DC90 [7EDC90] = $E8        A:00E8 X:0010 Y:0004 S:03F8 D:00C0 DB:7E P:NvMxdIzc V:28  H:302
C0949F $8D $94 $DC     STA $DC94 [7EDC94] = $E8        A:00E8 X:0010 Y:0004 S:03F8 D:00C0 DB:7E P:NvMxdIzc V:28  H:308
C094A2 $8D $98 $DC     STA $DC98 [7EDC98] = $E8        A:00E8 X:0010 Y:0004 S:03F8 D:00C0 DB:7E P:NvMxdIzc V:28  H:315
C094A5 $8D $9C $DC     STA $DC9C [7EDC9C] = $E8        A:00E8 X:0010 Y:0004 S:03F8 D:00C0 DB:7E P:NvMxdIzc V:28  H:321
C094A8 $8D $A0 $DC     STA $DCA0 [7EDCA0] = $E8        A:00E8 X:0010 Y:0004 S:03F8 D:00C0 DB:7E P:NvMxdIzc V:28  H:327
C094AB $8D $A4 $DC     STA $DCA4 [7EDCA4] = $E8        A:00E8 X:0010 Y:0004 S:03F8 D:00C0 DB:7E P:NvMxdIzc V:28  H:333
C094AE $8D $A8 $DC     STA $DCA8 [7EDCA8] = $E8        A:00E8 X:0010 Y:0004 S:03F8 D:00C0 DB:7E P:NvMxdIzc V:29  H:0  
C094B1 $8D $AC $DC     STA $DCAC [7EDCAC] = $E8        A:00E8 X:0010 Y:0004 S:03F8 D:00C0 DB:7E P:NvMxdIzc V:29  H:6  
C094B4 $8D $B0 $DC     STA $DCB0 [7EDCB0] = $E8        A:00E8 X:0010 Y:0004 S:03F8 D:00C0 DB:7E P:NvMxdIzc V:29  H:13 
C094B7 $8D $B4 $DC     STA $DCB4 [7EDCB4] = $E8        A:00E8 X:0010 Y:0004 S:03F8 D:00C0 DB:7E P:NvMxdIzc V:29  H:19 
C094BA $8D $B8 $DC     STA $DCB8 [7EDCB8] = $E8        A:00E8 X:0010 Y:0004 S:03F8 D:00C0 DB:7E P:NvMxdIzc V:29  H:26 
C094BD $8D $BC $DC     STA $DCBC [7EDCBC] = $E8        A:00E8 X:0010 Y:0004 S:03F8 D:00C0 DB:7E P:NvMxdIzc V:29  H:32 
C094C0 $8D $C0 $DC     STA $DCC0 [7EDCC0] = $E8        A:00E8 X:0010 Y:0004 S:03F8 D:00C0 DB:7E P:NvMxdIzc V:29  H:39 
C094C3 $8D $C4 $DC     STA $DCC4 [7EDCC4] = $E8        A:00E8 X:0010 Y:0004 S:03F8 D:00C0 DB:7E P:NvMxdIzc V:29  H:45 
C094C6 $8D $C8 $DC     STA $DCC8 [7EDCC8] = $E8        A:00E8 X:0010 Y:0004 S:03F8 D:00C0 DB:7E P:NvMxdIzc V:29  H:52 
C094C9 $8D $CC $DC     STA $DCCC [7EDCCC] = $E8        A:00E8 X:0010 Y:0004 S:03F8 D:00C0 DB:7E P:NvMxdIzc V:29  H:58 
C094CC $8D $D0 $DC     STA $DCD0 [7EDCD0] = $E8        A:00E8 X:0010 Y:0004 S:03F8 D:00C0 DB:7E P:NvMxdIzc V:29  H:65 
C094CF $8D $D4 $DC     STA $DCD4 [7EDCD4] = $E8        A:00E8 X:0010 Y:0004 S:03F8 D:00C0 DB:7E P:NvMxdIzc V:29  H:71 
C094D2 $8D $D8 $DC     STA $DCD8 [7EDCD8] = $E8        A:00E8 X:0010 Y:0004 S:03F8 D:00C0 DB:7E P:NvMxdIzc V:29  H:78 
C094D5 $8D $DC $DC     STA $DCDC [7EDCDC] = $E8        A:00E8 X:0010 Y:0004 S:03F8 D:00C0 DB:7E P:NvMxdIzc V:29  H:84 
C094D8 $8D $E0 $DC     STA $DCE0 [7EDCE0] = $E8        A:00E8 X:0010 Y:0004 S:03F8 D:00C0 DB:7E P:NvMxdIzc V:29  H:91 
C094DB $8D $E4 $DC     STA $DCE4 [7EDCE4] = $E8        A:00E8 X:0010 Y:0004 S:03F8 D:00C0 DB:7E P:NvMxdIzc V:29  H:97 
C094DE $8D $E8 $DC     STA $DCE8 [7EDCE8] = $E8        A:00E8 X:0010 Y:0004 S:03F8 D:00C0 DB:7E P:NvMxdIzc V:29  H:104
C094E1 $8D $EC $DC     STA $DCEC [7EDCEC] = $E8        A:00E8 X:0010 Y:0004 S:03F8 D:00C0 DB:7E P:NvMxdIzc V:29  H:110
C094E4 $8D $F0 $DC     STA $DCF0 [7EDCF0] = $E8        A:00E8 X:0010 Y:0004 S:03F8 D:00C0 DB:7E P:NvMxdIzc V:29  H:117
C094E7 $8D $F4 $DC     STA $DCF4 [7EDCF4] = $E8        A:00E8 X:0010 Y:0004 S:03F8 D:00C0 DB:7E P:NvMxdIzc V:29  H:123
C094EA $8D $F8 $DC     STA $DCF8 [7EDCF8] = $E8        A:00E8 X:0010 Y:0004 S:03F8 D:00C0 DB:7E P:NvMxdIzc V:29  H:130
C094ED $8D $FC $DC     STA $DCFC [7EDCFC] = $E8        A:00E8 X:0010 Y:0004 S:03F8 D:00C0 DB:7E P:NvMxdIzc V:29  H:146
C094F0 $8D $00 $DD     STA $DD00 [7EDD00] = $E8        A:00E8 X:0010 Y:0004 S:03F8 D:00C0 DB:7E P:NvMxdIzc V:29  H:153
C094F3 $8D $04 $DD     STA $DD04 [7EDD04] = $E8        A:00E8 X:0010 Y:0004 S:03F8 D:00C0 DB:7E P:NvMxdIzc V:29  H:159
C094F6 $8D $08 $DD     STA $DD08 [7EDD08] = $E8        A:00E8 X:0010 Y:0004 S:03F8 D:00C0 DB:7E P:NvMxdIzc V:29  H:166
C094F9 $8D $0C $DD     STA $DD0C [7EDD0C] = $E8        A:00E8 X:0010 Y:0004 S:03F8 D:00C0 DB:7E P:NvMxdIzc V:29  H:172
C094FC $8D $10 $DD     STA $DD10 [7EDD10] = $E8        A:00E8 X:0010 Y:0004 S:03F8 D:00C0 DB:7E P:NvMxdIzc V:29  H:179
C094FF $8D $14 $DD     STA $DD14 [7EDD14] = $E8        A:00E8 X:0010 Y:0004 S:03F8 D:00C0 DB:7E P:NvMxdIzc V:29  H:185
C09502 $8D $18 $DD     STA $DD18 [7EDD18] = $E8        A:00E8 X:0010 Y:0004 S:03F8 D:00C0 DB:7E P:NvMxdIzc V:29  H:192
C09505 $8D $1C $DD     STA $DD1C [7EDD1C] = $E8        A:00E8 X:0010 Y:0004 S:03F8 D:00C0 DB:7E P:NvMxdIzc V:29  H:198
C09508 $C2 $30         REP #$30                        A:00E8 X:0010 Y:0004 S:03F8 D:00C0 DB:7E P:NvMxdIzc V:29  H:205
C0950A $9C $1F $DD     STZ $DD1F [7EDD1F] = $0000      A:00E8 X:0010 Y:0004 S:03F8 D:00C0 DB:7E P:NvmxdIzc V:29  H:209
C0950D $9C $21 $DD     STZ $DD21 [7EDD21] = $0000      A:00E8 X:0010 Y:0004 S:03F8 D:00C0 DB:7E P:NvmxdIzc V:29  H:218
C09510 $9C $23 $DD     STZ $DD23 [7EDD23] = $0000      A:00E8 X:0010 Y:0004 S:03F8 D:00C0 DB:7E P:NvmxdIzc V:29  H:226
C09513 $9C $25 $DD     STZ $DD25 [7EDD25] = $0000      A:00E8 X:0010 Y:0004 S:03F8 D:00C0 DB:7E P:NvmxdIzc V:29  H:235
C09516 $9C $27 $DD     STZ $DD27 [7EDD27] = $0000      A:00E8 X:0010 Y:0004 S:03F8 D:00C0 DB:7E P:NvmxdIzc V:29  H:243
C09519 $9C $29 $DD     STZ $DD29 [7EDD29] = $0000      A:00E8 X:0010 Y:0004 S:03F8 D:00C0 DB:7E P:NvmxdIzc V:29  H:252
C0951C $9C $2B $DD     STZ $DD2B [7EDD2B] = $0000      A:00E8 X:0010 Y:0004 S:03F8 D:00C0 DB:7E P:NvmxdIzc V:29  H:260
C0951F $9C $2D $DD     STZ $DD2D [7EDD2D] = $0000      A:00E8 X:0010 Y:0004 S:03F8 D:00C0 DB:7E P:NvmxdIzc V:29  H:269
C09522 $9C $2F $DD     STZ $DD2F [7EDD2F] = $0000      A:00E8 X:0010 Y:0004 S:03F8 D:00C0 DB:7E P:NvmxdIzc V:29  H:294
C09525 $9C $31 $DD     STZ $DD31 [7EDD31] = $0000      A:00E8 X:0010 Y:0004 S:03F8 D:00C0 DB:7E P:NvmxdIzc V:29  H:302
C09528 $9C $33 $DD     STZ $DD33 [7EDD33] = $0000      A:00E8 X:0010 Y:0004 S:03F8 D:00C0 DB:7E P:NvmxdIzc V:29  H:311
C0952B $9C $35 $DD     STZ $DD35 [7EDD35] = $0000      A:00E8 X:0010 Y:0004 S:03F8 D:00C0 DB:7E P:NvmxdIzc V:29  H:319
C0952E $9C $37 $DD     STZ $DD37 [7EDD37] = $0000      A:00E8 X:0010 Y:0004 S:03F8 D:00C0 DB:7E P:NvmxdIzc V:29  H:327
C09531 $9C $39 $DD     STZ $DD39 [7EDD39] = $0000      A:00E8 X:0010 Y:0004 S:03F8 D:00C0 DB:7E P:NvmxdIzc V:29  H:335
C09534 $9C $3B $DD     STZ $DD3B [7EDD3B] = $0000      A:00E8 X:0010 Y:0004 S:03F8 D:00C0 DB:7E P:NvmxdIzc V:30  H:4  
C09537 $9C $3D $DD     STZ $DD3D [7EDD3D] = $0000      A:00E8 X:0010 Y:0004 S:03F8 D:00C0 DB:7E P:NvmxdIzc V:30  H:12 
C0953A $F4 $C5 $99     PEA #$99C5                      A:00E8 X:0010 Y:0004 S:03F8 D:00C0 DB:7E P:NvmxdIzc V:30  H:21 
C0953D $F4 $10 $00     PEA #$0010                      A:00E8 X:0010 Y:0004 S:03F6 D:00C0 DB:7E P:NvmxdIzc V:30  H:29 
C09540 $F4 $00 $7E     PEA #$7E00                      A:00E8 X:0010 Y:0004 S:03F4 D:00C0 DB:7E P:NvmxdIzc V:30  H:38 
C09543 $22 $9E $02 $C9 JSL $C9029E                     A:00E8 X:0010 Y:0004 S:03F2 D:00C0 DB:7E P:NvmxdIzc V:30  H:46 



C9029E $08             PHP                             A:00E8 X:0010 Y:0004 S:03EF D:00C0 DB:7E P:NvmxdIzc V:30  H:60 
C9029F $78             SEI                             A:00E8 X:0010 Y:0004 S:03EE D:00C0 DB:7E P:NvmxdIzc V:30  H:65 
C902A0 $C2 $30         REP #$30                        A:00E8 X:0010 Y:0004 S:03EE D:00C0 DB:7E P:NvmxdIzc V:30  H:68 
C902A2 $48             PHA                             A:00E8 X:0010 Y:0004 S:03EE D:00C0 DB:7E P:NvmxdIzc V:30  H:72 
C902A3 $8B             PHB                             A:00E8 X:0010 Y:0004 S:03EC D:00C0 DB:7E P:NvmxdIzc V:30  H:79 
C902A4 $5A             PHY                             A:00E8 X:0010 Y:0004 S:03EB D:00C0 DB:7E P:NvmxdIzc V:30  H:84 
C902A5 $DA             PHX                             A:00E8 X:0010 Y:0004 S:03E9 D:00C0 DB:7E P:NvmxdIzc V:30  H:91 
C902A6 $E2 $10         SEP #$10                        A:00E8 X:0010 Y:0004 S:03E7 D:00C0 DB:7E P:NvmxdIzc V:30  H:98 
C902A8 $A3 $0D         LDA $0D,S [0003F4] = $107E      A:00E8 X:0010 Y:0004 S:03E7 D:00C0 DB:7E P:NvmXdIzc V:30  H:103
C902AA $AA             TAX                             A:107E X:0010 Y:0004 S:03E7 D:00C0 DB:7E P:nvmXdIzc V:30  H:111
C902AB $DA             PHX                             A:107E X:007E Y:0004 S:03E7 D:00C0 DB:7E P:nvmXdIzc V:30  H:114
C902AC $AB             PLB                             A:107E X:007E Y:0004 S:03E6 D:00C0 DB:7E P:nvmXdIzc V:30  H:119
C902AD $A0 $00         LDY #$00                        A:107E X:007E Y:0004 S:03E7 D:00C0 DB:7E P:nvmXdIzc V:30  H:126
C902AF $A3 $0E         LDA $0E,S [0003F5] = $0010      A:107E X:007E Y:0000 S:03E7 D:00C0 DB:7E P:nvmXdIZc V:30  H:129
C902B1 $33 $10         AND ($10,S),Y [7E99C5] = $150C  A:0010 X:007E Y:0000 S:03E7 D:00C0 DB:7E P:nvmXdIzc V:30  H:147
C902B3 $85 $40         STA $40 [000100] = $4916        A:0000 X:007E Y:0000 S:03E7 D:00C0 DB:7E P:nvmXdIZc V:30  H:161
C902B5 $A3 $0E         LDA $0E,S [0003F5] = $0010      A:0000 X:007E Y:0000 S:03E7 D:00C0 DB:7E P:nvmXdIZc V:30  H:170
C902B7 $F0 $14         BEQ $C902CD                     A:0010 X:007E Y:0000 S:03E7 D:00C0 DB:7E P:nvmXdIzc V:30  H:178
C902B9 $4A             LSR                             A:0010 X:007E Y:0000 S:03E7 D:00C0 DB:7E P:nvmXdIzc V:30  H:181
C902BA $B0 $11         BCS $C902CD                     A:0008 X:007E Y:0000 S:03E7 D:00C0 DB:7E P:nvmXdIzc V:30  H:184
C902BC $AA             TAX                             A:0008 X:007E Y:0000 S:03E7 D:00C0 DB:7E P:nvmXdIzc V:30  H:187
C902BD $A3 $0C         LDA $0C,S [0003F3] = $7E00      A:0008 X:0008 Y:0000 S:03E7 D:00C0 DB:7E P:nvmXdIzc V:30  H:190
C902BF $A0 $02         LDY #$02                        A:7E00 X:0008 Y:0000 S:03E7 D:00C0 DB:7E P:nvmXdIzc V:30  H:199
C902C1 $33 $10         AND ($10,S),Y [7E99C7] = $0000  A:7E00 X:0008 Y:0002 S:03E7 D:00C0 DB:7E P:nvmXdIzc V:30  H:202
C902C3 $4A             LSR                             A:0000 X:0008 Y:0002 S:03E7 D:00C0 DB:7E P:nvmXdIZc V:30  H:216
C902C4 $66 $40         ROR $40 [000100] = $0000        A:0000 X:0008 Y:0002 S:03E7 D:00C0 DB:7E P:nvmXdIZc V:30  H:219
C902C6 $A8             TAY                             A:0000 X:0008 Y:0002 S:03E7 D:00C0 DB:7E P:nvmXdIZc V:30  H:233
C902C7 $8A             TXA                             A:0000 X:0008 Y:0000 S:03E7 D:00C0 DB:7E P:nvmXdIZc V:30  H:236
C902C8 $4A             LSR                             A:0008 X:0008 Y:0000 S:03E7 D:00C0 DB:7E P:nvmXdIzc V:30  H:239
C902C9 $AA             TAX                             A:0004 X:0008 Y:0000 S:03E7 D:00C0 DB:7E P:nvmXdIzc V:30  H:242
C902CA $98             TYA                             A:0004 X:0004 Y:0000 S:03E7 D:00C0 DB:7E P:nvmXdIzc V:30  H:245
C902CB $90 $F6         BCC $C902C3                     A:0000 X:0004 Y:0000 S:03E7 D:00C0 DB:7E P:nvmXdIZc V:30  H:248
C902C3 $4A             LSR                             A:0000 X:0004 Y:0000 S:03E7 D:00C0 DB:7E P:nvmXdIZc V:30  H:252
C902C4 $66 $40         ROR $40 [000100] = $0000        A:0000 X:0004 Y:0000 S:03E7 D:00C0 DB:7E P:nvmXdIZc V:30  H:255
C902C6 $A8             TAY                             A:0000 X:0004 Y:0000 S:03E7 D:00C0 DB:7E P:nvmXdIZc V:30  H:269
C902C7 $8A             TXA                             A:0000 X:0004 Y:0000 S:03E7 D:00C0 DB:7E P:nvmXdIZc V:30  H:272
C902C8 $4A             LSR                             A:0004 X:0004 Y:0000 S:03E7 D:00C0 DB:7E P:nvmXdIzc V:30  H:275
C902C9 $AA             TAX                             A:0002 X:0004 Y:0000 S:03E7 D:00C0 DB:7E P:nvmXdIzc V:30  H:295
C902CA $98             TYA                             A:0002 X:0002 Y:0000 S:03E7 D:00C0 DB:7E P:nvmXdIzc V:30  H:298
C902CB $90 $F6         BCC $C902C3                     A:0000 X:0002 Y:0000 S:03E7 D:00C0 DB:7E P:nvmXdIZc V:30  H:301
C902C3 $4A             LSR                             A:0000 X:0002 Y:0000 S:03E7 D:00C0 DB:7E P:nvmXdIZc V:30  H:305
C902C4 $66 $40         ROR $40 [000100] = $0000        A:0000 X:0002 Y:0000 S:03E7 D:00C0 DB:7E P:nvmXdIZc V:30  H:308
C902C6 $A8             TAY                             A:0000 X:0002 Y:0000 S:03E7 D:00C0 DB:7E P:nvmXdIZc V:30  H:322
C902C7 $8A             TXA                             A:0000 X:0002 Y:0000 S:03E7 D:00C0 DB:7E P:nvmXdIZc V:30  H:325
C902C8 $4A             LSR                             A:0002 X:0002 Y:0000 S:03E7 D:00C0 DB:7E P:nvmXdIzc V:30  H:327
C902C9 $AA             TAX                             A:0001 X:0002 Y:0000 S:03E7 D:00C0 DB:7E P:nvmXdIzc V:30  H:330
C902CA $98             TYA                             A:0001 X:0001 Y:0000 S:03E7 D:00C0 DB:7E P:nvmXdIzc V:30  H:333
C902CB $90 $F6         BCC $C902C3                     A:0000 X:0001 Y:0000 S:03E7 D:00C0 DB:7E P:nvmXdIZc V:30  H:336
C902C3 $4A             LSR                             A:0000 X:0001 Y:0000 S:03E7 D:00C0 DB:7E P:nvmXdIZc V:31  H:1  
C902C4 $66 $40         ROR $40 [000100] = $0000        A:0000 X:0001 Y:0000 S:03E7 D:00C0 DB:7E P:nvmXdIZc V:31  H:4  
C902C6 $A8             TAY                             A:0000 X:0001 Y:0000 S:03E7 D:00C0 DB:7E P:nvmXdIZc V:31  H:18 
C902C7 $8A             TXA                             A:0000 X:0001 Y:0000 S:03E7 D:00C0 DB:7E P:nvmXdIZc V:31  H:21 
C902C8 $4A             LSR                             A:0001 X:0001 Y:0000 S:03E7 D:00C0 DB:7E P:nvmXdIzc V:31  H:24 
C902C9 $AA             TAX                             A:0000 X:0001 Y:0000 S:03E7 D:00C0 DB:7E P:nvmXdIZC V:31  H:27 
C902CA $98             TYA                             A:0000 X:0000 Y:0000 S:03E7 D:00C0 DB:7E P:nvmXdIZC V:31  H:30 
C902CB $90 $F6         BCC $C902C3                     A:0000 X:0000 Y:0000 S:03E7 D:00C0 DB:7E P:nvmXdIZC V:31  H:33 
C902CD $C2 $30         REP #$30                        A:0000 X:0000 Y:0000 S:03E7 D:00C0 DB:7E P:nvmXdIZC V:31  H:36 
C902CF $FA             PLX                             A:0000 X:0000 Y:0000 S:03E7 D:00C0 DB:7E P:nvmxdIZC V:31  H:40 
C902D0 $7A             PLY                             A:0000 X:0010 Y:0000 S:03E9 D:00C0 DB:7E P:nvmxdIzC V:31  H:49 
C902D1 $AB             PLB                             A:0000 X:0010 Y:0004 S:03EB D:00C0 DB:7E P:nvmxdIzC V:31  H:57 
C902D2 $A3 $05         LDA $05,S [0003F1] = $C095      A:0000 X:0010 Y:0004 S:03EC D:00C0 DB:7E P:nvmxdIzC V:31  H:64 
C902D4 $83 $0B         STA $0B,S [0003F7] = $99C5      A:C095 X:0010 Y:0004 S:03EC D:00C0 DB:7E P:NvmxdIzC V:31  H:72 
C902D6 $A3 $03         LDA $03,S [0003EF] = $4684      A:C095 X:0010 Y:0004 S:03EC D:00C0 DB:7E P:NvmxdIzC V:31  H:81 
C902D8 $83 $09         STA $09,S [0003F5] = $0010      A:4684 X:0010 Y:0004 S:03EC D:00C0 DB:7E P:nvmxdIzC V:31  H:89 
C902DA $A5 $40         LDA $40 [000100] = $0000        A:4684 X:0010 Y:0004 S:03EC D:00C0 DB:7E P:nvmxdIzC V:31  H:98 
C902DC $83 $07         STA $07,S [0003F3] = $7E00      A:0000 X:0010 Y:0004 S:03EC D:00C0 DB:7E P:nvmxdIZC V:31  H:106
C902DE $3B             TSC                             A:0000 X:0010 Y:0004 S:03EC D:00C0 DB:7E P:nvmxdIZC V:31  H:115
C902DF $18             CLC                             A:03EC X:0010 Y:0004 S:03EC D:00C0 DB:7E P:nvmxdIzC V:31  H:118
C902E0 $69 $06 $00     ADC #$0006                      A:03EC X:0010 Y:0004 S:03EC D:00C0 DB:7E P:nvmxdIzc V:31  H:121
C902E3 $1B             TCS                             A:03F2 X:0010 Y:0004 S:03EC D:00C0 DB:7E P:nvmxdIzc V:31  H:125
C902E4 $68             PLA                             A:03F2 X:0010 Y:0004 S:03F2 D:00C0 DB:7E P:nvmxdIzc V:31  H:128
C902E5 $28             PLP                             A:0000 X:0010 Y:0004 S:03F4 D:00C0 DB:7E P:nvmxdIZc V:31  H:147
C902E6 $A5 $40         LDA $40 [000100] = $0000        A:0000 X:0010 Y:0004 S:03F5 D:00C0 DB:7E P:NvmxdIzc V:31  H:153
C902E8 $6B             RTL                             A:0000 X:0010 Y:0004 S:03F5 D:00C0 DB:7E P:nvmxdIZc V:31  H:162
C09547 $85 $28         STA $28 [0000E8] = $0000        A:0000 X:0010 Y:0004 S:03F8 D:00C0 DB:7E P:nvmxdIZc V:31  H:172
C09549 $9C $3F $DD     STZ $DD3F [7EDD3F] = $0018      A:0000 X:0010 Y:0004 S:03F8 D:00C0 DB:7E P:nvmxdIZc V:31  H:181
C0954C $AF $5A $FC $7F LDA $7FFC5A                     A:0000 X:0010 Y:0004 S:03F8 D:00C0 DB:7E P:nvmxdIZc V:31  H:189
C09550 $2F $5E $FC $7F AND $7FFC5E                     A:0400 X:0010 Y:0004 S:03F8 D:00C0 DB:7E P:nvmxdIzc V:31  H:199
C09554 $8D $43 $DD     STA $DD43 [7EDD43] = $0400      A:0400 X:0010 Y:0004 S:03F8 D:00C0 DB:7E P:nvmxdIzc V:31  H:209
C09557 $AF $58 $FC $7F LDA $7FFC58                     A:0400 X:0010 Y:0004 S:03F8 D:00C0 DB:7E P:nvmxdIzc V:31  H:218
C0955B $C9 $02 $00     CMP #$0002                      A:0000 X:0010 Y:0004 S:03F8 D:00C0 DB:7E P:nvmxdIZc V:31  H:228
C0955E $F0 $0D         BEQ $C0956D                     A:0000 X:0010 Y:0004 S:03F8 D:00C0 DB:7E P:NvmxdIzc V:31  H:232
C09560 $C9 $04 $00     CMP #$0004                      A:0000 X:0010 Y:0004 S:03F8 D:00C0 DB:7E P:NvmxdIzc V:31  H:235
C09563 $F0 $0B         BEQ $C09570                     A:0000 X:0010 Y:0004 S:03F8 D:00C0 DB:7E P:NvmxdIzc V:31  H:240
C09565 $C9 $06 $00     CMP #$0006                      A:0000 X:0010 Y:0004 S:03F8 D:00C0 DB:7E P:NvmxdIzc V:31  H:243
C09568 $F0 $09         BEQ $C09573                     A:0000 X:0010 Y:0004 S:03F8 D:00C0 DB:7E P:NvmxdIzc V:31  H:247
C0956A $4C $76 $95     JMP $9576 [C09576] = $49AD      A:0000 X:0010 Y:0004 S:03F8 D:00C0 DB:7E P:NvmxdIzc V:31  H:250
C09576 $AD $49 $DD     LDA $DD49 [7EDD49] = $0014      A:0000 X:0010 Y:0004 S:03F8 D:00C0 DB:7E P:NvmxdIzc V:31  H:255
C09579 $30 $42         BMI $C095BD                     A:0014 X:0010 Y:0004 S:03F8 D:00C0 DB:7E P:nvmxdIzc V:31  H:263
C0957B $2C $49 $DD     BIT $DD49 [7EDD49] = $0014      A:0014 X:0010 Y:0004 S:03F8 D:00C0 DB:7E P:nvmxdIzc V:31  H:266
C0957E $70 $2F         BVS $C095AF                     A:0014 X:0010 Y:0004 S:03F8 D:00C0 DB:7E P:nvmxdIzc V:31  H:275
C09580 $A8             TAY                             A:0014 X:0010 Y:0004 S:03F8 D:00C0 DB:7E P:nvmxdIzc V:31  H:318
C09581 $B9 $A5 $C3     LDA $C3A5,Y [7EC3B9] = $8281    A:0014 X:0010 Y:0014 S:03F8 D:00C0 DB:7E P:nvmxdIzc V:31  H:321
C09584 $29 $01 $00     AND #$0001                      A:8281 X:0010 Y:0014 S:03F8 D:00C0 DB:7E P:NvmxdIzc V:31  H:330
C09587 $F0 $34         BEQ $C095BD                     A:0001 X:0010 Y:0014 S:03F8 D:00C0 DB:7E P:nvmxdIzc V:31  H:335
C09589 $B9 $A5 $C3     LDA $C3A5,Y [7EC3B9] = $8281    A:0001 X:0010 Y:0014 S:03F8 D:00C0 DB:7E P:nvmxdIzc V:31  H:338
C0958C $29 $20 $00     AND #$0020                      A:8281 X:0010 Y:0014 S:03F8 D:00C0 DB:7E P:NvmxdIzc V:32  H:8  
C0958F $D0 $2C         BNE $C095BD                     A:0000 X:0010 Y:0014 S:03F8 D:00C0 DB:7E P:nvmxdIZc V:32  H:12 
C09591 $B9 $25 $CF     LDA $CF25,Y [7ECF39] = $000C    A:0000 X:0010 Y:0014 S:03F8 D:00C0 DB:7E P:nvmxdIZc V:32  H:15 
C09594 $30 $27         BMI $C095BD                     A:000C X:0010 Y:0014 S:03F8 D:00C0 DB:7E P:nvmxdIzc V:32  H:25 
C09596 $AF $00 $35 $7E LDA $7E3500                     A:000C X:0010 Y:0014 S:03F8 D:00C0 DB:7E P:nvmxdIzc V:32  H:28 
C0959A $29 $10 $00     AND #$0010                      A:0016 X:0010 Y:0014 S:03F8 D:00C0 DB:7E P:nvmxdIzc V:32  H:38 
C0959D $F0 $1E         BEQ $C095BD                     A:0010 X:0010 Y:0014 S:03F8 D:00C0 DB:7E P:nvmxdIzc V:32  H:43 
C0959F $AD $3F $DD     LDA $DD3F [7EDD3F] = $0000      A:0010 X:0010 Y:0014 S:03F8 D:00C0 DB:7E P:nvmxdIzc V:32  H:46 
C095A2 $C9 $7B $00     CMP #$007B                      A:0000 X:0010 Y:0014 S:03F8 D:00C0 DB:7E P:nvmxdIZc V:32  H:54 
C095A5 $B0 $16         BCS $C095BD                     A:0000 X:0010 Y:0014 S:03F8 D:00C0 DB:7E P:NvmxdIzc V:32  H:59 
C095A7 $BE $E5 $CF     LDX $CFE5,Y [7ECFF9] = $0000    A:0000 X:0010 Y:0014 S:03F8 D:00C0 DB:7E P:NvmxdIzc V:32  H:62 
C095AA $FC $C6 $C6     JSR ($C6C6,X) [C0BD7E] = $28A5  A:0000 X:0000 Y:0014 S:03F8 D:00C0 DB:7E P:nvmxdIZc V:32  H:72 
C0BD7E $A5 $28         LDA $28 [0000E8] = $0000        A:0000 X:0000 Y:0014 S:03F6 D:00C0 DB:7E P:nvmxdIZc V:32  H:85 
C0BD80 $D0 $30         BNE $C0BDB2                     A:0000 X:0000 Y:0014 S:03F6 D:00C0 DB:7E P:nvmxdIZc V:32  H:93 
C0BD82 $BE $65 $C6     LDX $C665,Y [7EC679] = $0008    A:0000 X:0000 Y:0014 S:03F6 D:00C0 DB:7E P:nvmxdIZc V:32  H:96 
C0BD85 $B9 $E5 $C5     LDA $C5E5,Y [7EC5F9] = $0998    A:0000 X:0008 Y:0014 S:03F6 D:00C0 DB:7E P:nvmxdIzc V:32  H:106
C0BD88 $38             SEC                             A:0998 X:0008 Y:0014 S:03F6 D:00C0 DB:7E P:nvmxdIzc V:32  H:116
C0BD89 $FF $6C $E3 $7F SBC $7FE36C,X [7FE374] = $0878  A:0998 X:0008 Y:0014 S:03F6 D:00C0 DB:7E P:nvmxdIzC V:32  H:119
C0BD8D $85 $18         STA $18 [0000D8] = $0000        A:0120 X:0008 Y:0014 S:03F6 D:00C0 DB:7E P:nvmxdIzC V:32  H:129
C0BD8F $18             CLC                             A:0120 X:0008 Y:0014 S:03F6 D:00C0 DB:7E P:nvmxdIzC V:32  H:148
C0BD90 $69 $08 $00     ADC #$0008                      A:0120 X:0008 Y:0014 S:03F6 D:00C0 DB:7E P:nvmxdIzc V:32  H:151
C0BD93 $30 $1A         BMI $C0BDAF                     A:0128 X:0008 Y:0014 S:03F6 D:00C0 DB:7E P:nvmxdIzc V:32  H:155
C0BD95 $C9 $00 $01     CMP #$0100                      A:0128 X:0008 Y:0014 S:03F6 D:00C0 DB:7E P:nvmxdIzc V:32  H:158
C0BD98 $B0 $15         BCS $C0BDAF                     A:0128 X:0008 Y:0014 S:03F6 D:00C0 DB:7E P:nvmxdIzC V:32  H:163
C0BDAF $60             RTS                             A:0128 X:0008 Y:0014 S:03F6 D:00C0 DB:7E P:nvmxdIzC V:32  H:167
C095AD $80 $0E         BRA $C095BD                     A:0128 X:0008 Y:0014 S:03F8 D:00C0 DB:7E P:nvmxdIzC V:32  H:177
C095BD $AD $4B $DD     LDA $DD4B [7EDD4B] = $000E      A:0128 X:0008 Y:0014 S:03F8 D:00C0 DB:7E P:nvmxdIzC V:32  H:182
C095C0 $30 $42         BMI $C09604                     A:000E X:0008 Y:0014 S:03F8 D:00C0 DB:7E P:nvmxdIzC V:32  H:190
C095C2 $2C $4B $DD     BIT $DD4B [7EDD4B] = $000E      A:000E X:0008 Y:0014 S:03F8 D:00C0 DB:7E P:nvmxdIzC V:32  H:193
C095C5 $70 $2F         BVS $C095F6                     A:000E X:0008 Y:0014 S:03F8 D:00C0 DB:7E P:nvmxdIzC V:32  H:202
C095C7 $A8             TAY                             A:000E X:0008 Y:0014 S:03F8 D:00C0 DB:7E P:nvmxdIzC V:32  H:205
C095C8 $B9 $A5 $C3     LDA $C3A5,Y [7EC3B3] = $0281    A:000E X:0008 Y:000E S:03F8 D:00C0 DB:7E P:nvmxdIzC V:32  H:208
C095CB $29 $01 $00     AND #$0001                      A:0281 X:0008 Y:000E S:03F8 D:00C0 DB:7E P:nvmxdIzC V:32  H:218
C095CE $F0 $34         BEQ $C09604                     A:0001 X:0008 Y:000E S:03F8 D:00C0 DB:7E P:nvmxdIzC V:32  H:222
C095D0 $B9 $A5 $C3     LDA $C3A5,Y [7EC3B3] = $0281    A:0001 X:0008 Y:000E S:03F8 D:00C0 DB:7E P:nvmxdIzC V:32  H:225
C095D3 $29 $20 $00     AND #$0020                      A:0281 X:0008 Y:000E S:03F8 D:00C0 DB:7E P:nvmxdIzC V:32  H:235
C095D6 $D0 $2C         BNE $C09604                     A:0000 X:0008 Y:000E S:03F8 D:00C0 DB:7E P:nvmxdIZC V:32  H:240
C095D8 $B9 $25 $CF     LDA $CF25,Y [7ECF33] = $0006    A:0000 X:0008 Y:000E S:03F8 D:00C0 DB:7E P:nvmxdIZC V:32  H:243
C095DB $30 $27         BMI $C09604                     A:0006 X:0008 Y:000E S:03F8 D:00C0 DB:7E P:nvmxdIzC V:32  H:253
C095DD $AF $00 $35 $7E LDA $7E3500                     A:0006 X:0008 Y:000E S:03F8 D:00C0 DB:7E P:nvmxdIzC V:32  H:256
C095E1 $29 $10 $00     AND #$0010                      A:0016 X:0008 Y:000E S:03F8 D:00C0 DB:7E P:nvmxdIzC V:32  H:266
C095E4 $F0 $1E         BEQ $C09604                     A:0010 X:0008 Y:000E S:03F8 D:00C0 DB:7E P:nvmxdIzC V:32  H:270
C095E6 $AD $3F $DD     LDA $DD3F [7EDD3F] = $0000      A:0010 X:0008 Y:000E S:03F8 D:00C0 DB:7E P:nvmxdIzC V:32  H:273
C095E9 $C9 $7B $00     CMP #$007B                      A:0000 X:0008 Y:000E S:03F8 D:00C0 DB:7E P:nvmxdIZC V:32  H:325
C095EC $B0 $16         BCS $C09604                     A:0000 X:0008 Y:000E S:03F8 D:00C0 DB:7E P:NvmxdIzc V:32  H:329
C095EE $BE $E5 $CF     LDX $CFE5,Y [7ECFF3] = $0000    A:0000 X:0008 Y:000E S:03F8 D:00C0 DB:7E P:NvmxdIzc V:32  H:332
C095F1 $FC $C6 $C6     JSR ($C6C6,X) [C0BD7E] = $28A5  A:0000 X:0000 Y:000E S:03F8 D:00C0 DB:7E P:nvmxdIZc V:33  H:2  
C0BD7E $A5 $28         LDA $28 [0000E8] = $0000        A:0000 X:0000 Y:000E S:03F6 D:00C0 DB:7E P:nvmxdIZc V:33  H:15 
C0BD80 $D0 $30         BNE $C0BDB2                     A:0000 X:0000 Y:000E S:03F6 D:00C0 DB:7E P:nvmxdIZc V:33  H:23 
C0BD82 $BE $65 $C6     LDX $C665,Y [7EC673] = $0008    A:0000 X:0000 Y:000E S:03F6 D:00C0 DB:7E P:nvmxdIZc V:33  H:26 
C0BD85 $B9 $E5 $C5     LDA $C5E5,Y [7EC5F3] = $0AA0    A:0000 X:0008 Y:000E S:03F6 D:00C0 DB:7E P:nvmxdIzc V:33  H:36 
C0BD88 $38             SEC                             A:0AA0 X:0008 Y:000E S:03F6 D:00C0 DB:7E P:nvmxdIzc V:33  H:46 
C0BD89 $FF $6C $E3 $7F SBC $7FE36C,X [7FE374] = $0878  A:0AA0 X:0008 Y:000E S:03F6 D:00C0 DB:7E P:nvmxdIzC V:33  H:49 
C0BD8D $85 $18         STA $18 [0000D8] = $0120        A:0228 X:0008 Y:000E S:03F6 D:00C0 DB:7E P:nvmxdIzC V:33  H:59 
C0BD8F $18             CLC                             A:0228 X:0008 Y:000E S:03F6 D:00C0 DB:7E P:nvmxdIzC V:33  H:68 
C0BD90 $69 $08 $00     ADC #$0008                      A:0228 X:0008 Y:000E S:03F6 D:00C0 DB:7E P:nvmxdIzc V:33  H:71 
C0BD93 $30 $1A         BMI $C0BDAF                     A:0230 X:0008 Y:000E S:03F6 D:00C0 DB:7E P:nvmxdIzc V:33  H:75 
C0BD95 $C9 $00 $01     CMP #$0100                      A:0230 X:0008 Y:000E S:03F6 D:00C0 DB:7E P:nvmxdIzc V:33  H:78 
C0BD98 $B0 $15         BCS $C0BDAF                     A:0230 X:0008 Y:000E S:03F6 D:00C0 DB:7E P:nvmxdIzC V:33  H:83 
C0BDAF $60             RTS                             A:0230 X:0008 Y:000E S:03F6 D:00C0 DB:7E P:nvmxdIzC V:33  H:87 
C095F4 $80 $0E         BRA $C09604                     A:0230 X:0008 Y:000E S:03F8 D:00C0 DB:7E P:nvmxdIzC V:33  H:97 
C09604 $AD $4D $DD     LDA $DD4D [7EDD4D] = $001C      A:0230 X:0008 Y:000E S:03F8 D:00C0 DB:7E P:nvmxdIzC V:33  H:102
C09607 $30 $42         BMI $C0964B                     A:001C X:0008 Y:000E S:03F8 D:00C0 DB:7E P:nvmxdIzC V:33  H:110
C09609 $2C $4D $DD     BIT $DD4D [7EDD4D] = $001C      A:001C X:0008 Y:000E S:03F8 D:00C0 DB:7E P:nvmxdIzC V:33  H:113
C0960C $70 $2F         BVS $C0963D                     A:001C X:0008 Y:000E S:03F8 D:00C0 DB:7E P:nvmxdIzC V:33  H:122
C0960E $A8             TAY                             A:001C X:0008 Y:000E S:03F8 D:00C0 DB:7E P:nvmxdIzC V:33  H:125
C0960F $B9 $A5 $C3     LDA $C3A5,Y [7EC3C1] = $8281    A:001C X:0008 Y:001C S:03F8 D:00C0 DB:7E P:nvmxdIzC V:33  H:128
C09612 $29 $01 $00     AND #$0001                      A:8281 X:0008 Y:001C S:03F8 D:00C0 DB:7E P:NvmxdIzC V:33  H:148
C09615 $F0 $34         BEQ $C0964B                     A:0001 X:0008 Y:001C S:03F8 D:00C0 DB:7E P:nvmxdIzC V:33  H:152
C09617 $B9 $A5 $C3     LDA $C3A5,Y [7EC3C1] = $8281    A:0001 X:0008 Y:001C S:03F8 D:00C0 DB:7E P:nvmxdIzC V:33  H:155
C0961A $29 $20 $00     AND #$0020                      A:8281 X:0008 Y:001C S:03F8 D:00C0 DB:7E P:NvmxdIzC V:33  H:165
C0961D $D0 $2C         BNE $C0964B                     A:0000 X:0008 Y:001C S:03F8 D:00C0 DB:7E P:nvmxdIZC V:33  H:170
C0961F $B9 $25 $CF     LDA $CF25,Y [7ECF41] = $0010    A:0000 X:0008 Y:001C S:03F8 D:00C0 DB:7E P:nvmxdIZC V:33  H:173
C09622 $30 $27         BMI $C0964B                     A:0010 X:0008 Y:001C S:03F8 D:00C0 DB:7E P:nvmxdIzC V:33  H:183
C09624 $AF $00 $35 $7E LDA $7E3500                     A:0010 X:0008 Y:001C S:03F8 D:00C0 DB:7E P:nvmxdIzC V:33  H:186
C09628 $29 $10 $00     AND #$0010                      A:0016 X:0008 Y:001C S:03F8 D:00C0 DB:7E P:nvmxdIzC V:33  H:196
C0962B $F0 $1E         BEQ $C0964B                     A:0010 X:0008 Y:001C S:03F8 D:00C0 DB:7E P:nvmxdIzC V:33  H:200
C0962D $AD $3F $DD     LDA $DD3F [7EDD3F] = $0000      A:0010 X:0008 Y:001C S:03F8 D:00C0 DB:7E P:nvmxdIzC V:33  H:203
C09630 $C9 $7B $00     CMP #$007B                      A:0000 X:0008 Y:001C S:03F8 D:00C0 DB:7E P:nvmxdIZC V:33  H:212
C09633 $B0 $16         BCS $C0964B                     A:0000 X:0008 Y:001C S:03F8 D:00C0 DB:7E P:NvmxdIzc V:33  H:216
C09635 $BE $E5 $CF     LDX $CFE5,Y [7ED001] = $0000    A:0000 X:0008 Y:001C S:03F8 D:00C0 DB:7E P:NvmxdIzc V:33  H:219
C09638 $FC $C6 $C6     JSR ($C6C6,X) [C0BD7E] = $28A5  A:0000 X:0000 Y:001C S:03F8 D:00C0 DB:7E P:nvmxdIZc V:33  H:229
C0BD7E $A5 $28         LDA $28 [0000E8] = $0000        A:0000 X:0000 Y:001C S:03F6 D:00C0 DB:7E P:nvmxdIZc V:33  H:242
C0BD80 $D0 $30         BNE $C0BDB2                     A:0000 X:0000 Y:001C S:03F6 D:00C0 DB:7E P:nvmxdIZc V:33  H:251
C0BD82 $BE $65 $C6     LDX $C665,Y [7EC681] = $0008    A:0000 X:0000 Y:001C S:03F6 D:00C0 DB:7E P:nvmxdIZc V:33  H:254
C0BD85 $B9 $E5 $C5     LDA $C5E5,Y [7EC601] = $09D8    A:0000 X:0008 Y:001C S:03F6 D:00C0 DB:7E P:nvmxdIzc V:33  H:264
C0BD88 $38             SEC                             A:09D8 X:0008 Y:001C S:03F6 D:00C0 DB:7E P:nvmxdIzc V:33  H:274
C0BD89 $FF $6C $E3 $7F SBC $7FE36C,X [7FE374] = $0878  A:09D8 X:0008 Y:001C S:03F6 D:00C0 DB:7E P:nvmxdIzC V:33  H:292
C0BD8D $85 $18         STA $18 [0000D8] = $0228        A:0160 X:0008 Y:001C S:03F6 D:00C0 DB:7E P:nvmxdIzC V:33  H:302
C0BD8F $18             CLC                             A:0160 X:0008 Y:001C S:03F6 D:00C0 DB:7E P:nvmxdIzC V:33  H:310
C0BD90 $69 $08 $00     ADC #$0008                      A:0160 X:0008 Y:001C S:03F6 D:00C0 DB:7E P:nvmxdIzc V:33  H:313
C0BD93 $30 $1A         BMI $C0BDAF                     A:0168 X:0008 Y:001C S:03F6 D:00C0 DB:7E P:nvmxdIzc V:33  H:318
C0BD95 $C9 $00 $01     CMP #$0100                      A:0168 X:0008 Y:001C S:03F6 D:00C0 DB:7E P:nvmxdIzc V:33  H:321
C0BD98 $B0 $15         BCS $C0BDAF                     A:0168 X:0008 Y:001C S:03F6 D:00C0 DB:7E P:nvmxdIzC V:33  H:325
C0BDAF $60             RTS                             A:0168 X:0008 Y:001C S:03F6 D:00C0 DB:7E P:nvmxdIzC V:33  H:329
C0963B $80 $0E         BRA $C0964B                     A:0168 X:0008 Y:001C S:03F8 D:00C0 DB:7E P:nvmxdIzC V:33  H:339
C0964B $AD $4F $DD     LDA $DD4F [7EDD4F] = $000C      A:0168 X:0008 Y:001C S:03F8 D:00C0 DB:7E P:nvmxdIzC V:34  H:3  
C0964E $30 $42         BMI $C09692                     A:000C X:0008 Y:001C S:03F8 D:00C0 DB:7E P:nvmxdIzC V:34  H:12 
C09650 $2C $4F $DD     BIT $DD4F [7EDD4F] = $000C      A:000C X:0008 Y:001C S:03F8 D:00C0 DB:7E P:nvmxdIzC V:34  H:15 
C09653 $70 $2F         BVS $C09684                     A:000C X:0008 Y:001C S:03F8 D:00C0 DB:7E P:nvmxdIzC V:34  H:23 
C09655 $A8             TAY                             A:000C X:0008 Y:001C S:03F8 D:00C0 DB:7E P:nvmxdIzC V:34  H:26 
C09656 $B9 $A5 $C3     LDA $C3A5,Y [7EC3B1] = $0201    A:000C X:0008 Y:000C S:03F8 D:00C0 DB:7E P:nvmxdIzC V:34  H:29 
C09659 $29 $01 $00     AND #$0001                      A:0201 X:0008 Y:000C S:03F8 D:00C0 DB:7E P:nvmxdIzC V:34  H:39 
C0965C $F0 $34         BEQ $C09692                     A:0001 X:0008 Y:000C S:03F8 D:00C0 DB:7E P:nvmxdIzC V:34  H:44 
C0965E $B9 $A5 $C3     LDA $C3A5,Y [7EC3B1] = $0201    A:0001 X:0008 Y:000C S:03F8 D:00C0 DB:7E P:nvmxdIzC V:34  H:47 
C09661 $29 $20 $00     AND #$0020                      A:0201 X:0008 Y:000C S:03F8 D:00C0 DB:7E P:nvmxdIzC V:34  H:57 
C09664 $D0 $2C         BNE $C09692                     A:0000 X:0008 Y:000C S:03F8 D:00C0 DB:7E P:nvmxdIZC V:34  H:61 
C09666 $B9 $25 $CF     LDA $CF25,Y [7ECF31] = $0004    A:0000 X:0008 Y:000C S:03F8 D:00C0 DB:7E P:nvmxdIZC V:34  H:64 
C09669 $30 $27         BMI $C09692                     A:0004 X:0008 Y:000C S:03F8 D:00C0 DB:7E P:nvmxdIzC V:34  H:74 
C0966B $AF $00 $35 $7E LDA $7E3500                     A:0004 X:0008 Y:000C S:03F8 D:00C0 DB:7E P:nvmxdIzC V:34  H:77 
C0966F $29 $10 $00     AND #$0010                      A:0016 X:0008 Y:000C S:03F8 D:00C0 DB:7E P:nvmxdIzC V:34  H:87 
C09672 $F0 $1E         BEQ $C09692                     A:0010 X:0008 Y:000C S:03F8 D:00C0 DB:7E P:nvmxdIzC V:34  H:92 
C09674 $AD $3F $DD     LDA $DD3F [7EDD3F] = $0000      A:0010 X:0008 Y:000C S:03F8 D:00C0 DB:7E P:nvmxdIzC V:34  H:95 
C09677 $C9 $7B $00     CMP #$007B                      A:0000 X:0008 Y:000C S:03F8 D:00C0 DB:7E P:nvmxdIZC V:34  H:103
C0967A $B0 $16         BCS $C09692                     A:0000 X:0008 Y:000C S:03F8 D:00C0 DB:7E P:NvmxdIzc V:34  H:108
C0967C $BE $E5 $CF     LDX $CFE5,Y [7ECFF1] = $0000    A:0000 X:0008 Y:000C S:03F8 D:00C0 DB:7E P:NvmxdIzc V:34  H:111
C0967F $FC $C6 $C6     JSR ($C6C6,X) [C0BD7E] = $28A5  A:0000 X:0000 Y:000C S:03F8 D:00C0 DB:7E P:nvmxdIZc V:34  H:121
C0BD7E $A5 $28         LDA $28 [0000E8] = $0000        A:0000 X:0000 Y:000C S:03F6 D:00C0 DB:7E P:nvmxdIZc V:34  H:134
C0BD80 $D0 $30         BNE $C0BDB2                     A:0000 X:0000 Y:000C S:03F6 D:00C0 DB:7E P:nvmxdIZc V:34  H:152
C0BD82 $BE $65 $C6     LDX $C665,Y [7EC671] = $0008    A:0000 X:0000 Y:000C S:03F6 D:00C0 DB:7E P:nvmxdIZc V:34  H:155
C0BD85 $B9 $E5 $C5     LDA $C5E5,Y [7EC5F1] = $09F8    A:0000 X:0008 Y:000C S:03F6 D:00C0 DB:7E P:nvmxdIzc V:34  H:165
C0BD88 $38             SEC                             A:09F8 X:0008 Y:000C S:03F6 D:00C0 DB:7E P:nvmxdIzc V:34  H:175
C0BD89 $FF $6C $E3 $7F SBC $7FE36C,X [7FE374] = $0878  A:09F8 X:0008 Y:000C S:03F6 D:00C0 DB:7E P:nvmxdIzC V:34  H:178
C0BD8D $85 $18         STA $18 [0000D8] = $0160        A:0180 X:0008 Y:000C S:03F6 D:00C0 DB:7E P:nvmxdIzC V:34  H:188
C0BD8F $18             CLC                             A:0180 X:0008 Y:000C S:03F6 D:00C0 DB:7E P:nvmxdIzC V:34  H:197
C0BD90 $69 $08 $00     ADC #$0008                      A:0180 X:0008 Y:000C S:03F6 D:00C0 DB:7E P:nvmxdIzc V:34  H:200
C0BD93 $30 $1A         BMI $C0BDAF                     A:0188 X:0008 Y:000C S:03F6 D:00C0 DB:7E P:nvmxdIzc V:34  H:204
C0BD95 $C9 $00 $01     CMP #$0100                      A:0188 X:0008 Y:000C S:03F6 D:00C0 DB:7E P:nvmxdIzc V:34  H:207
C0BD98 $B0 $15         BCS $C0BDAF                     A:0188 X:0008 Y:000C S:03F6 D:00C0 DB:7E P:nvmxdIzC V:34  H:212
C0BDAF $60             RTS                             A:0188 X:0008 Y:000C S:03F6 D:00C0 DB:7E P:nvmxdIzC V:34  H:216
C09682 $80 $0E         BRA $C09692                     A:0188 X:0008 Y:000C S:03F8 D:00C0 DB:7E P:nvmxdIzC V:34  H:226
C09692 $AD $51 $DD     LDA $DD51 [7EDD51] = $000A      A:0188 X:0008 Y:000C S:03F8 D:00C0 DB:7E P:nvmxdIzC V:34  H:231
C09695 $30 $42         BMI $C096D9                     A:000A X:0008 Y:000C S:03F8 D:00C0 DB:7E P:nvmxdIzC V:34  H:239
C09697 $2C $51 $DD     BIT $DD51 [7EDD51] = $000A      A:000A X:0008 Y:000C S:03F8 D:00C0 DB:7E P:nvmxdIzC V:34  H:242
C0969A $70 $2F         BVS $C096CB                     A:000A X:0008 Y:000C S:03F8 D:00C0 DB:7E P:nvmxdIzC V:34  H:251
C0969C $A8             TAY                             A:000A X:0008 Y:000C S:03F8 D:00C0 DB:7E P:nvmxdIzC V:34  H:254
C0969D $B9 $A5 $C3     LDA $C3A5,Y [7EC3AF] = $0201    A:000A X:0008 Y:000A S:03F8 D:00C0 DB:7E P:nvmxdIzC V:34  H:257
C096A0 $29 $01 $00     AND #$0001                      A:0201 X:0008 Y:000A S:03F8 D:00C0 DB:7E P:nvmxdIzC V:34  H:267
C096A3 $F0 $34         BEQ $C096D9                     A:0001 X:0008 Y:000A S:03F8 D:00C0 DB:7E P:nvmxdIzC V:34  H:271
C096A5 $B9 $A5 $C3     LDA $C3A5,Y [7EC3AF] = $0201    A:0001 X:0008 Y:000A S:03F8 D:00C0 DB:7E P:nvmxdIzC V:34  H:274
C096A8 $29 $20 $00     AND #$0020                      A:0201 X:0008 Y:000A S:03F8 D:00C0 DB:7E P:nvmxdIzC V:34  H:301
C096AB $D0 $2C         BNE $C096D9                     A:0000 X:0008 Y:000A S:03F8 D:00C0 DB:7E P:nvmxdIZC V:34  H:305
C096AD $B9 $25 $CF     LDA $CF25,Y [7ECF2F] = $0002    A:0000 X:0008 Y:000A S:03F8 D:00C0 DB:7E P:nvmxdIZC V:34  H:308
C096B0 $30 $27         BMI $C096D9                     A:0002 X:0008 Y:000A S:03F8 D:00C0 DB:7E P:nvmxdIzC V:34  H:318
C096B2 $AF $00 $35 $7E LDA $7E3500                     A:0002 X:0008 Y:000A S:03F8 D:00C0 DB:7E P:nvmxdIzC V:34  H:321
C096B6 $29 $10 $00     AND #$0010                      A:0016 X:0008 Y:000A S:03F8 D:00C0 DB:7E P:nvmxdIzC V:34  H:330
C096B9 $F0 $1E         BEQ $C096D9                     A:0010 X:0008 Y:000A S:03F8 D:00C0 DB:7E P:nvmxdIzC V:34  H:335
C096BB $AD $3F $DD     LDA $DD3F [7EDD3F] = $0000      A:0010 X:0008 Y:000A S:03F8 D:00C0 DB:7E P:nvmxdIzC V:34  H:338
C096BE $C9 $7B $00     CMP #$007B                      A:0000 X:0008 Y:000A S:03F8 D:00C0 DB:7E P:nvmxdIZC V:35  H:6  
C096C1 $B0 $16         BCS $C096D9                     A:0000 X:0008 Y:000A S:03F8 D:00C0 DB:7E P:NvmxdIzc V:35  H:11 
C096C3 $BE $E5 $CF     LDX $CFE5,Y [7ECFEF] = $0000    A:0000 X:0008 Y:000A S:03F8 D:00C0 DB:7E P:NvmxdIzc V:35  H:14 
C096C6 $FC $C6 $C6     JSR ($C6C6,X) [C0BD7E] = $28A5  A:0000 X:0000 Y:000A S:03F8 D:00C0 DB:7E P:nvmxdIZc V:35  H:24 
C0BD7E $A5 $28         LDA $28 [0000E8] = $0000        A:0000 X:0000 Y:000A S:03F6 D:00C0 DB:7E P:nvmxdIZc V:35  H:37 
C0BD80 $D0 $30         BNE $C0BDB2                     A:0000 X:0000 Y:000A S:03F6 D:00C0 DB:7E P:nvmxdIZc V:35  H:45 
C0BD82 $BE $65 $C6     LDX $C665,Y [7EC66F] = $0008    A:0000 X:0000 Y:000A S:03F6 D:00C0 DB:7E P:nvmxdIZc V:35  H:48 
C0BD85 $B9 $E5 $C5     LDA $C5E5,Y [7EC5EF] = $0950    A:0000 X:0008 Y:000A S:03F6 D:00C0 DB:7E P:nvmxdIzc V:35  H:58 
C0BD88 $38             SEC                             A:0950 X:0008 Y:000A S:03F6 D:00C0 DB:7E P:nvmxdIzc V:35  H:68 
C0BD89 $FF $6C $E3 $7F SBC $7FE36C,X [7FE374] = $0878  A:0950 X:0008 Y:000A S:03F6 D:00C0 DB:7E P:nvmxdIzC V:35  H:71 
C0BD8D $85 $18         STA $18 [0000D8] = $0180        A:00D8 X:0008 Y:000A S:03F6 D:00C0 DB:7E P:nvmxdIzC V:35  H:81 
C0BD8F $18             CLC                             A:00D8 X:0008 Y:000A S:03F6 D:00C0 DB:7E P:nvmxdIzC V:35  H:90 
C0BD90 $69 $08 $00     ADC #$0008                      A:00D8 X:0008 Y:000A S:03F6 D:00C0 DB:7E P:nvmxdIzc V:35  H:93 
C0BD93 $30 $1A         BMI $C0BDAF                     A:00E0 X:0008 Y:000A S:03F6 D:00C0 DB:7E P:nvmxdIzc V:35  H:97 
C0BD95 $C9 $00 $01     CMP #$0100                      A:00E0 X:0008 Y:000A S:03F6 D:00C0 DB:7E P:nvmxdIzc V:35  H:100
C0BD98 $B0 $15         BCS $C0BDAF                     A:00E0 X:0008 Y:000A S:03F6 D:00C0 DB:7E P:NvmxdIzc V:35  H:105
C0BD9A $B9 $25 $C6     LDA $C625,Y [7EC62F] = $0B08    A:00E0 X:0008 Y:000A S:03F6 D:00C0 DB:7E P:NvmxdIzc V:35  H:108
C0BD9D $38             SEC                             A:0B08 X:0008 Y:000A S:03F6 D:00C0 DB:7E P:nvmxdIzc V:35  H:118
C0BD9E $FF $76 $E3 $7F SBC $7FE376,X [7FE37E] = $0A50  A:0B08 X:0008 Y:000A S:03F6 D:00C0 DB:7E P:nvmxdIzC V:35  H:121
C0BDA2 $85 $1A         STA $1A [0000DA] = $FF98        A:00B8 X:0008 Y:000A S:03F6 D:00C0 DB:7E P:nvmxdIzC V:35  H:131
C0BDA4 $18             CLC                             A:00B8 X:0008 Y:000A S:03F6 D:00C0 DB:7E P:nvmxdIzC V:35  H:149
C0BDA5 $69 $10 $00     ADC #$0010                      A:00B8 X:0008 Y:000A S:03F6 D:00C0 DB:7E P:nvmxdIzc V:35  H:152
C0BDA8 $30 $05         BMI $C0BDAF                     A:00C8 X:0008 Y:000A S:03F6 D:00C0 DB:7E P:nvmxdIzc V:35  H:157
C0BDAA $C9 $F0 $00     CMP #$00F0                      A:00C8 X:0008 Y:000A S:03F6 D:00C0 DB:7E P:nvmxdIzc V:35  H:160
C0BDAD $90 $01         BCC $C0BDB0                     A:00C8 X:0008 Y:000A S:03F6 D:00C0 DB:7E P:NvmxdIzc V:35  H:164
C0BDB0 $80 $34         BRA $C0BDE6                     A:00C8 X:0008 Y:000A S:03F6 D:00C0 DB:7E P:NvmxdIzc V:35  H:169
C0BDE6 $B9 $25 $C8     LDA $C825,Y [7EC82F] = $6BD2    A:00C8 X:0008 Y:000A S:03F6 D:00C0 DB:7E P:NvmxdIzc V:35  H:173
C0BDE9 $85 $1C         STA $1C [0000DC] = $5E58        A:6BD2 X:0008 Y:000A S:03F6 D:00C0 DB:7E P:nvmxdIzc V:35  H:183
C0BDEB $BE $E5 $C6     LDX $C6E5,Y [7EC6EF] = $0000    A:6BD2 X:0008 Y:000A S:03F6 D:00C0 DB:7E P:nvmxdIzc V:35  H:192
C0BDEE $38             SEC                             A:6BD2 X:0000 Y:000A S:03F6 D:00C0 DB:7E P:nvmxdIZc V:35  H:202
C0BDEF $FD $E1 $9A     SBC $9AE1,X [7E9AE1] = $00AC    A:6BD2 X:0000 Y:000A S:03F6 D:00C0 DB:7E P:nvmxdIZC V:35  H:205
C0BDF2 $85 $1E         STA $1E [0000DE] = $5DAC        A:6B26 X:0000 Y:000A S:03F6 D:00C0 DB:7E P:nvmxdIzC V:35  H:215
C0BDF4 $FD $E1 $9A     SBC $9AE1,X [7E9AE1] = $00AC    A:6B26 X:0000 Y:000A S:03F6 D:00C0 DB:7E P:nvmxdIzC V:35  H:223
C0BDF7 $85 $20         STA $20 [0000E0] = $5D00        A:6A7A X:0000 Y:000A S:03F6 D:00C0 DB:7E P:nvmxdIzC V:35  H:233
C0BDF9 $B9 $A5 $C3     LDA $C3A5,Y [7EC3AF] = $0201    A:6A7A X:0000 Y:000A S:03F6 D:00C0 DB:7E P:nvmxdIzC V:35  H:242
C0BDFC $29 $00 $30     AND #$3000                      A:0201 X:0000 Y:000A S:03F6 D:00C0 DB:7E P:nvmxdIzC V:35  H:252
C0BDFF $48             PHA                             A:0000 X:0000 Y:000A S:03F6 D:00C0 DB:7E P:nvmxdIZC V:35  H:256
C0BE00 $B9 $25 $C4     LDA $C425,Y [7EC42F] = $0832    A:0000 X:0000 Y:000A S:03F4 D:00C0 DB:7E P:nvmxdIZC V:35  H:263
C0BE03 $29 $00 $08     AND #$0800                      A:0832 X:0000 Y:000A S:03F4 D:00C0 DB:7E P:nvmxdIzC V:35  H:273
C0BE06 $03 $01         ORA $01,S [0003F5] = $0000      A:0800 X:0000 Y:000A S:03F4 D:00C0 DB:7E P:nvmxdIzC V:35  H:294
C0BE08 $85 $22         STA $22 [0000E2] = $0800        A:0800 X:0000 Y:000A S:03F4 D:00C0 DB:7E P:nvmxdIzC V:35  H:303
C0BE0A $68             PLA                             A:0800 X:0000 Y:000A S:03F4 D:00C0 DB:7E P:nvmxdIzC V:35  H:311
C0BE0B $20 $D4 $C6     JSR $C6D4 [C0C6D4] = $25B9      A:0000 X:0000 Y:000A S:03F6 D:00C0 DB:7E P:nvmxdIZC V:35  H:320
C0C6D4 $B9 $25 $CF     LDA $CF25,Y [7ECF2F] = $0002    A:0000 X:0000 Y:000A S:03F4 D:00C0 DB:7E P:nvmxdIZC V:35  H:329
C0C6D7 $AA             TAX                             A:0002 X:0000 Y:000A S:03F4 D:00C0 DB:7E P:nvmxdIzC V:35  H:339
C0C6D8 $B9 $A5 $CF     LDA $CFA5,Y [7ECFAF] = $0002    A:0002 X:0002 Y:000A S:03F4 D:00C0 DB:7E P:nvmxdIzC V:36  H:2  
C0C6DB $0A             ASL                             A:0002 X:0002 Y:000A S:03F4 D:00C0 DB:7E P:nvmxdIzC V:36  H:12 
C0C6DC $0A             ASL                             A:0004 X:0002 Y:000A S:03F4 D:00C0 DB:7E P:nvmxdIzc V:36  H:15 
C0C6DD $85 $24         STA $24 [0000E4] = $0090        A:0008 X:0002 Y:000A S:03F4 D:00C0 DB:7E P:nvmxdIzc V:36  H:18 
C0C6DF $0A             ASL                             A:0008 X:0002 Y:000A S:03F4 D:00C0 DB:7E P:nvmxdIzc V:36  H:26 
C0C6E0 $65 $24         ADC $24 [0000E4] = $0008        A:0010 X:0002 Y:000A S:03F4 D:00C0 DB:7E P:nvmxdIzc V:36  H:29 
C0C6E2 $7F $EE $C6 $C0 ADC $C0C6EE,X [C0C6F0] = $0060  A:0018 X:0002 Y:000A S:03F4 D:00C0 DB:7E P:nvmxdIzc V:36  H:38 
C0C6E6 $85 $24         STA $24 [0000E4] = $0008        A:0078 X:0002 Y:000A S:03F4 D:00C0 DB:7E P:nvmxdIzc V:36  H:47 
C0C6E8 $B9 $25 $D0     LDA $D025,Y [7ED02F] = $3000    A:0078 X:0002 Y:000A S:03F4 D:00C0 DB:7E P:nvmxdIzc V:36  H:55 
C0C6EB $85 $2A         STA $2A [0000EA] = $3000        A:3000 X:0002 Y:000A S:03F4 D:00C0 DB:7E P:nvmxdIzc V:36  H:65 
C0C6ED $60             RTS                             A:3000 X:0002 Y:000A S:03F4 D:00C0 DB:7E P:nvmxdIzc V:36  H:74 
C0BE0E $AD $3F $DD     LDA $DD3F [7EDD3F] = $0000      A:3000 X:0002 Y:000A S:03F6 D:00C0 DB:7E P:nvmxdIzc V:36  H:84 
C0BE11 $0A             ASL                             A:0000 X:0002 Y:000A S:03F6 D:00C0 DB:7E P:nvmxdIZc V:36  H:92 
C0BE12 $0A             ASL                             A:0000 X:0002 Y:000A S:03F6 D:00C0 DB:7E P:nvmxdIZc V:36  H:95 
C0BE13 $AA             TAX                             A:0000 X:0002 Y:000A S:03F6 D:00C0 DB:7E P:nvmxdIZc V:36  H:98 
C0BE14 $A9 $00 $00     LDA #$0000                      A:0000 X:0000 Y:000A S:03F6 D:00C0 DB:7E P:nvmxdIZc V:36  H:101
C0BE17 $E2 $20         SEP #$20                        A:0000 X:0000 Y:000A S:03F6 D:00C0 DB:7E P:nvmxdIZc V:36  H:106
C0BE19 $A5 $18         LDA $18 [0000D8] = $D8          A:0000 X:0000 Y:000A S:03F6 D:00C0 DB:7E P:nvMxdIZc V:36  H:110
C0BE1B $9D $1F $DB     STA $DB1F,X [7EDB1F] = $D8      A:00D8 X:0000 Y:000A S:03F6 D:00C0 DB:7E P:NvMxdIzc V:36  H:117
C0BE1E $9D $23 $DB     STA $DB23,X [7EDB23] = $D8      A:00D8 X:0000 Y:000A S:03F6 D:00C0 DB:7E P:NvMxdIzc V:36  H:125
C0BE21 $9D $27 $DB     STA $DB27,X [7EDB27] = $D8      A:00D8 X:0000 Y:000A S:03F6 D:00C0 DB:7E P:NvMxdIzc V:36  H:133
C0BE24 $18             CLC                             A:00D8 X:0000 Y:000A S:03F6 D:00C0 DB:7E P:NvMxdIzc V:36  H:151
C0BE25 $69 $08         ADC #$08                        A:00D8 X:0000 Y:000A S:03F6 D:00C0 DB:7E P:NvMxdIzc V:36  H:154
C0BE27 $9D $2B $DB     STA $DB2B,X [7EDB2B] = $E0      A:00E0 X:0000 Y:000A S:03F6 D:00C0 DB:7E P:NvMxdIzc V:36  H:157
C0BE2A $9D $2F $DB     STA $DB2F,X [7EDB2F] = $E0      A:00E0 X:0000 Y:000A S:03F6 D:00C0 DB:7E P:NvMxdIzc V:36  H:165
C0BE2D $9D $33 $DB     STA $DB33,X [7EDB33] = $E0      A:00E0 X:0000 Y:000A S:03F6 D:00C0 DB:7E P:NvMxdIzc V:36  H:173
C0BE30 $A5 $1A         LDA $1A [0000DA] = $B8          A:00E0 X:0000 Y:000A S:03F6 D:00C0 DB:7E P:NvMxdIzc V:36  H:181
C0BE32 $9D $20 $DB     STA $DB20,X [7EDB20] = $E8      A:00B8 X:0000 Y:000A S:03F6 D:00C0 DB:7E P:NvMxdIzc V:36  H:187
C0BE35 $9D $2C $DB     STA $DB2C,X [7EDB2C] = $E8      A:00B8 X:0000 Y:000A S:03F6 D:00C0 DB:7E P:NvMxdIzc V:36  H:195
C0BE38 $18             CLC                             A:00B8 X:0000 Y:000A S:03F6 D:00C0 DB:7E P:NvMxdIzc V:36  H:203
C0BE39 $69 $08         ADC #$08                        A:00B8 X:0000 Y:000A S:03F6 D:00C0 DB:7E P:NvMxdIzc V:36  H:206
C0BE3B $9D $24 $DB     STA $DB24,X [7EDB24] = $E8      A:00C0 X:0000 Y:000A S:03F6 D:00C0 DB:7E P:NvMxdIzc V:36  H:209
C0BE3E $9D $30 $DB     STA $DB30,X [7EDB30] = $E8      A:00C0 X:0000 Y:000A S:03F6 D:00C0 DB:7E P:NvMxdIzc V:36  H:217
C0BE41 $18             CLC                             A:00C0 X:0000 Y:000A S:03F6 D:00C0 DB:7E P:NvMxdIzc V:36  H:225
C0BE42 $69 $08         ADC #$08                        A:00C0 X:0000 Y:000A S:03F6 D:00C0 DB:7E P:NvMxdIzc V:36  H:228
C0BE44 $9D $28 $DB     STA $DB28,X [7EDB28] = $E8      A:00C8 X:0000 Y:000A S:03F6 D:00C0 DB:7E P:NvMxdIzc V:36  H:231
C0BE47 $9D $34 $DB     STA $DB34,X [7EDB34] = $E8      A:00C8 X:0000 Y:000A S:03F6 D:00C0 DB:7E P:NvMxdIzc V:36  H:239
C0BE4A $C2 $20         REP #$20                        A:00C8 X:0000 Y:000A S:03F6 D:00C0 DB:7E P:NvMxdIzc V:36  H:247
C0BE4C $A5 $28         LDA $28 [0000E8] = $0000        A:00C8 X:0000 Y:000A S:03F6 D:00C0 DB:7E P:NvmxdIzc V:36  H:252
C0BE4E $F0 $03         BEQ $C0BE53                     A:0000 X:0000 Y:000A S:03F6 D:00C0 DB:7E P:nvmxdIZc V:36  H:260
C0BE53 $86 $26         STX $26 [0000E6] = $0048        A:0000 X:0000 Y:000A S:03F6 D:00C0 DB:7E P:nvmxdIZc V:36  H:265
C0BE55 $A4 $24         LDY $24 [0000E4] = $0078        A:0000 X:0000 Y:000A S:03F6 D:00C0 DB:7E P:nvmxdIZc V:36  H:273
C0BE57 $A6 $20         LDX $20 [0000E0] = $6A7A        A:0000 X:0000 Y:0078 S:03F6 D:00C0 DB:7E P:nvmxdIzc V:36  H:298
C0BE59 $BF $00 $00 $7F LDA $7F0000,X [7F6A7A] = $2000  A:0000 X:6A7A Y:0078 S:03F6 D:00C0 DB:7E P:nvmxdIzc V:36  H:307
C0BE5D $29 $00 $30     AND #$3000                      A:2000 X:6A7A Y:0078 S:03F6 D:00C0 DB:7E P:nvmxdIzc V:36  H:317
C0BE60 $19 $A1 $E2     ORA $E2A1,Y [7EE319] = $020E    A:2000 X:6A7A Y:0078 S:03F6 D:00C0 DB:7E P:nvmxdIzc V:36  H:321
C0BE63 $05 $22         ORA $22 [0000E2] = $0800        A:220E X:6A7A Y:0078 S:03F6 D:00C0 DB:7E P:nvmxdIzc V:36  H:330
C0BE65 $A6 $26         LDX $26 [0000E6] = $0000        A:2A0E X:6A7A Y:0078 S:03F6 D:00C0 DB:7E P:nvmxdIzc V:36  H:339
C0BE67 $9D $21 $DB     STA $DB21,X [7EDB21] = $2A0E    A:2A0E X:0000 Y:0078 S:03F6 D:00C0 DB:7E P:nvmxdIZc V:37  H:7  
C0BE6A $A6 $1E         LDX $1E [0000DE] = $6B26        A:2A0E X:0000 Y:0078 S:03F6 D:00C0 DB:7E P:nvmxdIZc V:37  H:17 
C0BE6C $BF $00 $00 $7F LDA $7F0000,X [7F6B26] = $2002  A:2A0E X:6B26 Y:0078 S:03F6 D:00C0 DB:7E P:nvmxdIzc V:37  H:26 
C0BE70 $29 $00 $30     AND #$3000                      A:2002 X:6B26 Y:0078 S:03F6 D:00C0 DB:7E P:nvmxdIzc V:37  H:36 
C0BE73 $19 $A3 $E2     ORA $E2A3,Y [7EE31B] = $020F    A:2000 X:6B26 Y:0078 S:03F6 D:00C0 DB:7E P:nvmxdIzc V:37  H:40 
C0BE76 $05 $22         ORA $22 [0000E2] = $0800        A:220F X:6B26 Y:0078 S:03F6 D:00C0 DB:7E P:nvmxdIzc V:37  H:50 
C0BE78 $A6 $26         LDX $26 [0000E6] = $0000        A:2A0F X:6B26 Y:0078 S:03F6 D:00C0 DB:7E P:nvmxdIzc V:37  H:59 
C0BE7A $9D $25 $DB     STA $DB25,X [7EDB25] = $2A0F    A:2A0F X:0000 Y:0078 S:03F6 D:00C0 DB:7E P:nvmxdIZc V:37  H:67 
C0BE7D $A6 $1C         LDX $1C [0000DC] = $6BD2        A:2A0F X:0000 Y:0078 S:03F6 D:00C0 DB:7E P:nvmxdIZc V:37  H:77 
C0BE7F $BF $00 $00 $7F LDA $7F0000,X [7F6BD2] = $2002  A:2A0F X:6BD2 Y:0078 S:03F6 D:00C0 DB:7E P:nvmxdIzc V:37  H:86 
C0BE83 $29 $00 $30     AND #$3000                      A:2002 X:6BD2 Y:0078 S:03F6 D:00C0 DB:7E P:nvmxdIzc V:37  H:96 
C0BE86 $19 $A5 $E2     ORA $E2A5,Y [7EE31D] = $0210    A:2000 X:6BD2 Y:0078 S:03F6 D:00C0 DB:7E P:nvmxdIzc V:37  H:100
C0BE89 $05 $22         ORA $22 [0000E2] = $0800        A:2210 X:6BD2 Y:0078 S:03F6 D:00C0 DB:7E P:nvmxdIzc V:37  H:110
C0BE8B $A6 $26         LDX $26 [0000E6] = $0000        A:2A10 X:6BD2 Y:0078 S:03F6 D:00C0 DB:7E P:nvmxdIzc V:37  H:119
C0BE8D $9D $29 $DB     STA $DB29,X [7EDB29] = $2A10    A:2A10 X:0000 Y:0078 S:03F6 D:00C0 DB:7E P:nvmxdIZc V:37  H:127
C0BE90 $A6 $20         LDX $20 [0000E0] = $6A7A        A:2A10 X:0000 Y:0078 S:03F6 D:00C0 DB:7E P:nvmxdIZc V:37  H:147
C0BE92 $BF $02 $00 $7F LDA $7F0002,X [7F6A7C] = $2000  A:2A10 X:6A7A Y:0078 S:03F6 D:00C0 DB:7E P:nvmxdIzc V:37  H:156
C0BE96 $29 $00 $30     AND #$3000                      A:2000 X:6A7A Y:0078 S:03F6 D:00C0 DB:7E P:nvmxdIzc V:37  H:166
C0BE99 $19 $A7 $E2     ORA $E2A7,Y [7EE31F] = $0211    A:2000 X:6A7A Y:0078 S:03F6 D:00C0 DB:7E P:nvmxdIzc V:37  H:170
C0BE9C $05 $22         ORA $22 [0000E2] = $0800        A:2211 X:6A7A Y:0078 S:03F6 D:00C0 DB:7E P:nvmxdIzc V:37  H:180
C0BE9E $A6 $26         LDX $26 [0000E6] = $0000        A:2A11 X:6A7A Y:0078 S:03F6 D:00C0 DB:7E P:nvmxdIzc V:37  H:189
C0BEA0 $9D $2D $DB     STA $DB2D,X [7EDB2D] = $2A11    A:2A11 X:0000 Y:0078 S:03F6 D:00C0 DB:7E P:nvmxdIZc V:37  H:197
C0BEA3 $A6 $1E         LDX $1E [0000DE] = $6B26        A:2A11 X:0000 Y:0078 S:03F6 D:00C0 DB:7E P:nvmxdIZc V:37  H:207
C0BEA5 $BF $02 $00 $7F LDA $7F0002,X [7F6B28] = $2002  A:2A11 X:6B26 Y:0078 S:03F6 D:00C0 DB:7E P:nvmxdIzc V:37  H:216
C0BEA9 $29 $00 $30     AND #$3000                      A:2002 X:6B26 Y:0078 S:03F6 D:00C0 DB:7E P:nvmxdIzc V:37  H:226
C0BEAC $19 $A9 $E2     ORA $E2A9,Y [7EE321] = $0212    A:2000 X:6B26 Y:0078 S:03F6 D:00C0 DB:7E P:nvmxdIzc V:37  H:230
C0BEAF $05 $22         ORA $22 [0000E2] = $0800        A:2212 X:6B26 Y:0078 S:03F6 D:00C0 DB:7E P:nvmxdIzc V:37  H:240
C0BEB1 $A6 $26         LDX $26 [0000E6] = $0000        A:2A12 X:6B26 Y:0078 S:03F6 D:00C0 DB:7E P:nvmxdIzc V:37  H:249
C0BEB3 $9D $31 $DB     STA $DB31,X [7EDB31] = $2A12    A:2A12 X:0000 Y:0078 S:03F6 D:00C0 DB:7E P:nvmxdIZc V:37  H:257
C0BEB6 $A6 $1C         LDX $1C [0000DC] = $6BD2        A:2A12 X:0000 Y:0078 S:03F6 D:00C0 DB:7E P:nvmxdIZc V:37  H:267
C0BEB8 $BF $02 $00 $7F LDA $7F0002,X [7F6BD4] = $2002  A:2A12 X:6BD2 Y:0078 S:03F6 D:00C0 DB:7E P:nvmxdIzc V:37  H:276
C0BEBC $29 $00 $30     AND #$3000                      A:2002 X:6BD2 Y:0078 S:03F6 D:00C0 DB:7E P:nvmxdIzc V:37  H:302
C0BEBF $19 $AB $E2     ORA $E2AB,Y [7EE323] = $0213    A:2000 X:6BD2 Y:0078 S:03F6 D:00C0 DB:7E P:nvmxdIzc V:37  H:307
C0BEC2 $05 $22         ORA $22 [0000E2] = $0800        A:2213 X:6BD2 Y:0078 S:03F6 D:00C0 DB:7E P:nvmxdIzc V:37  H:317
C0BEC4 $A6 $26         LDX $26 [0000E6] = $0000        A:2A13 X:6BD2 Y:0078 S:03F6 D:00C0 DB:7E P:nvmxdIzc V:37  H:325
C0BEC6 $9D $35 $DB     STA $DB35,X [7EDB35] = $2A13    A:2A13 X:0000 Y:0078 S:03F6 D:00C0 DB:7E P:nvmxdIZc V:37  H:333
C0BEC9 $AD $3F $DD     LDA $DD3F [7EDD3F] = $0000      A:2A13 X:0000 Y:0078 S:03F6 D:00C0 DB:7E P:nvmxdIZc V:38  H:3  
C0BECC $18             CLC                             A:0000 X:0000 Y:0078 S:03F6 D:00C0 DB:7E P:nvmxdIZc V:38  H:11 
C0BECD $69 $06 $00     ADC #$0006                      A:0000 X:0000 Y:0078 S:03F6 D:00C0 DB:7E P:nvmxdIZc V:38  H:14 
C0BED0 $8D $3F $DD     STA $DD3F [7EDD3F] = $0000      A:0006 X:0000 Y:0078 S:03F6 D:00C0 DB:7E P:nvmxdIzc V:38  H:19 
C0BED3 $60             RTS                             A:0006 X:0000 Y:0078 S:03F6 D:00C0 DB:7E P:nvmxdIzc V:38  H:27 
C096C9 $80 $0E         BRA $C096D9                     A:0006 X:0000 Y:0078 S:03F8 D:00C0 DB:7E P:nvmxdIzc V:38  H:37 
C096D9 $AD $53 $DD     LDA $DD53 [7EDD53] = $0006      A:0006 X:0000 Y:0078 S:03F8 D:00C0 DB:7E P:nvmxdIzc V:38  H:42 
C096DC $30 $42         BMI $C09720                     A:0006 X:0000 Y:0078 S:03F8 D:00C0 DB:7E P:nvmxdIzc V:38  H:50 
C096DE $2C $53 $DD     BIT $DD53 [7EDD53] = $0006      A:0006 X:0000 Y:0078 S:03F8 D:00C0 DB:7E P:nvmxdIzc V:38  H:53 
C096E1 $70 $2F         BVS $C09712                     A:0006 X:0000 Y:0078 S:03F8 D:00C0 DB:7E P:nvmxdIzc V:38  H:62 
C096E3 $A8             TAY                             A:0006 X:0000 Y:0078 S:03F8 D:00C0 DB:7E P:nvmxdIzc V:38  H:65 
C096E4 $B9 $A5 $C3     LDA $C3A5,Y [7EC3AB] = $0359    A:0006 X:0000 Y:0006 S:03F8 D:00C0 DB:7E P:nvmxdIzc V:38  H:68 
C096E7 $29 $01 $00     AND #$0001                      A:0359 X:0000 Y:0006 S:03F8 D:00C0 DB:7E P:nvmxdIzc V:38  H:78 
C096EA $F0 $34         BEQ $C09720                     A:0001 X:0000 Y:0006 S:03F8 D:00C0 DB:7E P:nvmxdIzc V:38  H:82 
C096EC $B9 $A5 $C3     LDA $C3A5,Y [7EC3AB] = $0359    A:0001 X:0000 Y:0006 S:03F8 D:00C0 DB:7E P:nvmxdIzc V:38  H:85 
C096EF $29 $20 $00     AND #$0020                      A:0359 X:0000 Y:0006 S:03F8 D:00C0 DB:7E P:nvmxdIzc V:38  H:95 
C096F2 $D0 $2C         BNE $C09720                     A:0000 X:0000 Y:0006 S:03F8 D:00C0 DB:7E P:nvmxdIZc V:38  H:100
C096F4 $B9 $25 $CF     LDA $CF25,Y [7ECF2B] = $FFFF    A:0000 X:0000 Y:0006 S:03F8 D:00C0 DB:7E P:nvmxdIZc V:38  H:103
C096F7 $30 $27         BMI $C09720                     A:FFFF X:0000 Y:0006 S:03F8 D:00C0 DB:7E P:NvmxdIzc V:38  H:113
C09720 $AD $55 $DD     LDA $DD55 [7EDD55] = $0018      A:FFFF X:0000 Y:0006 S:03F8 D:00C0 DB:7E P:NvmxdIzc V:38  H:117
C09723 $30 $42         BMI $C09767                     A:0018 X:0000 Y:0006 S:03F8 D:00C0 DB:7E P:nvmxdIzc V:38  H:126
C09725 $2C $55 $DD     BIT $DD55 [7EDD55] = $0018      A:0018 X:0000 Y:0006 S:03F8 D:00C0 DB:7E P:nvmxdIzc V:38  H:129
C09728 $70 $2F         BVS $C09759                     A:0018 X:0000 Y:0006 S:03F8 D:00C0 DB:7E P:nvmxdIzc V:38  H:147
C0972A $A8             TAY                             A:0018 X:0000 Y:0006 S:03F8 D:00C0 DB:7E P:nvmxdIzc V:38  H:150
C0972B $B9 $A5 $C3     LDA $C3A5,Y [7EC3BD] = $8281    A:0018 X:0000 Y:0018 S:03F8 D:00C0 DB:7E P:nvmxdIzc V:38  H:153
C0972E $29 $01 $00     AND #$0001                      A:8281 X:0000 Y:0018 S:03F8 D:00C0 DB:7E P:NvmxdIzc V:38  H:163
C09731 $F0 $34         BEQ $C09767                     A:0001 X:0000 Y:0018 S:03F8 D:00C0 DB:7E P:nvmxdIzc V:38  H:168
C09733 $B9 $A5 $C3     LDA $C3A5,Y [7EC3BD] = $8281    A:0001 X:0000 Y:0018 S:03F8 D:00C0 DB:7E P:nvmxdIzc V:38  H:171
C09736 $29 $20 $00     AND #$0020                      A:8281 X:0000 Y:0018 S:03F8 D:00C0 DB:7E P:NvmxdIzc V:38  H:181
C09739 $D0 $2C         BNE $C09767                     A:0000 X:0000 Y:0018 S:03F8 D:00C0 DB:7E P:nvmxdIZc V:38  H:185
C0973B $B9 $25 $CF     LDA $CF25,Y [7ECF3D] = $0006    A:0000 X:0000 Y:0018 S:03F8 D:00C0 DB:7E P:nvmxdIZc V:38  H:188
C0973E $30 $27         BMI $C09767                     A:0006 X:0000 Y:0018 S:03F8 D:00C0 DB:7E P:nvmxdIzc V:38  H:198
C09740 $AF $00 $35 $7E LDA $7E3500                     A:0006 X:0000 Y:0018 S:03F8 D:00C0 DB:7E P:nvmxdIzc V:38  H:201
C09744 $29 $10 $00     AND #$0010                      A:0016 X:0000 Y:0018 S:03F8 D:00C0 DB:7E P:nvmxdIzc V:38  H:211
C09747 $F0 $1E         BEQ $C09767                     A:0010 X:0000 Y:0018 S:03F8 D:00C0 DB:7E P:nvmxdIzc V:38  H:216
C09749 $AD $3F $DD     LDA $DD3F [7EDD3F] = $0006      A:0010 X:0000 Y:0018 S:03F8 D:00C0 DB:7E P:nvmxdIzc V:38  H:219
C0974C $C9 $7B $00     CMP #$007B                      A:0006 X:0000 Y:0018 S:03F8 D:00C0 DB:7E P:nvmxdIzc V:38  H:227
C0974F $B0 $16         BCS $C09767                     A:0006 X:0000 Y:0018 S:03F8 D:00C0 DB:7E P:NvmxdIzc V:38  H:232
C09751 $BE $E5 $CF     LDX $CFE5,Y [7ECFFD] = $0000    A:0006 X:0000 Y:0018 S:03F8 D:00C0 DB:7E P:NvmxdIzc V:38  H:235
C09754 $FC $C6 $C6     JSR ($C6C6,X) [C0BD7E] = $28A5  A:0006 X:0000 Y:0018 S:03F8 D:00C0 DB:7E P:nvmxdIZc V:38  H:245
C0BD7E $A5 $28         LDA $28 [0000E8] = $0000        A:0006 X:0000 Y:0018 S:03F6 D:00C0 DB:7E P:nvmxdIZc V:38  H:258
C0BD80 $D0 $30         BNE $C0BDB2                     A:0000 X:0000 Y:0018 S:03F6 D:00C0 DB:7E P:nvmxdIZc V:38  H:266
C0BD82 $BE $65 $C6     LDX $C665,Y [7EC67D] = $0008    A:0000 X:0000 Y:0018 S:03F6 D:00C0 DB:7E P:nvmxdIZc V:38  H:269
C0BD85 $B9 $E5 $C5     LDA $C5E5,Y [7EC5FD] = $09A8    A:0000 X:0008 Y:0018 S:03F6 D:00C0 DB:7E P:nvmxdIzc V:38  H:295
C0BD88 $38             SEC                             A:09A8 X:0008 Y:0018 S:03F6 D:00C0 DB:7E P:nvmxdIzc V:38  H:305
C0BD89 $FF $6C $E3 $7F SBC $7FE36C,X [7FE374] = $0878  A:09A8 X:0008 Y:0018 S:03F6 D:00C0 DB:7E P:nvmxdIzC V:38  H:308
C0BD8D $85 $18         STA $18 [0000D8] = $00D8        A:0130 X:0008 Y:0018 S:03F6 D:00C0 DB:7E P:nvmxdIzC V:38  H:318
C0BD8F $18             CLC                             A:0130 X:0008 Y:0018 S:03F6 D:00C0 DB:7E P:nvmxdIzC V:38  H:326
C0BD90 $69 $08 $00     ADC #$0008                      A:0130 X:0008 Y:0018 S:03F6 D:00C0 DB:7E P:nvmxdIzc V:38  H:329
C0BD93 $30 $1A         BMI $C0BDAF                     A:0138 X:0008 Y:0018 S:03F6 D:00C0 DB:7E P:nvmxdIzc V:38  H:333
C0BD95 $C9 $00 $01     CMP #$0100                      A:0138 X:0008 Y:0018 S:03F6 D:00C0 DB:7E P:nvmxdIzc V:38  H:336
C0BD98 $B0 $15         BCS $C0BDAF                     A:0138 X:0008 Y:0018 S:03F6 D:00C0 DB:7E P:nvmxdIzC V:39  H:1  
C0BDAF $60             RTS                             A:0138 X:0008 Y:0018 S:03F6 D:00C0 DB:7E P:nvmxdIzC V:39  H:5  
C09757 $80 $0E         BRA $C09767                     A:0138 X:0008 Y:0018 S:03F8 D:00C0 DB:7E P:nvmxdIzC V:39  H:15 
C09767 $AD $57 $DD     LDA $DD57 [7EDD57] = $0004      A:0138 X:0008 Y:0018 S:03F8 D:00C0 DB:7E P:nvmxdIzC V:39  H:20 
C0976A $30 $42         BMI $C097AE                     A:0004 X:0008 Y:0018 S:03F8 D:00C0 DB:7E P:nvmxdIzC V:39  H:28 
C0976C $2C $57 $DD     BIT $DD57 [7EDD57] = $0004      A:0004 X:0008 Y:0018 S:03F8 D:00C0 DB:7E P:nvmxdIzC V:39  H:31 
C0976F $70 $2F         BVS $C097A0                     A:0004 X:0008 Y:0018 S:03F8 D:00C0 DB:7E P:nvmxdIzC V:39  H:40 
C09771 $A8             TAY                             A:0004 X:0008 Y:0018 S:03F8 D:00C0 DB:7E P:nvmxdIzC V:39  H:43 
C09772 $B9 $A5 $C3     LDA $C3A5,Y [7EC3A9] = $0359    A:0004 X:0008 Y:0004 S:03F8 D:00C0 DB:7E P:nvmxdIzC V:39  H:46 
C09775 $29 $01 $00     AND #$0001                      A:0359 X:0008 Y:0004 S:03F8 D:00C0 DB:7E P:nvmxdIzC V:39  H:56 
C09778 $F0 $34         BEQ $C097AE                     A:0001 X:0008 Y:0004 S:03F8 D:00C0 DB:7E P:nvmxdIzC V:39  H:60 
C0977A $B9 $A5 $C3     LDA $C3A5,Y [7EC3A9] = $0359    A:0001 X:0008 Y:0004 S:03F8 D:00C0 DB:7E P:nvmxdIzC V:39  H:63 
C0977D $29 $20 $00     AND #$0020                      A:0359 X:0008 Y:0004 S:03F8 D:00C0 DB:7E P:nvmxdIzC V:39  H:73 
C09780 $D0 $2C         BNE $C097AE                     A:0000 X:0008 Y:0004 S:03F8 D:00C0 DB:7E P:nvmxdIZC V:39  H:78 
C09782 $B9 $25 $CF     LDA $CF25,Y [7ECF29] = $FFFF    A:0000 X:0008 Y:0004 S:03F8 D:00C0 DB:7E P:nvmxdIZC V:39  H:81 
C09785 $30 $27         BMI $C097AE                     A:FFFF X:0008 Y:0004 S:03F8 D:00C0 DB:7E P:NvmxdIzC V:39  H:91 
C097AE $AD $59 $DD     LDA $DD59 [7EDD59] = $001A      A:FFFF X:0008 Y:0004 S:03F8 D:00C0 DB:7E P:NvmxdIzC V:39  H:95 
C097B1 $30 $42         BMI $C097F5                     A:001A X:0008 Y:0004 S:03F8 D:00C0 DB:7E P:nvmxdIzC V:39  H:104
C097B3 $2C $59 $DD     BIT $DD59 [7EDD59] = $001A      A:001A X:0008 Y:0004 S:03F8 D:00C0 DB:7E P:nvmxdIzC V:39  H:107
C097B6 $70 $2F         BVS $C097E7                     A:001A X:0008 Y:0004 S:03F8 D:00C0 DB:7E P:nvmxdIzC V:39  H:115
C097B8 $A8             TAY                             A:001A X:0008 Y:0004 S:03F8 D:00C0 DB:7E P:nvmxdIzC V:39  H:118
C097B9 $B9 $A5 $C3     LDA $C3A5,Y [7EC3BF] = $0281    A:001A X:0008 Y:001A S:03F8 D:00C0 DB:7E P:nvmxdIzC V:39  H:121
C097BC $29 $01 $00     AND #$0001                      A:0281 X:0008 Y:001A S:03F8 D:00C0 DB:7E P:nvmxdIzC V:39  H:131
C097BF $F0 $34         BEQ $C097F5                     A:0001 X:0008 Y:001A S:03F8 D:00C0 DB:7E P:nvmxdIzC V:39  H:146
C097C1 $B9 $A5 $C3     LDA $C3A5,Y [7EC3BF] = $0281    A:0001 X:0008 Y:001A S:03F8 D:00C0 DB:7E P:nvmxdIzC V:39  H:149
C097C4 $29 $20 $00     AND #$0020                      A:0281 X:0008 Y:001A S:03F8 D:00C0 DB:7E P:nvmxdIzC V:39  H:159
C097C7 $D0 $2C         BNE $C097F5                     A:0000 X:0008 Y:001A S:03F8 D:00C0 DB:7E P:nvmxdIZC V:39  H:163
C097C9 $B9 $25 $CF     LDA $CF25,Y [7ECF3F] = $000E    A:0000 X:0008 Y:001A S:03F8 D:00C0 DB:7E P:nvmxdIZC V:39  H:166
C097CC $30 $27         BMI $C097F5                     A:000E X:0008 Y:001A S:03F8 D:00C0 DB:7E P:nvmxdIzC V:39  H:176
C097CE $AF $00 $35 $7E LDA $7E3500                     A:000E X:0008 Y:001A S:03F8 D:00C0 DB:7E P:nvmxdIzC V:39  H:179
C097D2 $29 $10 $00     AND #$0010                      A:0016 X:0008 Y:001A S:03F8 D:00C0 DB:7E P:nvmxdIzC V:39  H:189
C097D5 $F0 $1E         BEQ $C097F5                     A:0010 X:0008 Y:001A S:03F8 D:00C0 DB:7E P:nvmxdIzC V:39  H:194
C097D7 $AD $3F $DD     LDA $DD3F [7EDD3F] = $0006      A:0010 X:0008 Y:001A S:03F8 D:00C0 DB:7E P:nvmxdIzC V:39  H:197
C097DA $C9 $7B $00     CMP #$007B                      A:0006 X:0008 Y:001A S:03F8 D:00C0 DB:7E P:nvmxdIzC V:39  H:205
C097DD $B0 $16         BCS $C097F5                     A:0006 X:0008 Y:001A S:03F8 D:00C0 DB:7E P:NvmxdIzc V:39  H:210
C097DF $BE $E5 $CF     LDX $CFE5,Y [7ECFFF] = $0000    A:0006 X:0008 Y:001A S:03F8 D:00C0 DB:7E P:NvmxdIzc V:39  H:213
C097E2 $FC $C6 $C6     JSR ($C6C6,X) [C0BD7E] = $28A5  A:0006 X:0000 Y:001A S:03F8 D:00C0 DB:7E P:nvmxdIZc V:39  H:223
C0BD7E $A5 $28         LDA $28 [0000E8] = $0000        A:0006 X:0000 Y:001A S:03F6 D:00C0 DB:7E P:nvmxdIZc V:39  H:236
C0BD80 $D0 $30         BNE $C0BDB2                     A:0000 X:0000 Y:001A S:03F6 D:00C0 DB:7E P:nvmxdIZc V:39  H:244
C0BD82 $BE $65 $C6     LDX $C665,Y [7EC67F] = $0008    A:0000 X:0000 Y:001A S:03F6 D:00C0 DB:7E P:nvmxdIZc V:39  H:247
C0BD85 $B9 $E5 $C5     LDA $C5E5,Y [7EC5FF] = $0A90    A:0000 X:0008 Y:001A S:03F6 D:00C0 DB:7E P:nvmxdIzc V:39  H:257
C0BD88 $38             SEC                             A:0A90 X:0008 Y:001A S:03F6 D:00C0 DB:7E P:nvmxdIzc V:39  H:267
C0BD89 $FF $6C $E3 $7F SBC $7FE36C,X [7FE374] = $0878  A:0A90 X:0008 Y:001A S:03F6 D:00C0 DB:7E P:nvmxdIzC V:39  H:270
C0BD8D $85 $18         STA $18 [0000D8] = $0130        A:0218 X:0008 Y:001A S:03F6 D:00C0 DB:7E P:nvmxdIzC V:39  H:320
C0BD8F $18             CLC                             A:0218 X:0008 Y:001A S:03F6 D:00C0 DB:7E P:nvmxdIzC V:39  H:328
C0BD90 $69 $08 $00     ADC #$0008                      A:0218 X:0008 Y:001A S:03F6 D:00C0 DB:7E P:nvmxdIzc V:39  H:331
C0BD93 $30 $1A         BMI $C0BDAF                     A:0220 X:0008 Y:001A S:03F6 D:00C0 DB:7E P:nvmxdIzc V:39  H:335
C0BD95 $C9 $00 $01     CMP #$0100                      A:0220 X:0008 Y:001A S:03F6 D:00C0 DB:7E P:nvmxdIzc V:39  H:338
C0BD98 $B0 $15         BCS $C0BDAF                     A:0220 X:0008 Y:001A S:03F6 D:00C0 DB:7E P:nvmxdIzC V:40  H:3  
C0BDAF $60             RTS                             A:0220 X:0008 Y:001A S:03F6 D:00C0 DB:7E P:nvmxdIzC V:40  H:7  
C097E5 $80 $0E         BRA $C097F5                     A:0220 X:0008 Y:001A S:03F8 D:00C0 DB:7E P:nvmxdIzC V:40  H:17 
C097F5 $AD $5B $DD     LDA $DD5B [7EDD5B] = $0002      A:0220 X:0008 Y:001A S:03F8 D:00C0 DB:7E P:nvmxdIzC V:40  H:22 
C097F8 $30 $42         BMI $C0983C                     A:0002 X:0008 Y:001A S:03F8 D:00C0 DB:7E P:nvmxdIzC V:40  H:30 
C097FA $2C $5B $DD     BIT $DD5B [7EDD5B] = $0002      A:0002 X:0008 Y:001A S:03F8 D:00C0 DB:7E P:nvmxdIzC V:40  H:33 
C097FD $70 $2F         BVS $C0982E                     A:0002 X:0008 Y:001A S:03F8 D:00C0 DB:7E P:nvmxdIzC V:40  H:42 
C097FF $A8             TAY                             A:0002 X:0008 Y:001A S:03F8 D:00C0 DB:7E P:nvmxdIzC V:40  H:45 
C09800 $B9 $A5 $C3     LDA $C3A5,Y [7EC3A7] = $0359    A:0002 X:0008 Y:0002 S:03F8 D:00C0 DB:7E P:nvmxdIzC V:40  H:48 
C09803 $29 $01 $00     AND #$0001                      A:0359 X:0008 Y:0002 S:03F8 D:00C0 DB:7E P:nvmxdIzC V:40  H:58 
C09806 $F0 $34         BEQ $C0983C                     A:0001 X:0008 Y:0002 S:03F8 D:00C0 DB:7E P:nvmxdIzC V:40  H:62 
C09808 $B9 $A5 $C3     LDA $C3A5,Y [7EC3A7] = $0359    A:0001 X:0008 Y:0002 S:03F8 D:00C0 DB:7E P:nvmxdIzC V:40  H:65 
C0980B $29 $20 $00     AND #$0020                      A:0359 X:0008 Y:0002 S:03F8 D:00C0 DB:7E P:nvmxdIzC V:40  H:75 
C0980E $D0 $2C         BNE $C0983C                     A:0000 X:0008 Y:0002 S:03F8 D:00C0 DB:7E P:nvmxdIZC V:40  H:80 
C09810 $B9 $25 $CF     LDA $CF25,Y [7ECF27] = $FFFF    A:0000 X:0008 Y:0002 S:03F8 D:00C0 DB:7E P:nvmxdIZC V:40  H:83 
C09813 $30 $27         BMI $C0983C                     A:FFFF X:0008 Y:0002 S:03F8 D:00C0 DB:7E P:NvmxdIzC V:40  H:93 
C0983C $AD $5D $DD     LDA $DD5D [7EDD5D] = $0000      A:FFFF X:0008 Y:0002 S:03F8 D:00C0 DB:7E P:NvmxdIzC V:40  H:97 
C0983F $30 $42         BMI $C09883                     A:0000 X:0008 Y:0002 S:03F8 D:00C0 DB:7E P:nvmxdIZC V:40  H:106
C09841 $2C $5D $DD     BIT $DD5D [7EDD5D] = $0000      A:0000 X:0008 Y:0002 S:03F8 D:00C0 DB:7E P:nvmxdIZC V:40  H:109
C09844 $70 $2F         BVS $C09875                     A:0000 X:0008 Y:0002 S:03F8 D:00C0 DB:7E P:nvmxdIZC V:40  H:117
C09846 $A8             TAY                             A:0000 X:0008 Y:0002 S:03F8 D:00C0 DB:7E P:nvmxdIZC V:40  H:120
C09847 $B9 $A5 $C3     LDA $C3A5,Y [7EC3A5] = $0201    A:0000 X:0008 Y:0000 S:03F8 D:00C0 DB:7E P:nvmxdIZC V:40  H:123
C0984A $29 $01 $00     AND #$0001                      A:0201 X:0008 Y:0000 S:03F8 D:00C0 DB:7E P:nvmxdIzC V:40  H:133
C0984D $F0 $34         BEQ $C09883                     A:0001 X:0008 Y:0000 S:03F8 D:00C0 DB:7E P:nvmxdIzC V:40  H:148
C0984F $B9 $A5 $C3     LDA $C3A5,Y [7EC3A5] = $0201    A:0001 X:0008 Y:0000 S:03F8 D:00C0 DB:7E P:nvmxdIzC V:40  H:151
C09852 $29 $20 $00     AND #$0020                      A:0201 X:0008 Y:0000 S:03F8 D:00C0 DB:7E P:nvmxdIzC V:40  H:161
C09855 $D0 $2C         BNE $C09883                     A:0000 X:0008 Y:0000 S:03F8 D:00C0 DB:7E P:nvmxdIZC V:40  H:165
C09857 $B9 $25 $CF     LDA $CF25,Y [7ECF25] = $0000    A:0000 X:0008 Y:0000 S:03F8 D:00C0 DB:7E P:nvmxdIZC V:40  H:168
C0985A $30 $27         BMI $C09883                     A:0000 X:0008 Y:0000 S:03F8 D:00C0 DB:7E P:nvmxdIZC V:40  H:178
C0985C $AF $00 $35 $7E LDA $7E3500                     A:0000 X:0008 Y:0000 S:03F8 D:00C0 DB:7E P:nvmxdIZC V:40  H:181
C09860 $29 $10 $00     AND #$0010                      A:0016 X:0008 Y:0000 S:03F8 D:00C0 DB:7E P:nvmxdIzC V:40  H:191
C09863 $F0 $1E         BEQ $C09883                     A:0010 X:0008 Y:0000 S:03F8 D:00C0 DB:7E P:nvmxdIzC V:40  H:196
C09865 $AD $3F $DD     LDA $DD3F [7EDD3F] = $0006      A:0010 X:0008 Y:0000 S:03F8 D:00C0 DB:7E P:nvmxdIzC V:40  H:199
C09868 $C9 $7B $00     CMP #$007B                      A:0006 X:0008 Y:0000 S:03F8 D:00C0 DB:7E P:nvmxdIzC V:40  H:207
C0986B $B0 $16         BCS $C09883                     A:0006 X:0008 Y:0000 S:03F8 D:00C0 DB:7E P:NvmxdIzc V:40  H:212
C0986D $BE $E5 $CF     LDX $CFE5,Y [7ECFE5] = $0000    A:0006 X:0008 Y:0000 S:03F8 D:00C0 DB:7E P:NvmxdIzc V:40  H:215
C09870 $FC $C6 $C6     JSR ($C6C6,X) [C0BD7E] = $28A5  A:0006 X:0000 Y:0000 S:03F8 D:00C0 DB:7E P:nvmxdIZc V:40  H:225
C0BD7E $A5 $28         LDA $28 [0000E8] = $0000        A:0006 X:0000 Y:0000 S:03F6 D:00C0 DB:7E P:nvmxdIZc V:40  H:238
C0BD80 $D0 $30         BNE $C0BDB2                     A:0000 X:0000 Y:0000 S:03F6 D:00C0 DB:7E P:nvmxdIZc V:40  H:246
C0BD82 $BE $65 $C6     LDX $C665,Y [7EC665] = $0008    A:0000 X:0000 Y:0000 S:03F6 D:00C0 DB:7E P:nvmxdIZc V:40  H:249
C0BD85 $B9 $E5 $C5     LDA $C5E5,Y [7EC5E5] = $08F0    A:0000 X:0008 Y:0000 S:03F6 D:00C0 DB:7E P:nvmxdIzc V:40  H:259
C0BD88 $38             SEC                             A:08F0 X:0008 Y:0000 S:03F6 D:00C0 DB:7E P:nvmxdIzc V:40  H:269
C0BD89 $FF $6C $E3 $7F SBC $7FE36C,X [7FE374] = $0878  A:08F0 X:0008 Y:0000 S:03F6 D:00C0 DB:7E P:nvmxdIzC V:40  H:272
C0BD8D $85 $18         STA $18 [0000D8] = $0218        A:0078 X:0008 Y:0000 S:03F6 D:00C0 DB:7E P:nvmxdIzC V:40  H:324
C0BD8F $18             CLC                             A:0078 X:0008 Y:0000 S:03F6 D:00C0 DB:7E P:nvmxdIzC V:40  H:332
C0BD90 $69 $08 $00     ADC #$0008                      A:0078 X:0008 Y:0000 S:03F6 D:00C0 DB:7E P:nvmxdIzc V:40  H:335
C0BD93 $30 $1A         BMI $C0BDAF                     A:0080 X:0008 Y:0000 S:03F6 D:00C0 DB:7E P:nvmxdIzc V:40  H:339
C0BD95 $C9 $00 $01     CMP #$0100                      A:0080 X:0008 Y:0000 S:03F6 D:00C0 DB:7E P:nvmxdIzc V:41  H:2  
C0BD98 $B0 $15         BCS $C0BDAF                     A:0080 X:0008 Y:0000 S:03F6 D:00C0 DB:7E P:NvmxdIzc V:41  H:7  
C0BD9A $B9 $25 $C6     LDA $C625,Y [7EC625] = $0AB0    A:0080 X:0008 Y:0000 S:03F6 D:00C0 DB:7E P:NvmxdIzc V:41  H:10 
C0BD9D $38             SEC                             A:0AB0 X:0008 Y:0000 S:03F6 D:00C0 DB:7E P:nvmxdIzc V:41  H:20 
C0BD9E $FF $76 $E3 $7F SBC $7FE376,X [7FE37E] = $0A50  A:0AB0 X:0008 Y:0000 S:03F6 D:00C0 DB:7E P:nvmxdIzC V:41  H:23 
C0BDA2 $85 $1A         STA $1A [0000DA] = $00B8        A:0060 X:0008 Y:0000 S:03F6 D:00C0 DB:7E P:nvmxdIzC V:41  H:33 
C0BDA4 $18             CLC                             A:0060 X:0008 Y:0000 S:03F6 D:00C0 DB:7E P:nvmxdIzC V:41  H:41 
C0BDA5 $69 $10 $00     ADC #$0010                      A:0060 X:0008 Y:0000 S:03F6 D:00C0 DB:7E P:nvmxdIzc V:41  H:44 
C0BDA8 $30 $05         BMI $C0BDAF                     A:0070 X:0008 Y:0000 S:03F6 D:00C0 DB:7E P:nvmxdIzc V:41  H:49 
C0BDAA $C9 $F0 $00     CMP #$00F0                      A:0070 X:0008 Y:0000 S:03F6 D:00C0 DB:7E P:nvmxdIzc V:41  H:52 
C0BDAD $90 $01         BCC $C0BDB0                     A:0070 X:0008 Y:0000 S:03F6 D:00C0 DB:7E P:NvmxdIzc V:41  H:56 
C0BDB0 $80 $34         BRA $C0BDE6                     A:0070 X:0008 Y:0000 S:03F6 D:00C0 DB:7E P:NvmxdIzc V:41  H:61 
C0BDE6 $B9 $25 $C8     LDA $C825,Y [7EC825] = $6456    A:0070 X:0008 Y:0000 S:03F6 D:00C0 DB:7E P:NvmxdIzc V:41  H:65 
C0BDE9 $85 $1C         STA $1C [0000DC] = $6BD2        A:6456 X:0008 Y:0000 S:03F6 D:00C0 DB:7E P:nvmxdIzc V:41  H:75 
C0BDEB $BE $E5 $C6     LDX $C6E5,Y [7EC6E5] = $0000    A:6456 X:0008 Y:0000 S:03F6 D:00C0 DB:7E P:nvmxdIzc V:41  H:84 
C0BDEE $38             SEC                             A:6456 X:0000 Y:0000 S:03F6 D:00C0 DB:7E P:nvmxdIZc V:41  H:94 
C0BDEF $FD $E1 $9A     SBC $9AE1,X [7E9AE1] = $00AC    A:6456 X:0000 Y:0000 S:03F6 D:00C0 DB:7E P:nvmxdIZC V:41  H:97 
C0BDF2 $85 $1E         STA $1E [0000DE] = $6B26        A:63AA X:0000 Y:0000 S:03F6 D:00C0 DB:7E P:nvmxdIzC V:41  H:107
C0BDF4 $FD $E1 $9A     SBC $9AE1,X [7E9AE1] = $00AC    A:63AA X:0000 Y:0000 S:03F6 D:00C0 DB:7E P:nvmxdIzC V:41  H:115
C0BDF7 $85 $20         STA $20 [0000E0] = $6A7A        A:62FE X:0000 Y:0000 S:03F6 D:00C0 DB:7E P:nvmxdIzC V:41  H:125
C0BDF9 $B9 $A5 $C3     LDA $C3A5,Y [7EC3A5] = $0201    A:62FE X:0000 Y:0000 S:03F6 D:00C0 DB:7E P:nvmxdIzC V:41  H:144
C0BDFC $29 $00 $30     AND #$3000                      A:0201 X:0000 Y:0000 S:03F6 D:00C0 DB:7E P:nvmxdIzC V:41  H:154
C0BDFF $48             PHA                             A:0000 X:0000 Y:0000 S:03F6 D:00C0 DB:7E P:nvmxdIZC V:41  H:158
C0BE00 $B9 $25 $C4     LDA $C425,Y [7EC425] = $0832    A:0000 X:0000 Y:0000 S:03F4 D:00C0 DB:7E P:nvmxdIZC V:41  H:165
C0BE03 $29 $00 $08     AND #$0800                      A:0832 X:0000 Y:0000 S:03F4 D:00C0 DB:7E P:nvmxdIzC V:41  H:175
C0BE06 $03 $01         ORA $01,S [0003F5] = $0000      A:0800 X:0000 Y:0000 S:03F4 D:00C0 DB:7E P:nvmxdIzC V:41  H:180
C0BE08 $85 $22         STA $22 [0000E2] = $0800        A:0800 X:0000 Y:0000 S:03F4 D:00C0 DB:7E P:nvmxdIzC V:41  H:188
C0BE0A $68             PLA                             A:0800 X:0000 Y:0000 S:03F4 D:00C0 DB:7E P:nvmxdIzC V:41  H:197
C0BE0B $20 $D4 $C6     JSR $C6D4 [C0C6D4] = $25B9      A:0000 X:0000 Y:0000 S:03F6 D:00C0 DB:7E P:nvmxdIZC V:41  H:205
C0C6D4 $B9 $25 $CF     LDA $CF25,Y [7ECF25] = $0000    A:0000 X:0000 Y:0000 S:03F4 D:00C0 DB:7E P:nvmxdIZC V:41  H:215
C0C6D7 $AA             TAX                             A:0000 X:0000 Y:0000 S:03F4 D:00C0 DB:7E P:nvmxdIZC V:41  H:225
C0C6D8 $B9 $A5 $CF     LDA $CFA5,Y [7ECFA5] = $0000    A:0000 X:0000 Y:0000 S:03F4 D:00C0 DB:7E P:nvmxdIZC V:41  H:228
C0C6DB $0A             ASL                             A:0000 X:0000 Y:0000 S:03F4 D:00C0 DB:7E P:nvmxdIZC V:41  H:238
C0C6DC $0A             ASL                             A:0000 X:0000 Y:0000 S:03F4 D:00C0 DB:7E P:nvmxdIZc V:41  H:241
C0C6DD $85 $24         STA $24 [0000E4] = $0078        A:0000 X:0000 Y:0000 S:03F4 D:00C0 DB:7E P:nvmxdIZc V:41  H:244
C0C6DF $0A             ASL                             A:0000 X:0000 Y:0000 S:03F4 D:00C0 DB:7E P:nvmxdIZc V:41  H:253
C0C6E0 $65 $24         ADC $24 [0000E4] = $0000        A:0000 X:0000 Y:0000 S:03F4 D:00C0 DB:7E P:nvmxdIZc V:41  H:256
C0C6E2 $7F $EE $C6 $C0 ADC $C0C6EE,X [C0C6EE] = $0000  A:0000 X:0000 Y:0000 S:03F4 D:00C0 DB:7E P:nvmxdIZc V:41  H:264
C0C6E6 $85 $24         STA $24 [0000E4] = $0000        A:0000 X:0000 Y:0000 S:03F4 D:00C0 DB:7E P:nvmxdIZc V:41  H:273
C0C6E8 $B9 $25 $D0     LDA $D025,Y [7ED025] = $3000    A:0000 X:0000 Y:0000 S:03F4 D:00C0 DB:7E P:nvmxdIZc V:41  H:298
C0C6EB $85 $2A         STA $2A [0000EA] = $3000        A:3000 X:0000 Y:0000 S:03F4 D:00C0 DB:7E P:nvmxdIzc V:41  H:308
C0C6ED $60             RTS                             A:3000 X:0000 Y:0000 S:03F4 D:00C0 DB:7E P:nvmxdIzc V:41  H:317
C0BE0E $AD $3F $DD     LDA $DD3F [7EDD3F] = $0006      A:3000 X:0000 Y:0000 S:03F6 D:00C0 DB:7E P:nvmxdIzc V:41  H:326
C0BE11 $0A             ASL                             A:0006 X:0000 Y:0000 S:03F6 D:00C0 DB:7E P:nvmxdIzc V:41  H:334
C0BE12 $0A             ASL                             A:000C X:0000 Y:0000 S:03F6 D:00C0 DB:7E P:nvmxdIzc V:41  H:337
C0BE13 $AA             TAX                             A:0018 X:0000 Y:0000 S:03F6 D:00C0 DB:7E P:nvmxdIzc V:42  H:0  
C0BE14 $A9 $00 $00     LDA #$0000                      A:0018 X:0018 Y:0000 S:03F6 D:00C0 DB:7E P:nvmxdIzc V:42  H:3  
C0BE17 $E2 $20         SEP #$20                        A:0000 X:0018 Y:0000 S:03F6 D:00C0 DB:7E P:nvmxdIZc V:42  H:8  
C0BE19 $A5 $18         LDA $18 [0000D8] = $78          A:0000 X:0018 Y:0000 S:03F6 D:00C0 DB:7E P:nvMxdIZc V:42  H:12 
C0BE1B $9D $1F $DB     STA $DB1F,X [7EDB37] = $78      A:0078 X:0018 Y:0000 S:03F6 D:00C0 DB:7E P:nvMxdIzc V:42  H:19 
C0BE1E $9D $23 $DB     STA $DB23,X [7EDB3B] = $78      A:0078 X:0018 Y:0000 S:03F6 D:00C0 DB:7E P:nvMxdIzc V:42  H:27 
C0BE21 $9D $27 $DB     STA $DB27,X [7EDB3F] = $78      A:0078 X:0018 Y:0000 S:03F6 D:00C0 DB:7E P:nvMxdIzc V:42  H:35 
C0BE24 $18             CLC                             A:0078 X:0018 Y:0000 S:03F6 D:00C0 DB:7E P:nvMxdIzc V:42  H:43 
C0BE25 $69 $08         ADC #$08                        A:0078 X:0018 Y:0000 S:03F6 D:00C0 DB:7E P:nvMxdIzc V:42  H:46 
C0BE27 $9D $2B $DB     STA $DB2B,X [7EDB43] = $80      A:0080 X:0018 Y:0000 S:03F6 D:00C0 DB:7E P:NVMxdIzc V:42  H:49 
C0BE2A $9D $2F $DB     STA $DB2F,X [7EDB47] = $80      A:0080 X:0018 Y:0000 S:03F6 D:00C0 DB:7E P:NVMxdIzc V:42  H:57 
C0BE2D $9D $33 $DB     STA $DB33,X [7EDB4B] = $80      A:0080 X:0018 Y:0000 S:03F6 D:00C0 DB:7E P:NVMxdIzc V:42  H:65 
C0BE30 $A5 $1A         LDA $1A [0000DA] = $60          A:0080 X:0018 Y:0000 S:03F6 D:00C0 DB:7E P:NVMxdIzc V:42  H:73 
C0BE32 $9D $20 $DB     STA $DB20,X [7EDB38] = $E8      A:0060 X:0018 Y:0000 S:03F6 D:00C0 DB:7E P:nVMxdIzc V:42  H:79 
C0BE35 $9D $2C $DB     STA $DB2C,X [7EDB44] = $E8      A:0060 X:0018 Y:0000 S:03F6 D:00C0 DB:7E P:nVMxdIzc V:42  H:87 
C0BE38 $18             CLC                             A:0060 X:0018 Y:0000 S:03F6 D:00C0 DB:7E P:nVMxdIzc V:42  H:95 
C0BE39 $69 $08         ADC #$08                        A:0060 X:0018 Y:0000 S:03F6 D:00C0 DB:7E P:nVMxdIzc V:42  H:98 
C0BE3B $9D $24 $DB     STA $DB24,X [7EDB3C] = $E8      A:0068 X:0018 Y:0000 S:03F6 D:00C0 DB:7E P:nvMxdIzc V:42  H:101
C0BE3E $9D $30 $DB     STA $DB30,X [7EDB48] = $E8      A:0068 X:0018 Y:0000 S:03F6 D:00C0 DB:7E P:nvMxdIzc V:42  H:109
C0BE41 $18             CLC                             A:0068 X:0018 Y:0000 S:03F6 D:00C0 DB:7E P:nvMxdIzc V:42  H:117
C0BE42 $69 $08         ADC #$08                        A:0068 X:0018 Y:0000 S:03F6 D:00C0 DB:7E P:nvMxdIzc V:42  H:120
C0BE44 $9D $28 $DB     STA $DB28,X [7EDB40] = $E8      A:0070 X:0018 Y:0000 S:03F6 D:00C0 DB:7E P:nvMxdIzc V:42  H:123
C0BE47 $9D $34 $DB     STA $DB34,X [7EDB4C] = $E8      A:0070 X:0018 Y:0000 S:03F6 D:00C0 DB:7E P:nvMxdIzc V:42  H:131
C0BE4A $C2 $20         REP #$20                        A:0070 X:0018 Y:0000 S:03F6 D:00C0 DB:7E P:nvMxdIzc V:42  H:149
C0BE4C $A5 $28         LDA $28 [0000E8] = $0000        A:0070 X:0018 Y:0000 S:03F6 D:00C0 DB:7E P:nvmxdIzc V:42  H:154
C0BE4E $F0 $03         BEQ $C0BE53                     A:0000 X:0018 Y:0000 S:03F6 D:00C0 DB:7E P:nvmxdIZc V:42  H:162
C0BE53 $86 $26         STX $26 [0000E6] = $0000        A:0000 X:0018 Y:0000 S:03F6 D:00C0 DB:7E P:nvmxdIZc V:42  H:167
C0BE55 $A4 $24         LDY $24 [0000E4] = $0000        A:0000 X:0018 Y:0000 S:03F6 D:00C0 DB:7E P:nvmxdIZc V:42  H:175
C0BE57 $A6 $20         LDX $20 [0000E0] = $62FE        A:0000 X:0018 Y:0000 S:03F6 D:00C0 DB:7E P:nvmxdIZc V:42  H:184
C0BE59 $BF $00 $00 $7F LDA $7F0000,X [7F62FE] = $2000  A:0000 X:62FE Y:0000 S:03F6 D:00C0 DB:7E P:nvmxdIzc V:42  H:192
C0BE5D $29 $00 $30     AND #$3000                      A:2000 X:62FE Y:0000 S:03F6 D:00C0 DB:7E P:nvmxdIzc V:42  H:202
C0BE60 $19 $A1 $E2     ORA $E2A1,Y [7EE2A1] = $0000    A:2000 X:62FE Y:0000 S:03F6 D:00C0 DB:7E P:nvmxdIzc V:42  H:207
C0BE63 $05 $22         ORA $22 [0000E2] = $0800        A:2000 X:62FE Y:0000 S:03F6 D:00C0 DB:7E P:nvmxdIzc V:42  H:217
C0BE65 $A6 $26         LDX $26 [0000E6] = $0018        A:2800 X:62FE Y:0000 S:03F6 D:00C0 DB:7E P:nvmxdIzc V:42  H:225
C0BE67 $9D $21 $DB     STA $DB21,X [7EDB39] = $2800    A:2800 X:0018 Y:0000 S:03F6 D:00C0 DB:7E P:nvmxdIzc V:42  H:234
C0BE6A $A6 $1E         LDX $1E [0000DE] = $63AA        A:2800 X:0018 Y:0000 S:03F6 D:00C0 DB:7E P:nvmxdIzc V:42  H:244
C0BE6C $BF $00 $00 $7F LDA $7F0000,X [7F63AA] = $2006  A:2800 X:63AA Y:0000 S:03F6 D:00C0 DB:7E P:nvmxdIzc V:42  H:252
C0BE70 $29 $00 $30     AND #$3000                      A:2006 X:63AA Y:0000 S:03F6 D:00C0 DB:7E P:nvmxdIzc V:42  H:262
C0BE73 $19 $A3 $E2     ORA $E2A3,Y [7EE2A3] = $0001    A:2000 X:63AA Y:0000 S:03F6 D:00C0 DB:7E P:nvmxdIzc V:42  H:267
C0BE76 $05 $22         ORA $22 [0000E2] = $0800        A:2001 X:63AA Y:0000 S:03F6 D:00C0 DB:7E P:nvmxdIzc V:42  H:293
C0BE78 $A6 $26         LDX $26 [0000E6] = $0018        A:2801 X:63AA Y:0000 S:03F6 D:00C0 DB:7E P:nvmxdIzc V:42  H:302
C0BE7A $9D $25 $DB     STA $DB25,X [7EDB3D] = $2801    A:2801 X:0018 Y:0000 S:03F6 D:00C0 DB:7E P:nvmxdIzc V:42  H:310
C0BE7D $A6 $1C         LDX $1C [0000DC] = $6456        A:2801 X:0018 Y:0000 S:03F6 D:00C0 DB:7E P:nvmxdIzc V:42  H:320
C0BE7F $BF $00 $00 $7F LDA $7F0000,X [7F6456] = $2006  A:2801 X:6456 Y:0000 S:03F6 D:00C0 DB:7E P:nvmxdIzc V:42  H:328
C0BE83 $29 $00 $30     AND #$3000                      A:2006 X:6456 Y:0000 S:03F6 D:00C0 DB:7E P:nvmxdIzc V:42  H:338
C0BE86 $19 $A5 $E2     ORA $E2A5,Y [7EE2A5] = $0002    A:2000 X:6456 Y:0000 S:03F6 D:00C0 DB:7E P:nvmxdIzc V:43  H:2  
C0BE89 $05 $22         ORA $22 [0000E2] = $0800        A:2002 X:6456 Y:0000 S:03F6 D:00C0 DB:7E P:nvmxdIzc V:43  H:12 
C0BE8B $A6 $26         LDX $26 [0000E6] = $0018        A:2802 X:6456 Y:0000 S:03F6 D:00C0 DB:7E P:nvmxdIzc V:43  H:21 
C0BE8D $9D $29 $DB     STA $DB29,X [7EDB41] = $2802    A:2802 X:0018 Y:0000 S:03F6 D:00C0 DB:7E P:nvmxdIzc V:43  H:29 
C0BE90 $A6 $20         LDX $20 [0000E0] = $62FE        A:2802 X:0018 Y:0000 S:03F6 D:00C0 DB:7E P:nvmxdIzc V:43  H:39 
C0BE92 $BF $02 $00 $7F LDA $7F0002,X [7F6300] = $2000  A:2802 X:62FE Y:0000 S:03F6 D:00C0 DB:7E P:nvmxdIzc V:43  H:48 
C0BE96 $29 $00 $30     AND #$3000                      A:2000 X:62FE Y:0000 S:03F6 D:00C0 DB:7E P:nvmxdIzc V:43  H:58 
C0BE99 $19 $A7 $E2     ORA $E2A7,Y [7EE2A7] = $0003    A:2000 X:62FE Y:0000 S:03F6 D:00C0 DB:7E P:nvmxdIzc V:43  H:62 
C0BE9C $05 $22         ORA $22 [0000E2] = $0800        A:2003 X:62FE Y:0000 S:03F6 D:00C0 DB:7E P:nvmxdIzc V:43  H:72 
C0BE9E $A6 $26         LDX $26 [0000E6] = $0018        A:2803 X:62FE Y:0000 S:03F6 D:00C0 DB:7E P:nvmxdIzc V:43  H:81 
C0BEA0 $9D $2D $DB     STA $DB2D,X [7EDB45] = $2803    A:2803 X:0018 Y:0000 S:03F6 D:00C0 DB:7E P:nvmxdIzc V:43  H:89 
C0BEA3 $A6 $1E         LDX $1E [0000DE] = $63AA        A:2803 X:0018 Y:0000 S:03F6 D:00C0 DB:7E P:nvmxdIzc V:43  H:99 
C0BEA5 $BF $02 $00 $7F LDA $7F0002,X [7F63AC] = $2006  A:2803 X:63AA Y:0000 S:03F6 D:00C0 DB:7E P:nvmxdIzc V:43  H:108
C0BEA9 $29 $00 $30     AND #$3000                      A:2006 X:63AA Y:0000 S:03F6 D:00C0 DB:7E P:nvmxdIzc V:43  H:118
C0BEAC $19 $A9 $E2     ORA $E2A9,Y [7EE2A9] = $0004    A:2000 X:63AA Y:0000 S:03F6 D:00C0 DB:7E P:nvmxdIzc V:43  H:122
C0BEAF $05 $22         ORA $22 [0000E2] = $0800        A:2004 X:63AA Y:0000 S:03F6 D:00C0 DB:7E P:nvmxdIzc V:43  H:132
C0BEB1 $A6 $26         LDX $26 [0000E6] = $0018        A:2804 X:63AA Y:0000 S:03F6 D:00C0 DB:7E P:nvmxdIzc V:43  H:151
C0BEB3 $9D $31 $DB     STA $DB31,X [7EDB49] = $2804    A:2804 X:0018 Y:0000 S:03F6 D:00C0 DB:7E P:nvmxdIzc V:43  H:159
C0BEB6 $A6 $1C         LDX $1C [0000DC] = $6456        A:2804 X:0018 Y:0000 S:03F6 D:00C0 DB:7E P:nvmxdIzc V:43  H:169
C0BEB8 $BF $02 $00 $7F LDA $7F0002,X [7F6458] = $2006  A:2804 X:6456 Y:0000 S:03F6 D:00C0 DB:7E P:nvmxdIzc V:43  H:178
C0BEBC $29 $00 $30     AND #$3000                      A:2006 X:6456 Y:0000 S:03F6 D:00C0 DB:7E P:nvmxdIzc V:43  H:188
C0BEBF $19 $AB $E2     ORA $E2AB,Y [7EE2AB] = $0005    A:2000 X:6456 Y:0000 S:03F6 D:00C0 DB:7E P:nvmxdIzc V:43  H:192
C0BEC2 $05 $22         ORA $22 [0000E2] = $0800        A:2005 X:6456 Y:0000 S:03F6 D:00C0 DB:7E P:nvmxdIzc V:43  H:202
C0BEC4 $A6 $26         LDX $26 [0000E6] = $0018        A:2805 X:6456 Y:0000 S:03F6 D:00C0 DB:7E P:nvmxdIzc V:43  H:211
C0BEC6 $9D $35 $DB     STA $DB35,X [7EDB4D] = $2805    A:2805 X:0018 Y:0000 S:03F6 D:00C0 DB:7E P:nvmxdIzc V:43  H:219
C0BEC9 $AD $3F $DD     LDA $DD3F [7EDD3F] = $0006      A:2805 X:0018 Y:0000 S:03F6 D:00C0 DB:7E P:nvmxdIzc V:43  H:229
C0BECC $18             CLC                             A:0006 X:0018 Y:0000 S:03F6 D:00C0 DB:7E P:nvmxdIzc V:43  H:238
C0BECD $69 $06 $00     ADC #$0006                      A:0006 X:0018 Y:0000 S:03F6 D:00C0 DB:7E P:nvmxdIzc V:43  H:241
C0BED0 $8D $3F $DD     STA $DD3F [7EDD3F] = $0006      A:000C X:0018 Y:0000 S:03F6 D:00C0 DB:7E P:nvmxdIzc V:43  H:245
C0BED3 $60             RTS                             A:000C X:0018 Y:0000 S:03F6 D:00C0 DB:7E P:nvmxdIzc V:43  H:254
C09873 $80 $0E         BRA $C09883                     A:000C X:0018 Y:0000 S:03F8 D:00C0 DB:7E P:nvmxdIzc V:43  H:264
C09883 $AD $5F $DD     LDA $DD5F [7EDD5F] = $0012      A:000C X:0018 Y:0000 S:03F8 D:00C0 DB:7E P:nvmxdIzc V:43  H:268
C09886 $30 $42         BMI $C098CA                     A:0012 X:0018 Y:0000 S:03F8 D:00C0 DB:7E P:nvmxdIzc V:43  H:292
C09888 $2C $5F $DD     BIT $DD5F [7EDD5F] = $0012      A:0012 X:0018 Y:0000 S:03F8 D:00C0 DB:7E P:nvmxdIzc V:43  H:295
C0988B $70 $2F         BVS $C098BC                     A:0012 X:0018 Y:0000 S:03F8 D:00C0 DB:7E P:nvmxdIzc V:43  H:303
C0988D $A8             TAY                             A:0012 X:0018 Y:0000 S:03F8 D:00C0 DB:7E P:nvmxdIzc V:43  H:306
C0988E $B9 $A5 $C3     LDA $C3A5,Y [7EC3B7] = $8281    A:0012 X:0018 Y:0012 S:03F8 D:00C0 DB:7E P:nvmxdIzc V:43  H:309
C09891 $29 $01 $00     AND #$0001                      A:8281 X:0018 Y:0012 S:03F8 D:00C0 DB:7E P:NvmxdIzc V:43  H:319
C09894 $F0 $34         BEQ $C098CA                     A:0001 X:0018 Y:0012 S:03F8 D:00C0 DB:7E P:nvmxdIzc V:43  H:323
C09896 $B9 $A5 $C3     LDA $C3A5,Y [7EC3B7] = $8281    A:0001 X:0018 Y:0012 S:03F8 D:00C0 DB:7E P:nvmxdIzc V:43  H:326
C09899 $29 $20 $00     AND #$0020                      A:8281 X:0018 Y:0012 S:03F8 D:00C0 DB:7E P:NvmxdIzc V:43  H:336
C0989C $D0 $2C         BNE $C098CA                     A:0000 X:0018 Y:0012 S:03F8 D:00C0 DB:7E P:nvmxdIZc V:44  H:0  
C0989E $B9 $25 $CF     LDA $CF25,Y [7ECF37] = $000A    A:0000 X:0018 Y:0012 S:03F8 D:00C0 DB:7E P:nvmxdIZc V:44  H:3  
C098A1 $30 $27         BMI $C098CA                     A:000A X:0018 Y:0012 S:03F8 D:00C0 DB:7E P:nvmxdIzc V:44  H:13 
C098A3 $AF $00 $35 $7E LDA $7E3500                     A:000A X:0018 Y:0012 S:03F8 D:00C0 DB:7E P:nvmxdIzc V:44  H:16 
C098A7 $29 $10 $00     AND #$0010                      A:0016 X:0018 Y:0012 S:03F8 D:00C0 DB:7E P:nvmxdIzc V:44  H:26 
C098AA $F0 $1E         BEQ $C098CA                     A:0010 X:0018 Y:0012 S:03F8 D:00C0 DB:7E P:nvmxdIzc V:44  H:31 
C098AC $AD $3F $DD     LDA $DD3F [7EDD3F] = $000C      A:0010 X:0018 Y:0012 S:03F8 D:00C0 DB:7E P:nvmxdIzc V:44  H:34 
C098AF $C9 $7B $00     CMP #$007B                      A:000C X:0018 Y:0012 S:03F8 D:00C0 DB:7E P:nvmxdIzc V:44  H:42 
C098B2 $B0 $16         BCS $C098CA                     A:000C X:0018 Y:0012 S:03F8 D:00C0 DB:7E P:NvmxdIzc V:44  H:47 
C098B4 $BE $E5 $CF     LDX $CFE5,Y [7ECFF7] = $0000    A:000C X:0018 Y:0012 S:03F8 D:00C0 DB:7E P:NvmxdIzc V:44  H:50 
C098B7 $FC $C6 $C6     JSR ($C6C6,X) [C0BD7E] = $28A5  A:000C X:0000 Y:0012 S:03F8 D:00C0 DB:7E P:nvmxdIZc V:44  H:60 
C0BD7E $A5 $28         LDA $28 [0000E8] = $0000        A:000C X:0000 Y:0012 S:03F6 D:00C0 DB:7E P:nvmxdIZc V:44  H:73 
C0BD80 $D0 $30         BNE $C0BDB2                     A:0000 X:0000 Y:0012 S:03F6 D:00C0 DB:7E P:nvmxdIZc V:44  H:81 
C0BD82 $BE $65 $C6     LDX $C665,Y [7EC677] = $0008    A:0000 X:0000 Y:0012 S:03F6 D:00C0 DB:7E P:nvmxdIZc V:44  H:84 
C0BD85 $B9 $E5 $C5     LDA $C5E5,Y [7EC5F7] = $0A30    A:0000 X:0008 Y:0012 S:03F6 D:00C0 DB:7E P:nvmxdIzc V:44  H:94 
C0BD88 $38             SEC                             A:0A30 X:0008 Y:0012 S:03F6 D:00C0 DB:7E P:nvmxdIzc V:44  H:104
C0BD89 $FF $6C $E3 $7F SBC $7FE36C,X [7FE374] = $0878  A:0A30 X:0008 Y:0012 S:03F6 D:00C0 DB:7E P:nvmxdIzC V:44  H:107
C0BD8D $85 $18         STA $18 [0000D8] = $0078        A:01B8 X:0008 Y:0012 S:03F6 D:00C0 DB:7E P:nvmxdIzC V:44  H:117
C0BD8F $18             CLC                             A:01B8 X:0008 Y:0012 S:03F6 D:00C0 DB:7E P:nvmxdIzC V:44  H:126
C0BD90 $69 $08 $00     ADC #$0008                      A:01B8 X:0008 Y:0012 S:03F6 D:00C0 DB:7E P:nvmxdIzc V:44  H:129
C0BD93 $30 $1A         BMI $C0BDAF                     A:01C0 X:0008 Y:0012 S:03F6 D:00C0 DB:7E P:nvmxdIzc V:44  H:133
C0BD95 $C9 $00 $01     CMP #$0100                      A:01C0 X:0008 Y:0012 S:03F6 D:00C0 DB:7E P:nvmxdIzc V:44  H:146
C0BD98 $B0 $15         BCS $C0BDAF                     A:01C0 X:0008 Y:0012 S:03F6 D:00C0 DB:7E P:nvmxdIzC V:44  H:151
C0BDAF $60             RTS                             A:01C0 X:0008 Y:0012 S:03F6 D:00C0 DB:7E P:nvmxdIzC V:44  H:155
C098BA $80 $0E         BRA $C098CA                     A:01C0 X:0008 Y:0012 S:03F8 D:00C0 DB:7E P:nvmxdIzC V:44  H:165
C098CA $AD $61 $DD     LDA $DD61 [7EDD61] = $0010      A:01C0 X:0008 Y:0012 S:03F8 D:00C0 DB:7E P:nvmxdIzC V:44  H:170
C098CD $30 $42         BMI $C09911                     A:0010 X:0008 Y:0012 S:03F8 D:00C0 DB:7E P:nvmxdIzC V:44  H:178
C098CF $2C $61 $DD     BIT $DD61 [7EDD61] = $0010      A:0010 X:0008 Y:0012 S:03F8 D:00C0 DB:7E P:nvmxdIzC V:44  H:181
C098D2 $70 $2F         BVS $C09903                     A:0010 X:0008 Y:0012 S:03F8 D:00C0 DB:7E P:nvmxdIzC V:44  H:190
C098D4 $A8             TAY                             A:0010 X:0008 Y:0012 S:03F8 D:00C0 DB:7E P:nvmxdIzC V:44  H:193
C098D5 $B9 $A5 $C3     LDA $C3A5,Y [7EC3B5] = $8281    A:0010 X:0008 Y:0010 S:03F8 D:00C0 DB:7E P:nvmxdIzC V:44  H:196
C098D8 $29 $01 $00     AND #$0001                      A:8281 X:0008 Y:0010 S:03F8 D:00C0 DB:7E P:NvmxdIzC V:44  H:206
C098DB $F0 $34         BEQ $C09911                     A:0001 X:0008 Y:0010 S:03F8 D:00C0 DB:7E P:nvmxdIzC V:44  H:210
C098DD $B9 $A5 $C3     LDA $C3A5,Y [7EC3B5] = $8281    A:0001 X:0008 Y:0010 S:03F8 D:00C0 DB:7E P:nvmxdIzC V:44  H:213
C098E0 $29 $20 $00     AND #$0020                      A:8281 X:0008 Y:0010 S:03F8 D:00C0 DB:7E P:NvmxdIzC V:44  H:223
C098E3 $D0 $2C         BNE $C09911                     A:0000 X:0008 Y:0010 S:03F8 D:00C0 DB:7E P:nvmxdIZC V:44  H:228
C098E5 $B9 $25 $CF     LDA $CF25,Y [7ECF35] = $0008    A:0000 X:0008 Y:0010 S:03F8 D:00C0 DB:7E P:nvmxdIZC V:44  H:231
C098E8 $30 $27         BMI $C09911                     A:0008 X:0008 Y:0010 S:03F8 D:00C0 DB:7E P:nvmxdIzC V:44  H:241
C098EA $AF $00 $35 $7E LDA $7E3500                     A:0008 X:0008 Y:0010 S:03F8 D:00C0 DB:7E P:nvmxdIzC V:44  H:244
C098EE $29 $10 $00     AND #$0010                      A:0016 X:0008 Y:0010 S:03F8 D:00C0 DB:7E P:nvmxdIzC V:44  H:254
C098F1 $F0 $1E         BEQ $C09911                     A:0010 X:0008 Y:0010 S:03F8 D:00C0 DB:7E P:nvmxdIzC V:44  H:258
C098F3 $AD $3F $DD     LDA $DD3F [7EDD3F] = $000C      A:0010 X:0008 Y:0010 S:03F8 D:00C0 DB:7E P:nvmxdIzC V:44  H:261
C098F6 $C9 $7B $00     CMP #$007B                      A:000C X:0008 Y:0010 S:03F8 D:00C0 DB:7E P:nvmxdIzC V:44  H:270
C098F9 $B0 $16         BCS $C09911                     A:000C X:0008 Y:0010 S:03F8 D:00C0 DB:7E P:NvmxdIzc V:44  H:274
C098FB $BE $E5 $CF     LDX $CFE5,Y [7ECFF5] = $0000    A:000C X:0008 Y:0010 S:03F8 D:00C0 DB:7E P:NvmxdIzc V:44  H:294
C098FE $FC $C6 $C6     JSR ($C6C6,X) [C0BD7E] = $28A5  A:000C X:0000 Y:0010 S:03F8 D:00C0 DB:7E P:nvmxdIZc V:44  H:304
C0BD7E $A5 $28         LDA $28 [0000E8] = $0000        A:000C X:0000 Y:0010 S:03F6 D:00C0 DB:7E P:nvmxdIZc V:44  H:317
C0BD80 $D0 $30         BNE $C0BDB2                     A:0000 X:0000 Y:0010 S:03F6 D:00C0 DB:7E P:nvmxdIZc V:44  H:325
C0BD82 $BE $65 $C6     LDX $C665,Y [7EC675] = $0008    A:0000 X:0000 Y:0010 S:03F6 D:00C0 DB:7E P:nvmxdIZc V:44  H:327
C0BD85 $B9 $E5 $C5     LDA $C5E5,Y [7EC5F5] = $08A0    A:0000 X:0008 Y:0010 S:03F6 D:00C0 DB:7E P:nvmxdIzc V:44  H:337
C0BD88 $38             SEC                             A:08A0 X:0008 Y:0010 S:03F6 D:00C0 DB:7E P:nvmxdIzc V:45  H:7  
C0BD89 $FF $6C $E3 $7F SBC $7FE36C,X [7FE374] = $0878  A:08A0 X:0008 Y:0010 S:03F6 D:00C0 DB:7E P:nvmxdIzC V:45  H:10 
C0BD8D $85 $18         STA $18 [0000D8] = $01B8        A:0028 X:0008 Y:0010 S:03F6 D:00C0 DB:7E P:nvmxdIzC V:45  H:20 
C0BD8F $18             CLC                             A:0028 X:0008 Y:0010 S:03F6 D:00C0 DB:7E P:nvmxdIzC V:45  H:29 
C0BD90 $69 $08 $00     ADC #$0008                      A:0028 X:0008 Y:0010 S:03F6 D:00C0 DB:7E P:nvmxdIzc V:45  H:32 
C0BD93 $30 $1A         BMI $C0BDAF                     A:0030 X:0008 Y:0010 S:03F6 D:00C0 DB:7E P:nvmxdIzc V:45  H:36 
C0BD95 $C9 $00 $01     CMP #$0100                      A:0030 X:0008 Y:0010 S:03F6 D:00C0 DB:7E P:nvmxdIzc V:45  H:39 
C0BD98 $B0 $15         BCS $C0BDAF                     A:0030 X:0008 Y:0010 S:03F6 D:00C0 DB:7E P:NvmxdIzc V:45  H:44 
C0BD9A $B9 $25 $C6     LDA $C625,Y [7EC635] = $0A90    A:0030 X:0008 Y:0010 S:03F6 D:00C0 DB:7E P:NvmxdIzc V:45  H:47 
C0BD9D $38             SEC                             A:0A90 X:0008 Y:0010 S:03F6 D:00C0 DB:7E P:nvmxdIzc V:45  H:57 
C0BD9E $FF $76 $E3 $7F SBC $7FE376,X [7FE37E] = $0A50  A:0A90 X:0008 Y:0010 S:03F6 D:00C0 DB:7E P:nvmxdIzC V:45  H:60 
C0BDA2 $85 $1A         STA $1A [0000DA] = $0060        A:0040 X:0008 Y:0010 S:03F6 D:00C0 DB:7E P:nvmxdIzC V:45  H:70 
C0BDA4 $18             CLC                             A:0040 X:0008 Y:0010 S:03F6 D:00C0 DB:7E P:nvmxdIzC V:45  H:78 
C0BDA5 $69 $10 $00     ADC #$0010                      A:0040 X:0008 Y:0010 S:03F6 D:00C0 DB:7E P:nvmxdIzc V:45  H:81 
C0BDA8 $30 $05         BMI $C0BDAF                     A:0050 X:0008 Y:0010 S:03F6 D:00C0 DB:7E P:nvmxdIzc V:45  H:86 
C0BDAA $C9 $F0 $00     CMP #$00F0                      A:0050 X:0008 Y:0010 S:03F6 D:00C0 DB:7E P:nvmxdIzc V:45  H:89 
C0BDAD $90 $01         BCC $C0BDB0                     A:0050 X:0008 Y:0010 S:03F6 D:00C0 DB:7E P:NvmxdIzc V:45  H:93 
C0BDB0 $80 $34         BRA $C0BDE6                     A:0050 X:0008 Y:0010 S:03F6 D:00C0 DB:7E P:NvmxdIzc V:45  H:98 
C0BDE6 $B9 $25 $C8     LDA $C825,Y [7EC835] = $6192    A:0050 X:0008 Y:0010 S:03F6 D:00C0 DB:7E P:NvmxdIzc V:45  H:102
C0BDE9 $85 $1C         STA $1C [0000DC] = $6456        A:6192 X:0008 Y:0010 S:03F6 D:00C0 DB:7E P:nvmxdIzc V:45  H:112
C0BDEB $BE $E5 $C6     LDX $C6E5,Y [7EC6F5] = $0000    A:6192 X:0008 Y:0010 S:03F6 D:00C0 DB:7E P:nvmxdIzc V:45  H:121
C0BDEE $38             SEC                             A:6192 X:0000 Y:0010 S:03F6 D:00C0 DB:7E P:nvmxdIZc V:45  H:131
C0BDEF $FD $E1 $9A     SBC $9AE1,X [7E9AE1] = $00AC    A:6192 X:0000 Y:0010 S:03F6 D:00C0 DB:7E P:nvmxdIZC V:45  H:144
C0BDF2 $85 $1E         STA $1E [0000DE] = $63AA        A:60E6 X:0000 Y:0010 S:03F6 D:00C0 DB:7E P:nvmxdIzC V:45  H:154
C0BDF4 $FD $E1 $9A     SBC $9AE1,X [7E9AE1] = $00AC    A:60E6 X:0000 Y:0010 S:03F6 D:00C0 DB:7E P:nvmxdIzC V:45  H:162
C0BDF7 $85 $20         STA $20 [0000E0] = $62FE        A:603A X:0000 Y:0010 S:03F6 D:00C0 DB:7E P:nvmxdIzC V:45  H:172
C0BDF9 $B9 $A5 $C3     LDA $C3A5,Y [7EC3B5] = $8281    A:603A X:0000 Y:0010 S:03F6 D:00C0 DB:7E P:nvmxdIzC V:45  H:181
C0BDFC $29 $00 $30     AND #$3000                      A:8281 X:0000 Y:0010 S:03F6 D:00C0 DB:7E P:NvmxdIzC V:45  H:191
C0BDFF $48             PHA                             A:0000 X:0000 Y:0010 S:03F6 D:00C0 DB:7E P:nvmxdIZC V:45  H:195
C0BE00 $B9 $25 $C4     LDA $C425,Y [7EC435] = $0832    A:0000 X:0000 Y:0010 S:03F4 D:00C0 DB:7E P:nvmxdIZC V:45  H:202
C0BE03 $29 $00 $08     AND #$0800                      A:0832 X:0000 Y:0010 S:03F4 D:00C0 DB:7E P:nvmxdIzC V:45  H:212
C0BE06 $03 $01         ORA $01,S [0003F5] = $0000      A:0800 X:0000 Y:0010 S:03F4 D:00C0 DB:7E P:nvmxdIzC V:45  H:217
C0BE08 $85 $22         STA $22 [0000E2] = $0800        A:0800 X:0000 Y:0010 S:03F4 D:00C0 DB:7E P:nvmxdIzC V:45  H:225
C0BE0A $68             PLA                             A:0800 X:0000 Y:0010 S:03F4 D:00C0 DB:7E P:nvmxdIzC V:45  H:234
C0BE0B $20 $D4 $C6     JSR $C6D4 [C0C6D4] = $25B9      A:0000 X:0000 Y:0010 S:03F6 D:00C0 DB:7E P:nvmxdIZC V:45  H:242
C0C6D4 $B9 $25 $CF     LDA $CF25,Y [7ECF35] = $0008    A:0000 X:0000 Y:0010 S:03F4 D:00C0 DB:7E P:nvmxdIZC V:45  H:252
C0C6D7 $AA             TAX                             A:0008 X:0000 Y:0010 S:03F4 D:00C0 DB:7E P:nvmxdIzC V:45  H:262
C0C6D8 $B9 $A5 $CF     LDA $CFA5,Y [7ECFB5] = $0005    A:0008 X:0008 Y:0010 S:03F4 D:00C0 DB:7E P:nvmxdIzC V:45  H:265
C0C6DB $0A             ASL                             A:0005 X:0008 Y:0010 S:03F4 D:00C0 DB:7E P:nvmxdIzC V:45  H:275
C0C6DC $0A             ASL                             A:000A X:0008 Y:0010 S:03F4 D:00C0 DB:7E P:nvmxdIzc V:45  H:293
C0C6DD $85 $24         STA $24 [0000E4] = $0000        A:0014 X:0008 Y:0010 S:03F4 D:00C0 DB:7E P:nvmxdIzc V:45  H:296
C0C6DF $0A             ASL                             A:0014 X:0008 Y:0010 S:03F4 D:00C0 DB:7E P:nvmxdIzc V:45  H:305
C0C6E0 $65 $24         ADC $24 [0000E4] = $0014        A:0028 X:0008 Y:0010 S:03F4 D:00C0 DB:7E P:nvmxdIzc V:45  H:308
C0C6E2 $7F $EE $C6 $C0 ADC $C0C6EE,X [C0C6F6] = $0180  A:003C X:0008 Y:0010 S:03F4 D:00C0 DB:7E P:nvmxdIzc V:45  H:316
C0C6E6 $85 $24         STA $24 [0000E4] = $0014        A:01BC X:0008 Y:0010 S:03F4 D:00C0 DB:7E P:nvmxdIzc V:45  H:325
C0C6E8 $B9 $25 $D0     LDA $D025,Y [7ED035] = $3000    A:01BC X:0008 Y:0010 S:03F4 D:00C0 DB:7E P:nvmxdIzc V:45  H:333
C0C6EB $85 $2A         STA $2A [0000EA] = $3000        A:3000 X:0008 Y:0010 S:03F4 D:00C0 DB:7E P:nvmxdIzc V:46  H:3  
C0C6ED $60             RTS                             A:3000 X:0008 Y:0010 S:03F4 D:00C0 DB:7E P:nvmxdIzc V:46  H:11 
C0BE0E $AD $3F $DD     LDA $DD3F [7EDD3F] = $000C      A:3000 X:0008 Y:0010 S:03F6 D:00C0 DB:7E P:nvmxdIzc V:46  H:21 
C0BE11 $0A             ASL                             A:000C X:0008 Y:0010 S:03F6 D:00C0 DB:7E P:nvmxdIzc V:46  H:30 
C0BE12 $0A             ASL                             A:0018 X:0008 Y:0010 S:03F6 D:00C0 DB:7E P:nvmxdIzc V:46  H:33 
C0BE13 $AA             TAX                             A:0030 X:0008 Y:0010 S:03F6 D:00C0 DB:7E P:nvmxdIzc V:46  H:36 
C0BE14 $A9 $00 $00     LDA #$0000                      A:0030 X:0030 Y:0010 S:03F6 D:00C0 DB:7E P:nvmxdIzc V:46  H:39 
C0BE17 $E2 $20         SEP #$20                        A:0000 X:0030 Y:0010 S:03F6 D:00C0 DB:7E P:nvmxdIZc V:46  H:43 
C0BE19 $A5 $18         LDA $18 [0000D8] = $28          A:0000 X:0030 Y:0010 S:03F6 D:00C0 DB:7E P:nvMxdIZc V:46  H:48 
C0BE1B $9D $1F $DB     STA $DB1F,X [7EDB4F] = $28      A:0028 X:0030 Y:0010 S:03F6 D:00C0 DB:7E P:nvMxdIzc V:46  H:54 
C0BE1E $9D $23 $DB     STA $DB23,X [7EDB53] = $28      A:0028 X:0030 Y:0010 S:03F6 D:00C0 DB:7E P:nvMxdIzc V:46  H:62 
C0BE21 $9D $27 $DB     STA $DB27,X [7EDB57] = $28      A:0028 X:0030 Y:0010 S:03F6 D:00C0 DB:7E P:nvMxdIzc V:46  H:70 
C0BE24 $18             CLC                             A:0028 X:0030 Y:0010 S:03F6 D:00C0 DB:7E P:nvMxdIzc V:46  H:78 
C0BE25 $69 $08         ADC #$08                        A:0028 X:0030 Y:0010 S:03F6 D:00C0 DB:7E P:nvMxdIzc V:46  H:81 
C0BE27 $9D $2B $DB     STA $DB2B,X [7EDB5B] = $30      A:0030 X:0030 Y:0010 S:03F6 D:00C0 DB:7E P:nvMxdIzc V:46  H:84 
C0BE2A $9D $2F $DB     STA $DB2F,X [7EDB5F] = $30      A:0030 X:0030 Y:0010 S:03F6 D:00C0 DB:7E P:nvMxdIzc V:46  H:92 
C0BE2D $9D $33 $DB     STA $DB33,X [7EDB63] = $30      A:0030 X:0030 Y:0010 S:03F6 D:00C0 DB:7E P:nvMxdIzc V:46  H:100
C0BE30 $A5 $1A         LDA $1A [0000DA] = $40          A:0030 X:0030 Y:0010 S:03F6 D:00C0 DB:7E P:nvMxdIzc V:46  H:108
C0BE32 $9D $20 $DB     STA $DB20,X [7EDB50] = $E8      A:0040 X:0030 Y:0010 S:03F6 D:00C0 DB:7E P:nvMxdIzc V:46  H:115
C0BE35 $9D $2C $DB     STA $DB2C,X [7EDB5C] = $E8      A:0040 X:0030 Y:0010 S:03F6 D:00C0 DB:7E P:nvMxdIzc V:46  H:123
C0BE38 $18             CLC                             A:0040 X:0030 Y:0010 S:03F6 D:00C0 DB:7E P:nvMxdIzc V:46  H:131
C0BE39 $69 $08         ADC #$08                        A:0040 X:0030 Y:0010 S:03F6 D:00C0 DB:7E P:nvMxdIzc V:46  H:134
C0BE3B $9D $24 $DB     STA $DB24,X [7EDB54] = $E8      A:0048 X:0030 Y:0010 S:03F6 D:00C0 DB:7E P:nvMxdIzc V:46  H:147
C0BE3E $9D $30 $DB     STA $DB30,X [7EDB60] = $E8      A:0048 X:0030 Y:0010 S:03F6 D:00C0 DB:7E P:nvMxdIzc V:46  H:155
C0BE41 $18             CLC                             A:0048 X:0030 Y:0010 S:03F6 D:00C0 DB:7E P:nvMxdIzc V:46  H:163
C0BE42 $69 $08         ADC #$08                        A:0048 X:0030 Y:0010 S:03F6 D:00C0 DB:7E P:nvMxdIzc V:46  H:166
C0BE44 $9D $28 $DB     STA $DB28,X [7EDB58] = $E8      A:0050 X:0030 Y:0010 S:03F6 D:00C0 DB:7E P:nvMxdIzc V:46  H:169
C0BE47 $9D $34 $DB     STA $DB34,X [7EDB64] = $E8      A:0050 X:0030 Y:0010 S:03F6 D:00C0 DB:7E P:nvMxdIzc V:46  H:177
C0BE4A $C2 $20         REP #$20                        A:0050 X:0030 Y:0010 S:03F6 D:00C0 DB:7E P:nvMxdIzc V:46  H:185
C0BE4C $A5 $28         LDA $28 [0000E8] = $0000        A:0050 X:0030 Y:0010 S:03F6 D:00C0 DB:7E P:nvmxdIzc V:46  H:189
C0BE4E $F0 $03         BEQ $C0BE53                     A:0000 X:0030 Y:0010 S:03F6 D:00C0 DB:7E P:nvmxdIZc V:46  H:198
C0BE53 $86 $26         STX $26 [0000E6] = $0018        A:0000 X:0030 Y:0010 S:03F6 D:00C0 DB:7E P:nvmxdIZc V:46  H:202
C0BE55 $A4 $24         LDY $24 [0000E4] = $01BC        A:0000 X:0030 Y:0010 S:03F6 D:00C0 DB:7E P:nvmxdIZc V:46  H:211
C0BE57 $A6 $20         LDX $20 [0000E0] = $603A        A:0000 X:0030 Y:01BC S:03F6 D:00C0 DB:7E P:nvmxdIzc V:46  H:219
C0BE59 $BF $00 $00 $7F LDA $7F0000,X [7F603A] = $2000  A:0000 X:603A Y:01BC S:03F6 D:00C0 DB:7E P:nvmxdIzc V:46  H:228
C0BE5D $29 $00 $30     AND #$3000                      A:2000 X:603A Y:01BC S:03F6 D:00C0 DB:7E P:nvmxdIzc V:46  H:238
C0BE60 $19 $A1 $E2     ORA $E2A1,Y [7EE45D] = $026F    A:2000 X:603A Y:01BC S:03F6 D:00C0 DB:7E P:nvmxdIzc V:46  H:242
C0BE63 $05 $22         ORA $22 [0000E2] = $0800        A:226F X:603A Y:01BC S:03F6 D:00C0 DB:7E P:nvmxdIzc V:46  H:252
C0BE65 $A6 $26         LDX $26 [0000E6] = $0030        A:2A6F X:603A Y:01BC S:03F6 D:00C0 DB:7E P:nvmxdIzc V:46  H:261
C0BE67 $9D $21 $DB     STA $DB21,X [7EDB51] = $2A6F    A:2A6F X:0030 Y:01BC S:03F6 D:00C0 DB:7E P:nvmxdIzc V:46  H:269
C0BE6A $A6 $1E         LDX $1E [0000DE] = $60E6        A:2A6F X:0030 Y:01BC S:03F6 D:00C0 DB:7E P:nvmxdIzc V:46  H:295
C0BE6C $BF $00 $00 $7F LDA $7F0000,X [7F60E6] = $2002  A:2A6F X:60E6 Y:01BC S:03F6 D:00C0 DB:7E P:nvmxdIzc V:46  H:304
C0BE70 $29 $00 $30     AND #$3000                      A:2002 X:60E6 Y:01BC S:03F6 D:00C0 DB:7E P:nvmxdIzc V:46  H:314
C0BE73 $19 $A3 $E2     ORA $E2A3,Y [7EE45F] = $0275    A:2000 X:60E6 Y:01BC S:03F6 D:00C0 DB:7E P:nvmxdIzc V:46  H:318
C0BE76 $05 $22         ORA $22 [0000E2] = $0800        A:2275 X:60E6 Y:01BC S:03F6 D:00C0 DB:7E P:nvmxdIzc V:46  H:327
C0BE78 $A6 $26         LDX $26 [0000E6] = $0030        A:2A75 X:60E6 Y:01BC S:03F6 D:00C0 DB:7E P:nvmxdIzc V:46  H:336
C0BE7A $9D $25 $DB     STA $DB25,X [7EDB55] = $2A75    A:2A75 X:0030 Y:01BC S:03F6 D:00C0 DB:7E P:nvmxdIzc V:47  H:4  
C0BE7D $A6 $1C         LDX $1C [0000DC] = $6192        A:2A75 X:0030 Y:01BC S:03F6 D:00C0 DB:7E P:nvmxdIzc V:47  H:14 
C0BE7F $BF $00 $00 $7F LDA $7F0000,X [7F6192] = $2002  A:2A75 X:6192 Y:01BC S:03F6 D:00C0 DB:7E P:nvmxdIzc V:47  H:23 
C0BE83 $29 $00 $30     AND #$3000                      A:2002 X:6192 Y:01BC S:03F6 D:00C0 DB:7E P:nvmxdIzc V:47  H:33 
C0BE86 $19 $A5 $E2     ORA $E2A5,Y [7EE461] = $4274    A:2000 X:6192 Y:01BC S:03F6 D:00C0 DB:7E P:nvmxdIzc V:47  H:37 
C0BE89 $05 $22         ORA $22 [0000E2] = $0800        A:6274 X:6192 Y:01BC S:03F6 D:00C0 DB:7E P:nvmxdIzc V:47  H:47 
C0BE8B $A6 $26         LDX $26 [0000E6] = $0030        A:6A74 X:6192 Y:01BC S:03F6 D:00C0 DB:7E P:nvmxdIzc V:47  H:56 
C0BE8D $9D $29 $DB     STA $DB29,X [7EDB59] = $6A74    A:6A74 X:0030 Y:01BC S:03F6 D:00C0 DB:7E P:nvmxdIzc V:47  H:64 
C0BE90 $A6 $20         LDX $20 [0000E0] = $603A        A:6A74 X:0030 Y:01BC S:03F6 D:00C0 DB:7E P:nvmxdIzc V:47  H:74 
C0BE92 $BF $02 $00 $7F LDA $7F0002,X [7F603C] = $2000  A:6A74 X:603A Y:01BC S:03F6 D:00C0 DB:7E P:nvmxdIzc V:47  H:83 
C0BE96 $29 $00 $30     AND #$3000                      A:2000 X:603A Y:01BC S:03F6 D:00C0 DB:7E P:nvmxdIzc V:47  H:93 
C0BE99 $19 $A7 $E2     ORA $E2A7,Y [7EE463] = $0272    A:2000 X:603A Y:01BC S:03F6 D:00C0 DB:7E P:nvmxdIzc V:47  H:97 
C0BE9C $05 $22         ORA $22 [0000E2] = $0800        A:2272 X:603A Y:01BC S:03F6 D:00C0 DB:7E P:nvmxdIzc V:47  H:107
C0BE9E $A6 $26         LDX $26 [0000E6] = $0030        A:2A72 X:603A Y:01BC S:03F6 D:00C0 DB:7E P:nvmxdIzc V:47  H:116
C0BEA0 $9D $2D $DB     STA $DB2D,X [7EDB5D] = $2A72    A:2A72 X:0030 Y:01BC S:03F6 D:00C0 DB:7E P:nvmxdIzc V:47  H:124
C0BEA3 $A6 $1E         LDX $1E [0000DE] = $60E6        A:2A72 X:0030 Y:01BC S:03F6 D:00C0 DB:7E P:nvmxdIzc V:47  H:144
C0BEA5 $BF $02 $00 $7F LDA $7F0002,X [7F60E8] = $2002  A:2A72 X:60E6 Y:01BC S:03F6 D:00C0 DB:7E P:nvmxdIzc V:47  H:153
C0BEA9 $29 $00 $30     AND #$3000                      A:2002 X:60E6 Y:01BC S:03F6 D:00C0 DB:7E P:nvmxdIzc V:47  H:163
C0BEAC $19 $A9 $E2     ORA $E2A9,Y [7EE465] = $0276    A:2000 X:60E6 Y:01BC S:03F6 D:00C0 DB:7E P:nvmxdIzc V:47  H:167
C0BEAF $05 $22         ORA $22 [0000E2] = $0800        A:2276 X:60E6 Y:01BC S:03F6 D:00C0 DB:7E P:nvmxdIzc V:47  H:177
C0BEB1 $A6 $26         LDX $26 [0000E6] = $0030        A:2A76 X:60E6 Y:01BC S:03F6 D:00C0 DB:7E P:nvmxdIzc V:47  H:186
C0BEB3 $9D $31 $DB     STA $DB31,X [7EDB61] = $2A76    A:2A76 X:0030 Y:01BC S:03F6 D:00C0 DB:7E P:nvmxdIzc V:47  H:194
C0BEB6 $A6 $1C         LDX $1C [0000DC] = $6192        A:2A76 X:0030 Y:01BC S:03F6 D:00C0 DB:7E P:nvmxdIzc V:47  H:204
C0BEB8 $BF $02 $00 $7F LDA $7F0002,X [7F6194] = $2002  A:2A76 X:6192 Y:01BC S:03F6 D:00C0 DB:7E P:nvmxdIzc V:47  H:213
C0BEBC $29 $00 $30     AND #$3000                      A:2002 X:6192 Y:01BC S:03F6 D:00C0 DB:7E P:nvmxdIzc V:47  H:223
C0BEBF $19 $AB $E2     ORA $E2AB,Y [7EE467] = $4271    A:2000 X:6192 Y:01BC S:03F6 D:00C0 DB:7E P:nvmxdIzc V:47  H:227
C0BEC2 $05 $22         ORA $22 [0000E2] = $0800        A:6271 X:6192 Y:01BC S:03F6 D:00C0 DB:7E P:nvmxdIzc V:47  H:237
C0BEC4 $A6 $26         LDX $26 [0000E6] = $0030        A:6A71 X:6192 Y:01BC S:03F6 D:00C0 DB:7E P:nvmxdIzc V:47  H:246
C0BEC6 $9D $35 $DB     STA $DB35,X [7EDB65] = $6A71    A:6A71 X:0030 Y:01BC S:03F6 D:00C0 DB:7E P:nvmxdIzc V:47  H:254
C0BEC9 $AD $3F $DD     LDA $DD3F [7EDD3F] = $000C      A:6A71 X:0030 Y:01BC S:03F6 D:00C0 DB:7E P:nvmxdIzc V:47  H:264
C0BECC $18             CLC                             A:000C X:0030 Y:01BC S:03F6 D:00C0 DB:7E P:nvmxdIzc V:47  H:273
C0BECD $69 $06 $00     ADC #$0006                      A:000C X:0030 Y:01BC S:03F6 D:00C0 DB:7E P:nvmxdIzc V:47  H:276
C0BED0 $8D $3F $DD     STA $DD3F [7EDD3F] = $000C      A:0012 X:0030 Y:01BC S:03F6 D:00C0 DB:7E P:nvmxdIzc V:47  H:321
C0BED3 $60             RTS                             A:0012 X:0030 Y:01BC S:03F6 D:00C0 DB:7E P:nvmxdIzc V:47  H:328
C09901 $80 $0E         BRA $C09911                     A:0012 X:0030 Y:01BC S:03F8 D:00C0 DB:7E P:nvmxdIzc V:47  H:338
C09911 $AD $63 $DD     LDA $DD63 [7EDD63] = $0008      A:0012 X:0030 Y:01BC S:03F8 D:00C0 DB:7E P:nvmxdIzc V:48  H:3  
C09914 $30 $42         BMI $C09958                     A:0008 X:0030 Y:01BC S:03F8 D:00C0 DB:7E P:nvmxdIzc V:48  H:11 
C09916 $2C $63 $DD     BIT $DD63 [7EDD63] = $0008      A:0008 X:0030 Y:01BC S:03F8 D:00C0 DB:7E P:nvmxdIzc V:48  H:14 
C09919 $70 $2F         BVS $C0994A                     A:0008 X:0030 Y:01BC S:03F8 D:00C0 DB:7E P:nvmxdIzc V:48  H:23 
C0991B $A8             TAY                             A:0008 X:0030 Y:01BC S:03F8 D:00C0 DB:7E P:nvmxdIzc V:48  H:26 
C0991C $B9 $A5 $C3     LDA $C3A5,Y [7EC3AD] = $0201    A:0008 X:0030 Y:0008 S:03F8 D:00C0 DB:7E P:nvmxdIzc V:48  H:29 
C0991F $29 $01 $00     AND #$0001                      A:0201 X:0030 Y:0008 S:03F8 D:00C0 DB:7E P:nvmxdIzc V:48  H:39 
C09922 $F0 $34         BEQ $C09958                     A:0001 X:0030 Y:0008 S:03F8 D:00C0 DB:7E P:nvmxdIzc V:48  H:43 
C09924 $B9 $A5 $C3     LDA $C3A5,Y [7EC3AD] = $0201    A:0001 X:0030 Y:0008 S:03F8 D:00C0 DB:7E P:nvmxdIzc V:48  H:46 
C09927 $29 $20 $00     AND #$0020                      A:0201 X:0030 Y:0008 S:03F8 D:00C0 DB:7E P:nvmxdIzc V:48  H:56 
C0992A $D0 $2C         BNE $C09958                     A:0000 X:0030 Y:0008 S:03F8 D:00C0 DB:7E P:nvmxdIZc V:48  H:61 
C0992C $B9 $25 $CF     LDA $CF25,Y [7ECF2D] = $0002    A:0000 X:0030 Y:0008 S:03F8 D:00C0 DB:7E P:nvmxdIZc V:48  H:64 
C0992F $30 $27         BMI $C09958                     A:0002 X:0030 Y:0008 S:03F8 D:00C0 DB:7E P:nvmxdIzc V:48  H:74 
C09931 $AF $00 $35 $7E LDA $7E3500                     A:0002 X:0030 Y:0008 S:03F8 D:00C0 DB:7E P:nvmxdIzc V:48  H:77 
C09935 $29 $10 $00     AND #$0010                      A:0016 X:0030 Y:0008 S:03F8 D:00C0 DB:7E P:nvmxdIzc V:48  H:87 
C09938 $F0 $1E         BEQ $C09958                     A:0010 X:0030 Y:0008 S:03F8 D:00C0 DB:7E P:nvmxdIzc V:48  H:91 
C0993A $AD $3F $DD     LDA $DD3F [7EDD3F] = $0012      A:0010 X:0030 Y:0008 S:03F8 D:00C0 DB:7E P:nvmxdIzc V:48  H:94 
C0993D $C9 $7B $00     CMP #$007B                      A:0012 X:0030 Y:0008 S:03F8 D:00C0 DB:7E P:nvmxdIzc V:48  H:103
C09940 $B0 $16         BCS $C09958                     A:0012 X:0030 Y:0008 S:03F8 D:00C0 DB:7E P:NvmxdIzc V:48  H:107
C09942 $BE $E5 $CF     LDX $CFE5,Y [7ECFED] = $0000    A:0012 X:0030 Y:0008 S:03F8 D:00C0 DB:7E P:NvmxdIzc V:48  H:110
C09945 $FC $C6 $C6     JSR ($C6C6,X) [C0BD7E] = $28A5  A:0012 X:0000 Y:0008 S:03F8 D:00C0 DB:7E P:nvmxdIZc V:48  H:120
C0BD7E $A5 $28         LDA $28 [0000E8] = $0000        A:0012 X:0000 Y:0008 S:03F6 D:00C0 DB:7E P:nvmxdIZc V:48  H:133
C0BD80 $D0 $30         BNE $C0BDB2                     A:0000 X:0000 Y:0008 S:03F6 D:00C0 DB:7E P:nvmxdIZc V:48  H:152
C0BD82 $BE $65 $C6     LDX $C665,Y [7EC66D] = $0008    A:0000 X:0000 Y:0008 S:03F6 D:00C0 DB:7E P:nvmxdIZc V:48  H:155
C0BD85 $B9 $E5 $C5     LDA $C5E5,Y [7EC5ED] = $0928    A:0000 X:0008 Y:0008 S:03F6 D:00C0 DB:7E P:nvmxdIzc V:48  H:165
C0BD88 $38             SEC                             A:0928 X:0008 Y:0008 S:03F6 D:00C0 DB:7E P:nvmxdIzc V:48  H:175
C0BD89 $FF $6C $E3 $7F SBC $7FE36C,X [7FE374] = $0878  A:0928 X:0008 Y:0008 S:03F6 D:00C0 DB:7E P:nvmxdIzC V:48  H:178
C0BD8D $85 $18         STA $18 [0000D8] = $0028        A:00B0 X:0008 Y:0008 S:03F6 D:00C0 DB:7E P:nvmxdIzC V:48  H:188
C0BD8F $18             CLC                             A:00B0 X:0008 Y:0008 S:03F6 D:00C0 DB:7E P:nvmxdIzC V:48  H:196
C0BD90 $69 $08 $00     ADC #$0008                      A:00B0 X:0008 Y:0008 S:03F6 D:00C0 DB:7E P:nvmxdIzc V:48  H:199
C0BD93 $30 $1A         BMI $C0BDAF                     A:00B8 X:0008 Y:0008 S:03F6 D:00C0 DB:7E P:nvmxdIzc V:48  H:204
C0BD95 $C9 $00 $01     CMP #$0100                      A:00B8 X:0008 Y:0008 S:03F6 D:00C0 DB:7E P:nvmxdIzc V:48  H:207
C0BD98 $B0 $15         BCS $C0BDAF                     A:00B8 X:0008 Y:0008 S:03F6 D:00C0 DB:7E P:NvmxdIzc V:48  H:211
C0BD9A $B9 $25 $C6     LDA $C625,Y [7EC62D] = $0A68    A:00B8 X:0008 Y:0008 S:03F6 D:00C0 DB:7E P:NvmxdIzc V:48  H:214
C0BD9D $38             SEC                             A:0A68 X:0008 Y:0008 S:03F6 D:00C0 DB:7E P:nvmxdIzc V:48  H:224
C0BD9E $FF $76 $E3 $7F SBC $7FE376,X [7FE37E] = $0A50  A:0A68 X:0008 Y:0008 S:03F6 D:00C0 DB:7E P:nvmxdIzC V:48  H:227
C0BDA2 $85 $1A         STA $1A [0000DA] = $0040        A:0018 X:0008 Y:0008 S:03F6 D:00C0 DB:7E P:nvmxdIzC V:48  H:237
C0BDA4 $18             CLC                             A:0018 X:0008 Y:0008 S:03F6 D:00C0 DB:7E P:nvmxdIzC V:48  H:246
C0BDA5 $69 $10 $00     ADC #$0010                      A:0018 X:0008 Y:0008 S:03F6 D:00C0 DB:7E P:nvmxdIzc V:48  H:249
C0BDA8 $30 $05         BMI $C0BDAF                     A:0028 X:0008 Y:0008 S:03F6 D:00C0 DB:7E P:nvmxdIzc V:48  H:253
C0BDAA $C9 $F0 $00     CMP #$00F0                      A:0028 X:0008 Y:0008 S:03F6 D:00C0 DB:7E P:nvmxdIzc V:48  H:256
C0BDAD $90 $01         BCC $C0BDB0                     A:0028 X:0008 Y:0008 S:03F6 D:00C0 DB:7E P:NvmxdIzc V:48  H:261
C0BDB0 $80 $34         BRA $C0BDE6                     A:0028 X:0008 Y:0008 S:03F6 D:00C0 DB:7E P:NvmxdIzc V:48  H:265
C0BDE6 $B9 $25 $C8     LDA $C825,Y [7EC82D] = $5E58    A:0028 X:0008 Y:0008 S:03F6 D:00C0 DB:7E P:NvmxdIzc V:48  H:270
C0BDE9 $85 $1C         STA $1C [0000DC] = $6192        A:5E58 X:0008 Y:0008 S:03F6 D:00C0 DB:7E P:nvmxdIzc V:48  H:322
C0BDEB $BE $E5 $C6     LDX $C6E5,Y [7EC6ED] = $0000    A:5E58 X:0008 Y:0008 S:03F6 D:00C0 DB:7E P:nvmxdIzc V:48  H:329
C0BDEE $38             SEC                             A:5E58 X:0000 Y:0008 S:03F6 D:00C0 DB:7E P:nvmxdIZc V:48  H:339
C0BDEF $FD $E1 $9A     SBC $9AE1,X [7E9AE1] = $00AC    A:5E58 X:0000 Y:0008 S:03F6 D:00C0 DB:7E P:nvmxdIZC V:49  H:2  
C0BDF2 $85 $1E         STA $1E [0000DE] = $60E6        A:5DAC X:0000 Y:0008 S:03F6 D:00C0 DB:7E P:nvmxdIzC V:49  H:12 
C0BDF4 $FD $E1 $9A     SBC $9AE1,X [7E9AE1] = $00AC    A:5DAC X:0000 Y:0008 S:03F6 D:00C0 DB:7E P:nvmxdIzC V:49  H:21 
C0BDF7 $85 $20         STA $20 [0000E0] = $603A        A:5D00 X:0000 Y:0008 S:03F6 D:00C0 DB:7E P:nvmxdIzC V:49  H:31 
C0BDF9 $B9 $A5 $C3     LDA $C3A5,Y [7EC3AD] = $0201    A:5D00 X:0000 Y:0008 S:03F6 D:00C0 DB:7E P:nvmxdIzC V:49  H:39 
C0BDFC $29 $00 $30     AND #$3000                      A:0201 X:0000 Y:0008 S:03F6 D:00C0 DB:7E P:nvmxdIzC V:49  H:49 
C0BDFF $48             PHA                             A:0000 X:0000 Y:0008 S:03F6 D:00C0 DB:7E P:nvmxdIZC V:49  H:54 
C0BE00 $B9 $25 $C4     LDA $C425,Y [7EC42D] = $0832    A:0000 X:0000 Y:0008 S:03F4 D:00C0 DB:7E P:nvmxdIZC V:49  H:61 
C0BE03 $29 $00 $08     AND #$0800                      A:0832 X:0000 Y:0008 S:03F4 D:00C0 DB:7E P:nvmxdIzC V:49  H:71 
C0BE06 $03 $01         ORA $01,S [0003F5] = $0000      A:0800 X:0000 Y:0008 S:03F4 D:00C0 DB:7E P:nvmxdIzC V:49  H:75 
C0BE08 $85 $22         STA $22 [0000E2] = $0800        A:0800 X:0000 Y:0008 S:03F4 D:00C0 DB:7E P:nvmxdIzC V:49  H:84 
C0BE0A $68             PLA                             A:0800 X:0000 Y:0008 S:03F4 D:00C0 DB:7E P:nvmxdIzC V:49  H:92 
C0BE0B $20 $D4 $C6     JSR $C6D4 [C0C6D4] = $25B9      A:0000 X:0000 Y:0008 S:03F6 D:00C0 DB:7E P:nvmxdIZC V:49  H:101
C0C6D4 $B9 $25 $CF     LDA $CF25,Y [7ECF2D] = $0002    A:0000 X:0000 Y:0008 S:03F4 D:00C0 DB:7E P:nvmxdIZC V:49  H:111
C0C6D7 $AA             TAX                             A:0002 X:0000 Y:0008 S:03F4 D:00C0 DB:7E P:nvmxdIzC V:49  H:121
C0C6D8 $B9 $A5 $CF     LDA $CFA5,Y [7ECFAD] = $0004    A:0002 X:0002 Y:0008 S:03F4 D:00C0 DB:7E P:nvmxdIzC V:49  H:124
C0C6DB $0A             ASL                             A:0004 X:0002 Y:0008 S:03F4 D:00C0 DB:7E P:nvmxdIzC V:49  H:144
C0C6DC $0A             ASL                             A:0008 X:0002 Y:0008 S:03F4 D:00C0 DB:7E P:nvmxdIzc V:49  H:147
C0C6DD $85 $24         STA $24 [0000E4] = $01BC        A:0010 X:0002 Y:0008 S:03F4 D:00C0 DB:7E P:nvmxdIzc V:49  H:150
C0C6DF $0A             ASL                             A:0010 X:0002 Y:0008 S:03F4 D:00C0 DB:7E P:nvmxdIzc V:49  H:158
C0C6E0 $65 $24         ADC $24 [0000E4] = $0010        A:0020 X:0002 Y:0008 S:03F4 D:00C0 DB:7E P:nvmxdIzc V:49  H:161
C0C6E2 $7F $EE $C6 $C0 ADC $C0C6EE,X [C0C6F0] = $0060  A:0030 X:0002 Y:0008 S:03F4 D:00C0 DB:7E P:nvmxdIzc V:49  H:170
C0C6E6 $85 $24         STA $24 [0000E4] = $0010        A:0090 X:0002 Y:0008 S:03F4 D:00C0 DB:7E P:nvmxdIzc V:49  H:179
C0C6E8 $B9 $25 $D0     LDA $D025,Y [7ED02D] = $3000    A:0090 X:0002 Y:0008 S:03F4 D:00C0 DB:7E P:nvmxdIzc V:49  H:187
C0C6EB $85 $2A         STA $2A [0000EA] = $3000        A:3000 X:0002 Y:0008 S:03F4 D:00C0 DB:7E P:nvmxdIzc V:49  H:197
C0C6ED $60             RTS                             A:3000 X:0002 Y:0008 S:03F4 D:00C0 DB:7E P:nvmxdIzc V:49  H:206
C0BE0E $AD $3F $DD     LDA $DD3F [7EDD3F] = $0012      A:3000 X:0002 Y:0008 S:03F6 D:00C0 DB:7E P:nvmxdIzc V:49  H:216
C0BE11 $0A             ASL                             A:0012 X:0002 Y:0008 S:03F6 D:00C0 DB:7E P:nvmxdIzc V:49  H:224
C0BE12 $0A             ASL                             A:0024 X:0002 Y:0008 S:03F6 D:00C0 DB:7E P:nvmxdIzc V:49  H:227
C0BE13 $AA             TAX                             A:0048 X:0002 Y:0008 S:03F6 D:00C0 DB:7E P:nvmxdIzc V:49  H:230
C0BE14 $A9 $00 $00     LDA #$0000                      A:0048 X:0048 Y:0008 S:03F6 D:00C0 DB:7E P:nvmxdIzc V:49  H:233
C0BE17 $E2 $20         SEP #$20                        A:0000 X:0048 Y:0008 S:03F6 D:00C0 DB:7E P:nvmxdIZc V:49  H:238
C0BE19 $A5 $18         LDA $18 [0000D8] = $B0          A:0000 X:0048 Y:0008 S:03F6 D:00C0 DB:7E P:nvMxdIZc V:49  H:242
C0BE1B $9D $1F $DB     STA $DB1F,X [7EDB67] = $B0      A:00B0 X:0048 Y:0008 S:03F6 D:00C0 DB:7E P:NvMxdIzc V:49  H:249
C0BE1E $9D $23 $DB     STA $DB23,X [7EDB6B] = $B0      A:00B0 X:0048 Y:0008 S:03F6 D:00C0 DB:7E P:NvMxdIzc V:49  H:257
C0BE21 $9D $27 $DB     STA $DB27,X [7EDB6F] = $B0      A:00B0 X:0048 Y:0008 S:03F6 D:00C0 DB:7E P:NvMxdIzc V:49  H:265
C0BE24 $18             CLC                             A:00B0 X:0048 Y:0008 S:03F6 D:00C0 DB:7E P:NvMxdIzc V:49  H:273
C0BE25 $69 $08         ADC #$08                        A:00B0 X:0048 Y:0008 S:03F6 D:00C0 DB:7E P:NvMxdIzc V:49  H:276
C0BE27 $9D $2B $DB     STA $DB2B,X [7EDB73] = $B8      A:00B8 X:0048 Y:0008 S:03F6 D:00C0 DB:7E P:NvMxdIzc V:49  H:295
C0BE2A $9D $2F $DB     STA $DB2F,X [7EDB77] = $B8      A:00B8 X:0048 Y:0008 S:03F6 D:00C0 DB:7E P:NvMxdIzc V:49  H:303
C0BE2D $9D $33 $DB     STA $DB33,X [7EDB7B] = $B8      A:00B8 X:0048 Y:0008 S:03F6 D:00C0 DB:7E P:NvMxdIzc V:49  H:311
C0BE30 $A5 $1A         LDA $1A [0000DA] = $18          A:00B8 X:0048 Y:0008 S:03F6 D:00C0 DB:7E P:NvMxdIzc V:49  H:319
C0BE32 $9D $20 $DB     STA $DB20,X [7EDB68] = $E8      A:0018 X:0048 Y:0008 S:03F6 D:00C0 DB:7E P:nvMxdIzc V:49  H:325
C0BE35 $9D $2C $DB     STA $DB2C,X [7EDB74] = $E8      A:0018 X:0048 Y:0008 S:03F6 D:00C0 DB:7E P:nvMxdIzc V:49  H:333
C0BE38 $18             CLC                             A:0018 X:0048 Y:0008 S:03F6 D:00C0 DB:7E P:nvMxdIzc V:50  H:1  
C0BE39 $69 $08         ADC #$08                        A:0018 X:0048 Y:0008 S:03F6 D:00C0 DB:7E P:nvMxdIzc V:50  H:4  
C0BE3B $9D $24 $DB     STA $DB24,X [7EDB6C] = $E8      A:0020 X:0048 Y:0008 S:03F6 D:00C0 DB:7E P:nvMxdIzc V:50  H:7  
C0BE3E $9D $30 $DB     STA $DB30,X [7EDB78] = $E8      A:0020 X:0048 Y:0008 S:03F6 D:00C0 DB:7E P:nvMxdIzc V:50  H:15 
C0BE41 $18             CLC                             A:0020 X:0048 Y:0008 S:03F6 D:00C0 DB:7E P:nvMxdIzc V:50  H:23 
C0BE42 $69 $08         ADC #$08                        A:0020 X:0048 Y:0008 S:03F6 D:00C0 DB:7E P:nvMxdIzc V:50  H:26 
C0BE44 $9D $28 $DB     STA $DB28,X [7EDB70] = $E8      A:0028 X:0048 Y:0008 S:03F6 D:00C0 DB:7E P:nvMxdIzc V:50  H:29 
C0BE47 $9D $34 $DB     STA $DB34,X [7EDB7C] = $E8      A:0028 X:0048 Y:0008 S:03F6 D:00C0 DB:7E P:nvMxdIzc V:50  H:37 
C0BE4A $C2 $20         REP #$20                        A:0028 X:0048 Y:0008 S:03F6 D:00C0 DB:7E P:nvMxdIzc V:50  H:45 
C0BE4C $A5 $28         LDA $28 [0000E8] = $0000        A:0028 X:0048 Y:0008 S:03F6 D:00C0 DB:7E P:nvmxdIzc V:50  H:49 
C0BE4E $F0 $03         BEQ $C0BE53                     A:0000 X:0048 Y:0008 S:03F6 D:00C0 DB:7E P:nvmxdIZc V:50  H:58 
C0BE53 $86 $26         STX $26 [0000E6] = $0030        A:0000 X:0048 Y:0008 S:03F6 D:00C0 DB:7E P:nvmxdIZc V:50  H:62 
C0BE55 $A4 $24         LDY $24 [0000E4] = $0090        A:0000 X:0048 Y:0008 S:03F6 D:00C0 DB:7E P:nvmxdIZc V:50  H:71 
C0BE57 $A6 $20         LDX $20 [0000E0] = $5D00        A:0000 X:0048 Y:0090 S:03F6 D:00C0 DB:7E P:nvmxdIzc V:50  H:79 
C0BE59 $BF $00 $00 $7F LDA $7F0000,X [7F5D00] = $2000  A:0000 X:5D00 Y:0090 S:03F6 D:00C0 DB:7E P:nvmxdIzc V:50  H:88 
C0BE5D $29 $00 $30     AND #$3000                      A:2000 X:5D00 Y:0090 S:03F6 D:00C0 DB:7E P:nvmxdIzc V:50  H:98 
C0BE60 $19 $A1 $E2     ORA $E2A1,Y [7EE331] = $0218    A:2000 X:5D00 Y:0090 S:03F6 D:00C0 DB:7E P:nvmxdIzc V:50  H:102
C0BE63 $05 $22         ORA $22 [0000E2] = $0800        A:2218 X:5D00 Y:0090 S:03F6 D:00C0 DB:7E P:nvmxdIzc V:50  H:112
C0BE65 $A6 $26         LDX $26 [0000E6] = $0048        A:2A18 X:5D00 Y:0090 S:03F6 D:00C0 DB:7E P:nvmxdIzc V:50  H:121
C0BE67 $9D $21 $DB     STA $DB21,X [7EDB69] = $2A18    A:2A18 X:0048 Y:0090 S:03F6 D:00C0 DB:7E P:nvmxdIzc V:50  H:129
C0BE6A $A6 $1E         LDX $1E [0000DE] = $5DAC        A:2A18 X:0048 Y:0090 S:03F6 D:00C0 DB:7E P:nvmxdIzc V:50  H:149
C0BE6C $BF $00 $00 $7F LDA $7F0000,X [7F5DAC] = $2002  A:2A18 X:5DAC Y:0090 S:03F6 D:00C0 DB:7E P:nvmxdIzc V:50  H:158
C0BE70 $29 $00 $30     AND #$3000                      A:2002 X:5DAC Y:0090 S:03F6 D:00C0 DB:7E P:nvmxdIzc V:50  H:168
C0BE73 $19 $A3 $E2     ORA $E2A3,Y [7EE333] = $0219    A:2000 X:5DAC Y:0090 S:03F6 D:00C0 DB:7E P:nvmxdIzc V:50  H:172
C0BE76 $05 $22         ORA $22 [0000E2] = $0800        A:2219 X:5DAC Y:0090 S:03F6 D:00C0 DB:7E P:nvmxdIzc V:50  H:182
C0BE78 $A6 $26         LDX $26 [0000E6] = $0048        A:2A19 X:5DAC Y:0090 S:03F6 D:00C0 DB:7E P:nvmxdIzc V:50  H:191
C0BE7A $9D $25 $DB     STA $DB25,X [7EDB6D] = $2A19    A:2A19 X:0048 Y:0090 S:03F6 D:00C0 DB:7E P:nvmxdIzc V:50  H:199
C0BE7D $A6 $1C         LDX $1C [0000DC] = $5E58        A:2A19 X:0048 Y:0090 S:03F6 D:00C0 DB:7E P:nvmxdIzc V:50  H:209
C0BE7F $BF $00 $00 $7F LDA $7F0000,X [7F5E58] = $2002  A:2A19 X:5E58 Y:0090 S:03F6 D:00C0 DB:7E P:nvmxdIzc V:50  H:218
C0BE83 $29 $00 $30     AND #$3000                      A:2002 X:5E58 Y:0090 S:03F6 D:00C0 DB:7E P:nvmxdIzc V:50  H:228
C0BE86 $19 $A5 $E2     ORA $E2A5,Y [7EE335] = $021A    A:2000 X:5E58 Y:0090 S:03F6 D:00C0 DB:7E P:nvmxdIzc V:50  H:232
C0BE89 $05 $22         ORA $22 [0000E2] = $0800        A:221A X:5E58 Y:0090 S:03F6 D:00C0 DB:7E P:nvmxdIzc V:50  H:242
C0BE8B $A6 $26         LDX $26 [0000E6] = $0048        A:2A1A X:5E58 Y:0090 S:03F6 D:00C0 DB:7E P:nvmxdIzc V:50  H:251
C0BE8D $9D $29 $DB     STA $DB29,X [7EDB71] = $2A1A    A:2A1A X:0048 Y:0090 S:03F6 D:00C0 DB:7E P:nvmxdIzc V:50  H:259
C0BE90 $A6 $20         LDX $20 [0000E0] = $5D00        A:2A1A X:0048 Y:0090 S:03F6 D:00C0 DB:7E P:nvmxdIzc V:50  H:269
C0BE92 $BF $02 $00 $7F LDA $7F0002,X [7F5D02] = $2000  A:2A1A X:5D00 Y:0090 S:03F6 D:00C0 DB:7E P:nvmxdIzc V:50  H:293
C0BE96 $29 $00 $30     AND #$3000                      A:2000 X:5D00 Y:0090 S:03F6 D:00C0 DB:7E P:nvmxdIzc V:50  H:303
C0BE99 $19 $A7 $E2     ORA $E2A7,Y [7EE337] = $021B    A:2000 X:5D00 Y:0090 S:03F6 D:00C0 DB:7E P:nvmxdIzc V:50  H:307
C0BE9C $05 $22         ORA $22 [0000E2] = $0800        A:221B X:5D00 Y:0090 S:03F6 D:00C0 DB:7E P:nvmxdIzc V:50  H:317
C0BE9E $A6 $26         LDX $26 [0000E6] = $0048        A:2A1B X:5D00 Y:0090 S:03F6 D:00C0 DB:7E P:nvmxdIzc V:50  H:325
C0BEA0 $9D $2D $DB     STA $DB2D,X [7EDB75] = $2A1B    A:2A1B X:0048 Y:0090 S:03F6 D:00C0 DB:7E P:nvmxdIzc V:50  H:333
C0BEA3 $A6 $1E         LDX $1E [0000DE] = $5DAC        A:2A1B X:0048 Y:0090 S:03F6 D:00C0 DB:7E P:nvmxdIzc V:51  H:3  
C0BEA5 $BF $02 $00 $7F LDA $7F0002,X [7F5DAE] = $2002  A:2A1B X:5DAC Y:0090 S:03F6 D:00C0 DB:7E P:nvmxdIzc V:51  H:12 
C0BEA9 $29 $00 $30     AND #$3000                      A:2002 X:5DAC Y:0090 S:03F6 D:00C0 DB:7E P:nvmxdIzc V:51  H:22 
C0BEAC $19 $A9 $E2     ORA $E2A9,Y [7EE339] = $021C    A:2000 X:5DAC Y:0090 S:03F6 D:00C0 DB:7E P:nvmxdIzc V:51  H:26 
C0BEAF $05 $22         ORA $22 [0000E2] = $0800        A:221C X:5DAC Y:0090 S:03F6 D:00C0 DB:7E P:nvmxdIzc V:51  H:36 
C0BEB1 $A6 $26         LDX $26 [0000E6] = $0048        A:2A1C X:5DAC Y:0090 S:03F6 D:00C0 DB:7E P:nvmxdIzc V:51  H:45 
C0BEB3 $9D $31 $DB     STA $DB31,X [7EDB79] = $2A1C    A:2A1C X:0048 Y:0090 S:03F6 D:00C0 DB:7E P:nvmxdIzc V:51  H:53 
C0BEB6 $A6 $1C         LDX $1C [0000DC] = $5E58        A:2A1C X:0048 Y:0090 S:03F6 D:00C0 DB:7E P:nvmxdIzc V:51  H:63 
C0BEB8 $BF $02 $00 $7F LDA $7F0002,X [7F5E5A] = $2002  A:2A1C X:5E58 Y:0090 S:03F6 D:00C0 DB:7E P:nvmxdIzc V:51  H:72 
C0BEBC $29 $00 $30     AND #$3000                      A:2002 X:5E58 Y:0090 S:03F6 D:00C0 DB:7E P:nvmxdIzc V:51  H:82 
C0BEBF $19 $AB $E2     ORA $E2AB,Y [7EE33B] = $021D    A:2000 X:5E58 Y:0090 S:03F6 D:00C0 DB:7E P:nvmxdIzc V:51  H:86 
C0BEC2 $05 $22         ORA $22 [0000E2] = $0800        A:221D X:5E58 Y:0090 S:03F6 D:00C0 DB:7E P:nvmxdIzc V:51  H:96 
C0BEC4 $A6 $26         LDX $26 [0000E6] = $0048        A:2A1D X:5E58 Y:0090 S:03F6 D:00C0 DB:7E P:nvmxdIzc V:51  H:105
C0BEC6 $9D $35 $DB     STA $DB35,X [7EDB7D] = $2A1D    A:2A1D X:0048 Y:0090 S:03F6 D:00C0 DB:7E P:nvmxdIzc V:51  H:113
C0BEC9 $AD $3F $DD     LDA $DD3F [7EDD3F] = $0012      A:2A1D X:0048 Y:0090 S:03F6 D:00C0 DB:7E P:nvmxdIzc V:51  H:123
C0BECC $18             CLC                             A:0012 X:0048 Y:0090 S:03F6 D:00C0 DB:7E P:nvmxdIzc V:51  H:132
C0BECD $69 $06 $00     ADC #$0006                      A:0012 X:0048 Y:0090 S:03F6 D:00C0 DB:7E P:nvmxdIzc V:51  H:145
C0BED0 $8D $3F $DD     STA $DD3F [7EDD3F] = $0012      A:0018 X:0048 Y:0090 S:03F6 D:00C0 DB:7E P:nvmxdIzc V:51  H:149
C0BED3 $60             RTS                             A:0018 X:0048 Y:0090 S:03F6 D:00C0 DB:7E P:nvmxdIzc V:51  H:158
C09948 $80 $0E         BRA $C09958                     A:0018 X:0048 Y:0090 S:03F8 D:00C0 DB:7E P:nvmxdIzc V:51  H:168
C09958 $AD $65 $DD     LDA $DD65 [7EDD65] = $0016      A:0018 X:0048 Y:0090 S:03F8 D:00C0 DB:7E P:nvmxdIzc V:51  H:172
C0995B $30 $42         BMI $C0999F                     A:0016 X:0048 Y:0090 S:03F8 D:00C0 DB:7E P:nvmxdIzc V:51  H:181
C0995D $2C $65 $DD     BIT $DD65 [7EDD65] = $0016      A:0016 X:0048 Y:0090 S:03F8 D:00C0 DB:7E P:nvmxdIzc V:51  H:184
C09960 $70 $2F         BVS $C09991                     A:0016 X:0048 Y:0090 S:03F8 D:00C0 DB:7E P:nvmxdIzc V:51  H:192
C09962 $A8             TAY                             A:0016 X:0048 Y:0090 S:03F8 D:00C0 DB:7E P:nvmxdIzc V:51  H:195
C09963 $B9 $A5 $C3     LDA $C3A5,Y [7EC3BB] = $0281    A:0016 X:0048 Y:0016 S:03F8 D:00C0 DB:7E P:nvmxdIzc V:51  H:198
C09966 $29 $01 $00     AND #$0001                      A:0281 X:0048 Y:0016 S:03F8 D:00C0 DB:7E P:nvmxdIzc V:51  H:208
C09969 $F0 $34         BEQ $C0999F                     A:0001 X:0048 Y:0016 S:03F8 D:00C0 DB:7E P:nvmxdIzc V:51  H:213
C0996B $B9 $A5 $C3     LDA $C3A5,Y [7EC3BB] = $0281    A:0001 X:0048 Y:0016 S:03F8 D:00C0 DB:7E P:nvmxdIzc V:51  H:216
C0996E $29 $20 $00     AND #$0020                      A:0281 X:0048 Y:0016 S:03F8 D:00C0 DB:7E P:nvmxdIzc V:51  H:226
C09971 $D0 $2C         BNE $C0999F                     A:0000 X:0048 Y:0016 S:03F8 D:00C0 DB:7E P:nvmxdIZc V:51  H:230
C09973 $B9 $25 $CF     LDA $CF25,Y [7ECF3B] = $000E    A:0000 X:0048 Y:0016 S:03F8 D:00C0 DB:7E P:nvmxdIZc V:51  H:233
C09976 $30 $27         BMI $C0999F                     A:000E X:0048 Y:0016 S:03F8 D:00C0 DB:7E P:nvmxdIzc V:51  H:243
C09978 $AF $00 $35 $7E LDA $7E3500                     A:000E X:0048 Y:0016 S:03F8 D:00C0 DB:7E P:nvmxdIzc V:51  H:246
C0997C $29 $10 $00     AND #$0010                      A:0016 X:0048 Y:0016 S:03F8 D:00C0 DB:7E P:nvmxdIzc V:51  H:256
C0997F $F0 $1E         BEQ $C0999F                     A:0010 X:0048 Y:0016 S:03F8 D:00C0 DB:7E P:nvmxdIzc V:51  H:261
C09981 $AD $3F $DD     LDA $DD3F [7EDD3F] = $0018      A:0010 X:0048 Y:0016 S:03F8 D:00C0 DB:7E P:nvmxdIzc V:51  H:264
C09984 $C9 $7B $00     CMP #$007B                      A:0018 X:0048 Y:0016 S:03F8 D:00C0 DB:7E P:nvmxdIzc V:51  H:272
C09987 $B0 $16         BCS $C0999F                     A:0018 X:0048 Y:0016 S:03F8 D:00C0 DB:7E P:NvmxdIzc V:51  H:292
C09989 $BE $E5 $CF     LDX $CFE5,Y [7ECFFB] = $0000    A:0018 X:0048 Y:0016 S:03F8 D:00C0 DB:7E P:NvmxdIzc V:51  H:295
C0998C $FC $C6 $C6     JSR ($C6C6,X) [C0BD7E] = $28A5  A:0018 X:0000 Y:0016 S:03F8 D:00C0 DB:7E P:nvmxdIZc V:51  H:305
C0BD7E $A5 $28         LDA $28 [0000E8] = $0000        A:0018 X:0000 Y:0016 S:03F6 D:00C0 DB:7E P:nvmxdIZc V:51  H:318
C0BD80 $D0 $30         BNE $C0BDB2                     A:0000 X:0000 Y:0016 S:03F6 D:00C0 DB:7E P:nvmxdIZc V:51  H:326
C0BD82 $BE $65 $C6     LDX $C665,Y [7EC67B] = $0008    A:0000 X:0000 Y:0016 S:03F6 D:00C0 DB:7E P:nvmxdIZc V:51  H:328
C0BD85 $B9 $E5 $C5     LDA $C5E5,Y [7EC5FB] = $08E0    A:0000 X:0008 Y:0016 S:03F6 D:00C0 DB:7E P:nvmxdIzc V:51  H:338
C0BD88 $38             SEC                             A:08E0 X:0008 Y:0016 S:03F6 D:00C0 DB:7E P:nvmxdIzc V:52  H:8  
C0BD89 $FF $6C $E3 $7F SBC $7FE36C,X [7FE374] = $0878  A:08E0 X:0008 Y:0016 S:03F6 D:00C0 DB:7E P:nvmxdIzC V:52  H:11 
C0BD8D $85 $18         STA $18 [0000D8] = $00B0        A:0068 X:0008 Y:0016 S:03F6 D:00C0 DB:7E P:nvmxdIzC V:52  H:21 
C0BD8F $18             CLC                             A:0068 X:0008 Y:0016 S:03F6 D:00C0 DB:7E P:nvmxdIzC V:52  H:30 
C0BD90 $69 $08 $00     ADC #$0008                      A:0068 X:0008 Y:0016 S:03F6 D:00C0 DB:7E P:nvmxdIzc V:52  H:33 
C0BD93 $30 $1A         BMI $C0BDAF                     A:0070 X:0008 Y:0016 S:03F6 D:00C0 DB:7E P:nvmxdIzc V:52  H:37 
C0BD95 $C9 $00 $01     CMP #$0100                      A:0070 X:0008 Y:0016 S:03F6 D:00C0 DB:7E P:nvmxdIzc V:52  H:40 
C0BD98 $B0 $15         BCS $C0BDAF                     A:0070 X:0008 Y:0016 S:03F6 D:00C0 DB:7E P:NvmxdIzc V:52  H:45 
C0BD9A $B9 $25 $C6     LDA $C625,Y [7EC63B] = $09E8    A:0070 X:0008 Y:0016 S:03F6 D:00C0 DB:7E P:NvmxdIzc V:52  H:48 
C0BD9D $38             SEC                             A:09E8 X:0008 Y:0016 S:03F6 D:00C0 DB:7E P:nvmxdIzc V:52  H:58 
C0BD9E $FF $76 $E3 $7F SBC $7FE376,X [7FE37E] = $0A50  A:09E8 X:0008 Y:0016 S:03F6 D:00C0 DB:7E P:nvmxdIzC V:52  H:61 
C0BDA2 $85 $1A         STA $1A [0000DA] = $0018        A:FF98 X:0008 Y:0016 S:03F6 D:00C0 DB:7E P:NvmxdIzc V:52  H:71 
C0BDA4 $18             CLC                             A:FF98 X:0008 Y:0016 S:03F6 D:00C0 DB:7E P:NvmxdIzc V:52  H:79 
C0BDA5 $69 $10 $00     ADC #$0010                      A:FF98 X:0008 Y:0016 S:03F6 D:00C0 DB:7E P:NvmxdIzc V:52  H:82 
C0BDA8 $30 $05         BMI $C0BDAF                     A:FFA8 X:0008 Y:0016 S:03F6 D:00C0 DB:7E P:NvmxdIzc V:52  H:87 
C0BDAF $60             RTS                             A:FFA8 X:0008 Y:0016 S:03F6 D:00C0 DB:7E P:NvmxdIzc V:52  H:91 
C0998F $80 $0E         BRA $C0999F                     A:FFA8 X:0008 Y:0016 S:03F8 D:00C0 DB:7E P:NvmxdIzc V:52  H:101
C0999F $AD $67 $DD     LDA $DD67 [7EDD67] = $FFFF      A:FFA8 X:0008 Y:0016 S:03F8 D:00C0 DB:7E P:NvmxdIzc V:52  H:106
C099A2 $30 $42         BMI $C099E6                     A:FFFF X:0008 Y:0016 S:03F8 D:00C0 DB:7E P:NvmxdIzc V:52  H:114
C099E6 $AD $69 $DD     LDA $DD69 [7EDD69] = $FFFF      A:FFFF X:0008 Y:0016 S:03F8 D:00C0 DB:7E P:NvmxdIzc V:52  H:119
C099E9 $30 $42         BMI $C09A2D                     A:FFFF X:0008 Y:0016 S:03F8 D:00C0 DB:7E P:NvmxdIzc V:52  H:127
C09A2D $AD $6B $DD     LDA $DD6B [7EDD6B] = $FFFF      A:FFFF X:0008 Y:0016 S:03F8 D:00C0 DB:7E P:NvmxdIzc V:52  H:132
C09A30 $30 $42         BMI $C09A74                     A:FFFF X:0008 Y:0016 S:03F8 D:00C0 DB:7E P:NvmxdIzc V:52  H:150
C09A74 $AD $6D $DD     LDA $DD6D [7EDD6D] = $FFFF      A:FFFF X:0008 Y:0016 S:03F8 D:00C0 DB:7E P:NvmxdIzc V:52  H:155
C09A77 $30 $42         BMI $C09ABB                     A:FFFF X:0008 Y:0016 S:03F8 D:00C0 DB:7E P:NvmxdIzc V:52  H:163
C09ABB $AD $6F $DD     LDA $DD6F [7EDD6F] = $FFFF      A:FFFF X:0008 Y:0016 S:03F8 D:00C0 DB:7E P:NvmxdIzc V:52  H:168
C09ABE $30 $42         BMI $C09B02                     A:FFFF X:0008 Y:0016 S:03F8 D:00C0 DB:7E P:NvmxdIzc V:52  H:176
C09B02 $AD $71 $DD     LDA $DD71 [7EDD71] = $FFFF      A:FFFF X:0008 Y:0016 S:03F8 D:00C0 DB:7E P:NvmxdIzc V:52  H:181
C09B05 $30 $42         BMI $C09B49                     A:FFFF X:0008 Y:0016 S:03F8 D:00C0 DB:7E P:NvmxdIzc V:52  H:189
C09B49 $AD $73 $DD     LDA $DD73 [7EDD73] = $FFFF      A:FFFF X:0008 Y:0016 S:03F8 D:00C0 DB:7E P:NvmxdIzc V:52  H:194
C09B4C $30 $42         BMI $C09B90                     A:FFFF X:0008 Y:0016 S:03F8 D:00C0 DB:7E P:NvmxdIzc V:52  H:202
C09B90 $AD $75 $DD     LDA $DD75 [7EDD75] = $FFFF      A:FFFF X:0008 Y:0016 S:03F8 D:00C0 DB:7E P:NvmxdIzc V:52  H:207
C09B93 $30 $42         BMI $C09BD7                     A:FFFF X:0008 Y:0016 S:03F8 D:00C0 DB:7E P:NvmxdIzc V:52  H:215
C09BD7 $AD $77 $DD     LDA $DD77 [7EDD77] = $FFFF      A:FFFF X:0008 Y:0016 S:03F8 D:00C0 DB:7E P:NvmxdIzc V:52  H:220
C09BDA $30 $42         BMI $C09C1E                     A:FFFF X:0008 Y:0016 S:03F8 D:00C0 DB:7E P:NvmxdIzc V:52  H:228
C09C1E $AD $79 $DD     LDA $DD79 [7EDD79] = $FFFF      A:FFFF X:0008 Y:0016 S:03F8 D:00C0 DB:7E P:NvmxdIzc V:52  H:233
C09C21 $30 $42         BMI $C09C65                     A:FFFF X:0008 Y:0016 S:03F8 D:00C0 DB:7E P:NvmxdIzc V:52  H:241
C09C65 $AD $7B $DD     LDA $DD7B [7EDD7B] = $FFFF      A:FFFF X:0008 Y:0016 S:03F8 D:00C0 DB:7E P:NvmxdIzc V:52  H:246
C09C68 $30 $42         BMI $C09CAC                     A:FFFF X:0008 Y:0016 S:03F8 D:00C0 DB:7E P:NvmxdIzc V:52  H:254
C09CAC $AD $7D $DD     LDA $DD7D [7EDD7D] = $FFFF      A:FFFF X:0008 Y:0016 S:03F8 D:00C0 DB:7E P:NvmxdIzc V:52  H:259
C09CAF $30 $42         BMI $C09CF3                     A:FFFF X:0008 Y:0016 S:03F8 D:00C0 DB:7E P:NvmxdIzc V:52  H:267
C09CF3 $AD $7F $DD     LDA $DD7F [7EDD7F] = $FFFF      A:FFFF X:0008 Y:0016 S:03F8 D:00C0 DB:7E P:NvmxdIzc V:52  H:272
C09CF6 $30 $42         BMI $C09D3A                     A:FFFF X:0008 Y:0016 S:03F8 D:00C0 DB:7E P:NvmxdIzc V:52  H:298
C09D3A $AD $81 $DD     LDA $DD81 [7EDD81] = $FFFF      A:FFFF X:0008 Y:0016 S:03F8 D:00C0 DB:7E P:NvmxdIzc V:52  H:303
C09D3D $30 $42         BMI $C09D81                     A:FFFF X:0008 Y:0016 S:03F8 D:00C0 DB:7E P:NvmxdIzc V:52  H:311
C09D81 $AD $83 $DD     LDA $DD83 [7EDD83] = $FFFF      A:FFFF X:0008 Y:0016 S:03F8 D:00C0 DB:7E P:NvmxdIzc V:52  H:316
C09D84 $30 $42         BMI $C09DC8                     A:FFFF X:0008 Y:0016 S:03F8 D:00C0 DB:7E P:NvmxdIzc V:52  H:324
C09DC8 $AD $85 $DD     LDA $DD85 [7EDD85] = $FFFF      A:FFFF X:0008 Y:0016 S:03F8 D:00C0 DB:7E P:NvmxdIzc V:52  H:328
C09DCB $30 $42         BMI $C09E0F                     A:FFFF X:0008 Y:0016 S:03F8 D:00C0 DB:7E P:NvmxdIzc V:52  H:336
C09E0F $AD $87 $DD     LDA $DD87 [7EDD87] = $FFFF      A:FFFF X:0008 Y:0016 S:03F8 D:00C0 DB:7E P:NvmxdIzc V:53  H:1  
C09E12 $30 $42         BMI $C09E56                     A:FFFF X:0008 Y:0016 S:03F8 D:00C0 DB:7E P:NvmxdIzc V:53  H:9  
C09E56 $28             PLP                             A:FFFF X:0008 Y:0016 S:03F8 D:00C0 DB:7E P:NvmxdIzc V:53  H:14 
C09E57 $6B             RTL                             A:FFFF X:0008 Y:0016 S:03F9 D:00C0 DB:7E P:nvmxdIZc V:53  H:20 
