7E9897 $5C $00 $E1 $CA JMP $CAE100                     A:0000 X:0000 Y:FFFE S:0377 D:0000 DB:7E P:06 V:20  H:111
CAE100 $22 $A1 $DF $CB JSL $CBDFA1                     A:0000 X:0000 Y:FFFE S:0377 D:0000 DB:7E P:06 V:20  H:118
CBDFA1 $AD $77 $99     LDA $9977 [7E9977] = $0000      A:0000 X:0000 Y:FFFE S:0374 D:0000 DB:7E P:06 V:20  H:132
CBDFA4 $22 $04 $46 $C0 JSL $C04604                     A:0000 X:0000 Y:FFFE S:0374 D:0000 DB:7E P:06 V:20  H:150
C04604 $08             PHP                             A:0000 X:0000 Y:FFFE S:0371 D:0000 DB:7E P:06 V:20  H:164
C04605 $C2 $30         REP #$30                        A:0000 X:0000 Y:FFFE S:0370 D:0000 DB:7E P:06 V:20  H:169
C04607 $8B             PHB                             A:0000 X:0000 Y:FFFE S:0370 D:0000 DB:7E P:06 V:20  H:173
C04608 $48             PHA                             A:0000 X:0000 Y:FFFE S:036F D:0000 DB:7E P:06 V:20  H:178
C04609 $DA             PHX                             A:0000 X:0000 Y:FFFE S:036D D:0000 DB:7E P:06 V:20  H:185
C0460A $5A             PHY                             A:0000 X:0000 Y:FFFE S:036B D:0000 DB:7E P:06 V:20  H:192
C0460B $8F $62 $8B $7E STA $7E8B62                     A:0000 X:0000 Y:FFFE S:0369 D:0000 DB:7E P:06 V:20  H:199
C0460F $E2 $20         SEP #$20                        A:0000 X:0000 Y:FFFE S:0369 D:0000 DB:7E P:06 V:20  H:209
C04611 $A3 $0B         LDA $0B,S [000374] = $CB        A:0000 X:0000 Y:FFFE S:0369 D:0000 DB:7E P:26 V:20  H:214
C04613 $48             PHA                             A:00CB X:0000 Y:FFFE S:0369 D:0000 DB:7E P:A4 V:20  H:220
C04614 $AB             PLB                             A:00CB X:0000 Y:FFFE S:0368 D:0000 DB:7E P:A4 V:20  H:225
C04615 $C2 $20         REP #$20                        A:00CB X:0000 Y:FFFE S:0369 D:0000 DB:CB P:A4 V:20  H:232
C04617 $A0 $01 $00     LDY #$0001                      A:00CB X:0000 Y:FFFE S:0369 D:0000 DB:CB P:84 V:20  H:236
C0461A $B3 $09         LDA ($09,S),Y [CBDFA8] = $30D9  A:00CB X:0000 Y:0001 S:0369 D:0000 DB:CB P:04 V:20  H:241
C0461C $8F $64 $8B $7E STA $7E8B64                     A:30D9 X:0000 Y:0001 S:0369 D:0000 DB:CB P:04 V:20  H:254
C04620 $C8             INY                             A:30D9 X:0000 Y:0001 S:0369 D:0000 DB:CB P:04 V:20  H:264
C04621 $B3 $09         LDA ($09,S),Y [CBDFA9] = $F630  A:30D9 X:0000 Y:0002 S:0369 D:0000 DB:CB P:04 V:20  H:267
C04623 $8F $65 $8B $7E STA $7E8B65                     A:F630 X:0000 Y:0002 S:0369 D:0000 DB:CB P:84 V:20  H:286
C04627 $C8             INY                             A:F630 X:0000 Y:0002 S:0369 D:0000 DB:CB P:84 V:20  H:296
C04628 $C8             INY                             A:F630 X:0000 Y:0003 S:0369 D:0000 DB:CB P:04 V:20  H:299
C04629 $B3 $09         LDA ($09,S),Y [CBDFAB] = $AD00  A:F630 X:0000 Y:0004 S:0369 D:0000 DB:CB P:04 V:20  H:302
C0462B $29 $FF $00     AND #$00FF                      A:AD00 X:0000 Y:0004 S:0369 D:0000 DB:CB P:84 V:20  H:315
C0462E $8F $68 $8B $7E STA $7E8B68                     A:0000 X:0000 Y:0004 S:0369 D:0000 DB:CB P:06 V:20  H:319
C04632 $A3 $09         LDA $09,S [000372] = $DFA7      A:0000 X:0000 Y:0004 S:0369 D:0000 DB:CB P:06 V:20  H:328
C04634 $1A             INC                             A:DFA7 X:0000 Y:0004 S:0369 D:0000 DB:CB P:84 V:20  H:337
C04635 $1A             INC                             A:DFA8 X:0000 Y:0004 S:0369 D:0000 DB:CB P:84 V:21  H:0  
C04636 $1A             INC                             A:DFA9 X:0000 Y:0004 S:0369 D:0000 DB:CB P:84 V:21  H:3  
C04637 $1A             INC                             A:DFAA X:0000 Y:0004 S:0369 D:0000 DB:CB P:84 V:21  H:6  
C04638 $83 $09         STA $09,S [000372] = $DFA7      A:DFAB X:0000 Y:0004 S:0369 D:0000 DB:CB P:84 V:21  H:9  
C0463A $4C $50 $46     JMP $4650 [C04650] = $7EF4      A:DFAB X:0000 Y:0004 S:0369 D:0000 DB:CB P:84 V:21  H:17 
C04650 $F4 $7E $7E     PEA #$7E7E                      A:DFAB X:0000 Y:0004 S:0369 D:0000 DB:CB P:84 V:21  H:22 
C04653 $AB             PLB                             A:DFAB X:0000 Y:0004 S:0367 D:0000 DB:CB P:84 V:21  H:30 
C04654 $AB             PLB                             A:DFAB X:0000 Y:0004 S:0368 D:0000 DB:7E P:04 V:21  H:37 
C04655 $AD $62 $8B     LDA $8B62 [7E8B62] = $0000      A:DFAB X:0000 Y:0004 S:0369 D:0000 DB:7E P:04 V:21  H:43 
C04658 $C9 $20 $00     CMP #$0020                      A:0000 X:0000 Y:0004 S:0369 D:0000 DB:7E P:06 V:21  H:52 
C0465B $B0 $12         BCS $C0466F                     A:0000 X:0000 Y:0004 S:0369 D:0000 DB:7E P:84 V:21  H:56 
C0465D $A2 $00 $00     LDX #$0000                      A:0000 X:0000 Y:0004 S:0369 D:0000 DB:7E P:84 V:21  H:59 
C04660 $BD $42 $8B     LDA $8B42,X [7E8B42] = $FFFF    A:0000 X:0000 Y:0004 S:0369 D:0000 DB:7E P:06 V:21  H:64 
C04663 $C9 $FF $FF     CMP #$FFFF                      A:FFFF X:0000 Y:0004 S:0369 D:0000 DB:7E P:84 V:21  H:74 
C04666 $F0 $0E         BEQ $C04676                     A:FFFF X:0000 Y:0004 S:0369 D:0000 DB:7E P:07 V:21  H:78 
C04676 $AD $64 $8B     LDA $8B64 [7E8B64] = $30D9      A:FFFF X:0000 Y:0004 S:0369 D:0000 DB:7E P:07 V:21  H:83 
C04679 $9D $32 $8B     STA $8B32,X [7E8B32] = $30D9    A:30D9 X:0000 Y:0004 S:0369 D:0000 DB:7E P:05 V:21  H:91 
C0467C $85 $30         STA $30 [000030] = $0000        A:30D9 X:0000 Y:0004 S:0369 D:0000 DB:7E P:05 V:21  H:101
C0467E $AD $66 $8B     LDA $8B66 [7E8B66] = $00F6      A:30D9 X:0000 Y:0004 S:0369 D:0000 DB:7E P:05 V:21  H:108
C04681 $29 $FF $00     AND #$00FF                      A:00F6 X:0000 Y:0004 S:0369 D:0000 DB:7E P:05 V:21  H:117
C04684 $85 $32         STA $32 [000032] = $00F6        A:00F6 X:0000 Y:0004 S:0369 D:0000 DB:7E P:05 V:21  H:121
C04686 $AD $68 $8B     LDA $8B68 [7E8B68] = $0000      A:00F6 X:0000 Y:0004 S:0369 D:0000 DB:7E P:05 V:21  H:128
C04689 $9D $22 $8B     STA $8B22,X [7E8B22] = $0000    A:0000 X:0000 Y:0004 S:0369 D:0000 DB:7E P:07 V:21  H:147
C0468C $9E $92 $8A     STZ $8A92,X [7E8A92] = $000E    A:0000 X:0000 Y:0004 S:0369 D:0000 DB:7E P:07 V:21  H:157
C0468F $9E $A2 $8A     STZ $8AA2,X [7E8AA2] = $0000    A:0000 X:0000 Y:0004 S:0369 D:0000 DB:7E P:07 V:21  H:167
C04692 $A9 $01 $00     LDA #$0001                      A:0000 X:0000 Y:0004 S:0369 D:0000 DB:7E P:07 V:21  H:177
C04695 $9D $C2 $8A     STA $8AC2,X [7E8AC2] = $0001    A:0001 X:0000 Y:0004 S:0369 D:0000 DB:7E P:05 V:21  H:181
C04698 $9C $6A $8B     STZ $8B6A [7E8B6A] = $0006      A:0001 X:0000 Y:0004 S:0369 D:0000 DB:7E P:05 V:21  H:191
C0469B $A0 $03 $00     LDY #$0003                      A:0001 X:0000 Y:0004 S:0369 D:0000 DB:7E P:05 V:21  H:200
C0469E $B7 $30         LDA [$30],Y [F630DC] = $0106    A:0001 X:0000 Y:0003 S:0369 D:0000 DB:7E P:05 V:21  H:204
C046A0 $29 $FF $00     AND #$00FF                      A:0106 X:0000 Y:0003 S:0369 D:0000 DB:7E P:05 V:21  H:216
C046A3 $F0 $06         BEQ $C046AB                     A:0006 X:0000 Y:0003 S:0369 D:0000 DB:7E P:05 V:21  H:221
C046A5 $A9 $02 $00     LDA #$0002                      A:0006 X:0000 Y:0003 S:0369 D:0000 DB:7E P:05 V:21  H:224
C046A8 $8D $6A $8B     STA $8B6A [7E8B6A] = $0000      A:0002 X:0000 Y:0003 S:0369 D:0000 DB:7E P:05 V:21  H:228
C046AB $C8             INY                             A:0002 X:0000 Y:0003 S:0369 D:0000 DB:7E P:05 V:21  H:237
C046AC $B7 $30         LDA [$30],Y [F630DD] = $3701    A:0002 X:0000 Y:0004 S:0369 D:0000 DB:7E P:05 V:21  H:240
C046AE $29 $FF $00     AND #$00FF                      A:3701 X:0000 Y:0004 S:0369 D:0000 DB:7E P:05 V:21  H:252
C046B1 $F0 $0A         BEQ $C046BD                     A:0001 X:0000 Y:0004 S:0369 D:0000 DB:7E P:05 V:21  H:256
C046B3 $AD $6A $8B     LDA $8B6A [7E8B6A] = $0002      A:0001 X:0000 Y:0004 S:0369 D:0000 DB:7E P:05 V:21  H:259
C046B6 $18             CLC                             A:0002 X:0000 Y:0004 S:0369 D:0000 DB:7E P:05 V:21  H:268
C046B7 $69 $04 $00     ADC #$0004                      A:0002 X:0000 Y:0004 S:0369 D:0000 DB:7E P:04 V:21  H:271
C046BA $8D $6A $8B     STA $8B6A [7E8B6A] = $0002      A:0006 X:0000 Y:0004 S:0369 D:0000 DB:7E P:04 V:21  H:275
C046BD $AD $6A $8B     LDA $8B6A [7E8B6A] = $0006      A:0006 X:0000 Y:0004 S:0369 D:0000 DB:7E P:04 V:21  H:290
C046C0 $9D $52 $8B     STA $8B52,X [7E8B52] = $0006    A:0006 X:0000 Y:0004 S:0369 D:0000 DB:7E P:04 V:21  H:298
C046C3 $A7 $30         LDA [$30] [F630D9] = $30D2      A:0006 X:0000 Y:0004 S:0369 D:0000 DB:7E P:04 V:21  H:308
C046C5 $85 $34         STA $34 [000034] = $30D2        A:30D2 X:0000 Y:0004 S:0369 D:0000 DB:7E P:04 V:21  H:320
C046C7 $A0 $02 $00     LDY #$0002                      A:30D2 X:0000 Y:0004 S:0369 D:0000 DB:7E P:04 V:21  H:327
C046CA $B7 $30         LDA [$30],Y [F630DB] = $06F6    A:30D2 X:0000 Y:0002 S:0369 D:0000 DB:7E P:04 V:21  H:331
C046CC $29 $FF $00     AND #$00FF                      A:06F6 X:0000 Y:0002 S:0369 D:0000 DB:7E P:04 V:22  H:3  
C046CF $85 $36         STA $36 [000036] = $00F6        A:00F6 X:0000 Y:0002 S:0369 D:0000 DB:7E P:04 V:22  H:7  
C046D1 $A0 $00 $00     LDY #$0000                      A:00F6 X:0000 Y:0002 S:0369 D:0000 DB:7E P:04 V:22  H:14 
C046D4 $B9 $7E $8B     LDA $8B7E,Y [7E8B7E] = $30D2    A:00F6 X:0000 Y:0000 S:0369 D:0000 DB:7E P:06 V:22  H:19 
C046D7 $C5 $34         CMP $34 [000034] = $30D2        A:30D2 X:0000 Y:0000 S:0369 D:0000 DB:7E P:04 V:22  H:29 
C046D9 $D0 $07         BNE $C046E2                     A:30D2 X:0000 Y:0000 S:0369 D:0000 DB:7E P:07 V:22  H:36 
C046DB $B9 $8E $8B     LDA $8B8E,Y [7E8B8E] = $FFFF    A:30D2 X:0000 Y:0000 S:0369 D:0000 DB:7E P:07 V:22  H:39 
C046DE $C5 $36         CMP $36 [000036] = $00F6        A:FFFF X:0000 Y:0000 S:0369 D:0000 DB:7E P:85 V:22  H:49 
C046E0 $F0 $1C         BEQ $C046FE                     A:FFFF X:0000 Y:0000 S:0369 D:0000 DB:7E P:85 V:22  H:56 
C046E2 $C8             INY                             A:FFFF X:0000 Y:0000 S:0369 D:0000 DB:7E P:85 V:22  H:59 
C046E3 $C8             INY                             A:FFFF X:0000 Y:0001 S:0369 D:0000 DB:7E P:05 V:22  H:62 
C046E4 $C0 $10 $00     CPY #$0010                      A:FFFF X:0000 Y:0002 S:0369 D:0000 DB:7E P:05 V:22  H:65 
C046E7 $90 $EB         BCC $C046D4                     A:FFFF X:0000 Y:0002 S:0369 D:0000 DB:7E P:84 V:22  H:69 
C046D4 $B9 $7E $8B     LDA $8B7E,Y [7E8B80] = $C1C0    A:FFFF X:0000 Y:0002 S:0369 D:0000 DB:7E P:84 V:22  H:74 
C046D7 $C5 $34         CMP $34 [000034] = $30D2        A:C1C0 X:0000 Y:0002 S:0369 D:0000 DB:7E P:84 V:22  H:84 
C046D9 $D0 $07         BNE $C046E2                     A:C1C0 X:0000 Y:0002 S:0369 D:0000 DB:7E P:85 V:22  H:91 
C046E2 $C8             INY                             A:C1C0 X:0000 Y:0002 S:0369 D:0000 DB:7E P:85 V:22  H:95 
C046E3 $C8             INY                             A:C1C0 X:0000 Y:0003 S:0369 D:0000 DB:7E P:05 V:22  H:98 
C046E4 $C0 $10 $00     CPY #$0010                      A:C1C0 X:0000 Y:0004 S:0369 D:0000 DB:7E P:05 V:22  H:101
C046E7 $90 $EB         BCC $C046D4                     A:C1C0 X:0000 Y:0004 S:0369 D:0000 DB:7E P:84 V:22  H:106
C046D4 $B9 $7E $8B     LDA $8B7E,Y [7E8B82] = $C3C2    A:C1C0 X:0000 Y:0004 S:0369 D:0000 DB:7E P:84 V:22  H:110
C046D7 $C5 $34         CMP $34 [000034] = $30D2        A:C3C2 X:0000 Y:0004 S:0369 D:0000 DB:7E P:84 V:22  H:120
C046D9 $D0 $07         BNE $C046E2                     A:C3C2 X:0000 Y:0004 S:0369 D:0000 DB:7E P:85 V:22  H:127
C046E2 $C8             INY                             A:C3C2 X:0000 Y:0004 S:0369 D:0000 DB:7E P:85 V:22  H:132
C046E3 $C8             INY                             A:C3C2 X:0000 Y:0005 S:0369 D:0000 DB:7E P:05 V:22  H:145
C046E4 $C0 $10 $00     CPY #$0010                      A:C3C2 X:0000 Y:0006 S:0369 D:0000 DB:7E P:05 V:22  H:148
C046E7 $90 $EB         BCC $C046D4                     A:C3C2 X:0000 Y:0006 S:0369 D:0000 DB:7E P:84 V:22  H:152
C046D4 $B9 $7E $8B     LDA $8B7E,Y [7E8B84] = $C5C4    A:C3C2 X:0000 Y:0006 S:0369 D:0000 DB:7E P:84 V:22  H:157
C046D7 $C5 $34         CMP $34 [000034] = $30D2        A:C5C4 X:0000 Y:0006 S:0369 D:0000 DB:7E P:84 V:22  H:167
C046D9 $D0 $07         BNE $C046E2                     A:C5C4 X:0000 Y:0006 S:0369 D:0000 DB:7E P:85 V:22  H:174
C046E2 $C8             INY                             A:C5C4 X:0000 Y:0006 S:0369 D:0000 DB:7E P:85 V:22  H:178
C046E3 $C8             INY                             A:C5C4 X:0000 Y:0007 S:0369 D:0000 DB:7E P:05 V:22  H:181
C046E4 $C0 $10 $00     CPY #$0010                      A:C5C4 X:0000 Y:0008 S:0369 D:0000 DB:7E P:05 V:22  H:184
C046E7 $90 $EB         BCC $C046D4                     A:C5C4 X:0000 Y:0008 S:0369 D:0000 DB:7E P:84 V:22  H:189
C046D4 $B9 $7E $8B     LDA $8B7E,Y [7E8B86] = $C7C6    A:C5C4 X:0000 Y:0008 S:0369 D:0000 DB:7E P:84 V:22  H:193
C046D7 $C5 $34         CMP $34 [000034] = $30D2        A:C7C6 X:0000 Y:0008 S:0369 D:0000 DB:7E P:84 V:22  H:203
C046D9 $D0 $07         BNE $C046E2                     A:C7C6 X:0000 Y:0008 S:0369 D:0000 DB:7E P:85 V:22  H:210
C046E2 $C8             INY                             A:C7C6 X:0000 Y:0008 S:0369 D:0000 DB:7E P:85 V:22  H:215
C046E3 $C8             INY                             A:C7C6 X:0000 Y:0009 S:0369 D:0000 DB:7E P:05 V:22  H:218
C046E4 $C0 $10 $00     CPY #$0010                      A:C7C6 X:0000 Y:000A S:0369 D:0000 DB:7E P:05 V:22  H:221
C046E7 $90 $EB         BCC $C046D4                     A:C7C6 X:0000 Y:000A S:0369 D:0000 DB:7E P:84 V:22  H:225
C046D4 $B9 $7E $8B     LDA $8B7E,Y [7E8B88] = $C9C8    A:C7C6 X:0000 Y:000A S:0369 D:0000 DB:7E P:84 V:22  H:230
C046D7 $C5 $34         CMP $34 [000034] = $30D2        A:C9C8 X:0000 Y:000A S:0369 D:0000 DB:7E P:84 V:22  H:240
C046D9 $D0 $07         BNE $C046E2                     A:C9C8 X:0000 Y:000A S:0369 D:0000 DB:7E P:85 V:22  H:247
C046E2 $C8             INY                             A:C9C8 X:0000 Y:000A S:0369 D:0000 DB:7E P:85 V:22  H:251
C046E3 $C8             INY                             A:C9C8 X:0000 Y:000B S:0369 D:0000 DB:7E P:05 V:22  H:254
C046E4 $C0 $10 $00     CPY #$0010                      A:C9C8 X:0000 Y:000C S:0369 D:0000 DB:7E P:05 V:22  H:257
C046E7 $90 $EB         BCC $C046D4                     A:C9C8 X:0000 Y:000C S:0369 D:0000 DB:7E P:84 V:22  H:262
C046D4 $B9 $7E $8B     LDA $8B7E,Y [7E8B8A] = $CBCA    A:C9C8 X:0000 Y:000C S:0369 D:0000 DB:7E P:84 V:22  H:266
C046D7 $C5 $34         CMP $34 [000034] = $30D2        A:CBCA X:0000 Y:000C S:0369 D:0000 DB:7E P:84 V:22  H:284
C046D9 $D0 $07         BNE $C046E2                     A:CBCA X:0000 Y:000C S:0369 D:0000 DB:7E P:85 V:22  H:291
C046E2 $C8             INY                             A:CBCA X:0000 Y:000C S:0369 D:0000 DB:7E P:85 V:22  H:295
C046E3 $C8             INY                             A:CBCA X:0000 Y:000D S:0369 D:0000 DB:7E P:05 V:22  H:298
C046E4 $C0 $10 $00     CPY #$0010                      A:CBCA X:0000 Y:000E S:0369 D:0000 DB:7E P:05 V:22  H:301
C046E7 $90 $EB         BCC $C046D4                     A:CBCA X:0000 Y:000E S:0369 D:0000 DB:7E P:84 V:22  H:306
C046D4 $B9 $7E $8B     LDA $8B7E,Y [7E8B8C] = $CDCC    A:CBCA X:0000 Y:000E S:0369 D:0000 DB:7E P:84 V:22  H:310
C046D7 $C5 $34         CMP $34 [000034] = $30D2        A:CDCC X:0000 Y:000E S:0369 D:0000 DB:7E P:84 V:22  H:320
C046D9 $D0 $07         BNE $C046E2                     A:CDCC X:0000 Y:000E S:0369 D:0000 DB:7E P:85 V:22  H:327
C046E2 $C8             INY                             A:CDCC X:0000 Y:000E S:0369 D:0000 DB:7E P:85 V:22  H:331
C046E3 $C8             INY                             A:CDCC X:0000 Y:000F S:0369 D:0000 DB:7E P:05 V:22  H:334
C046E4 $C0 $10 $00     CPY #$0010                      A:CDCC X:0000 Y:0010 S:0369 D:0000 DB:7E P:05 V:22  H:337
C046E7 $90 $EB         BCC $C046D4                     A:CDCC X:0000 Y:0010 S:0369 D:0000 DB:7E P:07 V:23  H:1  
C046E9 $A0 $00 $00     LDY #$0000                      A:CDCC X:0000 Y:0010 S:0369 D:0000 DB:7E P:07 V:23  H:4  
C046EC $B9 $8E $8B     LDA $8B8E,Y [7E8B8E] = $FFFF    A:CDCC X:0000 Y:0000 S:0369 D:0000 DB:7E P:07 V:23  H:9  
C046EF $C9 $FF $FF     CMP #$FFFF                      A:FFFF X:0000 Y:0000 S:0369 D:0000 DB:7E P:85 V:23  H:19 
C046F2 $F0 $16         BEQ $C0470A                     A:FFFF X:0000 Y:0000 S:0369 D:0000 DB:7E P:07 V:23  H:23 
C0470A $98             TYA                             A:FFFF X:0000 Y:0000 S:0369 D:0000 DB:7E P:07 V:23  H:28 
C0470B $9D $E2 $8A     STA $8AE2,X [7E8AE2] = $0000    A:0000 X:0000 Y:0000 S:0369 D:0000 DB:7E P:07 V:23  H:31 
C0470E $20 $56 $47     JSR $4756 [C04756] = $5ADA      A:0000 X:0000 Y:0000 S:0369 D:0000 DB:7E P:07 V:23  H:41 
C04756 $DA             PHX                             A:0000 X:0000 Y:0000 S:0367 D:0000 DB:7E P:07 V:23  H:51 
C04757 $5A             PHY                             A:0000 X:0000 Y:0000 S:0365 D:0000 DB:7E P:07 V:23  H:58 
C04758 $A7 $34         LDA [$34] [F630D2] = $C103      A:0000 X:0000 Y:0000 S:0363 D:0000 DB:7E P:07 V:23  H:65 
C0475A $29 $FF $00     AND #$00FF                      A:C103 X:0000 Y:0000 S:0363 D:0000 DB:7E P:85 V:23  H:77 
C0475D $85 $30         STA $30 [000030] = $30D9        A:0003 X:0000 Y:0000 S:0363 D:0000 DB:7E P:05 V:23  H:81 
C0475F $64 $32         STZ $32 [000032] = $00F6        A:0003 X:0000 Y:0000 S:0363 D:0000 DB:7E P:05 V:23  H:88 
C04761 $A2 $00 $00     LDX #$0000                      A:0003 X:0000 Y:0000 S:0363 D:0000 DB:7E P:05 V:23  H:95 
C04764 $BD $5E $88     LDA $885E,X [7E885E] = $0000    A:0003 X:0000 Y:0000 S:0363 D:0000 DB:7E P:07 V:23  H:100
C04767 $D0 $0E         BNE $C04777                     A:0000 X:0000 Y:0000 S:0363 D:0000 DB:7E P:07 V:23  H:110
C04769 $A5 $32         LDA $32 [000032] = $0000        A:0000 X:0000 Y:0000 S:0363 D:0000 DB:7E P:07 V:23  H:113
C0476B $D0 $01         BNE $C0476E                     A:0000 X:0000 Y:0000 S:0363 D:0000 DB:7E P:07 V:23  H:120
C0476D $9B             TXY                             A:0000 X:0000 Y:0000 S:0363 D:0000 DB:7E P:07 V:23  H:123
C0476E $E6 $32         INC $32 [000032] = $0000        A:0000 X:0000 Y:0000 S:0363 D:0000 DB:7E P:07 V:23  H:126
C04770 $1A             INC                             A:0000 X:0000 Y:0000 S:0363 D:0000 DB:7E P:05 V:23  H:148
C04771 $C5 $30         CMP $30 [000030] = $0003        A:0001 X:0000 Y:0000 S:0363 D:0000 DB:7E P:05 V:23  H:151
C04773 $B0 $0F         BCS $C04784                     A:0001 X:0000 Y:0000 S:0363 D:0000 DB:7E P:84 V:23  H:158
C04775 $80 $02         BRA $C04779                     A:0001 X:0000 Y:0000 S:0363 D:0000 DB:7E P:84 V:23  H:161
C04779 $E8             INX                             A:0001 X:0000 Y:0000 S:0363 D:0000 DB:7E P:84 V:23  H:166
C0477A $E8             INX                             A:0001 X:0001 Y:0000 S:0363 D:0000 DB:7E P:04 V:23  H:169
C0477B $E0 $20 $00     CPX #$0020                      A:0001 X:0002 Y:0000 S:0363 D:0000 DB:7E P:04 V:23  H:172
C0477E $90 $E4         BCC $C04764                     A:0001 X:0002 Y:0000 S:0363 D:0000 DB:7E P:84 V:23  H:176
C04764 $BD $5E $88     LDA $885E,X [7E8860] = $0000    A:0001 X:0002 Y:0000 S:0363 D:0000 DB:7E P:84 V:23  H:181
C04767 $D0 $0E         BNE $C04777                     A:0000 X:0002 Y:0000 S:0363 D:0000 DB:7E P:06 V:23  H:191
C04769 $A5 $32         LDA $32 [000032] = $0001        A:0000 X:0002 Y:0000 S:0363 D:0000 DB:7E P:06 V:23  H:194
C0476B $D0 $01         BNE $C0476E                     A:0001 X:0002 Y:0000 S:0363 D:0000 DB:7E P:04 V:23  H:201
C0476E $E6 $32         INC $32 [000032] = $0001        A:0001 X:0002 Y:0000 S:0363 D:0000 DB:7E P:04 V:23  H:205
C04770 $1A             INC                             A:0001 X:0002 Y:0000 S:0363 D:0000 DB:7E P:04 V:23  H:218
C04771 $C5 $30         CMP $30 [000030] = $0003        A:0002 X:0002 Y:0000 S:0363 D:0000 DB:7E P:04 V:23  H:221
C04773 $B0 $0F         BCS $C04784                     A:0002 X:0002 Y:0000 S:0363 D:0000 DB:7E P:84 V:23  H:228
C04775 $80 $02         BRA $C04779                     A:0002 X:0002 Y:0000 S:0363 D:0000 DB:7E P:84 V:23  H:231
C04779 $E8             INX                             A:0002 X:0002 Y:0000 S:0363 D:0000 DB:7E P:84 V:23  H:235
C0477A $E8             INX                             A:0002 X:0003 Y:0000 S:0363 D:0000 DB:7E P:04 V:23  H:238
C0477B $E0 $20 $00     CPX #$0020                      A:0002 X:0004 Y:0000 S:0363 D:0000 DB:7E P:04 V:23  H:241
C0477E $90 $E4         BCC $C04764                     A:0002 X:0004 Y:0000 S:0363 D:0000 DB:7E P:84 V:23  H:246
C04764 $BD $5E $88     LDA $885E,X [7E8862] = $0000    A:0002 X:0004 Y:0000 S:0363 D:0000 DB:7E P:84 V:23  H:250
C04767 $D0 $0E         BNE $C04777                     A:0000 X:0004 Y:0000 S:0363 D:0000 DB:7E P:06 V:23  H:260
C04769 $A5 $32         LDA $32 [000032] = $0002        A:0000 X:0004 Y:0000 S:0363 D:0000 DB:7E P:06 V:23  H:263
C0476B $D0 $01         BNE $C0476E                     A:0002 X:0004 Y:0000 S:0363 D:0000 DB:7E P:04 V:23  H:270
C0476E $E6 $32         INC $32 [000032] = $0002        A:0002 X:0004 Y:0000 S:0363 D:0000 DB:7E P:04 V:23  H:275
C04770 $1A             INC                             A:0002 X:0004 Y:0000 S:0363 D:0000 DB:7E P:04 V:23  H:298
C04771 $C5 $30         CMP $30 [000030] = $0003        A:0003 X:0004 Y:0000 S:0363 D:0000 DB:7E P:04 V:23  H:301
C04773 $B0 $0F         BCS $C04784                     A:0003 X:0004 Y:0000 S:0363 D:0000 DB:7E P:07 V:23  H:308
C04784 $98             TYA                             A:0003 X:0004 Y:0000 S:0363 D:0000 DB:7E P:07 V:23  H:312
C04785 $18             CLC                             A:0000 X:0004 Y:0000 S:0363 D:0000 DB:7E P:07 V:23  H:315
C04786 $69 $20 $00     ADC #$0020                      A:0000 X:0004 Y:0000 S:0363 D:0000 DB:7E P:06 V:23  H:318
C04789 $48             PHA                             A:0020 X:0004 Y:0000 S:0363 D:0000 DB:7E P:04 V:23  H:323
C0478A $20 $92 $47     JSR $4792 [C04792] = $5ADA      A:0020 X:0004 Y:0000 S:0361 D:0000 DB:7E P:04 V:23  H:329
C04792 $DA             PHX                             A:0020 X:0004 Y:0000 S:035F D:0000 DB:7E P:04 V:23  H:339
C04793 $5A             PHY                             A:0020 X:0004 Y:0000 S:035D D:0000 DB:7E P:04 V:24  H:6  
C04794 $AA             TAX                             A:0020 X:0004 Y:0000 S:035B D:0000 DB:7E P:04 V:24  H:13 
C04795 $A7 $34         LDA [$34] [F630D2] = $C103      A:0020 X:0020 Y:0000 S:035B D:0000 DB:7E P:04 V:24  H:16 
C04797 $29 $FF $00     AND #$00FF                      A:C103 X:0020 Y:0000 S:035B D:0000 DB:7E P:84 V:24  H:28 
C0479A $85 $30         STA $30 [000030] = $0003        A:0003 X:0020 Y:0000 S:035B D:0000 DB:7E P:04 V:24  H:32 
C0479C $A0 $01 $00     LDY #$0001                      A:0003 X:0020 Y:0000 S:035B D:0000 DB:7E P:04 V:24  H:39 
C0479F $B7 $34         LDA [$34],Y [F630D3] = $02C1    A:0003 X:0020 Y:0001 S:035B D:0000 DB:7E P:04 V:24  H:44 
C047A1 $9D $FE $87     STA $87FE,X [7E881E] = $0000    A:02C1 X:0020 Y:0001 S:035B D:0000 DB:7E P:04 V:24  H:56 
C047A4 $FE $3E $88     INC $883E,X [7E885E] = $0000    A:02C1 X:0020 Y:0001 S:035B D:0000 DB:7E P:04 V:24  H:66 
C047A7 $E8             INX                             A:02C1 X:0020 Y:0001 S:035B D:0000 DB:7E P:04 V:24  H:81 
C047A8 $E8             INX                             A:02C1 X:0021 Y:0001 S:035B D:0000 DB:7E P:04 V:24  H:84 
C047A9 $C8             INY                             A:02C1 X:0022 Y:0001 S:035B D:0000 DB:7E P:04 V:24  H:87 
C047AA $C8             INY                             A:02C1 X:0022 Y:0002 S:035B D:0000 DB:7E P:04 V:24  H:90 
C047AB $C6 $30         DEC $30 [000030] = $0003        A:02C1 X:0022 Y:0003 S:035B D:0000 DB:7E P:04 V:24  H:93 
C047AD $D0 $F0         BNE $C0479F                     A:02C1 X:0022 Y:0003 S:035B D:0000 DB:7E P:04 V:24  H:106
C0479F $B7 $34         LDA [$34],Y [F630D5] = $02C2    A:02C1 X:0022 Y:0003 S:035B D:0000 DB:7E P:04 V:24  H:110
C047A1 $9D $FE $87     STA $87FE,X [7E8820] = $0000    A:02C2 X:0022 Y:0003 S:035B D:0000 DB:7E P:04 V:24  H:122
C047A4 $FE $3E $88     INC $883E,X [7E8860] = $0000    A:02C2 X:0022 Y:0003 S:035B D:0000 DB:7E P:04 V:24  H:132
C047A7 $E8             INX                             A:02C2 X:0022 Y:0003 S:035B D:0000 DB:7E P:04 V:24  H:158
C047A8 $E8             INX                             A:02C2 X:0023 Y:0003 S:035B D:0000 DB:7E P:04 V:24  H:161
C047A9 $C8             INY                             A:02C2 X:0024 Y:0003 S:035B D:0000 DB:7E P:04 V:24  H:164
C047AA $C8             INY                             A:02C2 X:0024 Y:0004 S:035B D:0000 DB:7E P:04 V:24  H:167
C047AB $C6 $30         DEC $30 [000030] = $0002        A:02C2 X:0024 Y:0005 S:035B D:0000 DB:7E P:04 V:24  H:170
C047AD $D0 $F0         BNE $C0479F                     A:02C2 X:0024 Y:0005 S:035B D:0000 DB:7E P:04 V:24  H:182
C0479F $B7 $34         LDA [$34],Y [F630D7] = $02C3    A:02C2 X:0024 Y:0005 S:035B D:0000 DB:7E P:04 V:24  H:187
C047A1 $9D $FE $87     STA $87FE,X [7E8822] = $0000    A:02C3 X:0024 Y:0005 S:035B D:0000 DB:7E P:04 V:24  H:199
C047A4 $FE $3E $88     INC $883E,X [7E8862] = $0000    A:02C3 X:0024 Y:0005 S:035B D:0000 DB:7E P:04 V:24  H:209
C047A7 $E8             INX                             A:02C3 X:0024 Y:0005 S:035B D:0000 DB:7E P:04 V:24  H:224
C047A8 $E8             INX                             A:02C3 X:0025 Y:0005 S:035B D:0000 DB:7E P:04 V:24  H:227
C047A9 $C8             INY                             A:02C3 X:0026 Y:0005 S:035B D:0000 DB:7E P:04 V:24  H:230
C047AA $C8             INY                             A:02C3 X:0026 Y:0006 S:035B D:0000 DB:7E P:04 V:24  H:233
C047AB $C6 $30         DEC $30 [000030] = $0001        A:02C3 X:0026 Y:0007 S:035B D:0000 DB:7E P:04 V:24  H:236
C047AD $D0 $F0         BNE $C0479F                     A:02C3 X:0026 Y:0007 S:035B D:0000 DB:7E P:06 V:24  H:249
C047AF $7A             PLY                             A:02C3 X:0026 Y:0007 S:035B D:0000 DB:7E P:06 V:24  H:252
C047B0 $FA             PLX                             A:02C3 X:0026 Y:0000 S:035D D:0000 DB:7E P:06 V:24  H:260
C047B1 $60             RTS                             A:02C3 X:0004 Y:0000 S:035F D:0000 DB:7E P:04 V:24  H:269
C0478D $68             PLA                             A:02C3 X:0004 Y:0000 S:0361 D:0000 DB:7E P:04 V:24  H:292
C0478E $7A             PLY                             A:0020 X:0004 Y:0000 S:0363 D:0000 DB:7E P:04 V:24  H:301
C0478F $FA             PLX                             A:0020 X:0004 Y:0000 S:0365 D:0000 DB:7E P:06 V:24  H:309
C04790 $38             SEC                             A:0020 X:0000 Y:0000 S:0367 D:0000 DB:7E P:06 V:24  H:318
C04791 $60             RTS                             A:0020 X:0000 Y:0000 S:0367 D:0000 DB:7E P:07 V:24  H:321
C04711 $B0 $03         BCS $C04716                     A:0020 X:0000 Y:0000 S:0369 D:0000 DB:7E P:07 V:24  H:330
C04716 $99 $9E $8B     STA $8B9E,Y [7E8B9E] = $0020    A:0020 X:0000 Y:0000 S:0369 D:0000 DB:7E P:07 V:24  H:334
C04719 $A9 $00 $00     LDA #$0000                      A:0020 X:0000 Y:0000 S:0369 D:0000 DB:7E P:07 V:25  H:4  
C0471C $99 $6E $8B     STA $8B6E,Y [7E8B6E] = $0000    A:0000 X:0000 Y:0000 S:0369 D:0000 DB:7E P:07 V:25  H:9  
C0471F $A9 $02 $00     LDA #$0002                      A:0000 X:0000 Y:0000 S:0369 D:0000 DB:7E P:07 V:25  H:19 
C04722 $22 $F9 $3F $C0 JSL $C03FF9                     A:0002 X:0000 Y:0000 S:0369 D:0000 DB:7E P:05 V:25  H:23 
C03FF9 $08             PHP                             A:0002 X:0000 Y:0000 S:0366 D:0000 DB:7E P:05 V:25  H:37 
C03FFA $C2 $30         REP #$30                        A:0002 X:0000 Y:0000 S:0365 D:0000 DB:7E P:05 V:25  H:42 
C03FFC $8B             PHB                             A:0002 X:0000 Y:0000 S:0365 D:0000 DB:7E P:05 V:25  H:46 
C03FFD $F4 $7E $7E     PEA #$7E7E                      A:0002 X:0000 Y:0000 S:0364 D:0000 DB:7E P:05 V:25  H:51 
C04000 $AB             PLB                             A:0002 X:0000 Y:0000 S:0362 D:0000 DB:7E P:05 V:25  H:60 
C04001 $AB             PLB                             A:0002 X:0000 Y:0000 S:0363 D:0000 DB:7E P:05 V:25  H:66 
C04002 $48             PHA                             A:0002 X:0000 Y:0000 S:0364 D:0000 DB:7E P:05 V:25  H:73 
C04003 $DA             PHX                             A:0002 X:0000 Y:0000 S:0362 D:0000 DB:7E P:05 V:25  H:80 
C04004 $5A             PHY                             A:0002 X:0000 Y:0000 S:0360 D:0000 DB:7E P:05 V:25  H:87 
C04005 $AA             TAX                             A:0002 X:0000 Y:0000 S:035E D:0000 DB:7E P:05 V:25  H:94 
C04006 $BF $BB $41 $C0 LDA $C041BB,X [C041BD] = $81FE  A:0002 X:0002 Y:0000 S:035E D:0000 DB:7E P:05 V:25  H:97 
C0400A $8D $0A $89     STA $890A [7E890A] = $81FE      A:81FE X:0002 Y:0000 S:035E D:0000 DB:7E P:85 V:25  H:106
C0400D $DA             PHX                             A:81FE X:0002 Y:0000 S:035E D:0000 DB:7E P:85 V:25  H:114
C0400E $BF $B3 $41 $C0 LDA $C041B3,X [C041B5] = $0020  A:81FE X:0002 Y:0000 S:035C D:0000 DB:7E P:85 V:25  H:121
C04012 $AA             TAX                             A:0020 X:0002 Y:0000 S:035C D:0000 DB:7E P:05 V:25  H:130
C04013 $BD $3E $88     LDA $883E,X [7E885E] = $0001    A:0020 X:0020 Y:0000 S:035C D:0000 DB:7E P:05 V:25  H:143
C04016 $F0 $0E         BEQ $C04026                     A:0001 X:0020 Y:0000 S:035C D:0000 DB:7E P:05 V:25  H:153
C04018 $BD $FE $87     LDA $87FE,X [7E881E] = $02C1    A:0001 X:0020 Y:0000 S:035C D:0000 DB:7E P:05 V:25  H:156
C0401B $AA             TAX                             A:02C1 X:0020 Y:0000 S:035C D:0000 DB:7E P:05 V:25  H:166
C0401C $AC $0A $89     LDY $890A [7E890A] = $81FE      A:02C1 X:02C1 Y:0000 S:035C D:0000 DB:7E P:05 V:25  H:169
C0401F $A9 $00 $00     LDA #$0000                      A:02C1 X:02C1 Y:81FE S:035C D:0000 DB:7E P:85 V:25  H:178
C04022 $22 $C3 $41 $C0 JSL $C041C3                     A:0000 X:02C1 Y:81FE S:035C D:0000 DB:7E P:07 V:25  H:182
C041C3 $C0 $FE $83     CPY #$83FE                      A:0000 X:02C1 Y:81FE S:0359 D:0000 DB:7E P:07 V:25  H:196
C041C6 $B0 $08         BCS $C041D0                     A:0000 X:02C1 Y:81FE S:0359 D:0000 DB:7E P:84 V:25  H:200
C041C8 $48             PHA                             A:0000 X:02C1 Y:81FE S:0359 D:0000 DB:7E P:84 V:25  H:203
C041C9 $98             TYA                             A:0000 X:02C1 Y:81FE S:0357 D:0000 DB:7E P:84 V:25  H:210
C041CA $18             CLC                             A:81FE X:02C1 Y:81FE S:0357 D:0000 DB:7E P:84 V:25  H:213
C041CB $6D $FE $88     ADC $88FE [7E88FE] = $0400      A:81FE X:02C1 Y:81FE S:0357 D:0000 DB:7E P:84 V:25  H:216
C041CE $A8             TAY                             A:85FE X:02C1 Y:81FE S:0357 D:0000 DB:7E P:84 V:25  H:225
C041CF $68             PLA                             A:85FE X:02C1 Y:85FE S:0357 D:0000 DB:7E P:84 V:25  H:228
C041D0 $5A             PHY                             A:0000 X:02C1 Y:85FE S:0359 D:0000 DB:7E P:06 V:25  H:236
C041D1 $29 $F0 $00     AND #$00F0                      A:0000 X:02C1 Y:85FE S:0357 D:0000 DB:7E P:06 V:25  H:243
C041D4 $0A             ASL                             A:0000 X:02C1 Y:85FE S:0357 D:0000 DB:7E P:06 V:25  H:248
C041D5 $18             CLC                             A:0000 X:02C1 Y:85FE S:0357 D:0000 DB:7E P:06 V:25  H:251
C041D6 $63 $01         ADC $01,S [000358] = $85FE      A:0000 X:02C1 Y:85FE S:0357 D:0000 DB:7E P:06 V:25  H:254
C041D8 $A8             TAY                             A:85FE X:02C1 Y:85FE S:0357 D:0000 DB:7E P:84 V:25  H:262
C041D9 $8A             TXA                             A:85FE X:02C1 Y:85FE S:0357 D:0000 DB:7E P:84 V:25  H:265
C041DA $22 $E0 $41 $C0 JSL $C041E0                     A:02C1 X:02C1 Y:85FE S:0357 D:0000 DB:7E P:04 V:25  H:268
C041E0 $C9 $00 $08     CMP #$0800                      A:02C1 X:02C1 Y:85FE S:0354 D:0000 DB:7E P:04 V:25  H:288
C041E3 $B0 $77         BCS $C0425C                     A:02C1 X:02C1 Y:85FE S:0354 D:0000 DB:7E P:84 V:25  H:292
C041E5 $0A             ASL                             A:02C1 X:02C1 Y:85FE S:0354 D:0000 DB:7E P:84 V:25  H:295
C041E6 $0A             ASL                             A:0582 X:02C1 Y:85FE S:0354 D:0000 DB:7E P:04 V:25  H:298
C041E7 $0A             ASL                             A:0B04 X:02C1 Y:85FE S:0354 D:0000 DB:7E P:04 V:25  H:301
C041E8 $0A             ASL                             A:1608 X:02C1 Y:85FE S:0354 D:0000 DB:7E P:04 V:25  H:304
C041E9 $0A             ASL                             A:2C10 X:02C1 Y:85FE S:0354 D:0000 DB:7E P:04 V:25  H:307
C041EA $AA             TAX                             A:5820 X:02C1 Y:85FE S:0354 D:0000 DB:7E P:04 V:25  H:310
C041EB $BF $2C $60 $F6 LDA $F6602C,X [F6B84C] = $60A3  A:5820 X:5820 Y:85FE S:0354 D:0000 DB:7E P:04 V:25  H:313
C041EF $99 $00 $00     STA $0000,Y [7E85FE] = $0000    A:60A3 X:5820 Y:85FE S:0354 D:0000 DB:7E P:04 V:25  H:322
C041F2 $BF $2E $60 $F6 LDA $F6602E,X [F6B84E] = $64A3  A:60A3 X:5820 Y:85FE S:0354 D:0000 DB:7E P:04 V:25  H:331
C041F6 $99 $02 $00     STA $0002,Y [7E8600] = $0000    A:64A3 X:5820 Y:85FE S:0354 D:0000 DB:7E P:04 V:26  H:0  
C041F9 $BF $30 $60 $F6 LDA $F66030,X [F6B850] = $68C3  A:64A3 X:5820 Y:85FE S:0354 D:0000 DB:7E P:04 V:26  H:10 
C041FD $99 $04 $00     STA $0004,Y [7E8602] = $0000    A:68C3 X:5820 Y:85FE S:0354 D:0000 DB:7E P:04 V:26  H:19 
C04200 $BF $32 $60 $F6 LDA $F66032,X [F6B852] = $70E3  A:68C3 X:5820 Y:85FE S:0354 D:0000 DB:7E P:04 V:26  H:29 
C04204 $99 $06 $00     STA $0006,Y [7E8604] = $0000    A:70E3 X:5820 Y:85FE S:0354 D:0000 DB:7E P:04 V:26  H:38 
C04207 $BF $34 $60 $F6 LDA $F66034,X [F6B854] = $6CE3  A:70E3 X:5820 Y:85FE S:0354 D:0000 DB:7E P:04 V:26  H:48 
C0420B $99 $08 $00     STA $0008,Y [7E8606] = $0000    A:6CE3 X:5820 Y:85FE S:0354 D:0000 DB:7E P:04 V:26  H:57 
C0420E $BF $36 $60 $F6 LDA $F66036,X [F6B856] = $68C3  A:6CE3 X:5820 Y:85FE S:0354 D:0000 DB:7E P:04 V:26  H:67 
C04212 $99 $0A $00     STA $000A,Y [7E8608] = $0000    A:68C3 X:5820 Y:85FE S:0354 D:0000 DB:7E P:04 V:26  H:76 
C04215 $BF $38 $60 $F6 LDA $F66038,X [F6B858] = $60A3  A:68C3 X:5820 Y:85FE S:0354 D:0000 DB:7E P:04 V:26  H:86 
C04219 $99 $0C $00     STA $000C,Y [7E860A] = $0000    A:60A3 X:5820 Y:85FE S:0354 D:0000 DB:7E P:04 V:26  H:95 
C0421C $BF $3A $60 $F6 LDA $F6603A,X [F6B85A] = $64A3  A:60A3 X:5820 Y:85FE S:0354 D:0000 DB:7E P:04 V:26  H:105
C04220 $99 $0E $00     STA $000E,Y [7E860C] = $0000    A:64A3 X:5820 Y:85FE S:0354 D:0000 DB:7E P:04 V:26  H:114
C04223 $BF $3C $60 $F6 LDA $F6603C,X [F6B85C] = $68C3  A:64A3 X:5820 Y:85FE S:0354 D:0000 DB:7E P:04 V:26  H:124
C04227 $99 $10 $00     STA $0010,Y [7E860E] = $0000    A:68C3 X:5820 Y:85FE S:0354 D:0000 DB:7E P:04 V:26  H:133
C0422A $BF $3E $60 $F6 LDA $F6603E,X [F6B85E] = $70E3  A:68C3 X:5820 Y:85FE S:0354 D:0000 DB:7E P:04 V:26  H:153
C0422E $99 $12 $00     STA $0012,Y [7E8610] = $0000    A:70E3 X:5820 Y:85FE S:0354 D:0000 DB:7E P:04 V:26  H:162
C04231 $BF $40 $60 $F6 LDA $F66040,X [F6B860] = $6CE3  A:70E3 X:5820 Y:85FE S:0354 D:0000 DB:7E P:04 V:26  H:172
C04235 $99 $14 $00     STA $0014,Y [7E8612] = $0000    A:6CE3 X:5820 Y:85FE S:0354 D:0000 DB:7E P:04 V:26  H:181
C04238 $BF $42 $60 $F6 LDA $F66042,X [F6B862] = $68C3  A:6CE3 X:5820 Y:85FE S:0354 D:0000 DB:7E P:04 V:26  H:191
C0423C $99 $16 $00     STA $0016,Y [7E8614] = $0000    A:68C3 X:5820 Y:85FE S:0354 D:0000 DB:7E P:04 V:26  H:200
C0423F $BF $44 $60 $F6 LDA $F66044,X [F6B864] = $0000  A:68C3 X:5820 Y:85FE S:0354 D:0000 DB:7E P:04 V:26  H:210
C04243 $99 $18 $00     STA $0018,Y [7E8616] = $0000    A:0000 X:5820 Y:85FE S:0354 D:0000 DB:7E P:06 V:26  H:219
C04246 $BF $46 $60 $F6 LDA $F66046,X [F6B866] = $0000  A:0000 X:5820 Y:85FE S:0354 D:0000 DB:7E P:06 V:26  H:229
C0424A $99 $1A $00     STA $001A,Y [7E8618] = $0000    A:0000 X:5820 Y:85FE S:0354 D:0000 DB:7E P:06 V:26  H:238
C0424D $BF $48 $60 $F6 LDA $F66048,X [F6B868] = $0000  A:0000 X:5820 Y:85FE S:0354 D:0000 DB:7E P:06 V:26  H:248
C04251 $99 $1C $00     STA $001C,Y [7E861A] = $0000    A:0000 X:5820 Y:85FE S:0354 D:0000 DB:7E P:06 V:26  H:257
C04254 $BF $4A $60 $F6 LDA $F6604A,X [F6B86A] = $0000  A:0000 X:5820 Y:85FE S:0354 D:0000 DB:7E P:06 V:26  H:267
C04258 $99 $1E $00     STA $001E,Y [7E861C] = $0000    A:0000 X:5820 Y:85FE S:0354 D:0000 DB:7E P:06 V:26  H:284
C0425B $6B             RTL                             A:0000 X:5820 Y:85FE S:0354 D:0000 DB:7E P:06 V:26  H:294
C041DE $7A             PLY                             A:0000 X:5820 Y:85FE S:0357 D:0000 DB:7E P:06 V:26  H:304
C041DF $6B             RTL                             A:0000 X:5820 Y:85FE S:0359 D:0000 DB:7E P:84 V:26  H:313
C04026 $FA             PLX                             A:0000 X:5820 Y:85FE S:035C D:0000 DB:7E P:84 V:26  H:323
C04027 $DA             PHX                             A:0000 X:0002 Y:85FE S:035E D:0000 DB:7E P:04 V:26  H:331
C04028 $BF $B3 $41 $C0 LDA $C041B3,X [C041B5] = $0020  A:0000 X:0002 Y:85FE S:035C D:0000 DB:7E P:04 V:26  H:338
C0402C $AA             TAX                             A:0020 X:0002 Y:85FE S:035C D:0000 DB:7E P:04 V:27  H:7  
C0402D $BD $40 $88     LDA $8840,X [7E8860] = $0001    A:0020 X:0020 Y:85FE S:035C D:0000 DB:7E P:04 V:27  H:10 
C04030 $F0 $0E         BEQ $C04040                     A:0001 X:0020 Y:85FE S:035C D:0000 DB:7E P:04 V:27  H:20 
C04032 $BD $00 $88     LDA $8800,X [7E8820] = $02C2    A:0001 X:0020 Y:85FE S:035C D:0000 DB:7E P:04 V:27  H:23 
C04035 $AA             TAX                             A:02C2 X:0020 Y:85FE S:035C D:0000 DB:7E P:04 V:27  H:33 
C04036 $AC $0A $89     LDY $890A [7E890A] = $81FE      A:02C2 X:02C2 Y:85FE S:035C D:0000 DB:7E P:04 V:27  H:36 
C04039 $A9 $10 $00     LDA #$0010                      A:02C2 X:02C2 Y:81FE S:035C D:0000 DB:7E P:84 V:27  H:44 
C0403C $22 $C3 $41 $C0 JSL $C041C3                     A:0010 X:02C2 Y:81FE S:035C D:0000 DB:7E P:04 V:27  H:49 
C041C3 $C0 $FE $83     CPY #$83FE                      A:0010 X:02C2 Y:81FE S:0359 D:0000 DB:7E P:04 V:27  H:62 
C041C6 $B0 $08         BCS $C041D0                     A:0010 X:02C2 Y:81FE S:0359 D:0000 DB:7E P:84 V:27  H:67 
C041C8 $48             PHA                             A:0010 X:02C2 Y:81FE S:0359 D:0000 DB:7E P:84 V:27  H:70 
C041C9 $98             TYA                             A:0010 X:02C2 Y:81FE S:0357 D:0000 DB:7E P:84 V:27  H:77 
C041CA $18             CLC                             A:81FE X:02C2 Y:81FE S:0357 D:0000 DB:7E P:84 V:27  H:80 
C041CB $6D $FE $88     ADC $88FE [7E88FE] = $0400      A:81FE X:02C2 Y:81FE S:0357 D:0000 DB:7E P:84 V:27  H:83 
C041CE $A8             TAY                             A:85FE X:02C2 Y:81FE S:0357 D:0000 DB:7E P:84 V:27  H:91 
C041CF $68             PLA                             A:85FE X:02C2 Y:85FE S:0357 D:0000 DB:7E P:84 V:27  H:94 
C041D0 $5A             PHY                             A:0010 X:02C2 Y:85FE S:0359 D:0000 DB:7E P:04 V:27  H:103
C041D1 $29 $F0 $00     AND #$00F0                      A:0010 X:02C2 Y:85FE S:0357 D:0000 DB:7E P:04 V:27  H:110
C041D4 $0A             ASL                             A:0010 X:02C2 Y:85FE S:0357 D:0000 DB:7E P:04 V:27  H:114
C041D5 $18             CLC                             A:0020 X:02C2 Y:85FE S:0357 D:0000 DB:7E P:04 V:27  H:117
C041D6 $63 $01         ADC $01,S [000358] = $85FE      A:0020 X:02C2 Y:85FE S:0357 D:0000 DB:7E P:04 V:27  H:120
C041D8 $A8             TAY                             A:861E X:02C2 Y:85FE S:0357 D:0000 DB:7E P:84 V:27  H:129
C041D9 $8A             TXA                             A:861E X:02C2 Y:861E S:0357 D:0000 DB:7E P:84 V:27  H:132
C041DA $22 $E0 $41 $C0 JSL $C041E0                     A:02C2 X:02C2 Y:861E S:0357 D:0000 DB:7E P:04 V:27  H:145
C041E0 $C9 $00 $08     CMP #$0800                      A:02C2 X:02C2 Y:861E S:0354 D:0000 DB:7E P:04 V:27  H:158
C041E3 $B0 $77         BCS $C0425C                     A:02C2 X:02C2 Y:861E S:0354 D:0000 DB:7E P:84 V:27  H:163
C041E5 $0A             ASL                             A:02C2 X:02C2 Y:861E S:0354 D:0000 DB:7E P:84 V:27  H:166
C041E6 $0A             ASL                             A:0584 X:02C2 Y:861E S:0354 D:0000 DB:7E P:04 V:27  H:169
C041E7 $0A             ASL                             A:0B08 X:02C2 Y:861E S:0354 D:0000 DB:7E P:04 V:27  H:172
C041E8 $0A             ASL                             A:1610 X:02C2 Y:861E S:0354 D:0000 DB:7E P:04 V:27  H:175
C041E9 $0A             ASL                             A:2C20 X:02C2 Y:861E S:0354 D:0000 DB:7E P:04 V:27  H:178
C041EA $AA             TAX                             A:5840 X:02C2 Y:861E S:0354 D:0000 DB:7E P:04 V:27  H:181
C041EB $BF $2C $60 $F6 LDA $F6602C,X [F6B86C] = $7E68  A:5840 X:5840 Y:861E S:0354 D:0000 DB:7E P:04 V:27  H:184
C041EF $99 $00 $00     STA $0000,Y [7E861E] = $0000    A:7E68 X:5840 Y:861E S:0354 D:0000 DB:7E P:04 V:27  H:193
C041F2 $BF $2E $60 $F6 LDA $F6602E,X [F6B86E] = $7A04  A:7E68 X:5840 Y:861E S:0354 D:0000 DB:7E P:04 V:27  H:203
C041F6 $99 $02 $00     STA $0002,Y [7E8620] = $0000    A:7A04 X:5840 Y:861E S:0354 D:0000 DB:7E P:04 V:27  H:212
C041F9 $BF $30 $60 $F6 LDA $F66030,X [F6B870] = $7E47  A:7A04 X:5840 Y:861E S:0354 D:0000 DB:7E P:04 V:27  H:222
C041FD $99 $04 $00     STA $0004,Y [7E8622] = $0000    A:7E47 X:5840 Y:861E S:0354 D:0000 DB:7E P:04 V:27  H:231
C04200 $BF $32 $60 $F6 LDA $F66032,X [F6B872] = $7A26  A:7E47 X:5840 Y:861E S:0354 D:0000 DB:7E P:04 V:27  H:241
C04204 $99 $06 $00     STA $0006,Y [7E8624] = $0000    A:7A26 X:5840 Y:861E S:0354 D:0000 DB:7E P:04 V:27  H:250
C04207 $BF $34 $60 $F6 LDA $F66034,X [F6B874] = $7E26  A:7A26 X:5840 Y:861E S:0354 D:0000 DB:7E P:04 V:27  H:260
C0420B $99 $08 $00     STA $0008,Y [7E8626] = $0000    A:7E26 X:5840 Y:861E S:0354 D:0000 DB:7E P:04 V:27  H:269
C0420E $BF $36 $60 $F6 LDA $F66036,X [F6B876] = $7E68  A:7E26 X:5840 Y:861E S:0354 D:0000 DB:7E P:04 V:27  H:285
C04212 $99 $0A $00     STA $000A,Y [7E8628] = $0000    A:7E68 X:5840 Y:861E S:0354 D:0000 DB:7E P:04 V:27  H:294
C04215 $BF $38 $60 $F6 LDA $F66038,X [F6B878] = $7A04  A:7E68 X:5840 Y:861E S:0354 D:0000 DB:7E P:04 V:27  H:304
C04219 $99 $0C $00     STA $000C,Y [7E862A] = $0000    A:7A04 X:5840 Y:861E S:0354 D:0000 DB:7E P:04 V:27  H:313
C0421C $BF $3A $60 $F6 LDA $F6603A,X [F6B87A] = $7E68  A:7A04 X:5840 Y:861E S:0354 D:0000 DB:7E P:04 V:27  H:323
C04220 $99 $0E $00     STA $000E,Y [7E862C] = $0000    A:7E68 X:5840 Y:861E S:0354 D:0000 DB:7E P:04 V:27  H:331
C04223 $BF $3C $60 $F6 LDA $F6603C,X [F6B87C] = $79E3  A:7E68 X:5840 Y:861E S:0354 D:0000 DB:7E P:04 V:28  H:1  
C04227 $99 $10 $00     STA $0010,Y [7E862E] = $0000    A:79E3 X:5840 Y:861E S:0354 D:0000 DB:7E P:04 V:28  H:10 
C0422A $BF $3E $60 $F6 LDA $F6603E,X [F6B87E] = $7E47  A:79E3 X:5840 Y:861E S:0354 D:0000 DB:7E P:04 V:28  H:20 
C0422E $99 $12 $00     STA $0012,Y [7E8630] = $0000    A:7E47 X:5840 Y:861E S:0354 D:0000 DB:7E P:04 V:28  H:29 
C04231 $BF $40 $60 $F6 LDA $F66040,X [F6B880] = $79C2  A:7E47 X:5840 Y:861E S:0354 D:0000 DB:7E P:04 V:28  H:39 
C04235 $99 $14 $00     STA $0014,Y [7E8632] = $0000    A:79C2 X:5840 Y:861E S:0354 D:0000 DB:7E P:04 V:28  H:48 
C04238 $BF $42 $60 $F6 LDA $F66042,X [F6B882] = $7E26  A:79C2 X:5840 Y:861E S:0354 D:0000 DB:7E P:04 V:28  H:58 
C0423C $99 $16 $00     STA $0016,Y [7E8634] = $0000    A:7E26 X:5840 Y:861E S:0354 D:0000 DB:7E P:04 V:28  H:67 
C0423F $BF $44 $60 $F6 LDA $F66044,X [F6B884] = $7580  A:7E26 X:5840 Y:861E S:0354 D:0000 DB:7E P:04 V:28  H:77 
C04243 $99 $18 $00     STA $0018,Y [7E8636] = $0000    A:7580 X:5840 Y:861E S:0354 D:0000 DB:7E P:04 V:28  H:86 
C04246 $BF $46 $60 $F6 LDA $F66046,X [F6B886] = $7A04  A:7580 X:5840 Y:861E S:0354 D:0000 DB:7E P:04 V:28  H:96 
C0424A $99 $1A $00     STA $001A,Y [7E8638] = $0000    A:7A04 X:5840 Y:861E S:0354 D:0000 DB:7E P:04 V:28  H:105
C0424D $BF $48 $60 $F6 LDA $F66048,X [F6B888] = $75A1  A:7A04 X:5840 Y:861E S:0354 D:0000 DB:7E P:04 V:28  H:115
C04251 $99 $1C $00     STA $001C,Y [7E863A] = $0000    A:75A1 X:5840 Y:861E S:0354 D:0000 DB:7E P:04 V:28  H:124
C04254 $BF $4A $60 $F6 LDA $F6604A,X [F6B88A] = $79E3  A:75A1 X:5840 Y:861E S:0354 D:0000 DB:7E P:04 V:28  H:134
C04258 $99 $1E $00     STA $001E,Y [7E863C] = $0000    A:79E3 X:5840 Y:861E S:0354 D:0000 DB:7E P:04 V:28  H:153
C0425B $6B             RTL                             A:79E3 X:5840 Y:861E S:0354 D:0000 DB:7E P:04 V:28  H:163
C041DE $7A             PLY                             A:79E3 X:5840 Y:861E S:0357 D:0000 DB:7E P:04 V:28  H:173
C041DF $6B             RTL                             A:79E3 X:5840 Y:85FE S:0359 D:0000 DB:7E P:84 V:28  H:182
C04040 $FA             PLX                             A:79E3 X:5840 Y:85FE S:035C D:0000 DB:7E P:84 V:28  H:192
C04041 $DA             PHX                             A:79E3 X:0002 Y:85FE S:035E D:0000 DB:7E P:04 V:28  H:201
C04042 $BF $B3 $41 $C0 LDA $C041B3,X [C041B5] = $0020  A:79E3 X:0002 Y:85FE S:035C D:0000 DB:7E P:04 V:28  H:208
C04046 $AA             TAX                             A:0020 X:0002 Y:85FE S:035C D:0000 DB:7E P:04 V:28  H:217
C04047 $BD $42 $88     LDA $8842,X [7E8862] = $0001    A:0020 X:0020 Y:85FE S:035C D:0000 DB:7E P:04 V:28  H:220
C0404A $F0 $0E         BEQ $C0405A                     A:0001 X:0020 Y:85FE S:035C D:0000 DB:7E P:04 V:28  H:230
C0404C $BD $02 $88     LDA $8802,X [7E8822] = $02C3    A:0001 X:0020 Y:85FE S:035C D:0000 DB:7E P:04 V:28  H:233
C0404F $AA             TAX                             A:02C3 X:0020 Y:85FE S:035C D:0000 DB:7E P:04 V:28  H:243
C04050 $AC $0A $89     LDY $890A [7E890A] = $81FE      A:02C3 X:02C3 Y:85FE S:035C D:0000 DB:7E P:04 V:28  H:246
C04053 $A9 $20 $00     LDA #$0020                      A:02C3 X:02C3 Y:81FE S:035C D:0000 DB:7E P:84 V:28  H:254
C04056 $22 $C3 $41 $C0 JSL $C041C3                     A:0020 X:02C3 Y:81FE S:035C D:0000 DB:7E P:04 V:28  H:259
C041C3 $C0 $FE $83     CPY #$83FE                      A:0020 X:02C3 Y:81FE S:0359 D:0000 DB:7E P:04 V:28  H:272
C041C6 $B0 $08         BCS $C041D0                     A:0020 X:02C3 Y:81FE S:0359 D:0000 DB:7E P:84 V:28  H:283
C041C8 $48             PHA                             A:0020 X:02C3 Y:81FE S:0359 D:0000 DB:7E P:84 V:28  H:286
C041C9 $98             TYA                             A:0020 X:02C3 Y:81FE S:0357 D:0000 DB:7E P:84 V:28  H:293
C041CA $18             CLC                             A:81FE X:02C3 Y:81FE S:0357 D:0000 DB:7E P:84 V:28  H:296
C041CB $6D $FE $88     ADC $88FE [7E88FE] = $0400      A:81FE X:02C3 Y:81FE S:0357 D:0000 DB:7E P:84 V:28  H:299
C041CE $A8             TAY                             A:85FE X:02C3 Y:81FE S:0357 D:0000 DB:7E P:84 V:28  H:307
C041CF $68             PLA                             A:85FE X:02C3 Y:85FE S:0357 D:0000 DB:7E P:84 V:28  H:310
C041D0 $5A             PHY                             A:0020 X:02C3 Y:85FE S:0359 D:0000 DB:7E P:04 V:28  H:319
C041D1 $29 $F0 $00     AND #$00F0                      A:0020 X:02C3 Y:85FE S:0357 D:0000 DB:7E P:04 V:28  H:325
C041D4 $0A             ASL                             A:0020 X:02C3 Y:85FE S:0357 D:0000 DB:7E P:04 V:28  H:329
C041D5 $18             CLC                             A:0040 X:02C3 Y:85FE S:0357 D:0000 DB:7E P:04 V:28  H:332
C041D6 $63 $01         ADC $01,S [000358] = $85FE      A:0040 X:02C3 Y:85FE S:0357 D:0000 DB:7E P:04 V:28  H:335
C041D8 $A8             TAY                             A:863E X:02C3 Y:85FE S:0357 D:0000 DB:7E P:84 V:29  H:4  
C041D9 $8A             TXA                             A:863E X:02C3 Y:863E S:0357 D:0000 DB:7E P:84 V:29  H:7  
C041DA $22 $E0 $41 $C0 JSL $C041E0                     A:02C3 X:02C3 Y:863E S:0357 D:0000 DB:7E P:04 V:29  H:10 
C041E0 $C9 $00 $08     CMP #$0800                      A:02C3 X:02C3 Y:863E S:0354 D:0000 DB:7E P:04 V:29  H:23 
C041E3 $B0 $77         BCS $C0425C                     A:02C3 X:02C3 Y:863E S:0354 D:0000 DB:7E P:84 V:29  H:28 
C041E5 $0A             ASL                             A:02C3 X:02C3 Y:863E S:0354 D:0000 DB:7E P:84 V:29  H:31 
C041E6 $0A             ASL                             A:0586 X:02C3 Y:863E S:0354 D:0000 DB:7E P:04 V:29  H:34 
C041E7 $0A             ASL                             A:0B0C X:02C3 Y:863E S:0354 D:0000 DB:7E P:04 V:29  H:37 
C041E8 $0A             ASL                             A:1618 X:02C3 Y:863E S:0354 D:0000 DB:7E P:04 V:29  H:40 
C041E9 $0A             ASL                             A:2C30 X:02C3 Y:863E S:0354 D:0000 DB:7E P:04 V:29  H:43 
C041EA $AA             TAX                             A:5860 X:02C3 Y:863E S:0354 D:0000 DB:7E P:04 V:29  H:46 
C041EB $BF $2C $60 $F6 LDA $F6602C,X [F6B88C] = $75C3  A:5860 X:5860 Y:863E S:0354 D:0000 DB:7E P:04 V:29  H:49 
C041EF $99 $00 $00     STA $0000,Y [7E863E] = $0000    A:75C3 X:5860 Y:863E S:0354 D:0000 DB:7E P:04 V:29  H:58 
C041F2 $BF $2E $60 $F6 LDA $F6602E,X [F6B88E] = $79C2  A:75C3 X:5860 Y:863E S:0354 D:0000 DB:7E P:04 V:29  H:68 
C041F6 $99 $02 $00     STA $0002,Y [7E8640] = $0000    A:79C2 X:5860 Y:863E S:0354 D:0000 DB:7E P:04 V:29  H:77 
C041F9 $BF $30 $60 $F6 LDA $F66030,X [F6B890] = $7A04  A:79C2 X:5860 Y:863E S:0354 D:0000 DB:7E P:04 V:29  H:87 
C041FD $99 $04 $00     STA $0004,Y [7E8642] = $0000    A:7A04 X:5860 Y:863E S:0354 D:0000 DB:7E P:04 V:29  H:96 
C04200 $BF $32 $60 $F6 LDA $F66032,X [F6B892] = $7580  A:7A04 X:5860 Y:863E S:0354 D:0000 DB:7E P:04 V:29  H:106
C04204 $99 $06 $00     STA $0006,Y [7E8644] = $0000    A:7580 X:5860 Y:863E S:0354 D:0000 DB:7E P:04 V:29  H:115
C04207 $BF $34 $60 $F6 LDA $F66034,X [F6B894] = $7A26  A:7580 X:5860 Y:863E S:0354 D:0000 DB:7E P:04 V:29  H:125
C0420B $99 $08 $00     STA $0008,Y [7E8646] = $0000    A:7A26 X:5860 Y:863E S:0354 D:0000 DB:7E P:04 V:29  H:144
C0420E $BF $36 $60 $F6 LDA $F66036,X [F6B896] = $75A1  A:7A26 X:5860 Y:863E S:0354 D:0000 DB:7E P:04 V:29  H:154
C04212 $99 $0A $00     STA $000A,Y [7E8648] = $0000    A:75A1 X:5860 Y:863E S:0354 D:0000 DB:7E P:04 V:29  H:163
C04215 $BF $38 $60 $F6 LDA $F66038,X [F6B898] = $7E68  A:75A1 X:5860 Y:863E S:0354 D:0000 DB:7E P:04 V:29  H:173
C04219 $99 $0C $00     STA $000C,Y [7E864A] = $0000    A:7E68 X:5860 Y:863E S:0354 D:0000 DB:7E P:04 V:29  H:182
C0421C $BF $3A $60 $F6 LDA $F6603A,X [F6B89A] = $75C3  A:7E68 X:5860 Y:863E S:0354 D:0000 DB:7E P:04 V:29  H:192
C04220 $99 $0E $00     STA $000E,Y [7E864C] = $0000    A:75C3 X:5860 Y:863E S:0354 D:0000 DB:7E P:04 V:29  H:201
C04223 $BF $3C $60 $F6 LDA $F6603C,X [F6B89C] = $0000  A:75C3 X:5860 Y:863E S:0354 D:0000 DB:7E P:04 V:29  H:211
C04227 $99 $10 $00     STA $0010,Y [7E864E] = $0000    A:0000 X:5860 Y:863E S:0354 D:0000 DB:7E P:06 V:29  H:220
C0422A $BF $3E $60 $F6 LDA $F6603E,X [F6B89E] = $0000  A:0000 X:5860 Y:863E S:0354 D:0000 DB:7E P:06 V:29  H:230
C0422E $99 $12 $00     STA $0012,Y [7E8650] = $0000    A:0000 X:5860 Y:863E S:0354 D:0000 DB:7E P:06 V:29  H:239
C04231 $BF $40 $60 $F6 LDA $F66040,X [F6B8A0] = $0000  A:0000 X:5860 Y:863E S:0354 D:0000 DB:7E P:06 V:29  H:249
C04235 $99 $14 $00     STA $0014,Y [7E8652] = $0000    A:0000 X:5860 Y:863E S:0354 D:0000 DB:7E P:06 V:29  H:258
C04238 $BF $42 $60 $F6 LDA $F66042,X [F6B8A2] = $0000  A:0000 X:5860 Y:863E S:0354 D:0000 DB:7E P:06 V:29  H:268
C0423C $99 $16 $00     STA $0016,Y [7E8654] = $0000    A:0000 X:5860 Y:863E S:0354 D:0000 DB:7E P:06 V:29  H:283
C0423F $BF $44 $60 $F6 LDA $F66044,X [F6B8A4] = $0000  A:0000 X:5860 Y:863E S:0354 D:0000 DB:7E P:06 V:29  H:293
C04243 $99 $18 $00     STA $0018,Y [7E8656] = $0000    A:0000 X:5860 Y:863E S:0354 D:0000 DB:7E P:06 V:29  H:302
C04246 $BF $46 $60 $F6 LDA $F66046,X [F6B8A6] = $0000  A:0000 X:5860 Y:863E S:0354 D:0000 DB:7E P:06 V:29  H:312
C0424A $99 $1A $00     STA $001A,Y [7E8658] = $0000    A:0000 X:5860 Y:863E S:0354 D:0000 DB:7E P:06 V:29  H:321
C0424D $BF $48 $60 $F6 LDA $F66048,X [F6B8A8] = $0000  A:0000 X:5860 Y:863E S:0354 D:0000 DB:7E P:06 V:29  H:330
C04251 $99 $1C $00     STA $001C,Y [7E865A] = $0000    A:0000 X:5860 Y:863E S:0354 D:0000 DB:7E P:06 V:29  H:339
C04254 $BF $4A $60 $F6 LDA $F6604A,X [F6B8AA] = $0000  A:0000 X:5860 Y:863E S:0354 D:0000 DB:7E P:06 V:30  H:9  
C04258 $99 $1E $00     STA $001E,Y [7E865C] = $0000    A:0000 X:5860 Y:863E S:0354 D:0000 DB:7E P:06 V:30  H:18 
C0425B $6B             RTL                             A:0000 X:5860 Y:863E S:0354 D:0000 DB:7E P:06 V:30  H:28 
C041DE $7A             PLY                             A:0000 X:5860 Y:863E S:0357 D:0000 DB:7E P:06 V:30  H:38 
C041DF $6B             RTL                             A:0000 X:5860 Y:85FE S:0359 D:0000 DB:7E P:84 V:30  H:47 
C0405A $FA             PLX                             A:0000 X:5860 Y:85FE S:035C D:0000 DB:7E P:84 V:30  H:57 
C0405B $DA             PHX                             A:0000 X:0002 Y:85FE S:035E D:0000 DB:7E P:04 V:30  H:66 
C0405C $BF $B3 $41 $C0 LDA $C041B3,X [C041B5] = $0020  A:0000 X:0002 Y:85FE S:035C D:0000 DB:7E P:04 V:30  H:73 
C04060 $AA             TAX                             A:0020 X:0002 Y:85FE S:035C D:0000 DB:7E P:04 V:30  H:82 
C04061 $BD $44 $88     LDA $8844,X [7E8864] = $0000    A:0020 X:0020 Y:85FE S:035C D:0000 DB:7E P:04 V:30  H:85 
C04064 $F0 $0E         BEQ $C04074                     A:0000 X:0020 Y:85FE S:035C D:0000 DB:7E P:06 V:30  H:95 
C04074 $FA             PLX                             A:0000 X:0020 Y:85FE S:035C D:0000 DB:7E P:06 V:30  H:99 
C04075 $DA             PHX                             A:0000 X:0002 Y:85FE S:035E D:0000 DB:7E P:04 V:30  H:108
C04076 $BF $B3 $41 $C0 LDA $C041B3,X [C041B5] = $0020  A:0000 X:0002 Y:85FE S:035C D:0000 DB:7E P:04 V:30  H:115
C0407A $AA             TAX                             A:0020 X:0002 Y:85FE S:035C D:0000 DB:7E P:04 V:30  H:124
C0407B $BD $46 $88     LDA $8846,X [7E8866] = $0000    A:0020 X:0020 Y:85FE S:035C D:0000 DB:7E P:04 V:30  H:127
C0407E $F0 $0E         BEQ $C0408E                     A:0000 X:0020 Y:85FE S:035C D:0000 DB:7E P:06 V:30  H:147
C0408E $FA             PLX                             A:0000 X:0020 Y:85FE S:035C D:0000 DB:7E P:06 V:30  H:151
C0408F $DA             PHX                             A:0000 X:0002 Y:85FE S:035E D:0000 DB:7E P:04 V:30  H:160
C04090 $BF $B3 $41 $C0 LDA $C041B3,X [C041B5] = $0020  A:0000 X:0002 Y:85FE S:035C D:0000 DB:7E P:04 V:30  H:167
C04094 $AA             TAX                             A:0020 X:0002 Y:85FE S:035C D:0000 DB:7E P:04 V:30  H:176
C04095 $BD $48 $88     LDA $8848,X [7E8868] = $0000    A:0020 X:0020 Y:85FE S:035C D:0000 DB:7E P:04 V:30  H:179
C04098 $F0 $0E         BEQ $C040A8                     A:0000 X:0020 Y:85FE S:035C D:0000 DB:7E P:06 V:30  H:189
C040A8 $FA             PLX                             A:0000 X:0020 Y:85FE S:035C D:0000 DB:7E P:06 V:30  H:193
C040A9 $DA             PHX                             A:0000 X:0002 Y:85FE S:035E D:0000 DB:7E P:04 V:30  H:202
C040AA $BF $B3 $41 $C0 LDA $C041B3,X [C041B5] = $0020  A:0000 X:0002 Y:85FE S:035C D:0000 DB:7E P:04 V:30  H:209
C040AE $AA             TAX                             A:0020 X:0002 Y:85FE S:035C D:0000 DB:7E P:04 V:30  H:218
C040AF $BD $4A $88     LDA $884A,X [7E886A] = $0000    A:0020 X:0020 Y:85FE S:035C D:0000 DB:7E P:04 V:30  H:221
C040B2 $F0 $0E         BEQ $C040C2                     A:0000 X:0020 Y:85FE S:035C D:0000 DB:7E P:06 V:30  H:231
C040C2 $FA             PLX                             A:0000 X:0020 Y:85FE S:035C D:0000 DB:7E P:06 V:30  H:235
C040C3 $DA             PHX                             A:0000 X:0002 Y:85FE S:035E D:0000 DB:7E P:04 V:30  H:244
C040C4 $BF $B3 $41 $C0 LDA $C041B3,X [C041B5] = $0020  A:0000 X:0002 Y:85FE S:035C D:0000 DB:7E P:04 V:30  H:251
C040C8 $AA             TAX                             A:0020 X:0002 Y:85FE S:035C D:0000 DB:7E P:04 V:30  H:260
C040C9 $BD $4C $88     LDA $884C,X [7E886C] = $0000    A:0020 X:0020 Y:85FE S:035C D:0000 DB:7E P:04 V:30  H:263
C040CC $F0 $0E         BEQ $C040DC                     A:0000 X:0020 Y:85FE S:035C D:0000 DB:7E P:06 V:30  H:273
C040DC $FA             PLX                             A:0000 X:0020 Y:85FE S:035C D:0000 DB:7E P:06 V:30  H:283
C040DD $DA             PHX                             A:0000 X:0002 Y:85FE S:035E D:0000 DB:7E P:04 V:30  H:292
C040DE $BF $B3 $41 $C0 LDA $C041B3,X [C041B5] = $0020  A:0000 X:0002 Y:85FE S:035C D:0000 DB:7E P:04 V:30  H:299
C040E2 $AA             TAX                             A:0020 X:0002 Y:85FE S:035C D:0000 DB:7E P:04 V:30  H:308
C040E3 $BD $4E $88     LDA $884E,X [7E886E] = $0000    A:0020 X:0020 Y:85FE S:035C D:0000 DB:7E P:04 V:30  H:311
C040E6 $F0 $0E         BEQ $C040F6                     A:0000 X:0020 Y:85FE S:035C D:0000 DB:7E P:06 V:30  H:321
C040F6 $FA             PLX                             A:0000 X:0020 Y:85FE S:035C D:0000 DB:7E P:06 V:30  H:325
C040F7 $DA             PHX                             A:0000 X:0002 Y:85FE S:035E D:0000 DB:7E P:04 V:30  H:333
C040F8 $BF $B3 $41 $C0 LDA $C041B3,X [C041B5] = $0020  A:0000 X:0002 Y:85FE S:035C D:0000 DB:7E P:04 V:31  H:0  
C040FC $AA             TAX                             A:0020 X:0002 Y:85FE S:035C D:0000 DB:7E P:04 V:31  H:9  
C040FD $BD $50 $88     LDA $8850,X [7E8870] = $0000    A:0020 X:0020 Y:85FE S:035C D:0000 DB:7E P:04 V:31  H:12 
C04100 $F0 $0E         BEQ $C04110                     A:0000 X:0020 Y:85FE S:035C D:0000 DB:7E P:06 V:31  H:22 
C04110 $FA             PLX                             A:0000 X:0020 Y:85FE S:035C D:0000 DB:7E P:06 V:31  H:26 
C04111 $DA             PHX                             A:0000 X:0002 Y:85FE S:035E D:0000 DB:7E P:04 V:31  H:35 
C04112 $BF $B3 $41 $C0 LDA $C041B3,X [C041B5] = $0020  A:0000 X:0002 Y:85FE S:035C D:0000 DB:7E P:04 V:31  H:42 
C04116 $AA             TAX                             A:0020 X:0002 Y:85FE S:035C D:0000 DB:7E P:04 V:31  H:51 
C04117 $BD $52 $88     LDA $8852,X [7E8872] = $0000    A:0020 X:0020 Y:85FE S:035C D:0000 DB:7E P:04 V:31  H:54 
C0411A $F0 $0E         BEQ $C0412A                     A:0000 X:0020 Y:85FE S:035C D:0000 DB:7E P:06 V:31  H:64 
C0412A $FA             PLX                             A:0000 X:0020 Y:85FE S:035C D:0000 DB:7E P:06 V:31  H:68 
C0412B $DA             PHX                             A:0000 X:0002 Y:85FE S:035E D:0000 DB:7E P:04 V:31  H:77 
C0412C $BF $B3 $41 $C0 LDA $C041B3,X [C041B5] = $0020  A:0000 X:0002 Y:85FE S:035C D:0000 DB:7E P:04 V:31  H:84 
C04130 $AA             TAX                             A:0020 X:0002 Y:85FE S:035C D:0000 DB:7E P:04 V:31  H:93 
C04131 $BD $54 $88     LDA $8854,X [7E8874] = $0000    A:0020 X:0020 Y:85FE S:035C D:0000 DB:7E P:04 V:31  H:96 
C04134 $F0 $0E         BEQ $C04144                     A:0000 X:0020 Y:85FE S:035C D:0000 DB:7E P:06 V:31  H:106
C04144 $FA             PLX                             A:0000 X:0020 Y:85FE S:035C D:0000 DB:7E P:06 V:31  H:110
C04145 $DA             PHX                             A:0000 X:0002 Y:85FE S:035E D:0000 DB:7E P:04 V:31  H:119
C04146 $BF $B3 $41 $C0 LDA $C041B3,X [C041B5] = $0020  A:0000 X:0002 Y:85FE S:035C D:0000 DB:7E P:04 V:31  H:126
C0414A $AA             TAX                             A:0020 X:0002 Y:85FE S:035C D:0000 DB:7E P:04 V:31  H:145
C0414B $BD $56 $88     LDA $8856,X [7E8876] = $0000    A:0020 X:0020 Y:85FE S:035C D:0000 DB:7E P:04 V:31  H:148
C0414E $F0 $0E         BEQ $C0415E                     A:0000 X:0020 Y:85FE S:035C D:0000 DB:7E P:06 V:31  H:158
C0415E $FA             PLX                             A:0000 X:0020 Y:85FE S:035C D:0000 DB:7E P:06 V:31  H:162
C0415F $DA             PHX                             A:0000 X:0002 Y:85FE S:035E D:0000 DB:7E P:04 V:31  H:171
C04160 $BF $B3 $41 $C0 LDA $C041B3,X [C041B5] = $0020  A:0000 X:0002 Y:85FE S:035C D:0000 DB:7E P:04 V:31  H:178
C04164 $AA             TAX                             A:0020 X:0002 Y:85FE S:035C D:0000 DB:7E P:04 V:31  H:187
C04165 $BD $58 $88     LDA $8858,X [7E8878] = $0000    A:0020 X:0020 Y:85FE S:035C D:0000 DB:7E P:04 V:31  H:190
C04168 $F0 $0E         BEQ $C04178                     A:0000 X:0020 Y:85FE S:035C D:0000 DB:7E P:06 V:31  H:200
C04178 $FA             PLX                             A:0000 X:0020 Y:85FE S:035C D:0000 DB:7E P:06 V:31  H:204
C04179 $DA             PHX                             A:0000 X:0002 Y:85FE S:035E D:0000 DB:7E P:04 V:31  H:213
C0417A $BF $B3 $41 $C0 LDA $C041B3,X [C041B5] = $0020  A:0000 X:0002 Y:85FE S:035C D:0000 DB:7E P:04 V:31  H:220
C0417E $AA             TAX                             A:0020 X:0002 Y:85FE S:035C D:0000 DB:7E P:04 V:31  H:229
C0417F $BD $5A $88     LDA $885A,X [7E887A] = $0000    A:0020 X:0020 Y:85FE S:035C D:0000 DB:7E P:04 V:31  H:232
C04182 $F0 $0E         BEQ $C04192                     A:0000 X:0020 Y:85FE S:035C D:0000 DB:7E P:06 V:31  H:242
C04192 $FA             PLX                             A:0000 X:0020 Y:85FE S:035C D:0000 DB:7E P:06 V:31  H:246
C04193 $DA             PHX                             A:0000 X:0002 Y:85FE S:035E D:0000 DB:7E P:04 V:31  H:255
C04194 $BF $B3 $41 $C0 LDA $C041B3,X [C041B5] = $0020  A:0000 X:0002 Y:85FE S:035C D:0000 DB:7E P:04 V:31  H:262
C04198 $AA             TAX                             A:0020 X:0002 Y:85FE S:035C D:0000 DB:7E P:04 V:31  H:271
C04199 $BD $5C $88     LDA $885C,X [7E887C] = $0000    A:0020 X:0020 Y:85FE S:035C D:0000 DB:7E P:04 V:31  H:274
C0419C $F0 $0E         BEQ $C041AC                     A:0000 X:0020 Y:85FE S:035C D:0000 DB:7E P:06 V:31  H:293
C041AC $FA             PLX                             A:0000 X:0020 Y:85FE S:035C D:0000 DB:7E P:06 V:31  H:297
C041AD $7A             PLY                             A:0000 X:0002 Y:85FE S:035E D:0000 DB:7E P:04 V:31  H:306
C041AE $FA             PLX                             A:0000 X:0002 Y:0000 S:0360 D:0000 DB:7E P:06 V:31  H:314
C041AF $68             PLA                             A:0000 X:0000 Y:0000 S:0362 D:0000 DB:7E P:06 V:31  H:323
C041B0 $AB             PLB                             A:0002 X:0000 Y:0000 S:0364 D:0000 DB:7E P:04 V:31  H:330
C041B1 $28             PLP                             A:0002 X:0000 Y:0000 S:0365 D:0000 DB:7E P:04 V:31  H:337
C041B2 $6B             RTL                             A:0002 X:0000 Y:0000 S:0366 D:0000 DB:7E P:05 V:32  H:3  
C04726 $A5 $34         LDA $34 [000034] = $30D2        A:0002 X:0000 Y:0000 S:0369 D:0000 DB:7E P:05 V:32  H:14 
C04728 $99 $7E $8B     STA $8B7E,Y [7E8B7E] = $30D2    A:30D2 X:0000 Y:0000 S:0369 D:0000 DB:7E P:05 V:32  H:21 
C0472B $A5 $36         LDA $36 [000036] = $00F6        A:30D2 X:0000 Y:0000 S:0369 D:0000 DB:7E P:05 V:32  H:31 
C0472D $99 $8E $8B     STA $8B8E,Y [7E8B8E] = $FFFF    A:00F6 X:0000 Y:0000 S:0369 D:0000 DB:7E P:05 V:32  H:38 
C04730 $B9 $6E $8B     LDA $8B6E,Y [7E8B6E] = $0000    A:00F6 X:0000 Y:0000 S:0369 D:0000 DB:7E P:05 V:32  H:48 
C04733 $1A             INC                             A:0000 X:0000 Y:0000 S:0369 D:0000 DB:7E P:07 V:32  H:58 
C04734 $99 $6E $8B     STA $8B6E,Y [7E8B6E] = $0000    A:0001 X:0000 Y:0000 S:0369 D:0000 DB:7E P:05 V:32  H:61 
C04737 $AD $62 $8B     LDA $8B62 [7E8B62] = $0000      A:0001 X:0000 Y:0000 S:0369 D:0000 DB:7E P:05 V:32  H:71 
C0473A $0A             ASL                             A:0000 X:0000 Y:0000 S:0369 D:0000 DB:7E P:07 V:32  H:79 
C0473B $0A             ASL                             A:0000 X:0000 Y:0000 S:0369 D:0000 DB:7E P:06 V:32  H:82 
C0473C $0A             ASL                             A:0000 X:0000 Y:0000 S:0369 D:0000 DB:7E P:06 V:32  H:85 
C0473D $69 $86 $89     ADC #$8986                      A:0000 X:0000 Y:0000 S:0369 D:0000 DB:7E P:06 V:32  H:88 
C04740 $9D $02 $8B     STA $8B02,X [7E8B02] = $8986    A:8986 X:0000 Y:0000 S:0369 D:0000 DB:7E P:84 V:32  H:93 
C04743 $AD $66 $8B     LDA $8B66 [7E8B66] = $00F6      A:8986 X:0000 Y:0000 S:0369 D:0000 DB:7E P:84 V:32  H:103
C04746 $29 $FF $00     AND #$00FF                      A:00F6 X:0000 Y:0000 S:0369 D:0000 DB:7E P:04 V:32  H:111
C04749 $9D $42 $8B     STA $8B42,X [7E8B42] = $FFFF    A:00F6 X:0000 Y:0000 S:0369 D:0000 DB:7E P:04 V:32  H:116
C0474C $8E $6C $8B     STX $8B6C [7E8B6C] = $0004      A:00F6 X:0000 Y:0000 S:0369 D:0000 DB:7E P:04 V:32  H:126
C0474F $7A             PLY                             A:00F6 X:0000 Y:0000 S:0369 D:0000 DB:7E P:04 V:32  H:144
C04750 $FA             PLX                             A:00F6 X:0000 Y:FFFE S:036B D:0000 DB:7E P:84 V:32  H:153
C04751 $68             PLA                             A:00F6 X:0000 Y:FFFE S:036D D:0000 DB:7E P:06 V:32  H:161
C04752 $AB             PLB                             A:0000 X:0000 Y:FFFE S:036F D:0000 DB:7E P:06 V:32  H:170
C04753 $28             PLP                             A:0000 X:0000 Y:FFFE S:0370 D:0000 DB:7E P:04 V:32  H:176
C04754 $38             SEC                             A:0000 X:0000 Y:FFFE S:0371 D:0000 DB:7E P:06 V:32  H:183
C04755 $6B             RTL                             A:0000 X:0000 Y:FFFE S:0371 D:0000 DB:7E P:07 V:32  H:186
CBDFAC $AD $77 $99     LDA $9977 [7E9977] = $0000      A:0000 X:0000 Y:FFFE S:0374 D:0000 DB:7E P:07 V:32  H:196
CBDFAF $22 $04 $46 $C0 JSL $C04604                     A:0000 X:0000 Y:FFFE S:0374 D:0000 DB:7E P:07 V:32  H:205
C04604 $08             PHP                             A:0000 X:0000 Y:FFFE S:0371 D:0000 DB:7E P:07 V:32  H:218
C04605 $C2 $30         REP #$30                        A:0000 X:0000 Y:FFFE S:0370 D:0000 DB:7E P:07 V:32  H:223
C04607 $8B             PHB                             A:0000 X:0000 Y:FFFE S:0370 D:0000 DB:7E P:07 V:32  H:228
C04608 $48             PHA                             A:0000 X:0000 Y:FFFE S:036F D:0000 DB:7E P:07 V:32  H:233
C04609 $DA             PHX                             A:0000 X:0000 Y:FFFE S:036D D:0000 DB:7E P:07 V:32  H:240
C0460A $5A             PHY                             A:0000 X:0000 Y:FFFE S:036B D:0000 DB:7E P:07 V:32  H:247
C0460B $8F $62 $8B $7E STA $7E8B62                     A:0000 X:0000 Y:FFFE S:0369 D:0000 DB:7E P:07 V:32  H:254
C0460F $E2 $20         SEP #$20                        A:0000 X:0000 Y:FFFE S:0369 D:0000 DB:7E P:07 V:32  H:264
C04611 $A3 $0B         LDA $0B,S [000374] = $CB        A:0000 X:0000 Y:FFFE S:0369 D:0000 DB:7E P:27 V:32  H:268
C04613 $48             PHA                             A:00CB X:0000 Y:FFFE S:0369 D:0000 DB:7E P:A5 V:32  H:275
C04614 $AB             PLB                             A:00CB X:0000 Y:FFFE S:0368 D:0000 DB:7E P:A5 V:32  H:295
C04615 $C2 $20         REP #$20                        A:00CB X:0000 Y:FFFE S:0369 D:0000 DB:CB P:A5 V:32  H:301
C04617 $A0 $01 $00     LDY #$0001                      A:00CB X:0000 Y:FFFE S:0369 D:0000 DB:CB P:85 V:32  H:306
C0461A $B3 $09         LDA ($09,S),Y [CBDFB3] = $3181  A:00CB X:0000 Y:0001 S:0369 D:0000 DB:CB P:05 V:32  H:310
C0461C $8F $64 $8B $7E STA $7E8B64                     A:3181 X:0000 Y:0001 S:0369 D:0000 DB:CB P:05 V:32  H:323
C04620 $C8             INY                             A:3181 X:0000 Y:0001 S:0369 D:0000 DB:CB P:05 V:32  H:332
C04621 $B3 $09         LDA ($09,S),Y [CBDFB4] = $F631  A:3181 X:0000 Y:0002 S:0369 D:0000 DB:CB P:05 V:32  H:335
C04623 $8F $65 $8B $7E STA $7E8B65                     A:F631 X:0000 Y:0002 S:0369 D:0000 DB:CB P:85 V:33  H:8  
C04627 $C8             INY                             A:F631 X:0000 Y:0002 S:0369 D:0000 DB:CB P:85 V:33  H:18 
C04628 $C8             INY                             A:F631 X:0000 Y:0003 S:0369 D:0000 DB:CB P:05 V:33  H:21 
C04629 $B3 $09         LDA ($09,S),Y [CBDFB6] = $AD00  A:F631 X:0000 Y:0004 S:0369 D:0000 DB:CB P:05 V:33  H:24 
C0462B $29 $FF $00     AND #$00FF                      A:AD00 X:0000 Y:0004 S:0369 D:0000 DB:CB P:85 V:33  H:37 
C0462E $8F $68 $8B $7E STA $7E8B68                     A:0000 X:0000 Y:0004 S:0369 D:0000 DB:CB P:07 V:33  H:42 
C04632 $A3 $09         LDA $09,S [000372] = $DFB2      A:0000 X:0000 Y:0004 S:0369 D:0000 DB:CB P:07 V:33  H:52 
C04634 $1A             INC                             A:DFB2 X:0000 Y:0004 S:0369 D:0000 DB:CB P:85 V:33  H:60 
C04635 $1A             INC                             A:DFB3 X:0000 Y:0004 S:0369 D:0000 DB:CB P:85 V:33  H:63 
C04636 $1A             INC                             A:DFB4 X:0000 Y:0004 S:0369 D:0000 DB:CB P:85 V:33  H:66 
C04637 $1A             INC                             A:DFB5 X:0000 Y:0004 S:0369 D:0000 DB:CB P:85 V:33  H:69 
C04638 $83 $09         STA $09,S [000372] = $DFB2      A:DFB6 X:0000 Y:0004 S:0369 D:0000 DB:CB P:85 V:33  H:72 
C0463A $4C $50 $46     JMP $4650 [C04650] = $7EF4      A:DFB6 X:0000 Y:0004 S:0369 D:0000 DB:CB P:85 V:33  H:81 
C04650 $F4 $7E $7E     PEA #$7E7E                      A:DFB6 X:0000 Y:0004 S:0369 D:0000 DB:CB P:85 V:33  H:85 
C04653 $AB             PLB                             A:DFB6 X:0000 Y:0004 S:0367 D:0000 DB:CB P:85 V:33  H:94 
C04654 $AB             PLB                             A:DFB6 X:0000 Y:0004 S:0368 D:0000 DB:7E P:05 V:33  H:100
C04655 $AD $62 $8B     LDA $8B62 [7E8B62] = $0000      A:DFB6 X:0000 Y:0004 S:0369 D:0000 DB:7E P:05 V:33  H:107
C04658 $C9 $20 $00     CMP #$0020                      A:0000 X:0000 Y:0004 S:0369 D:0000 DB:7E P:07 V:33  H:115
C0465B $B0 $12         BCS $C0466F                     A:0000 X:0000 Y:0004 S:0369 D:0000 DB:7E P:84 V:33  H:120
C0465D $A2 $00 $00     LDX #$0000                      A:0000 X:0000 Y:0004 S:0369 D:0000 DB:7E P:84 V:33  H:123
C04660 $BD $42 $8B     LDA $8B42,X [7E8B42] = $00F6    A:0000 X:0000 Y:0004 S:0369 D:0000 DB:7E P:06 V:33  H:127
C04663 $C9 $FF $FF     CMP #$FFFF                      A:00F6 X:0000 Y:0004 S:0369 D:0000 DB:7E P:04 V:33  H:147
C04666 $F0 $0E         BEQ $C04676                     A:00F6 X:0000 Y:0004 S:0369 D:0000 DB:7E P:04 V:33  H:152
C04668 $E8             INX                             A:00F6 X:0000 Y:0004 S:0369 D:0000 DB:7E P:04 V:33  H:155
C04669 $E8             INX                             A:00F6 X:0001 Y:0004 S:0369 D:0000 DB:7E P:04 V:33  H:158
C0466A $E0 $10 $00     CPX #$0010                      A:00F6 X:0002 Y:0004 S:0369 D:0000 DB:7E P:04 V:33  H:161
C0466D $90 $F1         BCC $C04660                     A:00F6 X:0002 Y:0004 S:0369 D:0000 DB:7E P:84 V:33  H:165
C04660 $BD $42 $8B     LDA $8B42,X [7E8B44] = $FFFF    A:00F6 X:0002 Y:0004 S:0369 D:0000 DB:7E P:84 V:33  H:170
C04663 $C9 $FF $FF     CMP #$FFFF                      A:FFFF X:0002 Y:0004 S:0369 D:0000 DB:7E P:84 V:33  H:180
C04666 $F0 $0E         BEQ $C04676                     A:FFFF X:0002 Y:0004 S:0369 D:0000 DB:7E P:07 V:33  H:184
C04676 $AD $64 $8B     LDA $8B64 [7E8B64] = $3181      A:FFFF X:0002 Y:0004 S:0369 D:0000 DB:7E P:07 V:33  H:189
C04679 $9D $32 $8B     STA $8B32,X [7E8B34] = $3181    A:3181 X:0002 Y:0004 S:0369 D:0000 DB:7E P:05 V:33  H:197
C0467C $85 $30         STA $30 [000030] = $0000        A:3181 X:0002 Y:0004 S:0369 D:0000 DB:7E P:05 V:33  H:207
C0467E $AD $66 $8B     LDA $8B66 [7E8B66] = $00F6      A:3181 X:0002 Y:0004 S:0369 D:0000 DB:7E P:05 V:33  H:214
C04681 $29 $FF $00     AND #$00FF                      A:00F6 X:0002 Y:0004 S:0369 D:0000 DB:7E P:05 V:33  H:223
C04684 $85 $32         STA $32 [000032] = $0003        A:00F6 X:0002 Y:0004 S:0369 D:0000 DB:7E P:05 V:33  H:227
C04686 $AD $68 $8B     LDA $8B68 [7E8B68] = $0000      A:00F6 X:0002 Y:0004 S:0369 D:0000 DB:7E P:05 V:33  H:234
C04689 $9D $22 $8B     STA $8B22,X [7E8B24] = $0000    A:0000 X:0002 Y:0004 S:0369 D:0000 DB:7E P:07 V:33  H:243
C0468C $9E $92 $8A     STZ $8A92,X [7E8A94] = $0032    A:0000 X:0002 Y:0004 S:0369 D:0000 DB:7E P:07 V:33  H:253
C0468F $9E $A2 $8A     STZ $8AA2,X [7E8AA4] = $0000    A:0000 X:0002 Y:0004 S:0369 D:0000 DB:7E P:07 V:33  H:263
C04692 $A9 $01 $00     LDA #$0001                      A:0000 X:0002 Y:0004 S:0369 D:0000 DB:7E P:07 V:33  H:273
C04695 $9D $C2 $8A     STA $8AC2,X [7E8AC4] = $0001    A:0001 X:0002 Y:0004 S:0369 D:0000 DB:7E P:05 V:33  H:285
C04698 $9C $6A $8B     STZ $8B6A [7E8B6A] = $0006      A:0001 X:0002 Y:0004 S:0369 D:0000 DB:7E P:05 V:33  H:295
C0469B $A0 $03 $00     LDY #$0003                      A:0001 X:0002 Y:0004 S:0369 D:0000 DB:7E P:05 V:33  H:303
C0469E $B7 $30         LDA [$30],Y [F63184] = $0102    A:0001 X:0002 Y:0003 S:0369 D:0000 DB:7E P:05 V:33  H:308
C046A0 $29 $FF $00     AND #$00FF                      A:0102 X:0002 Y:0003 S:0369 D:0000 DB:7E P:05 V:33  H:320
C046A3 $F0 $06         BEQ $C046AB                     A:0002 X:0002 Y:0003 S:0369 D:0000 DB:7E P:05 V:33  H:324
C046A5 $A9 $02 $00     LDA #$0002                      A:0002 X:0002 Y:0003 S:0369 D:0000 DB:7E P:05 V:33  H:327
C046A8 $8D $6A $8B     STA $8B6A [7E8B6A] = $0000      A:0002 X:0002 Y:0003 S:0369 D:0000 DB:7E P:05 V:33  H:331
C046AB $C8             INY                             A:0002 X:0002 Y:0003 S:0369 D:0000 DB:7E P:05 V:33  H:339
C046AC $B7 $30         LDA [$30],Y [F63185] = $3E01    A:0002 X:0002 Y:0004 S:0369 D:0000 DB:7E P:05 V:34  H:2  
C046AE $29 $FF $00     AND #$00FF                      A:3E01 X:0002 Y:0004 S:0369 D:0000 DB:7E P:05 V:34  H:14 
C046B1 $F0 $0A         BEQ $C046BD                     A:0001 X:0002 Y:0004 S:0369 D:0000 DB:7E P:05 V:34  H:19 
C046B3 $AD $6A $8B     LDA $8B6A [7E8B6A] = $0002      A:0001 X:0002 Y:0004 S:0369 D:0000 DB:7E P:05 V:34  H:22 
C046B6 $18             CLC                             A:0002 X:0002 Y:0004 S:0369 D:0000 DB:7E P:05 V:34  H:30 
C046B7 $69 $04 $00     ADC #$0004                      A:0002 X:0002 Y:0004 S:0369 D:0000 DB:7E P:04 V:34  H:33 
C046BA $8D $6A $8B     STA $8B6A [7E8B6A] = $0002      A:0006 X:0002 Y:0004 S:0369 D:0000 DB:7E P:04 V:34  H:38 
C046BD $AD $6A $8B     LDA $8B6A [7E8B6A] = $0006      A:0006 X:0002 Y:0004 S:0369 D:0000 DB:7E P:04 V:34  H:46 
C046C0 $9D $52 $8B     STA $8B52,X [7E8B54] = $0006    A:0006 X:0002 Y:0004 S:0369 D:0000 DB:7E P:04 V:34  H:55 
C046C3 $A7 $30         LDA [$30] [F63181] = $30D2      A:0006 X:0002 Y:0004 S:0369 D:0000 DB:7E P:04 V:34  H:65 
C046C5 $85 $34         STA $34 [000034] = $30D2        A:30D2 X:0002 Y:0004 S:0369 D:0000 DB:7E P:04 V:34  H:77 
C046C7 $A0 $02 $00     LDY #$0002                      A:30D2 X:0002 Y:0004 S:0369 D:0000 DB:7E P:04 V:34  H:84 
C046CA $B7 $30         LDA [$30],Y [F63183] = $02F6    A:30D2 X:0002 Y:0002 S:0369 D:0000 DB:7E P:04 V:34  H:88 
C046CC $29 $FF $00     AND #$00FF                      A:02F6 X:0002 Y:0002 S:0369 D:0000 DB:7E P:04 V:34  H:100
C046CF $85 $36         STA $36 [000036] = $00F6        A:00F6 X:0002 Y:0002 S:0369 D:0000 DB:7E P:04 V:34  H:105
C046D1 $A0 $00 $00     LDY #$0000                      A:00F6 X:0002 Y:0002 S:0369 D:0000 DB:7E P:04 V:34  H:112
C046D4 $B9 $7E $8B     LDA $8B7E,Y [7E8B7E] = $30D2    A:00F6 X:0002 Y:0000 S:0369 D:0000 DB:7E P:06 V:34  H:116
C046D7 $C5 $34         CMP $34 [000034] = $30D2        A:30D2 X:0002 Y:0000 S:0369 D:0000 DB:7E P:04 V:34  H:126
C046D9 $D0 $07         BNE $C046E2                     A:30D2 X:0002 Y:0000 S:0369 D:0000 DB:7E P:07 V:34  H:133
C046DB $B9 $8E $8B     LDA $8B8E,Y [7E8B8E] = $00F6    A:30D2 X:0002 Y:0000 S:0369 D:0000 DB:7E P:07 V:34  H:146
C046DE $C5 $36         CMP $36 [000036] = $00F6        A:00F6 X:0002 Y:0000 S:0369 D:0000 DB:7E P:05 V:34  H:156
C046E0 $F0 $1C         BEQ $C046FE                     A:00F6 X:0002 Y:0000 S:0369 D:0000 DB:7E P:07 V:34  H:163
C046FE $98             TYA                             A:00F6 X:0002 Y:0000 S:0369 D:0000 DB:7E P:07 V:34  H:168
C046FF $9D $E2 $8A     STA $8AE2,X [7E8AE4] = $0000    A:0000 X:0002 Y:0000 S:0369 D:0000 DB:7E P:07 V:34  H:171
C04702 $B9 $9E $8B     LDA $8B9E,Y [7E8B9E] = $0020    A:0000 X:0002 Y:0000 S:0369 D:0000 DB:7E P:07 V:34  H:181
C04705 $20 $92 $47     JSR $4792 [C04792] = $5ADA      A:0020 X:0002 Y:0000 S:0369 D:0000 DB:7E P:05 V:34  H:191
C04792 $DA             PHX                             A:0020 X:0002 Y:0000 S:0367 D:0000 DB:7E P:05 V:34  H:201
C04793 $5A             PHY                             A:0020 X:0002 Y:0000 S:0365 D:0000 DB:7E P:05 V:34  H:208
C04794 $AA             TAX                             A:0020 X:0002 Y:0000 S:0363 D:0000 DB:7E P:05 V:34  H:215
C04795 $A7 $34         LDA [$34] [F630D2] = $C103      A:0020 X:0020 Y:0000 S:0363 D:0000 DB:7E P:05 V:34  H:218
C04797 $29 $FF $00     AND #$00FF                      A:C103 X:0020 Y:0000 S:0363 D:0000 DB:7E P:85 V:34  H:230
C0479A $85 $30         STA $30 [000030] = $3181        A:0003 X:0020 Y:0000 S:0363 D:0000 DB:7E P:05 V:34  H:234
C0479C $A0 $01 $00     LDY #$0001                      A:0003 X:0020 Y:0000 S:0363 D:0000 DB:7E P:05 V:34  H:241
C0479F $B7 $34         LDA [$34],Y [F630D3] = $02C1    A:0003 X:0020 Y:0001 S:0363 D:0000 DB:7E P:05 V:34  H:246
C047A1 $9D $FE $87     STA $87FE,X [7E881E] = $02C1    A:02C1 X:0020 Y:0001 S:0363 D:0000 DB:7E P:05 V:34  H:258
C047A4 $FE $3E $88     INC $883E,X [7E885E] = $0001    A:02C1 X:0020 Y:0001 S:0363 D:0000 DB:7E P:05 V:34  H:268
C047A7 $E8             INX                             A:02C1 X:0020 Y:0001 S:0363 D:0000 DB:7E P:05 V:34  H:289
C047A8 $E8             INX                             A:02C1 X:0021 Y:0001 S:0363 D:0000 DB:7E P:05 V:34  H:292
C047A9 $C8             INY                             A:02C1 X:0022 Y:0001 S:0363 D:0000 DB:7E P:05 V:34  H:295
C047AA $C8             INY                             A:02C1 X:0022 Y:0002 S:0363 D:0000 DB:7E P:05 V:34  H:298
C047AB $C6 $30         DEC $30 [000030] = $0003        A:02C1 X:0022 Y:0003 S:0363 D:0000 DB:7E P:05 V:34  H:301
C047AD $D0 $F0         BNE $C0479F                     A:02C1 X:0022 Y:0003 S:0363 D:0000 DB:7E P:05 V:34  H:314
C0479F $B7 $34         LDA [$34],Y [F630D5] = $02C2    A:02C1 X:0022 Y:0003 S:0363 D:0000 DB:7E P:05 V:34  H:318
C047A1 $9D $FE $87     STA $87FE,X [7E8820] = $02C2    A:02C2 X:0022 Y:0003 S:0363 D:0000 DB:7E P:05 V:34  H:329
C047A4 $FE $3E $88     INC $883E,X [7E8860] = $0001    A:02C2 X:0022 Y:0003 S:0363 D:0000 DB:7E P:05 V:34  H:339
C047A7 $E8             INX                             A:02C2 X:0022 Y:0003 S:0363 D:0000 DB:7E P:05 V:35  H:15 
C047A8 $E8             INX                             A:02C2 X:0023 Y:0003 S:0363 D:0000 DB:7E P:05 V:35  H:18 
C047A9 $C8             INY                             A:02C2 X:0024 Y:0003 S:0363 D:0000 DB:7E P:05 V:35  H:21 
C047AA $C8             INY                             A:02C2 X:0024 Y:0004 S:0363 D:0000 DB:7E P:05 V:35  H:24 
C047AB $C6 $30         DEC $30 [000030] = $0002        A:02C2 X:0024 Y:0005 S:0363 D:0000 DB:7E P:05 V:35  H:27 
C047AD $D0 $F0         BNE $C0479F                     A:02C2 X:0024 Y:0005 S:0363 D:0000 DB:7E P:05 V:35  H:39 
C0479F $B7 $34         LDA [$34],Y [F630D7] = $02C3    A:02C2 X:0024 Y:0005 S:0363 D:0000 DB:7E P:05 V:35  H:44 
C047A1 $9D $FE $87     STA $87FE,X [7E8822] = $02C3    A:02C3 X:0024 Y:0005 S:0363 D:0000 DB:7E P:05 V:35  H:56 
C047A4 $FE $3E $88     INC $883E,X [7E8862] = $0001    A:02C3 X:0024 Y:0005 S:0363 D:0000 DB:7E P:05 V:35  H:66 
C047A7 $E8             INX                             A:02C3 X:0024 Y:0005 S:0363 D:0000 DB:7E P:05 V:35  H:81 
C047A8 $E8             INX                             A:02C3 X:0025 Y:0005 S:0363 D:0000 DB:7E P:05 V:35  H:84 
C047A9 $C8             INY                             A:02C3 X:0026 Y:0005 S:0363 D:0000 DB:7E P:05 V:35  H:87 
C047AA $C8             INY                             A:02C3 X:0026 Y:0006 S:0363 D:0000 DB:7E P:05 V:35  H:90 
C047AB $C6 $30         DEC $30 [000030] = $0001        A:02C3 X:0026 Y:0007 S:0363 D:0000 DB:7E P:05 V:35  H:93 
C047AD $D0 $F0         BNE $C0479F                     A:02C3 X:0026 Y:0007 S:0363 D:0000 DB:7E P:07 V:35  H:106
C047AF $7A             PLY                             A:02C3 X:0026 Y:0007 S:0363 D:0000 DB:7E P:07 V:35  H:109
C047B0 $FA             PLX                             A:02C3 X:0026 Y:0000 S:0365 D:0000 DB:7E P:07 V:35  H:117
C047B1 $60             RTS                             A:02C3 X:0002 Y:0000 S:0367 D:0000 DB:7E P:05 V:35  H:126
C04708 $80 $1C         BRA $C04726                     A:02C3 X:0002 Y:0000 S:0369 D:0000 DB:7E P:05 V:35  H:146
C04726 $A5 $34         LDA $34 [000034] = $30D2        A:02C3 X:0002 Y:0000 S:0369 D:0000 DB:7E P:05 V:35  H:150
C04728 $99 $7E $8B     STA $8B7E,Y [7E8B7E] = $30D2    A:30D2 X:0002 Y:0000 S:0369 D:0000 DB:7E P:05 V:35  H:157
C0472B $A5 $36         LDA $36 [000036] = $00F6        A:30D2 X:0002 Y:0000 S:0369 D:0000 DB:7E P:05 V:35  H:167
C0472D $99 $8E $8B     STA $8B8E,Y [7E8B8E] = $00F6    A:00F6 X:0002 Y:0000 S:0369 D:0000 DB:7E P:05 V:35  H:174
C04730 $B9 $6E $8B     LDA $8B6E,Y [7E8B6E] = $0001    A:00F6 X:0002 Y:0000 S:0369 D:0000 DB:7E P:05 V:35  H:184
C04733 $1A             INC                             A:0001 X:0002 Y:0000 S:0369 D:0000 DB:7E P:05 V:35  H:194
C04734 $99 $6E $8B     STA $8B6E,Y [7E8B6E] = $0001    A:0002 X:0002 Y:0000 S:0369 D:0000 DB:7E P:05 V:35  H:197
C04737 $AD $62 $8B     LDA $8B62 [7E8B62] = $0000      A:0002 X:0002 Y:0000 S:0369 D:0000 DB:7E P:05 V:35  H:207
C0473A $0A             ASL                             A:0000 X:0002 Y:0000 S:0369 D:0000 DB:7E P:07 V:35  H:216
C0473B $0A             ASL                             A:0000 X:0002 Y:0000 S:0369 D:0000 DB:7E P:06 V:35  H:219
C0473C $0A             ASL                             A:0000 X:0002 Y:0000 S:0369 D:0000 DB:7E P:06 V:35  H:222
C0473D $69 $86 $89     ADC #$8986                      A:0000 X:0002 Y:0000 S:0369 D:0000 DB:7E P:06 V:35  H:225
C04740 $9D $02 $8B     STA $8B02,X [7E8B04] = $8986    A:8986 X:0002 Y:0000 S:0369 D:0000 DB:7E P:84 V:35  H:229
C04743 $AD $66 $8B     LDA $8B66 [7E8B66] = $00F6      A:8986 X:0002 Y:0000 S:0369 D:0000 DB:7E P:84 V:35  H:239
C04746 $29 $FF $00     AND #$00FF                      A:00F6 X:0002 Y:0000 S:0369 D:0000 DB:7E P:04 V:35  H:248
C04749 $9D $42 $8B     STA $8B42,X [7E8B44] = $FFFF    A:00F6 X:0002 Y:0000 S:0369 D:0000 DB:7E P:04 V:35  H:252
C0474C $8E $6C $8B     STX $8B6C [7E8B6C] = $0000      A:00F6 X:0002 Y:0000 S:0369 D:0000 DB:7E P:04 V:35  H:262
C0474F $7A             PLY                             A:00F6 X:0002 Y:0000 S:0369 D:0000 DB:7E P:04 V:35  H:271
C04750 $FA             PLX                             A:00F6 X:0002 Y:FFFE S:036B D:0000 DB:7E P:84 V:35  H:287
C04751 $68             PLA                             A:00F6 X:0000 Y:FFFE S:036D D:0000 DB:7E P:06 V:35  H:296
C04752 $AB             PLB                             A:0000 X:0000 Y:FFFE S:036F D:0000 DB:7E P:06 V:35  H:304
C04753 $28             PLP                             A:0000 X:0000 Y:FFFE S:0370 D:0000 DB:7E P:04 V:35  H:311
C04754 $38             SEC                             A:0000 X:0000 Y:FFFE S:0371 D:0000 DB:7E P:07 V:35  H:317
C04755 $6B             RTL                             A:0000 X:0000 Y:FFFE S:0371 D:0000 DB:7E P:07 V:35  H:320
CBDFB7 $AD $77 $99     LDA $9977 [7E9977] = $0000      A:0000 X:0000 Y:FFFE S:0374 D:0000 DB:7E P:07 V:35  H:330
CBDFBA $22 $04 $46 $C0 JSL $C04604                     A:0000 X:0000 Y:FFFE S:0374 D:0000 DB:7E P:07 V:35  H:338
C04604 $08             PHP                             A:0000 X:0000 Y:FFFE S:0371 D:0000 DB:7E P:07 V:36  H:12 
C04605 $C2 $30         REP #$30                        A:0000 X:0000 Y:FFFE S:0370 D:0000 DB:7E P:07 V:36  H:17 
C04607 $8B             PHB                             A:0000 X:0000 Y:FFFE S:0370 D:0000 DB:7E P:07 V:36  H:21 
C04608 $48             PHA                             A:0000 X:0000 Y:FFFE S:036F D:0000 DB:7E P:07 V:36  H:26 
C04609 $DA             PHX                             A:0000 X:0000 Y:FFFE S:036D D:0000 DB:7E P:07 V:36  H:33 
C0460A $5A             PHY                             A:0000 X:0000 Y:FFFE S:036B D:0000 DB:7E P:07 V:36  H:40 
C0460B $8F $62 $8B $7E STA $7E8B62                     A:0000 X:0000 Y:FFFE S:0369 D:0000 DB:7E P:07 V:36  H:47 
C0460F $E2 $20         SEP #$20                        A:0000 X:0000 Y:FFFE S:0369 D:0000 DB:7E P:07 V:36  H:57 
C04611 $A3 $0B         LDA $0B,S [000374] = $CB        A:0000 X:0000 Y:FFFE S:0369 D:0000 DB:7E P:27 V:36  H:62 
C04613 $48             PHA                             A:00CB X:0000 Y:FFFE S:0369 D:0000 DB:7E P:A5 V:36  H:68 
C04614 $AB             PLB                             A:00CB X:0000 Y:FFFE S:0368 D:0000 DB:7E P:A5 V:36  H:73 
C04615 $C2 $20         REP #$20                        A:00CB X:0000 Y:FFFE S:0369 D:0000 DB:CB P:A5 V:36  H:80 
C04617 $A0 $01 $00     LDY #$0001                      A:00CB X:0000 Y:FFFE S:0369 D:0000 DB:CB P:85 V:36  H:84 
C0461A $B3 $09         LDA ($09,S),Y [CBDFBE] = $325F  A:00CB X:0000 Y:0001 S:0369 D:0000 DB:CB P:05 V:36  H:89 
C0461C $8F $64 $8B $7E STA $7E8B64                     A:325F X:0000 Y:0001 S:0369 D:0000 DB:CB P:05 V:36  H:102
C04620 $C8             INY                             A:325F X:0000 Y:0001 S:0369 D:0000 DB:CB P:05 V:36  H:112
C04621 $B3 $09         LDA ($09,S),Y [CBDFBF] = $F632  A:325F X:0000 Y:0002 S:0369 D:0000 DB:CB P:05 V:36  H:115
C04623 $8F $65 $8B $7E STA $7E8B65                     A:F632 X:0000 Y:0002 S:0369 D:0000 DB:CB P:85 V:36  H:128
C04627 $C8             INY                             A:F632 X:0000 Y:0002 S:0369 D:0000 DB:CB P:85 V:36  H:148
C04628 $C8             INY                             A:F632 X:0000 Y:0003 S:0369 D:0000 DB:CB P:05 V:36  H:151
C04629 $B3 $09         LDA ($09,S),Y [CBDFC1] = $6B00  A:F632 X:0000 Y:0004 S:0369 D:0000 DB:CB P:05 V:36  H:154
C0462B $29 $FF $00     AND #$00FF                      A:6B00 X:0000 Y:0004 S:0369 D:0000 DB:CB P:05 V:36  H:167
C0462E $8F $68 $8B $7E STA $7E8B68                     A:0000 X:0000 Y:0004 S:0369 D:0000 DB:CB P:07 V:36  H:171
C04632 $A3 $09         LDA $09,S [000372] = $DFBD      A:0000 X:0000 Y:0004 S:0369 D:0000 DB:CB P:07 V:36  H:181
C04634 $1A             INC                             A:DFBD X:0000 Y:0004 S:0369 D:0000 DB:CB P:85 V:36  H:190
C04635 $1A             INC                             A:DFBE X:0000 Y:0004 S:0369 D:0000 DB:CB P:85 V:36  H:193
C04636 $1A             INC                             A:DFBF X:0000 Y:0004 S:0369 D:0000 DB:CB P:85 V:36  H:196
C04637 $1A             INC                             A:DFC0 X:0000 Y:0004 S:0369 D:0000 DB:CB P:85 V:36  H:199
C04638 $83 $09         STA $09,S [000372] = $DFBD      A:DFC1 X:0000 Y:0004 S:0369 D:0000 DB:CB P:85 V:36  H:202
C0463A $4C $50 $46     JMP $4650 [C04650] = $7EF4      A:DFC1 X:0000 Y:0004 S:0369 D:0000 DB:CB P:85 V:36  H:210
C04650 $F4 $7E $7E     PEA #$7E7E                      A:DFC1 X:0000 Y:0004 S:0369 D:0000 DB:CB P:85 V:36  H:215
C04653 $AB             PLB                             A:DFC1 X:0000 Y:0004 S:0367 D:0000 DB:CB P:85 V:36  H:223
C04654 $AB             PLB                             A:DFC1 X:0000 Y:0004 S:0368 D:0000 DB:7E P:05 V:36  H:230
C04655 $AD $62 $8B     LDA $8B62 [7E8B62] = $0000      A:DFC1 X:0000 Y:0004 S:0369 D:0000 DB:7E P:05 V:36  H:236
C04658 $C9 $20 $00     CMP #$0020                      A:0000 X:0000 Y:0004 S:0369 D:0000 DB:7E P:07 V:36  H:245
C0465B $B0 $12         BCS $C0466F                     A:0000 X:0000 Y:0004 S:0369 D:0000 DB:7E P:84 V:36  H:249
C0465D $A2 $00 $00     LDX #$0000                      A:0000 X:0000 Y:0004 S:0369 D:0000 DB:7E P:84 V:36  H:252
C04660 $BD $42 $8B     LDA $8B42,X [7E8B42] = $00F6    A:0000 X:0000 Y:0004 S:0369 D:0000 DB:7E P:06 V:36  H:257
C04663 $C9 $FF $FF     CMP #$FFFF                      A:00F6 X:0000 Y:0004 S:0369 D:0000 DB:7E P:04 V:36  H:267
C04666 $F0 $0E         BEQ $C04676                     A:00F6 X:0000 Y:0004 S:0369 D:0000 DB:7E P:04 V:36  H:271
C04668 $E8             INX                             A:00F6 X:0000 Y:0004 S:0369 D:0000 DB:7E P:04 V:36  H:274
C04669 $E8             INX                             A:00F6 X:0001 Y:0004 S:0369 D:0000 DB:7E P:04 V:36  H:283
C0466A $E0 $10 $00     CPX #$0010                      A:00F6 X:0002 Y:0004 S:0369 D:0000 DB:7E P:04 V:36  H:286
C0466D $90 $F1         BCC $C04660                     A:00F6 X:0002 Y:0004 S:0369 D:0000 DB:7E P:84 V:36  H:291
C04660 $BD $42 $8B     LDA $8B42,X [7E8B44] = $00F6    A:00F6 X:0002 Y:0004 S:0369 D:0000 DB:7E P:84 V:36  H:295
C04663 $C9 $FF $FF     CMP #$FFFF                      A:00F6 X:0002 Y:0004 S:0369 D:0000 DB:7E P:04 V:36  H:305
C04666 $F0 $0E         BEQ $C04676                     A:00F6 X:0002 Y:0004 S:0369 D:0000 DB:7E P:04 V:36  H:310
C04668 $E8             INX                             A:00F6 X:0002 Y:0004 S:0369 D:0000 DB:7E P:04 V:36  H:313
C04669 $E8             INX                             A:00F6 X:0003 Y:0004 S:0369 D:0000 DB:7E P:04 V:36  H:316
C0466A $E0 $10 $00     CPX #$0010                      A:00F6 X:0004 Y:0004 S:0369 D:0000 DB:7E P:04 V:36  H:319
C0466D $90 $F1         BCC $C04660                     A:00F6 X:0004 Y:0004 S:0369 D:0000 DB:7E P:84 V:36  H:323
C04660 $BD $42 $8B     LDA $8B42,X [7E8B46] = $FFFF    A:00F6 X:0004 Y:0004 S:0369 D:0000 DB:7E P:84 V:36  H:327
C04663 $C9 $FF $FF     CMP #$FFFF                      A:FFFF X:0004 Y:0004 S:0369 D:0000 DB:7E P:84 V:36  H:337
C04666 $F0 $0E         BEQ $C04676                     A:FFFF X:0004 Y:0004 S:0369 D:0000 DB:7E P:07 V:37  H:1  
C04676 $AD $64 $8B     LDA $8B64 [7E8B64] = $325F      A:FFFF X:0004 Y:0004 S:0369 D:0000 DB:7E P:07 V:37  H:6  
C04679 $9D $32 $8B     STA $8B32,X [7E8B36] = $325F    A:325F X:0004 Y:0004 S:0369 D:0000 DB:7E P:05 V:37  H:14 
C0467C $85 $30         STA $30 [000030] = $0000        A:325F X:0004 Y:0004 S:0369 D:0000 DB:7E P:05 V:37  H:24 
C0467E $AD $66 $8B     LDA $8B66 [7E8B66] = $00F6      A:325F X:0004 Y:0004 S:0369 D:0000 DB:7E P:05 V:37  H:31 
C04681 $29 $FF $00     AND #$00FF                      A:00F6 X:0004 Y:0004 S:0369 D:0000 DB:7E P:05 V:37  H:40 
C04684 $85 $32         STA $32 [000032] = $00F6        A:00F6 X:0004 Y:0004 S:0369 D:0000 DB:7E P:05 V:37  H:44 
C04686 $AD $68 $8B     LDA $8B68 [7E8B68] = $0000      A:00F6 X:0004 Y:0004 S:0369 D:0000 DB:7E P:05 V:37  H:51 
C04689 $9D $22 $8B     STA $8B22,X [7E8B26] = $0000    A:0000 X:0004 Y:0004 S:0369 D:0000 DB:7E P:07 V:37  H:60 
C0468C $9E $92 $8A     STZ $8A92,X [7E8A96] = $000E    A:0000 X:0004 Y:0004 S:0369 D:0000 DB:7E P:07 V:37  H:70 
C0468F $9E $A2 $8A     STZ $8AA2,X [7E8AA6] = $0000    A:0000 X:0004 Y:0004 S:0369 D:0000 DB:7E P:07 V:37  H:80 
C04692 $A9 $01 $00     LDA #$0001                      A:0000 X:0004 Y:0004 S:0369 D:0000 DB:7E P:07 V:37  H:90 
C04695 $9D $C2 $8A     STA $8AC2,X [7E8AC6] = $0001    A:0001 X:0004 Y:0004 S:0369 D:0000 DB:7E P:05 V:37  H:94 
C04698 $9C $6A $8B     STZ $8B6A [7E8B6A] = $0006      A:0001 X:0004 Y:0004 S:0369 D:0000 DB:7E P:05 V:37  H:104
C0469B $A0 $03 $00     LDY #$0003                      A:0001 X:0004 Y:0004 S:0369 D:0000 DB:7E P:05 V:37  H:113
C0469E $B7 $30         LDA [$30],Y [F63262] = $0106    A:0001 X:0004 Y:0003 S:0369 D:0000 DB:7E P:05 V:37  H:117
C046A0 $29 $FF $00     AND #$00FF                      A:0106 X:0004 Y:0003 S:0369 D:0000 DB:7E P:05 V:37  H:129
C046A3 $F0 $06         BEQ $C046AB                     A:0006 X:0004 Y:0003 S:0369 D:0000 DB:7E P:05 V:37  H:144
C046A5 $A9 $02 $00     LDA #$0002                      A:0006 X:0004 Y:0003 S:0369 D:0000 DB:7E P:05 V:37  H:147
C046A8 $8D $6A $8B     STA $8B6A [7E8B6A] = $0000      A:0002 X:0004 Y:0003 S:0369 D:0000 DB:7E P:05 V:37  H:151
C046AB $C8             INY                             A:0002 X:0004 Y:0003 S:0369 D:0000 DB:7E P:05 V:37  H:160
C046AC $B7 $30         LDA [$30],Y [F63263] = $2701    A:0002 X:0004 Y:0004 S:0369 D:0000 DB:7E P:05 V:37  H:163
C046AE $29 $FF $00     AND #$00FF                      A:2701 X:0004 Y:0004 S:0369 D:0000 DB:7E P:05 V:37  H:175
C046B1 $F0 $0A         BEQ $C046BD                     A:0001 X:0004 Y:0004 S:0369 D:0000 DB:7E P:05 V:37  H:179
C046B3 $AD $6A $8B     LDA $8B6A [7E8B6A] = $0002      A:0001 X:0004 Y:0004 S:0369 D:0000 DB:7E P:05 V:37  H:182
C046B6 $18             CLC                             A:0002 X:0004 Y:0004 S:0369 D:0000 DB:7E P:05 V:37  H:191
C046B7 $69 $04 $00     ADC #$0004                      A:0002 X:0004 Y:0004 S:0369 D:0000 DB:7E P:04 V:37  H:194
C046BA $8D $6A $8B     STA $8B6A [7E8B6A] = $0002      A:0006 X:0004 Y:0004 S:0369 D:0000 DB:7E P:04 V:37  H:198
C046BD $AD $6A $8B     LDA $8B6A [7E8B6A] = $0006      A:0006 X:0004 Y:0004 S:0369 D:0000 DB:7E P:04 V:37  H:207
C046C0 $9D $52 $8B     STA $8B52,X [7E8B56] = $0006    A:0006 X:0004 Y:0004 S:0369 D:0000 DB:7E P:04 V:37  H:215
C046C3 $A7 $30         LDA [$30] [F6325F] = $30D2      A:0006 X:0004 Y:0004 S:0369 D:0000 DB:7E P:04 V:37  H:225
C046C5 $85 $34         STA $34 [000034] = $30D2        A:30D2 X:0004 Y:0004 S:0369 D:0000 DB:7E P:04 V:37  H:237
C046C7 $A0 $02 $00     LDY #$0002                      A:30D2 X:0004 Y:0004 S:0369 D:0000 DB:7E P:04 V:37  H:244
C046CA $B7 $30         LDA [$30],Y [F63261] = $06F6    A:30D2 X:0004 Y:0002 S:0369 D:0000 DB:7E P:04 V:37  H:249
C046CC $29 $FF $00     AND #$00FF                      A:06F6 X:0004 Y:0002 S:0369 D:0000 DB:7E P:04 V:37  H:261
C046CF $85 $36         STA $36 [000036] = $00F6        A:00F6 X:0004 Y:0002 S:0369 D:0000 DB:7E P:04 V:37  H:265
C046D1 $A0 $00 $00     LDY #$0000                      A:00F6 X:0004 Y:0002 S:0369 D:0000 DB:7E P:04 V:37  H:272
C046D4 $B9 $7E $8B     LDA $8B7E,Y [7E8B7E] = $30D2    A:00F6 X:0004 Y:0000 S:0369 D:0000 DB:7E P:06 V:37  H:283
C046D7 $C5 $34         CMP $34 [000034] = $30D2        A:30D2 X:0004 Y:0000 S:0369 D:0000 DB:7E P:04 V:37  H:293
C046D9 $D0 $07         BNE $C046E2                     A:30D2 X:0004 Y:0000 S:0369 D:0000 DB:7E P:07 V:37  H:300
C046DB $B9 $8E $8B     LDA $8B8E,Y [7E8B8E] = $00F6    A:30D2 X:0004 Y:0000 S:0369 D:0000 DB:7E P:07 V:37  H:303
C046DE $C5 $36         CMP $36 [000036] = $00F6        A:00F6 X:0004 Y:0000 S:0369 D:0000 DB:7E P:05 V:37  H:313
C046E0 $F0 $1C         BEQ $C046FE                     A:00F6 X:0004 Y:0000 S:0369 D:0000 DB:7E P:07 V:37  H:320
C046FE $98             TYA                             A:00F6 X:0004 Y:0000 S:0369 D:0000 DB:7E P:07 V:37  H:324
C046FF $9D $E2 $8A     STA $8AE2,X [7E8AE6] = $0000    A:0000 X:0004 Y:0000 S:0369 D:0000 DB:7E P:07 V:37  H:327
C04702 $B9 $9E $8B     LDA $8B9E,Y [7E8B9E] = $0020    A:0000 X:0004 Y:0000 S:0369 D:0000 DB:7E P:07 V:37  H:336
C04705 $20 $92 $47     JSR $4792 [C04792] = $5ADA      A:0020 X:0004 Y:0000 S:0369 D:0000 DB:7E P:05 V:38  H:6  
C04792 $DA             PHX                             A:0020 X:0004 Y:0000 S:0367 D:0000 DB:7E P:05 V:38  H:16 
C04793 $5A             PHY                             A:0020 X:0004 Y:0000 S:0365 D:0000 DB:7E P:05 V:38  H:23 
C04794 $AA             TAX                             A:0020 X:0004 Y:0000 S:0363 D:0000 DB:7E P:05 V:38  H:30 
C04795 $A7 $34         LDA [$34] [F630D2] = $C103      A:0020 X:0020 Y:0000 S:0363 D:0000 DB:7E P:05 V:38  H:33 
C04797 $29 $FF $00     AND #$00FF                      A:C103 X:0020 Y:0000 S:0363 D:0000 DB:7E P:85 V:38  H:45 
C0479A $85 $30         STA $30 [000030] = $325F        A:0003 X:0020 Y:0000 S:0363 D:0000 DB:7E P:05 V:38  H:50 
C0479C $A0 $01 $00     LDY #$0001                      A:0003 X:0020 Y:0000 S:0363 D:0000 DB:7E P:05 V:38  H:57 
C0479F $B7 $34         LDA [$34],Y [F630D3] = $02C1    A:0003 X:0020 Y:0001 S:0363 D:0000 DB:7E P:05 V:38  H:61 
C047A1 $9D $FE $87     STA $87FE,X [7E881E] = $02C1    A:02C1 X:0020 Y:0001 S:0363 D:0000 DB:7E P:05 V:38  H:73 
C047A4 $FE $3E $88     INC $883E,X [7E885E] = $0002    A:02C1 X:0020 Y:0001 S:0363 D:0000 DB:7E P:05 V:38  H:83 
C047A7 $E8             INX                             A:02C1 X:0020 Y:0001 S:0363 D:0000 DB:7E P:05 V:38  H:99 
C047A8 $E8             INX                             A:02C1 X:0021 Y:0001 S:0363 D:0000 DB:7E P:05 V:38  H:102
C047A9 $C8             INY                             A:02C1 X:0022 Y:0001 S:0363 D:0000 DB:7E P:05 V:38  H:105
C047AA $C8             INY                             A:02C1 X:0022 Y:0002 S:0363 D:0000 DB:7E P:05 V:38  H:108
C047AB $C6 $30         DEC $30 [000030] = $0003        A:02C1 X:0022 Y:0003 S:0363 D:0000 DB:7E P:05 V:38  H:111
C047AD $D0 $F0         BNE $C0479F                     A:02C1 X:0022 Y:0003 S:0363 D:0000 DB:7E P:05 V:38  H:123
C0479F $B7 $34         LDA [$34],Y [F630D5] = $02C2    A:02C1 X:0022 Y:0003 S:0363 D:0000 DB:7E P:05 V:38  H:128
C047A1 $9D $FE $87     STA $87FE,X [7E8820] = $02C2    A:02C2 X:0022 Y:0003 S:0363 D:0000 DB:7E P:05 V:38  H:150
C047A4 $FE $3E $88     INC $883E,X [7E8860] = $0002    A:02C2 X:0022 Y:0003 S:0363 D:0000 DB:7E P:05 V:38  H:160
C047A7 $E8             INX                             A:02C2 X:0022 Y:0003 S:0363 D:0000 DB:7E P:05 V:38  H:175
C047A8 $E8             INX                             A:02C2 X:0023 Y:0003 S:0363 D:0000 DB:7E P:05 V:38  H:178
C047A9 $C8             INY                             A:02C2 X:0024 Y:0003 S:0363 D:0000 DB:7E P:05 V:38  H:181
C047AA $C8             INY                             A:02C2 X:0024 Y:0004 S:0363 D:0000 DB:7E P:05 V:38  H:184
C047AB $C6 $30         DEC $30 [000030] = $0002        A:02C2 X:0024 Y:0005 S:0363 D:0000 DB:7E P:05 V:38  H:187
C047AD $D0 $F0         BNE $C0479F                     A:02C2 X:0024 Y:0005 S:0363 D:0000 DB:7E P:05 V:38  H:200
C0479F $B7 $34         LDA [$34],Y [F630D7] = $02C3    A:02C2 X:0024 Y:0005 S:0363 D:0000 DB:7E P:05 V:38  H:204
C047A1 $9D $FE $87     STA $87FE,X [7E8822] = $02C3    A:02C3 X:0024 Y:0005 S:0363 D:0000 DB:7E P:05 V:38  H:216
C047A4 $FE $3E $88     INC $883E,X [7E8862] = $0002    A:02C3 X:0024 Y:0005 S:0363 D:0000 DB:7E P:05 V:38  H:226
C047A7 $E8             INX                             A:02C3 X:0024 Y:0005 S:0363 D:0000 DB:7E P:05 V:38  H:242
C047A8 $E8             INX                             A:02C3 X:0025 Y:0005 S:0363 D:0000 DB:7E P:05 V:38  H:245
C047A9 $C8             INY                             A:02C3 X:0026 Y:0005 S:0363 D:0000 DB:7E P:05 V:38  H:248
C047AA $C8             INY                             A:02C3 X:0026 Y:0006 S:0363 D:0000 DB:7E P:05 V:38  H:251
C047AB $C6 $30         DEC $30 [000030] = $0001        A:02C3 X:0026 Y:0007 S:0363 D:0000 DB:7E P:05 V:38  H:254
C047AD $D0 $F0         BNE $C0479F                     A:02C3 X:0026 Y:0007 S:0363 D:0000 DB:7E P:07 V:38  H:266
C047AF $7A             PLY                             A:02C3 X:0026 Y:0007 S:0363 D:0000 DB:7E P:07 V:38  H:269
C047B0 $FA             PLX                             A:02C3 X:0026 Y:0000 S:0365 D:0000 DB:7E P:07 V:38  H:284
C047B1 $60             RTS                             A:02C3 X:0004 Y:0000 S:0367 D:0000 DB:7E P:05 V:38  H:292
C04708 $80 $1C         BRA $C04726                     A:02C3 X:0004 Y:0000 S:0369 D:0000 DB:7E P:05 V:38  H:302
C04726 $A5 $34         LDA $34 [000034] = $30D2        A:02C3 X:0004 Y:0000 S:0369 D:0000 DB:7E P:05 V:38  H:307
C04728 $99 $7E $8B     STA $8B7E,Y [7E8B7E] = $30D2    A:30D2 X:0004 Y:0000 S:0369 D:0000 DB:7E P:05 V:38  H:314
C0472B $A5 $36         LDA $36 [000036] = $00F6        A:30D2 X:0004 Y:0000 S:0369 D:0000 DB:7E P:05 V:38  H:323
C0472D $99 $8E $8B     STA $8B8E,Y [7E8B8E] = $00F6    A:00F6 X:0004 Y:0000 S:0369 D:0000 DB:7E P:05 V:38  H:330
C04730 $B9 $6E $8B     LDA $8B6E,Y [7E8B6E] = $0002    A:00F6 X:0004 Y:0000 S:0369 D:0000 DB:7E P:05 V:39  H:0  
C04733 $1A             INC                             A:0002 X:0004 Y:0000 S:0369 D:0000 DB:7E P:05 V:39  H:10 
C04734 $99 $6E $8B     STA $8B6E,Y [7E8B6E] = $0002    A:0003 X:0004 Y:0000 S:0369 D:0000 DB:7E P:05 V:39  H:13 
C04737 $AD $62 $8B     LDA $8B62 [7E8B62] = $0000      A:0003 X:0004 Y:0000 S:0369 D:0000 DB:7E P:05 V:39  H:23 
C0473A $0A             ASL                             A:0000 X:0004 Y:0000 S:0369 D:0000 DB:7E P:07 V:39  H:31 
C0473B $0A             ASL                             A:0000 X:0004 Y:0000 S:0369 D:0000 DB:7E P:06 V:39  H:34 
C0473C $0A             ASL                             A:0000 X:0004 Y:0000 S:0369 D:0000 DB:7E P:06 V:39  H:37 
C0473D $69 $86 $89     ADC #$8986                      A:0000 X:0004 Y:0000 S:0369 D:0000 DB:7E P:06 V:39  H:40 
C04740 $9D $02 $8B     STA $8B02,X [7E8B06] = $8986    A:8986 X:0004 Y:0000 S:0369 D:0000 DB:7E P:84 V:39  H:45 
C04743 $AD $66 $8B     LDA $8B66 [7E8B66] = $00F6      A:8986 X:0004 Y:0000 S:0369 D:0000 DB:7E P:84 V:39  H:55 
C04746 $29 $FF $00     AND #$00FF                      A:00F6 X:0004 Y:0000 S:0369 D:0000 DB:7E P:04 V:39  H:63 
C04749 $9D $42 $8B     STA $8B42,X [7E8B46] = $FFFF    A:00F6 X:0004 Y:0000 S:0369 D:0000 DB:7E P:04 V:39  H:68 
C0474C $8E $6C $8B     STX $8B6C [7E8B6C] = $0002      A:00F6 X:0004 Y:0000 S:0369 D:0000 DB:7E P:04 V:39  H:78 
C0474F $7A             PLY                             A:00F6 X:0004 Y:0000 S:0369 D:0000 DB:7E P:04 V:39  H:86 
C04750 $FA             PLX                             A:00F6 X:0004 Y:FFFE S:036B D:0000 DB:7E P:84 V:39  H:95 
C04751 $68             PLA                             A:00F6 X:0000 Y:FFFE S:036D D:0000 DB:7E P:06 V:39  H:103
C04752 $AB             PLB                             A:0000 X:0000 Y:FFFE S:036F D:0000 DB:7E P:06 V:39  H:112
C04753 $28             PLP                             A:0000 X:0000 Y:FFFE S:0370 D:0000 DB:7E P:04 V:39  H:118
C04754 $38             SEC                             A:0000 X:0000 Y:FFFE S:0371 D:0000 DB:7E P:07 V:39  H:125
C04755 $6B             RTL                             A:0000 X:0000 Y:FFFE S:0371 D:0000 DB:7E P:07 V:39  H:128
CBDFC2 $6B             RTL                             A:0000 X:0000 Y:FFFE S:0374 D:0000 DB:7E P:07 V:39  H:148
CAE104 $AD $6C $8B     LDA $8B6C [7E8B6C] = $0004      A:0000 X:0000 Y:FFFE S:0377 D:0000 DB:7E P:07 V:39  H:159
CAE107 $8D $7F $99     STA $997F [7E997F] = $FFFF      A:0004 X:0000 Y:FFFE S:0377 D:0000 DB:7E P:05 V:39  H:167
CAE10A $22 $3B $92 $C7 JSL $C7923B                     A:0004 X:0000 Y:FFFE S:0377 D:0000 DB:7E P:05 V:39  H:176
C7923B $20 $AD $92     JSR $92AD [C792AD] = $00A9      A:0004 X:0000 Y:FFFE S:0374 D:0000 DB:7E P:05 V:39  H:189
C792AD $A9 $00 $00     LDA #$0000                      A:0004 X:0000 Y:FFFE S:0372 D:0000 DB:7E P:05 V:39  H:199
C792B0 $AE $2C $35     LDX $352C [7E352C] = $003C      A:0000 X:0000 Y:FFFE S:0372 D:0000 DB:7E P:07 V:39  H:204
C792B3 $E0 $18 $00     CPX #$0018                      A:0000 X:003C Y:FFFE S:0372 D:0000 DB:7E P:05 V:39  H:212
C792B6 $90 $1F         BCC $C792D7                     A:0000 X:003C Y:FFFE S:0372 D:0000 DB:7E P:05 V:39  H:217
C792B8 $1A             INC                             A:0000 X:003C Y:FFFE S:0372 D:0000 DB:7E P:05 V:39  H:220
C792B9 $E0 $50 $00     CPX #$0050                      A:0001 X:003C Y:FFFE S:0372 D:0000 DB:7E P:05 V:39  H:223
C792BC $90 $19         BCC $C792D7                     A:0001 X:003C Y:FFFE S:0372 D:0000 DB:7E P:84 V:39  H:227
C792D7 $0A             ASL                             A:0001 X:003C Y:FFFE S:0372 D:0000 DB:7E P:84 V:39  H:232
C792D8 $AA             TAX                             A:0002 X:003C Y:FFFE S:0372 D:0000 DB:7E P:04 V:39  H:235
C792D9 $60             RTS                             A:0002 X:0002 Y:FFFE S:0372 D:0000 DB:7E P:04 V:39  H:238
C7923E $BF $DB $93 $C7 LDA $C793DB,X [C793DD] = $00A3  A:0002 X:0002 Y:FFFE S:0374 D:0000 DB:7E P:04 V:39  H:248
C79242 $85 $18         STA $18 [000018] = $0000        A:00A3 X:0002 Y:FFFE S:0374 D:0000 DB:7E P:04 V:39  H:257
C79244 $BF $E9 $93 $C7 LDA $C793E9,X [C793EB] = $00A4  A:00A3 X:0002 Y:FFFE S:0374 D:0000 DB:7E P:04 V:39  H:264
C79248 $85 $1A         STA $1A [00001A] = $0000        A:00A4 X:0002 Y:FFFE S:0374 D:0000 DB:7E P:04 V:39  H:273
C7924A $20 $2B $93     JSR $932B [C7932B] = $7FAE      A:00A4 X:0002 Y:FFFE S:0374 D:0000 DB:7E P:04 V:39  H:290
C7932B $AE $7F $99     LDX $997F [7E997F] = $0004      A:00A4 X:0002 Y:FFFE S:0372 D:0000 DB:7E P:04 V:39  H:300
C7932E $30 $39         BMI $C79369                     A:00A4 X:0004 Y:FFFE S:0372 D:0000 DB:7E P:04 V:39  H:308
C79330 $BD $E2 $8A     LDA $8AE2,X [7E8AE6] = $0000    A:00A4 X:0004 Y:FFFE S:0372 D:0000 DB:7E P:04 V:39  H:311
C79333 $AA             TAX                             A:0000 X:0004 Y:FFFE S:0372 D:0000 DB:7E P:06 V:39  H:321
C79334 $BD $9E $8B     LDA $8B9E,X [7E8B9E] = $0020    A:0000 X:0000 Y:FFFE S:0372 D:0000 DB:7E P:06 V:39  H:324
C79337 $0A             ASL                             A:0020 X:0000 Y:FFFE S:0372 D:0000 DB:7E P:04 V:39  H:333
C79338 $0A             ASL                             A:0040 X:0000 Y:FFFE S:0372 D:0000 DB:7E P:04 V:39  H:336
C79339 $0A             ASL                             A:0080 X:0000 Y:FFFE S:0372 D:0000 DB:7E P:04 V:39  H:339
C7933A $0A             ASL                             A:0100 X:0000 Y:FFFE S:0372 D:0000 DB:7E P:04 V:40  H:2  
C7933B $69 $FE $7F     ADC #$7FFE                      A:0200 X:0000 Y:FFFE S:0372 D:0000 DB:7E P:04 V:40  H:5  
C7933E $6D $FE $88     ADC $88FE [7E88FE] = $0400      A:81FE X:0000 Y:FFFE S:0372 D:0000 DB:7E P:C4 V:40  H:10 
C79341 $A8             TAY                             A:85FE X:0000 Y:FFFE S:0372 D:0000 DB:7E P:84 V:40  H:18 
C79342 $BD $7E $8B     LDA $8B7E,X [7E8B7E] = $30D2    A:85FE X:0000 Y:85FE S:0372 D:0000 DB:7E P:84 V:40  H:21 
C79345 $85 $00         STA $00 [000000] = $3800        A:30D2 X:0000 Y:85FE S:0372 D:0000 DB:7E P:04 V:40  H:31 
C79347 $BD $8E $8B     LDA $8B8E,X [7E8B8E] = $00F6    A:30D2 X:0000 Y:85FE S:0372 D:0000 DB:7E P:04 V:40  H:38 
C7934A $85 $02         STA $02 [000002] = $000D        A:00F6 X:0000 Y:85FE S:0372 D:0000 DB:7E P:04 V:40  H:48 
C7934C $A7 $00         LDA [$00] [F630D2] = $C103      A:00F6 X:0000 Y:85FE S:0372 D:0000 DB:7E P:04 V:40  H:55 
C7934E $29 $FF $00     AND #$00FF                      A:C103 X:0000 Y:85FE S:0372 D:0000 DB:7E P:84 V:40  H:67 
C79351 $85 $1C         STA $1C [00001C] = $FFF8        A:0003 X:0000 Y:85FE S:0372 D:0000 DB:7E P:04 V:40  H:72 
C79353 $A5 $18         LDA $18 [000018] = $00A3        A:0003 X:0000 Y:85FE S:0372 D:0000 DB:7E P:04 V:40  H:79 
C79355 $0A             ASL                             A:00A3 X:0000 Y:85FE S:0372 D:0000 DB:7E P:04 V:40  H:86 
C79356 $0A             ASL                             A:0146 X:0000 Y:85FE S:0372 D:0000 DB:7E P:04 V:40  H:89 
C79357 $0A             ASL                             A:028C X:0000 Y:85FE S:0372 D:0000 DB:7E P:04 V:40  H:92 
C79358 $0A             ASL                             A:0518 X:0000 Y:85FE S:0372 D:0000 DB:7E P:04 V:40  H:95 
C79359 $20 $6A $93     JSR $936A [C7936A] = $C6AA      A:0A30 X:0000 Y:85FE S:0372 D:0000 DB:7E P:04 V:40  H:98 
C7936A $AA             TAX                             A:0A30 X:0000 Y:85FE S:0370 D:0000 DB:7E P:04 V:40  H:108
C7936B $C6 $1C         DEC $1C [00001C] = $0003        A:0A30 X:0A30 Y:85FE S:0370 D:0000 DB:7E P:04 V:40  H:111
C7936D $30 $50         BMI $C793BF                     A:0A30 X:0A30 Y:85FE S:0370 D:0000 DB:7E P:04 V:40  H:123
C7936F $BF $45 $EB $F5 LDA $F5EB45,X [F5F575] = $02E0  A:0A30 X:0A30 Y:85FE S:0370 D:0000 DB:7E P:04 V:40  H:126
C79373 $20 $C0 $93     JSR $93C0 [C793C0] = $22DA      A:02E0 X:0A30 Y:85FE S:0370 D:0000 DB:7E P:04 V:40  H:145
C793C0 $DA             PHX                             A:02E0 X:0A30 Y:85FE S:036E D:0000 DB:7E P:04 V:40  H:155
C793C1 $22 $E0 $41 $C0 JSL $C041E0                     A:02E0 X:0A30 Y:85FE S:036C D:0000 DB:7E P:04 V:40  H:162
C041E0 $C9 $00 $08     CMP #$0800                      A:02E0 X:0A30 Y:85FE S:0369 D:0000 DB:7E P:04 V:40  H:176
C041E3 $B0 $77         BCS $C0425C                     A:02E0 X:0A30 Y:85FE S:0369 D:0000 DB:7E P:84 V:40  H:180
C041E5 $0A             ASL                             A:02E0 X:0A30 Y:85FE S:0369 D:0000 DB:7E P:84 V:40  H:183
C041E6 $0A             ASL                             A:05C0 X:0A30 Y:85FE S:0369 D:0000 DB:7E P:04 V:40  H:186
C041E7 $0A             ASL                             A:0B80 X:0A30 Y:85FE S:0369 D:0000 DB:7E P:04 V:40  H:189
C041E8 $0A             ASL                             A:1700 X:0A30 Y:85FE S:0369 D:0000 DB:7E P:04 V:40  H:192
C041E9 $0A             ASL                             A:2E00 X:0A30 Y:85FE S:0369 D:0000 DB:7E P:04 V:40  H:195
C041EA $AA             TAX                             A:5C00 X:0A30 Y:85FE S:0369 D:0000 DB:7E P:04 V:40  H:198
C041EB $BF $2C $60 $F6 LDA $F6602C,X [F6BC2C] = $6922  A:5C00 X:5C00 Y:85FE S:0369 D:0000 DB:7E P:04 V:40  H:201
C041EF $99 $00 $00     STA $0000,Y [7E85FE] = $60A3    A:6922 X:5C00 Y:85FE S:0369 D:0000 DB:7E P:04 V:40  H:210
C041F2 $BF $2E $60 $F6 LDA $F6602E,X [F6BC2E] = $6D42  A:6922 X:5C00 Y:85FE S:0369 D:0000 DB:7E P:04 V:40  H:220
C041F6 $99 $02 $00     STA $0002,Y [7E8600] = $64A3    A:6D42 X:5C00 Y:85FE S:0369 D:0000 DB:7E P:04 V:40  H:229
C041F9 $BF $30 $60 $F6 LDA $F66030,X [F6BC30] = $7182  A:6D42 X:5C00 Y:85FE S:0369 D:0000 DB:7E P:04 V:40  H:239
C041FD $99 $04 $00     STA $0004,Y [7E8602] = $68C3    A:7182 X:5C00 Y:85FE S:0369 D:0000 DB:7E P:04 V:40  H:248
C04200 $BF $32 $60 $F6 LDA $F66032,X [F6BC32] = $75C1  A:7182 X:5C00 Y:85FE S:0369 D:0000 DB:7E P:04 V:40  H:258
C04204 $99 $06 $00     STA $0006,Y [7E8604] = $70E3    A:75C1 X:5C00 Y:85FE S:0369 D:0000 DB:7E P:04 V:40  H:267
C04207 $BF $34 $60 $F6 LDA $F66034,X [F6BC34] = $71A1  A:75C1 X:5C00 Y:85FE S:0369 D:0000 DB:7E P:04 V:40  H:291
C0420B $99 $08 $00     STA $0008,Y [7E8606] = $6CE3    A:71A1 X:5C00 Y:85FE S:0369 D:0000 DB:7E P:04 V:40  H:300
C0420E $BF $36 $60 $F6 LDA $F66036,X [F6BC36] = $6D61  A:71A1 X:5C00 Y:85FE S:0369 D:0000 DB:7E P:04 V:40  H:310
C04212 $99 $0A $00     STA $000A,Y [7E8608] = $68C3    A:6D61 X:5C00 Y:85FE S:0369 D:0000 DB:7E P:04 V:40  H:319
C04215 $BF $38 $60 $F6 LDA $F66038,X [F6BC38] = $6922  A:6D61 X:5C00 Y:85FE S:0369 D:0000 DB:7E P:04 V:40  H:328
C04219 $99 $0C $00     STA $000C,Y [7E860A] = $60A3    A:6922 X:5C00 Y:85FE S:0369 D:0000 DB:7E P:04 V:40  H:337
C0421C $BF $3A $60 $F6 LDA $F6603A,X [F6BC3A] = $6D42  A:6922 X:5C00 Y:85FE S:0369 D:0000 DB:7E P:04 V:41  H:7  
C04220 $99 $0E $00     STA $000E,Y [7E860C] = $64A3    A:6D42 X:5C00 Y:85FE S:0369 D:0000 DB:7E P:04 V:41  H:16 
C04223 $BF $3C $60 $F6 LDA $F6603C,X [F6BC3C] = $7182  A:6D42 X:5C00 Y:85FE S:0369 D:0000 DB:7E P:04 V:41  H:26 
C04227 $99 $10 $00     STA $0010,Y [7E860E] = $68C3    A:7182 X:5C00 Y:85FE S:0369 D:0000 DB:7E P:04 V:41  H:35 
C0422A $BF $3E $60 $F6 LDA $F6603E,X [F6BC3E] = $75C1  A:7182 X:5C00 Y:85FE S:0369 D:0000 DB:7E P:04 V:41  H:45 
C0422E $99 $12 $00     STA $0012,Y [7E8610] = $70E3    A:75C1 X:5C00 Y:85FE S:0369 D:0000 DB:7E P:04 V:41  H:54 
C04231 $BF $40 $60 $F6 LDA $F66040,X [F6BC40] = $71A1  A:75C1 X:5C00 Y:85FE S:0369 D:0000 DB:7E P:04 V:41  H:64 
C04235 $99 $14 $00     STA $0014,Y [7E8612] = $6CE3    A:71A1 X:5C00 Y:85FE S:0369 D:0000 DB:7E P:04 V:41  H:73 
C04238 $BF $42 $60 $F6 LDA $F66042,X [F6BC42] = $6D61  A:71A1 X:5C00 Y:85FE S:0369 D:0000 DB:7E P:04 V:41  H:83 
C0423C $99 $16 $00     STA $0016,Y [7E8614] = $68C3    A:6D61 X:5C00 Y:85FE S:0369 D:0000 DB:7E P:04 V:41  H:92 
C0423F $BF $44 $60 $F6 LDA $F66044,X [F6BC44] = $0000  A:6D61 X:5C00 Y:85FE S:0369 D:0000 DB:7E P:04 V:41  H:102
C04243 $99 $18 $00     STA $0018,Y [7E8616] = $0000    A:0000 X:5C00 Y:85FE S:0369 D:0000 DB:7E P:06 V:41  H:111
C04246 $BF $46 $60 $F6 LDA $F66046,X [F6BC46] = $0000  A:0000 X:5C00 Y:85FE S:0369 D:0000 DB:7E P:06 V:41  H:121
C0424A $99 $1A $00     STA $001A,Y [7E8618] = $0000    A:0000 X:5C00 Y:85FE S:0369 D:0000 DB:7E P:06 V:41  H:130
C0424D $BF $48 $60 $F6 LDA $F66048,X [F6BC48] = $0000  A:0000 X:5C00 Y:85FE S:0369 D:0000 DB:7E P:06 V:41  H:150
C04251 $99 $1C $00     STA $001C,Y [7E861A] = $0000    A:0000 X:5C00 Y:85FE S:0369 D:0000 DB:7E P:06 V:41  H:159
C04254 $BF $4A $60 $F6 LDA $F6604A,X [F6BC4A] = $0000  A:0000 X:5C00 Y:85FE S:0369 D:0000 DB:7E P:06 V:41  H:169
C04258 $99 $1E $00     STA $001E,Y [7E861C] = $0000    A:0000 X:5C00 Y:85FE S:0369 D:0000 DB:7E P:06 V:41  H:178
C0425B $6B             RTL                             A:0000 X:5C00 Y:85FE S:0369 D:0000 DB:7E P:06 V:41  H:188
C793C5 $98             TYA                             A:0000 X:5C00 Y:85FE S:036C D:0000 DB:7E P:06 V:41  H:198
C793C6 $18             CLC                             A:85FE X:5C00 Y:85FE S:036C D:0000 DB:7E P:84 V:41  H:201
C793C7 $69 $20 $00     ADC #$0020                      A:85FE X:5C00 Y:85FE S:036C D:0000 DB:7E P:84 V:41  H:204
C793CA $A8             TAY                             A:861E X:5C00 Y:85FE S:036C D:0000 DB:7E P:84 V:41  H:209
C793CB $FA             PLX                             A:861E X:5C00 Y:861E S:036C D:0000 DB:7E P:84 V:41  H:212
C793CC $60             RTS                             A:861E X:0A30 Y:861E S:036E D:0000 DB:7E P:04 V:41  H:220
C79376 $C6 $1C         DEC $1C [00001C] = $0002        A:861E X:0A30 Y:861E S:0370 D:0000 DB:7E P:04 V:41  H:230
C79378 $30 $45         BMI $C793BF                     A:861E X:0A30 Y:861E S:0370 D:0000 DB:7E P:04 V:41  H:243
C7937A $BF $47 $EB $F5 LDA $F5EB47,X [F5F577] = $02E1  A:861E X:0A30 Y:861E S:0370 D:0000 DB:7E P:04 V:41  H:246
C7937E $20 $C0 $93     JSR $93C0 [C793C0] = $22DA      A:02E1 X:0A30 Y:861E S:0370 D:0000 DB:7E P:04 V:41  H:255
C793C0 $DA             PHX                             A:02E1 X:0A30 Y:861E S:036E D:0000 DB:7E P:04 V:41  H:265
C793C1 $22 $E0 $41 $C0 JSL $C041E0                     A:02E1 X:0A30 Y:861E S:036C D:0000 DB:7E P:04 V:41  H:272
C041E0 $C9 $00 $08     CMP #$0800                      A:02E1 X:0A30 Y:861E S:0369 D:0000 DB:7E P:04 V:41  H:291
C041E3 $B0 $77         BCS $C0425C                     A:02E1 X:0A30 Y:861E S:0369 D:0000 DB:7E P:84 V:41  H:296
C041E5 $0A             ASL                             A:02E1 X:0A30 Y:861E S:0369 D:0000 DB:7E P:84 V:41  H:299
C041E6 $0A             ASL                             A:05C2 X:0A30 Y:861E S:0369 D:0000 DB:7E P:04 V:41  H:302
C041E7 $0A             ASL                             A:0B84 X:0A30 Y:861E S:0369 D:0000 DB:7E P:04 V:41  H:305
C041E8 $0A             ASL                             A:1708 X:0A30 Y:861E S:0369 D:0000 DB:7E P:04 V:41  H:308
C041E9 $0A             ASL                             A:2E10 X:0A30 Y:861E S:0369 D:0000 DB:7E P:04 V:41  H:311
C041EA $AA             TAX                             A:5C20 X:0A30 Y:861E S:0369 D:0000 DB:7E P:04 V:41  H:314
C041EB $BF $2C $60 $F6 LDA $F6602C,X [F6BC4C] = $7FEE  A:5C20 X:5C20 Y:861E S:0369 D:0000 DB:7E P:04 V:41  H:317
C041EF $99 $00 $00     STA $0000,Y [7E861E] = $7E68    A:7FEE X:5C20 Y:861E S:0369 D:0000 DB:7E P:04 V:41  H:325
C041F2 $BF $2E $60 $F6 LDA $F6602E,X [F6BC4E] = $7F47  A:7FEE X:5C20 Y:861E S:0369 D:0000 DB:7E P:04 V:41  H:335
C041F6 $99 $02 $00     STA $0002,Y [7E8620] = $7A04    A:7F47 X:5C20 Y:861E S:0369 D:0000 DB:7E P:04 V:42  H:4  
C041F9 $BF $30 $60 $F6 LDA $F66030,X [F6BC50] = $7FCC  A:7F47 X:5C20 Y:861E S:0369 D:0000 DB:7E P:04 V:42  H:14 
C041FD $99 $04 $00     STA $0004,Y [7E8622] = $7E47    A:7FCC X:5C20 Y:861E S:0369 D:0000 DB:7E P:04 V:42  H:23 
C04200 $BF $32 $60 $F6 LDA $F66032,X [F6BC52] = $7F89  A:7FCC X:5C20 Y:861E S:0369 D:0000 DB:7E P:04 V:42  H:33 
C04204 $99 $06 $00     STA $0006,Y [7E8624] = $7A26    A:7F89 X:5C20 Y:861E S:0369 D:0000 DB:7E P:04 V:42  H:42 
C04207 $BF $34 $60 $F6 LDA $F66034,X [F6BC54] = $7F8A  A:7F89 X:5C20 Y:861E S:0369 D:0000 DB:7E P:04 V:42  H:52 
C0420B $99 $08 $00     STA $0008,Y [7E8626] = $7E26    A:7F8A X:5C20 Y:861E S:0369 D:0000 DB:7E P:04 V:42  H:61 
C0420E $BF $36 $60 $F6 LDA $F66036,X [F6BC56] = $7FAB  A:7F8A X:5C20 Y:861E S:0369 D:0000 DB:7E P:04 V:42  H:71 
C04212 $99 $0A $00     STA $000A,Y [7E8628] = $7E68    A:7FAB X:5C20 Y:861E S:0369 D:0000 DB:7E P:04 V:42  H:80 
C04215 $BF $38 $60 $F6 LDA $F66038,X [F6BC58] = $7F67  A:7FAB X:5C20 Y:861E S:0369 D:0000 DB:7E P:04 V:42  H:90 
C04219 $99 $0C $00     STA $000C,Y [7E862A] = $7A04    A:7F67 X:5C20 Y:861E S:0369 D:0000 DB:7E P:04 V:42  H:99 
C0421C $BF $3A $60 $F6 LDA $F6603A,X [F6BC5A] = $7FEE  A:7F67 X:5C20 Y:861E S:0369 D:0000 DB:7E P:04 V:42  H:109
C04220 $99 $0E $00     STA $000E,Y [7E862C] = $7E68    A:7FEE X:5C20 Y:861E S:0369 D:0000 DB:7E P:04 V:42  H:118
C04223 $BF $3C $60 $F6 LDA $F6603C,X [F6BC5C] = $7F25  A:7FEE X:5C20 Y:861E S:0369 D:0000 DB:7E P:04 V:42  H:128
C04227 $99 $10 $00     STA $0010,Y [7E862E] = $79E3    A:7F25 X:5C20 Y:861E S:0369 D:0000 DB:7E P:04 V:42  H:147
C0422A $BF $3E $60 $F6 LDA $F6603E,X [F6BC5E] = $7FCC  A:7F25 X:5C20 Y:861E S:0369 D:0000 DB:7E P:04 V:42  H:157
C0422E $99 $12 $00     STA $0012,Y [7E8630] = $7E47    A:7FCC X:5C20 Y:861E S:0369 D:0000 DB:7E P:04 V:42  H:166
C04231 $BF $40 $60 $F6 LDA $F66040,X [F6BC60] = $7F03  A:7FCC X:5C20 Y:861E S:0369 D:0000 DB:7E P:04 V:42  H:176
C04235 $99 $14 $00     STA $0014,Y [7E8632] = $79C2    A:7F03 X:5C20 Y:861E S:0369 D:0000 DB:7E P:04 V:42  H:185
C04238 $BF $42 $60 $F6 LDA $F66042,X [F6BC62] = $7F8A  A:7F03 X:5C20 Y:861E S:0369 D:0000 DB:7E P:04 V:42  H:195
C0423C $99 $16 $00     STA $0016,Y [7E8634] = $7E26    A:7F8A X:5C20 Y:861E S:0369 D:0000 DB:7E P:04 V:42  H:204
C0423F $BF $44 $60 $F6 LDA $F66044,X [F6BC64] = $7EC0  A:7F8A X:5C20 Y:861E S:0369 D:0000 DB:7E P:04 V:42  H:214
C04243 $99 $18 $00     STA $0018,Y [7E8636] = $7580    A:7EC0 X:5C20 Y:861E S:0369 D:0000 DB:7E P:04 V:42  H:223
C04246 $BF $46 $60 $F6 LDA $F66046,X [F6BC66] = $7F67  A:7EC0 X:5C20 Y:861E S:0369 D:0000 DB:7E P:04 V:42  H:233
C0424A $99 $1A $00     STA $001A,Y [7E8638] = $7A04    A:7F67 X:5C20 Y:861E S:0369 D:0000 DB:7E P:04 V:42  H:242
C0424D $BF $48 $60 $F6 LDA $F66048,X [F6BC68] = $7EE2  A:7F67 X:5C20 Y:861E S:0369 D:0000 DB:7E P:04 V:42  H:252
C04251 $99 $1C $00     STA $001C,Y [7E863A] = $75A1    A:7EE2 X:5C20 Y:861E S:0369 D:0000 DB:7E P:04 V:42  H:261
C04254 $BF $4A $60 $F6 LDA $F6604A,X [F6BC6A] = $7F25  A:7EE2 X:5C20 Y:861E S:0369 D:0000 DB:7E P:04 V:42  H:271
C04258 $99 $1E $00     STA $001E,Y [7E863C] = $79E3    A:7F25 X:5C20 Y:861E S:0369 D:0000 DB:7E P:04 V:42  H:286
C0425B $6B             RTL                             A:7F25 X:5C20 Y:861E S:0369 D:0000 DB:7E P:04 V:42  H:296
C793C5 $98             TYA                             A:7F25 X:5C20 Y:861E S:036C D:0000 DB:7E P:04 V:42  H:306
C793C6 $18             CLC                             A:861E X:5C20 Y:861E S:036C D:0000 DB:7E P:84 V:42  H:309
C793C7 $69 $20 $00     ADC #$0020                      A:861E X:5C20 Y:861E S:036C D:0000 DB:7E P:84 V:42  H:312
C793CA $A8             TAY                             A:863E X:5C20 Y:861E S:036C D:0000 DB:7E P:84 V:42  H:317
C793CB $FA             PLX                             A:863E X:5C20 Y:863E S:036C D:0000 DB:7E P:84 V:42  H:320
C793CC $60             RTS                             A:863E X:0A30 Y:863E S:036E D:0000 DB:7E P:04 V:42  H:327
C79381 $C6 $1C         DEC $1C [00001C] = $0001        A:863E X:0A30 Y:863E S:0370 D:0000 DB:7E P:04 V:42  H:337
C79383 $30 $3A         BMI $C793BF                     A:863E X:0A30 Y:863E S:0370 D:0000 DB:7E P:06 V:43  H:10 
C79385 $BF $49 $EB $F5 LDA $F5EB49,X [F5F579] = $02E2  A:863E X:0A30 Y:863E S:0370 D:0000 DB:7E P:06 V:43  H:13 
C79389 $20 $C0 $93     JSR $93C0 [C793C0] = $22DA      A:02E2 X:0A30 Y:863E S:0370 D:0000 DB:7E P:04 V:43  H:22 
C793C0 $DA             PHX                             A:02E2 X:0A30 Y:863E S:036E D:0000 DB:7E P:04 V:43  H:32 
C793C1 $22 $E0 $41 $C0 JSL $C041E0                     A:02E2 X:0A30 Y:863E S:036C D:0000 DB:7E P:04 V:43  H:39 
C041E0 $C9 $00 $08     CMP #$0800                      A:02E2 X:0A30 Y:863E S:0369 D:0000 DB:7E P:04 V:43  H:52 
C041E3 $B0 $77         BCS $C0425C                     A:02E2 X:0A30 Y:863E S:0369 D:0000 DB:7E P:84 V:43  H:57 
C041E5 $0A             ASL                             A:02E2 X:0A30 Y:863E S:0369 D:0000 DB:7E P:84 V:43  H:60 
C041E6 $0A             ASL                             A:05C4 X:0A30 Y:863E S:0369 D:0000 DB:7E P:04 V:43  H:63 
C041E7 $0A             ASL                             A:0B88 X:0A30 Y:863E S:0369 D:0000 DB:7E P:04 V:43  H:66 
C041E8 $0A             ASL                             A:1710 X:0A30 Y:863E S:0369 D:0000 DB:7E P:04 V:43  H:69 
C041E9 $0A             ASL                             A:2E20 X:0A30 Y:863E S:0369 D:0000 DB:7E P:04 V:43  H:72 
C041EA $AA             TAX                             A:5C40 X:0A30 Y:863E S:0369 D:0000 DB:7E P:04 V:43  H:75 
C041EB $BF $2C $60 $F6 LDA $F6602C,X [F6BC6C] = $7F24  A:5C40 X:5C40 Y:863E S:0369 D:0000 DB:7E P:04 V:43  H:78 
C041EF $99 $00 $00     STA $0000,Y [7E863E] = $75C3    A:7F24 X:5C40 Y:863E S:0369 D:0000 DB:7E P:04 V:43  H:87 
C041F2 $BF $2E $60 $F6 LDA $F6602E,X [F6BC6E] = $7F03  A:7F24 X:5C40 Y:863E S:0369 D:0000 DB:7E P:04 V:43  H:97 
C041F6 $99 $02 $00     STA $0002,Y [7E8640] = $79C2    A:7F03 X:5C40 Y:863E S:0369 D:0000 DB:7E P:04 V:43  H:106
C041F9 $BF $30 $60 $F6 LDA $F66030,X [F6BC70] = $7F47  A:7F03 X:5C40 Y:863E S:0369 D:0000 DB:7E P:04 V:43  H:116
C041FD $99 $04 $00     STA $0004,Y [7E8642] = $7A04    A:7F47 X:5C40 Y:863E S:0369 D:0000 DB:7E P:04 V:43  H:125
C04200 $BF $32 $60 $F6 LDA $F66032,X [F6BC72] = $7EC0  A:7F47 X:5C40 Y:863E S:0369 D:0000 DB:7E P:04 V:43  H:145
C04204 $99 $06 $00     STA $0006,Y [7E8644] = $7580    A:7EC0 X:5C40 Y:863E S:0369 D:0000 DB:7E P:04 V:43  H:154
C04207 $BF $34 $60 $F6 LDA $F66034,X [F6BC74] = $7F89  A:7EC0 X:5C40 Y:863E S:0369 D:0000 DB:7E P:04 V:43  H:164
C0420B $99 $08 $00     STA $0008,Y [7E8646] = $7A26    A:7F89 X:5C40 Y:863E S:0369 D:0000 DB:7E P:04 V:43  H:173
C0420E $BF $36 $60 $F6 LDA $F66036,X [F6BC76] = $7EE2  A:7F89 X:5C40 Y:863E S:0369 D:0000 DB:7E P:04 V:43  H:183
C04212 $99 $0A $00     STA $000A,Y [7E8648] = $75A1    A:7EE2 X:5C40 Y:863E S:0369 D:0000 DB:7E P:04 V:43  H:192
C04215 $BF $38 $60 $F6 LDA $F66038,X [F6BC78] = $7FAB  A:7EE2 X:5C40 Y:863E S:0369 D:0000 DB:7E P:04 V:43  H:202
C04219 $99 $0C $00     STA $000C,Y [7E864A] = $7E68    A:7FAB X:5C40 Y:863E S:0369 D:0000 DB:7E P:04 V:43  H:211
C0421C $BF $3A $60 $F6 LDA $F6603A,X [F6BC7A] = $7F24  A:7FAB X:5C40 Y:863E S:0369 D:0000 DB:7E P:04 V:43  H:221
C04220 $99 $0E $00     STA $000E,Y [7E864C] = $75C3    A:7F24 X:5C40 Y:863E S:0369 D:0000 DB:7E P:04 V:43  H:230
C04223 $BF $3C $60 $F6 LDA $F6603C,X [F6BC7C] = $0000  A:7F24 X:5C40 Y:863E S:0369 D:0000 DB:7E P:04 V:43  H:240
C04227 $99 $10 $00     STA $0010,Y [7E864E] = $0000    A:0000 X:5C40 Y:863E S:0369 D:0000 DB:7E P:06 V:43  H:249
C0422A $BF $3E $60 $F6 LDA $F6603E,X [F6BC7E] = $0000  A:0000 X:5C40 Y:863E S:0369 D:0000 DB:7E P:06 V:43  H:259
C0422E $99 $12 $00     STA $0012,Y [7E8650] = $0000    A:0000 X:5C40 Y:863E S:0369 D:0000 DB:7E P:06 V:43  H:268
C04231 $BF $40 $60 $F6 LDA $F66040,X [F6BC80] = $0000  A:0000 X:5C40 Y:863E S:0369 D:0000 DB:7E P:06 V:43  H:284
C04235 $99 $14 $00     STA $0014,Y [7E8652] = $0000    A:0000 X:5C40 Y:863E S:0369 D:0000 DB:7E P:06 V:43  H:293
C04238 $BF $42 $60 $F6 LDA $F66042,X [F6BC82] = $0000  A:0000 X:5C40 Y:863E S:0369 D:0000 DB:7E P:06 V:43  H:303
C0423C $99 $16 $00     STA $0016,Y [7E8654] = $0000    A:0000 X:5C40 Y:863E S:0369 D:0000 DB:7E P:06 V:43  H:312
C0423F $BF $44 $60 $F6 LDA $F66044,X [F6BC84] = $0000  A:0000 X:5C40 Y:863E S:0369 D:0000 DB:7E P:06 V:43  H:322
C04243 $99 $18 $00     STA $0018,Y [7E8656] = $0000    A:0000 X:5C40 Y:863E S:0369 D:0000 DB:7E P:06 V:43  H:330
C04246 $BF $46 $60 $F6 LDA $F66046,X [F6BC86] = $0000  A:0000 X:5C40 Y:863E S:0369 D:0000 DB:7E P:06 V:44  H:0  
C0424A $99 $1A $00     STA $001A,Y [7E8658] = $0000    A:0000 X:5C40 Y:863E S:0369 D:0000 DB:7E P:06 V:44  H:9  
C0424D $BF $48 $60 $F6 LDA $F66048,X [F6BC88] = $0000  A:0000 X:5C40 Y:863E S:0369 D:0000 DB:7E P:06 V:44  H:19 
C04251 $99 $1C $00     STA $001C,Y [7E865A] = $0000    A:0000 X:5C40 Y:863E S:0369 D:0000 DB:7E P:06 V:44  H:28 
C04254 $BF $4A $60 $F6 LDA $F6604A,X [F6BC8A] = $0000  A:0000 X:5C40 Y:863E S:0369 D:0000 DB:7E P:06 V:44  H:38 
C04258 $99 $1E $00     STA $001E,Y [7E865C] = $0000    A:0000 X:5C40 Y:863E S:0369 D:0000 DB:7E P:06 V:44  H:47 
C0425B $6B             RTL                             A:0000 X:5C40 Y:863E S:0369 D:0000 DB:7E P:06 V:44  H:57 
C793C5 $98             TYA                             A:0000 X:5C40 Y:863E S:036C D:0000 DB:7E P:06 V:44  H:67 
C793C6 $18             CLC                             A:863E X:5C40 Y:863E S:036C D:0000 DB:7E P:84 V:44  H:70 
C793C7 $69 $20 $00     ADC #$0020                      A:863E X:5C40 Y:863E S:036C D:0000 DB:7E P:84 V:44  H:73 
C793CA $A8             TAY                             A:865E X:5C40 Y:863E S:036C D:0000 DB:7E P:84 V:44  H:78 
C793CB $FA             PLX                             A:865E X:5C40 Y:865E S:036C D:0000 DB:7E P:84 V:44  H:81 
C793CC $60             RTS                             A:865E X:0A30 Y:865E S:036E D:0000 DB:7E P:04 V:44  H:89 
C7938C $C6 $1C         DEC $1C [00001C] = $0000        A:865E X:0A30 Y:865E S:0370 D:0000 DB:7E P:04 V:44  H:99 
C7938E $30 $2F         BMI $C793BF                     A:865E X:0A30 Y:865E S:0370 D:0000 DB:7E P:84 V:44  H:112
C793BF $60             RTS                             A:865E X:0A30 Y:865E S:0370 D:0000 DB:7E P:84 V:44  H:116
C7935C $A5 $1C         LDA $1C [00001C] = $FFFF        A:865E X:0A30 Y:865E S:0372 D:0000 DB:7E P:84 V:44  H:126
C7935E $30 $09         BMI $C79369                     A:FFFF X:0A30 Y:865E S:0372 D:0000 DB:7E P:84 V:44  H:133
C79369 $60             RTS                             A:FFFF X:0A30 Y:865E S:0372 D:0000 DB:7E P:84 V:44  H:148
C7924D $6B             RTL                             A:FFFF X:0A30 Y:865E S:0374 D:0000 DB:7E P:84 V:44  H:158
CAE10E $6B             RTL                             A:FFFF X:0A30 Y:865E S:0377 D:0000 DB:7E P:84 V:44  H:168
C600ED $22 $9B $98 $7E JSL $7E989B                     A:FFFF X:0A30 Y:865E S:037A D:0000 DB:7E P:84 V:44  H:179
