C6029A $20 $C8 $02     JSR $02C8 [C602C8] = $8922      A:0000 X:0004 Y:4F8E S:0377 D:0000 DB:7E P:07 V:164 H:214
C602C8 $22 $89 $07 $C9 JSL $C90789                     A:0000 X:0004 Y:4F8E S:0375 D:0000 DB:7E P:07 V:164 H:224
C90789 $08             PHP                             A:0000 X:0004 Y:4F8E S:0372 D:0000 DB:7E P:07 V:164 H:237
C9078A $78             SEI                             A:0000 X:0004 Y:4F8E S:0371 D:0000 DB:7E P:07 V:164 H:242
C9078B $C2 $30         REP #$30                        A:0000 X:0004 Y:4F8E S:0371 D:0000 DB:7E P:07 V:164 H:245
C9078D $48             PHA                             A:0000 X:0004 Y:4F8E S:0371 D:0000 DB:7E P:07 V:164 H:250
C9078E $8B             PHB                             A:0000 X:0004 Y:4F8E S:036F D:0000 DB:7E P:07 V:164 H:257
C9078F $DA             PHX                             A:0000 X:0004 Y:4F8E S:036E D:0000 DB:7E P:07 V:164 H:262
C90790 $5A             PHY                             A:0000 X:0004 Y:4F8E S:036C D:0000 DB:7E P:07 V:164 H:269
C90791 $A3 $0A         LDA $0A,S [000374] = $C602      A:0000 X:0004 Y:4F8E S:036A D:0000 DB:7E P:07 V:164 H:276
C90793 $48             PHA                             A:C602 X:0004 Y:4F8E S:036A D:0000 DB:7E P:85 V:164 H:301
C90794 $AB             PLB                             A:C602 X:0004 Y:4F8E S:0368 D:0000 DB:7E P:85 V:164 H:308
C90795 $AB             PLB                             A:C602 X:0004 Y:4F8E S:0369 D:0000 DB:02 P:05 V:164 H:314
C90796 $A0 $04 $00     LDY #$0004                      A:C602 X:0004 Y:4F8E S:036A D:0000 DB:C6 P:85 V:164 H:321
C90799 $B3 $09         LDA ($09,S),Y [C602CF] = $0004  A:C602 X:0004 Y:0004 S:036A D:0000 DB:C6 P:05 V:164 H:325
C9079B $85 $40         STA $40 [000040] = $0001        A:0004 X:0004 Y:0004 S:036A D:0000 DB:C6 P:05 V:164 H:337
C9079D $C8             INY                             A:0004 X:0004 Y:0004 S:036A D:0000 DB:C6 P:05 V:165 H:4  
C9079E $B3 $09         LDA ($09,S),Y [C602D0] = $0000  A:0004 X:0004 Y:0005 S:036A D:0000 DB:C6 P:05 V:165 H:7  
C907A0 $85 $41         STA $41 [000041] = $0200        A:0000 X:0004 Y:0005 S:036A D:0000 DB:C6 P:07 V:165 H:20 
C907A2 $A0 $01 $00     LDY #$0001                      A:0000 X:0004 Y:0005 S:036A D:0000 DB:C6 P:07 V:165 H:27 
C907A5 $B3 $09         LDA ($09,S),Y [C602CC] = $99C5  A:0000 X:0004 Y:0001 S:036A D:0000 DB:C6 P:05 V:165 H:32 
C907A7 $AA             TAX                             A:99C5 X:0004 Y:0001 S:036A D:0000 DB:C6 P:85 V:165 H:45 
C907A8 $C8             INY                             A:99C5 X:99C5 Y:0001 S:036A D:0000 DB:C6 P:85 V:165 H:48 
C907A9 $B3 $09         LDA ($09,S),Y [C602CD] = $7E99  A:99C5 X:99C5 Y:0002 S:036A D:0000 DB:C6 P:05 V:165 H:51 
C907AB $48             PHA                             A:7E99 X:99C5 Y:0002 S:036A D:0000 DB:C6 P:05 V:165 H:64 
C907AC $AB             PLB                             A:7E99 X:99C5 Y:0002 S:0368 D:0000 DB:C6 P:05 V:165 H:71 
C907AD $AB             PLB                             A:7E99 X:99C5 Y:0002 S:0369 D:0000 DB:99 P:85 V:165 H:77 
C907AE $BD $00 $00     LDA $0000,X [7E99C5] = $150C    A:7E99 X:99C5 Y:0002 S:036A D:0000 DB:7E P:05 V:165 H:84 
C907B1 $05 $40         ORA $40 [000040] = $0004        A:150C X:99C5 Y:0002 S:036A D:0000 DB:7E P:05 V:165 H:94 
C907B3 $9D $00 $00     STA $0000,X [7E99C5] = $150C    A:150C X:99C5 Y:0002 S:036A D:0000 DB:7E P:05 V:165 H:101
C907B6 $BD $01 $00     LDA $0001,X [7E99C6] = $0015    A:150C X:99C5 Y:0002 S:036A D:0000 DB:7E P:05 V:165 H:111
C907B9 $05 $41         ORA $41 [000041] = $0000        A:0015 X:99C5 Y:0002 S:036A D:0000 DB:7E P:05 V:165 H:121
C907BB $9D $01 $00     STA $0001,X [7E99C6] = $0015    A:0015 X:99C5 Y:0002 S:036A D:0000 DB:7E P:05 V:165 H:128
C907BE $A3 $09         LDA $09,S [000373] = $02CB      A:0015 X:99C5 Y:0002 S:036A D:0000 DB:7E P:05 V:165 H:148
C907C0 $18             CLC                             A:02CB X:99C5 Y:0002 S:036A D:0000 DB:7E P:05 V:165 H:156
C907C1 $69 $06 $00     ADC #$0006                      A:02CB X:99C5 Y:0002 S:036A D:0000 DB:7E P:04 V:165 H:159
C907C4 $83 $09         STA $09,S [000373] = $02CB      A:02D1 X:99C5 Y:0002 S:036A D:0000 DB:7E P:04 V:165 H:164
C907C6 $7A             PLY                             A:02D1 X:99C5 Y:0002 S:036A D:0000 DB:7E P:04 V:165 H:172
C907C7 $FA             PLX                             A:02D1 X:99C5 Y:4F8E S:036C D:0000 DB:7E P:04 V:165 H:181
C907C8 $AB             PLB                             A:02D1 X:0004 Y:4F8E S:036E D:0000 DB:7E P:04 V:165 H:189
C907C9 $68             PLA                             A:02D1 X:0004 Y:4F8E S:036F D:0000 DB:7E P:04 V:165 H:196
C907CA $28             PLP                             A:0000 X:0004 Y:4F8E S:0371 D:0000 DB:7E P:06 V:165 H:204
C907CB $6B             RTL                             A:0000 X:0004 Y:4F8E S:0372 D:0000 DB:7E P:07 V:165 H:211
C602D2 $22 $89 $07 $C9 JSL $C90789                     A:0000 X:0004 Y:4F8E S:0375 D:0000 DB:7E P:07 V:165 H:221
C90789 $08             PHP                             A:0000 X:0004 Y:4F8E S:0372 D:0000 DB:7E P:07 V:165 H:235
C9078A $78             SEI                             A:0000 X:0004 Y:4F8E S:0371 D:0000 DB:7E P:07 V:165 H:240
C9078B $C2 $30         REP #$30                        A:0000 X:0004 Y:4F8E S:0371 D:0000 DB:7E P:07 V:165 H:243
C9078D $48             PHA                             A:0000 X:0004 Y:4F8E S:0371 D:0000 DB:7E P:07 V:165 H:247
C9078E $8B             PHB                             A:0000 X:0004 Y:4F8E S:036F D:0000 DB:7E P:07 V:165 H:254
C9078F $DA             PHX                             A:0000 X:0004 Y:4F8E S:036E D:0000 DB:7E P:07 V:165 H:259
C90790 $5A             PHY                             A:0000 X:0004 Y:4F8E S:036C D:0000 DB:7E P:07 V:165 H:266
C90791 $A3 $0A         LDA $0A,S [000374] = $C602      A:0000 X:0004 Y:4F8E S:036A D:0000 DB:7E P:07 V:165 H:273
C90793 $48             PHA                             A:C602 X:0004 Y:4F8E S:036A D:0000 DB:7E P:85 V:165 H:298
C90794 $AB             PLB                             A:C602 X:0004 Y:4F8E S:0368 D:0000 DB:7E P:85 V:165 H:305
C90795 $AB             PLB                             A:C602 X:0004 Y:4F8E S:0369 D:0000 DB:02 P:05 V:165 H:312
C90796 $A0 $04 $00     LDY #$0004                      A:C602 X:0004 Y:4F8E S:036A D:0000 DB:C6 P:85 V:165 H:318
C90799 $B3 $09         LDA ($09,S),Y [C602D9] = $0008  A:C602 X:0004 Y:0004 S:036A D:0000 DB:C6 P:05 V:165 H:323
C9079B $85 $40         STA $40 [000040] = $0004        A:0008 X:0004 Y:0004 S:036A D:0000 DB:C6 P:05 V:165 H:335
C9079D $C8             INY                             A:0008 X:0004 Y:0004 S:036A D:0000 DB:C6 P:05 V:166 H:2  
C9079E $B3 $09         LDA ($09,S),Y [C602DA] = $0000  A:0008 X:0004 Y:0005 S:036A D:0000 DB:C6 P:05 V:166 H:5  
C907A0 $85 $41         STA $41 [000041] = $0000        A:0000 X:0004 Y:0005 S:036A D:0000 DB:C6 P:07 V:166 H:18 
C907A2 $A0 $01 $00     LDY #$0001                      A:0000 X:0004 Y:0005 S:036A D:0000 DB:C6 P:07 V:166 H:25 
C907A5 $B3 $09         LDA ($09,S),Y [C602D6] = $99C5  A:0000 X:0004 Y:0001 S:036A D:0000 DB:C6 P:05 V:166 H:29 
C907A7 $AA             TAX                             A:99C5 X:0004 Y:0001 S:036A D:0000 DB:C6 P:85 V:166 H:42 
C907A8 $C8             INY                             A:99C5 X:99C5 Y:0001 S:036A D:0000 DB:C6 P:85 V:166 H:45 
C907A9 $B3 $09         LDA ($09,S),Y [C602D7] = $7E99  A:99C5 X:99C5 Y:0002 S:036A D:0000 DB:C6 P:05 V:166 H:48 
C907AB $48             PHA                             A:7E99 X:99C5 Y:0002 S:036A D:0000 DB:C6 P:05 V:166 H:61 
C907AC $AB             PLB                             A:7E99 X:99C5 Y:0002 S:0368 D:0000 DB:C6 P:05 V:166 H:68 
C907AD $AB             PLB                             A:7E99 X:99C5 Y:0002 S:0369 D:0000 DB:99 P:85 V:166 H:75 
C907AE $BD $00 $00     LDA $0000,X [7E99C5] = $150C    A:7E99 X:99C5 Y:0002 S:036A D:0000 DB:7E P:05 V:166 H:81 
C907B1 $05 $40         ORA $40 [000040] = $0008        A:150C X:99C5 Y:0002 S:036A D:0000 DB:7E P:05 V:166 H:91 
C907B3 $9D $00 $00     STA $0000,X [7E99C5] = $150C    A:150C X:99C5 Y:0002 S:036A D:0000 DB:7E P:05 V:166 H:98 
C907B6 $BD $01 $00     LDA $0001,X [7E99C6] = $0015    A:150C X:99C5 Y:0002 S:036A D:0000 DB:7E P:05 V:166 H:108
C907B9 $05 $41         ORA $41 [000041] = $0000        A:0015 X:99C5 Y:0002 S:036A D:0000 DB:7E P:05 V:166 H:118
C907BB $9D $01 $00     STA $0001,X [7E99C6] = $0015    A:0015 X:99C5 Y:0002 S:036A D:0000 DB:7E P:05 V:166 H:125
C907BE $A3 $09         LDA $09,S [000373] = $02D5      A:0015 X:99C5 Y:0002 S:036A D:0000 DB:7E P:05 V:166 H:145
C907C0 $18             CLC                             A:02D5 X:99C5 Y:0002 S:036A D:0000 DB:7E P:05 V:166 H:154
C907C1 $69 $06 $00     ADC #$0006                      A:02D5 X:99C5 Y:0002 S:036A D:0000 DB:7E P:04 V:166 H:157
C907C4 $83 $09         STA $09,S [000373] = $02D5      A:02DB X:99C5 Y:0002 S:036A D:0000 DB:7E P:04 V:166 H:161
C907C6 $7A             PLY                             A:02DB X:99C5 Y:0002 S:036A D:0000 DB:7E P:04 V:166 H:170
C907C7 $FA             PLX                             A:02DB X:99C5 Y:4F8E S:036C D:0000 DB:7E P:04 V:166 H:178
C907C8 $AB             PLB                             A:02DB X:0004 Y:4F8E S:036E D:0000 DB:7E P:04 V:166 H:187
C907C9 $68             PLA                             A:02DB X:0004 Y:4F8E S:036F D:0000 DB:7E P:04 V:166 H:193
C907CA $28             PLP                             A:0000 X:0004 Y:4F8E S:0371 D:0000 DB:7E P:06 V:166 H:202
C907CB $6B             RTL                             A:0000 X:0004 Y:4F8E S:0372 D:0000 DB:7E P:07 V:166 H:208
C602DC $22 $89 $07 $C9 JSL $C90789                     A:0000 X:0004 Y:4F8E S:0375 D:0000 DB:7E P:07 V:166 H:219
C90789 $08             PHP                             A:0000 X:0004 Y:4F8E S:0372 D:0000 DB:7E P:07 V:166 H:232
C9078A $78             SEI                             A:0000 X:0004 Y:4F8E S:0371 D:0000 DB:7E P:07 V:166 H:237
C9078B $C2 $30         REP #$30                        A:0000 X:0004 Y:4F8E S:0371 D:0000 DB:7E P:07 V:166 H:240
C9078D $48             PHA                             A:0000 X:0004 Y:4F8E S:0371 D:0000 DB:7E P:07 V:166 H:245
C9078E $8B             PHB                             A:0000 X:0004 Y:4F8E S:036F D:0000 DB:7E P:07 V:166 H:252
C9078F $DA             PHX                             A:0000 X:0004 Y:4F8E S:036E D:0000 DB:7E P:07 V:166 H:257
C90790 $5A             PHY                             A:0000 X:0004 Y:4F8E S:036C D:0000 DB:7E P:07 V:166 H:264
C90791 $A3 $0A         LDA $0A,S [000374] = $C602      A:0000 X:0004 Y:4F8E S:036A D:0000 DB:7E P:07 V:166 H:271
C90793 $48             PHA                             A:C602 X:0004 Y:4F8E S:036A D:0000 DB:7E P:85 V:166 H:295
C90794 $AB             PLB                             A:C602 X:0004 Y:4F8E S:0368 D:0000 DB:7E P:85 V:166 H:302
C90795 $AB             PLB                             A:C602 X:0004 Y:4F8E S:0369 D:0000 DB:02 P:05 V:166 H:309
C90796 $A0 $04 $00     LDY #$0004                      A:C602 X:0004 Y:4F8E S:036A D:0000 DB:C6 P:85 V:166 H:315
C90799 $B3 $09         LDA ($09,S),Y [C602E3] = $0001  A:C602 X:0004 Y:0004 S:036A D:0000 DB:C6 P:05 V:166 H:320
C9079B $85 $40         STA $40 [000040] = $0008        A:0001 X:0004 Y:0004 S:036A D:0000 DB:C6 P:05 V:166 H:332
C9079D $C8             INY                             A:0001 X:0004 Y:0004 S:036A D:0000 DB:C6 P:05 V:166 H:339
C9079E $B3 $09         LDA ($09,S),Y [C602E4] = $0000  A:0001 X:0004 Y:0005 S:036A D:0000 DB:C6 P:05 V:167 H:2  
C907A0 $85 $41         STA $41 [000041] = $0000        A:0000 X:0004 Y:0005 S:036A D:0000 DB:C6 P:07 V:167 H:15 
C907A2 $A0 $01 $00     LDY #$0001                      A:0000 X:0004 Y:0005 S:036A D:0000 DB:C6 P:07 V:167 H:22 
C907A5 $B3 $09         LDA ($09,S),Y [C602E0] = $99C6  A:0000 X:0004 Y:0001 S:036A D:0000 DB:C6 P:05 V:167 H:26 
C907A7 $AA             TAX                             A:99C6 X:0004 Y:0001 S:036A D:0000 DB:C6 P:85 V:167 H:39 
C907A8 $C8             INY                             A:99C6 X:99C6 Y:0001 S:036A D:0000 DB:C6 P:85 V:167 H:42 
C907A9 $B3 $09         LDA ($09,S),Y [C602E1] = $7E99  A:99C6 X:99C6 Y:0002 S:036A D:0000 DB:C6 P:05 V:167 H:45 
C907AB $48             PHA                             A:7E99 X:99C6 Y:0002 S:036A D:0000 DB:C6 P:05 V:167 H:58 
C907AC $AB             PLB                             A:7E99 X:99C6 Y:0002 S:0368 D:0000 DB:C6 P:05 V:167 H:65 
C907AD $AB             PLB                             A:7E99 X:99C6 Y:0002 S:0369 D:0000 DB:99 P:85 V:167 H:72 
C907AE $BD $00 $00     LDA $0000,X [7E99C6] = $0015    A:7E99 X:99C6 Y:0002 S:036A D:0000 DB:7E P:05 V:167 H:78 
C907B1 $05 $40         ORA $40 [000040] = $0001        A:0015 X:99C6 Y:0002 S:036A D:0000 DB:7E P:05 V:167 H:88 
C907B3 $9D $00 $00     STA $0000,X [7E99C6] = $0015    A:0015 X:99C6 Y:0002 S:036A D:0000 DB:7E P:05 V:167 H:95 
C907B6 $BD $01 $00     LDA $0001,X [7E99C7] = $0000    A:0015 X:99C6 Y:0002 S:036A D:0000 DB:7E P:05 V:167 H:105
C907B9 $05 $41         ORA $41 [000041] = $0000        A:0000 X:99C6 Y:0002 S:036A D:0000 DB:7E P:07 V:167 H:115
C907BB $9D $01 $00     STA $0001,X [7E99C7] = $0000    A:0000 X:99C6 Y:0002 S:036A D:0000 DB:7E P:07 V:167 H:122
C907BE $A3 $09         LDA $09,S [000373] = $02DF      A:0000 X:99C6 Y:0002 S:036A D:0000 DB:7E P:07 V:167 H:132
C907C0 $18             CLC                             A:02DF X:99C6 Y:0002 S:036A D:0000 DB:7E P:05 V:167 H:151
C907C1 $69 $06 $00     ADC #$0006                      A:02DF X:99C6 Y:0002 S:036A D:0000 DB:7E P:04 V:167 H:154
C907C4 $83 $09         STA $09,S [000373] = $02DF      A:02E5 X:99C6 Y:0002 S:036A D:0000 DB:7E P:04 V:167 H:158
C907C6 $7A             PLY                             A:02E5 X:99C6 Y:0002 S:036A D:0000 DB:7E P:04 V:167 H:167
C907C7 $FA             PLX                             A:02E5 X:99C6 Y:4F8E S:036C D:0000 DB:7E P:04 V:167 H:175
C907C8 $AB             PLB                             A:02E5 X:0004 Y:4F8E S:036E D:0000 DB:7E P:04 V:167 H:184
C907C9 $68             PLA                             A:02E5 X:0004 Y:4F8E S:036F D:0000 DB:7E P:04 V:167 H:190
C907CA $28             PLP                             A:0000 X:0004 Y:4F8E S:0371 D:0000 DB:7E P:06 V:167 H:199
C907CB $6B             RTL                             A:0000 X:0004 Y:4F8E S:0372 D:0000 DB:7E P:07 V:167 H:205
C602E6 $22 $CC $07 $C9 JSL $C907CC                     A:0000 X:0004 Y:4F8E S:0375 D:0000 DB:7E P:07 V:167 H:216
C907CC $08             PHP                             A:0000 X:0004 Y:4F8E S:0372 D:0000 DB:7E P:07 V:167 H:229
C907CD $78             SEI                             A:0000 X:0004 Y:4F8E S:0371 D:0000 DB:7E P:07 V:167 H:234
C907CE $C2 $30         REP #$30                        A:0000 X:0004 Y:4F8E S:0371 D:0000 DB:7E P:07 V:167 H:237
C907D0 $48             PHA                             A:0000 X:0004 Y:4F8E S:0371 D:0000 DB:7E P:07 V:167 H:242
C907D1 $8B             PHB                             A:0000 X:0004 Y:4F8E S:036F D:0000 DB:7E P:07 V:167 H:249
C907D2 $DA             PHX                             A:0000 X:0004 Y:4F8E S:036E D:0000 DB:7E P:07 V:167 H:254
C907D3 $5A             PHY                             A:0000 X:0004 Y:4F8E S:036C D:0000 DB:7E P:07 V:167 H:261
C907D4 $A3 $0A         LDA $0A,S [000374] = $C602      A:0000 X:0004 Y:4F8E S:036A D:0000 DB:7E P:07 V:167 H:268
C907D6 $48             PHA                             A:C602 X:0004 Y:4F8E S:036A D:0000 DB:7E P:85 V:167 H:317
C907D7 $AB             PLB                             A:C602 X:0004 Y:4F8E S:0368 D:0000 DB:7E P:85 V:167 H:323
C907D8 $AB             PLB                             A:C602 X:0004 Y:4F8E S:0369 D:0000 DB:02 P:05 V:167 H:329
C907D9 $A0 $04 $00     LDY #$0004                      A:C602 X:0004 Y:4F8E S:036A D:0000 DB:C6 P:85 V:167 H:336
C907DC $B3 $09         LDA ($09,S),Y [C602ED] = $0010  A:C602 X:0004 Y:0004 S:036A D:0000 DB:C6 P:05 V:168 H:0  
C907DE $49 $FF $FF     EOR #$FFFF                      A:0010 X:0004 Y:0004 S:036A D:0000 DB:C6 P:05 V:168 H:13 
C907E1 $85 $40         STA $40 [000040] = $0001        A:FFEF X:0004 Y:0004 S:036A D:0000 DB:C6 P:85 V:168 H:18 
C907E3 $C8             INY                             A:FFEF X:0004 Y:0004 S:036A D:0000 DB:C6 P:85 V:168 H:25 
C907E4 $B3 $09         LDA ($09,S),Y [C602EE] = $0000  A:FFEF X:0004 Y:0005 S:036A D:0000 DB:C6 P:05 V:168 H:28 
C907E6 $49 $FF $FF     EOR #$FFFF                      A:0000 X:0004 Y:0005 S:036A D:0000 DB:C6 P:07 V:168 H:41 
C907E9 $85 $41         STA $41 [000041] = $00FF        A:FFFF X:0004 Y:0005 S:036A D:0000 DB:C6 P:85 V:168 H:45 
C907EB $A0 $01 $00     LDY #$0001                      A:FFFF X:0004 Y:0005 S:036A D:0000 DB:C6 P:85 V:168 H:52 
C907EE $B3 $09         LDA ($09,S),Y [C602EA] = $99C5  A:FFFF X:0004 Y:0001 S:036A D:0000 DB:C6 P:05 V:168 H:57 
C907F0 $AA             TAX                             A:99C5 X:0004 Y:0001 S:036A D:0000 DB:C6 P:85 V:168 H:70 
C907F1 $C8             INY                             A:99C5 X:99C5 Y:0001 S:036A D:0000 DB:C6 P:85 V:168 H:73 
C907F2 $B3 $09         LDA ($09,S),Y [C602EB] = $7E99  A:99C5 X:99C5 Y:0002 S:036A D:0000 DB:C6 P:05 V:168 H:76 
C907F4 $48             PHA                             A:7E99 X:99C5 Y:0002 S:036A D:0000 DB:C6 P:05 V:168 H:89 
C907F5 $AB             PLB                             A:7E99 X:99C5 Y:0002 S:0368 D:0000 DB:C6 P:05 V:168 H:96 
C907F6 $AB             PLB                             A:7E99 X:99C5 Y:0002 S:0369 D:0000 DB:99 P:85 V:168 H:102
C907F7 $BD $00 $00     LDA $0000,X [7E99C5] = $150C    A:7E99 X:99C5 Y:0002 S:036A D:0000 DB:7E P:05 V:168 H:109
C907FA $25 $40         AND $40 [000040] = $FFEF        A:150C X:99C5 Y:0002 S:036A D:0000 DB:7E P:05 V:168 H:119
C907FC $9D $00 $00     STA $0000,X [7E99C5] = $150C    A:150C X:99C5 Y:0002 S:036A D:0000 DB:7E P:05 V:168 H:126
C907FF $BD $01 $00     LDA $0001,X [7E99C6] = $0015    A:150C X:99C5 Y:0002 S:036A D:0000 DB:7E P:05 V:168 H:146
C90802 $25 $41         AND $41 [000041] = $FFFF        A:0015 X:99C5 Y:0002 S:036A D:0000 DB:7E P:05 V:168 H:156
C90804 $9D $01 $00     STA $0001,X [7E99C6] = $0015    A:0015 X:99C5 Y:0002 S:036A D:0000 DB:7E P:05 V:168 H:163
C90807 $A3 $09         LDA $09,S [000373] = $02E9      A:0015 X:99C5 Y:0002 S:036A D:0000 DB:7E P:05 V:168 H:173
C90809 $18             CLC                             A:02E9 X:99C5 Y:0002 S:036A D:0000 DB:7E P:05 V:168 H:181
C9080A $69 $06 $00     ADC #$0006                      A:02E9 X:99C5 Y:0002 S:036A D:0000 DB:7E P:04 V:168 H:184
C9080D $83 $09         STA $09,S [000373] = $02E9      A:02EF X:99C5 Y:0002 S:036A D:0000 DB:7E P:04 V:168 H:189
C9080F $7A             PLY                             A:02EF X:99C5 Y:0002 S:036A D:0000 DB:7E P:04 V:168 H:197
C90810 $FA             PLX                             A:02EF X:99C5 Y:4F8E S:036C D:0000 DB:7E P:04 V:168 H:206
C90811 $AB             PLB                             A:02EF X:0004 Y:4F8E S:036E D:0000 DB:7E P:04 V:168 H:214
C90812 $68             PLA                             A:02EF X:0004 Y:4F8E S:036F D:0000 DB:7E P:04 V:168 H:221
C90813 $28             PLP                             A:0000 X:0004 Y:4F8E S:0371 D:0000 DB:7E P:06 V:168 H:229
C90814 $6B             RTL                             A:0000 X:0004 Y:4F8E S:0372 D:0000 DB:7E P:07 V:168 H:236
C602F0 $22 $CC $07 $C9 JSL $C907CC                     A:0000 X:0004 Y:4F8E S:0375 D:0000 DB:7E P:07 V:168 H:246
C907CC $08             PHP                             A:0000 X:0004 Y:4F8E S:0372 D:0000 DB:7E P:07 V:168 H:260
C907CD $78             SEI                             A:0000 X:0004 Y:4F8E S:0371 D:0000 DB:7E P:07 V:168 H:265
C907CE $C2 $30         REP #$30                        A:0000 X:0004 Y:4F8E S:0371 D:0000 DB:7E P:07 V:168 H:268
C907D0 $48             PHA                             A:0000 X:0004 Y:4F8E S:0371 D:0000 DB:7E P:07 V:168 H:272
C907D1 $8B             PHB                             A:0000 X:0004 Y:4F8E S:036F D:0000 DB:7E P:07 V:168 H:321
C907D2 $DA             PHX                             A:0000 X:0004 Y:4F8E S:036E D:0000 DB:7E P:07 V:168 H:326
C907D3 $5A             PHY                             A:0000 X:0004 Y:4F8E S:036C D:0000 DB:7E P:07 V:168 H:332
C907D4 $A3 $0A         LDA $0A,S [000374] = $C602      A:0000 X:0004 Y:4F8E S:036A D:0000 DB:7E P:07 V:168 H:339
C907D6 $48             PHA                             A:C602 X:0004 Y:4F8E S:036A D:0000 DB:7E P:85 V:169 H:8  
C907D7 $AB             PLB                             A:C602 X:0004 Y:4F8E S:0368 D:0000 DB:7E P:85 V:169 H:15 
C907D8 $AB             PLB                             A:C602 X:0004 Y:4F8E S:0369 D:0000 DB:02 P:05 V:169 H:21 
C907D9 $A0 $04 $00     LDY #$0004                      A:C602 X:0004 Y:4F8E S:036A D:0000 DB:C6 P:85 V:169 H:28 
C907DC $B3 $09         LDA ($09,S),Y [C602F7] = $0020  A:C602 X:0004 Y:0004 S:036A D:0000 DB:C6 P:05 V:169 H:32 
C907DE $49 $FF $FF     EOR #$FFFF                      A:0020 X:0004 Y:0004 S:036A D:0000 DB:C6 P:05 V:169 H:45 
C907E1 $85 $40         STA $40 [000040] = $FFEF        A:FFDF X:0004 Y:0004 S:036A D:0000 DB:C6 P:85 V:169 H:50 
C907E3 $C8             INY                             A:FFDF X:0004 Y:0004 S:036A D:0000 DB:C6 P:85 V:169 H:57 
C907E4 $B3 $09         LDA ($09,S),Y [C602F8] = $0000  A:FFDF X:0004 Y:0005 S:036A D:0000 DB:C6 P:05 V:169 H:60 
C907E6 $49 $FF $FF     EOR #$FFFF                      A:0000 X:0004 Y:0005 S:036A D:0000 DB:C6 P:07 V:169 H:73 
C907E9 $85 $41         STA $41 [000041] = $FFFF        A:FFFF X:0004 Y:0005 S:036A D:0000 DB:C6 P:85 V:169 H:77 
C907EB $A0 $01 $00     LDY #$0001                      A:FFFF X:0004 Y:0005 S:036A D:0000 DB:C6 P:85 V:169 H:84 
C907EE $B3 $09         LDA ($09,S),Y [C602F4] = $99C5  A:FFFF X:0004 Y:0001 S:036A D:0000 DB:C6 P:05 V:169 H:89 
C907F0 $AA             TAX                             A:99C5 X:0004 Y:0001 S:036A D:0000 DB:C6 P:85 V:169 H:102
C907F1 $C8             INY                             A:99C5 X:99C5 Y:0001 S:036A D:0000 DB:C6 P:85 V:169 H:105
C907F2 $B3 $09         LDA ($09,S),Y [C602F5] = $7E99  A:99C5 X:99C5 Y:0002 S:036A D:0000 DB:C6 P:05 V:169 H:108
C907F4 $48             PHA                             A:7E99 X:99C5 Y:0002 S:036A D:0000 DB:C6 P:05 V:169 H:121
C907F5 $AB             PLB                             A:7E99 X:99C5 Y:0002 S:0368 D:0000 DB:C6 P:05 V:169 H:128
C907F6 $AB             PLB                             A:7E99 X:99C5 Y:0002 S:0369 D:0000 DB:99 P:85 V:169 H:144
C907F7 $BD $00 $00     LDA $0000,X [7E99C5] = $150C    A:7E99 X:99C5 Y:0002 S:036A D:0000 DB:7E P:05 V:169 H:151
C907FA $25 $40         AND $40 [000040] = $FFDF        A:150C X:99C5 Y:0002 S:036A D:0000 DB:7E P:05 V:169 H:161
C907FC $9D $00 $00     STA $0000,X [7E99C5] = $150C    A:150C X:99C5 Y:0002 S:036A D:0000 DB:7E P:05 V:169 H:168
C907FF $BD $01 $00     LDA $0001,X [7E99C6] = $0015    A:150C X:99C5 Y:0002 S:036A D:0000 DB:7E P:05 V:169 H:178
C90802 $25 $41         AND $41 [000041] = $FFFF        A:0015 X:99C5 Y:0002 S:036A D:0000 DB:7E P:05 V:169 H:188
C90804 $9D $01 $00     STA $0001,X [7E99C6] = $0015    A:0015 X:99C5 Y:0002 S:036A D:0000 DB:7E P:05 V:169 H:195
C90807 $A3 $09         LDA $09,S [000373] = $02F3      A:0015 X:99C5 Y:0002 S:036A D:0000 DB:7E P:05 V:169 H:205
C90809 $18             CLC                             A:02F3 X:99C5 Y:0002 S:036A D:0000 DB:7E P:05 V:169 H:213
C9080A $69 $06 $00     ADC #$0006                      A:02F3 X:99C5 Y:0002 S:036A D:0000 DB:7E P:04 V:169 H:216
C9080D $83 $09         STA $09,S [000373] = $02F3      A:02F9 X:99C5 Y:0002 S:036A D:0000 DB:7E P:04 V:169 H:221
C9080F $7A             PLY                             A:02F9 X:99C5 Y:0002 S:036A D:0000 DB:7E P:04 V:169 H:229
C90810 $FA             PLX                             A:02F9 X:99C5 Y:4F8E S:036C D:0000 DB:7E P:04 V:169 H:238
C90811 $AB             PLB                             A:02F9 X:0004 Y:4F8E S:036E D:0000 DB:7E P:04 V:169 H:246
C90812 $68             PLA                             A:02F9 X:0004 Y:4F8E S:036F D:0000 DB:7E P:04 V:169 H:253
C90813 $28             PLP                             A:0000 X:0004 Y:4F8E S:0371 D:0000 DB:7E P:06 V:169 H:261
C90814 $6B             RTL                             A:0000 X:0004 Y:4F8E S:0372 D:0000 DB:7E P:07 V:169 H:268
C602FA $22 $CC $07 $C9 JSL $C907CC                     A:0000 X:0004 Y:4F8E S:0375 D:0000 DB:7E P:07 V:169 H:294
C907CC $08             PHP                             A:0000 X:0004 Y:4F8E S:0372 D:0000 DB:7E P:07 V:169 H:308
C907CD $78             SEI                             A:0000 X:0004 Y:4F8E S:0371 D:0000 DB:7E P:07 V:169 H:313
C907CE $C2 $30         REP #$30                        A:0000 X:0004 Y:4F8E S:0371 D:0000 DB:7E P:07 V:169 H:316
C907D0 $48             PHA                             A:0000 X:0004 Y:4F8E S:0371 D:0000 DB:7E P:07 V:169 H:320
C907D1 $8B             PHB                             A:0000 X:0004 Y:4F8E S:036F D:0000 DB:7E P:07 V:169 H:327
C907D2 $DA             PHX                             A:0000 X:0004 Y:4F8E S:036E D:0000 DB:7E P:07 V:169 H:331
C907D3 $5A             PHY                             A:0000 X:0004 Y:4F8E S:036C D:0000 DB:7E P:07 V:169 H:338
C907D4 $A3 $0A         LDA $0A,S [000374] = $C602      A:0000 X:0004 Y:4F8E S:036A D:0000 DB:7E P:07 V:170 H:5  
C907D6 $48             PHA                             A:C602 X:0004 Y:4F8E S:036A D:0000 DB:7E P:85 V:170 H:14 
C907D7 $AB             PLB                             A:C602 X:0004 Y:4F8E S:0368 D:0000 DB:7E P:85 V:170 H:21 
C907D8 $AB             PLB                             A:C602 X:0004 Y:4F8E S:0369 D:0000 DB:02 P:05 V:170 H:27 
C907D9 $A0 $04 $00     LDY #$0004                      A:C602 X:0004 Y:4F8E S:036A D:0000 DB:C6 P:85 V:170 H:34 
C907DC $B3 $09         LDA ($09,S),Y [C60301] = $0040  A:C602 X:0004 Y:0004 S:036A D:0000 DB:C6 P:05 V:170 H:38 
C907DE $49 $FF $FF     EOR #$FFFF                      A:0040 X:0004 Y:0004 S:036A D:0000 DB:C6 P:05 V:170 H:51 
C907E1 $85 $40         STA $40 [000040] = $FFDF        A:FFBF X:0004 Y:0004 S:036A D:0000 DB:C6 P:85 V:170 H:56 
C907E3 $C8             INY                             A:FFBF X:0004 Y:0004 S:036A D:0000 DB:C6 P:85 V:170 H:63 
C907E4 $B3 $09         LDA ($09,S),Y [C60302] = $0000  A:FFBF X:0004 Y:0005 S:036A D:0000 DB:C6 P:05 V:170 H:66 
C907E6 $49 $FF $FF     EOR #$FFFF                      A:0000 X:0004 Y:0005 S:036A D:0000 DB:C6 P:07 V:170 H:79 
C907E9 $85 $41         STA $41 [000041] = $FFFF        A:FFFF X:0004 Y:0005 S:036A D:0000 DB:C6 P:85 V:170 H:83 
C907EB $A0 $01 $00     LDY #$0001                      A:FFFF X:0004 Y:0005 S:036A D:0000 DB:C6 P:85 V:170 H:90 
C907EE $B3 $09         LDA ($09,S),Y [C602FE] = $99C5  A:FFFF X:0004 Y:0001 S:036A D:0000 DB:C6 P:05 V:170 H:95 
C907F0 $AA             TAX                             A:99C5 X:0004 Y:0001 S:036A D:0000 DB:C6 P:85 V:170 H:108
C907F1 $C8             INY                             A:99C5 X:99C5 Y:0001 S:036A D:0000 DB:C6 P:85 V:170 H:111
C907F2 $B3 $09         LDA ($09,S),Y [C602FF] = $7E99  A:99C5 X:99C5 Y:0002 S:036A D:0000 DB:C6 P:05 V:170 H:114
C907F4 $48             PHA                             A:7E99 X:99C5 Y:0002 S:036A D:0000 DB:C6 P:05 V:170 H:127
C907F5 $AB             PLB                             A:7E99 X:99C5 Y:0002 S:0368 D:0000 DB:C6 P:05 V:170 H:134
C907F6 $AB             PLB                             A:7E99 X:99C5 Y:0002 S:0369 D:0000 DB:99 P:85 V:170 H:150
C907F7 $BD $00 $00     LDA $0000,X [7E99C5] = $150C    A:7E99 X:99C5 Y:0002 S:036A D:0000 DB:7E P:05 V:170 H:157
C907FA $25 $40         AND $40 [000040] = $FFBF        A:150C X:99C5 Y:0002 S:036A D:0000 DB:7E P:05 V:170 H:167
C907FC $9D $00 $00     STA $0000,X [7E99C5] = $150C    A:150C X:99C5 Y:0002 S:036A D:0000 DB:7E P:05 V:170 H:174
C907FF $BD $01 $00     LDA $0001,X [7E99C6] = $0015    A:150C X:99C5 Y:0002 S:036A D:0000 DB:7E P:05 V:170 H:184
C90802 $25 $41         AND $41 [000041] = $FFFF        A:0015 X:99C5 Y:0002 S:036A D:0000 DB:7E P:05 V:170 H:194
C90804 $9D $01 $00     STA $0001,X [7E99C6] = $0015    A:0015 X:99C5 Y:0002 S:036A D:0000 DB:7E P:05 V:170 H:201
C90807 $A3 $09         LDA $09,S [000373] = $02FD      A:0015 X:99C5 Y:0002 S:036A D:0000 DB:7E P:05 V:170 H:211
C90809 $18             CLC                             A:02FD X:99C5 Y:0002 S:036A D:0000 DB:7E P:05 V:170 H:219
C9080A $69 $06 $00     ADC #$0006                      A:02FD X:99C5 Y:0002 S:036A D:0000 DB:7E P:04 V:170 H:222
C9080D $83 $09         STA $09,S [000373] = $02FD      A:0303 X:99C5 Y:0002 S:036A D:0000 DB:7E P:04 V:170 H:227
C9080F $7A             PLY                             A:0303 X:99C5 Y:0002 S:036A D:0000 DB:7E P:04 V:170 H:235
C90810 $FA             PLX                             A:0303 X:99C5 Y:4F8E S:036C D:0000 DB:7E P:04 V:170 H:244
C90811 $AB             PLB                             A:0303 X:0004 Y:4F8E S:036E D:0000 DB:7E P:04 V:170 H:252
C90812 $68             PLA                             A:0303 X:0004 Y:4F8E S:036F D:0000 DB:7E P:04 V:170 H:259
C90813 $28             PLP                             A:0000 X:0004 Y:4F8E S:0371 D:0000 DB:7E P:06 V:170 H:267
C90814 $6B             RTL                             A:0000 X:0004 Y:4F8E S:0372 D:0000 DB:7E P:07 V:170 H:274
C60304 $22 $CC $07 $C9 JSL $C907CC                     A:0000 X:0004 Y:4F8E S:0375 D:0000 DB:7E P:07 V:170 H:301
C907CC $08             PHP                             A:0000 X:0004 Y:4F8E S:0372 D:0000 DB:7E P:07 V:170 H:314
C907CD $78             SEI                             A:0000 X:0004 Y:4F8E S:0371 D:0000 DB:7E P:07 V:170 H:319
C907CE $C2 $30         REP #$30                        A:0000 X:0004 Y:4F8E S:0371 D:0000 DB:7E P:07 V:170 H:322
C907D0 $48             PHA                             A:0000 X:0004 Y:4F8E S:0371 D:0000 DB:7E P:07 V:170 H:326
C907D1 $8B             PHB                             A:0000 X:0004 Y:4F8E S:036F D:0000 DB:7E P:07 V:170 H:333
C907D2 $DA             PHX                             A:0000 X:0004 Y:4F8E S:036E D:0000 DB:7E P:07 V:170 H:338
C907D3 $5A             PHY                             A:0000 X:0004 Y:4F8E S:036C D:0000 DB:7E P:07 V:171 H:5  
C907D4 $A3 $0A         LDA $0A,S [000374] = $C603      A:0000 X:0004 Y:4F8E S:036A D:0000 DB:7E P:07 V:171 H:12 
C907D6 $48             PHA                             A:C603 X:0004 Y:4F8E S:036A D:0000 DB:7E P:85 V:171 H:20 
C907D7 $AB             PLB                             A:C603 X:0004 Y:4F8E S:0368 D:0000 DB:7E P:85 V:171 H:27 
C907D8 $AB             PLB                             A:C603 X:0004 Y:4F8E S:0369 D:0000 DB:03 P:05 V:171 H:34 
C907D9 $A0 $04 $00     LDY #$0004                      A:C603 X:0004 Y:4F8E S:036A D:0000 DB:C6 P:85 V:171 H:40 
C907DC $B3 $09         LDA ($09,S),Y [C6030B] = $0080  A:C603 X:0004 Y:0004 S:036A D:0000 DB:C6 P:05 V:171 H:45 
C907DE $49 $FF $FF     EOR #$FFFF                      A:0080 X:0004 Y:0004 S:036A D:0000 DB:C6 P:05 V:171 H:58 
C907E1 $85 $40         STA $40 [000040] = $FFBF        A:FF7F X:0004 Y:0004 S:036A D:0000 DB:C6 P:85 V:171 H:62 
C907E3 $C8             INY                             A:FF7F X:0004 Y:0004 S:036A D:0000 DB:C6 P:85 V:171 H:69 
C907E4 $B3 $09         LDA ($09,S),Y [C6030C] = $0000  A:FF7F X:0004 Y:0005 S:036A D:0000 DB:C6 P:05 V:171 H:72 
C907E6 $49 $FF $FF     EOR #$FFFF                      A:0000 X:0004 Y:0005 S:036A D:0000 DB:C6 P:07 V:171 H:85 
C907E9 $85 $41         STA $41 [000041] = $FFFF        A:FFFF X:0004 Y:0005 S:036A D:0000 DB:C6 P:85 V:171 H:90 
C907EB $A0 $01 $00     LDY #$0001                      A:FFFF X:0004 Y:0005 S:036A D:0000 DB:C6 P:85 V:171 H:97 
C907EE $B3 $09         LDA ($09,S),Y [C60308] = $99C5  A:FFFF X:0004 Y:0001 S:036A D:0000 DB:C6 P:05 V:171 H:101
C907F0 $AA             TAX                             A:99C5 X:0004 Y:0001 S:036A D:0000 DB:C6 P:85 V:171 H:114
C907F1 $C8             INY                             A:99C5 X:99C5 Y:0001 S:036A D:0000 DB:C6 P:85 V:171 H:117
C907F2 $B3 $09         LDA ($09,S),Y [C60309] = $7E99  A:99C5 X:99C5 Y:0002 S:036A D:0000 DB:C6 P:05 V:171 H:120
C907F4 $48             PHA                             A:7E99 X:99C5 Y:0002 S:036A D:0000 DB:C6 P:05 V:171 H:143
C907F5 $AB             PLB                             A:7E99 X:99C5 Y:0002 S:0368 D:0000 DB:C6 P:05 V:171 H:150
C907F6 $AB             PLB                             A:7E99 X:99C5 Y:0002 S:0369 D:0000 DB:99 P:85 V:171 H:157
C907F7 $BD $00 $00     LDA $0000,X [7E99C5] = $150C    A:7E99 X:99C5 Y:0002 S:036A D:0000 DB:7E P:05 V:171 H:163
C907FA $25 $40         AND $40 [000040] = $FF7F        A:150C X:99C5 Y:0002 S:036A D:0000 DB:7E P:05 V:171 H:173
C907FC $9D $00 $00     STA $0000,X [7E99C5] = $150C    A:150C X:99C5 Y:0002 S:036A D:0000 DB:7E P:05 V:171 H:180
C907FF $BD $01 $00     LDA $0001,X [7E99C6] = $0015    A:150C X:99C5 Y:0002 S:036A D:0000 DB:7E P:05 V:171 H:190
C90802 $25 $41         AND $41 [000041] = $FFFF        A:0015 X:99C5 Y:0002 S:036A D:0000 DB:7E P:05 V:171 H:200
C90804 $9D $01 $00     STA $0001,X [7E99C6] = $0015    A:0015 X:99C5 Y:0002 S:036A D:0000 DB:7E P:05 V:171 H:207
C90807 $A3 $09         LDA $09,S [000373] = $0307      A:0015 X:99C5 Y:0002 S:036A D:0000 DB:7E P:05 V:171 H:217
C90809 $18             CLC                             A:0307 X:99C5 Y:0002 S:036A D:0000 DB:7E P:05 V:171 H:226
C9080A $69 $06 $00     ADC #$0006                      A:0307 X:99C5 Y:0002 S:036A D:0000 DB:7E P:04 V:171 H:229
C9080D $83 $09         STA $09,S [000373] = $0307      A:030D X:99C5 Y:0002 S:036A D:0000 DB:7E P:04 V:171 H:233
C9080F $7A             PLY                             A:030D X:99C5 Y:0002 S:036A D:0000 DB:7E P:04 V:171 H:242
C90810 $FA             PLX                             A:030D X:99C5 Y:4F8E S:036C D:0000 DB:7E P:04 V:171 H:250
C90811 $AB             PLB                             A:030D X:0004 Y:4F8E S:036E D:0000 DB:7E P:04 V:171 H:259
C90812 $68             PLA                             A:030D X:0004 Y:4F8E S:036F D:0000 DB:7E P:04 V:171 H:265
C90813 $28             PLP                             A:0000 X:0004 Y:4F8E S:0371 D:0000 DB:7E P:06 V:171 H:274
C90814 $6B             RTL                             A:0000 X:0004 Y:4F8E S:0372 D:0000 DB:7E P:07 V:171 H:295
C6030E $22 $CC $07 $C9 JSL $C907CC                     A:0000 X:0004 Y:4F8E S:0375 D:0000 DB:7E P:07 V:171 H:306
C907CC $08             PHP                             A:0000 X:0004 Y:4F8E S:0372 D:0000 DB:7E P:07 V:171 H:319
C907CD $78             SEI                             A:0000 X:0004 Y:4F8E S:0371 D:0000 DB:7E P:07 V:171 H:324
C907CE $C2 $30         REP #$30                        A:0000 X:0004 Y:4F8E S:0371 D:0000 DB:7E P:07 V:171 H:327
C907D0 $48             PHA                             A:0000 X:0004 Y:4F8E S:0371 D:0000 DB:7E P:07 V:171 H:331
C907D1 $8B             PHB                             A:0000 X:0004 Y:4F8E S:036F D:0000 DB:7E P:07 V:171 H:338
C907D2 $DA             PHX                             A:0000 X:0004 Y:4F8E S:036E D:0000 DB:7E P:07 V:172 H:3  
C907D3 $5A             PHY                             A:0000 X:0004 Y:4F8E S:036C D:0000 DB:7E P:07 V:172 H:10 
C907D4 $A3 $0A         LDA $0A,S [000374] = $C603      A:0000 X:0004 Y:4F8E S:036A D:0000 DB:7E P:07 V:172 H:17 
C907D6 $48             PHA                             A:C603 X:0004 Y:4F8E S:036A D:0000 DB:7E P:85 V:172 H:25 
C907D7 $AB             PLB                             A:C603 X:0004 Y:4F8E S:0368 D:0000 DB:7E P:85 V:172 H:32 
C907D8 $AB             PLB                             A:C603 X:0004 Y:4F8E S:0369 D:0000 DB:03 P:05 V:172 H:39 
C907D9 $A0 $04 $00     LDY #$0004                      A:C603 X:0004 Y:4F8E S:036A D:0000 DB:C6 P:85 V:172 H:45 
C907DC $B3 $09         LDA ($09,S),Y [C60315] = $0002  A:C603 X:0004 Y:0004 S:036A D:0000 DB:C6 P:05 V:172 H:50 
C907DE $49 $FF $FF     EOR #$FFFF                      A:0002 X:0004 Y:0004 S:036A D:0000 DB:C6 P:05 V:172 H:63 
C907E1 $85 $40         STA $40 [000040] = $FF7F        A:FFFD X:0004 Y:0004 S:036A D:0000 DB:C6 P:85 V:172 H:67 
C907E3 $C8             INY                             A:FFFD X:0004 Y:0004 S:036A D:0000 DB:C6 P:85 V:172 H:74 
C907E4 $B3 $09         LDA ($09,S),Y [C60316] = $0000  A:FFFD X:0004 Y:0005 S:036A D:0000 DB:C6 P:05 V:172 H:77 
C907E6 $49 $FF $FF     EOR #$FFFF                      A:0000 X:0004 Y:0005 S:036A D:0000 DB:C6 P:07 V:172 H:90 
C907E9 $85 $41         STA $41 [000041] = $FFFF        A:FFFF X:0004 Y:0005 S:036A D:0000 DB:C6 P:85 V:172 H:95 
C907EB $A0 $01 $00     LDY #$0001                      A:FFFF X:0004 Y:0005 S:036A D:0000 DB:C6 P:85 V:172 H:102
C907EE $B3 $09         LDA ($09,S),Y [C60312] = $99C6  A:FFFF X:0004 Y:0001 S:036A D:0000 DB:C6 P:05 V:172 H:106
C907F0 $AA             TAX                             A:99C6 X:0004 Y:0001 S:036A D:0000 DB:C6 P:85 V:172 H:119
C907F1 $C8             INY                             A:99C6 X:99C6 Y:0001 S:036A D:0000 DB:C6 P:85 V:172 H:122
C907F2 $B3 $09         LDA ($09,S),Y [C60313] = $7E99  A:99C6 X:99C6 Y:0002 S:036A D:0000 DB:C6 P:05 V:172 H:125
C907F4 $48             PHA                             A:7E99 X:99C6 Y:0002 S:036A D:0000 DB:C6 P:05 V:172 H:148
C907F5 $AB             PLB                             A:7E99 X:99C6 Y:0002 S:0368 D:0000 DB:C6 P:05 V:172 H:155
C907F6 $AB             PLB                             A:7E99 X:99C6 Y:0002 S:0369 D:0000 DB:99 P:85 V:172 H:162
C907F7 $BD $00 $00     LDA $0000,X [7E99C6] = $0015    A:7E99 X:99C6 Y:0002 S:036A D:0000 DB:7E P:05 V:172 H:168
C907FA $25 $40         AND $40 [000040] = $FFFD        A:0015 X:99C6 Y:0002 S:036A D:0000 DB:7E P:05 V:172 H:178
C907FC $9D $00 $00     STA $0000,X [7E99C6] = $0015    A:0015 X:99C6 Y:0002 S:036A D:0000 DB:7E P:05 V:172 H:185
C907FF $BD $01 $00     LDA $0001,X [7E99C7] = $0000    A:0015 X:99C6 Y:0002 S:036A D:0000 DB:7E P:05 V:172 H:195
C90802 $25 $41         AND $41 [000041] = $FFFF        A:0000 X:99C6 Y:0002 S:036A D:0000 DB:7E P:07 V:172 H:205
C90804 $9D $01 $00     STA $0001,X [7E99C7] = $0000    A:0000 X:99C6 Y:0002 S:036A D:0000 DB:7E P:07 V:172 H:212
C90807 $A3 $09         LDA $09,S [000373] = $0311      A:0000 X:99C6 Y:0002 S:036A D:0000 DB:7E P:07 V:172 H:222
C90809 $18             CLC                             A:0311 X:99C6 Y:0002 S:036A D:0000 DB:7E P:05 V:172 H:231
C9080A $69 $06 $00     ADC #$0006                      A:0311 X:99C6 Y:0002 S:036A D:0000 DB:7E P:04 V:172 H:234
C9080D $83 $09         STA $09,S [000373] = $0311      A:0317 X:99C6 Y:0002 S:036A D:0000 DB:7E P:04 V:172 H:238
C9080F $7A             PLY                             A:0317 X:99C6 Y:0002 S:036A D:0000 DB:7E P:04 V:172 H:247
C90810 $FA             PLX                             A:0317 X:99C6 Y:4F8E S:036C D:0000 DB:7E P:04 V:172 H:255
C90811 $AB             PLB                             A:0317 X:0004 Y:4F8E S:036E D:0000 DB:7E P:04 V:172 H:264
C90812 $68             PLA                             A:0317 X:0004 Y:4F8E S:036F D:0000 DB:7E P:04 V:172 H:270
C90813 $28             PLP                             A:0000 X:0004 Y:4F8E S:0371 D:0000 DB:7E P:06 V:172 H:295
C90814 $6B             RTL                             A:0000 X:0004 Y:4F8E S:0372 D:0000 DB:7E P:07 V:172 H:301
C60318 $22 $89 $07 $C9 JSL $C90789                     A:0000 X:0004 Y:4F8E S:0375 D:0000 DB:7E P:07 V:172 H:312
C90789 $08             PHP                             A:0000 X:0004 Y:4F8E S:0372 D:0000 DB:7E P:07 V:172 H:325
C9078A $78             SEI                             A:0000 X:0004 Y:4F8E S:0371 D:0000 DB:7E P:07 V:172 H:329
C9078B $C2 $30         REP #$30                        A:0000 X:0004 Y:4F8E S:0371 D:0000 DB:7E P:07 V:172 H:332
C9078D $48             PHA                             A:0000 X:0004 Y:4F8E S:0371 D:0000 DB:7E P:07 V:172 H:337
C9078E $8B             PHB                             A:0000 X:0004 Y:4F8E S:036F D:0000 DB:7E P:07 V:173 H:4  
C9078F $DA             PHX                             A:0000 X:0004 Y:4F8E S:036E D:0000 DB:7E P:07 V:173 H:9  
C90790 $5A             PHY                             A:0000 X:0004 Y:4F8E S:036C D:0000 DB:7E P:07 V:173 H:16 
C90791 $A3 $0A         LDA $0A,S [000374] = $C603      A:0000 X:0004 Y:4F8E S:036A D:0000 DB:7E P:07 V:173 H:23 
C90793 $48             PHA                             A:C603 X:0004 Y:4F8E S:036A D:0000 DB:7E P:85 V:173 H:31 
C90794 $AB             PLB                             A:C603 X:0004 Y:4F8E S:0368 D:0000 DB:7E P:85 V:173 H:38 
C90795 $AB             PLB                             A:C603 X:0004 Y:4F8E S:0369 D:0000 DB:03 P:05 V:173 H:45 
C90796 $A0 $04 $00     LDY #$0004                      A:C603 X:0004 Y:4F8E S:036A D:0000 DB:C6 P:85 V:173 H:51 
C90799 $B3 $09         LDA ($09,S),Y [C6031F] = $0004  A:C603 X:0004 Y:0004 S:036A D:0000 DB:C6 P:05 V:173 H:56 
C9079B $85 $40         STA $40 [000040] = $FFFD        A:0004 X:0004 Y:0004 S:036A D:0000 DB:C6 P:05 V:173 H:69 
C9079D $C8             INY                             A:0004 X:0004 Y:0004 S:036A D:0000 DB:C6 P:05 V:173 H:76 
C9079E $B3 $09         LDA ($09,S),Y [C60320] = $0000  A:0004 X:0004 Y:0005 S:036A D:0000 DB:C6 P:05 V:173 H:79 
C907A0 $85 $41         STA $41 [000041] = $FF00        A:0000 X:0004 Y:0005 S:036A D:0000 DB:C6 P:07 V:173 H:92 
C907A2 $A0 $01 $00     LDY #$0001                      A:0000 X:0004 Y:0005 S:036A D:0000 DB:C6 P:07 V:173 H:99 
C907A5 $B3 $09         LDA ($09,S),Y [C6031C] = $99C6  A:0000 X:0004 Y:0001 S:036A D:0000 DB:C6 P:05 V:173 H:103
C907A7 $AA             TAX                             A:99C6 X:0004 Y:0001 S:036A D:0000 DB:C6 P:85 V:173 H:116
C907A8 $C8             INY                             A:99C6 X:99C6 Y:0001 S:036A D:0000 DB:C6 P:85 V:173 H:119
C907A9 $B3 $09         LDA ($09,S),Y [C6031D] = $7E99  A:99C6 X:99C6 Y:0002 S:036A D:0000 DB:C6 P:05 V:173 H:122
C907AB $48             PHA                             A:7E99 X:99C6 Y:0002 S:036A D:0000 DB:C6 P:05 V:173 H:145
C907AC $AB             PLB                             A:7E99 X:99C6 Y:0002 S:0368 D:0000 DB:C6 P:05 V:173 H:152
C907AD $AB             PLB                             A:7E99 X:99C6 Y:0002 S:0369 D:0000 DB:99 P:85 V:173 H:159
C907AE $BD $00 $00     LDA $0000,X [7E99C6] = $0015    A:7E99 X:99C6 Y:0002 S:036A D:0000 DB:7E P:05 V:173 H:165
C907B1 $05 $40         ORA $40 [000040] = $0004        A:0015 X:99C6 Y:0002 S:036A D:0000 DB:7E P:05 V:173 H:175
C907B3 $9D $00 $00     STA $0000,X [7E99C6] = $0015    A:0015 X:99C6 Y:0002 S:036A D:0000 DB:7E P:05 V:173 H:182
C907B6 $BD $01 $00     LDA $0001,X [7E99C7] = $0000    A:0015 X:99C6 Y:0002 S:036A D:0000 DB:7E P:05 V:173 H:192
C907B9 $05 $41         ORA $41 [000041] = $0000        A:0000 X:99C6 Y:0002 S:036A D:0000 DB:7E P:07 V:173 H:202
C907BB $9D $01 $00     STA $0001,X [7E99C7] = $0000    A:0000 X:99C6 Y:0002 S:036A D:0000 DB:7E P:07 V:173 H:209
C907BE $A3 $09         LDA $09,S [000373] = $031B      A:0000 X:99C6 Y:0002 S:036A D:0000 DB:7E P:07 V:173 H:219
C907C0 $18             CLC                             A:031B X:99C6 Y:0002 S:036A D:0000 DB:7E P:05 V:173 H:228
C907C1 $69 $06 $00     ADC #$0006                      A:031B X:99C6 Y:0002 S:036A D:0000 DB:7E P:04 V:173 H:231
C907C4 $83 $09         STA $09,S [000373] = $031B      A:0321 X:99C6 Y:0002 S:036A D:0000 DB:7E P:04 V:173 H:235
C907C6 $7A             PLY                             A:0321 X:99C6 Y:0002 S:036A D:0000 DB:7E P:04 V:173 H:244
C907C7 $FA             PLX                             A:0321 X:99C6 Y:4F8E S:036C D:0000 DB:7E P:04 V:173 H:252
C907C8 $AB             PLB                             A:0321 X:0004 Y:4F8E S:036E D:0000 DB:7E P:04 V:173 H:261
C907C9 $68             PLA                             A:0321 X:0004 Y:4F8E S:036F D:0000 DB:7E P:04 V:173 H:267
C907CA $28             PLP                             A:0000 X:0004 Y:4F8E S:0371 D:0000 DB:7E P:06 V:173 H:276
C907CB $6B             RTL                             A:0000 X:0004 Y:4F8E S:0372 D:0000 DB:7E P:07 V:173 H:299
C60322 $22 $CC $07 $C9 JSL $C907CC                     A:0000 X:0004 Y:4F8E S:0375 D:0000 DB:7E P:07 V:173 H:309
C907CC $08             PHP                             A:0000 X:0004 Y:4F8E S:0372 D:0000 DB:7E P:07 V:173 H:323
C907CD $78             SEI                             A:0000 X:0004 Y:4F8E S:0371 D:0000 DB:7E P:07 V:173 H:327
C907CE $C2 $30         REP #$30                        A:0000 X:0004 Y:4F8E S:0371 D:0000 DB:7E P:07 V:173 H:330
C907D0 $48             PHA                             A:0000 X:0004 Y:4F8E S:0371 D:0000 DB:7E P:07 V:173 H:334
C907D1 $8B             PHB                             A:0000 X:0004 Y:4F8E S:036F D:0000 DB:7E P:07 V:174 H:1  
C907D2 $DA             PHX                             A:0000 X:0004 Y:4F8E S:036E D:0000 DB:7E P:07 V:174 H:6  
C907D3 $5A             PHY                             A:0000 X:0004 Y:4F8E S:036C D:0000 DB:7E P:07 V:174 H:13 
C907D4 $A3 $0A         LDA $0A,S [000374] = $C603      A:0000 X:0004 Y:4F8E S:036A D:0000 DB:7E P:07 V:174 H:20 
C907D6 $48             PHA                             A:C603 X:0004 Y:4F8E S:036A D:0000 DB:7E P:85 V:174 H:29 
C907D7 $AB             PLB                             A:C603 X:0004 Y:4F8E S:0368 D:0000 DB:7E P:85 V:174 H:36 
C907D8 $AB             PLB                             A:C603 X:0004 Y:4F8E S:0369 D:0000 DB:03 P:05 V:174 H:42 
C907D9 $A0 $04 $00     LDY #$0004                      A:C603 X:0004 Y:4F8E S:036A D:0000 DB:C6 P:85 V:174 H:49 
C907DC $B3 $09         LDA ($09,S),Y [C60329] = $0008  A:C603 X:0004 Y:0004 S:036A D:0000 DB:C6 P:05 V:174 H:53 
C907DE $49 $FF $FF     EOR #$FFFF                      A:0008 X:0004 Y:0004 S:036A D:0000 DB:C6 P:05 V:174 H:66 
C907E1 $85 $40         STA $40 [000040] = $0004        A:FFF7 X:0004 Y:0004 S:036A D:0000 DB:C6 P:85 V:174 H:71 
C907E3 $C8             INY                             A:FFF7 X:0004 Y:0004 S:036A D:0000 DB:C6 P:85 V:174 H:78 
C907E4 $B3 $09         LDA ($09,S),Y [C6032A] = $0000  A:FFF7 X:0004 Y:0005 S:036A D:0000 DB:C6 P:05 V:174 H:81 
C907E6 $49 $FF $FF     EOR #$FFFF                      A:0000 X:0004 Y:0005 S:036A D:0000 DB:C6 P:07 V:174 H:94 
C907E9 $85 $41         STA $41 [000041] = $00FF        A:FFFF X:0004 Y:0005 S:036A D:0000 DB:C6 P:85 V:174 H:98 
C907EB $A0 $01 $00     LDY #$0001                      A:FFFF X:0004 Y:0005 S:036A D:0000 DB:C6 P:85 V:174 H:105
C907EE $B3 $09         LDA ($09,S),Y [C60326] = $99C6  A:FFFF X:0004 Y:0001 S:036A D:0000 DB:C6 P:05 V:174 H:110
C907F0 $AA             TAX                             A:99C6 X:0004 Y:0001 S:036A D:0000 DB:C6 P:85 V:174 H:123
C907F1 $C8             INY                             A:99C6 X:99C6 Y:0001 S:036A D:0000 DB:C6 P:85 V:174 H:126
C907F2 $B3 $09         LDA ($09,S),Y [C60327] = $7E99  A:99C6 X:99C6 Y:0002 S:036A D:0000 DB:C6 P:05 V:174 H:129
C907F4 $48             PHA                             A:7E99 X:99C6 Y:0002 S:036A D:0000 DB:C6 P:05 V:174 H:152
C907F5 $AB             PLB                             A:7E99 X:99C6 Y:0002 S:0368 D:0000 DB:C6 P:05 V:174 H:159
C907F6 $AB             PLB                             A:7E99 X:99C6 Y:0002 S:0369 D:0000 DB:99 P:85 V:174 H:165
C907F7 $BD $00 $00     LDA $0000,X [7E99C6] = $0015    A:7E99 X:99C6 Y:0002 S:036A D:0000 DB:7E P:05 V:174 H:172
C907FA $25 $40         AND $40 [000040] = $FFF7        A:0015 X:99C6 Y:0002 S:036A D:0000 DB:7E P:05 V:174 H:182
C907FC $9D $00 $00     STA $0000,X [7E99C6] = $0015    A:0015 X:99C6 Y:0002 S:036A D:0000 DB:7E P:05 V:174 H:189
C907FF $BD $01 $00     LDA $0001,X [7E99C7] = $0000    A:0015 X:99C6 Y:0002 S:036A D:0000 DB:7E P:05 V:174 H:199
C90802 $25 $41         AND $41 [000041] = $FFFF        A:0000 X:99C6 Y:0002 S:036A D:0000 DB:7E P:07 V:174 H:209
C90804 $9D $01 $00     STA $0001,X [7E99C7] = $0000    A:0000 X:99C6 Y:0002 S:036A D:0000 DB:7E P:07 V:174 H:216
C90807 $A3 $09         LDA $09,S [000373] = $0325      A:0000 X:99C6 Y:0002 S:036A D:0000 DB:7E P:07 V:174 H:226
C90809 $18             CLC                             A:0325 X:99C6 Y:0002 S:036A D:0000 DB:7E P:05 V:174 H:234
C9080A $69 $06 $00     ADC #$0006                      A:0325 X:99C6 Y:0002 S:036A D:0000 DB:7E P:04 V:174 H:237
C9080D $83 $09         STA $09,S [000373] = $0325      A:032B X:99C6 Y:0002 S:036A D:0000 DB:7E P:04 V:174 H:242
C9080F $7A             PLY                             A:032B X:99C6 Y:0002 S:036A D:0000 DB:7E P:04 V:174 H:250
C90810 $FA             PLX                             A:032B X:99C6 Y:4F8E S:036C D:0000 DB:7E P:04 V:174 H:259
C90811 $AB             PLB                             A:032B X:0004 Y:4F8E S:036E D:0000 DB:7E P:04 V:174 H:267
C90812 $68             PLA                             A:032B X:0004 Y:4F8E S:036F D:0000 DB:7E P:04 V:174 H:274
C90813 $28             PLP                             A:0000 X:0004 Y:4F8E S:0371 D:0000 DB:7E P:06 V:174 H:299
C90814 $6B             RTL                             A:0000 X:0004 Y:4F8E S:0372 D:0000 DB:7E P:07 V:174 H:305
C6032C $22 $89 $07 $C9 JSL $C90789                     A:0000 X:0004 Y:4F8E S:0375 D:0000 DB:7E P:07 V:174 H:316
C90789 $08             PHP                             A:0000 X:0004 Y:4F8E S:0372 D:0000 DB:7E P:07 V:174 H:328
C9078A $78             SEI                             A:0000 X:0004 Y:4F8E S:0371 D:0000 DB:7E P:07 V:174 H:333
C9078B $C2 $30         REP #$30                        A:0000 X:0004 Y:4F8E S:0371 D:0000 DB:7E P:07 V:174 H:336
C9078D $48             PHA                             A:0000 X:0004 Y:4F8E S:0371 D:0000 DB:7E P:07 V:175 H:1  
C9078E $8B             PHB                             A:0000 X:0004 Y:4F8E S:036F D:0000 DB:7E P:07 V:175 H:8  
C9078F $DA             PHX                             A:0000 X:0004 Y:4F8E S:036E D:0000 DB:7E P:07 V:175 H:13 
C90790 $5A             PHY                             A:0000 X:0004 Y:4F8E S:036C D:0000 DB:7E P:07 V:175 H:20 
C90791 $A3 $0A         LDA $0A,S [000374] = $C603      A:0000 X:0004 Y:4F8E S:036A D:0000 DB:7E P:07 V:175 H:27 
C90793 $48             PHA                             A:C603 X:0004 Y:4F8E S:036A D:0000 DB:7E P:85 V:175 H:35 
C90794 $AB             PLB                             A:C603 X:0004 Y:4F8E S:0368 D:0000 DB:7E P:85 V:175 H:42 
C90795 $AB             PLB                             A:C603 X:0004 Y:4F8E S:0369 D:0000 DB:03 P:05 V:175 H:49 
C90796 $A0 $04 $00     LDY #$0004                      A:C603 X:0004 Y:4F8E S:036A D:0000 DB:C6 P:85 V:175 H:55 
C90799 $B3 $09         LDA ($09,S),Y [C60333] = $0010  A:C603 X:0004 Y:0004 S:036A D:0000 DB:C6 P:05 V:175 H:60 
C9079B $85 $40         STA $40 [000040] = $FFF7        A:0010 X:0004 Y:0004 S:036A D:0000 DB:C6 P:05 V:175 H:73 
C9079D $C8             INY                             A:0010 X:0004 Y:0004 S:036A D:0000 DB:C6 P:05 V:175 H:80 
C9079E $B3 $09         LDA ($09,S),Y [C60334] = $0000  A:0010 X:0004 Y:0005 S:036A D:0000 DB:C6 P:05 V:175 H:83 
C907A0 $85 $41         STA $41 [000041] = $FF00        A:0000 X:0004 Y:0005 S:036A D:0000 DB:C6 P:07 V:175 H:96 
C907A2 $A0 $01 $00     LDY #$0001                      A:0000 X:0004 Y:0005 S:036A D:0000 DB:C6 P:07 V:175 H:103
C907A5 $B3 $09         LDA ($09,S),Y [C60330] = $99C6  A:0000 X:0004 Y:0001 S:036A D:0000 DB:C6 P:05 V:175 H:107
C907A7 $AA             TAX                             A:99C6 X:0004 Y:0001 S:036A D:0000 DB:C6 P:85 V:175 H:120
C907A8 $C8             INY                             A:99C6 X:99C6 Y:0001 S:036A D:0000 DB:C6 P:85 V:175 H:123
C907A9 $B3 $09         LDA ($09,S),Y [C60331] = $7E99  A:99C6 X:99C6 Y:0002 S:036A D:0000 DB:C6 P:05 V:175 H:126
C907AB $48             PHA                             A:7E99 X:99C6 Y:0002 S:036A D:0000 DB:C6 P:05 V:175 H:149
C907AC $AB             PLB                             A:7E99 X:99C6 Y:0002 S:0368 D:0000 DB:C6 P:05 V:175 H:156
C907AD $AB             PLB                             A:7E99 X:99C6 Y:0002 S:0369 D:0000 DB:99 P:85 V:175 H:163
C907AE $BD $00 $00     LDA $0000,X [7E99C6] = $0015    A:7E99 X:99C6 Y:0002 S:036A D:0000 DB:7E P:05 V:175 H:169
C907B1 $05 $40         ORA $40 [000040] = $0010        A:0015 X:99C6 Y:0002 S:036A D:0000 DB:7E P:05 V:175 H:179
C907B3 $9D $00 $00     STA $0000,X [7E99C6] = $0015    A:0015 X:99C6 Y:0002 S:036A D:0000 DB:7E P:05 V:175 H:186
C907B6 $BD $01 $00     LDA $0001,X [7E99C7] = $0000    A:0015 X:99C6 Y:0002 S:036A D:0000 DB:7E P:05 V:175 H:196
C907B9 $05 $41         ORA $41 [000041] = $0000        A:0000 X:99C6 Y:0002 S:036A D:0000 DB:7E P:07 V:175 H:206
C907BB $9D $01 $00     STA $0001,X [7E99C7] = $0000    A:0000 X:99C6 Y:0002 S:036A D:0000 DB:7E P:07 V:175 H:213
C907BE $A3 $09         LDA $09,S [000373] = $032F      A:0000 X:99C6 Y:0002 S:036A D:0000 DB:7E P:07 V:175 H:223
C907C0 $18             CLC                             A:032F X:99C6 Y:0002 S:036A D:0000 DB:7E P:05 V:175 H:232
C907C1 $69 $06 $00     ADC #$0006                      A:032F X:99C6 Y:0002 S:036A D:0000 DB:7E P:04 V:175 H:235
C907C4 $83 $09         STA $09,S [000373] = $032F      A:0335 X:99C6 Y:0002 S:036A D:0000 DB:7E P:04 V:175 H:239
C907C6 $7A             PLY                             A:0335 X:99C6 Y:0002 S:036A D:0000 DB:7E P:04 V:175 H:248
C907C7 $FA             PLX                             A:0335 X:99C6 Y:4F8E S:036C D:0000 DB:7E P:04 V:175 H:256
C907C8 $AB             PLB                             A:0335 X:0004 Y:4F8E S:036E D:0000 DB:7E P:04 V:175 H:265
C907C9 $68             PLA                             A:0335 X:0004 Y:4F8E S:036F D:0000 DB:7E P:04 V:175 H:271
C907CA $28             PLP                             A:0000 X:0004 Y:4F8E S:0371 D:0000 DB:7E P:06 V:175 H:320
C907CB $6B             RTL                             A:0000 X:0004 Y:4F8E S:0372 D:0000 DB:7E P:07 V:175 H:326
C60336 $AE $F7 $99     LDX $99F7 [7E99F7] = $0008      A:0000 X:0004 Y:4F8E S:0375 D:0000 DB:7E P:07 V:175 H:336
C60339 $22 $72 $05 $C9 JSL $C90572                     A:0000 X:0008 Y:4F8E S:0375 D:0000 DB:7E P:05 V:176 H:4  
C90572 $08             PHP                             A:0000 X:0008 Y:4F8E S:0372 D:0000 DB:7E P:05 V:176 H:18 
C90573 $8B             PHB                             A:0000 X:0008 Y:4F8E S:0371 D:0000 DB:7E P:05 V:176 H:23 
C90574 $78             SEI                             A:0000 X:0008 Y:4F8E S:0370 D:0000 DB:7E P:05 V:176 H:28 
C90575 $C2 $30         REP #$30                        A:0000 X:0008 Y:4F8E S:0370 D:0000 DB:7E P:05 V:176 H:31 
C90577 $48             PHA                             A:0000 X:0008 Y:4F8E S:0370 D:0000 DB:7E P:05 V:176 H:35 
C90578 $DA             PHX                             A:0000 X:0008 Y:4F8E S:036E D:0000 DB:7E P:05 V:176 H:42 
C90579 $5A             PHY                             A:0000 X:0008 Y:4F8E S:036C D:0000 DB:7E P:05 V:176 H:49 
C9057A $86 $40         STX $40 [000040] = $0010        A:0000 X:0008 Y:4F8E S:036A D:0000 DB:7E P:05 V:176 H:56 
C9057C $E2 $30         SEP #$30                        A:0000 X:0008 Y:4F8E S:036A D:0000 DB:7E P:05 V:176 H:63 
C9057E $A3 $0B         LDA $0B,S [000375] = $C6        A:0000 X:0008 Y:008E S:036A D:0000 DB:7E P:35 V:176 H:68 
C90580 $48             PHA                             A:00C6 X:0008 Y:008E S:036A D:0000 DB:7E P:B5 V:176 H:74 
C90581 $AB             PLB                             A:00C6 X:0008 Y:008E S:0369 D:0000 DB:7E P:B5 V:176 H:79 
C90582 $A0 $01         LDY #$01                        A:00C6 X:0008 Y:008E S:036A D:0000 DB:C6 P:B5 V:176 H:86 
C90584 $B3 $09         LDA ($09,S),Y [C6033D] = $00    A:00C6 X:0008 Y:0001 S:036A D:0000 DB:C6 P:35 V:176 H:89 
C90586 $F0 $03         BEQ $C9058B                     A:0000 X:0008 Y:0001 S:036A D:0000 DB:C6 P:37 V:176 H:100
C9058B $C2 $20         REP #$20                        A:0000 X:0008 Y:0001 S:036A D:0000 DB:C6 P:37 V:176 H:105
C9058D $A0 $02         LDY #$02                        A:0000 X:0008 Y:0001 S:036A D:0000 DB:C6 P:17 V:176 H:109
C9058F $B3 $09         LDA ($09,S),Y [C6033E] = $0009  A:0000 X:0008 Y:0002 S:036A D:0000 DB:C6 P:15 V:176 H:112
C90591 $A2 $40         LDX #$40                        A:0009 X:0008 Y:0002 S:036A D:0000 DB:C6 P:15 V:176 H:125
C90593 $22 $46 $11 $C0 JSL $C01146                     A:0009 X:0040 Y:0002 S:036A D:0000 DB:C6 P:15 V:176 H:128
C01146 $08             PHP                             A:0009 X:0040 Y:0002 S:0367 D:0000 DB:C6 P:15 V:176 H:152
C01147 $E2 $20         SEP #$20                        A:0009 X:0040 Y:0002 S:0366 D:0000 DB:C6 P:15 V:176 H:157
C01149 $48             PHA                             A:0009 X:0040 Y:0002 S:0366 D:0000 DB:C6 P:35 V:176 H:161
C0114A $EB             XBA                             A:0009 X:0040 Y:0002 S:0365 D:0000 DB:C6 P:35 V:176 H:166
C0114B $48             PHA                             A:0900 X:0040 Y:0002 S:0365 D:0000 DB:C6 P:37 V:176 H:171
C0114C $B5 $01         LDA $01,X [000041] = $00        A:0900 X:0040 Y:0002 S:0364 D:0000 DB:C6 P:37 V:176 H:176
C0114E $48             PHA                             A:0900 X:0040 Y:0002 S:0364 D:0000 DB:C6 P:37 V:176 H:182
C0114F $A3 $03         LDA $03,S [000366] = $09        A:0900 X:0040 Y:0002 S:0363 D:0000 DB:C6 P:37 V:176 H:187
C01151 $EB             XBA                             A:0909 X:0040 Y:0002 S:0363 D:0000 DB:C6 P:35 V:176 H:194
C01152 $B5 $00         LDA $00,X [000040] = $08        A:0909 X:0040 Y:0002 S:0363 D:0000 DB:C6 P:35 V:176 H:198
C01154 $48             PHA                             A:0908 X:0040 Y:0002 S:0363 D:0000 DB:C6 P:35 V:176 H:205
C01155 $8F $02 $42 $00 STA $004202                     A:0908 X:0040 Y:0002 S:0362 D:0000 DB:C6 P:35 V:176 H:210
C01159 $EB             XBA                             A:0908 X:0040 Y:0002 S:0362 D:0000 DB:C6 P:35 V:176 H:217
C0115A $8F $03 $42 $00 STA $004203                     A:0809 X:0040 Y:0002 S:0362 D:0000 DB:C6 P:35 V:176 H:222
C0115E $EA             NOP                             A:0809 X:0040 Y:0002 S:0362 D:0000 DB:C6 P:35 V:176 H:229
C0115F $EA             NOP                             A:0809 X:0040 Y:0002 S:0362 D:0000 DB:C6 P:35 V:176 H:232
C01160 $EA             NOP                             A:0809 X:0040 Y:0002 S:0362 D:0000 DB:C6 P:35 V:176 H:235
C01161 $EA             NOP                             A:0809 X:0040 Y:0002 S:0362 D:0000 DB:C6 P:35 V:176 H:238
C01162 $AF $16 $42 $00 LDA $004216                     A:0809 X:0040 Y:0002 S:0362 D:0000 DB:C6 P:35 V:176 H:241
C01166 $95 $00         STA $00,X [000040] = $08        A:0848 X:0040 Y:0002 S:0362 D:0000 DB:C6 P:35 V:176 H:249
C01168 $AF $17 $42 $00 LDA $004217                     A:0848 X:0040 Y:0002 S:0362 D:0000 DB:C6 P:35 V:176 H:255
C0116C $95 $01         STA $01,X [000041] = $00        A:0800 X:0040 Y:0002 S:0362 D:0000 DB:C6 P:37 V:176 H:263
C0116E $68             PLA                             A:0800 X:0040 Y:0002 S:0362 D:0000 DB:C6 P:37 V:176 H:269
C0116F $EB             XBA                             A:0808 X:0040 Y:0002 S:0363 D:0000 DB:C6 P:35 V:176 H:276
C01170 $A3 $02         LDA $02,S [000365] = $00        A:0808 X:0040 Y:0002 S:0363 D:0000 DB:C6 P:35 V:176 H:322
C01172 $8F $02 $42 $00 STA $004202                     A:0800 X:0040 Y:0002 S:0363 D:0000 DB:C6 P:37 V:176 H:328
C01176 $EB             XBA                             A:0800 X:0040 Y:0002 S:0363 D:0000 DB:C6 P:37 V:176 H:335
C01177 $8F $03 $42 $00 STA $004203                     A:0008 X:0040 Y:0002 S:0363 D:0000 DB:C6 P:35 V:177 H:0  
C0117B $EA             NOP                             A:0008 X:0040 Y:0002 S:0363 D:0000 DB:C6 P:35 V:177 H:7  
C0117C $EA             NOP                             A:0008 X:0040 Y:0002 S:0363 D:0000 DB:C6 P:35 V:177 H:10 
C0117D $EA             NOP                             A:0008 X:0040 Y:0002 S:0363 D:0000 DB:C6 P:35 V:177 H:13 
C0117E $EA             NOP                             A:0008 X:0040 Y:0002 S:0363 D:0000 DB:C6 P:35 V:177 H:16 
C0117F $AF $16 $42 $00 LDA $004216                     A:0008 X:0040 Y:0002 S:0363 D:0000 DB:C6 P:35 V:177 H:19 
C01183 $18             CLC                             A:0000 X:0040 Y:0002 S:0363 D:0000 DB:C6 P:37 V:177 H:27 
C01184 $75 $01         ADC $01,X [000041] = $00        A:0000 X:0040 Y:0002 S:0363 D:0000 DB:C6 P:36 V:177 H:30 
C01186 $95 $01         STA $01,X [000041] = $00        A:0000 X:0040 Y:0002 S:0363 D:0000 DB:C6 P:36 V:177 H:36 
C01188 $AF $17 $42 $00 LDA $004217                     A:0000 X:0040 Y:0002 S:0363 D:0000 DB:C6 P:36 V:177 H:43 
C0118C $69 $00         ADC #$00                        A:0000 X:0040 Y:0002 S:0363 D:0000 DB:C6 P:36 V:177 H:50 
C0118E $95 $02         STA $02,X [000042] = $00        A:0000 X:0040 Y:0002 S:0363 D:0000 DB:C6 P:36 V:177 H:53 
C01190 $A3 $01         LDA $01,S [000364] = $00        A:0000 X:0040 Y:0002 S:0363 D:0000 DB:C6 P:36 V:177 H:60 
C01192 $EB             XBA                             A:0000 X:0040 Y:0002 S:0363 D:0000 DB:C6 P:36 V:177 H:66 
C01193 $A3 $03         LDA $03,S [000366] = $09        A:0000 X:0040 Y:0002 S:0363 D:0000 DB:C6 P:36 V:177 H:71 
C01195 $8F $02 $42 $00 STA $004202                     A:0009 X:0040 Y:0002 S:0363 D:0000 DB:C6 P:34 V:177 H:77 
C01199 $EB             XBA                             A:0009 X:0040 Y:0002 S:0363 D:0000 DB:C6 P:34 V:177 H:85 
C0119A $8F $03 $42 $00 STA $004203                     A:0900 X:0040 Y:0002 S:0363 D:0000 DB:C6 P:36 V:177 H:89 
C0119E $EA             NOP                             A:0900 X:0040 Y:0002 S:0363 D:0000 DB:C6 P:36 V:177 H:97 
C0119F $EA             NOP                             A:0900 X:0040 Y:0002 S:0363 D:0000 DB:C6 P:36 V:177 H:100
C011A0 $EA             NOP                             A:0900 X:0040 Y:0002 S:0363 D:0000 DB:C6 P:36 V:177 H:103
C011A1 $EA             NOP                             A:0900 X:0040 Y:0002 S:0363 D:0000 DB:C6 P:36 V:177 H:106
C011A2 $AF $16 $42 $00 LDA $004216                     A:0900 X:0040 Y:0002 S:0363 D:0000 DB:C6 P:36 V:177 H:109
C011A6 $18             CLC                             A:0900 X:0040 Y:0002 S:0363 D:0000 DB:C6 P:36 V:177 H:116
C011A7 $75 $01         ADC $01,X [000041] = $00        A:0900 X:0040 Y:0002 S:0363 D:0000 DB:C6 P:36 V:177 H:119
C011A9 $95 $01         STA $01,X [000041] = $00        A:0900 X:0040 Y:0002 S:0363 D:0000 DB:C6 P:36 V:177 H:126
C011AB $AF $17 $42 $00 LDA $004217                     A:0900 X:0040 Y:0002 S:0363 D:0000 DB:C6 P:36 V:177 H:132
C011AF $75 $02         ADC $02,X [000042] = $00        A:0900 X:0040 Y:0002 S:0363 D:0000 DB:C6 P:36 V:177 H:150
C011B1 $95 $02         STA $02,X [000042] = $00        A:0900 X:0040 Y:0002 S:0363 D:0000 DB:C6 P:36 V:177 H:156
C011B3 $A9 $00         LDA #$00                        A:0900 X:0040 Y:0002 S:0363 D:0000 DB:C6 P:36 V:177 H:163
C011B5 $2A             ROL                             A:0900 X:0040 Y:0002 S:0363 D:0000 DB:C6 P:36 V:177 H:166
C011B6 $95 $03         STA $03,X [000043] = $00        A:0900 X:0040 Y:0002 S:0363 D:0000 DB:C6 P:36 V:177 H:169
C011B8 $A3 $01         LDA $01,S [000364] = $00        A:0900 X:0040 Y:0002 S:0363 D:0000 DB:C6 P:36 V:177 H:175
C011BA $EB             XBA                             A:0900 X:0040 Y:0002 S:0363 D:0000 DB:C6 P:36 V:177 H:182
C011BB $A3 $02         LDA $02,S [000365] = $00        A:0009 X:0040 Y:0002 S:0363 D:0000 DB:C6 P:34 V:177 H:186
C011BD $8F $02 $42 $00 STA $004202                     A:0000 X:0040 Y:0002 S:0363 D:0000 DB:C6 P:36 V:177 H:193
C011C1 $EB             XBA                             A:0000 X:0040 Y:0002 S:0363 D:0000 DB:C6 P:36 V:177 H:200
C011C2 $8F $03 $42 $00 STA $004203                     A:0000 X:0040 Y:0002 S:0363 D:0000 DB:C6 P:36 V:177 H:205
C011C6 $EA             NOP                             A:0000 X:0040 Y:0002 S:0363 D:0000 DB:C6 P:36 V:177 H:212
C011C7 $EA             NOP                             A:0000 X:0040 Y:0002 S:0363 D:0000 DB:C6 P:36 V:177 H:215
C011C8 $EA             NOP                             A:0000 X:0040 Y:0002 S:0363 D:0000 DB:C6 P:36 V:177 H:218
C011C9 $EA             NOP                             A:0000 X:0040 Y:0002 S:0363 D:0000 DB:C6 P:36 V:177 H:221
C011CA $AF $16 $42 $00 LDA $004216                     A:0000 X:0040 Y:0002 S:0363 D:0000 DB:C6 P:36 V:177 H:224
C011CE $18             CLC                             A:0000 X:0040 Y:0002 S:0363 D:0000 DB:C6 P:36 V:177 H:232
C011CF $75 $02         ADC $02,X [000042] = $00        A:0000 X:0040 Y:0002 S:0363 D:0000 DB:C6 P:36 V:177 H:235
C011D1 $95 $02         STA $02,X [000042] = $00        A:0000 X:0040 Y:0002 S:0363 D:0000 DB:C6 P:36 V:177 H:241
C011D3 $AF $17 $42 $00 LDA $004217                     A:0000 X:0040 Y:0002 S:0363 D:0000 DB:C6 P:36 V:177 H:248
C011D7 $75 $03         ADC $03,X [000043] = $00        A:0000 X:0040 Y:0002 S:0363 D:0000 DB:C6 P:36 V:177 H:255
C011D9 $95 $03         STA $03,X [000043] = $00        A:0000 X:0040 Y:0002 S:0363 D:0000 DB:C6 P:36 V:177 H:262
C011DB $68             PLA                             A:0000 X:0040 Y:0002 S:0363 D:0000 DB:C6 P:36 V:177 H:268
C011DC $68             PLA                             A:0000 X:0040 Y:0002 S:0364 D:0000 DB:C6 P:36 V:177 H:275
C011DD $EB             XBA                             A:0000 X:0040 Y:0002 S:0365 D:0000 DB:C6 P:36 V:177 H:298
C011DE $68             PLA                             A:0000 X:0040 Y:0002 S:0365 D:0000 DB:C6 P:36 V:177 H:302
C011DF $28             PLP                             A:0009 X:0040 Y:0002 S:0366 D:0000 DB:C6 P:34 V:177 H:309
C011E0 $6B             RTL                             A:0009 X:0040 Y:0002 S:0367 D:0000 DB:C6 P:15 V:177 H:315
C90597 $A0 $04         LDY #$04                        A:0009 X:0040 Y:0002 S:036A D:0000 DB:C6 P:15 V:177 H:325
C90599 $B3 $09         LDA ($09,S),Y [C60340] = $A6D4  A:0009 X:0040 Y:0004 S:036A D:0000 DB:C6 P:15 V:177 H:328
C9059B $A0 $07         LDY #$07                        A:A6D4 X:0040 Y:0004 S:036A D:0000 DB:C6 P:95 V:178 H:1  
C9059D $18             CLC                             A:A6D4 X:0040 Y:0007 S:036A D:0000 DB:C6 P:15 V:178 H:4  
C9059E $73 $09         ADC ($09,S),Y [C60343] = $0006  A:A6D4 X:0040 Y:0007 S:036A D:0000 DB:C6 P:14 V:178 H:7  
C905A0 $90 $03         BCC $C905A5                     A:A6DA X:0040 Y:0007 S:036A D:0000 DB:C6 P:94 V:178 H:20 
C905A5 $65 $40         ADC $40 [000040] = $0048        A:A6DA X:0040 Y:0007 S:036A D:0000 DB:C6 P:94 V:178 H:24 
C905A7 $85 $40         STA $40 [000040] = $0048        A:A722 X:0040 Y:0007 S:036A D:0000 DB:C6 P:94 V:178 H:31 
C905A9 $90 $02         BCC $C905AD                     A:A722 X:0040 Y:0007 S:036A D:0000 DB:C6 P:94 V:178 H:38 
C905AD $E2 $20         SEP #$20                        A:A722 X:0040 Y:0007 S:036A D:0000 DB:C6 P:94 V:178 H:43 
C905AF $A0 $06         LDY #$06                        A:A722 X:0040 Y:0007 S:036A D:0000 DB:C6 P:B4 V:178 H:47 
C905B1 $B3 $09         LDA ($09,S),Y [C60342] = $C8    A:A722 X:0040 Y:0006 S:036A D:0000 DB:C6 P:34 V:178 H:50 
C905B3 $18             CLC                             A:A7C8 X:0040 Y:0006 S:036A D:0000 DB:C6 P:B4 V:178 H:62 
C905B4 $65 $42         ADC $42 [000042] = $00          A:A7C8 X:0040 Y:0006 S:036A D:0000 DB:C6 P:B4 V:178 H:65 
C905B6 $85 $42         STA $42 [000042] = $00          A:A7C8 X:0040 Y:0006 S:036A D:0000 DB:C6 P:B4 V:178 H:70 
C905B8 $C2 $30         REP #$30                        A:A7C8 X:0040 Y:0006 S:036A D:0000 DB:C6 P:B4 V:178 H:75 
C905BA $A7 $40         LDA [$40] [C8A722] = $29CF      A:A7C8 X:0040 Y:0006 S:036A D:0000 DB:C6 P:84 V:178 H:79 
C905BC $AA             TAX                             A:29CF X:0040 Y:0006 S:036A D:0000 DB:C6 P:04 V:178 H:91 
C905BD $A0 $01 $00     LDY #$0001                      A:29CF X:29CF Y:0006 S:036A D:0000 DB:C6 P:04 V:178 H:94 
C905C0 $B7 $40         LDA [$40],Y [C8A723] = $0029    A:29CF X:29CF Y:0001 S:036A D:0000 DB:C6 P:04 V:178 H:99 
C905C2 $85 $41         STA $41 [000041] = $C8A7        A:0029 X:29CF Y:0001 S:036A D:0000 DB:C6 P:04 V:178 H:111
C905C4 $8A             TXA                             A:0029 X:29CF Y:0001 S:036A D:0000 DB:C6 P:04 V:178 H:118
C905C5 $85 $40         STA $40 [000040] = $2922        A:29CF X:29CF Y:0001 S:036A D:0000 DB:C6 P:04 V:178 H:121
C905C7 $A0 $0A $00     LDY #$000A                      A:29CF X:29CF Y:0001 S:036A D:0000 DB:C6 P:04 V:178 H:128
C905CA $B3 $09         LDA ($09,S),Y [C60346] = $0000  A:29CF X:29CF Y:000A S:036A D:0000 DB:C6 P:04 V:178 H:132
C905CC $29 $00 $FF     AND #$FF00                      A:0000 X:29CF Y:000A S:036A D:0000 DB:C6 P:06 V:178 H:155
C905CF $D0 $14         BNE $C905E5                     A:0000 X:29CF Y:000A S:036A D:0000 DB:C6 P:06 V:178 H:160
C905D1 $A5 $40         LDA $40 [000040] = $29CF        A:0000 X:29CF Y:000A S:036A D:0000 DB:C6 P:06 V:178 H:163
C905D3 $A0 $09 $00     LDY #$0009                      A:29CF X:29CF Y:000A S:036A D:0000 DB:C6 P:04 V:178 H:170
C905D6 $33 $09         AND ($09,S),Y [C60345] = $0040  A:29CF X:29CF Y:0009 S:036A D:0000 DB:C6 P:04 V:178 H:174
C905D8 $85 $40         STA $40 [000040] = $29CF        A:0040 X:29CF Y:0009 S:036A D:0000 DB:C6 P:04 V:178 H:187
C905DA $B3 $09         LDA ($09,S),Y [C60345] = $0040  A:0040 X:29CF Y:0009 S:036A D:0000 DB:C6 P:04 V:178 H:194
C905DC $F0 $22         BEQ $C90600                     A:0040 X:29CF Y:0009 S:036A D:0000 DB:C6 P:04 V:178 H:207
C905DE $4A             LSR                             A:0040 X:29CF Y:0009 S:036A D:0000 DB:C6 P:04 V:178 H:210
C905DF $B0 $1F         BCS $C90600                     A:0020 X:29CF Y:0009 S:036A D:0000 DB:C6 P:04 V:178 H:213
C905E1 $46 $40         LSR $40 [000040] = $0040        A:0020 X:29CF Y:0009 S:036A D:0000 DB:C6 P:04 V:178 H:216
C905E3 $80 $F9         BRA $C905DE                     A:0020 X:29CF Y:0009 S:036A D:0000 DB:C6 P:04 V:178 H:229
C905DE $4A             LSR                             A:0020 X:29CF Y:0009 S:036A D:0000 DB:C6 P:04 V:178 H:233
C905DF $B0 $1F         BCS $C90600                     A:0010 X:29CF Y:0009 S:036A D:0000 DB:C6 P:04 V:178 H:236
C905E1 $46 $40         LSR $40 [000040] = $0020        A:0010 X:29CF Y:0009 S:036A D:0000 DB:C6 P:04 V:178 H:239
C905E3 $80 $F9         BRA $C905DE                     A:0010 X:29CF Y:0009 S:036A D:0000 DB:C6 P:04 V:178 H:252
C905DE $4A             LSR                             A:0010 X:29CF Y:0009 S:036A D:0000 DB:C6 P:04 V:178 H:256
C905DF $B0 $1F         BCS $C90600                     A:0008 X:29CF Y:0009 S:036A D:0000 DB:C6 P:04 V:178 H:259
C905E1 $46 $40         LSR $40 [000040] = $0010        A:0008 X:29CF Y:0009 S:036A D:0000 DB:C6 P:04 V:178 H:262
C905E3 $80 $F9         BRA $C905DE                     A:0008 X:29CF Y:0009 S:036A D:0000 DB:C6 P:04 V:178 H:275
C905DE $4A             LSR                             A:0008 X:29CF Y:0009 S:036A D:0000 DB:C6 P:04 V:178 H:296
C905DF $B0 $1F         BCS $C90600                     A:0004 X:29CF Y:0009 S:036A D:0000 DB:C6 P:04 V:178 H:299
C905E1 $46 $40         LSR $40 [000040] = $0008        A:0004 X:29CF Y:0009 S:036A D:0000 DB:C6 P:04 V:178 H:302
C905E3 $80 $F9         BRA $C905DE                     A:0004 X:29CF Y:0009 S:036A D:0000 DB:C6 P:04 V:178 H:314
C905DE $4A             LSR                             A:0004 X:29CF Y:0009 S:036A D:0000 DB:C6 P:04 V:178 H:319
C905DF $B0 $1F         BCS $C90600                     A:0002 X:29CF Y:0009 S:036A D:0000 DB:C6 P:04 V:178 H:322
C905E1 $46 $40         LSR $40 [000040] = $0004        A:0002 X:29CF Y:0009 S:036A D:0000 DB:C6 P:04 V:178 H:324
C905E3 $80 $F9         BRA $C905DE                     A:0002 X:29CF Y:0009 S:036A D:0000 DB:C6 P:04 V:178 H:336
C905DE $4A             LSR                             A:0002 X:29CF Y:0009 S:036A D:0000 DB:C6 P:04 V:179 H:1  
C905DF $B0 $1F         BCS $C90600                     A:0001 X:29CF Y:0009 S:036A D:0000 DB:C6 P:04 V:179 H:4  
C905E1 $46 $40         LSR $40 [000040] = $0002        A:0001 X:29CF Y:0009 S:036A D:0000 DB:C6 P:04 V:179 H:7  
C905E3 $80 $F9         BRA $C905DE                     A:0001 X:29CF Y:0009 S:036A D:0000 DB:C6 P:04 V:179 H:19 
C905DE $4A             LSR                             A:0001 X:29CF Y:0009 S:036A D:0000 DB:C6 P:04 V:179 H:24 
C905DF $B0 $1F         BCS $C90600                     A:0000 X:29CF Y:0009 S:036A D:0000 DB:C6 P:07 V:179 H:27 
C90600 $A3 $09         LDA $09,S [000373] = $033C      A:0000 X:29CF Y:0009 S:036A D:0000 DB:C6 P:07 V:179 H:31 
C90602 $18             CLC                             A:033C X:29CF Y:0009 S:036A D:0000 DB:C6 P:05 V:179 H:40 
C90603 $69 $0B $00     ADC #$000B                      A:033C X:29CF Y:0009 S:036A D:0000 DB:C6 P:04 V:179 H:43 
C90606 $83 $09         STA $09,S [000373] = $033C      A:0347 X:29CF Y:0009 S:036A D:0000 DB:C6 P:04 V:179 H:47 
C90608 $7A             PLY                             A:0347 X:29CF Y:0009 S:036A D:0000 DB:C6 P:04 V:179 H:56 
C90609 $FA             PLX                             A:0347 X:29CF Y:4F8E S:036C D:0000 DB:C6 P:04 V:179 H:64 
C9060A $68             PLA                             A:0347 X:0008 Y:4F8E S:036E D:0000 DB:C6 P:04 V:179 H:73 
C9060B $AB             PLB                             A:0000 X:0008 Y:4F8E S:0370 D:0000 DB:C6 P:06 V:179 H:81 
C9060C $28             PLP                             A:0000 X:0008 Y:4F8E S:0371 D:0000 DB:7E P:04 V:179 H:88 
C9060D $A5 $40         LDA $40 [000040] = $0001        A:0000 X:0008 Y:4F8E S:0372 D:0000 DB:7E P:05 V:179 H:94 
C9060F $6B             RTL                             A:0001 X:0008 Y:4F8E S:0372 D:0000 DB:7E P:05 V:179 H:101
C60348 $C9 $00 $00     CMP #$0000                      A:0001 X:0008 Y:4F8E S:0375 D:0000 DB:7E P:05 V:179 H:112
C6034B $F0 $0A         BEQ $C60357                     A:0001 X:0008 Y:4F8E S:0375 D:0000 DB:7E P:05 V:179 H:116
C6034D $22 $89 $07 $C9 JSL $C90789                     A:0001 X:0008 Y:4F8E S:0375 D:0000 DB:7E P:05 V:179 H:119
C90789 $08             PHP                             A:0001 X:0008 Y:4F8E S:0372 D:0000 DB:7E P:05 V:179 H:133
C9078A $78             SEI                             A:0001 X:0008 Y:4F8E S:0371 D:0000 DB:7E P:05 V:179 H:148
C9078B $C2 $30         REP #$30                        A:0001 X:0008 Y:4F8E S:0371 D:0000 DB:7E P:05 V:179 H:151
C9078D $48             PHA                             A:0001 X:0008 Y:4F8E S:0371 D:0000 DB:7E P:05 V:179 H:155
C9078E $8B             PHB                             A:0001 X:0008 Y:4F8E S:036F D:0000 DB:7E P:05 V:179 H:162
C9078F $DA             PHX                             A:0001 X:0008 Y:4F8E S:036E D:0000 DB:7E P:05 V:179 H:167
C90790 $5A             PHY                             A:0001 X:0008 Y:4F8E S:036C D:0000 DB:7E P:05 V:179 H:174
C90791 $A3 $0A         LDA $0A,S [000374] = $C603      A:0001 X:0008 Y:4F8E S:036A D:0000 DB:7E P:05 V:179 H:181
C90793 $48             PHA                             A:C603 X:0008 Y:4F8E S:036A D:0000 DB:7E P:85 V:179 H:190
C90794 $AB             PLB                             A:C603 X:0008 Y:4F8E S:0368 D:0000 DB:7E P:85 V:179 H:197
C90795 $AB             PLB                             A:C603 X:0008 Y:4F8E S:0369 D:0000 DB:03 P:05 V:179 H:203
C90796 $A0 $04 $00     LDY #$0004                      A:C603 X:0008 Y:4F8E S:036A D:0000 DB:C6 P:85 V:179 H:210
C90799 $B3 $09         LDA ($09,S),Y [C60354] = $0040  A:C603 X:0008 Y:0004 S:036A D:0000 DB:C6 P:05 V:179 H:214
C9079B $85 $40         STA $40 [000040] = $0001        A:0040 X:0008 Y:0004 S:036A D:0000 DB:C6 P:05 V:179 H:227
C9079D $C8             INY                             A:0040 X:0008 Y:0004 S:036A D:0000 DB:C6 P:05 V:179 H:234
C9079E $B3 $09         LDA ($09,S),Y [C60355] = $0000  A:0040 X:0008 Y:0005 S:036A D:0000 DB:C6 P:05 V:179 H:237
C907A0 $85 $41         STA $41 [000041] = $0000        A:0000 X:0008 Y:0005 S:036A D:0000 DB:C6 P:07 V:179 H:250
C907A2 $A0 $01 $00     LDY #$0001                      A:0000 X:0008 Y:0005 S:036A D:0000 DB:C6 P:07 V:179 H:257
C907A5 $B3 $09         LDA ($09,S),Y [C60351] = $99C5  A:0000 X:0008 Y:0001 S:036A D:0000 DB:C6 P:05 V:179 H:262
C907A7 $AA             TAX                             A:99C5 X:0008 Y:0001 S:036A D:0000 DB:C6 P:85 V:179 H:275
C907A8 $C8             INY                             A:99C5 X:99C5 Y:0001 S:036A D:0000 DB:C6 P:85 V:179 H:294
C907A9 $B3 $09         LDA ($09,S),Y [C60352] = $7E99  A:99C5 X:99C5 Y:0002 S:036A D:0000 DB:C6 P:05 V:179 H:297
C907AB $48             PHA                             A:7E99 X:99C5 Y:0002 S:036A D:0000 DB:C6 P:05 V:179 H:310
C907AC $AB             PLB                             A:7E99 X:99C5 Y:0002 S:0368 D:0000 DB:C6 P:05 V:179 H:317
C907AD $AB             PLB                             A:7E99 X:99C5 Y:0002 S:0369 D:0000 DB:99 P:85 V:179 H:323
C907AE $BD $00 $00     LDA $0000,X [7E99C5] = $150C    A:7E99 X:99C5 Y:0002 S:036A D:0000 DB:7E P:05 V:179 H:329
C907B1 $05 $40         ORA $40 [000040] = $0040        A:150C X:99C5 Y:0002 S:036A D:0000 DB:7E P:05 V:179 H:339
C907B3 $9D $00 $00     STA $0000,X [7E99C5] = $150C    A:154C X:99C5 Y:0002 S:036A D:0000 DB:7E P:05 V:180 H:6  
C907B6 $BD $01 $00     LDA $0001,X [7E99C6] = $0015    A:154C X:99C5 Y:0002 S:036A D:0000 DB:7E P:05 V:180 H:16 
C907B9 $05 $41         ORA $41 [000041] = $0000        A:0015 X:99C5 Y:0002 S:036A D:0000 DB:7E P:05 V:180 H:26 
C907BB $9D $01 $00     STA $0001,X [7E99C6] = $0015    A:0015 X:99C5 Y:0002 S:036A D:0000 DB:7E P:05 V:180 H:33 
C907BE $A3 $09         LDA $09,S [000373] = $0350      A:0015 X:99C5 Y:0002 S:036A D:0000 DB:7E P:05 V:180 H:43 
C907C0 $18             CLC                             A:0350 X:99C5 Y:0002 S:036A D:0000 DB:7E P:05 V:180 H:52 
C907C1 $69 $06 $00     ADC #$0006                      A:0350 X:99C5 Y:0002 S:036A D:0000 DB:7E P:04 V:180 H:55 
C907C4 $83 $09         STA $09,S [000373] = $0350      A:0356 X:99C5 Y:0002 S:036A D:0000 DB:7E P:04 V:180 H:59 
C907C6 $7A             PLY                             A:0356 X:99C5 Y:0002 S:036A D:0000 DB:7E P:04 V:180 H:68 
C907C7 $FA             PLX                             A:0356 X:99C5 Y:4F8E S:036C D:0000 DB:7E P:04 V:180 H:76 
C907C8 $AB             PLB                             A:0356 X:0008 Y:4F8E S:036E D:0000 DB:7E P:04 V:180 H:85 
C907C9 $68             PLA                             A:0356 X:0008 Y:4F8E S:036F D:0000 DB:7E P:04 V:180 H:91 
C907CA $28             PLP                             A:0001 X:0008 Y:4F8E S:0371 D:0000 DB:7E P:04 V:180 H:100
C907CB $6B             RTL                             A:0001 X:0008 Y:4F8E S:0372 D:0000 DB:7E P:05 V:180 H:106
C60357 $22 $72 $05 $C9 JSL $C90572                     A:0001 X:0008 Y:4F8E S:0375 D:0000 DB:7E P:05 V:180 H:117
C90572 $08             PHP                             A:0001 X:0008 Y:4F8E S:0372 D:0000 DB:7E P:05 V:180 H:130
C90573 $8B             PHB                             A:0001 X:0008 Y:4F8E S:0371 D:0000 DB:7E P:05 V:180 H:145
C90574 $78             SEI                             A:0001 X:0008 Y:4F8E S:0370 D:0000 DB:7E P:05 V:180 H:150
C90575 $C2 $30         REP #$30                        A:0001 X:0008 Y:4F8E S:0370 D:0000 DB:7E P:05 V:180 H:153
C90577 $48             PHA                             A:0001 X:0008 Y:4F8E S:0370 D:0000 DB:7E P:05 V:180 H:158
C90578 $DA             PHX                             A:0001 X:0008 Y:4F8E S:036E D:0000 DB:7E P:05 V:180 H:165
C90579 $5A             PHY                             A:0001 X:0008 Y:4F8E S:036C D:0000 DB:7E P:05 V:180 H:172
C9057A $86 $40         STX $40 [000040] = $0040        A:0001 X:0008 Y:4F8E S:036A D:0000 DB:7E P:05 V:180 H:179
C9057C $E2 $30         SEP #$30                        A:0001 X:0008 Y:4F8E S:036A D:0000 DB:7E P:05 V:180 H:186
C9057E $A3 $0B         LDA $0B,S [000375] = $C6        A:0001 X:0008 Y:008E S:036A D:0000 DB:7E P:35 V:180 H:190
C90580 $48             PHA                             A:00C6 X:0008 Y:008E S:036A D:0000 DB:7E P:B5 V:180 H:197
C90581 $AB             PLB                             A:00C6 X:0008 Y:008E S:0369 D:0000 DB:7E P:B5 V:180 H:202
C90582 $A0 $01         LDY #$01                        A:00C6 X:0008 Y:008E S:036A D:0000 DB:C6 P:B5 V:180 H:208
C90584 $B3 $09         LDA ($09,S),Y [C6035B] = $00    A:00C6 X:0008 Y:0001 S:036A D:0000 DB:C6 P:35 V:180 H:211
C90586 $F0 $03         BEQ $C9058B                     A:0000 X:0008 Y:0001 S:036A D:0000 DB:C6 P:37 V:180 H:223
C9058B $C2 $20         REP #$20                        A:0000 X:0008 Y:0001 S:036A D:0000 DB:C6 P:37 V:180 H:227
C9058D $A0 $02         LDY #$02                        A:0000 X:0008 Y:0001 S:036A D:0000 DB:C6 P:17 V:180 H:232
C9058F $B3 $09         LDA ($09,S),Y [C6035C] = $0009  A:0000 X:0008 Y:0002 S:036A D:0000 DB:C6 P:15 V:180 H:235
C90591 $A2 $40         LDX #$40                        A:0009 X:0008 Y:0002 S:036A D:0000 DB:C6 P:15 V:180 H:248
C90593 $22 $46 $11 $C0 JSL $C01146                     A:0009 X:0040 Y:0002 S:036A D:0000 DB:C6 P:15 V:180 H:251
C01146 $08             PHP                             A:0009 X:0040 Y:0002 S:0367 D:0000 DB:C6 P:15 V:180 H:264
C01147 $E2 $20         SEP #$20                        A:0009 X:0040 Y:0002 S:0366 D:0000 DB:C6 P:15 V:180 H:269
C01149 $48             PHA                             A:0009 X:0040 Y:0002 S:0366 D:0000 DB:C6 P:35 V:180 H:274
C0114A $EB             XBA                             A:0009 X:0040 Y:0002 S:0365 D:0000 DB:C6 P:35 V:180 H:295
C0114B $48             PHA                             A:0900 X:0040 Y:0002 S:0365 D:0000 DB:C6 P:37 V:180 H:299
C0114C $B5 $01         LDA $01,X [000041] = $00        A:0900 X:0040 Y:0002 S:0364 D:0000 DB:C6 P:37 V:180 H:304
C0114E $48             PHA                             A:0900 X:0040 Y:0002 S:0364 D:0000 DB:C6 P:37 V:180 H:311
C0114F $A3 $03         LDA $03,S [000366] = $09        A:0900 X:0040 Y:0002 S:0363 D:0000 DB:C6 P:37 V:180 H:316
C01151 $EB             XBA                             A:0909 X:0040 Y:0002 S:0363 D:0000 DB:C6 P:35 V:180 H:322
C01152 $B5 $00         LDA $00,X [000040] = $08        A:0909 X:0040 Y:0002 S:0363 D:0000 DB:C6 P:35 V:180 H:326
C01154 $48             PHA                             A:0908 X:0040 Y:0002 S:0363 D:0000 DB:C6 P:35 V:180 H:332
C01155 $8F $02 $42 $00 STA $004202                     A:0908 X:0040 Y:0002 S:0362 D:0000 DB:C6 P:35 V:180 H:337
C01159 $EB             XBA                             A:0908 X:0040 Y:0002 S:0362 D:0000 DB:C6 P:35 V:181 H:5  
C0115A $8F $03 $42 $00 STA $004203                     A:0809 X:0040 Y:0002 S:0362 D:0000 DB:C6 P:35 V:181 H:9  
C0115E $EA             NOP                             A:0809 X:0040 Y:0002 S:0362 D:0000 DB:C6 P:35 V:181 H:17 
C0115F $EA             NOP                             A:0809 X:0040 Y:0002 S:0362 D:0000 DB:C6 P:35 V:181 H:20 
C01160 $EA             NOP                             A:0809 X:0040 Y:0002 S:0362 D:0000 DB:C6 P:35 V:181 H:23 
C01161 $EA             NOP                             A:0809 X:0040 Y:0002 S:0362 D:0000 DB:C6 P:35 V:181 H:26 
C01162 $AF $16 $42 $00 LDA $004216                     A:0809 X:0040 Y:0002 S:0362 D:0000 DB:C6 P:35 V:181 H:29 
C01166 $95 $00         STA $00,X [000040] = $08        A:0848 X:0040 Y:0002 S:0362 D:0000 DB:C6 P:35 V:181 H:36 
C01168 $AF $17 $42 $00 LDA $004217                     A:0848 X:0040 Y:0002 S:0362 D:0000 DB:C6 P:35 V:181 H:43 
C0116C $95 $01         STA $01,X [000041] = $00        A:0800 X:0040 Y:0002 S:0362 D:0000 DB:C6 P:37 V:181 H:50 
C0116E $68             PLA                             A:0800 X:0040 Y:0002 S:0362 D:0000 DB:C6 P:37 V:181 H:57 
C0116F $EB             XBA                             A:0808 X:0040 Y:0002 S:0363 D:0000 DB:C6 P:35 V:181 H:63 
C01170 $A3 $02         LDA $02,S [000365] = $00        A:0808 X:0040 Y:0002 S:0363 D:0000 DB:C6 P:35 V:181 H:68 
C01172 $8F $02 $42 $00 STA $004202                     A:0800 X:0040 Y:0002 S:0363 D:0000 DB:C6 P:37 V:181 H:74 
C01176 $EB             XBA                             A:0800 X:0040 Y:0002 S:0363 D:0000 DB:C6 P:37 V:181 H:82 
C01177 $8F $03 $42 $00 STA $004203                     A:0008 X:0040 Y:0002 S:0363 D:0000 DB:C6 P:35 V:181 H:86 
C0117B $EA             NOP                             A:0008 X:0040 Y:0002 S:0363 D:0000 DB:C6 P:35 V:181 H:94 
C0117C $EA             NOP                             A:0008 X:0040 Y:0002 S:0363 D:0000 DB:C6 P:35 V:181 H:97 
C0117D $EA             NOP                             A:0008 X:0040 Y:0002 S:0363 D:0000 DB:C6 P:35 V:181 H:100
C0117E $EA             NOP                             A:0008 X:0040 Y:0002 S:0363 D:0000 DB:C6 P:35 V:181 H:103
C0117F $AF $16 $42 $00 LDA $004216                     A:0008 X:0040 Y:0002 S:0363 D:0000 DB:C6 P:35 V:181 H:106
C01183 $18             CLC                             A:0000 X:0040 Y:0002 S:0363 D:0000 DB:C6 P:37 V:181 H:113
C01184 $75 $01         ADC $01,X [000041] = $00        A:0000 X:0040 Y:0002 S:0363 D:0000 DB:C6 P:36 V:181 H:116
C01186 $95 $01         STA $01,X [000041] = $00        A:0000 X:0040 Y:0002 S:0363 D:0000 DB:C6 P:36 V:181 H:123
C01188 $AF $17 $42 $00 LDA $004217                     A:0000 X:0040 Y:0002 S:0363 D:0000 DB:C6 P:36 V:181 H:129
C0118C $69 $00         ADC #$00                        A:0000 X:0040 Y:0002 S:0363 D:0000 DB:C6 P:36 V:181 H:147
C0118E $95 $02         STA $02,X [000042] = $00        A:0000 X:0040 Y:0002 S:0363 D:0000 DB:C6 P:36 V:181 H:150
C01190 $A3 $01         LDA $01,S [000364] = $00        A:0000 X:0040 Y:0002 S:0363 D:0000 DB:C6 P:36 V:181 H:156
C01192 $EB             XBA                             A:0000 X:0040 Y:0002 S:0363 D:0000 DB:C6 P:36 V:181 H:163
C01193 $A3 $03         LDA $03,S [000366] = $09        A:0000 X:0040 Y:0002 S:0363 D:0000 DB:C6 P:36 V:181 H:167
C01195 $8F $02 $42 $00 STA $004202                     A:0009 X:0040 Y:0002 S:0363 D:0000 DB:C6 P:34 V:181 H:174
C01199 $EB             XBA                             A:0009 X:0040 Y:0002 S:0363 D:0000 DB:C6 P:34 V:181 H:181
C0119A $8F $03 $42 $00 STA $004203                     A:0900 X:0040 Y:0002 S:0363 D:0000 DB:C6 P:36 V:181 H:186
C0119E $EA             NOP                             A:0900 X:0040 Y:0002 S:0363 D:0000 DB:C6 P:36 V:181 H:193
C0119F $EA             NOP                             A:0900 X:0040 Y:0002 S:0363 D:0000 DB:C6 P:36 V:181 H:196
C011A0 $EA             NOP                             A:0900 X:0040 Y:0002 S:0363 D:0000 DB:C6 P:36 V:181 H:199
C011A1 $EA             NOP                             A:0900 X:0040 Y:0002 S:0363 D:0000 DB:C6 P:36 V:181 H:202
C011A2 $AF $16 $42 $00 LDA $004216                     A:0900 X:0040 Y:0002 S:0363 D:0000 DB:C6 P:36 V:181 H:205
C011A6 $18             CLC                             A:0900 X:0040 Y:0002 S:0363 D:0000 DB:C6 P:36 V:181 H:213
C011A7 $75 $01         ADC $01,X [000041] = $00        A:0900 X:0040 Y:0002 S:0363 D:0000 DB:C6 P:36 V:181 H:216
C011A9 $95 $01         STA $01,X [000041] = $00        A:0900 X:0040 Y:0002 S:0363 D:0000 DB:C6 P:36 V:181 H:222
C011AB $AF $17 $42 $00 LDA $004217                     A:0900 X:0040 Y:0002 S:0363 D:0000 DB:C6 P:36 V:181 H:229
C011AF $75 $02         ADC $02,X [000042] = $00        A:0900 X:0040 Y:0002 S:0363 D:0000 DB:C6 P:36 V:181 H:236
C011B1 $95 $02         STA $02,X [000042] = $00        A:0900 X:0040 Y:0002 S:0363 D:0000 DB:C6 P:36 V:181 H:243
C011B3 $A9 $00         LDA #$00                        A:0900 X:0040 Y:0002 S:0363 D:0000 DB:C6 P:36 V:181 H:249
C011B5 $2A             ROL                             A:0900 X:0040 Y:0002 S:0363 D:0000 DB:C6 P:36 V:181 H:252
C011B6 $95 $03         STA $03,X [000043] = $00        A:0900 X:0040 Y:0002 S:0363 D:0000 DB:C6 P:36 V:181 H:255
C011B8 $A3 $01         LDA $01,S [000364] = $00        A:0900 X:0040 Y:0002 S:0363 D:0000 DB:C6 P:36 V:181 H:262
C011BA $EB             XBA                             A:0900 X:0040 Y:0002 S:0363 D:0000 DB:C6 P:36 V:181 H:268
C011BB $A3 $02         LDA $02,S [000365] = $00        A:0009 X:0040 Y:0002 S:0363 D:0000 DB:C6 P:34 V:181 H:273
C011BD $8F $02 $42 $00 STA $004202                     A:0000 X:0040 Y:0002 S:0363 D:0000 DB:C6 P:36 V:181 H:297
C011C1 $EB             XBA                             A:0000 X:0040 Y:0002 S:0363 D:0000 DB:C6 P:36 V:181 H:305
C011C2 $8F $03 $42 $00 STA $004203                     A:0000 X:0040 Y:0002 S:0363 D:0000 DB:C6 P:36 V:181 H:309
C011C6 $EA             NOP                             A:0000 X:0040 Y:0002 S:0363 D:0000 DB:C6 P:36 V:181 H:317
C011C7 $EA             NOP                             A:0000 X:0040 Y:0002 S:0363 D:0000 DB:C6 P:36 V:181 H:320
C011C8 $EA             NOP                             A:0000 X:0040 Y:0002 S:0363 D:0000 DB:C6 P:36 V:181 H:323
C011C9 $EA             NOP                             A:0000 X:0040 Y:0002 S:0363 D:0000 DB:C6 P:36 V:181 H:325
C011CA $AF $16 $42 $00 LDA $004216                     A:0000 X:0040 Y:0002 S:0363 D:0000 DB:C6 P:36 V:181 H:328
C011CE $18             CLC                             A:0000 X:0040 Y:0002 S:0363 D:0000 DB:C6 P:36 V:181 H:335
C011CF $75 $02         ADC $02,X [000042] = $00        A:0000 X:0040 Y:0002 S:0363 D:0000 DB:C6 P:36 V:181 H:338
C011D1 $95 $02         STA $02,X [000042] = $00        A:0000 X:0040 Y:0002 S:0363 D:0000 DB:C6 P:36 V:182 H:5  
C011D3 $AF $17 $42 $00 LDA $004217                     A:0000 X:0040 Y:0002 S:0363 D:0000 DB:C6 P:36 V:182 H:11 
C011D7 $75 $03         ADC $03,X [000043] = $00        A:0000 X:0040 Y:0002 S:0363 D:0000 DB:C6 P:36 V:182 H:19 
C011D9 $95 $03         STA $03,X [000043] = $00        A:0000 X:0040 Y:0002 S:0363 D:0000 DB:C6 P:36 V:182 H:25 
C011DB $68             PLA                             A:0000 X:0040 Y:0002 S:0363 D:0000 DB:C6 P:36 V:182 H:32 
C011DC $68             PLA                             A:0000 X:0040 Y:0002 S:0364 D:0000 DB:C6 P:36 V:182 H:38 
C011DD $EB             XBA                             A:0000 X:0040 Y:0002 S:0365 D:0000 DB:C6 P:36 V:182 H:45 
C011DE $68             PLA                             A:0000 X:0040 Y:0002 S:0365 D:0000 DB:C6 P:36 V:182 H:49 
C011DF $28             PLP                             A:0009 X:0040 Y:0002 S:0366 D:0000 DB:C6 P:34 V:182 H:56 
C011E0 $6B             RTL                             A:0009 X:0040 Y:0002 S:0367 D:0000 DB:C6 P:15 V:182 H:62 
C90597 $A0 $04         LDY #$04                        A:0009 X:0040 Y:0002 S:036A D:0000 DB:C6 P:15 V:182 H:73 
C90599 $B3 $09         LDA ($09,S),Y [C6035E] = $A6D4  A:0009 X:0040 Y:0004 S:036A D:0000 DB:C6 P:15 V:182 H:76 
C9059B $A0 $07         LDY #$07                        A:A6D4 X:0040 Y:0004 S:036A D:0000 DB:C6 P:95 V:182 H:89 
C9059D $18             CLC                             A:A6D4 X:0040 Y:0007 S:036A D:0000 DB:C6 P:15 V:182 H:92 
C9059E $73 $09         ADC ($09,S),Y [C60361] = $0006  A:A6D4 X:0040 Y:0007 S:036A D:0000 DB:C6 P:14 V:182 H:95 
C905A0 $90 $03         BCC $C905A5                     A:A6DA X:0040 Y:0007 S:036A D:0000 DB:C6 P:94 V:182 H:108
C905A5 $65 $40         ADC $40 [000040] = $0048        A:A6DA X:0040 Y:0007 S:036A D:0000 DB:C6 P:94 V:182 H:112
C905A7 $85 $40         STA $40 [000040] = $0048        A:A722 X:0040 Y:0007 S:036A D:0000 DB:C6 P:94 V:182 H:119
C905A9 $90 $02         BCC $C905AD                     A:A722 X:0040 Y:0007 S:036A D:0000 DB:C6 P:94 V:182 H:126
C905AD $E2 $20         SEP #$20                        A:A722 X:0040 Y:0007 S:036A D:0000 DB:C6 P:94 V:182 H:131
C905AF $A0 $06         LDY #$06                        A:A722 X:0040 Y:0007 S:036A D:0000 DB:C6 P:B4 V:182 H:145
C905B1 $B3 $09         LDA ($09,S),Y [C60360] = $C8    A:A722 X:0040 Y:0006 S:036A D:0000 DB:C6 P:34 V:182 H:148
C905B3 $18             CLC                             A:A7C8 X:0040 Y:0006 S:036A D:0000 DB:C6 P:B4 V:182 H:160
C905B4 $65 $42         ADC $42 [000042] = $00          A:A7C8 X:0040 Y:0006 S:036A D:0000 DB:C6 P:B4 V:182 H:163
C905B6 $85 $42         STA $42 [000042] = $00          A:A7C8 X:0040 Y:0006 S:036A D:0000 DB:C6 P:B4 V:182 H:168
C905B8 $C2 $30         REP #$30                        A:A7C8 X:0040 Y:0006 S:036A D:0000 DB:C6 P:B4 V:182 H:173
C905BA $A7 $40         LDA [$40] [C8A722] = $29CF      A:A7C8 X:0040 Y:0006 S:036A D:0000 DB:C6 P:84 V:182 H:177
C905BC $AA             TAX                             A:29CF X:0040 Y:0006 S:036A D:0000 DB:C6 P:04 V:182 H:189
C905BD $A0 $01 $00     LDY #$0001                      A:29CF X:29CF Y:0006 S:036A D:0000 DB:C6 P:04 V:182 H:192
C905C0 $B7 $40         LDA [$40],Y [C8A723] = $0029    A:29CF X:29CF Y:0001 S:036A D:0000 DB:C6 P:04 V:182 H:197
C905C2 $85 $41         STA $41 [000041] = $C8A7        A:0029 X:29CF Y:0001 S:036A D:0000 DB:C6 P:04 V:182 H:209
C905C4 $8A             TXA                             A:0029 X:29CF Y:0001 S:036A D:0000 DB:C6 P:04 V:182 H:216
C905C5 $85 $40         STA $40 [000040] = $2922        A:29CF X:29CF Y:0001 S:036A D:0000 DB:C6 P:04 V:182 H:219
C905C7 $A0 $0A $00     LDY #$000A                      A:29CF X:29CF Y:0001 S:036A D:0000 DB:C6 P:04 V:182 H:226
C905CA $B3 $09         LDA ($09,S),Y [C60364] = $0000  A:29CF X:29CF Y:000A S:036A D:0000 DB:C6 P:04 V:182 H:230
C905CC $29 $00 $FF     AND #$FF00                      A:0000 X:29CF Y:000A S:036A D:0000 DB:C6 P:06 V:182 H:243
C905CF $D0 $14         BNE $C905E5                     A:0000 X:29CF Y:000A S:036A D:0000 DB:C6 P:06 V:182 H:248
C905D1 $A5 $40         LDA $40 [000040] = $29CF        A:0000 X:29CF Y:000A S:036A D:0000 DB:C6 P:06 V:182 H:251
C905D3 $A0 $09 $00     LDY #$0009                      A:29CF X:29CF Y:000A S:036A D:0000 DB:C6 P:04 V:182 H:258
C905D6 $33 $09         AND ($09,S),Y [C60363] = $0080  A:29CF X:29CF Y:0009 S:036A D:0000 DB:C6 P:04 V:182 H:262
C905D8 $85 $40         STA $40 [000040] = $29CF        A:0080 X:29CF Y:0009 S:036A D:0000 DB:C6 P:04 V:182 H:275
C905DA $B3 $09         LDA ($09,S),Y [C60363] = $0080  A:0080 X:29CF Y:0009 S:036A D:0000 DB:C6 P:04 V:182 H:299
C905DC $F0 $22         BEQ $C90600                     A:0080 X:29CF Y:0009 S:036A D:0000 DB:C6 P:04 V:182 H:312
C905DE $4A             LSR                             A:0080 X:29CF Y:0009 S:036A D:0000 DB:C6 P:04 V:182 H:315
C905DF $B0 $1F         BCS $C90600                     A:0040 X:29CF Y:0009 S:036A D:0000 DB:C6 P:04 V:182 H:318
C905E1 $46 $40         LSR $40 [000040] = $0080        A:0040 X:29CF Y:0009 S:036A D:0000 DB:C6 P:04 V:182 H:321
C905E3 $80 $F9         BRA $C905DE                     A:0040 X:29CF Y:0009 S:036A D:0000 DB:C6 P:04 V:182 H:332
C905DE $4A             LSR                             A:0040 X:29CF Y:0009 S:036A D:0000 DB:C6 P:04 V:182 H:337
C905DF $B0 $1F         BCS $C90600                     A:0020 X:29CF Y:0009 S:036A D:0000 DB:C6 P:04 V:183 H:0  
C905E1 $46 $40         LSR $40 [000040] = $0040        A:0020 X:29CF Y:0009 S:036A D:0000 DB:C6 P:04 V:183 H:3  
C905E3 $80 $F9         BRA $C905DE                     A:0020 X:29CF Y:0009 S:036A D:0000 DB:C6 P:04 V:183 H:15 
C905DE $4A             LSR                             A:0020 X:29CF Y:0009 S:036A D:0000 DB:C6 P:04 V:183 H:20 
C905DF $B0 $1F         BCS $C90600                     A:0010 X:29CF Y:0009 S:036A D:0000 DB:C6 P:04 V:183 H:23 
C905E1 $46 $40         LSR $40 [000040] = $0020        A:0010 X:29CF Y:0009 S:036A D:0000 DB:C6 P:04 V:183 H:26 
C905E3 $80 $F9         BRA $C905DE                     A:0010 X:29CF Y:0009 S:036A D:0000 DB:C6 P:04 V:183 H:38 
C905DE $4A             LSR                             A:0010 X:29CF Y:0009 S:036A D:0000 DB:C6 P:04 V:183 H:43 
C905DF $B0 $1F         BCS $C90600                     A:0008 X:29CF Y:0009 S:036A D:0000 DB:C6 P:04 V:183 H:46 
C905E1 $46 $40         LSR $40 [000040] = $0010        A:0008 X:29CF Y:0009 S:036A D:0000 DB:C6 P:04 V:183 H:49 
C905E3 $80 $F9         BRA $C905DE                     A:0008 X:29CF Y:0009 S:036A D:0000 DB:C6 P:04 V:183 H:61 
C905DE $4A             LSR                             A:0008 X:29CF Y:0009 S:036A D:0000 DB:C6 P:04 V:183 H:66 
C905DF $B0 $1F         BCS $C90600                     A:0004 X:29CF Y:0009 S:036A D:0000 DB:C6 P:04 V:183 H:69 
C905E1 $46 $40         LSR $40 [000040] = $0008        A:0004 X:29CF Y:0009 S:036A D:0000 DB:C6 P:04 V:183 H:72 
C905E3 $80 $F9         BRA $C905DE                     A:0004 X:29CF Y:0009 S:036A D:0000 DB:C6 P:04 V:183 H:84 
C905DE $4A             LSR                             A:0004 X:29CF Y:0009 S:036A D:0000 DB:C6 P:04 V:183 H:89 
C905DF $B0 $1F         BCS $C90600                     A:0002 X:29CF Y:0009 S:036A D:0000 DB:C6 P:04 V:183 H:92 
C905E1 $46 $40         LSR $40 [000040] = $0004        A:0002 X:29CF Y:0009 S:036A D:0000 DB:C6 P:04 V:183 H:95 
C905E3 $80 $F9         BRA $C905DE                     A:0002 X:29CF Y:0009 S:036A D:0000 DB:C6 P:04 V:183 H:107
C905DE $4A             LSR                             A:0002 X:29CF Y:0009 S:036A D:0000 DB:C6 P:04 V:183 H:112
C905DF $B0 $1F         BCS $C90600                     A:0001 X:29CF Y:0009 S:036A D:0000 DB:C6 P:04 V:183 H:115
C905E1 $46 $40         LSR $40 [000040] = $0002        A:0001 X:29CF Y:0009 S:036A D:0000 DB:C6 P:04 V:183 H:118
C905E3 $80 $F9         BRA $C905DE                     A:0001 X:29CF Y:0009 S:036A D:0000 DB:C6 P:04 V:183 H:130
C905DE $4A             LSR                             A:0001 X:29CF Y:0009 S:036A D:0000 DB:C6 P:04 V:183 H:145
C905DF $B0 $1F         BCS $C90600                     A:0000 X:29CF Y:0009 S:036A D:0000 DB:C6 P:07 V:183 H:148
C90600 $A3 $09         LDA $09,S [000373] = $035A      A:0000 X:29CF Y:0009 S:036A D:0000 DB:C6 P:07 V:183 H:152
C90602 $18             CLC                             A:035A X:29CF Y:0009 S:036A D:0000 DB:C6 P:05 V:183 H:161
C90603 $69 $0B $00     ADC #$000B                      A:035A X:29CF Y:0009 S:036A D:0000 DB:C6 P:04 V:183 H:164
C90606 $83 $09         STA $09,S [000373] = $035A      A:0365 X:29CF Y:0009 S:036A D:0000 DB:C6 P:04 V:183 H:168
C90608 $7A             PLY                             A:0365 X:29CF Y:0009 S:036A D:0000 DB:C6 P:04 V:183 H:177
C90609 $FA             PLX                             A:0365 X:29CF Y:4F8E S:036C D:0000 DB:C6 P:04 V:183 H:185
C9060A $68             PLA                             A:0365 X:0008 Y:4F8E S:036E D:0000 DB:C6 P:04 V:183 H:194
C9060B $AB             PLB                             A:0001 X:0008 Y:4F8E S:0370 D:0000 DB:C6 P:04 V:183 H:202
C9060C $28             PLP                             A:0001 X:0008 Y:4F8E S:0371 D:0000 DB:7E P:04 V:183 H:209
C9060D $A5 $40         LDA $40 [000040] = $0001        A:0001 X:0008 Y:4F8E S:0372 D:0000 DB:7E P:05 V:183 H:215
C9060F $6B             RTL                             A:0001 X:0008 Y:4F8E S:0372 D:0000 DB:7E P:05 V:183 H:222
C60366 $C9 $00 $00     CMP #$0000                      A:0001 X:0008 Y:4F8E S:0375 D:0000 DB:7E P:05 V:183 H:233
C60369 $F0 $0A         BEQ $C60375                     A:0001 X:0008 Y:4F8E S:0375 D:0000 DB:7E P:05 V:183 H:237
C6036B $22 $89 $07 $C9 JSL $C90789                     A:0001 X:0008 Y:4F8E S:0375 D:0000 DB:7E P:05 V:183 H:240
C90789 $08             PHP                             A:0001 X:0008 Y:4F8E S:0372 D:0000 DB:7E P:05 V:183 H:254
C9078A $78             SEI                             A:0001 X:0008 Y:4F8E S:0371 D:0000 DB:7E P:05 V:183 H:259
C9078B $C2 $30         REP #$30                        A:0001 X:0008 Y:4F8E S:0371 D:0000 DB:7E P:05 V:183 H:262
C9078D $48             PHA                             A:0001 X:0008 Y:4F8E S:0371 D:0000 DB:7E P:05 V:183 H:266
C9078E $8B             PHB                             A:0001 X:0008 Y:4F8E S:036F D:0000 DB:7E P:05 V:183 H:273
C9078F $DA             PHX                             A:0001 X:0008 Y:4F8E S:036E D:0000 DB:7E P:05 V:183 H:318
C90790 $5A             PHY                             A:0001 X:0008 Y:4F8E S:036C D:0000 DB:7E P:05 V:183 H:325
C90791 $A3 $0A         LDA $0A,S [000374] = $C603      A:0001 X:0008 Y:4F8E S:036A D:0000 DB:7E P:05 V:183 H:331
C90793 $48             PHA                             A:C603 X:0008 Y:4F8E S:036A D:0000 DB:7E P:85 V:184 H:0  
C90794 $AB             PLB                             A:C603 X:0008 Y:4F8E S:0368 D:0000 DB:7E P:85 V:184 H:7  
C90795 $AB             PLB                             A:C603 X:0008 Y:4F8E S:0369 D:0000 DB:03 P:05 V:184 H:13 
C90796 $A0 $04 $00     LDY #$0004                      A:C603 X:0008 Y:4F8E S:036A D:0000 DB:C6 P:85 V:184 H:20 
C90799 $B3 $09         LDA ($09,S),Y [C60372] = $0002  A:C603 X:0008 Y:0004 S:036A D:0000 DB:C6 P:05 V:184 H:24 
C9079B $85 $40         STA $40 [000040] = $0001        A:0002 X:0008 Y:0004 S:036A D:0000 DB:C6 P:05 V:184 H:37 
C9079D $C8             INY                             A:0002 X:0008 Y:0004 S:036A D:0000 DB:C6 P:05 V:184 H:44 
C9079E $B3 $09         LDA ($09,S),Y [C60373] = $0000  A:0002 X:0008 Y:0005 S:036A D:0000 DB:C6 P:05 V:184 H:47 
C907A0 $85 $41         STA $41 [000041] = $0000        A:0000 X:0008 Y:0005 S:036A D:0000 DB:C6 P:07 V:184 H:60 
C907A2 $A0 $01 $00     LDY #$0001                      A:0000 X:0008 Y:0005 S:036A D:0000 DB:C6 P:07 V:184 H:67 
C907A5 $B3 $09         LDA ($09,S),Y [C6036F] = $99C6  A:0000 X:0008 Y:0001 S:036A D:0000 DB:C6 P:05 V:184 H:72 
C907A7 $AA             TAX                             A:99C6 X:0008 Y:0001 S:036A D:0000 DB:C6 P:85 V:184 H:85 
C907A8 $C8             INY                             A:99C6 X:99C6 Y:0001 S:036A D:0000 DB:C6 P:85 V:184 H:88 
C907A9 $B3 $09         LDA ($09,S),Y [C60370] = $7E99  A:99C6 X:99C6 Y:0002 S:036A D:0000 DB:C6 P:05 V:184 H:91 
C907AB $48             PHA                             A:7E99 X:99C6 Y:0002 S:036A D:0000 DB:C6 P:05 V:184 H:104
C907AC $AB             PLB                             A:7E99 X:99C6 Y:0002 S:0368 D:0000 DB:C6 P:05 V:184 H:111
C907AD $AB             PLB                             A:7E99 X:99C6 Y:0002 S:0369 D:0000 DB:99 P:85 V:184 H:117
C907AE $BD $00 $00     LDA $0000,X [7E99C6] = $0015    A:7E99 X:99C6 Y:0002 S:036A D:0000 DB:7E P:05 V:184 H:124
C907B1 $05 $40         ORA $40 [000040] = $0002        A:0015 X:99C6 Y:0002 S:036A D:0000 DB:7E P:05 V:184 H:134
C907B3 $9D $00 $00     STA $0000,X [7E99C6] = $0015    A:0017 X:99C6 Y:0002 S:036A D:0000 DB:7E P:05 V:184 H:151
C907B6 $BD $01 $00     LDA $0001,X [7E99C7] = $0000    A:0017 X:99C6 Y:0002 S:036A D:0000 DB:7E P:05 V:184 H:161
C907B9 $05 $41         ORA $41 [000041] = $0000        A:0000 X:99C6 Y:0002 S:036A D:0000 DB:7E P:07 V:184 H:171
C907BB $9D $01 $00     STA $0001,X [7E99C7] = $0000    A:0000 X:99C6 Y:0002 S:036A D:0000 DB:7E P:07 V:184 H:178
C907BE $A3 $09         LDA $09,S [000373] = $036E      A:0000 X:99C6 Y:0002 S:036A D:0000 DB:7E P:07 V:184 H:188
C907C0 $18             CLC                             A:036E X:99C6 Y:0002 S:036A D:0000 DB:7E P:05 V:184 H:196
C907C1 $69 $06 $00     ADC #$0006                      A:036E X:99C6 Y:0002 S:036A D:0000 DB:7E P:04 V:184 H:199
C907C4 $83 $09         STA $09,S [000373] = $036E      A:0374 X:99C6 Y:0002 S:036A D:0000 DB:7E P:04 V:184 H:204
C907C6 $7A             PLY                             A:0374 X:99C6 Y:0002 S:036A D:0000 DB:7E P:04 V:184 H:212
C907C7 $FA             PLX                             A:0374 X:99C6 Y:4F8E S:036C D:0000 DB:7E P:04 V:184 H:221
C907C8 $AB             PLB                             A:0374 X:0008 Y:4F8E S:036E D:0000 DB:7E P:04 V:184 H:229
C907C9 $68             PLA                             A:0374 X:0008 Y:4F8E S:036F D:0000 DB:7E P:04 V:184 H:236
C907CA $28             PLP                             A:0001 X:0008 Y:4F8E S:0371 D:0000 DB:7E P:04 V:184 H:244
C907CB $6B             RTL                             A:0001 X:0008 Y:4F8E S:0372 D:0000 DB:7E P:05 V:184 H:251
C60375 $22 $72 $05 $C9 JSL $C90572                     A:0001 X:0008 Y:4F8E S:0375 D:0000 DB:7E P:05 V:184 H:261
C90572 $08             PHP                             A:0001 X:0008 Y:4F8E S:0372 D:0000 DB:7E P:05 V:184 H:275
C90573 $8B             PHB                             A:0001 X:0008 Y:4F8E S:0371 D:0000 DB:7E P:05 V:184 H:323
C90574 $78             SEI                             A:0001 X:0008 Y:4F8E S:0370 D:0000 DB:7E P:05 V:184 H:327
C90575 $C2 $30         REP #$30                        A:0001 X:0008 Y:4F8E S:0370 D:0000 DB:7E P:05 V:184 H:330
C90577 $48             PHA                             A:0001 X:0008 Y:4F8E S:0370 D:0000 DB:7E P:05 V:184 H:335
C90578 $DA             PHX                             A:0001 X:0008 Y:4F8E S:036E D:0000 DB:7E P:05 V:185 H:2  
C90579 $5A             PHY                             A:0001 X:0008 Y:4F8E S:036C D:0000 DB:7E P:05 V:185 H:9  
C9057A $86 $40         STX $40 [000040] = $0002        A:0001 X:0008 Y:4F8E S:036A D:0000 DB:7E P:05 V:185 H:16 
C9057C $E2 $30         SEP #$30                        A:0001 X:0008 Y:4F8E S:036A D:0000 DB:7E P:05 V:185 H:23 
C9057E $A3 $0B         LDA $0B,S [000375] = $C6        A:0001 X:0008 Y:008E S:036A D:0000 DB:7E P:35 V:185 H:27 
C90580 $48             PHA                             A:00C6 X:0008 Y:008E S:036A D:0000 DB:7E P:B5 V:185 H:34 
C90581 $AB             PLB                             A:00C6 X:0008 Y:008E S:0369 D:0000 DB:7E P:B5 V:185 H:39 
C90582 $A0 $01         LDY #$01                        A:00C6 X:0008 Y:008E S:036A D:0000 DB:C6 P:B5 V:185 H:45 
C90584 $B3 $09         LDA ($09,S),Y [C60379] = $00    A:00C6 X:0008 Y:0001 S:036A D:0000 DB:C6 P:35 V:185 H:48 
C90586 $F0 $03         BEQ $C9058B                     A:0000 X:0008 Y:0001 S:036A D:0000 DB:C6 P:37 V:185 H:60 
C9058B $C2 $20         REP #$20                        A:0000 X:0008 Y:0001 S:036A D:0000 DB:C6 P:37 V:185 H:64 
C9058D $A0 $02         LDY #$02                        A:0000 X:0008 Y:0001 S:036A D:0000 DB:C6 P:17 V:185 H:69 
C9058F $B3 $09         LDA ($09,S),Y [C6037A] = $0009  A:0000 X:0008 Y:0002 S:036A D:0000 DB:C6 P:15 V:185 H:72 
C90591 $A2 $40         LDX #$40                        A:0009 X:0008 Y:0002 S:036A D:0000 DB:C6 P:15 V:185 H:85 
C90593 $22 $46 $11 $C0 JSL $C01146                     A:0009 X:0040 Y:0002 S:036A D:0000 DB:C6 P:15 V:185 H:88 
C01146 $08             PHP                             A:0009 X:0040 Y:0002 S:0367 D:0000 DB:C6 P:15 V:185 H:101
C01147 $E2 $20         SEP #$20                        A:0009 X:0040 Y:0002 S:0366 D:0000 DB:C6 P:15 V:185 H:106
C01149 $48             PHA                             A:0009 X:0040 Y:0002 S:0366 D:0000 DB:C6 P:35 V:185 H:111
C0114A $EB             XBA                             A:0009 X:0040 Y:0002 S:0365 D:0000 DB:C6 P:35 V:185 H:116
C0114B $48             PHA                             A:0900 X:0040 Y:0002 S:0365 D:0000 DB:C6 P:37 V:185 H:120
C0114C $B5 $01         LDA $01,X [000041] = $00        A:0900 X:0040 Y:0002 S:0364 D:0000 DB:C6 P:37 V:185 H:125
C0114E $48             PHA                             A:0900 X:0040 Y:0002 S:0364 D:0000 DB:C6 P:37 V:185 H:132
C0114F $A3 $03         LDA $03,S [000366] = $09        A:0900 X:0040 Y:0002 S:0363 D:0000 DB:C6 P:37 V:185 H:147
C01151 $EB             XBA                             A:0909 X:0040 Y:0002 S:0363 D:0000 DB:C6 P:35 V:185 H:153
C01152 $B5 $00         LDA $00,X [000040] = $08        A:0909 X:0040 Y:0002 S:0363 D:0000 DB:C6 P:35 V:185 H:158
C01154 $48             PHA                             A:0908 X:0040 Y:0002 S:0363 D:0000 DB:C6 P:35 V:185 H:164
C01155 $8F $02 $42 $00 STA $004202                     A:0908 X:0040 Y:0002 S:0362 D:0000 DB:C6 P:35 V:185 H:169
C01159 $EB             XBA                             A:0908 X:0040 Y:0002 S:0362 D:0000 DB:C6 P:35 V:185 H:177
C0115A $8F $03 $42 $00 STA $004203                     A:0809 X:0040 Y:0002 S:0362 D:0000 DB:C6 P:35 V:185 H:181
C0115E $EA             NOP                             A:0809 X:0040 Y:0002 S:0362 D:0000 DB:C6 P:35 V:185 H:189
C0115F $EA             NOP                             A:0809 X:0040 Y:0002 S:0362 D:0000 DB:C6 P:35 V:185 H:192
C01160 $EA             NOP                             A:0809 X:0040 Y:0002 S:0362 D:0000 DB:C6 P:35 V:185 H:195
C01161 $EA             NOP                             A:0809 X:0040 Y:0002 S:0362 D:0000 DB:C6 P:35 V:185 H:198
C01162 $AF $16 $42 $00 LDA $004216                     A:0809 X:0040 Y:0002 S:0362 D:0000 DB:C6 P:35 V:185 H:201
C01166 $95 $00         STA $00,X [000040] = $08        A:0848 X:0040 Y:0002 S:0362 D:0000 DB:C6 P:35 V:185 H:208
C01168 $AF $17 $42 $00 LDA $004217                     A:0848 X:0040 Y:0002 S:0362 D:0000 DB:C6 P:35 V:185 H:215
C0116C $95 $01         STA $01,X [000041] = $00        A:0800 X:0040 Y:0002 S:0362 D:0000 DB:C6 P:37 V:185 H:222
C0116E $68             PLA                             A:0800 X:0040 Y:0002 S:0362 D:0000 DB:C6 P:37 V:185 H:229
C0116F $EB             XBA                             A:0808 X:0040 Y:0002 S:0363 D:0000 DB:C6 P:35 V:185 H:235
C01170 $A3 $02         LDA $02,S [000365] = $00        A:0808 X:0040 Y:0002 S:0363 D:0000 DB:C6 P:35 V:185 H:240
C01172 $8F $02 $42 $00 STA $004202                     A:0800 X:0040 Y:0002 S:0363 D:0000 DB:C6 P:37 V:185 H:246
C01176 $EB             XBA                             A:0800 X:0040 Y:0002 S:0363 D:0000 DB:C6 P:37 V:185 H:254
C01177 $8F $03 $42 $00 STA $004203                     A:0008 X:0040 Y:0002 S:0363 D:0000 DB:C6 P:35 V:185 H:258
C0117B $EA             NOP                             A:0008 X:0040 Y:0002 S:0363 D:0000 DB:C6 P:35 V:185 H:266
C0117C $EA             NOP                             A:0008 X:0040 Y:0002 S:0363 D:0000 DB:C6 P:35 V:185 H:269
C0117D $EA             NOP                             A:0008 X:0040 Y:0002 S:0363 D:0000 DB:C6 P:35 V:185 H:272
C0117E $EA             NOP                             A:0008 X:0040 Y:0002 S:0363 D:0000 DB:C6 P:35 V:185 H:275
C0117F $AF $16 $42 $00 LDA $004216                     A:0008 X:0040 Y:0002 S:0363 D:0000 DB:C6 P:35 V:185 H:294
C01183 $18             CLC                             A:0000 X:0040 Y:0002 S:0363 D:0000 DB:C6 P:37 V:185 H:302
C01184 $75 $01         ADC $01,X [000041] = $00        A:0000 X:0040 Y:0002 S:0363 D:0000 DB:C6 P:36 V:185 H:305
C01186 $95 $01         STA $01,X [000041] = $00        A:0000 X:0040 Y:0002 S:0363 D:0000 DB:C6 P:36 V:185 H:311
C01188 $AF $17 $42 $00 LDA $004217                     A:0000 X:0040 Y:0002 S:0363 D:0000 DB:C6 P:36 V:185 H:318
C0118C $69 $00         ADC #$00                        A:0000 X:0040 Y:0002 S:0363 D:0000 DB:C6 P:36 V:185 H:325
C0118E $95 $02         STA $02,X [000042] = $00        A:0000 X:0040 Y:0002 S:0363 D:0000 DB:C6 P:36 V:185 H:327
C01190 $A3 $01         LDA $01,S [000364] = $00        A:0000 X:0040 Y:0002 S:0363 D:0000 DB:C6 P:36 V:185 H:334
C01192 $EB             XBA                             A:0000 X:0040 Y:0002 S:0363 D:0000 DB:C6 P:36 V:186 H:0  
C01193 $A3 $03         LDA $03,S [000366] = $09        A:0000 X:0040 Y:0002 S:0363 D:0000 DB:C6 P:36 V:186 H:5  
C01195 $8F $02 $42 $00 STA $004202                     A:0009 X:0040 Y:0002 S:0363 D:0000 DB:C6 P:34 V:186 H:11 
C01199 $EB             XBA                             A:0009 X:0040 Y:0002 S:0363 D:0000 DB:C6 P:34 V:186 H:19 
C0119A $8F $03 $42 $00 STA $004203                     A:0900 X:0040 Y:0002 S:0363 D:0000 DB:C6 P:36 V:186 H:23 
C0119E $EA             NOP                             A:0900 X:0040 Y:0002 S:0363 D:0000 DB:C6 P:36 V:186 H:31 
C0119F $EA             NOP                             A:0900 X:0040 Y:0002 S:0363 D:0000 DB:C6 P:36 V:186 H:34 
C011A0 $EA             NOP                             A:0900 X:0040 Y:0002 S:0363 D:0000 DB:C6 P:36 V:186 H:37 
C011A1 $EA             NOP                             A:0900 X:0040 Y:0002 S:0363 D:0000 DB:C6 P:36 V:186 H:40 
C011A2 $AF $16 $42 $00 LDA $004216                     A:0900 X:0040 Y:0002 S:0363 D:0000 DB:C6 P:36 V:186 H:43 
C011A6 $18             CLC                             A:0900 X:0040 Y:0002 S:0363 D:0000 DB:C6 P:36 V:186 H:50 
C011A7 $75 $01         ADC $01,X [000041] = $00        A:0900 X:0040 Y:0002 S:0363 D:0000 DB:C6 P:36 V:186 H:53 
C011A9 $95 $01         STA $01,X [000041] = $00        A:0900 X:0040 Y:0002 S:0363 D:0000 DB:C6 P:36 V:186 H:60 
C011AB $AF $17 $42 $00 LDA $004217                     A:0900 X:0040 Y:0002 S:0363 D:0000 DB:C6 P:36 V:186 H:66 
C011AF $75 $02         ADC $02,X [000042] = $00        A:0900 X:0040 Y:0002 S:0363 D:0000 DB:C6 P:36 V:186 H:74 
C011B1 $95 $02         STA $02,X [000042] = $00        A:0900 X:0040 Y:0002 S:0363 D:0000 DB:C6 P:36 V:186 H:80 
C011B3 $A9 $00         LDA #$00                        A:0900 X:0040 Y:0002 S:0363 D:0000 DB:C6 P:36 V:186 H:87 
C011B5 $2A             ROL                             A:0900 X:0040 Y:0002 S:0363 D:0000 DB:C6 P:36 V:186 H:90 
C011B6 $95 $03         STA $03,X [000043] = $00        A:0900 X:0040 Y:0002 S:0363 D:0000 DB:C6 P:36 V:186 H:93 
C011B8 $A3 $01         LDA $01,S [000364] = $00        A:0900 X:0040 Y:0002 S:0363 D:0000 DB:C6 P:36 V:186 H:99 
C011BA $EB             XBA                             A:0900 X:0040 Y:0002 S:0363 D:0000 DB:C6 P:36 V:186 H:106
C011BB $A3 $02         LDA $02,S [000365] = $00        A:0009 X:0040 Y:0002 S:0363 D:0000 DB:C6 P:34 V:186 H:110
C011BD $8F $02 $42 $00 STA $004202                     A:0000 X:0040 Y:0002 S:0363 D:0000 DB:C6 P:36 V:186 H:117
C011C1 $EB             XBA                             A:0000 X:0040 Y:0002 S:0363 D:0000 DB:C6 P:36 V:186 H:124
C011C2 $8F $03 $42 $00 STA $004203                     A:0000 X:0040 Y:0002 S:0363 D:0000 DB:C6 P:36 V:186 H:129
C011C6 $EA             NOP                             A:0000 X:0040 Y:0002 S:0363 D:0000 DB:C6 P:36 V:186 H:146
C011C7 $EA             NOP                             A:0000 X:0040 Y:0002 S:0363 D:0000 DB:C6 P:36 V:186 H:149
C011C8 $EA             NOP                             A:0000 X:0040 Y:0002 S:0363 D:0000 DB:C6 P:36 V:186 H:152
C011C9 $EA             NOP                             A:0000 X:0040 Y:0002 S:0363 D:0000 DB:C6 P:36 V:186 H:155
C011CA $AF $16 $42 $00 LDA $004216                     A:0000 X:0040 Y:0002 S:0363 D:0000 DB:C6 P:36 V:186 H:158
C011CE $18             CLC                             A:0000 X:0040 Y:0002 S:0363 D:0000 DB:C6 P:36 V:186 H:166
C011CF $75 $02         ADC $02,X [000042] = $00        A:0000 X:0040 Y:0002 S:0363 D:0000 DB:C6 P:36 V:186 H:169
C011D1 $95 $02         STA $02,X [000042] = $00        A:0000 X:0040 Y:0002 S:0363 D:0000 DB:C6 P:36 V:186 H:175
C011D3 $AF $17 $42 $00 LDA $004217                     A:0000 X:0040 Y:0002 S:0363 D:0000 DB:C6 P:36 V:186 H:182
C011D7 $75 $03         ADC $03,X [000043] = $00        A:0000 X:0040 Y:0002 S:0363 D:0000 DB:C6 P:36 V:186 H:189
C011D9 $95 $03         STA $03,X [000043] = $00        A:0000 X:0040 Y:0002 S:0363 D:0000 DB:C6 P:36 V:186 H:196
C011DB $68             PLA                             A:0000 X:0040 Y:0002 S:0363 D:0000 DB:C6 P:36 V:186 H:202
C011DC $68             PLA                             A:0000 X:0040 Y:0002 S:0364 D:0000 DB:C6 P:36 V:186 H:209
C011DD $EB             XBA                             A:0000 X:0040 Y:0002 S:0365 D:0000 DB:C6 P:36 V:186 H:215
C011DE $68             PLA                             A:0000 X:0040 Y:0002 S:0365 D:0000 DB:C6 P:36 V:186 H:220
C011DF $28             PLP                             A:0009 X:0040 Y:0002 S:0366 D:0000 DB:C6 P:34 V:186 H:226
C011E0 $6B             RTL                             A:0009 X:0040 Y:0002 S:0367 D:0000 DB:C6 P:15 V:186 H:233
C90597 $A0 $04         LDY #$04                        A:0009 X:0040 Y:0002 S:036A D:0000 DB:C6 P:15 V:186 H:243
C90599 $B3 $09         LDA ($09,S),Y [C6037C] = $A6D4  A:0009 X:0040 Y:0004 S:036A D:0000 DB:C6 P:15 V:186 H:246
C9059B $A0 $07         LDY #$07                        A:A6D4 X:0040 Y:0004 S:036A D:0000 DB:C6 P:95 V:186 H:259
C9059D $18             CLC                             A:A6D4 X:0040 Y:0007 S:036A D:0000 DB:C6 P:15 V:186 H:262
C9059E $73 $09         ADC ($09,S),Y [C6037F] = $0001  A:A6D4 X:0040 Y:0007 S:036A D:0000 DB:C6 P:14 V:186 H:265
C905A0 $90 $03         BCC $C905A5                     A:A6D5 X:0040 Y:0007 S:036A D:0000 DB:C6 P:94 V:186 H:295
C905A5 $65 $40         ADC $40 [000040] = $0048        A:A6D5 X:0040 Y:0007 S:036A D:0000 DB:C6 P:94 V:186 H:299
C905A7 $85 $40         STA $40 [000040] = $0048        A:A71D X:0040 Y:0007 S:036A D:0000 DB:C6 P:94 V:186 H:306
C905A9 $90 $02         BCC $C905AD                     A:A71D X:0040 Y:0007 S:036A D:0000 DB:C6 P:94 V:186 H:313
C905AD $E2 $20         SEP #$20                        A:A71D X:0040 Y:0007 S:036A D:0000 DB:C6 P:94 V:186 H:318
C905AF $A0 $06         LDY #$06                        A:A71D X:0040 Y:0007 S:036A D:0000 DB:C6 P:B4 V:186 H:322
C905B1 $B3 $09         LDA ($09,S),Y [C6037E] = $C8    A:A71D X:0040 Y:0006 S:036A D:0000 DB:C6 P:34 V:186 H:325
C905B3 $18             CLC                             A:A7C8 X:0040 Y:0006 S:036A D:0000 DB:C6 P:B4 V:186 H:336
C905B4 $65 $42         ADC $42 [000042] = $00          A:A7C8 X:0040 Y:0006 S:036A D:0000 DB:C6 P:B4 V:186 H:339
C905B6 $85 $42         STA $42 [000042] = $00          A:A7C8 X:0040 Y:0006 S:036A D:0000 DB:C6 P:B4 V:187 H:4  
C905B8 $C2 $30         REP #$30                        A:A7C8 X:0040 Y:0006 S:036A D:0000 DB:C6 P:B4 V:187 H:9  
C905BA $A7 $40         LDA [$40] [C8A71D] = $0200      A:A7C8 X:0040 Y:0006 S:036A D:0000 DB:C6 P:84 V:187 H:13 
C905BC $AA             TAX                             A:0200 X:0040 Y:0006 S:036A D:0000 DB:C6 P:04 V:187 H:25 
C905BD $A0 $01 $00     LDY #$0001                      A:0200 X:0200 Y:0006 S:036A D:0000 DB:C6 P:04 V:187 H:28 
C905C0 $B7 $40         LDA [$40],Y [C8A71E] = $0002    A:0200 X:0200 Y:0001 S:036A D:0000 DB:C6 P:04 V:187 H:33 
C905C2 $85 $41         STA $41 [000041] = $C8A7        A:0002 X:0200 Y:0001 S:036A D:0000 DB:C6 P:04 V:187 H:45 
C905C4 $8A             TXA                             A:0002 X:0200 Y:0001 S:036A D:0000 DB:C6 P:04 V:187 H:52 
C905C5 $85 $40         STA $40 [000040] = $021D        A:0200 X:0200 Y:0001 S:036A D:0000 DB:C6 P:04 V:187 H:55 
C905C7 $A0 $0A $00     LDY #$000A                      A:0200 X:0200 Y:0001 S:036A D:0000 DB:C6 P:04 V:187 H:62 
C905CA $B3 $09         LDA ($09,S),Y [C60382] = $0000  A:0200 X:0200 Y:000A S:036A D:0000 DB:C6 P:04 V:187 H:66 
C905CC $29 $00 $FF     AND #$FF00                      A:0000 X:0200 Y:000A S:036A D:0000 DB:C6 P:06 V:187 H:79 
C905CF $D0 $14         BNE $C905E5                     A:0000 X:0200 Y:000A S:036A D:0000 DB:C6 P:06 V:187 H:84 
C905D1 $A5 $40         LDA $40 [000040] = $0200        A:0000 X:0200 Y:000A S:036A D:0000 DB:C6 P:06 V:187 H:87 
C905D3 $A0 $09 $00     LDY #$0009                      A:0200 X:0200 Y:000A S:036A D:0000 DB:C6 P:04 V:187 H:94 
C905D6 $33 $09         AND ($09,S),Y [C60381] = $00C0  A:0200 X:0200 Y:0009 S:036A D:0000 DB:C6 P:04 V:187 H:98 
C905D8 $85 $40         STA $40 [000040] = $0200        A:0000 X:0200 Y:0009 S:036A D:0000 DB:C6 P:06 V:187 H:111
C905DA $B3 $09         LDA ($09,S),Y [C60381] = $00C0  A:0000 X:0200 Y:0009 S:036A D:0000 DB:C6 P:06 V:187 H:118
C905DC $F0 $22         BEQ $C90600                     A:00C0 X:0200 Y:0009 S:036A D:0000 DB:C6 P:04 V:187 H:131
C905DE $4A             LSR                             A:00C0 X:0200 Y:0009 S:036A D:0000 DB:C6 P:04 V:187 H:144
C905DF $B0 $1F         BCS $C90600                     A:0060 X:0200 Y:0009 S:036A D:0000 DB:C6 P:04 V:187 H:147
C905E1 $46 $40         LSR $40 [000040] = $0000        A:0060 X:0200 Y:0009 S:036A D:0000 DB:C6 P:04 V:187 H:150
C905E3 $80 $F9         BRA $C905DE                     A:0060 X:0200 Y:0009 S:036A D:0000 DB:C6 P:06 V:187 H:163
C905DE $4A             LSR                             A:0060 X:0200 Y:0009 S:036A D:0000 DB:C6 P:06 V:187 H:167
C905DF $B0 $1F         BCS $C90600                     A:0030 X:0200 Y:0009 S:036A D:0000 DB:C6 P:04 V:187 H:170
C905E1 $46 $40         LSR $40 [000040] = $0000        A:0030 X:0200 Y:0009 S:036A D:0000 DB:C6 P:04 V:187 H:173
C905E3 $80 $F9         BRA $C905DE                     A:0030 X:0200 Y:0009 S:036A D:0000 DB:C6 P:06 V:187 H:186
C905DE $4A             LSR                             A:0030 X:0200 Y:0009 S:036A D:0000 DB:C6 P:06 V:187 H:190
C905DF $B0 $1F         BCS $C90600                     A:0018 X:0200 Y:0009 S:036A D:0000 DB:C6 P:04 V:187 H:193
C905E1 $46 $40         LSR $40 [000040] = $0000        A:0018 X:0200 Y:0009 S:036A D:0000 DB:C6 P:04 V:187 H:196
C905E3 $80 $F9         BRA $C905DE                     A:0018 X:0200 Y:0009 S:036A D:0000 DB:C6 P:06 V:187 H:209
C905DE $4A             LSR                             A:0018 X:0200 Y:0009 S:036A D:0000 DB:C6 P:06 V:187 H:213
C905DF $B0 $1F         BCS $C90600                     A:000C X:0200 Y:0009 S:036A D:0000 DB:C6 P:04 V:187 H:216
C905E1 $46 $40         LSR $40 [000040] = $0000        A:000C X:0200 Y:0009 S:036A D:0000 DB:C6 P:04 V:187 H:219
C905E3 $80 $F9         BRA $C905DE                     A:000C X:0200 Y:0009 S:036A D:0000 DB:C6 P:06 V:187 H:232
C905DE $4A             LSR                             A:000C X:0200 Y:0009 S:036A D:0000 DB:C6 P:06 V:187 H:236
C905DF $B0 $1F         BCS $C90600                     A:0006 X:0200 Y:0009 S:036A D:0000 DB:C6 P:04 V:187 H:239
C905E1 $46 $40         LSR $40 [000040] = $0000        A:0006 X:0200 Y:0009 S:036A D:0000 DB:C6 P:04 V:187 H:242
C905E3 $80 $F9         BRA $C905DE                     A:0006 X:0200 Y:0009 S:036A D:0000 DB:C6 P:06 V:187 H:255
C905DE $4A             LSR                             A:0006 X:0200 Y:0009 S:036A D:0000 DB:C6 P:06 V:187 H:259
C905DF $B0 $1F         BCS $C90600                     A:0003 X:0200 Y:0009 S:036A D:0000 DB:C6 P:04 V:187 H:262
C905E1 $46 $40         LSR $40 [000040] = $0000        A:0003 X:0200 Y:0009 S:036A D:0000 DB:C6 P:04 V:187 H:265
C905E3 $80 $F9         BRA $C905DE                     A:0003 X:0200 Y:0009 S:036A D:0000 DB:C6 P:06 V:187 H:294
C905DE $4A             LSR                             A:0003 X:0200 Y:0009 S:036A D:0000 DB:C6 P:06 V:187 H:299
C905DF $B0 $1F         BCS $C90600                     A:0001 X:0200 Y:0009 S:036A D:0000 DB:C6 P:05 V:187 H:302
C90600 $A3 $09         LDA $09,S [000373] = $0378      A:0001 X:0200 Y:0009 S:036A D:0000 DB:C6 P:05 V:187 H:306
C90602 $18             CLC                             A:0378 X:0200 Y:0009 S:036A D:0000 DB:C6 P:05 V:187 H:315
C90603 $69 $0B $00     ADC #$000B                      A:0378 X:0200 Y:0009 S:036A D:0000 DB:C6 P:04 V:187 H:318
C90606 $83 $09         STA $09,S [000373] = $0378      A:0383 X:0200 Y:0009 S:036A D:0000 DB:C6 P:04 V:187 H:322
C90608 $7A             PLY                             A:0383 X:0200 Y:0009 S:036A D:0000 DB:C6 P:04 V:187 H:330
C90609 $FA             PLX                             A:0383 X:0200 Y:4F8E S:036C D:0000 DB:C6 P:04 V:187 H:338
C9060A $68             PLA                             A:0383 X:0008 Y:4F8E S:036E D:0000 DB:C6 P:04 V:188 H:7  
C9060B $AB             PLB                             A:0001 X:0008 Y:4F8E S:0370 D:0000 DB:C6 P:04 V:188 H:15 
C9060C $28             PLP                             A:0001 X:0008 Y:4F8E S:0371 D:0000 DB:7E P:04 V:188 H:22 
C9060D $A5 $40         LDA $40 [000040] = $0000        A:0001 X:0008 Y:4F8E S:0372 D:0000 DB:7E P:05 V:188 H:28 
C9060F $6B             RTL                             A:0000 X:0008 Y:4F8E S:0372 D:0000 DB:7E P:07 V:188 H:35 
C60384 $F4 $C5 $99     PEA #$99C5                      A:0000 X:0008 Y:4F8E S:0375 D:0000 DB:7E P:07 V:188 H:46 
C60387 $F4 $03 $00     PEA #$0003                      A:0000 X:0008 Y:4F8E S:0373 D:0000 DB:7E P:07 V:188 H:54 
C6038A $F4 $00 $7E     PEA #$7E00                      A:0000 X:0008 Y:4F8E S:0371 D:0000 DB:7E P:07 V:188 H:63 
C6038D $22 $E9 $02 $C9 JSL $C902E9                     A:0000 X:0008 Y:4F8E S:036F D:0000 DB:7E P:07 V:188 H:71 
C902E9 $08             PHP                             A:0000 X:0008 Y:4F8E S:036C D:0000 DB:7E P:07 V:188 H:85 
C902EA $78             SEI                             A:0000 X:0008 Y:4F8E S:036B D:0000 DB:7E P:07 V:188 H:90 
C902EB $C2 $30         REP #$30                        A:0000 X:0008 Y:4F8E S:036B D:0000 DB:7E P:07 V:188 H:93 
C902ED $48             PHA                             A:0000 X:0008 Y:4F8E S:036B D:0000 DB:7E P:07 V:188 H:97 
C902EE $8B             PHB                             A:0000 X:0008 Y:4F8E S:0369 D:0000 DB:7E P:07 V:188 H:104
C902EF $5A             PHY                             A:0000 X:0008 Y:4F8E S:0368 D:0000 DB:7E P:07 V:188 H:109
C902F0 $DA             PHX                             A:0000 X:0008 Y:4F8E S:0366 D:0000 DB:7E P:07 V:188 H:116
C902F1 $E2 $10         SEP #$10                        A:0000 X:0008 Y:4F8E S:0364 D:0000 DB:7E P:07 V:188 H:123
C902F3 $85 $40         STA $40 [000040] = $0000        A:0000 X:0008 Y:008E S:0364 D:0000 DB:7E P:17 V:188 H:128
C902F5 $A3 $0D         LDA $0D,S [000371] = $037E      A:0000 X:0008 Y:008E S:0364 D:0000 DB:7E P:17 V:188 H:145
C902F7 $AA             TAX                             A:037E X:0008 Y:008E S:0364 D:0000 DB:7E P:15 V:188 H:153
C902F8 $DA             PHX                             A:037E X:007E Y:008E S:0364 D:0000 DB:7E P:15 V:188 H:156
C902F9 $AB             PLB                             A:037E X:007E Y:008E S:0363 D:0000 DB:7E P:15 V:188 H:161
C902FA $A3 $0E         LDA $0E,S [000372] = $0003      A:037E X:007E Y:008E S:0364 D:0000 DB:7E P:15 V:188 H:168
C902FC $F0 $11         BEQ $C9030F                     A:0003 X:007E Y:008E S:0364 D:0000 DB:7E P:15 V:188 H:176
C902FE $4A             LSR                             A:0003 X:007E Y:008E S:0364 D:0000 DB:7E P:15 V:188 H:179
C902FF $B0 $4E         BCS $C9034F                     A:0001 X:007E Y:008E S:0364 D:0000 DB:7E P:15 V:188 H:182
C9034F $A2 $00         LDX #$00                        A:0001 X:007E Y:008E S:0364 D:0000 DB:7E P:15 V:188 H:187
C90351 $80 $BF         BRA $C90312                     A:0001 X:0000 Y:008E S:0364 D:0000 DB:7E P:17 V:188 H:190
C90312 $A5 $40         LDA $40 [000040] = $0000        A:0001 X:0000 Y:008E S:0364 D:0000 DB:7E P:17 V:188 H:194
C90314 $23 $0E         AND $0E,S [000372] = $0003      A:0000 X:0000 Y:008E S:0364 D:0000 DB:7E P:17 V:188 H:201
C90316 $85 $40         STA $40 [000040] = $0000        A:0000 X:0000 Y:008E S:0364 D:0000 DB:7E P:17 V:188 H:210
C90318 $A0 $00         LDY #$00                        A:0000 X:0000 Y:008E S:0364 D:0000 DB:7E P:17 V:188 H:217
C9031A $A3 $0E         LDA $0E,S [000372] = $0003      A:0000 X:0000 Y:0000 S:0364 D:0000 DB:7E P:17 V:188 H:220
C9031C $49 $FF $FF     EOR #$FFFF                      A:0003 X:0000 Y:0000 S:0364 D:0000 DB:7E P:15 V:188 H:228
C9031F $33 $10         AND ($10,S),Y [7E99C5] = $174C  A:FFFC X:0000 Y:0000 S:0364 D:0000 DB:7E P:95 V:188 H:233
C90321 $05 $40         ORA $40 [000040] = $0000        A:174C X:0000 Y:0000 S:0364 D:0000 DB:7E P:15 V:188 H:247
C90323 $93 $10         STA ($10,S),Y [7E99C5] = $174C  A:174C X:0000 Y:0000 S:0364 D:0000 DB:7E P:15 V:188 H:254
C90325 $E2 $20         SEP #$20                        A:174C X:0000 Y:0000 S:0364 D:0000 DB:7E P:15 V:188 H:268
C90327 $86 $42         STX $42 [000042] = $00          A:174C X:0000 Y:0000 S:0364 D:0000 DB:7E P:35 V:188 H:272
C90329 $A0 $02         LDY #$02                        A:174C X:0000 Y:0000 S:0364 D:0000 DB:7E P:35 V:188 H:294
C9032B $A3 $0C         LDA $0C,S [000370] = $00        A:174C X:0000 Y:0002 S:0364 D:0000 DB:7E P:35 V:188 H:297
C9032D $49 $FF         EOR #$FF                        A:1700 X:0000 Y:0002 S:0364 D:0000 DB:7E P:37 V:188 H:303
C9032F $33 $10         AND ($10,S),Y [7E99C7] = $00    A:17FF X:0000 Y:0002 S:0364 D:0000 DB:7E P:B5 V:188 H:306
C90331 $05 $42         ORA $42 [000042] = $00          A:1700 X:0000 Y:0002 S:0364 D:0000 DB:7E P:37 V:188 H:318
C90333 $93 $10         STA ($10,S),Y [7E99C7] = $00    A:1700 X:0000 Y:0002 S:0364 D:0000 DB:7E P:37 V:188 H:323
C90335 $C2 $30         REP #$30                        A:1700 X:0000 Y:0002 S:0364 D:0000 DB:7E P:37 V:188 H:334
C90337 $FA             PLX                             A:1700 X:0000 Y:0002 S:0364 D:0000 DB:7E P:07 V:188 H:339
C90338 $7A             PLY                             A:1700 X:0008 Y:0002 S:0366 D:0000 DB:7E P:05 V:189 H:7  
C90339 $AB             PLB                             A:1700 X:0008 Y:4F8E S:0368 D:0000 DB:7E P:05 V:189 H:16 
C9033A $A3 $05         LDA $05,S [00036E] = $C603      A:1700 X:0008 Y:4F8E S:0369 D:0000 DB:7E P:05 V:189 H:22 
C9033C $83 $0B         STA $0B,S [000374] = $99C5      A:C603 X:0008 Y:4F8E S:0369 D:0000 DB:7E P:85 V:189 H:31 
C9033E $A3 $03         LDA $03,S [00036C] = $9007      A:C603 X:0008 Y:4F8E S:0369 D:0000 DB:7E P:85 V:189 H:39 
C90340 $83 $09         STA $09,S [000372] = $0003      A:9007 X:0008 Y:4F8E S:0369 D:0000 DB:7E P:85 V:189 H:48 
C90342 $A3 $01         LDA $01,S [00036A] = $0000      A:9007 X:0008 Y:4F8E S:0369 D:0000 DB:7E P:85 V:189 H:56 
C90344 $83 $07         STA $07,S [000370] = $7E00      A:0000 X:0008 Y:4F8E S:0369 D:0000 DB:7E P:07 V:189 H:65 
C90346 $3B             TSC                             A:0000 X:0008 Y:4F8E S:0369 D:0000 DB:7E P:07 V:189 H:73 
C90347 $18             CLC                             A:0369 X:0008 Y:4F8E S:0369 D:0000 DB:7E P:05 V:189 H:76 
C90348 $69 $06 $00     ADC #$0006                      A:0369 X:0008 Y:4F8E S:0369 D:0000 DB:7E P:04 V:189 H:79 
C9034B $1B             TCS                             A:036F X:0008 Y:4F8E S:0369 D:0000 DB:7E P:04 V:189 H:84 
C9034C $68             PLA                             A:036F X:0008 Y:4F8E S:036F D:0000 DB:7E P:04 V:189 H:87 
C9034D $28             PLP                             A:0000 X:0008 Y:4F8E S:0371 D:0000 DB:7E P:06 V:189 H:95 
C9034E $6B             RTL                             A:0000 X:0008 Y:4F8E S:0372 D:0000 DB:7E P:07 V:189 H:102
C60391 $9C $FF $99     STZ $99FF [7E99FF] = $0001      A:0000 X:0008 Y:4F8E S:0375 D:0000 DB:7E P:07 V:189 H:112
C60394 $22 $72 $05 $C9 JSL $C90572                     A:0000 X:0008 Y:4F8E S:0375 D:0000 DB:7E P:07 V:189 H:121
C90572 $08             PHP                             A:0000 X:0008 Y:4F8E S:0372 D:0000 DB:7E P:07 V:189 H:144
C90573 $8B             PHB                             A:0000 X:0008 Y:4F8E S:0371 D:0000 DB:7E P:07 V:189 H:149
C90574 $78             SEI                             A:0000 X:0008 Y:4F8E S:0370 D:0000 DB:7E P:07 V:189 H:154
C90575 $C2 $30         REP #$30                        A:0000 X:0008 Y:4F8E S:0370 D:0000 DB:7E P:07 V:189 H:157
C90577 $48             PHA                             A:0000 X:0008 Y:4F8E S:0370 D:0000 DB:7E P:07 V:189 H:162
C90578 $DA             PHX                             A:0000 X:0008 Y:4F8E S:036E D:0000 DB:7E P:07 V:189 H:169
C90579 $5A             PHY                             A:0000 X:0008 Y:4F8E S:036C D:0000 DB:7E P:07 V:189 H:176
C9057A $86 $40         STX $40 [000040] = $0000        A:0000 X:0008 Y:4F8E S:036A D:0000 DB:7E P:07 V:189 H:183
C9057C $E2 $30         SEP #$30                        A:0000 X:0008 Y:4F8E S:036A D:0000 DB:7E P:07 V:189 H:190
C9057E $A3 $0B         LDA $0B,S [000375] = $C6        A:0000 X:0008 Y:008E S:036A D:0000 DB:7E P:37 V:189 H:194
C90580 $48             PHA                             A:00C6 X:0008 Y:008E S:036A D:0000 DB:7E P:B5 V:189 H:201
C90581 $AB             PLB                             A:00C6 X:0008 Y:008E S:0369 D:0000 DB:7E P:B5 V:189 H:206
C90582 $A0 $01         LDY #$01                        A:00C6 X:0008 Y:008E S:036A D:0000 DB:C6 P:B5 V:189 H:212
C90584 $B3 $09         LDA ($09,S),Y [C60398] = $00    A:00C6 X:0008 Y:0001 S:036A D:0000 DB:C6 P:35 V:189 H:215
C90586 $F0 $03         BEQ $C9058B                     A:0000 X:0008 Y:0001 S:036A D:0000 DB:C6 P:37 V:189 H:227
C9058B $C2 $20         REP #$20                        A:0000 X:0008 Y:0001 S:036A D:0000 DB:C6 P:37 V:189 H:231
C9058D $A0 $02         LDY #$02                        A:0000 X:0008 Y:0001 S:036A D:0000 DB:C6 P:17 V:189 H:236
C9058F $B3 $09         LDA ($09,S),Y [C60399] = $0009  A:0000 X:0008 Y:0002 S:036A D:0000 DB:C6 P:15 V:189 H:239
C90591 $A2 $40         LDX #$40                        A:0009 X:0008 Y:0002 S:036A D:0000 DB:C6 P:15 V:189 H:252
C90593 $22 $46 $11 $C0 JSL $C01146                     A:0009 X:0040 Y:0002 S:036A D:0000 DB:C6 P:15 V:189 H:255
C01146 $08             PHP                             A:0009 X:0040 Y:0002 S:0367 D:0000 DB:C6 P:15 V:189 H:268
C01147 $E2 $20         SEP #$20                        A:0009 X:0040 Y:0002 S:0366 D:0000 DB:C6 P:15 V:189 H:273
C01149 $48             PHA                             A:0009 X:0040 Y:0002 S:0366 D:0000 DB:C6 P:35 V:189 H:294
C0114A $EB             XBA                             A:0009 X:0040 Y:0002 S:0365 D:0000 DB:C6 P:35 V:189 H:299
C0114B $48             PHA                             A:0900 X:0040 Y:0002 S:0365 D:0000 DB:C6 P:37 V:189 H:304
C0114C $B5 $01         LDA $01,X [000041] = $00        A:0900 X:0040 Y:0002 S:0364 D:0000 DB:C6 P:37 V:189 H:309
C0114E $48             PHA                             A:0900 X:0040 Y:0002 S:0364 D:0000 DB:C6 P:37 V:189 H:315
C0114F $A3 $03         LDA $03,S [000366] = $09        A:0900 X:0040 Y:0002 S:0363 D:0000 DB:C6 P:37 V:189 H:320
C01151 $EB             XBA                             A:0909 X:0040 Y:0002 S:0363 D:0000 DB:C6 P:35 V:189 H:326
C01152 $B5 $00         LDA $00,X [000040] = $08        A:0909 X:0040 Y:0002 S:0363 D:0000 DB:C6 P:35 V:189 H:330
C01154 $48             PHA                             A:0908 X:0040 Y:0002 S:0363 D:0000 DB:C6 P:35 V:189 H:337
C01155 $8F $02 $42 $00 STA $004202                     A:0908 X:0040 Y:0002 S:0362 D:0000 DB:C6 P:35 V:190 H:2  
C01159 $EB             XBA                             A:0908 X:0040 Y:0002 S:0362 D:0000 DB:C6 P:35 V:190 H:9  
C0115A $8F $03 $42 $00 STA $004203                     A:0809 X:0040 Y:0002 S:0362 D:0000 DB:C6 P:35 V:190 H:14 
C0115E $EA             NOP                             A:0809 X:0040 Y:0002 S:0362 D:0000 DB:C6 P:35 V:190 H:21 
C0115F $EA             NOP                             A:0809 X:0040 Y:0002 S:0362 D:0000 DB:C6 P:35 V:190 H:24 
C01160 $EA             NOP                             A:0809 X:0040 Y:0002 S:0362 D:0000 DB:C6 P:35 V:190 H:27 
C01161 $EA             NOP                             A:0809 X:0040 Y:0002 S:0362 D:0000 DB:C6 P:35 V:190 H:30 
C01162 $AF $16 $42 $00 LDA $004216                     A:0809 X:0040 Y:0002 S:0362 D:0000 DB:C6 P:35 V:190 H:33 
C01166 $95 $00         STA $00,X [000040] = $08        A:0848 X:0040 Y:0002 S:0362 D:0000 DB:C6 P:35 V:190 H:41 
C01168 $AF $17 $42 $00 LDA $004217                     A:0848 X:0040 Y:0002 S:0362 D:0000 DB:C6 P:35 V:190 H:47 
C0116C $95 $01         STA $01,X [000041] = $00        A:0800 X:0040 Y:0002 S:0362 D:0000 DB:C6 P:37 V:190 H:55 
C0116E $68             PLA                             A:0800 X:0040 Y:0002 S:0362 D:0000 DB:C6 P:37 V:190 H:61 
C0116F $EB             XBA                             A:0808 X:0040 Y:0002 S:0363 D:0000 DB:C6 P:35 V:190 H:68 
C01170 $A3 $02         LDA $02,S [000365] = $00        A:0808 X:0040 Y:0002 S:0363 D:0000 DB:C6 P:35 V:190 H:72 
C01172 $8F $02 $42 $00 STA $004202                     A:0800 X:0040 Y:0002 S:0363 D:0000 DB:C6 P:37 V:190 H:79 
C01176 $EB             XBA                             A:0800 X:0040 Y:0002 S:0363 D:0000 DB:C6 P:37 V:190 H:86 
C01177 $8F $03 $42 $00 STA $004203                     A:0008 X:0040 Y:0002 S:0363 D:0000 DB:C6 P:35 V:190 H:91 
C0117B $EA             NOP                             A:0008 X:0040 Y:0002 S:0363 D:0000 DB:C6 P:35 V:190 H:98 
C0117C $EA             NOP                             A:0008 X:0040 Y:0002 S:0363 D:0000 DB:C6 P:35 V:190 H:101
C0117D $EA             NOP                             A:0008 X:0040 Y:0002 S:0363 D:0000 DB:C6 P:35 V:190 H:104
C0117E $EA             NOP                             A:0008 X:0040 Y:0002 S:0363 D:0000 DB:C6 P:35 V:190 H:107
C0117F $AF $16 $42 $00 LDA $004216                     A:0008 X:0040 Y:0002 S:0363 D:0000 DB:C6 P:35 V:190 H:110
C01183 $18             CLC                             A:0000 X:0040 Y:0002 S:0363 D:0000 DB:C6 P:37 V:190 H:118
C01184 $75 $01         ADC $01,X [000041] = $00        A:0000 X:0040 Y:0002 S:0363 D:0000 DB:C6 P:36 V:190 H:121
C01186 $95 $01         STA $01,X [000041] = $00        A:0000 X:0040 Y:0002 S:0363 D:0000 DB:C6 P:36 V:190 H:127
C01188 $AF $17 $42 $00 LDA $004217                     A:0000 X:0040 Y:0002 S:0363 D:0000 DB:C6 P:36 V:190 H:134
C0118C $69 $00         ADC #$00                        A:0000 X:0040 Y:0002 S:0363 D:0000 DB:C6 P:36 V:190 H:151
C0118E $95 $02         STA $02,X [000042] = $00        A:0000 X:0040 Y:0002 S:0363 D:0000 DB:C6 P:36 V:190 H:154
C01190 $A3 $01         LDA $01,S [000364] = $00        A:0000 X:0040 Y:0002 S:0363 D:0000 DB:C6 P:36 V:190 H:161
C01192 $EB             XBA                             A:0000 X:0040 Y:0002 S:0363 D:0000 DB:C6 P:36 V:190 H:167
C01193 $A3 $03         LDA $03,S [000366] = $09        A:0000 X:0040 Y:0002 S:0363 D:0000 DB:C6 P:36 V:190 H:172
C01195 $8F $02 $42 $00 STA $004202                     A:0009 X:0040 Y:0002 S:0363 D:0000 DB:C6 P:34 V:190 H:178
C01199 $EB             XBA                             A:0009 X:0040 Y:0002 S:0363 D:0000 DB:C6 P:34 V:190 H:186
C0119A $8F $03 $42 $00 STA $004203                     A:0900 X:0040 Y:0002 S:0363 D:0000 DB:C6 P:36 V:190 H:190
C0119E $EA             NOP                             A:0900 X:0040 Y:0002 S:0363 D:0000 DB:C6 P:36 V:190 H:198
C0119F $EA             NOP                             A:0900 X:0040 Y:0002 S:0363 D:0000 DB:C6 P:36 V:190 H:201
C011A0 $EA             NOP                             A:0900 X:0040 Y:0002 S:0363 D:0000 DB:C6 P:36 V:190 H:204
C011A1 $EA             NOP                             A:0900 X:0040 Y:0002 S:0363 D:0000 DB:C6 P:36 V:190 H:207
C011A2 $AF $16 $42 $00 LDA $004216                     A:0900 X:0040 Y:0002 S:0363 D:0000 DB:C6 P:36 V:190 H:210
C011A6 $18             CLC                             A:0900 X:0040 Y:0002 S:0363 D:0000 DB:C6 P:36 V:190 H:217
C011A7 $75 $01         ADC $01,X [000041] = $00        A:0900 X:0040 Y:0002 S:0363 D:0000 DB:C6 P:36 V:190 H:220
C011A9 $95 $01         STA $01,X [000041] = $00        A:0900 X:0040 Y:0002 S:0363 D:0000 DB:C6 P:36 V:190 H:227
C011AB $AF $17 $42 $00 LDA $004217                     A:0900 X:0040 Y:0002 S:0363 D:0000 DB:C6 P:36 V:190 H:233
C011AF $75 $02         ADC $02,X [000042] = $00        A:0900 X:0040 Y:0002 S:0363 D:0000 DB:C6 P:36 V:190 H:241
C011B1 $95 $02         STA $02,X [000042] = $00        A:0900 X:0040 Y:0002 S:0363 D:0000 DB:C6 P:36 V:190 H:247
C011B3 $A9 $00         LDA #$00                        A:0900 X:0040 Y:0002 S:0363 D:0000 DB:C6 P:36 V:190 H:254
C011B5 $2A             ROL                             A:0900 X:0040 Y:0002 S:0363 D:0000 DB:C6 P:36 V:190 H:257
C011B6 $95 $03         STA $03,X [000043] = $00        A:0900 X:0040 Y:0002 S:0363 D:0000 DB:C6 P:36 V:190 H:260
C011B8 $A3 $01         LDA $01,S [000364] = $00        A:0900 X:0040 Y:0002 S:0363 D:0000 DB:C6 P:36 V:190 H:266
C011BA $EB             XBA                             A:0900 X:0040 Y:0002 S:0363 D:0000 DB:C6 P:36 V:190 H:273
C011BB $A3 $02         LDA $02,S [000365] = $00        A:0009 X:0040 Y:0002 S:0363 D:0000 DB:C6 P:34 V:190 H:294
C011BD $8F $02 $42 $00 STA $004202                     A:0000 X:0040 Y:0002 S:0363 D:0000 DB:C6 P:36 V:190 H:300
C011C1 $EB             XBA                             A:0000 X:0040 Y:0002 S:0363 D:0000 DB:C6 P:36 V:190 H:308
C011C2 $8F $03 $42 $00 STA $004203                     A:0000 X:0040 Y:0002 S:0363 D:0000 DB:C6 P:36 V:190 H:312
C011C6 $EA             NOP                             A:0000 X:0040 Y:0002 S:0363 D:0000 DB:C6 P:36 V:190 H:320
C011C7 $EA             NOP                             A:0000 X:0040 Y:0002 S:0363 D:0000 DB:C6 P:36 V:190 H:323
C011C8 $EA             NOP                             A:0000 X:0040 Y:0002 S:0363 D:0000 DB:C6 P:36 V:190 H:325
C011C9 $EA             NOP                             A:0000 X:0040 Y:0002 S:0363 D:0000 DB:C6 P:36 V:190 H:328
C011CA $AF $16 $42 $00 LDA $004216                     A:0000 X:0040 Y:0002 S:0363 D:0000 DB:C6 P:36 V:190 H:331
C011CE $18             CLC                             A:0000 X:0040 Y:0002 S:0363 D:0000 DB:C6 P:36 V:190 H:338
C011CF $75 $02         ADC $02,X [000042] = $00        A:0000 X:0040 Y:0002 S:0363 D:0000 DB:C6 P:36 V:191 H:1  
C011D1 $95 $02         STA $02,X [000042] = $00        A:0000 X:0040 Y:0002 S:0363 D:0000 DB:C6 P:36 V:191 H:8  
C011D3 $AF $17 $42 $00 LDA $004217                     A:0000 X:0040 Y:0002 S:0363 D:0000 DB:C6 P:36 V:191 H:14 
C011D7 $75 $03         ADC $03,X [000043] = $00        A:0000 X:0040 Y:0002 S:0363 D:0000 DB:C6 P:36 V:191 H:22 
C011D9 $95 $03         STA $03,X [000043] = $00        A:0000 X:0040 Y:0002 S:0363 D:0000 DB:C6 P:36 V:191 H:28 
C011DB $68             PLA                             A:0000 X:0040 Y:0002 S:0363 D:0000 DB:C6 P:36 V:191 H:35 
C011DC $68             PLA                             A:0000 X:0040 Y:0002 S:0364 D:0000 DB:C6 P:36 V:191 H:41 
C011DD $EB             XBA                             A:0000 X:0040 Y:0002 S:0365 D:0000 DB:C6 P:36 V:191 H:48 
C011DE $68             PLA                             A:0000 X:0040 Y:0002 S:0365 D:0000 DB:C6 P:36 V:191 H:52 
C011DF $28             PLP                             A:0009 X:0040 Y:0002 S:0366 D:0000 DB:C6 P:34 V:191 H:59 
C011E0 $6B             RTL                             A:0009 X:0040 Y:0002 S:0367 D:0000 DB:C6 P:15 V:191 H:65 
C90597 $A0 $04         LDY #$04                        A:0009 X:0040 Y:0002 S:036A D:0000 DB:C6 P:15 V:191 H:76 
C90599 $B3 $09         LDA ($09,S),Y [C6039B] = $A6D4  A:0009 X:0040 Y:0004 S:036A D:0000 DB:C6 P:15 V:191 H:79 
C9059B $A0 $07         LDY #$07                        A:A6D4 X:0040 Y:0004 S:036A D:0000 DB:C6 P:95 V:191 H:92 
C9059D $18             CLC                             A:A6D4 X:0040 Y:0007 S:036A D:0000 DB:C6 P:15 V:191 H:95 
C9059E $73 $09         ADC ($09,S),Y [C6039E] = $0002  A:A6D4 X:0040 Y:0007 S:036A D:0000 DB:C6 P:14 V:191 H:98 
C905A0 $90 $03         BCC $C905A5                     A:A6D6 X:0040 Y:0007 S:036A D:0000 DB:C6 P:94 V:191 H:111
C905A5 $65 $40         ADC $40 [000040] = $0048        A:A6D6 X:0040 Y:0007 S:036A D:0000 DB:C6 P:94 V:191 H:115
C905A7 $85 $40         STA $40 [000040] = $0048        A:A71E X:0040 Y:0007 S:036A D:0000 DB:C6 P:94 V:191 H:122
C905A9 $90 $02         BCC $C905AD                     A:A71E X:0040 Y:0007 S:036A D:0000 DB:C6 P:94 V:191 H:129
C905AD $E2 $20         SEP #$20                        A:A71E X:0040 Y:0007 S:036A D:0000 DB:C6 P:94 V:191 H:144
C905AF $A0 $06         LDY #$06                        A:A71E X:0040 Y:0007 S:036A D:0000 DB:C6 P:B4 V:191 H:148
C905B1 $B3 $09         LDA ($09,S),Y [C6039D] = $C8    A:A71E X:0040 Y:0006 S:036A D:0000 DB:C6 P:34 V:191 H:151
C905B3 $18             CLC                             A:A7C8 X:0040 Y:0006 S:036A D:0000 DB:C6 P:B4 V:191 H:163
C905B4 $65 $42         ADC $42 [000042] = $00          A:A7C8 X:0040 Y:0006 S:036A D:0000 DB:C6 P:B4 V:191 H:166
C905B6 $85 $42         STA $42 [000042] = $00          A:A7C8 X:0040 Y:0006 S:036A D:0000 DB:C6 P:B4 V:191 H:171
C905B8 $C2 $30         REP #$30                        A:A7C8 X:0040 Y:0006 S:036A D:0000 DB:C6 P:B4 V:191 H:176
C905BA $A7 $40         LDA [$40] [C8A71E] = $0002      A:A7C8 X:0040 Y:0006 S:036A D:0000 DB:C6 P:84 V:191 H:180
C905BC $AA             TAX                             A:0002 X:0040 Y:0006 S:036A D:0000 DB:C6 P:04 V:191 H:192
C905BD $A0 $01 $00     LDY #$0001                      A:0002 X:0002 Y:0006 S:036A D:0000 DB:C6 P:04 V:191 H:195
C905C0 $B7 $40         LDA [$40],Y [C8A71F] = $0000    A:0002 X:0002 Y:0001 S:036A D:0000 DB:C6 P:04 V:191 H:200
C905C2 $85 $41         STA $41 [000041] = $C8A7        A:0000 X:0002 Y:0001 S:036A D:0000 DB:C6 P:06 V:191 H:212
C905C4 $8A             TXA                             A:0000 X:0002 Y:0001 S:036A D:0000 DB:C6 P:06 V:191 H:219
C905C5 $85 $40         STA $40 [000040] = $001E        A:0002 X:0002 Y:0001 S:036A D:0000 DB:C6 P:04 V:191 H:222
C905C7 $A0 $0A $00     LDY #$000A                      A:0002 X:0002 Y:0001 S:036A D:0000 DB:C6 P:04 V:191 H:229
C905CA $B3 $09         LDA ($09,S),Y [C603A1] = $0000  A:0002 X:0002 Y:000A S:036A D:0000 DB:C6 P:04 V:191 H:233
C905CC $29 $00 $FF     AND #$FF00                      A:0000 X:0002 Y:000A S:036A D:0000 DB:C6 P:06 V:191 H:246
C905CF $D0 $14         BNE $C905E5                     A:0000 X:0002 Y:000A S:036A D:0000 DB:C6 P:06 V:191 H:251
C905D1 $A5 $40         LDA $40 [000040] = $0002        A:0000 X:0002 Y:000A S:036A D:0000 DB:C6 P:06 V:191 H:254
C905D3 $A0 $09 $00     LDY #$0009                      A:0002 X:0002 Y:000A S:036A D:0000 DB:C6 P:04 V:191 H:261
C905D6 $33 $09         AND ($09,S),Y [C603A0] = $0001  A:0002 X:0002 Y:0009 S:036A D:0000 DB:C6 P:04 V:191 H:265
C905D8 $85 $40         STA $40 [000040] = $0002        A:0000 X:0002 Y:0009 S:036A D:0000 DB:C6 P:06 V:191 H:317
C905DA $B3 $09         LDA ($09,S),Y [C603A0] = $0001  A:0000 X:0002 Y:0009 S:036A D:0000 DB:C6 P:06 V:191 H:324
C905DC $F0 $22         BEQ $C90600                     A:0001 X:0002 Y:0009 S:036A D:0000 DB:C6 P:04 V:191 H:336
C905DE $4A             LSR                             A:0001 X:0002 Y:0009 S:036A D:0000 DB:C6 P:04 V:191 H:339
C905DF $B0 $1F         BCS $C90600                     A:0000 X:0002 Y:0009 S:036A D:0000 DB:C6 P:07 V:192 H:2  
C90600 $A3 $09         LDA $09,S [000373] = $0397      A:0000 X:0002 Y:0009 S:036A D:0000 DB:C6 P:07 V:192 H:7  
C90602 $18             CLC                             A:0397 X:0002 Y:0009 S:036A D:0000 DB:C6 P:05 V:192 H:15 
C90603 $69 $0B $00     ADC #$000B                      A:0397 X:0002 Y:0009 S:036A D:0000 DB:C6 P:04 V:192 H:18 
C90606 $83 $09         STA $09,S [000373] = $0397      A:03A2 X:0002 Y:0009 S:036A D:0000 DB:C6 P:04 V:192 H:23 
C90608 $7A             PLY                             A:03A2 X:0002 Y:0009 S:036A D:0000 DB:C6 P:04 V:192 H:31 
C90609 $FA             PLX                             A:03A2 X:0002 Y:4F8E S:036C D:0000 DB:C6 P:04 V:192 H:40 
C9060A $68             PLA                             A:03A2 X:0008 Y:4F8E S:036E D:0000 DB:C6 P:04 V:192 H:48 
C9060B $AB             PLB                             A:0000 X:0008 Y:4F8E S:0370 D:0000 DB:C6 P:06 V:192 H:57 
C9060C $28             PLP                             A:0000 X:0008 Y:4F8E S:0371 D:0000 DB:7E P:04 V:192 H:63 
C9060D $A5 $40         LDA $40 [000040] = $0000        A:0000 X:0008 Y:4F8E S:0372 D:0000 DB:7E P:07 V:192 H:70 
C9060F $6B             RTL                             A:0000 X:0008 Y:4F8E S:0372 D:0000 DB:7E P:07 V:192 H:77 
C603A3 $C9 $01 $00     CMP #$0001                      A:0000 X:0008 Y:4F8E S:0375 D:0000 DB:7E P:07 V:192 H:87 
C603A6 $F0 $03         BEQ $C603AB                     A:0000 X:0008 Y:4F8E S:0375 D:0000 DB:7E P:84 V:192 H:92 
C603A8 $EE $FF $99     INC $99FF [7E99FF] = $0000      A:0000 X:0008 Y:4F8E S:0375 D:0000 DB:7E P:84 V:192 H:95 
C603AB $9C $B7 $99     STZ $99B7 [7E99B7] = $0000      A:0000 X:0008 Y:4F8E S:0375 D:0000 DB:7E P:04 V:192 H:109
C603AE $60             RTS                             A:0000 X:0008 Y:4F8E S:0375 D:0000 DB:7E P:04 V:192 H:117
C6029D $20 $AF $03     JSR $03AF [C603AF] = $02A9      A:0000 X:0008 Y:4F8E S:0377 D:0000 DB:7E P:04 V:192 H:127
C603AF $A9 $02 $00     LDA #$0002                      A:0000 X:0008 Y:4F8E S:0375 D:0000 DB:7E P:04 V:192 H:147
C603B2 $8D $73 $98     STA $9873 [7E9873] = $0002      A:0002 X:0008 Y:4F8E S:0375 D:0000 DB:7E P:04 V:192 H:152
C603B5 $A9 $00 $00     LDA #$0000                      A:0002 X:0008 Y:4F8E S:0375 D:0000 DB:7E P:04 V:192 H:160
C603B8 $8D $75 $98     STA $9875 [7E9875] = $0000      A:0000 X:0008 Y:4F8E S:0375 D:0000 DB:7E P:06 V:192 H:165
C603BB $9C $77 $98     STZ $9877 [7E9877] = $0000      A:0000 X:0008 Y:4F8E S:0375 D:0000 DB:7E P:06 V:192 H:173
C603BE $A9 $02 $00     LDA #$0002                      A:0000 X:0008 Y:4F8E S:0375 D:0000 DB:7E P:06 V:192 H:182
C603C1 $09 $10 $00     ORA #$0010                      A:0002 X:0008 Y:4F8E S:0375 D:0000 DB:7E P:04 V:192 H:186
C603C4 $09 $20 $00     ORA #$0020                      A:0012 X:0008 Y:4F8E S:0375 D:0000 DB:7E P:04 V:192 H:191
C603C7 $8D $79 $98     STA $9879 [7E9879] = $0832      A:0032 X:0008 Y:4F8E S:0375 D:0000 DB:7E P:04 V:192 H:195
C603CA $A9 $14 $00     LDA #$0014                      A:0032 X:0008 Y:4F8E S:0375 D:0000 DB:7E P:04 V:192 H:204
C603CD $8D $71 $98     STA $9871 [7E9871] = $0014      A:0014 X:0008 Y:4F8E S:0375 D:0000 DB:7E P:04 V:192 H:208
C603D0 $A9 $04 $00     LDA #$0004                      A:0014 X:0008 Y:4F8E S:0375 D:0000 DB:7E P:04 V:192 H:217
C603D3 $E2 $20         SEP #$20                        A:0004 X:0008 Y:4F8E S:0375 D:0000 DB:7E P:04 V:192 H:221
C603D5 $EB             XBA                             A:0004 X:0008 Y:4F8E S:0375 D:0000 DB:7E P:24 V:192 H:226
C603D6 $A9 $14         LDA #$14                        A:0400 X:0008 Y:4F8E S:0375 D:0000 DB:7E P:26 V:192 H:230
C603D8 $22 $98 $10 $C0 JSL $C01098                     A:0414 X:0008 Y:4F8E S:0375 D:0000 DB:7E P:24 V:192 H:233
C01098 $08             PHP                             A:0414 X:0008 Y:4F8E S:0372 D:0000 DB:7E P:24 V:192 H:247
C01099 $78             SEI                             A:0414 X:0008 Y:4F8E S:0371 D:0000 DB:7E P:24 V:192 H:252
C0109A $E2 $20         SEP #$20                        A:0414 X:0008 Y:4F8E S:0371 D:0000 DB:7E P:24 V:192 H:255
C0109C $8F $02 $42 $00 STA $004202                     A:0414 X:0008 Y:4F8E S:0371 D:0000 DB:7E P:24 V:192 H:259
C010A0 $EB             XBA                             A:0414 X:0008 Y:4F8E S:0371 D:0000 DB:7E P:24 V:192 H:267
C010A1 $8F $03 $42 $00 STA $004203                     A:1404 X:0008 Y:4F8E S:0371 D:0000 DB:7E P:24 V:192 H:271
C010A5 $EA             NOP                             A:1404 X:0008 Y:4F8E S:0371 D:0000 DB:7E P:24 V:192 H:321
C010A6 $EA             NOP                             A:1404 X:0008 Y:4F8E S:0371 D:0000 DB:7E P:24 V:192 H:323
C010A7 $EA             NOP                             A:1404 X:0008 Y:4F8E S:0371 D:0000 DB:7E P:24 V:192 H:326
C010A8 $EA             NOP                             A:1404 X:0008 Y:4F8E S:0371 D:0000 DB:7E P:24 V:192 H:329
C010A9 $AF $17 $42 $00 LDA $004217                     A:1404 X:0008 Y:4F8E S:0371 D:0000 DB:7E P:24 V:192 H:332
C010AD $EB             XBA                             A:1400 X:0008 Y:4F8E S:0371 D:0000 DB:7E P:26 V:192 H:339
C010AE $AF $16 $42 $00 LDA $004216                     A:0014 X:0008 Y:4F8E S:0371 D:0000 DB:7E P:24 V:193 H:4  
C010B2 $28             PLP                             A:0050 X:0008 Y:4F8E S:0371 D:0000 DB:7E P:24 V:193 H:11 
C010B3 $6B             RTL                             A:0050 X:0008 Y:4F8E S:0372 D:0000 DB:7E P:24 V:193 H:18 
C603DC $C2 $20         REP #$20                        A:0050 X:0008 Y:4F8E S:0375 D:0000 DB:7E P:24 V:193 H:28 
C603DE $8D $6D $98     STA $986D [7E986D] = $0050      A:0050 X:0008 Y:4F8E S:0375 D:0000 DB:7E P:04 V:193 H:33 
C603E1 $60             RTS                             A:0050 X:0008 Y:4F8E S:0375 D:0000 DB:7E P:04 V:193 H:41 
C602A0 $20 $E2 $03     JSR $03E2 [C603E2] = $10A9      A:0050 X:0008 Y:4F8E S:0377 D:0000 DB:7E P:04 V:193 H:51 
C603E2 $A9 $10 $00     LDA #$0010                      A:0050 X:0008 Y:4F8E S:0375 D:0000 DB:7E P:04 V:193 H:61 
C603E5 $8D $A7 $98     STA $98A7 [7E98A7] = $0010      A:0010 X:0008 Y:4F8E S:0375 D:0000 DB:7E P:04 V:193 H:66 
C603E8 $8D $A9 $98     STA $98A9 [7E98A9] = $0010      A:0010 X:0008 Y:4F8E S:0375 D:0000 DB:7E P:04 V:193 H:74 
C603EB $8D $AB $98     STA $98AB [7E98AB] = $0010      A:0010 X:0008 Y:4F8E S:0375 D:0000 DB:7E P:04 V:193 H:83 
C603EE $8D $AD $98     STA $98AD [7E98AD] = $0010      A:0010 X:0008 Y:4F8E S:0375 D:0000 DB:7E P:04 V:193 H:91 
C603F1 $60             RTS                             A:0010 X:0008 Y:4F8E S:0375 D:0000 DB:7E P:04 V:193 H:100
C602A3 $20 $F2 $03     JSR $03F2 [C603F2] = $00A9      A:0010 X:0008 Y:4F8E S:0377 D:0000 DB:7E P:04 V:193 H:110
C603F2 $A9 $00 $00     LDA #$0000                      A:0010 X:0008 Y:4F8E S:0375 D:0000 DB:7E P:04 V:193 H:120
C603F5 $8D $AF $98     STA $98AF [7E98AF] = $0000      A:0000 X:0008 Y:4F8E S:0375 D:0000 DB:7E P:06 V:193 H:124
C603F8 $A9 $00 $00     LDA #$0000                      A:0000 X:0008 Y:4F8E S:0375 D:0000 DB:7E P:06 V:193 H:133
C603FB $8D $B1 $98     STA $98B1 [7E98B1] = $0000      A:0000 X:0008 Y:4F8E S:0375 D:0000 DB:7E P:06 V:193 H:147
C603FE $60             RTS                             A:0000 X:0008 Y:4F8E S:0375 D:0000 DB:7E P:06 V:193 H:156
C602A6 $20 $FF $03     JSR $03FF [C603FF] = $52AD      A:0000 X:0008 Y:4F8E S:0377 D:0000 DB:7E P:06 V:193 H:166
C603FF $AD $52 $98     LDA $9852 [7E9852] = $0158      A:0000 X:0008 Y:4F8E S:0375 D:0000 DB:7E P:06 V:193 H:176
C60402 $8D $58 $98     STA $9858 [7E9858] = $0828      A:0158 X:0008 Y:4F8E S:0375 D:0000 DB:7E P:04 V:193 H:184
C60405 $AD $54 $98     LDA $9854 [7E9854] = $01B5      A:0158 X:0008 Y:4F8E S:0375 D:0000 DB:7E P:04 V:193 H:193
C60408 $8D $5A $98     STA $985A [7E985A] = $0A40      A:01B5 X:0008 Y:4F8E S:0375 D:0000 DB:7E P:04 V:193 H:201
C6040B $AD $6D $98     LDA $986D [7E986D] = $0050      A:01B5 X:0008 Y:4F8E S:0375 D:0000 DB:7E P:04 V:193 H:210
C6040E $AA             TAX                             A:0050 X:0008 Y:4F8E S:0375 D:0000 DB:7E P:04 V:193 H:218
C6040F $BF $0F $C0 $C8 LDA $C8C00F,X [C8C05F] = $0200  A:0050 X:0050 Y:4F8E S:0375 D:0000 DB:7E P:04 V:193 H:221
C60413 $8F $DC $E2 $7F STA $7FE2DC                     A:0200 X:0050 Y:4F8E S:0375 D:0000 DB:7E P:04 V:193 H:230
C60417 $A9 $00 $01     LDA #$0100                      A:0200 X:0050 Y:4F8E S:0375 D:0000 DB:7E P:04 V:193 H:240
C6041A $8F $DE $E2 $7F STA $7FE2DE                     A:0100 X:0050 Y:4F8E S:0375 D:0000 DB:7E P:04 V:193 H:245
C6041E $8F $EA $E2 $7F STA $7FE2EA                     A:0100 X:0050 Y:4F8E S:0375 D:0000 DB:7E P:04 V:193 H:255
C60422 $8F $E0 $E2 $7F STA $7FE2E0                     A:0100 X:0050 Y:4F8E S:0375 D:0000 DB:7E P:04 V:193 H:265
C60426 $8F $EC $E2 $7F STA $7FE2EC                     A:0100 X:0050 Y:4F8E S:0375 D:0000 DB:7E P:04 V:193 H:275
C6042A $8F $E2 $E2 $7F STA $7FE2E2                     A:0100 X:0050 Y:4F8E S:0375 D:0000 DB:7E P:04 V:193 H:301
C6042E $8F $EE $E2 $7F STA $7FE2EE                     A:0100 X:0050 Y:4F8E S:0375 D:0000 DB:7E P:04 V:193 H:311
C60432 $8F $E6 $E2 $7F STA $7FE2E6                     A:0100 X:0050 Y:4F8E S:0375 D:0000 DB:7E P:04 V:193 H:321
C60436 $8F $F2 $E2 $7F STA $7FE2F2                     A:0100 X:0050 Y:4F8E S:0375 D:0000 DB:7E P:04 V:193 H:330
C6043A $A9 $00 $00     LDA #$0000                      A:0100 X:0050 Y:4F8E S:0375 D:0000 DB:7E P:04 V:194 H:0  
C6043D $8F $E4 $E2 $7F STA $7FE2E4                     A:0000 X:0050 Y:4F8E S:0375 D:0000 DB:7E P:06 V:194 H:5  
C60441 $8F $F0 $E2 $7F STA $7FE2F0                     A:0000 X:0050 Y:4F8E S:0375 D:0000 DB:7E P:06 V:194 H:15 
C60445 $A9 $FF $FF     LDA #$FFFF                      A:0000 X:0050 Y:4F8E S:0375 D:0000 DB:7E P:06 V:194 H:25 
C60448 $8D $9F $99     STA $999F [7E999F] = $FFFE      A:FFFF X:0050 Y:4F8E S:0375 D:0000 DB:7E P:84 V:194 H:29 
C6044B $8D $A1 $99     STA $99A1 [7E99A1] = $FFFE      A:FFFF X:0050 Y:4F8E S:0375 D:0000 DB:7E P:84 V:194 H:38 
C6044E $8D $A3 $99     STA $99A3 [7E99A3] = $FFFE      A:FFFF X:0050 Y:4F8E S:0375 D:0000 DB:7E P:84 V:194 H:46 
C60451 $8D $A5 $99     STA $99A5 [7E99A5] = $FFFE      A:FFFF X:0050 Y:4F8E S:0375 D:0000 DB:7E P:84 V:194 H:55 
C60454 $60             RTS                             A:FFFF X:0050 Y:4F8E S:0375 D:0000 DB:7E P:84 V:194 H:63 
C602A9 $20 $A0 $04     JSR $04A0 [C604A0] = $01A9      A:FFFF X:0050 Y:4F8E S:0377 D:0000 DB:7E P:84 V:194 H:73 
C604A0 $A9 $01 $00     LDA #$0001                      A:FFFF X:0050 Y:4F8E S:0375 D:0000 DB:7E P:84 V:194 H:83 
C604A3 $8D $7B $98     STA $987B [7E987B] = $0001      A:0001 X:0050 Y:4F8E S:0375 D:0000 DB:7E P:04 V:194 H:88 
C604A6 $60             RTS                             A:0001 X:0050 Y:4F8E S:0375 D:0000 DB:7E P:04 V:194 H:96 
C602AC $20 $9F $04     JSR $049F [C6049F] = $A960      A:0001 X:0050 Y:4F8E S:0377 D:0000 DB:7E P:04 V:194 H:106
C6049F $60             RTS                             A:0001 X:0050 Y:4F8E S:0375 D:0000 DB:7E P:04 V:194 H:116
C602AF $20 $A7 $04     JSR $04A7 [C604A7] = $00A9      A:0001 X:0050 Y:4F8E S:0377 D:0000 DB:7E P:04 V:194 H:126
C604A7 $A9 $00 $00     LDA #$0000                      A:0001 X:0050 Y:4F8E S:0375 D:0000 DB:7E P:04 V:194 H:146
C604AA $A2 $04 $00     LDX #$0004                      A:0000 X:0050 Y:4F8E S:0375 D:0000 DB:7E P:06 V:194 H:151
C604AD $A0 $B3 $98     LDY #$98B3                      A:0000 X:0004 Y:4F8E S:0375 D:0000 DB:7E P:04 V:194 H:155
C604B0 $20 $0E $05     JSR $050E [C6050E] = $CACA      A:0000 X:0004 Y:98B3 S:0375 D:0000 DB:7E P:84 V:194 H:160
C6050E $CA             DEX                             A:0000 X:0004 Y:98B3 S:0373 D:0000 DB:7E P:84 V:194 H:170
C6050F $CA             DEX                             A:0000 X:0003 Y:98B3 S:0373 D:0000 DB:7E P:04 V:194 H:173
C60510 $30 $09         BMI $C6051B                     A:0000 X:0002 Y:98B3 S:0373 D:0000 DB:7E P:04 V:194 H:176
C60512 $99 $00 $00     STA $0000,Y [7E98B3] = $0000    A:0000 X:0002 Y:98B3 S:0373 D:0000 DB:7E P:04 V:194 H:179
C60515 $C8             INY                             A:0000 X:0002 Y:98B3 S:0373 D:0000 DB:7E P:04 V:194 H:189
C60516 $C8             INY                             A:0000 X:0002 Y:98B4 S:0373 D:0000 DB:7E P:84 V:194 H:192
C60517 $CA             DEX                             A:0000 X:0002 Y:98B5 S:0373 D:0000 DB:7E P:84 V:194 H:195
C60518 $CA             DEX                             A:0000 X:0001 Y:98B5 S:0373 D:0000 DB:7E P:04 V:194 H:198
C60519 $10 $F7         BPL $C60512                     A:0000 X:0000 Y:98B5 S:0373 D:0000 DB:7E P:06 V:194 H:201
C60512 $99 $00 $00     STA $0000,Y [7E98B5] = $0000    A:0000 X:0000 Y:98B5 S:0373 D:0000 DB:7E P:06 V:194 H:205
C60515 $C8             INY                             A:0000 X:0000 Y:98B5 S:0373 D:0000 DB:7E P:06 V:194 H:215
C60516 $C8             INY                             A:0000 X:0000 Y:98B6 S:0373 D:0000 DB:7E P:84 V:194 H:218
C60517 $CA             DEX                             A:0000 X:0000 Y:98B7 S:0373 D:0000 DB:7E P:84 V:194 H:221
C60518 $CA             DEX                             A:0000 X:FFFF Y:98B7 S:0373 D:0000 DB:7E P:84 V:194 H:224
C60519 $10 $F7         BPL $C60512                     A:0000 X:FFFE Y:98B7 S:0373 D:0000 DB:7E P:84 V:194 H:227
C6051B $60             RTS                             A:0000 X:FFFE Y:98B7 S:0373 D:0000 DB:7E P:84 V:194 H:230
C604B3 $A9 $00 $00     LDA #$0000                      A:0000 X:FFFE Y:98B7 S:0375 D:0000 DB:7E P:84 V:194 H:240
C604B6 $A2 $04 $00     LDX #$0004                      A:0000 X:FFFE Y:98B7 S:0375 D:0000 DB:7E P:06 V:194 H:245
C604B9 $A0 $C7 $98     LDY #$98C7                      A:0000 X:0004 Y:98B7 S:0375 D:0000 DB:7E P:04 V:194 H:249
C604BC $20 $0E $05     JSR $050E [C6050E] = $CACA      A:0000 X:0004 Y:98C7 S:0375 D:0000 DB:7E P:84 V:194 H:254
C6050E $CA             DEX                             A:0000 X:0004 Y:98C7 S:0373 D:0000 DB:7E P:84 V:194 H:264
C6050F $CA             DEX                             A:0000 X:0003 Y:98C7 S:0373 D:0000 DB:7E P:04 V:194 H:267
C60510 $30 $09         BMI $C6051B                     A:0000 X:0002 Y:98C7 S:0373 D:0000 DB:7E P:04 V:194 H:270
C60512 $99 $00 $00     STA $0000,Y [7E98C7] = $0000    A:0000 X:0002 Y:98C7 S:0373 D:0000 DB:7E P:04 V:194 H:273
C60515 $C8             INY                             A:0000 X:0002 Y:98C7 S:0373 D:0000 DB:7E P:04 V:194 H:299
C60516 $C8             INY                             A:0000 X:0002 Y:98C8 S:0373 D:0000 DB:7E P:84 V:194 H:302
C60517 $CA             DEX                             A:0000 X:0002 Y:98C9 S:0373 D:0000 DB:7E P:84 V:194 H:305
C60518 $CA             DEX                             A:0000 X:0001 Y:98C9 S:0373 D:0000 DB:7E P:04 V:194 H:308
C60519 $10 $F7         BPL $C60512                     A:0000 X:0000 Y:98C9 S:0373 D:0000 DB:7E P:06 V:194 H:311
C60512 $99 $00 $00     STA $0000,Y [7E98C9] = $0000    A:0000 X:0000 Y:98C9 S:0373 D:0000 DB:7E P:06 V:194 H:316
C60515 $C8             INY                             A:0000 X:0000 Y:98C9 S:0373 D:0000 DB:7E P:06 V:194 H:325
C60516 $C8             INY                             A:0000 X:0000 Y:98CA S:0373 D:0000 DB:7E P:84 V:194 H:328
C60517 $CA             DEX                             A:0000 X:0000 Y:98CB S:0373 D:0000 DB:7E P:84 V:194 H:331
C60518 $CA             DEX                             A:0000 X:FFFF Y:98CB S:0373 D:0000 DB:7E P:84 V:194 H:334
C60519 $10 $F7         BPL $C60512                     A:0000 X:FFFE Y:98CB S:0373 D:0000 DB:7E P:84 V:194 H:337
C6051B $60             RTS                             A:0000 X:FFFE Y:98CB S:0373 D:0000 DB:7E P:84 V:195 H:0  
C604BF $A9 $00 $00     LDA #$0000                      A:0000 X:FFFE Y:98CB S:0375 D:0000 DB:7E P:84 V:195 H:10 
C604C2 $A2 $08 $00     LDX #$0008                      A:0000 X:FFFE Y:98CB S:0375 D:0000 DB:7E P:06 V:195 H:14 
C604C5 $A0 $DB $98     LDY #$98DB                      A:0000 X:0008 Y:98CB S:0375 D:0000 DB:7E P:04 V:195 H:19 
C604C8 $20 $0E $05     JSR $050E [C6050E] = $CACA      A:0000 X:0008 Y:98DB S:0375 D:0000 DB:7E P:84 V:195 H:23 
C6050E $CA             DEX                             A:0000 X:0008 Y:98DB S:0373 D:0000 DB:7E P:84 V:195 H:33 
C6050F $CA             DEX                             A:0000 X:0007 Y:98DB S:0373 D:0000 DB:7E P:04 V:195 H:36 
C60510 $30 $09         BMI $C6051B                     A:0000 X:0006 Y:98DB S:0373 D:0000 DB:7E P:04 V:195 H:39 
C60512 $99 $00 $00     STA $0000,Y [7E98DB] = $0091    A:0000 X:0006 Y:98DB S:0373 D:0000 DB:7E P:04 V:195 H:42 
C60515 $C8             INY                             A:0000 X:0006 Y:98DB S:0373 D:0000 DB:7E P:04 V:195 H:52 
C60516 $C8             INY                             A:0000 X:0006 Y:98DC S:0373 D:0000 DB:7E P:84 V:195 H:55 
C60517 $CA             DEX                             A:0000 X:0006 Y:98DD S:0373 D:0000 DB:7E P:84 V:195 H:58 
C60518 $CA             DEX                             A:0000 X:0005 Y:98DD S:0373 D:0000 DB:7E P:04 V:195 H:61 
C60519 $10 $F7         BPL $C60512                     A:0000 X:0004 Y:98DD S:0373 D:0000 DB:7E P:04 V:195 H:64 
C60512 $99 $00 $00     STA $0000,Y [7E98DD] = $0000    A:0000 X:0004 Y:98DD S:0373 D:0000 DB:7E P:04 V:195 H:69 
C60515 $C8             INY                             A:0000 X:0004 Y:98DD S:0373 D:0000 DB:7E P:04 V:195 H:79 
C60516 $C8             INY                             A:0000 X:0004 Y:98DE S:0373 D:0000 DB:7E P:84 V:195 H:82 
C60517 $CA             DEX                             A:0000 X:0004 Y:98DF S:0373 D:0000 DB:7E P:84 V:195 H:85 
C60518 $CA             DEX                             A:0000 X:0003 Y:98DF S:0373 D:0000 DB:7E P:04 V:195 H:88 
C60519 $10 $F7         BPL $C60512                     A:0000 X:0002 Y:98DF S:0373 D:0000 DB:7E P:04 V:195 H:91 
C60512 $99 $00 $00     STA $0000,Y [7E98DF] = $0000    A:0000 X:0002 Y:98DF S:0373 D:0000 DB:7E P:04 V:195 H:95 
C60515 $C8             INY                             A:0000 X:0002 Y:98DF S:0373 D:0000 DB:7E P:04 V:195 H:105
C60516 $C8             INY                             A:0000 X:0002 Y:98E0 S:0373 D:0000 DB:7E P:84 V:195 H:108
C60517 $CA             DEX                             A:0000 X:0002 Y:98E1 S:0373 D:0000 DB:7E P:84 V:195 H:111
C60518 $CA             DEX                             A:0000 X:0001 Y:98E1 S:0373 D:0000 DB:7E P:04 V:195 H:114
C60519 $10 $F7         BPL $C60512                     A:0000 X:0000 Y:98E1 S:0373 D:0000 DB:7E P:06 V:195 H:117
C60512 $99 $00 $00     STA $0000,Y [7E98E1] = $0000    A:0000 X:0000 Y:98E1 S:0373 D:0000 DB:7E P:06 V:195 H:122
C60515 $C8             INY                             A:0000 X:0000 Y:98E1 S:0373 D:0000 DB:7E P:06 V:195 H:132
C60516 $C8             INY                             A:0000 X:0000 Y:98E2 S:0373 D:0000 DB:7E P:84 V:195 H:145
C60517 $CA             DEX                             A:0000 X:0000 Y:98E3 S:0373 D:0000 DB:7E P:84 V:195 H:148
C60518 $CA             DEX                             A:0000 X:FFFF Y:98E3 S:0373 D:0000 DB:7E P:84 V:195 H:151
C60519 $10 $F7         BPL $C60512                     A:0000 X:FFFE Y:98E3 S:0373 D:0000 DB:7E P:84 V:195 H:154
C6051B $60             RTS                             A:0000 X:FFFE Y:98E3 S:0373 D:0000 DB:7E P:84 V:195 H:157
C604CB $A9 $00 $00     LDA #$0000                      A:0000 X:FFFE Y:98E3 S:0375 D:0000 DB:7E P:84 V:195 H:167
C604CE $A2 $0C $00     LDX #$000C                      A:0000 X:FFFE Y:98E3 S:0375 D:0000 DB:7E P:06 V:195 H:171
C604D1 $A0 $03 $99     LDY #$9903                      A:0000 X:000C Y:98E3 S:0375 D:0000 DB:7E P:04 V:195 H:176
C604D4 $20 $0E $05     JSR $050E [C6050E] = $CACA      A:0000 X:000C Y:9903 S:0375 D:0000 DB:7E P:84 V:195 H:180
C6050E $CA             DEX                             A:0000 X:000C Y:9903 S:0373 D:0000 DB:7E P:84 V:195 H:190
C6050F $CA             DEX                             A:0000 X:000B Y:9903 S:0373 D:0000 DB:7E P:04 V:195 H:193
C60510 $30 $09         BMI $C6051B                     A:0000 X:000A Y:9903 S:0373 D:0000 DB:7E P:04 V:195 H:196
C60512 $99 $00 $00     STA $0000,Y [7E9903] = $00B1    A:0000 X:000A Y:9903 S:0373 D:0000 DB:7E P:04 V:195 H:199
C60515 $C8             INY                             A:0000 X:000A Y:9903 S:0373 D:0000 DB:7E P:04 V:195 H:209
C60516 $C8             INY                             A:0000 X:000A Y:9904 S:0373 D:0000 DB:7E P:84 V:195 H:212
C60517 $CA             DEX                             A:0000 X:000A Y:9905 S:0373 D:0000 DB:7E P:84 V:195 H:215
C60518 $CA             DEX                             A:0000 X:0009 Y:9905 S:0373 D:0000 DB:7E P:04 V:195 H:218
C60519 $10 $F7         BPL $C60512                     A:0000 X:0008 Y:9905 S:0373 D:0000 DB:7E P:04 V:195 H:221
C60512 $99 $00 $00     STA $0000,Y [7E9905] = $00B2    A:0000 X:0008 Y:9905 S:0373 D:0000 DB:7E P:04 V:195 H:226
C60515 $C8             INY                             A:0000 X:0008 Y:9905 S:0373 D:0000 DB:7E P:04 V:195 H:236
C60516 $C8             INY                             A:0000 X:0008 Y:9906 S:0373 D:0000 DB:7E P:84 V:195 H:239
C60517 $CA             DEX                             A:0000 X:0008 Y:9907 S:0373 D:0000 DB:7E P:84 V:195 H:242
C60518 $CA             DEX                             A:0000 X:0007 Y:9907 S:0373 D:0000 DB:7E P:04 V:195 H:245
C60519 $10 $F7         BPL $C60512                     A:0000 X:0006 Y:9907 S:0373 D:0000 DB:7E P:04 V:195 H:248
C60512 $99 $00 $00     STA $0000,Y [7E9907] = $0000    A:0000 X:0006 Y:9907 S:0373 D:0000 DB:7E P:04 V:195 H:252
C60515 $C8             INY                             A:0000 X:0006 Y:9907 S:0373 D:0000 DB:7E P:04 V:195 H:262
C60516 $C8             INY                             A:0000 X:0006 Y:9908 S:0373 D:0000 DB:7E P:84 V:195 H:265
C60517 $CA             DEX                             A:0000 X:0006 Y:9909 S:0373 D:0000 DB:7E P:84 V:195 H:268
C60518 $CA             DEX                             A:0000 X:0005 Y:9909 S:0373 D:0000 DB:7E P:04 V:195 H:271
C60519 $10 $F7         BPL $C60512                     A:0000 X:0004 Y:9909 S:0373 D:0000 DB:7E P:04 V:195 H:274
C60512 $99 $00 $00     STA $0000,Y [7E9909] = $0000    A:0000 X:0004 Y:9909 S:0373 D:0000 DB:7E P:04 V:195 H:295
C60515 $C8             INY                             A:0000 X:0004 Y:9909 S:0373 D:0000 DB:7E P:04 V:195 H:305
C60516 $C8             INY                             A:0000 X:0004 Y:990A S:0373 D:0000 DB:7E P:84 V:195 H:308
C60517 $CA             DEX                             A:0000 X:0004 Y:990B S:0373 D:0000 DB:7E P:84 V:195 H:311
C60518 $CA             DEX                             A:0000 X:0003 Y:990B S:0373 D:0000 DB:7E P:04 V:195 H:314
C60519 $10 $F7         BPL $C60512                     A:0000 X:0002 Y:990B S:0373 D:0000 DB:7E P:04 V:195 H:317
C60512 $99 $00 $00     STA $0000,Y [7E990B] = $0000    A:0000 X:0002 Y:990B S:0373 D:0000 DB:7E P:04 V:195 H:322
C60515 $C8             INY                             A:0000 X:0002 Y:990B S:0373 D:0000 DB:7E P:04 V:195 H:331
C60516 $C8             INY                             A:0000 X:0002 Y:990C S:0373 D:0000 DB:7E P:84 V:195 H:334
C60517 $CA             DEX                             A:0000 X:0002 Y:990D S:0373 D:0000 DB:7E P:84 V:195 H:337
C60518 $CA             DEX                             A:0000 X:0001 Y:990D S:0373 D:0000 DB:7E P:04 V:196 H:0  
C60519 $10 $F7         BPL $C60512                     A:0000 X:0000 Y:990D S:0373 D:0000 DB:7E P:06 V:196 H:3  
C60512 $99 $00 $00     STA $0000,Y [7E990D] = $0000    A:0000 X:0000 Y:990D S:0373 D:0000 DB:7E P:06 V:196 H:7  
C60515 $C8             INY                             A:0000 X:0000 Y:990D S:0373 D:0000 DB:7E P:06 V:196 H:17 
C60516 $C8             INY                             A:0000 X:0000 Y:990E S:0373 D:0000 DB:7E P:84 V:196 H:20 
C60517 $CA             DEX                             A:0000 X:0000 Y:990F S:0373 D:0000 DB:7E P:84 V:196 H:23 
C60518 $CA             DEX                             A:0000 X:FFFF Y:990F S:0373 D:0000 DB:7E P:84 V:196 H:26 
C60519 $10 $F7         BPL $C60512                     A:0000 X:FFFE Y:990F S:0373 D:0000 DB:7E P:84 V:196 H:29 
C6051B $60             RTS                             A:0000 X:FFFE Y:990F S:0373 D:0000 DB:7E P:84 V:196 H:32 
C604D7 $A9 $00 $00     LDA #$0000                      A:0000 X:FFFE Y:990F S:0375 D:0000 DB:7E P:84 V:196 H:42 
C604DA $A2 $04 $00     LDX #$0004                      A:0000 X:FFFE Y:990F S:0375 D:0000 DB:7E P:06 V:196 H:47 
C604DD $A0 $3F $99     LDY #$993F                      A:0000 X:0004 Y:990F S:0375 D:0000 DB:7E P:04 V:196 H:51 
C604E0 $20 $0E $05     JSR $050E [C6050E] = $CACA      A:0000 X:0004 Y:993F S:0375 D:0000 DB:7E P:84 V:196 H:56 
C6050E $CA             DEX                             A:0000 X:0004 Y:993F S:0373 D:0000 DB:7E P:84 V:196 H:66 
C6050F $CA             DEX                             A:0000 X:0003 Y:993F S:0373 D:0000 DB:7E P:04 V:196 H:69 
C60510 $30 $09         BMI $C6051B                     A:0000 X:0002 Y:993F S:0373 D:0000 DB:7E P:04 V:196 H:72 
C60512 $99 $00 $00     STA $0000,Y [7E993F] = $0000    A:0000 X:0002 Y:993F S:0373 D:0000 DB:7E P:04 V:196 H:75 
C60515 $C8             INY                             A:0000 X:0002 Y:993F S:0373 D:0000 DB:7E P:04 V:196 H:85 
C60516 $C8             INY                             A:0000 X:0002 Y:9940 S:0373 D:0000 DB:7E P:84 V:196 H:88 
C60517 $CA             DEX                             A:0000 X:0002 Y:9941 S:0373 D:0000 DB:7E P:84 V:196 H:91 
C60518 $CA             DEX                             A:0000 X:0001 Y:9941 S:0373 D:0000 DB:7E P:04 V:196 H:94 
C60519 $10 $F7         BPL $C60512                     A:0000 X:0000 Y:9941 S:0373 D:0000 DB:7E P:06 V:196 H:97 
C60512 $99 $00 $00     STA $0000,Y [7E9941] = $0000    A:0000 X:0000 Y:9941 S:0373 D:0000 DB:7E P:06 V:196 H:101
C60515 $C8             INY                             A:0000 X:0000 Y:9941 S:0373 D:0000 DB:7E P:06 V:196 H:111
C60516 $C8             INY                             A:0000 X:0000 Y:9942 S:0373 D:0000 DB:7E P:84 V:196 H:114
C60517 $CA             DEX                             A:0000 X:0000 Y:9943 S:0373 D:0000 DB:7E P:84 V:196 H:117
C60518 $CA             DEX                             A:0000 X:FFFF Y:9943 S:0373 D:0000 DB:7E P:84 V:196 H:120
C60519 $10 $F7         BPL $C60512                     A:0000 X:FFFE Y:9943 S:0373 D:0000 DB:7E P:84 V:196 H:123
C6051B $60             RTS                             A:0000 X:FFFE Y:9943 S:0373 D:0000 DB:7E P:84 V:196 H:126
C604E3 $A9 $00 $00     LDA #$0000                      A:0000 X:FFFE Y:9943 S:0375 D:0000 DB:7E P:84 V:196 H:146
C604E6 $A2 $02 $00     LDX #$0002                      A:0000 X:FFFE Y:9943 S:0375 D:0000 DB:7E P:06 V:196 H:151
C604E9 $A0 $53 $99     LDY #$9953                      A:0000 X:0002 Y:9943 S:0375 D:0000 DB:7E P:04 V:196 H:155
C604EC $20 $0E $05     JSR $050E [C6050E] = $CACA      A:0000 X:0002 Y:9953 S:0375 D:0000 DB:7E P:84 V:196 H:160
C6050E $CA             DEX                             A:0000 X:0002 Y:9953 S:0373 D:0000 DB:7E P:84 V:196 H:170
C6050F $CA             DEX                             A:0000 X:0001 Y:9953 S:0373 D:0000 DB:7E P:04 V:196 H:173
C60510 $30 $09         BMI $C6051B                     A:0000 X:0000 Y:9953 S:0373 D:0000 DB:7E P:06 V:196 H:176
C60512 $99 $00 $00     STA $0000,Y [7E9953] = $0000    A:0000 X:0000 Y:9953 S:0373 D:0000 DB:7E P:06 V:196 H:179
C60515 $C8             INY                             A:0000 X:0000 Y:9953 S:0373 D:0000 DB:7E P:06 V:196 H:189
C60516 $C8             INY                             A:0000 X:0000 Y:9954 S:0373 D:0000 DB:7E P:84 V:196 H:192
C60517 $CA             DEX                             A:0000 X:0000 Y:9955 S:0373 D:0000 DB:7E P:84 V:196 H:195
C60518 $CA             DEX                             A:0000 X:FFFF Y:9955 S:0373 D:0000 DB:7E P:84 V:196 H:198
C60519 $10 $F7         BPL $C60512                     A:0000 X:FFFE Y:9955 S:0373 D:0000 DB:7E P:84 V:196 H:201
C6051B $60             RTS                             A:0000 X:FFFE Y:9955 S:0373 D:0000 DB:7E P:84 V:196 H:204
C604EF $A9 $00 $00     LDA #$0000                      A:0000 X:FFFE Y:9955 S:0375 D:0000 DB:7E P:84 V:196 H:214
C604F2 $A2 $08 $00     LDX #$0008                      A:0000 X:FFFE Y:9955 S:0375 D:0000 DB:7E P:06 V:196 H:218
C604F5 $A0 $65 $99     LDY #$9965                      A:0000 X:0008 Y:9955 S:0375 D:0000 DB:7E P:04 V:196 H:223
C604F8 $20 $0E $05     JSR $050E [C6050E] = $CACA      A:0000 X:0008 Y:9965 S:0375 D:0000 DB:7E P:84 V:196 H:227
C6050E $CA             DEX                             A:0000 X:0008 Y:9965 S:0373 D:0000 DB:7E P:84 V:196 H:237
C6050F $CA             DEX                             A:0000 X:0007 Y:9965 S:0373 D:0000 DB:7E P:04 V:196 H:240
C60510 $30 $09         BMI $C6051B                     A:0000 X:0006 Y:9965 S:0373 D:0000 DB:7E P:04 V:196 H:243
C60512 $99 $00 $00     STA $0000,Y [7E9965] = $005E    A:0000 X:0006 Y:9965 S:0373 D:0000 DB:7E P:04 V:196 H:246
C60515 $C8             INY                             A:0000 X:0006 Y:9965 S:0373 D:0000 DB:7E P:04 V:196 H:256
C60516 $C8             INY                             A:0000 X:0006 Y:9966 S:0373 D:0000 DB:7E P:84 V:196 H:259
C60517 $CA             DEX                             A:0000 X:0006 Y:9967 S:0373 D:0000 DB:7E P:84 V:196 H:262
C60518 $CA             DEX                             A:0000 X:0005 Y:9967 S:0373 D:0000 DB:7E P:04 V:196 H:265
C60519 $10 $F7         BPL $C60512                     A:0000 X:0004 Y:9967 S:0373 D:0000 DB:7E P:04 V:196 H:268
C60512 $99 $00 $00     STA $0000,Y [7E9967] = $0000    A:0000 X:0004 Y:9967 S:0373 D:0000 DB:7E P:04 V:196 H:273
C60515 $C8             INY                             A:0000 X:0004 Y:9967 S:0373 D:0000 DB:7E P:04 V:196 H:299
C60516 $C8             INY                             A:0000 X:0004 Y:9968 S:0373 D:0000 DB:7E P:84 V:196 H:302
C60517 $CA             DEX                             A:0000 X:0004 Y:9969 S:0373 D:0000 DB:7E P:84 V:196 H:305
C60518 $CA             DEX                             A:0000 X:0003 Y:9969 S:0373 D:0000 DB:7E P:04 V:196 H:308
C60519 $10 $F7         BPL $C60512                     A:0000 X:0002 Y:9969 S:0373 D:0000 DB:7E P:04 V:196 H:311
C60512 $99 $00 $00     STA $0000,Y [7E9969] = $0000    A:0000 X:0002 Y:9969 S:0373 D:0000 DB:7E P:04 V:196 H:316
C60515 $C8             INY                             A:0000 X:0002 Y:9969 S:0373 D:0000 DB:7E P:04 V:196 H:325
C60516 $C8             INY                             A:0000 X:0002 Y:996A S:0373 D:0000 DB:7E P:84 V:196 H:328
C60517 $CA             DEX                             A:0000 X:0002 Y:996B S:0373 D:0000 DB:7E P:84 V:196 H:331
C60518 $CA             DEX                             A:0000 X:0001 Y:996B S:0373 D:0000 DB:7E P:04 V:196 H:334
C60519 $10 $F7         BPL $C60512                     A:0000 X:0000 Y:996B S:0373 D:0000 DB:7E P:06 V:196 H:337
C60512 $99 $00 $00     STA $0000,Y [7E996B] = $0000    A:0000 X:0000 Y:996B S:0373 D:0000 DB:7E P:06 V:197 H:1  
C60515 $C8             INY                             A:0000 X:0000 Y:996B S:0373 D:0000 DB:7E P:06 V:197 H:11 
C60516 $C8             INY                             A:0000 X:0000 Y:996C S:0373 D:0000 DB:7E P:84 V:197 H:14 
C60517 $CA             DEX                             A:0000 X:0000 Y:996D S:0373 D:0000 DB:7E P:84 V:197 H:17 
C60518 $CA             DEX                             A:0000 X:FFFF Y:996D S:0373 D:0000 DB:7E P:84 V:197 H:20 
C60519 $10 $F7         BPL $C60512                     A:0000 X:FFFE Y:996D S:0373 D:0000 DB:7E P:84 V:197 H:23 
C6051B $60             RTS                             A:0000 X:FFFE Y:996D S:0373 D:0000 DB:7E P:84 V:197 H:26 
C604FB $9C $6D $99     STZ $996D [7E996D] = $0000      A:0000 X:FFFE Y:996D S:0375 D:0000 DB:7E P:84 V:197 H:36 
C604FE $9C $5D $99     STZ $995D [7E995D] = $0000      A:0000 X:FFFE Y:996D S:0375 D:0000 DB:7E P:84 V:197 H:45 
C60501 $9C $5F $99     STZ $995F [7E995F] = $0000      A:0000 X:FFFE Y:996D S:0375 D:0000 DB:7E P:84 V:197 H:53 
C60504 $9C $61 $99     STZ $9961 [7E9961] = $0000      A:0000 X:FFFE Y:996D S:0375 D:0000 DB:7E P:84 V:197 H:62 
C60507 $9C $63 $99     STZ $9963 [7E9963] = $0000      A:0000 X:FFFE Y:996D S:0375 D:0000 DB:7E P:84 V:197 H:70 
C6050A $9C $C7 $99     STZ $99C7 [7E99C7] = $0000      A:0000 X:FFFE Y:996D S:0375 D:0000 DB:7E P:84 V:197 H:79 
C6050D $60             RTS                             A:0000 X:FFFE Y:996D S:0375 D:0000 DB:7E P:84 V:197 H:87 
C602B2 $20 $1C $05     JSR $051C [C6051C] = $00A9      A:0000 X:FFFE Y:996D S:0377 D:0000 DB:7E P:84 V:197 H:97 
C6051C $A9 $00 $00     LDA #$0000                      A:0000 X:FFFE Y:996D S:0375 D:0000 DB:7E P:84 V:197 H:107
C6051F $8D $6F $99     STA $996F [7E996F] = $01A7      A:0000 X:FFFE Y:996D S:0375 D:0000 DB:7E P:06 V:197 H:112
C60522 $8D $71 $99     STA $9971 [7E9971] = $0000      A:0000 X:FFFE Y:996D S:0375 D:0000 DB:7E P:06 V:197 H:120
C60525 $A9 $01 $00     LDA #$0001                      A:0000 X:FFFE Y:996D S:0375 D:0000 DB:7E P:06 V:197 H:129
C60528 $8D $73 $99     STA $9973 [7E9973] = $0001      A:0001 X:FFFE Y:996D S:0375 D:0000 DB:7E P:04 V:197 H:143
C6052B $8D $75 $99     STA $9975 [7E9975] = $0001      A:0001 X:FFFE Y:996D S:0375 D:0000 DB:7E P:04 V:197 H:152
C6052E $60             RTS                             A:0001 X:FFFE Y:996D S:0375 D:0000 DB:7E P:04 V:197 H:160
C602B5 $20 $55 $04     JSR $0455 [C60455] = $6BA9      A:0001 X:FFFE Y:996D S:0377 D:0000 DB:7E P:04 V:197 H:170
C60455 $A9 $6B $00     LDA #$006B                      A:0001 X:FFFE Y:996D S:0375 D:0000 DB:7E P:04 V:197 H:180
C60458 $8D $7F $98     STA $987F [7E987F] = $FE5C      A:006B X:FFFE Y:996D S:0375 D:0000 DB:7E P:04 V:197 H:185
C6045B $8D $83 $98     STA $9883 [7E9883] = $006B      A:006B X:FFFE Y:996D S:0375 D:0000 DB:7E P:04 V:197 H:193
C6045E $8D $87 $98     STA $9887 [7E9887] = $006B      A:006B X:FFFE Y:996D S:0375 D:0000 DB:7E P:04 V:197 H:202
C60461 $8D $8B $98     STA $988B [7E988B] = $645C      A:006B X:FFFE Y:996D S:0375 D:0000 DB:7E P:04 V:197 H:210
C60464 $8D $8F $98     STA $988F [7E988F] = $515C      A:006B X:FFFE Y:996D S:0375 D:0000 DB:7E P:04 V:197 H:219
C60467 $8D $93 $98     STA $9893 [7E9893] = $265C      A:006B X:FFFE Y:996D S:0375 D:0000 DB:7E P:04 V:197 H:227
C6046A $8D $97 $98     STA $9897 [7E9897] = $ED5C      A:006B X:FFFE Y:996D S:0375 D:0000 DB:7E P:04 V:197 H:236
C6046D $8D $9B $98     STA $989B [7E989B] = $006B      A:006B X:FFFE Y:996D S:0375 D:0000 DB:7E P:04 V:197 H:244
C60470 $8D $9F $98     STA $989F [7E989F] = $006B      A:006B X:FFFE Y:996D S:0375 D:0000 DB:7E P:04 V:197 H:253
C60473 $8D $A3 $98     STA $98A3 [7E98A3] = $A05C      A:006B X:FFFE Y:996D S:0375 D:0000 DB:7E P:04 V:197 H:261
C60476 $E2 $20         SEP #$20                        A:006B X:FFFE Y:996D S:0375 D:0000 DB:7E P:04 V:197 H:270
C60478 $A9 $5C         LDA #$5C                        A:006B X:FFFE Y:996D S:0375 D:0000 DB:7E P:24 V:197 H:274
C6047A $8D $8B $98     STA $988B [7E988B] = $6B        A:005C X:FFFE Y:996D S:0375 D:0000 DB:7E P:24 V:197 H:294
C6047D $A9 $CC         LDA #$CC                        A:005C X:FFFE Y:996D S:0375 D:0000 DB:7E P:24 V:197 H:300
C6047F $8D $8E $98     STA $988E [7E988E] = $CC        A:00CC X:FFFE Y:996D S:0375 D:0000 DB:7E P:A4 V:197 H:303
C60482 $C2 $20         REP #$20                        A:00CC X:FFFE Y:996D S:0375 D:0000 DB:7E P:A4 V:197 H:310
C60484 $A9 $11 $D2     LDA #$D211                      A:00CC X:FFFE Y:996D S:0375 D:0000 DB:7E P:84 V:197 H:314
C60487 $8D $8C $98     STA $988C [7E988C] = $E800      A:D211 X:FFFE Y:996D S:0375 D:0000 DB:7E P:84 V:197 H:319
C6048A $E2 $20         SEP #$20                        A:D211 X:FFFE Y:996D S:0375 D:0000 DB:7E P:84 V:197 H:327
C6048C $A9 $5C         LDA #$5C                        A:D211 X:FFFE Y:996D S:0375 D:0000 DB:7E P:A4 V:197 H:331
C6048E $8D $A3 $98     STA $98A3 [7E98A3] = $6B        A:D25C X:FFFE Y:996D S:0375 D:0000 DB:7E P:24 V:197 H:334
C60491 $A9 $CC         LDA #$CC                        A:D25C X:FFFE Y:996D S:0375 D:0000 DB:7E P:24 V:198 H:0  
C60493 $8D $A6 $98     STA $98A6 [7E98A6] = $CC        A:D2CC X:FFFE Y:996D S:0375 D:0000 DB:7E P:A4 V:198 H:3  
C60496 $C2 $20         REP #$20                        A:D2CC X:FFFE Y:996D S:0375 D:0000 DB:7E P:A4 V:198 H:10 
C60498 $A9 $A0 $9D     LDA #$9DA0                      A:D2CC X:FFFE Y:996D S:0375 D:0000 DB:7E P:84 V:198 H:14 
C6049B $8D $A4 $98     STA $98A4 [7E98A4] = $9D00      A:9DA0 X:FFFE Y:996D S:0375 D:0000 DB:7E P:84 V:198 H:19 
C6049E $60             RTS                             A:9DA0 X:FFFE Y:996D S:0375 D:0000 DB:7E P:84 V:198 H:27 
C602B8 $20 $2F $05     JSR $052F [C6052F] = $00A9      A:9DA0 X:FFFE Y:996D S:0377 D:0000 DB:7E P:84 V:198 H:37 
C6052F $A9 $00 $00     LDA #$0000                      A:9DA0 X:FFFE Y:996D S:0375 D:0000 DB:7E P:84 V:198 H:47 
C60532 $8D $81 $99     STA $9981 [7E9981] = $0000      A:0000 X:FFFE Y:996D S:0375 D:0000 DB:7E P:06 V:198 H:52 
C60535 $8D $87 $99     STA $9987 [7E9987] = $0000      A:0000 X:FFFE Y:996D S:0375 D:0000 DB:7E P:06 V:198 H:60 
C60538 $8D $8D $99     STA $998D [7E998D] = $0000      A:0000 X:FFFE Y:996D S:0375 D:0000 DB:7E P:06 V:198 H:69 
C6053B $8D $93 $99     STA $9993 [7E9993] = $0000      A:0000 X:FFFE Y:996D S:0375 D:0000 DB:7E P:06 V:198 H:77 
C6053E $8D $99 $99     STA $9999 [7E9999] = $0000      A:0000 X:FFFE Y:996D S:0375 D:0000 DB:7E P:06 V:198 H:86 
C60541 $A9 $D1 $03     LDA #$03D1                      A:0000 X:FFFE Y:996D S:0375 D:0000 DB:7E P:06 V:198 H:94 
C60544 $8D $83 $99     STA $9983 [7E9983] = $03D1      A:03D1 X:FFFE Y:996D S:0375 D:0000 DB:7E P:04 V:198 H:99 
C60547 $8D $89 $99     STA $9989 [7E9989] = $03D1      A:03D1 X:FFFE Y:996D S:0375 D:0000 DB:7E P:04 V:198 H:107
C6054A $A9 $D2 $03     LDA #$03D2                      A:03D1 X:FFFE Y:996D S:0375 D:0000 DB:7E P:04 V:198 H:116
C6054D $8D $8F $99     STA $998F [7E998F] = $03D2      A:03D2 X:FFFE Y:996D S:0375 D:0000 DB:7E P:04 V:198 H:120
C60550 $A9 $D3 $03     LDA #$03D3                      A:03D2 X:FFFE Y:996D S:0375 D:0000 DB:7E P:04 V:198 H:129
C60553 $8D $95 $99     STA $9995 [7E9995] = $03D3      A:03D3 X:FFFE Y:996D S:0375 D:0000 DB:7E P:04 V:198 H:133
C60556 $A9 $D4 $03     LDA #$03D4                      A:03D3 X:FFFE Y:996D S:0375 D:0000 DB:7E P:04 V:198 H:152
C60559 $8D $9B $99     STA $999B [7E999B] = $03D4      A:03D4 X:FFFE Y:996D S:0375 D:0000 DB:7E P:04 V:198 H:156
C6055C $60             RTS                             A:03D4 X:FFFE Y:996D S:0375 D:0000 DB:7E P:04 V:198 H:165
C602BB $20 $5D $05     JSR $055D [C6055D] = $00A2      A:03D4 X:FFFE Y:996D S:0377 D:0000 DB:7E P:04 V:198 H:175
C6055D $A2 $00 $00     LDX #$0000                      A:03D4 X:FFFE Y:996D S:0375 D:0000 DB:7E P:04 V:198 H:185
C60560 $A9 $B9 $B2     LDA #$B2B9                      A:03D4 X:0000 Y:996D S:0375 D:0000 DB:7E P:06 V:198 H:189
C60563 $9D $FB $AC     STA $ACFB,X [7EACFB] = $B32F    A:B2B9 X:0000 Y:996D S:0375 D:0000 DB:7E P:84 V:198 H:194
C60566 $9D $0F $AD     STA $AD0F,X [7EAD0F] = $B2B9    A:B2B9 X:0000 Y:996D S:0375 D:0000 DB:7E P:84 V:198 H:204
C60569 $A9 $CD $00     LDA #$00CD                      A:B2B9 X:0000 Y:996D S:0375 D:0000 DB:7E P:84 V:198 H:214
C6056C $9D $05 $AD     STA $AD05,X [7EAD05] = $00CD    A:00CD X:0000 Y:996D S:0375 D:0000 DB:7E P:04 V:198 H:218
C6056F $9D $19 $AD     STA $AD19,X [7EAD19] = $00CD    A:00CD X:0000 Y:996D S:0375 D:0000 DB:7E P:04 V:198 H:228
C60572 $E8             INX                             A:00CD X:0000 Y:996D S:0375 D:0000 DB:7E P:04 V:198 H:238
C60573 $E8             INX                             A:00CD X:0001 Y:996D S:0375 D:0000 DB:7E P:04 V:198 H:241
C60574 $E0 $0A $00     CPX #$000A                      A:00CD X:0002 Y:996D S:0375 D:0000 DB:7E P:04 V:198 H:244
C60577 $90 $E7         BCC $C60560                     A:00CD X:0002 Y:996D S:0375 D:0000 DB:7E P:84 V:198 H:249
C60560 $A9 $B9 $B2     LDA #$B2B9                      A:00CD X:0002 Y:996D S:0375 D:0000 DB:7E P:84 V:198 H:253
C60563 $9D $FB $AC     STA $ACFB,X [7EACFD] = $B2B9    A:B2B9 X:0002 Y:996D S:0375 D:0000 DB:7E P:84 V:198 H:258
C60566 $9D $0F $AD     STA $AD0F,X [7EAD11] = $B2B9    A:B2B9 X:0002 Y:996D S:0375 D:0000 DB:7E P:84 V:198 H:268
C60569 $A9 $CD $00     LDA #$00CD                      A:B2B9 X:0002 Y:996D S:0375 D:0000 DB:7E P:84 V:198 H:293
C6056C $9D $05 $AD     STA $AD05,X [7EAD07] = $00CD    A:00CD X:0002 Y:996D S:0375 D:0000 DB:7E P:04 V:198 H:297
C6056F $9D $19 $AD     STA $AD19,X [7EAD1B] = $00CD    A:00CD X:0002 Y:996D S:0375 D:0000 DB:7E P:04 V:198 H:307
C60572 $E8             INX                             A:00CD X:0002 Y:996D S:0375 D:0000 DB:7E P:04 V:198 H:317
C60573 $E8             INX                             A:00CD X:0003 Y:996D S:0375 D:0000 DB:7E P:04 V:198 H:320
C60574 $E0 $0A $00     CPX #$000A                      A:00CD X:0004 Y:996D S:0375 D:0000 DB:7E P:04 V:198 H:323
C60577 $90 $E7         BCC $C60560                     A:00CD X:0004 Y:996D S:0375 D:0000 DB:7E P:84 V:198 H:327
C60560 $A9 $B9 $B2     LDA #$B2B9                      A:00CD X:0004 Y:996D S:0375 D:0000 DB:7E P:84 V:198 H:331
C60563 $9D $FB $AC     STA $ACFB,X [7EACFF] = $B2B9    A:B2B9 X:0004 Y:996D S:0375 D:0000 DB:7E P:84 V:198 H:336
C60566 $9D $0F $AD     STA $AD0F,X [7EAD13] = $B2B9    A:B2B9 X:0004 Y:996D S:0375 D:0000 DB:7E P:84 V:199 H:6  
C60569 $A9 $CD $00     LDA #$00CD                      A:B2B9 X:0004 Y:996D S:0375 D:0000 DB:7E P:84 V:199 H:16 
C6056C $9D $05 $AD     STA $AD05,X [7EAD09] = $00CD    A:00CD X:0004 Y:996D S:0375 D:0000 DB:7E P:04 V:199 H:20 
C6056F $9D $19 $AD     STA $AD19,X [7EAD1D] = $00CD    A:00CD X:0004 Y:996D S:0375 D:0000 DB:7E P:04 V:199 H:30 
C60572 $E8             INX                             A:00CD X:0004 Y:996D S:0375 D:0000 DB:7E P:04 V:199 H:40 
C60573 $E8             INX                             A:00CD X:0005 Y:996D S:0375 D:0000 DB:7E P:04 V:199 H:43 
C60574 $E0 $0A $00     CPX #$000A                      A:00CD X:0006 Y:996D S:0375 D:0000 DB:7E P:04 V:199 H:46 
C60577 $90 $E7         BCC $C60560                     A:00CD X:0006 Y:996D S:0375 D:0000 DB:7E P:84 V:199 H:51 
C60560 $A9 $B9 $B2     LDA #$B2B9                      A:00CD X:0006 Y:996D S:0375 D:0000 DB:7E P:84 V:199 H:55 
C60563 $9D $FB $AC     STA $ACFB,X [7EAD01] = $B2B9    A:B2B9 X:0006 Y:996D S:0375 D:0000 DB:7E P:84 V:199 H:60 
C60566 $9D $0F $AD     STA $AD0F,X [7EAD15] = $B2B9    A:B2B9 X:0006 Y:996D S:0375 D:0000 DB:7E P:84 V:199 H:70 
C60569 $A9 $CD $00     LDA #$00CD                      A:B2B9 X:0006 Y:996D S:0375 D:0000 DB:7E P:84 V:199 H:80 
C6056C $9D $05 $AD     STA $AD05,X [7EAD0B] = $00CD    A:00CD X:0006 Y:996D S:0375 D:0000 DB:7E P:04 V:199 H:84 
C6056F $9D $19 $AD     STA $AD19,X [7EAD1F] = $00CD    A:00CD X:0006 Y:996D S:0375 D:0000 DB:7E P:04 V:199 H:94 
C60572 $E8             INX                             A:00CD X:0006 Y:996D S:0375 D:0000 DB:7E P:04 V:199 H:104
C60573 $E8             INX                             A:00CD X:0007 Y:996D S:0375 D:0000 DB:7E P:04 V:199 H:107
C60574 $E0 $0A $00     CPX #$000A                      A:00CD X:0008 Y:996D S:0375 D:0000 DB:7E P:04 V:199 H:110
C60577 $90 $E7         BCC $C60560                     A:00CD X:0008 Y:996D S:0375 D:0000 DB:7E P:84 V:199 H:115
C60560 $A9 $B9 $B2     LDA #$B2B9                      A:00CD X:0008 Y:996D S:0375 D:0000 DB:7E P:84 V:199 H:119
C60563 $9D $FB $AC     STA $ACFB,X [7EAD03] = $B2B9    A:B2B9 X:0008 Y:996D S:0375 D:0000 DB:7E P:84 V:199 H:124
C60566 $9D $0F $AD     STA $AD0F,X [7EAD17] = $B2B9    A:B2B9 X:0008 Y:996D S:0375 D:0000 DB:7E P:84 V:199 H:144
C60569 $A9 $CD $00     LDA #$00CD                      A:B2B9 X:0008 Y:996D S:0375 D:0000 DB:7E P:84 V:199 H:154
C6056C $9D $05 $AD     STA $AD05,X [7EAD0D] = $00CD    A:00CD X:0008 Y:996D S:0375 D:0000 DB:7E P:04 V:199 H:158
C6056F $9D $19 $AD     STA $AD19,X [7EAD21] = $00CD    A:00CD X:0008 Y:996D S:0375 D:0000 DB:7E P:04 V:199 H:168
C60572 $E8             INX                             A:00CD X:0008 Y:996D S:0375 D:0000 DB:7E P:04 V:199 H:178
C60573 $E8             INX                             A:00CD X:0009 Y:996D S:0375 D:0000 DB:7E P:04 V:199 H:181
C60574 $E0 $0A $00     CPX #$000A                      A:00CD X:000A Y:996D S:0375 D:0000 DB:7E P:04 V:199 H:184
C60577 $90 $E7         BCC $C60560                     A:00CD X:000A Y:996D S:0375 D:0000 DB:7E P:07 V:199 H:189
C60579 $60             RTS                             A:00CD X:000A Y:996D S:0375 D:0000 DB:7E P:07 V:199 H:192
C602BE $20 $7A $05     JSR $057A [C6057A] = $00A9      A:00CD X:000A Y:996D S:0377 D:0000 DB:7E P:07 V:199 H:202
C6057A $A9 $00 $00     LDA #$0000                      A:00CD X:000A Y:996D S:0375 D:0000 DB:7E P:07 V:199 H:212
C6057D $8F $58 $FC $7F STA $7FFC58                     A:0000 X:000A Y:996D S:0375 D:0000 DB:7E P:07 V:199 H:216
C60581 $A9 $CA $03     LDA #$03CA                      A:0000 X:000A Y:996D S:0375 D:0000 DB:7E P:07 V:199 H:226
C60584 $8D $BF $99     STA $99BF [7E99BF] = $03CA      A:03CA X:000A Y:996D S:0375 D:0000 DB:7E P:05 V:199 H:231
C60587 $8D $C1 $99     STA $99C1 [7E99C1] = $03CA      A:03CA X:000A Y:996D S:0375 D:0000 DB:7E P:05 V:199 H:239
C6058A $8D $C3 $99     STA $99C3 [7E99C3] = $03CA      A:03CA X:000A Y:996D S:0375 D:0000 DB:7E P:05 V:199 H:248
C6058D $A9 $00 $FC     LDA #$FC00                      A:03CA X:000A Y:996D S:0375 D:0000 DB:7E P:05 V:199 H:256
C60590 $8F $5E $FC $7F STA $7FFC5E                     A:FC00 X:000A Y:996D S:0375 D:0000 DB:7E P:85 V:199 H:261
C60594 $A9 $03 $00     LDA #$0003                      A:FC00 X:000A Y:996D S:0375 D:0000 DB:7E P:85 V:199 H:271
C60597 $8F $60 $FC $7F STA $7FFC60                     A:0003 X:000A Y:996D S:0375 D:0000 DB:7E P:05 V:199 H:275
C6059B $A9 $00 $00     LDA #$0000                      A:0003 X:000A Y:996D S:0375 D:0000 DB:7E P:05 V:199 H:324
C6059E $22 $47 $1F $C6 JSL $C61F47                     A:0000 X:000A Y:996D S:0375 D:0000 DB:7E P:07 V:199 H:328
C61F47 $EB             XBA                             A:0000 X:000A Y:996D S:0372 D:0000 DB:7E P:07 V:200 H:1  
C61F48 $0A             ASL                             A:0000 X:000A Y:996D S:0372 D:0000 DB:7E P:07 V:200 H:6  
C61F49 $0A             ASL                             A:0000 X:000A Y:996D S:0372 D:0000 DB:7E P:06 V:200 H:9  
C61F4A $29 $00 $FC     AND #$FC00                      A:0000 X:000A Y:996D S:0372 D:0000 DB:7E P:06 V:200 H:12 
C61F4D $6B             RTL                             A:0000 X:000A Y:996D S:0372 D:0000 DB:7E P:06 V:200 H:16 
C605A2 $8D $BB $99     STA $99BB [7E99BB] = $0000      A:0000 X:000A Y:996D S:0375 D:0000 DB:7E P:06 V:200 H:27 
C605A5 $8D $BD $99     STA $99BD [7E99BD] = $0000      A:0000 X:000A Y:996D S:0375 D:0000 DB:7E P:06 V:200 H:35 
C605A8 $A2 $00 $00     LDX #$0000                      A:0000 X:000A Y:996D S:0375 D:0000 DB:7E P:06 V:200 H:44 
C605AB $A9 $02 $00     LDA #$0002                      A:0000 X:0000 Y:996D S:0375 D:0000 DB:7E P:06 V:200 H:48 
C605AE $0A             ASL                             A:0002 X:0000 Y:996D S:0375 D:0000 DB:7E P:04 V:200 H:53 
C605AF $9F $22 $FD $7F STA $7FFD22,X [7FFD22] = $0004  A:0004 X:0000 Y:996D S:0375 D:0000 DB:7E P:04 V:200 H:56 
C605B3 $A9 $01 $00     LDA #$0001                      A:0004 X:0000 Y:996D S:0375 D:0000 DB:7E P:04 V:200 H:66 
C605B6 $0A             ASL                             A:0001 X:0000 Y:996D S:0375 D:0000 DB:7E P:04 V:200 H:70 
C605B7 $9F $62 $FD $7F STA $7FFD62,X [7FFD62] = $0002  A:0002 X:0000 Y:996D S:0375 D:0000 DB:7E P:04 V:200 H:73 
C605BB $E8             INX                             A:0002 X:0000 Y:996D S:0375 D:0000 DB:7E P:04 V:200 H:83 
C605BC $E8             INX                             A:0002 X:0001 Y:996D S:0375 D:0000 DB:7E P:04 V:200 H:86 
C605BD $E0 $40 $00     CPX #$0040                      A:0002 X:0002 Y:996D S:0375 D:0000 DB:7E P:04 V:200 H:89 
C605C0 $90 $E9         BCC $C605AB                     A:0002 X:0002 Y:996D S:0375 D:0000 DB:7E P:84 V:200 H:94 
C605AB $A9 $02 $00     LDA #$0002                      A:0002 X:0002 Y:996D S:0375 D:0000 DB:7E P:84 V:200 H:98 
C605AE $0A             ASL                             A:0002 X:0002 Y:996D S:0375 D:0000 DB:7E P:04 V:200 H:103
C605AF $9F $22 $FD $7F STA $7FFD22,X [7FFD24] = $0004  A:0004 X:0002 Y:996D S:0375 D:0000 DB:7E P:04 V:200 H:106
C605B3 $A9 $01 $00     LDA #$0001                      A:0004 X:0002 Y:996D S:0375 D:0000 DB:7E P:04 V:200 H:116
C605B6 $0A             ASL                             A:0001 X:0002 Y:996D S:0375 D:0000 DB:7E P:04 V:200 H:120
C605B7 $9F $62 $FD $7F STA $7FFD62,X [7FFD64] = $0002  A:0002 X:0002 Y:996D S:0375 D:0000 DB:7E P:04 V:200 H:123
C605BB $E8             INX                             A:0002 X:0002 Y:996D S:0375 D:0000 DB:7E P:04 V:200 H:133
C605BC $E8             INX                             A:0002 X:0003 Y:996D S:0375 D:0000 DB:7E P:04 V:200 H:146
C605BD $E0 $40 $00     CPX #$0040                      A:0002 X:0004 Y:996D S:0375 D:0000 DB:7E P:04 V:200 H:149
C605C0 $90 $E9         BCC $C605AB                     A:0002 X:0004 Y:996D S:0375 D:0000 DB:7E P:84 V:200 H:154
C605AB $A9 $02 $00     LDA #$0002                      A:0002 X:0004 Y:996D S:0375 D:0000 DB:7E P:84 V:200 H:158
C605AE $0A             ASL                             A:0002 X:0004 Y:996D S:0375 D:0000 DB:7E P:04 V:200 H:163
C605AF $9F $22 $FD $7F STA $7FFD22,X [7FFD26] = $0004  A:0004 X:0004 Y:996D S:0375 D:0000 DB:7E P:04 V:200 H:166
C605B3 $A9 $01 $00     LDA #$0001                      A:0004 X:0004 Y:996D S:0375 D:0000 DB:7E P:04 V:200 H:176
C605B6 $0A             ASL                             A:0001 X:0004 Y:996D S:0375 D:0000 DB:7E P:04 V:200 H:180
C605B7 $9F $62 $FD $7F STA $7FFD62,X [7FFD66] = $0002  A:0002 X:0004 Y:996D S:0375 D:0000 DB:7E P:04 V:200 H:183
C605BB $E8             INX                             A:0002 X:0004 Y:996D S:0375 D:0000 DB:7E P:04 V:200 H:193
C605BC $E8             INX                             A:0002 X:0005 Y:996D S:0375 D:0000 DB:7E P:04 V:200 H:196
C605BD $E0 $40 $00     CPX #$0040                      A:0002 X:0006 Y:996D S:0375 D:0000 DB:7E P:04 V:200 H:199
C605C0 $90 $E9         BCC $C605AB                     A:0002 X:0006 Y:996D S:0375 D:0000 DB:7E P:84 V:200 H:204
C605AB $A9 $02 $00     LDA #$0002                      A:0002 X:0006 Y:996D S:0375 D:0000 DB:7E P:84 V:200 H:208
C605AE $0A             ASL                             A:0002 X:0006 Y:996D S:0375 D:0000 DB:7E P:04 V:200 H:213
C605AF $9F $22 $FD $7F STA $7FFD22,X [7FFD28] = $0004  A:0004 X:0006 Y:996D S:0375 D:0000 DB:7E P:04 V:200 H:216
C605B3 $A9 $01 $00     LDA #$0001                      A:0004 X:0006 Y:996D S:0375 D:0000 DB:7E P:04 V:200 H:226
C605B6 $0A             ASL                             A:0001 X:0006 Y:996D S:0375 D:0000 DB:7E P:04 V:200 H:230
C605B7 $9F $62 $FD $7F STA $7FFD62,X [7FFD68] = $0002  A:0002 X:0006 Y:996D S:0375 D:0000 DB:7E P:04 V:200 H:233
C605BB $E8             INX                             A:0002 X:0006 Y:996D S:0375 D:0000 DB:7E P:04 V:200 H:243
C605BC $E8             INX                             A:0002 X:0007 Y:996D S:0375 D:0000 DB:7E P:04 V:200 H:246
C605BD $E0 $40 $00     CPX #$0040                      A:0002 X:0008 Y:996D S:0375 D:0000 DB:7E P:04 V:200 H:249
C605C0 $90 $E9         BCC $C605AB                     A:0002 X:0008 Y:996D S:0375 D:0000 DB:7E P:84 V:200 H:254
C605AB $A9 $02 $00     LDA #$0002                      A:0002 X:0008 Y:996D S:0375 D:0000 DB:7E P:84 V:200 H:258
C605AE $0A             ASL                             A:0002 X:0008 Y:996D S:0375 D:0000 DB:7E P:04 V:200 H:263
C605AF $9F $22 $FD $7F STA $7FFD22,X [7FFD2A] = $0004  A:0004 X:0008 Y:996D S:0375 D:0000 DB:7E P:04 V:200 H:266
C605B3 $A9 $01 $00     LDA #$0001                      A:0004 X:0008 Y:996D S:0375 D:0000 DB:7E P:04 V:200 H:276
C605B6 $0A             ASL                             A:0001 X:0008 Y:996D S:0375 D:0000 DB:7E P:04 V:200 H:322
C605B7 $9F $62 $FD $7F STA $7FFD62,X [7FFD6A] = $0002  A:0002 X:0008 Y:996D S:0375 D:0000 DB:7E P:04 V:200 H:325
C605BB $E8             INX                             A:0002 X:0008 Y:996D S:0375 D:0000 DB:7E P:04 V:200 H:334
C605BC $E8             INX                             A:0002 X:0009 Y:996D S:0375 D:0000 DB:7E P:04 V:200 H:337
C605BD $E0 $40 $00     CPX #$0040                      A:0002 X:000A Y:996D S:0375 D:0000 DB:7E P:04 V:201 H:0  
C605C0 $90 $E9         BCC $C605AB                     A:0002 X:000A Y:996D S:0375 D:0000 DB:7E P:84 V:201 H:5  
C605AB $A9 $02 $00     LDA #$0002                      A:0002 X:000A Y:996D S:0375 D:0000 DB:7E P:84 V:201 H:9  
C605AE $0A             ASL                             A:0002 X:000A Y:996D S:0375 D:0000 DB:7E P:04 V:201 H:14 
C605AF $9F $22 $FD $7F STA $7FFD22,X [7FFD2C] = $0004  A:0004 X:000A Y:996D S:0375 D:0000 DB:7E P:04 V:201 H:17 
C605B3 $A9 $01 $00     LDA #$0001                      A:0004 X:000A Y:996D S:0375 D:0000 DB:7E P:04 V:201 H:27 
C605B6 $0A             ASL                             A:0001 X:000A Y:996D S:0375 D:0000 DB:7E P:04 V:201 H:31 
C605B7 $9F $62 $FD $7F STA $7FFD62,X [7FFD6C] = $0002  A:0002 X:000A Y:996D S:0375 D:0000 DB:7E P:04 V:201 H:34 
C605BB $E8             INX                             A:0002 X:000A Y:996D S:0375 D:0000 DB:7E P:04 V:201 H:44 
C605BC $E8             INX                             A:0002 X:000B Y:996D S:0375 D:0000 DB:7E P:04 V:201 H:47 
C605BD $E0 $40 $00     CPX #$0040                      A:0002 X:000C Y:996D S:0375 D:0000 DB:7E P:04 V:201 H:50 
C605C0 $90 $E9         BCC $C605AB                     A:0002 X:000C Y:996D S:0375 D:0000 DB:7E P:84 V:201 H:55 
C605AB $A9 $02 $00     LDA #$0002                      A:0002 X:000C Y:996D S:0375 D:0000 DB:7E P:84 V:201 H:59 
C605AE $0A             ASL                             A:0002 X:000C Y:996D S:0375 D:0000 DB:7E P:04 V:201 H:64 
C605AF $9F $22 $FD $7F STA $7FFD22,X [7FFD2E] = $0004  A:0004 X:000C Y:996D S:0375 D:0000 DB:7E P:04 V:201 H:67 
C605B3 $A9 $01 $00     LDA #$0001                      A:0004 X:000C Y:996D S:0375 D:0000 DB:7E P:04 V:201 H:77 
C605B6 $0A             ASL                             A:0001 X:000C Y:996D S:0375 D:0000 DB:7E P:04 V:201 H:81 
C605B7 $9F $62 $FD $7F STA $7FFD62,X [7FFD6E] = $0002  A:0002 X:000C Y:996D S:0375 D:0000 DB:7E P:04 V:201 H:84 
C605BB $E8             INX                             A:0002 X:000C Y:996D S:0375 D:0000 DB:7E P:04 V:201 H:94 
C605BC $E8             INX                             A:0002 X:000D Y:996D S:0375 D:0000 DB:7E P:04 V:201 H:97 
C605BD $E0 $40 $00     CPX #$0040                      A:0002 X:000E Y:996D S:0375 D:0000 DB:7E P:04 V:201 H:100
C605C0 $90 $E9         BCC $C605AB                     A:0002 X:000E Y:996D S:0375 D:0000 DB:7E P:84 V:201 H:105
C605AB $A9 $02 $00     LDA #$0002                      A:0002 X:000E Y:996D S:0375 D:0000 DB:7E P:84 V:201 H:109
C605AE $0A             ASL                             A:0002 X:000E Y:996D S:0375 D:0000 DB:7E P:04 V:201 H:114
C605AF $9F $22 $FD $7F STA $7FFD22,X [7FFD30] = $0004  A:0004 X:000E Y:996D S:0375 D:0000 DB:7E P:04 V:201 H:117
C605B3 $A9 $01 $00     LDA #$0001                      A:0004 X:000E Y:996D S:0375 D:0000 DB:7E P:04 V:201 H:127
C605B6 $0A             ASL                             A:0001 X:000E Y:996D S:0375 D:0000 DB:7E P:04 V:201 H:131
C605B7 $9F $62 $FD $7F STA $7FFD62,X [7FFD70] = $0002  A:0002 X:000E Y:996D S:0375 D:0000 DB:7E P:04 V:201 H:144
C605BB $E8             INX                             A:0002 X:000E Y:996D S:0375 D:0000 DB:7E P:04 V:201 H:154
C605BC $E8             INX                             A:0002 X:000F Y:996D S:0375 D:0000 DB:7E P:04 V:201 H:157
C605BD $E0 $40 $00     CPX #$0040                      A:0002 X:0010 Y:996D S:0375 D:0000 DB:7E P:04 V:201 H:160
C605C0 $90 $E9         BCC $C605AB                     A:0002 X:0010 Y:996D S:0375 D:0000 DB:7E P:84 V:201 H:165
C605AB $A9 $02 $00     LDA #$0002                      A:0002 X:0010 Y:996D S:0375 D:0000 DB:7E P:84 V:201 H:169
C605AE $0A             ASL                             A:0002 X:0010 Y:996D S:0375 D:0000 DB:7E P:04 V:201 H:174
C605AF $9F $22 $FD $7F STA $7FFD22,X [7FFD32] = $0004  A:0004 X:0010 Y:996D S:0375 D:0000 DB:7E P:04 V:201 H:177
C605B3 $A9 $01 $00     LDA #$0001                      A:0004 X:0010 Y:996D S:0375 D:0000 DB:7E P:04 V:201 H:187
C605B6 $0A             ASL                             A:0001 X:0010 Y:996D S:0375 D:0000 DB:7E P:04 V:201 H:191
C605B7 $9F $62 $FD $7F STA $7FFD62,X [7FFD72] = $0002  A:0002 X:0010 Y:996D S:0375 D:0000 DB:7E P:04 V:201 H:194
C605BB $E8             INX                             A:0002 X:0010 Y:996D S:0375 D:0000 DB:7E P:04 V:201 H:204
C605BC $E8             INX                             A:0002 X:0011 Y:996D S:0375 D:0000 DB:7E P:04 V:201 H:207
C605BD $E0 $40 $00     CPX #$0040                      A:0002 X:0012 Y:996D S:0375 D:0000 DB:7E P:04 V:201 H:210
C605C0 $90 $E9         BCC $C605AB                     A:0002 X:0012 Y:996D S:0375 D:0000 DB:7E P:84 V:201 H:215
C605AB $A9 $02 $00     LDA #$0002                      A:0002 X:0012 Y:996D S:0375 D:0000 DB:7E P:84 V:201 H:219
C605AE $0A             ASL                             A:0002 X:0012 Y:996D S:0375 D:0000 DB:7E P:04 V:201 H:224
C605AF $9F $22 $FD $7F STA $7FFD22,X [7FFD34] = $0004  A:0004 X:0012 Y:996D S:0375 D:0000 DB:7E P:04 V:201 H:227
C605B3 $A9 $01 $00     LDA #$0001                      A:0004 X:0012 Y:996D S:0375 D:0000 DB:7E P:04 V:201 H:237
C605B6 $0A             ASL                             A:0001 X:0012 Y:996D S:0375 D:0000 DB:7E P:04 V:201 H:241
C605B7 $9F $62 $FD $7F STA $7FFD62,X [7FFD74] = $0002  A:0002 X:0012 Y:996D S:0375 D:0000 DB:7E P:04 V:201 H:244
C605BB $E8             INX                             A:0002 X:0012 Y:996D S:0375 D:0000 DB:7E P:04 V:201 H:254
C605BC $E8             INX                             A:0002 X:0013 Y:996D S:0375 D:0000 DB:7E P:04 V:201 H:257
C605BD $E0 $40 $00     CPX #$0040                      A:0002 X:0014 Y:996D S:0375 D:0000 DB:7E P:04 V:201 H:260
C605C0 $90 $E9         BCC $C605AB                     A:0002 X:0014 Y:996D S:0375 D:0000 DB:7E P:84 V:201 H:265
C605AB $A9 $02 $00     LDA #$0002                      A:0002 X:0014 Y:996D S:0375 D:0000 DB:7E P:84 V:201 H:269
C605AE $0A             ASL                             A:0002 X:0014 Y:996D S:0375 D:0000 DB:7E P:04 V:201 H:274
C605AF $9F $22 $FD $7F STA $7FFD22,X [7FFD36] = $0004  A:0004 X:0014 Y:996D S:0375 D:0000 DB:7E P:04 V:201 H:292
C605B3 $A9 $01 $00     LDA #$0001                      A:0004 X:0014 Y:996D S:0375 D:0000 DB:7E P:04 V:201 H:302
C605B6 $0A             ASL                             A:0001 X:0014 Y:996D S:0375 D:0000 DB:7E P:04 V:201 H:306
C605B7 $9F $62 $FD $7F STA $7FFD62,X [7FFD76] = $0002  A:0002 X:0014 Y:996D S:0375 D:0000 DB:7E P:04 V:201 H:309
C605BB $E8             INX                             A:0002 X:0014 Y:996D S:0375 D:0000 DB:7E P:04 V:201 H:319
C605BC $E8             INX                             A:0002 X:0015 Y:996D S:0375 D:0000 DB:7E P:04 V:201 H:322
C605BD $E0 $40 $00     CPX #$0040                      A:0002 X:0016 Y:996D S:0375 D:0000 DB:7E P:04 V:201 H:325
C605C0 $90 $E9         BCC $C605AB                     A:0002 X:0016 Y:996D S:0375 D:0000 DB:7E P:84 V:201 H:329
C605AB $A9 $02 $00     LDA #$0002                      A:0002 X:0016 Y:996D S:0375 D:0000 DB:7E P:84 V:201 H:333
C605AE $0A             ASL                             A:0002 X:0016 Y:996D S:0375 D:0000 DB:7E P:04 V:201 H:338
C605AF $9F $22 $FD $7F STA $7FFD22,X [7FFD38] = $0004  A:0004 X:0016 Y:996D S:0375 D:0000 DB:7E P:04 V:202 H:1  
C605B3 $A9 $01 $00     LDA #$0001                      A:0004 X:0016 Y:996D S:0375 D:0000 DB:7E P:04 V:202 H:11 
C605B6 $0A             ASL                             A:0001 X:0016 Y:996D S:0375 D:0000 DB:7E P:04 V:202 H:15 
C605B7 $9F $62 $FD $7F STA $7FFD62,X [7FFD78] = $0002  A:0002 X:0016 Y:996D S:0375 D:0000 DB:7E P:04 V:202 H:18 
C605BB $E8             INX                             A:0002 X:0016 Y:996D S:0375 D:0000 DB:7E P:04 V:202 H:28 
C605BC $E8             INX                             A:0002 X:0017 Y:996D S:0375 D:0000 DB:7E P:04 V:202 H:31 
C605BD $E0 $40 $00     CPX #$0040                      A:0002 X:0018 Y:996D S:0375 D:0000 DB:7E P:04 V:202 H:34 
C605C0 $90 $E9         BCC $C605AB                     A:0002 X:0018 Y:996D S:0375 D:0000 DB:7E P:84 V:202 H:39 
C605AB $A9 $02 $00     LDA #$0002                      A:0002 X:0018 Y:996D S:0375 D:0000 DB:7E P:84 V:202 H:43 
C605AE $0A             ASL                             A:0002 X:0018 Y:996D S:0375 D:0000 DB:7E P:04 V:202 H:48 
C605AF $9F $22 $FD $7F STA $7FFD22,X [7FFD3A] = $0004  A:0004 X:0018 Y:996D S:0375 D:0000 DB:7E P:04 V:202 H:51 
C605B3 $A9 $01 $00     LDA #$0001                      A:0004 X:0018 Y:996D S:0375 D:0000 DB:7E P:04 V:202 H:61 
C605B6 $0A             ASL                             A:0001 X:0018 Y:996D S:0375 D:0000 DB:7E P:04 V:202 H:65 
C605B7 $9F $62 $FD $7F STA $7FFD62,X [7FFD7A] = $0002  A:0002 X:0018 Y:996D S:0375 D:0000 DB:7E P:04 V:202 H:68 
C605BB $E8             INX                             A:0002 X:0018 Y:996D S:0375 D:0000 DB:7E P:04 V:202 H:78 
C605BC $E8             INX                             A:0002 X:0019 Y:996D S:0375 D:0000 DB:7E P:04 V:202 H:81 
C605BD $E0 $40 $00     CPX #$0040                      A:0002 X:001A Y:996D S:0375 D:0000 DB:7E P:04 V:202 H:84 
C605C0 $90 $E9         BCC $C605AB                     A:0002 X:001A Y:996D S:0375 D:0000 DB:7E P:84 V:202 H:89 
C605AB $A9 $02 $00     LDA #$0002                      A:0002 X:001A Y:996D S:0375 D:0000 DB:7E P:84 V:202 H:93 
C605AE $0A             ASL                             A:0002 X:001A Y:996D S:0375 D:0000 DB:7E P:04 V:202 H:98 
C605AF $9F $22 $FD $7F STA $7FFD22,X [7FFD3C] = $0004  A:0004 X:001A Y:996D S:0375 D:0000 DB:7E P:04 V:202 H:101
C605B3 $A9 $01 $00     LDA #$0001                      A:0004 X:001A Y:996D S:0375 D:0000 DB:7E P:04 V:202 H:111
C605B6 $0A             ASL                             A:0001 X:001A Y:996D S:0375 D:0000 DB:7E P:04 V:202 H:115
C605B7 $9F $62 $FD $7F STA $7FFD62,X [7FFD7C] = $0002  A:0002 X:001A Y:996D S:0375 D:0000 DB:7E P:04 V:202 H:118
C605BB $E8             INX                             A:0002 X:001A Y:996D S:0375 D:0000 DB:7E P:04 V:202 H:128
C605BC $E8             INX                             A:0002 X:001B Y:996D S:0375 D:0000 DB:7E P:04 V:202 H:131
C605BD $E0 $40 $00     CPX #$0040                      A:0002 X:001C Y:996D S:0375 D:0000 DB:7E P:04 V:202 H:144
C605C0 $90 $E9         BCC $C605AB                     A:0002 X:001C Y:996D S:0375 D:0000 DB:7E P:84 V:202 H:149
C605AB $A9 $02 $00     LDA #$0002                      A:0002 X:001C Y:996D S:0375 D:0000 DB:7E P:84 V:202 H:153
C605AE $0A             ASL                             A:0002 X:001C Y:996D S:0375 D:0000 DB:7E P:04 V:202 H:158
C605AF $9F $22 $FD $7F STA $7FFD22,X [7FFD3E] = $0004  A:0004 X:001C Y:996D S:0375 D:0000 DB:7E P:04 V:202 H:161
C605B3 $A9 $01 $00     LDA #$0001                      A:0004 X:001C Y:996D S:0375 D:0000 DB:7E P:04 V:202 H:171
C605B6 $0A             ASL                             A:0001 X:001C Y:996D S:0375 D:0000 DB:7E P:04 V:202 H:175
C605B7 $9F $62 $FD $7F STA $7FFD62,X [7FFD7E] = $0002  A:0002 X:001C Y:996D S:0375 D:0000 DB:7E P:04 V:202 H:178
C605BB $E8             INX                             A:0002 X:001C Y:996D S:0375 D:0000 DB:7E P:04 V:202 H:188
C605BC $E8             INX                             A:0002 X:001D Y:996D S:0375 D:0000 DB:7E P:04 V:202 H:191
C605BD $E0 $40 $00     CPX #$0040                      A:0002 X:001E Y:996D S:0375 D:0000 DB:7E P:04 V:202 H:194
C605C0 $90 $E9         BCC $C605AB                     A:0002 X:001E Y:996D S:0375 D:0000 DB:7E P:84 V:202 H:199
C605AB $A9 $02 $00     LDA #$0002                      A:0002 X:001E Y:996D S:0375 D:0000 DB:7E P:84 V:202 H:203
C605AE $0A             ASL                             A:0002 X:001E Y:996D S:0375 D:0000 DB:7E P:04 V:202 H:208
C605AF $9F $22 $FD $7F STA $7FFD22,X [7FFD40] = $0004  A:0004 X:001E Y:996D S:0375 D:0000 DB:7E P:04 V:202 H:211
C605B3 $A9 $01 $00     LDA #$0001                      A:0004 X:001E Y:996D S:0375 D:0000 DB:7E P:04 V:202 H:221
C605B6 $0A             ASL                             A:0001 X:001E Y:996D S:0375 D:0000 DB:7E P:04 V:202 H:225
C605B7 $9F $62 $FD $7F STA $7FFD62,X [7FFD80] = $0002  A:0002 X:001E Y:996D S:0375 D:0000 DB:7E P:04 V:202 H:228
C605BB $E8             INX                             A:0002 X:001E Y:996D S:0375 D:0000 DB:7E P:04 V:202 H:238
C605BC $E8             INX                             A:0002 X:001F Y:996D S:0375 D:0000 DB:7E P:04 V:202 H:241
C605BD $E0 $40 $00     CPX #$0040                      A:0002 X:0020 Y:996D S:0375 D:0000 DB:7E P:04 V:202 H:244
C605C0 $90 $E9         BCC $C605AB                     A:0002 X:0020 Y:996D S:0375 D:0000 DB:7E P:84 V:202 H:249
C605AB $A9 $02 $00     LDA #$0002                      A:0002 X:0020 Y:996D S:0375 D:0000 DB:7E P:84 V:202 H:253
C605AE $0A             ASL                             A:0002 X:0020 Y:996D S:0375 D:0000 DB:7E P:04 V:202 H:258
C605AF $9F $22 $FD $7F STA $7FFD22,X [7FFD42] = $0004  A:0004 X:0020 Y:996D S:0375 D:0000 DB:7E P:04 V:202 H:261
C605B3 $A9 $01 $00     LDA #$0001                      A:0004 X:0020 Y:996D S:0375 D:0000 DB:7E P:04 V:202 H:271
C605B6 $0A             ASL                             A:0001 X:0020 Y:996D S:0375 D:0000 DB:7E P:04 V:202 H:275
C605B7 $9F $62 $FD $7F STA $7FFD62,X [7FFD82] = $0002  A:0002 X:0020 Y:996D S:0375 D:0000 DB:7E P:04 V:202 H:295
C605BB $E8             INX                             A:0002 X:0020 Y:996D S:0375 D:0000 DB:7E P:04 V:202 H:305
C605BC $E8             INX                             A:0002 X:0021 Y:996D S:0375 D:0000 DB:7E P:04 V:202 H:308
C605BD $E0 $40 $00     CPX #$0040                      A:0002 X:0022 Y:996D S:0375 D:0000 DB:7E P:04 V:202 H:311
C605C0 $90 $E9         BCC $C605AB                     A:0002 X:0022 Y:996D S:0375 D:0000 DB:7E P:84 V:202 H:315
C605AB $A9 $02 $00     LDA #$0002                      A:0002 X:0022 Y:996D S:0375 D:0000 DB:7E P:84 V:202 H:320
C605AE $0A             ASL                             A:0002 X:0022 Y:996D S:0375 D:0000 DB:7E P:04 V:202 H:324
C605AF $9F $22 $FD $7F STA $7FFD22,X [7FFD44] = $0004  A:0004 X:0022 Y:996D S:0375 D:0000 DB:7E P:04 V:202 H:327
C605B3 $A9 $01 $00     LDA #$0001                      A:0004 X:0022 Y:996D S:0375 D:0000 DB:7E P:04 V:202 H:336
C605B6 $0A             ASL                             A:0001 X:0022 Y:996D S:0375 D:0000 DB:7E P:04 V:203 H:1  
C605B7 $9F $62 $FD $7F STA $7FFD62,X [7FFD84] = $0002  A:0002 X:0022 Y:996D S:0375 D:0000 DB:7E P:04 V:203 H:4  
C605BB $E8             INX                             A:0002 X:0022 Y:996D S:0375 D:0000 DB:7E P:04 V:203 H:14 
C605BC $E8             INX                             A:0002 X:0023 Y:996D S:0375 D:0000 DB:7E P:04 V:203 H:17 
C605BD $E0 $40 $00     CPX #$0040                      A:0002 X:0024 Y:996D S:0375 D:0000 DB:7E P:04 V:203 H:20 
C605C0 $90 $E9         BCC $C605AB                     A:0002 X:0024 Y:996D S:0375 D:0000 DB:7E P:84 V:203 H:24 
C605AB $A9 $02 $00     LDA #$0002                      A:0002 X:0024 Y:996D S:0375 D:0000 DB:7E P:84 V:203 H:29 
C605AE $0A             ASL                             A:0002 X:0024 Y:996D S:0375 D:0000 DB:7E P:04 V:203 H:33 
C605AF $9F $22 $FD $7F STA $7FFD22,X [7FFD46] = $0004  A:0004 X:0024 Y:996D S:0375 D:0000 DB:7E P:04 V:203 H:36 
C605B3 $A9 $01 $00     LDA #$0001                      A:0004 X:0024 Y:996D S:0375 D:0000 DB:7E P:04 V:203 H:46 
C605B6 $0A             ASL                             A:0001 X:0024 Y:996D S:0375 D:0000 DB:7E P:04 V:203 H:51 
C605B7 $9F $62 $FD $7F STA $7FFD62,X [7FFD86] = $0002  A:0002 X:0024 Y:996D S:0375 D:0000 DB:7E P:04 V:203 H:54 
C605BB $E8             INX                             A:0002 X:0024 Y:996D S:0375 D:0000 DB:7E P:04 V:203 H:64 
C605BC $E8             INX                             A:0002 X:0025 Y:996D S:0375 D:0000 DB:7E P:04 V:203 H:67 
C605BD $E0 $40 $00     CPX #$0040                      A:0002 X:0026 Y:996D S:0375 D:0000 DB:7E P:04 V:203 H:70 
C605C0 $90 $E9         BCC $C605AB                     A:0002 X:0026 Y:996D S:0375 D:0000 DB:7E P:84 V:203 H:74 
C605AB $A9 $02 $00     LDA #$0002                      A:0002 X:0026 Y:996D S:0375 D:0000 DB:7E P:84 V:203 H:79 
C605AE $0A             ASL                             A:0002 X:0026 Y:996D S:0375 D:0000 DB:7E P:04 V:203 H:83 
C605AF $9F $22 $FD $7F STA $7FFD22,X [7FFD48] = $0004  A:0004 X:0026 Y:996D S:0375 D:0000 DB:7E P:04 V:203 H:86 
C605B3 $A9 $01 $00     LDA #$0001                      A:0004 X:0026 Y:996D S:0375 D:0000 DB:7E P:04 V:203 H:96 
C605B6 $0A             ASL                             A:0001 X:0026 Y:996D S:0375 D:0000 DB:7E P:04 V:203 H:101
C605B7 $9F $62 $FD $7F STA $7FFD62,X [7FFD88] = $0002  A:0002 X:0026 Y:996D S:0375 D:0000 DB:7E P:04 V:203 H:104
C605BB $E8             INX                             A:0002 X:0026 Y:996D S:0375 D:0000 DB:7E P:04 V:203 H:114
C605BC $E8             INX                             A:0002 X:0027 Y:996D S:0375 D:0000 DB:7E P:04 V:203 H:117
C605BD $E0 $40 $00     CPX #$0040                      A:0002 X:0028 Y:996D S:0375 D:0000 DB:7E P:04 V:203 H:120
C605C0 $90 $E9         BCC $C605AB                     A:0002 X:0028 Y:996D S:0375 D:0000 DB:7E P:84 V:203 H:124
C605AB $A9 $02 $00     LDA #$0002                      A:0002 X:0028 Y:996D S:0375 D:0000 DB:7E P:84 V:203 H:129
C605AE $0A             ASL                             A:0002 X:0028 Y:996D S:0375 D:0000 DB:7E P:04 V:203 H:143
C605AF $9F $22 $FD $7F STA $7FFD22,X [7FFD4A] = $0004  A:0004 X:0028 Y:996D S:0375 D:0000 DB:7E P:04 V:203 H:146
C605B3 $A9 $01 $00     LDA #$0001                      A:0004 X:0028 Y:996D S:0375 D:0000 DB:7E P:04 V:203 H:156
C605B6 $0A             ASL                             A:0001 X:0028 Y:996D S:0375 D:0000 DB:7E P:04 V:203 H:161
C605B7 $9F $62 $FD $7F STA $7FFD62,X [7FFD8A] = $0002  A:0002 X:0028 Y:996D S:0375 D:0000 DB:7E P:04 V:203 H:164
C605BB $E8             INX                             A:0002 X:0028 Y:996D S:0375 D:0000 DB:7E P:04 V:203 H:174
C605BC $E8             INX                             A:0002 X:0029 Y:996D S:0375 D:0000 DB:7E P:04 V:203 H:177
C605BD $E0 $40 $00     CPX #$0040                      A:0002 X:002A Y:996D S:0375 D:0000 DB:7E P:04 V:203 H:180
C605C0 $90 $E9         BCC $C605AB                     A:0002 X:002A Y:996D S:0375 D:0000 DB:7E P:84 V:203 H:184
C605AB $A9 $02 $00     LDA #$0002                      A:0002 X:002A Y:996D S:0375 D:0000 DB:7E P:84 V:203 H:189
C605AE $0A             ASL                             A:0002 X:002A Y:996D S:0375 D:0000 DB:7E P:04 V:203 H:193
C605AF $9F $22 $FD $7F STA $7FFD22,X [7FFD4C] = $0004  A:0004 X:002A Y:996D S:0375 D:0000 DB:7E P:04 V:203 H:196
C605B3 $A9 $01 $00     LDA #$0001                      A:0004 X:002A Y:996D S:0375 D:0000 DB:7E P:04 V:203 H:206
C605B6 $0A             ASL                             A:0001 X:002A Y:996D S:0375 D:0000 DB:7E P:04 V:203 H:211
C605B7 $9F $62 $FD $7F STA $7FFD62,X [7FFD8C] = $0002  A:0002 X:002A Y:996D S:0375 D:0000 DB:7E P:04 V:203 H:214
C605BB $E8             INX                             A:0002 X:002A Y:996D S:0375 D:0000 DB:7E P:04 V:203 H:224
C605BC $E8             INX                             A:0002 X:002B Y:996D S:0375 D:0000 DB:7E P:04 V:203 H:227
C605BD $E0 $40 $00     CPX #$0040                      A:0002 X:002C Y:996D S:0375 D:0000 DB:7E P:04 V:203 H:230
C605C0 $90 $E9         BCC $C605AB                     A:0002 X:002C Y:996D S:0375 D:0000 DB:7E P:84 V:203 H:234
C605AB $A9 $02 $00     LDA #$0002                      A:0002 X:002C Y:996D S:0375 D:0000 DB:7E P:84 V:203 H:239
C605AE $0A             ASL                             A:0002 X:002C Y:996D S:0375 D:0000 DB:7E P:04 V:203 H:243
C605AF $9F $22 $FD $7F STA $7FFD22,X [7FFD4E] = $0004  A:0004 X:002C Y:996D S:0375 D:0000 DB:7E P:04 V:203 H:246
C605B3 $A9 $01 $00     LDA #$0001                      A:0004 X:002C Y:996D S:0375 D:0000 DB:7E P:04 V:203 H:256
C605B6 $0A             ASL                             A:0001 X:002C Y:996D S:0375 D:0000 DB:7E P:04 V:203 H:261
C605B7 $9F $62 $FD $7F STA $7FFD62,X [7FFD8E] = $0002  A:0002 X:002C Y:996D S:0375 D:0000 DB:7E P:04 V:203 H:264
C605BB $E8             INX                             A:0002 X:002C Y:996D S:0375 D:0000 DB:7E P:04 V:203 H:274
C605BC $E8             INX                             A:0002 X:002D Y:996D S:0375 D:0000 DB:7E P:04 V:203 H:292
C605BD $E0 $40 $00     CPX #$0040                      A:0002 X:002E Y:996D S:0375 D:0000 DB:7E P:04 V:203 H:295
C605C0 $90 $E9         BCC $C605AB                     A:0002 X:002E Y:996D S:0375 D:0000 DB:7E P:84 V:203 H:299
C605AB $A9 $02 $00     LDA #$0002                      A:0002 X:002E Y:996D S:0375 D:0000 DB:7E P:84 V:203 H:304
C605AE $0A             ASL                             A:0002 X:002E Y:996D S:0375 D:0000 DB:7E P:04 V:203 H:308
C605AF $9F $22 $FD $7F STA $7FFD22,X [7FFD50] = $0004  A:0004 X:002E Y:996D S:0375 D:0000 DB:7E P:04 V:203 H:311
C605B3 $A9 $01 $00     LDA #$0001                      A:0004 X:002E Y:996D S:0375 D:0000 DB:7E P:04 V:203 H:321
C605B6 $0A             ASL                             A:0001 X:002E Y:996D S:0375 D:0000 DB:7E P:04 V:203 H:325
C605B7 $9F $62 $FD $7F STA $7FFD62,X [7FFD90] = $0002  A:0002 X:002E Y:996D S:0375 D:0000 DB:7E P:04 V:203 H:328
C605BB $E8             INX                             A:0002 X:002E Y:996D S:0375 D:0000 DB:7E P:04 V:203 H:338
C605BC $E8             INX                             A:0002 X:002F Y:996D S:0375 D:0000 DB:7E P:04 V:204 H:1  
C605BD $E0 $40 $00     CPX #$0040                      A:0002 X:0030 Y:996D S:0375 D:0000 DB:7E P:04 V:204 H:4  
C605C0 $90 $E9         BCC $C605AB                     A:0002 X:0030 Y:996D S:0375 D:0000 DB:7E P:84 V:204 H:8  
C605AB $A9 $02 $00     LDA #$0002                      A:0002 X:0030 Y:996D S:0375 D:0000 DB:7E P:84 V:204 H:13 
C605AE $0A             ASL                             A:0002 X:0030 Y:996D S:0375 D:0000 DB:7E P:04 V:204 H:17 
C605AF $9F $22 $FD $7F STA $7FFD22,X [7FFD52] = $0004  A:0004 X:0030 Y:996D S:0375 D:0000 DB:7E P:04 V:204 H:20 
C605B3 $A9 $01 $00     LDA #$0001                      A:0004 X:0030 Y:996D S:0375 D:0000 DB:7E P:04 V:204 H:30 
C605B6 $0A             ASL                             A:0001 X:0030 Y:996D S:0375 D:0000 DB:7E P:04 V:204 H:35 
C605B7 $9F $62 $FD $7F STA $7FFD62,X [7FFD92] = $0002  A:0002 X:0030 Y:996D S:0375 D:0000 DB:7E P:04 V:204 H:38 
C605BB $E8             INX                             A:0002 X:0030 Y:996D S:0375 D:0000 DB:7E P:04 V:204 H:48 
C605BC $E8             INX                             A:0002 X:0031 Y:996D S:0375 D:0000 DB:7E P:04 V:204 H:51 
C605BD $E0 $40 $00     CPX #$0040                      A:0002 X:0032 Y:996D S:0375 D:0000 DB:7E P:04 V:204 H:54 
C605C0 $90 $E9         BCC $C605AB                     A:0002 X:0032 Y:996D S:0375 D:0000 DB:7E P:84 V:204 H:58 
C605AB $A9 $02 $00     LDA #$0002                      A:0002 X:0032 Y:996D S:0375 D:0000 DB:7E P:84 V:204 H:63 
C605AE $0A             ASL                             A:0002 X:0032 Y:996D S:0375 D:0000 DB:7E P:04 V:204 H:67 
C605AF $9F $22 $FD $7F STA $7FFD22,X [7FFD54] = $0004  A:0004 X:0032 Y:996D S:0375 D:0000 DB:7E P:04 V:204 H:70 
C605B3 $A9 $01 $00     LDA #$0001                      A:0004 X:0032 Y:996D S:0375 D:0000 DB:7E P:04 V:204 H:80 
C605B6 $0A             ASL                             A:0001 X:0032 Y:996D S:0375 D:0000 DB:7E P:04 V:204 H:85 
C605B7 $9F $62 $FD $7F STA $7FFD62,X [7FFD94] = $0002  A:0002 X:0032 Y:996D S:0375 D:0000 DB:7E P:04 V:204 H:88 
C605BB $E8             INX                             A:0002 X:0032 Y:996D S:0375 D:0000 DB:7E P:04 V:204 H:98 
C605BC $E8             INX                             A:0002 X:0033 Y:996D S:0375 D:0000 DB:7E P:04 V:204 H:101
C605BD $E0 $40 $00     CPX #$0040                      A:0002 X:0034 Y:996D S:0375 D:0000 DB:7E P:04 V:204 H:104
C605C0 $90 $E9         BCC $C605AB                     A:0002 X:0034 Y:996D S:0375 D:0000 DB:7E P:84 V:204 H:108
C605AB $A9 $02 $00     LDA #$0002                      A:0002 X:0034 Y:996D S:0375 D:0000 DB:7E P:84 V:204 H:113
C605AE $0A             ASL                             A:0002 X:0034 Y:996D S:0375 D:0000 DB:7E P:04 V:204 H:117
C605AF $9F $22 $FD $7F STA $7FFD22,X [7FFD56] = $0004  A:0004 X:0034 Y:996D S:0375 D:0000 DB:7E P:04 V:204 H:120
C605B3 $A9 $01 $00     LDA #$0001                      A:0004 X:0034 Y:996D S:0375 D:0000 DB:7E P:04 V:204 H:130
C605B6 $0A             ASL                             A:0001 X:0034 Y:996D S:0375 D:0000 DB:7E P:04 V:204 H:145
C605B7 $9F $62 $FD $7F STA $7FFD62,X [7FFD96] = $0002  A:0002 X:0034 Y:996D S:0375 D:0000 DB:7E P:04 V:204 H:148
C605BB $E8             INX                             A:0002 X:0034 Y:996D S:0375 D:0000 DB:7E P:04 V:204 H:158
C605BC $E8             INX                             A:0002 X:0035 Y:996D S:0375 D:0000 DB:7E P:04 V:204 H:161
C605BD $E0 $40 $00     CPX #$0040                      A:0002 X:0036 Y:996D S:0375 D:0000 DB:7E P:04 V:204 H:164
C605C0 $90 $E9         BCC $C605AB                     A:0002 X:0036 Y:996D S:0375 D:0000 DB:7E P:84 V:204 H:168
C605AB $A9 $02 $00     LDA #$0002                      A:0002 X:0036 Y:996D S:0375 D:0000 DB:7E P:84 V:204 H:173
C605AE $0A             ASL                             A:0002 X:0036 Y:996D S:0375 D:0000 DB:7E P:04 V:204 H:177
C605AF $9F $22 $FD $7F STA $7FFD22,X [7FFD58] = $0004  A:0004 X:0036 Y:996D S:0375 D:0000 DB:7E P:04 V:204 H:180
C605B3 $A9 $01 $00     LDA #$0001                      A:0004 X:0036 Y:996D S:0375 D:0000 DB:7E P:04 V:204 H:190
C605B6 $0A             ASL                             A:0001 X:0036 Y:996D S:0375 D:0000 DB:7E P:04 V:204 H:195
C605B7 $9F $62 $FD $7F STA $7FFD62,X [7FFD98] = $0002  A:0002 X:0036 Y:996D S:0375 D:0000 DB:7E P:04 V:204 H:198
C605BB $E8             INX                             A:0002 X:0036 Y:996D S:0375 D:0000 DB:7E P:04 V:204 H:208
C605BC $E8             INX                             A:0002 X:0037 Y:996D S:0375 D:0000 DB:7E P:04 V:204 H:211
C605BD $E0 $40 $00     CPX #$0040                      A:0002 X:0038 Y:996D S:0375 D:0000 DB:7E P:04 V:204 H:214
C605C0 $90 $E9         BCC $C605AB                     A:0002 X:0038 Y:996D S:0375 D:0000 DB:7E P:84 V:204 H:218
C605AB $A9 $02 $00     LDA #$0002                      A:0002 X:0038 Y:996D S:0375 D:0000 DB:7E P:84 V:204 H:223
C605AE $0A             ASL                             A:0002 X:0038 Y:996D S:0375 D:0000 DB:7E P:04 V:204 H:227
C605AF $9F $22 $FD $7F STA $7FFD22,X [7FFD5A] = $0004  A:0004 X:0038 Y:996D S:0375 D:0000 DB:7E P:04 V:204 H:230
C605B3 $A9 $01 $00     LDA #$0001                      A:0004 X:0038 Y:996D S:0375 D:0000 DB:7E P:04 V:204 H:240
C605B6 $0A             ASL                             A:0001 X:0038 Y:996D S:0375 D:0000 DB:7E P:04 V:204 H:245
C605B7 $9F $62 $FD $7F STA $7FFD62,X [7FFD9A] = $0002  A:0002 X:0038 Y:996D S:0375 D:0000 DB:7E P:04 V:204 H:248
C605BB $E8             INX                             A:0002 X:0038 Y:996D S:0375 D:0000 DB:7E P:04 V:204 H:258
C605BC $E8             INX                             A:0002 X:0039 Y:996D S:0375 D:0000 DB:7E P:04 V:204 H:261
C605BD $E0 $40 $00     CPX #$0040                      A:0002 X:003A Y:996D S:0375 D:0000 DB:7E P:04 V:204 H:264
C605C0 $90 $E9         BCC $C605AB                     A:0002 X:003A Y:996D S:0375 D:0000 DB:7E P:84 V:204 H:268
C605AB $A9 $02 $00     LDA #$0002                      A:0002 X:003A Y:996D S:0375 D:0000 DB:7E P:84 V:204 H:273
C605AE $0A             ASL                             A:0002 X:003A Y:996D S:0375 D:0000 DB:7E P:04 V:204 H:294
C605AF $9F $22 $FD $7F STA $7FFD22,X [7FFD5C] = $0004  A:0004 X:003A Y:996D S:0375 D:0000 DB:7E P:04 V:204 H:297
C605B3 $A9 $01 $00     LDA #$0001                      A:0004 X:003A Y:996D S:0375 D:0000 DB:7E P:04 V:204 H:307
C605B6 $0A             ASL                             A:0001 X:003A Y:996D S:0375 D:0000 DB:7E P:04 V:204 H:311
C605B7 $9F $62 $FD $7F STA $7FFD62,X [7FFD9C] = $0002  A:0002 X:003A Y:996D S:0375 D:0000 DB:7E P:04 V:204 H:314
C605BB $E8             INX                             A:0002 X:003A Y:996D S:0375 D:0000 DB:7E P:04 V:204 H:324
C605BC $E8             INX                             A:0002 X:003B Y:996D S:0375 D:0000 DB:7E P:04 V:204 H:327
C605BD $E0 $40 $00     CPX #$0040                      A:0002 X:003C Y:996D S:0375 D:0000 DB:7E P:04 V:204 H:329
C605C0 $90 $E9         BCC $C605AB                     A:0002 X:003C Y:996D S:0375 D:0000 DB:7E P:84 V:204 H:334
C605AB $A9 $02 $00     LDA #$0002                      A:0002 X:003C Y:996D S:0375 D:0000 DB:7E P:84 V:204 H:338
C605AE $0A             ASL                             A:0002 X:003C Y:996D S:0375 D:0000 DB:7E P:04 V:205 H:3  
C605AF $9F $22 $FD $7F STA $7FFD22,X [7FFD5E] = $0004  A:0004 X:003C Y:996D S:0375 D:0000 DB:7E P:04 V:205 H:6  
C605B3 $A9 $01 $00     LDA #$0001                      A:0004 X:003C Y:996D S:0375 D:0000 DB:7E P:04 V:205 H:16 
C605B6 $0A             ASL                             A:0001 X:003C Y:996D S:0375 D:0000 DB:7E P:04 V:205 H:20 
C605B7 $9F $62 $FD $7F STA $7FFD62,X [7FFD9E] = $0002  A:0002 X:003C Y:996D S:0375 D:0000 DB:7E P:04 V:205 H:23 
C605BB $E8             INX                             A:0002 X:003C Y:996D S:0375 D:0000 DB:7E P:04 V:205 H:33 
C605BC $E8             INX                             A:0002 X:003D Y:996D S:0375 D:0000 DB:7E P:04 V:205 H:36 
C605BD $E0 $40 $00     CPX #$0040                      A:0002 X:003E Y:996D S:0375 D:0000 DB:7E P:04 V:205 H:39 
C605C0 $90 $E9         BCC $C605AB                     A:0002 X:003E Y:996D S:0375 D:0000 DB:7E P:84 V:205 H:44 
C605AB $A9 $02 $00     LDA #$0002                      A:0002 X:003E Y:996D S:0375 D:0000 DB:7E P:84 V:205 H:48 
C605AE $0A             ASL                             A:0002 X:003E Y:996D S:0375 D:0000 DB:7E P:04 V:205 H:53 
C605AF $9F $22 $FD $7F STA $7FFD22,X [7FFD60] = $0004  A:0004 X:003E Y:996D S:0375 D:0000 DB:7E P:04 V:205 H:56 
C605B3 $A9 $01 $00     LDA #$0001                      A:0004 X:003E Y:996D S:0375 D:0000 DB:7E P:04 V:205 H:66 
C605B6 $0A             ASL                             A:0001 X:003E Y:996D S:0375 D:0000 DB:7E P:04 V:205 H:70 
C605B7 $9F $62 $FD $7F STA $7FFD62,X [7FFDA0] = $0002  A:0002 X:003E Y:996D S:0375 D:0000 DB:7E P:04 V:205 H:73 
C605BB $E8             INX                             A:0002 X:003E Y:996D S:0375 D:0000 DB:7E P:04 V:205 H:83 
C605BC $E8             INX                             A:0002 X:003F Y:996D S:0375 D:0000 DB:7E P:04 V:205 H:86 
C605BD $E0 $40 $00     CPX #$0040                      A:0002 X:0040 Y:996D S:0375 D:0000 DB:7E P:04 V:205 H:89 
C605C0 $90 $E9         BCC $C605AB                     A:0002 X:0040 Y:996D S:0375 D:0000 DB:7E P:07 V:205 H:94 
C605C2 $60             RTS                             A:0002 X:0040 Y:996D S:0375 D:0000 DB:7E P:07 V:205 H:97 
C602C1 $20 $C3 $05     JSR $05C3 [C605C3] = $00A9      A:0002 X:0040 Y:996D S:0377 D:0000 DB:7E P:07 V:205 H:107
C605C3 $A9 $00 $00     LDA #$0000                      A:0002 X:0040 Y:996D S:0375 D:0000 DB:7E P:07 V:205 H:117
C605C6 $A2 $00 $00     LDX #$0000                      A:0000 X:0040 Y:996D S:0375 D:0000 DB:7E P:07 V:205 H:121
C605C9 $9D $C9 $99     STA $99C9,X [7E99C9] = $0020    A:0000 X:0000 Y:996D S:0375 D:0000 DB:7E P:07 V:205 H:126
C605CC $E8             INX                             A:0000 X:0000 Y:996D S:0375 D:0000 DB:7E P:07 V:205 H:146
C605CD $E8             INX                             A:0000 X:0001 Y:996D S:0375 D:0000 DB:7E P:05 V:205 H:149
C605CE $E0 $10 $00     CPX #$0010                      A:0000 X:0002 Y:996D S:0375 D:0000 DB:7E P:05 V:205 H:152
C605D1 $90 $F6         BCC $C605C9                     A:0000 X:0002 Y:996D S:0375 D:0000 DB:7E P:84 V:205 H:156
C605C9 $9D $C9 $99     STA $99C9,X [7E99CB] = $004C    A:0000 X:0002 Y:996D S:0375 D:0000 DB:7E P:84 V:205 H:161
C605CC $E8             INX                             A:0000 X:0002 Y:996D S:0375 D:0000 DB:7E P:84 V:205 H:171
C605CD $E8             INX                             A:0000 X:0003 Y:996D S:0375 D:0000 DB:7E P:04 V:205 H:174
C605CE $E0 $10 $00     CPX #$0010                      A:0000 X:0004 Y:996D S:0375 D:0000 DB:7E P:04 V:205 H:177
C605D1 $90 $F6         BCC $C605C9                     A:0000 X:0004 Y:996D S:0375 D:0000 DB:7E P:84 V:205 H:181
C605C9 $9D $C9 $99     STA $99C9,X [7E99CD] = $003E    A:0000 X:0004 Y:996D S:0375 D:0000 DB:7E P:84 V:205 H:186
C605CC $E8             INX                             A:0000 X:0004 Y:996D S:0375 D:0000 DB:7E P:84 V:205 H:196
C605CD $E8             INX                             A:0000 X:0005 Y:996D S:0375 D:0000 DB:7E P:04 V:205 H:199
C605CE $E0 $10 $00     CPX #$0010                      A:0000 X:0006 Y:996D S:0375 D:0000 DB:7E P:04 V:205 H:202
C605D1 $90 $F6         BCC $C605C9                     A:0000 X:0006 Y:996D S:0375 D:0000 DB:7E P:84 V:205 H:206
C605C9 $9D $C9 $99     STA $99C9,X [7E99CF] = $003F    A:0000 X:0006 Y:996D S:0375 D:0000 DB:7E P:84 V:205 H:211
C605CC $E8             INX                             A:0000 X:0006 Y:996D S:0375 D:0000 DB:7E P:84 V:205 H:221
C605CD $E8             INX                             A:0000 X:0007 Y:996D S:0375 D:0000 DB:7E P:04 V:205 H:224
C605CE $E0 $10 $00     CPX #$0010                      A:0000 X:0008 Y:996D S:0375 D:0000 DB:7E P:04 V:205 H:227
C605D1 $90 $F6         BCC $C605C9                     A:0000 X:0008 Y:996D S:0375 D:0000 DB:7E P:84 V:205 H:231
C605C9 $9D $C9 $99     STA $99C9,X [7E99D1] = $00DC    A:0000 X:0008 Y:996D S:0375 D:0000 DB:7E P:84 V:205 H:236
C605CC $E8             INX                             A:0000 X:0008 Y:996D S:0375 D:0000 DB:7E P:84 V:205 H:246
C605CD $E8             INX                             A:0000 X:0009 Y:996D S:0375 D:0000 DB:7E P:04 V:205 H:249
C605CE $E0 $10 $00     CPX #$0010                      A:0000 X:000A Y:996D S:0375 D:0000 DB:7E P:04 V:205 H:252
C605D1 $90 $F6         BCC $C605C9                     A:0000 X:000A Y:996D S:0375 D:0000 DB:7E P:84 V:205 H:256
C605C9 $9D $C9 $99     STA $99C9,X [7E99D3] = $00D9    A:0000 X:000A Y:996D S:0375 D:0000 DB:7E P:84 V:205 H:261
C605CC $E8             INX                             A:0000 X:000A Y:996D S:0375 D:0000 DB:7E P:84 V:205 H:271
C605CD $E8             INX                             A:0000 X:000B Y:996D S:0375 D:0000 DB:7E P:04 V:205 H:274
C605CE $E0 $10 $00     CPX #$0010                      A:0000 X:000C Y:996D S:0375 D:0000 DB:7E P:04 V:205 H:292
C605D1 $90 $F6         BCC $C605C9                     A:0000 X:000C Y:996D S:0375 D:0000 DB:7E P:84 V:205 H:296
C605C9 $9D $C9 $99     STA $99C9,X [7E99D5] = $00DA    A:0000 X:000C Y:996D S:0375 D:0000 DB:7E P:84 V:205 H:301
C605CC $E8             INX                             A:0000 X:000C Y:996D S:0375 D:0000 DB:7E P:84 V:205 H:311
C605CD $E8             INX                             A:0000 X:000D Y:996D S:0375 D:0000 DB:7E P:04 V:205 H:314
C605CE $E0 $10 $00     CPX #$0010                      A:0000 X:000E Y:996D S:0375 D:0000 DB:7E P:04 V:205 H:317
C605D1 $90 $F6         BCC $C605C9                     A:0000 X:000E Y:996D S:0375 D:0000 DB:7E P:84 V:205 H:321
C605C9 $9D $C9 $99     STA $99C9,X [7E99D7] = $0000    A:0000 X:000E Y:996D S:0375 D:0000 DB:7E P:84 V:205 H:325
C605CC $E8             INX                             A:0000 X:000E Y:996D S:0375 D:0000 DB:7E P:84 V:205 H:335
C605CD $E8             INX                             A:0000 X:000F Y:996D S:0375 D:0000 DB:7E P:04 V:205 H:338
C605CE $E0 $10 $00     CPX #$0010                      A:0000 X:0010 Y:996D S:0375 D:0000 DB:7E P:04 V:206 H:1  
C605D1 $90 $F6         BCC $C605C9                     A:0000 X:0010 Y:996D S:0375 D:0000 DB:7E P:07 V:206 H:5  
C605D3 $AE $F7 $99     LDX $99F7 [7E99F7] = $0008      A:0000 X:0010 Y:996D S:0375 D:0000 DB:7E P:07 V:206 H:8  
C605D6 $22 $72 $05 $C9 JSL $C90572                     A:0000 X:0008 Y:996D S:0375 D:0000 DB:7E P:05 V:206 H:17 
C90572 $08             PHP                             A:0000 X:0008 Y:996D S:0372 D:0000 DB:7E P:05 V:206 H:30 
C90573 $8B             PHB                             A:0000 X:0008 Y:996D S:0371 D:0000 DB:7E P:05 V:206 H:35 
C90574 $78             SEI                             A:0000 X:0008 Y:996D S:0370 D:0000 DB:7E P:05 V:206 H:40 
C90575 $C2 $30         REP #$30                        A:0000 X:0008 Y:996D S:0370 D:0000 DB:7E P:05 V:206 H:43 
C90577 $48             PHA                             A:0000 X:0008 Y:996D S:0370 D:0000 DB:7E P:05 V:206 H:48 
C90578 $DA             PHX                             A:0000 X:0008 Y:996D S:036E D:0000 DB:7E P:05 V:206 H:55 
C90579 $5A             PHY                             A:0000 X:0008 Y:996D S:036C D:0000 DB:7E P:05 V:206 H:62 
C9057A $86 $40         STX $40 [000040] = $0000        A:0000 X:0008 Y:996D S:036A D:0000 DB:7E P:05 V:206 H:69 
C9057C $E2 $30         SEP #$30                        A:0000 X:0008 Y:996D S:036A D:0000 DB:7E P:05 V:206 H:76 
C9057E $A3 $0B         LDA $0B,S [000375] = $C6        A:0000 X:0008 Y:006D S:036A D:0000 DB:7E P:35 V:206 H:80 
C90580 $48             PHA                             A:00C6 X:0008 Y:006D S:036A D:0000 DB:7E P:B5 V:206 H:87 
C90581 $AB             PLB                             A:00C6 X:0008 Y:006D S:0369 D:0000 DB:7E P:B5 V:206 H:92 
C90582 $A0 $01         LDY #$01                        A:00C6 X:0008 Y:006D S:036A D:0000 DB:C6 P:B5 V:206 H:98 
C90584 $B3 $09         LDA ($09,S),Y [C605DA] = $00    A:00C6 X:0008 Y:0001 S:036A D:0000 DB:C6 P:35 V:206 H:101
C90586 $F0 $03         BEQ $C9058B                     A:0000 X:0008 Y:0001 S:036A D:0000 DB:C6 P:37 V:206 H:113
C9058B $C2 $20         REP #$20                        A:0000 X:0008 Y:0001 S:036A D:0000 DB:C6 P:37 V:206 H:117
C9058D $A0 $02         LDY #$02                        A:0000 X:0008 Y:0001 S:036A D:0000 DB:C6 P:17 V:206 H:122
C9058F $B3 $09         LDA ($09,S),Y [C605DB] = $0009  A:0000 X:0008 Y:0002 S:036A D:0000 DB:C6 P:15 V:206 H:125
C90591 $A2 $40         LDX #$40                        A:0009 X:0008 Y:0002 S:036A D:0000 DB:C6 P:15 V:206 H:148
C90593 $22 $46 $11 $C0 JSL $C01146                     A:0009 X:0040 Y:0002 S:036A D:0000 DB:C6 P:15 V:206 H:151
C01146 $08             PHP                             A:0009 X:0040 Y:0002 S:0367 D:0000 DB:C6 P:15 V:206 H:164
C01147 $E2 $20         SEP #$20                        A:0009 X:0040 Y:0002 S:0366 D:0000 DB:C6 P:15 V:206 H:169
C01149 $48             PHA                             A:0009 X:0040 Y:0002 S:0366 D:0000 DB:C6 P:35 V:206 H:174
C0114A $EB             XBA                             A:0009 X:0040 Y:0002 S:0365 D:0000 DB:C6 P:35 V:206 H:179
C0114B $48             PHA                             A:0900 X:0040 Y:0002 S:0365 D:0000 DB:C6 P:37 V:206 H:183
C0114C $B5 $01         LDA $01,X [000041] = $00        A:0900 X:0040 Y:0002 S:0364 D:0000 DB:C6 P:37 V:206 H:188
C0114E $48             PHA                             A:0900 X:0040 Y:0002 S:0364 D:0000 DB:C6 P:37 V:206 H:195
C0114F $A3 $03         LDA $03,S [000366] = $09        A:0900 X:0040 Y:0002 S:0363 D:0000 DB:C6 P:37 V:206 H:200
C01151 $EB             XBA                             A:0909 X:0040 Y:0002 S:0363 D:0000 DB:C6 P:35 V:206 H:206
C01152 $B5 $00         LDA $00,X [000040] = $08        A:0909 X:0040 Y:0002 S:0363 D:0000 DB:C6 P:35 V:206 H:211
C01154 $48             PHA                             A:0908 X:0040 Y:0002 S:0363 D:0000 DB:C6 P:35 V:206 H:217
C01155 $8F $02 $42 $00 STA $004202                     A:0908 X:0040 Y:0002 S:0362 D:0000 DB:C6 P:35 V:206 H:222
C01159 $EB             XBA                             A:0908 X:0040 Y:0002 S:0362 D:0000 DB:C6 P:35 V:206 H:230
C0115A $8F $03 $42 $00 STA $004203                     A:0809 X:0040 Y:0002 S:0362 D:0000 DB:C6 P:35 V:206 H:234
C0115E $EA             NOP                             A:0809 X:0040 Y:0002 S:0362 D:0000 DB:C6 P:35 V:206 H:242
C0115F $EA             NOP                             A:0809 X:0040 Y:0002 S:0362 D:0000 DB:C6 P:35 V:206 H:245
C01160 $EA             NOP                             A:0809 X:0040 Y:0002 S:0362 D:0000 DB:C6 P:35 V:206 H:248
C01161 $EA             NOP                             A:0809 X:0040 Y:0002 S:0362 D:0000 DB:C6 P:35 V:206 H:251
C01162 $AF $16 $42 $00 LDA $004216                     A:0809 X:0040 Y:0002 S:0362 D:0000 DB:C6 P:35 V:206 H:254
C01166 $95 $00         STA $00,X [000040] = $08        A:0848 X:0040 Y:0002 S:0362 D:0000 DB:C6 P:35 V:206 H:261
C01168 $AF $17 $42 $00 LDA $004217                     A:0848 X:0040 Y:0002 S:0362 D:0000 DB:C6 P:35 V:206 H:268
C0116C $95 $01         STA $01,X [000041] = $00        A:0800 X:0040 Y:0002 S:0362 D:0000 DB:C6 P:37 V:206 H:275
C0116E $68             PLA                             A:0800 X:0040 Y:0002 S:0362 D:0000 DB:C6 P:37 V:206 H:298
C0116F $EB             XBA                             A:0808 X:0040 Y:0002 S:0363 D:0000 DB:C6 P:35 V:206 H:305
C01170 $A3 $02         LDA $02,S [000365] = $00        A:0808 X:0040 Y:0002 S:0363 D:0000 DB:C6 P:35 V:206 H:309
C01172 $8F $02 $42 $00 STA $004202                     A:0800 X:0040 Y:0002 S:0363 D:0000 DB:C6 P:37 V:206 H:316
C01176 $EB             XBA                             A:0800 X:0040 Y:0002 S:0363 D:0000 DB:C6 P:37 V:206 H:323
C01177 $8F $03 $42 $00 STA $004203                     A:0008 X:0040 Y:0002 S:0363 D:0000 DB:C6 P:35 V:206 H:327
C0117B $EA             NOP                             A:0008 X:0040 Y:0002 S:0363 D:0000 DB:C6 P:35 V:206 H:334
C0117C $EA             NOP                             A:0008 X:0040 Y:0002 S:0363 D:0000 DB:C6 P:35 V:206 H:337
C0117D $EA             NOP                             A:0008 X:0040 Y:0002 S:0363 D:0000 DB:C6 P:35 V:207 H:0  
C0117E $EA             NOP                             A:0008 X:0040 Y:0002 S:0363 D:0000 DB:C6 P:35 V:207 H:3  
C0117F $AF $16 $42 $00 LDA $004216                     A:0008 X:0040 Y:0002 S:0363 D:0000 DB:C6 P:35 V:207 H:6  
C01183 $18             CLC                             A:0000 X:0040 Y:0002 S:0363 D:0000 DB:C6 P:37 V:207 H:14 
C01184 $75 $01         ADC $01,X [000041] = $00        A:0000 X:0040 Y:0002 S:0363 D:0000 DB:C6 P:36 V:207 H:17 
C01186 $95 $01         STA $01,X [000041] = $00        A:0000 X:0040 Y:0002 S:0363 D:0000 DB:C6 P:36 V:207 H:23 
C01188 $AF $17 $42 $00 LDA $004217                     A:0000 X:0040 Y:0002 S:0363 D:0000 DB:C6 P:36 V:207 H:30 
C0118C $69 $00         ADC #$00                        A:0000 X:0040 Y:0002 S:0363 D:0000 DB:C6 P:36 V:207 H:37 
C0118E $95 $02         STA $02,X [000042] = $00        A:0000 X:0040 Y:0002 S:0363 D:0000 DB:C6 P:36 V:207 H:40 
C01190 $A3 $01         LDA $01,S [000364] = $00        A:0000 X:0040 Y:0002 S:0363 D:0000 DB:C6 P:36 V:207 H:47 
C01192 $EB             XBA                             A:0000 X:0040 Y:0002 S:0363 D:0000 DB:C6 P:36 V:207 H:53 
C01193 $A3 $03         LDA $03,S [000366] = $09        A:0000 X:0040 Y:0002 S:0363 D:0000 DB:C6 P:36 V:207 H:58 
C01195 $8F $02 $42 $00 STA $004202                     A:0009 X:0040 Y:0002 S:0363 D:0000 DB:C6 P:34 V:207 H:64 
C01199 $EB             XBA                             A:0009 X:0040 Y:0002 S:0363 D:0000 DB:C6 P:34 V:207 H:72 
C0119A $8F $03 $42 $00 STA $004203                     A:0900 X:0040 Y:0002 S:0363 D:0000 DB:C6 P:36 V:207 H:76 
C0119E $EA             NOP                             A:0900 X:0040 Y:0002 S:0363 D:0000 DB:C6 P:36 V:207 H:84 
C0119F $EA             NOP                             A:0900 X:0040 Y:0002 S:0363 D:0000 DB:C6 P:36 V:207 H:87 
C011A0 $EA             NOP                             A:0900 X:0040 Y:0002 S:0363 D:0000 DB:C6 P:36 V:207 H:90 
C011A1 $EA             NOP                             A:0900 X:0040 Y:0002 S:0363 D:0000 DB:C6 P:36 V:207 H:93 
C011A2 $AF $16 $42 $00 LDA $004216                     A:0900 X:0040 Y:0002 S:0363 D:0000 DB:C6 P:36 V:207 H:96 
C011A6 $18             CLC                             A:0900 X:0040 Y:0002 S:0363 D:0000 DB:C6 P:36 V:207 H:103
C011A7 $75 $01         ADC $01,X [000041] = $00        A:0900 X:0040 Y:0002 S:0363 D:0000 DB:C6 P:36 V:207 H:106
C011A9 $95 $01         STA $01,X [000041] = $00        A:0900 X:0040 Y:0002 S:0363 D:0000 DB:C6 P:36 V:207 H:113
C011AB $AF $17 $42 $00 LDA $004217                     A:0900 X:0040 Y:0002 S:0363 D:0000 DB:C6 P:36 V:207 H:119
C011AF $75 $02         ADC $02,X [000042] = $00        A:0900 X:0040 Y:0002 S:0363 D:0000 DB:C6 P:36 V:207 H:127
C011B1 $95 $02         STA $02,X [000042] = $00        A:0900 X:0040 Y:0002 S:0363 D:0000 DB:C6 P:36 V:207 H:143
C011B3 $A9 $00         LDA #$00                        A:0900 X:0040 Y:0002 S:0363 D:0000 DB:C6 P:36 V:207 H:150
C011B5 $2A             ROL                             A:0900 X:0040 Y:0002 S:0363 D:0000 DB:C6 P:36 V:207 H:153
C011B6 $95 $03         STA $03,X [000043] = $00        A:0900 X:0040 Y:0002 S:0363 D:0000 DB:C6 P:36 V:207 H:156
C011B8 $A3 $01         LDA $01,S [000364] = $00        A:0900 X:0040 Y:0002 S:0363 D:0000 DB:C6 P:36 V:207 H:162
C011BA $EB             XBA                             A:0900 X:0040 Y:0002 S:0363 D:0000 DB:C6 P:36 V:207 H:169
C011BB $A3 $02         LDA $02,S [000365] = $00        A:0009 X:0040 Y:0002 S:0363 D:0000 DB:C6 P:34 V:207 H:173
C011BD $8F $02 $42 $00 STA $004202                     A:0000 X:0040 Y:0002 S:0363 D:0000 DB:C6 P:36 V:207 H:180
C011C1 $EB             XBA                             A:0000 X:0040 Y:0002 S:0363 D:0000 DB:C6 P:36 V:207 H:187
C011C2 $8F $03 $42 $00 STA $004203                     A:0000 X:0040 Y:0002 S:0363 D:0000 DB:C6 P:36 V:207 H:192
C011C6 $EA             NOP                             A:0000 X:0040 Y:0002 S:0363 D:0000 DB:C6 P:36 V:207 H:199
C011C7 $EA             NOP                             A:0000 X:0040 Y:0002 S:0363 D:0000 DB:C6 P:36 V:207 H:202
C011C8 $EA             NOP                             A:0000 X:0040 Y:0002 S:0363 D:0000 DB:C6 P:36 V:207 H:205
C011C9 $EA             NOP                             A:0000 X:0040 Y:0002 S:0363 D:0000 DB:C6 P:36 V:207 H:208
C011CA $AF $16 $42 $00 LDA $004216                     A:0000 X:0040 Y:0002 S:0363 D:0000 DB:C6 P:36 V:207 H:211
C011CE $18             CLC                             A:0000 X:0040 Y:0002 S:0363 D:0000 DB:C6 P:36 V:207 H:219
C011CF $75 $02         ADC $02,X [000042] = $00        A:0000 X:0040 Y:0002 S:0363 D:0000 DB:C6 P:36 V:207 H:222
C011D1 $95 $02         STA $02,X [000042] = $00        A:0000 X:0040 Y:0002 S:0363 D:0000 DB:C6 P:36 V:207 H:228
C011D3 $AF $17 $42 $00 LDA $004217                     A:0000 X:0040 Y:0002 S:0363 D:0000 DB:C6 P:36 V:207 H:235
C011D7 $75 $03         ADC $03,X [000043] = $00        A:0000 X:0040 Y:0002 S:0363 D:0000 DB:C6 P:36 V:207 H:242
C011D9 $95 $03         STA $03,X [000043] = $00        A:0000 X:0040 Y:0002 S:0363 D:0000 DB:C6 P:36 V:207 H:249
C011DB $68             PLA                             A:0000 X:0040 Y:0002 S:0363 D:0000 DB:C6 P:36 V:207 H:255
C011DC $68             PLA                             A:0000 X:0040 Y:0002 S:0364 D:0000 DB:C6 P:36 V:207 H:262
C011DD $EB             XBA                             A:0000 X:0040 Y:0002 S:0365 D:0000 DB:C6 P:36 V:207 H:268
C011DE $68             PLA                             A:0000 X:0040 Y:0002 S:0365 D:0000 DB:C6 P:36 V:207 H:273
C011DF $28             PLP                             A:0009 X:0040 Y:0002 S:0366 D:0000 DB:C6 P:34 V:207 H:321
C011E0 $6B             RTL                             A:0009 X:0040 Y:0002 S:0367 D:0000 DB:C6 P:15 V:207 H:327
C90597 $A0 $04         LDY #$04                        A:0009 X:0040 Y:0002 S:036A D:0000 DB:C6 P:15 V:207 H:337
C90599 $B3 $09         LDA ($09,S),Y [C605DD] = $A6D4  A:0009 X:0040 Y:0004 S:036A D:0000 DB:C6 P:15 V:208 H:0  
C9059B $A0 $07         LDY #$07                        A:A6D4 X:0040 Y:0004 S:036A D:0000 DB:C6 P:95 V:208 H:13 
C9059D $18             CLC                             A:A6D4 X:0040 Y:0007 S:036A D:0000 DB:C6 P:15 V:208 H:16 
C9059E $73 $09         ADC ($09,S),Y [C605E0] = $0003  A:A6D4 X:0040 Y:0007 S:036A D:0000 DB:C6 P:14 V:208 H:19 
C905A0 $90 $03         BCC $C905A5                     A:A6D7 X:0040 Y:0007 S:036A D:0000 DB:C6 P:94 V:208 H:32 
C905A5 $65 $40         ADC $40 [000040] = $0048        A:A6D7 X:0040 Y:0007 S:036A D:0000 DB:C6 P:94 V:208 H:37 
C905A7 $85 $40         STA $40 [000040] = $0048        A:A71F X:0040 Y:0007 S:036A D:0000 DB:C6 P:94 V:208 H:44 
C905A9 $90 $02         BCC $C905AD                     A:A71F X:0040 Y:0007 S:036A D:0000 DB:C6 P:94 V:208 H:51 
C905AD $E2 $20         SEP #$20                        A:A71F X:0040 Y:0007 S:036A D:0000 DB:C6 P:94 V:208 H:55 
C905AF $A0 $06         LDY #$06                        A:A71F X:0040 Y:0007 S:036A D:0000 DB:C6 P:B4 V:208 H:60 
C905B1 $B3 $09         LDA ($09,S),Y [C605DF] = $C8    A:A71F X:0040 Y:0006 S:036A D:0000 DB:C6 P:34 V:208 H:63 
C905B3 $18             CLC                             A:A7C8 X:0040 Y:0006 S:036A D:0000 DB:C6 P:B4 V:208 H:74 
C905B4 $65 $42         ADC $42 [000042] = $00          A:A7C8 X:0040 Y:0006 S:036A D:0000 DB:C6 P:B4 V:208 H:77 
C905B6 $85 $42         STA $42 [000042] = $00          A:A7C8 X:0040 Y:0006 S:036A D:0000 DB:C6 P:B4 V:208 H:82 
C905B8 $C2 $30         REP #$30                        A:A7C8 X:0040 Y:0006 S:036A D:0000 DB:C6 P:B4 V:208 H:87 
C905BA $A7 $40         LDA [$40] [C8A71F] = $0000      A:A7C8 X:0040 Y:0006 S:036A D:0000 DB:C6 P:84 V:208 H:92 
C905BC $AA             TAX                             A:0000 X:0040 Y:0006 S:036A D:0000 DB:C6 P:06 V:208 H:104
C905BD $A0 $01 $00     LDY #$0001                      A:0000 X:0000 Y:0006 S:036A D:0000 DB:C6 P:06 V:208 H:107
C905C0 $B7 $40         LDA [$40],Y [C8A720] = $E000    A:0000 X:0000 Y:0001 S:036A D:0000 DB:C6 P:04 V:208 H:111
C905C2 $85 $41         STA $41 [000041] = $C8A7        A:E000 X:0000 Y:0001 S:036A D:0000 DB:C6 P:84 V:208 H:123
C905C4 $8A             TXA                             A:E000 X:0000 Y:0001 S:036A D:0000 DB:C6 P:84 V:208 H:130
C905C5 $85 $40         STA $40 [000040] = $001F        A:0000 X:0000 Y:0001 S:036A D:0000 DB:C6 P:06 V:208 H:133
C905C7 $A0 $0A $00     LDY #$000A                      A:0000 X:0000 Y:0001 S:036A D:0000 DB:C6 P:06 V:208 H:150
C905CA $B3 $09         LDA ($09,S),Y [C605E3] = $000F  A:0000 X:0000 Y:000A S:036A D:0000 DB:C6 P:04 V:208 H:155
C905CC $29 $00 $FF     AND #$FF00                      A:000F X:0000 Y:000A S:036A D:0000 DB:C6 P:04 V:208 H:168
C905CF $D0 $14         BNE $C905E5                     A:0000 X:0000 Y:000A S:036A D:0000 DB:C6 P:06 V:208 H:172
C905D1 $A5 $40         LDA $40 [000040] = $0000        A:0000 X:0000 Y:000A S:036A D:0000 DB:C6 P:06 V:208 H:175
C905D3 $A0 $09 $00     LDY #$0009                      A:0000 X:0000 Y:000A S:036A D:0000 DB:C6 P:06 V:208 H:182
C905D6 $33 $09         AND ($09,S),Y [C605E2] = $0FF8  A:0000 X:0000 Y:0009 S:036A D:0000 DB:C6 P:04 V:208 H:187
C905D8 $85 $40         STA $40 [000040] = $0000        A:0000 X:0000 Y:0009 S:036A D:0000 DB:C6 P:06 V:208 H:200
C905DA $B3 $09         LDA ($09,S),Y [C605E2] = $0FF8  A:0000 X:0000 Y:0009 S:036A D:0000 DB:C6 P:06 V:208 H:207
C905DC $F0 $22         BEQ $C90600                     A:0FF8 X:0000 Y:0009 S:036A D:0000 DB:C6 P:04 V:208 H:220
C905DE $4A             LSR                             A:0FF8 X:0000 Y:0009 S:036A D:0000 DB:C6 P:04 V:208 H:223
C905DF $B0 $1F         BCS $C90600                     A:07FC X:0000 Y:0009 S:036A D:0000 DB:C6 P:04 V:208 H:226
C905E1 $46 $40         LSR $40 [000040] = $0000        A:07FC X:0000 Y:0009 S:036A D:0000 DB:C6 P:04 V:208 H:229
C905E3 $80 $F9         BRA $C905DE                     A:07FC X:0000 Y:0009 S:036A D:0000 DB:C6 P:06 V:208 H:241
C905DE $4A             LSR                             A:07FC X:0000 Y:0009 S:036A D:0000 DB:C6 P:06 V:208 H:246
C905DF $B0 $1F         BCS $C90600                     A:03FE X:0000 Y:0009 S:036A D:0000 DB:C6 P:04 V:208 H:249
C905E1 $46 $40         LSR $40 [000040] = $0000        A:03FE X:0000 Y:0009 S:036A D:0000 DB:C6 P:04 V:208 H:252
C905E3 $80 $F9         BRA $C905DE                     A:03FE X:0000 Y:0009 S:036A D:0000 DB:C6 P:06 V:208 H:264
C905DE $4A             LSR                             A:03FE X:0000 Y:0009 S:036A D:0000 DB:C6 P:06 V:208 H:269
C905DF $B0 $1F         BCS $C90600                     A:01FF X:0000 Y:0009 S:036A D:0000 DB:C6 P:04 V:208 H:272
C905E1 $46 $40         LSR $40 [000040] = $0000        A:01FF X:0000 Y:0009 S:036A D:0000 DB:C6 P:04 V:208 H:275
C905E3 $80 $F9         BRA $C905DE                     A:01FF X:0000 Y:0009 S:036A D:0000 DB:C6 P:06 V:208 H:330
C905DE $4A             LSR                             A:01FF X:0000 Y:0009 S:036A D:0000 DB:C6 P:06 V:208 H:334
C905DF $B0 $1F         BCS $C90600                     A:00FF X:0000 Y:0009 S:036A D:0000 DB:C6 P:05 V:208 H:337
C90600 $A3 $09         LDA $09,S [000373] = $05D9      A:00FF X:0000 Y:0009 S:036A D:0000 DB:C6 P:05 V:209 H:2  
C90602 $18             CLC                             A:05D9 X:0000 Y:0009 S:036A D:0000 DB:C6 P:05 V:209 H:10 
C90603 $69 $0B $00     ADC #$000B                      A:05D9 X:0000 Y:0009 S:036A D:0000 DB:C6 P:04 V:209 H:13 
C90606 $83 $09         STA $09,S [000373] = $05D9      A:05E4 X:0000 Y:0009 S:036A D:0000 DB:C6 P:04 V:209 H:18 
C90608 $7A             PLY                             A:05E4 X:0000 Y:0009 S:036A D:0000 DB:C6 P:04 V:209 H:26 
C90609 $FA             PLX                             A:05E4 X:0000 Y:996D S:036C D:0000 DB:C6 P:84 V:209 H:35 
C9060A $68             PLA                             A:05E4 X:0008 Y:996D S:036E D:0000 DB:C6 P:04 V:209 H:43 
C9060B $AB             PLB                             A:0000 X:0008 Y:996D S:0370 D:0000 DB:C6 P:06 V:209 H:52 
C9060C $28             PLP                             A:0000 X:0008 Y:996D S:0371 D:0000 DB:7E P:04 V:209 H:58 
C9060D $A5 $40         LDA $40 [000040] = $0000        A:0000 X:0008 Y:996D S:0372 D:0000 DB:7E P:05 V:209 H:65 
C9060F $6B             RTL                             A:0000 X:0008 Y:996D S:0372 D:0000 DB:7E P:07 V:209 H:72 
C605E5 $22 $09 $79 $C7 JSL $C77909                     A:0000 X:0008 Y:996D S:0375 D:0000 DB:7E P:07 V:209 H:82 
C77909 $48             PHA                             A:0000 X:0008 Y:996D S:0372 D:0000 DB:7E P:07 V:209 H:96 
C7790A $DA             PHX                             A:0000 X:0008 Y:996D S:0370 D:0000 DB:7E P:07 V:209 H:103
C7790B $C9 $00 $00     CMP #$0000                      A:0000 X:0008 Y:996D S:036E D:0000 DB:7E P:07 V:209 H:110
C7790E $F0 $19         BEQ $C77929                     A:0000 X:0008 Y:996D S:036E D:0000 DB:7E P:07 V:209 H:114
C77929 $FA             PLX                             A:0000 X:0008 Y:996D S:036E D:0000 DB:7E P:07 V:209 H:119
C7792A $68             PLA                             A:0000 X:0008 Y:996D S:0370 D:0000 DB:7E P:05 V:209 H:127
C7792B $6B             RTL                             A:0000 X:0008 Y:996D S:0372 D:0000 DB:7E P:07 V:209 H:146
C605E9 $22 $72 $05 $C9 JSL $C90572                     A:0000 X:0008 Y:996D S:0375 D:0000 DB:7E P:07 V:209 H:156
C90572 $08             PHP                             A:0000 X:0008 Y:996D S:0372 D:0000 DB:7E P:07 V:209 H:170
C90573 $8B             PHB                             A:0000 X:0008 Y:996D S:0371 D:0000 DB:7E P:07 V:209 H:175
C90574 $78             SEI                             A:0000 X:0008 Y:996D S:0370 D:0000 DB:7E P:07 V:209 H:180
C90575 $C2 $30         REP #$30                        A:0000 X:0008 Y:996D S:0370 D:0000 DB:7E P:07 V:209 H:183
C90577 $48             PHA                             A:0000 X:0008 Y:996D S:0370 D:0000 DB:7E P:07 V:209 H:187
C90578 $DA             PHX                             A:0000 X:0008 Y:996D S:036E D:0000 DB:7E P:07 V:209 H:194
C90579 $5A             PHY                             A:0000 X:0008 Y:996D S:036C D:0000 DB:7E P:07 V:209 H:201
C9057A $86 $40         STX $40 [000040] = $0000        A:0000 X:0008 Y:996D S:036A D:0000 DB:7E P:07 V:209 H:208
C9057C $E2 $30         SEP #$30                        A:0000 X:0008 Y:996D S:036A D:0000 DB:7E P:07 V:209 H:215
C9057E $A3 $0B         LDA $0B,S [000375] = $C6        A:0000 X:0008 Y:006D S:036A D:0000 DB:7E P:37 V:209 H:220
C90580 $48             PHA                             A:00C6 X:0008 Y:006D S:036A D:0000 DB:7E P:B5 V:209 H:226
C90581 $AB             PLB                             A:00C6 X:0008 Y:006D S:0369 D:0000 DB:7E P:B5 V:209 H:231
C90582 $A0 $01         LDY #$01                        A:00C6 X:0008 Y:006D S:036A D:0000 DB:C6 P:B5 V:209 H:238
C90584 $B3 $09         LDA ($09,S),Y [C605ED] = $00    A:00C6 X:0008 Y:0001 S:036A D:0000 DB:C6 P:35 V:209 H:241
C90586 $F0 $03         BEQ $C9058B                     A:0000 X:0008 Y:0001 S:036A D:0000 DB:C6 P:37 V:209 H:252
C9058B $C2 $20         REP #$20                        A:0000 X:0008 Y:0001 S:036A D:0000 DB:C6 P:37 V:209 H:257
C9058D $A0 $02         LDY #$02                        A:0000 X:0008 Y:0001 S:036A D:0000 DB:C6 P:17 V:209 H:261
C9058F $B3 $09         LDA ($09,S),Y [C605EE] = $0009  A:0000 X:0008 Y:0002 S:036A D:0000 DB:C6 P:15 V:209 H:264
C90591 $A2 $40         LDX #$40                        A:0009 X:0008 Y:0002 S:036A D:0000 DB:C6 P:15 V:209 H:294
C90593 $22 $46 $11 $C0 JSL $C01146                     A:0009 X:0040 Y:0002 S:036A D:0000 DB:C6 P:15 V:209 H:297
C01146 $08             PHP                             A:0009 X:0040 Y:0002 S:0367 D:0000 DB:C6 P:15 V:209 H:310
C01147 $E2 $20         SEP #$20                        A:0009 X:0040 Y:0002 S:0366 D:0000 DB:C6 P:15 V:209 H:315
C01149 $48             PHA                             A:0009 X:0040 Y:0002 S:0366 D:0000 DB:C6 P:35 V:209 H:320
C0114A $EB             XBA                             A:0009 X:0040 Y:0002 S:0365 D:0000 DB:C6 P:35 V:209 H:324
C0114B $48             PHA                             A:0900 X:0040 Y:0002 S:0365 D:0000 DB:C6 P:37 V:209 H:328
C0114C $B5 $01         LDA $01,X [000041] = $00        A:0900 X:0040 Y:0002 S:0364 D:0000 DB:C6 P:37 V:209 H:333
C0114E $48             PHA                             A:0900 X:0040 Y:0002 S:0364 D:0000 DB:C6 P:37 V:210 H:0  
C0114F $A3 $03         LDA $03,S [000366] = $09        A:0900 X:0040 Y:0002 S:0363 D:0000 DB:C6 P:37 V:210 H:5  
C01151 $EB             XBA                             A:0909 X:0040 Y:0002 S:0363 D:0000 DB:C6 P:35 V:210 H:11 
C01152 $B5 $00         LDA $00,X [000040] = $08        A:0909 X:0040 Y:0002 S:0363 D:0000 DB:C6 P:35 V:210 H:16 
C01154 $48             PHA                             A:0908 X:0040 Y:0002 S:0363 D:0000 DB:C6 P:35 V:210 H:22 
C01155 $8F $02 $42 $00 STA $004202                     A:0908 X:0040 Y:0002 S:0362 D:0000 DB:C6 P:35 V:210 H:27 
C01159 $EB             XBA                             A:0908 X:0040 Y:0002 S:0362 D:0000 DB:C6 P:35 V:210 H:35 
C0115A $8F $03 $42 $00 STA $004203                     A:0809 X:0040 Y:0002 S:0362 D:0000 DB:C6 P:35 V:210 H:39 
C0115E $EA             NOP                             A:0809 X:0040 Y:0002 S:0362 D:0000 DB:C6 P:35 V:210 H:47 
C0115F $EA             NOP                             A:0809 X:0040 Y:0002 S:0362 D:0000 DB:C6 P:35 V:210 H:50 
C01160 $EA             NOP                             A:0809 X:0040 Y:0002 S:0362 D:0000 DB:C6 P:35 V:210 H:53 
C01161 $EA             NOP                             A:0809 X:0040 Y:0002 S:0362 D:0000 DB:C6 P:35 V:210 H:56 
C01162 $AF $16 $42 $00 LDA $004216                     A:0809 X:0040 Y:0002 S:0362 D:0000 DB:C6 P:35 V:210 H:59 
C01166 $95 $00         STA $00,X [000040] = $08        A:0848 X:0040 Y:0002 S:0362 D:0000 DB:C6 P:35 V:210 H:66 
C01168 $AF $17 $42 $00 LDA $004217                     A:0848 X:0040 Y:0002 S:0362 D:0000 DB:C6 P:35 V:210 H:73 
C0116C $95 $01         STA $01,X [000041] = $00        A:0800 X:0040 Y:0002 S:0362 D:0000 DB:C6 P:37 V:210 H:80 
C0116E $68             PLA                             A:0800 X:0040 Y:0002 S:0362 D:0000 DB:C6 P:37 V:210 H:87 
C0116F $EB             XBA                             A:0808 X:0040 Y:0002 S:0363 D:0000 DB:C6 P:35 V:210 H:93 
C01170 $A3 $02         LDA $02,S [000365] = $00        A:0808 X:0040 Y:0002 S:0363 D:0000 DB:C6 P:35 V:210 H:98 
C01172 $8F $02 $42 $00 STA $004202                     A:0800 X:0040 Y:0002 S:0363 D:0000 DB:C6 P:37 V:210 H:104
C01176 $EB             XBA                             A:0800 X:0040 Y:0002 S:0363 D:0000 DB:C6 P:37 V:210 H:112
C01177 $8F $03 $42 $00 STA $004203                     A:0008 X:0040 Y:0002 S:0363 D:0000 DB:C6 P:35 V:210 H:116
C0117B $EA             NOP                             A:0008 X:0040 Y:0002 S:0363 D:0000 DB:C6 P:35 V:210 H:124
C0117C $EA             NOP                             A:0008 X:0040 Y:0002 S:0363 D:0000 DB:C6 P:35 V:210 H:127
C0117D $EA             NOP                             A:0008 X:0040 Y:0002 S:0363 D:0000 DB:C6 P:35 V:210 H:130
C0117E $EA             NOP                             A:0008 X:0040 Y:0002 S:0363 D:0000 DB:C6 P:35 V:210 H:133
C0117F $AF $16 $42 $00 LDA $004216                     A:0008 X:0040 Y:0002 S:0363 D:0000 DB:C6 P:35 V:210 H:146
C01183 $18             CLC                             A:0000 X:0040 Y:0002 S:0363 D:0000 DB:C6 P:37 V:210 H:153
C01184 $75 $01         ADC $01,X [000041] = $00        A:0000 X:0040 Y:0002 S:0363 D:0000 DB:C6 P:36 V:210 H:156
C01186 $95 $01         STA $01,X [000041] = $00        A:0000 X:0040 Y:0002 S:0363 D:0000 DB:C6 P:36 V:210 H:163
C01188 $AF $17 $42 $00 LDA $004217                     A:0000 X:0040 Y:0002 S:0363 D:0000 DB:C6 P:36 V:210 H:169
C0118C $69 $00         ADC #$00                        A:0000 X:0040 Y:0002 S:0363 D:0000 DB:C6 P:36 V:210 H:177
C0118E $95 $02         STA $02,X [000042] = $E0        A:0000 X:0040 Y:0002 S:0363 D:0000 DB:C6 P:36 V:210 H:180
C01190 $A3 $01         LDA $01,S [000364] = $00        A:0000 X:0040 Y:0002 S:0363 D:0000 DB:C6 P:36 V:210 H:186
C01192 $EB             XBA                             A:0000 X:0040 Y:0002 S:0363 D:0000 DB:C6 P:36 V:210 H:193
C01193 $A3 $03         LDA $03,S [000366] = $09        A:0000 X:0040 Y:0002 S:0363 D:0000 DB:C6 P:36 V:210 H:197
C01195 $8F $02 $42 $00 STA $004202                     A:0009 X:0040 Y:0002 S:0363 D:0000 DB:C6 P:34 V:210 H:204
C01199 $EB             XBA                             A:0009 X:0040 Y:0002 S:0363 D:0000 DB:C6 P:34 V:210 H:211
C0119A $8F $03 $42 $00 STA $004203                     A:0900 X:0040 Y:0002 S:0363 D:0000 DB:C6 P:36 V:210 H:216
C0119E $EA             NOP                             A:0900 X:0040 Y:0002 S:0363 D:0000 DB:C6 P:36 V:210 H:223
C0119F $EA             NOP                             A:0900 X:0040 Y:0002 S:0363 D:0000 DB:C6 P:36 V:210 H:226
C011A0 $EA             NOP                             A:0900 X:0040 Y:0002 S:0363 D:0000 DB:C6 P:36 V:210 H:229
C011A1 $EA             NOP                             A:0900 X:0040 Y:0002 S:0363 D:0000 DB:C6 P:36 V:210 H:232
C011A2 $AF $16 $42 $00 LDA $004216                     A:0900 X:0040 Y:0002 S:0363 D:0000 DB:C6 P:36 V:210 H:235
C011A6 $18             CLC                             A:0900 X:0040 Y:0002 S:0363 D:0000 DB:C6 P:36 V:210 H:243
C011A7 $75 $01         ADC $01,X [000041] = $00        A:0900 X:0040 Y:0002 S:0363 D:0000 DB:C6 P:36 V:210 H:246
C011A9 $95 $01         STA $01,X [000041] = $00        A:0900 X:0040 Y:0002 S:0363 D:0000 DB:C6 P:36 V:210 H:252
C011AB $AF $17 $42 $00 LDA $004217                     A:0900 X:0040 Y:0002 S:0363 D:0000 DB:C6 P:36 V:210 H:259
C011AF $75 $02         ADC $02,X [000042] = $00        A:0900 X:0040 Y:0002 S:0363 D:0000 DB:C6 P:36 V:210 H:266
C011B1 $95 $02         STA $02,X [000042] = $00        A:0900 X:0040 Y:0002 S:0363 D:0000 DB:C6 P:36 V:210 H:273
C011B3 $A9 $00         LDA #$00                        A:0900 X:0040 Y:0002 S:0363 D:0000 DB:C6 P:36 V:210 H:295
C011B5 $2A             ROL                             A:0900 X:0040 Y:0002 S:0363 D:0000 DB:C6 P:36 V:210 H:298
C011B6 $95 $03         STA $03,X [000043] = $00        A:0900 X:0040 Y:0002 S:0363 D:0000 DB:C6 P:36 V:210 H:301
C011B8 $A3 $01         LDA $01,S [000364] = $00        A:0900 X:0040 Y:0002 S:0363 D:0000 DB:C6 P:36 V:210 H:308
C011BA $EB             XBA                             A:0900 X:0040 Y:0002 S:0363 D:0000 DB:C6 P:36 V:210 H:314
C011BB $A3 $02         LDA $02,S [000365] = $00        A:0009 X:0040 Y:0002 S:0363 D:0000 DB:C6 P:34 V:210 H:319
C011BD $8F $02 $42 $00 STA $004202                     A:0000 X:0040 Y:0002 S:0363 D:0000 DB:C6 P:36 V:210 H:325
C011C1 $EB             XBA                             A:0000 X:0040 Y:0002 S:0363 D:0000 DB:C6 P:36 V:210 H:332
C011C2 $8F $03 $42 $00 STA $004203                     A:0000 X:0040 Y:0002 S:0363 D:0000 DB:C6 P:36 V:210 H:336
C011C6 $EA             NOP                             A:0000 X:0040 Y:0002 S:0363 D:0000 DB:C6 P:36 V:211 H:4  
C011C7 $EA             NOP                             A:0000 X:0040 Y:0002 S:0363 D:0000 DB:C6 P:36 V:211 H:7  
C011C8 $EA             NOP                             A:0000 X:0040 Y:0002 S:0363 D:0000 DB:C6 P:36 V:211 H:10 
C011C9 $EA             NOP                             A:0000 X:0040 Y:0002 S:0363 D:0000 DB:C6 P:36 V:211 H:13 
C011CA $AF $16 $42 $00 LDA $004216                     A:0000 X:0040 Y:0002 S:0363 D:0000 DB:C6 P:36 V:211 H:16 
C011CE $18             CLC                             A:0000 X:0040 Y:0002 S:0363 D:0000 DB:C6 P:36 V:211 H:23 
C011CF $75 $02         ADC $02,X [000042] = $00        A:0000 X:0040 Y:0002 S:0363 D:0000 DB:C6 P:36 V:211 H:26 
C011D1 $95 $02         STA $02,X [000042] = $00        A:0000 X:0040 Y:0002 S:0363 D:0000 DB:C6 P:36 V:211 H:33 
C011D3 $AF $17 $42 $00 LDA $004217                     A:0000 X:0040 Y:0002 S:0363 D:0000 DB:C6 P:36 V:211 H:39 
C011D7 $75 $03         ADC $03,X [000043] = $00        A:0000 X:0040 Y:0002 S:0363 D:0000 DB:C6 P:36 V:211 H:47 
C011D9 $95 $03         STA $03,X [000043] = $00        A:0000 X:0040 Y:0002 S:0363 D:0000 DB:C6 P:36 V:211 H:53 
C011DB $68             PLA                             A:0000 X:0040 Y:0002 S:0363 D:0000 DB:C6 P:36 V:211 H:60 
C011DC $68             PLA                             A:0000 X:0040 Y:0002 S:0364 D:0000 DB:C6 P:36 V:211 H:66 
C011DD $EB             XBA                             A:0000 X:0040 Y:0002 S:0365 D:0000 DB:C6 P:36 V:211 H:73 
C011DE $68             PLA                             A:0000 X:0040 Y:0002 S:0365 D:0000 DB:C6 P:36 V:211 H:77 
C011DF $28             PLP                             A:0009 X:0040 Y:0002 S:0366 D:0000 DB:C6 P:34 V:211 H:84 
C011E0 $6B             RTL                             A:0009 X:0040 Y:0002 S:0367 D:0000 DB:C6 P:15 V:211 H:90 
C90597 $A0 $04         LDY #$04                        A:0009 X:0040 Y:0002 S:036A D:0000 DB:C6 P:15 V:211 H:101
C90599 $B3 $09         LDA ($09,S),Y [C605F0] = $A6D4  A:0009 X:0040 Y:0004 S:036A D:0000 DB:C6 P:15 V:211 H:104
C9059B $A0 $07         LDY #$07                        A:A6D4 X:0040 Y:0004 S:036A D:0000 DB:C6 P:95 V:211 H:117
C9059D $18             CLC                             A:A6D4 X:0040 Y:0007 S:036A D:0000 DB:C6 P:15 V:211 H:120
C9059E $73 $09         ADC ($09,S),Y [C605F3] = $0004  A:A6D4 X:0040 Y:0007 S:036A D:0000 DB:C6 P:14 V:211 H:123
C905A0 $90 $03         BCC $C905A5                     A:A6D8 X:0040 Y:0007 S:036A D:0000 DB:C6 P:94 V:211 H:146
C905A5 $65 $40         ADC $40 [000040] = $0048        A:A6D8 X:0040 Y:0007 S:036A D:0000 DB:C6 P:94 V:211 H:150
C905A7 $85 $40         STA $40 [000040] = $0048        A:A720 X:0040 Y:0007 S:036A D:0000 DB:C6 P:94 V:211 H:157
C905A9 $90 $02         BCC $C905AD                     A:A720 X:0040 Y:0007 S:036A D:0000 DB:C6 P:94 V:211 H:164
C905AD $E2 $20         SEP #$20                        A:A720 X:0040 Y:0007 S:036A D:0000 DB:C6 P:94 V:211 H:169
C905AF $A0 $06         LDY #$06                        A:A720 X:0040 Y:0007 S:036A D:0000 DB:C6 P:B4 V:211 H:173
C905B1 $B3 $09         LDA ($09,S),Y [C605F2] = $C8    A:A720 X:0040 Y:0006 S:036A D:0000 DB:C6 P:34 V:211 H:176
C905B3 $18             CLC                             A:A7C8 X:0040 Y:0006 S:036A D:0000 DB:C6 P:B4 V:211 H:188
C905B4 $65 $42         ADC $42 [000042] = $00          A:A7C8 X:0040 Y:0006 S:036A D:0000 DB:C6 P:B4 V:211 H:191
C905B6 $85 $42         STA $42 [000042] = $00          A:A7C8 X:0040 Y:0006 S:036A D:0000 DB:C6 P:B4 V:211 H:196
C905B8 $C2 $30         REP #$30                        A:A7C8 X:0040 Y:0006 S:036A D:0000 DB:C6 P:B4 V:211 H:201
C905BA $A7 $40         LDA [$40] [C8A720] = $E000      A:A7C8 X:0040 Y:0006 S:036A D:0000 DB:C6 P:84 V:211 H:205
C905BC $AA             TAX                             A:E000 X:0040 Y:0006 S:036A D:0000 DB:C6 P:84 V:211 H:217
C905BD $A0 $01 $00     LDY #$0001                      A:E000 X:E000 Y:0006 S:036A D:0000 DB:C6 P:84 V:211 H:220
C905C0 $B7 $40         LDA [$40],Y [C8A721] = $CFE0    A:E000 X:E000 Y:0001 S:036A D:0000 DB:C6 P:04 V:211 H:225
C905C2 $85 $41         STA $41 [000041] = $C8A7        A:CFE0 X:E000 Y:0001 S:036A D:0000 DB:C6 P:84 V:211 H:237
C905C4 $8A             TXA                             A:CFE0 X:E000 Y:0001 S:036A D:0000 DB:C6 P:84 V:211 H:244
C905C5 $85 $40         STA $40 [000040] = $E020        A:E000 X:E000 Y:0001 S:036A D:0000 DB:C6 P:84 V:211 H:247
C905C7 $A0 $0A $00     LDY #$000A                      A:E000 X:E000 Y:0001 S:036A D:0000 DB:C6 P:84 V:211 H:254
C905CA $B3 $09         LDA ($09,S),Y [C605F6] = $001F  A:E000 X:E000 Y:000A S:036A D:0000 DB:C6 P:04 V:211 H:258
C905CC $29 $00 $FF     AND #$FF00                      A:001F X:E000 Y:000A S:036A D:0000 DB:C6 P:04 V:211 H:271
C905CF $D0 $14         BNE $C905E5                     A:0000 X:E000 Y:000A S:036A D:0000 DB:C6 P:06 V:211 H:276
C905D1 $A5 $40         LDA $40 [000040] = $E000        A:0000 X:E000 Y:000A S:036A D:0000 DB:C6 P:06 V:211 H:295
C905D3 $A0 $09 $00     LDY #$0009                      A:E000 X:E000 Y:000A S:036A D:0000 DB:C6 P:84 V:211 H:302
C905D6 $33 $09         AND ($09,S),Y [C605F5] = $1FF0  A:E000 X:E000 Y:0009 S:036A D:0000 DB:C6 P:04 V:211 H:307
C905D8 $85 $40         STA $40 [000040] = $E000        A:0000 X:E000 Y:0009 S:036A D:0000 DB:C6 P:06 V:211 H:320
C905DA $B3 $09         LDA ($09,S),Y [C605F5] = $1FF0  A:0000 X:E000 Y:0009 S:036A D:0000 DB:C6 P:06 V:211 H:326
C905DC $F0 $22         BEQ $C90600                     A:1FF0 X:E000 Y:0009 S:036A D:0000 DB:C6 P:04 V:211 H:339
C905DE $4A             LSR                             A:1FF0 X:E000 Y:0009 S:036A D:0000 DB:C6 P:04 V:212 H:2  
C905DF $B0 $1F         BCS $C90600                     A:0FF8 X:E000 Y:0009 S:036A D:0000 DB:C6 P:04 V:212 H:5  
C905E1 $46 $40         LSR $40 [000040] = $0000        A:0FF8 X:E000 Y:0009 S:036A D:0000 DB:C6 P:04 V:212 H:8  
C905E3 $80 $F9         BRA $C905DE                     A:0FF8 X:E000 Y:0009 S:036A D:0000 DB:C6 P:06 V:212 H:20 
C905DE $4A             LSR                             A:0FF8 X:E000 Y:0009 S:036A D:0000 DB:C6 P:06 V:212 H:25 
C905DF $B0 $1F         BCS $C90600                     A:07FC X:E000 Y:0009 S:036A D:0000 DB:C6 P:04 V:212 H:28 
C905E1 $46 $40         LSR $40 [000040] = $0000        A:07FC X:E000 Y:0009 S:036A D:0000 DB:C6 P:04 V:212 H:31 
C905E3 $80 $F9         BRA $C905DE                     A:07FC X:E000 Y:0009 S:036A D:0000 DB:C6 P:06 V:212 H:43 
C905DE $4A             LSR                             A:07FC X:E000 Y:0009 S:036A D:0000 DB:C6 P:06 V:212 H:48 
C905DF $B0 $1F         BCS $C90600                     A:03FE X:E000 Y:0009 S:036A D:0000 DB:C6 P:04 V:212 H:51 
C905E1 $46 $40         LSR $40 [000040] = $0000        A:03FE X:E000 Y:0009 S:036A D:0000 DB:C6 P:04 V:212 H:54 
C905E3 $80 $F9         BRA $C905DE                     A:03FE X:E000 Y:0009 S:036A D:0000 DB:C6 P:06 V:212 H:66 
C905DE $4A             LSR                             A:03FE X:E000 Y:0009 S:036A D:0000 DB:C6 P:06 V:212 H:71 
C905DF $B0 $1F         BCS $C90600                     A:01FF X:E000 Y:0009 S:036A D:0000 DB:C6 P:04 V:212 H:74 
C905E1 $46 $40         LSR $40 [000040] = $0000        A:01FF X:E000 Y:0009 S:036A D:0000 DB:C6 P:04 V:212 H:77 
C905E3 $80 $F9         BRA $C905DE                     A:01FF X:E000 Y:0009 S:036A D:0000 DB:C6 P:06 V:212 H:89 
C905DE $4A             LSR                             A:01FF X:E000 Y:0009 S:036A D:0000 DB:C6 P:06 V:212 H:94 
C905DF $B0 $1F         BCS $C90600                     A:00FF X:E000 Y:0009 S:036A D:0000 DB:C6 P:05 V:212 H:97 
C90600 $A3 $09         LDA $09,S [000373] = $05EC      A:00FF X:E000 Y:0009 S:036A D:0000 DB:C6 P:05 V:212 H:101
C90602 $18             CLC                             A:05EC X:E000 Y:0009 S:036A D:0000 DB:C6 P:05 V:212 H:110
C90603 $69 $0B $00     ADC #$000B                      A:05EC X:E000 Y:0009 S:036A D:0000 DB:C6 P:04 V:212 H:113
C90606 $83 $09         STA $09,S [000373] = $05EC      A:05F7 X:E000 Y:0009 S:036A D:0000 DB:C6 P:04 V:212 H:117
C90608 $7A             PLY                             A:05F7 X:E000 Y:0009 S:036A D:0000 DB:C6 P:04 V:212 H:126
C90609 $FA             PLX                             A:05F7 X:E000 Y:996D S:036C D:0000 DB:C6 P:84 V:212 H:144
C9060A $68             PLA                             A:05F7 X:0008 Y:996D S:036E D:0000 DB:C6 P:04 V:212 H:153
C9060B $AB             PLB                             A:0000 X:0008 Y:996D S:0370 D:0000 DB:C6 P:06 V:212 H:161
C9060C $28             PLP                             A:0000 X:0008 Y:996D S:0371 D:0000 DB:7E P:04 V:212 H:168
C9060D $A5 $40         LDA $40 [000040] = $0000        A:0000 X:0008 Y:996D S:0372 D:0000 DB:7E P:07 V:212 H:174
C9060F $6B             RTL                             A:0000 X:0008 Y:996D S:0372 D:0000 DB:7E P:07 V:212 H:181
C605F8 $22 $09 $79 $C7 JSL $C77909                     A:0000 X:0008 Y:996D S:0375 D:0000 DB:7E P:07 V:212 H:192
C77909 $48             PHA                             A:0000 X:0008 Y:996D S:0372 D:0000 DB:7E P:07 V:212 H:205
C7790A $DA             PHX                             A:0000 X:0008 Y:996D S:0370 D:0000 DB:7E P:07 V:212 H:212
C7790B $C9 $00 $00     CMP #$0000                      A:0000 X:0008 Y:996D S:036E D:0000 DB:7E P:07 V:212 H:219
C7790E $F0 $19         BEQ $C77929                     A:0000 X:0008 Y:996D S:036E D:0000 DB:7E P:07 V:212 H:224
C77929 $FA             PLX                             A:0000 X:0008 Y:996D S:036E D:0000 DB:7E P:07 V:212 H:228
C7792A $68             PLA                             A:0000 X:0008 Y:996D S:0370 D:0000 DB:7E P:05 V:212 H:237
C7792B $6B             RTL                             A:0000 X:0008 Y:996D S:0372 D:0000 DB:7E P:07 V:212 H:245
C605FC $60             RTS                             A:0000 X:0008 Y:996D S:0375 D:0000 DB:7E P:07 V:212 H:256
C602C4 $20 $FD $05     JSR $05FD [C605FD] = $F9AD      A:0000 X:0008 Y:996D S:0377 D:0000 DB:7E P:07 V:212 H:266
C605FD $AD $F9 $99     LDA $99F9 [7E99F9] = $0034      A:0000 X:0008 Y:996D S:0375 D:0000 DB:7E P:07 V:212 H:276
C60600 $22 $9B $6F $C4 JSL $C46F9B                     A:0034 X:0008 Y:996D S:0375 D:0000 DB:7E P:05 V:212 H:301
C46F9B $18             CLC                             A:0034 X:0008 Y:996D S:0372 D:0000 DB:7E P:05 V:212 H:314
C46F9C $08             PHP                             A:0034 X:0008 Y:996D S:0372 D:0000 DB:7E P:04 V:212 H:317
C46F9D $8B             PHB                             A:0034 X:0008 Y:996D S:0371 D:0000 DB:7E P:04 V:212 H:322
C46F9E $78             SEI                             A:0034 X:0008 Y:996D S:0370 D:0000 DB:7E P:04 V:212 H:327
C46F9F $C2 $30         REP #$30                        A:0034 X:0008 Y:996D S:0370 D:0000 DB:7E P:04 V:212 H:329
C46FA1 $48             PHA                             A:0034 X:0008 Y:996D S:0370 D:0000 DB:7E P:04 V:212 H:334
C46FA2 $DA             PHX                             A:0034 X:0008 Y:996D S:036E D:0000 DB:7E P:04 V:213 H:1  
C46FA3 $5A             PHY                             A:0034 X:0008 Y:996D S:036C D:0000 DB:7E P:04 V:213 H:8  
C46FA4 $22 $B3 $27 $C4 JSL $C427B3                     A:0034 X:0008 Y:996D S:036A D:0000 DB:7E P:04 V:213 H:15 
C427B3 $E2 $30         SEP #$30                        A:0034 X:0008 Y:996D S:0367 D:0000 DB:7E P:04 V:213 H:28 
C427B5 $A3 $0E         LDA $0E,S [000375] = $C6        A:0034 X:0008 Y:006D S:0367 D:0000 DB:7E P:34 V:213 H:33 
C427B7 $48             PHA                             A:00C6 X:0008 Y:006D S:0367 D:0000 DB:7E P:B4 V:213 H:39 
C427B8 $AB             PLB                             A:00C6 X:0008 Y:006D S:0366 D:0000 DB:7E P:B4 V:213 H:44 
C427B9 $C2 $30         REP #$30                        A:00C6 X:0008 Y:006D S:0367 D:0000 DB:C6 P:B4 V:213 H:51 
C427BB $A3 $0C         LDA $0C,S [000373] = $0603      A:00C6 X:0008 Y:006D S:0367 D:0000 DB:C6 P:84 V:213 H:55 
C427BD $A8             TAY                             A:0603 X:0008 Y:006D S:0367 D:0000 DB:C6 P:04 V:213 H:64 
C427BE $18             CLC                             A:0603 X:0008 Y:0603 S:0367 D:0000 DB:C6 P:04 V:213 H:67 
C427BF $69 $06 $00     ADC #$0006                      A:0603 X:0008 Y:0603 S:0367 D:0000 DB:C6 P:04 V:213 H:70 
C427C2 $83 $0C         STA $0C,S [000373] = $0603      A:0609 X:0008 Y:0603 S:0367 D:0000 DB:C6 P:04 V:213 H:74 
C427C4 $4C $F6 $27     JMP $27F6 [C427F6] = $05B9      A:0609 X:0008 Y:0603 S:0367 D:0000 DB:C6 P:04 V:213 H:83 
C427F6 $B9 $05 $00     LDA $0005,Y [C60608] = $C600    A:0609 X:0008 Y:0603 S:0367 D:0000 DB:C6 P:04 V:213 H:87 
C427F9 $8F $B9 $40 $7E STA $7E40B9                     A:C600 X:0008 Y:0603 S:0367 D:0000 DB:C6 P:84 V:213 H:96 
C427FD $B9 $03 $00     LDA $0003,Y [C60606] = $A9FF    A:C600 X:0008 Y:0603 S:0367 D:0000 DB:C6 P:84 V:213 H:106
C42800 $8F $B7 $40 $7E STA $7E40B7                     A:A9FF X:0008 Y:0603 S:0367 D:0000 DB:C6 P:84 V:213 H:115
C42804 $B9 $01 $00     LDA $0001,Y [C60604] = $FEFF    A:A9FF X:0008 Y:0603 S:0367 D:0000 DB:C6 P:84 V:213 H:125
C42807 $8F $B5 $40 $7E STA $7E40B5                     A:FEFF X:0008 Y:0603 S:0367 D:0000 DB:C6 P:84 V:213 H:144
C4280B $6B             RTL                             A:FEFF X:0008 Y:0603 S:0367 D:0000 DB:C6 P:84 V:213 H:154
C46FA8 $F4 $7E $7E     PEA #$7E7E                      A:FEFF X:0008 Y:0603 S:036A D:0000 DB:C6 P:84 V:213 H:165
C46FAB $AB             PLB                             A:FEFF X:0008 Y:0603 S:0368 D:0000 DB:C6 P:84 V:213 H:173
C46FAC $AB             PLB                             A:FEFF X:0008 Y:0603 S:0369 D:0000 DB:7E P:04 V:213 H:180
C46FAD $AD $B8 $40     LDA $40B8 [7E40B8] = $00A9      A:FEFF X:0008 Y:0603 S:036A D:0000 DB:7E P:04 V:213 H:186
C46FB0 $85 $4A         STA $4A [00004A] = $0002        A:00A9 X:0008 Y:0603 S:036A D:0000 DB:7E P:04 V:213 H:195
C46FB2 $AD $B9 $40     LDA $40B9 [7E40B9] = $C600      A:00A9 X:0008 Y:0603 S:036A D:0000 DB:7E P:04 V:213 H:202
C46FB5 $85 $4B         STA $4B [00004B] = $C600        A:C600 X:0008 Y:0603 S:036A D:0000 DB:7E P:84 V:213 H:210
C46FB7 $A7 $4A         LDA [$4A] [C600A9] = $0104      A:C600 X:0008 Y:0603 S:036A D:0000 DB:7E P:84 V:213 H:217
C46FB9 $29 $FF $00     AND #$00FF                      A:0104 X:0008 Y:0603 S:036A D:0000 DB:7E P:04 V:213 H:229
C46FBC $C9 $00 $00     CMP #$0000                      A:0004 X:0008 Y:0603 S:036A D:0000 DB:7E P:04 V:213 H:234
C46FBF $F0 $17         BEQ $C46FD8                     A:0004 X:0008 Y:0603 S:036A D:0000 DB:7E P:05 V:213 H:238
C46FC1 $C9 $01 $00     CMP #$0001                      A:0004 X:0008 Y:0603 S:036A D:0000 DB:7E P:05 V:213 H:241
C46FC4 $F0 $57         BEQ $C4701D                     A:0004 X:0008 Y:0603 S:036A D:0000 DB:7E P:05 V:213 H:246
C46FC6 $C9 $02 $00     CMP #$0002                      A:0004 X:0008 Y:0603 S:036A D:0000 DB:7E P:05 V:213 H:249
C46FC9 $D0 $03         BNE $C46FCE                     A:0004 X:0008 Y:0603 S:036A D:0000 DB:7E P:05 V:213 H:253
C46FCE $C9 $04 $00     CMP #$0004                      A:0004 X:0008 Y:0603 S:036A D:0000 DB:7E P:05 V:213 H:258
C46FD1 $D0 $03         BNE $C46FD6                     A:0004 X:0008 Y:0603 S:036A D:0000 DB:7E P:07 V:213 H:262
C46FD3 $82 $F5 $00     BRL $C470CB                     A:0004 X:0008 Y:0603 S:036A D:0000 DB:7E P:07 V:213 H:265
C470CB $A2 $B5 $40     LDX #$40B5                      A:0004 X:0008 Y:0603 S:036A D:0000 DB:7E P:07 V:213 H:271
C470CE $22 $29 $28 $C4 JSL $C42829                     A:0004 X:40B5 Y:0603 S:036A D:0000 DB:7E P:05 V:213 H:276
C42829 $BD $00 $00     LDA $0000,X [7E40B5] = $FEFF    A:0004 X:40B5 Y:0603 S:0367 D:0000 DB:7E P:05 V:213 H:306
C4282C $29 $FF $00     AND #$00FF                      A:FEFF X:40B5 Y:0603 S:0367 D:0000 DB:7E P:85 V:213 H:316
C4282F $C9 $FF $00     CMP #$00FF                      A:00FF X:40B5 Y:0603 S:0367 D:0000 DB:7E P:05 V:213 H:320
C42832 $D0 $03         BNE $C42837                     A:00FF X:40B5 Y:0603 S:0367 D:0000 DB:7E P:07 V:213 H:324
C42834 $A3 $08         LDA $08,S [00036F] = $0034      A:00FF X:40B5 Y:0603 S:0367 D:0000 DB:7E P:07 V:213 H:327
C42836 $6B             RTL                             A:0034 X:40B5 Y:0603 S:0367 D:0000 DB:7E P:05 V:213 H:335
C470D2 $85 $40         STA $40 [000040] = $0000        A:0034 X:40B5 Y:0603 S:036A D:0000 DB:7E P:05 V:214 H:6  
C470D4 $A0 $01 $00     LDY #$0001                      A:0034 X:40B5 Y:0603 S:036A D:0000 DB:7E P:05 V:214 H:13 
C470D7 $B7 $4A         LDA [$4A],Y [C600AA] = $C201    A:0034 X:40B5 Y:0001 S:036A D:0000 DB:7E P:05 V:214 H:17 
C470D9 $A2 $40 $00     LDX #$0040                      A:C201 X:40B5 Y:0001 S:036A D:0000 DB:7E P:85 V:214 H:29 
C470DC $22 $D6 $10 $C0 JSL $C010D6                     A:C201 X:0040 Y:0001 S:036A D:0000 DB:7E P:05 V:214 H:34 
C010D6 $08             PHP                             A:C201 X:0040 Y:0001 S:0367 D:0000 DB:7E P:05 V:214 H:47 
C010D7 $C2 $20         REP #$20                        A:C201 X:0040 Y:0001 S:0366 D:0000 DB:7E P:05 V:214 H:52 
C010D9 $48             PHA                             A:C201 X:0040 Y:0001 S:0366 D:0000 DB:7E P:05 V:214 H:57 
C010DA $E2 $20         SEP #$20                        A:C201 X:0040 Y:0001 S:0364 D:0000 DB:7E P:05 V:214 H:64 
C010DC $EB             XBA                             A:C201 X:0040 Y:0001 S:0364 D:0000 DB:7E P:25 V:214 H:68 
C010DD $B5 $00         LDA $00,X [000040] = $34        A:01C2 X:0040 Y:0001 S:0364 D:0000 DB:7E P:A5 V:214 H:73 
C010DF $22 $98 $10 $C0 JSL $C01098                     A:0134 X:0040 Y:0001 S:0364 D:0000 DB:7E P:25 V:214 H:79 
C01098 $08             PHP                             A:0134 X:0040 Y:0001 S:0361 D:0000 DB:7E P:25 V:214 H:93 
C01099 $78             SEI                             A:0134 X:0040 Y:0001 S:0360 D:0000 DB:7E P:25 V:214 H:98 
C0109A $E2 $20         SEP #$20                        A:0134 X:0040 Y:0001 S:0360 D:0000 DB:7E P:25 V:214 H:101
C0109C $8F $02 $42 $00 STA $004202                     A:0134 X:0040 Y:0001 S:0360 D:0000 DB:7E P:25 V:214 H:105
C010A0 $EB             XBA                             A:0134 X:0040 Y:0001 S:0360 D:0000 DB:7E P:25 V:214 H:113
C010A1 $8F $03 $42 $00 STA $004203                     A:3401 X:0040 Y:0001 S:0360 D:0000 DB:7E P:25 V:214 H:117
C010A5 $EA             NOP                             A:3401 X:0040 Y:0001 S:0360 D:0000 DB:7E P:25 V:214 H:125
C010A6 $EA             NOP                             A:3401 X:0040 Y:0001 S:0360 D:0000 DB:7E P:25 V:214 H:128
C010A7 $EA             NOP                             A:3401 X:0040 Y:0001 S:0360 D:0000 DB:7E P:25 V:214 H:131
C010A8 $EA             NOP                             A:3401 X:0040 Y:0001 S:0360 D:0000 DB:7E P:25 V:214 H:134
C010A9 $AF $17 $42 $00 LDA $004217                     A:3401 X:0040 Y:0001 S:0360 D:0000 DB:7E P:25 V:214 H:147
C010AD $EB             XBA                             A:3400 X:0040 Y:0001 S:0360 D:0000 DB:7E P:27 V:214 H:154
C010AE $AF $16 $42 $00 LDA $004216                     A:0034 X:0040 Y:0001 S:0360 D:0000 DB:7E P:25 V:214 H:159
C010B2 $28             PLP                             A:0034 X:0040 Y:0001 S:0360 D:0000 DB:7E P:25 V:214 H:166
C010B3 $6B             RTL                             A:0034 X:0040 Y:0001 S:0361 D:0000 DB:7E P:25 V:214 H:173
C010E3 $95 $00         STA $00,X [000040] = $34        A:0034 X:0040 Y:0001 S:0364 D:0000 DB:7E P:25 V:214 H:183
C010E5 $EB             XBA                             A:0034 X:0040 Y:0001 S:0364 D:0000 DB:7E P:25 V:214 H:190
C010E6 $48             PHA                             A:3400 X:0040 Y:0001 S:0364 D:0000 DB:7E P:27 V:214 H:194
C010E7 $B5 $01         LDA $01,X [000041] = $00        A:3400 X:0040 Y:0001 S:0363 D:0000 DB:7E P:27 V:214 H:199
C010E9 $EB             XBA                             A:3400 X:0040 Y:0001 S:0363 D:0000 DB:7E P:27 V:214 H:206
C010EA $A3 $02         LDA $02,S [000365] = $01        A:0034 X:0040 Y:0001 S:0363 D:0000 DB:7E P:25 V:214 H:210
C010EC $22 $98 $10 $C0 JSL $C01098                     A:0001 X:0040 Y:0001 S:0363 D:0000 DB:7E P:25 V:214 H:217
C01098 $08             PHP                             A:0001 X:0040 Y:0001 S:0360 D:0000 DB:7E P:25 V:214 H:230
C01099 $78             SEI                             A:0001 X:0040 Y:0001 S:035F D:0000 DB:7E P:25 V:214 H:235
C0109A $E2 $20         SEP #$20                        A:0001 X:0040 Y:0001 S:035F D:0000 DB:7E P:25 V:214 H:238
C0109C $8F $02 $42 $00 STA $004202                     A:0001 X:0040 Y:0001 S:035F D:0000 DB:7E P:25 V:214 H:243
C010A0 $EB             XBA                             A:0001 X:0040 Y:0001 S:035F D:0000 DB:7E P:25 V:214 H:250
C010A1 $8F $03 $42 $00 STA $004203                     A:0100 X:0040 Y:0001 S:035F D:0000 DB:7E P:27 V:214 H:255
C010A5 $EA             NOP                             A:0100 X:0040 Y:0001 S:035F D:0000 DB:7E P:27 V:214 H:262
C010A6 $EA             NOP                             A:0100 X:0040 Y:0001 S:035F D:0000 DB:7E P:27 V:214 H:265
C010A7 $EA             NOP                             A:0100 X:0040 Y:0001 S:035F D:0000 DB:7E P:27 V:214 H:268
C010A8 $EA             NOP                             A:0100 X:0040 Y:0001 S:035F D:0000 DB:7E P:27 V:214 H:271
C010A9 $AF $17 $42 $00 LDA $004217                     A:0100 X:0040 Y:0001 S:035F D:0000 DB:7E P:27 V:214 H:274
C010AD $EB             XBA                             A:0100 X:0040 Y:0001 S:035F D:0000 DB:7E P:27 V:214 H:298
C010AE $AF $16 $42 $00 LDA $004216                     A:0001 X:0040 Y:0001 S:035F D:0000 DB:7E P:25 V:214 H:303
C010B2 $28             PLP                             A:0000 X:0040 Y:0001 S:035F D:0000 DB:7E P:27 V:214 H:310
C010B3 $6B             RTL                             A:0000 X:0040 Y:0001 S:0360 D:0000 DB:7E P:25 V:214 H:317
C010F0 $48             PHA                             A:0000 X:0040 Y:0001 S:0363 D:0000 DB:7E P:25 V:214 H:327
C010F1 $A3 $02         LDA $02,S [000364] = $00        A:0000 X:0040 Y:0001 S:0362 D:0000 DB:7E P:25 V:214 H:331
C010F3 $95 $01         STA $01,X [000041] = $00        A:0000 X:0040 Y:0001 S:0362 D:0000 DB:7E P:27 V:214 H:338
C010F5 $74 $02         STZ $02,X [000042] = $CF        A:0000 X:0040 Y:0001 S:0362 D:0000 DB:7E P:27 V:215 H:4  
C010F7 $68             PLA                             A:0000 X:0040 Y:0001 S:0362 D:0000 DB:7E P:27 V:215 H:11 
C010F8 $C2 $20         REP #$20                        A:0000 X:0040 Y:0001 S:0363 D:0000 DB:7E P:27 V:215 H:17 
C010FA $18             CLC                             A:0000 X:0040 Y:0001 S:0363 D:0000 DB:7E P:07 V:215 H:22 
C010FB $75 $01         ADC $01,X [000041] = $0000      A:0000 X:0040 Y:0001 S:0363 D:0000 DB:7E P:06 V:215 H:25 
C010FD $95 $01         STA $01,X [000041] = $0000      A:0000 X:0040 Y:0001 S:0363 D:0000 DB:7E P:06 V:215 H:33 
C010FF $E2 $20         SEP #$20                        A:0000 X:0040 Y:0001 S:0363 D:0000 DB:7E P:06 V:215 H:42 
C01101 $68             PLA                             A:0000 X:0040 Y:0001 S:0363 D:0000 DB:7E P:26 V:215 H:46 
C01102 $C2 $20         REP #$20                        A:0000 X:0040 Y:0001 S:0364 D:0000 DB:7E P:26 V:215 H:53 
C01104 $68             PLA                             A:0000 X:0040 Y:0001 S:0364 D:0000 DB:7E P:06 V:215 H:57 
C01105 $28             PLP                             A:C201 X:0040 Y:0001 S:0366 D:0000 DB:7E P:84 V:215 H:66 
C01106 $6B             RTL                             A:C201 X:0040 Y:0001 S:0367 D:0000 DB:7E P:05 V:215 H:72 
C470E0 $A5 $40         LDA $40 [000040] = $0034        A:C201 X:0040 Y:0001 S:036A D:0000 DB:7E P:05 V:215 H:83 
C470E2 $A2 $B6 $40     LDX #$40B6                      A:0034 X:0040 Y:0001 S:036A D:0000 DB:7E P:05 V:215 H:90 
C470E5 $22 $FD $28 $C4 JSL $C428FD                     A:0034 X:40B6 Y:0001 S:036A D:0000 DB:7E P:05 V:215 H:94 
C428FD $48             PHA                             A:0034 X:40B6 Y:0001 S:0367 D:0000 DB:7E P:05 V:215 H:108
C428FE $BD $00 $00     LDA $0000,X [7E40B6] = $FFFE    A:0034 X:40B6 Y:0001 S:0365 D:0000 DB:7E P:05 V:215 H:115
C42901 $29 $FF $00     AND #$00FF                      A:FFFE X:40B6 Y:0001 S:0365 D:0000 DB:7E P:85 V:215 H:125
C42904 $AA             TAX                             A:00FE X:40B6 Y:0001 S:0365 D:0000 DB:7E P:05 V:215 H:129
C42905 $68             PLA                             A:00FE X:00FE Y:0001 S:0365 D:0000 DB:7E P:05 V:215 H:132
C42906 $E0 $FF $00     CPX #$00FF                      A:0034 X:00FE Y:0001 S:0367 D:0000 DB:7E P:05 V:215 H:151
C42909 $D0 $03         BNE $C4290E                     A:0034 X:00FE Y:0001 S:0367 D:0000 DB:7E P:84 V:215 H:155
C4290E $E0 $FE $00     CPX #$00FE                      A:0034 X:00FE Y:0001 S:0367 D:0000 DB:7E P:84 V:215 H:160
C42911 $D0 $03         BNE $C42916                     A:0034 X:00FE Y:0001 S:0367 D:0000 DB:7E P:07 V:215 H:164
C42913 $83 $06         STA $06,S [00036D] = $0008      A:0034 X:00FE Y:0001 S:0367 D:0000 DB:7E P:07 V:215 H:167
C42915 $6B             RTL                             A:0034 X:00FE Y:0001 S:0367 D:0000 DB:7E P:07 V:215 H:176
C470E9 $A0 $01 $00     LDY #$0001                      A:0034 X:00FE Y:0001 S:036A D:0000 DB:7E P:07 V:215 H:186
C470EC $B7 $4A         LDA [$4A],Y [C600AA] = $C201    A:0034 X:00FE Y:0001 S:036A D:0000 DB:7E P:05 V:215 H:191
C470EE $29 $FF $00     AND #$00FF                      A:C201 X:00FE Y:0001 S:036A D:0000 DB:7E P:85 V:215 H:203
C470F1 $A2 $B7 $40     LDX #$40B7                      A:0001 X:00FE Y:0001 S:036A D:0000 DB:7E P:05 V:215 H:207
C470F4 $22 $FD $28 $C4 JSL $C428FD                     A:0001 X:40B7 Y:0001 S:036A D:0000 DB:7E P:05 V:215 H:212
C428FD $48             PHA                             A:0001 X:40B7 Y:0001 S:0367 D:0000 DB:7E P:05 V:215 H:225
C428FE $BD $00 $00     LDA $0000,X [7E40B7] = $A9FF    A:0001 X:40B7 Y:0001 S:0365 D:0000 DB:7E P:05 V:215 H:232
C42901 $29 $FF $00     AND #$00FF                      A:A9FF X:40B7 Y:0001 S:0365 D:0000 DB:7E P:85 V:215 H:242
C42904 $AA             TAX                             A:00FF X:40B7 Y:0001 S:0365 D:0000 DB:7E P:05 V:215 H:247
C42905 $68             PLA                             A:00FF X:00FF Y:0001 S:0365 D:0000 DB:7E P:05 V:215 H:250
C42906 $E0 $FF $00     CPX #$00FF                      A:0001 X:00FF Y:0001 S:0367 D:0000 DB:7E P:05 V:215 H:258
C42909 $D0 $03         BNE $C4290E                     A:0001 X:00FF Y:0001 S:0367 D:0000 DB:7E P:07 V:215 H:263
C4290B $83 $08         STA $08,S [00036F] = $0034      A:0001 X:00FF Y:0001 S:0367 D:0000 DB:7E P:07 V:215 H:266
C4290D $6B             RTL                             A:0001 X:00FF Y:0001 S:0367 D:0000 DB:7E P:07 V:215 H:274
C470F8 $82 $1C $FF     BRL $C47017                     A:0001 X:00FF Y:0001 S:036A D:0000 DB:7E P:07 V:215 H:325
C47017 $7A             PLY                             A:0001 X:00FF Y:0001 S:036A D:0000 DB:7E P:07 V:215 H:330
C47018 $FA             PLX                             A:0001 X:00FF Y:996D S:036C D:0000 DB:7E P:85 V:215 H:339
C47019 $68             PLA                             A:0001 X:0034 Y:996D S:036E D:0000 DB:7E P:05 V:216 H:7  
C4701A $AB             PLB                             A:0001 X:0034 Y:996D S:0370 D:0000 DB:7E P:05 V:216 H:16 
C4701B $28             PLP                             A:0001 X:0034 Y:996D S:0371 D:0000 DB:7E P:05 V:216 H:22 
C4701C $6B             RTL                             A:0001 X:0034 Y:996D S:0372 D:0000 DB:7E P:04 V:216 H:29 
C6060A $B0 $FE         BCS $C6060A                     A:0001 X:0034 Y:996D S:0375 D:0000 DB:7E P:04 V:216 H:39 
C6060C $22 $0D $05 $C9 JSL $C9050D                     A:0001 X:0034 Y:996D S:0375 D:0000 DB:7E P:04 V:216 H:42 
C9050D $08             PHP                             A:0001 X:0034 Y:996D S:0372 D:0000 DB:7E P:04 V:216 H:56 
C9050E $8B             PHB                             A:0001 X:0034 Y:996D S:0371 D:0000 DB:7E P:04 V:216 H:61 
C9050F $78             SEI                             A:0001 X:0034 Y:996D S:0370 D:0000 DB:7E P:04 V:216 H:66 
C90510 $C2 $30         REP #$30                        A:0001 X:0034 Y:996D S:0370 D:0000 DB:7E P:04 V:216 H:69 
C90512 $48             PHA                             A:0001 X:0034 Y:996D S:0370 D:0000 DB:7E P:04 V:216 H:73 
C90513 $DA             PHX                             A:0001 X:0034 Y:996D S:036E D:0000 DB:7E P:04 V:216 H:80 
C90514 $5A             PHY                             A:0001 X:0034 Y:996D S:036C D:0000 DB:7E P:04 V:216 H:87 
C90515 $86 $40         STX $40 [000040] = $0034        A:0001 X:0034 Y:996D S:036A D:0000 DB:7E P:04 V:216 H:94 
C90517 $E2 $30         SEP #$30                        A:0001 X:0034 Y:996D S:036A D:0000 DB:7E P:04 V:216 H:101
C90519 $A3 $0B         LDA $0B,S [000375] = $C6        A:0001 X:0034 Y:006D S:036A D:0000 DB:7E P:34 V:216 H:106
C9051B $48             PHA                             A:00C6 X:0034 Y:006D S:036A D:0000 DB:7E P:B4 V:216 H:112
C9051C $AB             PLB                             A:00C6 X:0034 Y:006D S:0369 D:0000 DB:7E P:B4 V:216 H:117
C9051D $A0 $01         LDY #$01                        A:00C6 X:0034 Y:006D S:036A D:0000 DB:C6 P:B4 V:216 H:124
C9051F $B3 $09         LDA ($09,S),Y [C60610] = $00    A:00C6 X:0034 Y:0001 S:036A D:0000 DB:C6 P:34 V:216 H:127
C90521 $D0 $3A         BNE $C9055D                     A:0000 X:0034 Y:0001 S:036A D:0000 DB:C6 P:36 V:216 H:148
C90523 $C2 $20         REP #$20                        A:0000 X:0034 Y:0001 S:036A D:0000 DB:C6 P:36 V:216 H:151
C90525 $A0 $02         LDY #$02                        A:0000 X:0034 Y:0001 S:036A D:0000 DB:C6 P:16 V:216 H:156
C90527 $B3 $09         LDA ($09,S),Y [C60611] = $0003  A:0000 X:0034 Y:0002 S:036A D:0000 DB:C6 P:14 V:216 H:159
C90529 $A2 $40         LDX #$40                        A:0003 X:0034 Y:0002 S:036A D:0000 DB:C6 P:14 V:216 H:172
C9052B $22 $46 $11 $C0 JSL $C01146                     A:0003 X:0040 Y:0002 S:036A D:0000 DB:C6 P:14 V:216 H:175
C01146 $08             PHP                             A:0003 X:0040 Y:0002 S:0367 D:0000 DB:C6 P:14 V:216 H:188
C01147 $E2 $20         SEP #$20                        A:0003 X:0040 Y:0002 S:0366 D:0000 DB:C6 P:14 V:216 H:193
C01149 $48             PHA                             A:0003 X:0040 Y:0002 S:0366 D:0000 DB:C6 P:34 V:216 H:198
C0114A $EB             XBA                             A:0003 X:0040 Y:0002 S:0365 D:0000 DB:C6 P:34 V:216 H:203
C0114B $48             PHA                             A:0300 X:0040 Y:0002 S:0365 D:0000 DB:C6 P:36 V:216 H:207
C0114C $B5 $01         LDA $01,X [000041] = $00        A:0300 X:0040 Y:0002 S:0364 D:0000 DB:C6 P:36 V:216 H:212
C0114E $48             PHA                             A:0300 X:0040 Y:0002 S:0364 D:0000 DB:C6 P:36 V:216 H:219
C0114F $A3 $03         LDA $03,S [000366] = $03        A:0300 X:0040 Y:0002 S:0363 D:0000 DB:C6 P:36 V:216 H:224
C01151 $EB             XBA                             A:0303 X:0040 Y:0002 S:0363 D:0000 DB:C6 P:34 V:216 H:230
C01152 $B5 $00         LDA $00,X [000040] = $34        A:0303 X:0040 Y:0002 S:0363 D:0000 DB:C6 P:34 V:216 H:235
C01154 $48             PHA                             A:0334 X:0040 Y:0002 S:0363 D:0000 DB:C6 P:34 V:216 H:241
C01155 $8F $02 $42 $00 STA $004202                     A:0334 X:0040 Y:0002 S:0362 D:0000 DB:C6 P:34 V:216 H:246
C01159 $EB             XBA                             A:0334 X:0040 Y:0002 S:0362 D:0000 DB:C6 P:34 V:216 H:254
C0115A $8F $03 $42 $00 STA $004203                     A:3403 X:0040 Y:0002 S:0362 D:0000 DB:C6 P:34 V:216 H:258
C0115E $EA             NOP                             A:3403 X:0040 Y:0002 S:0362 D:0000 DB:C6 P:34 V:216 H:266
C0115F $EA             NOP                             A:3403 X:0040 Y:0002 S:0362 D:0000 DB:C6 P:34 V:216 H:269
C01160 $EA             NOP                             A:3403 X:0040 Y:0002 S:0362 D:0000 DB:C6 P:34 V:216 H:272
C01161 $EA             NOP                             A:3403 X:0040 Y:0002 S:0362 D:0000 DB:C6 P:34 V:216 H:275
C01162 $AF $16 $42 $00 LDA $004216                     A:3403 X:0040 Y:0002 S:0362 D:0000 DB:C6 P:34 V:216 H:321
C01166 $95 $00         STA $00,X [000040] = $34        A:349C X:0040 Y:0002 S:0362 D:0000 DB:C6 P:B4 V:216 H:328
C01168 $AF $17 $42 $00 LDA $004217                     A:349C X:0040 Y:0002 S:0362 D:0000 DB:C6 P:B4 V:216 H:334
C0116C $95 $01         STA $01,X [000041] = $00        A:3400 X:0040 Y:0002 S:0362 D:0000 DB:C6 P:36 V:217 H:2  
C0116E $68             PLA                             A:3400 X:0040 Y:0002 S:0362 D:0000 DB:C6 P:36 V:217 H:8  
C0116F $EB             XBA                             A:3434 X:0040 Y:0002 S:0363 D:0000 DB:C6 P:34 V:217 H:15 
C01170 $A3 $02         LDA $02,S [000365] = $00        A:3434 X:0040 Y:0002 S:0363 D:0000 DB:C6 P:34 V:217 H:19 
C01172 $8F $02 $42 $00 STA $004202                     A:3400 X:0040 Y:0002 S:0363 D:0000 DB:C6 P:36 V:217 H:26 
C01176 $EB             XBA                             A:3400 X:0040 Y:0002 S:0363 D:0000 DB:C6 P:36 V:217 H:33 
C01177 $8F $03 $42 $00 STA $004203                     A:0034 X:0040 Y:0002 S:0363 D:0000 DB:C6 P:34 V:217 H:38 
C0117B $EA             NOP                             A:0034 X:0040 Y:0002 S:0363 D:0000 DB:C6 P:34 V:217 H:45 
C0117C $EA             NOP                             A:0034 X:0040 Y:0002 S:0363 D:0000 DB:C6 P:34 V:217 H:48 
C0117D $EA             NOP                             A:0034 X:0040 Y:0002 S:0363 D:0000 DB:C6 P:34 V:217 H:51 
C0117E $EA             NOP                             A:0034 X:0040 Y:0002 S:0363 D:0000 DB:C6 P:34 V:217 H:54 
C0117F $AF $16 $42 $00 LDA $004216                     A:0034 X:0040 Y:0002 S:0363 D:0000 DB:C6 P:34 V:217 H:57 
C01183 $18             CLC                             A:0000 X:0040 Y:0002 S:0363 D:0000 DB:C6 P:36 V:217 H:65 
C01184 $75 $01         ADC $01,X [000041] = $00        A:0000 X:0040 Y:0002 S:0363 D:0000 DB:C6 P:36 V:217 H:68 
C01186 $95 $01         STA $01,X [000041] = $00        A:0000 X:0040 Y:0002 S:0363 D:0000 DB:C6 P:36 V:217 H:74 
C01188 $AF $17 $42 $00 LDA $004217                     A:0000 X:0040 Y:0002 S:0363 D:0000 DB:C6 P:36 V:217 H:81 
C0118C $69 $00         ADC #$00                        A:0000 X:0040 Y:0002 S:0363 D:0000 DB:C6 P:36 V:217 H:88 
C0118E $95 $02         STA $02,X [000042] = $00        A:0000 X:0040 Y:0002 S:0363 D:0000 DB:C6 P:36 V:217 H:91 
C01190 $A3 $01         LDA $01,S [000364] = $00        A:0000 X:0040 Y:0002 S:0363 D:0000 DB:C6 P:36 V:217 H:98 
C01192 $EB             XBA                             A:0000 X:0040 Y:0002 S:0363 D:0000 DB:C6 P:36 V:217 H:104
C01193 $A3 $03         LDA $03,S [000366] = $03        A:0000 X:0040 Y:0002 S:0363 D:0000 DB:C6 P:36 V:217 H:109
C01195 $8F $02 $42 $00 STA $004202                     A:0003 X:0040 Y:0002 S:0363 D:0000 DB:C6 P:34 V:217 H:115
C01199 $EB             XBA                             A:0003 X:0040 Y:0002 S:0363 D:0000 DB:C6 P:34 V:217 H:123
C0119A $8F $03 $42 $00 STA $004203                     A:0300 X:0040 Y:0002 S:0363 D:0000 DB:C6 P:36 V:217 H:127
C0119E $EA             NOP                             A:0300 X:0040 Y:0002 S:0363 D:0000 DB:C6 P:36 V:217 H:145
C0119F $EA             NOP                             A:0300 X:0040 Y:0002 S:0363 D:0000 DB:C6 P:36 V:217 H:148
C011A0 $EA             NOP                             A:0300 X:0040 Y:0002 S:0363 D:0000 DB:C6 P:36 V:217 H:151
C011A1 $EA             NOP                             A:0300 X:0040 Y:0002 S:0363 D:0000 DB:C6 P:36 V:217 H:154
C011A2 $AF $16 $42 $00 LDA $004216                     A:0300 X:0040 Y:0002 S:0363 D:0000 DB:C6 P:36 V:217 H:157
C011A6 $18             CLC                             A:0300 X:0040 Y:0002 S:0363 D:0000 DB:C6 P:36 V:217 H:164
C011A7 $75 $01         ADC $01,X [000041] = $00        A:0300 X:0040 Y:0002 S:0363 D:0000 DB:C6 P:36 V:217 H:167
C011A9 $95 $01         STA $01,X [000041] = $00        A:0300 X:0040 Y:0002 S:0363 D:0000 DB:C6 P:36 V:217 H:174
C011AB $AF $17 $42 $00 LDA $004217                     A:0300 X:0040 Y:0002 S:0363 D:0000 DB:C6 P:36 V:217 H:180
C011AF $75 $02         ADC $02,X [000042] = $00        A:0300 X:0040 Y:0002 S:0363 D:0000 DB:C6 P:36 V:217 H:188
C011B1 $95 $02         STA $02,X [000042] = $00        A:0300 X:0040 Y:0002 S:0363 D:0000 DB:C6 P:36 V:217 H:194
C011B3 $A9 $00         LDA #$00                        A:0300 X:0040 Y:0002 S:0363 D:0000 DB:C6 P:36 V:217 H:201
C011B5 $2A             ROL                             A:0300 X:0040 Y:0002 S:0363 D:0000 DB:C6 P:36 V:217 H:204
C011B6 $95 $03         STA $03,X [000043] = $00        A:0300 X:0040 Y:0002 S:0363 D:0000 DB:C6 P:36 V:217 H:207
C011B8 $A3 $01         LDA $01,S [000364] = $00        A:0300 X:0040 Y:0002 S:0363 D:0000 DB:C6 P:36 V:217 H:213
C011BA $EB             XBA                             A:0300 X:0040 Y:0002 S:0363 D:0000 DB:C6 P:36 V:217 H:220
C011BB $A3 $02         LDA $02,S [000365] = $00        A:0003 X:0040 Y:0002 S:0363 D:0000 DB:C6 P:34 V:217 H:224
C011BD $8F $02 $42 $00 STA $004202                     A:0000 X:0040 Y:0002 S:0363 D:0000 DB:C6 P:36 V:217 H:231
C011C1 $EB             XBA                             A:0000 X:0040 Y:0002 S:0363 D:0000 DB:C6 P:36 V:217 H:238
C011C2 $8F $03 $42 $00 STA $004203                     A:0000 X:0040 Y:0002 S:0363 D:0000 DB:C6 P:36 V:217 H:243
C011C6 $EA             NOP                             A:0000 X:0040 Y:0002 S:0363 D:0000 DB:C6 P:36 V:217 H:250
C011C7 $EA             NOP                             A:0000 X:0040 Y:0002 S:0363 D:0000 DB:C6 P:36 V:217 H:253
C011C8 $EA             NOP                             A:0000 X:0040 Y:0002 S:0363 D:0000 DB:C6 P:36 V:217 H:256
C011C9 $EA             NOP                             A:0000 X:0040 Y:0002 S:0363 D:0000 DB:C6 P:36 V:217 H:259
C011CA $AF $16 $42 $00 LDA $004216                     A:0000 X:0040 Y:0002 S:0363 D:0000 DB:C6 P:36 V:217 H:262
C011CE $18             CLC                             A:0000 X:0040 Y:0002 S:0363 D:0000 DB:C6 P:36 V:217 H:270
C011CF $75 $02         ADC $02,X [000042] = $00        A:0000 X:0040 Y:0002 S:0363 D:0000 DB:C6 P:36 V:217 H:273
C011D1 $95 $02         STA $02,X [000042] = $00        A:0000 X:0040 Y:0002 S:0363 D:0000 DB:C6 P:36 V:217 H:297
C011D3 $AF $17 $42 $00 LDA $004217                     A:0000 X:0040 Y:0002 S:0363 D:0000 DB:C6 P:36 V:217 H:304
C011D7 $75 $03         ADC $03,X [000043] = $00        A:0000 X:0040 Y:0002 S:0363 D:0000 DB:C6 P:36 V:217 H:311
C011D9 $95 $03         STA $03,X [000043] = $00        A:0000 X:0040 Y:0002 S:0363 D:0000 DB:C6 P:36 V:217 H:318
C011DB $68             PLA                             A:0000 X:0040 Y:0002 S:0363 D:0000 DB:C6 P:36 V:217 H:324
C011DC $68             PLA                             A:0000 X:0040 Y:0002 S:0364 D:0000 DB:C6 P:36 V:217 H:330
C011DD $EB             XBA                             A:0000 X:0040 Y:0002 S:0365 D:0000 DB:C6 P:36 V:217 H:336
C011DE $68             PLA                             A:0000 X:0040 Y:0002 S:0365 D:0000 DB:C6 P:36 V:218 H:1  
C011DF $28             PLP                             A:0003 X:0040 Y:0002 S:0366 D:0000 DB:C6 P:34 V:218 H:7  
C011E0 $6B             RTL                             A:0003 X:0040 Y:0002 S:0367 D:0000 DB:C6 P:14 V:218 H:14 
C9052F $A0 $04         LDY #$04                        A:0003 X:0040 Y:0002 S:036A D:0000 DB:C6 P:14 V:218 H:24 
C90531 $B3 $09         LDA ($09,S),Y [C60613] = $04A3  A:0003 X:0040 Y:0004 S:036A D:0000 DB:C6 P:14 V:218 H:27 
C90533 $18             CLC                             A:04A3 X:0040 Y:0004 S:036A D:0000 DB:C6 P:14 V:218 H:40 
C90534 $65 $40         ADC $40 [000040] = $009C        A:04A3 X:0040 Y:0004 S:036A D:0000 DB:C6 P:14 V:218 H:43 
C90536 $85 $40         STA $40 [000040] = $009C        A:053F X:0040 Y:0004 S:036A D:0000 DB:C6 P:14 V:218 H:50 
C90538 $A0 $06         LDY #$06                        A:053F X:0040 Y:0004 S:036A D:0000 DB:C6 P:14 V:218 H:57 
C9053A $B3 $09         LDA ($09,S),Y [C60615] = $00C8  A:053F X:0040 Y:0006 S:036A D:0000 DB:C6 P:14 V:218 H:60 
C9053C $65 $42         ADC $42 [000042] = $0000        A:00C8 X:0040 Y:0006 S:036A D:0000 DB:C6 P:14 V:218 H:73 
C9053E $85 $42         STA $42 [000042] = $0000        A:00C8 X:0040 Y:0006 S:036A D:0000 DB:C6 P:14 V:218 H:80 
C90540 $A0 $07         LDY #$07                        A:00C8 X:0040 Y:0006 S:036A D:0000 DB:C6 P:14 V:218 H:87 
C90542 $B3 $09         LDA ($09,S),Y [C60616] = $A000  A:00C8 X:0040 Y:0007 S:036A D:0000 DB:C6 P:14 V:218 H:90 
C90544 $AA             TAX                             A:A000 X:0040 Y:0007 S:036A D:0000 DB:C6 P:94 V:218 H:103
C90545 $A5 $40         LDA $40 [000040] = $053F        A:A000 X:0000 Y:0007 S:036A D:0000 DB:C6 P:16 V:218 H:106
C90547 $95 $00         STA $00,X [000000] = $98D6      A:053F X:0000 Y:0007 S:036A D:0000 DB:C6 P:14 V:218 H:113
C90549 $A5 $41         LDA $41 [000041] = $C805        A:053F X:0000 Y:0007 S:036A D:0000 DB:C6 P:14 V:218 H:122
C9054B $95 $01         STA $01,X [000001] = $C805      A:C805 X:0000 Y:0007 S:036A D:0000 DB:C6 P:94 V:218 H:129
C9054D $C2 $30         REP #$30                        A:C805 X:0000 Y:0007 S:036A D:0000 DB:C6 P:94 V:218 H:147
C9054F $A3 $09         LDA $09,S [000373] = $060F      A:C805 X:0000 Y:0007 S:036A D:0000 DB:C6 P:84 V:218 H:152
C90551 $18             CLC                             A:060F X:0000 Y:0007 S:036A D:0000 DB:C6 P:04 V:218 H:160
C90552 $69 $07 $00     ADC #$0007                      A:060F X:0000 Y:0007 S:036A D:0000 DB:C6 P:04 V:218 H:163
C90555 $83 $09         STA $09,S [000373] = $060F      A:0616 X:0000 Y:0007 S:036A D:0000 DB:C6 P:04 V:218 H:168
C90557 $7A             PLY                             A:0616 X:0000 Y:0007 S:036A D:0000 DB:C6 P:04 V:218 H:176
C90558 $FA             PLX                             A:0616 X:0000 Y:996D S:036C D:0000 DB:C6 P:84 V:218 H:185
C90559 $68             PLA                             A:0616 X:0034 Y:996D S:036E D:0000 DB:C6 P:04 V:218 H:193
C9055A $AB             PLB                             A:0001 X:0034 Y:996D S:0370 D:0000 DB:C6 P:04 V:218 H:202
C9055B $28             PLP                             A:0001 X:0034 Y:996D S:0371 D:0000 DB:7E P:04 V:218 H:208
C9055C $6B             RTL                             A:0001 X:0034 Y:996D S:0372 D:0000 DB:7E P:04 V:218 H:215
C60617 $A0 $00 $00     LDY #$0000                      A:0001 X:0034 Y:996D S:0375 D:0000 DB:7E P:04 V:218 H:225
C6061A $22 $63 $CD $C0 JSL $C0CD63                     A:0001 X:0034 Y:0000 S:0375 D:0000 DB:7E P:06 V:218 H:230
C0CD63 $B7 $00         LDA [$00],Y [C8053F] = $4389    A:0001 X:0034 Y:0000 S:0372 D:0000 DB:7E P:06 V:218 H:243
C0CD65 $8F $9A $1D $00 STA $001D9A                     A:4389 X:0034 Y:0000 S:0372 D:0000 DB:7E P:04 V:218 H:255
C0CD69 $C8             INY                             A:4389 X:0034 Y:0000 S:0372 D:0000 DB:7E P:04 V:218 H:265
C0CD6A $B7 $00         LDA [$00],Y [C80540] = $CA43    A:4389 X:0034 Y:0001 S:0372 D:0000 DB:7E P:04 V:218 H:268
C0CD6C $8F $9B $1D $00 STA $001D9B                     A:CA43 X:0034 Y:0001 S:0372 D:0000 DB:7E P:84 V:218 H:297
C0CD70 $DC $9A $1D     JML [$1D9A] [CA4389] = $01A9    A:CA43 X:0034 Y:0001 S:0372 D:0000 DB:7E P:84 V:218 H:307
CA4389 $A9 $01 $00     LDA #$0001                      A:CA43 X:0034 Y:0001 S:0372 D:0000 DB:7E P:84 V:218 H:317
CA438C $22 $AA $74 $C7 JSL $C774AA                     A:0001 X:0034 Y:0001 S:0372 D:0000 DB:7E P:04 V:218 H:322
C774AA $5A             PHY                             A:0001 X:0034 Y:0001 S:036F D:0000 DB:7E P:04 V:218 H:334
C774AB $48             PHA                             A:0001 X:0034 Y:0001 S:036D D:0000 DB:7E P:04 V:219 H:1  
C774AC $E2 $20         SEP #$20                        A:0001 X:0034 Y:0001 S:036B D:0000 DB:7E P:04 V:219 H:8  
C774AE $A3 $07         LDA $07,S [000372] = $CA        A:0001 X:0034 Y:0001 S:036B D:0000 DB:7E P:24 V:219 H:13 
C774B0 $48             PHA                             A:00CA X:0034 Y:0001 S:036B D:0000 DB:7E P:A4 V:219 H:19 
C774B1 $AB             PLB                             A:00CA X:0034 Y:0001 S:036A D:0000 DB:7E P:A4 V:219 H:24 
C774B2 $C2 $20         REP #$20                        A:00CA X:0034 Y:0001 S:036B D:0000 DB:CA P:A4 V:219 H:31 
C774B4 $A0 $01 $00     LDY #$0001                      A:00CA X:0034 Y:0001 S:036B D:0000 DB:CA P:84 V:219 H:35 
C774B7 $B3 $05         LDA ($05,S),Y [CA4390] = $0000  A:00CA X:0034 Y:0001 S:036B D:0000 DB:CA P:04 V:219 H:40 
C774B9 $29 $FF $00     AND #$00FF                      A:0000 X:0034 Y:0001 S:036B D:0000 DB:CA P:06 V:219 H:53 
C774BC $85 $18         STA $18 [000018] = $0000        A:0000 X:0034 Y:0001 S:036B D:0000 DB:CA P:06 V:219 H:57 
C774BE $C8             INY                             A:0000 X:0034 Y:0001 S:036B D:0000 DB:CA P:06 V:219 H:64 
C774BF $B3 $05         LDA ($05,S),Y [CA4391] = $0000  A:0000 X:0034 Y:0002 S:036B D:0000 DB:CA P:04 V:219 H:67 
C774C1 $29 $FF $00     AND #$00FF                      A:0000 X:0034 Y:0002 S:036B D:0000 DB:CA P:06 V:219 H:80 
C774C4 $85 $1A         STA $1A [00001A] = $09F8        A:0000 X:0034 Y:0002 S:036B D:0000 DB:CA P:06 V:219 H:85 
C774C6 $C8             INY                             A:0000 X:0034 Y:0002 S:036B D:0000 DB:CA P:06 V:219 H:92 
C774C7 $B3 $05         LDA ($05,S),Y [CA4392] = $A900  A:0000 X:0034 Y:0003 S:036B D:0000 DB:CA P:04 V:219 H:95 
C774C9 $29 $FF $00     AND #$00FF                      A:A900 X:0034 Y:0003 S:036B D:0000 DB:CA P:84 V:219 H:108
C774CC $85 $1E         STA $1E [00001E] = $0000        A:0000 X:0034 Y:0003 S:036B D:0000 DB:CA P:06 V:219 H:112
C774CE $A3 $05         LDA $05,S [000370] = $438F      A:0000 X:0034 Y:0003 S:036B D:0000 DB:CA P:06 V:219 H:119
C774D0 $1A             INC                             A:438F X:0034 Y:0003 S:036B D:0000 DB:CA P:04 V:219 H:128
C774D1 $1A             INC                             A:4390 X:0034 Y:0003 S:036B D:0000 DB:CA P:04 V:219 H:131
C774D2 $1A             INC                             A:4391 X:0034 Y:0003 S:036B D:0000 DB:CA P:04 V:219 H:144
C774D3 $83 $05         STA $05,S [000370] = $438F      A:4392 X:0034 Y:0003 S:036B D:0000 DB:CA P:04 V:219 H:147
C774D5 $F4 $7E $7E     PEA #$7E7E                      A:4392 X:0034 Y:0003 S:036B D:0000 DB:CA P:04 V:219 H:155
C774D8 $AB             PLB                             A:4392 X:0034 Y:0003 S:0369 D:0000 DB:CA P:04 V:219 H:164
C774D9 $AB             PLB                             A:4392 X:0034 Y:0003 S:036A D:0000 DB:7E P:04 V:219 H:170
C774DA $A3 $01         LDA $01,S [00036C] = $0001      A:4392 X:0034 Y:0003 S:036B D:0000 DB:7E P:04 V:219 H:177
C774DC $A4 $1E         LDY $1E [00001E] = $0000        A:0001 X:0034 Y:0003 S:036B D:0000 DB:7E P:04 V:219 H:185
C774DE $20 $F4 $75     JSR $75F4 [C775F4] = $DA48      A:0001 X:0034 Y:0000 S:036B D:0000 DB:7E P:06 V:219 H:192
C775F4 $48             PHA                             A:0001 X:0034 Y:0000 S:0369 D:0000 DB:7E P:06 V:219 H:202
C775F5 $DA             PHX                             A:0001 X:0034 Y:0000 S:0367 D:0000 DB:7E P:06 V:219 H:209
C775F6 $C9 $00 $00     CMP #$0000                      A:0001 X:0034 Y:0000 S:0365 D:0000 DB:7E P:06 V:219 H:216
C775F9 $F0 $27         BEQ $C77622                     A:0001 X:0034 Y:0000 S:0365 D:0000 DB:7E P:05 V:219 H:221
C775FB $A2 $00 $00     LDX #$0000                      A:0001 X:0034 Y:0000 S:0365 D:0000 DB:7E P:05 V:219 H:224
C775FE $BD $3F $99     LDA $993F,X [7E993F] = $0000    A:0001 X:0000 Y:0000 S:0365 D:0000 DB:7E P:07 V:219 H:228
C77601 $C9 $00 $00     CMP #$0000                      A:0000 X:0000 Y:0000 S:0365 D:0000 DB:7E P:07 V:219 H:238
C77604 $F0 $09         BEQ $C7760F                     A:0000 X:0000 Y:0000 S:0365 D:0000 DB:7E P:07 V:219 H:243
C7760F $A3 $03         LDA $03,S [000368] = $0001      A:0000 X:0000 Y:0000 S:0365 D:0000 DB:7E P:07 V:219 H:247
C77611 $9D $3F $99     STA $993F,X [7E993F] = $0000    A:0001 X:0000 Y:0000 S:0365 D:0000 DB:7E P:05 V:219 H:256
C77614 $98             TYA                             A:0001 X:0000 Y:0000 S:0365 D:0000 DB:7E P:05 V:219 H:266
C77615 $9D $4B $99     STA $994B,X [7E994B] = $0000    A:0000 X:0000 Y:0000 S:0365 D:0000 DB:7E P:07 V:219 H:269
C77618 $A5 $18         LDA $18 [000018] = $0000        A:0000 X:0000 Y:0000 S:0365 D:0000 DB:7E P:07 V:219 H:295
C7761A $9D $43 $99     STA $9943,X [7E9943] = $0000    A:0000 X:0000 Y:0000 S:0365 D:0000 DB:7E P:07 V:219 H:302
C7761D $A5 $1A         LDA $1A [00001A] = $0000        A:0000 X:0000 Y:0000 S:0365 D:0000 DB:7E P:07 V:219 H:312
C7761F $9D $47 $99     STA $9947,X [7E9947] = $0000    A:0000 X:0000 Y:0000 S:0365 D:0000 DB:7E P:07 V:219 H:319
C77622 $FA             PLX                             A:0000 X:0000 Y:0000 S:0365 D:0000 DB:7E P:07 V:219 H:328
C77623 $68             PLA                             A:0000 X:0034 Y:0000 S:0367 D:0000 DB:7E P:05 V:219 H:336
C77624 $60             RTS                             A:0001 X:0034 Y:0000 S:0369 D:0000 DB:7E P:05 V:220 H:5  
C774E1 $68             PLA                             A:0001 X:0034 Y:0000 S:036B D:0000 DB:7E P:05 V:220 H:15 
C774E2 $7A             PLY                             A:0001 X:0034 Y:0000 S:036D D:0000 DB:7E P:05 V:220 H:23 
C774E3 $6B             RTL                             A:0001 X:0034 Y:0001 S:036F D:0000 DB:7E P:05 V:220 H:32 
CA4393 $A9 $07 $00     LDA #$0007                      A:0001 X:0034 Y:0001 S:0372 D:0000 DB:7E P:05 V:220 H:42 
CA4396 $22 $2B $75 $C7 JSL $C7752B                     A:0007 X:0034 Y:0001 S:0372 D:0000 DB:7E P:05 V:220 H:47 
C7752B $8D $6F $99     STA $996F [7E996F] = $0000      A:0007 X:0034 Y:0001 S:036F D:0000 DB:7E P:05 V:220 H:60 
C7752E $6B             RTL                             A:0007 X:0034 Y:0001 S:036F D:0000 DB:7E P:05 V:220 H:69 
CA439A $A9 $06 $00     LDA #$0006                      A:0007 X:0034 Y:0001 S:0372 D:0000 DB:7E P:05 V:220 H:79 
CA439D $22 $61 $73 $C7 JSL $C77361                     A:0006 X:0034 Y:0001 S:0372 D:0000 DB:7E P:05 V:220 H:84 
C77361 $8D $7B $98     STA $987B [7E987B] = $0001      A:0006 X:0034 Y:0001 S:036F D:0000 DB:7E P:05 V:220 H:97 
C77364 $6B             RTL                             A:0006 X:0034 Y:0001 S:036F D:0000 DB:7E P:05 V:220 H:106
CA43A1 $22 $56 $76 $C7 JSL $C77656                     A:0006 X:0034 Y:0001 S:0372 D:0000 DB:7E P:05 V:220 H:116
C77656 $22 $89 $07 $C9 JSL $C90789                     A:0006 X:0034 Y:0001 S:036F D:0000 DB:7E P:05 V:220 H:130
C90789 $08             PHP                             A:0006 X:0034 Y:0001 S:036C D:0000 DB:7E P:05 V:220 H:153
C9078A $78             SEI                             A:0006 X:0034 Y:0001 S:036B D:0000 DB:7E P:05 V:220 H:158
C9078B $C2 $30         REP #$30                        A:0006 X:0034 Y:0001 S:036B D:0000 DB:7E P:05 V:220 H:161
C9078D $48             PHA                             A:0006 X:0034 Y:0001 S:036B D:0000 DB:7E P:05 V:220 H:166
C9078E $8B             PHB                             A:0006 X:0034 Y:0001 S:0369 D:0000 DB:7E P:05 V:220 H:173
C9078F $DA             PHX                             A:0006 X:0034 Y:0001 S:0368 D:0000 DB:7E P:05 V:220 H:178
C90790 $5A             PHY                             A:0006 X:0034 Y:0001 S:0366 D:0000 DB:7E P:05 V:220 H:185
C90791 $A3 $0A         LDA $0A,S [00036E] = $C776      A:0006 X:0034 Y:0001 S:0364 D:0000 DB:7E P:05 V:220 H:192
C90793 $48             PHA                             A:C776 X:0034 Y:0001 S:0364 D:0000 DB:7E P:85 V:220 H:200
C90794 $AB             PLB                             A:C776 X:0034 Y:0001 S:0362 D:0000 DB:7E P:85 V:220 H:207
C90795 $AB             PLB                             A:C776 X:0034 Y:0001 S:0363 D:0000 DB:76 P:05 V:220 H:214
C90796 $A0 $04 $00     LDY #$0004                      A:C776 X:0034 Y:0001 S:0364 D:0000 DB:C7 P:85 V:220 H:220
C90799 $B3 $09         LDA ($09,S),Y [C7765D] = $0010  A:C776 X:0034 Y:0004 S:0364 D:0000 DB:C7 P:05 V:220 H:225
C9079B $85 $40         STA $40 [000040] = $053F        A:0010 X:0034 Y:0004 S:0364 D:0000 DB:C7 P:05 V:220 H:238
C9079D $C8             INY                             A:0010 X:0034 Y:0004 S:0364 D:0000 DB:C7 P:05 V:220 H:245
C9079E $B3 $09         LDA ($09,S),Y [C7765E] = $0000  A:0010 X:0034 Y:0005 S:0364 D:0000 DB:C7 P:05 V:220 H:248
C907A0 $85 $41         STA $41 [000041] = $C800        A:0000 X:0034 Y:0005 S:0364 D:0000 DB:C7 P:07 V:220 H:261
C907A2 $A0 $01 $00     LDY #$0001                      A:0000 X:0034 Y:0005 S:0364 D:0000 DB:C7 P:07 V:220 H:268
C907A5 $B3 $09         LDA ($09,S),Y [C7765A] = $99C5  A:0000 X:0034 Y:0001 S:0364 D:0000 DB:C7 P:05 V:220 H:272
C907A7 $AA             TAX                             A:99C5 X:0034 Y:0001 S:0364 D:0000 DB:C7 P:85 V:220 H:301
C907A8 $C8             INY                             A:99C5 X:99C5 Y:0001 S:0364 D:0000 DB:C7 P:85 V:220 H:304
C907A9 $B3 $09         LDA ($09,S),Y [C7765B] = $7E99  A:99C5 X:99C5 Y:0002 S:0364 D:0000 DB:C7 P:05 V:220 H:307
C907AB $48             PHA                             A:7E99 X:99C5 Y:0002 S:0364 D:0000 DB:C7 P:05 V:220 H:320
C907AC $AB             PLB                             A:7E99 X:99C5 Y:0002 S:0362 D:0000 DB:C7 P:05 V:220 H:327
C907AD $AB             PLB                             A:7E99 X:99C5 Y:0002 S:0363 D:0000 DB:99 P:85 V:220 H:333
C907AE $BD $00 $00     LDA $0000,X [7E99C5] = $174C    A:7E99 X:99C5 Y:0002 S:0364 D:0000 DB:7E P:05 V:220 H:339
C907B1 $05 $40         ORA $40 [000040] = $0010        A:174C X:99C5 Y:0002 S:0364 D:0000 DB:7E P:05 V:221 H:9  
C907B3 $9D $00 $00     STA $0000,X [7E99C5] = $174C    A:175C X:99C5 Y:0002 S:0364 D:0000 DB:7E P:05 V:221 H:16 
C907B6 $BD $01 $00     LDA $0001,X [7E99C6] = $0017    A:175C X:99C5 Y:0002 S:0364 D:0000 DB:7E P:05 V:221 H:26 
C907B9 $05 $41         ORA $41 [000041] = $0000        A:0017 X:99C5 Y:0002 S:0364 D:0000 DB:7E P:05 V:221 H:36 
C907BB $9D $01 $00     STA $0001,X [7E99C6] = $0017    A:0017 X:99C5 Y:0002 S:0364 D:0000 DB:7E P:05 V:221 H:43 
C907BE $A3 $09         LDA $09,S [00036D] = $7659      A:0017 X:99C5 Y:0002 S:0364 D:0000 DB:7E P:05 V:221 H:53 
C907C0 $18             CLC                             A:7659 X:99C5 Y:0002 S:0364 D:0000 DB:7E P:05 V:221 H:62 
C907C1 $69 $06 $00     ADC #$0006                      A:7659 X:99C5 Y:0002 S:0364 D:0000 DB:7E P:04 V:221 H:65 
C907C4 $83 $09         STA $09,S [00036D] = $7659      A:765F X:99C5 Y:0002 S:0364 D:0000 DB:7E P:04 V:221 H:69 
C907C6 $7A             PLY                             A:765F X:99C5 Y:0002 S:0364 D:0000 DB:7E P:04 V:221 H:78 
C907C7 $FA             PLX                             A:765F X:99C5 Y:0001 S:0366 D:0000 DB:7E P:04 V:221 H:86 
C907C8 $AB             PLB                             A:765F X:0034 Y:0001 S:0368 D:0000 DB:7E P:04 V:221 H:95 
C907C9 $68             PLA                             A:765F X:0034 Y:0001 S:0369 D:0000 DB:7E P:04 V:221 H:101
C907CA $28             PLP                             A:0006 X:0034 Y:0001 S:036B D:0000 DB:7E P:04 V:221 H:110
C907CB $6B             RTL                             A:0006 X:0034 Y:0001 S:036C D:0000 DB:7E P:05 V:221 H:116
C77660 $6B             RTL                             A:0006 X:0034 Y:0001 S:036F D:0000 DB:7E P:05 V:221 H:127
CA43A5 $A9 $00 $01     LDA #$0100                      A:0006 X:0034 Y:0001 S:0372 D:0000 DB:7E P:05 V:221 H:147
CA43A8 $22 $1E $75 $C7 JSL $C7751E                     A:0100 X:0034 Y:0001 S:0372 D:0000 DB:7E P:05 V:221 H:152
C7751E $8D $6D $99     STA $996D [7E996D] = $0000      A:0100 X:0034 Y:0001 S:036F D:0000 DB:7E P:05 V:221 H:165
C77521 $6B             RTL                             A:0100 X:0034 Y:0001 S:036F D:0000 DB:7E P:05 V:221 H:174
CA43AC $22 $90 $99 $CC JSL $CC9990                     A:0100 X:0034 Y:0001 S:0372 D:0000 DB:7E P:05 V:221 H:184
CC9990 $22 $91 $77 $C7 JSL $C77791                     A:0100 X:0034 Y:0001 S:036F D:0000 DB:7E P:05 V:221 H:198
C77791 $E2 $20         SEP #$20                        A:0100 X:0034 Y:0001 S:036C D:0000 DB:7E P:05 V:221 H:211
C77793 $A3 $03         LDA $03,S [00036F] = $CC        A:0100 X:0034 Y:0001 S:036C D:0000 DB:7E P:25 V:221 H:216
C77795 $48             PHA                             A:01CC X:0034 Y:0001 S:036C D:0000 DB:7E P:A5 V:221 H:222
C77796 $AB             PLB                             A:01CC X:0034 Y:0001 S:036B D:0000 DB:7E P:A5 V:221 H:227
C77797 $C2 $20         REP #$20                        A:01CC X:0034 Y:0001 S:036C D:0000 DB:CC P:A5 V:221 H:234
C77799 $A0 $01 $00     LDY #$0001                      A:01CC X:0034 Y:0001 S:036C D:0000 DB:CC P:85 V:221 H:238
C7779C $B3 $01         LDA ($01,S),Y [CC9994] = $0201  A:01CC X:0034 Y:0001 S:036C D:0000 DB:CC P:05 V:221 H:243
C7779E $29 $03 $00     AND #$0003                      A:0201 X:0034 Y:0001 S:036C D:0000 DB:CC P:05 V:221 H:256
C777A1 $0A             ASL                             A:0001 X:0034 Y:0001 S:036C D:0000 DB:CC P:05 V:221 H:260
C777A2 $85 $18         STA $18 [000018] = $0000        A:0002 X:0034 Y:0001 S:036C D:0000 DB:CC P:04 V:221 H:263
C777A4 $C8             INY                             A:0002 X:0034 Y:0001 S:036C D:0000 DB:CC P:04 V:221 H:270
C777A5 $B3 $01         LDA ($01,S),Y [CC9995] = $0002  A:0002 X:0034 Y:0002 S:036C D:0000 DB:CC P:04 V:221 H:273
C777A7 $29 $03 $00     AND #$0003                      A:0002 X:0034 Y:0002 S:036C D:0000 DB:CC P:04 V:221 H:303
C777AA $0A             ASL                             A:0002 X:0034 Y:0002 S:036C D:0000 DB:CC P:04 V:221 H:307
C777AB $85 $1A         STA $1A [00001A] = $0000        A:0004 X:0034 Y:0002 S:036C D:0000 DB:CC P:04 V:221 H:310
C777AD $C8             INY                             A:0004 X:0034 Y:0002 S:036C D:0000 DB:CC P:04 V:221 H:317
C777AE $B3 $01         LDA ($01,S),Y [CC9996] = $0300  A:0004 X:0034 Y:0003 S:036C D:0000 DB:CC P:04 V:221 H:320
C777B0 $29 $03 $00     AND #$0003                      A:0300 X:0034 Y:0003 S:036C D:0000 DB:CC P:04 V:221 H:332
C777B3 $0A             ASL                             A:0000 X:0034 Y:0003 S:036C D:0000 DB:CC P:06 V:221 H:337
C777B4 $85 $1C         STA $1C [00001C] = $0016        A:0000 X:0034 Y:0003 S:036C D:0000 DB:CC P:06 V:222 H:0  
C777B6 $C8             INY                             A:0000 X:0034 Y:0003 S:036C D:0000 DB:CC P:06 V:222 H:7  
C777B7 $B3 $01         LDA ($01,S),Y [CC9997] = $6B03  A:0000 X:0034 Y:0004 S:036C D:0000 DB:CC P:04 V:222 H:10 
C777B9 $29 $03 $00     AND #$0003                      A:6B03 X:0034 Y:0004 S:036C D:0000 DB:CC P:04 V:222 H:23 
C777BC $0A             ASL                             A:0003 X:0034 Y:0004 S:036C D:0000 DB:CC P:04 V:222 H:27 
C777BD $85 $1E         STA $1E [00001E] = $0000        A:0006 X:0034 Y:0004 S:036C D:0000 DB:CC P:04 V:222 H:30 
C777BF $A3 $01         LDA $01,S [00036D] = $9993      A:0006 X:0034 Y:0004 S:036C D:0000 DB:CC P:04 V:222 H:37 
C777C1 $1A             INC                             A:9993 X:0034 Y:0004 S:036C D:0000 DB:CC P:84 V:222 H:46 
C777C2 $1A             INC                             A:9994 X:0034 Y:0004 S:036C D:0000 DB:CC P:84 V:222 H:49 
C777C3 $1A             INC                             A:9995 X:0034 Y:0004 S:036C D:0000 DB:CC P:84 V:222 H:52 
C777C4 $1A             INC                             A:9996 X:0034 Y:0004 S:036C D:0000 DB:CC P:84 V:222 H:55 
C777C5 $83 $01         STA $01,S [00036D] = $9993      A:9997 X:0034 Y:0004 S:036C D:0000 DB:CC P:84 V:222 H:58 
C777C7 $F4 $7E $7E     PEA #$7E7E                      A:9997 X:0034 Y:0004 S:036C D:0000 DB:CC P:84 V:222 H:66 
C777CA $AB             PLB                             A:9997 X:0034 Y:0004 S:036A D:0000 DB:CC P:84 V:222 H:75 
C777CB $AB             PLB                             A:9997 X:0034 Y:0004 S:036B D:0000 DB:7E P:04 V:222 H:81 
C777CC $A6 $18         LDX $18 [000018] = $0002        A:9997 X:0034 Y:0004 S:036C D:0000 DB:7E P:04 V:222 H:88 
C777CE $BF $F1 $77 $C7 LDA $C777F1,X [C777F3] = $2010  A:9997 X:0002 Y:0004 S:036C D:0000 DB:7E P:04 V:222 H:95 
C777D2 $8D $A7 $98     STA $98A7 [7E98A7] = $0010      A:2010 X:0002 Y:0004 S:036C D:0000 DB:7E P:04 V:222 H:104
C777D5 $A6 $1A         LDX $1A [00001A] = $0004        A:2010 X:0002 Y:0004 S:036C D:0000 DB:7E P:04 V:222 H:112
C777D7 $BF $F1 $77 $C7 LDA $C777F1,X [C777F5] = $4010  A:2010 X:0004 Y:0004 S:036C D:0000 DB:7E P:04 V:222 H:119
C777DB $8D $A9 $98     STA $98A9 [7E98A9] = $0010      A:4010 X:0004 Y:0004 S:036C D:0000 DB:7E P:04 V:222 H:128
C777DE $A6 $1C         LDX $1C [00001C] = $0000        A:4010 X:0004 Y:0004 S:036C D:0000 DB:7E P:04 V:222 H:147
C777E0 $BF $F1 $77 $C7 LDA $C777F1,X [C777F1] = $0010  A:4010 X:0000 Y:0004 S:036C D:0000 DB:7E P:06 V:222 H:154
C777E4 $8D $AB $98     STA $98AB [7E98AB] = $0010      A:0010 X:0000 Y:0004 S:036C D:0000 DB:7E P:04 V:222 H:163
C777E7 $A6 $1E         LDX $1E [00001E] = $0006        A:0010 X:0000 Y:0004 S:036C D:0000 DB:7E P:04 V:222 H:171
C777E9 $BF $F1 $77 $C7 LDA $C777F1,X [C777F7] = $6010  A:0010 X:0006 Y:0004 S:036C D:0000 DB:7E P:04 V:222 H:178
C777ED $8D $AD $98     STA $98AD [7E98AD] = $0010      A:6010 X:0006 Y:0004 S:036C D:0000 DB:7E P:04 V:222 H:187
C777F0 $6B             RTL                             A:6010 X:0006 Y:0004 S:036C D:0000 DB:7E P:04 V:222 H:196
CC9998 $6B             RTL                             A:6010 X:0006 Y:0004 S:036F D:0000 DB:7E P:04 V:222 H:206
CA43B0 $A9 $09 $00     LDA #$0009                      A:6010 X:0006 Y:0004 S:0372 D:0000 DB:7E P:04 V:222 H:217
CA43B3 $22 $3F $77 $C7 JSL $C7773F                     A:0009 X:0006 Y:0004 S:0372 D:0000 DB:7E P:04 V:222 H:221
C7773F $E2 $20         SEP #$20                        A:0009 X:0006 Y:0004 S:036F D:0000 DB:7E P:04 V:222 H:235
C77741 $EB             XBA                             A:0009 X:0006 Y:0004 S:036F D:0000 DB:7E P:24 V:222 H:239
C77742 $A9 $14         LDA #$14                        A:0900 X:0006 Y:0004 S:036F D:0000 DB:7E P:26 V:222 H:244
C77744 $22 $98 $10 $C0 JSL $C01098                     A:0914 X:0006 Y:0004 S:036F D:0000 DB:7E P:24 V:222 H:247
C01098 $08             PHP                             A:0914 X:0006 Y:0004 S:036C D:0000 DB:7E P:24 V:222 H:260
C01099 $78             SEI                             A:0914 X:0006 Y:0004 S:036B D:0000 DB:7E P:24 V:222 H:265
C0109A $E2 $20         SEP #$20                        A:0914 X:0006 Y:0004 S:036B D:0000 DB:7E P:24 V:222 H:268
C0109C $8F $02 $42 $00 STA $004202                     A:0914 X:0006 Y:0004 S:036B D:0000 DB:7E P:24 V:222 H:273
C010A0 $EB             XBA                             A:0914 X:0006 Y:0004 S:036B D:0000 DB:7E P:24 V:222 H:297
C010A1 $8F $03 $42 $00 STA $004203                     A:1409 X:0006 Y:0004 S:036B D:0000 DB:7E P:24 V:222 H:301
C010A5 $EA             NOP                             A:1409 X:0006 Y:0004 S:036B D:0000 DB:7E P:24 V:222 H:309
C010A6 $EA             NOP                             A:1409 X:0006 Y:0004 S:036B D:0000 DB:7E P:24 V:222 H:312
C010A7 $EA             NOP                             A:1409 X:0006 Y:0004 S:036B D:0000 DB:7E P:24 V:222 H:315
C010A8 $EA             NOP                             A:1409 X:0006 Y:0004 S:036B D:0000 DB:7E P:24 V:222 H:318
C010A9 $AF $17 $42 $00 LDA $004217                     A:1409 X:0006 Y:0004 S:036B D:0000 DB:7E P:24 V:222 H:321
C010AD $EB             XBA                             A:1400 X:0006 Y:0004 S:036B D:0000 DB:7E P:26 V:222 H:327
C010AE $AF $16 $42 $00 LDA $004216                     A:0014 X:0006 Y:0004 S:036B D:0000 DB:7E P:24 V:222 H:332
C010B2 $28             PLP                             A:00B4 X:0006 Y:0004 S:036B D:0000 DB:7E P:A4 V:222 H:339
C010B3 $6B             RTL                             A:00B4 X:0006 Y:0004 S:036C D:0000 DB:7E P:24 V:223 H:6  
C77748 $C2 $20         REP #$20                        A:00B4 X:0006 Y:0004 S:036F D:0000 DB:7E P:24 V:223 H:16 
C7774A $8D $6D $98     STA $986D [7E986D] = $0050      A:00B4 X:0006 Y:0004 S:036F D:0000 DB:7E P:04 V:223 H:21 
C7774D $6B             RTL                             A:00B4 X:0006 Y:0004 S:036F D:0000 DB:7E P:04 V:223 H:29 
CA43B7 $A9 $01 $00     LDA #$0001                      A:00B4 X:0006 Y:0004 S:0372 D:0000 DB:7E P:04 V:223 H:40 
CA43BA $A2 $00 $00     LDX #$0000                      A:0001 X:0006 Y:0004 S:0372 D:0000 DB:7E P:04 V:223 H:44 
CA43BD $22 $F9 $77 $C7 JSL $C777F9                     A:0001 X:0000 Y:0004 S:0372 D:0000 DB:7E P:06 V:223 H:49 
C777F9 $8D $AF $98     STA $98AF [7E98AF] = $0000      A:0001 X:0000 Y:0004 S:036F D:0000 DB:7E P:06 V:223 H:62 
C777FC $8E $B1 $98     STX $98B1 [7E98B1] = $0000      A:0001 X:0000 Y:0004 S:036F D:0000 DB:7E P:06 V:223 H:71 
C777FF $6B             RTL                             A:0001 X:0000 Y:0004 S:036F D:0000 DB:7E P:06 V:223 H:79 
CA43C1 $22 $6D $DE $CA JSL $CADE6D                     A:0001 X:0000 Y:0004 S:0372 D:0000 DB:7E P:06 V:223 H:90 
CADE6D $22 $08 $77 $C7 JSL $C77708                     A:0001 X:0000 Y:0004 S:036F D:0000 DB:7E P:06 V:223 H:103
C77708 $22 $CC $07 $C9 JSL $C907CC                     A:0001 X:0000 Y:0004 S:036C D:0000 DB:7E P:06 V:223 H:117
C907CC $08             PHP                             A:0001 X:0000 Y:0004 S:0369 D:0000 DB:7E P:06 V:223 H:130
C907CD $78             SEI                             A:0001 X:0000 Y:0004 S:0368 D:0000 DB:7E P:06 V:223 H:145
C907CE $C2 $30         REP #$30                        A:0001 X:0000 Y:0004 S:0368 D:0000 DB:7E P:06 V:223 H:148
C907D0 $48             PHA                             A:0001 X:0000 Y:0004 S:0368 D:0000 DB:7E P:06 V:223 H:153
C907D1 $8B             PHB                             A:0001 X:0000 Y:0004 S:0366 D:0000 DB:7E P:06 V:223 H:160
C907D2 $DA             PHX                             A:0001 X:0000 Y:0004 S:0365 D:0000 DB:7E P:06 V:223 H:165
C907D3 $5A             PHY                             A:0001 X:0000 Y:0004 S:0363 D:0000 DB:7E P:06 V:223 H:172
C907D4 $A3 $0A         LDA $0A,S [00036B] = $C777      A:0001 X:0000 Y:0004 S:0361 D:0000 DB:7E P:06 V:223 H:179
C907D6 $48             PHA                             A:C777 X:0000 Y:0004 S:0361 D:0000 DB:7E P:84 V:223 H:187
C907D7 $AB             PLB                             A:C777 X:0000 Y:0004 S:035F D:0000 DB:7E P:84 V:223 H:194
C907D8 $AB             PLB                             A:C777 X:0000 Y:0004 S:0360 D:0000 DB:77 P:04 V:223 H:201
C907D9 $A0 $04 $00     LDY #$0004                      A:C777 X:0000 Y:0004 S:0361 D:0000 DB:C7 P:84 V:223 H:207
C907DC $B3 $09         LDA ($09,S),Y [C7770F] = $0004  A:C777 X:0000 Y:0004 S:0361 D:0000 DB:C7 P:04 V:223 H:212
C907DE $49 $FF $FF     EOR #$FFFF                      A:0004 X:0000 Y:0004 S:0361 D:0000 DB:C7 P:04 V:223 H:225
C907E1 $85 $40         STA $40 [000040] = $0010        A:FFFB X:0000 Y:0004 S:0361 D:0000 DB:C7 P:84 V:223 H:229
C907E3 $C8             INY                             A:FFFB X:0000 Y:0004 S:0361 D:0000 DB:C7 P:84 V:223 H:236
C907E4 $B3 $09         LDA ($09,S),Y [C77710] = $0000  A:FFFB X:0000 Y:0005 S:0361 D:0000 DB:C7 P:04 V:223 H:239
C907E6 $49 $FF $FF     EOR #$FFFF                      A:0000 X:0000 Y:0005 S:0361 D:0000 DB:C7 P:06 V:223 H:252
C907E9 $85 $41         STA $41 [000041] = $00FF        A:FFFF X:0000 Y:0005 S:0361 D:0000 DB:C7 P:84 V:223 H:257
C907EB $A0 $01 $00     LDY #$0001                      A:FFFF X:0000 Y:0005 S:0361 D:0000 DB:C7 P:84 V:223 H:264
C907EE $B3 $09         LDA ($09,S),Y [C7770C] = $99C6  A:FFFF X:0000 Y:0001 S:0361 D:0000 DB:C7 P:04 V:223 H:268
C907F0 $AA             TAX                             A:99C6 X:0000 Y:0001 S:0361 D:0000 DB:C7 P:84 V:223 H:308
C907F1 $C8             INY                             A:99C6 X:99C6 Y:0001 S:0361 D:0000 DB:C7 P:84 V:223 H:311
C907F2 $B3 $09         LDA ($09,S),Y [C7770D] = $7E99  A:99C6 X:99C6 Y:0002 S:0361 D:0000 DB:C7 P:04 V:223 H:314
C907F4 $48             PHA                             A:7E99 X:99C6 Y:0002 S:0361 D:0000 DB:C7 P:04 V:223 H:327
C907F5 $AB             PLB                             A:7E99 X:99C6 Y:0002 S:035F D:0000 DB:C7 P:04 V:223 H:333
C907F6 $AB             PLB                             A:7E99 X:99C6 Y:0002 S:0360 D:0000 DB:99 P:84 V:224 H:0  
C907F7 $BD $00 $00     LDA $0000,X [7E99C6] = $0017    A:7E99 X:99C6 Y:0002 S:0361 D:0000 DB:7E P:04 V:224 H:6  
C907FA $25 $40         AND $40 [000040] = $FFFB        A:0017 X:99C6 Y:0002 S:0361 D:0000 DB:7E P:04 V:224 H:16 
C907FC $9D $00 $00     STA $0000,X [7E99C6] = $0017    A:0013 X:99C6 Y:0002 S:0361 D:0000 DB:7E P:04 V:224 H:23 
C907FF $BD $01 $00     LDA $0001,X [7E99C7] = $0000    A:0013 X:99C6 Y:0002 S:0361 D:0000 DB:7E P:04 V:224 H:33 
C90802 $25 $41         AND $41 [000041] = $FFFF        A:0000 X:99C6 Y:0002 S:0361 D:0000 DB:7E P:06 V:224 H:43 
C90804 $9D $01 $00     STA $0001,X [7E99C7] = $0000    A:0000 X:99C6 Y:0002 S:0361 D:0000 DB:7E P:06 V:224 H:50 
C90807 $A3 $09         LDA $09,S [00036A] = $770B      A:0000 X:99C6 Y:0002 S:0361 D:0000 DB:7E P:06 V:224 H:60 
C90809 $18             CLC                             A:770B X:99C6 Y:0002 S:0361 D:0000 DB:7E P:04 V:224 H:69 
C9080A $69 $06 $00     ADC #$0006                      A:770B X:99C6 Y:0002 S:0361 D:0000 DB:7E P:04 V:224 H:72 
C9080D $83 $09         STA $09,S [00036A] = $770B      A:7711 X:99C6 Y:0002 S:0361 D:0000 DB:7E P:04 V:224 H:76 
C9080F $7A             PLY                             A:7711 X:99C6 Y:0002 S:0361 D:0000 DB:7E P:04 V:224 H:85 
C90810 $FA             PLX                             A:7711 X:99C6 Y:0004 S:0363 D:0000 DB:7E P:04 V:224 H:93 
C90811 $AB             PLB                             A:7711 X:0000 Y:0004 S:0365 D:0000 DB:7E P:06 V:224 H:102
C90812 $68             PLA                             A:7711 X:0000 Y:0004 S:0366 D:0000 DB:7E P:04 V:224 H:108
C90813 $28             PLP                             A:0001 X:0000 Y:0004 S:0368 D:0000 DB:7E P:04 V:224 H:117
C90814 $6B             RTL                             A:0001 X:0000 Y:0004 S:0369 D:0000 DB:7E P:06 V:224 H:123
C77712 $6B             RTL                             A:0001 X:0000 Y:0004 S:036C D:0000 DB:7E P:06 V:224 H:134
CADE71 $6B             RTL                             A:0001 X:0000 Y:0004 S:036F D:0000 DB:7E P:06 V:224 H:154
CA43C5 $22 $43 $78 $C7 JSL $C77843                     A:0001 X:0000 Y:0004 S:0372 D:0000 DB:7E P:06 V:224 H:165
C77843 $20 $2C $79     JSR $792C [C7792C] = $20E2      A:0001 X:0000 Y:0004 S:036F D:0000 DB:7E P:06 V:224 H:178
C7792C $E2 $20         SEP #$20                        A:0001 X:0000 Y:0004 S:036D D:0000 DB:7E P:06 V:224 H:188
C7792E $A3 $05         LDA $05,S [000372] = $CA        A:0001 X:0000 Y:0004 S:036D D:0000 DB:7E P:26 V:224 H:193
C77930 $48             PHA                             A:00CA X:0000 Y:0004 S:036D D:0000 DB:7E P:A4 V:224 H:199
C77931 $AB             PLB                             A:00CA X:0000 Y:0004 S:036C D:0000 DB:7E P:A4 V:224 H:204
C77932 $A9 $5C         LDA #$5C                        A:00CA X:0000 Y:0004 S:036D D:0000 DB:CA P:A4 V:224 H:211
C77934 $85 $00         STA $00 [000000] = $3F          A:005C X:0000 Y:0004 S:036D D:0000 DB:CA P:24 V:224 H:214
C77936 $C2 $20         REP #$20                        A:005C X:0000 Y:0004 S:036D D:0000 DB:CA P:24 V:224 H:219
C77938 $A0 $01 $00     LDY #$0001                      A:005C X:0000 Y:0004 S:036D D:0000 DB:CA P:04 V:224 H:223
C7793B $B3 $03         LDA ($03,S),Y [CA43C9] = $8236  A:005C X:0000 Y:0001 S:036D D:0000 DB:CA P:04 V:224 H:228
C7793D $85 $01         STA $01 [000001] = $C805        A:8236 X:0000 Y:0001 S:036D D:0000 DB:CA P:84 V:224 H:241
C7793F $C8             INY                             A:8236 X:0000 Y:0001 S:036D D:0000 DB:CA P:84 V:224 H:248
C77940 $B3 $03         LDA ($03,S),Y [CA43CA] = $CA82  A:8236 X:0000 Y:0002 S:036D D:0000 DB:CA P:04 V:224 H:251
C77942 $85 $02         STA $02 [000002] = $0082        A:CA82 X:0000 Y:0002 S:036D D:0000 DB:CA P:84 V:224 H:264
C77944 $A3 $03         LDA $03,S [000370] = $43C8      A:CA82 X:0000 Y:0002 S:036D D:0000 DB:CA P:84 V:224 H:271
C77946 $1A             INC                             A:43C8 X:0000 Y:0002 S:036D D:0000 DB:CA P:04 V:224 H:283
C77947 $1A             INC                             A:43C9 X:0000 Y:0002 S:036D D:0000 DB:CA P:04 V:224 H:286
C77948 $1A             INC                             A:43CA X:0000 Y:0002 S:036D D:0000 DB:CA P:04 V:224 H:289
C77949 $83 $03         STA $03,S [000370] = $43C8      A:43CB X:0000 Y:0002 S:036D D:0000 DB:CA P:04 V:224 H:292
C7794B $F4 $7E $7E     PEA #$7E7E                      A:43CB X:0000 Y:0002 S:036D D:0000 DB:CA P:04 V:224 H:301
C7794E $AB             PLB                             A:43CB X:0000 Y:0002 S:036B D:0000 DB:CA P:04 V:224 H:309
C7794F $AB             PLB                             A:43CB X:0000 Y:0002 S:036C D:0000 DB:7E P:04 V:224 H:316
C77950 $60             RTS                             A:43CB X:0000 Y:0002 S:036D D:0000 DB:7E P:04 V:224 H:322
C77846 $A5 $00         LDA $00 [000000] = $365C        A:43CB X:0000 Y:0002 S:036F D:0000 DB:7E P:04 V:224 H:331
C77848 $8D $7F $98     STA $987F [7E987F] = $006B      A:365C X:0000 Y:0002 S:036F D:0000 DB:7E P:04 V:224 H:338
00FFA0 $5C $E0 $05 $C0 JMP $C005E0                     A:365C X:0000 Y:0002 S:036B D:0000 DB:7E P:04 V:225 H:22 
C005E0 $C2 $30         REP #$30                        A:365C X:0000 Y:0002 S:036B D:0000 DB:7E P:04 V:225 H:30 
C005E2 $8B             PHB                             A:365C X:0000 Y:0002 S:036B D:0000 DB:7E P:04 V:225 H:34 
C005E3 $0B             PHD                             A:365C X:0000 Y:0002 S:036A D:0000 DB:7E P:04 V:225 H:39 
C005E4 $48             PHA                             A:365C X:0000 Y:0002 S:0368 D:0000 DB:7E P:04 V:225 H:46 
C005E5 $DA             PHX                             A:365C X:0000 Y:0002 S:0366 D:0000 DB:7E P:04 V:225 H:53 
C005E6 $5A             PHY                             A:365C X:0000 Y:0002 S:0364 D:0000 DB:7E P:04 V:225 H:60 
C005E7 $A9 $00 $00     LDA #$0000                      A:365C X:0000 Y:0002 S:0362 D:0000 DB:7E P:04 V:225 H:67 
C005EA $5B             TCD                             A:0000 X:0000 Y:0002 S:0362 D:0000 DB:7E P:06 V:225 H:72 
C005EB $E2 $20         SEP #$20                        A:0000 X:0000 Y:0002 S:0362 D:0000 DB:7E P:06 V:225 H:75 
C005ED $A9 $7E         LDA #$7E                        A:0000 X:0000 Y:0002 S:0362 D:0000 DB:7E P:26 V:225 H:79 
C005EF $48             PHA                             A:007E X:0000 Y:0002 S:0362 D:0000 DB:7E P:24 V:225 H:82 
C005F0 $AB             PLB                             A:007E X:0000 Y:0002 S:0361 D:0000 DB:7E P:24 V:225 H:87 
C005F1 $AF $10 $42 $00 LDA $004210                     A:007E X:0000 Y:0002 S:0362 D:0000 DB:7E P:24 V:225 H:94 
C005F5 $AD $E4 $7F     LDA $7FE4 [7E7FE4] = $01        A:0082 X:0000 Y:0002 S:0362 D:0000 DB:7E P:A4 V:225 H:101
C005F8 $F0 $0D         BEQ $C00607                     A:0001 X:0000 Y:0002 S:0362 D:0000 DB:7E P:24 V:225 H:108
C005FA $AD $DE $7F     LDA $7FDE [7E7FDE] = $00        A:0001 X:0000 Y:0002 S:0362 D:0000 DB:7E P:24 V:225 H:111
C005FD $F0 $08         BEQ $C00607                     A:0000 X:0000 Y:0002 S:0362 D:0000 DB:7E P:26 V:225 H:117
C00607 $20 $E1 $06     JSR $06E1 [C006E1] = $AF        A:0000 X:0000 Y:0002 S:0362 D:0000 DB:7E P:26 V:225 H:122
C006E1 $AF $12 $42 $00 LDA $004212                     A:0000 X:0000 Y:0002 S:0360 D:0000 DB:7E P:26 V:225 H:132
C006E5 $4A             LSR                             A:0081 X:0000 Y:0002 S:0360 D:0000 DB:7E P:A4 V:225 H:149
C006E6 $B0 $F9         BCS $C006E1                     A:0040 X:0000 Y:0002 S:0360 D:0000 DB:7E P:25 V:225 H:152
C006E1 $AF $12 $42 $00 LDA $004212                     A:0040 X:0000 Y:0002 S:0360 D:0000 DB:7E P:25 V:225 H:157
C006E5 $4A             LSR                             A:0081 X:0000 Y:0002 S:0360 D:0000 DB:7E P:A5 V:225 H:164
C006E6 $B0 $F9         BCS $C006E1                     A:0040 X:0000 Y:0002 S:0360 D:0000 DB:7E P:25 V:225 H:167
C006E1 $AF $12 $42 $00 LDA $004212                     A:0040 X:0000 Y:0002 S:0360 D:0000 DB:7E P:25 V:225 H:172
C006E5 $4A             LSR                             A:0081 X:0000 Y:0002 S:0360 D:0000 DB:7E P:A5 V:225 H:179
C006E6 $B0 $F9         BCS $C006E1                     A:0040 X:0000 Y:0002 S:0360 D:0000 DB:7E P:25 V:225 H:182
C006E1 $AF $12 $42 $00 LDA $004212                     A:0040 X:0000 Y:0002 S:0360 D:0000 DB:7E P:25 V:225 H:187
C006E5 $4A             LSR                             A:0081 X:0000 Y:0002 S:0360 D:0000 DB:7E P:A5 V:225 H:194
C006E6 $B0 $F9         BCS $C006E1                     A:0040 X:0000 Y:0002 S:0360 D:0000 DB:7E P:25 V:225 H:197
C006E1 $AF $12 $42 $00 LDA $004212                     A:0040 X:0000 Y:0002 S:0360 D:0000 DB:7E P:25 V:225 H:202
C006E5 $4A             LSR                             A:0081 X:0000 Y:0002 S:0360 D:0000 DB:7E P:A5 V:225 H:209
C006E6 $B0 $F9         BCS $C006E1                     A:0040 X:0000 Y:0002 S:0360 D:0000 DB:7E P:25 V:225 H:212
C006E1 $AF $12 $42 $00 LDA $004212                     A:0040 X:0000 Y:0002 S:0360 D:0000 DB:7E P:25 V:225 H:217
C006E5 $4A             LSR                             A:0081 X:0000 Y:0002 S:0360 D:0000 DB:7E P:A5 V:225 H:224
C006E6 $B0 $F9         BCS $C006E1                     A:0040 X:0000 Y:0002 S:0360 D:0000 DB:7E P:25 V:225 H:227
C006E1 $AF $12 $42 $00 LDA $004212                     A:0040 X:0000 Y:0002 S:0360 D:0000 DB:7E P:25 V:225 H:232
C006E5 $4A             LSR                             A:0081 X:0000 Y:0002 S:0360 D:0000 DB:7E P:A5 V:225 H:239
C006E6 $B0 $F9         BCS $C006E1                     A:0040 X:0000 Y:0002 S:0360 D:0000 DB:7E P:25 V:225 H:242
C006E1 $AF $12 $42 $00 LDA $004212                     A:0040 X:0000 Y:0002 S:0360 D:0000 DB:7E P:25 V:225 H:247
C006E5 $4A             LSR                             A:0081 X:0000 Y:0002 S:0360 D:0000 DB:7E P:A5 V:225 H:254
C006E6 $B0 $F9         BCS $C006E1                     A:0040 X:0000 Y:0002 S:0360 D:0000 DB:7E P:25 V:225 H:257
C006E1 $AF $12 $42 $00 LDA $004212                     A:0040 X:0000 Y:0002 S:0360 D:0000 DB:7E P:25 V:225 H:262
C006E5 $4A             LSR                             A:0081 X:0000 Y:0002 S:0360 D:0000 DB:7E P:A5 V:225 H:269
C006E6 $B0 $F9         BCS $C006E1                     A:0040 X:0000 Y:0002 S:0360 D:0000 DB:7E P:25 V:225 H:272
C006E1 $AF $12 $42 $00 LDA $004212                     A:0040 X:0000 Y:0002 S:0360 D:0000 DB:7E P:25 V:225 H:277
C006E5 $4A             LSR                             A:00C1 X:0000 Y:0002 S:0360 D:0000 DB:7E P:A5 V:225 H:284
C006E6 $B0 $F9         BCS $C006E1                     A:0060 X:0000 Y:0002 S:0360 D:0000 DB:7E P:25 V:225 H:287
C006E1 $AF $12 $42 $00 LDA $004212                     A:0060 X:0000 Y:0002 S:0360 D:0000 DB:7E P:25 V:225 H:292
C006E5 $4A             LSR                             A:00C1 X:0000 Y:0002 S:0360 D:0000 DB:7E P:A5 V:225 H:299
C006E6 $B0 $F9         BCS $C006E1                     A:0060 X:0000 Y:0002 S:0360 D:0000 DB:7E P:25 V:225 H:302
C006E1 $AF $12 $42 $00 LDA $004212                     A:0060 X:0000 Y:0002 S:0360 D:0000 DB:7E P:25 V:225 H:307
C006E5 $4A             LSR                             A:00C1 X:0000 Y:0002 S:0360 D:0000 DB:7E P:A5 V:225 H:314
C006E6 $B0 $F9         BCS $C006E1                     A:0060 X:0000 Y:0002 S:0360 D:0000 DB:7E P:25 V:225 H:317
C006E1 $AF $12 $42 $00 LDA $004212                     A:0060 X:0000 Y:0002 S:0360 D:0000 DB:7E P:25 V:225 H:322
C006E5 $4A             LSR                             A:00C1 X:0000 Y:0002 S:0360 D:0000 DB:7E P:A5 V:225 H:328
C006E6 $B0 $F9         BCS $C006E1                     A:0060 X:0000 Y:0002 S:0360 D:0000 DB:7E P:25 V:225 H:331
C006E1 $AF $12 $42 $00 LDA $004212                     A:0060 X:0000 Y:0002 S:0360 D:0000 DB:7E P:25 V:225 H:336
C006E5 $4A             LSR                             A:0081 X:0000 Y:0002 S:0360 D:0000 DB:7E P:A5 V:226 H:3  
C006E6 $B0 $F9         BCS $C006E1                     A:0040 X:0000 Y:0002 S:0360 D:0000 DB:7E P:25 V:226 H:6  
C006E1 $AF $12 $42 $00 LDA $004212                     A:0040 X:0000 Y:0002 S:0360 D:0000 DB:7E P:25 V:226 H:11 
C006E5 $4A             LSR                             A:0081 X:0000 Y:0002 S:0360 D:0000 DB:7E P:A5 V:226 H:18 
C006E6 $B0 $F9         BCS $C006E1                     A:0040 X:0000 Y:0002 S:0360 D:0000 DB:7E P:25 V:226 H:21 
C006E1 $AF $12 $42 $00 LDA $004212                     A:0040 X:0000 Y:0002 S:0360 D:0000 DB:7E P:25 V:226 H:26 
C006E5 $4A             LSR                             A:0081 X:0000 Y:0002 S:0360 D:0000 DB:7E P:A5 V:226 H:33 
C006E6 $B0 $F9         BCS $C006E1                     A:0040 X:0000 Y:0002 S:0360 D:0000 DB:7E P:25 V:226 H:36 
C006E1 $AF $12 $42 $00 LDA $004212                     A:0040 X:0000 Y:0002 S:0360 D:0000 DB:7E P:25 V:226 H:41 
C006E5 $4A             LSR                             A:0081 X:0000 Y:0002 S:0360 D:0000 DB:7E P:A5 V:226 H:48 
C006E6 $B0 $F9         BCS $C006E1                     A:0040 X:0000 Y:0002 S:0360 D:0000 DB:7E P:25 V:226 H:51 
C006E1 $AF $12 $42 $00 LDA $004212                     A:0040 X:0000 Y:0002 S:0360 D:0000 DB:7E P:25 V:226 H:56 
C006E5 $4A             LSR                             A:0081 X:0000 Y:0002 S:0360 D:0000 DB:7E P:A5 V:226 H:63 
C006E6 $B0 $F9         BCS $C006E1                     A:0040 X:0000 Y:0002 S:0360 D:0000 DB:7E P:25 V:226 H:66 
C006E1 $AF $12 $42 $00 LDA $004212                     A:0040 X:0000 Y:0002 S:0360 D:0000 DB:7E P:25 V:226 H:71 
C006E5 $4A             LSR                             A:0081 X:0000 Y:0002 S:0360 D:0000 DB:7E P:A5 V:226 H:78 
C006E6 $B0 $F9         BCS $C006E1                     A:0040 X:0000 Y:0002 S:0360 D:0000 DB:7E P:25 V:226 H:81 
C006E1 $AF $12 $42 $00 LDA $004212                     A:0040 X:0000 Y:0002 S:0360 D:0000 DB:7E P:25 V:226 H:86 
C006E5 $4A             LSR                             A:0081 X:0000 Y:0002 S:0360 D:0000 DB:7E P:A5 V:226 H:93 
C006E6 $B0 $F9         BCS $C006E1                     A:0040 X:0000 Y:0002 S:0360 D:0000 DB:7E P:25 V:226 H:96 
C006E1 $AF $12 $42 $00 LDA $004212                     A:0040 X:0000 Y:0002 S:0360 D:0000 DB:7E P:25 V:226 H:101
C006E5 $4A             LSR                             A:0081 X:0000 Y:0002 S:0360 D:0000 DB:7E P:A5 V:226 H:108
C006E6 $B0 $F9         BCS $C006E1                     A:0040 X:0000 Y:0002 S:0360 D:0000 DB:7E P:25 V:226 H:111
C006E1 $AF $12 $42 $00 LDA $004212                     A:0040 X:0000 Y:0002 S:0360 D:0000 DB:7E P:25 V:226 H:116
C006E5 $4A             LSR                             A:0081 X:0000 Y:0002 S:0360 D:0000 DB:7E P:A5 V:226 H:123
C006E6 $B0 $F9         BCS $C006E1                     A:0040 X:0000 Y:0002 S:0360 D:0000 DB:7E P:25 V:226 H:126
C006E1 $AF $12 $42 $00 LDA $004212                     A:0040 X:0000 Y:0002 S:0360 D:0000 DB:7E P:25 V:226 H:131
C006E5 $4A             LSR                             A:0081 X:0000 Y:0002 S:0360 D:0000 DB:7E P:A5 V:226 H:148
C006E6 $B0 $F9         BCS $C006E1                     A:0040 X:0000 Y:0002 S:0360 D:0000 DB:7E P:25 V:226 H:151
C006E1 $AF $12 $42 $00 LDA $004212                     A:0040 X:0000 Y:0002 S:0360 D:0000 DB:7E P:25 V:226 H:156
C006E5 $4A             LSR                             A:0081 X:0000 Y:0002 S:0360 D:0000 DB:7E P:A5 V:226 H:163
C006E6 $B0 $F9         BCS $C006E1                     A:0040 X:0000 Y:0002 S:0360 D:0000 DB:7E P:25 V:226 H:166
C006E1 $AF $12 $42 $00 LDA $004212                     A:0040 X:0000 Y:0002 S:0360 D:0000 DB:7E P:25 V:226 H:171
C006E5 $4A             LSR                             A:0081 X:0000 Y:0002 S:0360 D:0000 DB:7E P:A5 V:226 H:178
C006E6 $B0 $F9         BCS $C006E1                     A:0040 X:0000 Y:0002 S:0360 D:0000 DB:7E P:25 V:226 H:181
C006E1 $AF $12 $42 $00 LDA $004212                     A:0040 X:0000 Y:0002 S:0360 D:0000 DB:7E P:25 V:226 H:186
C006E5 $4A             LSR                             A:0081 X:0000 Y:0002 S:0360 D:0000 DB:7E P:A5 V:226 H:193
C006E6 $B0 $F9         BCS $C006E1                     A:0040 X:0000 Y:0002 S:0360 D:0000 DB:7E P:25 V:226 H:196
C006E1 $AF $12 $42 $00 LDA $004212                     A:0040 X:0000 Y:0002 S:0360 D:0000 DB:7E P:25 V:226 H:201
C006E5 $4A             LSR                             A:0081 X:0000 Y:0002 S:0360 D:0000 DB:7E P:A5 V:226 H:208
C006E6 $B0 $F9         BCS $C006E1                     A:0040 X:0000 Y:0002 S:0360 D:0000 DB:7E P:25 V:226 H:211
C006E1 $AF $12 $42 $00 LDA $004212                     A:0040 X:0000 Y:0002 S:0360 D:0000 DB:7E P:25 V:226 H:216
C006E5 $4A             LSR                             A:0081 X:0000 Y:0002 S:0360 D:0000 DB:7E P:A5 V:226 H:223
C006E6 $B0 $F9         BCS $C006E1                     A:0040 X:0000 Y:0002 S:0360 D:0000 DB:7E P:25 V:226 H:226
C006E1 $AF $12 $42 $00 LDA $004212                     A:0040 X:0000 Y:0002 S:0360 D:0000 DB:7E P:25 V:226 H:231
C006E5 $4A             LSR                             A:0081 X:0000 Y:0002 S:0360 D:0000 DB:7E P:A5 V:226 H:238
C006E6 $B0 $F9         BCS $C006E1                     A:0040 X:0000 Y:0002 S:0360 D:0000 DB:7E P:25 V:226 H:241
C006E1 $AF $12 $42 $00 LDA $004212                     A:0040 X:0000 Y:0002 S:0360 D:0000 DB:7E P:25 V:226 H:246
C006E5 $4A             LSR                             A:0081 X:0000 Y:0002 S:0360 D:0000 DB:7E P:A5 V:226 H:253
C006E6 $B0 $F9         BCS $C006E1                     A:0040 X:0000 Y:0002 S:0360 D:0000 DB:7E P:25 V:226 H:256
C006E1 $AF $12 $42 $00 LDA $004212                     A:0040 X:0000 Y:0002 S:0360 D:0000 DB:7E P:25 V:226 H:261
C006E5 $4A             LSR                             A:0081 X:0000 Y:0002 S:0360 D:0000 DB:7E P:A5 V:226 H:268
C006E6 $B0 $F9         BCS $C006E1                     A:0040 X:0000 Y:0002 S:0360 D:0000 DB:7E P:25 V:226 H:271
C006E1 $AF $12 $42 $00 LDA $004212                     A:0040 X:0000 Y:0002 S:0360 D:0000 DB:7E P:25 V:226 H:276
C006E5 $4A             LSR                             A:00C1 X:0000 Y:0002 S:0360 D:0000 DB:7E P:A5 V:226 H:283
C006E6 $B0 $F9         BCS $C006E1                     A:0060 X:0000 Y:0002 S:0360 D:0000 DB:7E P:25 V:226 H:286
C006E1 $AF $12 $42 $00 LDA $004212                     A:0060 X:0000 Y:0002 S:0360 D:0000 DB:7E P:25 V:226 H:291
C006E5 $4A             LSR                             A:00C1 X:0000 Y:0002 S:0360 D:0000 DB:7E P:A5 V:226 H:298
C006E6 $B0 $F9         BCS $C006E1                     A:0060 X:0000 Y:0002 S:0360 D:0000 DB:7E P:25 V:226 H:301
C006E1 $AF $12 $42 $00 LDA $004212                     A:0060 X:0000 Y:0002 S:0360 D:0000 DB:7E P:25 V:226 H:306
C006E5 $4A             LSR                             A:00C1 X:0000 Y:0002 S:0360 D:0000 DB:7E P:A5 V:226 H:313
C006E6 $B0 $F9         BCS $C006E1                     A:0060 X:0000 Y:0002 S:0360 D:0000 DB:7E P:25 V:226 H:316
C006E1 $AF $12 $42 $00 LDA $004212                     A:0060 X:0000 Y:0002 S:0360 D:0000 DB:7E P:25 V:226 H:321
C006E5 $4A             LSR                             A:00C1 X:0000 Y:0002 S:0360 D:0000 DB:7E P:A5 V:226 H:327
C006E6 $B0 $F9         BCS $C006E1                     A:0060 X:0000 Y:0002 S:0360 D:0000 DB:7E P:25 V:226 H:330
C006E1 $AF $12 $42 $00 LDA $004212                     A:0060 X:0000 Y:0002 S:0360 D:0000 DB:7E P:25 V:226 H:335
C006E5 $4A             LSR                             A:0081 X:0000 Y:0002 S:0360 D:0000 DB:7E P:A5 V:227 H:2  
C006E6 $B0 $F9         BCS $C006E1                     A:0040 X:0000 Y:0002 S:0360 D:0000 DB:7E P:25 V:227 H:5  
C006E1 $AF $12 $42 $00 LDA $004212                     A:0040 X:0000 Y:0002 S:0360 D:0000 DB:7E P:25 V:227 H:10 
C006E5 $4A             LSR                             A:0081 X:0000 Y:0002 S:0360 D:0000 DB:7E P:A5 V:227 H:17 
C006E6 $B0 $F9         BCS $C006E1                     A:0040 X:0000 Y:0002 S:0360 D:0000 DB:7E P:25 V:227 H:20 
C006E1 $AF $12 $42 $00 LDA $004212                     A:0040 X:0000 Y:0002 S:0360 D:0000 DB:7E P:25 V:227 H:25 
C006E5 $4A             LSR                             A:0081 X:0000 Y:0002 S:0360 D:0000 DB:7E P:A5 V:227 H:32 
C006E6 $B0 $F9         BCS $C006E1                     A:0040 X:0000 Y:0002 S:0360 D:0000 DB:7E P:25 V:227 H:35 
C006E1 $AF $12 $42 $00 LDA $004212                     A:0040 X:0000 Y:0002 S:0360 D:0000 DB:7E P:25 V:227 H:40 
C006E5 $4A             LSR                             A:0081 X:0000 Y:0002 S:0360 D:0000 DB:7E P:A5 V:227 H:47 
C006E6 $B0 $F9         BCS $C006E1                     A:0040 X:0000 Y:0002 S:0360 D:0000 DB:7E P:25 V:227 H:50 
C006E1 $AF $12 $42 $00 LDA $004212                     A:0040 X:0000 Y:0002 S:0360 D:0000 DB:7E P:25 V:227 H:55 
C006E5 $4A             LSR                             A:0081 X:0000 Y:0002 S:0360 D:0000 DB:7E P:A5 V:227 H:62 
C006E6 $B0 $F9         BCS $C006E1                     A:0040 X:0000 Y:0002 S:0360 D:0000 DB:7E P:25 V:227 H:65 
C006E1 $AF $12 $42 $00 LDA $004212                     A:0040 X:0000 Y:0002 S:0360 D:0000 DB:7E P:25 V:227 H:70 
C006E5 $4A             LSR                             A:0081 X:0000 Y:0002 S:0360 D:0000 DB:7E P:A5 V:227 H:77 
C006E6 $B0 $F9         BCS $C006E1                     A:0040 X:0000 Y:0002 S:0360 D:0000 DB:7E P:25 V:227 H:80 
C006E1 $AF $12 $42 $00 LDA $004212                     A:0040 X:0000 Y:0002 S:0360 D:0000 DB:7E P:25 V:227 H:85 
C006E5 $4A             LSR                             A:0081 X:0000 Y:0002 S:0360 D:0000 DB:7E P:A5 V:227 H:92 
C006E6 $B0 $F9         BCS $C006E1                     A:0040 X:0000 Y:0002 S:0360 D:0000 DB:7E P:25 V:227 H:95 
C006E1 $AF $12 $42 $00 LDA $004212                     A:0040 X:0000 Y:0002 S:0360 D:0000 DB:7E P:25 V:227 H:100
C006E5 $4A             LSR                             A:0081 X:0000 Y:0002 S:0360 D:0000 DB:7E P:A5 V:227 H:107
C006E6 $B0 $F9         BCS $C006E1                     A:0040 X:0000 Y:0002 S:0360 D:0000 DB:7E P:25 V:227 H:110
C006E1 $AF $12 $42 $00 LDA $004212                     A:0040 X:0000 Y:0002 S:0360 D:0000 DB:7E P:25 V:227 H:115
C006E5 $4A             LSR                             A:0081 X:0000 Y:0002 S:0360 D:0000 DB:7E P:A5 V:227 H:122
C006E6 $B0 $F9         BCS $C006E1                     A:0040 X:0000 Y:0002 S:0360 D:0000 DB:7E P:25 V:227 H:125
C006E1 $AF $12 $42 $00 LDA $004212                     A:0040 X:0000 Y:0002 S:0360 D:0000 DB:7E P:25 V:227 H:130
C006E5 $4A             LSR                             A:0081 X:0000 Y:0002 S:0360 D:0000 DB:7E P:A5 V:227 H:147
C006E6 $B0 $F9         BCS $C006E1                     A:0040 X:0000 Y:0002 S:0360 D:0000 DB:7E P:25 V:227 H:150
C006E1 $AF $12 $42 $00 LDA $004212                     A:0040 X:0000 Y:0002 S:0360 D:0000 DB:7E P:25 V:227 H:155
C006E5 $4A             LSR                             A:0081 X:0000 Y:0002 S:0360 D:0000 DB:7E P:A5 V:227 H:162
C006E6 $B0 $F9         BCS $C006E1                     A:0040 X:0000 Y:0002 S:0360 D:0000 DB:7E P:25 V:227 H:165
C006E1 $AF $12 $42 $00 LDA $004212                     A:0040 X:0000 Y:0002 S:0360 D:0000 DB:7E P:25 V:227 H:170
C006E5 $4A             LSR                             A:0081 X:0000 Y:0002 S:0360 D:0000 DB:7E P:A5 V:227 H:177
C006E6 $B0 $F9         BCS $C006E1                     A:0040 X:0000 Y:0002 S:0360 D:0000 DB:7E P:25 V:227 H:180
C006E1 $AF $12 $42 $00 LDA $004212                     A:0040 X:0000 Y:0002 S:0360 D:0000 DB:7E P:25 V:227 H:185
C006E5 $4A             LSR                             A:0081 X:0000 Y:0002 S:0360 D:0000 DB:7E P:A5 V:227 H:192
C006E6 $B0 $F9         BCS $C006E1                     A:0040 X:0000 Y:0002 S:0360 D:0000 DB:7E P:25 V:227 H:195
C006E1 $AF $12 $42 $00 LDA $004212                     A:0040 X:0000 Y:0002 S:0360 D:0000 DB:7E P:25 V:227 H:200
C006E5 $4A             LSR                             A:0081 X:0000 Y:0002 S:0360 D:0000 DB:7E P:A5 V:227 H:207
C006E6 $B0 $F9         BCS $C006E1                     A:0040 X:0000 Y:0002 S:0360 D:0000 DB:7E P:25 V:227 H:210
C006E1 $AF $12 $42 $00 LDA $004212                     A:0040 X:0000 Y:0002 S:0360 D:0000 DB:7E P:25 V:227 H:215
C006E5 $4A             LSR                             A:0081 X:0000 Y:0002 S:0360 D:0000 DB:7E P:A5 V:227 H:222
C006E6 $B0 $F9         BCS $C006E1                     A:0040 X:0000 Y:0002 S:0360 D:0000 DB:7E P:25 V:227 H:225
C006E1 $AF $12 $42 $00 LDA $004212                     A:0040 X:0000 Y:0002 S:0360 D:0000 DB:7E P:25 V:227 H:230
C006E5 $4A             LSR                             A:0081 X:0000 Y:0002 S:0360 D:0000 DB:7E P:A5 V:227 H:237
C006E6 $B0 $F9         BCS $C006E1                     A:0040 X:0000 Y:0002 S:0360 D:0000 DB:7E P:25 V:227 H:240
C006E1 $AF $12 $42 $00 LDA $004212                     A:0040 X:0000 Y:0002 S:0360 D:0000 DB:7E P:25 V:227 H:245
C006E5 $4A             LSR                             A:0081 X:0000 Y:0002 S:0360 D:0000 DB:7E P:A5 V:227 H:252
C006E6 $B0 $F9         BCS $C006E1                     A:0040 X:0000 Y:0002 S:0360 D:0000 DB:7E P:25 V:227 H:255
C006E1 $AF $12 $42 $00 LDA $004212                     A:0040 X:0000 Y:0002 S:0360 D:0000 DB:7E P:25 V:227 H:260
C006E5 $4A             LSR                             A:0081 X:0000 Y:0002 S:0360 D:0000 DB:7E P:A5 V:227 H:267
C006E6 $B0 $F9         BCS $C006E1                     A:0040 X:0000 Y:0002 S:0360 D:0000 DB:7E P:25 V:227 H:270
C006E1 $AF $12 $42 $00 LDA $004212                     A:0040 X:0000 Y:0002 S:0360 D:0000 DB:7E P:25 V:227 H:275
C006E5 $4A             LSR                             A:00C1 X:0000 Y:0002 S:0360 D:0000 DB:7E P:A5 V:227 H:282
C006E6 $B0 $F9         BCS $C006E1                     A:0060 X:0000 Y:0002 S:0360 D:0000 DB:7E P:25 V:227 H:285
C006E1 $AF $12 $42 $00 LDA $004212                     A:0060 X:0000 Y:0002 S:0360 D:0000 DB:7E P:25 V:227 H:290
C006E5 $4A             LSR                             A:00C1 X:0000 Y:0002 S:0360 D:0000 DB:7E P:A5 V:227 H:297
C006E6 $B0 $F9         BCS $C006E1                     A:0060 X:0000 Y:0002 S:0360 D:0000 DB:7E P:25 V:227 H:300
C006E1 $AF $12 $42 $00 LDA $004212                     A:0060 X:0000 Y:0002 S:0360 D:0000 DB:7E P:25 V:227 H:305
C006E5 $4A             LSR                             A:00C1 X:0000 Y:0002 S:0360 D:0000 DB:7E P:A5 V:227 H:312
C006E6 $B0 $F9         BCS $C006E1                     A:0060 X:0000 Y:0002 S:0360 D:0000 DB:7E P:25 V:227 H:315
C006E1 $AF $12 $42 $00 LDA $004212                     A:0060 X:0000 Y:0002 S:0360 D:0000 DB:7E P:25 V:227 H:320
C006E5 $4A             LSR                             A:00C1 X:0000 Y:0002 S:0360 D:0000 DB:7E P:A5 V:227 H:327
C006E6 $B0 $F9         BCS $C006E1                     A:0060 X:0000 Y:0002 S:0360 D:0000 DB:7E P:25 V:227 H:329
C006E1 $AF $12 $42 $00 LDA $004212                     A:0060 X:0000 Y:0002 S:0360 D:0000 DB:7E P:25 V:227 H:334
C006E5 $4A             LSR                             A:00C0 X:0000 Y:0002 S:0360 D:0000 DB:7E P:A5 V:228 H:1  
C006E6 $B0 $F9         BCS $C006E1                     A:0060 X:0000 Y:0002 S:0360 D:0000 DB:7E P:24 V:228 H:4  
C006E8 $AF $18 $42 $00 LDA $004218                     A:0060 X:0000 Y:0002 S:0360 D:0000 DB:7E P:24 V:228 H:7  
C006EC $8D $F8 $7F     STA $7FF8 [7E7FF8] = $00        A:0000 X:0000 Y:0002 S:0360 D:0000 DB:7E P:26 V:228 H:15 
C006EF $AF $19 $42 $00 LDA $004219                     A:0000 X:0000 Y:0002 S:0360 D:0000 DB:7E P:26 V:228 H:21 
C006F3 $8D $F9 $7F     STA $7FF9 [7E7FF9] = $00        A:0000 X:0000 Y:0002 S:0360 D:0000 DB:7E P:26 V:228 H:29 
C006F6 $AF $16 $40 $00 LDA $004016                     A:0000 X:0000 Y:0002 S:0360 D:0000 DB:7E P:26 V:228 H:35 
C006FA $4A             LSR                             A:0001 X:0000 Y:0002 S:0360 D:0000 DB:7E P:24 V:228 H:44 
C006FB $B0 $06         BCS $C00703                     A:0000 X:0000 Y:0002 S:0360 D:0000 DB:7E P:27 V:228 H:47 
C00703 $60             RTS                             A:0000 X:0000 Y:0002 S:0360 D:0000 DB:7E P:27 V:228 H:52 
C0060A $20 $A1 $06     JSR $06A1 [C006A1] = $AD        A:0000 X:0000 Y:0002 S:0362 D:0000 DB:7E P:27 V:228 H:62 
C006A1 $AD $7E $7F     LDA $7F7E [7E7F7E] = $00        A:0000 X:0000 Y:0002 S:0360 D:0000 DB:7E P:27 V:228 H:72 
C006A4 $D0 $37         BNE $C006DD                     A:0000 X:0000 Y:0002 S:0360 D:0000 DB:7E P:27 V:228 H:78 
C006A6 $C2 $20         REP #$20                        A:0000 X:0000 Y:0002 S:0360 D:0000 DB:7E P:27 V:228 H:81 
C006A8 $AD $7A $7F     LDA $7F7A [7E7F7A] = $5928      A:0000 X:0000 Y:0002 S:0360 D:0000 DB:7E P:07 V:228 H:86 
C006AB $0A             ASL                             A:5928 X:0000 Y:0002 S:0360 D:0000 DB:7E P:05 V:228 H:94 
C006AC $0A             ASL                             A:B250 X:0000 Y:0002 S:0360 D:0000 DB:7E P:84 V:228 H:97 
C006AD $4D $7C $7F     EOR $7F7C [7E7F7C] = $1886      A:64A0 X:0000 Y:0002 S:0360 D:0000 DB:7E P:05 V:228 H:100
C006B0 $0A             ASL                             A:7C26 X:0000 Y:0002 S:0360 D:0000 DB:7E P:05 V:228 H:109
C006B1 $29 $00 $FF     AND #$FF00                      A:F84C X:0000 Y:0002 S:0360 D:0000 DB:7E P:84 V:228 H:112
C006B4 $EB             XBA                             A:F800 X:0000 Y:0002 S:0360 D:0000 DB:7E P:84 V:228 H:116
C006B5 $E2 $20         SEP #$20                        A:00F8 X:0000 Y:0002 S:0360 D:0000 DB:7E P:84 V:228 H:121
C006B7 $48             PHA                             A:00F8 X:0000 Y:0002 S:0360 D:0000 DB:7E P:A4 V:228 H:125
C006B8 $AD $7C $7F     LDA $7F7C [7E7F7C] = $86        A:00F8 X:0000 Y:0002 S:035F D:0000 DB:7E P:A4 V:228 H:130
C006BB $8D $7D $7F     STA $7F7D [7E7F7D] = $18        A:0086 X:0000 Y:0002 S:035F D:0000 DB:7E P:A4 V:228 H:147
C006BE $AD $7B $7F     LDA $7F7B [7E7F7B] = $59        A:0086 X:0000 Y:0002 S:035F D:0000 DB:7E P:A4 V:228 H:153
C006C1 $8D $7C $7F     STA $7F7C [7E7F7C] = $86        A:0059 X:0000 Y:0002 S:035F D:0000 DB:7E P:24 V:228 H:160
C006C4 $AD $7A $7F     LDA $7F7A [7E7F7A] = $28        A:0059 X:0000 Y:0002 S:035F D:0000 DB:7E P:24 V:228 H:166
C006C7 $8D $7B $7F     STA $7F7B [7E7F7B] = $59        A:0028 X:0000 Y:0002 S:035F D:0000 DB:7E P:24 V:228 H:173
C006CA $68             PLA                             A:0028 X:0000 Y:0002 S:035F D:0000 DB:7E P:24 V:228 H:179
C006CB $8D $7A $7F     STA $7F7A [7E7F7A] = $28        A:00F8 X:0000 Y:0002 S:0360 D:0000 DB:7E P:A4 V:228 H:186
C006CE $AD $7A $7F     LDA $7F7A [7E7F7A] = $F8        A:00F8 X:0000 Y:0002 S:0360 D:0000 DB:7E P:A4 V:228 H:192
C006D1 $0D $7B $7F     ORA $7F7B [7E7F7B] = $28        A:00F8 X:0000 Y:0002 S:0360 D:0000 DB:7E P:A4 V:228 H:199
C006D4 $0D $7C $7F     ORA $7F7C [7E7F7C] = $59        A:00F8 X:0000 Y:0002 S:0360 D:0000 DB:7E P:A4 V:228 H:205
C006D7 $0D $7D $7F     ORA $7F7D [7E7F7D] = $86        A:00F9 X:0000 Y:0002 S:0360 D:0000 DB:7E P:A4 V:228 H:212
C006DA $F0 $03         BEQ $C006DF                     A:00FF X:0000 Y:0002 S:0360 D:0000 DB:7E P:A4 V:228 H:218
C006DC $60             RTS                             A:00FF X:0000 Y:0002 S:0360 D:0000 DB:7E P:A4 V:228 H:221
C0060D $AD $F6 $7F     LDA $7FF6 [7E7FF6] = $00        A:00FF X:0000 Y:0002 S:0362 D:0000 DB:7E P:A4 V:228 H:231
C00610 $F0 $03         BEQ $C00615                     A:0000 X:0000 Y:0002 S:0362 D:0000 DB:7E P:26 V:228 H:238
C00615 $C2 $30         REP #$30                        A:0000 X:0000 Y:0002 S:0362 D:0000 DB:7E P:26 V:228 H:242
C00617 $7A             PLY                             A:0000 X:0000 Y:0002 S:0362 D:0000 DB:7E P:06 V:228 H:247
C00618 $FA             PLX                             A:0000 X:0000 Y:0002 S:0364 D:0000 DB:7E P:04 V:228 H:255
C00619 $68             PLA                             A:0000 X:0000 Y:0002 S:0366 D:0000 DB:7E P:06 V:228 H:264
C0061A $2B             PLD                             A:365C X:0000 Y:0002 S:0368 D:0000 DB:7E P:04 V:228 H:272
C0061B $AB             PLB                             A:365C X:0000 Y:0002 S:036A D:0000 DB:7E P:06 V:228 H:281
C0061C $40             RTI                             A:365C X:0000 Y:0002 S:036B D:0000 DB:7E P:04 V:228 H:287
C7784B $A5 $02         LDA $02 [000002] = $CA82        A:365C X:0000 Y:0002 S:036F D:0000 DB:7E P:04 V:228 H:300
C7784D $8D $81 $98     STA $9881 [7E9881] = $CA98      A:CA82 X:0000 Y:0002 S:036F D:0000 DB:7E P:84 V:228 H:307
C77850 $6B             RTL                             A:CA82 X:0000 Y:0002 S:036F D:0000 DB:7E P:84 V:228 H:315
CA43CC $22 $7B $78 $C7 JSL $C7787B                     A:CA82 X:0000 Y:0002 S:0372 D:0000 DB:7E P:84 V:228 H:325
C7787B $20 $2C $79     JSR $792C [C7792C] = $20E2      A:CA82 X:0000 Y:0002 S:036F D:0000 DB:7E P:84 V:228 H:338
C7792C $E2 $20         SEP #$20                        A:CA82 X:0000 Y:0002 S:036D D:0000 DB:7E P:84 V:229 H:8  
C7792E $A3 $05         LDA $05,S [000372] = $CA        A:CA82 X:0000 Y:0002 S:036D D:0000 DB:7E P:A4 V:229 H:13 
C77930 $48             PHA                             A:CACA X:0000 Y:0002 S:036D D:0000 DB:7E P:A4 V:229 H:19 
C77931 $AB             PLB                             A:CACA X:0000 Y:0002 S:036C D:0000 DB:7E P:A4 V:229 H:24 
C77932 $A9 $5C         LDA #$5C                        A:CACA X:0000 Y:0002 S:036D D:0000 DB:CA P:A4 V:229 H:31 
C77934 $85 $00         STA $00 [000000] = $5C          A:CA5C X:0000 Y:0002 S:036D D:0000 DB:CA P:24 V:229 H:34 
C77936 $C2 $20         REP #$20                        A:CA5C X:0000 Y:0002 S:036D D:0000 DB:CA P:24 V:229 H:39 
C77938 $A0 $01 $00     LDY #$0001                      A:CA5C X:0000 Y:0002 S:036D D:0000 DB:CA P:04 V:229 H:43 
C7793B $B3 $03         LDA ($03,S),Y [CA43D0] = $D6CE  A:CA5C X:0000 Y:0001 S:036D D:0000 DB:CA P:04 V:229 H:48 
C7793D $85 $01         STA $01 [000001] = $8236        A:D6CE X:0000 Y:0001 S:036D D:0000 DB:CA P:84 V:229 H:61 
C7793F $C8             INY                             A:D6CE X:0000 Y:0001 S:036D D:0000 DB:CA P:84 V:229 H:68 
C77940 $B3 $03         LDA ($03,S),Y [CA43D1] = $CAD6  A:D6CE X:0000 Y:0002 S:036D D:0000 DB:CA P:04 V:229 H:71 
C77942 $85 $02         STA $02 [000002] = $CAD6        A:CAD6 X:0000 Y:0002 S:036D D:0000 DB:CA P:84 V:229 H:84 
C77944 $A3 $03         LDA $03,S [000370] = $43CF      A:CAD6 X:0000 Y:0002 S:036D D:0000 DB:CA P:84 V:229 H:91 
C77946 $1A             INC                             A:43CF X:0000 Y:0002 S:036D D:0000 DB:CA P:04 V:229 H:99 
C77947 $1A             INC                             A:43D0 X:0000 Y:0002 S:036D D:0000 DB:CA P:04 V:229 H:102
C77948 $1A             INC                             A:43D1 X:0000 Y:0002 S:036D D:0000 DB:CA P:04 V:229 H:105
C77949 $83 $03         STA $03,S [000370] = $43CF      A:43D2 X:0000 Y:0002 S:036D D:0000 DB:CA P:04 V:229 H:108
C7794B $F4 $7E $7E     PEA #$7E7E                      A:43D2 X:0000 Y:0002 S:036D D:0000 DB:CA P:04 V:229 H:117
C7794E $AB             PLB                             A:43D2 X:0000 Y:0002 S:036B D:0000 DB:CA P:04 V:229 H:125
C7794F $AB             PLB                             A:43D2 X:0000 Y:0002 S:036C D:0000 DB:7E P:04 V:229 H:132
C77950 $60             RTS                             A:43D2 X:0000 Y:0002 S:036D D:0000 DB:7E P:04 V:229 H:148
C7787E $A5 $00         LDA $00 [000000] = $CE5C        A:43D2 X:0000 Y:0002 S:036F D:0000 DB:7E P:04 V:229 H:158
C77880 $8D $93 $98     STA $9893 [7E9893] = $006B      A:CE5C X:0000 Y:0002 S:036F D:0000 DB:7E P:84 V:229 H:165
C77883 $A5 $02         LDA $02 [000002] = $CAD6        A:CE5C X:0000 Y:0002 S:036F D:0000 DB:7E P:84 V:229 H:174
C77885 $8D $95 $98     STA $9895 [7E9895] = $CDE3      A:CAD6 X:0000 Y:0002 S:036F D:0000 DB:7E P:84 V:229 H:181
C77888 $6B             RTL                             A:CAD6 X:0000 Y:0002 S:036F D:0000 DB:7E P:84 V:229 H:189
CA43D3 $22 $89 $78 $C7 JSL $C77889                     A:CAD6 X:0000 Y:0002 S:0372 D:0000 DB:7E P:84 V:229 H:200
C77889 $20 $2C $79     JSR $792C [C7792C] = $20E2      A:CAD6 X:0000 Y:0002 S:036F D:0000 DB:7E P:84 V:229 H:213
C7792C $E2 $20         SEP #$20                        A:CAD6 X:0000 Y:0002 S:036D D:0000 DB:7E P:84 V:229 H:223
C7792E $A3 $05         LDA $05,S [000372] = $CA        A:CAD6 X:0000 Y:0002 S:036D D:0000 DB:7E P:A4 V:229 H:228
C77930 $48             PHA                             A:CACA X:0000 Y:0002 S:036D D:0000 DB:7E P:A4 V:229 H:234
C77931 $AB             PLB                             A:CACA X:0000 Y:0002 S:036C D:0000 DB:7E P:A4 V:229 H:239
C77932 $A9 $5C         LDA #$5C                        A:CACA X:0000 Y:0002 S:036D D:0000 DB:CA P:A4 V:229 H:246
C77934 $85 $00         STA $00 [000000] = $5C          A:CA5C X:0000 Y:0002 S:036D D:0000 DB:CA P:24 V:229 H:249
C77936 $C2 $20         REP #$20                        A:CA5C X:0000 Y:0002 S:036D D:0000 DB:CA P:24 V:229 H:254
C77938 $A0 $01 $00     LDY #$0001                      A:CA5C X:0000 Y:0002 S:036D D:0000 DB:CA P:04 V:229 H:258
C7793B $B3 $03         LDA ($03,S),Y [CA43D7] = $E100  A:CA5C X:0000 Y:0001 S:036D D:0000 DB:CA P:04 V:229 H:263
C7793D $85 $01         STA $01 [000001] = $D6CE        A:E100 X:0000 Y:0001 S:036D D:0000 DB:CA P:84 V:229 H:276
C7793F $C8             INY                             A:E100 X:0000 Y:0001 S:036D D:0000 DB:CA P:84 V:229 H:283
C77940 $B3 $03         LDA ($03,S),Y [CA43D8] = $CAE1  A:E100 X:0000 Y:0002 S:036D D:0000 DB:CA P:04 V:229 H:286
C77942 $85 $02         STA $02 [000002] = $CAE1        A:CAE1 X:0000 Y:0002 S:036D D:0000 DB:CA P:84 V:229 H:299
C77944 $A3 $03         LDA $03,S [000370] = $43D6      A:CAE1 X:0000 Y:0002 S:036D D:0000 DB:CA P:84 V:229 H:306
C77946 $1A             INC                             A:43D6 X:0000 Y:0002 S:036D D:0000 DB:CA P:04 V:229 H:314
C77947 $1A             INC                             A:43D7 X:0000 Y:0002 S:036D D:0000 DB:CA P:04 V:229 H:317
C77948 $1A             INC                             A:43D8 X:0000 Y:0002 S:036D D:0000 DB:CA P:04 V:229 H:320
C77949 $83 $03         STA $03,S [000370] = $43D6      A:43D9 X:0000 Y:0002 S:036D D:0000 DB:CA P:04 V:229 H:323
C7794B $F4 $7E $7E     PEA #$7E7E                      A:43D9 X:0000 Y:0002 S:036D D:0000 DB:CA P:04 V:229 H:331
C7794E $AB             PLB                             A:43D9 X:0000 Y:0002 S:036B D:0000 DB:CA P:04 V:229 H:339
C7794F $AB             PLB                             A:43D9 X:0000 Y:0002 S:036C D:0000 DB:7E P:04 V:230 H:6  
C77950 $60             RTS                             A:43D9 X:0000 Y:0002 S:036D D:0000 DB:7E P:04 V:230 H:12 
C7788C $A5 $00         LDA $00 [000000] = $005C        A:43D9 X:0000 Y:0002 S:036F D:0000 DB:7E P:04 V:230 H:22 
C7788E $8D $97 $98     STA $9897 [7E9897] = $006B      A:005C X:0000 Y:0002 S:036F D:0000 DB:7E P:04 V:230 H:29 
C77891 $A5 $02         LDA $02 [000002] = $CAE1        A:005C X:0000 Y:0002 S:036F D:0000 DB:7E P:04 V:230 H:38 
C77893 $8D $99 $98     STA $9899 [7E9899] = $CAE3      A:CAE1 X:0000 Y:0002 S:036F D:0000 DB:7E P:84 V:230 H:45 
C77896 $6B             RTL                             A:CAE1 X:0000 Y:0002 S:036F D:0000 DB:7E P:84 V:230 H:53 
CA43DA $22 $5F $78 $C7 JSL $C7785F                     A:CAE1 X:0000 Y:0002 S:0372 D:0000 DB:7E P:84 V:230 H:64 
C7785F $20 $2C $79     JSR $792C [C7792C] = $20E2      A:CAE1 X:0000 Y:0002 S:036F D:0000 DB:7E P:84 V:230 H:77 
C7792C $E2 $20         SEP #$20                        A:CAE1 X:0000 Y:0002 S:036D D:0000 DB:7E P:84 V:230 H:87 
C7792E $A3 $05         LDA $05,S [000372] = $CA        A:CAE1 X:0000 Y:0002 S:036D D:0000 DB:7E P:A4 V:230 H:92 
C77930 $48             PHA                             A:CACA X:0000 Y:0002 S:036D D:0000 DB:7E P:A4 V:230 H:98 
C77931 $AB             PLB                             A:CACA X:0000 Y:0002 S:036C D:0000 DB:7E P:A4 V:230 H:103
C77932 $A9 $5C         LDA #$5C                        A:CACA X:0000 Y:0002 S:036D D:0000 DB:CA P:A4 V:230 H:110
C77934 $85 $00         STA $00 [000000] = $5C          A:CA5C X:0000 Y:0002 S:036D D:0000 DB:CA P:24 V:230 H:113
C77936 $C2 $20         REP #$20                        A:CA5C X:0000 Y:0002 S:036D D:0000 DB:CA P:24 V:230 H:118
C77938 $A0 $01 $00     LDY #$0001                      A:CA5C X:0000 Y:0002 S:036D D:0000 DB:CA P:04 V:230 H:122
C7793B $B3 $03         LDA ($03,S),Y [CA43DE] = $E1FF  A:CA5C X:0000 Y:0001 S:036D D:0000 DB:CA P:04 V:230 H:127
C7793D $85 $01         STA $01 [000001] = $E100        A:E1FF X:0000 Y:0001 S:036D D:0000 DB:CA P:84 V:230 H:150
C7793F $C8             INY                             A:E1FF X:0000 Y:0001 S:036D D:0000 DB:CA P:84 V:230 H:157
C77940 $B3 $03         LDA ($03,S),Y [CA43DF] = $CCE1  A:E1FF X:0000 Y:0002 S:036D D:0000 DB:CA P:04 V:230 H:160
C77942 $85 $02         STA $02 [000002] = $CAE1        A:CCE1 X:0000 Y:0002 S:036D D:0000 DB:CA P:84 V:230 H:173
C77944 $A3 $03         LDA $03,S [000370] = $43DD      A:CCE1 X:0000 Y:0002 S:036D D:0000 DB:CA P:84 V:230 H:180
C77946 $1A             INC                             A:43DD X:0000 Y:0002 S:036D D:0000 DB:CA P:04 V:230 H:188
C77947 $1A             INC                             A:43DE X:0000 Y:0002 S:036D D:0000 DB:CA P:04 V:230 H:191
C77948 $1A             INC                             A:43DF X:0000 Y:0002 S:036D D:0000 DB:CA P:04 V:230 H:194
C77949 $83 $03         STA $03,S [000370] = $43DD      A:43E0 X:0000 Y:0002 S:036D D:0000 DB:CA P:04 V:230 H:197
C7794B $F4 $7E $7E     PEA #$7E7E                      A:43E0 X:0000 Y:0002 S:036D D:0000 DB:CA P:04 V:230 H:206
C7794E $AB             PLB                             A:43E0 X:0000 Y:0002 S:036B D:0000 DB:CA P:04 V:230 H:214
C7794F $AB             PLB                             A:43E0 X:0000 Y:0002 S:036C D:0000 DB:7E P:04 V:230 H:221
C77950 $60             RTS                             A:43E0 X:0000 Y:0002 S:036D D:0000 DB:7E P:04 V:230 H:227
C77862 $A5 $00         LDA $00 [000000] = $FF5C        A:43E0 X:0000 Y:0002 S:036F D:0000 DB:7E P:04 V:230 H:237
C77864 $8D $8B $98     STA $988B [7E988B] = $115C      A:FF5C X:0000 Y:0002 S:036F D:0000 DB:7E P:84 V:230 H:244
C77867 $A5 $02         LDA $02 [000002] = $CCE1        A:FF5C X:0000 Y:0002 S:036F D:0000 DB:7E P:84 V:230 H:253
C77869 $8D $8D $98     STA $988D [7E988D] = $CCD2      A:CCE1 X:0000 Y:0002 S:036F D:0000 DB:7E P:84 V:230 H:260
C7786C $6B             RTL                             A:CCE1 X:0000 Y:0002 S:036F D:0000 DB:7E P:84 V:230 H:268
CA43E1 $22 $6D $78 $C7 JSL $C7786D                     A:CCE1 X:0000 Y:0002 S:0372 D:0000 DB:7E P:84 V:230 H:279
C7786D $20 $2C $79     JSR $792C [C7792C] = $20E2      A:CCE1 X:0000 Y:0002 S:036F D:0000 DB:7E P:84 V:230 H:292
C7792C $E2 $20         SEP #$20                        A:CCE1 X:0000 Y:0002 S:036D D:0000 DB:7E P:84 V:230 H:302
C7792E $A3 $05         LDA $05,S [000372] = $CA        A:CCE1 X:0000 Y:0002 S:036D D:0000 DB:7E P:A4 V:230 H:307
C77930 $48             PHA                             A:CCCA X:0000 Y:0002 S:036D D:0000 DB:7E P:A4 V:230 H:313
C77931 $AB             PLB                             A:CCCA X:0000 Y:0002 S:036C D:0000 DB:7E P:A4 V:230 H:318
C77932 $A9 $5C         LDA #$5C                        A:CCCA X:0000 Y:0002 S:036D D:0000 DB:CA P:A4 V:230 H:324
C77934 $85 $00         STA $00 [000000] = $5C          A:CC5C X:0000 Y:0002 S:036D D:0000 DB:CA P:24 V:230 H:327
C77936 $C2 $20         REP #$20                        A:CC5C X:0000 Y:0002 S:036D D:0000 DB:CA P:24 V:230 H:332
C77938 $A0 $01 $00     LDY #$0001                      A:CC5C X:0000 Y:0002 S:036D D:0000 DB:CA P:04 V:230 H:336
C7793B $B3 $03         LDA ($03,S),Y [CA43E5] = $A413  A:CC5C X:0000 Y:0001 S:036D D:0000 DB:CA P:04 V:231 H:1  
C7793D $85 $01         STA $01 [000001] = $E1FF        A:A413 X:0000 Y:0001 S:036D D:0000 DB:CA P:84 V:231 H:14 
C7793F $C8             INY                             A:A413 X:0000 Y:0001 S:036D D:0000 DB:CA P:84 V:231 H:21 
C77940 $B3 $03         LDA ($03,S),Y [CA43E6] = $CDA4  A:A413 X:0000 Y:0002 S:036D D:0000 DB:CA P:04 V:231 H:24 
C77942 $85 $02         STA $02 [000002] = $CCA4        A:CDA4 X:0000 Y:0002 S:036D D:0000 DB:CA P:84 V:231 H:37 
C77944 $A3 $03         LDA $03,S [000370] = $43E4      A:CDA4 X:0000 Y:0002 S:036D D:0000 DB:CA P:84 V:231 H:44 
C77946 $1A             INC                             A:43E4 X:0000 Y:0002 S:036D D:0000 DB:CA P:04 V:231 H:52 
C77947 $1A             INC                             A:43E5 X:0000 Y:0002 S:036D D:0000 DB:CA P:04 V:231 H:55 
C77948 $1A             INC                             A:43E6 X:0000 Y:0002 S:036D D:0000 DB:CA P:04 V:231 H:58 
C77949 $83 $03         STA $03,S [000370] = $43E4      A:43E7 X:0000 Y:0002 S:036D D:0000 DB:CA P:04 V:231 H:61 
C7794B $F4 $7E $7E     PEA #$7E7E                      A:43E7 X:0000 Y:0002 S:036D D:0000 DB:CA P:04 V:231 H:70 
C7794E $AB             PLB                             A:43E7 X:0000 Y:0002 S:036B D:0000 DB:CA P:04 V:231 H:78 
C7794F $AB             PLB                             A:43E7 X:0000 Y:0002 S:036C D:0000 DB:7E P:04 V:231 H:85 
C77950 $60             RTS                             A:43E7 X:0000 Y:0002 S:036D D:0000 DB:7E P:04 V:231 H:91 
C77870 $A5 $00         LDA $00 [000000] = $135C        A:43E7 X:0000 Y:0002 S:036F D:0000 DB:7E P:04 V:231 H:101
C77872 $8D $8F $98     STA $988F [7E988F] = $006B      A:135C X:0000 Y:0002 S:036F D:0000 DB:7E P:04 V:231 H:108
C77875 $A5 $02         LDA $02 [000002] = $CDA4        A:135C X:0000 Y:0002 S:036F D:0000 DB:7E P:04 V:231 H:117
C77877 $8D $91 $98     STA $9891 [7E9891] = $CDA2      A:CDA4 X:0000 Y:0002 S:036F D:0000 DB:7E P:84 V:231 H:124
C7787A $6B             RTL                             A:CDA4 X:0000 Y:0002 S:036F D:0000 DB:7E P:84 V:231 H:132
CA43E8 $6B             RTL                             A:CDA4 X:0000 Y:0002 S:0372 D:0000 DB:7E P:84 V:231 H:153
C6061E $60             RTS                             A:CDA4 X:0000 Y:0002 S:0375 D:0000 DB:7E P:84 V:231 H:163
C602C7 $6B             RTL                             A:CDA4 X:0000 Y:0002 S:0377 D:0000 DB:7E P:84 V:231 H:173
C600C9 $22 $42 $0F $C6 JSL $C60F42                     A:CDA4 X:0000 Y:0002 S:037A D:0000 DB:7E P:84 V:231 H:184
