C6072B $20 $32 $07     JSR $0732 [C60732] = $A99C      A:0002 X:0000 Y:0000 S:0377 D:0000 DB:7E P:04 V:257 H:6  
C60732 $9C $A9 $99     STZ $99A9 [7E99A9] = $0A80      A:0002 X:0000 Y:0000 S:0375 D:0000 DB:7E P:04 V:257 H:16 
C60735 $9C $AD $99     STZ $99AD [7E99AD] = $0BA8      A:0002 X:0000 Y:0000 S:0375 D:0000 DB:7E P:04 V:257 H:25 
C60738 $A9 $FF $FF     LDA #$FFFF                      A:0002 X:0000 Y:0000 S:0375 D:0000 DB:7E P:04 V:257 H:33 
C6073B $8D $A7 $99     STA $99A7 [7E99A7] = $08A0      A:FFFF X:0000 Y:0000 S:0375 D:0000 DB:7E P:84 V:257 H:38 
C6073E $8D $AB $99     STA $99AB [7E99AB] = $0888      A:FFFF X:0000 Y:0000 S:0375 D:0000 DB:7E P:84 V:257 H:46 
C60741 $AD $9F $99     LDA $999F [7E999F] = $FFFF      A:FFFF X:0000 Y:0000 S:0375 D:0000 DB:7E P:84 V:257 H:55 
C60744 $C9 $FE $FF     CMP #$FFFE                      A:FFFF X:0000 Y:0000 S:0375 D:0000 DB:7E P:84 V:257 H:63 
C60747 $F0 $0B         BEQ $C60754                     A:FFFF X:0000 Y:0000 S:0375 D:0000 DB:7E P:05 V:257 H:68 
C60749 $C9 $FF $FF     CMP #$FFFF                      A:FFFF X:0000 Y:0000 S:0375 D:0000 DB:7E P:05 V:257 H:71 
C6074C $D0 $03         BNE $C60751                     A:FFFF X:0000 Y:0000 S:0375 D:0000 DB:7E P:07 V:257 H:75 
C6074E $A9 $00 $00     LDA #$0000                      A:FFFF X:0000 Y:0000 S:0375 D:0000 DB:7E P:07 V:257 H:78 
C60751 $8D $A7 $99     STA $99A7 [7E99A7] = $FFFF      A:0000 X:0000 Y:0000 S:0375 D:0000 DB:7E P:07 V:257 H:83 
C60754 $AD $A1 $99     LDA $99A1 [7E99A1] = $FFFF      A:0000 X:0000 Y:0000 S:0375 D:0000 DB:7E P:07 V:257 H:91 
C60757 $C9 $FE $FF     CMP #$FFFE                      A:FFFF X:0000 Y:0000 S:0375 D:0000 DB:7E P:85 V:257 H:100
C6075A $F0 $0B         BEQ $C60767                     A:FFFF X:0000 Y:0000 S:0375 D:0000 DB:7E P:05 V:257 H:104
C6075C $C9 $FF $FF     CMP #$FFFF                      A:FFFF X:0000 Y:0000 S:0375 D:0000 DB:7E P:05 V:257 H:107
C6075F $D0 $03         BNE $C60764                     A:FFFF X:0000 Y:0000 S:0375 D:0000 DB:7E P:07 V:257 H:112
C60761 $A9 $FF $FF     LDA #$FFFF                      A:FFFF X:0000 Y:0000 S:0375 D:0000 DB:7E P:07 V:257 H:115
C60764 $8D $A9 $99     STA $99A9 [7E99A9] = $0000      A:FFFF X:0000 Y:0000 S:0375 D:0000 DB:7E P:85 V:257 H:119
C60767 $AD $A3 $99     LDA $99A3 [7E99A3] = $FFFF      A:FFFF X:0000 Y:0000 S:0375 D:0000 DB:7E P:85 V:257 H:128
C6076A $C9 $FE $FF     CMP #$FFFE                      A:FFFF X:0000 Y:0000 S:0375 D:0000 DB:7E P:85 V:257 H:146
C6076D $F0 $0B         BEQ $C6077A                     A:FFFF X:0000 Y:0000 S:0375 D:0000 DB:7E P:05 V:257 H:151
C6076F $C9 $FF $FF     CMP #$FFFF                      A:FFFF X:0000 Y:0000 S:0375 D:0000 DB:7E P:05 V:257 H:154
C60772 $D0 $03         BNE $C60777                     A:FFFF X:0000 Y:0000 S:0375 D:0000 DB:7E P:07 V:257 H:158
C60774 $A9 $00 $00     LDA #$0000                      A:FFFF X:0000 Y:0000 S:0375 D:0000 DB:7E P:07 V:257 H:161
C60777 $8D $AB $99     STA $99AB [7E99AB] = $FFFF      A:0000 X:0000 Y:0000 S:0375 D:0000 DB:7E P:07 V:257 H:166
C6077A $AD $A5 $99     LDA $99A5 [7E99A5] = $FFFF      A:0000 X:0000 Y:0000 S:0375 D:0000 DB:7E P:07 V:257 H:174
C6077D $C9 $FE $FF     CMP #$FFFE                      A:FFFF X:0000 Y:0000 S:0375 D:0000 DB:7E P:85 V:257 H:183
C60780 $F0 $0B         BEQ $C6078D                     A:FFFF X:0000 Y:0000 S:0375 D:0000 DB:7E P:05 V:257 H:187
C60782 $C9 $FF $FF     CMP #$FFFF                      A:FFFF X:0000 Y:0000 S:0375 D:0000 DB:7E P:05 V:257 H:190
C60785 $D0 $03         BNE $C6078A                     A:FFFF X:0000 Y:0000 S:0375 D:0000 DB:7E P:07 V:257 H:195
C60787 $A9 $FF $FF     LDA #$FFFF                      A:FFFF X:0000 Y:0000 S:0375 D:0000 DB:7E P:07 V:257 H:198
C6078A $8D $AD $99     STA $99AD [7E99AD] = $0000      A:FFFF X:0000 Y:0000 S:0375 D:0000 DB:7E P:85 V:257 H:202
C6078D $A2 $00 $00     LDX #$0000                      A:FFFF X:0000 Y:0000 S:0375 D:0000 DB:7E P:85 V:257 H:211
C60790 $BF $E2 $E3 $7F LDA $7FE3E2,X [7FE3E2] = $8000  A:FFFF X:0000 Y:0000 S:0375 D:0000 DB:7E P:07 V:257 H:215
C60794 $10 $5F         BPL $C607F5                     A:8000 X:0000 Y:0000 S:0375 D:0000 DB:7E P:85 V:257 H:225
C60796 $BF $72 $E4 $7F LDA $7FE472,X [7FE472] = $0000  A:8000 X:0000 Y:0000 S:0375 D:0000 DB:7E P:85 V:257 H:228
C6079A $C9 $02 $00     CMP #$0002                      A:0000 X:0000 Y:0000 S:0375 D:0000 DB:7E P:07 V:257 H:238
C6079D $B0 $56         BCS $C607F5                     A:0000 X:0000 Y:0000 S:0375 D:0000 DB:7E P:84 V:257 H:243
C6079F $BF $B2 $E4 $7F LDA $7FE4B2,X [7FE4B2] = $FFFF  A:0000 X:0000 Y:0000 S:0375 D:0000 DB:7E P:84 V:257 H:246
C607A3 $F0 $50         BEQ $C607F5                     A:FFFF X:0000 Y:0000 S:0375 D:0000 DB:7E P:84 V:257 H:256
C607A5 $AD $9F $99     LDA $999F [7E999F] = $FFFF      A:FFFF X:0000 Y:0000 S:0375 D:0000 DB:7E P:84 V:257 H:259
C607A8 $C9 $FE $FF     CMP #$FFFE                      A:FFFF X:0000 Y:0000 S:0375 D:0000 DB:7E P:84 V:257 H:267
C607AB $D0 $0C         BNE $C607B9                     A:FFFF X:0000 Y:0000 S:0375 D:0000 DB:7E P:05 V:257 H:272
C607B9 $AD $A3 $99     LDA $99A3 [7E99A3] = $FFFF      A:FFFF X:0000 Y:0000 S:0375 D:0000 DB:7E P:05 V:257 H:276
C607BC $C9 $FE $FF     CMP #$FFFE                      A:FFFF X:0000 Y:0000 S:0375 D:0000 DB:7E P:85 V:257 H:285
C607BF $D0 $0C         BNE $C607CD                     A:FFFF X:0000 Y:0000 S:0375 D:0000 DB:7E P:05 V:257 H:289
C607CD $AD $A1 $99     LDA $99A1 [7E99A1] = $FFFF      A:FFFF X:0000 Y:0000 S:0375 D:0000 DB:7E P:05 V:257 H:294
C607D0 $C9 $FE $FF     CMP #$FFFE                      A:FFFF X:0000 Y:0000 S:0375 D:0000 DB:7E P:85 V:257 H:302
C607D3 $D0 $0C         BNE $C607E1                     A:FFFF X:0000 Y:0000 S:0375 D:0000 DB:7E P:05 V:257 H:307
C607E1 $AD $A5 $99     LDA $99A5 [7E99A5] = $FFFF      A:FFFF X:0000 Y:0000 S:0375 D:0000 DB:7E P:05 V:257 H:311
C607E4 $C9 $FE $FF     CMP #$FFFE                      A:FFFF X:0000 Y:0000 S:0375 D:0000 DB:7E P:85 V:257 H:320
C607E7 $D0 $0C         BNE $C607F5                     A:FFFF X:0000 Y:0000 S:0375 D:0000 DB:7E P:05 V:257 H:324
C607F5 $E8             INX                             A:FFFF X:0000 Y:0000 S:0375 D:0000 DB:7E P:05 V:257 H:328
C607F6 $E8             INX                             A:FFFF X:0001 Y:0000 S:0375 D:0000 DB:7E P:05 V:257 H:331
C607F7 $E0 $10 $00     CPX #$0010                      A:FFFF X:0002 Y:0000 S:0375 D:0000 DB:7E P:05 V:257 H:334
C607FA $90 $94         BCC $C60790                     A:FFFF X:0002 Y:0000 S:0375 D:0000 DB:7E P:84 V:257 H:338
C60790 $BF $E2 $E3 $7F LDA $7FE3E2,X [7FE3E4] = $0000  A:FFFF X:0002 Y:0000 S:0375 D:0000 DB:7E P:84 V:258 H:3  
C60794 $10 $5F         BPL $C607F5                     A:0000 X:0002 Y:0000 S:0375 D:0000 DB:7E P:06 V:258 H:13 
C607F5 $E8             INX                             A:0000 X:0002 Y:0000 S:0375 D:0000 DB:7E P:06 V:258 H:17 
C607F6 $E8             INX                             A:0000 X:0003 Y:0000 S:0375 D:0000 DB:7E P:04 V:258 H:20 
C607F7 $E0 $10 $00     CPX #$0010                      A:0000 X:0004 Y:0000 S:0375 D:0000 DB:7E P:04 V:258 H:23 
C607FA $90 $94         BCC $C60790                     A:0000 X:0004 Y:0000 S:0375 D:0000 DB:7E P:84 V:258 H:28 
C60790 $BF $E2 $E3 $7F LDA $7FE3E2,X [7FE3E6] = $0000  A:0000 X:0004 Y:0000 S:0375 D:0000 DB:7E P:84 V:258 H:32 
C60794 $10 $5F         BPL $C607F5                     A:0000 X:0004 Y:0000 S:0375 D:0000 DB:7E P:06 V:258 H:42 
C607F5 $E8             INX                             A:0000 X:0004 Y:0000 S:0375 D:0000 DB:7E P:06 V:258 H:47 
C607F6 $E8             INX                             A:0000 X:0005 Y:0000 S:0375 D:0000 DB:7E P:04 V:258 H:50 
C607F7 $E0 $10 $00     CPX #$0010                      A:0000 X:0006 Y:0000 S:0375 D:0000 DB:7E P:04 V:258 H:53 
C607FA $90 $94         BCC $C60790                     A:0000 X:0006 Y:0000 S:0375 D:0000 DB:7E P:84 V:258 H:57 
C60790 $BF $E2 $E3 $7F LDA $7FE3E2,X [7FE3E8] = $0000  A:0000 X:0006 Y:0000 S:0375 D:0000 DB:7E P:84 V:258 H:62 
C60794 $10 $5F         BPL $C607F5                     A:0000 X:0006 Y:0000 S:0375 D:0000 DB:7E P:06 V:258 H:72 
C607F5 $E8             INX                             A:0000 X:0006 Y:0000 S:0375 D:0000 DB:7E P:06 V:258 H:76 
C607F6 $E8             INX                             A:0000 X:0007 Y:0000 S:0375 D:0000 DB:7E P:04 V:258 H:79 
C607F7 $E0 $10 $00     CPX #$0010                      A:0000 X:0008 Y:0000 S:0375 D:0000 DB:7E P:04 V:258 H:82 
C607FA $90 $94         BCC $C60790                     A:0000 X:0008 Y:0000 S:0375 D:0000 DB:7E P:84 V:258 H:87 
C60790 $BF $E2 $E3 $7F LDA $7FE3E2,X [7FE3EA] = $0000  A:0000 X:0008 Y:0000 S:0375 D:0000 DB:7E P:84 V:258 H:91 
C60794 $10 $5F         BPL $C607F5                     A:0000 X:0008 Y:0000 S:0375 D:0000 DB:7E P:06 V:258 H:101
C607F5 $E8             INX                             A:0000 X:0008 Y:0000 S:0375 D:0000 DB:7E P:06 V:258 H:106
C607F6 $E8             INX                             A:0000 X:0009 Y:0000 S:0375 D:0000 DB:7E P:04 V:258 H:109
C607F7 $E0 $10 $00     CPX #$0010                      A:0000 X:000A Y:0000 S:0375 D:0000 DB:7E P:04 V:258 H:112
C607FA $90 $94         BCC $C60790                     A:0000 X:000A Y:0000 S:0375 D:0000 DB:7E P:84 V:258 H:116
C60790 $BF $E2 $E3 $7F LDA $7FE3E2,X [7FE3EC] = $0000  A:0000 X:000A Y:0000 S:0375 D:0000 DB:7E P:84 V:258 H:121
C60794 $10 $5F         BPL $C607F5                     A:0000 X:000A Y:0000 S:0375 D:0000 DB:7E P:06 V:258 H:131
C607F5 $E8             INX                             A:0000 X:000A Y:0000 S:0375 D:0000 DB:7E P:06 V:258 H:145
C607F6 $E8             INX                             A:0000 X:000B Y:0000 S:0375 D:0000 DB:7E P:04 V:258 H:148
C607F7 $E0 $10 $00     CPX #$0010                      A:0000 X:000C Y:0000 S:0375 D:0000 DB:7E P:04 V:258 H:151
C607FA $90 $94         BCC $C60790                     A:0000 X:000C Y:0000 S:0375 D:0000 DB:7E P:84 V:258 H:156
C60790 $BF $E2 $E3 $7F LDA $7FE3E2,X [7FE3EE] = $0000  A:0000 X:000C Y:0000 S:0375 D:0000 DB:7E P:84 V:258 H:160
C60794 $10 $5F         BPL $C607F5                     A:0000 X:000C Y:0000 S:0375 D:0000 DB:7E P:06 V:258 H:170
C607F5 $E8             INX                             A:0000 X:000C Y:0000 S:0375 D:0000 DB:7E P:06 V:258 H:175
C607F6 $E8             INX                             A:0000 X:000D Y:0000 S:0375 D:0000 DB:7E P:04 V:258 H:178
C607F7 $E0 $10 $00     CPX #$0010                      A:0000 X:000E Y:0000 S:0375 D:0000 DB:7E P:04 V:258 H:181
C607FA $90 $94         BCC $C60790                     A:0000 X:000E Y:0000 S:0375 D:0000 DB:7E P:84 V:258 H:185
C60790 $BF $E2 $E3 $7F LDA $7FE3E2,X [7FE3F0] = $0000  A:0000 X:000E Y:0000 S:0375 D:0000 DB:7E P:84 V:258 H:190
C60794 $10 $5F         BPL $C607F5                     A:0000 X:000E Y:0000 S:0375 D:0000 DB:7E P:06 V:258 H:200
C607F5 $E8             INX                             A:0000 X:000E Y:0000 S:0375 D:0000 DB:7E P:06 V:258 H:204
C607F6 $E8             INX                             A:0000 X:000F Y:0000 S:0375 D:0000 DB:7E P:04 V:258 H:207
C607F7 $E0 $10 $00     CPX #$0010                      A:0000 X:0010 Y:0000 S:0375 D:0000 DB:7E P:04 V:258 H:210
C607FA $90 $94         BCC $C60790                     A:0000 X:0010 Y:0000 S:0375 D:0000 DB:7E P:07 V:258 H:215
C607FC $AD $A7 $99     LDA $99A7 [7E99A7] = $0000      A:0000 X:0010 Y:0000 S:0375 D:0000 DB:7E P:07 V:258 H:218
C607FF $0A             ASL                             A:0000 X:0010 Y:0000 S:0375 D:0000 DB:7E P:07 V:258 H:226
C60800 $0A             ASL                             A:0000 X:0010 Y:0000 S:0375 D:0000 DB:7E P:06 V:258 H:229
C60801 $0A             ASL                             A:0000 X:0010 Y:0000 S:0375 D:0000 DB:7E P:06 V:258 H:232
C60802 $48             PHA                             A:0000 X:0010 Y:0000 S:0375 D:0000 DB:7E P:06 V:258 H:235
C60803 $38             SEC                             A:0000 X:0010 Y:0000 S:0373 D:0000 DB:7E P:06 V:258 H:242
C60804 $ED $9E $96     SBC $969E [7E969E] = $0008      A:0000 X:0010 Y:0000 S:0373 D:0000 DB:7E P:07 V:258 H:245
C60807 $8D $63 $AD     STA $AD63 [7EAD63] = $0828      A:FFF8 X:0010 Y:0000 S:0373 D:0000 DB:7E P:84 V:258 H:254
C6080A $68             PLA                             A:FFF8 X:0010 Y:0000 S:0373 D:0000 DB:7E P:84 V:258 H:262
C6080B $18             CLC                             A:0000 X:0010 Y:0000 S:0375 D:0000 DB:7E P:06 V:258 H:271
C6080C $6D $92 $96     ADC $9692 [7E9692] = $0070      A:0000 X:0010 Y:0000 S:0375 D:0000 DB:7E P:06 V:258 H:274
C6080F $8D $A7 $99     STA $99A7 [7E99A7] = $0000      A:0070 X:0010 Y:0000 S:0375 D:0000 DB:7E P:04 V:258 H:282
C60812 $AD $AB $99     LDA $99AB [7E99AB] = $0000      A:0070 X:0010 Y:0000 S:0375 D:0000 DB:7E P:04 V:258 H:291
C60815 $0A             ASL                             A:0000 X:0010 Y:0000 S:0375 D:0000 DB:7E P:06 V:258 H:299
C60816 $0A             ASL                             A:0000 X:0010 Y:0000 S:0375 D:0000 DB:7E P:06 V:258 H:302
C60817 $0A             ASL                             A:0000 X:0010 Y:0000 S:0375 D:0000 DB:7E P:06 V:258 H:305
C60818 $48             PHA                             A:0000 X:0010 Y:0000 S:0375 D:0000 DB:7E P:06 V:258 H:308
C60819 $38             SEC                             A:0000 X:0010 Y:0000 S:0373 D:0000 DB:7E P:06 V:258 H:315
C6081A $ED $9E $96     SBC $969E [7E969E] = $0008      A:0000 X:0010 Y:0000 S:0373 D:0000 DB:7E P:07 V:258 H:318
C6081D $8D $67 $AD     STA $AD67 [7EAD67] = $0830      A:FFF8 X:0010 Y:0000 S:0373 D:0000 DB:7E P:84 V:258 H:326
C60820 $68             PLA                             A:FFF8 X:0010 Y:0000 S:0373 D:0000 DB:7E P:84 V:258 H:334
C60821 $8D $67 $AD     STA $AD67 [7EAD67] = $FFF8      A:0000 X:0010 Y:0000 S:0375 D:0000 DB:7E P:06 V:259 H:3  
C60824 $18             CLC                             A:0000 X:0010 Y:0000 S:0375 D:0000 DB:7E P:06 V:259 H:11 
C60825 $6D $94 $96     ADC $9694 [7E9694] = $0058      A:0000 X:0010 Y:0000 S:0375 D:0000 DB:7E P:06 V:259 H:14 
C60828 $8D $AB $99     STA $99AB [7E99AB] = $0000      A:0058 X:0010 Y:0000 S:0375 D:0000 DB:7E P:04 V:259 H:23 
C6082B $AD $A9 $99     LDA $99A9 [7E99A9] = $FFFF      A:0058 X:0010 Y:0000 S:0375 D:0000 DB:7E P:04 V:259 H:31 
C6082E $0A             ASL                             A:FFFF X:0010 Y:0000 S:0375 D:0000 DB:7E P:84 V:259 H:40 
C6082F $0A             ASL                             A:FFFE X:0010 Y:0000 S:0375 D:0000 DB:7E P:85 V:259 H:43 
C60830 $0A             ASL                             A:FFFC X:0010 Y:0000 S:0375 D:0000 DB:7E P:85 V:259 H:46 
C60831 $48             PHA                             A:FFF8 X:0010 Y:0000 S:0375 D:0000 DB:7E P:85 V:259 H:49 
C60832 $38             SEC                             A:FFF8 X:0010 Y:0000 S:0373 D:0000 DB:7E P:85 V:259 H:56 
C60833 $ED $9A $96     SBC $969A [7E969A] = $00F0      A:FFF8 X:0010 Y:0000 S:0373 D:0000 DB:7E P:85 V:259 H:59 
C60836 $8D $65 $AD     STA $AD65 [7EAD65] = $0A08      A:FF08 X:0010 Y:0000 S:0373 D:0000 DB:7E P:85 V:259 H:67 
C60839 $68             PLA                             A:FF08 X:0010 Y:0000 S:0373 D:0000 DB:7E P:85 V:259 H:76 
C6083A $38             SEC                             A:FFF8 X:0010 Y:0000 S:0375 D:0000 DB:7E P:85 V:259 H:84 
C6083B $ED $96 $96     SBC $9696 [7E9696] = $0078      A:FFF8 X:0010 Y:0000 S:0375 D:0000 DB:7E P:85 V:259 H:87 
C6083E $8D $A9 $99     STA $99A9 [7E99A9] = $FFFF      A:FF80 X:0010 Y:0000 S:0375 D:0000 DB:7E P:85 V:259 H:96 
C60841 $AD $AD $99     LDA $99AD [7E99AD] = $FFFF      A:FF80 X:0010 Y:0000 S:0375 D:0000 DB:7E P:85 V:259 H:104
C60844 $0A             ASL                             A:FFFF X:0010 Y:0000 S:0375 D:0000 DB:7E P:85 V:259 H:113
C60845 $0A             ASL                             A:FFFE X:0010 Y:0000 S:0375 D:0000 DB:7E P:85 V:259 H:116
C60846 $0A             ASL                             A:FFFC X:0010 Y:0000 S:0375 D:0000 DB:7E P:85 V:259 H:119
C60847 $48             PHA                             A:FFF8 X:0010 Y:0000 S:0375 D:0000 DB:7E P:85 V:259 H:122
C60848 $38             SEC                             A:FFF8 X:0010 Y:0000 S:0373 D:0000 DB:7E P:85 V:259 H:129
C60849 $ED $9C $96     SBC $969C [7E969C] = $00D0      A:FFF8 X:0010 Y:0000 S:0373 D:0000 DB:7E P:85 V:259 H:132
C6084C $8D $69 $AD     STA $AD69 [7EAD69] = $0B48      A:FF28 X:0010 Y:0000 S:0373 D:0000 DB:7E P:85 V:259 H:150
C6084F $68             PLA                             A:FF28 X:0010 Y:0000 S:0373 D:0000 DB:7E P:85 V:259 H:159
C60850 $38             SEC                             A:FFF8 X:0010 Y:0000 S:0375 D:0000 DB:7E P:85 V:259 H:167
C60851 $ED $98 $96     SBC $9698 [7E9698] = $0070      A:FFF8 X:0010 Y:0000 S:0375 D:0000 DB:7E P:85 V:259 H:170
C60854 $8D $AD $99     STA $99AD [7E99AD] = $FFFF      A:FF88 X:0010 Y:0000 S:0375 D:0000 DB:7E P:85 V:259 H:179
C60857 $60             RTS                             A:FF88 X:0010 Y:0000 S:0375 D:0000 DB:7E P:85 V:259 H:187
C6072E $20 $58 $08     JSR $0858 [C60858] = $A7AD      A:FF88 X:0010 Y:0000 S:0377 D:0000 DB:7E P:85 V:259 H:197
C60858 $AD $A7 $99     LDA $99A7 [7E99A7] = $0070      A:FF88 X:0010 Y:0000 S:0375 D:0000 DB:7E P:85 V:259 H:207
C6085B $38             SEC                             A:0070 X:0010 Y:0000 S:0375 D:0000 DB:7E P:05 V:259 H:216
C6085C $ED $92 $96     SBC $9692 [7E9692] = $0070      A:0070 X:0010 Y:0000 S:0375 D:0000 DB:7E P:05 V:259 H:219
C6085F $85 $18         STA $18 [000018] = $01F6        A:0000 X:0010 Y:0000 S:0375 D:0000 DB:7E P:07 V:259 H:227
C60861 $AD $AB $99     LDA $99AB [7E99AB] = $0058      A:0000 X:0010 Y:0000 S:0375 D:0000 DB:7E P:07 V:259 H:234
C60864 $38             SEC                             A:0058 X:0010 Y:0000 S:0375 D:0000 DB:7E P:05 V:259 H:243
C60865 $ED $94 $96     SBC $9694 [7E9694] = $0058      A:0058 X:0010 Y:0000 S:0375 D:0000 DB:7E P:05 V:259 H:246
C60868 $85 $1A         STA $1A [00001A] = $0199        A:0000 X:0010 Y:0000 S:0375 D:0000 DB:7E P:07 V:259 H:254
C6086A $AD $A9 $99     LDA $99A9 [7E99A9] = $FF80      A:0000 X:0010 Y:0000 S:0375 D:0000 DB:7E P:07 V:259 H:261
C6086D $18             CLC                             A:FF80 X:0010 Y:0000 S:0375 D:0000 DB:7E P:85 V:259 H:270
C6086E $6D $96 $96     ADC $9696 [7E9696] = $0078      A:FF80 X:0010 Y:0000 S:0375 D:0000 DB:7E P:84 V:259 H:273
C60871 $85 $1C         STA $1C [00001C] = $0000        A:FFF8 X:0010 Y:0000 S:0375 D:0000 DB:7E P:84 V:259 H:281
C60873 $AD $AD $99     LDA $99AD [7E99AD] = $FF88      A:FFF8 X:0010 Y:0000 S:0375 D:0000 DB:7E P:84 V:259 H:288
C60876 $18             CLC                             A:FF88 X:0010 Y:0000 S:0375 D:0000 DB:7E P:84 V:259 H:297
C60877 $6D $98 $96     ADC $9698 [7E9698] = $0070      A:FF88 X:0010 Y:0000 S:0375 D:0000 DB:7E P:84 V:259 H:300
C6087A $85 $1E         STA $1E [00001E] = $0000        A:FFF8 X:0010 Y:0000 S:0375 D:0000 DB:7E P:84 V:259 H:308
C6087C $AD $0F $9A     LDA $9A0F [7E9A0F] = $0100      A:FFF8 X:0010 Y:0000 S:0375 D:0000 DB:7E P:84 V:259 H:315
C6087F $0A             ASL                             A:0100 X:0010 Y:0000 S:0375 D:0000 DB:7E P:04 V:259 H:323
C60880 $0A             ASL                             A:0200 X:0010 Y:0000 S:0375 D:0000 DB:7E P:04 V:259 H:326
C60881 $0A             ASL                             A:0400 X:0010 Y:0000 S:0375 D:0000 DB:7E P:04 V:259 H:329
C60882 $48             PHA                             A:0800 X:0010 Y:0000 S:0375 D:0000 DB:7E P:04 V:259 H:332
C60883 $AD $17 $9A     LDA $9A17 [7E9A17] = $0100      A:0800 X:0010 Y:0000 S:0373 D:0000 DB:7E P:04 V:259 H:339
C60886 $0A             ASL                             A:0100 X:0010 Y:0000 S:0373 D:0000 DB:7E P:04 V:260 H:7  
C60887 $0A             ASL                             A:0200 X:0010 Y:0000 S:0373 D:0000 DB:7E P:04 V:260 H:10 
C60888 $0A             ASL                             A:0400 X:0010 Y:0000 S:0373 D:0000 DB:7E P:04 V:260 H:13 
C60889 $48             PHA                             A:0800 X:0010 Y:0000 S:0373 D:0000 DB:7E P:04 V:260 H:16 
C6088A $AD $58 $98     LDA $9858 [7E9858] = $0158      A:0800 X:0010 Y:0000 S:0371 D:0000 DB:7E P:04 V:260 H:23 
C6088D $0A             ASL                             A:0158 X:0010 Y:0000 S:0371 D:0000 DB:7E P:04 V:260 H:32 
C6088E $0A             ASL                             A:02B0 X:0010 Y:0000 S:0371 D:0000 DB:7E P:04 V:260 H:35 
C6088F $0A             ASL                             A:0560 X:0010 Y:0000 S:0371 D:0000 DB:7E P:04 V:260 H:38 
C60890 $18             CLC                             A:0AC0 X:0010 Y:0000 S:0371 D:0000 DB:7E P:04 V:260 H:41 
C60891 $63 $03         ADC $03,S [000374] = $0800      A:0AC0 X:0010 Y:0000 S:0371 D:0000 DB:7E P:04 V:260 H:44 
C60893 $38             SEC                             A:12C0 X:0010 Y:0000 S:0371 D:0000 DB:7E P:04 V:260 H:52 
C60894 $ED $8E $96     SBC $968E [7E968E] = $0078      A:12C0 X:0010 Y:0000 S:0371 D:0000 DB:7E P:05 V:260 H:55 
C60897 $C5 $18         CMP $18 [000018] = $0000        A:1248 X:0010 Y:0000 S:0371 D:0000 DB:7E P:05 V:260 H:64 
C60899 $B0 $06         BCS $C608A1                     A:1248 X:0010 Y:0000 S:0371 D:0000 DB:7E P:05 V:260 H:71 
C608A1 $8D $58 $98     STA $9858 [7E9858] = $0158      A:1248 X:0010 Y:0000 S:0371 D:0000 DB:7E P:05 V:260 H:75 
C608A4 $38             SEC                             A:1248 X:0010 Y:0000 S:0371 D:0000 DB:7E P:05 V:260 H:84 
C608A5 $6D $9A $96     ADC $969A [7E969A] = $00F0      A:1248 X:0010 Y:0000 S:0371 D:0000 DB:7E P:05 V:260 H:87 
C608A8 $C5 $1C         CMP $1C [00001C] = $FFF8        A:1339 X:0010 Y:0000 S:0371 D:0000 DB:7E P:04 V:260 H:95 
C608AA $90 $09         BCC $C608B5                     A:1339 X:0010 Y:0000 S:0371 D:0000 DB:7E P:04 V:260 H:102
C608B5 $AD $5A $98     LDA $985A [7E985A] = $01B5      A:1339 X:0010 Y:0000 S:0371 D:0000 DB:7E P:04 V:260 H:107
C608B8 $3A             DEC                             A:01B5 X:0010 Y:0000 S:0371 D:0000 DB:7E P:04 V:260 H:115
C608B9 $3A             DEC                             A:01B4 X:0010 Y:0000 S:0371 D:0000 DB:7E P:04 V:260 H:118
C608BA $0A             ASL                             A:01B3 X:0010 Y:0000 S:0371 D:0000 DB:7E P:04 V:260 H:121
C608BB $0A             ASL                             A:0366 X:0010 Y:0000 S:0371 D:0000 DB:7E P:04 V:260 H:124
C608BC $0A             ASL                             A:06CC X:0010 Y:0000 S:0371 D:0000 DB:7E P:04 V:260 H:127
C608BD $18             CLC                             A:0D98 X:0010 Y:0000 S:0371 D:0000 DB:7E P:04 V:260 H:130
C608BE $63 $01         ADC $01,S [000372] = $0800      A:0D98 X:0010 Y:0000 S:0371 D:0000 DB:7E P:04 V:260 H:133
C608C0 $38             SEC                             A:1598 X:0010 Y:0000 S:0371 D:0000 DB:7E P:04 V:260 H:152
C608C1 $ED $90 $96     SBC $9690 [7E9690] = $0060      A:1598 X:0010 Y:0000 S:0371 D:0000 DB:7E P:05 V:260 H:155
C608C4 $C5 $1A         CMP $1A [00001A] = $0000        A:1538 X:0010 Y:0000 S:0371 D:0000 DB:7E P:05 V:260 H:163
C608C6 $B0 $06         BCS $C608CE                     A:1538 X:0010 Y:0000 S:0371 D:0000 DB:7E P:05 V:260 H:170
C608CE $8D $5A $98     STA $985A [7E985A] = $01B5      A:1538 X:0010 Y:0000 S:0371 D:0000 DB:7E P:05 V:260 H:175
C608D1 $38             SEC                             A:1538 X:0010 Y:0000 S:0371 D:0000 DB:7E P:05 V:260 H:183
C608D2 $6D $9C $96     ADC $969C [7E969C] = $00D0      A:1538 X:0010 Y:0000 S:0371 D:0000 DB:7E P:05 V:260 H:186
C608D5 $C5 $1E         CMP $1E [00001E] = $FFF8        A:1609 X:0010 Y:0000 S:0371 D:0000 DB:7E P:04 V:260 H:195
C608D7 $90 $09         BCC $C608E2                     A:1609 X:0010 Y:0000 S:0371 D:0000 DB:7E P:04 V:260 H:202
C608E2 $F4 $7F $7F     PEA #$7F7F                      A:1609 X:0010 Y:0000 S:0371 D:0000 DB:7E P:04 V:260 H:206
C608E5 $AB             PLB                             A:1609 X:0010 Y:0000 S:036F D:0000 DB:7E P:04 V:260 H:215
C608E6 $AB             PLB                             A:1609 X:0010 Y:0000 S:0370 D:0000 DB:7F P:04 V:260 H:221
C608E7 $A2 $00 $00     LDX #$0000                      A:1609 X:0010 Y:0000 S:0371 D:0000 DB:7F P:04 V:260 H:228
C608EA $AF $58 $98 $7E LDA $7E9858                     A:1609 X:0000 Y:0000 S:0371 D:0000 DB:7F P:06 V:260 H:232
C608EE $38             SEC                             A:1248 X:0000 Y:0000 S:0371 D:0000 DB:7F P:04 V:260 H:242
C608EF $E3 $03         SBC $03,S [000374] = $0800      A:1248 X:0000 Y:0000 S:0371 D:0000 DB:7F P:05 V:260 H:245
C608F1 $48             PHA                             A:0A48 X:0000 Y:0000 S:0371 D:0000 DB:7F P:05 V:260 H:254
C608F2 $A0 $08 $00     LDY #$0008                      A:0A48 X:0000 Y:0000 S:036F D:0000 DB:7F P:05 V:260 H:261
C608F5 $B9 $DE $E2     LDA $E2DE,Y [7FE2E6] = $0100    A:0A48 X:0000 Y:0008 S:036F D:0000 DB:7F P:05 V:260 H:265
C608F8 $85 $00         STA $00 [000000] = $49FE        A:0100 X:0000 Y:0008 S:036F D:0000 DB:7F P:05 V:260 H:275
C608FA $A3 $01         LDA $01,S [000370] = $0A48      A:0100 X:0000 Y:0008 S:036F D:0000 DB:7F P:05 V:260 H:282
C608FC $22 $E1 $11 $C0 JSL $C011E1                     A:0A48 X:0000 Y:0008 S:036F D:0000 DB:7F P:05 V:260 H:291
C011E1 $08             PHP                             A:0A48 X:0000 Y:0008 S:036C D:0000 DB:7F P:05 V:260 H:304
C011E2 $C2 $20         REP #$20                        A:0A48 X:0000 Y:0008 S:036B D:0000 DB:7F P:05 V:260 H:309
C011E4 $48             PHA                             A:0A48 X:0000 Y:0008 S:036B D:0000 DB:7F P:05 V:260 H:314
C011E5 $B5 $00         LDA $00,X [000000] = $0100      A:0A48 X:0000 Y:0008 S:0369 D:0000 DB:7F P:05 V:260 H:321
C011E7 $48             PHA                             A:0100 X:0000 Y:0008 S:0369 D:0000 DB:7F P:05 V:260 H:328
C011E8 $10 $04         BPL $C011EE                     A:0100 X:0000 Y:0008 S:0367 D:0000 DB:7F P:05 V:260 H:335
C011EE $95 $00         STA $00,X [000000] = $0100      A:0100 X:0000 Y:0008 S:0367 D:0000 DB:7F P:05 V:261 H:0  
C011F0 $A3 $03         LDA $03,S [00036A] = $0A48      A:0100 X:0000 Y:0008 S:0367 D:0000 DB:7F P:05 V:261 H:8  
C011F2 $10 $04         BPL $C011F8                     A:0A48 X:0000 Y:0008 S:0367 D:0000 DB:7F P:05 V:261 H:17 
C011F8 $22 $46 $11 $C0 JSL $C01146                     A:0A48 X:0000 Y:0008 S:0367 D:0000 DB:7F P:05 V:261 H:21 
C01146 $08             PHP                             A:0A48 X:0000 Y:0008 S:0364 D:0000 DB:7F P:05 V:261 H:35 
C01147 $E2 $20         SEP #$20                        A:0A48 X:0000 Y:0008 S:0363 D:0000 DB:7F P:05 V:261 H:40 
C01149 $48             PHA                             A:0A48 X:0000 Y:0008 S:0363 D:0000 DB:7F P:25 V:261 H:44 
C0114A $EB             XBA                             A:0A48 X:0000 Y:0008 S:0362 D:0000 DB:7F P:25 V:261 H:49 
C0114B $48             PHA                             A:480A X:0000 Y:0008 S:0362 D:0000 DB:7F P:25 V:261 H:54 
C0114C $B5 $01         LDA $01,X [000001] = $01        A:480A X:0000 Y:0008 S:0361 D:0000 DB:7F P:25 V:261 H:59 
C0114E $48             PHA                             A:4801 X:0000 Y:0008 S:0361 D:0000 DB:7F P:25 V:261 H:65 
C0114F $A3 $03         LDA $03,S [000363] = $48        A:4801 X:0000 Y:0008 S:0360 D:0000 DB:7F P:25 V:261 H:70 
C01151 $EB             XBA                             A:4848 X:0000 Y:0008 S:0360 D:0000 DB:7F P:25 V:261 H:77 
C01152 $B5 $00         LDA $00,X [000000] = $00        A:4848 X:0000 Y:0008 S:0360 D:0000 DB:7F P:25 V:261 H:81 
C01154 $48             PHA                             A:4800 X:0000 Y:0008 S:0360 D:0000 DB:7F P:27 V:261 H:88 
C01155 $8F $02 $42 $00 STA $004202                     A:4800 X:0000 Y:0008 S:035F D:0000 DB:7F P:27 V:261 H:93 
C01159 $EB             XBA                             A:4800 X:0000 Y:0008 S:035F D:0000 DB:7F P:27 V:261 H:100
C0115A $8F $03 $42 $00 STA $004203                     A:0048 X:0000 Y:0008 S:035F D:0000 DB:7F P:25 V:261 H:105
C0115E $EA             NOP                             A:0048 X:0000 Y:0008 S:035F D:0000 DB:7F P:25 V:261 H:112
C0115F $EA             NOP                             A:0048 X:0000 Y:0008 S:035F D:0000 DB:7F P:25 V:261 H:115
C01160 $EA             NOP                             A:0048 X:0000 Y:0008 S:035F D:0000 DB:7F P:25 V:261 H:118
C01161 $EA             NOP                             A:0048 X:0000 Y:0008 S:035F D:0000 DB:7F P:25 V:261 H:121
C01162 $AF $16 $42 $00 LDA $004216                     A:0048 X:0000 Y:0008 S:035F D:0000 DB:7F P:25 V:261 H:124
C01166 $95 $00         STA $00,X [000000] = $00        A:0000 X:0000 Y:0008 S:035F D:0000 DB:7F P:27 V:261 H:132
C01168 $AF $17 $42 $00 LDA $004217                     A:0000 X:0000 Y:0008 S:035F D:0000 DB:7F P:27 V:261 H:148
C0116C $95 $01         STA $01,X [000001] = $01        A:0000 X:0000 Y:0008 S:035F D:0000 DB:7F P:27 V:261 H:156
C0116E $68             PLA                             A:0000 X:0000 Y:0008 S:035F D:0000 DB:7F P:27 V:261 H:162
C0116F $EB             XBA                             A:0000 X:0000 Y:0008 S:0360 D:0000 DB:7F P:27 V:261 H:169
C01170 $A3 $02         LDA $02,S [000362] = $0A        A:0000 X:0000 Y:0008 S:0360 D:0000 DB:7F P:27 V:261 H:173
C01172 $8F $02 $42 $00 STA $004202                     A:000A X:0000 Y:0008 S:0360 D:0000 DB:7F P:25 V:261 H:180
C01176 $EB             XBA                             A:000A X:0000 Y:0008 S:0360 D:0000 DB:7F P:25 V:261 H:187
C01177 $8F $03 $42 $00 STA $004203                     A:0A00 X:0000 Y:0008 S:0360 D:0000 DB:7F P:27 V:261 H:192
C0117B $EA             NOP                             A:0A00 X:0000 Y:0008 S:0360 D:0000 DB:7F P:27 V:261 H:199
C0117C $EA             NOP                             A:0A00 X:0000 Y:0008 S:0360 D:0000 DB:7F P:27 V:261 H:202
C0117D $EA             NOP                             A:0A00 X:0000 Y:0008 S:0360 D:0000 DB:7F P:27 V:261 H:205
C0117E $EA             NOP                             A:0A00 X:0000 Y:0008 S:0360 D:0000 DB:7F P:27 V:261 H:208
C0117F $AF $16 $42 $00 LDA $004216                     A:0A00 X:0000 Y:0008 S:0360 D:0000 DB:7F P:27 V:261 H:211
C01183 $18             CLC                             A:0A00 X:0000 Y:0008 S:0360 D:0000 DB:7F P:27 V:261 H:219
C01184 $75 $01         ADC $01,X [000001] = $00        A:0A00 X:0000 Y:0008 S:0360 D:0000 DB:7F P:26 V:261 H:222
C01186 $95 $01         STA $01,X [000001] = $00        A:0A00 X:0000 Y:0008 S:0360 D:0000 DB:7F P:26 V:261 H:228
C01188 $AF $17 $42 $00 LDA $004217                     A:0A00 X:0000 Y:0008 S:0360 D:0000 DB:7F P:26 V:261 H:235
C0118C $69 $00         ADC #$00                        A:0A00 X:0000 Y:0008 S:0360 D:0000 DB:7F P:26 V:261 H:242
C0118E $95 $02         STA $02,X [000002] = $C8        A:0A00 X:0000 Y:0008 S:0360 D:0000 DB:7F P:26 V:261 H:245
C01190 $A3 $01         LDA $01,S [000361] = $01        A:0A00 X:0000 Y:0008 S:0360 D:0000 DB:7F P:26 V:261 H:252
C01192 $EB             XBA                             A:0A01 X:0000 Y:0008 S:0360 D:0000 DB:7F P:24 V:261 H:258
C01193 $A3 $03         LDA $03,S [000363] = $48        A:010A X:0000 Y:0008 S:0360 D:0000 DB:7F P:24 V:261 H:263
C01195 $8F $02 $42 $00 STA $004202                     A:0148 X:0000 Y:0008 S:0360 D:0000 DB:7F P:24 V:261 H:269
C01199 $EB             XBA                             A:0148 X:0000 Y:0008 S:0360 D:0000 DB:7F P:24 V:261 H:277
C0119A $8F $03 $42 $00 STA $004203                     A:4801 X:0000 Y:0008 S:0360 D:0000 DB:7F P:24 V:261 H:281
C0119E $EA             NOP                             A:4801 X:0000 Y:0008 S:0360 D:0000 DB:7F P:24 V:261 H:289
C0119F $EA             NOP                             A:4801 X:0000 Y:0008 S:0360 D:0000 DB:7F P:24 V:261 H:292
C011A0 $EA             NOP                             A:4801 X:0000 Y:0008 S:0360 D:0000 DB:7F P:24 V:261 H:295
C011A1 $EA             NOP                             A:4801 X:0000 Y:0008 S:0360 D:0000 DB:7F P:24 V:261 H:298
C011A2 $AF $16 $42 $00 LDA $004216                     A:4801 X:0000 Y:0008 S:0360 D:0000 DB:7F P:24 V:261 H:301
C011A6 $18             CLC                             A:4848 X:0000 Y:0008 S:0360 D:0000 DB:7F P:24 V:261 H:308
C011A7 $75 $01         ADC $01,X [000001] = $00        A:4848 X:0000 Y:0008 S:0360 D:0000 DB:7F P:24 V:261 H:311
C011A9 $95 $01         STA $01,X [000001] = $00        A:4848 X:0000 Y:0008 S:0360 D:0000 DB:7F P:24 V:261 H:318
C011AB $AF $17 $42 $00 LDA $004217                     A:4848 X:0000 Y:0008 S:0360 D:0000 DB:7F P:24 V:261 H:324
C011AF $75 $02         ADC $02,X [000002] = $00        A:4800 X:0000 Y:0008 S:0360 D:0000 DB:7F P:26 V:261 H:331
C011B1 $95 $02         STA $02,X [000002] = $00        A:4800 X:0000 Y:0008 S:0360 D:0000 DB:7F P:26 V:261 H:337
C011B3 $A9 $00         LDA #$00                        A:4800 X:0000 Y:0008 S:0360 D:0000 DB:7F P:26 V:0   H:13 
C011B5 $2A             ROL                             A:4800 X:0000 Y:0008 S:0360 D:0000 DB:7F P:26 V:0   H:16 
C011B6 $95 $03         STA $03,X [000003] = $00        A:4800 X:0000 Y:0008 S:0360 D:0000 DB:7F P:26 V:0   H:19 
C011B8 $A3 $01         LDA $01,S [000361] = $01        A:4800 X:0000 Y:0008 S:0360 D:0000 DB:7F P:26 V:0   H:25 
C011BA $EB             XBA                             A:4801 X:0000 Y:0008 S:0360 D:0000 DB:7F P:24 V:0   H:32 
C011BB $A3 $02         LDA $02,S [000362] = $0A        A:0148 X:0000 Y:0008 S:0360 D:0000 DB:7F P:24 V:0   H:36 
C011BD $8F $02 $42 $00 STA $004202                     A:010A X:0000 Y:0008 S:0360 D:0000 DB:7F P:24 V:0   H:43 
C011C1 $EB             XBA                             A:010A X:0000 Y:0008 S:0360 D:0000 DB:7F P:24 V:0   H:50 
C011C2 $8F $03 $42 $00 STA $004203                     A:0A01 X:0000 Y:0008 S:0360 D:0000 DB:7F P:24 V:0   H:55 
C011C6 $EA             NOP                             A:0A01 X:0000 Y:0008 S:0360 D:0000 DB:7F P:24 V:0   H:62 
C011C7 $EA             NOP                             A:0A01 X:0000 Y:0008 S:0360 D:0000 DB:7F P:24 V:0   H:65 
C011C8 $EA             NOP                             A:0A01 X:0000 Y:0008 S:0360 D:0000 DB:7F P:24 V:0   H:68 
C011C9 $EA             NOP                             A:0A01 X:0000 Y:0008 S:0360 D:0000 DB:7F P:24 V:0   H:71 
C011CA $AF $16 $42 $00 LDA $004216                     A:0A01 X:0000 Y:0008 S:0360 D:0000 DB:7F P:24 V:0   H:74 
C011CE $18             CLC                             A:0A0A X:0000 Y:0008 S:0360 D:0000 DB:7F P:24 V:0   H:82 
C011CF $75 $02         ADC $02,X [000002] = $00        A:0A0A X:0000 Y:0008 S:0360 D:0000 DB:7F P:24 V:0   H:85 
C011D1 $95 $02         STA $02,X [000002] = $00        A:0A0A X:0000 Y:0008 S:0360 D:0000 DB:7F P:24 V:0   H:91 
C011D3 $AF $17 $42 $00 LDA $004217                     A:0A0A X:0000 Y:0008 S:0360 D:0000 DB:7F P:24 V:0   H:98 
C011D7 $75 $03         ADC $03,X [000003] = $00        A:0A00 X:0000 Y:0008 S:0360 D:0000 DB:7F P:26 V:0   H:105
C011D9 $95 $03         STA $03,X [000003] = $00        A:0A00 X:0000 Y:0008 S:0360 D:0000 DB:7F P:26 V:0   H:112
C011DB $68             PLA                             A:0A00 X:0000 Y:0008 S:0360 D:0000 DB:7F P:26 V:0   H:118
C011DC $68             PLA                             A:0A01 X:0000 Y:0008 S:0361 D:0000 DB:7F P:24 V:0   H:125
C011DD $EB             XBA                             A:0A0A X:0000 Y:0008 S:0362 D:0000 DB:7F P:24 V:0   H:131
C011DE $68             PLA                             A:0A0A X:0000 Y:0008 S:0362 D:0000 DB:7F P:24 V:0   H:146
C011DF $28             PLP                             A:0A48 X:0000 Y:0008 S:0363 D:0000 DB:7F P:24 V:0   H:152
C011E0 $6B             RTL                             A:0A48 X:0000 Y:0008 S:0364 D:0000 DB:7F P:05 V:0   H:159
C011FC $68             PLA                             A:0A48 X:0000 Y:0008 S:0367 D:0000 DB:7F P:05 V:0   H:169
C011FD $43 $01         EOR $01,S [00036A] = $0A48      A:0100 X:0000 Y:0008 S:0369 D:0000 DB:7F P:05 V:0   H:178
C011FF $29 $00 $80     AND #$8000                      A:0B48 X:0000 Y:0008 S:0369 D:0000 DB:7F P:05 V:0   H:186
C01202 $F0 $15         BEQ $C01219                     A:0000 X:0000 Y:0008 S:0369 D:0000 DB:7F P:07 V:0   H:191
C01219 $68             PLA                             A:0000 X:0000 Y:0008 S:0369 D:0000 DB:7F P:07 V:0   H:195
C0121A $28             PLP                             A:0A48 X:0000 Y:0008 S:036B D:0000 DB:7F P:05 V:0   H:204
C0121B $6B             RTL                             A:0A48 X:0000 Y:0008 S:036C D:0000 DB:7F P:05 V:0   H:210
C60900 $A5 $01         LDA $01 [000001] = $0A48        A:0A48 X:0000 Y:0008 S:036F D:0000 DB:7F P:05 V:0   H:221
C60902 $99 $6C $E3     STA $E36C,Y [7FE374] = $0828    A:0A48 X:0000 Y:0008 S:036F D:0000 DB:7F P:05 V:0   H:228
C60905 $88             DEY                             A:0A48 X:0000 Y:0008 S:036F D:0000 DB:7F P:05 V:0   H:238
C60906 $88             DEY                             A:0A48 X:0000 Y:0007 S:036F D:0000 DB:7F P:05 V:0   H:241
C60907 $10 $EC         BPL $C608F5                     A:0A48 X:0000 Y:0006 S:036F D:0000 DB:7F P:05 V:0   H:244
C608F5 $B9 $DE $E2     LDA $E2DE,Y [7FE2E4] = $0000    A:0A48 X:0000 Y:0006 S:036F D:0000 DB:7F P:05 V:0   H:248
C608F8 $85 $00         STA $00 [000000] = $4800        A:0000 X:0000 Y:0006 S:036F D:0000 DB:7F P:07 V:0   H:258
C608FA $A3 $01         LDA $01,S [000370] = $0A48      A:0000 X:0000 Y:0006 S:036F D:0000 DB:7F P:07 V:0   H:265
C608FC $22 $E1 $11 $C0 JSL $C011E1                     A:0A48 X:0000 Y:0006 S:036F D:0000 DB:7F P:05 V:0   H:274
C011E1 $08             PHP                             A:0A48 X:0000 Y:0006 S:036C D:0000 DB:7F P:05 V:0   H:302
C011E2 $C2 $20         REP #$20                        A:0A48 X:0000 Y:0006 S:036B D:0000 DB:7F P:05 V:0   H:307
C011E4 $48             PHA                             A:0A48 X:0000 Y:0006 S:036B D:0000 DB:7F P:05 V:0   H:312
C011E5 $B5 $00         LDA $00,X [000000] = $0000      A:0A48 X:0000 Y:0006 S:0369 D:0000 DB:7F P:05 V:0   H:319
C011E7 $48             PHA                             A:0000 X:0000 Y:0006 S:0369 D:0000 DB:7F P:07 V:0   H:327
C011E8 $10 $04         BPL $C011EE                     A:0000 X:0000 Y:0006 S:0367 D:0000 DB:7F P:07 V:0   H:333
C011EE $95 $00         STA $00,X [000000] = $0000      A:0000 X:0000 Y:0006 S:0367 D:0000 DB:7F P:07 V:0   H:338
C011F0 $A3 $03         LDA $03,S [00036A] = $0A48      A:0000 X:0000 Y:0006 S:0367 D:0000 DB:7F P:07 V:1   H:6  
C011F2 $10 $04         BPL $C011F8                     A:0A48 X:0000 Y:0006 S:0367 D:0000 DB:7F P:05 V:1   H:15 
C011F8 $22 $46 $11 $C0 JSL $C01146                     A:0A48 X:0000 Y:0006 S:0367 D:0000 DB:7F P:05 V:1   H:19 
C01146 $08             PHP                             A:0A48 X:0000 Y:0006 S:0364 D:0000 DB:7F P:05 V:1   H:33 
C01147 $E2 $20         SEP #$20                        A:0A48 X:0000 Y:0006 S:0363 D:0000 DB:7F P:05 V:1   H:38 
C01149 $48             PHA                             A:0A48 X:0000 Y:0006 S:0363 D:0000 DB:7F P:25 V:1   H:42 
C0114A $EB             XBA                             A:0A48 X:0000 Y:0006 S:0362 D:0000 DB:7F P:25 V:1   H:47 
C0114B $48             PHA                             A:480A X:0000 Y:0006 S:0362 D:0000 DB:7F P:25 V:1   H:52 
C0114C $B5 $01         LDA $01,X [000001] = $00        A:480A X:0000 Y:0006 S:0361 D:0000 DB:7F P:25 V:1   H:57 
C0114E $48             PHA                             A:4800 X:0000 Y:0006 S:0361 D:0000 DB:7F P:27 V:1   H:63 
C0114F $A3 $03         LDA $03,S [000363] = $48        A:4800 X:0000 Y:0006 S:0360 D:0000 DB:7F P:27 V:1   H:68 
C01151 $EB             XBA                             A:4848 X:0000 Y:0006 S:0360 D:0000 DB:7F P:25 V:1   H:75 
C01152 $B5 $00         LDA $00,X [000000] = $00        A:4848 X:0000 Y:0006 S:0360 D:0000 DB:7F P:25 V:1   H:79 
C01154 $48             PHA                             A:4800 X:0000 Y:0006 S:0360 D:0000 DB:7F P:27 V:1   H:86 
C01155 $8F $02 $42 $00 STA $004202                     A:4800 X:0000 Y:0006 S:035F D:0000 DB:7F P:27 V:1   H:91 
C01159 $EB             XBA                             A:4800 X:0000 Y:0006 S:035F D:0000 DB:7F P:27 V:1   H:98 
C0115A $8F $03 $42 $00 STA $004203                     A:0048 X:0000 Y:0006 S:035F D:0000 DB:7F P:25 V:1   H:103
C0115E $EA             NOP                             A:0048 X:0000 Y:0006 S:035F D:0000 DB:7F P:25 V:1   H:110
C0115F $EA             NOP                             A:0048 X:0000 Y:0006 S:035F D:0000 DB:7F P:25 V:1   H:113
C01160 $EA             NOP                             A:0048 X:0000 Y:0006 S:035F D:0000 DB:7F P:25 V:1   H:116
C01161 $EA             NOP                             A:0048 X:0000 Y:0006 S:035F D:0000 DB:7F P:25 V:1   H:119
C01162 $AF $16 $42 $00 LDA $004216                     A:0048 X:0000 Y:0006 S:035F D:0000 DB:7F P:25 V:1   H:122
C01166 $95 $00         STA $00,X [000000] = $00        A:0000 X:0000 Y:0006 S:035F D:0000 DB:7F P:27 V:1   H:130
C01168 $AF $17 $42 $00 LDA $004217                     A:0000 X:0000 Y:0006 S:035F D:0000 DB:7F P:27 V:1   H:146
C0116C $95 $01         STA $01,X [000001] = $00        A:0000 X:0000 Y:0006 S:035F D:0000 DB:7F P:27 V:1   H:154
C0116E $68             PLA                             A:0000 X:0000 Y:0006 S:035F D:0000 DB:7F P:27 V:1   H:160
C0116F $EB             XBA                             A:0000 X:0000 Y:0006 S:0360 D:0000 DB:7F P:27 V:1   H:167
C01170 $A3 $02         LDA $02,S [000362] = $0A        A:0000 X:0000 Y:0006 S:0360 D:0000 DB:7F P:27 V:1   H:171
C01172 $8F $02 $42 $00 STA $004202                     A:000A X:0000 Y:0006 S:0360 D:0000 DB:7F P:25 V:1   H:178
C01176 $EB             XBA                             A:000A X:0000 Y:0006 S:0360 D:0000 DB:7F P:25 V:1   H:185
C01177 $8F $03 $42 $00 STA $004203                     A:0A00 X:0000 Y:0006 S:0360 D:0000 DB:7F P:27 V:1   H:190
C0117B $EA             NOP                             A:0A00 X:0000 Y:0006 S:0360 D:0000 DB:7F P:27 V:1   H:197
C0117C $EA             NOP                             A:0A00 X:0000 Y:0006 S:0360 D:0000 DB:7F P:27 V:1   H:200
C0117D $EA             NOP                             A:0A00 X:0000 Y:0006 S:0360 D:0000 DB:7F P:27 V:1   H:203
C0117E $EA             NOP                             A:0A00 X:0000 Y:0006 S:0360 D:0000 DB:7F P:27 V:1   H:206
C0117F $AF $16 $42 $00 LDA $004216                     A:0A00 X:0000 Y:0006 S:0360 D:0000 DB:7F P:27 V:1   H:209
C01183 $18             CLC                             A:0A00 X:0000 Y:0006 S:0360 D:0000 DB:7F P:27 V:1   H:217
C01184 $75 $01         ADC $01,X [000001] = $00        A:0A00 X:0000 Y:0006 S:0360 D:0000 DB:7F P:26 V:1   H:220
C01186 $95 $01         STA $01,X [000001] = $00        A:0A00 X:0000 Y:0006 S:0360 D:0000 DB:7F P:26 V:1   H:226
C01188 $AF $17 $42 $00 LDA $004217                     A:0A00 X:0000 Y:0006 S:0360 D:0000 DB:7F P:26 V:1   H:233
C0118C $69 $00         ADC #$00                        A:0A00 X:0000 Y:0006 S:0360 D:0000 DB:7F P:26 V:1   H:240
C0118E $95 $02         STA $02,X [000002] = $0A        A:0A00 X:0000 Y:0006 S:0360 D:0000 DB:7F P:26 V:1   H:243
C01190 $A3 $01         LDA $01,S [000361] = $00        A:0A00 X:0000 Y:0006 S:0360 D:0000 DB:7F P:26 V:1   H:250
C01192 $EB             XBA                             A:0A00 X:0000 Y:0006 S:0360 D:0000 DB:7F P:26 V:1   H:256
C01193 $A3 $03         LDA $03,S [000363] = $48        A:000A X:0000 Y:0006 S:0360 D:0000 DB:7F P:24 V:1   H:261
C01195 $8F $02 $42 $00 STA $004202                     A:0048 X:0000 Y:0006 S:0360 D:0000 DB:7F P:24 V:1   H:267
C01199 $EB             XBA                             A:0048 X:0000 Y:0006 S:0360 D:0000 DB:7F P:24 V:1   H:275
C0119A $8F $03 $42 $00 STA $004203                     A:4800 X:0000 Y:0006 S:0360 D:0000 DB:7F P:26 V:1   H:285
C0119E $EA             NOP                             A:4800 X:0000 Y:0006 S:0360 D:0000 DB:7F P:26 V:1   H:293
C0119F $EA             NOP                             A:4800 X:0000 Y:0006 S:0360 D:0000 DB:7F P:26 V:1   H:296
C011A0 $EA             NOP                             A:4800 X:0000 Y:0006 S:0360 D:0000 DB:7F P:26 V:1   H:299
C011A1 $EA             NOP                             A:4800 X:0000 Y:0006 S:0360 D:0000 DB:7F P:26 V:1   H:302
C011A2 $AF $16 $42 $00 LDA $004216                     A:4800 X:0000 Y:0006 S:0360 D:0000 DB:7F P:26 V:1   H:305
C011A6 $18             CLC                             A:4800 X:0000 Y:0006 S:0360 D:0000 DB:7F P:26 V:1   H:312
C011A7 $75 $01         ADC $01,X [000001] = $00        A:4800 X:0000 Y:0006 S:0360 D:0000 DB:7F P:26 V:1   H:315
C011A9 $95 $01         STA $01,X [000001] = $00        A:4800 X:0000 Y:0006 S:0360 D:0000 DB:7F P:26 V:1   H:322
C011AB $AF $17 $42 $00 LDA $004217                     A:4800 X:0000 Y:0006 S:0360 D:0000 DB:7F P:26 V:1   H:327
C011AF $75 $02         ADC $02,X [000002] = $00        A:4800 X:0000 Y:0006 S:0360 D:0000 DB:7F P:26 V:1   H:335
C011B1 $95 $02         STA $02,X [000002] = $00        A:4800 X:0000 Y:0006 S:0360 D:0000 DB:7F P:26 V:2   H:1  
C011B3 $A9 $00         LDA #$00                        A:4800 X:0000 Y:0006 S:0360 D:0000 DB:7F P:26 V:2   H:8  
C011B5 $2A             ROL                             A:4800 X:0000 Y:0006 S:0360 D:0000 DB:7F P:26 V:2   H:11 
C011B6 $95 $03         STA $03,X [000003] = $00        A:4800 X:0000 Y:0006 S:0360 D:0000 DB:7F P:26 V:2   H:14 
C011B8 $A3 $01         LDA $01,S [000361] = $00        A:4800 X:0000 Y:0006 S:0360 D:0000 DB:7F P:26 V:2   H:20 
C011BA $EB             XBA                             A:4800 X:0000 Y:0006 S:0360 D:0000 DB:7F P:26 V:2   H:27 
C011BB $A3 $02         LDA $02,S [000362] = $0A        A:0048 X:0000 Y:0006 S:0360 D:0000 DB:7F P:24 V:2   H:31 
C011BD $8F $02 $42 $00 STA $004202                     A:000A X:0000 Y:0006 S:0360 D:0000 DB:7F P:24 V:2   H:38 
C011C1 $EB             XBA                             A:000A X:0000 Y:0006 S:0360 D:0000 DB:7F P:24 V:2   H:45 
C011C2 $8F $03 $42 $00 STA $004203                     A:0A00 X:0000 Y:0006 S:0360 D:0000 DB:7F P:26 V:2   H:50 
C011C6 $EA             NOP                             A:0A00 X:0000 Y:0006 S:0360 D:0000 DB:7F P:26 V:2   H:57 
C011C7 $EA             NOP                             A:0A00 X:0000 Y:0006 S:0360 D:0000 DB:7F P:26 V:2   H:60 
C011C8 $EA             NOP                             A:0A00 X:0000 Y:0006 S:0360 D:0000 DB:7F P:26 V:2   H:63 
C011C9 $EA             NOP                             A:0A00 X:0000 Y:0006 S:0360 D:0000 DB:7F P:26 V:2   H:66 
C011CA $AF $16 $42 $00 LDA $004216                     A:0A00 X:0000 Y:0006 S:0360 D:0000 DB:7F P:26 V:2   H:69 
C011CE $18             CLC                             A:0A00 X:0000 Y:0006 S:0360 D:0000 DB:7F P:26 V:2   H:77 
C011CF $75 $02         ADC $02,X [000002] = $00        A:0A00 X:0000 Y:0006 S:0360 D:0000 DB:7F P:26 V:2   H:80 
C011D1 $95 $02         STA $02,X [000002] = $00        A:0A00 X:0000 Y:0006 S:0360 D:0000 DB:7F P:26 V:2   H:86 
C011D3 $AF $17 $42 $00 LDA $004217                     A:0A00 X:0000 Y:0006 S:0360 D:0000 DB:7F P:26 V:2   H:93 
C011D7 $75 $03         ADC $03,X [000003] = $00        A:0A00 X:0000 Y:0006 S:0360 D:0000 DB:7F P:26 V:2   H:100
C011D9 $95 $03         STA $03,X [000003] = $00        A:0A00 X:0000 Y:0006 S:0360 D:0000 DB:7F P:26 V:2   H:107
C011DB $68             PLA                             A:0A00 X:0000 Y:0006 S:0360 D:0000 DB:7F P:26 V:2   H:113
C011DC $68             PLA                             A:0A00 X:0000 Y:0006 S:0361 D:0000 DB:7F P:26 V:2   H:120
C011DD $EB             XBA                             A:0A0A X:0000 Y:0006 S:0362 D:0000 DB:7F P:24 V:2   H:126
C011DE $68             PLA                             A:0A0A X:0000 Y:0006 S:0362 D:0000 DB:7F P:24 V:2   H:131
C011DF $28             PLP                             A:0A48 X:0000 Y:0006 S:0363 D:0000 DB:7F P:24 V:2   H:147
C011E0 $6B             RTL                             A:0A48 X:0000 Y:0006 S:0364 D:0000 DB:7F P:05 V:2   H:154
C011FC $68             PLA                             A:0A48 X:0000 Y:0006 S:0367 D:0000 DB:7F P:05 V:2   H:164
C011FD $43 $01         EOR $01,S [00036A] = $0A48      A:0000 X:0000 Y:0006 S:0369 D:0000 DB:7F P:07 V:2   H:173
C011FF $29 $00 $80     AND #$8000                      A:0A48 X:0000 Y:0006 S:0369 D:0000 DB:7F P:05 V:2   H:181
C01202 $F0 $15         BEQ $C01219                     A:0000 X:0000 Y:0006 S:0369 D:0000 DB:7F P:07 V:2   H:186
C01219 $68             PLA                             A:0000 X:0000 Y:0006 S:0369 D:0000 DB:7F P:07 V:2   H:190
C0121A $28             PLP                             A:0A48 X:0000 Y:0006 S:036B D:0000 DB:7F P:05 V:2   H:199
C0121B $6B             RTL                             A:0A48 X:0000 Y:0006 S:036C D:0000 DB:7F P:05 V:2   H:205
C60900 $A5 $01         LDA $01 [000001] = $0000        A:0A48 X:0000 Y:0006 S:036F D:0000 DB:7F P:05 V:2   H:216
C60902 $99 $6C $E3     STA $E36C,Y [7FE372] = $0800    A:0000 X:0000 Y:0006 S:036F D:0000 DB:7F P:07 V:2   H:223
C60905 $88             DEY                             A:0000 X:0000 Y:0006 S:036F D:0000 DB:7F P:07 V:2   H:233
C60906 $88             DEY                             A:0000 X:0000 Y:0005 S:036F D:0000 DB:7F P:05 V:2   H:236
C60907 $10 $EC         BPL $C608F5                     A:0000 X:0000 Y:0004 S:036F D:0000 DB:7F P:05 V:2   H:239
C608F5 $B9 $DE $E2     LDA $E2DE,Y [7FE2E2] = $0100    A:0000 X:0000 Y:0004 S:036F D:0000 DB:7F P:05 V:2   H:243
C608F8 $85 $00         STA $00 [000000] = $0000        A:0100 X:0000 Y:0004 S:036F D:0000 DB:7F P:05 V:2   H:253
C608FA $A3 $01         LDA $01,S [000370] = $0A48      A:0100 X:0000 Y:0004 S:036F D:0000 DB:7F P:05 V:2   H:260
C608FC $22 $E1 $11 $C0 JSL $C011E1                     A:0A48 X:0000 Y:0004 S:036F D:0000 DB:7F P:05 V:2   H:269
C011E1 $08             PHP                             A:0A48 X:0000 Y:0004 S:036C D:0000 DB:7F P:05 V:2   H:288
C011E2 $C2 $20         REP #$20                        A:0A48 X:0000 Y:0004 S:036B D:0000 DB:7F P:05 V:2   H:293
C011E4 $48             PHA                             A:0A48 X:0000 Y:0004 S:036B D:0000 DB:7F P:05 V:2   H:298
C011E5 $B5 $00         LDA $00,X [000000] = $0100      A:0A48 X:0000 Y:0004 S:0369 D:0000 DB:7F P:05 V:2   H:305
C011E7 $48             PHA                             A:0100 X:0000 Y:0004 S:0369 D:0000 DB:7F P:05 V:2   H:313
C011E8 $10 $04         BPL $C011EE                     A:0100 X:0000 Y:0004 S:0367 D:0000 DB:7F P:05 V:2   H:320
C011EE $95 $00         STA $00,X [000000] = $0100      A:0100 X:0000 Y:0004 S:0367 D:0000 DB:7F P:05 V:2   H:324
C011F0 $A3 $03         LDA $03,S [00036A] = $0A48      A:0100 X:0000 Y:0004 S:0367 D:0000 DB:7F P:05 V:2   H:332
C011F2 $10 $04         BPL $C011F8                     A:0A48 X:0000 Y:0004 S:0367 D:0000 DB:7F P:05 V:3   H:1  
C011F8 $22 $46 $11 $C0 JSL $C01146                     A:0A48 X:0000 Y:0004 S:0367 D:0000 DB:7F P:05 V:3   H:5  
C01146 $08             PHP                             A:0A48 X:0000 Y:0004 S:0364 D:0000 DB:7F P:05 V:3   H:19 
C01147 $E2 $20         SEP #$20                        A:0A48 X:0000 Y:0004 S:0363 D:0000 DB:7F P:05 V:3   H:24 
C01149 $48             PHA                             A:0A48 X:0000 Y:0004 S:0363 D:0000 DB:7F P:25 V:3   H:28 
C0114A $EB             XBA                             A:0A48 X:0000 Y:0004 S:0362 D:0000 DB:7F P:25 V:3   H:33 
C0114B $48             PHA                             A:480A X:0000 Y:0004 S:0362 D:0000 DB:7F P:25 V:3   H:38 
C0114C $B5 $01         LDA $01,X [000001] = $01        A:480A X:0000 Y:0004 S:0361 D:0000 DB:7F P:25 V:3   H:43 
C0114E $48             PHA                             A:4801 X:0000 Y:0004 S:0361 D:0000 DB:7F P:25 V:3   H:49 
C0114F $A3 $03         LDA $03,S [000363] = $48        A:4801 X:0000 Y:0004 S:0360 D:0000 DB:7F P:25 V:3   H:54 
C01151 $EB             XBA                             A:4848 X:0000 Y:0004 S:0360 D:0000 DB:7F P:25 V:3   H:61 
C01152 $B5 $00         LDA $00,X [000000] = $00        A:4848 X:0000 Y:0004 S:0360 D:0000 DB:7F P:25 V:3   H:65 
C01154 $48             PHA                             A:4800 X:0000 Y:0004 S:0360 D:0000 DB:7F P:27 V:3   H:72 
C01155 $8F $02 $42 $00 STA $004202                     A:4800 X:0000 Y:0004 S:035F D:0000 DB:7F P:27 V:3   H:77 
C01159 $EB             XBA                             A:4800 X:0000 Y:0004 S:035F D:0000 DB:7F P:27 V:3   H:84 
C0115A $8F $03 $42 $00 STA $004203                     A:0048 X:0000 Y:0004 S:035F D:0000 DB:7F P:25 V:3   H:89 
C0115E $EA             NOP                             A:0048 X:0000 Y:0004 S:035F D:0000 DB:7F P:25 V:3   H:96 
C0115F $EA             NOP                             A:0048 X:0000 Y:0004 S:035F D:0000 DB:7F P:25 V:3   H:99 
C01160 $EA             NOP                             A:0048 X:0000 Y:0004 S:035F D:0000 DB:7F P:25 V:3   H:102
C01161 $EA             NOP                             A:0048 X:0000 Y:0004 S:035F D:0000 DB:7F P:25 V:3   H:105
C01162 $AF $16 $42 $00 LDA $004216                     A:0048 X:0000 Y:0004 S:035F D:0000 DB:7F P:25 V:3   H:108
C01166 $95 $00         STA $00,X [000000] = $00        A:0000 X:0000 Y:0004 S:035F D:0000 DB:7F P:27 V:3   H:116
C01168 $AF $17 $42 $00 LDA $004217                     A:0000 X:0000 Y:0004 S:035F D:0000 DB:7F P:27 V:3   H:122
C0116C $95 $01         STA $01,X [000001] = $01        A:0000 X:0000 Y:0004 S:035F D:0000 DB:7F P:27 V:3   H:130
C0116E $68             PLA                             A:0000 X:0000 Y:0004 S:035F D:0000 DB:7F P:27 V:3   H:146
C0116F $EB             XBA                             A:0000 X:0000 Y:0004 S:0360 D:0000 DB:7F P:27 V:3   H:153
C01170 $A3 $02         LDA $02,S [000362] = $0A        A:0000 X:0000 Y:0004 S:0360 D:0000 DB:7F P:27 V:3   H:157
C01172 $8F $02 $42 $00 STA $004202                     A:000A X:0000 Y:0004 S:0360 D:0000 DB:7F P:25 V:3   H:164
C01176 $EB             XBA                             A:000A X:0000 Y:0004 S:0360 D:0000 DB:7F P:25 V:3   H:171
C01177 $8F $03 $42 $00 STA $004203                     A:0A00 X:0000 Y:0004 S:0360 D:0000 DB:7F P:27 V:3   H:176
C0117B $EA             NOP                             A:0A00 X:0000 Y:0004 S:0360 D:0000 DB:7F P:27 V:3   H:183
C0117C $EA             NOP                             A:0A00 X:0000 Y:0004 S:0360 D:0000 DB:7F P:27 V:3   H:186
C0117D $EA             NOP                             A:0A00 X:0000 Y:0004 S:0360 D:0000 DB:7F P:27 V:3   H:189
C0117E $EA             NOP                             A:0A00 X:0000 Y:0004 S:0360 D:0000 DB:7F P:27 V:3   H:192
C0117F $AF $16 $42 $00 LDA $004216                     A:0A00 X:0000 Y:0004 S:0360 D:0000 DB:7F P:27 V:3   H:195
C01183 $18             CLC                             A:0A00 X:0000 Y:0004 S:0360 D:0000 DB:7F P:27 V:3   H:203
C01184 $75 $01         ADC $01,X [000001] = $00        A:0A00 X:0000 Y:0004 S:0360 D:0000 DB:7F P:26 V:3   H:206
C01186 $95 $01         STA $01,X [000001] = $00        A:0A00 X:0000 Y:0004 S:0360 D:0000 DB:7F P:26 V:3   H:212
C01188 $AF $17 $42 $00 LDA $004217                     A:0A00 X:0000 Y:0004 S:0360 D:0000 DB:7F P:26 V:3   H:219
C0118C $69 $00         ADC #$00                        A:0A00 X:0000 Y:0004 S:0360 D:0000 DB:7F P:26 V:3   H:226
C0118E $95 $02         STA $02,X [000002] = $00        A:0A00 X:0000 Y:0004 S:0360 D:0000 DB:7F P:26 V:3   H:229
C01190 $A3 $01         LDA $01,S [000361] = $01        A:0A00 X:0000 Y:0004 S:0360 D:0000 DB:7F P:26 V:3   H:236
C01192 $EB             XBA                             A:0A01 X:0000 Y:0004 S:0360 D:0000 DB:7F P:24 V:3   H:242
C01193 $A3 $03         LDA $03,S [000363] = $48        A:010A X:0000 Y:0004 S:0360 D:0000 DB:7F P:24 V:3   H:247
C01195 $8F $02 $42 $00 STA $004202                     A:0148 X:0000 Y:0004 S:0360 D:0000 DB:7F P:24 V:3   H:253
C01199 $EB             XBA                             A:0148 X:0000 Y:0004 S:0360 D:0000 DB:7F P:24 V:3   H:261
C0119A $8F $03 $42 $00 STA $004203                     A:4801 X:0000 Y:0004 S:0360 D:0000 DB:7F P:24 V:3   H:265
C0119E $EA             NOP                             A:4801 X:0000 Y:0004 S:0360 D:0000 DB:7F P:24 V:3   H:273
C0119F $EA             NOP                             A:4801 X:0000 Y:0004 S:0360 D:0000 DB:7F P:24 V:3   H:276
C011A0 $EA             NOP                             A:4801 X:0000 Y:0004 S:0360 D:0000 DB:7F P:24 V:3   H:286
C011A1 $EA             NOP                             A:4801 X:0000 Y:0004 S:0360 D:0000 DB:7F P:24 V:3   H:289
C011A2 $AF $16 $42 $00 LDA $004216                     A:4801 X:0000 Y:0004 S:0360 D:0000 DB:7F P:24 V:3   H:292
C011A6 $18             CLC                             A:4848 X:0000 Y:0004 S:0360 D:0000 DB:7F P:24 V:3   H:300
C011A7 $75 $01         ADC $01,X [000001] = $00        A:4848 X:0000 Y:0004 S:0360 D:0000 DB:7F P:24 V:3   H:303
C011A9 $95 $01         STA $01,X [000001] = $00        A:4848 X:0000 Y:0004 S:0360 D:0000 DB:7F P:24 V:3   H:309
C011AB $AF $17 $42 $00 LDA $004217                     A:4848 X:0000 Y:0004 S:0360 D:0000 DB:7F P:24 V:3   H:316
C011AF $75 $02         ADC $02,X [000002] = $00        A:4800 X:0000 Y:0004 S:0360 D:0000 DB:7F P:26 V:3   H:323
C011B1 $95 $02         STA $02,X [000002] = $00        A:4800 X:0000 Y:0004 S:0360 D:0000 DB:7F P:26 V:3   H:329
C011B3 $A9 $00         LDA #$00                        A:4800 X:0000 Y:0004 S:0360 D:0000 DB:7F P:26 V:3   H:335
C011B5 $2A             ROL                             A:4800 X:0000 Y:0004 S:0360 D:0000 DB:7F P:26 V:3   H:338
C011B6 $95 $03         STA $03,X [000003] = $00        A:4800 X:0000 Y:0004 S:0360 D:0000 DB:7F P:26 V:4   H:1  
C011B8 $A3 $01         LDA $01,S [000361] = $01        A:4800 X:0000 Y:0004 S:0360 D:0000 DB:7F P:26 V:4   H:8  
C011BA $EB             XBA                             A:4801 X:0000 Y:0004 S:0360 D:0000 DB:7F P:24 V:4   H:14 
C011BB $A3 $02         LDA $02,S [000362] = $0A        A:0148 X:0000 Y:0004 S:0360 D:0000 DB:7F P:24 V:4   H:19 
C011BD $8F $02 $42 $00 STA $004202                     A:010A X:0000 Y:0004 S:0360 D:0000 DB:7F P:24 V:4   H:25 
C011C1 $EB             XBA                             A:010A X:0000 Y:0004 S:0360 D:0000 DB:7F P:24 V:4   H:33 
C011C2 $8F $03 $42 $00 STA $004203                     A:0A01 X:0000 Y:0004 S:0360 D:0000 DB:7F P:24 V:4   H:37 
C011C6 $EA             NOP                             A:0A01 X:0000 Y:0004 S:0360 D:0000 DB:7F P:24 V:4   H:45 
C011C7 $EA             NOP                             A:0A01 X:0000 Y:0004 S:0360 D:0000 DB:7F P:24 V:4   H:48 
C011C8 $EA             NOP                             A:0A01 X:0000 Y:0004 S:0360 D:0000 DB:7F P:24 V:4   H:51 
C011C9 $EA             NOP                             A:0A01 X:0000 Y:0004 S:0360 D:0000 DB:7F P:24 V:4   H:54 
C011CA $AF $16 $42 $00 LDA $004216                     A:0A01 X:0000 Y:0004 S:0360 D:0000 DB:7F P:24 V:4   H:57 
C011CE $18             CLC                             A:0A0A X:0000 Y:0004 S:0360 D:0000 DB:7F P:24 V:4   H:64 
C011CF $75 $02         ADC $02,X [000002] = $00        A:0A0A X:0000 Y:0004 S:0360 D:0000 DB:7F P:24 V:4   H:67 
C011D1 $95 $02         STA $02,X [000002] = $00        A:0A0A X:0000 Y:0004 S:0360 D:0000 DB:7F P:24 V:4   H:74 
C011D3 $AF $17 $42 $00 LDA $004217                     A:0A0A X:0000 Y:0004 S:0360 D:0000 DB:7F P:24 V:4   H:80 
C011D7 $75 $03         ADC $03,X [000003] = $00        A:0A00 X:0000 Y:0004 S:0360 D:0000 DB:7F P:26 V:4   H:88 
C011D9 $95 $03         STA $03,X [000003] = $00        A:0A00 X:0000 Y:0004 S:0360 D:0000 DB:7F P:26 V:4   H:94 
C011DB $68             PLA                             A:0A00 X:0000 Y:0004 S:0360 D:0000 DB:7F P:26 V:4   H:101
C011DC $68             PLA                             A:0A01 X:0000 Y:0004 S:0361 D:0000 DB:7F P:24 V:4   H:107
C011DD $EB             XBA                             A:0A0A X:0000 Y:0004 S:0362 D:0000 DB:7F P:24 V:4   H:114
C011DE $68             PLA                             A:0A0A X:0000 Y:0004 S:0362 D:0000 DB:7F P:24 V:4   H:118
C011DF $28             PLP                             A:0A48 X:0000 Y:0004 S:0363 D:0000 DB:7F P:24 V:4   H:125
C011E0 $6B             RTL                             A:0A48 X:0000 Y:0004 S:0364 D:0000 DB:7F P:05 V:4   H:131
C011FC $68             PLA                             A:0A48 X:0000 Y:0004 S:0367 D:0000 DB:7F P:05 V:4   H:152
C011FD $43 $01         EOR $01,S [00036A] = $0A48      A:0100 X:0000 Y:0004 S:0369 D:0000 DB:7F P:05 V:4   H:160
C011FF $29 $00 $80     AND #$8000                      A:0B48 X:0000 Y:0004 S:0369 D:0000 DB:7F P:05 V:4   H:169
C01202 $F0 $15         BEQ $C01219                     A:0000 X:0000 Y:0004 S:0369 D:0000 DB:7F P:07 V:4   H:173
C01219 $68             PLA                             A:0000 X:0000 Y:0004 S:0369 D:0000 DB:7F P:07 V:4   H:178
C0121A $28             PLP                             A:0A48 X:0000 Y:0004 S:036B D:0000 DB:7F P:05 V:4   H:186
C0121B $6B             RTL                             A:0A48 X:0000 Y:0004 S:036C D:0000 DB:7F P:05 V:4   H:193
C60900 $A5 $01         LDA $01 [000001] = $0A48        A:0A48 X:0000 Y:0004 S:036F D:0000 DB:7F P:05 V:4   H:203
C60902 $99 $6C $E3     STA $E36C,Y [7FE370] = $0828    A:0A48 X:0000 Y:0004 S:036F D:0000 DB:7F P:05 V:4   H:210
C60905 $88             DEY                             A:0A48 X:0000 Y:0004 S:036F D:0000 DB:7F P:05 V:4   H:220
C60906 $88             DEY                             A:0A48 X:0000 Y:0003 S:036F D:0000 DB:7F P:05 V:4   H:223
C60907 $10 $EC         BPL $C608F5                     A:0A48 X:0000 Y:0002 S:036F D:0000 DB:7F P:05 V:4   H:226
C608F5 $B9 $DE $E2     LDA $E2DE,Y [7FE2E0] = $0100    A:0A48 X:0000 Y:0002 S:036F D:0000 DB:7F P:05 V:4   H:231
C608F8 $85 $00         STA $00 [000000] = $4800        A:0100 X:0000 Y:0002 S:036F D:0000 DB:7F P:05 V:4   H:241
C608FA $A3 $01         LDA $01,S [000370] = $0A48      A:0100 X:0000 Y:0002 S:036F D:0000 DB:7F P:05 V:4   H:248
C608FC $22 $E1 $11 $C0 JSL $C011E1                     A:0A48 X:0000 Y:0002 S:036F D:0000 DB:7F P:05 V:4   H:256
C011E1 $08             PHP                             A:0A48 X:0000 Y:0002 S:036C D:0000 DB:7F P:05 V:4   H:270
C011E2 $C2 $20         REP #$20                        A:0A48 X:0000 Y:0002 S:036B D:0000 DB:7F P:05 V:4   H:275
C011E4 $48             PHA                             A:0A48 X:0000 Y:0002 S:036B D:0000 DB:7F P:05 V:4   H:287
C011E5 $B5 $00         LDA $00,X [000000] = $0100      A:0A48 X:0000 Y:0002 S:0369 D:0000 DB:7F P:05 V:4   H:294
C011E7 $48             PHA                             A:0100 X:0000 Y:0002 S:0369 D:0000 DB:7F P:05 V:4   H:302
C011E8 $10 $04         BPL $C011EE                     A:0100 X:0000 Y:0002 S:0367 D:0000 DB:7F P:05 V:4   H:309
C011EE $95 $00         STA $00,X [000000] = $0100      A:0100 X:0000 Y:0002 S:0367 D:0000 DB:7F P:05 V:4   H:314
C011F0 $A3 $03         LDA $03,S [00036A] = $0A48      A:0100 X:0000 Y:0002 S:0367 D:0000 DB:7F P:05 V:4   H:322
C011F2 $10 $04         BPL $C011F8                     A:0A48 X:0000 Y:0002 S:0367 D:0000 DB:7F P:05 V:4   H:330
C011F8 $22 $46 $11 $C0 JSL $C01146                     A:0A48 X:0000 Y:0002 S:0367 D:0000 DB:7F P:05 V:4   H:334
C01146 $08             PHP                             A:0A48 X:0000 Y:0002 S:0364 D:0000 DB:7F P:05 V:5   H:8  
C01147 $E2 $20         SEP #$20                        A:0A48 X:0000 Y:0002 S:0363 D:0000 DB:7F P:05 V:5   H:13 
C01149 $48             PHA                             A:0A48 X:0000 Y:0002 S:0363 D:0000 DB:7F P:25 V:5   H:17 
C0114A $EB             XBA                             A:0A48 X:0000 Y:0002 S:0362 D:0000 DB:7F P:25 V:5   H:22 
C0114B $48             PHA                             A:480A X:0000 Y:0002 S:0362 D:0000 DB:7F P:25 V:5   H:27 
C0114C $B5 $01         LDA $01,X [000001] = $01        A:480A X:0000 Y:0002 S:0361 D:0000 DB:7F P:25 V:5   H:32 
C0114E $48             PHA                             A:4801 X:0000 Y:0002 S:0361 D:0000 DB:7F P:25 V:5   H:38 
C0114F $A3 $03         LDA $03,S [000363] = $48        A:4801 X:0000 Y:0002 S:0360 D:0000 DB:7F P:25 V:5   H:43 
C01151 $EB             XBA                             A:4848 X:0000 Y:0002 S:0360 D:0000 DB:7F P:25 V:5   H:50 
C01152 $B5 $00         LDA $00,X [000000] = $00        A:4848 X:0000 Y:0002 S:0360 D:0000 DB:7F P:25 V:5   H:54 
C01154 $48             PHA                             A:4800 X:0000 Y:0002 S:0360 D:0000 DB:7F P:27 V:5   H:61 
C01155 $8F $02 $42 $00 STA $004202                     A:4800 X:0000 Y:0002 S:035F D:0000 DB:7F P:27 V:5   H:66 
C01159 $EB             XBA                             A:4800 X:0000 Y:0002 S:035F D:0000 DB:7F P:27 V:5   H:73 
C0115A $8F $03 $42 $00 STA $004203                     A:0048 X:0000 Y:0002 S:035F D:0000 DB:7F P:25 V:5   H:78 
C0115E $EA             NOP                             A:0048 X:0000 Y:0002 S:035F D:0000 DB:7F P:25 V:5   H:85 
C0115F $EA             NOP                             A:0048 X:0000 Y:0002 S:035F D:0000 DB:7F P:25 V:5   H:88 
C01160 $EA             NOP                             A:0048 X:0000 Y:0002 S:035F D:0000 DB:7F P:25 V:5   H:91 
C01161 $EA             NOP                             A:0048 X:0000 Y:0002 S:035F D:0000 DB:7F P:25 V:5   H:94 
C01162 $AF $16 $42 $00 LDA $004216                     A:0048 X:0000 Y:0002 S:035F D:0000 DB:7F P:25 V:5   H:97 
C01166 $95 $00         STA $00,X [000000] = $00        A:0000 X:0000 Y:0002 S:035F D:0000 DB:7F P:27 V:5   H:105
C01168 $AF $17 $42 $00 LDA $004217                     A:0000 X:0000 Y:0002 S:035F D:0000 DB:7F P:27 V:5   H:111
C0116C $95 $01         STA $01,X [000001] = $01        A:0000 X:0000 Y:0002 S:035F D:0000 DB:7F P:27 V:5   H:119
C0116E $68             PLA                             A:0000 X:0000 Y:0002 S:035F D:0000 DB:7F P:27 V:5   H:125
C0116F $EB             XBA                             A:0000 X:0000 Y:0002 S:0360 D:0000 DB:7F P:27 V:5   H:132
C01170 $A3 $02         LDA $02,S [000362] = $0A        A:0000 X:0000 Y:0002 S:0360 D:0000 DB:7F P:27 V:5   H:146
C01172 $8F $02 $42 $00 STA $004202                     A:000A X:0000 Y:0002 S:0360 D:0000 DB:7F P:25 V:5   H:153
C01176 $EB             XBA                             A:000A X:0000 Y:0002 S:0360 D:0000 DB:7F P:25 V:5   H:160
C01177 $8F $03 $42 $00 STA $004203                     A:0A00 X:0000 Y:0002 S:0360 D:0000 DB:7F P:27 V:5   H:165
C0117B $EA             NOP                             A:0A00 X:0000 Y:0002 S:0360 D:0000 DB:7F P:27 V:5   H:172
C0117C $EA             NOP                             A:0A00 X:0000 Y:0002 S:0360 D:0000 DB:7F P:27 V:5   H:175
C0117D $EA             NOP                             A:0A00 X:0000 Y:0002 S:0360 D:0000 DB:7F P:27 V:5   H:178
C0117E $EA             NOP                             A:0A00 X:0000 Y:0002 S:0360 D:0000 DB:7F P:27 V:5   H:181
C0117F $AF $16 $42 $00 LDA $004216                     A:0A00 X:0000 Y:0002 S:0360 D:0000 DB:7F P:27 V:5   H:184
C01183 $18             CLC                             A:0A00 X:0000 Y:0002 S:0360 D:0000 DB:7F P:27 V:5   H:192
C01184 $75 $01         ADC $01,X [000001] = $00        A:0A00 X:0000 Y:0002 S:0360 D:0000 DB:7F P:26 V:5   H:195
C01186 $95 $01         STA $01,X [000001] = $00        A:0A00 X:0000 Y:0002 S:0360 D:0000 DB:7F P:26 V:5   H:201
C01188 $AF $17 $42 $00 LDA $004217                     A:0A00 X:0000 Y:0002 S:0360 D:0000 DB:7F P:26 V:5   H:208
C0118C $69 $00         ADC #$00                        A:0A00 X:0000 Y:0002 S:0360 D:0000 DB:7F P:26 V:5   H:215
C0118E $95 $02         STA $02,X [000002] = $0A        A:0A00 X:0000 Y:0002 S:0360 D:0000 DB:7F P:26 V:5   H:218
C01190 $A3 $01         LDA $01,S [000361] = $01        A:0A00 X:0000 Y:0002 S:0360 D:0000 DB:7F P:26 V:5   H:225
C01192 $EB             XBA                             A:0A01 X:0000 Y:0002 S:0360 D:0000 DB:7F P:24 V:5   H:231
C01193 $A3 $03         LDA $03,S [000363] = $48        A:010A X:0000 Y:0002 S:0360 D:0000 DB:7F P:24 V:5   H:236
C01195 $8F $02 $42 $00 STA $004202                     A:0148 X:0000 Y:0002 S:0360 D:0000 DB:7F P:24 V:5   H:242
C01199 $EB             XBA                             A:0148 X:0000 Y:0002 S:0360 D:0000 DB:7F P:24 V:5   H:250
C0119A $8F $03 $42 $00 STA $004203                     A:4801 X:0000 Y:0002 S:0360 D:0000 DB:7F P:24 V:5   H:254
C0119E $EA             NOP                             A:4801 X:0000 Y:0002 S:0360 D:0000 DB:7F P:24 V:5   H:262
C0119F $EA             NOP                             A:4801 X:0000 Y:0002 S:0360 D:0000 DB:7F P:24 V:5   H:265
C011A0 $EA             NOP                             A:4801 X:0000 Y:0002 S:0360 D:0000 DB:7F P:24 V:5   H:268
C011A1 $EA             NOP                             A:4801 X:0000 Y:0002 S:0360 D:0000 DB:7F P:24 V:5   H:271
C011A2 $AF $16 $42 $00 LDA $004216                     A:4801 X:0000 Y:0002 S:0360 D:0000 DB:7F P:24 V:5   H:274
C011A6 $18             CLC                             A:4848 X:0000 Y:0002 S:0360 D:0000 DB:7F P:24 V:5   H:287
C011A7 $75 $01         ADC $01,X [000001] = $00        A:4848 X:0000 Y:0002 S:0360 D:0000 DB:7F P:24 V:5   H:290
C011A9 $95 $01         STA $01,X [000001] = $00        A:4848 X:0000 Y:0002 S:0360 D:0000 DB:7F P:24 V:5   H:297
C011AB $AF $17 $42 $00 LDA $004217                     A:4848 X:0000 Y:0002 S:0360 D:0000 DB:7F P:24 V:5   H:303
C011AF $75 $02         ADC $02,X [000002] = $00        A:4800 X:0000 Y:0002 S:0360 D:0000 DB:7F P:26 V:5   H:311
C011B1 $95 $02         STA $02,X [000002] = $00        A:4800 X:0000 Y:0002 S:0360 D:0000 DB:7F P:26 V:5   H:317
C011B3 $A9 $00         LDA #$00                        A:4800 X:0000 Y:0002 S:0360 D:0000 DB:7F P:26 V:5   H:323
C011B5 $2A             ROL                             A:4800 X:0000 Y:0002 S:0360 D:0000 DB:7F P:26 V:5   H:326
C011B6 $95 $03         STA $03,X [000003] = $00        A:4800 X:0000 Y:0002 S:0360 D:0000 DB:7F P:26 V:5   H:329
C011B8 $A3 $01         LDA $01,S [000361] = $01        A:4800 X:0000 Y:0002 S:0360 D:0000 DB:7F P:26 V:5   H:335
C011BA $EB             XBA                             A:4801 X:0000 Y:0002 S:0360 D:0000 DB:7F P:24 V:6   H:2  
C011BB $A3 $02         LDA $02,S [000362] = $0A        A:0148 X:0000 Y:0002 S:0360 D:0000 DB:7F P:24 V:6   H:6  
C011BD $8F $02 $42 $00 STA $004202                     A:010A X:0000 Y:0002 S:0360 D:0000 DB:7F P:24 V:6   H:13 
C011C1 $EB             XBA                             A:010A X:0000 Y:0002 S:0360 D:0000 DB:7F P:24 V:6   H:20 
C011C2 $8F $03 $42 $00 STA $004203                     A:0A01 X:0000 Y:0002 S:0360 D:0000 DB:7F P:24 V:6   H:25 
C011C6 $EA             NOP                             A:0A01 X:0000 Y:0002 S:0360 D:0000 DB:7F P:24 V:6   H:32 
C011C7 $EA             NOP                             A:0A01 X:0000 Y:0002 S:0360 D:0000 DB:7F P:24 V:6   H:35 
C011C8 $EA             NOP                             A:0A01 X:0000 Y:0002 S:0360 D:0000 DB:7F P:24 V:6   H:38 
C011C9 $EA             NOP                             A:0A01 X:0000 Y:0002 S:0360 D:0000 DB:7F P:24 V:6   H:41 
C011CA $AF $16 $42 $00 LDA $004216                     A:0A01 X:0000 Y:0002 S:0360 D:0000 DB:7F P:24 V:6   H:44 
C011CE $18             CLC                             A:0A0A X:0000 Y:0002 S:0360 D:0000 DB:7F P:24 V:6   H:52 
C011CF $75 $02         ADC $02,X [000002] = $00        A:0A0A X:0000 Y:0002 S:0360 D:0000 DB:7F P:24 V:6   H:55 
C011D1 $95 $02         STA $02,X [000002] = $00        A:0A0A X:0000 Y:0002 S:0360 D:0000 DB:7F P:24 V:6   H:61 
C011D3 $AF $17 $42 $00 LDA $004217                     A:0A0A X:0000 Y:0002 S:0360 D:0000 DB:7F P:24 V:6   H:68 
C011D7 $75 $03         ADC $03,X [000003] = $00        A:0A00 X:0000 Y:0002 S:0360 D:0000 DB:7F P:26 V:6   H:75 
C011D9 $95 $03         STA $03,X [000003] = $00        A:0A00 X:0000 Y:0002 S:0360 D:0000 DB:7F P:26 V:6   H:82 
C011DB $68             PLA                             A:0A00 X:0000 Y:0002 S:0360 D:0000 DB:7F P:26 V:6   H:88 
C011DC $68             PLA                             A:0A01 X:0000 Y:0002 S:0361 D:0000 DB:7F P:24 V:6   H:95 
C011DD $EB             XBA                             A:0A0A X:0000 Y:0002 S:0362 D:0000 DB:7F P:24 V:6   H:101
C011DE $68             PLA                             A:0A0A X:0000 Y:0002 S:0362 D:0000 DB:7F P:24 V:6   H:106
C011DF $28             PLP                             A:0A48 X:0000 Y:0002 S:0363 D:0000 DB:7F P:24 V:6   H:112
C011E0 $6B             RTL                             A:0A48 X:0000 Y:0002 S:0364 D:0000 DB:7F P:05 V:6   H:119
C011FC $68             PLA                             A:0A48 X:0000 Y:0002 S:0367 D:0000 DB:7F P:05 V:6   H:129
C011FD $43 $01         EOR $01,S [00036A] = $0A48      A:0100 X:0000 Y:0002 S:0369 D:0000 DB:7F P:05 V:6   H:148
C011FF $29 $00 $80     AND #$8000                      A:0B48 X:0000 Y:0002 S:0369 D:0000 DB:7F P:05 V:6   H:156
C01202 $F0 $15         BEQ $C01219                     A:0000 X:0000 Y:0002 S:0369 D:0000 DB:7F P:07 V:6   H:161
C01219 $68             PLA                             A:0000 X:0000 Y:0002 S:0369 D:0000 DB:7F P:07 V:6   H:165
C0121A $28             PLP                             A:0A48 X:0000 Y:0002 S:036B D:0000 DB:7F P:05 V:6   H:174
C0121B $6B             RTL                             A:0A48 X:0000 Y:0002 S:036C D:0000 DB:7F P:05 V:6   H:180
C60900 $A5 $01         LDA $01 [000001] = $0A48        A:0A48 X:0000 Y:0002 S:036F D:0000 DB:7F P:05 V:6   H:191
C60902 $99 $6C $E3     STA $E36C,Y [7FE36E] = $0828    A:0A48 X:0000 Y:0002 S:036F D:0000 DB:7F P:05 V:6   H:198
C60905 $88             DEY                             A:0A48 X:0000 Y:0002 S:036F D:0000 DB:7F P:05 V:6   H:208
C60906 $88             DEY                             A:0A48 X:0000 Y:0001 S:036F D:0000 DB:7F P:05 V:6   H:211
C60907 $10 $EC         BPL $C608F5                     A:0A48 X:0000 Y:0000 S:036F D:0000 DB:7F P:07 V:6   H:214
C608F5 $B9 $DE $E2     LDA $E2DE,Y [7FE2DE] = $0100    A:0A48 X:0000 Y:0000 S:036F D:0000 DB:7F P:07 V:6   H:218
C608F8 $85 $00         STA $00 [000000] = $4800        A:0100 X:0000 Y:0000 S:036F D:0000 DB:7F P:05 V:6   H:228
C608FA $A3 $01         LDA $01,S [000370] = $0A48      A:0100 X:0000 Y:0000 S:036F D:0000 DB:7F P:05 V:6   H:235
C608FC $22 $E1 $11 $C0 JSL $C011E1                     A:0A48 X:0000 Y:0000 S:036F D:0000 DB:7F P:05 V:6   H:244
C011E1 $08             PHP                             A:0A48 X:0000 Y:0000 S:036C D:0000 DB:7F P:05 V:6   H:257
C011E2 $C2 $20         REP #$20                        A:0A48 X:0000 Y:0000 S:036B D:0000 DB:7F P:05 V:6   H:262
C011E4 $48             PHA                             A:0A48 X:0000 Y:0000 S:036B D:0000 DB:7F P:05 V:6   H:267
C011E5 $B5 $00         LDA $00,X [000000] = $0100      A:0A48 X:0000 Y:0000 S:0369 D:0000 DB:7F P:05 V:6   H:274
C011E7 $48             PHA                             A:0100 X:0000 Y:0000 S:0369 D:0000 DB:7F P:05 V:6   H:288
C011E8 $10 $04         BPL $C011EE                     A:0100 X:0000 Y:0000 S:0367 D:0000 DB:7F P:05 V:6   H:295
C011EE $95 $00         STA $00,X [000000] = $0100      A:0100 X:0000 Y:0000 S:0367 D:0000 DB:7F P:05 V:6   H:300
C011F0 $A3 $03         LDA $03,S [00036A] = $0A48      A:0100 X:0000 Y:0000 S:0367 D:0000 DB:7F P:05 V:6   H:308
C011F2 $10 $04         BPL $C011F8                     A:0A48 X:0000 Y:0000 S:0367 D:0000 DB:7F P:05 V:6   H:317
C011F8 $22 $46 $11 $C0 JSL $C01146                     A:0A48 X:0000 Y:0000 S:0367 D:0000 DB:7F P:05 V:6   H:321
C01146 $08             PHP                             A:0A48 X:0000 Y:0000 S:0364 D:0000 DB:7F P:05 V:6   H:334
C01147 $E2 $20         SEP #$20                        A:0A48 X:0000 Y:0000 S:0363 D:0000 DB:7F P:05 V:6   H:339
C01149 $48             PHA                             A:0A48 X:0000 Y:0000 S:0363 D:0000 DB:7F P:25 V:7   H:3  
C0114A $EB             XBA                             A:0A48 X:0000 Y:0000 S:0362 D:0000 DB:7F P:25 V:7   H:8  
C0114B $48             PHA                             A:480A X:0000 Y:0000 S:0362 D:0000 DB:7F P:25 V:7   H:13 
C0114C $B5 $01         LDA $01,X [000001] = $01        A:480A X:0000 Y:0000 S:0361 D:0000 DB:7F P:25 V:7   H:18 
C0114E $48             PHA                             A:4801 X:0000 Y:0000 S:0361 D:0000 DB:7F P:25 V:7   H:24 
C0114F $A3 $03         LDA $03,S [000363] = $48        A:4801 X:0000 Y:0000 S:0360 D:0000 DB:7F P:25 V:7   H:29 
C01151 $EB             XBA                             A:4848 X:0000 Y:0000 S:0360 D:0000 DB:7F P:25 V:7   H:36 
C01152 $B5 $00         LDA $00,X [000000] = $00        A:4848 X:0000 Y:0000 S:0360 D:0000 DB:7F P:25 V:7   H:40 
C01154 $48             PHA                             A:4800 X:0000 Y:0000 S:0360 D:0000 DB:7F P:27 V:7   H:47 
C01155 $8F $02 $42 $00 STA $004202                     A:4800 X:0000 Y:0000 S:035F D:0000 DB:7F P:27 V:7   H:52 
C01159 $EB             XBA                             A:4800 X:0000 Y:0000 S:035F D:0000 DB:7F P:27 V:7   H:59 
C0115A $8F $03 $42 $00 STA $004203                     A:0048 X:0000 Y:0000 S:035F D:0000 DB:7F P:25 V:7   H:64 
C0115E $EA             NOP                             A:0048 X:0000 Y:0000 S:035F D:0000 DB:7F P:25 V:7   H:71 
C0115F $EA             NOP                             A:0048 X:0000 Y:0000 S:035F D:0000 DB:7F P:25 V:7   H:74 
C01160 $EA             NOP                             A:0048 X:0000 Y:0000 S:035F D:0000 DB:7F P:25 V:7   H:77 
C01161 $EA             NOP                             A:0048 X:0000 Y:0000 S:035F D:0000 DB:7F P:25 V:7   H:80 
C01162 $AF $16 $42 $00 LDA $004216                     A:0048 X:0000 Y:0000 S:035F D:0000 DB:7F P:25 V:7   H:83 
C01166 $95 $00         STA $00,X [000000] = $00        A:0000 X:0000 Y:0000 S:035F D:0000 DB:7F P:27 V:7   H:91 
C01168 $AF $17 $42 $00 LDA $004217                     A:0000 X:0000 Y:0000 S:035F D:0000 DB:7F P:27 V:7   H:97 
C0116C $95 $01         STA $01,X [000001] = $01        A:0000 X:0000 Y:0000 S:035F D:0000 DB:7F P:27 V:7   H:105
C0116E $68             PLA                             A:0000 X:0000 Y:0000 S:035F D:0000 DB:7F P:27 V:7   H:111
C0116F $EB             XBA                             A:0000 X:0000 Y:0000 S:0360 D:0000 DB:7F P:27 V:7   H:118
C01170 $A3 $02         LDA $02,S [000362] = $0A        A:0000 X:0000 Y:0000 S:0360 D:0000 DB:7F P:27 V:7   H:122
C01172 $8F $02 $42 $00 STA $004202                     A:000A X:0000 Y:0000 S:0360 D:0000 DB:7F P:25 V:7   H:129
C01176 $EB             XBA                             A:000A X:0000 Y:0000 S:0360 D:0000 DB:7F P:25 V:7   H:146
C01177 $8F $03 $42 $00 STA $004203                     A:0A00 X:0000 Y:0000 S:0360 D:0000 DB:7F P:27 V:7   H:151
C0117B $EA             NOP                             A:0A00 X:0000 Y:0000 S:0360 D:0000 DB:7F P:27 V:7   H:158
C0117C $EA             NOP                             A:0A00 X:0000 Y:0000 S:0360 D:0000 DB:7F P:27 V:7   H:161
C0117D $EA             NOP                             A:0A00 X:0000 Y:0000 S:0360 D:0000 DB:7F P:27 V:7   H:164
C0117E $EA             NOP                             A:0A00 X:0000 Y:0000 S:0360 D:0000 DB:7F P:27 V:7   H:167
C0117F $AF $16 $42 $00 LDA $004216                     A:0A00 X:0000 Y:0000 S:0360 D:0000 DB:7F P:27 V:7   H:170
C01183 $18             CLC                             A:0A00 X:0000 Y:0000 S:0360 D:0000 DB:7F P:27 V:7   H:178
C01184 $75 $01         ADC $01,X [000001] = $00        A:0A00 X:0000 Y:0000 S:0360 D:0000 DB:7F P:26 V:7   H:181
C01186 $95 $01         STA $01,X [000001] = $00        A:0A00 X:0000 Y:0000 S:0360 D:0000 DB:7F P:26 V:7   H:187
C01188 $AF $17 $42 $00 LDA $004217                     A:0A00 X:0000 Y:0000 S:0360 D:0000 DB:7F P:26 V:7   H:194
C0118C $69 $00         ADC #$00                        A:0A00 X:0000 Y:0000 S:0360 D:0000 DB:7F P:26 V:7   H:201
C0118E $95 $02         STA $02,X [000002] = $0A        A:0A00 X:0000 Y:0000 S:0360 D:0000 DB:7F P:26 V:7   H:204
C01190 $A3 $01         LDA $01,S [000361] = $01        A:0A00 X:0000 Y:0000 S:0360 D:0000 DB:7F P:26 V:7   H:211
C01192 $EB             XBA                             A:0A01 X:0000 Y:0000 S:0360 D:0000 DB:7F P:24 V:7   H:217
C01193 $A3 $03         LDA $03,S [000363] = $48        A:010A X:0000 Y:0000 S:0360 D:0000 DB:7F P:24 V:7   H:222
C01195 $8F $02 $42 $00 STA $004202                     A:0148 X:0000 Y:0000 S:0360 D:0000 DB:7F P:24 V:7   H:228
C01199 $EB             XBA                             A:0148 X:0000 Y:0000 S:0360 D:0000 DB:7F P:24 V:7   H:236
C0119A $8F $03 $42 $00 STA $004203                     A:4801 X:0000 Y:0000 S:0360 D:0000 DB:7F P:24 V:7   H:240
C0119E $EA             NOP                             A:4801 X:0000 Y:0000 S:0360 D:0000 DB:7F P:24 V:7   H:248
C0119F $EA             NOP                             A:4801 X:0000 Y:0000 S:0360 D:0000 DB:7F P:24 V:7   H:251
C011A0 $EA             NOP                             A:4801 X:0000 Y:0000 S:0360 D:0000 DB:7F P:24 V:7   H:254
C011A1 $EA             NOP                             A:4801 X:0000 Y:0000 S:0360 D:0000 DB:7F P:24 V:7   H:257
C011A2 $AF $16 $42 $00 LDA $004216                     A:4801 X:0000 Y:0000 S:0360 D:0000 DB:7F P:24 V:7   H:260
C011A6 $18             CLC                             A:4848 X:0000 Y:0000 S:0360 D:0000 DB:7F P:24 V:7   H:267
C011A7 $75 $01         ADC $01,X [000001] = $00        A:4848 X:0000 Y:0000 S:0360 D:0000 DB:7F P:24 V:7   H:270
C011A9 $95 $01         STA $01,X [000001] = $00        A:4848 X:0000 Y:0000 S:0360 D:0000 DB:7F P:24 V:7   H:286
C011AB $AF $17 $42 $00 LDA $004217                     A:4848 X:0000 Y:0000 S:0360 D:0000 DB:7F P:24 V:7   H:292
C011AF $75 $02         ADC $02,X [000002] = $00        A:4800 X:0000 Y:0000 S:0360 D:0000 DB:7F P:26 V:7   H:300
C011B1 $95 $02         STA $02,X [000002] = $00        A:4800 X:0000 Y:0000 S:0360 D:0000 DB:7F P:26 V:7   H:306
C011B3 $A9 $00         LDA #$00                        A:4800 X:0000 Y:0000 S:0360 D:0000 DB:7F P:26 V:7   H:313
C011B5 $2A             ROL                             A:4800 X:0000 Y:0000 S:0360 D:0000 DB:7F P:26 V:7   H:316
C011B6 $95 $03         STA $03,X [000003] = $00        A:4800 X:0000 Y:0000 S:0360 D:0000 DB:7F P:26 V:7   H:319
C011B8 $A3 $01         LDA $01,S [000361] = $01        A:4800 X:0000 Y:0000 S:0360 D:0000 DB:7F P:26 V:7   H:325
C011BA $EB             XBA                             A:4801 X:0000 Y:0000 S:0360 D:0000 DB:7F P:24 V:7   H:331
C011BB $A3 $02         LDA $02,S [000362] = $0A        A:0148 X:0000 Y:0000 S:0360 D:0000 DB:7F P:24 V:7   H:335
C011BD $8F $02 $42 $00 STA $004202                     A:010A X:0000 Y:0000 S:0360 D:0000 DB:7F P:24 V:8   H:2  
C011C1 $EB             XBA                             A:010A X:0000 Y:0000 S:0360 D:0000 DB:7F P:24 V:8   H:9  
C011C2 $8F $03 $42 $00 STA $004203                     A:0A01 X:0000 Y:0000 S:0360 D:0000 DB:7F P:24 V:8   H:14 
C011C6 $EA             NOP                             A:0A01 X:0000 Y:0000 S:0360 D:0000 DB:7F P:24 V:8   H:21 
C011C7 $EA             NOP                             A:0A01 X:0000 Y:0000 S:0360 D:0000 DB:7F P:24 V:8   H:24 
C011C8 $EA             NOP                             A:0A01 X:0000 Y:0000 S:0360 D:0000 DB:7F P:24 V:8   H:27 
C011C9 $EA             NOP                             A:0A01 X:0000 Y:0000 S:0360 D:0000 DB:7F P:24 V:8   H:30 
C011CA $AF $16 $42 $00 LDA $004216                     A:0A01 X:0000 Y:0000 S:0360 D:0000 DB:7F P:24 V:8   H:33 
C011CE $18             CLC                             A:0A0A X:0000 Y:0000 S:0360 D:0000 DB:7F P:24 V:8   H:41 
C011CF $75 $02         ADC $02,X [000002] = $00        A:0A0A X:0000 Y:0000 S:0360 D:0000 DB:7F P:24 V:8   H:44 
C011D1 $95 $02         STA $02,X [000002] = $00        A:0A0A X:0000 Y:0000 S:0360 D:0000 DB:7F P:24 V:8   H:50 
C011D3 $AF $17 $42 $00 LDA $004217                     A:0A0A X:0000 Y:0000 S:0360 D:0000 DB:7F P:24 V:8   H:57 
C011D7 $75 $03         ADC $03,X [000003] = $00        A:0A00 X:0000 Y:0000 S:0360 D:0000 DB:7F P:26 V:8   H:64 
C011D9 $95 $03         STA $03,X [000003] = $00        A:0A00 X:0000 Y:0000 S:0360 D:0000 DB:7F P:26 V:8   H:71 
C011DB $68             PLA                             A:0A00 X:0000 Y:0000 S:0360 D:0000 DB:7F P:26 V:8   H:77 
C011DC $68             PLA                             A:0A01 X:0000 Y:0000 S:0361 D:0000 DB:7F P:24 V:8   H:84 
C011DD $EB             XBA                             A:0A0A X:0000 Y:0000 S:0362 D:0000 DB:7F P:24 V:8   H:90 
C011DE $68             PLA                             A:0A0A X:0000 Y:0000 S:0362 D:0000 DB:7F P:24 V:8   H:95 
C011DF $28             PLP                             A:0A48 X:0000 Y:0000 S:0363 D:0000 DB:7F P:24 V:8   H:101
C011E0 $6B             RTL                             A:0A48 X:0000 Y:0000 S:0364 D:0000 DB:7F P:05 V:8   H:108
C011FC $68             PLA                             A:0A48 X:0000 Y:0000 S:0367 D:0000 DB:7F P:05 V:8   H:118
C011FD $43 $01         EOR $01,S [00036A] = $0A48      A:0100 X:0000 Y:0000 S:0369 D:0000 DB:7F P:05 V:8   H:127
C011FF $29 $00 $80     AND #$8000                      A:0B48 X:0000 Y:0000 S:0369 D:0000 DB:7F P:05 V:8   H:145
C01202 $F0 $15         BEQ $C01219                     A:0000 X:0000 Y:0000 S:0369 D:0000 DB:7F P:07 V:8   H:150
C01219 $68             PLA                             A:0000 X:0000 Y:0000 S:0369 D:0000 DB:7F P:07 V:8   H:154
C0121A $28             PLP                             A:0A48 X:0000 Y:0000 S:036B D:0000 DB:7F P:05 V:8   H:163
C0121B $6B             RTL                             A:0A48 X:0000 Y:0000 S:036C D:0000 DB:7F P:05 V:8   H:169
C60900 $A5 $01         LDA $01 [000001] = $0A48        A:0A48 X:0000 Y:0000 S:036F D:0000 DB:7F P:05 V:8   H:180
C60902 $99 $6C $E3     STA $E36C,Y [7FE36C] = $0828    A:0A48 X:0000 Y:0000 S:036F D:0000 DB:7F P:05 V:8   H:187
C60905 $88             DEY                             A:0A48 X:0000 Y:0000 S:036F D:0000 DB:7F P:05 V:8   H:197
C60906 $88             DEY                             A:0A48 X:0000 Y:FFFF S:036F D:0000 DB:7F P:85 V:8   H:200
C60907 $10 $EC         BPL $C608F5                     A:0A48 X:0000 Y:FFFE S:036F D:0000 DB:7F P:85 V:8   H:203
C60909 $68             PLA                             A:0A48 X:0000 Y:FFFE S:036F D:0000 DB:7F P:85 V:8   H:206
C6090A $AF $5A $98 $7E LDA $7E985A                     A:0A48 X:0000 Y:FFFE S:0371 D:0000 DB:7F P:05 V:8   H:214
C6090E $38             SEC                             A:1538 X:0000 Y:FFFE S:0371 D:0000 DB:7F P:05 V:8   H:224
C6090F $E3 $01         SBC $01,S [000372] = $0800      A:1538 X:0000 Y:FFFE S:0371 D:0000 DB:7F P:05 V:8   H:227
C60911 $48             PHA                             A:0D38 X:0000 Y:FFFE S:0371 D:0000 DB:7F P:05 V:8   H:236
C60912 $A0 $08 $00     LDY #$0008                      A:0D38 X:0000 Y:FFFE S:036F D:0000 DB:7F P:05 V:8   H:243
C60915 $B9 $EA $E2     LDA $E2EA,Y [7FE2F2] = $0100    A:0D38 X:0000 Y:0008 S:036F D:0000 DB:7F P:05 V:8   H:247
C60918 $85 $00         STA $00 [000000] = $4800        A:0100 X:0000 Y:0008 S:036F D:0000 DB:7F P:05 V:8   H:257
C6091A $A3 $01         LDA $01,S [000370] = $0D38      A:0100 X:0000 Y:0008 S:036F D:0000 DB:7F P:05 V:8   H:264
C6091C $22 $E1 $11 $C0 JSL $C011E1                     A:0D38 X:0000 Y:0008 S:036F D:0000 DB:7F P:05 V:8   H:273
C011E1 $08             PHP                             A:0D38 X:0000 Y:0008 S:036C D:0000 DB:7F P:05 V:8   H:300
C011E2 $C2 $20         REP #$20                        A:0D38 X:0000 Y:0008 S:036B D:0000 DB:7F P:05 V:8   H:305
C011E4 $48             PHA                             A:0D38 X:0000 Y:0008 S:036B D:0000 DB:7F P:05 V:8   H:309
C011E5 $B5 $00         LDA $00,X [000000] = $0100      A:0D38 X:0000 Y:0008 S:0369 D:0000 DB:7F P:05 V:8   H:316
C011E7 $48             PHA                             A:0100 X:0000 Y:0008 S:0369 D:0000 DB:7F P:05 V:8   H:324
C011E8 $10 $04         BPL $C011EE                     A:0100 X:0000 Y:0008 S:0367 D:0000 DB:7F P:05 V:8   H:331
C011EE $95 $00         STA $00,X [000000] = $0100      A:0100 X:0000 Y:0008 S:0367 D:0000 DB:7F P:05 V:8   H:335
C011F0 $A3 $03         LDA $03,S [00036A] = $0D38      A:0100 X:0000 Y:0008 S:0367 D:0000 DB:7F P:05 V:9   H:4  
C011F2 $10 $04         BPL $C011F8                     A:0D38 X:0000 Y:0008 S:0367 D:0000 DB:7F P:05 V:9   H:12 
C011F8 $22 $46 $11 $C0 JSL $C01146                     A:0D38 X:0000 Y:0008 S:0367 D:0000 DB:7F P:05 V:9   H:17 
C01146 $08             PHP                             A:0D38 X:0000 Y:0008 S:0364 D:0000 DB:7F P:05 V:9   H:30 
C01147 $E2 $20         SEP #$20                        A:0D38 X:0000 Y:0008 S:0363 D:0000 DB:7F P:05 V:9   H:35 
C01149 $48             PHA                             A:0D38 X:0000 Y:0008 S:0363 D:0000 DB:7F P:25 V:9   H:40 
C0114A $EB             XBA                             A:0D38 X:0000 Y:0008 S:0362 D:0000 DB:7F P:25 V:9   H:45 
C0114B $48             PHA                             A:380D X:0000 Y:0008 S:0362 D:0000 DB:7F P:25 V:9   H:49 
C0114C $B5 $01         LDA $01,X [000001] = $01        A:380D X:0000 Y:0008 S:0361 D:0000 DB:7F P:25 V:9   H:54 
C0114E $48             PHA                             A:3801 X:0000 Y:0008 S:0361 D:0000 DB:7F P:25 V:9   H:61 
C0114F $A3 $03         LDA $03,S [000363] = $38        A:3801 X:0000 Y:0008 S:0360 D:0000 DB:7F P:25 V:9   H:66 
C01151 $EB             XBA                             A:3838 X:0000 Y:0008 S:0360 D:0000 DB:7F P:25 V:9   H:72 
C01152 $B5 $00         LDA $00,X [000000] = $00        A:3838 X:0000 Y:0008 S:0360 D:0000 DB:7F P:25 V:9   H:77 
C01154 $48             PHA                             A:3800 X:0000 Y:0008 S:0360 D:0000 DB:7F P:27 V:9   H:83 
C01155 $8F $02 $42 $00 STA $004202                     A:3800 X:0000 Y:0008 S:035F D:0000 DB:7F P:27 V:9   H:88 
C01159 $EB             XBA                             A:3800 X:0000 Y:0008 S:035F D:0000 DB:7F P:27 V:9   H:96 
C0115A $8F $03 $42 $00 STA $004203                     A:0038 X:0000 Y:0008 S:035F D:0000 DB:7F P:25 V:9   H:100
C0115E $EA             NOP                             A:0038 X:0000 Y:0008 S:035F D:0000 DB:7F P:25 V:9   H:108
C0115F $EA             NOP                             A:0038 X:0000 Y:0008 S:035F D:0000 DB:7F P:25 V:9   H:111
C01160 $EA             NOP                             A:0038 X:0000 Y:0008 S:035F D:0000 DB:7F P:25 V:9   H:114
C01161 $EA             NOP                             A:0038 X:0000 Y:0008 S:035F D:0000 DB:7F P:25 V:9   H:117
C01162 $AF $16 $42 $00 LDA $004216                     A:0038 X:0000 Y:0008 S:035F D:0000 DB:7F P:25 V:9   H:120
C01166 $95 $00         STA $00,X [000000] = $00        A:0000 X:0000 Y:0008 S:035F D:0000 DB:7F P:27 V:9   H:127
C01168 $AF $17 $42 $00 LDA $004217                     A:0000 X:0000 Y:0008 S:035F D:0000 DB:7F P:27 V:9   H:144
C0116C $95 $01         STA $01,X [000001] = $01        A:0000 X:0000 Y:0008 S:035F D:0000 DB:7F P:27 V:9   H:151
C0116E $68             PLA                             A:0000 X:0000 Y:0008 S:035F D:0000 DB:7F P:27 V:9   H:158
C0116F $EB             XBA                             A:0000 X:0000 Y:0008 S:0360 D:0000 DB:7F P:27 V:9   H:164
C01170 $A3 $02         LDA $02,S [000362] = $0D        A:0000 X:0000 Y:0008 S:0360 D:0000 DB:7F P:27 V:9   H:169
C01172 $8F $02 $42 $00 STA $004202                     A:000D X:0000 Y:0008 S:0360 D:0000 DB:7F P:25 V:9   H:175
C01176 $EB             XBA                             A:000D X:0000 Y:0008 S:0360 D:0000 DB:7F P:25 V:9   H:183
C01177 $8F $03 $42 $00 STA $004203                     A:0D00 X:0000 Y:0008 S:0360 D:0000 DB:7F P:27 V:9   H:187
C0117B $EA             NOP                             A:0D00 X:0000 Y:0008 S:0360 D:0000 DB:7F P:27 V:9   H:195
C0117C $EA             NOP                             A:0D00 X:0000 Y:0008 S:0360 D:0000 DB:7F P:27 V:9   H:198
C0117D $EA             NOP                             A:0D00 X:0000 Y:0008 S:0360 D:0000 DB:7F P:27 V:9   H:201
C0117E $EA             NOP                             A:0D00 X:0000 Y:0008 S:0360 D:0000 DB:7F P:27 V:9   H:204
C0117F $AF $16 $42 $00 LDA $004216                     A:0D00 X:0000 Y:0008 S:0360 D:0000 DB:7F P:27 V:9   H:207
C01183 $18             CLC                             A:0D00 X:0000 Y:0008 S:0360 D:0000 DB:7F P:27 V:9   H:214
C01184 $75 $01         ADC $01,X [000001] = $00        A:0D00 X:0000 Y:0008 S:0360 D:0000 DB:7F P:26 V:9   H:217
C01186 $95 $01         STA $01,X [000001] = $00        A:0D00 X:0000 Y:0008 S:0360 D:0000 DB:7F P:26 V:9   H:224
C01188 $AF $17 $42 $00 LDA $004217                     A:0D00 X:0000 Y:0008 S:0360 D:0000 DB:7F P:26 V:9   H:230
C0118C $69 $00         ADC #$00                        A:0D00 X:0000 Y:0008 S:0360 D:0000 DB:7F P:26 V:9   H:238
C0118E $95 $02         STA $02,X [000002] = $0A        A:0D00 X:0000 Y:0008 S:0360 D:0000 DB:7F P:26 V:9   H:241
C01190 $A3 $01         LDA $01,S [000361] = $01        A:0D00 X:0000 Y:0008 S:0360 D:0000 DB:7F P:26 V:9   H:247
C01192 $EB             XBA                             A:0D01 X:0000 Y:0008 S:0360 D:0000 DB:7F P:24 V:9   H:254
C01193 $A3 $03         LDA $03,S [000363] = $38        A:010D X:0000 Y:0008 S:0360 D:0000 DB:7F P:24 V:9   H:258
C01195 $8F $02 $42 $00 STA $004202                     A:0138 X:0000 Y:0008 S:0360 D:0000 DB:7F P:24 V:9   H:265
C01199 $EB             XBA                             A:0138 X:0000 Y:0008 S:0360 D:0000 DB:7F P:24 V:9   H:272
C0119A $8F $03 $42 $00 STA $004203                     A:3801 X:0000 Y:0008 S:0360 D:0000 DB:7F P:24 V:9   H:283
C0119E $EA             NOP                             A:3801 X:0000 Y:0008 S:0360 D:0000 DB:7F P:24 V:9   H:290
C0119F $EA             NOP                             A:3801 X:0000 Y:0008 S:0360 D:0000 DB:7F P:24 V:9   H:293
C011A0 $EA             NOP                             A:3801 X:0000 Y:0008 S:0360 D:0000 DB:7F P:24 V:9   H:296
C011A1 $EA             NOP                             A:3801 X:0000 Y:0008 S:0360 D:0000 DB:7F P:24 V:9   H:299
C011A2 $AF $16 $42 $00 LDA $004216                     A:3801 X:0000 Y:0008 S:0360 D:0000 DB:7F P:24 V:9   H:302
C011A6 $18             CLC                             A:3838 X:0000 Y:0008 S:0360 D:0000 DB:7F P:24 V:9   H:310
C011A7 $75 $01         ADC $01,X [000001] = $00        A:3838 X:0000 Y:0008 S:0360 D:0000 DB:7F P:24 V:9   H:313
C011A9 $95 $01         STA $01,X [000001] = $00        A:3838 X:0000 Y:0008 S:0360 D:0000 DB:7F P:24 V:9   H:319
C011AB $AF $17 $42 $00 LDA $004217                     A:3838 X:0000 Y:0008 S:0360 D:0000 DB:7F P:24 V:9   H:325
C011AF $75 $02         ADC $02,X [000002] = $00        A:3800 X:0000 Y:0008 S:0360 D:0000 DB:7F P:26 V:9   H:332
C011B1 $95 $02         STA $02,X [000002] = $00        A:3800 X:0000 Y:0008 S:0360 D:0000 DB:7F P:26 V:9   H:339
C011B3 $A9 $00         LDA #$00                        A:3800 X:0000 Y:0008 S:0360 D:0000 DB:7F P:26 V:10  H:5  
C011B5 $2A             ROL                             A:3800 X:0000 Y:0008 S:0360 D:0000 DB:7F P:26 V:10  H:8  
C011B6 $95 $03         STA $03,X [000003] = $00        A:3800 X:0000 Y:0008 S:0360 D:0000 DB:7F P:26 V:10  H:11 
C011B8 $A3 $01         LDA $01,S [000361] = $01        A:3800 X:0000 Y:0008 S:0360 D:0000 DB:7F P:26 V:10  H:18 
C011BA $EB             XBA                             A:3801 X:0000 Y:0008 S:0360 D:0000 DB:7F P:24 V:10  H:24 
C011BB $A3 $02         LDA $02,S [000362] = $0D        A:0138 X:0000 Y:0008 S:0360 D:0000 DB:7F P:24 V:10  H:29 
C011BD $8F $02 $42 $00 STA $004202                     A:010D X:0000 Y:0008 S:0360 D:0000 DB:7F P:24 V:10  H:35 
C011C1 $EB             XBA                             A:010D X:0000 Y:0008 S:0360 D:0000 DB:7F P:24 V:10  H:43 
C011C2 $8F $03 $42 $00 STA $004203                     A:0D01 X:0000 Y:0008 S:0360 D:0000 DB:7F P:24 V:10  H:47 
C011C6 $EA             NOP                             A:0D01 X:0000 Y:0008 S:0360 D:0000 DB:7F P:24 V:10  H:55 
C011C7 $EA             NOP                             A:0D01 X:0000 Y:0008 S:0360 D:0000 DB:7F P:24 V:10  H:58 
C011C8 $EA             NOP                             A:0D01 X:0000 Y:0008 S:0360 D:0000 DB:7F P:24 V:10  H:61 
C011C9 $EA             NOP                             A:0D01 X:0000 Y:0008 S:0360 D:0000 DB:7F P:24 V:10  H:64 
C011CA $AF $16 $42 $00 LDA $004216                     A:0D01 X:0000 Y:0008 S:0360 D:0000 DB:7F P:24 V:10  H:67 
C011CE $18             CLC                             A:0D0D X:0000 Y:0008 S:0360 D:0000 DB:7F P:24 V:10  H:74 
C011CF $75 $02         ADC $02,X [000002] = $00        A:0D0D X:0000 Y:0008 S:0360 D:0000 DB:7F P:24 V:10  H:77 
C011D1 $95 $02         STA $02,X [000002] = $00        A:0D0D X:0000 Y:0008 S:0360 D:0000 DB:7F P:24 V:10  H:84 
C011D3 $AF $17 $42 $00 LDA $004217                     A:0D0D X:0000 Y:0008 S:0360 D:0000 DB:7F P:24 V:10  H:90 
C011D7 $75 $03         ADC $03,X [000003] = $00        A:0D00 X:0000 Y:0008 S:0360 D:0000 DB:7F P:26 V:10  H:98 
C011D9 $95 $03         STA $03,X [000003] = $00        A:0D00 X:0000 Y:0008 S:0360 D:0000 DB:7F P:26 V:10  H:104
C011DB $68             PLA                             A:0D00 X:0000 Y:0008 S:0360 D:0000 DB:7F P:26 V:10  H:111
C011DC $68             PLA                             A:0D01 X:0000 Y:0008 S:0361 D:0000 DB:7F P:24 V:10  H:117
C011DD $EB             XBA                             A:0D0D X:0000 Y:0008 S:0362 D:0000 DB:7F P:24 V:10  H:124
C011DE $68             PLA                             A:0D0D X:0000 Y:0008 S:0362 D:0000 DB:7F P:24 V:10  H:128
C011DF $28             PLP                             A:0D38 X:0000 Y:0008 S:0363 D:0000 DB:7F P:24 V:10  H:145
C011E0 $6B             RTL                             A:0D38 X:0000 Y:0008 S:0364 D:0000 DB:7F P:05 V:10  H:151
C011FC $68             PLA                             A:0D38 X:0000 Y:0008 S:0367 D:0000 DB:7F P:05 V:10  H:162
C011FD $43 $01         EOR $01,S [00036A] = $0D38      A:0100 X:0000 Y:0008 S:0369 D:0000 DB:7F P:05 V:10  H:170
C011FF $29 $00 $80     AND #$8000                      A:0C38 X:0000 Y:0008 S:0369 D:0000 DB:7F P:05 V:10  H:179
C01202 $F0 $15         BEQ $C01219                     A:0000 X:0000 Y:0008 S:0369 D:0000 DB:7F P:07 V:10  H:183
C01219 $68             PLA                             A:0000 X:0000 Y:0008 S:0369 D:0000 DB:7F P:07 V:10  H:188
C0121A $28             PLP                             A:0D38 X:0000 Y:0008 S:036B D:0000 DB:7F P:05 V:10  H:196
C0121B $6B             RTL                             A:0D38 X:0000 Y:0008 S:036C D:0000 DB:7F P:05 V:10  H:203
C60920 $A5 $01         LDA $01 [000001] = $0D38        A:0D38 X:0000 Y:0008 S:036F D:0000 DB:7F P:05 V:10  H:213
C60922 $99 $76 $E3     STA $E376,Y [7FE37E] = $0A40    A:0D38 X:0000 Y:0008 S:036F D:0000 DB:7F P:05 V:10  H:220
C60925 $88             DEY                             A:0D38 X:0000 Y:0008 S:036F D:0000 DB:7F P:05 V:10  H:230
C60926 $88             DEY                             A:0D38 X:0000 Y:0007 S:036F D:0000 DB:7F P:05 V:10  H:233
C60927 $10 $EC         BPL $C60915                     A:0D38 X:0000 Y:0006 S:036F D:0000 DB:7F P:05 V:10  H:236
C60915 $B9 $EA $E2     LDA $E2EA,Y [7FE2F0] = $0000    A:0D38 X:0000 Y:0006 S:036F D:0000 DB:7F P:05 V:10  H:241
C60918 $85 $00         STA $00 [000000] = $3800        A:0000 X:0000 Y:0006 S:036F D:0000 DB:7F P:07 V:10  H:251
C6091A $A3 $01         LDA $01,S [000370] = $0D38      A:0000 X:0000 Y:0006 S:036F D:0000 DB:7F P:07 V:10  H:258
C6091C $22 $E1 $11 $C0 JSL $C011E1                     A:0D38 X:0000 Y:0006 S:036F D:0000 DB:7F P:05 V:10  H:266
C011E1 $08             PHP                             A:0D38 X:0000 Y:0006 S:036C D:0000 DB:7F P:05 V:10  H:286
C011E2 $C2 $20         REP #$20                        A:0D38 X:0000 Y:0006 S:036B D:0000 DB:7F P:05 V:10  H:291
C011E4 $48             PHA                             A:0D38 X:0000 Y:0006 S:036B D:0000 DB:7F P:05 V:10  H:295
C011E5 $B5 $00         LDA $00,X [000000] = $0000      A:0D38 X:0000 Y:0006 S:0369 D:0000 DB:7F P:05 V:10  H:302
C011E7 $48             PHA                             A:0000 X:0000 Y:0006 S:0369 D:0000 DB:7F P:07 V:10  H:311
C011E8 $10 $04         BPL $C011EE                     A:0000 X:0000 Y:0006 S:0367 D:0000 DB:7F P:07 V:10  H:318
C011EE $95 $00         STA $00,X [000000] = $0000      A:0000 X:0000 Y:0006 S:0367 D:0000 DB:7F P:07 V:10  H:322
C011F0 $A3 $03         LDA $03,S [00036A] = $0D38      A:0000 X:0000 Y:0006 S:0367 D:0000 DB:7F P:07 V:10  H:330
C011F2 $10 $04         BPL $C011F8                     A:0D38 X:0000 Y:0006 S:0367 D:0000 DB:7F P:05 V:10  H:338
C011F8 $22 $46 $11 $C0 JSL $C01146                     A:0D38 X:0000 Y:0006 S:0367 D:0000 DB:7F P:05 V:11  H:3  
C01146 $08             PHP                             A:0D38 X:0000 Y:0006 S:0364 D:0000 DB:7F P:05 V:11  H:16 
C01147 $E2 $20         SEP #$20                        A:0D38 X:0000 Y:0006 S:0363 D:0000 DB:7F P:05 V:11  H:21 
C01149 $48             PHA                             A:0D38 X:0000 Y:0006 S:0363 D:0000 DB:7F P:25 V:11  H:26 
C0114A $EB             XBA                             A:0D38 X:0000 Y:0006 S:0362 D:0000 DB:7F P:25 V:11  H:31 
C0114B $48             PHA                             A:380D X:0000 Y:0006 S:0362 D:0000 DB:7F P:25 V:11  H:35 
C0114C $B5 $01         LDA $01,X [000001] = $00        A:380D X:0000 Y:0006 S:0361 D:0000 DB:7F P:25 V:11  H:40 
C0114E $48             PHA                             A:3800 X:0000 Y:0006 S:0361 D:0000 DB:7F P:27 V:11  H:47 
C0114F $A3 $03         LDA $03,S [000363] = $38        A:3800 X:0000 Y:0006 S:0360 D:0000 DB:7F P:27 V:11  H:52 
C01151 $EB             XBA                             A:3838 X:0000 Y:0006 S:0360 D:0000 DB:7F P:25 V:11  H:58 
C01152 $B5 $00         LDA $00,X [000000] = $00        A:3838 X:0000 Y:0006 S:0360 D:0000 DB:7F P:25 V:11  H:63 
C01154 $48             PHA                             A:3800 X:0000 Y:0006 S:0360 D:0000 DB:7F P:27 V:11  H:69 
C01155 $8F $02 $42 $00 STA $004202                     A:3800 X:0000 Y:0006 S:035F D:0000 DB:7F P:27 V:11  H:74 
C01159 $EB             XBA                             A:3800 X:0000 Y:0006 S:035F D:0000 DB:7F P:27 V:11  H:82 
C0115A $8F $03 $42 $00 STA $004203                     A:0038 X:0000 Y:0006 S:035F D:0000 DB:7F P:25 V:11  H:86 
C0115E $EA             NOP                             A:0038 X:0000 Y:0006 S:035F D:0000 DB:7F P:25 V:11  H:94 
C0115F $EA             NOP                             A:0038 X:0000 Y:0006 S:035F D:0000 DB:7F P:25 V:11  H:97 
C01160 $EA             NOP                             A:0038 X:0000 Y:0006 S:035F D:0000 DB:7F P:25 V:11  H:100
C01161 $EA             NOP                             A:0038 X:0000 Y:0006 S:035F D:0000 DB:7F P:25 V:11  H:103
C01162 $AF $16 $42 $00 LDA $004216                     A:0038 X:0000 Y:0006 S:035F D:0000 DB:7F P:25 V:11  H:106
C01166 $95 $00         STA $00,X [000000] = $00        A:0000 X:0000 Y:0006 S:035F D:0000 DB:7F P:27 V:11  H:113
C01168 $AF $17 $42 $00 LDA $004217                     A:0000 X:0000 Y:0006 S:035F D:0000 DB:7F P:27 V:11  H:120
C0116C $95 $01         STA $01,X [000001] = $00        A:0000 X:0000 Y:0006 S:035F D:0000 DB:7F P:27 V:11  H:127
C0116E $68             PLA                             A:0000 X:0000 Y:0006 S:035F D:0000 DB:7F P:27 V:11  H:144
C0116F $EB             XBA                             A:0000 X:0000 Y:0006 S:0360 D:0000 DB:7F P:27 V:11  H:150
C01170 $A3 $02         LDA $02,S [000362] = $0D        A:0000 X:0000 Y:0006 S:0360 D:0000 DB:7F P:27 V:11  H:155
C01172 $8F $02 $42 $00 STA $004202                     A:000D X:0000 Y:0006 S:0360 D:0000 DB:7F P:25 V:11  H:161
C01176 $EB             XBA                             A:000D X:0000 Y:0006 S:0360 D:0000 DB:7F P:25 V:11  H:169
C01177 $8F $03 $42 $00 STA $004203                     A:0D00 X:0000 Y:0006 S:0360 D:0000 DB:7F P:27 V:11  H:173
C0117B $EA             NOP                             A:0D00 X:0000 Y:0006 S:0360 D:0000 DB:7F P:27 V:11  H:181
C0117C $EA             NOP                             A:0D00 X:0000 Y:0006 S:0360 D:0000 DB:7F P:27 V:11  H:184
C0117D $EA             NOP                             A:0D00 X:0000 Y:0006 S:0360 D:0000 DB:7F P:27 V:11  H:187
C0117E $EA             NOP                             A:0D00 X:0000 Y:0006 S:0360 D:0000 DB:7F P:27 V:11  H:190
C0117F $AF $16 $42 $00 LDA $004216                     A:0D00 X:0000 Y:0006 S:0360 D:0000 DB:7F P:27 V:11  H:193
C01183 $18             CLC                             A:0D00 X:0000 Y:0006 S:0360 D:0000 DB:7F P:27 V:11  H:200
C01184 $75 $01         ADC $01,X [000001] = $00        A:0D00 X:0000 Y:0006 S:0360 D:0000 DB:7F P:26 V:11  H:203
C01186 $95 $01         STA $01,X [000001] = $00        A:0D00 X:0000 Y:0006 S:0360 D:0000 DB:7F P:26 V:11  H:210
C01188 $AF $17 $42 $00 LDA $004217                     A:0D00 X:0000 Y:0006 S:0360 D:0000 DB:7F P:26 V:11  H:216
C0118C $69 $00         ADC #$00                        A:0D00 X:0000 Y:0006 S:0360 D:0000 DB:7F P:26 V:11  H:224
C0118E $95 $02         STA $02,X [000002] = $0D        A:0D00 X:0000 Y:0006 S:0360 D:0000 DB:7F P:26 V:11  H:227
C01190 $A3 $01         LDA $01,S [000361] = $00        A:0D00 X:0000 Y:0006 S:0360 D:0000 DB:7F P:26 V:11  H:233
C01192 $EB             XBA                             A:0D00 X:0000 Y:0006 S:0360 D:0000 DB:7F P:26 V:11  H:240
C01193 $A3 $03         LDA $03,S [000363] = $38        A:000D X:0000 Y:0006 S:0360 D:0000 DB:7F P:24 V:11  H:244
C01195 $8F $02 $42 $00 STA $004202                     A:0038 X:0000 Y:0006 S:0360 D:0000 DB:7F P:24 V:11  H:251
C01199 $EB             XBA                             A:0038 X:0000 Y:0006 S:0360 D:0000 DB:7F P:24 V:11  H:258
C0119A $8F $03 $42 $00 STA $004203                     A:3800 X:0000 Y:0006 S:0360 D:0000 DB:7F P:26 V:11  H:263
C0119E $EA             NOP                             A:3800 X:0000 Y:0006 S:0360 D:0000 DB:7F P:26 V:11  H:270
C0119F $EA             NOP                             A:3800 X:0000 Y:0006 S:0360 D:0000 DB:7F P:26 V:11  H:273
C011A0 $EA             NOP                             A:3800 X:0000 Y:0006 S:0360 D:0000 DB:7F P:26 V:11  H:282
C011A1 $EA             NOP                             A:3800 X:0000 Y:0006 S:0360 D:0000 DB:7F P:26 V:11  H:285
C011A2 $AF $16 $42 $00 LDA $004216                     A:3800 X:0000 Y:0006 S:0360 D:0000 DB:7F P:26 V:11  H:288
C011A6 $18             CLC                             A:3800 X:0000 Y:0006 S:0360 D:0000 DB:7F P:26 V:11  H:296
C011A7 $75 $01         ADC $01,X [000001] = $00        A:3800 X:0000 Y:0006 S:0360 D:0000 DB:7F P:26 V:11  H:299
C011A9 $95 $01         STA $01,X [000001] = $00        A:3800 X:0000 Y:0006 S:0360 D:0000 DB:7F P:26 V:11  H:305
C011AB $AF $17 $42 $00 LDA $004217                     A:3800 X:0000 Y:0006 S:0360 D:0000 DB:7F P:26 V:11  H:312
C011AF $75 $02         ADC $02,X [000002] = $00        A:3800 X:0000 Y:0006 S:0360 D:0000 DB:7F P:26 V:11  H:319
C011B1 $95 $02         STA $02,X [000002] = $00        A:3800 X:0000 Y:0006 S:0360 D:0000 DB:7F P:26 V:11  H:325
C011B3 $A9 $00         LDA #$00                        A:3800 X:0000 Y:0006 S:0360 D:0000 DB:7F P:26 V:11  H:331
C011B5 $2A             ROL                             A:3800 X:0000 Y:0006 S:0360 D:0000 DB:7F P:26 V:11  H:334
C011B6 $95 $03         STA $03,X [000003] = $00        A:3800 X:0000 Y:0006 S:0360 D:0000 DB:7F P:26 V:11  H:337
C011B8 $A3 $01         LDA $01,S [000361] = $00        A:3800 X:0000 Y:0006 S:0360 D:0000 DB:7F P:26 V:12  H:4  
C011BA $EB             XBA                             A:3800 X:0000 Y:0006 S:0360 D:0000 DB:7F P:26 V:12  H:10 
C011BB $A3 $02         LDA $02,S [000362] = $0D        A:0038 X:0000 Y:0006 S:0360 D:0000 DB:7F P:24 V:12  H:15 
C011BD $8F $02 $42 $00 STA $004202                     A:000D X:0000 Y:0006 S:0360 D:0000 DB:7F P:24 V:12  H:21 
C011C1 $EB             XBA                             A:000D X:0000 Y:0006 S:0360 D:0000 DB:7F P:24 V:12  H:29 
C011C2 $8F $03 $42 $00 STA $004203                     A:0D00 X:0000 Y:0006 S:0360 D:0000 DB:7F P:26 V:12  H:33 
C011C6 $EA             NOP                             A:0D00 X:0000 Y:0006 S:0360 D:0000 DB:7F P:26 V:12  H:41 
C011C7 $EA             NOP                             A:0D00 X:0000 Y:0006 S:0360 D:0000 DB:7F P:26 V:12  H:44 
C011C8 $EA             NOP                             A:0D00 X:0000 Y:0006 S:0360 D:0000 DB:7F P:26 V:12  H:47 
C011C9 $EA             NOP                             A:0D00 X:0000 Y:0006 S:0360 D:0000 DB:7F P:26 V:12  H:50 
C011CA $AF $16 $42 $00 LDA $004216                     A:0D00 X:0000 Y:0006 S:0360 D:0000 DB:7F P:26 V:12  H:53 
C011CE $18             CLC                             A:0D00 X:0000 Y:0006 S:0360 D:0000 DB:7F P:26 V:12  H:60 
C011CF $75 $02         ADC $02,X [000002] = $00        A:0D00 X:0000 Y:0006 S:0360 D:0000 DB:7F P:26 V:12  H:63 
C011D1 $95 $02         STA $02,X [000002] = $00        A:0D00 X:0000 Y:0006 S:0360 D:0000 DB:7F P:26 V:12  H:70 
C011D3 $AF $17 $42 $00 LDA $004217                     A:0D00 X:0000 Y:0006 S:0360 D:0000 DB:7F P:26 V:12  H:76 
C011D7 $75 $03         ADC $03,X [000003] = $00        A:0D00 X:0000 Y:0006 S:0360 D:0000 DB:7F P:26 V:12  H:84 
C011D9 $95 $03         STA $03,X [000003] = $00        A:0D00 X:0000 Y:0006 S:0360 D:0000 DB:7F P:26 V:12  H:90 
C011DB $68             PLA                             A:0D00 X:0000 Y:0006 S:0360 D:0000 DB:7F P:26 V:12  H:97 
C011DC $68             PLA                             A:0D00 X:0000 Y:0006 S:0361 D:0000 DB:7F P:26 V:12  H:103
C011DD $EB             XBA                             A:0D0D X:0000 Y:0006 S:0362 D:0000 DB:7F P:24 V:12  H:110
C011DE $68             PLA                             A:0D0D X:0000 Y:0006 S:0362 D:0000 DB:7F P:24 V:12  H:114
C011DF $28             PLP                             A:0D38 X:0000 Y:0006 S:0363 D:0000 DB:7F P:24 V:12  H:121
C011E0 $6B             RTL                             A:0D38 X:0000 Y:0006 S:0364 D:0000 DB:7F P:05 V:12  H:127
C011FC $68             PLA                             A:0D38 X:0000 Y:0006 S:0367 D:0000 DB:7F P:05 V:12  H:148
C011FD $43 $01         EOR $01,S [00036A] = $0D38      A:0000 X:0000 Y:0006 S:0369 D:0000 DB:7F P:07 V:12  H:156
C011FF $29 $00 $80     AND #$8000                      A:0D38 X:0000 Y:0006 S:0369 D:0000 DB:7F P:05 V:12  H:165
C01202 $F0 $15         BEQ $C01219                     A:0000 X:0000 Y:0006 S:0369 D:0000 DB:7F P:07 V:12  H:169
C01219 $68             PLA                             A:0000 X:0000 Y:0006 S:0369 D:0000 DB:7F P:07 V:12  H:174
C0121A $28             PLP                             A:0D38 X:0000 Y:0006 S:036B D:0000 DB:7F P:05 V:12  H:182
C0121B $6B             RTL                             A:0D38 X:0000 Y:0006 S:036C D:0000 DB:7F P:05 V:12  H:189
C60920 $A5 $01         LDA $01 [000001] = $0000        A:0D38 X:0000 Y:0006 S:036F D:0000 DB:7F P:05 V:12  H:199
C60922 $99 $76 $E3     STA $E376,Y [7FE37C] = $0800    A:0000 X:0000 Y:0006 S:036F D:0000 DB:7F P:07 V:12  H:206
C60925 $88             DEY                             A:0000 X:0000 Y:0006 S:036F D:0000 DB:7F P:07 V:12  H:216
C60926 $88             DEY                             A:0000 X:0000 Y:0005 S:036F D:0000 DB:7F P:05 V:12  H:219
C60927 $10 $EC         BPL $C60915                     A:0000 X:0000 Y:0004 S:036F D:0000 DB:7F P:05 V:12  H:222
C60915 $B9 $EA $E2     LDA $E2EA,Y [7FE2EE] = $0100    A:0000 X:0000 Y:0004 S:036F D:0000 DB:7F P:05 V:12  H:227
C60918 $85 $00         STA $00 [000000] = $0000        A:0100 X:0000 Y:0004 S:036F D:0000 DB:7F P:05 V:12  H:237
C6091A $A3 $01         LDA $01,S [000370] = $0D38      A:0100 X:0000 Y:0004 S:036F D:0000 DB:7F P:05 V:12  H:244
C6091C $22 $E1 $11 $C0 JSL $C011E1                     A:0D38 X:0000 Y:0004 S:036F D:0000 DB:7F P:05 V:12  H:252
C011E1 $08             PHP                             A:0D38 X:0000 Y:0004 S:036C D:0000 DB:7F P:05 V:12  H:266
C011E2 $C2 $20         REP #$20                        A:0D38 X:0000 Y:0004 S:036B D:0000 DB:7F P:05 V:12  H:271
C011E4 $48             PHA                             A:0D38 X:0000 Y:0004 S:036B D:0000 DB:7F P:05 V:12  H:275
C011E5 $B5 $00         LDA $00,X [000000] = $0100      A:0D38 X:0000 Y:0004 S:0369 D:0000 DB:7F P:05 V:12  H:288
C011E7 $48             PHA                             A:0100 X:0000 Y:0004 S:0369 D:0000 DB:7F P:05 V:12  H:297
C011E8 $10 $04         BPL $C011EE                     A:0100 X:0000 Y:0004 S:0367 D:0000 DB:7F P:05 V:12  H:304
C011EE $95 $00         STA $00,X [000000] = $0100      A:0100 X:0000 Y:0004 S:0367 D:0000 DB:7F P:05 V:12  H:308
C011F0 $A3 $03         LDA $03,S [00036A] = $0D38      A:0100 X:0000 Y:0004 S:0367 D:0000 DB:7F P:05 V:12  H:317
C011F2 $10 $04         BPL $C011F8                     A:0D38 X:0000 Y:0004 S:0367 D:0000 DB:7F P:05 V:12  H:325
C011F8 $22 $46 $11 $C0 JSL $C01146                     A:0D38 X:0000 Y:0004 S:0367 D:0000 DB:7F P:05 V:12  H:329
C01146 $08             PHP                             A:0D38 X:0000 Y:0004 S:0364 D:0000 DB:7F P:05 V:13  H:2  
C01147 $E2 $20         SEP #$20                        A:0D38 X:0000 Y:0004 S:0363 D:0000 DB:7F P:05 V:13  H:7  
C01149 $48             PHA                             A:0D38 X:0000 Y:0004 S:0363 D:0000 DB:7F P:25 V:13  H:12 
C0114A $EB             XBA                             A:0D38 X:0000 Y:0004 S:0362 D:0000 DB:7F P:25 V:13  H:17 
C0114B $48             PHA                             A:380D X:0000 Y:0004 S:0362 D:0000 DB:7F P:25 V:13  H:21 
C0114C $B5 $01         LDA $01,X [000001] = $01        A:380D X:0000 Y:0004 S:0361 D:0000 DB:7F P:25 V:13  H:26 
C0114E $48             PHA                             A:3801 X:0000 Y:0004 S:0361 D:0000 DB:7F P:25 V:13  H:33 
C0114F $A3 $03         LDA $03,S [000363] = $38        A:3801 X:0000 Y:0004 S:0360 D:0000 DB:7F P:25 V:13  H:38 
C01151 $EB             XBA                             A:3838 X:0000 Y:0004 S:0360 D:0000 DB:7F P:25 V:13  H:44 
C01152 $B5 $00         LDA $00,X [000000] = $00        A:3838 X:0000 Y:0004 S:0360 D:0000 DB:7F P:25 V:13  H:49 
C01154 $48             PHA                             A:3800 X:0000 Y:0004 S:0360 D:0000 DB:7F P:27 V:13  H:55 
C01155 $8F $02 $42 $00 STA $004202                     A:3800 X:0000 Y:0004 S:035F D:0000 DB:7F P:27 V:13  H:60 
C01159 $EB             XBA                             A:3800 X:0000 Y:0004 S:035F D:0000 DB:7F P:27 V:13  H:68 
C0115A $8F $03 $42 $00 STA $004203                     A:0038 X:0000 Y:0004 S:035F D:0000 DB:7F P:25 V:13  H:72 
C0115E $EA             NOP                             A:0038 X:0000 Y:0004 S:035F D:0000 DB:7F P:25 V:13  H:80 
C0115F $EA             NOP                             A:0038 X:0000 Y:0004 S:035F D:0000 DB:7F P:25 V:13  H:83 
C01160 $EA             NOP                             A:0038 X:0000 Y:0004 S:035F D:0000 DB:7F P:25 V:13  H:86 
C01161 $EA             NOP                             A:0038 X:0000 Y:0004 S:035F D:0000 DB:7F P:25 V:13  H:89 
C01162 $AF $16 $42 $00 LDA $004216                     A:0038 X:0000 Y:0004 S:035F D:0000 DB:7F P:25 V:13  H:92 
C01166 $95 $00         STA $00,X [000000] = $00        A:0000 X:0000 Y:0004 S:035F D:0000 DB:7F P:27 V:13  H:99 
C01168 $AF $17 $42 $00 LDA $004217                     A:0000 X:0000 Y:0004 S:035F D:0000 DB:7F P:27 V:13  H:106
C0116C $95 $01         STA $01,X [000001] = $01        A:0000 X:0000 Y:0004 S:035F D:0000 DB:7F P:27 V:13  H:113
C0116E $68             PLA                             A:0000 X:0000 Y:0004 S:035F D:0000 DB:7F P:27 V:13  H:120
C0116F $EB             XBA                             A:0000 X:0000 Y:0004 S:0360 D:0000 DB:7F P:27 V:13  H:126
C01170 $A3 $02         LDA $02,S [000362] = $0D        A:0000 X:0000 Y:0004 S:0360 D:0000 DB:7F P:27 V:13  H:131
C01172 $8F $02 $42 $00 STA $004202                     A:000D X:0000 Y:0004 S:0360 D:0000 DB:7F P:25 V:13  H:147
C01176 $EB             XBA                             A:000D X:0000 Y:0004 S:0360 D:0000 DB:7F P:25 V:13  H:155
C01177 $8F $03 $42 $00 STA $004203                     A:0D00 X:0000 Y:0004 S:0360 D:0000 DB:7F P:27 V:13  H:159
C0117B $EA             NOP                             A:0D00 X:0000 Y:0004 S:0360 D:0000 DB:7F P:27 V:13  H:167
C0117C $EA             NOP                             A:0D00 X:0000 Y:0004 S:0360 D:0000 DB:7F P:27 V:13  H:170
C0117D $EA             NOP                             A:0D00 X:0000 Y:0004 S:0360 D:0000 DB:7F P:27 V:13  H:173
C0117E $EA             NOP                             A:0D00 X:0000 Y:0004 S:0360 D:0000 DB:7F P:27 V:13  H:176
C0117F $AF $16 $42 $00 LDA $004216                     A:0D00 X:0000 Y:0004 S:0360 D:0000 DB:7F P:27 V:13  H:179
C01183 $18             CLC                             A:0D00 X:0000 Y:0004 S:0360 D:0000 DB:7F P:27 V:13  H:186
C01184 $75 $01         ADC $01,X [000001] = $00        A:0D00 X:0000 Y:0004 S:0360 D:0000 DB:7F P:26 V:13  H:189
C01186 $95 $01         STA $01,X [000001] = $00        A:0D00 X:0000 Y:0004 S:0360 D:0000 DB:7F P:26 V:13  H:196
C01188 $AF $17 $42 $00 LDA $004217                     A:0D00 X:0000 Y:0004 S:0360 D:0000 DB:7F P:26 V:13  H:202
C0118C $69 $00         ADC #$00                        A:0D00 X:0000 Y:0004 S:0360 D:0000 DB:7F P:26 V:13  H:210
C0118E $95 $02         STA $02,X [000002] = $00        A:0D00 X:0000 Y:0004 S:0360 D:0000 DB:7F P:26 V:13  H:213
C01190 $A3 $01         LDA $01,S [000361] = $01        A:0D00 X:0000 Y:0004 S:0360 D:0000 DB:7F P:26 V:13  H:219
C01192 $EB             XBA                             A:0D01 X:0000 Y:0004 S:0360 D:0000 DB:7F P:24 V:13  H:226
C01193 $A3 $03         LDA $03,S [000363] = $38        A:010D X:0000 Y:0004 S:0360 D:0000 DB:7F P:24 V:13  H:230
C01195 $8F $02 $42 $00 STA $004202                     A:0138 X:0000 Y:0004 S:0360 D:0000 DB:7F P:24 V:13  H:237
C01199 $EB             XBA                             A:0138 X:0000 Y:0004 S:0360 D:0000 DB:7F P:24 V:13  H:244
C0119A $8F $03 $42 $00 STA $004203                     A:3801 X:0000 Y:0004 S:0360 D:0000 DB:7F P:24 V:13  H:249
C0119E $EA             NOP                             A:3801 X:0000 Y:0004 S:0360 D:0000 DB:7F P:24 V:13  H:256
C0119F $EA             NOP                             A:3801 X:0000 Y:0004 S:0360 D:0000 DB:7F P:24 V:13  H:259
C011A0 $EA             NOP                             A:3801 X:0000 Y:0004 S:0360 D:0000 DB:7F P:24 V:13  H:262
C011A1 $EA             NOP                             A:3801 X:0000 Y:0004 S:0360 D:0000 DB:7F P:24 V:13  H:265
C011A2 $AF $16 $42 $00 LDA $004216                     A:3801 X:0000 Y:0004 S:0360 D:0000 DB:7F P:24 V:13  H:268
C011A6 $18             CLC                             A:3838 X:0000 Y:0004 S:0360 D:0000 DB:7F P:24 V:13  H:276
C011A7 $75 $01         ADC $01,X [000001] = $00        A:3838 X:0000 Y:0004 S:0360 D:0000 DB:7F P:24 V:13  H:286
C011A9 $95 $01         STA $01,X [000001] = $00        A:3838 X:0000 Y:0004 S:0360 D:0000 DB:7F P:24 V:13  H:293
C011AB $AF $17 $42 $00 LDA $004217                     A:3838 X:0000 Y:0004 S:0360 D:0000 DB:7F P:24 V:13  H:299
C011AF $75 $02         ADC $02,X [000002] = $00        A:3800 X:0000 Y:0004 S:0360 D:0000 DB:7F P:26 V:13  H:307
C011B1 $95 $02         STA $02,X [000002] = $00        A:3800 X:0000 Y:0004 S:0360 D:0000 DB:7F P:26 V:13  H:313
C011B3 $A9 $00         LDA #$00                        A:3800 X:0000 Y:0004 S:0360 D:0000 DB:7F P:26 V:13  H:320
C011B5 $2A             ROL                             A:3800 X:0000 Y:0004 S:0360 D:0000 DB:7F P:26 V:13  H:323
C011B6 $95 $03         STA $03,X [000003] = $00        A:3800 X:0000 Y:0004 S:0360 D:0000 DB:7F P:26 V:13  H:325
C011B8 $A3 $01         LDA $01,S [000361] = $01        A:3800 X:0000 Y:0004 S:0360 D:0000 DB:7F P:26 V:13  H:331
C011BA $EB             XBA                             A:3801 X:0000 Y:0004 S:0360 D:0000 DB:7F P:24 V:13  H:338
C011BB $A3 $02         LDA $02,S [000362] = $0D        A:0138 X:0000 Y:0004 S:0360 D:0000 DB:7F P:24 V:14  H:2  
C011BD $8F $02 $42 $00 STA $004202                     A:010D X:0000 Y:0004 S:0360 D:0000 DB:7F P:24 V:14  H:9  
C011C1 $EB             XBA                             A:010D X:0000 Y:0004 S:0360 D:0000 DB:7F P:24 V:14  H:16 
C011C2 $8F $03 $42 $00 STA $004203                     A:0D01 X:0000 Y:0004 S:0360 D:0000 DB:7F P:24 V:14  H:21 
C011C6 $EA             NOP                             A:0D01 X:0000 Y:0004 S:0360 D:0000 DB:7F P:24 V:14  H:28 
C011C7 $EA             NOP                             A:0D01 X:0000 Y:0004 S:0360 D:0000 DB:7F P:24 V:14  H:31 
C011C8 $EA             NOP                             A:0D01 X:0000 Y:0004 S:0360 D:0000 DB:7F P:24 V:14  H:34 
C011C9 $EA             NOP                             A:0D01 X:0000 Y:0004 S:0360 D:0000 DB:7F P:24 V:14  H:37 
C011CA $AF $16 $42 $00 LDA $004216                     A:0D01 X:0000 Y:0004 S:0360 D:0000 DB:7F P:24 V:14  H:40 
C011CE $18             CLC                             A:0D0D X:0000 Y:0004 S:0360 D:0000 DB:7F P:24 V:14  H:48 
C011CF $75 $02         ADC $02,X [000002] = $00        A:0D0D X:0000 Y:0004 S:0360 D:0000 DB:7F P:24 V:14  H:51 
C011D1 $95 $02         STA $02,X [000002] = $00        A:0D0D X:0000 Y:0004 S:0360 D:0000 DB:7F P:24 V:14  H:57 
C011D3 $AF $17 $42 $00 LDA $004217                     A:0D0D X:0000 Y:0004 S:0360 D:0000 DB:7F P:24 V:14  H:64 
C011D7 $75 $03         ADC $03,X [000003] = $00        A:0D00 X:0000 Y:0004 S:0360 D:0000 DB:7F P:26 V:14  H:71 
C011D9 $95 $03         STA $03,X [000003] = $00        A:0D00 X:0000 Y:0004 S:0360 D:0000 DB:7F P:26 V:14  H:78 
C011DB $68             PLA                             A:0D00 X:0000 Y:0004 S:0360 D:0000 DB:7F P:26 V:14  H:84 
C011DC $68             PLA                             A:0D01 X:0000 Y:0004 S:0361 D:0000 DB:7F P:24 V:14  H:91 
C011DD $EB             XBA                             A:0D0D X:0000 Y:0004 S:0362 D:0000 DB:7F P:24 V:14  H:97 
C011DE $68             PLA                             A:0D0D X:0000 Y:0004 S:0362 D:0000 DB:7F P:24 V:14  H:102
C011DF $28             PLP                             A:0D38 X:0000 Y:0004 S:0363 D:0000 DB:7F P:24 V:14  H:108
C011E0 $6B             RTL                             A:0D38 X:0000 Y:0004 S:0364 D:0000 DB:7F P:05 V:14  H:115
C011FC $68             PLA                             A:0D38 X:0000 Y:0004 S:0367 D:0000 DB:7F P:05 V:14  H:125
C011FD $43 $01         EOR $01,S [00036A] = $0D38      A:0100 X:0000 Y:0004 S:0369 D:0000 DB:7F P:05 V:14  H:134
C011FF $29 $00 $80     AND #$8000                      A:0C38 X:0000 Y:0004 S:0369 D:0000 DB:7F P:05 V:14  H:152
C01202 $F0 $15         BEQ $C01219                     A:0000 X:0000 Y:0004 S:0369 D:0000 DB:7F P:07 V:14  H:157
C01219 $68             PLA                             A:0000 X:0000 Y:0004 S:0369 D:0000 DB:7F P:07 V:14  H:161
C0121A $28             PLP                             A:0D38 X:0000 Y:0004 S:036B D:0000 DB:7F P:05 V:14  H:170
C0121B $6B             RTL                             A:0D38 X:0000 Y:0004 S:036C D:0000 DB:7F P:05 V:14  H:176
C60920 $A5 $01         LDA $01 [000001] = $0D38        A:0D38 X:0000 Y:0004 S:036F D:0000 DB:7F P:05 V:14  H:187
C60922 $99 $76 $E3     STA $E376,Y [7FE37A] = $0A40    A:0D38 X:0000 Y:0004 S:036F D:0000 DB:7F P:05 V:14  H:194
C60925 $88             DEY                             A:0D38 X:0000 Y:0004 S:036F D:0000 DB:7F P:05 V:14  H:204
C60926 $88             DEY                             A:0D38 X:0000 Y:0003 S:036F D:0000 DB:7F P:05 V:14  H:207
C60927 $10 $EC         BPL $C60915                     A:0D38 X:0000 Y:0002 S:036F D:0000 DB:7F P:05 V:14  H:210
C60915 $B9 $EA $E2     LDA $E2EA,Y [7FE2EC] = $0100    A:0D38 X:0000 Y:0002 S:036F D:0000 DB:7F P:05 V:14  H:214
C60918 $85 $00         STA $00 [000000] = $3800        A:0100 X:0000 Y:0002 S:036F D:0000 DB:7F P:05 V:14  H:224
C6091A $A3 $01         LDA $01,S [000370] = $0D38      A:0100 X:0000 Y:0002 S:036F D:0000 DB:7F P:05 V:14  H:231
C6091C $22 $E1 $11 $C0 JSL $C011E1                     A:0D38 X:0000 Y:0002 S:036F D:0000 DB:7F P:05 V:14  H:240
C011E1 $08             PHP                             A:0D38 X:0000 Y:0002 S:036C D:0000 DB:7F P:05 V:14  H:253
C011E2 $C2 $20         REP #$20                        A:0D38 X:0000 Y:0002 S:036B D:0000 DB:7F P:05 V:14  H:258
C011E4 $48             PHA                             A:0D38 X:0000 Y:0002 S:036B D:0000 DB:7F P:05 V:14  H:263
C011E5 $B5 $00         LDA $00,X [000000] = $0100      A:0D38 X:0000 Y:0002 S:0369 D:0000 DB:7F P:05 V:14  H:270
C011E7 $48             PHA                             A:0100 X:0000 Y:0002 S:0369 D:0000 DB:7F P:05 V:14  H:286
C011E8 $10 $04         BPL $C011EE                     A:0100 X:0000 Y:0002 S:0367 D:0000 DB:7F P:05 V:14  H:293
C011EE $95 $00         STA $00,X [000000] = $0100      A:0100 X:0000 Y:0002 S:0367 D:0000 DB:7F P:05 V:14  H:298
C011F0 $A3 $03         LDA $03,S [00036A] = $0D38      A:0100 X:0000 Y:0002 S:0367 D:0000 DB:7F P:05 V:14  H:306
C011F2 $10 $04         BPL $C011F8                     A:0D38 X:0000 Y:0002 S:0367 D:0000 DB:7F P:05 V:14  H:315
C011F8 $22 $46 $11 $C0 JSL $C01146                     A:0D38 X:0000 Y:0002 S:0367 D:0000 DB:7F P:05 V:14  H:319
C01146 $08             PHP                             A:0D38 X:0000 Y:0002 S:0364 D:0000 DB:7F P:05 V:14  H:332
C01147 $E2 $20         SEP #$20                        A:0D38 X:0000 Y:0002 S:0363 D:0000 DB:7F P:05 V:14  H:337
C01149 $48             PHA                             A:0D38 X:0000 Y:0002 S:0363 D:0000 DB:7F P:25 V:15  H:1  
C0114A $EB             XBA                             A:0D38 X:0000 Y:0002 S:0362 D:0000 DB:7F P:25 V:15  H:6  
C0114B $48             PHA                             A:380D X:0000 Y:0002 S:0362 D:0000 DB:7F P:25 V:15  H:11 
C0114C $B5 $01         LDA $01,X [000001] = $01        A:380D X:0000 Y:0002 S:0361 D:0000 DB:7F P:25 V:15  H:16 
C0114E $48             PHA                             A:3801 X:0000 Y:0002 S:0361 D:0000 DB:7F P:25 V:15  H:22 
C0114F $A3 $03         LDA $03,S [000363] = $38        A:3801 X:0000 Y:0002 S:0360 D:0000 DB:7F P:25 V:15  H:27 
C01151 $EB             XBA                             A:3838 X:0000 Y:0002 S:0360 D:0000 DB:7F P:25 V:15  H:34 
C01152 $B5 $00         LDA $00,X [000000] = $00        A:3838 X:0000 Y:0002 S:0360 D:0000 DB:7F P:25 V:15  H:38 
C01154 $48             PHA                             A:3800 X:0000 Y:0002 S:0360 D:0000 DB:7F P:27 V:15  H:45 
C01155 $8F $02 $42 $00 STA $004202                     A:3800 X:0000 Y:0002 S:035F D:0000 DB:7F P:27 V:15  H:50 
C01159 $EB             XBA                             A:3800 X:0000 Y:0002 S:035F D:0000 DB:7F P:27 V:15  H:57 
C0115A $8F $03 $42 $00 STA $004203                     A:0038 X:0000 Y:0002 S:035F D:0000 DB:7F P:25 V:15  H:62 
C0115E $EA             NOP                             A:0038 X:0000 Y:0002 S:035F D:0000 DB:7F P:25 V:15  H:69 
C0115F $EA             NOP                             A:0038 X:0000 Y:0002 S:035F D:0000 DB:7F P:25 V:15  H:72 
C01160 $EA             NOP                             A:0038 X:0000 Y:0002 S:035F D:0000 DB:7F P:25 V:15  H:75 
C01161 $EA             NOP                             A:0038 X:0000 Y:0002 S:035F D:0000 DB:7F P:25 V:15  H:78 
C01162 $AF $16 $42 $00 LDA $004216                     A:0038 X:0000 Y:0002 S:035F D:0000 DB:7F P:25 V:15  H:81 
C01166 $95 $00         STA $00,X [000000] = $00        A:0000 X:0000 Y:0002 S:035F D:0000 DB:7F P:27 V:15  H:89 
C01168 $AF $17 $42 $00 LDA $004217                     A:0000 X:0000 Y:0002 S:035F D:0000 DB:7F P:27 V:15  H:95 
C0116C $95 $01         STA $01,X [000001] = $01        A:0000 X:0000 Y:0002 S:035F D:0000 DB:7F P:27 V:15  H:103
C0116E $68             PLA                             A:0000 X:0000 Y:0002 S:035F D:0000 DB:7F P:27 V:15  H:109
C0116F $EB             XBA                             A:0000 X:0000 Y:0002 S:0360 D:0000 DB:7F P:27 V:15  H:116
C01170 $A3 $02         LDA $02,S [000362] = $0D        A:0000 X:0000 Y:0002 S:0360 D:0000 DB:7F P:27 V:15  H:120
C01172 $8F $02 $42 $00 STA $004202                     A:000D X:0000 Y:0002 S:0360 D:0000 DB:7F P:25 V:15  H:127
C01176 $EB             XBA                             A:000D X:0000 Y:0002 S:0360 D:0000 DB:7F P:25 V:15  H:144
C01177 $8F $03 $42 $00 STA $004203                     A:0D00 X:0000 Y:0002 S:0360 D:0000 DB:7F P:27 V:15  H:149
C0117B $EA             NOP                             A:0D00 X:0000 Y:0002 S:0360 D:0000 DB:7F P:27 V:15  H:156
C0117C $EA             NOP                             A:0D00 X:0000 Y:0002 S:0360 D:0000 DB:7F P:27 V:15  H:159
C0117D $EA             NOP                             A:0D00 X:0000 Y:0002 S:0360 D:0000 DB:7F P:27 V:15  H:162
C0117E $EA             NOP                             A:0D00 X:0000 Y:0002 S:0360 D:0000 DB:7F P:27 V:15  H:165
C0117F $AF $16 $42 $00 LDA $004216                     A:0D00 X:0000 Y:0002 S:0360 D:0000 DB:7F P:27 V:15  H:168
C01183 $18             CLC                             A:0D00 X:0000 Y:0002 S:0360 D:0000 DB:7F P:27 V:15  H:176
C01184 $75 $01         ADC $01,X [000001] = $00        A:0D00 X:0000 Y:0002 S:0360 D:0000 DB:7F P:26 V:15  H:179
C01186 $95 $01         STA $01,X [000001] = $00        A:0D00 X:0000 Y:0002 S:0360 D:0000 DB:7F P:26 V:15  H:185
C01188 $AF $17 $42 $00 LDA $004217                     A:0D00 X:0000 Y:0002 S:0360 D:0000 DB:7F P:26 V:15  H:192
C0118C $69 $00         ADC #$00                        A:0D00 X:0000 Y:0002 S:0360 D:0000 DB:7F P:26 V:15  H:199
C0118E $95 $02         STA $02,X [000002] = $0D        A:0D00 X:0000 Y:0002 S:0360 D:0000 DB:7F P:26 V:15  H:202
C01190 $A3 $01         LDA $01,S [000361] = $01        A:0D00 X:0000 Y:0002 S:0360 D:0000 DB:7F P:26 V:15  H:209
C01192 $EB             XBA                             A:0D01 X:0000 Y:0002 S:0360 D:0000 DB:7F P:24 V:15  H:215
C01193 $A3 $03         LDA $03,S [000363] = $38        A:010D X:0000 Y:0002 S:0360 D:0000 DB:7F P:24 V:15  H:220
C01195 $8F $02 $42 $00 STA $004202                     A:0138 X:0000 Y:0002 S:0360 D:0000 DB:7F P:24 V:15  H:226
C01199 $EB             XBA                             A:0138 X:0000 Y:0002 S:0360 D:0000 DB:7F P:24 V:15  H:234
C0119A $8F $03 $42 $00 STA $004203                     A:3801 X:0000 Y:0002 S:0360 D:0000 DB:7F P:24 V:15  H:238
C0119E $EA             NOP                             A:3801 X:0000 Y:0002 S:0360 D:0000 DB:7F P:24 V:15  H:246
C0119F $EA             NOP                             A:3801 X:0000 Y:0002 S:0360 D:0000 DB:7F P:24 V:15  H:249
C011A0 $EA             NOP                             A:3801 X:0000 Y:0002 S:0360 D:0000 DB:7F P:24 V:15  H:252
C011A1 $EA             NOP                             A:3801 X:0000 Y:0002 S:0360 D:0000 DB:7F P:24 V:15  H:255
C011A2 $AF $16 $42 $00 LDA $004216                     A:3801 X:0000 Y:0002 S:0360 D:0000 DB:7F P:24 V:15  H:258
C011A6 $18             CLC                             A:3838 X:0000 Y:0002 S:0360 D:0000 DB:7F P:24 V:15  H:265
C011A7 $75 $01         ADC $01,X [000001] = $00        A:3838 X:0000 Y:0002 S:0360 D:0000 DB:7F P:24 V:15  H:268
C011A9 $95 $01         STA $01,X [000001] = $00        A:3838 X:0000 Y:0002 S:0360 D:0000 DB:7F P:24 V:15  H:275
C011AB $AF $17 $42 $00 LDA $004217                     A:3838 X:0000 Y:0002 S:0360 D:0000 DB:7F P:24 V:15  H:292
C011AF $75 $02         ADC $02,X [000002] = $00        A:3800 X:0000 Y:0002 S:0360 D:0000 DB:7F P:26 V:15  H:299
C011B1 $95 $02         STA $02,X [000002] = $00        A:3800 X:0000 Y:0002 S:0360 D:0000 DB:7F P:26 V:15  H:306
C011B3 $A9 $00         LDA #$00                        A:3800 X:0000 Y:0002 S:0360 D:0000 DB:7F P:26 V:15  H:312
C011B5 $2A             ROL                             A:3800 X:0000 Y:0002 S:0360 D:0000 DB:7F P:26 V:15  H:315
C011B6 $95 $03         STA $03,X [000003] = $00        A:3800 X:0000 Y:0002 S:0360 D:0000 DB:7F P:26 V:15  H:318
C011B8 $A3 $01         LDA $01,S [000361] = $01        A:3800 X:0000 Y:0002 S:0360 D:0000 DB:7F P:26 V:15  H:324
C011BA $EB             XBA                             A:3801 X:0000 Y:0002 S:0360 D:0000 DB:7F P:24 V:15  H:330
C011BB $A3 $02         LDA $02,S [000362] = $0D        A:0138 X:0000 Y:0002 S:0360 D:0000 DB:7F P:24 V:15  H:335
C011BD $8F $02 $42 $00 STA $004202                     A:010D X:0000 Y:0002 S:0360 D:0000 DB:7F P:24 V:16  H:1  
C011C1 $EB             XBA                             A:010D X:0000 Y:0002 S:0360 D:0000 DB:7F P:24 V:16  H:9  
C011C2 $8F $03 $42 $00 STA $004203                     A:0D01 X:0000 Y:0002 S:0360 D:0000 DB:7F P:24 V:16  H:13 
C011C6 $EA             NOP                             A:0D01 X:0000 Y:0002 S:0360 D:0000 DB:7F P:24 V:16  H:21 
C011C7 $EA             NOP                             A:0D01 X:0000 Y:0002 S:0360 D:0000 DB:7F P:24 V:16  H:24 
C011C8 $EA             NOP                             A:0D01 X:0000 Y:0002 S:0360 D:0000 DB:7F P:24 V:16  H:27 
C011C9 $EA             NOP                             A:0D01 X:0000 Y:0002 S:0360 D:0000 DB:7F P:24 V:16  H:30 
C011CA $AF $16 $42 $00 LDA $004216                     A:0D01 X:0000 Y:0002 S:0360 D:0000 DB:7F P:24 V:16  H:33 
C011CE $18             CLC                             A:0D0D X:0000 Y:0002 S:0360 D:0000 DB:7F P:24 V:16  H:40 
C011CF $75 $02         ADC $02,X [000002] = $00        A:0D0D X:0000 Y:0002 S:0360 D:0000 DB:7F P:24 V:16  H:43 
C011D1 $95 $02         STA $02,X [000002] = $00        A:0D0D X:0000 Y:0002 S:0360 D:0000 DB:7F P:24 V:16  H:50 
C011D3 $AF $17 $42 $00 LDA $004217                     A:0D0D X:0000 Y:0002 S:0360 D:0000 DB:7F P:24 V:16  H:56 
C011D7 $75 $03         ADC $03,X [000003] = $00        A:0D00 X:0000 Y:0002 S:0360 D:0000 DB:7F P:26 V:16  H:64 
C011D9 $95 $03         STA $03,X [000003] = $00        A:0D00 X:0000 Y:0002 S:0360 D:0000 DB:7F P:26 V:16  H:70 
C011DB $68             PLA                             A:0D00 X:0000 Y:0002 S:0360 D:0000 DB:7F P:26 V:16  H:77 
C011DC $68             PLA                             A:0D01 X:0000 Y:0002 S:0361 D:0000 DB:7F P:24 V:16  H:83 
C011DD $EB             XBA                             A:0D0D X:0000 Y:0002 S:0362 D:0000 DB:7F P:24 V:16  H:90 
C011DE $68             PLA                             A:0D0D X:0000 Y:0002 S:0362 D:0000 DB:7F P:24 V:16  H:94 
C011DF $28             PLP                             A:0D38 X:0000 Y:0002 S:0363 D:0000 DB:7F P:24 V:16  H:101
C011E0 $6B             RTL                             A:0D38 X:0000 Y:0002 S:0364 D:0000 DB:7F P:05 V:16  H:107
C011FC $68             PLA                             A:0D38 X:0000 Y:0002 S:0367 D:0000 DB:7F P:05 V:16  H:118
C011FD $43 $01         EOR $01,S [00036A] = $0D38      A:0100 X:0000 Y:0002 S:0369 D:0000 DB:7F P:05 V:16  H:126
C011FF $29 $00 $80     AND #$8000                      A:0C38 X:0000 Y:0002 S:0369 D:0000 DB:7F P:05 V:16  H:145
C01202 $F0 $15         BEQ $C01219                     A:0000 X:0000 Y:0002 S:0369 D:0000 DB:7F P:07 V:16  H:149
C01219 $68             PLA                             A:0000 X:0000 Y:0002 S:0369 D:0000 DB:7F P:07 V:16  H:154
C0121A $28             PLP                             A:0D38 X:0000 Y:0002 S:036B D:0000 DB:7F P:05 V:16  H:162
C0121B $6B             RTL                             A:0D38 X:0000 Y:0002 S:036C D:0000 DB:7F P:05 V:16  H:169
C60920 $A5 $01         LDA $01 [000001] = $0D38        A:0D38 X:0000 Y:0002 S:036F D:0000 DB:7F P:05 V:16  H:179
C60922 $99 $76 $E3     STA $E376,Y [7FE378] = $0A40    A:0D38 X:0000 Y:0002 S:036F D:0000 DB:7F P:05 V:16  H:186
C60925 $88             DEY                             A:0D38 X:0000 Y:0002 S:036F D:0000 DB:7F P:05 V:16  H:196
C60926 $88             DEY                             A:0D38 X:0000 Y:0001 S:036F D:0000 DB:7F P:05 V:16  H:199
C60927 $10 $EC         BPL $C60915                     A:0D38 X:0000 Y:0000 S:036F D:0000 DB:7F P:07 V:16  H:202
C60915 $B9 $EA $E2     LDA $E2EA,Y [7FE2EA] = $0100    A:0D38 X:0000 Y:0000 S:036F D:0000 DB:7F P:07 V:16  H:207
C60918 $85 $00         STA $00 [000000] = $3800        A:0100 X:0000 Y:0000 S:036F D:0000 DB:7F P:05 V:16  H:217
C6091A $A3 $01         LDA $01,S [000370] = $0D38      A:0100 X:0000 Y:0000 S:036F D:0000 DB:7F P:05 V:16  H:224
C6091C $22 $E1 $11 $C0 JSL $C011E1                     A:0D38 X:0000 Y:0000 S:036F D:0000 DB:7F P:05 V:16  H:232
C011E1 $08             PHP                             A:0D38 X:0000 Y:0000 S:036C D:0000 DB:7F P:05 V:16  H:246
C011E2 $C2 $20         REP #$20                        A:0D38 X:0000 Y:0000 S:036B D:0000 DB:7F P:05 V:16  H:251
C011E4 $48             PHA                             A:0D38 X:0000 Y:0000 S:036B D:0000 DB:7F P:05 V:16  H:255
C011E5 $B5 $00         LDA $00,X [000000] = $0100      A:0D38 X:0000 Y:0000 S:0369 D:0000 DB:7F P:05 V:16  H:262
C011E7 $48             PHA                             A:0100 X:0000 Y:0000 S:0369 D:0000 DB:7F P:05 V:16  H:271
C011E8 $10 $04         BPL $C011EE                     A:0100 X:0000 Y:0000 S:0367 D:0000 DB:7F P:05 V:16  H:291
C011EE $95 $00         STA $00,X [000000] = $0100      A:0100 X:0000 Y:0000 S:0367 D:0000 DB:7F P:05 V:16  H:296
C011F0 $A3 $03         LDA $03,S [00036A] = $0D38      A:0100 X:0000 Y:0000 S:0367 D:0000 DB:7F P:05 V:16  H:304
C011F2 $10 $04         BPL $C011F8                     A:0D38 X:0000 Y:0000 S:0367 D:0000 DB:7F P:05 V:16  H:313
C011F8 $22 $46 $11 $C0 JSL $C01146                     A:0D38 X:0000 Y:0000 S:0367 D:0000 DB:7F P:05 V:16  H:317
C01146 $08             PHP                             A:0D38 X:0000 Y:0000 S:0364 D:0000 DB:7F P:05 V:16  H:330
C01147 $E2 $20         SEP #$20                        A:0D38 X:0000 Y:0000 S:0363 D:0000 DB:7F P:05 V:16  H:335
C01149 $48             PHA                             A:0D38 X:0000 Y:0000 S:0363 D:0000 DB:7F P:25 V:16  H:339
C0114A $EB             XBA                             A:0D38 X:0000 Y:0000 S:0362 D:0000 DB:7F P:25 V:17  H:4  
C0114B $48             PHA                             A:380D X:0000 Y:0000 S:0362 D:0000 DB:7F P:25 V:17  H:9  
C0114C $B5 $01         LDA $01,X [000001] = $01        A:380D X:0000 Y:0000 S:0361 D:0000 DB:7F P:25 V:17  H:14 
C0114E $48             PHA                             A:3801 X:0000 Y:0000 S:0361 D:0000 DB:7F P:25 V:17  H:20 
C0114F $A3 $03         LDA $03,S [000363] = $38        A:3801 X:0000 Y:0000 S:0360 D:0000 DB:7F P:25 V:17  H:25 
C01151 $EB             XBA                             A:3838 X:0000 Y:0000 S:0360 D:0000 DB:7F P:25 V:17  H:32 
C01152 $B5 $00         LDA $00,X [000000] = $00        A:3838 X:0000 Y:0000 S:0360 D:0000 DB:7F P:25 V:17  H:36 
C01154 $48             PHA                             A:3800 X:0000 Y:0000 S:0360 D:0000 DB:7F P:27 V:17  H:43 
C01155 $8F $02 $42 $00 STA $004202                     A:3800 X:0000 Y:0000 S:035F D:0000 DB:7F P:27 V:17  H:48 
C01159 $EB             XBA                             A:3800 X:0000 Y:0000 S:035F D:0000 DB:7F P:27 V:17  H:55 
C0115A $8F $03 $42 $00 STA $004203                     A:0038 X:0000 Y:0000 S:035F D:0000 DB:7F P:25 V:17  H:60 
C0115E $EA             NOP                             A:0038 X:0000 Y:0000 S:035F D:0000 DB:7F P:25 V:17  H:67 
C0115F $EA             NOP                             A:0038 X:0000 Y:0000 S:035F D:0000 DB:7F P:25 V:17  H:70 
C01160 $EA             NOP                             A:0038 X:0000 Y:0000 S:035F D:0000 DB:7F P:25 V:17  H:73 
C01161 $EA             NOP                             A:0038 X:0000 Y:0000 S:035F D:0000 DB:7F P:25 V:17  H:76 
C01162 $AF $16 $42 $00 LDA $004216                     A:0038 X:0000 Y:0000 S:035F D:0000 DB:7F P:25 V:17  H:79 
C01166 $95 $00         STA $00,X [000000] = $00        A:0000 X:0000 Y:0000 S:035F D:0000 DB:7F P:27 V:17  H:87 
C01168 $AF $17 $42 $00 LDA $004217                     A:0000 X:0000 Y:0000 S:035F D:0000 DB:7F P:27 V:17  H:93 
C0116C $95 $01         STA $01,X [000001] = $01        A:0000 X:0000 Y:0000 S:035F D:0000 DB:7F P:27 V:17  H:101
C0116E $68             PLA                             A:0000 X:0000 Y:0000 S:035F D:0000 DB:7F P:27 V:17  H:107
C0116F $EB             XBA                             A:0000 X:0000 Y:0000 S:0360 D:0000 DB:7F P:27 V:17  H:114
C01170 $A3 $02         LDA $02,S [000362] = $0D        A:0000 X:0000 Y:0000 S:0360 D:0000 DB:7F P:27 V:17  H:118
C01172 $8F $02 $42 $00 STA $004202                     A:000D X:0000 Y:0000 S:0360 D:0000 DB:7F P:25 V:17  H:125
C01176 $EB             XBA                             A:000D X:0000 Y:0000 S:0360 D:0000 DB:7F P:25 V:17  H:132
C01177 $8F $03 $42 $00 STA $004203                     A:0D00 X:0000 Y:0000 S:0360 D:0000 DB:7F P:27 V:17  H:147
C0117B $EA             NOP                             A:0D00 X:0000 Y:0000 S:0360 D:0000 DB:7F P:27 V:17  H:154
C0117C $EA             NOP                             A:0D00 X:0000 Y:0000 S:0360 D:0000 DB:7F P:27 V:17  H:157
C0117D $EA             NOP                             A:0D00 X:0000 Y:0000 S:0360 D:0000 DB:7F P:27 V:17  H:160
C0117E $EA             NOP                             A:0D00 X:0000 Y:0000 S:0360 D:0000 DB:7F P:27 V:17  H:163
C0117F $AF $16 $42 $00 LDA $004216                     A:0D00 X:0000 Y:0000 S:0360 D:0000 DB:7F P:27 V:17  H:166
C01183 $18             CLC                             A:0D00 X:0000 Y:0000 S:0360 D:0000 DB:7F P:27 V:17  H:174
C01184 $75 $01         ADC $01,X [000001] = $00        A:0D00 X:0000 Y:0000 S:0360 D:0000 DB:7F P:26 V:17  H:177
C01186 $95 $01         STA $01,X [000001] = $00        A:0D00 X:0000 Y:0000 S:0360 D:0000 DB:7F P:26 V:17  H:183
C01188 $AF $17 $42 $00 LDA $004217                     A:0D00 X:0000 Y:0000 S:0360 D:0000 DB:7F P:26 V:17  H:190
C0118C $69 $00         ADC #$00                        A:0D00 X:0000 Y:0000 S:0360 D:0000 DB:7F P:26 V:17  H:197
C0118E $95 $02         STA $02,X [000002] = $0D        A:0D00 X:0000 Y:0000 S:0360 D:0000 DB:7F P:26 V:17  H:200
C01190 $A3 $01         LDA $01,S [000361] = $01        A:0D00 X:0000 Y:0000 S:0360 D:0000 DB:7F P:26 V:17  H:207
C01192 $EB             XBA                             A:0D01 X:0000 Y:0000 S:0360 D:0000 DB:7F P:24 V:17  H:213
C01193 $A3 $03         LDA $03,S [000363] = $38        A:010D X:0000 Y:0000 S:0360 D:0000 DB:7F P:24 V:17  H:218
C01195 $8F $02 $42 $00 STA $004202                     A:0138 X:0000 Y:0000 S:0360 D:0000 DB:7F P:24 V:17  H:224
C01199 $EB             XBA                             A:0138 X:0000 Y:0000 S:0360 D:0000 DB:7F P:24 V:17  H:232
C0119A $8F $03 $42 $00 STA $004203                     A:3801 X:0000 Y:0000 S:0360 D:0000 DB:7F P:24 V:17  H:236
C0119E $EA             NOP                             A:3801 X:0000 Y:0000 S:0360 D:0000 DB:7F P:24 V:17  H:244
C0119F $EA             NOP                             A:3801 X:0000 Y:0000 S:0360 D:0000 DB:7F P:24 V:17  H:247
C011A0 $EA             NOP                             A:3801 X:0000 Y:0000 S:0360 D:0000 DB:7F P:24 V:17  H:250
C011A1 $EA             NOP                             A:3801 X:0000 Y:0000 S:0360 D:0000 DB:7F P:24 V:17  H:253
C011A2 $AF $16 $42 $00 LDA $004216                     A:3801 X:0000 Y:0000 S:0360 D:0000 DB:7F P:24 V:17  H:256
C011A6 $18             CLC                             A:3838 X:0000 Y:0000 S:0360 D:0000 DB:7F P:24 V:17  H:263
C011A7 $75 $01         ADC $01,X [000001] = $00        A:3838 X:0000 Y:0000 S:0360 D:0000 DB:7F P:24 V:17  H:266
C011A9 $95 $01         STA $01,X [000001] = $00        A:3838 X:0000 Y:0000 S:0360 D:0000 DB:7F P:24 V:17  H:273
C011AB $AF $17 $42 $00 LDA $004217                     A:3838 X:0000 Y:0000 S:0360 D:0000 DB:7F P:24 V:17  H:287
C011AF $75 $02         ADC $02,X [000002] = $00        A:3800 X:0000 Y:0000 S:0360 D:0000 DB:7F P:26 V:17  H:295
C011B1 $95 $02         STA $02,X [000002] = $00        A:3800 X:0000 Y:0000 S:0360 D:0000 DB:7F P:26 V:17  H:301
C011B3 $A9 $00         LDA #$00                        A:3800 X:0000 Y:0000 S:0360 D:0000 DB:7F P:26 V:17  H:308
C011B5 $2A             ROL                             A:3800 X:0000 Y:0000 S:0360 D:0000 DB:7F P:26 V:17  H:311
C011B6 $95 $03         STA $03,X [000003] = $00        A:3800 X:0000 Y:0000 S:0360 D:0000 DB:7F P:26 V:17  H:314
C011B8 $A3 $01         LDA $01,S [000361] = $01        A:3800 X:0000 Y:0000 S:0360 D:0000 DB:7F P:26 V:17  H:320
C011BA $EB             XBA                             A:3801 X:0000 Y:0000 S:0360 D:0000 DB:7F P:24 V:17  H:326
C011BB $A3 $02         LDA $02,S [000362] = $0D        A:0138 X:0000 Y:0000 S:0360 D:0000 DB:7F P:24 V:17  H:330
C011BD $8F $02 $42 $00 STA $004202                     A:010D X:0000 Y:0000 S:0360 D:0000 DB:7F P:24 V:17  H:337
C011C1 $EB             XBA                             A:010D X:0000 Y:0000 S:0360 D:0000 DB:7F P:24 V:18  H:4  
C011C2 $8F $03 $42 $00 STA $004203                     A:0D01 X:0000 Y:0000 S:0360 D:0000 DB:7F P:24 V:18  H:9  
C011C6 $EA             NOP                             A:0D01 X:0000 Y:0000 S:0360 D:0000 DB:7F P:24 V:18  H:16 
C011C7 $EA             NOP                             A:0D01 X:0000 Y:0000 S:0360 D:0000 DB:7F P:24 V:18  H:19 
C011C8 $EA             NOP                             A:0D01 X:0000 Y:0000 S:0360 D:0000 DB:7F P:24 V:18  H:22 
C011C9 $EA             NOP                             A:0D01 X:0000 Y:0000 S:0360 D:0000 DB:7F P:24 V:18  H:25 
C011CA $AF $16 $42 $00 LDA $004216                     A:0D01 X:0000 Y:0000 S:0360 D:0000 DB:7F P:24 V:18  H:28 
C011CE $18             CLC                             A:0D0D X:0000 Y:0000 S:0360 D:0000 DB:7F P:24 V:18  H:36 
C011CF $75 $02         ADC $02,X [000002] = $00        A:0D0D X:0000 Y:0000 S:0360 D:0000 DB:7F P:24 V:18  H:39 
C011D1 $95 $02         STA $02,X [000002] = $00        A:0D0D X:0000 Y:0000 S:0360 D:0000 DB:7F P:24 V:18  H:45 
C011D3 $AF $17 $42 $00 LDA $004217                     A:0D0D X:0000 Y:0000 S:0360 D:0000 DB:7F P:24 V:18  H:52 
C011D7 $75 $03         ADC $03,X [000003] = $00        A:0D00 X:0000 Y:0000 S:0360 D:0000 DB:7F P:26 V:18  H:59 
C011D9 $95 $03         STA $03,X [000003] = $00        A:0D00 X:0000 Y:0000 S:0360 D:0000 DB:7F P:26 V:18  H:66 
C011DB $68             PLA                             A:0D00 X:0000 Y:0000 S:0360 D:0000 DB:7F P:26 V:18  H:72 
C011DC $68             PLA                             A:0D01 X:0000 Y:0000 S:0361 D:0000 DB:7F P:24 V:18  H:79 
C011DD $EB             XBA                             A:0D0D X:0000 Y:0000 S:0362 D:0000 DB:7F P:24 V:18  H:85 
C011DE $68             PLA                             A:0D0D X:0000 Y:0000 S:0362 D:0000 DB:7F P:24 V:18  H:90 
C011DF $28             PLP                             A:0D38 X:0000 Y:0000 S:0363 D:0000 DB:7F P:24 V:18  H:96 
C011E0 $6B             RTL                             A:0D38 X:0000 Y:0000 S:0364 D:0000 DB:7F P:05 V:18  H:103
C011FC $68             PLA                             A:0D38 X:0000 Y:0000 S:0367 D:0000 DB:7F P:05 V:18  H:113
C011FD $43 $01         EOR $01,S [00036A] = $0D38      A:0100 X:0000 Y:0000 S:0369 D:0000 DB:7F P:05 V:18  H:122
C011FF $29 $00 $80     AND #$8000                      A:0C38 X:0000 Y:0000 S:0369 D:0000 DB:7F P:05 V:18  H:130
C01202 $F0 $15         BEQ $C01219                     A:0000 X:0000 Y:0000 S:0369 D:0000 DB:7F P:07 V:18  H:145
C01219 $68             PLA                             A:0000 X:0000 Y:0000 S:0369 D:0000 DB:7F P:07 V:18  H:149
C0121A $28             PLP                             A:0D38 X:0000 Y:0000 S:036B D:0000 DB:7F P:05 V:18  H:158
C0121B $6B             RTL                             A:0D38 X:0000 Y:0000 S:036C D:0000 DB:7F P:05 V:18  H:164
C60920 $A5 $01         LDA $01 [000001] = $0D38        A:0D38 X:0000 Y:0000 S:036F D:0000 DB:7F P:05 V:18  H:175
C60922 $99 $76 $E3     STA $E376,Y [7FE376] = $0A40    A:0D38 X:0000 Y:0000 S:036F D:0000 DB:7F P:05 V:18  H:182
C60925 $88             DEY                             A:0D38 X:0000 Y:0000 S:036F D:0000 DB:7F P:05 V:18  H:192
C60926 $88             DEY                             A:0D38 X:0000 Y:FFFF S:036F D:0000 DB:7F P:85 V:18  H:195
C60927 $10 $EC         BPL $C60915                     A:0D38 X:0000 Y:FFFE S:036F D:0000 DB:7F P:85 V:18  H:198
C60929 $68             PLA                             A:0D38 X:0000 Y:FFFE S:036F D:0000 DB:7F P:85 V:18  H:201
C6092A $A0 $08 $00     LDY #$0008                      A:0D38 X:0000 Y:FFFE S:0371 D:0000 DB:7F P:05 V:18  H:209
C6092D $B9 $6C $E3     LDA $E36C,Y [7FE374] = $0A48    A:0D38 X:0000 Y:0008 S:0371 D:0000 DB:7F P:05 V:18  H:214
C60930 $18             CLC                             A:0A48 X:0000 Y:0008 S:0371 D:0000 DB:7F P:05 V:18  H:224
C60931 $63 $03         ADC $03,S [000374] = $0800      A:0A48 X:0000 Y:0008 S:0371 D:0000 DB:7F P:04 V:18  H:227
C60933 $29 $F8 $FF     AND #$FFF8                      A:1248 X:0000 Y:0008 S:0371 D:0000 DB:7F P:04 V:18  H:235
C60936 $99 $6C $E3     STA $E36C,Y [7FE374] = $0A48    A:1248 X:0000 Y:0008 S:0371 D:0000 DB:7F P:04 V:18  H:240
C60939 $B9 $76 $E3     LDA $E376,Y [7FE37E] = $0D38    A:1248 X:0000 Y:0008 S:0371 D:0000 DB:7F P:04 V:18  H:250
C6093C $18             CLC                             A:0D38 X:0000 Y:0008 S:0371 D:0000 DB:7F P:04 V:18  H:260
C6093D $63 $01         ADC $01,S [000372] = $0800      A:0D38 X:0000 Y:0008 S:0371 D:0000 DB:7F P:04 V:18  H:263
C6093F $29 $F8 $FF     AND #$FFF8                      A:1538 X:0000 Y:0008 S:0371 D:0000 DB:7F P:04 V:18  H:271
C60942 $99 $76 $E3     STA $E376,Y [7FE37E] = $0D38    A:1538 X:0000 Y:0008 S:0371 D:0000 DB:7F P:04 V:18  H:276
C60945 $88             DEY                             A:1538 X:0000 Y:0008 S:0371 D:0000 DB:7F P:04 V:18  H:292
C60946 $88             DEY                             A:1538 X:0000 Y:0007 S:0371 D:0000 DB:7F P:04 V:18  H:295
C60947 $10 $E4         BPL $C6092D                     A:1538 X:0000 Y:0006 S:0371 D:0000 DB:7F P:04 V:18  H:298
C6092D $B9 $6C $E3     LDA $E36C,Y [7FE372] = $0000    A:1538 X:0000 Y:0006 S:0371 D:0000 DB:7F P:04 V:18  H:302
C60930 $18             CLC                             A:0000 X:0000 Y:0006 S:0371 D:0000 DB:7F P:06 V:18  H:312
C60931 $63 $03         ADC $03,S [000374] = $0800      A:0000 X:0000 Y:0006 S:0371 D:0000 DB:7F P:06 V:18  H:315
C60933 $29 $F8 $FF     AND #$FFF8                      A:0800 X:0000 Y:0006 S:0371 D:0000 DB:7F P:04 V:18  H:323
C60936 $99 $6C $E3     STA $E36C,Y [7FE372] = $0000    A:0800 X:0000 Y:0006 S:0371 D:0000 DB:7F P:04 V:18  H:327
C60939 $B9 $76 $E3     LDA $E376,Y [7FE37C] = $0000    A:0800 X:0000 Y:0006 S:0371 D:0000 DB:7F P:04 V:18  H:337
C6093C $18             CLC                             A:0000 X:0000 Y:0006 S:0371 D:0000 DB:7F P:06 V:19  H:7  
C6093D $63 $01         ADC $01,S [000372] = $0800      A:0000 X:0000 Y:0006 S:0371 D:0000 DB:7F P:06 V:19  H:10 
C6093F $29 $F8 $FF     AND #$FFF8                      A:0800 X:0000 Y:0006 S:0371 D:0000 DB:7F P:04 V:19  H:19 
C60942 $99 $76 $E3     STA $E376,Y [7FE37C] = $0000    A:0800 X:0000 Y:0006 S:0371 D:0000 DB:7F P:04 V:19  H:23 
C60945 $88             DEY                             A:0800 X:0000 Y:0006 S:0371 D:0000 DB:7F P:04 V:19  H:33 
C60946 $88             DEY                             A:0800 X:0000 Y:0005 S:0371 D:0000 DB:7F P:04 V:19  H:36 
C60947 $10 $E4         BPL $C6092D                     A:0800 X:0000 Y:0004 S:0371 D:0000 DB:7F P:04 V:19  H:39 
C6092D $B9 $6C $E3     LDA $E36C,Y [7FE370] = $0A48    A:0800 X:0000 Y:0004 S:0371 D:0000 DB:7F P:04 V:19  H:44 
C60930 $18             CLC                             A:0A48 X:0000 Y:0004 S:0371 D:0000 DB:7F P:04 V:19  H:54 
C60931 $63 $03         ADC $03,S [000374] = $0800      A:0A48 X:0000 Y:0004 S:0371 D:0000 DB:7F P:04 V:19  H:57 
C60933 $29 $F8 $FF     AND #$FFF8                      A:1248 X:0000 Y:0004 S:0371 D:0000 DB:7F P:04 V:19  H:65 
C60936 $99 $6C $E3     STA $E36C,Y [7FE370] = $0A48    A:1248 X:0000 Y:0004 S:0371 D:0000 DB:7F P:04 V:19  H:70 
C60939 $B9 $76 $E3     LDA $E376,Y [7FE37A] = $0D38    A:1248 X:0000 Y:0004 S:0371 D:0000 DB:7F P:04 V:19  H:80 
C6093C $18             CLC                             A:0D38 X:0000 Y:0004 S:0371 D:0000 DB:7F P:04 V:19  H:90 
C6093D $63 $01         ADC $01,S [000372] = $0800      A:0D38 X:0000 Y:0004 S:0371 D:0000 DB:7F P:04 V:19  H:93 
C6093F $29 $F8 $FF     AND #$FFF8                      A:1538 X:0000 Y:0004 S:0371 D:0000 DB:7F P:04 V:19  H:101
C60942 $99 $76 $E3     STA $E376,Y [7FE37A] = $0D38    A:1538 X:0000 Y:0004 S:0371 D:0000 DB:7F P:04 V:19  H:106
C60945 $88             DEY                             A:1538 X:0000 Y:0004 S:0371 D:0000 DB:7F P:04 V:19  H:116
C60946 $88             DEY                             A:1538 X:0000 Y:0003 S:0371 D:0000 DB:7F P:04 V:19  H:119
C60947 $10 $E4         BPL $C6092D                     A:1538 X:0000 Y:0002 S:0371 D:0000 DB:7F P:04 V:19  H:122
C6092D $B9 $6C $E3     LDA $E36C,Y [7FE36E] = $0A48    A:1538 X:0000 Y:0002 S:0371 D:0000 DB:7F P:04 V:19  H:126
C60930 $18             CLC                             A:0A48 X:0000 Y:0002 S:0371 D:0000 DB:7F P:04 V:19  H:146
C60931 $63 $03         ADC $03,S [000374] = $0800      A:0A48 X:0000 Y:0002 S:0371 D:0000 DB:7F P:04 V:19  H:149
C60933 $29 $F8 $FF     AND #$FFF8                      A:1248 X:0000 Y:0002 S:0371 D:0000 DB:7F P:04 V:19  H:158
C60936 $99 $6C $E3     STA $E36C,Y [7FE36E] = $0A48    A:1248 X:0000 Y:0002 S:0371 D:0000 DB:7F P:04 V:19  H:162
C60939 $B9 $76 $E3     LDA $E376,Y [7FE378] = $0D38    A:1248 X:0000 Y:0002 S:0371 D:0000 DB:7F P:04 V:19  H:172
C6093C $18             CLC                             A:0D38 X:0000 Y:0002 S:0371 D:0000 DB:7F P:04 V:19  H:182
C6093D $63 $01         ADC $01,S [000372] = $0800      A:0D38 X:0000 Y:0002 S:0371 D:0000 DB:7F P:04 V:19  H:185
C6093F $29 $F8 $FF     AND #$FFF8                      A:1538 X:0000 Y:0002 S:0371 D:0000 DB:7F P:04 V:19  H:194
C60942 $99 $76 $E3     STA $E376,Y [7FE378] = $0D38    A:1538 X:0000 Y:0002 S:0371 D:0000 DB:7F P:04 V:19  H:198
C60945 $88             DEY                             A:1538 X:0000 Y:0002 S:0371 D:0000 DB:7F P:04 V:19  H:208
C60946 $88             DEY                             A:1538 X:0000 Y:0001 S:0371 D:0000 DB:7F P:04 V:19  H:211
C60947 $10 $E4         BPL $C6092D                     A:1538 X:0000 Y:0000 S:0371 D:0000 DB:7F P:06 V:19  H:214
C6092D $B9 $6C $E3     LDA $E36C,Y [7FE36C] = $0A48    A:1538 X:0000 Y:0000 S:0371 D:0000 DB:7F P:06 V:19  H:219
C60930 $18             CLC                             A:0A48 X:0000 Y:0000 S:0371 D:0000 DB:7F P:04 V:19  H:229
C60931 $63 $03         ADC $03,S [000374] = $0800      A:0A48 X:0000 Y:0000 S:0371 D:0000 DB:7F P:04 V:19  H:232
C60933 $29 $F8 $FF     AND #$FFF8                      A:1248 X:0000 Y:0000 S:0371 D:0000 DB:7F P:04 V:19  H:240
C60936 $99 $6C $E3     STA $E36C,Y [7FE36C] = $0A48    A:1248 X:0000 Y:0000 S:0371 D:0000 DB:7F P:04 V:19  H:245
C60939 $B9 $76 $E3     LDA $E376,Y [7FE376] = $0D38    A:1248 X:0000 Y:0000 S:0371 D:0000 DB:7F P:04 V:19  H:255
C6093C $18             CLC                             A:0D38 X:0000 Y:0000 S:0371 D:0000 DB:7F P:04 V:19  H:265
C6093D $63 $01         ADC $01,S [000372] = $0800      A:0D38 X:0000 Y:0000 S:0371 D:0000 DB:7F P:04 V:19  H:268
C6093F $29 $F8 $FF     AND #$FFF8                      A:1538 X:0000 Y:0000 S:0371 D:0000 DB:7F P:04 V:19  H:282
C60942 $99 $76 $E3     STA $E376,Y [7FE376] = $0D38    A:1538 X:0000 Y:0000 S:0371 D:0000 DB:7F P:04 V:19  H:287
C60945 $88             DEY                             A:1538 X:0000 Y:0000 S:0371 D:0000 DB:7F P:04 V:19  H:297
C60946 $88             DEY                             A:1538 X:0000 Y:FFFF S:0371 D:0000 DB:7F P:84 V:19  H:300
C60947 $10 $E4         BPL $C6092D                     A:1538 X:0000 Y:FFFE S:0371 D:0000 DB:7F P:84 V:19  H:303
C60949 $68             PLA                             A:1538 X:0000 Y:FFFE S:0371 D:0000 DB:7F P:84 V:19  H:306
C6094A $68             PLA                             A:0800 X:0000 Y:FFFE S:0373 D:0000 DB:7F P:04 V:19  H:314
C6094B $F4 $7E $7E     PEA #$7E7E                      A:0800 X:0000 Y:FFFE S:0375 D:0000 DB:7F P:04 V:19  H:323
C6094E $AB             PLB                             A:0800 X:0000 Y:FFFE S:0373 D:0000 DB:7F P:04 V:19  H:330
C6094F $AB             PLB                             A:0800 X:0000 Y:FFFE S:0374 D:0000 DB:7E P:04 V:19  H:337
C60950 $60             RTS                             A:0800 X:0000 Y:FFFE S:0375 D:0000 DB:7E P:04 V:20  H:3  
C60731 $6B             RTL                             A:0800 X:0000 Y:FFFE S:0377 D:0000 DB:7E P:04 V:20  H:13 
C600E5 $22 $93 $98 $7E JSL $7E9893                     A:0800 X:0000 Y:FFFE S:037A D:0000 DB:7E P:04 V:20  H:24 
