C60951 $20 $62 $09     JSR $0962 [C60962] = $0D9C      A:0070 X:9670 Y:0002 S:0377 D:0000 DB:7E P:84 V:240 H:311
C60962 $9C $0D $DB     STZ $DB0D [7EDB0D] = $0001      A:0070 X:9670 Y:0002 S:0375 D:0000 DB:7E P:84 V:240 H:321
C60965 $9C $0F $DB     STZ $DB0F [7EDB0F] = $0000      A:0070 X:9670 Y:0002 S:0375 D:0000 DB:7E P:84 V:240 H:328
C60968 $A2 $07 $00     LDX #$0007                      A:0070 X:9670 Y:0002 S:0375 D:0000 DB:7E P:84 V:240 H:337
C6096B $AF $C5 $99 $7E LDA $7E99C5                     A:0070 X:0007 Y:0002 S:0375 D:0000 DB:7E P:04 V:241 H:1  
C6096F $29 $10 $00     AND #$0010                      A:135C X:0007 Y:0002 S:0375 D:0000 DB:7E P:04 V:241 H:11 
C60972 $F0 $03         BEQ $C60977                     A:0010 X:0007 Y:0002 S:0375 D:0000 DB:7E P:04 V:241 H:16 
C60974 $A2 $03 $00     LDX #$0003                      A:0010 X:0007 Y:0002 S:0375 D:0000 DB:7E P:04 V:241 H:19 
C60977 $8E $0B $DB     STX $DB0B [7EDB0B] = $0007      A:0010 X:0003 Y:0002 S:0375 D:0000 DB:7E P:04 V:241 H:23 
C6097A $60             RTS                             A:0010 X:0003 Y:0002 S:0375 D:0000 DB:7E P:04 V:241 H:32 
C60954 $20 $7B $09     JSR $097B [C6097B] = $07AD      A:0010 X:0003 Y:0002 S:0377 D:0000 DB:7E P:04 V:241 H:42 
C6097B $AD $07 $9A     LDA $9A07 [7E9A07] = $0001      A:0010 X:0003 Y:0002 S:0375 D:0000 DB:7E P:04 V:241 H:52 
C6097E $F0 $1E         BEQ $C6099E                     A:0001 X:0003 Y:0002 S:0375 D:0000 DB:7E P:04 V:241 H:60 
C60980 $AD $FF $99     LDA $99FF [7E99FF] = $0001      A:0001 X:0003 Y:0002 S:0375 D:0000 DB:7E P:04 V:241 H:63 
C60983 $D0 $1E         BNE $C609A3                     A:0001 X:0003 Y:0002 S:0375 D:0000 DB:7E P:04 V:241 H:72 
C609A3 $22 $DA $D2 $C1 JSL $C1D2DA                     A:0001 X:0003 Y:0002 S:0375 D:0000 DB:7E P:04 V:241 H:76 
C1D2DA $08             PHP                             A:0001 X:0003 Y:0002 S:0372 D:0000 DB:7E P:04 V:241 H:90 
C1D2DB $C2 $30         REP #$30                        A:0001 X:0003 Y:0002 S:0371 D:0000 DB:7E P:04 V:241 H:95 
C1D2DD $8B             PHB                             A:0001 X:0003 Y:0002 S:0371 D:0000 DB:7E P:04 V:241 H:99 
C1D2DE $48             PHA                             A:0001 X:0003 Y:0002 S:0370 D:0000 DB:7E P:04 V:241 H:104
C1D2DF $F4 $7E $7E     PEA #$7E7E                      A:0001 X:0003 Y:0002 S:036E D:0000 DB:7E P:04 V:241 H:111
C1D2E2 $AB             PLB                             A:0001 X:0003 Y:0002 S:036C D:0000 DB:7E P:04 V:241 H:120
C1D2E3 $AB             PLB                             A:0001 X:0003 Y:0002 S:036D D:0000 DB:7E P:04 V:241 H:126
C1D2E4 $A9 $FF $FF     LDA #$FFFF                      A:0001 X:0003 Y:0002 S:036E D:0000 DB:7E P:04 V:241 H:133
C1D2E7 $8D $04 $35     STA $3504 [7E3504] = $FFFF      A:FFFF X:0003 Y:0002 S:036E D:0000 DB:7E P:84 V:241 H:147
C1D2EA $68             PLA                             A:FFFF X:0003 Y:0002 S:036E D:0000 DB:7E P:84 V:241 H:156
C1D2EB $AB             PLB                             A:0001 X:0003 Y:0002 S:0370 D:0000 DB:7E P:04 V:241 H:164
C1D2EC $28             PLP                             A:0001 X:0003 Y:0002 S:0371 D:0000 DB:7E P:04 V:241 H:171
C1D2ED $6B             RTL                             A:0001 X:0003 Y:0002 S:0372 D:0000 DB:7E P:04 V:241 H:177
C609A7 $60             RTS                             A:0001 X:0003 Y:0002 S:0375 D:0000 DB:7E P:04 V:241 H:188
C60957 $20 $A8 $09     JSR $09A8 [C609A8] = $F7AE      A:0001 X:0003 Y:0002 S:0377 D:0000 DB:7E P:04 V:241 H:198
C609A8 $AE $F7 $99     LDX $99F7 [7E99F7] = $0008      A:0001 X:0003 Y:0002 S:0375 D:0000 DB:7E P:04 V:241 H:208
C609AB $22 $72 $05 $C9 JSL $C90572                     A:0001 X:0008 Y:0002 S:0375 D:0000 DB:7E P:04 V:241 H:216
C90572 $08             PHP                             A:0001 X:0008 Y:0002 S:0372 D:0000 DB:7E P:04 V:241 H:230
C90573 $8B             PHB                             A:0001 X:0008 Y:0002 S:0371 D:0000 DB:7E P:04 V:241 H:235
C90574 $78             SEI                             A:0001 X:0008 Y:0002 S:0370 D:0000 DB:7E P:04 V:241 H:240
C90575 $C2 $30         REP #$30                        A:0001 X:0008 Y:0002 S:0370 D:0000 DB:7E P:04 V:241 H:243
C90577 $48             PHA                             A:0001 X:0008 Y:0002 S:0370 D:0000 DB:7E P:04 V:241 H:247
C90578 $DA             PHX                             A:0001 X:0008 Y:0002 S:036E D:0000 DB:7E P:04 V:241 H:254
C90579 $5A             PHY                             A:0001 X:0008 Y:0002 S:036C D:0000 DB:7E P:04 V:241 H:261
C9057A $86 $40         STX $40 [000040] = $0000        A:0001 X:0008 Y:0002 S:036A D:0000 DB:7E P:04 V:241 H:268
C9057C $E2 $30         SEP #$30                        A:0001 X:0008 Y:0002 S:036A D:0000 DB:7E P:04 V:241 H:275
C9057E $A3 $0B         LDA $0B,S [000375] = $C6        A:0001 X:0008 Y:0002 S:036A D:0000 DB:7E P:34 V:241 H:280
C90580 $48             PHA                             A:00C6 X:0008 Y:0002 S:036A D:0000 DB:7E P:B4 V:241 H:286
C90581 $AB             PLB                             A:00C6 X:0008 Y:0002 S:0369 D:0000 DB:7E P:B4 V:241 H:291
C90582 $A0 $01         LDY #$01                        A:00C6 X:0008 Y:0002 S:036A D:0000 DB:C6 P:B4 V:241 H:298
C90584 $B3 $09         LDA ($09,S),Y [C609AF] = $00    A:00C6 X:0008 Y:0001 S:036A D:0000 DB:C6 P:34 V:241 H:301
C90586 $F0 $03         BEQ $C9058B                     A:0000 X:0008 Y:0001 S:036A D:0000 DB:C6 P:36 V:241 H:312
C9058B $C2 $20         REP #$20                        A:0000 X:0008 Y:0001 S:036A D:0000 DB:C6 P:36 V:241 H:317
C9058D $A0 $02         LDY #$02                        A:0000 X:0008 Y:0001 S:036A D:0000 DB:C6 P:16 V:241 H:321
C9058F $B3 $09         LDA ($09,S),Y [C609B0] = $0009  A:0000 X:0008 Y:0002 S:036A D:0000 DB:C6 P:14 V:241 H:324
C90591 $A2 $40         LDX #$40                        A:0009 X:0008 Y:0002 S:036A D:0000 DB:C6 P:14 V:241 H:336
C90593 $22 $46 $11 $C0 JSL $C01146                     A:0009 X:0040 Y:0002 S:036A D:0000 DB:C6 P:14 V:241 H:339
C01146 $08             PHP                             A:0009 X:0040 Y:0002 S:0367 D:0000 DB:C6 P:14 V:242 H:13 
C01147 $E2 $20         SEP #$20                        A:0009 X:0040 Y:0002 S:0366 D:0000 DB:C6 P:14 V:242 H:18 
C01149 $48             PHA                             A:0009 X:0040 Y:0002 S:0366 D:0000 DB:C6 P:34 V:242 H:22 
C0114A $EB             XBA                             A:0009 X:0040 Y:0002 S:0365 D:0000 DB:C6 P:34 V:242 H:27 
C0114B $48             PHA                             A:0900 X:0040 Y:0002 S:0365 D:0000 DB:C6 P:36 V:242 H:32 
C0114C $B5 $01         LDA $01,X [000041] = $00        A:0900 X:0040 Y:0002 S:0364 D:0000 DB:C6 P:36 V:242 H:37 
C0114E $48             PHA                             A:0900 X:0040 Y:0002 S:0364 D:0000 DB:C6 P:36 V:242 H:43 
C0114F $A3 $03         LDA $03,S [000366] = $09        A:0900 X:0040 Y:0002 S:0363 D:0000 DB:C6 P:36 V:242 H:48 
C01151 $EB             XBA                             A:0909 X:0040 Y:0002 S:0363 D:0000 DB:C6 P:34 V:242 H:55 
C01152 $B5 $00         LDA $00,X [000040] = $08        A:0909 X:0040 Y:0002 S:0363 D:0000 DB:C6 P:34 V:242 H:59 
C01154 $48             PHA                             A:0908 X:0040 Y:0002 S:0363 D:0000 DB:C6 P:34 V:242 H:66 
C01155 $8F $02 $42 $00 STA $004202                     A:0908 X:0040 Y:0002 S:0362 D:0000 DB:C6 P:34 V:242 H:71 
C01159 $EB             XBA                             A:0908 X:0040 Y:0002 S:0362 D:0000 DB:C6 P:34 V:242 H:78 
C0115A $8F $03 $42 $00 STA $004203                     A:0809 X:0040 Y:0002 S:0362 D:0000 DB:C6 P:34 V:242 H:83 
C0115E $EA             NOP                             A:0809 X:0040 Y:0002 S:0362 D:0000 DB:C6 P:34 V:242 H:90 
C0115F $EA             NOP                             A:0809 X:0040 Y:0002 S:0362 D:0000 DB:C6 P:34 V:242 H:93 
C01160 $EA             NOP                             A:0809 X:0040 Y:0002 S:0362 D:0000 DB:C6 P:34 V:242 H:96 
C01161 $EA             NOP                             A:0809 X:0040 Y:0002 S:0362 D:0000 DB:C6 P:34 V:242 H:99 
C01162 $AF $16 $42 $00 LDA $004216                     A:0809 X:0040 Y:0002 S:0362 D:0000 DB:C6 P:34 V:242 H:102
C01166 $95 $00         STA $00,X [000040] = $08        A:0848 X:0040 Y:0002 S:0362 D:0000 DB:C6 P:34 V:242 H:110
C01168 $AF $17 $42 $00 LDA $004217                     A:0848 X:0040 Y:0002 S:0362 D:0000 DB:C6 P:34 V:242 H:116
C0116C $95 $01         STA $01,X [000041] = $00        A:0800 X:0040 Y:0002 S:0362 D:0000 DB:C6 P:36 V:242 H:124
C0116E $68             PLA                             A:0800 X:0040 Y:0002 S:0362 D:0000 DB:C6 P:36 V:242 H:130
C0116F $EB             XBA                             A:0808 X:0040 Y:0002 S:0363 D:0000 DB:C6 P:34 V:242 H:147
C01170 $A3 $02         LDA $02,S [000365] = $00        A:0808 X:0040 Y:0002 S:0363 D:0000 DB:C6 P:34 V:242 H:151
C01172 $8F $02 $42 $00 STA $004202                     A:0800 X:0040 Y:0002 S:0363 D:0000 DB:C6 P:36 V:242 H:158
C01176 $EB             XBA                             A:0800 X:0040 Y:0002 S:0363 D:0000 DB:C6 P:36 V:242 H:165
C01177 $8F $03 $42 $00 STA $004203                     A:0008 X:0040 Y:0002 S:0363 D:0000 DB:C6 P:34 V:242 H:170
C0117B $EA             NOP                             A:0008 X:0040 Y:0002 S:0363 D:0000 DB:C6 P:34 V:242 H:177
C0117C $EA             NOP                             A:0008 X:0040 Y:0002 S:0363 D:0000 DB:C6 P:34 V:242 H:180
C0117D $EA             NOP                             A:0008 X:0040 Y:0002 S:0363 D:0000 DB:C6 P:34 V:242 H:183
C0117E $EA             NOP                             A:0008 X:0040 Y:0002 S:0363 D:0000 DB:C6 P:34 V:242 H:186
C0117F $AF $16 $42 $00 LDA $004216                     A:0008 X:0040 Y:0002 S:0363 D:0000 DB:C6 P:34 V:242 H:189
C01183 $18             CLC                             A:0000 X:0040 Y:0002 S:0363 D:0000 DB:C6 P:36 V:242 H:197
C01184 $75 $01         ADC $01,X [000041] = $00        A:0000 X:0040 Y:0002 S:0363 D:0000 DB:C6 P:36 V:242 H:200
C01186 $95 $01         STA $01,X [000041] = $00        A:0000 X:0040 Y:0002 S:0363 D:0000 DB:C6 P:36 V:242 H:206
C01188 $AF $17 $42 $00 LDA $004217                     A:0000 X:0040 Y:0002 S:0363 D:0000 DB:C6 P:36 V:242 H:213
C0118C $69 $00         ADC #$00                        A:0000 X:0040 Y:0002 S:0363 D:0000 DB:C6 P:36 V:242 H:220
C0118E $95 $02         STA $02,X [000042] = $00        A:0000 X:0040 Y:0002 S:0363 D:0000 DB:C6 P:36 V:242 H:223
C01190 $A3 $01         LDA $01,S [000364] = $00        A:0000 X:0040 Y:0002 S:0363 D:0000 DB:C6 P:36 V:242 H:230
C01192 $EB             XBA                             A:0000 X:0040 Y:0002 S:0363 D:0000 DB:C6 P:36 V:242 H:236
C01193 $A3 $03         LDA $03,S [000366] = $09        A:0000 X:0040 Y:0002 S:0363 D:0000 DB:C6 P:36 V:242 H:241
C01195 $8F $02 $42 $00 STA $004202                     A:0009 X:0040 Y:0002 S:0363 D:0000 DB:C6 P:34 V:242 H:247
C01199 $EB             XBA                             A:0009 X:0040 Y:0002 S:0363 D:0000 DB:C6 P:34 V:242 H:255
C0119A $8F $03 $42 $00 STA $004203                     A:0900 X:0040 Y:0002 S:0363 D:0000 DB:C6 P:36 V:242 H:259
C0119E $EA             NOP                             A:0900 X:0040 Y:0002 S:0363 D:0000 DB:C6 P:36 V:242 H:267
C0119F $EA             NOP                             A:0900 X:0040 Y:0002 S:0363 D:0000 DB:C6 P:36 V:242 H:270
C011A0 $EA             NOP                             A:0900 X:0040 Y:0002 S:0363 D:0000 DB:C6 P:36 V:242 H:273
C011A1 $EA             NOP                             A:0900 X:0040 Y:0002 S:0363 D:0000 DB:C6 P:36 V:242 H:276
C011A2 $AF $16 $42 $00 LDA $004216                     A:0900 X:0040 Y:0002 S:0363 D:0000 DB:C6 P:36 V:242 H:279
C011A6 $18             CLC                             A:0900 X:0040 Y:0002 S:0363 D:0000 DB:C6 P:36 V:242 H:286
C011A7 $75 $01         ADC $01,X [000041] = $00        A:0900 X:0040 Y:0002 S:0363 D:0000 DB:C6 P:36 V:242 H:289
C011A9 $95 $01         STA $01,X [000041] = $00        A:0900 X:0040 Y:0002 S:0363 D:0000 DB:C6 P:36 V:242 H:296
C011AB $AF $17 $42 $00 LDA $004217                     A:0900 X:0040 Y:0002 S:0363 D:0000 DB:C6 P:36 V:242 H:302
C011AF $75 $02         ADC $02,X [000042] = $00        A:0900 X:0040 Y:0002 S:0363 D:0000 DB:C6 P:36 V:242 H:310
C011B1 $95 $02         STA $02,X [000042] = $00        A:0900 X:0040 Y:0002 S:0363 D:0000 DB:C6 P:36 V:242 H:316
C011B3 $A9 $00         LDA #$00                        A:0900 X:0040 Y:0002 S:0363 D:0000 DB:C6 P:36 V:242 H:323
C011B5 $2A             ROL                             A:0900 X:0040 Y:0002 S:0363 D:0000 DB:C6 P:36 V:242 H:325
C011B6 $95 $03         STA $03,X [000043] = $00        A:0900 X:0040 Y:0002 S:0363 D:0000 DB:C6 P:36 V:242 H:328
C011B8 $A3 $01         LDA $01,S [000364] = $00        A:0900 X:0040 Y:0002 S:0363 D:0000 DB:C6 P:36 V:242 H:334
C011BA $EB             XBA                             A:0900 X:0040 Y:0002 S:0363 D:0000 DB:C6 P:36 V:243 H:1  
C011BB $A3 $02         LDA $02,S [000365] = $00        A:0009 X:0040 Y:0002 S:0363 D:0000 DB:C6 P:34 V:243 H:5  
C011BD $8F $02 $42 $00 STA $004202                     A:0000 X:0040 Y:0002 S:0363 D:0000 DB:C6 P:36 V:243 H:12 
C011C1 $EB             XBA                             A:0000 X:0040 Y:0002 S:0363 D:0000 DB:C6 P:36 V:243 H:19 
C011C2 $8F $03 $42 $00 STA $004203                     A:0000 X:0040 Y:0002 S:0363 D:0000 DB:C6 P:36 V:243 H:24 
C011C6 $EA             NOP                             A:0000 X:0040 Y:0002 S:0363 D:0000 DB:C6 P:36 V:243 H:31 
C011C7 $EA             NOP                             A:0000 X:0040 Y:0002 S:0363 D:0000 DB:C6 P:36 V:243 H:34 
C011C8 $EA             NOP                             A:0000 X:0040 Y:0002 S:0363 D:0000 DB:C6 P:36 V:243 H:37 
C011C9 $EA             NOP                             A:0000 X:0040 Y:0002 S:0363 D:0000 DB:C6 P:36 V:243 H:40 
C011CA $AF $16 $42 $00 LDA $004216                     A:0000 X:0040 Y:0002 S:0363 D:0000 DB:C6 P:36 V:243 H:43 
C011CE $18             CLC                             A:0000 X:0040 Y:0002 S:0363 D:0000 DB:C6 P:36 V:243 H:51 
C011CF $75 $02         ADC $02,X [000042] = $00        A:0000 X:0040 Y:0002 S:0363 D:0000 DB:C6 P:36 V:243 H:54 
C011D1 $95 $02         STA $02,X [000042] = $00        A:0000 X:0040 Y:0002 S:0363 D:0000 DB:C6 P:36 V:243 H:60 
C011D3 $AF $17 $42 $00 LDA $004217                     A:0000 X:0040 Y:0002 S:0363 D:0000 DB:C6 P:36 V:243 H:67 
C011D7 $75 $03         ADC $03,X [000043] = $00        A:0000 X:0040 Y:0002 S:0363 D:0000 DB:C6 P:36 V:243 H:74 
C011D9 $95 $03         STA $03,X [000043] = $00        A:0000 X:0040 Y:0002 S:0363 D:0000 DB:C6 P:36 V:243 H:81 
C011DB $68             PLA                             A:0000 X:0040 Y:0002 S:0363 D:0000 DB:C6 P:36 V:243 H:87 
C011DC $68             PLA                             A:0000 X:0040 Y:0002 S:0364 D:0000 DB:C6 P:36 V:243 H:94 
C011DD $EB             XBA                             A:0000 X:0040 Y:0002 S:0365 D:0000 DB:C6 P:36 V:243 H:100
C011DE $68             PLA                             A:0000 X:0040 Y:0002 S:0365 D:0000 DB:C6 P:36 V:243 H:105
C011DF $28             PLP                             A:0009 X:0040 Y:0002 S:0366 D:0000 DB:C6 P:34 V:243 H:111
C011E0 $6B             RTL                             A:0009 X:0040 Y:0002 S:0367 D:0000 DB:C6 P:14 V:243 H:118
C90597 $A0 $04         LDY #$04                        A:0009 X:0040 Y:0002 S:036A D:0000 DB:C6 P:14 V:243 H:128
C90599 $B3 $09         LDA ($09,S),Y [C609B2] = $A6D4  A:0009 X:0040 Y:0004 S:036A D:0000 DB:C6 P:14 V:243 H:131
C9059B $A0 $07         LDY #$07                        A:A6D4 X:0040 Y:0004 S:036A D:0000 DB:C6 P:94 V:243 H:154
C9059D $18             CLC                             A:A6D4 X:0040 Y:0007 S:036A D:0000 DB:C6 P:14 V:243 H:157
C9059E $73 $09         ADC ($09,S),Y [C609B5] = $0000  A:A6D4 X:0040 Y:0007 S:036A D:0000 DB:C6 P:14 V:243 H:160
C905A0 $90 $03         BCC $C905A5                     A:A6D4 X:0040 Y:0007 S:036A D:0000 DB:C6 P:94 V:243 H:173
C905A5 $65 $40         ADC $40 [000040] = $0048        A:A6D4 X:0040 Y:0007 S:036A D:0000 DB:C6 P:94 V:243 H:178
C905A7 $85 $40         STA $40 [000040] = $0048        A:A71C X:0040 Y:0007 S:036A D:0000 DB:C6 P:94 V:243 H:185
C905A9 $90 $02         BCC $C905AD                     A:A71C X:0040 Y:0007 S:036A D:0000 DB:C6 P:94 V:243 H:192
C905AD $E2 $20         SEP #$20                        A:A71C X:0040 Y:0007 S:036A D:0000 DB:C6 P:94 V:243 H:196
C905AF $A0 $06         LDY #$06                        A:A71C X:0040 Y:0007 S:036A D:0000 DB:C6 P:B4 V:243 H:201
C905B1 $B3 $09         LDA ($09,S),Y [C609B4] = $C8    A:A71C X:0040 Y:0006 S:036A D:0000 DB:C6 P:34 V:243 H:204
C905B3 $18             CLC                             A:A7C8 X:0040 Y:0006 S:036A D:0000 DB:C6 P:B4 V:243 H:215
C905B4 $65 $42         ADC $42 [000042] = $00          A:A7C8 X:0040 Y:0006 S:036A D:0000 DB:C6 P:B4 V:243 H:218
C905B6 $85 $42         STA $42 [000042] = $00          A:A7C8 X:0040 Y:0006 S:036A D:0000 DB:C6 P:B4 V:243 H:223
C905B8 $C2 $30         REP #$30                        A:A7C8 X:0040 Y:0006 S:036A D:0000 DB:C6 P:B4 V:243 H:228
C905BA $A7 $40         LDA [$40] [C8A71C] = $0011      A:A7C8 X:0040 Y:0006 S:036A D:0000 DB:C6 P:84 V:243 H:233
C905BC $AA             TAX                             A:0011 X:0040 Y:0006 S:036A D:0000 DB:C6 P:04 V:243 H:245
C905BD $A0 $01 $00     LDY #$0001                      A:0011 X:0011 Y:0006 S:036A D:0000 DB:C6 P:04 V:243 H:248
C905C0 $B7 $40         LDA [$40],Y [C8A71D] = $0200    A:0011 X:0011 Y:0001 S:036A D:0000 DB:C6 P:04 V:243 H:252
C905C2 $85 $41         STA $41 [000041] = $C8A7        A:0200 X:0011 Y:0001 S:036A D:0000 DB:C6 P:04 V:243 H:264
C905C4 $8A             TXA                             A:0200 X:0011 Y:0001 S:036A D:0000 DB:C6 P:04 V:243 H:271
C905C5 $85 $40         STA $40 [000040] = $001C        A:0011 X:0011 Y:0001 S:036A D:0000 DB:C6 P:04 V:243 H:274
C905C7 $A0 $0A $00     LDY #$000A                      A:0011 X:0011 Y:0001 S:036A D:0000 DB:C6 P:04 V:243 H:281
C905CA $B3 $09         LDA ($09,S),Y [C609B8] = $003F  A:0011 X:0011 Y:000A S:036A D:0000 DB:C6 P:04 V:243 H:286
C905CC $29 $00 $FF     AND #$FF00                      A:003F X:0011 Y:000A S:036A D:0000 DB:C6 P:04 V:243 H:299
C905CF $D0 $14         BNE $C905E5                     A:0000 X:0011 Y:000A S:036A D:0000 DB:C6 P:06 V:243 H:303
C905D1 $A5 $40         LDA $40 [000040] = $0011        A:0000 X:0011 Y:000A S:036A D:0000 DB:C6 P:06 V:243 H:306
C905D3 $A0 $09 $00     LDY #$0009                      A:0011 X:0011 Y:000A S:036A D:0000 DB:C6 P:04 V:243 H:313
C905D6 $33 $09         AND ($09,S),Y [C609B7] = $3FC0  A:0011 X:0011 Y:0009 S:036A D:0000 DB:C6 P:04 V:243 H:318
C905D8 $85 $40         STA $40 [000040] = $0011        A:0000 X:0011 Y:0009 S:036A D:0000 DB:C6 P:06 V:243 H:330
C905DA $B3 $09         LDA ($09,S),Y [C609B7] = $3FC0  A:0000 X:0011 Y:0009 S:036A D:0000 DB:C6 P:06 V:243 H:337
C905DC $F0 $22         BEQ $C90600                     A:3FC0 X:0011 Y:0009 S:036A D:0000 DB:C6 P:04 V:244 H:10 
C905DE $4A             LSR                             A:3FC0 X:0011 Y:0009 S:036A D:0000 DB:C6 P:04 V:244 H:13 
C905DF $B0 $1F         BCS $C90600                     A:1FE0 X:0011 Y:0009 S:036A D:0000 DB:C6 P:04 V:244 H:16 
C905E1 $46 $40         LSR $40 [000040] = $0000        A:1FE0 X:0011 Y:0009 S:036A D:0000 DB:C6 P:04 V:244 H:19 
C905E3 $80 $F9         BRA $C905DE                     A:1FE0 X:0011 Y:0009 S:036A D:0000 DB:C6 P:06 V:244 H:31 
C905DE $4A             LSR                             A:1FE0 X:0011 Y:0009 S:036A D:0000 DB:C6 P:06 V:244 H:36 
C905DF $B0 $1F         BCS $C90600                     A:0FF0 X:0011 Y:0009 S:036A D:0000 DB:C6 P:04 V:244 H:39 
C905E1 $46 $40         LSR $40 [000040] = $0000        A:0FF0 X:0011 Y:0009 S:036A D:0000 DB:C6 P:04 V:244 H:42 
C905E3 $80 $F9         BRA $C905DE                     A:0FF0 X:0011 Y:0009 S:036A D:0000 DB:C6 P:06 V:244 H:54 
C905DE $4A             LSR                             A:0FF0 X:0011 Y:0009 S:036A D:0000 DB:C6 P:06 V:244 H:59 
C905DF $B0 $1F         BCS $C90600                     A:07F8 X:0011 Y:0009 S:036A D:0000 DB:C6 P:04 V:244 H:62 
C905E1 $46 $40         LSR $40 [000040] = $0000        A:07F8 X:0011 Y:0009 S:036A D:0000 DB:C6 P:04 V:244 H:65 
C905E3 $80 $F9         BRA $C905DE                     A:07F8 X:0011 Y:0009 S:036A D:0000 DB:C6 P:06 V:244 H:77 
C905DE $4A             LSR                             A:07F8 X:0011 Y:0009 S:036A D:0000 DB:C6 P:06 V:244 H:82 
C905DF $B0 $1F         BCS $C90600                     A:03FC X:0011 Y:0009 S:036A D:0000 DB:C6 P:04 V:244 H:85 
C905E1 $46 $40         LSR $40 [000040] = $0000        A:03FC X:0011 Y:0009 S:036A D:0000 DB:C6 P:04 V:244 H:88 
C905E3 $80 $F9         BRA $C905DE                     A:03FC X:0011 Y:0009 S:036A D:0000 DB:C6 P:06 V:244 H:100
C905DE $4A             LSR                             A:03FC X:0011 Y:0009 S:036A D:0000 DB:C6 P:06 V:244 H:105
C905DF $B0 $1F         BCS $C90600                     A:01FE X:0011 Y:0009 S:036A D:0000 DB:C6 P:04 V:244 H:108
C905E1 $46 $40         LSR $40 [000040] = $0000        A:01FE X:0011 Y:0009 S:036A D:0000 DB:C6 P:04 V:244 H:111
C905E3 $80 $F9         BRA $C905DE                     A:01FE X:0011 Y:0009 S:036A D:0000 DB:C6 P:06 V:244 H:123
C905DE $4A             LSR                             A:01FE X:0011 Y:0009 S:036A D:0000 DB:C6 P:06 V:244 H:128
C905DF $B0 $1F         BCS $C90600                     A:00FF X:0011 Y:0009 S:036A D:0000 DB:C6 P:04 V:244 H:131
C905E1 $46 $40         LSR $40 [000040] = $0000        A:00FF X:0011 Y:0009 S:036A D:0000 DB:C6 P:04 V:244 H:144
C905E3 $80 $F9         BRA $C905DE                     A:00FF X:0011 Y:0009 S:036A D:0000 DB:C6 P:06 V:244 H:156
C905DE $4A             LSR                             A:00FF X:0011 Y:0009 S:036A D:0000 DB:C6 P:06 V:244 H:161
C905DF $B0 $1F         BCS $C90600                     A:007F X:0011 Y:0009 S:036A D:0000 DB:C6 P:05 V:244 H:164
C90600 $A3 $09         LDA $09,S [000373] = $09AE      A:007F X:0011 Y:0009 S:036A D:0000 DB:C6 P:05 V:244 H:168
C90602 $18             CLC                             A:09AE X:0011 Y:0009 S:036A D:0000 DB:C6 P:05 V:244 H:177
C90603 $69 $0B $00     ADC #$000B                      A:09AE X:0011 Y:0009 S:036A D:0000 DB:C6 P:04 V:244 H:180
C90606 $83 $09         STA $09,S [000373] = $09AE      A:09B9 X:0011 Y:0009 S:036A D:0000 DB:C6 P:04 V:244 H:184
C90608 $7A             PLY                             A:09B9 X:0011 Y:0009 S:036A D:0000 DB:C6 P:04 V:244 H:193
C90609 $FA             PLX                             A:09B9 X:0011 Y:0002 S:036C D:0000 DB:C6 P:04 V:244 H:201
C9060A $68             PLA                             A:09B9 X:0008 Y:0002 S:036E D:0000 DB:C6 P:04 V:244 H:210
C9060B $AB             PLB                             A:0001 X:0008 Y:0002 S:0370 D:0000 DB:C6 P:04 V:244 H:218
C9060C $28             PLP                             A:0001 X:0008 Y:0002 S:0371 D:0000 DB:7E P:04 V:244 H:225
C9060D $A5 $40         LDA $40 [000040] = $0000        A:0001 X:0008 Y:0002 S:0372 D:0000 DB:7E P:04 V:244 H:231
C9060F $6B             RTL                             A:0000 X:0008 Y:0002 S:0372 D:0000 DB:7E P:06 V:244 H:238
C609BA $C9 $00 $00     CMP #$0000                      A:0000 X:0008 Y:0002 S:0375 D:0000 DB:7E P:06 V:244 H:249
C609BD $F0 $05         BEQ $C609C4                     A:0000 X:0008 Y:0002 S:0375 D:0000 DB:7E P:07 V:244 H:253
C609C4 $60             RTS                             A:0000 X:0008 Y:0002 S:0375 D:0000 DB:7E P:07 V:244 H:258
C6095A $20 $C5 $09     JSR $09C5 [C609C5] = $F7AE      A:0000 X:0008 Y:0002 S:0377 D:0000 DB:7E P:07 V:244 H:268
C609C5 $AE $F7 $99     LDX $99F7 [7E99F7] = $0008      A:0000 X:0008 Y:0002 S:0375 D:0000 DB:7E P:07 V:244 H:278
C609C8 $EC $01 $9A     CPX $9A01 [7E9A01] = $0021      A:0000 X:0008 Y:0002 S:0375 D:0000 DB:7E P:05 V:244 H:286
C609CB $F0 $12         BEQ $C609DF                     A:0000 X:0008 Y:0002 S:0375 D:0000 DB:7E P:84 V:244 H:295
C609CD $22 $72 $05 $C9 JSL $C90572                     A:0000 X:0008 Y:0002 S:0375 D:0000 DB:7E P:84 V:244 H:298
C90572 $08             PHP                             A:0000 X:0008 Y:0002 S:0372 D:0000 DB:7E P:84 V:244 H:311
C90573 $8B             PHB                             A:0000 X:0008 Y:0002 S:0371 D:0000 DB:7E P:84 V:244 H:316
C90574 $78             SEI                             A:0000 X:0008 Y:0002 S:0370 D:0000 DB:7E P:84 V:244 H:321
C90575 $C2 $30         REP #$30                        A:0000 X:0008 Y:0002 S:0370 D:0000 DB:7E P:84 V:244 H:324
C90577 $48             PHA                             A:0000 X:0008 Y:0002 S:0370 D:0000 DB:7E P:84 V:244 H:328
C90578 $DA             PHX                             A:0000 X:0008 Y:0002 S:036E D:0000 DB:7E P:84 V:244 H:335
C90579 $5A             PHY                             A:0000 X:0008 Y:0002 S:036C D:0000 DB:7E P:84 V:245 H:2  
C9057A $86 $40         STX $40 [000040] = $0000        A:0000 X:0008 Y:0002 S:036A D:0000 DB:7E P:84 V:245 H:9  
C9057C $E2 $30         SEP #$30                        A:0000 X:0008 Y:0002 S:036A D:0000 DB:7E P:84 V:245 H:16 
C9057E $A3 $0B         LDA $0B,S [000375] = $C6        A:0000 X:0008 Y:0002 S:036A D:0000 DB:7E P:B4 V:245 H:20 
C90580 $48             PHA                             A:00C6 X:0008 Y:0002 S:036A D:0000 DB:7E P:B4 V:245 H:27 
C90581 $AB             PLB                             A:00C6 X:0008 Y:0002 S:0369 D:0000 DB:7E P:B4 V:245 H:32 
C90582 $A0 $01         LDY #$01                        A:00C6 X:0008 Y:0002 S:036A D:0000 DB:C6 P:B4 V:245 H:38 
C90584 $B3 $09         LDA ($09,S),Y [C609D1] = $00    A:00C6 X:0008 Y:0001 S:036A D:0000 DB:C6 P:34 V:245 H:41 
C90586 $F0 $03         BEQ $C9058B                     A:0000 X:0008 Y:0001 S:036A D:0000 DB:C6 P:36 V:245 H:53 
C9058B $C2 $20         REP #$20                        A:0000 X:0008 Y:0001 S:036A D:0000 DB:C6 P:36 V:245 H:57 
C9058D $A0 $02         LDY #$02                        A:0000 X:0008 Y:0001 S:036A D:0000 DB:C6 P:16 V:245 H:62 
C9058F $B3 $09         LDA ($09,S),Y [C609D2] = $0009  A:0000 X:0008 Y:0002 S:036A D:0000 DB:C6 P:14 V:245 H:65 
C90591 $A2 $40         LDX #$40                        A:0009 X:0008 Y:0002 S:036A D:0000 DB:C6 P:14 V:245 H:78 
C90593 $22 $46 $11 $C0 JSL $C01146                     A:0009 X:0040 Y:0002 S:036A D:0000 DB:C6 P:14 V:245 H:81 
C01146 $08             PHP                             A:0009 X:0040 Y:0002 S:0367 D:0000 DB:C6 P:14 V:245 H:94 
C01147 $E2 $20         SEP #$20                        A:0009 X:0040 Y:0002 S:0366 D:0000 DB:C6 P:14 V:245 H:99 
C01149 $48             PHA                             A:0009 X:0040 Y:0002 S:0366 D:0000 DB:C6 P:34 V:245 H:104
C0114A $EB             XBA                             A:0009 X:0040 Y:0002 S:0365 D:0000 DB:C6 P:34 V:245 H:109
C0114B $48             PHA                             A:0900 X:0040 Y:0002 S:0365 D:0000 DB:C6 P:36 V:245 H:113
C0114C $B5 $01         LDA $01,X [000041] = $00        A:0900 X:0040 Y:0002 S:0364 D:0000 DB:C6 P:36 V:245 H:118
C0114E $48             PHA                             A:0900 X:0040 Y:0002 S:0364 D:0000 DB:C6 P:36 V:245 H:125
C0114F $A3 $03         LDA $03,S [000366] = $09        A:0900 X:0040 Y:0002 S:0363 D:0000 DB:C6 P:36 V:245 H:130
C01151 $EB             XBA                             A:0909 X:0040 Y:0002 S:0363 D:0000 DB:C6 P:34 V:245 H:146
C01152 $B5 $00         LDA $00,X [000040] = $08        A:0909 X:0040 Y:0002 S:0363 D:0000 DB:C6 P:34 V:245 H:151
C01154 $48             PHA                             A:0908 X:0040 Y:0002 S:0363 D:0000 DB:C6 P:34 V:245 H:157
C01155 $8F $02 $42 $00 STA $004202                     A:0908 X:0040 Y:0002 S:0362 D:0000 DB:C6 P:34 V:245 H:162
C01159 $EB             XBA                             A:0908 X:0040 Y:0002 S:0362 D:0000 DB:C6 P:34 V:245 H:170
C0115A $8F $03 $42 $00 STA $004203                     A:0809 X:0040 Y:0002 S:0362 D:0000 DB:C6 P:34 V:245 H:174
C0115E $EA             NOP                             A:0809 X:0040 Y:0002 S:0362 D:0000 DB:C6 P:34 V:245 H:182
C0115F $EA             NOP                             A:0809 X:0040 Y:0002 S:0362 D:0000 DB:C6 P:34 V:245 H:185
C01160 $EA             NOP                             A:0809 X:0040 Y:0002 S:0362 D:0000 DB:C6 P:34 V:245 H:188
C01161 $EA             NOP                             A:0809 X:0040 Y:0002 S:0362 D:0000 DB:C6 P:34 V:245 H:191
C01162 $AF $16 $42 $00 LDA $004216                     A:0809 X:0040 Y:0002 S:0362 D:0000 DB:C6 P:34 V:245 H:194
C01166 $95 $00         STA $00,X [000040] = $08        A:0848 X:0040 Y:0002 S:0362 D:0000 DB:C6 P:34 V:245 H:201
C01168 $AF $17 $42 $00 LDA $004217                     A:0848 X:0040 Y:0002 S:0362 D:0000 DB:C6 P:34 V:245 H:208
C0116C $95 $01         STA $01,X [000041] = $00        A:0800 X:0040 Y:0002 S:0362 D:0000 DB:C6 P:36 V:245 H:215
C0116E $68             PLA                             A:0800 X:0040 Y:0002 S:0362 D:0000 DB:C6 P:36 V:245 H:222
C0116F $EB             XBA                             A:0808 X:0040 Y:0002 S:0363 D:0000 DB:C6 P:34 V:245 H:228
C01170 $A3 $02         LDA $02,S [000365] = $00        A:0808 X:0040 Y:0002 S:0363 D:0000 DB:C6 P:34 V:245 H:233
C01172 $8F $02 $42 $00 STA $004202                     A:0800 X:0040 Y:0002 S:0363 D:0000 DB:C6 P:36 V:245 H:239
C01176 $EB             XBA                             A:0800 X:0040 Y:0002 S:0363 D:0000 DB:C6 P:36 V:245 H:247
C01177 $8F $03 $42 $00 STA $004203                     A:0008 X:0040 Y:0002 S:0363 D:0000 DB:C6 P:34 V:245 H:251
C0117B $EA             NOP                             A:0008 X:0040 Y:0002 S:0363 D:0000 DB:C6 P:34 V:245 H:259
C0117C $EA             NOP                             A:0008 X:0040 Y:0002 S:0363 D:0000 DB:C6 P:34 V:245 H:262
C0117D $EA             NOP                             A:0008 X:0040 Y:0002 S:0363 D:0000 DB:C6 P:34 V:245 H:265
C0117E $EA             NOP                             A:0008 X:0040 Y:0002 S:0363 D:0000 DB:C6 P:34 V:245 H:268
C0117F $AF $16 $42 $00 LDA $004216                     A:0008 X:0040 Y:0002 S:0363 D:0000 DB:C6 P:34 V:245 H:271
C01183 $18             CLC                             A:0000 X:0040 Y:0002 S:0363 D:0000 DB:C6 P:36 V:245 H:278
C01184 $75 $01         ADC $01,X [000041] = $00        A:0000 X:0040 Y:0002 S:0363 D:0000 DB:C6 P:36 V:245 H:281
C01186 $95 $01         STA $01,X [000041] = $00        A:0000 X:0040 Y:0002 S:0363 D:0000 DB:C6 P:36 V:245 H:288
C01188 $AF $17 $42 $00 LDA $004217                     A:0000 X:0040 Y:0002 S:0363 D:0000 DB:C6 P:36 V:245 H:294
C0118C $69 $00         ADC #$00                        A:0000 X:0040 Y:0002 S:0363 D:0000 DB:C6 P:36 V:245 H:302
C0118E $95 $02         STA $02,X [000042] = $02        A:0000 X:0040 Y:0002 S:0363 D:0000 DB:C6 P:36 V:245 H:305
C01190 $A3 $01         LDA $01,S [000364] = $00        A:0000 X:0040 Y:0002 S:0363 D:0000 DB:C6 P:36 V:245 H:311
C01192 $EB             XBA                             A:0000 X:0040 Y:0002 S:0363 D:0000 DB:C6 P:36 V:245 H:318
C01193 $A3 $03         LDA $03,S [000366] = $09        A:0000 X:0040 Y:0002 S:0363 D:0000 DB:C6 P:36 V:245 H:322
C01195 $8F $02 $42 $00 STA $004202                     A:0009 X:0040 Y:0002 S:0363 D:0000 DB:C6 P:34 V:245 H:328
C01199 $EB             XBA                             A:0009 X:0040 Y:0002 S:0363 D:0000 DB:C6 P:34 V:245 H:335
C0119A $8F $03 $42 $00 STA $004203                     A:0900 X:0040 Y:0002 S:0363 D:0000 DB:C6 P:36 V:246 H:0  
C0119E $EA             NOP                             A:0900 X:0040 Y:0002 S:0363 D:0000 DB:C6 P:36 V:246 H:7  
C0119F $EA             NOP                             A:0900 X:0040 Y:0002 S:0363 D:0000 DB:C6 P:36 V:246 H:10 
C011A0 $EA             NOP                             A:0900 X:0040 Y:0002 S:0363 D:0000 DB:C6 P:36 V:246 H:13 
C011A1 $EA             NOP                             A:0900 X:0040 Y:0002 S:0363 D:0000 DB:C6 P:36 V:246 H:16 
C011A2 $AF $16 $42 $00 LDA $004216                     A:0900 X:0040 Y:0002 S:0363 D:0000 DB:C6 P:36 V:246 H:19 
C011A6 $18             CLC                             A:0900 X:0040 Y:0002 S:0363 D:0000 DB:C6 P:36 V:246 H:27 
C011A7 $75 $01         ADC $01,X [000041] = $00        A:0900 X:0040 Y:0002 S:0363 D:0000 DB:C6 P:36 V:246 H:30 
C011A9 $95 $01         STA $01,X [000041] = $00        A:0900 X:0040 Y:0002 S:0363 D:0000 DB:C6 P:36 V:246 H:36 
C011AB $AF $17 $42 $00 LDA $004217                     A:0900 X:0040 Y:0002 S:0363 D:0000 DB:C6 P:36 V:246 H:43 
C011AF $75 $02         ADC $02,X [000042] = $00        A:0900 X:0040 Y:0002 S:0363 D:0000 DB:C6 P:36 V:246 H:50 
C011B1 $95 $02         STA $02,X [000042] = $00        A:0900 X:0040 Y:0002 S:0363 D:0000 DB:C6 P:36 V:246 H:57 
C011B3 $A9 $00         LDA #$00                        A:0900 X:0040 Y:0002 S:0363 D:0000 DB:C6 P:36 V:246 H:63 
C011B5 $2A             ROL                             A:0900 X:0040 Y:0002 S:0363 D:0000 DB:C6 P:36 V:246 H:66 
C011B6 $95 $03         STA $03,X [000043] = $00        A:0900 X:0040 Y:0002 S:0363 D:0000 DB:C6 P:36 V:246 H:69 
C011B8 $A3 $01         LDA $01,S [000364] = $00        A:0900 X:0040 Y:0002 S:0363 D:0000 DB:C6 P:36 V:246 H:76 
C011BA $EB             XBA                             A:0900 X:0040 Y:0002 S:0363 D:0000 DB:C6 P:36 V:246 H:82 
C011BB $A3 $02         LDA $02,S [000365] = $00        A:0009 X:0040 Y:0002 S:0363 D:0000 DB:C6 P:34 V:246 H:87 
C011BD $8F $02 $42 $00 STA $004202                     A:0000 X:0040 Y:0002 S:0363 D:0000 DB:C6 P:36 V:246 H:93 
C011C1 $EB             XBA                             A:0000 X:0040 Y:0002 S:0363 D:0000 DB:C6 P:36 V:246 H:101
C011C2 $8F $03 $42 $00 STA $004203                     A:0000 X:0040 Y:0002 S:0363 D:0000 DB:C6 P:36 V:246 H:105
C011C6 $EA             NOP                             A:0000 X:0040 Y:0002 S:0363 D:0000 DB:C6 P:36 V:246 H:113
C011C7 $EA             NOP                             A:0000 X:0040 Y:0002 S:0363 D:0000 DB:C6 P:36 V:246 H:116
C011C8 $EA             NOP                             A:0000 X:0040 Y:0002 S:0363 D:0000 DB:C6 P:36 V:246 H:119
C011C9 $EA             NOP                             A:0000 X:0040 Y:0002 S:0363 D:0000 DB:C6 P:36 V:246 H:122
C011CA $AF $16 $42 $00 LDA $004216                     A:0000 X:0040 Y:0002 S:0363 D:0000 DB:C6 P:36 V:246 H:125
C011CE $18             CLC                             A:0000 X:0040 Y:0002 S:0363 D:0000 DB:C6 P:36 V:246 H:132
C011CF $75 $02         ADC $02,X [000042] = $00        A:0000 X:0040 Y:0002 S:0363 D:0000 DB:C6 P:36 V:246 H:145
C011D1 $95 $02         STA $02,X [000042] = $00        A:0000 X:0040 Y:0002 S:0363 D:0000 DB:C6 P:36 V:246 H:152
C011D3 $AF $17 $42 $00 LDA $004217                     A:0000 X:0040 Y:0002 S:0363 D:0000 DB:C6 P:36 V:246 H:158
C011D7 $75 $03         ADC $03,X [000043] = $00        A:0000 X:0040 Y:0002 S:0363 D:0000 DB:C6 P:36 V:246 H:166
C011D9 $95 $03         STA $03,X [000043] = $00        A:0000 X:0040 Y:0002 S:0363 D:0000 DB:C6 P:36 V:246 H:172
C011DB $68             PLA                             A:0000 X:0040 Y:0002 S:0363 D:0000 DB:C6 P:36 V:246 H:179
C011DC $68             PLA                             A:0000 X:0040 Y:0002 S:0364 D:0000 DB:C6 P:36 V:246 H:185
C011DD $EB             XBA                             A:0000 X:0040 Y:0002 S:0365 D:0000 DB:C6 P:36 V:246 H:192
C011DE $68             PLA                             A:0000 X:0040 Y:0002 S:0365 D:0000 DB:C6 P:36 V:246 H:196
C011DF $28             PLP                             A:0009 X:0040 Y:0002 S:0366 D:0000 DB:C6 P:34 V:246 H:203
C011E0 $6B             RTL                             A:0009 X:0040 Y:0002 S:0367 D:0000 DB:C6 P:14 V:246 H:209
C90597 $A0 $04         LDY #$04                        A:0009 X:0040 Y:0002 S:036A D:0000 DB:C6 P:14 V:246 H:220
C90599 $B3 $09         LDA ($09,S),Y [C609D4] = $A6D4  A:0009 X:0040 Y:0004 S:036A D:0000 DB:C6 P:14 V:246 H:223
C9059B $A0 $07         LDY #$07                        A:A6D4 X:0040 Y:0004 S:036A D:0000 DB:C6 P:94 V:246 H:236
C9059D $18             CLC                             A:A6D4 X:0040 Y:0007 S:036A D:0000 DB:C6 P:14 V:246 H:239
C9059E $73 $09         ADC ($09,S),Y [C609D7] = $0005  A:A6D4 X:0040 Y:0007 S:036A D:0000 DB:C6 P:14 V:246 H:242
C905A0 $90 $03         BCC $C905A5                     A:A6D9 X:0040 Y:0007 S:036A D:0000 DB:C6 P:94 V:246 H:255
C905A5 $65 $40         ADC $40 [000040] = $0048        A:A6D9 X:0040 Y:0007 S:036A D:0000 DB:C6 P:94 V:246 H:259
C905A7 $85 $40         STA $40 [000040] = $0048        A:A721 X:0040 Y:0007 S:036A D:0000 DB:C6 P:94 V:246 H:266
C905A9 $90 $02         BCC $C905AD                     A:A721 X:0040 Y:0007 S:036A D:0000 DB:C6 P:94 V:246 H:273
C905AD $E2 $20         SEP #$20                        A:A721 X:0040 Y:0007 S:036A D:0000 DB:C6 P:94 V:246 H:278
C905AF $A0 $06         LDY #$06                        A:A721 X:0040 Y:0007 S:036A D:0000 DB:C6 P:B4 V:246 H:282
C905B1 $B3 $09         LDA ($09,S),Y [C609D6] = $C8    A:A721 X:0040 Y:0006 S:036A D:0000 DB:C6 P:34 V:246 H:285
C905B3 $18             CLC                             A:A7C8 X:0040 Y:0006 S:036A D:0000 DB:C6 P:B4 V:246 H:297
C905B4 $65 $42         ADC $42 [000042] = $00          A:A7C8 X:0040 Y:0006 S:036A D:0000 DB:C6 P:B4 V:246 H:300
C905B6 $85 $42         STA $42 [000042] = $00          A:A7C8 X:0040 Y:0006 S:036A D:0000 DB:C6 P:B4 V:246 H:305
C905B8 $C2 $30         REP #$30                        A:A7C8 X:0040 Y:0006 S:036A D:0000 DB:C6 P:B4 V:246 H:310
C905BA $A7 $40         LDA [$40] [C8A721] = $CFE0      A:A7C8 X:0040 Y:0006 S:036A D:0000 DB:C6 P:84 V:246 H:314
C905BC $AA             TAX                             A:CFE0 X:0040 Y:0006 S:036A D:0000 DB:C6 P:84 V:246 H:326
C905BD $A0 $01 $00     LDY #$0001                      A:CFE0 X:CFE0 Y:0006 S:036A D:0000 DB:C6 P:84 V:246 H:328
C905C0 $B7 $40         LDA [$40],Y [C8A722] = $29CF    A:CFE0 X:CFE0 Y:0001 S:036A D:0000 DB:C6 P:04 V:246 H:333
C905C2 $85 $41         STA $41 [000041] = $C8A7        A:29CF X:CFE0 Y:0001 S:036A D:0000 DB:C6 P:04 V:247 H:5  
C905C4 $8A             TXA                             A:29CF X:CFE0 Y:0001 S:036A D:0000 DB:C6 P:04 V:247 H:12 
C905C5 $85 $40         STA $40 [000040] = $CF21        A:CFE0 X:CFE0 Y:0001 S:036A D:0000 DB:C6 P:84 V:247 H:15 
C905C7 $A0 $0A $00     LDY #$000A                      A:CFE0 X:CFE0 Y:0001 S:036A D:0000 DB:C6 P:84 V:247 H:22 
C905CA $B3 $09         LDA ($09,S),Y [C609DA] = $003F  A:CFE0 X:CFE0 Y:000A S:036A D:0000 DB:C6 P:04 V:247 H:26 
C905CC $29 $00 $FF     AND #$FF00                      A:003F X:CFE0 Y:000A S:036A D:0000 DB:C6 P:04 V:247 H:39 
C905CF $D0 $14         BNE $C905E5                     A:0000 X:CFE0 Y:000A S:036A D:0000 DB:C6 P:06 V:247 H:44 
C905D1 $A5 $40         LDA $40 [000040] = $CFE0        A:0000 X:CFE0 Y:000A S:036A D:0000 DB:C6 P:06 V:247 H:47 
C905D3 $A0 $09 $00     LDY #$0009                      A:CFE0 X:CFE0 Y:000A S:036A D:0000 DB:C6 P:84 V:247 H:54 
C905D6 $33 $09         AND ($09,S),Y [C609D9] = $3FE0  A:CFE0 X:CFE0 Y:0009 S:036A D:0000 DB:C6 P:04 V:247 H:58 
C905D8 $85 $40         STA $40 [000040] = $CFE0        A:0FE0 X:CFE0 Y:0009 S:036A D:0000 DB:C6 P:04 V:247 H:71 
C905DA $B3 $09         LDA ($09,S),Y [C609D9] = $3FE0  A:0FE0 X:CFE0 Y:0009 S:036A D:0000 DB:C6 P:04 V:247 H:78 
C905DC $F0 $22         BEQ $C90600                     A:3FE0 X:CFE0 Y:0009 S:036A D:0000 DB:C6 P:04 V:247 H:91 
C905DE $4A             LSR                             A:3FE0 X:CFE0 Y:0009 S:036A D:0000 DB:C6 P:04 V:247 H:94 
C905DF $B0 $1F         BCS $C90600                     A:1FF0 X:CFE0 Y:0009 S:036A D:0000 DB:C6 P:04 V:247 H:97 
C905E1 $46 $40         LSR $40 [000040] = $0FE0        A:1FF0 X:CFE0 Y:0009 S:036A D:0000 DB:C6 P:04 V:247 H:100
C905E3 $80 $F9         BRA $C905DE                     A:1FF0 X:CFE0 Y:0009 S:036A D:0000 DB:C6 P:04 V:247 H:113
C905DE $4A             LSR                             A:1FF0 X:CFE0 Y:0009 S:036A D:0000 DB:C6 P:04 V:247 H:117
C905DF $B0 $1F         BCS $C90600                     A:0FF8 X:CFE0 Y:0009 S:036A D:0000 DB:C6 P:04 V:247 H:120
C905E1 $46 $40         LSR $40 [000040] = $07F0        A:0FF8 X:CFE0 Y:0009 S:036A D:0000 DB:C6 P:04 V:247 H:123
C905E3 $80 $F9         BRA $C905DE                     A:0FF8 X:CFE0 Y:0009 S:036A D:0000 DB:C6 P:04 V:247 H:146
C905DE $4A             LSR                             A:0FF8 X:CFE0 Y:0009 S:036A D:0000 DB:C6 P:04 V:247 H:150
C905DF $B0 $1F         BCS $C90600                     A:07FC X:CFE0 Y:0009 S:036A D:0000 DB:C6 P:04 V:247 H:153
C905E1 $46 $40         LSR $40 [000040] = $03F8        A:07FC X:CFE0 Y:0009 S:036A D:0000 DB:C6 P:04 V:247 H:156
C905E3 $80 $F9         BRA $C905DE                     A:07FC X:CFE0 Y:0009 S:036A D:0000 DB:C6 P:04 V:247 H:169
C905DE $4A             LSR                             A:07FC X:CFE0 Y:0009 S:036A D:0000 DB:C6 P:04 V:247 H:173
C905DF $B0 $1F         BCS $C90600                     A:03FE X:CFE0 Y:0009 S:036A D:0000 DB:C6 P:04 V:247 H:176
C905E1 $46 $40         LSR $40 [000040] = $01FC        A:03FE X:CFE0 Y:0009 S:036A D:0000 DB:C6 P:04 V:247 H:179
C905E3 $80 $F9         BRA $C905DE                     A:03FE X:CFE0 Y:0009 S:036A D:0000 DB:C6 P:04 V:247 H:192
C905DE $4A             LSR                             A:03FE X:CFE0 Y:0009 S:036A D:0000 DB:C6 P:04 V:247 H:196
C905DF $B0 $1F         BCS $C90600                     A:01FF X:CFE0 Y:0009 S:036A D:0000 DB:C6 P:04 V:247 H:199
C905E1 $46 $40         LSR $40 [000040] = $00FE        A:01FF X:CFE0 Y:0009 S:036A D:0000 DB:C6 P:04 V:247 H:202
C905E3 $80 $F9         BRA $C905DE                     A:01FF X:CFE0 Y:0009 S:036A D:0000 DB:C6 P:04 V:247 H:215
C905DE $4A             LSR                             A:01FF X:CFE0 Y:0009 S:036A D:0000 DB:C6 P:04 V:247 H:219
C905DF $B0 $1F         BCS $C90600                     A:00FF X:CFE0 Y:0009 S:036A D:0000 DB:C6 P:05 V:247 H:222
C90600 $A3 $09         LDA $09,S [000373] = $09D0      A:00FF X:CFE0 Y:0009 S:036A D:0000 DB:C6 P:05 V:247 H:227
C90602 $18             CLC                             A:09D0 X:CFE0 Y:0009 S:036A D:0000 DB:C6 P:05 V:247 H:235
C90603 $69 $0B $00     ADC #$000B                      A:09D0 X:CFE0 Y:0009 S:036A D:0000 DB:C6 P:04 V:247 H:238
C90606 $83 $09         STA $09,S [000373] = $09D0      A:09DB X:CFE0 Y:0009 S:036A D:0000 DB:C6 P:04 V:247 H:243
C90608 $7A             PLY                             A:09DB X:CFE0 Y:0009 S:036A D:0000 DB:C6 P:04 V:247 H:251
C90609 $FA             PLX                             A:09DB X:CFE0 Y:0002 S:036C D:0000 DB:C6 P:04 V:247 H:260
C9060A $68             PLA                             A:09DB X:0008 Y:0002 S:036E D:0000 DB:C6 P:04 V:247 H:268
C9060B $AB             PLB                             A:0000 X:0008 Y:0002 S:0370 D:0000 DB:C6 P:06 V:247 H:277
C9060C $28             PLP                             A:0000 X:0008 Y:0002 S:0371 D:0000 DB:7E P:04 V:247 H:283
C9060D $A5 $40         LDA $40 [000040] = $007F        A:0000 X:0008 Y:0002 S:0372 D:0000 DB:7E P:84 V:247 H:290
C9060F $6B             RTL                             A:007F X:0008 Y:0002 S:0372 D:0000 DB:7E P:04 V:247 H:297
C609DC $8D $2E $35     STA $352E [7E352E] = $0095      A:007F X:0008 Y:0002 S:0375 D:0000 DB:7E P:04 V:247 H:307
C609DF $60             RTS                             A:007F X:0008 Y:0002 S:0375 D:0000 DB:7E P:04 V:247 H:316
C6095D $22 $B5 $90 $C7 JSL $C790B5                     A:007F X:0008 Y:0002 S:0377 D:0000 DB:7E P:04 V:247 H:325
C790B5 $C2 $30         REP #$30                        A:007F X:0008 Y:0002 S:0374 D:0000 DB:7E P:04 V:247 H:338
C790B7 $F4 $7E $7E     PEA #$7E7E                      A:007F X:0008 Y:0002 S:0374 D:0000 DB:7E P:04 V:248 H:3  
C790BA $AB             PLB                             A:007F X:0008 Y:0002 S:0372 D:0000 DB:7E P:04 V:248 H:11 
C790BB $AB             PLB                             A:007F X:0008 Y:0002 S:0373 D:0000 DB:7E P:04 V:248 H:18 
C790BC $A9 $FF $FF     LDA #$FFFF                      A:007F X:0008 Y:0002 S:0374 D:0000 DB:7E P:04 V:248 H:24 
C790BF $8D $E0 $36     STA $36E0 [7E36E0] = $FFFF      A:FFFF X:0008 Y:0002 S:0374 D:0000 DB:7E P:84 V:248 H:29 
C790C2 $6B             RTL                             A:FFFF X:0008 Y:0002 S:0374 D:0000 DB:7E P:84 V:248 H:37 
C60961 $6B             RTL                             A:FFFF X:0008 Y:0002 S:0377 D:0000 DB:7E P:84 V:248 H:48 
C600D5 $22 $06 $07 $C6 JSL $C60706                     A:FFFF X:0008 Y:0002 S:037A D:0000 DB:7E P:84 V:248 H:58 
