C011C7 $EA             NOP                             A:0000 X:0040 Y:0002 S:0356 D:0000 DB:C0 P:nvMXdIZc V:13  H:272
C011C8 $EA             NOP                             A:0000 X:0040 Y:0002 S:0356 D:0000 DB:C0 P:nvMXdIZc V:13  H:275
C011C9 $EA             NOP                             A:0000 X:0040 Y:0002 S:0356 D:0000 DB:C0 P:nvMXdIZc V:13  H:295
C011CA $AF $16 $42 $00 LDA $004216                     A:0000 X:0040 Y:0002 S:0356 D:0000 DB:C0 P:nvMXdIZc V:13  H:298
C011CE $18             CLC                             A:0000 X:0040 Y:0002 S:0356 D:0000 DB:C0 P:nvMXdIZc V:13  H:305
C011CF $75 $02         ADC $02,X [000042] = $00        A:0000 X:0040 Y:0002 S:0356 D:0000 DB:C0 P:nvMXdIZc V:13  H:308
C011D1 $95 $02         STA $02,X [000042] = $00        A:0000 X:0040 Y:0002 S:0356 D:0000 DB:C0 P:nvMXdIZc V:13  H:315
C011D3 $AF $17 $42 $00 LDA $004217                     A:0000 X:0040 Y:0002 S:0356 D:0000 DB:C0 P:nvMXdIZc V:13  H:321
C011D7 $75 $03         ADC $03,X [000043] = $00        A:0000 X:0040 Y:0002 S:0356 D:0000 DB:C0 P:nvMXdIZc V:13  H:328
C011D9 $95 $03         STA $03,X [000043] = $00        A:0000 X:0040 Y:0002 S:0356 D:0000 DB:C0 P:nvMXdIZc V:13  H:334
C011DB $68             PLA                             A:0000 X:0040 Y:0002 S:0356 D:0000 DB:C0 P:nvMXdIZc V:14  H:1  
C011DC $68             PLA                             A:0000 X:0040 Y:0002 S:0357 D:0000 DB:C0 P:nvMXdIZc V:14  H:7  
C011DD $EB             XBA                             A:0000 X:0040 Y:0002 S:0358 D:0000 DB:C0 P:nvMXdIZc V:14  H:14 
C011DE $68             PLA                             A:0000 X:0040 Y:0002 S:0358 D:0000 DB:C0 P:nvMXdIZc V:14  H:18 
C011DF $28             PLP                             A:0009 X:0040 Y:0002 S:0359 D:0000 DB:C0 P:nvMXdIzc V:14  H:25 
C011E0 $6B             RTL                             A:0009 X:0040 Y:0002 S:035A D:0000 DB:C0 P:nvmXdIzc V:14  H:31 
C90410 $A0 $04         LDY #$04                        A:0009 X:0040 Y:0002 S:035D D:0000 DB:C0 P:nvmXdIzc V:14  H:42 
C90412 $B3 $09         LDA ($09,S),Y [C0764D] = $0766  A:0009 X:0040 Y:0004 S:035D D:0000 DB:C0 P:nvmXdIzc V:14  H:45 
C90414 $A0 $07         LDY #$07                        A:0766 X:0040 Y:0004 S:035D D:0000 DB:C0 P:nvmXdIzc V:14  H:58 
C90416 $18             CLC                             A:0766 X:0040 Y:0007 S:035D D:0000 DB:C0 P:nvmXdIzc V:14  H:61 
C90417 $73 $09         ADC ($09,S),Y [C07650] = $0008  A:0766 X:0040 Y:0007 S:035D D:0000 DB:C0 P:nvmXdIzc V:14  H:64 
C90419 $90 $03         BCC $C9041E                     A:076E X:0040 Y:0007 S:035D D:0000 DB:C0 P:nvmXdIzc V:14  H:77 
C9041E $65 $40         ADC $40 [000040] = $0519        A:076E X:0040 Y:0007 S:035D D:0000 DB:C0 P:nvmXdIzc V:14  H:81 
C90420 $C2 $10         REP #$10                        A:0C87 X:0040 Y:0007 S:035D D:0000 DB:C0 P:nvmXdIzc V:14  H:88 
C90422 $AA             TAX                             A:0C87 X:0040 Y:0007 S:035D D:0000 DB:C0 P:nvmxdIzc V:14  H:93 
C90423 $90 $02         BCC $C90427                     A:0C87 X:0C87 Y:0007 S:035D D:0000 DB:C0 P:nvmxdIzc V:14  H:96 
C90427 $E2 $20         SEP #$20                        A:0C87 X:0C87 Y:0007 S:035D D:0000 DB:C0 P:nvmxdIzc V:14  H:100
C90429 $A0 $06 $00     LDY #$0006                      A:0C87 X:0C87 Y:0007 S:035D D:0000 DB:C0 P:nvMxdIzc V:14  H:105
C9042C $B3 $09         LDA ($09,S),Y [C0764F] = $C5    A:0C87 X:0C87 Y:0006 S:035D D:0000 DB:C0 P:nvMxdIzc V:14  H:109
C9042E $18             CLC                             A:0CC5 X:0C87 Y:0006 S:035D D:0000 DB:C0 P:NvMxdIzc V:14  H:121
C9042F $65 $42         ADC $42 [000042] = $00          A:0CC5 X:0C87 Y:0006 S:035D D:0000 DB:C0 P:NvMxdIzc V:14  H:124
C90431 $48             PHA                             A:0CC5 X:0C87 Y:0006 S:035D D:0000 DB:C0 P:NvMxdIzc V:14  H:129
C90432 $AB             PLB                             A:0CC5 X:0C87 Y:0006 S:035C D:0000 DB:C0 P:NvMxdIzc V:14  H:144
C90433 $C2 $30         REP #$30                        A:0CC5 X:0C87 Y:0006 S:035D D:0000 DB:C5 P:NvMxdIzc V:14  H:150
C90435 $BD $00 $00     LDA $0000,X [C50C87] = $06E8    A:0CC5 X:0C87 Y:0006 S:035D D:0000 DB:C5 P:NvmxdIzc V:14  H:155
C90438 $85 $40         STA $40 [000040] = $0519        A:06E8 X:0C87 Y:0006 S:035D D:0000 DB:C5 P:nvmxdIzc V:14  H:164
C9043A $A3 $09         LDA $09,S [000366] = $7649      A:06E8 X:0C87 Y:0006 S:035D D:0000 DB:C5 P:nvmxdIzc V:14  H:171
C9043C $18             CLC                             A:7649 X:0C87 Y:0006 S:035D D:0000 DB:C5 P:nvmxdIzc V:14  H:179
C9043D $69 $08 $00     ADC #$0008                      A:7649 X:0C87 Y:0006 S:035D D:0000 DB:C5 P:nvmxdIzc V:14  H:182
C90440 $83 $09         STA $09,S [000366] = $7649      A:7651 X:0C87 Y:0006 S:035D D:0000 DB:C5 P:nvmxdIzc V:14  H:187
C90442 $7A             PLY                             A:7651 X:0C87 Y:0006 S:035D D:0000 DB:C5 P:nvmxdIzc V:14  H:195
C90443 $FA             PLX                             A:7651 X:0C87 Y:0002 S:035F D:0000 DB:C5 P:nvmxdIzc V:14  H:204
C90444 $68             PLA                             A:7651 X:0091 Y:0002 S:0361 D:0000 DB:C5 P:nvmxdIzc V:14  H:212
C90445 $AB             PLB                             A:592F X:0091 Y:0002 S:0363 D:0000 DB:C5 P:nvmxdIzc V:14  H:221
C90446 $28             PLP                             A:592F X:0091 Y:0002 S:0364 D:0000 DB:7F P:nvmxdIzc V:14  H:227
C90447 $A5 $40         LDA $40 [000040] = $06E8        A:592F X:0091 Y:0002 S:0365 D:0000 DB:7F P:nvmxdIzc V:14  H:234
C90449 $6B             RTL                             A:06E8 X:0091 Y:0002 S:0365 D:0000 DB:7F P:nvmxdIzc V:14  H:241
C07652 $29 $FF $00     AND #$00FF                      A:06E8 X:0091 Y:0002 S:0368 D:0000 DB:7F P:nvmxdIzc V:14  H:251
C07655 $85 $02         STA $02 [000002] = $CAC0        A:00E8 X:0091 Y:0002 S:0368 D:0000 DB:7F P:nvmxdIzc V:14  H:256
C07657 $22 $72 $05 $C9 JSL $C90572                     A:00E8 X:0091 Y:0002 S:0368 D:0000 DB:7F P:nvmxdIzc V:14  H:263
C90572 $08             PHP                             A:00E8 X:0091 Y:0002 S:0365 D:0000 DB:7F P:nvmxdIzc V:14  H:293
C90573 $8B             PHB                             A:00E8 X:0091 Y:0002 S:0364 D:0000 DB:7F P:nvmxdIzc V:14  H:298
C90574 $78             SEI                             A:00E8 X:0091 Y:0002 S:0363 D:0000 DB:7F P:nvmxdIzc V:14  H:303
C90575 $C2 $30         REP #$30                        A:00E8 X:0091 Y:0002 S:0363 D:0000 DB:7F P:nvmxdIzc V:14  H:306
C90577 $48             PHA                             A:00E8 X:0091 Y:0002 S:0363 D:0000 DB:7F P:nvmxdIzc V:14  H:310
C90578 $DA             PHX                             A:00E8 X:0091 Y:0002 S:0361 D:0000 DB:7F P:nvmxdIzc V:14  H:317
C90579 $5A             PHY                             A:00E8 X:0091 Y:0002 S:035F D:0000 DB:7F P:nvmxdIzc V:14  H:324
C9057A $86 $40         STX $40 [000040] = $06E8        A:00E8 X:0091 Y:0002 S:035D D:0000 DB:7F P:nvmxdIzc V:14  H:330
C9057C $E2 $30         SEP #$30                        A:00E8 X:0091 Y:0002 S:035D D:0000 DB:7F P:nvmxdIzc V:14  H:337
C9057E $A3 $0B         LDA $0B,S [000368] = $C0        A:00E8 X:0091 Y:0002 S:035D D:0000 DB:7F P:nvMXdIzc V:15  H:2  
C90580 $48             PHA                             A:00C0 X:0091 Y:0002 S:035D D:0000 DB:7F P:NvMXdIzc V:15  H:8  
C90581 $AB             PLB                             A:00C0 X:0091 Y:0002 S:035C D:0000 DB:7F P:NvMXdIzc V:15  H:13 
C90582 $A0 $01         LDY #$01                        A:00C0 X:0091 Y:0002 S:035D D:0000 DB:C0 P:NvMXdIzc V:15  H:20 
C90584 $B3 $09         LDA ($09,S),Y [C0765B] = $00    A:00C0 X:0091 Y:0001 S:035D D:0000 DB:C0 P:nvMXdIzc V:15  H:23 
C90586 $F0 $03         BEQ $C9058B                     A:0000 X:0091 Y:0001 S:035D D:0000 DB:C0 P:nvMXdIZc V:15  H:34 
C9058B $C2 $20         REP #$20                        A:0000 X:0091 Y:0001 S:035D D:0000 DB:C0 P:nvMXdIZc V:15  H:39 
C9058D $A0 $02         LDY #$02                        A:0000 X:0091 Y:0001 S:035D D:0000 DB:C0 P:nvmXdIZc V:15  H:43 
C9058F $B3 $09         LDA ($09,S),Y [C0765C] = $0009  A:0000 X:0091 Y:0002 S:035D D:0000 DB:C0 P:nvmXdIzc V:15  H:46 
C90591 $A2 $40         LDX #$40                        A:0009 X:0091 Y:0002 S:035D D:0000 DB:C0 P:nvmXdIzc V:15  H:59 
C90593 $22 $46 $11 $C0 JSL $C01146                     A:0009 X:0040 Y:0002 S:035D D:0000 DB:C0 P:nvmXdIzc V:15  H:62 
C01146 $08             PHP                             A:0009 X:0040 Y:0002 S:035A D:0000 DB:C0 P:nvmXdIzc V:15  H:76 
C01147 $E2 $20         SEP #$20                        A:0009 X:0040 Y:0002 S:0359 D:0000 DB:C0 P:nvmXdIzc V:15  H:81 
C01149 $48             PHA                             A:0009 X:0040 Y:0002 S:0359 D:0000 DB:C0 P:nvMXdIzc V:15  H:85 
C0114A $EB             XBA                             A:0009 X:0040 Y:0002 S:0358 D:0000 DB:C0 P:nvMXdIzc V:15  H:90 
C0114B $48             PHA                             A:0900 X:0040 Y:0002 S:0358 D:0000 DB:C0 P:nvMXdIZc V:15  H:95 
C0114C $B5 $01         LDA $01,X [000041] = $00        A:0900 X:0040 Y:0002 S:0357 D:0000 DB:C0 P:nvMXdIZc V:15  H:100
C0114E $48             PHA                             A:0900 X:0040 Y:0002 S:0357 D:0000 DB:C0 P:nvMXdIZc V:15  H:106
C0114F $A3 $03         LDA $03,S [000359] = $09        A:0900 X:0040 Y:0002 S:0356 D:0000 DB:C0 P:nvMXdIZc V:15  H:111
C01151 $EB             XBA                             A:0909 X:0040 Y:0002 S:0356 D:0000 DB:C0 P:nvMXdIzc V:15  H:118
C01152 $B5 $00         LDA $00,X [000040] = $91        A:0909 X:0040 Y:0002 S:0356 D:0000 DB:C0 P:nvMXdIzc V:15  H:122
C01154 $48             PHA                             A:0991 X:0040 Y:0002 S:0356 D:0000 DB:C0 P:NvMXdIzc V:15  H:129
C01155 $8F $02 $42 $00 STA $004202                     A:0991 X:0040 Y:0002 S:0355 D:0000 DB:C0 P:NvMXdIzc V:15  H:134
C01159 $EB             XBA                             A:0991 X:0040 Y:0002 S:0355 D:0000 DB:C0 P:NvMXdIzc V:15  H:151
C0115A $8F $03 $42 $00 STA $004203                     A:9109 X:0040 Y:0002 S:0355 D:0000 DB:C0 P:nvMXdIzc V:15  H:156
C0115E $EA             NOP                             A:9109 X:0040 Y:0002 S:0355 D:0000 DB:C0 P:nvMXdIzc V:15  H:163
C0115F $EA             NOP                             A:9109 X:0040 Y:0002 S:0355 D:0000 DB:C0 P:nvMXdIzc V:15  H:166
C01160 $EA             NOP                             A:9109 X:0040 Y:0002 S:0355 D:0000 DB:C0 P:nvMXdIzc V:15  H:169
C01161 $EA             NOP                             A:9109 X:0040 Y:0002 S:0355 D:0000 DB:C0 P:nvMXdIzc V:15  H:172
C01162 $AF $16 $42 $00 LDA $004216                     A:9109 X:0040 Y:0002 S:0355 D:0000 DB:C0 P:nvMXdIzc V:15  H:175
C01166 $95 $00         STA $00,X [000040] = $91        A:9119 X:0040 Y:0002 S:0355 D:0000 DB:C0 P:nvMXdIzc V:15  H:183
C01168 $AF $17 $42 $00 LDA $004217                     A:9119 X:0040 Y:0002 S:0355 D:0000 DB:C0 P:nvMXdIzc V:15  H:189
C0116C $95 $01         STA $01,X [000041] = $00        A:9105 X:0040 Y:0002 S:0355 D:0000 DB:C0 P:nvMXdIzc V:15  H:197
C0116E $68             PLA                             A:9105 X:0040 Y:0002 S:0355 D:0000 DB:C0 P:nvMXdIzc V:15  H:203
C0116F $EB             XBA                             A:9191 X:0040 Y:0002 S:0356 D:0000 DB:C0 P:NvMXdIzc V:15  H:210
C01170 $A3 $02         LDA $02,S [000358] = $00        A:9191 X:0040 Y:0002 S:0356 D:0000 DB:C0 P:NvMXdIzc V:15  H:214
C01172 $8F $02 $42 $00 STA $004202                     A:9100 X:0040 Y:0002 S:0356 D:0000 DB:C0 P:nvMXdIZc V:15  H:221
C01176 $EB             XBA                             A:9100 X:0040 Y:0002 S:0356 D:0000 DB:C0 P:nvMXdIZc V:15  H:228
C01177 $8F $03 $42 $00 STA $004203                     A:0091 X:0040 Y:0002 S:0356 D:0000 DB:C0 P:NvMXdIzc V:15  H:233
C0117B $EA             NOP                             A:0091 X:0040 Y:0002 S:0356 D:0000 DB:C0 P:NvMXdIzc V:15  H:240
C0117C $EA             NOP                             A:0091 X:0040 Y:0002 S:0356 D:0000 DB:C0 P:NvMXdIzc V:15  H:243
C0117D $EA             NOP                             A:0091 X:0040 Y:0002 S:0356 D:0000 DB:C0 P:NvMXdIzc V:15  H:246
C0117E $EA             NOP                             A:0091 X:0040 Y:0002 S:0356 D:0000 DB:C0 P:NvMXdIzc V:15  H:249
C0117F $AF $16 $42 $00 LDA $004216                     A:0091 X:0040 Y:0002 S:0356 D:0000 DB:C0 P:NvMXdIzc V:15  H:252
C01183 $18             CLC                             A:0000 X:0040 Y:0002 S:0356 D:0000 DB:C0 P:nvMXdIZc V:15  H:260
C01184 $75 $01         ADC $01,X [000041] = $05        A:0000 X:0040 Y:0002 S:0356 D:0000 DB:C0 P:nvMXdIZc V:15  H:263
C01186 $95 $01         STA $01,X [000041] = $05        A:0005 X:0040 Y:0002 S:0356 D:0000 DB:C0 P:nvMXdIzc V:15  H:269
C01188 $AF $17 $42 $00 LDA $004217                     A:0005 X:0040 Y:0002 S:0356 D:0000 DB:C0 P:nvMXdIzc V:15  H:276
C0118C $69 $00         ADC #$00                        A:0000 X:0040 Y:0002 S:0356 D:0000 DB:C0 P:nvMXdIZc V:15  H:323
C0118E $95 $02         STA $02,X [000042] = $00        A:0000 X:0040 Y:0002 S:0356 D:0000 DB:C0 P:nvMXdIZc V:15  H:326
C01190 $A3 $01         LDA $01,S [000357] = $00        A:0000 X:0040 Y:0002 S:0356 D:0000 DB:C0 P:nvMXdIZc V:15  H:332
C01192 $EB             XBA                             A:0000 X:0040 Y:0002 S:0356 D:0000 DB:C0 P:nvMXdIZc V:15  H:339
C01193 $A3 $03         LDA $03,S [000359] = $09        A:0000 X:0040 Y:0002 S:0356 D:0000 DB:C0 P:nvMXdIZc V:16  H:3  
C01195 $8F $02 $42 $00 STA $004202                     A:0009 X:0040 Y:0002 S:0356 D:0000 DB:C0 P:nvMXdIzc V:16  H:10 
C01199 $EB             XBA                             A:0009 X:0040 Y:0002 S:0356 D:0000 DB:C0 P:nvMXdIzc V:16  H:17 
C0119A $8F $03 $42 $00 STA $004203                     A:0900 X:0040 Y:0002 S:0356 D:0000 DB:C0 P:nvMXdIZc V:16  H:22 
C0119E $EA             NOP                             A:0900 X:0040 Y:0002 S:0356 D:0000 DB:C0 P:nvMXdIZc V:16  H:29 
C0119F $EA             NOP                             A:0900 X:0040 Y:0002 S:0356 D:0000 DB:C0 P:nvMXdIZc V:16  H:32 
C011A0 $EA             NOP                             A:0900 X:0040 Y:0002 S:0356 D:0000 DB:C0 P:nvMXdIZc V:16  H:35 
C011A1 $EA             NOP                             A:0900 X:0040 Y:0002 S:0356 D:0000 DB:C0 P:nvMXdIZc V:16  H:38 
C011A2 $AF $16 $42 $00 LDA $004216                     A:0900 X:0040 Y:0002 S:0356 D:0000 DB:C0 P:nvMXdIZc V:16  H:41 
C011A6 $18             CLC                             A:0900 X:0040 Y:0002 S:0356 D:0000 DB:C0 P:nvMXdIZc V:16  H:49 
C011A7 $75 $01         ADC $01,X [000041] = $05        A:0900 X:0040 Y:0002 S:0356 D:0000 DB:C0 P:nvMXdIZc V:16  H:52 
C011A9 $95 $01         STA $01,X [000041] = $05        A:0905 X:0040 Y:0002 S:0356 D:0000 DB:C0 P:nvMXdIzc V:16  H:58 
C011AB $AF $17 $42 $00 LDA $004217                     A:0905 X:0040 Y:0002 S:0356 D:0000 DB:C0 P:nvMXdIzc V:16  H:65 
C011AF $75 $02         ADC $02,X [000042] = $00        A:0900 X:0040 Y:0002 S:0356 D:0000 DB:C0 P:nvMXdIZc V:16  H:72 
C011B1 $95 $02         STA $02,X [000042] = $00        A:0900 X:0040 Y:0002 S:0356 D:0000 DB:C0 P:nvMXdIZc V:16  H:79 
C011B3 $A9 $00         LDA #$00                        A:0900 X:0040 Y:0002 S:0356 D:0000 DB:C0 P:nvMXdIZc V:16  H:85 
C011B5 $2A             ROL                             A:0900 X:0040 Y:0002 S:0356 D:0000 DB:C0 P:nvMXdIZc V:16  H:88 
C011B6 $95 $03         STA $03,X [000043] = $00        A:0900 X:0040 Y:0002 S:0356 D:0000 DB:C0 P:nvMXdIZc V:16  H:91 
C011B8 $A3 $01         LDA $01,S [000357] = $00        A:0900 X:0040 Y:0002 S:0356 D:0000 DB:C0 P:nvMXdIZc V:16  H:98 
C011BA $EB             XBA                             A:0900 X:0040 Y:0002 S:0356 D:0000 DB:C0 P:nvMXdIZc V:16  H:104
C011BB $A3 $02         LDA $02,S [000358] = $00        A:0009 X:0040 Y:0002 S:0356 D:0000 DB:C0 P:nvMXdIzc V:16  H:109
C011BD $8F $02 $42 $00 STA $004202                     A:0000 X:0040 Y:0002 S:0356 D:0000 DB:C0 P:nvMXdIZc V:16  H:115
C011C1 $EB             XBA                             A:0000 X:0040 Y:0002 S:0356 D:0000 DB:C0 P:nvMXdIZc V:16  H:123
C011C2 $8F $03 $42 $00 STA $004203                     A:0000 X:0040 Y:0002 S:0356 D:0000 DB:C0 P:nvMXdIZc V:16  H:127
C011C6 $EA             NOP                             A:0000 X:0040 Y:0002 S:0356 D:0000 DB:C0 P:nvMXdIZc V:16  H:145
C011C7 $EA             NOP                             A:0000 X:0040 Y:0002 S:0356 D:0000 DB:C0 P:nvMXdIZc V:16  H:148
C011C8 $EA             NOP                             A:0000 X:0040 Y:0002 S:0356 D:0000 DB:C0 P:nvMXdIZc V:16  H:151
C011C9 $EA             NOP                             A:0000 X:0040 Y:0002 S:0356 D:0000 DB:C0 P:nvMXdIZc V:16  H:154
C011CA $AF $16 $42 $00 LDA $004216                     A:0000 X:0040 Y:0002 S:0356 D:0000 DB:C0 P:nvMXdIZc V:16  H:157
C011CE $18             CLC                             A:0000 X:0040 Y:0002 S:0356 D:0000 DB:C0 P:nvMXdIZc V:16  H:164
C011CF $75 $02         ADC $02,X [000042] = $00        A:0000 X:0040 Y:0002 S:0356 D:0000 DB:C0 P:nvMXdIZc V:16  H:167
C011D1 $95 $02         STA $02,X [000042] = $00        A:0000 X:0040 Y:0002 S:0356 D:0000 DB:C0 P:nvMXdIZc V:16  H:174
C011D3 $AF $17 $42 $00 LDA $004217                     A:0000 X:0040 Y:0002 S:0356 D:0000 DB:C0 P:nvMXdIZc V:16  H:180
C011D7 $75 $03         ADC $03,X [000043] = $00        A:0000 X:0040 Y:0002 S:0356 D:0000 DB:C0 P:nvMXdIZc V:16  H:188
C011D9 $95 $03         STA $03,X [000043] = $00        A:0000 X:0040 Y:0002 S:0356 D:0000 DB:C0 P:nvMXdIZc V:16  H:194
C011DB $68             PLA                             A:0000 X:0040 Y:0002 S:0356 D:0000 DB:C0 P:nvMXdIZc V:16  H:201
C011DC $68             PLA                             A:0000 X:0040 Y:0002 S:0357 D:0000 DB:C0 P:nvMXdIZc V:16  H:207
C011DD $EB             XBA                             A:0000 X:0040 Y:0002 S:0358 D:0000 DB:C0 P:nvMXdIZc V:16  H:214
C011DE $68             PLA                             A:0000 X:0040 Y:0002 S:0358 D:0000 DB:C0 P:nvMXdIZc V:16  H:218
C011DF $28             PLP                             A:0009 X:0040 Y:0002 S:0359 D:0000 DB:C0 P:nvMXdIzc V:16  H:225
C011E0 $6B             RTL                             A:0009 X:0040 Y:0002 S:035A D:0000 DB:C0 P:nvmXdIzc V:16  H:231
C90597 $A0 $04         LDY #$04                        A:0009 X:0040 Y:0002 S:035D D:0000 DB:C0 P:nvmXdIzc V:16  H:242
C90599 $B3 $09         LDA ($09,S),Y [C0765E] = $0766  A:0009 X:0040 Y:0004 S:035D D:0000 DB:C0 P:nvmXdIzc V:16  H:245
C9059B $A0 $07         LDY #$07                        A:0766 X:0040 Y:0004 S:035D D:0000 DB:C0 P:nvmXdIzc V:16  H:258
C9059D $18             CLC                             A:0766 X:0040 Y:0007 S:035D D:0000 DB:C0 P:nvmXdIzc V:16  H:261
C9059E $73 $09         ADC ($09,S),Y [C07661] = $0004  A:0766 X:0040 Y:0007 S:035D D:0000 DB:C0 P:nvmXdIzc V:16  H:264
C905A0 $90 $03         BCC $C905A5                     A:076A X:0040 Y:0007 S:035D D:0000 DB:C0 P:nvmXdIzc V:16  H:319
C905A5 $65 $40         ADC $40 [000040] = $0519        A:076A X:0040 Y:0007 S:035D D:0000 DB:C0 P:nvmXdIzc V:16  H:323
C905A7 $85 $40         STA $40 [000040] = $0519        A:0C83 X:0040 Y:0007 S:035D D:0000 DB:C0 P:nvmXdIzc V:16  H:329
C905A9 $90 $02         BCC $C905AD                     A:0C83 X:0040 Y:0007 S:035D D:0000 DB:C0 P:nvmXdIzc V:16  H:336
C905AD $E2 $20         SEP #$20                        A:0C83 X:0040 Y:0007 S:035D D:0000 DB:C0 P:nvmXdIzc V:17  H:1  
C905AF $A0 $06         LDY #$06                        A:0C83 X:0040 Y:0007 S:035D D:0000 DB:C0 P:nvMXdIzc V:17  H:5  
C905B1 $B3 $09         LDA ($09,S),Y [C07660] = $C5    A:0C83 X:0040 Y:0006 S:035D D:0000 DB:C0 P:nvMXdIzc V:17  H:8  
C905B3 $18             CLC                             A:0CC5 X:0040 Y:0006 S:035D D:0000 DB:C0 P:NvMXdIzc V:17  H:20 
C905B4 $65 $42         ADC $42 [000042] = $00          A:0CC5 X:0040 Y:0006 S:035D D:0000 DB:C0 P:NvMXdIzc V:17  H:23 
C905B6 $85 $42         STA $42 [000042] = $00          A:0CC5 X:0040 Y:0006 S:035D D:0000 DB:C0 P:NvMXdIzc V:17  H:28 
C905B8 $C2 $30         REP #$30                        A:0CC5 X:0040 Y:0006 S:035D D:0000 DB:C0 P:NvMXdIzc V:17  H:33 
C905BA $A7 $40         LDA [$40] [C50C83] = $0003      A:0CC5 X:0040 Y:0006 S:035D D:0000 DB:C0 P:NvmxdIzc V:17  H:37 
C905BC $AA             TAX                             A:0003 X:0040 Y:0006 S:035D D:0000 DB:C0 P:nvmxdIzc V:17  H:49 
C905BD $A0 $01 $00     LDY #$0001                      A:0003 X:0003 Y:0006 S:035D D:0000 DB:C0 P:nvmxdIzc V:17  H:52 
C905C0 $B7 $40         LDA [$40],Y [C50C84] = $2F00    A:0003 X:0003 Y:0001 S:035D D:0000 DB:C0 P:nvmxdIzc V:17  H:57 
C905C2 $85 $41         STA $41 [000041] = $C50C        A:2F00 X:0003 Y:0001 S:035D D:0000 DB:C0 P:nvmxdIzc V:17  H:69 
C905C4 $8A             TXA                             A:2F00 X:0003 Y:0001 S:035D D:0000 DB:C0 P:nvmxdIzc V:17  H:76 
C905C5 $85 $40         STA $40 [000040] = $0083        A:0003 X:0003 Y:0001 S:035D D:0000 DB:C0 P:nvmxdIzc V:17  H:79 
C905C7 $A0 $0A $00     LDY #$000A                      A:0003 X:0003 Y:0001 S:035D D:0000 DB:C0 P:nvmxdIzc V:17  H:86 
C905CA $B3 $09         LDA ($09,S),Y [C07664] = $0003  A:0003 X:0003 Y:000A S:035D D:0000 DB:C0 P:nvmxdIzc V:17  H:90 
C905CC $29 $00 $FF     AND #$FF00                      A:0003 X:0003 Y:000A S:035D D:0000 DB:C0 P:nvmxdIzc V:17  H:103
C905CF $D0 $14         BNE $C905E5                     A:0000 X:0003 Y:000A S:035D D:0000 DB:C0 P:nvmxdIZc V:17  H:108
C905D1 $A5 $40         LDA $40 [000040] = $0003        A:0000 X:0003 Y:000A S:035D D:0000 DB:C0 P:nvmxdIZc V:17  H:111
C905D3 $A0 $09 $00     LDY #$0009                      A:0003 X:0003 Y:000A S:035D D:0000 DB:C0 P:nvmxdIzc V:17  H:118
C905D6 $33 $09         AND ($09,S),Y [C07663] = $03FF  A:0003 X:0003 Y:0009 S:035D D:0000 DB:C0 P:nvmxdIzc V:17  H:122
C905D8 $85 $40         STA $40 [000040] = $0003        A:0003 X:0003 Y:0009 S:035D D:0000 DB:C0 P:nvmxdIzc V:17  H:145
C905DA $B3 $09         LDA ($09,S),Y [C07663] = $03FF  A:0003 X:0003 Y:0009 S:035D D:0000 DB:C0 P:nvmxdIzc V:17  H:152
C905DC $F0 $22         BEQ $C90600                     A:03FF X:0003 Y:0009 S:035D D:0000 DB:C0 P:nvmxdIzc V:17  H:165
C905DE $4A             LSR                             A:03FF X:0003 Y:0009 S:035D D:0000 DB:C0 P:nvmxdIzc V:17  H:168
C905DF $B0 $1F         BCS $C90600                     A:01FF X:0003 Y:0009 S:035D D:0000 DB:C0 P:nvmxdIzC V:17  H:171
C90600 $A3 $09         LDA $09,S [000366] = $765A      A:01FF X:0003 Y:0009 S:035D D:0000 DB:C0 P:nvmxdIzC V:17  H:176
C90602 $18             CLC                             A:765A X:0003 Y:0009 S:035D D:0000 DB:C0 P:nvmxdIzC V:17  H:184
C90603 $69 $0B $00     ADC #$000B                      A:765A X:0003 Y:0009 S:035D D:0000 DB:C0 P:nvmxdIzc V:17  H:187
C90606 $83 $09         STA $09,S [000366] = $765A      A:7665 X:0003 Y:0009 S:035D D:0000 DB:C0 P:nvmxdIzc V:17  H:192
C90608 $7A             PLY                             A:7665 X:0003 Y:0009 S:035D D:0000 DB:C0 P:nvmxdIzc V:17  H:200
C90609 $FA             PLX                             A:7665 X:0003 Y:0002 S:035F D:0000 DB:C0 P:nvmxdIzc V:17  H:209
C9060A $68             PLA                             A:7665 X:0091 Y:0002 S:0361 D:0000 DB:C0 P:nvmxdIzc V:17  H:217
C9060B $AB             PLB                             A:00E8 X:0091 Y:0002 S:0363 D:0000 DB:C0 P:nvmxdIzc V:17  H:226
C9060C $28             PLP                             A:00E8 X:0091 Y:0002 S:0364 D:0000 DB:7F P:nvmxdIzc V:17  H:232
C9060D $A5 $40         LDA $40 [000040] = $0003        A:00E8 X:0091 Y:0002 S:0365 D:0000 DB:7F P:nvmxdIzc V:17  H:239
C9060F $6B             RTL                             A:0003 X:0091 Y:0002 S:0365 D:0000 DB:7F P:nvmxdIzc V:17  H:246
C07666 $AA             TAX                             A:0003 X:0091 Y:0002 S:0368 D:0000 DB:7F P:nvmxdIzc V:17  H:256
C07667 $22 $5C $67 $C0 JSL $C0675C                     A:0003 X:0003 Y:0002 S:0368 D:0000 DB:7F P:nvmxdIzc V:17  H:259
C0675C $08             PHP                             A:0003 X:0003 Y:0002 S:0365 D:0000 DB:7F P:nvmxdIzc V:17  H:273
C0675D $C2 $30         REP #$30                        A:0003 X:0003 Y:0002 S:0364 D:0000 DB:7F P:nvmxdIzc V:17  H:293
C0675F $48             PHA                             A:0003 X:0003 Y:0002 S:0364 D:0000 DB:7F P:nvmxdIzc V:17  H:297
C06760 $DA             PHX                             A:0003 X:0003 Y:0002 S:0362 D:0000 DB:7F P:nvmxdIzc V:17  H:304
C06761 $5A             PHY                             A:0003 X:0003 Y:0002 S:0360 D:0000 DB:7F P:nvmxdIzc V:17  H:311
C06762 $8B             PHB                             A:0003 X:0003 Y:0002 S:035E D:0000 DB:7F P:nvmxdIzc V:17  H:318
C06763 $F4 $7F $7F     PEA #$7F7F                      A:0003 X:0003 Y:0002 S:035D D:0000 DB:7F P:nvmxdIzc V:17  H:323
C06766 $AB             PLB                             A:0003 X:0003 Y:0002 S:035B D:0000 DB:7F P:nvmxdIzc V:17  H:331
C06767 $AB             PLB                             A:0003 X:0003 Y:0002 S:035C D:0000 DB:7F P:nvmxdIzc V:17  H:337
C06768 $DA             PHX                             A:0003 X:0003 Y:0002 S:035D D:0000 DB:7F P:nvmxdIzc V:18  H:4  
C06769 $22 $72 $05 $C9 JSL $C90572                     A:0003 X:0003 Y:0002 S:035B D:0000 DB:7F P:nvmxdIzc V:18  H:11 
C90572 $08             PHP                             A:0003 X:0003 Y:0002 S:0358 D:0000 DB:7F P:nvmxdIzc V:18  H:24 
C90573 $8B             PHB                             A:0003 X:0003 Y:0002 S:0357 D:0000 DB:7F P:nvmxdIzc V:18  H:29 
C90574 $78             SEI                             A:0003 X:0003 Y:0002 S:0356 D:0000 DB:7F P:nvmxdIzc V:18  H:34 
C90575 $C2 $30         REP #$30                        A:0003 X:0003 Y:0002 S:0356 D:0000 DB:7F P:nvmxdIzc V:18  H:37 
C90577 $48             PHA                             A:0003 X:0003 Y:0002 S:0356 D:0000 DB:7F P:nvmxdIzc V:18  H:42 
C90578 $DA             PHX                             A:0003 X:0003 Y:0002 S:0354 D:0000 DB:7F P:nvmxdIzc V:18  H:49 
C90579 $5A             PHY                             A:0003 X:0003 Y:0002 S:0352 D:0000 DB:7F P:nvmxdIzc V:18  H:56 
C9057A $86 $40         STX $40 [000040] = $0003        A:0003 X:0003 Y:0002 S:0350 D:0000 DB:7F P:nvmxdIzc V:18  H:63 
C9057C $E2 $30         SEP #$30                        A:0003 X:0003 Y:0002 S:0350 D:0000 DB:7F P:nvmxdIzc V:18  H:70 
C9057E $A3 $0B         LDA $0B,S [00035B] = $C0        A:0003 X:0003 Y:0002 S:0350 D:0000 DB:7F P:nvMXdIzc V:18  H:74 
C90580 $48             PHA                             A:00C0 X:0003 Y:0002 S:0350 D:0000 DB:7F P:NvMXdIzc V:18  H:81 
C90581 $AB             PLB                             A:00C0 X:0003 Y:0002 S:034F D:0000 DB:7F P:NvMXdIzc V:18  H:86 
C90582 $A0 $01         LDY #$01                        A:00C0 X:0003 Y:0002 S:0350 D:0000 DB:C0 P:NvMXdIzc V:18  H:92 
C90584 $B3 $09         LDA ($09,S),Y [C0676D] = $00    A:00C0 X:0003 Y:0001 S:0350 D:0000 DB:C0 P:nvMXdIzc V:18  H:95 
C90586 $F0 $03         BEQ $C9058B                     A:0000 X:0003 Y:0001 S:0350 D:0000 DB:C0 P:nvMXdIZc V:18  H:107
C9058B $C2 $20         REP #$20                        A:0000 X:0003 Y:0001 S:0350 D:0000 DB:C0 P:nvMXdIZc V:18  H:111
C9058D $A0 $02         LDY #$02                        A:0000 X:0003 Y:0001 S:0350 D:0000 DB:C0 P:nvmXdIZc V:18  H:116
C9058F $B3 $09         LDA ($09,S),Y [C0676E] = $0008  A:0000 X:0003 Y:0002 S:0350 D:0000 DB:C0 P:nvmXdIzc V:18  H:119
C90591 $A2 $40         LDX #$40                        A:0008 X:0003 Y:0002 S:0350 D:0000 DB:C0 P:nvmXdIzc V:18  H:132
C90593 $22 $46 $11 $C0 JSL $C01146                     A:0008 X:0040 Y:0002 S:0350 D:0000 DB:C0 P:nvmXdIzc V:18  H:145
C01146 $08             PHP                             A:0008 X:0040 Y:0002 S:034D D:0000 DB:C0 P:nvmXdIzc V:18  H:158
C01147 $E2 $20         SEP #$20                        A:0008 X:0040 Y:0002 S:034C D:0000 DB:C0 P:nvmXdIzc V:18  H:163
C01149 $48             PHA                             A:0008 X:0040 Y:0002 S:034C D:0000 DB:C0 P:nvMXdIzc V:18  H:168
C0114A $EB             XBA                             A:0008 X:0040 Y:0002 S:034B D:0000 DB:C0 P:nvMXdIzc V:18  H:173
C0114B $48             PHA                             A:0800 X:0040 Y:0002 S:034B D:0000 DB:C0 P:nvMXdIZc V:18  H:177
C0114C $B5 $01         LDA $01,X [000041] = $00        A:0800 X:0040 Y:0002 S:034A D:0000 DB:C0 P:nvMXdIZc V:18  H:182
C0114E $48             PHA                             A:0800 X:0040 Y:0002 S:034A D:0000 DB:C0 P:nvMXdIZc V:18  H:189
C0114F $A3 $03         LDA $03,S [00034C] = $08        A:0800 X:0040 Y:0002 S:0349 D:0000 DB:C0 P:nvMXdIZc V:18  H:194
C01151 $EB             XBA                             A:0808 X:0040 Y:0002 S:0349 D:0000 DB:C0 P:nvMXdIzc V:18  H:200
C01152 $B5 $00         LDA $00,X [000040] = $03        A:0808 X:0040 Y:0002 S:0349 D:0000 DB:C0 P:nvMXdIzc V:18  H:205
C01154 $48             PHA                             A:0803 X:0040 Y:0002 S:0349 D:0000 DB:C0 P:nvMXdIzc V:18  H:211
C01155 $8F $02 $42 $00 STA $004202                     A:0803 X:0040 Y:0002 S:0348 D:0000 DB:C0 P:nvMXdIzc V:18  H:216
C01159 $EB             XBA                             A:0803 X:0040 Y:0002 S:0348 D:0000 DB:C0 P:nvMXdIzc V:18  H:224
C0115A $8F $03 $42 $00 STA $004203                     A:0308 X:0040 Y:0002 S:0348 D:0000 DB:C0 P:nvMXdIzc V:18  H:228
C0115E $EA             NOP                             A:0308 X:0040 Y:0002 S:0348 D:0000 DB:C0 P:nvMXdIzc V:18  H:236
C0115F $EA             NOP                             A:0308 X:0040 Y:0002 S:0348 D:0000 DB:C0 P:nvMXdIzc V:18  H:239
C01160 $EA             NOP                             A:0308 X:0040 Y:0002 S:0348 D:0000 DB:C0 P:nvMXdIzc V:18  H:242
C01161 $EA             NOP                             A:0308 X:0040 Y:0002 S:0348 D:0000 DB:C0 P:nvMXdIzc V:18  H:245
C01162 $AF $16 $42 $00 LDA $004216                     A:0308 X:0040 Y:0002 S:0348 D:0000 DB:C0 P:nvMXdIzc V:18  H:248
C01166 $95 $00         STA $00,X [000040] = $03        A:0318 X:0040 Y:0002 S:0348 D:0000 DB:C0 P:nvMXdIzc V:18  H:255
C01168 $AF $17 $42 $00 LDA $004217                     A:0318 X:0040 Y:0002 S:0348 D:0000 DB:C0 P:nvMXdIzc V:18  H:262
C0116C $95 $01         STA $01,X [000041] = $00        A:0300 X:0040 Y:0002 S:0348 D:0000 DB:C0 P:nvMXdIZc V:18  H:269
C0116E $68             PLA                             A:0300 X:0040 Y:0002 S:0348 D:0000 DB:C0 P:nvMXdIZc V:18  H:276
C0116F $EB             XBA                             A:0303 X:0040 Y:0002 S:0349 D:0000 DB:C0 P:nvMXdIzc V:18  H:299
C01170 $A3 $02         LDA $02,S [00034B] = $00        A:0303 X:0040 Y:0002 S:0349 D:0000 DB:C0 P:nvMXdIzc V:18  H:303
C01172 $8F $02 $42 $00 STA $004202                     A:0300 X:0040 Y:0002 S:0349 D:0000 DB:C0 P:nvMXdIZc V:18  H:310
C01176 $EB             XBA                             A:0300 X:0040 Y:0002 S:0349 D:0000 DB:C0 P:nvMXdIZc V:18  H:317
C01177 $8F $03 $42 $00 STA $004203                     A:0003 X:0040 Y:0002 S:0349 D:0000 DB:C0 P:nvMXdIzc V:18  H:322
C0117B $EA             NOP                             A:0003 X:0040 Y:0002 S:0349 D:0000 DB:C0 P:nvMXdIzc V:18  H:328
C0117C $EA             NOP                             A:0003 X:0040 Y:0002 S:0349 D:0000 DB:C0 P:nvMXdIzc V:18  H:331
C0117D $EA             NOP                             A:0003 X:0040 Y:0002 S:0349 D:0000 DB:C0 P:nvMXdIzc V:18  H:334
C0117E $EA             NOP                             A:0003 X:0040 Y:0002 S:0349 D:0000 DB:C0 P:nvMXdIzc V:18  H:337
C0117F $AF $16 $42 $00 LDA $004216                     A:0003 X:0040 Y:0002 S:0349 D:0000 DB:C0 P:nvMXdIzc V:19  H:0  
C01183 $18             CLC                             A:0000 X:0040 Y:0002 S:0349 D:0000 DB:C0 P:nvMXdIZc V:19  H:8  
C01184 $75 $01         ADC $01,X [000041] = $00        A:0000 X:0040 Y:0002 S:0349 D:0000 DB:C0 P:nvMXdIZc V:19  H:11 
C01186 $95 $01         STA $01,X [000041] = $00        A:0000 X:0040 Y:0002 S:0349 D:0000 DB:C0 P:nvMXdIZc V:19  H:17 
C01188 $AF $17 $42 $00 LDA $004217                     A:0000 X:0040 Y:0002 S:0349 D:0000 DB:C0 P:nvMXdIZc V:19  H:24 
C0118C $69 $00         ADC #$00                        A:0000 X:0040 Y:0002 S:0349 D:0000 DB:C0 P:nvMXdIZc V:19  H:31 
C0118E $95 $02         STA $02,X [000042] = $2F        A:0000 X:0040 Y:0002 S:0349 D:0000 DB:C0 P:nvMXdIZc V:19  H:34 
C01190 $A3 $01         LDA $01,S [00034A] = $00        A:0000 X:0040 Y:0002 S:0349 D:0000 DB:C0 P:nvMXdIZc V:19  H:41 
C01192 $EB             XBA                             A:0000 X:0040 Y:0002 S:0349 D:0000 DB:C0 P:nvMXdIZc V:19  H:47 
C01193 $A3 $03         LDA $03,S [00034C] = $08        A:0000 X:0040 Y:0002 S:0349 D:0000 DB:C0 P:nvMXdIZc V:19  H:52 
C01195 $8F $02 $42 $00 STA $004202                     A:0008 X:0040 Y:0002 S:0349 D:0000 DB:C0 P:nvMXdIzc V:19  H:58 
C01199 $EB             XBA                             A:0008 X:0040 Y:0002 S:0349 D:0000 DB:C0 P:nvMXdIzc V:19  H:66 
C0119A $8F $03 $42 $00 STA $004203                     A:0800 X:0040 Y:0002 S:0349 D:0000 DB:C0 P:nvMXdIZc V:19  H:70 
C0119E $EA             NOP                             A:0800 X:0040 Y:0002 S:0349 D:0000 DB:C0 P:nvMXdIZc V:19  H:78 
C0119F $EA             NOP                             A:0800 X:0040 Y:0002 S:0349 D:0000 DB:C0 P:nvMXdIZc V:19  H:81 
C011A0 $EA             NOP                             A:0800 X:0040 Y:0002 S:0349 D:0000 DB:C0 P:nvMXdIZc V:19  H:84 
C011A1 $EA             NOP                             A:0800 X:0040 Y:0002 S:0349 D:0000 DB:C0 P:nvMXdIZc V:19  H:87 
C011A2 $AF $16 $42 $00 LDA $004216                     A:0800 X:0040 Y:0002 S:0349 D:0000 DB:C0 P:nvMXdIZc V:19  H:90 
C011A6 $18             CLC                             A:0800 X:0040 Y:0002 S:0349 D:0000 DB:C0 P:nvMXdIZc V:19  H:97 
C011A7 $75 $01         ADC $01,X [000041] = $00        A:0800 X:0040 Y:0002 S:0349 D:0000 DB:C0 P:nvMXdIZc V:19  H:100
C011A9 $95 $01         STA $01,X [000041] = $00        A:0800 X:0040 Y:0002 S:0349 D:0000 DB:C0 P:nvMXdIZc V:19  H:107
C011AB $AF $17 $42 $00 LDA $004217                     A:0800 X:0040 Y:0002 S:0349 D:0000 DB:C0 P:nvMXdIZc V:19  H:113
C011AF $75 $02         ADC $02,X [000042] = $00        A:0800 X:0040 Y:0002 S:0349 D:0000 DB:C0 P:nvMXdIZc V:19  H:121
C011B1 $95 $02         STA $02,X [000042] = $00        A:0800 X:0040 Y:0002 S:0349 D:0000 DB:C0 P:nvMXdIZc V:19  H:127
C011B3 $A9 $00         LDA #$00                        A:0800 X:0040 Y:0002 S:0349 D:0000 DB:C0 P:nvMXdIZc V:19  H:134
C011B5 $2A             ROL                             A:0800 X:0040 Y:0002 S:0349 D:0000 DB:C0 P:nvMXdIZc V:19  H:147
C011B6 $95 $03         STA $03,X [000043] = $00        A:0800 X:0040 Y:0002 S:0349 D:0000 DB:C0 P:nvMXdIZc V:19  H:150
C011B8 $A3 $01         LDA $01,S [00034A] = $00        A:0800 X:0040 Y:0002 S:0349 D:0000 DB:C0 P:nvMXdIZc V:19  H:156
C011BA $EB             XBA                             A:0800 X:0040 Y:0002 S:0349 D:0000 DB:C0 P:nvMXdIZc V:19  H:163
C011BB $A3 $02         LDA $02,S [00034B] = $00        A:0008 X:0040 Y:0002 S:0349 D:0000 DB:C0 P:nvMXdIzc V:19  H:167
C011BD $8F $02 $42 $00 STA $004202                     A:0000 X:0040 Y:0002 S:0349 D:0000 DB:C0 P:nvMXdIZc V:19  H:174
C011C1 $EB             XBA                             A:0000 X:0040 Y:0002 S:0349 D:0000 DB:C0 P:nvMXdIZc V:19  H:181
C011C2 $8F $03 $42 $00 STA $004203                     A:0000 X:0040 Y:0002 S:0349 D:0000 DB:C0 P:nvMXdIZc V:19  H:186
C011C6 $EA             NOP                             A:0000 X:0040 Y:0002 S:0349 D:0000 DB:C0 P:nvMXdIZc V:19  H:193
C011C7 $EA             NOP                             A:0000 X:0040 Y:0002 S:0349 D:0000 DB:C0 P:nvMXdIZc V:19  H:196
C011C8 $EA             NOP                             A:0000 X:0040 Y:0002 S:0349 D:0000 DB:C0 P:nvMXdIZc V:19  H:199
C011C9 $EA             NOP                             A:0000 X:0040 Y:0002 S:0349 D:0000 DB:C0 P:nvMXdIZc V:19  H:202
C011CA $AF $16 $42 $00 LDA $004216                     A:0000 X:0040 Y:0002 S:0349 D:0000 DB:C0 P:nvMXdIZc V:19  H:205
C011CE $18             CLC                             A:0000 X:0040 Y:0002 S:0349 D:0000 DB:C0 P:nvMXdIZc V:19  H:213
C011CF $75 $02         ADC $02,X [000042] = $00        A:0000 X:0040 Y:0002 S:0349 D:0000 DB:C0 P:nvMXdIZc V:19  H:216
C011D1 $95 $02         STA $02,X [000042] = $00        A:0000 X:0040 Y:0002 S:0349 D:0000 DB:C0 P:nvMXdIZc V:19  H:222
C011D3 $AF $17 $42 $00 LDA $004217                     A:0000 X:0040 Y:0002 S:0349 D:0000 DB:C0 P:nvMXdIZc V:19  H:229
C011D7 $75 $03         ADC $03,X [000043] = $00        A:0000 X:0040 Y:0002 S:0349 D:0000 DB:C0 P:nvMXdIZc V:19  H:236
C011D9 $95 $03         STA $03,X [000043] = $00        A:0000 X:0040 Y:0002 S:0349 D:0000 DB:C0 P:nvMXdIZc V:19  H:243
C011DB $68             PLA                             A:0000 X:0040 Y:0002 S:0349 D:0000 DB:C0 P:nvMXdIZc V:19  H:249
C011DC $68             PLA                             A:0000 X:0040 Y:0002 S:034A D:0000 DB:C0 P:nvMXdIZc V:19  H:256
C011DD $EB             XBA                             A:0000 X:0040 Y:0002 S:034B D:0000 DB:C0 P:nvMXdIZc V:19  H:262
C011DE $68             PLA                             A:0000 X:0040 Y:0002 S:034B D:0000 DB:C0 P:nvMXdIZc V:19  H:267
C011DF $28             PLP                             A:0008 X:0040 Y:0002 S:034C D:0000 DB:C0 P:nvMXdIzc V:19  H:273
C011E0 $6B             RTL                             A:0008 X:0040 Y:0002 S:034D D:0000 DB:C0 P:nvmXdIzc V:19  H:296
C90597 $A0 $04         LDY #$04                        A:0008 X:0040 Y:0002 S:0350 D:0000 DB:C0 P:nvmXdIzc V:19  H:307
C90599 $B3 $09         LDA ($09,S),Y [C06770] = $00CB  A:0008 X:0040 Y:0004 S:0350 D:0000 DB:C0 P:nvmXdIzc V:19  H:310
C9059B $A0 $07         LDY #$07                        A:00CB X:0040 Y:0004 S:0350 D:0000 DB:C0 P:nvmXdIzc V:19  H:323
C9059D $18             CLC                             A:00CB X:0040 Y:0007 S:0350 D:0000 DB:C0 P:nvmXdIzc V:19  H:325
C9059E $73 $09         ADC ($09,S),Y [C06773] = $0000  A:00CB X:0040 Y:0007 S:0350 D:0000 DB:C0 P:nvmXdIzc V:19  H:328
C905A0 $90 $03         BCC $C905A5                     A:00CB X:0040 Y:0007 S:0350 D:0000 DB:C0 P:nvmXdIzc V:20  H:1  
C905A5 $65 $40         ADC $40 [000040] = $0018        A:00CB X:0040 Y:0007 S:0350 D:0000 DB:C0 P:nvmXdIzc V:20  H:5  
C905A7 $85 $40         STA $40 [000040] = $0018        A:00E3 X:0040 Y:0007 S:0350 D:0000 DB:C0 P:nvmXdIzc V:20  H:12 
C905A9 $90 $02         BCC $C905AD                     A:00E3 X:0040 Y:0007 S:0350 D:0000 DB:C0 P:nvmXdIzc V:20  H:19 
C905AD $E2 $20         SEP #$20                        A:00E3 X:0040 Y:0007 S:0350 D:0000 DB:C0 P:nvmXdIzc V:20  H:24 
C905AF $A0 $06         LDY #$06                        A:00E3 X:0040 Y:0007 S:0350 D:0000 DB:C0 P:nvMXdIzc V:20  H:28 
C905B1 $B3 $09         LDA ($09,S),Y [C06772] = $C5    A:00E3 X:0040 Y:0006 S:0350 D:0000 DB:C0 P:nvMXdIzc V:20  H:31 
C905B3 $18             CLC                             A:00C5 X:0040 Y:0006 S:0350 D:0000 DB:C0 P:NvMXdIzc V:20  H:43 
C905B4 $65 $42         ADC $42 [000042] = $00          A:00C5 X:0040 Y:0006 S:0350 D:0000 DB:C0 P:NvMXdIzc V:20  H:46 
C905B6 $85 $42         STA $42 [000042] = $00          A:00C5 X:0040 Y:0006 S:0350 D:0000 DB:C0 P:NvMXdIzc V:20  H:51 
C905B8 $C2 $30         REP #$30                        A:00C5 X:0040 Y:0006 S:0350 D:0000 DB:C0 P:NvMXdIzc V:20  H:56 
C905BA $A7 $40         LDA [$40] [C500E3] = $0004      A:00C5 X:0040 Y:0006 S:0350 D:0000 DB:C0 P:NvmxdIzc V:20  H:60 
C905BC $AA             TAX                             A:0004 X:0040 Y:0006 S:0350 D:0000 DB:C0 P:nvmxdIzc V:20  H:72 
C905BD $A0 $01 $00     LDY #$0001                      A:0004 X:0004 Y:0006 S:0350 D:0000 DB:C0 P:nvmxdIzc V:20  H:75 
C905C0 $B7 $40         LDA [$40],Y [C500E4] = $0100    A:0004 X:0004 Y:0001 S:0350 D:0000 DB:C0 P:nvmxdIzc V:20  H:80 
C905C2 $85 $41         STA $41 [000041] = $C500        A:0100 X:0004 Y:0001 S:0350 D:0000 DB:C0 P:nvmxdIzc V:20  H:92 
C905C4 $8A             TXA                             A:0100 X:0004 Y:0001 S:0350 D:0000 DB:C0 P:nvmxdIzc V:20  H:99 
C905C5 $85 $40         STA $40 [000040] = $00E3        A:0004 X:0004 Y:0001 S:0350 D:0000 DB:C0 P:nvmxdIzc V:20  H:102
C905C7 $A0 $0A $00     LDY #$000A                      A:0004 X:0004 Y:0001 S:0350 D:0000 DB:C0 P:nvmxdIzc V:20  H:109
C905CA $B3 $09         LDA ($09,S),Y [C06776] = $0003  A:0004 X:0004 Y:000A S:0350 D:0000 DB:C0 P:nvmxdIzc V:20  H:113
C905CC $29 $00 $FF     AND #$FF00                      A:0003 X:0004 Y:000A S:0350 D:0000 DB:C0 P:nvmxdIzc V:20  H:126
C905CF $D0 $14         BNE $C905E5                     A:0000 X:0004 Y:000A S:0350 D:0000 DB:C0 P:nvmxdIZc V:20  H:131
C905D1 $A5 $40         LDA $40 [000040] = $0004        A:0000 X:0004 Y:000A S:0350 D:0000 DB:C0 P:nvmxdIZc V:20  H:144
C905D3 $A0 $09 $00     LDY #$0009                      A:0004 X:0004 Y:000A S:0350 D:0000 DB:C0 P:nvmxdIzc V:20  H:151
C905D6 $33 $09         AND ($09,S),Y [C06775] = $03FF  A:0004 X:0004 Y:0009 S:0350 D:0000 DB:C0 P:nvmxdIzc V:20  H:155
C905D8 $85 $40         STA $40 [000040] = $0004        A:0004 X:0004 Y:0009 S:0350 D:0000 DB:C0 P:nvmxdIzc V:20  H:168
C905DA $B3 $09         LDA ($09,S),Y [C06775] = $03FF  A:0004 X:0004 Y:0009 S:0350 D:0000 DB:C0 P:nvmxdIzc V:20  H:175
C905DC $F0 $22         BEQ $C90600                     A:03FF X:0004 Y:0009 S:0350 D:0000 DB:C0 P:nvmxdIzc V:20  H:188
C905DE $4A             LSR                             A:03FF X:0004 Y:0009 S:0350 D:0000 DB:C0 P:nvmxdIzc V:20  H:191
C905DF $B0 $1F         BCS $C90600                     A:01FF X:0004 Y:0009 S:0350 D:0000 DB:C0 P:nvmxdIzC V:20  H:194
C90600 $A3 $09         LDA $09,S [000359] = $676C      A:01FF X:0004 Y:0009 S:0350 D:0000 DB:C0 P:nvmxdIzC V:20  H:199
C90602 $18             CLC                             A:676C X:0004 Y:0009 S:0350 D:0000 DB:C0 P:nvmxdIzC V:20  H:207
C90603 $69 $0B $00     ADC #$000B                      A:676C X:0004 Y:0009 S:0350 D:0000 DB:C0 P:nvmxdIzc V:20  H:210
C90606 $83 $09         STA $09,S [000359] = $676C      A:6777 X:0004 Y:0009 S:0350 D:0000 DB:C0 P:nvmxdIzc V:20  H:215
C90608 $7A             PLY                             A:6777 X:0004 Y:0009 S:0350 D:0000 DB:C0 P:nvmxdIzc V:20  H:223
C90609 $FA             PLX                             A:6777 X:0004 Y:0002 S:0352 D:0000 DB:C0 P:nvmxdIzc V:20  H:232
C9060A $68             PLA                             A:6777 X:0003 Y:0002 S:0354 D:0000 DB:C0 P:nvmxdIzc V:20  H:240
C9060B $AB             PLB                             A:0003 X:0003 Y:0002 S:0356 D:0000 DB:C0 P:nvmxdIzc V:20  H:249
C9060C $28             PLP                             A:0003 X:0003 Y:0002 S:0357 D:0000 DB:7F P:nvmxdIzc V:20  H:255
C9060D $A5 $40         LDA $40 [000040] = $0004        A:0003 X:0003 Y:0002 S:0358 D:0000 DB:7F P:nvmxdIzc V:20  H:262
C9060F $6B             RTL                             A:0004 X:0003 Y:0002 S:0358 D:0000 DB:7F P:nvmxdIzc V:20  H:269
C06778 $AA             TAX                             A:0004 X:0003 Y:0002 S:035B D:0000 DB:7F P:nvmxdIzc V:20  H:297
C06779 $22 $E1 $5C $C0 JSL $C05CE1                     A:0004 X:0004 Y:0002 S:035B D:0000 DB:7F P:nvmxdIzc V:20  H:300
C05CE1 $08             PHP                             A:0004 X:0004 Y:0002 S:0358 D:0000 DB:7F P:nvmxdIzc V:20  H:314
C05CE2 $C2 $30         REP #$30                        A:0004 X:0004 Y:0002 S:0357 D:0000 DB:7F P:nvmxdIzc V:20  H:319
C05CE4 $48             PHA                             A:0004 X:0004 Y:0002 S:0357 D:0000 DB:7F P:nvmxdIzc V:20  H:323
C05CE5 $DA             PHX                             A:0004 X:0004 Y:0002 S:0355 D:0000 DB:7F P:nvmxdIzc V:20  H:329
C05CE6 $5A             PHY                             A:0004 X:0004 Y:0002 S:0353 D:0000 DB:7F P:nvmxdIzc V:20  H:336
C05CE7 $8B             PHB                             A:0004 X:0004 Y:0002 S:0351 D:0000 DB:7F P:nvmxdIzc V:21  H:3  
C05CE8 $F4 $7F $7F     PEA #$7F7F                      A:0004 X:0004 Y:0002 S:0350 D:0000 DB:7F P:nvmxdIzc V:21  H:8  
C05CEB $AB             PLB                             A:0004 X:0004 Y:0002 S:034E D:0000 DB:7F P:nvmxdIzc V:21  H:17 
C05CEC $AB             PLB                             A:0004 X:0004 Y:0002 S:034F D:0000 DB:7F P:nvmxdIzc V:21  H:23 
C05CED $8E $AA $AE     STX $AEAA [7FAEAA] = $004E      A:0004 X:0004 Y:0002 S:0350 D:0000 DB:7F P:nvmxdIzc V:21  H:30 
C05CF0 $22 $72 $05 $C9 JSL $C90572                     A:0004 X:0004 Y:0002 S:0350 D:0000 DB:7F P:nvmxdIzc V:21  H:38 
C90572 $08             PHP                             A:0004 X:0004 Y:0002 S:034D D:0000 DB:7F P:nvmxdIzc V:21  H:52 
C90573 $8B             PHB                             A:0004 X:0004 Y:0002 S:034C D:0000 DB:7F P:nvmxdIzc V:21  H:57 
C90574 $78             SEI                             A:0004 X:0004 Y:0002 S:034B D:0000 DB:7F P:nvmxdIzc V:21  H:62 
C90575 $C2 $30         REP #$30                        A:0004 X:0004 Y:0002 S:034B D:0000 DB:7F P:nvmxdIzc V:21  H:65 
C90577 $48             PHA                             A:0004 X:0004 Y:0002 S:034B D:0000 DB:7F P:nvmxdIzc V:21  H:69 
C90578 $DA             PHX                             A:0004 X:0004 Y:0002 S:0349 D:0000 DB:7F P:nvmxdIzc V:21  H:76 
C90579 $5A             PHY                             A:0004 X:0004 Y:0002 S:0347 D:0000 DB:7F P:nvmxdIzc V:21  H:83 
C9057A $86 $40         STX $40 [000040] = $0004        A:0004 X:0004 Y:0002 S:0345 D:0000 DB:7F P:nvmxdIzc V:21  H:90 
C9057C $E2 $30         SEP #$30                        A:0004 X:0004 Y:0002 S:0345 D:0000 DB:7F P:nvmxdIzc V:21  H:97 
C9057E $A3 $0B         LDA $0B,S [000350] = $C0        A:0004 X:0004 Y:0002 S:0345 D:0000 DB:7F P:nvMXdIzc V:21  H:102
C90580 $48             PHA                             A:00C0 X:0004 Y:0002 S:0345 D:0000 DB:7F P:NvMXdIzc V:21  H:108
C90581 $AB             PLB                             A:00C0 X:0004 Y:0002 S:0344 D:0000 DB:7F P:NvMXdIzc V:21  H:113
C90582 $A0 $01         LDY #$01                        A:00C0 X:0004 Y:0002 S:0345 D:0000 DB:C0 P:NvMXdIzc V:21  H:120
C90584 $B3 $09         LDA ($09,S),Y [C05CF4] = $00    A:00C0 X:0004 Y:0001 S:0345 D:0000 DB:C0 P:nvMXdIzc V:21  H:123
C90586 $F0 $03         BEQ $C9058B                     A:0000 X:0004 Y:0001 S:0345 D:0000 DB:C0 P:nvMXdIZc V:21  H:144
C9058B $C2 $20         REP #$20                        A:0000 X:0004 Y:0001 S:0345 D:0000 DB:C0 P:nvMXdIZc V:21  H:149
C9058D $A0 $02         LDY #$02                        A:0000 X:0004 Y:0001 S:0345 D:0000 DB:C0 P:nvmXdIZc V:21  H:153
C9058F $B3 $09         LDA ($09,S),Y [C05CF5] = $0007  A:0000 X:0004 Y:0002 S:0345 D:0000 DB:C0 P:nvmXdIzc V:21  H:156
C90591 $A2 $40         LDX #$40                        A:0007 X:0004 Y:0002 S:0345 D:0000 DB:C0 P:nvmXdIzc V:21  H:169
C90593 $22 $46 $11 $C0 JSL $C01146                     A:0007 X:0040 Y:0002 S:0345 D:0000 DB:C0 P:nvmXdIzc V:21  H:172
C01146 $08             PHP                             A:0007 X:0040 Y:0002 S:0342 D:0000 DB:C0 P:nvmXdIzc V:21  H:186
C01147 $E2 $20         SEP #$20                        A:0007 X:0040 Y:0002 S:0341 D:0000 DB:C0 P:nvmXdIzc V:21  H:191
C01149 $48             PHA                             A:0007 X:0040 Y:0002 S:0341 D:0000 DB:C0 P:nvMXdIzc V:21  H:195
C0114A $EB             XBA                             A:0007 X:0040 Y:0002 S:0340 D:0000 DB:C0 P:nvMXdIzc V:21  H:200
C0114B $48             PHA                             A:0700 X:0040 Y:0002 S:0340 D:0000 DB:C0 P:nvMXdIZc V:21  H:205
C0114C $B5 $01         LDA $01,X [000041] = $00        A:0700 X:0040 Y:0002 S:033F D:0000 DB:C0 P:nvMXdIZc V:21  H:210
C0114E $48             PHA                             A:0700 X:0040 Y:0002 S:033F D:0000 DB:C0 P:nvMXdIZc V:21  H:216
C0114F $A3 $03         LDA $03,S [000341] = $07        A:0700 X:0040 Y:0002 S:033E D:0000 DB:C0 P:nvMXdIZc V:21  H:221
C01151 $EB             XBA                             A:0707 X:0040 Y:0002 S:033E D:0000 DB:C0 P:nvMXdIzc V:21  H:228
C01152 $B5 $00         LDA $00,X [000040] = $04        A:0707 X:0040 Y:0002 S:033E D:0000 DB:C0 P:nvMXdIzc V:21  H:232
C01154 $48             PHA                             A:0704 X:0040 Y:0002 S:033E D:0000 DB:C0 P:nvMXdIzc V:21  H:239
C01155 $8F $02 $42 $00 STA $004202                     A:0704 X:0040 Y:0002 S:033D D:0000 DB:C0 P:nvMXdIzc V:21  H:244
C01159 $EB             XBA                             A:0704 X:0040 Y:0002 S:033D D:0000 DB:C0 P:nvMXdIzc V:21  H:251
C0115A $8F $03 $42 $00 STA $004203                     A:0407 X:0040 Y:0002 S:033D D:0000 DB:C0 P:nvMXdIzc V:21  H:256
C0115E $EA             NOP                             A:0407 X:0040 Y:0002 S:033D D:0000 DB:C0 P:nvMXdIzc V:21  H:263
C0115F $EA             NOP                             A:0407 X:0040 Y:0002 S:033D D:0000 DB:C0 P:nvMXdIzc V:21  H:266
C01160 $EA             NOP                             A:0407 X:0040 Y:0002 S:033D D:0000 DB:C0 P:nvMXdIzc V:21  H:269
C01161 $EA             NOP                             A:0407 X:0040 Y:0002 S:033D D:0000 DB:C0 P:nvMXdIzc V:21  H:272
C01162 $AF $16 $42 $00 LDA $004216                     A:0407 X:0040 Y:0002 S:033D D:0000 DB:C0 P:nvMXdIzc V:21  H:275
C01166 $95 $00         STA $00,X [000040] = $04        A:041C X:0040 Y:0002 S:033D D:0000 DB:C0 P:nvMXdIzc V:21  H:299
C01168 $AF $17 $42 $00 LDA $004217                     A:041C X:0040 Y:0002 S:033D D:0000 DB:C0 P:nvMXdIzc V:21  H:306
C0116C $95 $01         STA $01,X [000041] = $00        A:0400 X:0040 Y:0002 S:033D D:0000 DB:C0 P:nvMXdIZc V:21  H:313
C0116E $68             PLA                             A:0400 X:0040 Y:0002 S:033D D:0000 DB:C0 P:nvMXdIZc V:21  H:320
C0116F $EB             XBA                             A:0404 X:0040 Y:0002 S:033E D:0000 DB:C0 P:nvMXdIzc V:21  H:326
C01170 $A3 $02         LDA $02,S [000340] = $00        A:0404 X:0040 Y:0002 S:033E D:0000 DB:C0 P:nvMXdIzc V:21  H:330
C01172 $8F $02 $42 $00 STA $004202                     A:0400 X:0040 Y:0002 S:033E D:0000 DB:C0 P:nvMXdIZc V:21  H:336
C01176 $EB             XBA                             A:0400 X:0040 Y:0002 S:033E D:0000 DB:C0 P:nvMXdIZc V:22  H:4  
C01177 $8F $03 $42 $00 STA $004203                     A:0004 X:0040 Y:0002 S:033E D:0000 DB:C0 P:nvMXdIzc V:22  H:8  
C0117B $EA             NOP                             A:0004 X:0040 Y:0002 S:033E D:0000 DB:C0 P:nvMXdIzc V:22  H:16 
C0117C $EA             NOP                             A:0004 X:0040 Y:0002 S:033E D:0000 DB:C0 P:nvMXdIzc V:22  H:19 
C0117D $EA             NOP                             A:0004 X:0040 Y:0002 S:033E D:0000 DB:C0 P:nvMXdIzc V:22  H:22 
C0117E $EA             NOP                             A:0004 X:0040 Y:0002 S:033E D:0000 DB:C0 P:nvMXdIzc V:22  H:25 
C0117F $AF $16 $42 $00 LDA $004216                     A:0004 X:0040 Y:0002 S:033E D:0000 DB:C0 P:nvMXdIzc V:22  H:28 
C01183 $18             CLC                             A:0000 X:0040 Y:0002 S:033E D:0000 DB:C0 P:nvMXdIZc V:22  H:35 
C01184 $75 $01         ADC $01,X [000041] = $00        A:0000 X:0040 Y:0002 S:033E D:0000 DB:C0 P:nvMXdIZc V:22  H:38 
C01186 $95 $01         STA $01,X [000041] = $00        A:0000 X:0040 Y:0002 S:033E D:0000 DB:C0 P:nvMXdIZc V:22  H:45 
C01188 $AF $17 $42 $00 LDA $004217                     A:0000 X:0040 Y:0002 S:033E D:0000 DB:C0 P:nvMXdIZc V:22  H:51 
C0118C $69 $00         ADC #$00                        A:0000 X:0040 Y:0002 S:033E D:0000 DB:C0 P:nvMXdIZc V:22  H:59 
C0118E $95 $02         STA $02,X [000042] = $01        A:0000 X:0040 Y:0002 S:033E D:0000 DB:C0 P:nvMXdIZc V:22  H:62 
C01190 $A3 $01         LDA $01,S [00033F] = $00        A:0000 X:0040 Y:0002 S:033E D:0000 DB:C0 P:nvMXdIZc V:22  H:68 
C01192 $EB             XBA                             A:0000 X:0040 Y:0002 S:033E D:0000 DB:C0 P:nvMXdIZc V:22  H:75 
C01193 $A3 $03         LDA $03,S [000341] = $07        A:0000 X:0040 Y:0002 S:033E D:0000 DB:C0 P:nvMXdIZc V:22  H:79 
C01195 $8F $02 $42 $00 STA $004202                     A:0007 X:0040 Y:0002 S:033E D:0000 DB:C0 P:nvMXdIzc V:22  H:86 
C01199 $EB             XBA                             A:0007 X:0040 Y:0002 S:033E D:0000 DB:C0 P:nvMXdIzc V:22  H:93 
C0119A $8F $03 $42 $00 STA $004203                     A:0700 X:0040 Y:0002 S:033E D:0000 DB:C0 P:nvMXdIZc V:22  H:98 
C0119E $EA             NOP                             A:0700 X:0040 Y:0002 S:033E D:0000 DB:C0 P:nvMXdIZc V:22  H:105
C0119F $EA             NOP                             A:0700 X:0040 Y:0002 S:033E D:0000 DB:C0 P:nvMXdIZc V:22  H:108
C011A0 $EA             NOP                             A:0700 X:0040 Y:0002 S:033E D:0000 DB:C0 P:nvMXdIZc V:22  H:111
C011A1 $EA             NOP                             A:0700 X:0040 Y:0002 S:033E D:0000 DB:C0 P:nvMXdIZc V:22  H:114
C011A2 $AF $16 $42 $00 LDA $004216                     A:0700 X:0040 Y:0002 S:033E D:0000 DB:C0 P:nvMXdIZc V:22  H:117
C011A6 $18             CLC                             A:0700 X:0040 Y:0002 S:033E D:0000 DB:C0 P:nvMXdIZc V:22  H:125
C011A7 $75 $01         ADC $01,X [000041] = $00        A:0700 X:0040 Y:0002 S:033E D:0000 DB:C0 P:nvMXdIZc V:22  H:128
C011A9 $95 $01         STA $01,X [000041] = $00        A:0700 X:0040 Y:0002 S:033E D:0000 DB:C0 P:nvMXdIZc V:22  H:144
C011AB $AF $17 $42 $00 LDA $004217                     A:0700 X:0040 Y:0002 S:033E D:0000 DB:C0 P:nvMXdIZc V:22  H:151
C011AF $75 $02         ADC $02,X [000042] = $00        A:0700 X:0040 Y:0002 S:033E D:0000 DB:C0 P:nvMXdIZc V:22  H:158
C011B1 $95 $02         STA $02,X [000042] = $00        A:0700 X:0040 Y:0002 S:033E D:0000 DB:C0 P:nvMXdIZc V:22  H:165
C011B3 $A9 $00         LDA #$00                        A:0700 X:0040 Y:0002 S:033E D:0000 DB:C0 P:nvMXdIZc V:22  H:171
C011B5 $2A             ROL                             A:0700 X:0040 Y:0002 S:033E D:0000 DB:C0 P:nvMXdIZc V:22  H:174
C011B6 $95 $03         STA $03,X [000043] = $00        A:0700 X:0040 Y:0002 S:033E D:0000 DB:C0 P:nvMXdIZc V:22  H:177
C011B8 $A3 $01         LDA $01,S [00033F] = $00        A:0700 X:0040 Y:0002 S:033E D:0000 DB:C0 P:nvMXdIZc V:22  H:184
C011BA $EB             XBA                             A:0700 X:0040 Y:0002 S:033E D:0000 DB:C0 P:nvMXdIZc V:22  H:190
C011BB $A3 $02         LDA $02,S [000340] = $00        A:0007 X:0040 Y:0002 S:033E D:0000 DB:C0 P:nvMXdIzc V:22  H:195
C011BD $8F $02 $42 $00 STA $004202                     A:0000 X:0040 Y:0002 S:033E D:0000 DB:C0 P:nvMXdIZc V:22  H:201
C011C1 $EB             XBA                             A:0000 X:0040 Y:0002 S:033E D:0000 DB:C0 P:nvMXdIZc V:22  H:209
C011C2 $8F $03 $42 $00 STA $004203                     A:0000 X:0040 Y:0002 S:033E D:0000 DB:C0 P:nvMXdIZc V:22  H:213
C011C6 $EA             NOP                             A:0000 X:0040 Y:0002 S:033E D:0000 DB:C0 P:nvMXdIZc V:22  H:221
C011C7 $EA             NOP                             A:0000 X:0040 Y:0002 S:033E D:0000 DB:C0 P:nvMXdIZc V:22  H:224
C011C8 $EA             NOP                             A:0000 X:0040 Y:0002 S:033E D:0000 DB:C0 P:nvMXdIZc V:22  H:227
C011C9 $EA             NOP                             A:0000 X:0040 Y:0002 S:033E D:0000 DB:C0 P:nvMXdIZc V:22  H:230
C011CA $AF $16 $42 $00 LDA $004216                     A:0000 X:0040 Y:0002 S:033E D:0000 DB:C0 P:nvMXdIZc V:22  H:233
C011CE $18             CLC                             A:0000 X:0040 Y:0002 S:033E D:0000 DB:C0 P:nvMXdIZc V:22  H:240
C011CF $75 $02         ADC $02,X [000042] = $00        A:0000 X:0040 Y:0002 S:033E D:0000 DB:C0 P:nvMXdIZc V:22  H:243
C011D1 $95 $02         STA $02,X [000042] = $00        A:0000 X:0040 Y:0002 S:033E D:0000 DB:C0 P:nvMXdIZc V:22  H:250
C011D3 $AF $17 $42 $00 LDA $004217                     A:0000 X:0040 Y:0002 S:033E D:0000 DB:C0 P:nvMXdIZc V:22  H:256
C011D7 $75 $03         ADC $03,X [000043] = $00        A:0000 X:0040 Y:0002 S:033E D:0000 DB:C0 P:nvMXdIZc V:22  H:264
C011D9 $95 $03         STA $03,X [000043] = $00        A:0000 X:0040 Y:0002 S:033E D:0000 DB:C0 P:nvMXdIZc V:22  H:270
C011DB $68             PLA                             A:0000 X:0040 Y:0002 S:033E D:0000 DB:C0 P:nvMXdIZc V:22  H:292
C011DC $68             PLA                             A:0000 X:0040 Y:0002 S:033F D:0000 DB:C0 P:nvMXdIZc V:22  H:298
C011DD $EB             XBA                             A:0000 X:0040 Y:0002 S:0340 D:0000 DB:C0 P:nvMXdIZc V:22  H:305
C011DE $68             PLA                             A:0000 X:0040 Y:0002 S:0340 D:0000 DB:C0 P:nvMXdIZc V:22  H:309
C011DF $28             PLP                             A:0007 X:0040 Y:0002 S:0341 D:0000 DB:C0 P:nvMXdIzc V:22  H:316
C011E0 $6B             RTL                             A:0007 X:0040 Y:0002 S:0342 D:0000 DB:C0 P:nvmXdIzc V:22  H:322
C90597 $A0 $04         LDY #$04                        A:0007 X:0040 Y:0002 S:0345 D:0000 DB:C0 P:nvmXdIzc V:22  H:332
C90599 $B3 $09         LDA ($09,S),Y [C05CF7] = $0000  A:0007 X:0040 Y:0004 S:0345 D:0000 DB:C0 P:nvmXdIzc V:22  H:335
C9059B $A0 $07         LDY #$07                        A:0000 X:0040 Y:0004 S:0345 D:0000 DB:C0 P:nvmXdIZc V:23  H:8  
C9059D $18             CLC                             A:0000 X:0040 Y:0007 S:0345 D:0000 DB:C0 P:nvmXdIzc V:23  H:11 
C9059E $73 $09         ADC ($09,S),Y [C05CFA] = $0002  A:0000 X:0040 Y:0007 S:0345 D:0000 DB:C0 P:nvmXdIzc V:23  H:14 
C905A0 $90 $03         BCC $C905A5                     A:0002 X:0040 Y:0007 S:0345 D:0000 DB:C0 P:nvmXdIzc V:23  H:27 
C905A5 $65 $40         ADC $40 [000040] = $001C        A:0002 X:0040 Y:0007 S:0345 D:0000 DB:C0 P:nvmXdIzc V:23  H:31 
C905A7 $85 $40         STA $40 [000040] = $001C        A:001E X:0040 Y:0007 S:0345 D:0000 DB:C0 P:nvmXdIzc V:23  H:38 
C905A9 $90 $02         BCC $C905AD                     A:001E X:0040 Y:0007 S:0345 D:0000 DB:C0 P:nvmXdIzc V:23  H:45 
C905AD $E2 $20         SEP #$20                        A:001E X:0040 Y:0007 S:0345 D:0000 DB:C0 P:nvmXdIzc V:23  H:50 
C905AF $A0 $06         LDY #$06                        A:001E X:0040 Y:0007 S:0345 D:0000 DB:C0 P:nvMXdIzc V:23  H:54 
C905B1 $B3 $09         LDA ($09,S),Y [C05CF9] = $C5    A:001E X:0040 Y:0006 S:0345 D:0000 DB:C0 P:nvMXdIzc V:23  H:57 
C905B3 $18             CLC                             A:00C5 X:0040 Y:0006 S:0345 D:0000 DB:C0 P:NvMXdIzc V:23  H:69 
C905B4 $65 $42         ADC $42 [000042] = $00          A:00C5 X:0040 Y:0006 S:0345 D:0000 DB:C0 P:NvMXdIzc V:23  H:72 
C905B6 $85 $42         STA $42 [000042] = $00          A:00C5 X:0040 Y:0006 S:0345 D:0000 DB:C0 P:NvMXdIzc V:23  H:77 
C905B8 $C2 $30         REP #$30                        A:00C5 X:0040 Y:0006 S:0345 D:0000 DB:C0 P:NvMXdIzc V:23  H:82 
C905BA $A7 $40         LDA [$40] [C5001E] = $0075      A:00C5 X:0040 Y:0006 S:0345 D:0000 DB:C0 P:NvmxdIzc V:23  H:86 
C905BC $AA             TAX                             A:0075 X:0040 Y:0006 S:0345 D:0000 DB:C0 P:nvmxdIzc V:23  H:98 
C905BD $A0 $01 $00     LDY #$0001                      A:0075 X:0075 Y:0006 S:0345 D:0000 DB:C0 P:nvmxdIzc V:23  H:101
C905C0 $B7 $40         LDA [$40],Y [C5001F] = $0000    A:0075 X:0075 Y:0001 S:0345 D:0000 DB:C0 P:nvmxdIzc V:23  H:106
C905C2 $85 $41         STA $41 [000041] = $C500        A:0000 X:0075 Y:0001 S:0345 D:0000 DB:C0 P:nvmxdIZc V:23  H:118
C905C4 $8A             TXA                             A:0000 X:0075 Y:0001 S:0345 D:0000 DB:C0 P:nvmxdIZc V:23  H:125
C905C5 $85 $40         STA $40 [000040] = $001E        A:0075 X:0075 Y:0001 S:0345 D:0000 DB:C0 P:nvmxdIzc V:23  H:128
C905C7 $A0 $0A $00     LDY #$000A                      A:0075 X:0075 Y:0001 S:0345 D:0000 DB:C0 P:nvmxdIzc V:23  H:145
C905CA $B3 $09         LDA ($09,S),Y [C05CFD] = $0003  A:0075 X:0075 Y:000A S:0345 D:0000 DB:C0 P:nvmxdIzc V:23  H:149
C905CC $29 $00 $FF     AND #$FF00                      A:0003 X:0075 Y:000A S:0345 D:0000 DB:C0 P:nvmxdIzc V:23  H:162
C905CF $D0 $14         BNE $C905E5                     A:0000 X:0075 Y:000A S:0345 D:0000 DB:C0 P:nvmxdIZc V:23  H:167
C905D1 $A5 $40         LDA $40 [000040] = $0075        A:0000 X:0075 Y:000A S:0345 D:0000 DB:C0 P:nvmxdIZc V:23  H:170
C905D3 $A0 $09 $00     LDY #$0009                      A:0075 X:0075 Y:000A S:0345 D:0000 DB:C0 P:nvmxdIzc V:23  H:177
C905D6 $33 $09         AND ($09,S),Y [C05CFC] = $03FF  A:0075 X:0075 Y:0009 S:0345 D:0000 DB:C0 P:nvmxdIzc V:23  H:181
C905D8 $85 $40         STA $40 [000040] = $0075        A:0075 X:0075 Y:0009 S:0345 D:0000 DB:C0 P:nvmxdIzc V:23  H:194
C905DA $B3 $09         LDA ($09,S),Y [C05CFC] = $03FF  A:0075 X:0075 Y:0009 S:0345 D:0000 DB:C0 P:nvmxdIzc V:23  H:201
C905DC $F0 $22         BEQ $C90600                     A:03FF X:0075 Y:0009 S:0345 D:0000 DB:C0 P:nvmxdIzc V:23  H:214
C905DE $4A             LSR                             A:03FF X:0075 Y:0009 S:0345 D:0000 DB:C0 P:nvmxdIzc V:23  H:217
C905DF $B0 $1F         BCS $C90600                     A:01FF X:0075 Y:0009 S:0345 D:0000 DB:C0 P:nvmxdIzC V:23  H:220
C90600 $A3 $09         LDA $09,S [00034E] = $5CF3      A:01FF X:0075 Y:0009 S:0345 D:0000 DB:C0 P:nvmxdIzC V:23  H:225
C90602 $18             CLC                             A:5CF3 X:0075 Y:0009 S:0345 D:0000 DB:C0 P:nvmxdIzC V:23  H:233
C90603 $69 $0B $00     ADC #$000B                      A:5CF3 X:0075 Y:0009 S:0345 D:0000 DB:C0 P:nvmxdIzc V:23  H:236
C90606 $83 $09         STA $09,S [00034E] = $5CF3      A:5CFE X:0075 Y:0009 S:0345 D:0000 DB:C0 P:nvmxdIzc V:23  H:241
C90608 $7A             PLY                             A:5CFE X:0075 Y:0009 S:0345 D:0000 DB:C0 P:nvmxdIzc V:23  H:249
C90609 $FA             PLX                             A:5CFE X:0075 Y:0002 S:0347 D:0000 DB:C0 P:nvmxdIzc V:23  H:258
C9060A $68             PLA                             A:5CFE X:0004 Y:0002 S:0349 D:0000 DB:C0 P:nvmxdIzc V:23  H:266
C9060B $AB             PLB                             A:0004 X:0004 Y:0002 S:034B D:0000 DB:C0 P:nvmxdIzc V:23  H:275
C9060C $28             PLP                             A:0004 X:0004 Y:0002 S:034C D:0000 DB:7F P:nvmxdIzc V:23  H:322
C9060D $A5 $40         LDA $40 [000040] = $0075        A:0004 X:0004 Y:0002 S:034D D:0000 DB:7F P:nvmxdIzc V:23  H:327
C9060F $6B             RTL                             A:0075 X:0004 Y:0002 S:034D D:0000 DB:7F P:nvmxdIzc V:23  H:334
C05CFF $8D $A4 $AE     STA $AEA4 [7FAEA4] = $0002      A:0075 X:0004 Y:0002 S:0350 D:0000 DB:7F P:nvmxdIzc V:24  H:5  
C05D02 $A0 $00 $00     LDY #$0000                      A:0075 X:0004 Y:0002 S:0350 D:0000 DB:7F P:nvmxdIzc V:24  H:13 
C05D05 $B9 $AC $AE     LDA $AEAC,Y [7FAEAC] = $0000    A:0075 X:0004 Y:0000 S:0350 D:0000 DB:7F P:nvmxdIZc V:24  H:18 
C05D08 $F0 $0B         BEQ $C05D15                     A:0000 X:0004 Y:0000 S:0350 D:0000 DB:7F P:nvmxdIZc V:24  H:28 
C05D15 $C8             INY                             A:0000 X:0004 Y:0000 S:0350 D:0000 DB:7F P:nvmxdIZc V:24  H:32 
C05D16 $C8             INY                             A:0000 X:0004 Y:0001 S:0350 D:0000 DB:7F P:nvmxdIzc V:24  H:35 
C05D17 $C0 $08 $00     CPY #$0008                      A:0000 X:0004 Y:0002 S:0350 D:0000 DB:7F P:nvmxdIzc V:24  H:38 
C05D1A $90 $E9         BCC $C05D05                     A:0000 X:0004 Y:0002 S:0350 D:0000 DB:7F P:NvmxdIzc V:24  H:43 
C05D05 $B9 $AC $AE     LDA $AEAC,Y [7FAEAE] = $0000    A:0000 X:0004 Y:0002 S:0350 D:0000 DB:7F P:NvmxdIzc V:24  H:47 
C05D08 $F0 $0B         BEQ $C05D15                     A:0000 X:0004 Y:0002 S:0350 D:0000 DB:7F P:nvmxdIZc V:24  H:57 
C05D15 $C8             INY                             A:0000 X:0004 Y:0002 S:0350 D:0000 DB:7F P:nvmxdIZc V:24  H:62 
C05D16 $C8             INY                             A:0000 X:0004 Y:0003 S:0350 D:0000 DB:7F P:nvmxdIzc V:24  H:65 
C05D17 $C0 $08 $00     CPY #$0008                      A:0000 X:0004 Y:0004 S:0350 D:0000 DB:7F P:nvmxdIzc V:24  H:68 
C05D1A $90 $E9         BCC $C05D05                     A:0000 X:0004 Y:0004 S:0350 D:0000 DB:7F P:NvmxdIzc V:24  H:72 
C05D05 $B9 $AC $AE     LDA $AEAC,Y [7FAEB0] = $0000    A:0000 X:0004 Y:0004 S:0350 D:0000 DB:7F P:NvmxdIzc V:24  H:77 
C05D08 $F0 $0B         BEQ $C05D15                     A:0000 X:0004 Y:0004 S:0350 D:0000 DB:7F P:nvmxdIZc V:24  H:87 
C05D15 $C8             INY                             A:0000 X:0004 Y:0004 S:0350 D:0000 DB:7F P:nvmxdIZc V:24  H:91 
C05D16 $C8             INY                             A:0000 X:0004 Y:0005 S:0350 D:0000 DB:7F P:nvmxdIzc V:24  H:94 
C05D17 $C0 $08 $00     CPY #$0008                      A:0000 X:0004 Y:0006 S:0350 D:0000 DB:7F P:nvmxdIzc V:24  H:97 
C05D1A $90 $E9         BCC $C05D05                     A:0000 X:0004 Y:0006 S:0350 D:0000 DB:7F P:NvmxdIzc V:24  H:102
C05D05 $B9 $AC $AE     LDA $AEAC,Y [7FAEB2] = $0000    A:0000 X:0004 Y:0006 S:0350 D:0000 DB:7F P:NvmxdIzc V:24  H:106
C05D08 $F0 $0B         BEQ $C05D15                     A:0000 X:0004 Y:0006 S:0350 D:0000 DB:7F P:nvmxdIZc V:24  H:116
C05D15 $C8             INY                             A:0000 X:0004 Y:0006 S:0350 D:0000 DB:7F P:nvmxdIZc V:24  H:121
C05D16 $C8             INY                             A:0000 X:0004 Y:0007 S:0350 D:0000 DB:7F P:nvmxdIzc V:24  H:124
C05D17 $C0 $08 $00     CPY #$0008                      A:0000 X:0004 Y:0008 S:0350 D:0000 DB:7F P:nvmxdIzc V:24  H:127
C05D1A $90 $E9         BCC $C05D05                     A:0000 X:0004 Y:0008 S:0350 D:0000 DB:7F P:nvmxdIZC V:24  H:131
C05D1C $A2 $00 $00     LDX #$0000                      A:0000 X:0004 Y:0008 S:0350 D:0000 DB:7F P:nvmxdIZC V:24  H:144
C05D1F $BD $CC $AE     LDA $AECC,X [7FAECC] = $8000    A:0000 X:0000 Y:0008 S:0350 D:0000 DB:7F P:nvmxdIZC V:24  H:149
C05D22 $10 $0D         BPL $C05D31                     A:8000 X:0000 Y:0008 S:0350 D:0000 DB:7F P:NvmxdIzC V:24  H:159
C05D24 $BD $E0 $AE     LDA $AEE0,X [7FAEE0] = $00FF    A:8000 X:0000 Y:0008 S:0350 D:0000 DB:7F P:NvmxdIzC V:24  H:162
C05D27 $38             SEC                             A:00FF X:0000 Y:0008 S:0350 D:0000 DB:7F P:nvmxdIzC V:24  H:172
C05D28 $FD $D6 $AE     SBC $AED6,X [7FAED6] = $0000    A:00FF X:0000 Y:0008 S:0350 D:0000 DB:7F P:nvmxdIzC V:24  H:175
C05D2B $1A             INC                             A:00FF X:0000 Y:0008 S:0350 D:0000 DB:7F P:nvmxdIzC V:24  H:185
C05D2C $CD $A4 $AE     CMP $AEA4 [7FAEA4] = $0075      A:0100 X:0000 Y:0008 S:0350 D:0000 DB:7F P:nvmxdIzC V:24  H:188
C05D2F $B0 $0A         BCS $C05D3B                     A:0100 X:0000 Y:0008 S:0350 D:0000 DB:7F P:nvmxdIzC V:24  H:196
C05D3B $A0 $00 $00     LDY #$0000                      A:0100 X:0000 Y:0008 S:0350 D:0000 DB:7F P:nvmxdIzC V:24  H:201
C05D3E $B9 $AC $AE     LDA $AEAC,Y [7FAEAC] = $0000    A:0100 X:0000 Y:0000 S:0350 D:0000 DB:7F P:nvmxdIZC V:24  H:205
C05D41 $F0 $0A         BEQ $C05D4D                     A:0000 X:0000 Y:0000 S:0350 D:0000 DB:7F P:nvmxdIZC V:24  H:215
C05D4D $BD $D6 $AE     LDA $AED6,X [7FAED6] = $0000    A:0000 X:0000 Y:0000 S:0350 D:0000 DB:7F P:nvmxdIZC V:24  H:220
C05D50 $99 $B4 $AE     STA $AEB4,Y [7FAEB4] = $0000    A:0000 X:0000 Y:0000 S:0350 D:0000 DB:7F P:nvmxdIZC V:24  H:230
C05D53 $18             CLC                             A:0000 X:0000 Y:0000 S:0350 D:0000 DB:7F P:nvmxdIZC V:24  H:240
C05D54 $6D $A4 $AE     ADC $AEA4 [7FAEA4] = $0075      A:0000 X:0000 Y:0000 S:0350 D:0000 DB:7F P:nvmxdIZc V:24  H:243
C05D57 $3A             DEC                             A:0075 X:0000 Y:0000 S:0350 D:0000 DB:7F P:nvmxdIzc V:24  H:251
C05D58 $99 $BC $AE     STA $AEBC,Y [7FAEBC] = $0074    A:0074 X:0000 Y:0000 S:0350 D:0000 DB:7F P:nvmxdIzc V:24  H:254
C05D5B $1A             INC                             A:0074 X:0000 Y:0000 S:0350 D:0000 DB:7F P:nvmxdIzc V:24  H:264
C05D5C $9D $D6 $AE     STA $AED6,X [7FAED6] = $0000    A:0075 X:0000 Y:0000 S:0350 D:0000 DB:7F P:nvmxdIzc V:24  H:267
C05D5F $DD $E0 $AE     CMP $AEE0,X [7FAEE0] = $00FF    A:0075 X:0000 Y:0000 S:0350 D:0000 DB:7F P:nvmxdIzc V:24  H:321
C05D62 $90 $03         BCC $C05D67                     A:0075 X:0000 Y:0000 S:0350 D:0000 DB:7F P:NvmxdIzc V:24  H:330
C05D67 $A9 $00 $00     LDA #$0000                      A:0075 X:0000 Y:0000 S:0350 D:0000 DB:7F P:NvmxdIzc V:24  H:334
C05D6A $99 $AC $AE     STA $AEAC,Y [7FAEAC] = $0000    A:0000 X:0000 Y:0000 S:0350 D:0000 DB:7F P:nvmxdIZc V:24  H:339
C05D6D $B9 $B4 $AE     LDA $AEB4,Y [7FAEB4] = $0000    A:0000 X:0000 Y:0000 S:0350 D:0000 DB:7F P:nvmxdIZc V:25  H:9  
C05D70 $8D $A6 $AE     STA $AEA6 [7FAEA6] = $0100      A:0000 X:0000 Y:0000 S:0350 D:0000 DB:7F P:nvmxdIZc V:25  H:19 
C05D73 $20 $9A $61     JSR $619A [C0619A] = $5ADA      A:0000 X:0000 Y:0000 S:0350 D:0000 DB:7F P:nvmxdIZc V:25  H:27 
C0619A $DA             PHX                             A:0000 X:0000 Y:0000 S:034E D:0000 DB:7F P:nvmxdIZc V:25  H:37 
C0619B $5A             PHY                             A:0000 X:0000 Y:0000 S:034C D:0000 DB:7F P:nvmxdIZc V:25  H:44 
C0619C $AD $A4 $AE     LDA $AEA4 [7FAEA4] = $0075      A:0000 X:0000 Y:0000 S:034A D:0000 DB:7F P:nvmxdIZc V:25  H:51 
C0619F $F0 $42         BEQ $C061E3                     A:0075 X:0000 Y:0000 S:034A D:0000 DB:7F P:nvmxdIzc V:25  H:60 
C061A1 $64 $16         STZ $16 [000016] = $0000        A:0075 X:0000 Y:0000 S:034A D:0000 DB:7F P:nvmxdIzc V:25  H:63 
C061A3 $AE $AA $AE     LDX $AEAA [7FAEAA] = $0004      A:0075 X:0000 Y:0000 S:034A D:0000 DB:7F P:nvmxdIzc V:25  H:70 
C061A6 $22 $72 $05 $C9 JSL $C90572                     A:0075 X:0004 Y:0000 S:034A D:0000 DB:7F P:nvmxdIzc V:25  H:78 
C90572 $08             PHP                             A:0075 X:0004 Y:0000 S:0347 D:0000 DB:7F P:nvmxdIzc V:25  H:92 
C90573 $8B             PHB                             A:0075 X:0004 Y:0000 S:0346 D:0000 DB:7F P:nvmxdIzc V:25  H:97 
C90574 $78             SEI                             A:0075 X:0004 Y:0000 S:0345 D:0000 DB:7F P:nvmxdIzc V:25  H:102
C90575 $C2 $30         REP #$30                        A:0075 X:0004 Y:0000 S:0345 D:0000 DB:7F P:nvmxdIzc V:25  H:105
C90577 $48             PHA                             A:0075 X:0004 Y:0000 S:0345 D:0000 DB:7F P:nvmxdIzc V:25  H:109
C90578 $DA             PHX                             A:0075 X:0004 Y:0000 S:0343 D:0000 DB:7F P:nvmxdIzc V:25  H:116
C90579 $5A             PHY                             A:0075 X:0004 Y:0000 S:0341 D:0000 DB:7F P:nvmxdIzc V:25  H:123
C9057A $86 $40         STX $40 [000040] = $0075        A:0075 X:0004 Y:0000 S:033F D:0000 DB:7F P:nvmxdIzc V:25  H:130
C9057C $E2 $30         SEP #$30                        A:0075 X:0004 Y:0000 S:033F D:0000 DB:7F P:nvmxdIzc V:25  H:147
C9057E $A3 $0B         LDA $0B,S [00034A] = $C0        A:0075 X:0004 Y:0000 S:033F D:0000 DB:7F P:nvMXdIzc V:25  H:152
C90580 $48             PHA                             A:00C0 X:0004 Y:0000 S:033F D:0000 DB:7F P:NvMXdIzc V:25  H:158
C90581 $AB             PLB                             A:00C0 X:0004 Y:0000 S:033E D:0000 DB:7F P:NvMXdIzc V:25  H:163
C90582 $A0 $01         LDY #$01                        A:00C0 X:0004 Y:0000 S:033F D:0000 DB:C0 P:NvMXdIzc V:25  H:170
C90584 $B3 $09         LDA ($09,S),Y [C061AA] = $00    A:00C0 X:0004 Y:0001 S:033F D:0000 DB:C0 P:nvMXdIzc V:25  H:173
C90586 $F0 $03         BEQ $C9058B                     A:0000 X:0004 Y:0001 S:033F D:0000 DB:C0 P:nvMXdIZc V:25  H:184
C9058B $C2 $20         REP #$20                        A:0000 X:0004 Y:0001 S:033F D:0000 DB:C0 P:nvMXdIZc V:25  H:189
C9058D $A0 $02         LDY #$02                        A:0000 X:0004 Y:0001 S:033F D:0000 DB:C0 P:nvmXdIZc V:25  H:193
C9058F $B3 $09         LDA ($09,S),Y [C061AB] = $0007  A:0000 X:0004 Y:0002 S:033F D:0000 DB:C0 P:nvmXdIzc V:25  H:196
C90591 $A2 $40         LDX #$40                        A:0007 X:0004 Y:0002 S:033F D:0000 DB:C0 P:nvmXdIzc V:25  H:209
C90593 $22 $46 $11 $C0 JSL $C01146                     A:0007 X:0040 Y:0002 S:033F D:0000 DB:C0 P:nvmXdIzc V:25  H:212
C01146 $08             PHP                             A:0007 X:0040 Y:0002 S:033C D:0000 DB:C0 P:nvmXdIzc V:25  H:226
C01147 $E2 $20         SEP #$20                        A:0007 X:0040 Y:0002 S:033B D:0000 DB:C0 P:nvmXdIzc V:25  H:231
C01149 $48             PHA                             A:0007 X:0040 Y:0002 S:033B D:0000 DB:C0 P:nvMXdIzc V:25  H:235
C0114A $EB             XBA                             A:0007 X:0040 Y:0002 S:033A D:0000 DB:C0 P:nvMXdIzc V:25  H:240
C0114B $48             PHA                             A:0700 X:0040 Y:0002 S:033A D:0000 DB:C0 P:nvMXdIZc V:25  H:245
C0114C $B5 $01         LDA $01,X [000041] = $00        A:0700 X:0040 Y:0002 S:0339 D:0000 DB:C0 P:nvMXdIZc V:25  H:250
C0114E $48             PHA                             A:0700 X:0040 Y:0002 S:0339 D:0000 DB:C0 P:nvMXdIZc V:25  H:256
C0114F $A3 $03         LDA $03,S [00033B] = $07        A:0700 X:0040 Y:0002 S:0338 D:0000 DB:C0 P:nvMXdIZc V:25  H:261
C01151 $EB             XBA                             A:0707 X:0040 Y:0002 S:0338 D:0000 DB:C0 P:nvMXdIzc V:25  H:268
C01152 $B5 $00         LDA $00,X [000040] = $04        A:0707 X:0040 Y:0002 S:0338 D:0000 DB:C0 P:nvMXdIzc V:25  H:272
C01154 $48             PHA                             A:0704 X:0040 Y:0002 S:0338 D:0000 DB:C0 P:nvMXdIzc V:25  H:295
C01155 $8F $02 $42 $00 STA $004202                     A:0704 X:0040 Y:0002 S:0337 D:0000 DB:C0 P:nvMXdIzc V:25  H:300
C01159 $EB             XBA                             A:0704 X:0040 Y:0002 S:0337 D:0000 DB:C0 P:nvMXdIzc V:25  H:307
C0115A $8F $03 $42 $00 STA $004203                     A:0407 X:0040 Y:0002 S:0337 D:0000 DB:C0 P:nvMXdIzc V:25  H:312
C0115E $EA             NOP                             A:0407 X:0040 Y:0002 S:0337 D:0000 DB:C0 P:nvMXdIzc V:25  H:319
C0115F $EA             NOP                             A:0407 X:0040 Y:0002 S:0337 D:0000 DB:C0 P:nvMXdIzc V:25  H:322
C01160 $EA             NOP                             A:0407 X:0040 Y:0002 S:0337 D:0000 DB:C0 P:nvMXdIzc V:25  H:325
C01161 $EA             NOP                             A:0407 X:0040 Y:0002 S:0337 D:0000 DB:C0 P:nvMXdIzc V:25  H:327
C01162 $AF $16 $42 $00 LDA $004216                     A:0407 X:0040 Y:0002 S:0337 D:0000 DB:C0 P:nvMXdIzc V:25  H:330
C01166 $95 $00         STA $00,X [000040] = $04        A:041C X:0040 Y:0002 S:0337 D:0000 DB:C0 P:nvMXdIzc V:25  H:338
C01168 $AF $17 $42 $00 LDA $004217                     A:041C X:0040 Y:0002 S:0337 D:0000 DB:C0 P:nvMXdIzc V:26  H:4  
C0116C $95 $01         STA $01,X [000041] = $00        A:0400 X:0040 Y:0002 S:0337 D:0000 DB:C0 P:nvMXdIZc V:26  H:12 
C0116E $68             PLA                             A:0400 X:0040 Y:0002 S:0337 D:0000 DB:C0 P:nvMXdIZc V:26  H:18 
C0116F $EB             XBA                             A:0404 X:0040 Y:0002 S:0338 D:0000 DB:C0 P:nvMXdIzc V:26  H:25 
C01170 $A3 $02         LDA $02,S [00033A] = $00        A:0404 X:0040 Y:0002 S:0338 D:0000 DB:C0 P:nvMXdIzc V:26  H:29 
C01172 $8F $02 $42 $00 STA $004202                     A:0400 X:0040 Y:0002 S:0338 D:0000 DB:C0 P:nvMXdIZc V:26  H:36 
C01176 $EB             XBA                             A:0400 X:0040 Y:0002 S:0338 D:0000 DB:C0 P:nvMXdIZc V:26  H:43 
C01177 $8F $03 $42 $00 STA $004203                     A:0004 X:0040 Y:0002 S:0338 D:0000 DB:C0 P:nvMXdIzc V:26  H:48 
C0117B $EA             NOP                             A:0004 X:0040 Y:0002 S:0338 D:0000 DB:C0 P:nvMXdIzc V:26  H:55 
C0117C $EA             NOP                             A:0004 X:0040 Y:0002 S:0338 D:0000 DB:C0 P:nvMXdIzc V:26  H:58 
C0117D $EA             NOP                             A:0004 X:0040 Y:0002 S:0338 D:0000 DB:C0 P:nvMXdIzc V:26  H:61 
C0117E $EA             NOP                             A:0004 X:0040 Y:0002 S:0338 D:0000 DB:C0 P:nvMXdIzc V:26  H:64 
C0117F $AF $16 $42 $00 LDA $004216                     A:0004 X:0040 Y:0002 S:0338 D:0000 DB:C0 P:nvMXdIzc V:26  H:67 
C01183 $18             CLC                             A:0000 X:0040 Y:0002 S:0338 D:0000 DB:C0 P:nvMXdIZc V:26  H:75 
C01184 $75 $01         ADC $01,X [000041] = $00        A:0000 X:0040 Y:0002 S:0338 D:0000 DB:C0 P:nvMXdIZc V:26  H:78 
C01186 $95 $01         STA $01,X [000041] = $00        A:0000 X:0040 Y:0002 S:0338 D:0000 DB:C0 P:nvMXdIZc V:26  H:84 
C01188 $AF $17 $42 $00 LDA $004217                     A:0000 X:0040 Y:0002 S:0338 D:0000 DB:C0 P:nvMXdIZc V:26  H:91 
C0118C $69 $00         ADC #$00                        A:0000 X:0040 Y:0002 S:0338 D:0000 DB:C0 P:nvMXdIZc V:26  H:98 
C0118E $95 $02         STA $02,X [000042] = $00        A:0000 X:0040 Y:0002 S:0338 D:0000 DB:C0 P:nvMXdIZc V:26  H:101
C01190 $A3 $01         LDA $01,S [000339] = $00        A:0000 X:0040 Y:0002 S:0338 D:0000 DB:C0 P:nvMXdIZc V:26  H:108
C01192 $EB             XBA                             A:0000 X:0040 Y:0002 S:0338 D:0000 DB:C0 P:nvMXdIZc V:26  H:114
C01193 $A3 $03         LDA $03,S [00033B] = $07        A:0000 X:0040 Y:0002 S:0338 D:0000 DB:C0 P:nvMXdIZc V:26  H:119
C01195 $8F $02 $42 $00 STA $004202                     A:0007 X:0040 Y:0002 S:0338 D:0000 DB:C0 P:nvMXdIzc V:26  H:125
C01199 $EB             XBA                             A:0007 X:0040 Y:0002 S:0338 D:0000 DB:C0 P:nvMXdIzc V:26  H:133
C0119A $8F $03 $42 $00 STA $004203                     A:0700 X:0040 Y:0002 S:0338 D:0000 DB:C0 P:nvMXdIZc V:26  H:147
C0119E $EA             NOP                             A:0700 X:0040 Y:0002 S:0338 D:0000 DB:C0 P:nvMXdIZc V:26  H:155
C0119F $EA             NOP                             A:0700 X:0040 Y:0002 S:0338 D:0000 DB:C0 P:nvMXdIZc V:26  H:158
C011A0 $EA             NOP                             A:0700 X:0040 Y:0002 S:0338 D:0000 DB:C0 P:nvMXdIZc V:26  H:161
C011A1 $EA             NOP                             A:0700 X:0040 Y:0002 S:0338 D:0000 DB:C0 P:nvMXdIZc V:26  H:164
C011A2 $AF $16 $42 $00 LDA $004216                     A:0700 X:0040 Y:0002 S:0338 D:0000 DB:C0 P:nvMXdIZc V:26  H:167
C011A6 $18             CLC                             A:0700 X:0040 Y:0002 S:0338 D:0000 DB:C0 P:nvMXdIZc V:26  H:174
C011A7 $75 $01         ADC $01,X [000041] = $00        A:0700 X:0040 Y:0002 S:0338 D:0000 DB:C0 P:nvMXdIZc V:26  H:177
C011A9 $95 $01         STA $01,X [000041] = $00        A:0700 X:0040 Y:0002 S:0338 D:0000 DB:C0 P:nvMXdIZc V:26  H:184
C011AB $AF $17 $42 $00 LDA $004217                     A:0700 X:0040 Y:0002 S:0338 D:0000 DB:C0 P:nvMXdIZc V:26  H:190
C011AF $75 $02         ADC $02,X [000042] = $00        A:0700 X:0040 Y:0002 S:0338 D:0000 DB:C0 P:nvMXdIZc V:26  H:198
C011B1 $95 $02         STA $02,X [000042] = $00        A:0700 X:0040 Y:0002 S:0338 D:0000 DB:C0 P:nvMXdIZc V:26  H:204
C011B3 $A9 $00         LDA #$00                        A:0700 X:0040 Y:0002 S:0338 D:0000 DB:C0 P:nvMXdIZc V:26  H:211
C011B5 $2A             ROL                             A:0700 X:0040 Y:0002 S:0338 D:0000 DB:C0 P:nvMXdIZc V:26  H:214
C011B6 $95 $03         STA $03,X [000043] = $00        A:0700 X:0040 Y:0002 S:0338 D:0000 DB:C0 P:nvMXdIZc V:26  H:217
C011B8 $A3 $01         LDA $01,S [000339] = $00        A:0700 X:0040 Y:0002 S:0338 D:0000 DB:C0 P:nvMXdIZc V:26  H:223
C011BA $EB             XBA                             A:0700 X:0040 Y:0002 S:0338 D:0000 DB:C0 P:nvMXdIZc V:26  H:230
C011BB $A3 $02         LDA $02,S [00033A] = $00        A:0007 X:0040 Y:0002 S:0338 D:0000 DB:C0 P:nvMXdIzc V:26  H:234
C011BD $8F $02 $42 $00 STA $004202                     A:0000 X:0040 Y:0002 S:0338 D:0000 DB:C0 P:nvMXdIZc V:26  H:241
C011C1 $EB             XBA                             A:0000 X:0040 Y:0002 S:0338 D:0000 DB:C0 P:nvMXdIZc V:26  H:248
C011C2 $8F $03 $42 $00 STA $004203                     A:0000 X:0040 Y:0002 S:0338 D:0000 DB:C0 P:nvMXdIZc V:26  H:253
C011C6 $EA             NOP                             A:0000 X:0040 Y:0002 S:0338 D:0000 DB:C0 P:nvMXdIZc V:26  H:260
C011C7 $EA             NOP                             A:0000 X:0040 Y:0002 S:0338 D:0000 DB:C0 P:nvMXdIZc V:26  H:263
C011C8 $EA             NOP                             A:0000 X:0040 Y:0002 S:0338 D:0000 DB:C0 P:nvMXdIZc V:26  H:266
C011C9 $EA             NOP                             A:0000 X:0040 Y:0002 S:0338 D:0000 DB:C0 P:nvMXdIZc V:26  H:269
C011CA $AF $16 $42 $00 LDA $004216                     A:0000 X:0040 Y:0002 S:0338 D:0000 DB:C0 P:nvMXdIZc V:26  H:272
C011CE $18             CLC                             A:0000 X:0040 Y:0002 S:0338 D:0000 DB:C0 P:nvMXdIZc V:26  H:295
C011CF $75 $02         ADC $02,X [000042] = $00        A:0000 X:0040 Y:0002 S:0338 D:0000 DB:C0 P:nvMXdIZc V:26  H:298
C011D1 $95 $02         STA $02,X [000042] = $00        A:0000 X:0040 Y:0002 S:0338 D:0000 DB:C0 P:nvMXdIZc V:26  H:304
C011D3 $AF $17 $42 $00 LDA $004217                     A:0000 X:0040 Y:0002 S:0338 D:0000 DB:C0 P:nvMXdIZc V:26  H:311
C011D7 $75 $03         ADC $03,X [000043] = $00        A:0000 X:0040 Y:0002 S:0338 D:0000 DB:C0 P:nvMXdIZc V:26  H:318
C011D9 $95 $03         STA $03,X [000043] = $00        A:0000 X:0040 Y:0002 S:0338 D:0000 DB:C0 P:nvMXdIZc V:26  H:324
C011DB $68             PLA                             A:0000 X:0040 Y:0002 S:0338 D:0000 DB:C0 P:nvMXdIZc V:26  H:330
C011DC $68             PLA                             A:0000 X:0040 Y:0002 S:0339 D:0000 DB:C0 P:nvMXdIZc V:26  H:337
C011DD $EB             XBA                             A:0000 X:0040 Y:0002 S:033A D:0000 DB:C0 P:nvMXdIZc V:27  H:3  
C011DE $68             PLA                             A:0000 X:0040 Y:0002 S:033A D:0000 DB:C0 P:nvMXdIZc V:27  H:8  
C011DF $28             PLP                             A:0007 X:0040 Y:0002 S:033B D:0000 DB:C0 P:nvMXdIzc V:27  H:14 
C011E0 $6B             RTL                             A:0007 X:0040 Y:0002 S:033C D:0000 DB:C0 P:nvmXdIzc V:27  H:21 
C90597 $A0 $04         LDY #$04                        A:0007 X:0040 Y:0002 S:033F D:0000 DB:C0 P:nvmXdIzc V:27  H:31 
C90599 $B3 $09         LDA ($09,S),Y [C061AD] = $0000  A:0007 X:0040 Y:0004 S:033F D:0000 DB:C0 P:nvmXdIzc V:27  H:34 
C9059B $A0 $07         LDY #$07                        A:0000 X:0040 Y:0004 S:033F D:0000 DB:C0 P:nvmXdIZc V:27  H:47 
C9059D $18             CLC                             A:0000 X:0040 Y:0007 S:033F D:0000 DB:C0 P:nvmXdIzc V:27  H:50 
C9059E $73 $09         ADC ($09,S),Y [C061B0] = $0000  A:0000 X:0040 Y:0007 S:033F D:0000 DB:C0 P:nvmXdIzc V:27  H:53 
C905A0 $90 $03         BCC $C905A5                     A:0000 X:0040 Y:0007 S:033F D:0000 DB:C0 P:nvmXdIZc V:27  H:66 
C905A5 $65 $40         ADC $40 [000040] = $001C        A:0000 X:0040 Y:0007 S:033F D:0000 DB:C0 P:nvmXdIZc V:27  H:71 
C905A7 $85 $40         STA $40 [000040] = $001C        A:001C X:0040 Y:0007 S:033F D:0000 DB:C0 P:nvmXdIzc V:27  H:78 
C905A9 $90 $02         BCC $C905AD                     A:001C X:0040 Y:0007 S:033F D:0000 DB:C0 P:nvmXdIzc V:27  H:85 
C905AD $E2 $20         SEP #$20                        A:001C X:0040 Y:0007 S:033F D:0000 DB:C0 P:nvmXdIzc V:27  H:89 
C905AF $A0 $06         LDY #$06                        A:001C X:0040 Y:0007 S:033F D:0000 DB:C0 P:nvMXdIzc V:27  H:94 
C905B1 $B3 $09         LDA ($09,S),Y [C061AF] = $C5    A:001C X:0040 Y:0006 S:033F D:0000 DB:C0 P:nvMXdIzc V:27  H:97 
C905B3 $18             CLC                             A:00C5 X:0040 Y:0006 S:033F D:0000 DB:C0 P:NvMXdIzc V:27  H:108
C905B4 $65 $42         ADC $42 [000042] = $00          A:00C5 X:0040 Y:0006 S:033F D:0000 DB:C0 P:NvMXdIzc V:27  H:111
C905B6 $85 $42         STA $42 [000042] = $00          A:00C5 X:0040 Y:0006 S:033F D:0000 DB:C0 P:NvMXdIzc V:27  H:116
C905B8 $C2 $30         REP #$30                        A:00C5 X:0040 Y:0006 S:033F D:0000 DB:C0 P:NvMXdIzc V:27  H:121
C905BA $A7 $40         LDA [$40] [C5001C] = $0065      A:00C5 X:0040 Y:0006 S:033F D:0000 DB:C0 P:NvmxdIzc V:27  H:126
C905BC $AA             TAX                             A:0065 X:0040 Y:0006 S:033F D:0000 DB:C0 P:nvmxdIzc V:27  H:148
C905BD $A0 $01 $00     LDY #$0001                      A:0065 X:0065 Y:0006 S:033F D:0000 DB:C0 P:nvmxdIzc V:27  H:151
C905C0 $B7 $40         LDA [$40],Y [C5001D] = $7500    A:0065 X:0065 Y:0001 S:033F D:0000 DB:C0 P:nvmxdIzc V:27  H:155
C905C2 $85 $41         STA $41 [000041] = $C500        A:7500 X:0065 Y:0001 S:033F D:0000 DB:C0 P:nvmxdIzc V:27  H:167
C905C4 $8A             TXA                             A:7500 X:0065 Y:0001 S:033F D:0000 DB:C0 P:nvmxdIzc V:27  H:174
C905C5 $85 $40         STA $40 [000040] = $001C        A:0065 X:0065 Y:0001 S:033F D:0000 DB:C0 P:nvmxdIzc V:27  H:177
C905C7 $A0 $0A $00     LDY #$000A                      A:0065 X:0065 Y:0001 S:033F D:0000 DB:C0 P:nvmxdIzc V:27  H:184
C905CA $B3 $09         LDA ($09,S),Y [C061B3] = $00FF  A:0065 X:0065 Y:000A S:033F D:0000 DB:C0 P:nvmxdIzc V:27  H:189
C905CC $29 $00 $FF     AND #$FF00                      A:00FF X:0065 Y:000A S:033F D:0000 DB:C0 P:nvmxdIzc V:27  H:202
C905CF $D0 $14         BNE $C905E5                     A:0000 X:0065 Y:000A S:033F D:0000 DB:C0 P:nvmxdIZc V:27  H:206
C905D1 $A5 $40         LDA $40 [000040] = $0065        A:0000 X:0065 Y:000A S:033F D:0000 DB:C0 P:nvmxdIZc V:27  H:209
C905D3 $A0 $09 $00     LDY #$0009                      A:0065 X:0065 Y:000A S:033F D:0000 DB:C0 P:nvmxdIzc V:27  H:216
C905D6 $33 $09         AND ($09,S),Y [C061B2] = $FFFF  A:0065 X:0065 Y:0009 S:033F D:0000 DB:C0 P:nvmxdIzc V:27  H:221
C905D8 $85 $40         STA $40 [000040] = $0065        A:0065 X:0065 Y:0009 S:033F D:0000 DB:C0 P:nvmxdIzc V:27  H:234
C905DA $B3 $09         LDA ($09,S),Y [C061B2] = $FFFF  A:0065 X:0065 Y:0009 S:033F D:0000 DB:C0 P:nvmxdIzc V:27  H:241
C905DC $F0 $22         BEQ $C90600                     A:FFFF X:0065 Y:0009 S:033F D:0000 DB:C0 P:NvmxdIzc V:27  H:254
C905DE $4A             LSR                             A:FFFF X:0065 Y:0009 S:033F D:0000 DB:C0 P:NvmxdIzc V:27  H:257
C905DF $B0 $1F         BCS $C90600                     A:7FFF X:0065 Y:0009 S:033F D:0000 DB:C0 P:nvmxdIzC V:27  H:260
C90600 $A3 $09         LDA $09,S [000348] = $61A9      A:7FFF X:0065 Y:0009 S:033F D:0000 DB:C0 P:nvmxdIzC V:27  H:264
C90602 $18             CLC                             A:61A9 X:0065 Y:0009 S:033F D:0000 DB:C0 P:nvmxdIzC V:27  H:273
C90603 $69 $0B $00     ADC #$000B                      A:61A9 X:0065 Y:0009 S:033F D:0000 DB:C0 P:nvmxdIzc V:27  H:276
C90606 $83 $09         STA $09,S [000348] = $61A9      A:61B4 X:0065 Y:0009 S:033F D:0000 DB:C0 P:nvmxdIzc V:27  H:297
C90608 $7A             PLY                             A:61B4 X:0065 Y:0009 S:033F D:0000 DB:C0 P:nvmxdIzc V:27  H:305
C90609 $FA             PLX                             A:61B4 X:0065 Y:0000 S:0341 D:0000 DB:C0 P:nvmxdIZc V:27  H:314
C9060A $68             PLA                             A:61B4 X:0004 Y:0000 S:0343 D:0000 DB:C0 P:nvmxdIzc V:27  H:322
C9060B $AB             PLB                             A:0075 X:0004 Y:0000 S:0345 D:0000 DB:C0 P:nvmxdIzc V:27  H:330
C9060C $28             PLP                             A:0075 X:0004 Y:0000 S:0346 D:0000 DB:7F P:nvmxdIzc V:27  H:336
C9060D $A5 $40         LDA $40 [000040] = $0065        A:0075 X:0004 Y:0000 S:0347 D:0000 DB:7F P:nvmxdIzc V:28  H:3  
C9060F $6B             RTL                             A:0065 X:0004 Y:0000 S:0347 D:0000 DB:7F P:nvmxdIzc V:28  H:10 
C061B5 $0A             ASL                             A:0065 X:0004 Y:0000 S:034A D:0000 DB:7F P:nvmxdIzc V:28  H:20 
C061B6 $26 $16         ROL $16 [000016] = $0000        A:00CA X:0004 Y:0000 S:034A D:0000 DB:7F P:nvmxdIzc V:28  H:23 
C061B8 $18             CLC                             A:00CA X:0004 Y:0000 S:034A D:0000 DB:7F P:nvmxdIZc V:28  H:36 
C061B9 $69 $90 $F8     ADC #$F890                      A:00CA X:0004 Y:0000 S:034A D:0000 DB:7F P:nvmxdIZc V:28  H:39 
C061BC $85 $14         STA $14 [000014] = $0000        A:F95A X:0004 Y:0000 S:034A D:0000 DB:7F P:NvmxdIzc V:28  H:43 
C061BE $A5 $16         LDA $16 [000016] = $0000        A:F95A X:0004 Y:0000 S:034A D:0000 DB:7F P:NvmxdIzc V:28  H:50 
C061C0 $69 $E3 $00     ADC #$00E3                      A:0000 X:0004 Y:0000 S:034A D:0000 DB:7F P:nvmxdIZc V:28  H:57 
C061C3 $85 $16         STA $16 [000016] = $0000        A:00E3 X:0004 Y:0000 S:034A D:0000 DB:7F P:nvmxdIzc V:28  H:62 
C061C5 $AD $A4 $AE     LDA $AEA4 [7FAEA4] = $0075      A:00E3 X:0004 Y:0000 S:034A D:0000 DB:7F P:nvmxdIzc V:28  H:69 
C061C8 $85 $2E         STA $2E [00002E] = $0004        A:0075 X:0004 Y:0000 S:034A D:0000 DB:7F P:nvmxdIzc V:28  H:77 
C061CA $B9 $B4 $AE     LDA $AEB4,Y [7FAEB4] = $0000    A:0075 X:0004 Y:0000 S:034A D:0000 DB:7F P:nvmxdIzc V:28  H:84 
C061CD $0A             ASL                             A:0000 X:0004 Y:0000 S:034A D:0000 DB:7F P:nvmxdIZc V:28  H:94 
C061CE $AA             TAX                             A:0000 X:0004 Y:0000 S:034A D:0000 DB:7F P:nvmxdIZc V:28  H:97 
C061CF $A0 $00 $00     LDY #$0000                      A:0000 X:0000 Y:0000 S:034A D:0000 DB:7F P:nvmxdIZc V:28  H:100
C061D2 $B7 $14         LDA [$14],Y [E3F95A] = $0000    A:0000 X:0000 Y:0000 S:034A D:0000 DB:7F P:nvmxdIZc V:28  H:105
C061D4 $9D $EA $AE     STA $AEEA,X [7FAEEA] = $0000    A:0000 X:0000 Y:0000 S:034A D:0000 DB:7F P:nvmxdIZc V:28  H:117
C061D7 $C8             INY                             A:0000 X:0000 Y:0000 S:034A D:0000 DB:7F P:nvmxdIZc V:28  H:127
C061D8 $C8             INY                             A:0000 X:0000 Y:0001 S:034A D:0000 DB:7F P:nvmxdIzc V:28  H:130
C061D9 $E8             INX                             A:0000 X:0000 Y:0002 S:034A D:0000 DB:7F P:nvmxdIzc V:28  H:133
C061DA $E8             INX                             A:0000 X:0001 Y:0002 S:034A D:0000 DB:7F P:nvmxdIzc V:28  H:146
C061DB $C6 $2E         DEC $2E [00002E] = $0075        A:0000 X:0002 Y:0002 S:034A D:0000 DB:7F P:nvmxdIzc V:28  H:149
C061DD $D0 $F3         BNE $C061D2                     A:0000 X:0002 Y:0002 S:034A D:0000 DB:7F P:nvmxdIzc V:28  H:161
C061D2 $B7 $14         LDA [$14],Y [E3F95C] = $0062    A:0000 X:0002 Y:0002 S:034A D:0000 DB:7F P:nvmxdIzc V:28  H:166
C061D4 $9D $EA $AE     STA $AEEA,X [7FAEEC] = $0062    A:0062 X:0002 Y:0002 S:034A D:0000 DB:7F P:nvmxdIzc V:28  H:178
C061D7 $C8             INY                             A:0062 X:0002 Y:0002 S:034A D:0000 DB:7F P:nvmxdIzc V:28  H:188
C061D8 $C8             INY                             A:0062 X:0002 Y:0003 S:034A D:0000 DB:7F P:nvmxdIzc V:28  H:191
C061D9 $E8             INX                             A:0062 X:0002 Y:0004 S:034A D:0000 DB:7F P:nvmxdIzc V:28  H:194
C061DA $E8             INX                             A:0062 X:0003 Y:0004 S:034A D:0000 DB:7F P:nvmxdIzc V:28  H:197
C061DB $C6 $2E         DEC $2E [00002E] = $0074        A:0062 X:0004 Y:0004 S:034A D:0000 DB:7F P:nvmxdIzc V:28  H:200
C061DD $D0 $F3         BNE $C061D2                     A:0062 X:0004 Y:0004 S:034A D:0000 DB:7F P:nvmxdIzc V:28  H:212
C061D2 $B7 $14         LDA [$14],Y [E3F95E] = $0063    A:0062 X:0004 Y:0004 S:034A D:0000 DB:7F P:nvmxdIzc V:28  H:217
C061D4 $9D $EA $AE     STA $AEEA,X [7FAEEE] = $0063    A:0063 X:0004 Y:0004 S:034A D:0000 DB:7F P:nvmxdIzc V:28  H:229
C061D7 $C8             INY                             A:0063 X:0004 Y:0004 S:034A D:0000 DB:7F P:nvmxdIzc V:28  H:239
C061D8 $C8             INY                             A:0063 X:0004 Y:0005 S:034A D:0000 DB:7F P:nvmxdIzc V:28  H:242
C061D9 $E8             INX                             A:0063 X:0004 Y:0006 S:034A D:0000 DB:7F P:nvmxdIzc V:28  H:245
C061DA $E8             INX                             A:0063 X:0005 Y:0006 S:034A D:0000 DB:7F P:nvmxdIzc V:28  H:248
C061DB $C6 $2E         DEC $2E [00002E] = $0073        A:0063 X:0006 Y:0006 S:034A D:0000 DB:7F P:nvmxdIzc V:28  H:251
C061DD $D0 $F3         BNE $C061D2                     A:0063 X:0006 Y:0006 S:034A D:0000 DB:7F P:nvmxdIzc V:28  H:263
C061D2 $B7 $14         LDA [$14],Y [E3F960] = $0064    A:0063 X:0006 Y:0006 S:034A D:0000 DB:7F P:nvmxdIzc V:28  H:268
C061D4 $9D $EA $AE     STA $AEEA,X [7FAEF0] = $0064    A:0064 X:0006 Y:0006 S:034A D:0000 DB:7F P:nvmxdIzc V:28  H:295
C061D7 $C8             INY                             A:0064 X:0006 Y:0006 S:034A D:0000 DB:7F P:nvmxdIzc V:28  H:305
C061D8 $C8             INY                             A:0064 X:0006 Y:0007 S:034A D:0000 DB:7F P:nvmxdIzc V:28  H:308
C061D9 $E8             INX                             A:0064 X:0006 Y:0008 S:034A D:0000 DB:7F P:nvmxdIzc V:28  H:311
C061DA $E8             INX                             A:0064 X:0007 Y:0008 S:034A D:0000 DB:7F P:nvmxdIzc V:28  H:314
C061DB $C6 $2E         DEC $2E [00002E] = $0072        A:0064 X:0008 Y:0008 S:034A D:0000 DB:7F P:nvmxdIzc V:28  H:317
C061DD $D0 $F3         BNE $C061D2                     A:0064 X:0008 Y:0008 S:034A D:0000 DB:7F P:nvmxdIzc V:28  H:328
C061D2 $B7 $14         LDA [$14],Y [E3F962] = $0065    A:0064 X:0008 Y:0008 S:034A D:0000 DB:7F P:nvmxdIzc V:28  H:333
C061D4 $9D $EA $AE     STA $AEEA,X [7FAEF2] = $0065    A:0065 X:0008 Y:0008 S:034A D:0000 DB:7F P:nvmxdIzc V:29  H:5  
C061D7 $C8             INY                             A:0065 X:0008 Y:0008 S:034A D:0000 DB:7F P:nvmxdIzc V:29  H:15 
C061D8 $C8             INY                             A:0065 X:0008 Y:0009 S:034A D:0000 DB:7F P:nvmxdIzc V:29  H:18 
C061D9 $E8             INX                             A:0065 X:0008 Y:000A S:034A D:0000 DB:7F P:nvmxdIzc V:29  H:21 
C061DA $E8             INX                             A:0065 X:0009 Y:000A S:034A D:0000 DB:7F P:nvmxdIzc V:29  H:24 
C061DB $C6 $2E         DEC $2E [00002E] = $0071        A:0065 X:000A Y:000A S:034A D:0000 DB:7F P:nvmxdIzc V:29  H:27 
C061DD $D0 $F3         BNE $C061D2                     A:0065 X:000A Y:000A S:034A D:0000 DB:7F P:nvmxdIzc V:29  H:39 
C061D2 $B7 $14         LDA [$14],Y [E3F964] = $0066    A:0065 X:000A Y:000A S:034A D:0000 DB:7F P:nvmxdIzc V:29  H:44 
C061D4 $9D $EA $AE     STA $AEEA,X [7FAEF4] = $0066    A:0066 X:000A Y:000A S:034A D:0000 DB:7F P:nvmxdIzc V:29  H:56 
C061D7 $C8             INY                             A:0066 X:000A Y:000A S:034A D:0000 DB:7F P:nvmxdIzc V:29  H:66 
C061D8 $C8             INY                             A:0066 X:000A Y:000B S:034A D:0000 DB:7F P:nvmxdIzc V:29  H:69 
C061D9 $E8             INX                             A:0066 X:000A Y:000C S:034A D:0000 DB:7F P:nvmxdIzc V:29  H:72 
C061DA $E8             INX                             A:0066 X:000B Y:000C S:034A D:0000 DB:7F P:nvmxdIzc V:29  H:75 
C061DB $C6 $2E         DEC $2E [00002E] = $0070        A:0066 X:000C Y:000C S:034A D:0000 DB:7F P:nvmxdIzc V:29  H:78 
C061DD $D0 $F3         BNE $C061D2                     A:0066 X:000C Y:000C S:034A D:0000 DB:7F P:nvmxdIzc V:29  H:90 
C061D2 $B7 $14         LDA [$14],Y [E3F966] = $0067    A:0066 X:000C Y:000C S:034A D:0000 DB:7F P:nvmxdIzc V:29  H:95 
C061D4 $9D $EA $AE     STA $AEEA,X [7FAEF6] = $0067    A:0067 X:000C Y:000C S:034A D:0000 DB:7F P:nvmxdIzc V:29  H:107
C061D7 $C8             INY                             A:0067 X:000C Y:000C S:034A D:0000 DB:7F P:nvmxdIzc V:29  H:117
C061D8 $C8             INY                             A:0067 X:000C Y:000D S:034A D:0000 DB:7F P:nvmxdIzc V:29  H:120
C061D9 $E8             INX                             A:0067 X:000C Y:000E S:034A D:0000 DB:7F P:nvmxdIzc V:29  H:123
C061DA $E8             INX                             A:0067 X:000D Y:000E S:034A D:0000 DB:7F P:nvmxdIzc V:29  H:126
C061DB $C6 $2E         DEC $2E [00002E] = $006F        A:0067 X:000E Y:000E S:034A D:0000 DB:7F P:nvmxdIzc V:29  H:129
C061DD $D0 $F3         BNE $C061D2                     A:0067 X:000E Y:000E S:034A D:0000 DB:7F P:nvmxdIzc V:29  H:151
C061D2 $B7 $14         LDA [$14],Y [E3F968] = $0068    A:0067 X:000E Y:000E S:034A D:0000 DB:7F P:nvmxdIzc V:29  H:156
C061D4 $9D $EA $AE     STA $AEEA,X [7FAEF8] = $0068    A:0068 X:000E Y:000E S:034A D:0000 DB:7F P:nvmxdIzc V:29  H:168
C061D7 $C8             INY                             A:0068 X:000E Y:000E S:034A D:0000 DB:7F P:nvmxdIzc V:29  H:178
C061D8 $C8             INY                             A:0068 X:000E Y:000F S:034A D:0000 DB:7F P:nvmxdIzc V:29  H:181
C061D9 $E8             INX                             A:0068 X:000E Y:0010 S:034A D:0000 DB:7F P:nvmxdIzc V:29  H:184
C061DA $E8             INX                             A:0068 X:000F Y:0010 S:034A D:0000 DB:7F P:nvmxdIzc V:29  H:187
C061DB $C6 $2E         DEC $2E [00002E] = $006E        A:0068 X:0010 Y:0010 S:034A D:0000 DB:7F P:nvmxdIzc V:29  H:190
C061DD $D0 $F3         BNE $C061D2                     A:0068 X:0010 Y:0010 S:034A D:0000 DB:7F P:nvmxdIzc V:29  H:202
C061D2 $B7 $14         LDA [$14],Y [E3F96A] = $0069    A:0068 X:0010 Y:0010 S:034A D:0000 DB:7F P:nvmxdIzc V:29  H:207
C061D4 $9D $EA $AE     STA $AEEA,X [7FAEFA] = $0069    A:0069 X:0010 Y:0010 S:034A D:0000 DB:7F P:nvmxdIzc V:29  H:219
C061D7 $C8             INY                             A:0069 X:0010 Y:0010 S:034A D:0000 DB:7F P:nvmxdIzc V:29  H:229
C061D8 $C8             INY                             A:0069 X:0010 Y:0011 S:034A D:0000 DB:7F P:nvmxdIzc V:29  H:232
C061D9 $E8             INX                             A:0069 X:0010 Y:0012 S:034A D:0000 DB:7F P:nvmxdIzc V:29  H:235
C061DA $E8             INX                             A:0069 X:0011 Y:0012 S:034A D:0000 DB:7F P:nvmxdIzc V:29  H:238
C061DB $C6 $2E         DEC $2E [00002E] = $006D        A:0069 X:0012 Y:0012 S:034A D:0000 DB:7F P:nvmxdIzc V:29  H:241
C061DD $D0 $F3         BNE $C061D2                     A:0069 X:0012 Y:0012 S:034A D:0000 DB:7F P:nvmxdIzc V:29  H:253
C061D2 $B7 $14         LDA [$14],Y [E3F96C] = $006A    A:0069 X:0012 Y:0012 S:034A D:0000 DB:7F P:nvmxdIzc V:29  H:258
C061D4 $9D $EA $AE     STA $AEEA,X [7FAEFC] = $006A    A:006A X:0012 Y:0012 S:034A D:0000 DB:7F P:nvmxdIzc V:29  H:270
C061D7 $C8             INY                             A:006A X:0012 Y:0012 S:034A D:0000 DB:7F P:nvmxdIzc V:29  H:296
C061D8 $C8             INY                             A:006A X:0012 Y:0013 S:034A D:0000 DB:7F P:nvmxdIzc V:29  H:299
C061D9 $E8             INX                             A:006A X:0012 Y:0014 S:034A D:0000 DB:7F P:nvmxdIzc V:29  H:302
C061DA $E8             INX                             A:006A X:0013 Y:0014 S:034A D:0000 DB:7F P:nvmxdIzc V:29  H:305
C061DB $C6 $2E         DEC $2E [00002E] = $006C        A:006A X:0014 Y:0014 S:034A D:0000 DB:7F P:nvmxdIzc V:29  H:308
C061DD $D0 $F3         BNE $C061D2                     A:006A X:0014 Y:0014 S:034A D:0000 DB:7F P:nvmxdIzc V:29  H:320
C061D2 $B7 $14         LDA [$14],Y [E3F96E] = $006B    A:006A X:0014 Y:0014 S:034A D:0000 DB:7F P:nvmxdIzc V:29  H:324
C061D4 $9D $EA $AE     STA $AEEA,X [7FAEFE] = $006B    A:006B X:0014 Y:0014 S:034A D:0000 DB:7F P:nvmxdIzc V:29  H:336
C061D7 $C8             INY                             A:006B X:0014 Y:0014 S:034A D:0000 DB:7F P:nvmxdIzc V:30  H:6  
C061D8 $C8             INY                             A:006B X:0014 Y:0015 S:034A D:0000 DB:7F P:nvmxdIzc V:30  H:9  
C061D9 $E8             INX                             A:006B X:0014 Y:0016 S:034A D:0000 DB:7F P:nvmxdIzc V:30  H:12 
C061DA $E8             INX                             A:006B X:0015 Y:0016 S:034A D:0000 DB:7F P:nvmxdIzc V:30  H:15 
C061DB $C6 $2E         DEC $2E [00002E] = $006B        A:006B X:0016 Y:0016 S:034A D:0000 DB:7F P:nvmxdIzc V:30  H:18 
C061DD $D0 $F3         BNE $C061D2                     A:006B X:0016 Y:0016 S:034A D:0000 DB:7F P:nvmxdIzc V:30  H:30 
C061D2 $B7 $14         LDA [$14],Y [E3F970] = $006C    A:006B X:0016 Y:0016 S:034A D:0000 DB:7F P:nvmxdIzc V:30  H:35 
C061D4 $9D $EA $AE     STA $AEEA,X [7FAF00] = $006C    A:006C X:0016 Y:0016 S:034A D:0000 DB:7F P:nvmxdIzc V:30  H:47 
C061D7 $C8             INY                             A:006C X:0016 Y:0016 S:034A D:0000 DB:7F P:nvmxdIzc V:30  H:57 
C061D8 $C8             INY                             A:006C X:0016 Y:0017 S:034A D:0000 DB:7F P:nvmxdIzc V:30  H:60 
C061D9 $E8             INX                             A:006C X:0016 Y:0018 S:034A D:0000 DB:7F P:nvmxdIzc V:30  H:63 
C061DA $E8             INX                             A:006C X:0017 Y:0018 S:034A D:0000 DB:7F P:nvmxdIzc V:30  H:66 
C061DB $C6 $2E         DEC $2E [00002E] = $006A        A:006C X:0018 Y:0018 S:034A D:0000 DB:7F P:nvmxdIzc V:30  H:69 
C061DD $D0 $F3         BNE $C061D2                     A:006C X:0018 Y:0018 S:034A D:0000 DB:7F P:nvmxdIzc V:30  H:81 
C061D2 $B7 $14         LDA [$14],Y [E3F972] = $006D    A:006C X:0018 Y:0018 S:034A D:0000 DB:7F P:nvmxdIzc V:30  H:86 
C061D4 $9D $EA $AE     STA $AEEA,X [7FAF02] = $006D    A:006D X:0018 Y:0018 S:034A D:0000 DB:7F P:nvmxdIzc V:30  H:98 
C061D7 $C8             INY                             A:006D X:0018 Y:0018 S:034A D:0000 DB:7F P:nvmxdIzc V:30  H:108
C061D8 $C8             INY                             A:006D X:0018 Y:0019 S:034A D:0000 DB:7F P:nvmxdIzc V:30  H:111
C061D9 $E8             INX                             A:006D X:0018 Y:001A S:034A D:0000 DB:7F P:nvmxdIzc V:30  H:114
C061DA $E8             INX                             A:006D X:0019 Y:001A S:034A D:0000 DB:7F P:nvmxdIzc V:30  H:117
C061DB $C6 $2E         DEC $2E [00002E] = $0069        A:006D X:001A Y:001A S:034A D:0000 DB:7F P:nvmxdIzc V:30  H:120
C061DD $D0 $F3         BNE $C061D2                     A:006D X:001A Y:001A S:034A D:0000 DB:7F P:nvmxdIzc V:30  H:132
C061D2 $B7 $14         LDA [$14],Y [E3F974] = $006E    A:006D X:001A Y:001A S:034A D:0000 DB:7F P:nvmxdIzc V:30  H:147
C061D4 $9D $EA $AE     STA $AEEA,X [7FAF04] = $006E    A:006E X:001A Y:001A S:034A D:0000 DB:7F P:nvmxdIzc V:30  H:159
C061D7 $C8             INY                             A:006E X:001A Y:001A S:034A D:0000 DB:7F P:nvmxdIzc V:30  H:169
C061D8 $C8             INY                             A:006E X:001A Y:001B S:034A D:0000 DB:7F P:nvmxdIzc V:30  H:172
C061D9 $E8             INX                             A:006E X:001A Y:001C S:034A D:0000 DB:7F P:nvmxdIzc V:30  H:175
C061DA $E8             INX                             A:006E X:001B Y:001C S:034A D:0000 DB:7F P:nvmxdIzc V:30  H:178
C061DB $C6 $2E         DEC $2E [00002E] = $0068        A:006E X:001C Y:001C S:034A D:0000 DB:7F P:nvmxdIzc V:30  H:181
C061DD $D0 $F3         BNE $C061D2                     A:006E X:001C Y:001C S:034A D:0000 DB:7F P:nvmxdIzc V:30  H:193
C061D2 $B7 $14         LDA [$14],Y [E3F976] = $006F    A:006E X:001C Y:001C S:034A D:0000 DB:7F P:nvmxdIzc V:30  H:198
C061D4 $9D $EA $AE     STA $AEEA,X [7FAF06] = $006F    A:006F X:001C Y:001C S:034A D:0000 DB:7F P:nvmxdIzc V:30  H:210
C061D7 $C8             INY                             A:006F X:001C Y:001C S:034A D:0000 DB:7F P:nvmxdIzc V:30  H:220
C061D8 $C8             INY                             A:006F X:001C Y:001D S:034A D:0000 DB:7F P:nvmxdIzc V:30  H:223
C061D9 $E8             INX                             A:006F X:001C Y:001E S:034A D:0000 DB:7F P:nvmxdIzc V:30  H:226
C061DA $E8             INX                             A:006F X:001D Y:001E S:034A D:0000 DB:7F P:nvmxdIzc V:30  H:229
C061DB $C6 $2E         DEC $2E [00002E] = $0067        A:006F X:001E Y:001E S:034A D:0000 DB:7F P:nvmxdIzc V:30  H:232
C061DD $D0 $F3         BNE $C061D2                     A:006F X:001E Y:001E S:034A D:0000 DB:7F P:nvmxdIzc V:30  H:244
C061D2 $B7 $14         LDA [$14],Y [E3F978] = $0070    A:006F X:001E Y:001E S:034A D:0000 DB:7F P:nvmxdIzc V:30  H:249
C061D4 $9D $EA $AE     STA $AEEA,X [7FAF08] = $0070    A:0070 X:001E Y:001E S:034A D:0000 DB:7F P:nvmxdIzc V:30  H:261
C061D7 $C8             INY                             A:0070 X:001E Y:001E S:034A D:0000 DB:7F P:nvmxdIzc V:30  H:271
C061D8 $C8             INY                             A:0070 X:001E Y:001F S:034A D:0000 DB:7F P:nvmxdIzc V:30  H:274
C061D9 $E8             INX                             A:0070 X:001E Y:0020 S:034A D:0000 DB:7F P:nvmxdIzc V:30  H:292
C061DA $E8             INX                             A:0070 X:001F Y:0020 S:034A D:0000 DB:7F P:nvmxdIzc V:30  H:295
C061DB $C6 $2E         DEC $2E [00002E] = $0066        A:0070 X:0020 Y:0020 S:034A D:0000 DB:7F P:nvmxdIzc V:30  H:298
C061DD $D0 $F3         BNE $C061D2                     A:0070 X:0020 Y:0020 S:034A D:0000 DB:7F P:nvmxdIzc V:30  H:310
C061D2 $B7 $14         LDA [$14],Y [E3F97A] = $0071    A:0070 X:0020 Y:0020 S:034A D:0000 DB:7F P:nvmxdIzc V:30  H:315
C061D4 $9D $EA $AE     STA $AEEA,X [7FAF0A] = $0071    A:0071 X:0020 Y:0020 S:034A D:0000 DB:7F P:nvmxdIzc V:30  H:326
C061D7 $C8             INY                             A:0071 X:0020 Y:0020 S:034A D:0000 DB:7F P:nvmxdIzc V:30  H:336
C061D8 $C8             INY                             A:0071 X:0020 Y:0021 S:034A D:0000 DB:7F P:nvmxdIzc V:30  H:339
C061D9 $E8             INX                             A:0071 X:0020 Y:0022 S:034A D:0000 DB:7F P:nvmxdIzc V:31  H:2  
C061DA $E8             INX                             A:0071 X:0021 Y:0022 S:034A D:0000 DB:7F P:nvmxdIzc V:31  H:5  
C061DB $C6 $2E         DEC $2E [00002E] = $0065        A:0071 X:0022 Y:0022 S:034A D:0000 DB:7F P:nvmxdIzc V:31  H:8  
C061DD $D0 $F3         BNE $C061D2                     A:0071 X:0022 Y:0022 S:034A D:0000 DB:7F P:nvmxdIzc V:31  H:20 
C061D2 $B7 $14         LDA [$14],Y [E3F97C] = $0072    A:0071 X:0022 Y:0022 S:034A D:0000 DB:7F P:nvmxdIzc V:31  H:25 
C061D4 $9D $EA $AE     STA $AEEA,X [7FAF0C] = $0072    A:0072 X:0022 Y:0022 S:034A D:0000 DB:7F P:nvmxdIzc V:31  H:37 
C061D7 $C8             INY                             A:0072 X:0022 Y:0022 S:034A D:0000 DB:7F P:nvmxdIzc V:31  H:47 
C061D8 $C8             INY                             A:0072 X:0022 Y:0023 S:034A D:0000 DB:7F P:nvmxdIzc V:31  H:50 
C061D9 $E8             INX                             A:0072 X:0022 Y:0024 S:034A D:0000 DB:7F P:nvmxdIzc V:31  H:53 
C061DA $E8             INX                             A:0072 X:0023 Y:0024 S:034A D:0000 DB:7F P:nvmxdIzc V:31  H:56 
C061DB $C6 $2E         DEC $2E [00002E] = $0064        A:0072 X:0024 Y:0024 S:034A D:0000 DB:7F P:nvmxdIzc V:31  H:59 
C061DD $D0 $F3         BNE $C061D2                     A:0072 X:0024 Y:0024 S:034A D:0000 DB:7F P:nvmxdIzc V:31  H:71 
C061D2 $B7 $14         LDA [$14],Y [E3F97E] = $0073    A:0072 X:0024 Y:0024 S:034A D:0000 DB:7F P:nvmxdIzc V:31  H:76 
C061D4 $9D $EA $AE     STA $AEEA,X [7FAF0E] = $0073    A:0073 X:0024 Y:0024 S:034A D:0000 DB:7F P:nvmxdIzc V:31  H:88 
C061D7 $C8             INY                             A:0073 X:0024 Y:0024 S:034A D:0000 DB:7F P:nvmxdIzc V:31  H:98 
C061D8 $C8             INY                             A:0073 X:0024 Y:0025 S:034A D:0000 DB:7F P:nvmxdIzc V:31  H:101
C061D9 $E8             INX                             A:0073 X:0024 Y:0026 S:034A D:0000 DB:7F P:nvmxdIzc V:31  H:104
C061DA $E8             INX                             A:0073 X:0025 Y:0026 S:034A D:0000 DB:7F P:nvmxdIzc V:31  H:107
C061DB $C6 $2E         DEC $2E [00002E] = $0063        A:0073 X:0026 Y:0026 S:034A D:0000 DB:7F P:nvmxdIzc V:31  H:110
C061DD $D0 $F3         BNE $C061D2                     A:0073 X:0026 Y:0026 S:034A D:0000 DB:7F P:nvmxdIzc V:31  H:122
C061D2 $B7 $14         LDA [$14],Y [E3F980] = $0074    A:0073 X:0026 Y:0026 S:034A D:0000 DB:7F P:nvmxdIzc V:31  H:127
C061D4 $9D $EA $AE     STA $AEEA,X [7FAF10] = $0074    A:0074 X:0026 Y:0026 S:034A D:0000 DB:7F P:nvmxdIzc V:31  H:149
C061D7 $C8             INY                             A:0074 X:0026 Y:0026 S:034A D:0000 DB:7F P:nvmxdIzc V:31  H:159
C061D8 $C8             INY                             A:0074 X:0026 Y:0027 S:034A D:0000 DB:7F P:nvmxdIzc V:31  H:162
C061D9 $E8             INX                             A:0074 X:0026 Y:0028 S:034A D:0000 DB:7F P:nvmxdIzc V:31  H:165
C061DA $E8             INX                             A:0074 X:0027 Y:0028 S:034A D:0000 DB:7F P:nvmxdIzc V:31  H:168
C061DB $C6 $2E         DEC $2E [00002E] = $0062        A:0074 X:0028 Y:0028 S:034A D:0000 DB:7F P:nvmxdIzc V:31  H:171
C061DD $D0 $F3         BNE $C061D2                     A:0074 X:0028 Y:0028 S:034A D:0000 DB:7F P:nvmxdIzc V:31  H:183
C061D2 $B7 $14         LDA [$14],Y [E3F982] = $0075    A:0074 X:0028 Y:0028 S:034A D:0000 DB:7F P:nvmxdIzc V:31  H:188
C061D4 $9D $EA $AE     STA $AEEA,X [7FAF12] = $0075    A:0075 X:0028 Y:0028 S:034A D:0000 DB:7F P:nvmxdIzc V:31  H:200
C061D7 $C8             INY                             A:0075 X:0028 Y:0028 S:034A D:0000 DB:7F P:nvmxdIzc V:31  H:210
C061D8 $C8             INY                             A:0075 X:0028 Y:0029 S:034A D:0000 DB:7F P:nvmxdIzc V:31  H:213
C061D9 $E8             INX                             A:0075 X:0028 Y:002A S:034A D:0000 DB:7F P:nvmxdIzc V:31  H:216
C061DA $E8             INX                             A:0075 X:0029 Y:002A S:034A D:0000 DB:7F P:nvmxdIzc V:31  H:219
C061DB $C6 $2E         DEC $2E [00002E] = $0061        A:0075 X:002A Y:002A S:034A D:0000 DB:7F P:nvmxdIzc V:31  H:222
C061DD $D0 $F3         BNE $C061D2                     A:0075 X:002A Y:002A S:034A D:0000 DB:7F P:nvmxdIzc V:31  H:234
C061D2 $B7 $14         LDA [$14],Y [E3F984] = $0076    A:0075 X:002A Y:002A S:034A D:0000 DB:7F P:nvmxdIzc V:31  H:239
C061D4 $9D $EA $AE     STA $AEEA,X [7FAF14] = $0076    A:0076 X:002A Y:002A S:034A D:0000 DB:7F P:nvmxdIzc V:31  H:251
C061D7 $C8             INY                             A:0076 X:002A Y:002A S:034A D:0000 DB:7F P:nvmxdIzc V:31  H:261
C061D8 $C8             INY                             A:0076 X:002A Y:002B S:034A D:0000 DB:7F P:nvmxdIzc V:31  H:264
C061D9 $E8             INX                             A:0076 X:002A Y:002C S:034A D:0000 DB:7F P:nvmxdIzc V:31  H:267
C061DA $E8             INX                             A:0076 X:002B Y:002C S:034A D:0000 DB:7F P:nvmxdIzc V:31  H:270
C061DB $C6 $2E         DEC $2E [00002E] = $0060        A:0076 X:002C Y:002C S:034A D:0000 DB:7F P:nvmxdIzc V:31  H:273
C061DD $D0 $F3         BNE $C061D2                     A:0076 X:002C Y:002C S:034A D:0000 DB:7F P:nvmxdIzc V:31  H:325
C061D2 $B7 $14         LDA [$14],Y [E3F986] = $0077    A:0076 X:002C Y:002C S:034A D:0000 DB:7F P:nvmxdIzc V:31  H:329
C061D4 $9D $EA $AE     STA $AEEA,X [7FAF16] = $0077    A:0077 X:002C Y:002C S:034A D:0000 DB:7F P:nvmxdIzc V:32  H:1  
C061D7 $C8             INY                             A:0077 X:002C Y:002C S:034A D:0000 DB:7F P:nvmxdIzc V:32  H:11 
C061D8 $C8             INY                             A:0077 X:002C Y:002D S:034A D:0000 DB:7F P:nvmxdIzc V:32  H:14 
C061D9 $E8             INX                             A:0077 X:002C Y:002E S:034A D:0000 DB:7F P:nvmxdIzc V:32  H:17 
C061DA $E8             INX                             A:0077 X:002D Y:002E S:034A D:0000 DB:7F P:nvmxdIzc V:32  H:20 
C061DB $C6 $2E         DEC $2E [00002E] = $005F        A:0077 X:002E Y:002E S:034A D:0000 DB:7F P:nvmxdIzc V:32  H:23 
C061DD $D0 $F3         BNE $C061D2                     A:0077 X:002E Y:002E S:034A D:0000 DB:7F P:nvmxdIzc V:32  H:35 
C061D2 $B7 $14         LDA [$14],Y [E3F988] = $0078    A:0077 X:002E Y:002E S:034A D:0000 DB:7F P:nvmxdIzc V:32  H:40 
C061D4 $9D $EA $AE     STA $AEEA,X [7FAF18] = $0078    A:0078 X:002E Y:002E S:034A D:0000 DB:7F P:nvmxdIzc V:32  H:52 
C061D7 $C8             INY                             A:0078 X:002E Y:002E S:034A D:0000 DB:7F P:nvmxdIzc V:32  H:62 
C061D8 $C8             INY                             A:0078 X:002E Y:002F S:034A D:0000 DB:7F P:nvmxdIzc V:32  H:65 
C061D9 $E8             INX                             A:0078 X:002E Y:0030 S:034A D:0000 DB:7F P:nvmxdIzc V:32  H:68 
C061DA $E8             INX                             A:0078 X:002F Y:0030 S:034A D:0000 DB:7F P:nvmxdIzc V:32  H:71 
C061DB $C6 $2E         DEC $2E [00002E] = $005E        A:0078 X:0030 Y:0030 S:034A D:0000 DB:7F P:nvmxdIzc V:32  H:74 
C061DD $D0 $F3         BNE $C061D2                     A:0078 X:0030 Y:0030 S:034A D:0000 DB:7F P:nvmxdIzc V:32  H:86 
C061D2 $B7 $14         LDA [$14],Y [E3F98A] = $0079    A:0078 X:0030 Y:0030 S:034A D:0000 DB:7F P:nvmxdIzc V:32  H:91 
C061D4 $9D $EA $AE     STA $AEEA,X [7FAF1A] = $0079    A:0079 X:0030 Y:0030 S:034A D:0000 DB:7F P:nvmxdIzc V:32  H:103
C061D7 $C8             INY                             A:0079 X:0030 Y:0030 S:034A D:0000 DB:7F P:nvmxdIzc V:32  H:113
C061D8 $C8             INY                             A:0079 X:0030 Y:0031 S:034A D:0000 DB:7F P:nvmxdIzc V:32  H:116
C061D9 $E8             INX                             A:0079 X:0030 Y:0032 S:034A D:0000 DB:7F P:nvmxdIzc V:32  H:119
C061DA $E8             INX                             A:0079 X:0031 Y:0032 S:034A D:0000 DB:7F P:nvmxdIzc V:32  H:122
C061DB $C6 $2E         DEC $2E [00002E] = $005D        A:0079 X:0032 Y:0032 S:034A D:0000 DB:7F P:nvmxdIzc V:32  H:125
C061DD $D0 $F3         BNE $C061D2                     A:0079 X:0032 Y:0032 S:034A D:0000 DB:7F P:nvmxdIzc V:32  H:147
C061D2 $B7 $14         LDA [$14],Y [E3F98C] = $007A    A:0079 X:0032 Y:0032 S:034A D:0000 DB:7F P:nvmxdIzc V:32  H:152
C061D4 $9D $EA $AE     STA $AEEA,X [7FAF1C] = $007A    A:007A X:0032 Y:0032 S:034A D:0000 DB:7F P:nvmxdIzc V:32  H:164
C061D7 $C8             INY                             A:007A X:0032 Y:0032 S:034A D:0000 DB:7F P:nvmxdIzc V:32  H:174
C061D8 $C8             INY                             A:007A X:0032 Y:0033 S:034A D:0000 DB:7F P:nvmxdIzc V:32  H:177
C061D9 $E8             INX                             A:007A X:0032 Y:0034 S:034A D:0000 DB:7F P:nvmxdIzc V:32  H:180
C061DA $E8             INX                             A:007A X:0033 Y:0034 S:034A D:0000 DB:7F P:nvmxdIzc V:32  H:183
C061DB $C6 $2E         DEC $2E [00002E] = $005C        A:007A X:0034 Y:0034 S:034A D:0000 DB:7F P:nvmxdIzc V:32  H:186
C061DD $D0 $F3         BNE $C061D2                     A:007A X:0034 Y:0034 S:034A D:0000 DB:7F P:nvmxdIzc V:32  H:198
C061D2 $B7 $14         LDA [$14],Y [E3F98E] = $007B    A:007A X:0034 Y:0034 S:034A D:0000 DB:7F P:nvmxdIzc V:32  H:203
C061D4 $9D $EA $AE     STA $AEEA,X [7FAF1E] = $007B    A:007B X:0034 Y:0034 S:034A D:0000 DB:7F P:nvmxdIzc V:32  H:215
C061D7 $C8             INY                             A:007B X:0034 Y:0034 S:034A D:0000 DB:7F P:nvmxdIzc V:32  H:225
C061D8 $C8             INY                             A:007B X:0034 Y:0035 S:034A D:0000 DB:7F P:nvmxdIzc V:32  H:228
C061D9 $E8             INX                             A:007B X:0034 Y:0036 S:034A D:0000 DB:7F P:nvmxdIzc V:32  H:231
C061DA $E8             INX                             A:007B X:0035 Y:0036 S:034A D:0000 DB:7F P:nvmxdIzc V:32  H:234
C061DB $C6 $2E         DEC $2E [00002E] = $005B        A:007B X:0036 Y:0036 S:034A D:0000 DB:7F P:nvmxdIzc V:32  H:237
C061DD $D0 $F3         BNE $C061D2                     A:007B X:0036 Y:0036 S:034A D:0000 DB:7F P:nvmxdIzc V:32  H:249
C061D2 $B7 $14         LDA [$14],Y [E3F990] = $007C    A:007B X:0036 Y:0036 S:034A D:0000 DB:7F P:nvmxdIzc V:32  H:254
C061D4 $9D $EA $AE     STA $AEEA,X [7FAF20] = $007C    A:007C X:0036 Y:0036 S:034A D:0000 DB:7F P:nvmxdIzc V:32  H:266
C061D7 $C8             INY                             A:007C X:0036 Y:0036 S:034A D:0000 DB:7F P:nvmxdIzc V:32  H:276
C061D8 $C8             INY                             A:007C X:0036 Y:0037 S:034A D:0000 DB:7F P:nvmxdIzc V:32  H:322
C061D9 $E8             INX                             A:007C X:0036 Y:0038 S:034A D:0000 DB:7F P:nvmxdIzc V:32  H:325
C061DA $E8             INX                             A:007C X:0037 Y:0038 S:034A D:0000 DB:7F P:nvmxdIzc V:32  H:327
C061DB $C6 $2E         DEC $2E [00002E] = $005A        A:007C X:0038 Y:0038 S:034A D:0000 DB:7F P:nvmxdIzc V:32  H:330
C061DD $D0 $F3         BNE $C061D2                     A:007C X:0038 Y:0038 S:034A D:0000 DB:7F P:nvmxdIzc V:33  H:3  
C061D2 $B7 $14         LDA [$14],Y [E3F992] = $007D    A:007C X:0038 Y:0038 S:034A D:0000 DB:7F P:nvmxdIzc V:33  H:7  
C061D4 $9D $EA $AE     STA $AEEA,X [7FAF22] = $007D    A:007D X:0038 Y:0038 S:034A D:0000 DB:7F P:nvmxdIzc V:33  H:19 
C061D7 $C8             INY                             A:007D X:0038 Y:0038 S:034A D:0000 DB:7F P:nvmxdIzc V:33  H:29 
C061D8 $C8             INY                             A:007D X:0038 Y:0039 S:034A D:0000 DB:7F P:nvmxdIzc V:33  H:32 
C061D9 $E8             INX                             A:007D X:0038 Y:003A S:034A D:0000 DB:7F P:nvmxdIzc V:33  H:35 
C061DA $E8             INX                             A:007D X:0039 Y:003A S:034A D:0000 DB:7F P:nvmxdIzc V:33  H:38 
C061DB $C6 $2E         DEC $2E [00002E] = $0059        A:007D X:003A Y:003A S:034A D:0000 DB:7F P:nvmxdIzc V:33  H:41 
C061DD $D0 $F3         BNE $C061D2                     A:007D X:003A Y:003A S:034A D:0000 DB:7F P:nvmxdIzc V:33  H:54 
C061D2 $B7 $14         LDA [$14],Y [E3F994] = $007E    A:007D X:003A Y:003A S:034A D:0000 DB:7F P:nvmxdIzc V:33  H:58 
C061D4 $9D $EA $AE     STA $AEEA,X [7FAF24] = $007E    A:007E X:003A Y:003A S:034A D:0000 DB:7F P:nvmxdIzc V:33  H:70 
C061D7 $C8             INY                             A:007E X:003A Y:003A S:034A D:0000 DB:7F P:nvmxdIzc V:33  H:80 
C061D8 $C8             INY                             A:007E X:003A Y:003B S:034A D:0000 DB:7F P:nvmxdIzc V:33  H:83 
C061D9 $E8             INX                             A:007E X:003A Y:003C S:034A D:0000 DB:7F P:nvmxdIzc V:33  H:86 
C061DA $E8             INX                             A:007E X:003B Y:003C S:034A D:0000 DB:7F P:nvmxdIzc V:33  H:89 
C061DB $C6 $2E         DEC $2E [00002E] = $0058        A:007E X:003C Y:003C S:034A D:0000 DB:7F P:nvmxdIzc V:33  H:92 
C061DD $D0 $F3         BNE $C061D2                     A:007E X:003C Y:003C S:034A D:0000 DB:7F P:nvmxdIzc V:33  H:105
C061D2 $B7 $14         LDA [$14],Y [E3F996] = $007F    A:007E X:003C Y:003C S:034A D:0000 DB:7F P:nvmxdIzc V:33  H:109
C061D4 $9D $EA $AE     STA $AEEA,X [7FAF26] = $007F    A:007F X:003C Y:003C S:034A D:0000 DB:7F P:nvmxdIzc V:33  H:121
C061D7 $C8             INY                             A:007F X:003C Y:003C S:034A D:0000 DB:7F P:nvmxdIzc V:33  H:131
C061D8 $C8             INY                             A:007F X:003C Y:003D S:034A D:0000 DB:7F P:nvmxdIzc V:33  H:144
C061D9 $E8             INX                             A:007F X:003C Y:003E S:034A D:0000 DB:7F P:nvmxdIzc V:33  H:147
C061DA $E8             INX                             A:007F X:003D Y:003E S:034A D:0000 DB:7F P:nvmxdIzc V:33  H:150
C061DB $C6 $2E         DEC $2E [00002E] = $0057        A:007F X:003E Y:003E S:034A D:0000 DB:7F P:nvmxdIzc V:33  H:153
C061DD $D0 $F3         BNE $C061D2                     A:007F X:003E Y:003E S:034A D:0000 DB:7F P:nvmxdIzc V:33  H:166
C061D2 $B7 $14         LDA [$14],Y [E3F998] = $0080    A:007F X:003E Y:003E S:034A D:0000 DB:7F P:nvmxdIzc V:33  H:170
C061D4 $9D $EA $AE     STA $AEEA,X [7FAF28] = $0080    A:0080 X:003E Y:003E S:034A D:0000 DB:7F P:nvmxdIzc V:33  H:182
C061D7 $C8             INY                             A:0080 X:003E Y:003E S:034A D:0000 DB:7F P:nvmxdIzc V:33  H:192
C061D8 $C8             INY                             A:0080 X:003E Y:003F S:034A D:0000 DB:7F P:nvmxdIzc V:33  H:195
C061D9 $E8             INX                             A:0080 X:003E Y:0040 S:034A D:0000 DB:7F P:nvmxdIzc V:33  H:198
C061DA $E8             INX                             A:0080 X:003F Y:0040 S:034A D:0000 DB:7F P:nvmxdIzc V:33  H:201
C061DB $C6 $2E         DEC $2E [00002E] = $0056        A:0080 X:0040 Y:0040 S:034A D:0000 DB:7F P:nvmxdIzc V:33  H:204
C061DD $D0 $F3         BNE $C061D2                     A:0080 X:0040 Y:0040 S:034A D:0000 DB:7F P:nvmxdIzc V:33  H:217
C061D2 $B7 $14         LDA [$14],Y [E3F99A] = $0081    A:0080 X:0040 Y:0040 S:034A D:0000 DB:7F P:nvmxdIzc V:33  H:221
C061D4 $9D $EA $AE     STA $AEEA,X [7FAF2A] = $0081    A:0081 X:0040 Y:0040 S:034A D:0000 DB:7F P:nvmxdIzc V:33  H:233
C061D7 $C8             INY                             A:0081 X:0040 Y:0040 S:034A D:0000 DB:7F P:nvmxdIzc V:33  H:243
C061D8 $C8             INY                             A:0081 X:0040 Y:0041 S:034A D:0000 DB:7F P:nvmxdIzc V:33  H:246
C061D9 $E8             INX                             A:0081 X:0040 Y:0042 S:034A D:0000 DB:7F P:nvmxdIzc V:33  H:249
C061DA $E8             INX                             A:0081 X:0041 Y:0042 S:034A D:0000 DB:7F P:nvmxdIzc V:33  H:252
C061DB $C6 $2E         DEC $2E [00002E] = $0055        A:0081 X:0042 Y:0042 S:034A D:0000 DB:7F P:nvmxdIzc V:33  H:255
C061DD $D0 $F3         BNE $C061D2                     A:0081 X:0042 Y:0042 S:034A D:0000 DB:7F P:nvmxdIzc V:33  H:268
C061D2 $B7 $14         LDA [$14],Y [E3F99C] = $0082    A:0081 X:0042 Y:0042 S:034A D:0000 DB:7F P:nvmxdIzc V:33  H:272
C061D4 $9D $EA $AE     STA $AEEA,X [7FAF2C] = $0082    A:0082 X:0042 Y:0042 S:034A D:0000 DB:7F P:nvmxdIzc V:33  H:300
C061D7 $C8             INY                             A:0082 X:0042 Y:0042 S:034A D:0000 DB:7F P:nvmxdIzc V:33  H:310
C061D8 $C8             INY                             A:0082 X:0042 Y:0043 S:034A D:0000 DB:7F P:nvmxdIzc V:33  H:313
C061D9 $E8             INX                             A:0082 X:0042 Y:0044 S:034A D:0000 DB:7F P:nvmxdIzc V:33  H:316
C061DA $E8             INX                             A:0082 X:0043 Y:0044 S:034A D:0000 DB:7F P:nvmxdIzc V:33  H:319
C061DB $C6 $2E         DEC $2E [00002E] = $0054        A:0082 X:0044 Y:0044 S:034A D:0000 DB:7F P:nvmxdIzc V:33  H:322
C061DD $D0 $F3         BNE $C061D2                     A:0082 X:0044 Y:0044 S:034A D:0000 DB:7F P:nvmxdIzc V:33  H:334
C061D2 $B7 $14         LDA [$14],Y [E3F99E] = $0083    A:0082 X:0044 Y:0044 S:034A D:0000 DB:7F P:nvmxdIzc V:33  H:338
C061D4 $9D $EA $AE     STA $AEEA,X [7FAF2E] = $0083    A:0083 X:0044 Y:0044 S:034A D:0000 DB:7F P:nvmxdIzc V:34  H:10 
C061D7 $C8             INY                             A:0083 X:0044 Y:0044 S:034A D:0000 DB:7F P:nvmxdIzc V:34  H:20 
C061D8 $C8             INY                             A:0083 X:0044 Y:0045 S:034A D:0000 DB:7F P:nvmxdIzc V:34  H:23 
C061D9 $E8             INX                             A:0083 X:0044 Y:0046 S:034A D:0000 DB:7F P:nvmxdIzc V:34  H:26 
C061DA $E8             INX                             A:0083 X:0045 Y:0046 S:034A D:0000 DB:7F P:nvmxdIzc V:34  H:29 
C061DB $C6 $2E         DEC $2E [00002E] = $0053        A:0083 X:0046 Y:0046 S:034A D:0000 DB:7F P:nvmxdIzc V:34  H:32 
C061DD $D0 $F3         BNE $C061D2                     A:0083 X:0046 Y:0046 S:034A D:0000 DB:7F P:nvmxdIzc V:34  H:45 
C061D2 $B7 $14         LDA [$14],Y [E3F9A0] = $0084    A:0083 X:0046 Y:0046 S:034A D:0000 DB:7F P:nvmxdIzc V:34  H:49 
C061D4 $9D $EA $AE     STA $AEEA,X [7FAF30] = $0084    A:0084 X:0046 Y:0046 S:034A D:0000 DB:7F P:nvmxdIzc V:34  H:61 
C061D7 $C8             INY                             A:0084 X:0046 Y:0046 S:034A D:0000 DB:7F P:nvmxdIzc V:34  H:71 
C061D8 $C8             INY                             A:0084 X:0046 Y:0047 S:034A D:0000 DB:7F P:nvmxdIzc V:34  H:74 
C061D9 $E8             INX                             A:0084 X:0046 Y:0048 S:034A D:0000 DB:7F P:nvmxdIzc V:34  H:77 
C061DA $E8             INX                             A:0084 X:0047 Y:0048 S:034A D:0000 DB:7F P:nvmxdIzc V:34  H:80 
C061DB $C6 $2E         DEC $2E [00002E] = $0052        A:0084 X:0048 Y:0048 S:034A D:0000 DB:7F P:nvmxdIzc V:34  H:83 
C061DD $D0 $F3         BNE $C061D2                     A:0084 X:0048 Y:0048 S:034A D:0000 DB:7F P:nvmxdIzc V:34  H:96 
C061D2 $B7 $14         LDA [$14],Y [E3F9A2] = $0085    A:0084 X:0048 Y:0048 S:034A D:0000 DB:7F P:nvmxdIzc V:34  H:100
C061D4 $9D $EA $AE     STA $AEEA,X [7FAF32] = $0085    A:0085 X:0048 Y:0048 S:034A D:0000 DB:7F P:nvmxdIzc V:34  H:112
C061D7 $C8             INY                             A:0085 X:0048 Y:0048 S:034A D:0000 DB:7F P:nvmxdIzc V:34  H:122
C061D8 $C8             INY                             A:0085 X:0048 Y:0049 S:034A D:0000 DB:7F P:nvmxdIzc V:34  H:125
C061D9 $E8             INX                             A:0085 X:0048 Y:004A S:034A D:0000 DB:7F P:nvmxdIzc V:34  H:128
C061DA $E8             INX                             A:0085 X:0049 Y:004A S:034A D:0000 DB:7F P:nvmxdIzc V:34  H:131
C061DB $C6 $2E         DEC $2E [00002E] = $0051        A:0085 X:004A Y:004A S:034A D:0000 DB:7F P:nvmxdIzc V:34  H:144
C061DD $D0 $F3         BNE $C061D2                     A:0085 X:004A Y:004A S:034A D:0000 DB:7F P:nvmxdIzc V:34  H:157
C061D2 $B7 $14         LDA [$14],Y [E3F9A4] = $0086    A:0085 X:004A Y:004A S:034A D:0000 DB:7F P:nvmxdIzc V:34  H:161
C061D4 $9D $EA $AE     STA $AEEA,X [7FAF34] = $0086    A:0086 X:004A Y:004A S:034A D:0000 DB:7F P:nvmxdIzc V:34  H:173
C061D7 $C8             INY                             A:0086 X:004A Y:004A S:034A D:0000 DB:7F P:nvmxdIzc V:34  H:183
C061D8 $C8             INY                             A:0086 X:004A Y:004B S:034A D:0000 DB:7F P:nvmxdIzc V:34  H:186
C061D9 $E8             INX                             A:0086 X:004A Y:004C S:034A D:0000 DB:7F P:nvmxdIzc V:34  H:189
C061DA $E8             INX                             A:0086 X:004B Y:004C S:034A D:0000 DB:7F P:nvmxdIzc V:34  H:192
C061DB $C6 $2E         DEC $2E [00002E] = $0050        A:0086 X:004C Y:004C S:034A D:0000 DB:7F P:nvmxdIzc V:34  H:195
C061DD $D0 $F3         BNE $C061D2                     A:0086 X:004C Y:004C S:034A D:0000 DB:7F P:nvmxdIzc V:34  H:208
C061D2 $B7 $14         LDA [$14],Y [E3F9A6] = $0087    A:0086 X:004C Y:004C S:034A D:0000 DB:7F P:nvmxdIzc V:34  H:212
C061D4 $9D $EA $AE     STA $AEEA,X [7FAF36] = $0087    A:0087 X:004C Y:004C S:034A D:0000 DB:7F P:nvmxdIzc V:34  H:224
C061D7 $C8             INY                             A:0087 X:004C Y:004C S:034A D:0000 DB:7F P:nvmxdIzc V:34  H:234
C061D8 $C8             INY                             A:0087 X:004C Y:004D S:034A D:0000 DB:7F P:nvmxdIzc V:34  H:237
C061D9 $E8             INX                             A:0087 X:004C Y:004E S:034A D:0000 DB:7F P:nvmxdIzc V:34  H:240
C061DA $E8             INX                             A:0087 X:004D Y:004E S:034A D:0000 DB:7F P:nvmxdIzc V:34  H:243
C061DB $C6 $2E         DEC $2E [00002E] = $004F        A:0087 X:004E Y:004E S:034A D:0000 DB:7F P:nvmxdIzc V:34  H:246
C061DD $D0 $F3         BNE $C061D2                     A:0087 X:004E Y:004E S:034A D:0000 DB:7F P:nvmxdIzc V:34  H:259
C061D2 $B7 $14         LDA [$14],Y [E3F9A8] = $0088    A:0087 X:004E Y:004E S:034A D:0000 DB:7F P:nvmxdIzc V:34  H:263
C061D4 $9D $EA $AE     STA $AEEA,X [7FAF38] = $0088    A:0088 X:004E Y:004E S:034A D:0000 DB:7F P:nvmxdIzc V:34  H:275
C061D7 $C8             INY                             A:0088 X:004E Y:004E S:034A D:0000 DB:7F P:nvmxdIzc V:34  H:300
C061D8 $C8             INY                             A:0088 X:004E Y:004F S:034A D:0000 DB:7F P:nvmxdIzc V:34  H:303
C061D9 $E8             INX                             A:0088 X:004E Y:0050 S:034A D:0000 DB:7F P:nvmxdIzc V:34  H:306
C061DA $E8             INX                             A:0088 X:004F Y:0050 S:034A D:0000 DB:7F P:nvmxdIzc V:34  H:309
C061DB $C6 $2E         DEC $2E [00002E] = $004E        A:0088 X:0050 Y:0050 S:034A D:0000 DB:7F P:nvmxdIzc V:34  H:312
C061DD $D0 $F3         BNE $C061D2                     A:0088 X:0050 Y:0050 S:034A D:0000 DB:7F P:nvmxdIzc V:34  H:324
C061D2 $B7 $14         LDA [$14],Y [E3F9AA] = $0089    A:0088 X:0050 Y:0050 S:034A D:0000 DB:7F P:nvmxdIzc V:34  H:328
C061D4 $9D $EA $AE     STA $AEEA,X [7FAF3A] = $0089    A:0089 X:0050 Y:0050 S:034A D:0000 DB:7F P:nvmxdIzc V:35  H:0  
C061D7 $C8             INY                             A:0089 X:0050 Y:0050 S:034A D:0000 DB:7F P:nvmxdIzc V:35  H:10 
C061D8 $C8             INY                             A:0089 X:0050 Y:0051 S:034A D:0000 DB:7F P:nvmxdIzc V:35  H:13 
C061D9 $E8             INX                             A:0089 X:0050 Y:0052 S:034A D:0000 DB:7F P:nvmxdIzc V:35  H:16 
C061DA $E8             INX                             A:0089 X:0051 Y:0052 S:034A D:0000 DB:7F P:nvmxdIzc V:35  H:19 
C061DB $C6 $2E         DEC $2E [00002E] = $004D        A:0089 X:0052 Y:0052 S:034A D:0000 DB:7F P:nvmxdIzc V:35  H:22 
C061DD $D0 $F3         BNE $C061D2                     A:0089 X:0052 Y:0052 S:034A D:0000 DB:7F P:nvmxdIzc V:35  H:35 
C061D2 $B7 $14         LDA [$14],Y [E3F9AC] = $008A    A:0089 X:0052 Y:0052 S:034A D:0000 DB:7F P:nvmxdIzc V:35  H:39 
C061D4 $9D $EA $AE     STA $AEEA,X [7FAF3C] = $008A    A:008A X:0052 Y:0052 S:034A D:0000 DB:7F P:nvmxdIzc V:35  H:51 
C061D7 $C8             INY                             A:008A X:0052 Y:0052 S:034A D:0000 DB:7F P:nvmxdIzc V:35  H:61 
C061D8 $C8             INY                             A:008A X:0052 Y:0053 S:034A D:0000 DB:7F P:nvmxdIzc V:35  H:64 
C061D9 $E8             INX                             A:008A X:0052 Y:0054 S:034A D:0000 DB:7F P:nvmxdIzc V:35  H:67 
C061DA $E8             INX                             A:008A X:0053 Y:0054 S:034A D:0000 DB:7F P:nvmxdIzc V:35  H:70 
C061DB $C6 $2E         DEC $2E [00002E] = $004C        A:008A X:0054 Y:0054 S:034A D:0000 DB:7F P:nvmxdIzc V:35  H:73 
C061DD $D0 $F3         BNE $C061D2                     A:008A X:0054 Y:0054 S:034A D:0000 DB:7F P:nvmxdIzc V:35  H:86 
C061D2 $B7 $14         LDA [$14],Y [E3F9AE] = $008B    A:008A X:0054 Y:0054 S:034A D:0000 DB:7F P:nvmxdIzc V:35  H:90 
C061D4 $9D $EA $AE     STA $AEEA,X [7FAF3E] = $008B    A:008B X:0054 Y:0054 S:034A D:0000 DB:7F P:nvmxdIzc V:35  H:102
C061D7 $C8             INY                             A:008B X:0054 Y:0054 S:034A D:0000 DB:7F P:nvmxdIzc V:35  H:112
C061D8 $C8             INY                             A:008B X:0054 Y:0055 S:034A D:0000 DB:7F P:nvmxdIzc V:35  H:115
C061D9 $E8             INX                             A:008B X:0054 Y:0056 S:034A D:0000 DB:7F P:nvmxdIzc V:35  H:118
C061DA $E8             INX                             A:008B X:0055 Y:0056 S:034A D:0000 DB:7F P:nvmxdIzc V:35  H:121
C061DB $C6 $2E         DEC $2E [00002E] = $004B        A:008B X:0056 Y:0056 S:034A D:0000 DB:7F P:nvmxdIzc V:35  H:124
C061DD $D0 $F3         BNE $C061D2                     A:008B X:0056 Y:0056 S:034A D:0000 DB:7F P:nvmxdIzc V:35  H:147
C061D2 $B7 $14         LDA [$14],Y [E3F9B0] = $008C    A:008B X:0056 Y:0056 S:034A D:0000 DB:7F P:nvmxdIzc V:35  H:151
C061D4 $9D $EA $AE     STA $AEEA,X [7FAF40] = $008C    A:008C X:0056 Y:0056 S:034A D:0000 DB:7F P:nvmxdIzc V:35  H:163
C061D7 $C8             INY                             A:008C X:0056 Y:0056 S:034A D:0000 DB:7F P:nvmxdIzc V:35  H:173
C061D8 $C8             INY                             A:008C X:0056 Y:0057 S:034A D:0000 DB:7F P:nvmxdIzc V:35  H:176
C061D9 $E8             INX                             A:008C X:0056 Y:0058 S:034A D:0000 DB:7F P:nvmxdIzc V:35  H:179
C061DA $E8             INX                             A:008C X:0057 Y:0058 S:034A D:0000 DB:7F P:nvmxdIzc V:35  H:182
C061DB $C6 $2E         DEC $2E [00002E] = $004A        A:008C X:0058 Y:0058 S:034A D:0000 DB:7F P:nvmxdIzc V:35  H:185
C061DD $D0 $F3         BNE $C061D2                     A:008C X:0058 Y:0058 S:034A D:0000 DB:7F P:nvmxdIzc V:35  H:198
C061D2 $B7 $14         LDA [$14],Y [E3F9B2] = $008D    A:008C X:0058 Y:0058 S:034A D:0000 DB:7F P:nvmxdIzc V:35  H:202
C061D4 $9D $EA $AE     STA $AEEA,X [7FAF42] = $008D    A:008D X:0058 Y:0058 S:034A D:0000 DB:7F P:nvmxdIzc V:35  H:214
C061D7 $C8             INY                             A:008D X:0058 Y:0058 S:034A D:0000 DB:7F P:nvmxdIzc V:35  H:224
C061D8 $C8             INY                             A:008D X:0058 Y:0059 S:034A D:0000 DB:7F P:nvmxdIzc V:35  H:227
C061D9 $E8             INX                             A:008D X:0058 Y:005A S:034A D:0000 DB:7F P:nvmxdIzc V:35  H:230
C061DA $E8             INX                             A:008D X:0059 Y:005A S:034A D:0000 DB:7F P:nvmxdIzc V:35  H:233
C061DB $C6 $2E         DEC $2E [00002E] = $0049        A:008D X:005A Y:005A S:034A D:0000 DB:7F P:nvmxdIzc V:35  H:236
C061DD $D0 $F3         BNE $C061D2                     A:008D X:005A Y:005A S:034A D:0000 DB:7F P:nvmxdIzc V:35  H:249
C061D2 $B7 $14         LDA [$14],Y [E3F9B4] = $008E    A:008D X:005A Y:005A S:034A D:0000 DB:7F P:nvmxdIzc V:35  H:253
C061D4 $9D $EA $AE     STA $AEEA,X [7FAF44] = $008E    A:008E X:005A Y:005A S:034A D:0000 DB:7F P:nvmxdIzc V:35  H:265
C061D7 $C8             INY                             A:008E X:005A Y:005A S:034A D:0000 DB:7F P:nvmxdIzc V:35  H:275
C061D8 $C8             INY                             A:008E X:005A Y:005B S:034A D:0000 DB:7F P:nvmxdIzc V:35  H:295
C061D9 $E8             INX                             A:008E X:005A Y:005C S:034A D:0000 DB:7F P:nvmxdIzc V:35  H:298
C061DA $E8             INX                             A:008E X:005B Y:005C S:034A D:0000 DB:7F P:nvmxdIzc V:35  H:301
C061DB $C6 $2E         DEC $2E [00002E] = $0048        A:008E X:005C Y:005C S:034A D:0000 DB:7F P:nvmxdIzc V:35  H:304
C061DD $D0 $F3         BNE $C061D2                     A:008E X:005C Y:005C S:034A D:0000 DB:7F P:nvmxdIzc V:35  H:316
C061D2 $B7 $14         LDA [$14],Y [E3F9B6] = $008F    A:008E X:005C Y:005C S:034A D:0000 DB:7F P:nvmxdIzc V:35  H:321
C061D4 $9D $EA $AE     STA $AEEA,X [7FAF46] = $008F    A:008F X:005C Y:005C S:034A D:0000 DB:7F P:nvmxdIzc V:35  H:332
C061D7 $C8             INY                             A:008F X:005C Y:005C S:034A D:0000 DB:7F P:nvmxdIzc V:36  H:2  
C061D8 $C8             INY                             A:008F X:005C Y:005D S:034A D:0000 DB:7F P:nvmxdIzc V:36  H:5  
C061D9 $E8             INX                             A:008F X:005C Y:005E S:034A D:0000 DB:7F P:nvmxdIzc V:36  H:8  
C061DA $E8             INX                             A:008F X:005D Y:005E S:034A D:0000 DB:7F P:nvmxdIzc V:36  H:11 
C061DB $C6 $2E         DEC $2E [00002E] = $0047        A:008F X:005E Y:005E S:034A D:0000 DB:7F P:nvmxdIzc V:36  H:14 
C061DD $D0 $F3         BNE $C061D2                     A:008F X:005E Y:005E S:034A D:0000 DB:7F P:nvmxdIzc V:36  H:26 
C061D2 $B7 $14         LDA [$14],Y [E3F9B8] = $0090    A:008F X:005E Y:005E S:034A D:0000 DB:7F P:nvmxdIzc V:36  H:31 
C061D4 $9D $EA $AE     STA $AEEA,X [7FAF48] = $0090    A:0090 X:005E Y:005E S:034A D:0000 DB:7F P:nvmxdIzc V:36  H:43 
C061D7 $C8             INY                             A:0090 X:005E Y:005E S:034A D:0000 DB:7F P:nvmxdIzc V:36  H:53 
C061D8 $C8             INY                             A:0090 X:005E Y:005F S:034A D:0000 DB:7F P:nvmxdIzc V:36  H:56 
C061D9 $E8             INX                             A:0090 X:005E Y:0060 S:034A D:0000 DB:7F P:nvmxdIzc V:36  H:59 
C061DA $E8             INX                             A:0090 X:005F Y:0060 S:034A D:0000 DB:7F P:nvmxdIzc V:36  H:62 
C061DB $C6 $2E         DEC $2E [00002E] = $0046        A:0090 X:0060 Y:0060 S:034A D:0000 DB:7F P:nvmxdIzc V:36  H:65 
C061DD $D0 $F3         BNE $C061D2                     A:0090 X:0060 Y:0060 S:034A D:0000 DB:7F P:nvmxdIzc V:36  H:77 
C061D2 $B7 $14         LDA [$14],Y [E3F9BA] = $0091    A:0090 X:0060 Y:0060 S:034A D:0000 DB:7F P:nvmxdIzc V:36  H:82 
C061D4 $9D $EA $AE     STA $AEEA,X [7FAF4A] = $0091    A:0091 X:0060 Y:0060 S:034A D:0000 DB:7F P:nvmxdIzc V:36  H:94 
C061D7 $C8             INY                             A:0091 X:0060 Y:0060 S:034A D:0000 DB:7F P:nvmxdIzc V:36  H:104
C061D8 $C8             INY                             A:0091 X:0060 Y:0061 S:034A D:0000 DB:7F P:nvmxdIzc V:36  H:107
C061D9 $E8             INX                             A:0091 X:0060 Y:0062 S:034A D:0000 DB:7F P:nvmxdIzc V:36  H:110
C061DA $E8             INX                             A:0091 X:0061 Y:0062 S:034A D:0000 DB:7F P:nvmxdIzc V:36  H:113
C061DB $C6 $2E         DEC $2E [00002E] = $0045        A:0091 X:0062 Y:0062 S:034A D:0000 DB:7F P:nvmxdIzc V:36  H:116
C061DD $D0 $F3         BNE $C061D2                     A:0091 X:0062 Y:0062 S:034A D:0000 DB:7F P:nvmxdIzc V:36  H:128
C061D2 $B7 $14         LDA [$14],Y [E3F9BC] = $0092    A:0091 X:0062 Y:0062 S:034A D:0000 DB:7F P:nvmxdIzc V:36  H:133
C061D4 $9D $EA $AE     STA $AEEA,X [7FAF4C] = $0092    A:0092 X:0062 Y:0062 S:034A D:0000 DB:7F P:nvmxdIzc V:36  H:155
C061D7 $C8             INY                             A:0092 X:0062 Y:0062 S:034A D:0000 DB:7F P:nvmxdIzc V:36  H:165
C061D8 $C8             INY                             A:0092 X:0062 Y:0063 S:034A D:0000 DB:7F P:nvmxdIzc V:36  H:168
C061D9 $E8             INX                             A:0092 X:0062 Y:0064 S:034A D:0000 DB:7F P:nvmxdIzc V:36  H:171
C061DA $E8             INX                             A:0092 X:0063 Y:0064 S:034A D:0000 DB:7F P:nvmxdIzc V:36  H:174
C061DB $C6 $2E         DEC $2E [00002E] = $0044        A:0092 X:0064 Y:0064 S:034A D:0000 DB:7F P:nvmxdIzc V:36  H:177
C061DD $D0 $F3         BNE $C061D2                     A:0092 X:0064 Y:0064 S:034A D:0000 DB:7F P:nvmxdIzc V:36  H:189
C061D2 $B7 $14         LDA [$14],Y [E3F9BE] = $0093    A:0092 X:0064 Y:0064 S:034A D:0000 DB:7F P:nvmxdIzc V:36  H:194
C061D4 $9D $EA $AE     STA $AEEA,X [7FAF4E] = $0093    A:0093 X:0064 Y:0064 S:034A D:0000 DB:7F P:nvmxdIzc V:36  H:206
C061D7 $C8             INY                             A:0093 X:0064 Y:0064 S:034A D:0000 DB:7F P:nvmxdIzc V:36  H:216
C061D8 $C8             INY                             A:0093 X:0064 Y:0065 S:034A D:0000 DB:7F P:nvmxdIzc V:36  H:219
C061D9 $E8             INX                             A:0093 X:0064 Y:0066 S:034A D:0000 DB:7F P:nvmxdIzc V:36  H:222
C061DA $E8             INX                             A:0093 X:0065 Y:0066 S:034A D:0000 DB:7F P:nvmxdIzc V:36  H:225
C061DB $C6 $2E         DEC $2E [00002E] = $0043        A:0093 X:0066 Y:0066 S:034A D:0000 DB:7F P:nvmxdIzc V:36  H:228
C061DD $D0 $F3         BNE $C061D2                     A:0093 X:0066 Y:0066 S:034A D:0000 DB:7F P:nvmxdIzc V:36  H:240
C061D2 $B7 $14         LDA [$14],Y [E3F9C0] = $0094    A:0093 X:0066 Y:0066 S:034A D:0000 DB:7F P:nvmxdIzc V:36  H:245
C061D4 $9D $EA $AE     STA $AEEA,X [7FAF50] = $0094    A:0094 X:0066 Y:0066 S:034A D:0000 DB:7F P:nvmxdIzc V:36  H:257
C061D7 $C8             INY                             A:0094 X:0066 Y:0066 S:034A D:0000 DB:7F P:nvmxdIzc V:36  H:267
C061D8 $C8             INY                             A:0094 X:0066 Y:0067 S:034A D:0000 DB:7F P:nvmxdIzc V:36  H:270
C061D9 $E8             INX                             A:0094 X:0066 Y:0068 S:034A D:0000 DB:7F P:nvmxdIzc V:36  H:273
C061DA $E8             INX                             A:0094 X:0067 Y:0068 S:034A D:0000 DB:7F P:nvmxdIzc V:36  H:276
C061DB $C6 $2E         DEC $2E [00002E] = $0042        A:0094 X:0068 Y:0068 S:034A D:0000 DB:7F P:nvmxdIzc V:36  H:295
C061DD $D0 $F3         BNE $C061D2                     A:0094 X:0068 Y:0068 S:034A D:0000 DB:7F P:nvmxdIzc V:36  H:308
C061D2 $B7 $14         LDA [$14],Y [E3F9C2] = $0095    A:0094 X:0068 Y:0068 S:034A D:0000 DB:7F P:nvmxdIzc V:36  H:312
C061D4 $9D $EA $AE     STA $AEEA,X [7FAF52] = $0095    A:0095 X:0068 Y:0068 S:034A D:0000 DB:7F P:nvmxdIzc V:36  H:324
C061D7 $C8             INY                             A:0095 X:0068 Y:0068 S:034A D:0000 DB:7F P:nvmxdIzc V:36  H:333
C061D8 $C8             INY                             A:0095 X:0068 Y:0069 S:034A D:0000 DB:7F P:nvmxdIzc V:36  H:336
C061D9 $E8             INX                             A:0095 X:0068 Y:006A S:034A D:0000 DB:7F P:nvmxdIzc V:36  H:339
C061DA $E8             INX                             A:0095 X:0069 Y:006A S:034A D:0000 DB:7F P:nvmxdIzc V:37  H:2  
C061DB $C6 $2E         DEC $2E [00002E] = $0041        A:0095 X:006A Y:006A S:034A D:0000 DB:7F P:nvmxdIzc V:37  H:5  
C061DD $D0 $F3         BNE $C061D2                     A:0095 X:006A Y:006A S:034A D:0000 DB:7F P:nvmxdIzc V:37  H:18 
C061D2 $B7 $14         LDA [$14],Y [E3F9C4] = $0096    A:0095 X:006A Y:006A S:034A D:0000 DB:7F P:nvmxdIzc V:37  H:22 
C061D4 $9D $EA $AE     STA $AEEA,X [7FAF54] = $0096    A:0096 X:006A Y:006A S:034A D:0000 DB:7F P:nvmxdIzc V:37  H:34 
C061D7 $C8             INY                             A:0096 X:006A Y:006A S:034A D:0000 DB:7F P:nvmxdIzc V:37  H:44 
C061D8 $C8             INY                             A:0096 X:006A Y:006B S:034A D:0000 DB:7F P:nvmxdIzc V:37  H:47 
C061D9 $E8             INX                             A:0096 X:006A Y:006C S:034A D:0000 DB:7F P:nvmxdIzc V:37  H:50 
C061DA $E8             INX                             A:0096 X:006B Y:006C S:034A D:0000 DB:7F P:nvmxdIzc V:37  H:53 
C061DB $C6 $2E         DEC $2E [00002E] = $0040        A:0096 X:006C Y:006C S:034A D:0000 DB:7F P:nvmxdIzc V:37  H:56 
C061DD $D0 $F3         BNE $C061D2                     A:0096 X:006C Y:006C S:034A D:0000 DB:7F P:nvmxdIzc V:37  H:69 
C061D2 $B7 $14         LDA [$14],Y [E3F9C6] = $0097    A:0096 X:006C Y:006C S:034A D:0000 DB:7F P:nvmxdIzc V:37  H:73 
C061D4 $9D $EA $AE     STA $AEEA,X [7FAF56] = $0097    A:0097 X:006C Y:006C S:034A D:0000 DB:7F P:nvmxdIzc V:37  H:85 
C061D7 $C8             INY                             A:0097 X:006C Y:006C S:034A D:0000 DB:7F P:nvmxdIzc V:37  H:95 
C061D8 $C8             INY                             A:0097 X:006C Y:006D S:034A D:0000 DB:7F P:nvmxdIzc V:37  H:98 
C061D9 $E8             INX                             A:0097 X:006C Y:006E S:034A D:0000 DB:7F P:nvmxdIzc V:37  H:101
C061DA $E8             INX                             A:0097 X:006D Y:006E S:034A D:0000 DB:7F P:nvmxdIzc V:37  H:104
C061DB $C6 $2E         DEC $2E [00002E] = $003F        A:0097 X:006E Y:006E S:034A D:0000 DB:7F P:nvmxdIzc V:37  H:107
C061DD $D0 $F3         BNE $C061D2                     A:0097 X:006E Y:006E S:034A D:0000 DB:7F P:nvmxdIzc V:37  H:120
C061D2 $B7 $14         LDA [$14],Y [E3F9C8] = $0098    A:0097 X:006E Y:006E S:034A D:0000 DB:7F P:nvmxdIzc V:37  H:124
C061D4 $9D $EA $AE     STA $AEEA,X [7FAF58] = $0098    A:0098 X:006E Y:006E S:034A D:0000 DB:7F P:nvmxdIzc V:37  H:146
C061D7 $C8             INY                             A:0098 X:006E Y:006E S:034A D:0000 DB:7F P:nvmxdIzc V:37  H:156
C061D8 $C8             INY                             A:0098 X:006E Y:006F S:034A D:0000 DB:7F P:nvmxdIzc V:37  H:159
C061D9 $E8             INX                             A:0098 X:006E Y:0070 S:034A D:0000 DB:7F P:nvmxdIzc V:37  H:162
C061DA $E8             INX                             A:0098 X:006F Y:0070 S:034A D:0000 DB:7F P:nvmxdIzc V:37  H:165
C061DB $C6 $2E         DEC $2E [00002E] = $003E        A:0098 X:0070 Y:0070 S:034A D:0000 DB:7F P:nvmxdIzc V:37  H:168
C061DD $D0 $F3         BNE $C061D2                     A:0098 X:0070 Y:0070 S:034A D:0000 DB:7F P:nvmxdIzc V:37  H:181
C061D2 $B7 $14         LDA [$14],Y [E3F9CA] = $0099    A:0098 X:0070 Y:0070 S:034A D:0000 DB:7F P:nvmxdIzc V:37  H:185
C061D4 $9D $EA $AE     STA $AEEA,X [7FAF5A] = $0099    A:0099 X:0070 Y:0070 S:034A D:0000 DB:7F P:nvmxdIzc V:37  H:197
C061D7 $C8             INY                             A:0099 X:0070 Y:0070 S:034A D:0000 DB:7F P:nvmxdIzc V:37  H:207
C061D8 $C8             INY                             A:0099 X:0070 Y:0071 S:034A D:0000 DB:7F P:nvmxdIzc V:37  H:210
C061D9 $E8             INX                             A:0099 X:0070 Y:0072 S:034A D:0000 DB:7F P:nvmxdIzc V:37  H:213
C061DA $E8             INX                             A:0099 X:0071 Y:0072 S:034A D:0000 DB:7F P:nvmxdIzc V:37  H:216
C061DB $C6 $2E         DEC $2E [00002E] = $003D        A:0099 X:0072 Y:0072 S:034A D:0000 DB:7F P:nvmxdIzc V:37  H:219
C061DD $D0 $F3         BNE $C061D2                     A:0099 X:0072 Y:0072 S:034A D:0000 DB:7F P:nvmxdIzc V:37  H:232
C061D2 $B7 $14         LDA [$14],Y [E3F9CC] = $009A    A:0099 X:0072 Y:0072 S:034A D:0000 DB:7F P:nvmxdIzc V:37  H:236
C061D4 $9D $EA $AE     STA $AEEA,X [7FAF5C] = $009A    A:009A X:0072 Y:0072 S:034A D:0000 DB:7F P:nvmxdIzc V:37  H:248
C061D7 $C8             INY                             A:009A X:0072 Y:0072 S:034A D:0000 DB:7F P:nvmxdIzc V:37  H:258
C061D8 $C8             INY                             A:009A X:0072 Y:0073 S:034A D:0000 DB:7F P:nvmxdIzc V:37  H:261
C061D9 $E8             INX                             A:009A X:0072 Y:0074 S:034A D:0000 DB:7F P:nvmxdIzc V:37  H:264
C061DA $E8             INX                             A:009A X:0073 Y:0074 S:034A D:0000 DB:7F P:nvmxdIzc V:37  H:267
C061DB $C6 $2E         DEC $2E [00002E] = $003C        A:009A X:0074 Y:0074 S:034A D:0000 DB:7F P:nvmxdIzc V:37  H:270
C061DD $D0 $F3         BNE $C061D2                     A:009A X:0074 Y:0074 S:034A D:0000 DB:7F P:nvmxdIzc V:37  H:299
C061D2 $B7 $14         LDA [$14],Y [E3F9CE] = $009B    A:009A X:0074 Y:0074 S:034A D:0000 DB:7F P:nvmxdIzc V:37  H:304
C061D4 $9D $EA $AE     STA $AEEA,X [7FAF5E] = $009B    A:009B X:0074 Y:0074 S:034A D:0000 DB:7F P:nvmxdIzc V:37  H:316
C061D7 $C8             INY                             A:009B X:0074 Y:0074 S:034A D:0000 DB:7F P:nvmxdIzc V:37  H:325
C061D8 $C8             INY                             A:009B X:0074 Y:0075 S:034A D:0000 DB:7F P:nvmxdIzc V:37  H:328
C061D9 $E8             INX                             A:009B X:0074 Y:0076 S:034A D:0000 DB:7F P:nvmxdIzc V:37  H:331
C061DA $E8             INX                             A:009B X:0075 Y:0076 S:034A D:0000 DB:7F P:nvmxdIzc V:37  H:334
C061DB $C6 $2E         DEC $2E [00002E] = $003B        A:009B X:0076 Y:0076 S:034A D:0000 DB:7F P:nvmxdIzc V:37  H:337
C061DD $D0 $F3         BNE $C061D2                     A:009B X:0076 Y:0076 S:034A D:0000 DB:7F P:nvmxdIzc V:38  H:9  
C061D2 $B7 $14         LDA [$14],Y [E3F9D0] = $009C    A:009B X:0076 Y:0076 S:034A D:0000 DB:7F P:nvmxdIzc V:38  H:14 
C061D4 $9D $EA $AE     STA $AEEA,X [7FAF60] = $009C    A:009C X:0076 Y:0076 S:034A D:0000 DB:7F P:nvmxdIzc V:38  H:26 
C061D7 $C8             INY                             A:009C X:0076 Y:0076 S:034A D:0000 DB:7F P:nvmxdIzc V:38  H:36 
C061D8 $C8             INY                             A:009C X:0076 Y:0077 S:034A D:0000 DB:7F P:nvmxdIzc V:38  H:39 
C061D9 $E8             INX                             A:009C X:0076 Y:0078 S:034A D:0000 DB:7F P:nvmxdIzc V:38  H:42 
C061DA $E8             INX                             A:009C X:0077 Y:0078 S:034A D:0000 DB:7F P:nvmxdIzc V:38  H:45 
C061DB $C6 $2E         DEC $2E [00002E] = $003A        A:009C X:0078 Y:0078 S:034A D:0000 DB:7F P:nvmxdIzc V:38  H:48 
C061DD $D0 $F3         BNE $C061D2                     A:009C X:0078 Y:0078 S:034A D:0000 DB:7F P:nvmxdIzc V:38  H:60 
C061D2 $B7 $14         LDA [$14],Y [E3F9D2] = $009D    A:009C X:0078 Y:0078 S:034A D:0000 DB:7F P:nvmxdIzc V:38  H:65 
C061D4 $9D $EA $AE     STA $AEEA,X [7FAF62] = $009D    A:009D X:0078 Y:0078 S:034A D:0000 DB:7F P:nvmxdIzc V:38  H:77 
C061D7 $C8             INY                             A:009D X:0078 Y:0078 S:034A D:0000 DB:7F P:nvmxdIzc V:38  H:87 
C061D8 $C8             INY                             A:009D X:0078 Y:0079 S:034A D:0000 DB:7F P:nvmxdIzc V:38  H:90 
C061D9 $E8             INX                             A:009D X:0078 Y:007A S:034A D:0000 DB:7F P:nvmxdIzc V:38  H:93 
C061DA $E8             INX                             A:009D X:0079 Y:007A S:034A D:0000 DB:7F P:nvmxdIzc V:38  H:96 
C061DB $C6 $2E         DEC $2E [00002E] = $0039        A:009D X:007A Y:007A S:034A D:0000 DB:7F P:nvmxdIzc V:38  H:99 
C061DD $D0 $F3         BNE $C061D2                     A:009D X:007A Y:007A S:034A D:0000 DB:7F P:nvmxdIzc V:38  H:111
C061D2 $B7 $14         LDA [$14],Y [E3F9D4] = $009E    A:009D X:007A Y:007A S:034A D:0000 DB:7F P:nvmxdIzc V:38  H:116
C061D4 $9D $EA $AE     STA $AEEA,X [7FAF64] = $009E    A:009E X:007A Y:007A S:034A D:0000 DB:7F P:nvmxdIzc V:38  H:128
C061D7 $C8             INY                             A:009E X:007A Y:007A S:034A D:0000 DB:7F P:nvmxdIzc V:38  H:148
C061D8 $C8             INY                             A:009E X:007A Y:007B S:034A D:0000 DB:7F P:nvmxdIzc V:38  H:151
C061D9 $E8             INX                             A:009E X:007A Y:007C S:034A D:0000 DB:7F P:nvmxdIzc V:38  H:154
C061DA $E8             INX                             A:009E X:007B Y:007C S:034A D:0000 DB:7F P:nvmxdIzc V:38  H:157
C061DB $C6 $2E         DEC $2E [00002E] = $0038        A:009E X:007C Y:007C S:034A D:0000 DB:7F P:nvmxdIzc V:38  H:160
C061DD $D0 $F3         BNE $C061D2                     A:009E X:007C Y:007C S:034A D:0000 DB:7F P:nvmxdIzc V:38  H:172
C061D2 $B7 $14         LDA [$14],Y [E3F9D6] = $009F    A:009E X:007C Y:007C S:034A D:0000 DB:7F P:nvmxdIzc V:38  H:177
C061D4 $9D $EA $AE     STA $AEEA,X [7FAF66] = $009F    A:009F X:007C Y:007C S:034A D:0000 DB:7F P:nvmxdIzc V:38  H:189
C061D7 $C8             INY                             A:009F X:007C Y:007C S:034A D:0000 DB:7F P:nvmxdIzc V:38  H:199
C061D8 $C8             INY                             A:009F X:007C Y:007D S:034A D:0000 DB:7F P:nvmxdIzc V:38  H:202
C061D9 $E8             INX                             A:009F X:007C Y:007E S:034A D:0000 DB:7F P:nvmxdIzc V:38  H:205
C061DA $E8             INX                             A:009F X:007D Y:007E S:034A D:0000 DB:7F P:nvmxdIzc V:38  H:208
C061DB $C6 $2E         DEC $2E [00002E] = $0037        A:009F X:007E Y:007E S:034A D:0000 DB:7F P:nvmxdIzc V:38  H:211
C061DD $D0 $F3         BNE $C061D2                     A:009F X:007E Y:007E S:034A D:0000 DB:7F P:nvmxdIzc V:38  H:223
C061D2 $B7 $14         LDA [$14],Y [E3F9D8] = $00A0    A:009F X:007E Y:007E S:034A D:0000 DB:7F P:nvmxdIzc V:38  H:228
C061D4 $9D $EA $AE     STA $AEEA,X [7FAF68] = $00A0    A:00A0 X:007E Y:007E S:034A D:0000 DB:7F P:nvmxdIzc V:38  H:240
C061D7 $C8             INY                             A:00A0 X:007E Y:007E S:034A D:0000 DB:7F P:nvmxdIzc V:38  H:250
C061D8 $C8             INY                             A:00A0 X:007E Y:007F S:034A D:0000 DB:7F P:nvmxdIzc V:38  H:253
C061D9 $E8             INX                             A:00A0 X:007E Y:0080 S:034A D:0000 DB:7F P:nvmxdIzc V:38  H:256
C061DA $E8             INX                             A:00A0 X:007F Y:0080 S:034A D:0000 DB:7F P:nvmxdIzc V:38  H:259
C061DB $C6 $2E         DEC $2E [00002E] = $0036        A:00A0 X:0080 Y:0080 S:034A D:0000 DB:7F P:nvmxdIzc V:38  H:262
C061DD $D0 $F3         BNE $C061D2                     A:00A0 X:0080 Y:0080 S:034A D:0000 DB:7F P:nvmxdIzc V:38  H:274
C061D2 $B7 $14         LDA [$14],Y [E3F9DA] = $00A1    A:00A0 X:0080 Y:0080 S:034A D:0000 DB:7F P:nvmxdIzc V:38  H:295
C061D4 $9D $EA $AE     STA $AEEA,X [7FAF6A] = $00A1    A:00A1 X:0080 Y:0080 S:034A D:0000 DB:7F P:nvmxdIzc V:38  H:307
C061D7 $C8             INY                             A:00A1 X:0080 Y:0080 S:034A D:0000 DB:7F P:nvmxdIzc V:38  H:317
C061D8 $C8             INY                             A:00A1 X:0080 Y:0081 S:034A D:0000 DB:7F P:nvmxdIzc V:38  H:320
C061D9 $E8             INX                             A:00A1 X:0080 Y:0082 S:034A D:0000 DB:7F P:nvmxdIzc V:38  H:323
C061DA $E8             INX                             A:00A1 X:0081 Y:0082 S:034A D:0000 DB:7F P:nvmxdIzc V:38  H:326
C061DB $C6 $2E         DEC $2E [00002E] = $0035        A:00A1 X:0082 Y:0082 S:034A D:0000 DB:7F P:nvmxdIzc V:38  H:328
C061DD $D0 $F3         BNE $C061D2                     A:00A1 X:0082 Y:0082 S:034A D:0000 DB:7F P:nvmxdIzc V:39  H:1  
C061D2 $B7 $14         LDA [$14],Y [E3F9DC] = $00A2    A:00A1 X:0082 Y:0082 S:034A D:0000 DB:7F P:nvmxdIzc V:39  H:5  
C061D4 $9D $EA $AE     STA $AEEA,X [7FAF6C] = $00A2    A:00A2 X:0082 Y:0082 S:034A D:0000 DB:7F P:nvmxdIzc V:39  H:17 
C061D7 $C8             INY                             A:00A2 X:0082 Y:0082 S:034A D:0000 DB:7F P:nvmxdIzc V:39  H:27 
C061D8 $C8             INY                             A:00A2 X:0082 Y:0083 S:034A D:0000 DB:7F P:nvmxdIzc V:39  H:30 
C061D9 $E8             INX                             A:00A2 X:0082 Y:0084 S:034A D:0000 DB:7F P:nvmxdIzc V:39  H:33 
C061DA $E8             INX                             A:00A2 X:0083 Y:0084 S:034A D:0000 DB:7F P:nvmxdIzc V:39  H:36 
C061DB $C6 $2E         DEC $2E [00002E] = $0034        A:00A2 X:0084 Y:0084 S:034A D:0000 DB:7F P:nvmxdIzc V:39  H:39 
C061DD $D0 $F3         BNE $C061D2                     A:00A2 X:0084 Y:0084 S:034A D:0000 DB:7F P:nvmxdIzc V:39  H:52 
C061D2 $B7 $14         LDA [$14],Y [E3F9DE] = $00A3    A:00A2 X:0084 Y:0084 S:034A D:0000 DB:7F P:nvmxdIzc V:39  H:56 
C061D4 $9D $EA $AE     STA $AEEA,X [7FAF6E] = $00A3    A:00A3 X:0084 Y:0084 S:034A D:0000 DB:7F P:nvmxdIzc V:39  H:68 
C061D7 $C8             INY                             A:00A3 X:0084 Y:0084 S:034A D:0000 DB:7F P:nvmxdIzc V:39  H:78 
C061D8 $C8             INY                             A:00A3 X:0084 Y:0085 S:034A D:0000 DB:7F P:nvmxdIzc V:39  H:81 
C061D9 $E8             INX                             A:00A3 X:0084 Y:0086 S:034A D:0000 DB:7F P:nvmxdIzc V:39  H:84 
C061DA $E8             INX                             A:00A3 X:0085 Y:0086 S:034A D:0000 DB:7F P:nvmxdIzc V:39  H:87 
C061DB $C6 $2E         DEC $2E [00002E] = $0033        A:00A3 X:0086 Y:0086 S:034A D:0000 DB:7F P:nvmxdIzc V:39  H:90 
C061DD $D0 $F3         BNE $C061D2                     A:00A3 X:0086 Y:0086 S:034A D:0000 DB:7F P:nvmxdIzc V:39  H:103
C061D2 $B7 $14         LDA [$14],Y [E3F9E0] = $00A4    A:00A3 X:0086 Y:0086 S:034A D:0000 DB:7F P:nvmxdIzc V:39  H:107
C061D4 $9D $EA $AE     STA $AEEA,X [7FAF70] = $00A4    A:00A4 X:0086 Y:0086 S:034A D:0000 DB:7F P:nvmxdIzc V:39  H:119
C061D7 $C8             INY                             A:00A4 X:0086 Y:0086 S:034A D:0000 DB:7F P:nvmxdIzc V:39  H:129
C061D8 $C8             INY                             A:00A4 X:0086 Y:0087 S:034A D:0000 DB:7F P:nvmxdIzc V:39  H:132
C061D9 $E8             INX                             A:00A4 X:0086 Y:0088 S:034A D:0000 DB:7F P:nvmxdIzc V:39  H:145
C061DA $E8             INX                             A:00A4 X:0087 Y:0088 S:034A D:0000 DB:7F P:nvmxdIzc V:39  H:148
C061DB $C6 $2E         DEC $2E [00002E] = $0032        A:00A4 X:0088 Y:0088 S:034A D:0000 DB:7F P:nvmxdIzc V:39  H:151
C061DD $D0 $F3         BNE $C061D2                     A:00A4 X:0088 Y:0088 S:034A D:0000 DB:7F P:nvmxdIzc V:39  H:164
C061D2 $B7 $14         LDA [$14],Y [E3F9E2] = $00A5    A:00A4 X:0088 Y:0088 S:034A D:0000 DB:7F P:nvmxdIzc V:39  H:168
C061D4 $9D $EA $AE     STA $AEEA,X [7FAF72] = $00A5    A:00A5 X:0088 Y:0088 S:034A D:0000 DB:7F P:nvmxdIzc V:39  H:180
C061D7 $C8             INY                             A:00A5 X:0088 Y:0088 S:034A D:0000 DB:7F P:nvmxdIzc V:39  H:190
C061D8 $C8             INY                             A:00A5 X:0088 Y:0089 S:034A D:0000 DB:7F P:nvmxdIzc V:39  H:193
C061D9 $E8             INX                             A:00A5 X:0088 Y:008A S:034A D:0000 DB:7F P:nvmxdIzc V:39  H:196
C061DA $E8             INX                             A:00A5 X:0089 Y:008A S:034A D:0000 DB:7F P:nvmxdIzc V:39  H:199
C061DB $C6 $2E         DEC $2E [00002E] = $0031        A:00A5 X:008A Y:008A S:034A D:0000 DB:7F P:nvmxdIzc V:39  H:202
C061DD $D0 $F3         BNE $C061D2                     A:00A5 X:008A Y:008A S:034A D:0000 DB:7F P:nvmxdIzc V:39  H:215
C061D2 $B7 $14         LDA [$14],Y [E3F9E4] = $00A6    A:00A5 X:008A Y:008A S:034A D:0000 DB:7F P:nvmxdIzc V:39  H:219
C061D4 $9D $EA $AE     STA $AEEA,X [7FAF74] = $00A6    A:00A6 X:008A Y:008A S:034A D:0000 DB:7F P:nvmxdIzc V:39  H:231
C061D7 $C8             INY                             A:00A6 X:008A Y:008A S:034A D:0000 DB:7F P:nvmxdIzc V:39  H:241
C061D8 $C8             INY                             A:00A6 X:008A Y:008B S:034A D:0000 DB:7F P:nvmxdIzc V:39  H:244
C061D9 $E8             INX                             A:00A6 X:008A Y:008C S:034A D:0000 DB:7F P:nvmxdIzc V:39  H:247
C061DA $E8             INX                             A:00A6 X:008B Y:008C S:034A D:0000 DB:7F P:nvmxdIzc V:39  H:250
C061DB $C6 $2E         DEC $2E [00002E] = $0030        A:00A6 X:008C Y:008C S:034A D:0000 DB:7F P:nvmxdIzc V:39  H:253
C061DD $D0 $F3         BNE $C061D2                     A:00A6 X:008C Y:008C S:034A D:0000 DB:7F P:nvmxdIzc V:39  H:266
C061D2 $B7 $14         LDA [$14],Y [E3F9E6] = $00A7    A:00A6 X:008C Y:008C S:034A D:0000 DB:7F P:nvmxdIzc V:39  H:270
C061D4 $9D $EA $AE     STA $AEEA,X [7FAF76] = $00A7    A:00A7 X:008C Y:008C S:034A D:0000 DB:7F P:nvmxdIzc V:39  H:322
C061D7 $C8             INY                             A:00A7 X:008C Y:008C S:034A D:0000 DB:7F P:nvmxdIzc V:39  H:331
C061D8 $C8             INY                             A:00A7 X:008C Y:008D S:034A D:0000 DB:7F P:nvmxdIzc V:39  H:334
C061D9 $E8             INX                             A:00A7 X:008C Y:008E S:034A D:0000 DB:7F P:nvmxdIzc V:39  H:337
C061DA $E8             INX                             A:00A7 X:008D Y:008E S:034A D:0000 DB:7F P:nvmxdIzc V:40  H:0  
C061DB $C6 $2E         DEC $2E [00002E] = $002F        A:00A7 X:008E Y:008E S:034A D:0000 DB:7F P:nvmxdIzc V:40  H:3  
C061DD $D0 $F3         BNE $C061D2                     A:00A7 X:008E Y:008E S:034A D:0000 DB:7F P:nvmxdIzc V:40  H:16 
C061D2 $B7 $14         LDA [$14],Y [E3F9E8] = $00A8    A:00A7 X:008E Y:008E S:034A D:0000 DB:7F P:nvmxdIzc V:40  H:20 
C061D4 $9D $EA $AE     STA $AEEA,X [7FAF78] = $00A8    A:00A8 X:008E Y:008E S:034A D:0000 DB:7F P:nvmxdIzc V:40  H:32 
C061D7 $C8             INY                             A:00A8 X:008E Y:008E S:034A D:0000 DB:7F P:nvmxdIzc V:40  H:42 
C061D8 $C8             INY                             A:00A8 X:008E Y:008F S:034A D:0000 DB:7F P:nvmxdIzc V:40  H:45 
C061D9 $E8             INX                             A:00A8 X:008E Y:0090 S:034A D:0000 DB:7F P:nvmxdIzc V:40  H:48 
C061DA $E8             INX                             A:00A8 X:008F Y:0090 S:034A D:0000 DB:7F P:nvmxdIzc V:40  H:51 
C061DB $C6 $2E         DEC $2E [00002E] = $002E        A:00A8 X:0090 Y:0090 S:034A D:0000 DB:7F P:nvmxdIzc V:40  H:54 
C061DD $D0 $F3         BNE $C061D2                     A:00A8 X:0090 Y:0090 S:034A D:0000 DB:7F P:nvmxdIzc V:40  H:67 
C061D2 $B7 $14         LDA [$14],Y [E3F9EA] = $00A9    A:00A8 X:0090 Y:0090 S:034A D:0000 DB:7F P:nvmxdIzc V:40  H:71 
C061D4 $9D $EA $AE     STA $AEEA,X [7FAF7A] = $00A9    A:00A9 X:0090 Y:0090 S:034A D:0000 DB:7F P:nvmxdIzc V:40  H:83 
C061D7 $C8             INY                             A:00A9 X:0090 Y:0090 S:034A D:0000 DB:7F P:nvmxdIzc V:40  H:93 
C061D8 $C8             INY                             A:00A9 X:0090 Y:0091 S:034A D:0000 DB:7F P:nvmxdIzc V:40  H:96 
C061D9 $E8             INX                             A:00A9 X:0090 Y:0092 S:034A D:0000 DB:7F P:nvmxdIzc V:40  H:99 
C061DA $E8             INX                             A:00A9 X:0091 Y:0092 S:034A D:0000 DB:7F P:nvmxdIzc V:40  H:102
C061DB $C6 $2E         DEC $2E [00002E] = $002D        A:00A9 X:0092 Y:0092 S:034A D:0000 DB:7F P:nvmxdIzc V:40  H:105
C061DD $D0 $F3         BNE $C061D2                     A:00A9 X:0092 Y:0092 S:034A D:0000 DB:7F P:nvmxdIzc V:40  H:118
C061D2 $B7 $14         LDA [$14],Y [E3F9EC] = $00AA    A:00A9 X:0092 Y:0092 S:034A D:0000 DB:7F P:nvmxdIzc V:40  H:122
C061D4 $9D $EA $AE     STA $AEEA,X [7FAF7C] = $00AA    A:00AA X:0092 Y:0092 S:034A D:0000 DB:7F P:nvmxdIzc V:40  H:144
C061D7 $C8             INY                             A:00AA X:0092 Y:0092 S:034A D:0000 DB:7F P:nvmxdIzc V:40  H:154
C061D8 $C8             INY                             A:00AA X:0092 Y:0093 S:034A D:0000 DB:7F P:nvmxdIzc V:40  H:157
C061D9 $E8             INX                             A:00AA X:0092 Y:0094 S:034A D:0000 DB:7F P:nvmxdIzc V:40  H:160
C061DA $E8             INX                             A:00AA X:0093 Y:0094 S:034A D:0000 DB:7F P:nvmxdIzc V:40  H:163
C061DB $C6 $2E         DEC $2E [00002E] = $002C        A:00AA X:0094 Y:0094 S:034A D:0000 DB:7F P:nvmxdIzc V:40  H:166
C061DD $D0 $F3         BNE $C061D2                     A:00AA X:0094 Y:0094 S:034A D:0000 DB:7F P:nvmxdIzc V:40  H:179
C061D2 $B7 $14         LDA [$14],Y [E3F9EE] = $00AB    A:00AA X:0094 Y:0094 S:034A D:0000 DB:7F P:nvmxdIzc V:40  H:183
C061D4 $9D $EA $AE     STA $AEEA,X [7FAF7E] = $00AB    A:00AB X:0094 Y:0094 S:034A D:0000 DB:7F P:nvmxdIzc V:40  H:195
C061D7 $C8             INY                             A:00AB X:0094 Y:0094 S:034A D:0000 DB:7F P:nvmxdIzc V:40  H:205
C061D8 $C8             INY                             A:00AB X:0094 Y:0095 S:034A D:0000 DB:7F P:nvmxdIzc V:40  H:208
C061D9 $E8             INX                             A:00AB X:0094 Y:0096 S:034A D:0000 DB:7F P:nvmxdIzc V:40  H:211
C061DA $E8             INX                             A:00AB X:0095 Y:0096 S:034A D:0000 DB:7F P:nvmxdIzc V:40  H:214
C061DB $C6 $2E         DEC $2E [00002E] = $002B        A:00AB X:0096 Y:0096 S:034A D:0000 DB:7F P:nvmxdIzc V:40  H:217
C061DD $D0 $F3         BNE $C061D2                     A:00AB X:0096 Y:0096 S:034A D:0000 DB:7F P:nvmxdIzc V:40  H:230
C061D2 $B7 $14         LDA [$14],Y [E3F9F0] = $00AC    A:00AB X:0096 Y:0096 S:034A D:0000 DB:7F P:nvmxdIzc V:40  H:234
C061D4 $9D $EA $AE     STA $AEEA,X [7FAF80] = $00AC    A:00AC X:0096 Y:0096 S:034A D:0000 DB:7F P:nvmxdIzc V:40  H:246
C061D7 $C8             INY                             A:00AC X:0096 Y:0096 S:034A D:0000 DB:7F P:nvmxdIzc V:40  H:256
C061D8 $C8             INY                             A:00AC X:0096 Y:0097 S:034A D:0000 DB:7F P:nvmxdIzc V:40  H:259
C061D9 $E8             INX                             A:00AC X:0096 Y:0098 S:034A D:0000 DB:7F P:nvmxdIzc V:40  H:262
C061DA $E8             INX                             A:00AC X:0097 Y:0098 S:034A D:0000 DB:7F P:nvmxdIzc V:40  H:265
C061DB $C6 $2E         DEC $2E [00002E] = $002A        A:00AC X:0098 Y:0098 S:034A D:0000 DB:7F P:nvmxdIzc V:40  H:268
C061DD $D0 $F3         BNE $C061D2                     A:00AC X:0098 Y:0098 S:034A D:0000 DB:7F P:nvmxdIzc V:40  H:323
C061D2 $B7 $14         LDA [$14],Y [E3F9F2] = $00AD    A:00AC X:0098 Y:0098 S:034A D:0000 DB:7F P:nvmxdIzc V:40  H:327
C061D4 $9D $EA $AE     STA $AEEA,X [7FAF82] = $00AD    A:00AD X:0098 Y:0098 S:034A D:0000 DB:7F P:nvmxdIzc V:40  H:338
C061D7 $C8             INY                             A:00AD X:0098 Y:0098 S:034A D:0000 DB:7F P:nvmxdIzc V:41  H:8  
C061D8 $C8             INY                             A:00AD X:0098 Y:0099 S:034A D:0000 DB:7F P:nvmxdIzc V:41  H:11 
C061D9 $E8             INX                             A:00AD X:0098 Y:009A S:034A D:0000 DB:7F P:nvmxdIzc V:41  H:14 
C061DA $E8             INX                             A:00AD X:0099 Y:009A S:034A D:0000 DB:7F P:nvmxdIzc V:41  H:17 
C061DB $C6 $2E         DEC $2E [00002E] = $0029        A:00AD X:009A Y:009A S:034A D:0000 DB:7F P:nvmxdIzc V:41  H:20 
C061DD $D0 $F3         BNE $C061D2                     A:00AD X:009A Y:009A S:034A D:0000 DB:7F P:nvmxdIzc V:41  H:33 
C061D2 $B7 $14         LDA [$14],Y [E3F9F4] = $00AE    A:00AD X:009A Y:009A S:034A D:0000 DB:7F P:nvmxdIzc V:41  H:37 
C061D4 $9D $EA $AE     STA $AEEA,X [7FAF84] = $00AE    A:00AE X:009A Y:009A S:034A D:0000 DB:7F P:nvmxdIzc V:41  H:49 
C061D7 $C8             INY                             A:00AE X:009A Y:009A S:034A D:0000 DB:7F P:nvmxdIzc V:41  H:59 
C061D8 $C8             INY                             A:00AE X:009A Y:009B S:034A D:0000 DB:7F P:nvmxdIzc V:41  H:62 
C061D9 $E8             INX                             A:00AE X:009A Y:009C S:034A D:0000 DB:7F P:nvmxdIzc V:41  H:65 
C061DA $E8             INX                             A:00AE X:009B Y:009C S:034A D:0000 DB:7F P:nvmxdIzc V:41  H:68 
C061DB $C6 $2E         DEC $2E [00002E] = $0028        A:00AE X:009C Y:009C S:034A D:0000 DB:7F P:nvmxdIzc V:41  H:71 
C061DD $D0 $F3         BNE $C061D2                     A:00AE X:009C Y:009C S:034A D:0000 DB:7F P:nvmxdIzc V:41  H:84 
C061D2 $B7 $14         LDA [$14],Y [E3F9F6] = $00AF    A:00AE X:009C Y:009C S:034A D:0000 DB:7F P:nvmxdIzc V:41  H:88 
C061D4 $9D $EA $AE     STA $AEEA,X [7FAF86] = $00AF    A:00AF X:009C Y:009C S:034A D:0000 DB:7F P:nvmxdIzc V:41  H:100
C061D7 $C8             INY                             A:00AF X:009C Y:009C S:034A D:0000 DB:7F P:nvmxdIzc V:41  H:110
C061D8 $C8             INY                             A:00AF X:009C Y:009D S:034A D:0000 DB:7F P:nvmxdIzc V:41  H:113
C061D9 $E8             INX                             A:00AF X:009C Y:009E S:034A D:0000 DB:7F P:nvmxdIzc V:41  H:116
C061DA $E8             INX                             A:00AF X:009D Y:009E S:034A D:0000 DB:7F P:nvmxdIzc V:41  H:119
C061DB $C6 $2E         DEC $2E [00002E] = $0027        A:00AF X:009E Y:009E S:034A D:0000 DB:7F P:nvmxdIzc V:41  H:122
C061DD $D0 $F3         BNE $C061D2                     A:00AF X:009E Y:009E S:034A D:0000 DB:7F P:nvmxdIzc V:41  H:145
C061D2 $B7 $14         LDA [$14],Y [E3F9F8] = $00B0    A:00AF X:009E Y:009E S:034A D:0000 DB:7F P:nvmxdIzc V:41  H:149
C061D4 $9D $EA $AE     STA $AEEA,X [7FAF88] = $00B0    A:00B0 X:009E Y:009E S:034A D:0000 DB:7F P:nvmxdIzc V:41  H:161
C061D7 $C8             INY                             A:00B0 X:009E Y:009E S:034A D:0000 DB:7F P:nvmxdIzc V:41  H:171
C061D8 $C8             INY                             A:00B0 X:009E Y:009F S:034A D:0000 DB:7F P:nvmxdIzc V:41  H:174
C061D9 $E8             INX                             A:00B0 X:009E Y:00A0 S:034A D:0000 DB:7F P:nvmxdIzc V:41  H:177
C061DA $E8             INX                             A:00B0 X:009F Y:00A0 S:034A D:0000 DB:7F P:nvmxdIzc V:41  H:180
C061DB $C6 $2E         DEC $2E [00002E] = $0026        A:00B0 X:00A0 Y:00A0 S:034A D:0000 DB:7F P:nvmxdIzc V:41  H:183
C061DD $D0 $F3         BNE $C061D2                     A:00B0 X:00A0 Y:00A0 S:034A D:0000 DB:7F P:nvmxdIzc V:41  H:196
C061D2 $B7 $14         LDA [$14],Y [E3F9FA] = $00B1    A:00B0 X:00A0 Y:00A0 S:034A D:0000 DB:7F P:nvmxdIzc V:41  H:200
C061D4 $9D $EA $AE     STA $AEEA,X [7FAF8A] = $00B1    A:00B1 X:00A0 Y:00A0 S:034A D:0000 DB:7F P:nvmxdIzc V:41  H:212
C061D7 $C8             INY                             A:00B1 X:00A0 Y:00A0 S:034A D:0000 DB:7F P:nvmxdIzc V:41  H:222
C061D8 $C8             INY                             A:00B1 X:00A0 Y:00A1 S:034A D:0000 DB:7F P:nvmxdIzc V:41  H:225
C061D9 $E8             INX                             A:00B1 X:00A0 Y:00A2 S:034A D:0000 DB:7F P:nvmxdIzc V:41  H:228
C061DA $E8             INX                             A:00B1 X:00A1 Y:00A2 S:034A D:0000 DB:7F P:nvmxdIzc V:41  H:231
C061DB $C6 $2E         DEC $2E [00002E] = $0025        A:00B1 X:00A2 Y:00A2 S:034A D:0000 DB:7F P:nvmxdIzc V:41  H:234
C061DD $D0 $F3         BNE $C061D2                     A:00B1 X:00A2 Y:00A2 S:034A D:0000 DB:7F P:nvmxdIzc V:41  H:247
C061D2 $B7 $14         LDA [$14],Y [E3F9FC] = $00B2    A:00B1 X:00A2 Y:00A2 S:034A D:0000 DB:7F P:nvmxdIzc V:41  H:251
C061D4 $9D $EA $AE     STA $AEEA,X [7FAF8C] = $00B2    A:00B2 X:00A2 Y:00A2 S:034A D:0000 DB:7F P:nvmxdIzc V:41  H:263
C061D7 $C8             INY                             A:00B2 X:00A2 Y:00A2 S:034A D:0000 DB:7F P:nvmxdIzc V:41  H:273
C061D8 $C8             INY                             A:00B2 X:00A2 Y:00A3 S:034A D:0000 DB:7F P:nvmxdIzc V:41  H:293
C061D9 $E8             INX                             A:00B2 X:00A2 Y:00A4 S:034A D:0000 DB:7F P:nvmxdIzc V:41  H:296
C061DA $E8             INX                             A:00B2 X:00A3 Y:00A4 S:034A D:0000 DB:7F P:nvmxdIzc V:41  H:299
C061DB $C6 $2E         DEC $2E [00002E] = $0024        A:00B2 X:00A4 Y:00A4 S:034A D:0000 DB:7F P:nvmxdIzc V:41  H:302
C061DD $D0 $F3         BNE $C061D2                     A:00B2 X:00A4 Y:00A4 S:034A D:0000 DB:7F P:nvmxdIzc V:41  H:314
C061D2 $B7 $14         LDA [$14],Y [E3F9FE] = $00B3    A:00B2 X:00A4 Y:00A4 S:034A D:0000 DB:7F P:nvmxdIzc V:41  H:319
C061D4 $9D $EA $AE     STA $AEEA,X [7FAF8E] = $00B3    A:00B3 X:00A4 Y:00A4 S:034A D:0000 DB:7F P:nvmxdIzc V:41  H:330
C061D7 $C8             INY                             A:00B3 X:00A4 Y:00A4 S:034A D:0000 DB:7F P:nvmxdIzc V:42  H:0  
C061D8 $C8             INY                             A:00B3 X:00A4 Y:00A5 S:034A D:0000 DB:7F P:nvmxdIzc V:42  H:3  
C061D9 $E8             INX                             A:00B3 X:00A4 Y:00A6 S:034A D:0000 DB:7F P:nvmxdIzc V:42  H:6  
C061DA $E8             INX                             A:00B3 X:00A5 Y:00A6 S:034A D:0000 DB:7F P:nvmxdIzc V:42  H:9  
C061DB $C6 $2E         DEC $2E [00002E] = $0023        A:00B3 X:00A6 Y:00A6 S:034A D:0000 DB:7F P:nvmxdIzc V:42  H:12 
C061DD $D0 $F3         BNE $C061D2                     A:00B3 X:00A6 Y:00A6 S:034A D:0000 DB:7F P:nvmxdIzc V:42  H:24 
C061D2 $B7 $14         LDA [$14],Y [E3FA00] = $00B4    A:00B3 X:00A6 Y:00A6 S:034A D:0000 DB:7F P:nvmxdIzc V:42  H:29 
C061D4 $9D $EA $AE     STA $AEEA,X [7FAF90] = $00B4    A:00B4 X:00A6 Y:00A6 S:034A D:0000 DB:7F P:nvmxdIzc V:42  H:41 
C061D7 $C8             INY                             A:00B4 X:00A6 Y:00A6 S:034A D:0000 DB:7F P:nvmxdIzc V:42  H:51 
C061D8 $C8             INY                             A:00B4 X:00A6 Y:00A7 S:034A D:0000 DB:7F P:nvmxdIzc V:42  H:54 
C061D9 $E8             INX                             A:00B4 X:00A6 Y:00A8 S:034A D:0000 DB:7F P:nvmxdIzc V:42  H:57 
C061DA $E8             INX                             A:00B4 X:00A7 Y:00A8 S:034A D:0000 DB:7F P:nvmxdIzc V:42  H:60 
C061DB $C6 $2E         DEC $2E [00002E] = $0022        A:00B4 X:00A8 Y:00A8 S:034A D:0000 DB:7F P:nvmxdIzc V:42  H:63 
C061DD $D0 $F3         BNE $C061D2                     A:00B4 X:00A8 Y:00A8 S:034A D:0000 DB:7F P:nvmxdIzc V:42  H:75 
C061D2 $B7 $14         LDA [$14],Y [E3FA02] = $00B5    A:00B4 X:00A8 Y:00A8 S:034A D:0000 DB:7F P:nvmxdIzc V:42  H:80 
C061D4 $9D $EA $AE     STA $AEEA,X [7FAF92] = $00B5    A:00B5 X:00A8 Y:00A8 S:034A D:0000 DB:7F P:nvmxdIzc V:42  H:92 
C061D7 $C8             INY                             A:00B5 X:00A8 Y:00A8 S:034A D:0000 DB:7F P:nvmxdIzc V:42  H:102
C061D8 $C8             INY                             A:00B5 X:00A8 Y:00A9 S:034A D:0000 DB:7F P:nvmxdIzc V:42  H:105
C061D9 $E8             INX                             A:00B5 X:00A8 Y:00AA S:034A D:0000 DB:7F P:nvmxdIzc V:42  H:108
C061DA $E8             INX                             A:00B5 X:00A9 Y:00AA S:034A D:0000 DB:7F P:nvmxdIzc V:42  H:111
C061DB $C6 $2E         DEC $2E [00002E] = $0021        A:00B5 X:00AA Y:00AA S:034A D:0000 DB:7F P:nvmxdIzc V:42  H:114
C061DD $D0 $F3         BNE $C061D2                     A:00B5 X:00AA Y:00AA S:034A D:0000 DB:7F P:nvmxdIzc V:42  H:126
C061D2 $B7 $14         LDA [$14],Y [E3FA04] = $0001    A:00B5 X:00AA Y:00AA S:034A D:0000 DB:7F P:nvmxdIzc V:42  H:131
C061D4 $9D $EA $AE     STA $AEEA,X [7FAF94] = $0001    A:0001 X:00AA Y:00AA S:034A D:0000 DB:7F P:nvmxdIzc V:42  H:153
C061D7 $C8             INY                             A:0001 X:00AA Y:00AA S:034A D:0000 DB:7F P:nvmxdIzc V:42  H:163
C061D8 $C8             INY                             A:0001 X:00AA Y:00AB S:034A D:0000 DB:7F P:nvmxdIzc V:42  H:166
C061D9 $E8             INX                             A:0001 X:00AA Y:00AC S:034A D:0000 DB:7F P:nvmxdIzc V:42  H:169
C061DA $E8             INX                             A:0001 X:00AB Y:00AC S:034A D:0000 DB:7F P:nvmxdIzc V:42  H:172
C061DB $C6 $2E         DEC $2E [00002E] = $0020        A:0001 X:00AC Y:00AC S:034A D:0000 DB:7F P:nvmxdIzc V:42  H:175
C061DD $D0 $F3         BNE $C061D2                     A:0001 X:00AC Y:00AC S:034A D:0000 DB:7F P:nvmxdIzc V:42  H:187
C061D2 $B7 $14         LDA [$14],Y [E3FA06] = $00B6    A:0001 X:00AC Y:00AC S:034A D:0000 DB:7F P:nvmxdIzc V:42  H:192
C061D4 $9D $EA $AE     STA $AEEA,X [7FAF96] = $00B6    A:00B6 X:00AC Y:00AC S:034A D:0000 DB:7F P:nvmxdIzc V:42  H:204
C061D7 $C8             INY                             A:00B6 X:00AC Y:00AC S:034A D:0000 DB:7F P:nvmxdIzc V:42  H:214
C061D8 $C8             INY                             A:00B6 X:00AC Y:00AD S:034A D:0000 DB:7F P:nvmxdIzc V:42  H:217
C061D9 $E8             INX                             A:00B6 X:00AC Y:00AE S:034A D:0000 DB:7F P:nvmxdIzc V:42  H:220
C061DA $E8             INX                             A:00B6 X:00AD Y:00AE S:034A D:0000 DB:7F P:nvmxdIzc V:42  H:223
C061DB $C6 $2E         DEC $2E [00002E] = $001F        A:00B6 X:00AE Y:00AE S:034A D:0000 DB:7F P:nvmxdIzc V:42  H:226
C061DD $D0 $F3         BNE $C061D2                     A:00B6 X:00AE Y:00AE S:034A D:0000 DB:7F P:nvmxdIzc V:42  H:238
C061D2 $B7 $14         LDA [$14],Y [E3FA08] = $00B7    A:00B6 X:00AE Y:00AE S:034A D:0000 DB:7F P:nvmxdIzc V:42  H:243
C061D4 $9D $EA $AE     STA $AEEA,X [7FAF98] = $00B7    A:00B7 X:00AE Y:00AE S:034A D:0000 DB:7F P:nvmxdIzc V:42  H:255
C061D7 $C8             INY                             A:00B7 X:00AE Y:00AE S:034A D:0000 DB:7F P:nvmxdIzc V:42  H:265
C061D8 $C8             INY                             A:00B7 X:00AE Y:00AF S:034A D:0000 DB:7F P:nvmxdIzc V:42  H:268
C061D9 $E8             INX                             A:00B7 X:00AE Y:00B0 S:034A D:0000 DB:7F P:nvmxdIzc V:42  H:271
C061DA $E8             INX                             A:00B7 X:00AF Y:00B0 S:034A D:0000 DB:7F P:nvmxdIzc V:42  H:274
C061DB $C6 $2E         DEC $2E [00002E] = $001E        A:00B7 X:00B0 Y:00B0 S:034A D:0000 DB:7F P:nvmxdIzc V:42  H:292
C061DD $D0 $F3         BNE $C061D2                     A:00B7 X:00B0 Y:00B0 S:034A D:0000 DB:7F P:nvmxdIzc V:42  H:304
C061D2 $B7 $14         LDA [$14],Y [E3FA0A] = $00B8    A:00B7 X:00B0 Y:00B0 S:034A D:0000 DB:7F P:nvmxdIzc V:42  H:309
C061D4 $9D $EA $AE     STA $AEEA,X [7FAF9A] = $00B8    A:00B8 X:00B0 Y:00B0 S:034A D:0000 DB:7F P:nvmxdIzc V:42  H:321
C061D7 $C8             INY                             A:00B8 X:00B0 Y:00B0 S:034A D:0000 DB:7F P:nvmxdIzc V:42  H:330
C061D8 $C8             INY                             A:00B8 X:00B0 Y:00B1 S:034A D:0000 DB:7F P:nvmxdIzc V:42  H:333
C061D9 $E8             INX                             A:00B8 X:00B0 Y:00B2 S:034A D:0000 DB:7F P:nvmxdIzc V:42  H:336
C061DA $E8             INX                             A:00B8 X:00B1 Y:00B2 S:034A D:0000 DB:7F P:nvmxdIzc V:42  H:339
C061DB $C6 $2E         DEC $2E [00002E] = $001D        A:00B8 X:00B2 Y:00B2 S:034A D:0000 DB:7F P:nvmxdIzc V:43  H:2  
C061DD $D0 $F3         BNE $C061D2                     A:00B8 X:00B2 Y:00B2 S:034A D:0000 DB:7F P:nvmxdIzc V:43  H:14 
C061D2 $B7 $14         LDA [$14],Y [E3FA0C] = $0033    A:00B8 X:00B2 Y:00B2 S:034A D:0000 DB:7F P:nvmxdIzc V:43  H:19 
C061D4 $9D $EA $AE     STA $AEEA,X [7FAF9C] = $0033    A:0033 X:00B2 Y:00B2 S:034A D:0000 DB:7F P:nvmxdIzc V:43  H:31 
C061D7 $C8             INY                             A:0033 X:00B2 Y:00B2 S:034A D:0000 DB:7F P:nvmxdIzc V:43  H:41 
C061D8 $C8             INY                             A:0033 X:00B2 Y:00B3 S:034A D:0000 DB:7F P:nvmxdIzc V:43  H:44 
C061D9 $E8             INX                             A:0033 X:00B2 Y:00B4 S:034A D:0000 DB:7F P:nvmxdIzc V:43  H:47 
C061DA $E8             INX                             A:0033 X:00B3 Y:00B4 S:034A D:0000 DB:7F P:nvmxdIzc V:43  H:50 
C061DB $C6 $2E         DEC $2E [00002E] = $001C        A:0033 X:00B4 Y:00B4 S:034A D:0000 DB:7F P:nvmxdIzc V:43  H:53 
C061DD $D0 $F3         BNE $C061D2                     A:0033 X:00B4 Y:00B4 S:034A D:0000 DB:7F P:nvmxdIzc V:43  H:65 
C061D2 $B7 $14         LDA [$14],Y [E3FA0E] = $00B9    A:0033 X:00B4 Y:00B4 S:034A D:0000 DB:7F P:nvmxdIzc V:43  H:70 
C061D4 $9D $EA $AE     STA $AEEA,X [7FAF9E] = $00B9    A:00B9 X:00B4 Y:00B4 S:034A D:0000 DB:7F P:nvmxdIzc V:43  H:82 
C061D7 $C8             INY                             A:00B9 X:00B4 Y:00B4 S:034A D:0000 DB:7F P:nvmxdIzc V:43  H:92 
C061D8 $C8             INY                             A:00B9 X:00B4 Y:00B5 S:034A D:0000 DB:7F P:nvmxdIzc V:43  H:95 
C061D9 $E8             INX                             A:00B9 X:00B4 Y:00B6 S:034A D:0000 DB:7F P:nvmxdIzc V:43  H:98 
C061DA $E8             INX                             A:00B9 X:00B5 Y:00B6 S:034A D:0000 DB:7F P:nvmxdIzc V:43  H:101
C061DB $C6 $2E         DEC $2E [00002E] = $001B        A:00B9 X:00B6 Y:00B6 S:034A D:0000 DB:7F P:nvmxdIzc V:43  H:104
C061DD $D0 $F3         BNE $C061D2                     A:00B9 X:00B6 Y:00B6 S:034A D:0000 DB:7F P:nvmxdIzc V:43  H:116
C061D2 $B7 $14         LDA [$14],Y [E3FA10] = $00BA    A:00B9 X:00B6 Y:00B6 S:034A D:0000 DB:7F P:nvmxdIzc V:43  H:121
C061D4 $9D $EA $AE     STA $AEEA,X [7FAFA0] = $00BA    A:00BA X:00B6 Y:00B6 S:034A D:0000 DB:7F P:nvmxdIzc V:43  H:133
C061D7 $C8             INY                             A:00BA X:00B6 Y:00B6 S:034A D:0000 DB:7F P:nvmxdIzc V:43  H:153
C061D8 $C8             INY                             A:00BA X:00B6 Y:00B7 S:034A D:0000 DB:7F P:nvmxdIzc V:43  H:156
C061D9 $E8             INX                             A:00BA X:00B6 Y:00B8 S:034A D:0000 DB:7F P:nvmxdIzc V:43  H:159
C061DA $E8             INX                             A:00BA X:00B7 Y:00B8 S:034A D:0000 DB:7F P:nvmxdIzc V:43  H:162
C061DB $C6 $2E         DEC $2E [00002E] = $001A        A:00BA X:00B8 Y:00B8 S:034A D:0000 DB:7F P:nvmxdIzc V:43  H:165
C061DD $D0 $F3         BNE $C061D2                     A:00BA X:00B8 Y:00B8 S:034A D:0000 DB:7F P:nvmxdIzc V:43  H:177
C061D2 $B7 $14         LDA [$14],Y [E3FA12] = $0032    A:00BA X:00B8 Y:00B8 S:034A D:0000 DB:7F P:nvmxdIzc V:43  H:182
C061D4 $9D $EA $AE     STA $AEEA,X [7FAFA2] = $0032    A:0032 X:00B8 Y:00B8 S:034A D:0000 DB:7F P:nvmxdIzc V:43  H:194
C061D7 $C8             INY                             A:0032 X:00B8 Y:00B8 S:034A D:0000 DB:7F P:nvmxdIzc V:43  H:204
C061D8 $C8             INY                             A:0032 X:00B8 Y:00B9 S:034A D:0000 DB:7F P:nvmxdIzc V:43  H:207
C061D9 $E8             INX                             A:0032 X:00B8 Y:00BA S:034A D:0000 DB:7F P:nvmxdIzc V:43  H:210
C061DA $E8             INX                             A:0032 X:00B9 Y:00BA S:034A D:0000 DB:7F P:nvmxdIzc V:43  H:213
C061DB $C6 $2E         DEC $2E [00002E] = $0019        A:0032 X:00BA Y:00BA S:034A D:0000 DB:7F P:nvmxdIzc V:43  H:216
C061DD $D0 $F3         BNE $C061D2                     A:0032 X:00BA Y:00BA S:034A D:0000 DB:7F P:nvmxdIzc V:43  H:228
C061D2 $B7 $14         LDA [$14],Y [E3FA14] = $00BB    A:0032 X:00BA Y:00BA S:034A D:0000 DB:7F P:nvmxdIzc V:43  H:233
C061D4 $9D $EA $AE     STA $AEEA,X [7FAFA4] = $00BB    A:00BB X:00BA Y:00BA S:034A D:0000 DB:7F P:nvmxdIzc V:43  H:245
C061D7 $C8             INY                             A:00BB X:00BA Y:00BA S:034A D:0000 DB:7F P:nvmxdIzc V:43  H:255
C061D8 $C8             INY                             A:00BB X:00BA Y:00BB S:034A D:0000 DB:7F P:nvmxdIzc V:43  H:258
C061D9 $E8             INX                             A:00BB X:00BA Y:00BC S:034A D:0000 DB:7F P:nvmxdIzc V:43  H:261
C061DA $E8             INX                             A:00BB X:00BB Y:00BC S:034A D:0000 DB:7F P:nvmxdIzc V:43  H:264
C061DB $C6 $2E         DEC $2E [00002E] = $0018        A:00BB X:00BC Y:00BC S:034A D:0000 DB:7F P:nvmxdIzc V:43  H:267
C061DD $D0 $F3         BNE $C061D2                     A:00BB X:00BC Y:00BC S:034A D:0000 DB:7F P:nvmxdIzc V:43  H:295
C061D2 $B7 $14         LDA [$14],Y [E3FA16] = $003C    A:00BB X:00BC Y:00BC S:034A D:0000 DB:7F P:nvmxdIzc V:43  H:300
C061D4 $9D $EA $AE     STA $AEEA,X [7FAFA6] = $003C    A:003C X:00BC Y:00BC S:034A D:0000 DB:7F P:nvmxdIzc V:43  H:312
C061D7 $C8             INY                             A:003C X:00BC Y:00BC S:034A D:0000 DB:7F P:nvmxdIzc V:43  H:322
C061D8 $C8             INY                             A:003C X:00BC Y:00BD S:034A D:0000 DB:7F P:nvmxdIzc V:43  H:324
C061D9 $E8             INX                             A:003C X:00BC Y:00BE S:034A D:0000 DB:7F P:nvmxdIzc V:43  H:327
C061DA $E8             INX                             A:003C X:00BD Y:00BE S:034A D:0000 DB:7F P:nvmxdIzc V:43  H:330
C061DB $C6 $2E         DEC $2E [00002E] = $0017        A:003C X:00BE Y:00BE S:034A D:0000 DB:7F P:nvmxdIzc V:43  H:333
C061DD $D0 $F3         BNE $C061D2                     A:003C X:00BE Y:00BE S:034A D:0000 DB:7F P:nvmxdIzc V:44  H:5  
C061D2 $B7 $14         LDA [$14],Y [E3FA18] = $00BC    A:003C X:00BE Y:00BE S:034A D:0000 DB:7F P:nvmxdIzc V:44  H:10 
C061D4 $9D $EA $AE     STA $AEEA,X [7FAFA8] = $00BC    A:00BC X:00BE Y:00BE S:034A D:0000 DB:7F P:nvmxdIzc V:44  H:22 
C061D7 $C8             INY                             A:00BC X:00BE Y:00BE S:034A D:0000 DB:7F P:nvmxdIzc V:44  H:32 
C061D8 $C8             INY                             A:00BC X:00BE Y:00BF S:034A D:0000 DB:7F P:nvmxdIzc V:44  H:35 
C061D9 $E8             INX                             A:00BC X:00BE Y:00C0 S:034A D:0000 DB:7F P:nvmxdIzc V:44  H:38 
C061DA $E8             INX                             A:00BC X:00BF Y:00C0 S:034A D:0000 DB:7F P:nvmxdIzc V:44  H:41 
C061DB $C6 $2E         DEC $2E [00002E] = $0016        A:00BC X:00C0 Y:00C0 S:034A D:0000 DB:7F P:nvmxdIzc V:44  H:44 
C061DD $D0 $F3         BNE $C061D2                     A:00BC X:00C0 Y:00C0 S:034A D:0000 DB:7F P:nvmxdIzc V:44  H:56 
C061D2 $B7 $14         LDA [$14],Y [E3FA1A] = $00BD    A:00BC X:00C0 Y:00C0 S:034A D:0000 DB:7F P:nvmxdIzc V:44  H:61 
C061D4 $9D $EA $AE     STA $AEEA,X [7FAFAA] = $00BD    A:00BD X:00C0 Y:00C0 S:034A D:0000 DB:7F P:nvmxdIzc V:44  H:73 
C061D7 $C8             INY                             A:00BD X:00C0 Y:00C0 S:034A D:0000 DB:7F P:nvmxdIzc V:44  H:83 
C061D8 $C8             INY                             A:00BD X:00C0 Y:00C1 S:034A D:0000 DB:7F P:nvmxdIzc V:44  H:86 
C061D9 $E8             INX                             A:00BD X:00C0 Y:00C2 S:034A D:0000 DB:7F P:nvmxdIzc V:44  H:89 
C061DA $E8             INX                             A:00BD X:00C1 Y:00C2 S:034A D:0000 DB:7F P:nvmxdIzc V:44  H:92 
C061DB $C6 $2E         DEC $2E [00002E] = $0015        A:00BD X:00C2 Y:00C2 S:034A D:0000 DB:7F P:nvmxdIzc V:44  H:95 
C061DD $D0 $F3         BNE $C061D2                     A:00BD X:00C2 Y:00C2 S:034A D:0000 DB:7F P:nvmxdIzc V:44  H:107
C061D2 $B7 $14         LDA [$14],Y [E3FA1C] = $00BE    A:00BD X:00C2 Y:00C2 S:034A D:0000 DB:7F P:nvmxdIzc V:44  H:112
C061D4 $9D $EA $AE     STA $AEEA,X [7FAFAC] = $00BE    A:00BE X:00C2 Y:00C2 S:034A D:0000 DB:7F P:nvmxdIzc V:44  H:124
C061D7 $C8             INY                             A:00BE X:00C2 Y:00C2 S:034A D:0000 DB:7F P:nvmxdIzc V:44  H:144
C061D8 $C8             INY                             A:00BE X:00C2 Y:00C3 S:034A D:0000 DB:7F P:nvmxdIzc V:44  H:147
C061D9 $E8             INX                             A:00BE X:00C2 Y:00C4 S:034A D:0000 DB:7F P:nvmxdIzc V:44  H:150
C061DA $E8             INX                             A:00BE X:00C3 Y:00C4 S:034A D:0000 DB:7F P:nvmxdIzc V:44  H:153
C061DB $C6 $2E         DEC $2E [00002E] = $0014        A:00BE X:00C4 Y:00C4 S:034A D:0000 DB:7F P:nvmxdIzc V:44  H:156
C061DD $D0 $F3         BNE $C061D2                     A:00BE X:00C4 Y:00C4 S:034A D:0000 DB:7F P:nvmxdIzc V:44  H:168
C061D2 $B7 $14         LDA [$14],Y [E3FA1E] = $00BF    A:00BE X:00C4 Y:00C4 S:034A D:0000 DB:7F P:nvmxdIzc V:44  H:173
C061D4 $9D $EA $AE     STA $AEEA,X [7FAFAE] = $00BF    A:00BF X:00C4 Y:00C4 S:034A D:0000 DB:7F P:nvmxdIzc V:44  H:185
C061D7 $C8             INY                             A:00BF X:00C4 Y:00C4 S:034A D:0000 DB:7F P:nvmxdIzc V:44  H:195
C061D8 $C8             INY                             A:00BF X:00C4 Y:00C5 S:034A D:0000 DB:7F P:nvmxdIzc V:44  H:198
C061D9 $E8             INX                             A:00BF X:00C4 Y:00C6 S:034A D:0000 DB:7F P:nvmxdIzc V:44  H:201
C061DA $E8             INX                             A:00BF X:00C5 Y:00C6 S:034A D:0000 DB:7F P:nvmxdIzc V:44  H:204
C061DB $C6 $2E         DEC $2E [00002E] = $0013        A:00BF X:00C6 Y:00C6 S:034A D:0000 DB:7F P:nvmxdIzc V:44  H:207
C061DD $D0 $F3         BNE $C061D2                     A:00BF X:00C6 Y:00C6 S:034A D:0000 DB:7F P:nvmxdIzc V:44  H:219
C061D2 $B7 $14         LDA [$14],Y [E3FA20] = $00C0    A:00BF X:00C6 Y:00C6 S:034A D:0000 DB:7F P:nvmxdIzc V:44  H:224
C061D4 $9D $EA $AE     STA $AEEA,X [7FAFB0] = $00C0    A:00C0 X:00C6 Y:00C6 S:034A D:0000 DB:7F P:nvmxdIzc V:44  H:236
C061D7 $C8             INY                             A:00C0 X:00C6 Y:00C6 S:034A D:0000 DB:7F P:nvmxdIzc V:44  H:246
C061D8 $C8             INY                             A:00C0 X:00C6 Y:00C7 S:034A D:0000 DB:7F P:nvmxdIzc V:44  H:249
C061D9 $E8             INX                             A:00C0 X:00C6 Y:00C8 S:034A D:0000 DB:7F P:nvmxdIzc V:44  H:252
C061DA $E8             INX                             A:00C0 X:00C7 Y:00C8 S:034A D:0000 DB:7F P:nvmxdIzc V:44  H:255
C061DB $C6 $2E         DEC $2E [00002E] = $0012        A:00C0 X:00C8 Y:00C8 S:034A D:0000 DB:7F P:nvmxdIzc V:44  H:258
C061DD $D0 $F3         BNE $C061D2                     A:00C0 X:00C8 Y:00C8 S:034A D:0000 DB:7F P:nvmxdIzc V:44  H:270
C061D2 $B7 $14         LDA [$14],Y [E3FA22] = $00C1    A:00C0 X:00C8 Y:00C8 S:034A D:0000 DB:7F P:nvmxdIzc V:44  H:275
C061D4 $9D $EA $AE     STA $AEEA,X [7FAFB2] = $00C1    A:00C1 X:00C8 Y:00C8 S:034A D:0000 DB:7F P:nvmxdIzc V:44  H:303
C061D7 $C8             INY                             A:00C1 X:00C8 Y:00C8 S:034A D:0000 DB:7F P:nvmxdIzc V:44  H:313
C061D8 $C8             INY                             A:00C1 X:00C8 Y:00C9 S:034A D:0000 DB:7F P:nvmxdIzc V:44  H:316
C061D9 $E8             INX                             A:00C1 X:00C8 Y:00CA S:034A D:0000 DB:7F P:nvmxdIzc V:44  H:319
C061DA $E8             INX                             A:00C1 X:00C9 Y:00CA S:034A D:0000 DB:7F P:nvmxdIzc V:44  H:322
C061DB $C6 $2E         DEC $2E [00002E] = $0011        A:00C1 X:00CA Y:00CA S:034A D:0000 DB:7F P:nvmxdIzc V:44  H:325
C061DD $D0 $F3         BNE $C061D2                     A:00C1 X:00CA Y:00CA S:034A D:0000 DB:7F P:nvmxdIzc V:44  H:337
C061D2 $B7 $14         LDA [$14],Y [E3FA24] = $003B    A:00C1 X:00CA Y:00CA S:034A D:0000 DB:7F P:nvmxdIzc V:45  H:1  
C061D4 $9D $EA $AE     STA $AEEA,X [7FAFB4] = $003B    A:003B X:00CA Y:00CA S:034A D:0000 DB:7F P:nvmxdIzc V:45  H:13 
C061D7 $C8             INY                             A:003B X:00CA Y:00CA S:034A D:0000 DB:7F P:nvmxdIzc V:45  H:23 
C061D8 $C8             INY                             A:003B X:00CA Y:00CB S:034A D:0000 DB:7F P:nvmxdIzc V:45  H:26 
C061D9 $E8             INX                             A:003B X:00CA Y:00CC S:034A D:0000 DB:7F P:nvmxdIzc V:45  H:29 
C061DA $E8             INX                             A:003B X:00CB Y:00CC S:034A D:0000 DB:7F P:nvmxdIzc V:45  H:32 
C061DB $C6 $2E         DEC $2E [00002E] = $0010        A:003B X:00CC Y:00CC S:034A D:0000 DB:7F P:nvmxdIzc V:45  H:35 
C061DD $D0 $F3         BNE $C061D2                     A:003B X:00CC Y:00CC S:034A D:0000 DB:7F P:nvmxdIzc V:45  H:48 
C061D2 $B7 $14         LDA [$14],Y [E3FA26] = $00C2    A:003B X:00CC Y:00CC S:034A D:0000 DB:7F P:nvmxdIzc V:45  H:52 
C061D4 $9D $EA $AE     STA $AEEA,X [7FAFB6] = $00C2    A:00C2 X:00CC Y:00CC S:034A D:0000 DB:7F P:nvmxdIzc V:45  H:64 
C061D7 $C8             INY                             A:00C2 X:00CC Y:00CC S:034A D:0000 DB:7F P:nvmxdIzc V:45  H:74 
C061D8 $C8             INY                             A:00C2 X:00CC Y:00CD S:034A D:0000 DB:7F P:nvmxdIzc V:45  H:77 
C061D9 $E8             INX                             A:00C2 X:00CC Y:00CE S:034A D:0000 DB:7F P:nvmxdIzc V:45  H:80 
C061DA $E8             INX                             A:00C2 X:00CD Y:00CE S:034A D:0000 DB:7F P:nvmxdIzc V:45  H:83 
C061DB $C6 $2E         DEC $2E [00002E] = $000F        A:00C2 X:00CE Y:00CE S:034A D:0000 DB:7F P:nvmxdIzc V:45  H:86 
C061DD $D0 $F3         BNE $C061D2                     A:00C2 X:00CE Y:00CE S:034A D:0000 DB:7F P:nvmxdIzc V:45  H:99 
C061D2 $B7 $14         LDA [$14],Y [E3FA28] = $00C3    A:00C2 X:00CE Y:00CE S:034A D:0000 DB:7F P:nvmxdIzc V:45  H:103
C061D4 $9D $EA $AE     STA $AEEA,X [7FAFB8] = $00C3    A:00C3 X:00CE Y:00CE S:034A D:0000 DB:7F P:nvmxdIzc V:45  H:115
C061D7 $C8             INY                             A:00C3 X:00CE Y:00CE S:034A D:0000 DB:7F P:nvmxdIzc V:45  H:125
C061D8 $C8             INY                             A:00C3 X:00CE Y:00CF S:034A D:0000 DB:7F P:nvmxdIzc V:45  H:128
C061D9 $E8             INX                             A:00C3 X:00CE Y:00D0 S:034A D:0000 DB:7F P:nvmxdIzc V:45  H:131
C061DA $E8             INX                             A:00C3 X:00CF Y:00D0 S:034A D:0000 DB:7F P:nvmxdIzc V:45  H:144
C061DB $C6 $2E         DEC $2E [00002E] = $000E        A:00C3 X:00D0 Y:00D0 S:034A D:0000 DB:7F P:nvmxdIzc V:45  H:147
C061DD $D0 $F3         BNE $C061D2                     A:00C3 X:00D0 Y:00D0 S:034A D:0000 DB:7F P:nvmxdIzc V:45  H:160
C061D2 $B7 $14         LDA [$14],Y [E3FA2A] = $00C4    A:00C3 X:00D0 Y:00D0 S:034A D:0000 DB:7F P:nvmxdIzc V:45  H:164
C061D4 $9D $EA $AE     STA $AEEA,X [7FAFBA] = $00C4    A:00C4 X:00D0 Y:00D0 S:034A D:0000 DB:7F P:nvmxdIzc V:45  H:176
C061D7 $C8             INY                             A:00C4 X:00D0 Y:00D0 S:034A D:0000 DB:7F P:nvmxdIzc V:45  H:186
C061D8 $C8             INY                             A:00C4 X:00D0 Y:00D1 S:034A D:0000 DB:7F P:nvmxdIzc V:45  H:189
C061D9 $E8             INX                             A:00C4 X:00D0 Y:00D2 S:034A D:0000 DB:7F P:nvmxdIzc V:45  H:192
C061DA $E8             INX                             A:00C4 X:00D1 Y:00D2 S:034A D:0000 DB:7F P:nvmxdIzc V:45  H:195
C061DB $C6 $2E         DEC $2E [00002E] = $000D        A:00C4 X:00D2 Y:00D2 S:034A D:0000 DB:7F P:nvmxdIzc V:45  H:198
C061DD $D0 $F3         BNE $C061D2                     A:00C4 X:00D2 Y:00D2 S:034A D:0000 DB:7F P:nvmxdIzc V:45  H:211
C061D2 $B7 $14         LDA [$14],Y [E3FA2C] = $00C5    A:00C4 X:00D2 Y:00D2 S:034A D:0000 DB:7F P:nvmxdIzc V:45  H:215
C061D4 $9D $EA $AE     STA $AEEA,X [7FAFBC] = $00C5    A:00C5 X:00D2 Y:00D2 S:034A D:0000 DB:7F P:nvmxdIzc V:45  H:227
C061D7 $C8             INY                             A:00C5 X:00D2 Y:00D2 S:034A D:0000 DB:7F P:nvmxdIzc V:45  H:237
C061D8 $C8             INY                             A:00C5 X:00D2 Y:00D3 S:034A D:0000 DB:7F P:nvmxdIzc V:45  H:240
C061D9 $E8             INX                             A:00C5 X:00D2 Y:00D4 S:034A D:0000 DB:7F P:nvmxdIzc V:45  H:243
C061DA $E8             INX                             A:00C5 X:00D3 Y:00D4 S:034A D:0000 DB:7F P:nvmxdIzc V:45  H:246
C061DB $C6 $2E         DEC $2E [00002E] = $000C        A:00C5 X:00D4 Y:00D4 S:034A D:0000 DB:7F P:nvmxdIzc V:45  H:249
C061DD $D0 $F3         BNE $C061D2                     A:00C5 X:00D4 Y:00D4 S:034A D:0000 DB:7F P:nvmxdIzc V:45  H:262
C061D2 $B7 $14         LDA [$14],Y [E3FA2E] = $0044    A:00C5 X:00D4 Y:00D4 S:034A D:0000 DB:7F P:nvmxdIzc V:45  H:266
C061D4 $9D $EA $AE     STA $AEEA,X [7FAFBE] = $0044    A:0044 X:00D4 Y:00D4 S:034A D:0000 DB:7F P:nvmxdIzc V:45  H:295
C061D7 $C8             INY                             A:0044 X:00D4 Y:00D4 S:034A D:0000 DB:7F P:nvmxdIzc V:45  H:305
C061D8 $C8             INY                             A:0044 X:00D4 Y:00D5 S:034A D:0000 DB:7F P:nvmxdIzc V:45  H:308
C061D9 $E8             INX                             A:0044 X:00D4 Y:00D6 S:034A D:0000 DB:7F P:nvmxdIzc V:45  H:311
C061DA $E8             INX                             A:0044 X:00D5 Y:00D6 S:034A D:0000 DB:7F P:nvmxdIzc V:45  H:314
C061DB $C6 $2E         DEC $2E [00002E] = $000B        A:0044 X:00D6 Y:00D6 S:034A D:0000 DB:7F P:nvmxdIzc V:45  H:317
C061DD $D0 $F3         BNE $C061D2                     A:0044 X:00D6 Y:00D6 S:034A D:0000 DB:7F P:nvmxdIzc V:45  H:328
C061D2 $B7 $14         LDA [$14],Y [E3FA30] = $00C6    A:0044 X:00D6 Y:00D6 S:034A D:0000 DB:7F P:nvmxdIzc V:45  H:333
C061D4 $9D $EA $AE     STA $AEEA,X [7FAFC0] = $00C6    A:00C6 X:00D6 Y:00D6 S:034A D:0000 DB:7F P:nvmxdIzc V:46  H:5  
C061D7 $C8             INY                             A:00C6 X:00D6 Y:00D6 S:034A D:0000 DB:7F P:nvmxdIzc V:46  H:15 
C061D8 $C8             INY                             A:00C6 X:00D6 Y:00D7 S:034A D:0000 DB:7F P:nvmxdIzc V:46  H:18 
C061D9 $E8             INX                             A:00C6 X:00D6 Y:00D8 S:034A D:0000 DB:7F P:nvmxdIzc V:46  H:21 
C061DA $E8             INX                             A:00C6 X:00D7 Y:00D8 S:034A D:0000 DB:7F P:nvmxdIzc V:46  H:24 
C061DB $C6 $2E         DEC $2E [00002E] = $000A        A:00C6 X:00D8 Y:00D8 S:034A D:0000 DB:7F P:nvmxdIzc V:46  H:27 
C061DD $D0 $F3         BNE $C061D2                     A:00C6 X:00D8 Y:00D8 S:034A D:0000 DB:7F P:nvmxdIzc V:46  H:39 
C061D2 $B7 $14         LDA [$14],Y [E3FA32] = $00C7    A:00C6 X:00D8 Y:00D8 S:034A D:0000 DB:7F P:nvmxdIzc V:46  H:44 
C061D4 $9D $EA $AE     STA $AEEA,X [7FAFC2] = $00C7    A:00C7 X:00D8 Y:00D8 S:034A D:0000 DB:7F P:nvmxdIzc V:46  H:56 
C061D7 $C8             INY                             A:00C7 X:00D8 Y:00D8 S:034A D:0000 DB:7F P:nvmxdIzc V:46  H:66 
C061D8 $C8             INY                             A:00C7 X:00D8 Y:00D9 S:034A D:0000 DB:7F P:nvmxdIzc V:46  H:69 
C061D9 $E8             INX                             A:00C7 X:00D8 Y:00DA S:034A D:0000 DB:7F P:nvmxdIzc V:46  H:72 
C061DA $E8             INX                             A:00C7 X:00D9 Y:00DA S:034A D:0000 DB:7F P:nvmxdIzc V:46  H:75 
C061DB $C6 $2E         DEC $2E [00002E] = $0009        A:00C7 X:00DA Y:00DA S:034A D:0000 DB:7F P:nvmxdIzc V:46  H:78 
C061DD $D0 $F3         BNE $C061D2                     A:00C7 X:00DA Y:00DA S:034A D:0000 DB:7F P:nvmxdIzc V:46  H:90 
C061D2 $B7 $14         LDA [$14],Y [E3FA34] = $00C8    A:00C7 X:00DA Y:00DA S:034A D:0000 DB:7F P:nvmxdIzc V:46  H:95 
C061D4 $9D $EA $AE     STA $AEEA,X [7FAFC4] = $00C8    A:00C8 X:00DA Y:00DA S:034A D:0000 DB:7F P:nvmxdIzc V:46  H:107
C061D7 $C8             INY                             A:00C8 X:00DA Y:00DA S:034A D:0000 DB:7F P:nvmxdIzc V:46  H:117
C061D8 $C8             INY                             A:00C8 X:00DA Y:00DB S:034A D:0000 DB:7F P:nvmxdIzc V:46  H:120
C061D9 $E8             INX                             A:00C8 X:00DA Y:00DC S:034A D:0000 DB:7F P:nvmxdIzc V:46  H:123
C061DA $E8             INX                             A:00C8 X:00DB Y:00DC S:034A D:0000 DB:7F P:nvmxdIzc V:46  H:126
C061DB $C6 $2E         DEC $2E [00002E] = $0008        A:00C8 X:00DC Y:00DC S:034A D:0000 DB:7F P:nvmxdIzc V:46  H:129
C061DD $D0 $F3         BNE $C061D2                     A:00C8 X:00DC Y:00DC S:034A D:0000 DB:7F P:nvmxdIzc V:46  H:151
C061D2 $B7 $14         LDA [$14],Y [E3FA36] = $004C    A:00C8 X:00DC Y:00DC S:034A D:0000 DB:7F P:nvmxdIzc V:46  H:156
C061D4 $9D $EA $AE     STA $AEEA,X [7FAFC6] = $004C    A:004C X:00DC Y:00DC S:034A D:0000 DB:7F P:nvmxdIzc V:46  H:168
C061D7 $C8             INY                             A:004C X:00DC Y:00DC S:034A D:0000 DB:7F P:nvmxdIzc V:46  H:178
C061D8 $C8             INY                             A:004C X:00DC Y:00DD S:034A D:0000 DB:7F P:nvmxdIzc V:46  H:181
C061D9 $E8             INX                             A:004C X:00DC Y:00DE S:034A D:0000 DB:7F P:nvmxdIzc V:46  H:184
C061DA $E8             INX                             A:004C X:00DD Y:00DE S:034A D:0000 DB:7F P:nvmxdIzc V:46  H:187
C061DB $C6 $2E         DEC $2E [00002E] = $0007        A:004C X:00DE Y:00DE S:034A D:0000 DB:7F P:nvmxdIzc V:46  H:190
C061DD $D0 $F3         BNE $C061D2                     A:004C X:00DE Y:00DE S:034A D:0000 DB:7F P:nvmxdIzc V:46  H:202
C061D2 $B7 $14         LDA [$14],Y [E3FA38] = $00C9    A:004C X:00DE Y:00DE S:034A D:0000 DB:7F P:nvmxdIzc V:46  H:207
C061D4 $9D $EA $AE     STA $AEEA,X [7FAFC8] = $00C9    A:00C9 X:00DE Y:00DE S:034A D:0000 DB:7F P:nvmxdIzc V:46  H:219
C061D7 $C8             INY                             A:00C9 X:00DE Y:00DE S:034A D:0000 DB:7F P:nvmxdIzc V:46  H:229
C061D8 $C8             INY                             A:00C9 X:00DE Y:00DF S:034A D:0000 DB:7F P:nvmxdIzc V:46  H:232
C061D9 $E8             INX                             A:00C9 X:00DE Y:00E0 S:034A D:0000 DB:7F P:nvmxdIzc V:46  H:235
C061DA $E8             INX                             A:00C9 X:00DF Y:00E0 S:034A D:0000 DB:7F P:nvmxdIzc V:46  H:238
C061DB $C6 $2E         DEC $2E [00002E] = $0006        A:00C9 X:00E0 Y:00E0 S:034A D:0000 DB:7F P:nvmxdIzc V:46  H:241
C061DD $D0 $F3         BNE $C061D2                     A:00C9 X:00E0 Y:00E0 S:034A D:0000 DB:7F P:nvmxdIzc V:46  H:253
C061D2 $B7 $14         LDA [$14],Y [E3FA3A] = $00CA    A:00C9 X:00E0 Y:00E0 S:034A D:0000 DB:7F P:nvmxdIzc V:46  H:258
C061D4 $9D $EA $AE     STA $AEEA,X [7FAFCA] = $00CA    A:00CA X:00E0 Y:00E0 S:034A D:0000 DB:7F P:nvmxdIzc V:46  H:270
C061D7 $C8             INY                             A:00CA X:00E0 Y:00E0 S:034A D:0000 DB:7F P:nvmxdIzc V:46  H:296
C061D8 $C8             INY                             A:00CA X:00E0 Y:00E1 S:034A D:0000 DB:7F P:nvmxdIzc V:46  H:299
C061D9 $E8             INX                             A:00CA X:00E0 Y:00E2 S:034A D:0000 DB:7F P:nvmxdIzc V:46  H:302
C061DA $E8             INX                             A:00CA X:00E1 Y:00E2 S:034A D:0000 DB:7F P:nvmxdIzc V:46  H:305
C061DB $C6 $2E         DEC $2E [00002E] = $0005        A:00CA X:00E2 Y:00E2 S:034A D:0000 DB:7F P:nvmxdIzc V:46  H:308
C061DD $D0 $F3         BNE $C061D2                     A:00CA X:00E2 Y:00E2 S:034A D:0000 DB:7F P:nvmxdIzc V:46  H:320
C061D2 $B7 $14         LDA [$14],Y [E3FA3C] = $0053    A:00CA X:00E2 Y:00E2 S:034A D:0000 DB:7F P:nvmxdIzc V:46  H:324
C061D4 $9D $EA $AE     STA $AEEA,X [7FAFCC] = $0053    A:0053 X:00E2 Y:00E2 S:034A D:0000 DB:7F P:nvmxdIzc V:46  H:336
C061D7 $C8             INY                             A:0053 X:00E2 Y:00E2 S:034A D:0000 DB:7F P:nvmxdIzc V:47  H:6  
C061D8 $C8             INY                             A:0053 X:00E2 Y:00E3 S:034A D:0000 DB:7F P:nvmxdIzc V:47  H:9  
C061D9 $E8             INX                             A:0053 X:00E2 Y:00E4 S:034A D:0000 DB:7F P:nvmxdIzc V:47  H:12 
C061DA $E8             INX                             A:0053 X:00E3 Y:00E4 S:034A D:0000 DB:7F P:nvmxdIzc V:47  H:15 
C061DB $C6 $2E         DEC $2E [00002E] = $0004        A:0053 X:00E4 Y:00E4 S:034A D:0000 DB:7F P:nvmxdIzc V:47  H:18 
C061DD $D0 $F3         BNE $C061D2                     A:0053 X:00E4 Y:00E4 S:034A D:0000 DB:7F P:nvmxdIzc V:47  H:30 
C061D2 $B7 $14         LDA [$14],Y [E3FA3E] = $00CB    A:0053 X:00E4 Y:00E4 S:034A D:0000 DB:7F P:nvmxdIzc V:47  H:35 
C061D4 $9D $EA $AE     STA $AEEA,X [7FAFCE] = $00CB    A:00CB X:00E4 Y:00E4 S:034A D:0000 DB:7F P:nvmxdIzc V:47  H:47 
C061D7 $C8             INY                             A:00CB X:00E4 Y:00E4 S:034A D:0000 DB:7F P:nvmxdIzc V:47  H:57 
C061D8 $C8             INY                             A:00CB X:00E4 Y:00E5 S:034A D:0000 DB:7F P:nvmxdIzc V:47  H:60 
C061D9 $E8             INX                             A:00CB X:00E4 Y:00E6 S:034A D:0000 DB:7F P:nvmxdIzc V:47  H:63 
C061DA $E8             INX                             A:00CB X:00E5 Y:00E6 S:034A D:0000 DB:7F P:nvmxdIzc V:47  H:66 
C061DB $C6 $2E         DEC $2E [00002E] = $0003        A:00CB X:00E6 Y:00E6 S:034A D:0000 DB:7F P:nvmxdIzc V:47  H:69 
C061DD $D0 $F3         BNE $C061D2                     A:00CB X:00E6 Y:00E6 S:034A D:0000 DB:7F P:nvmxdIzc V:47  H:81 
C061D2 $B7 $14         LDA [$14],Y [E3FA40] = $00CC    A:00CB X:00E6 Y:00E6 S:034A D:0000 DB:7F P:nvmxdIzc V:47  H:86 
C061D4 $9D $EA $AE     STA $AEEA,X [7FAFD0] = $00CC    A:00CC X:00E6 Y:00E6 S:034A D:0000 DB:7F P:nvmxdIzc V:47  H:98 
C061D7 $C8             INY                             A:00CC X:00E6 Y:00E6 S:034A D:0000 DB:7F P:nvmxdIzc V:47  H:108
C061D8 $C8             INY                             A:00CC X:00E6 Y:00E7 S:034A D:0000 DB:7F P:nvmxdIzc V:47  H:111
C061D9 $E8             INX                             A:00CC X:00E6 Y:00E8 S:034A D:0000 DB:7F P:nvmxdIzc V:47  H:114
C061DA $E8             INX                             A:00CC X:00E7 Y:00E8 S:034A D:0000 DB:7F P:nvmxdIzc V:47  H:117
C061DB $C6 $2E         DEC $2E [00002E] = $0002        A:00CC X:00E8 Y:00E8 S:034A D:0000 DB:7F P:nvmxdIzc V:47  H:120
C061DD $D0 $F3         BNE $C061D2                     A:00CC X:00E8 Y:00E8 S:034A D:0000 DB:7F P:nvmxdIzc V:47  H:132
C061D2 $B7 $14         LDA [$14],Y [E3FA42] = $0055    A:00CC X:00E8 Y:00E8 S:034A D:0000 DB:7F P:nvmxdIzc V:47  H:147
C061D4 $9D $EA $AE     STA $AEEA,X [7FAFD2] = $0055    A:0055 X:00E8 Y:00E8 S:034A D:0000 DB:7F P:nvmxdIzc V:47  H:159
C061D7 $C8             INY                             A:0055 X:00E8 Y:00E8 S:034A D:0000 DB:7F P:nvmxdIzc V:47  H:169
C061D8 $C8             INY                             A:0055 X:00E8 Y:00E9 S:034A D:0000 DB:7F P:nvmxdIzc V:47  H:172
C061D9 $E8             INX                             A:0055 X:00E8 Y:00EA S:034A D:0000 DB:7F P:nvmxdIzc V:47  H:175
C061DA $E8             INX                             A:0055 X:00E9 Y:00EA S:034A D:0000 DB:7F P:nvmxdIzc V:47  H:178
C061DB $C6 $2E         DEC $2E [00002E] = $0001        A:0055 X:00EA Y:00EA S:034A D:0000 DB:7F P:nvmxdIzc V:47  H:181
C061DD $D0 $F3         BNE $C061D2                     A:0055 X:00EA Y:00EA S:034A D:0000 DB:7F P:nvmxdIZc V:47  H:193
C061DF $22 $BE $62 $C0 JSL $C062BE                     A:0055 X:00EA Y:00EA S:034A D:0000 DB:7F P:nvmxdIZc V:47  H:196
C062BE $08             PHP                             A:0055 X:00EA Y:00EA S:0347 D:0000 DB:7F P:nvmxdIZc V:47  H:210
C062BF $C2 $30         REP #$30                        A:0055 X:00EA Y:00EA S:0346 D:0000 DB:7F P:nvmxdIZc V:47  H:215
C062C1 $48             PHA                             A:0055 X:00EA Y:00EA S:0346 D:0000 DB:7F P:nvmxdIZc V:47  H:219
C062C2 $DA             PHX                             A:0055 X:00EA Y:00EA S:0344 D:0000 DB:7F P:nvmxdIZc V:47  H:226
C062C3 $5A             PHY                             A:0055 X:00EA Y:00EA S:0342 D:0000 DB:7F P:nvmxdIZc V:47  H:233
C062C4 $8B             PHB                             A:0055 X:00EA Y:00EA S:0340 D:0000 DB:7F P:nvmxdIZc V:47  H:240
C062C5 $F4 $7E $7E     PEA #$7E7E                      A:0055 X:00EA Y:00EA S:033F D:0000 DB:7F P:nvmxdIZc V:47  H:245
C062C8 $AB             PLB                             A:0055 X:00EA Y:00EA S:033D D:0000 DB:7F P:nvmxdIZc V:47  H:254
C062C9 $AB             PLB                             A:0055 X:00EA Y:00EA S:033E D:0000 DB:7E P:nvmxdIzc V:47  H:260
C062CA $AF $A4 $AE $7F LDA $7FAEA4                     A:0055 X:00EA Y:00EA S:033F D:0000 DB:7E P:nvmxdIzc V:47  H:267
C062CE $8D $7A $96     STA $967A [7E967A] = $0000      A:0075 X:00EA Y:00EA S:033F D:0000 DB:7E P:nvmxdIzc V:47  H:317
C062D1 $AF $A6 $AE $7F LDA $7FAEA6                     A:0075 X:00EA Y:00EA S:033F D:0000 DB:7E P:nvmxdIzc V:47  H:325
C062D5 $0A             ASL                             A:0000 X:00EA Y:00EA S:033F D:0000 DB:7E P:nvmxdIZc V:47  H:335
C062D6 $AA             TAX                             A:0000 X:00EA Y:00EA S:033F D:0000 DB:7E P:nvmxdIZc V:47  H:338
C062D7 $64 $2A         STZ $2A [00002A] = $0000        A:0000 X:0000 Y:00EA S:033F D:0000 DB:7E P:nvmxdIZc V:48  H:1  
C062D9 $A5 $2A         LDA $2A [00002A] = $0000        A:0000 X:0000 Y:00EA S:033F D:0000 DB:7E P:nvmxdIZc V:48  H:8  
C062DB $CF $4E $B7 $7F CMP $7FB74E                     A:0000 X:0000 Y:00EA S:033F D:0000 DB:7E P:nvmxdIZc V:48  H:15 
C062DF $B0 $08         BCS $C062E9                     A:0000 X:0000 Y:00EA S:033F D:0000 DB:7E P:NvmxdIzc V:48  H:25 
C062E1 $AC $AE $93     LDY $93AE [7E93AE] = $0000      A:0000 X:0000 Y:00EA S:033F D:0000 DB:7E P:NvmxdIzc V:48  H:28 
C062E4 $C0 $00 $02     CPY #$0200                      A:0000 X:0000 Y:0000 S:033F D:0000 DB:7E P:nvmxdIZc V:48  H:36 
C062E7 $90 $06         BCC $C062EF                     A:0000 X:0000 Y:0000 S:033F D:0000 DB:7E P:NvmxdIzc V:48  H:41 
C062EF $AC $AE $93     LDY $93AE [7E93AE] = $0000      A:0000 X:0000 Y:0000 S:033F D:0000 DB:7E P:NvmxdIzc V:48  H:45 
C062F2 $BF $EA $AE $7F LDA $7FAEEA,X [7FAEEA] = $0000  A:0000 X:0000 Y:0000 S:033F D:0000 DB:7E P:nvmxdIZc V:48  H:54 
C062F6 $0A             ASL                             A:0000 X:0000 Y:0000 S:033F D:0000 DB:7E P:nvmxdIZc V:48  H:64 
C062F7 $26 $2E         ROL $2E [00002E] = $0000        A:0000 X:0000 Y:0000 S:033F D:0000 DB:7E P:nvmxdIZc V:48  H:67 
C062F9 $0A             ASL                             A:0000 X:0000 Y:0000 S:033F D:0000 DB:7E P:nvmxdIZc V:48  H:79 
C062FA $26 $2E         ROL $2E [00002E] = $0000        A:0000 X:0000 Y:0000 S:033F D:0000 DB:7E P:nvmxdIZc V:48  H:82 
C062FC $0A             ASL                             A:0000 X:0000 Y:0000 S:033F D:0000 DB:7E P:nvmxdIZc V:48  H:95 
C062FD $26 $2E         ROL $2E [00002E] = $0000        A:0000 X:0000 Y:0000 S:033F D:0000 DB:7E P:nvmxdIZc V:48  H:98 
C062FF $0A             ASL                             A:0000 X:0000 Y:0000 S:033F D:0000 DB:7E P:nvmxdIZc V:48  H:110
C06300 $26 $2E         ROL $2E [00002E] = $0000        A:0000 X:0000 Y:0000 S:033F D:0000 DB:7E P:nvmxdIZc V:48  H:113
C06302 $18             CLC                             A:0000 X:0000 Y:0000 S:033F D:0000 DB:7E P:nvmxdIZc V:48  H:126
C06303 $69 $A0 $8E     ADC #$8EA0                      A:0000 X:0000 Y:0000 S:033F D:0000 DB:7E P:nvmxdIZc V:48  H:129
C06306 $99 $AE $8B     STA $8BAE,Y [7E8BAE] = $6181    A:8EA0 X:0000 Y:0000 S:033F D:0000 DB:7E P:NvmxdIzc V:48  H:143
C06309 $A5 $2E         LDA $2E [00002E] = $0000        A:8EA0 X:0000 Y:0000 S:033F D:0000 DB:7E P:NvmxdIzc V:48  H:153
C0630B $69 $E3 $00     ADC #$00E3                      A:0000 X:0000 Y:0000 S:033F D:0000 DB:7E P:nvmxdIZc V:48  H:160
C0630E $99 $AE $8D     STA $8DAE,Y [7E8DAE] = $00C5    A:00E3 X:0000 Y:0000 S:033F D:0000 DB:7E P:nvmxdIzc V:48  H:165
C06311 $A9 $10 $00     LDA #$0010                      A:00E3 X:0000 Y:0000 S:033F D:0000 DB:7E P:nvmxdIzc V:48  H:175
C06314 $99 $AE $91     STA $91AE,Y [7E91AE] = $0070    A:0010 X:0000 Y:0000 S:033F D:0000 DB:7E P:nvmxdIzc V:48  H:179
C06317 $8A             TXA                             A:0010 X:0000 Y:0000 S:033F D:0000 DB:7E P:nvmxdIzc V:48  H:189
C06318 $0A             ASL                             A:0000 X:0000 Y:0000 S:033F D:0000 DB:7E P:nvmxdIZc V:48  H:192
C06319 $0A             ASL                             A:0000 X:0000 Y:0000 S:033F D:0000 DB:7E P:nvmxdIZc V:48  H:195
C0631A $18             CLC                             A:0000 X:0000 Y:0000 S:033F D:0000 DB:7E P:nvmxdIZc V:48  H:198
C0631B $6D $DF $99     ADC $99DF [7E99DF] = $4000      A:0000 X:0000 Y:0000 S:033F D:0000 DB:7E P:nvmxdIZc V:48  H:201
C0631E $99 $AE $8F     STA $8FAE,Y [7E8FAE] = $4F00    A:4000 X:0000 Y:0000 S:033F D:0000 DB:7E P:nvmxdIzc V:48  H:210
C06321 $EE $AE $93     INC $93AE [7E93AE] = $0000      A:4000 X:0000 Y:0000 S:033F D:0000 DB:7E P:nvmxdIzc V:48  H:220
C06324 $EE $AE $93     INC $93AE [7E93AE] = $0001      A:4000 X:0000 Y:0000 S:033F D:0000 DB:7E P:nvmxdIzc V:48  H:234
C06327 $E8             INX                             A:4000 X:0000 Y:0000 S:033F D:0000 DB:7E P:nvmxdIzc V:48  H:248
C06328 $E8             INX                             A:4000 X:0001 Y:0000 S:033F D:0000 DB:7E P:nvmxdIzc V:48  H:251
C06329 $E6 $2A         INC $2A [00002A] = $0000        A:4000 X:0002 Y:0000 S:033F D:0000 DB:7E P:nvmxdIzc V:48  H:254
C0632B $CE $7A $96     DEC $967A [7E967A] = $0075      A:4000 X:0002 Y:0000 S:033F D:0000 DB:7E P:nvmxdIzc V:48  H:266
C0632E $D0 $A9         BNE $C062D9                     A:4000 X:0002 Y:0000 S:033F D:0000 DB:7E P:nvmxdIzc V:48  H:322
C062D9 $A5 $2A         LDA $2A [00002A] = $0001        A:4000 X:0002 Y:0000 S:033F D:0000 DB:7E P:nvmxdIzc V:48  H:326
C062DB $CF $4E $B7 $7F CMP $7FB74E                     A:0001 X:0002 Y:0000 S:033F D:0000 DB:7E P:nvmxdIzc V:48  H:333
C062DF $B0 $08         BCS $C062E9                     A:0001 X:0002 Y:0000 S:033F D:0000 DB:7E P:NvmxdIzc V:49  H:3  
C062E1 $AC $AE $93     LDY $93AE [7E93AE] = $0002      A:0001 X:0002 Y:0000 S:033F D:0000 DB:7E P:NvmxdIzc V:49  H:6  
C062E4 $C0 $00 $02     CPY #$0200                      A:0001 X:0002 Y:0002 S:033F D:0000 DB:7E P:nvmxdIzc V:49  H:14 
C062E7 $90 $06         BCC $C062EF                     A:0001 X:0002 Y:0002 S:033F D:0000 DB:7E P:NvmxdIzc V:49  H:19 
C062EF $AC $AE $93     LDY $93AE [7E93AE] = $0002      A:0001 X:0002 Y:0002 S:033F D:0000 DB:7E P:NvmxdIzc V:49  H:23 
C062F2 $BF $EA $AE $7F LDA $7FAEEA,X [7FAEEC] = $0062  A:0001 X:0002 Y:0002 S:033F D:0000 DB:7E P:nvmxdIzc V:49  H:32 
C062F6 $0A             ASL                             A:0062 X:0002 Y:0002 S:033F D:0000 DB:7E P:nvmxdIzc V:49  H:42 
C062F7 $26 $2E         ROL $2E [00002E] = $0000        A:00C4 X:0002 Y:0002 S:033F D:0000 DB:7E P:nvmxdIzc V:49  H:45 
C062F9 $0A             ASL                             A:00C4 X:0002 Y:0002 S:033F D:0000 DB:7E P:nvmxdIZc V:49  H:57 
C062FA $26 $2E         ROL $2E [00002E] = $0000        A:0188 X:0002 Y:0002 S:033F D:0000 DB:7E P:nvmxdIzc V:49  H:60 
C062FC $0A             ASL                             A:0188 X:0002 Y:0002 S:033F D:0000 DB:7E P:nvmxdIZc V:49  H:73 
C062FD $26 $2E         ROL $2E [00002E] = $0000        A:0310 X:0002 Y:0002 S:033F D:0000 DB:7E P:nvmxdIzc V:49  H:76 
C062FF $0A             ASL                             A:0310 X:0002 Y:0002 S:033F D:0000 DB:7E P:nvmxdIZc V:49  H:88 
C06300 $26 $2E         ROL $2E [00002E] = $0000        A:0620 X:0002 Y:0002 S:033F D:0000 DB:7E P:nvmxdIzc V:49  H:91 
C06302 $18             CLC                             A:0620 X:0002 Y:0002 S:033F D:0000 DB:7E P:nvmxdIZc V:49  H:104
C06303 $69 $A0 $8E     ADC #$8EA0                      A:0620 X:0002 Y:0002 S:033F D:0000 DB:7E P:nvmxdIZc V:49  H:107
C06306 $99 $AE $8B     STA $8BAE,Y [7E8BB0] = $0700    A:94C0 X:0002 Y:0002 S:033F D:0000 DB:7E P:NvmxdIzc V:49  H:111
C06309 $A5 $2E         LDA $2E [00002E] = $0000        A:94C0 X:0002 Y:0002 S:033F D:0000 DB:7E P:NvmxdIzc V:49  H:121
C0630B $69 $E3 $00     ADC #$00E3                      A:0000 X:0002 Y:0002 S:033F D:0000 DB:7E P:nvmxdIZc V:49  H:128
C0630E $99 $AE $8D     STA $8DAE,Y [7E8DB0] = $00D2    A:00E3 X:0002 Y:0002 S:033F D:0000 DB:7E P:nvmxdIzc V:49  H:133
C06311 $A9 $10 $00     LDA #$0010                      A:00E3 X:0002 Y:0002 S:033F D:0000 DB:7E P:nvmxdIzc V:49  H:153
C06314 $99 $AE $91     STA $91AE,Y [7E91B0] = $0020    A:0010 X:0002 Y:0002 S:033F D:0000 DB:7E P:nvmxdIzc V:49  H:157
C06317 $8A             TXA                             A:0010 X:0002 Y:0002 S:033F D:0000 DB:7E P:nvmxdIzc V:49  H:167
C06318 $0A             ASL                             A:0002 X:0002 Y:0002 S:033F D:0000 DB:7E P:nvmxdIzc V:49  H:170
C06319 $0A             ASL                             A:0004 X:0002 Y:0002 S:033F D:0000 DB:7E P:nvmxdIzc V:49  H:173
C0631A $18             CLC                             A:0008 X:0002 Y:0002 S:033F D:0000 DB:7E P:nvmxdIzc V:49  H:176
C0631B $6D $DF $99     ADC $99DF [7E99DF] = $4000      A:0008 X:0002 Y:0002 S:033F D:0000 DB:7E P:nvmxdIzc V:49  H:179
C0631E $99 $AE $8F     STA $8FAE,Y [7E8FB0] = $1010    A:4008 X:0002 Y:0002 S:033F D:0000 DB:7E P:nvmxdIzc V:49  H:188
C06321 $EE $AE $93     INC $93AE [7E93AE] = $0002      A:4008 X:0002 Y:0002 S:033F D:0000 DB:7E P:nvmxdIzc V:49  H:198
C06324 $EE $AE $93     INC $93AE [7E93AE] = $0003      A:4008 X:0002 Y:0002 S:033F D:0000 DB:7E P:nvmxdIzc V:49  H:212
C06327 $E8             INX                             A:4008 X:0002 Y:0002 S:033F D:0000 DB:7E P:nvmxdIzc V:49  H:226
C06328 $E8             INX                             A:4008 X:0003 Y:0002 S:033F D:0000 DB:7E P:nvmxdIzc V:49  H:229
C06329 $E6 $2A         INC $2A [00002A] = $0001        A:4008 X:0004 Y:0002 S:033F D:0000 DB:7E P:nvmxdIzc V:49  H:232
C0632B $CE $7A $96     DEC $967A [7E967A] = $0074      A:4008 X:0004 Y:0002 S:033F D:0000 DB:7E P:nvmxdIzc V:49  H:244
C0632E $D0 $A9         BNE $C062D9                     A:4008 X:0004 Y:0002 S:033F D:0000 DB:7E P:nvmxdIzc V:49  H:258
C062D9 $A5 $2A         LDA $2A [00002A] = $0002        A:4008 X:0004 Y:0002 S:033F D:0000 DB:7E P:nvmxdIzc V:49  H:263
C062DB $CF $4E $B7 $7F CMP $7FB74E                     A:0002 X:0004 Y:0002 S:033F D:0000 DB:7E P:nvmxdIzc V:49  H:270
C062DF $B0 $08         BCS $C062E9                     A:0002 X:0004 Y:0002 S:033F D:0000 DB:7E P:NvmxdIzc V:49  H:296
C062E1 $AC $AE $93     LDY $93AE [7E93AE] = $0004      A:0002 X:0004 Y:0002 S:033F D:0000 DB:7E P:NvmxdIzc V:49  H:299
C062E4 $C0 $00 $02     CPY #$0200                      A:0002 X:0004 Y:0004 S:033F D:0000 DB:7E P:nvmxdIzc V:49  H:307
C062E7 $90 $06         BCC $C062EF                     A:0002 X:0004 Y:0004 S:033F D:0000 DB:7E P:NvmxdIzc V:49  H:312
C062EF $AC $AE $93     LDY $93AE [7E93AE] = $0004      A:0002 X:0004 Y:0004 S:033F D:0000 DB:7E P:NvmxdIzc V:49  H:316
C062F2 $BF $EA $AE $7F LDA $7FAEEA,X [7FAEEE] = $0063  A:0002 X:0004 Y:0004 S:033F D:0000 DB:7E P:nvmxdIzc V:49  H:324
C062F6 $0A             ASL                             A:0063 X:0004 Y:0004 S:033F D:0000 DB:7E P:nvmxdIzc V:49  H:334
C062F7 $26 $2E         ROL $2E [00002E] = $0000        A:00C6 X:0004 Y:0004 S:033F D:0000 DB:7E P:nvmxdIzc V:49  H:337
C062F9 $0A             ASL                             A:00C6 X:0004 Y:0004 S:033F D:0000 DB:7E P:nvmxdIZc V:50  H:9  
C062FA $26 $2E         ROL $2E [00002E] = $0000        A:018C X:0004 Y:0004 S:033F D:0000 DB:7E P:nvmxdIzc V:50  H:12 
C062FC $0A             ASL                             A:018C X:0004 Y:0004 S:033F D:0000 DB:7E P:nvmxdIZc V:50  H:25 
C062FD $26 $2E         ROL $2E [00002E] = $0000        A:0318 X:0004 Y:0004 S:033F D:0000 DB:7E P:nvmxdIzc V:50  H:28 
C062FF $0A             ASL                             A:0318 X:0004 Y:0004 S:033F D:0000 DB:7E P:nvmxdIZc V:50  H:40 
C06300 $26 $2E         ROL $2E [00002E] = $0000        A:0630 X:0004 Y:0004 S:033F D:0000 DB:7E P:nvmxdIzc V:50  H:43 
C06302 $18             CLC                             A:0630 X:0004 Y:0004 S:033F D:0000 DB:7E P:nvmxdIZc V:50  H:56 
C06303 $69 $A0 $8E     ADC #$8EA0                      A:0630 X:0004 Y:0004 S:033F D:0000 DB:7E P:nvmxdIZc V:50  H:59 
C06306 $99 $AE $8B     STA $8BAE,Y [7E8BB2] = $F840    A:94D0 X:0004 Y:0004 S:033F D:0000 DB:7E P:NvmxdIzc V:50  H:63 
C06309 $A5 $2E         LDA $2E [00002E] = $0000        A:94D0 X:0004 Y:0004 S:033F D:0000 DB:7E P:NvmxdIzc V:50  H:73 
C0630B $69 $E3 $00     ADC #$00E3                      A:0000 X:0004 Y:0004 S:033F D:0000 DB:7E P:nvmxdIZc V:50  H:80 
C0630E $99 $AE $8D     STA $8DAE,Y [7E8DB2] = $00D0    A:00E3 X:0004 Y:0004 S:033F D:0000 DB:7E P:nvmxdIzc V:50  H:85 
C06311 $A9 $10 $00     LDA #$0010                      A:00E3 X:0004 Y:0004 S:033F D:0000 DB:7E P:nvmxdIzc V:50  H:95 
C06314 $99 $AE $91     STA $91AE,Y [7E91B2] = $0020    A:0010 X:0004 Y:0004 S:033F D:0000 DB:7E P:nvmxdIzc V:50  H:99 
C06317 $8A             TXA                             A:0010 X:0004 Y:0004 S:033F D:0000 DB:7E P:nvmxdIzc V:50  H:109
C06318 $0A             ASL                             A:0004 X:0004 Y:0004 S:033F D:0000 DB:7E P:nvmxdIzc V:50  H:112
C06319 $0A             ASL                             A:0008 X:0004 Y:0004 S:033F D:0000 DB:7E P:nvmxdIzc V:50  H:115
C0631A $18             CLC                             A:0010 X:0004 Y:0004 S:033F D:0000 DB:7E P:nvmxdIzc V:50  H:118
C0631B $6D $DF $99     ADC $99DF [7E99DF] = $4000      A:0010 X:0004 Y:0004 S:033F D:0000 DB:7E P:nvmxdIzc V:50  H:121
C0631E $99 $AE $8F     STA $8FAE,Y [7E8FB2] = $0D20    A:4010 X:0004 Y:0004 S:033F D:0000 DB:7E P:nvmxdIzc V:50  H:130
C06321 $EE $AE $93     INC $93AE [7E93AE] = $0004      A:4010 X:0004 Y:0004 S:033F D:0000 DB:7E P:nvmxdIzc V:50  H:150
C06324 $EE $AE $93     INC $93AE [7E93AE] = $0005      A:4010 X:0004 Y:0004 S:033F D:0000 DB:7E P:nvmxdIzc V:50  H:164
C06327 $E8             INX                             A:4010 X:0004 Y:0004 S:033F D:0000 DB:7E P:nvmxdIzc V:50  H:178
C06328 $E8             INX                             A:4010 X:0005 Y:0004 S:033F D:0000 DB:7E P:nvmxdIzc V:50  H:181
C06329 $E6 $2A         INC $2A [00002A] = $0002        A:4010 X:0006 Y:0004 S:033F D:0000 DB:7E P:nvmxdIzc V:50  H:184
C0632B $CE $7A $96     DEC $967A [7E967A] = $0073      A:4010 X:0006 Y:0004 S:033F D:0000 DB:7E P:nvmxdIzc V:50  H:196
C0632E $D0 $A9         BNE $C062D9                     A:4010 X:0006 Y:0004 S:033F D:0000 DB:7E P:nvmxdIzc V:50  H:210
C062D9 $A5 $2A         LDA $2A [00002A] = $0003        A:4010 X:0006 Y:0004 S:033F D:0000 DB:7E P:nvmxdIzc V:50  H:215
C062DB $CF $4E $B7 $7F CMP $7FB74E                     A:0003 X:0006 Y:0004 S:033F D:0000 DB:7E P:nvmxdIzc V:50  H:222
C062DF $B0 $08         BCS $C062E9                     A:0003 X:0006 Y:0004 S:033F D:0000 DB:7E P:NvmxdIzc V:50  H:232
C062E1 $AC $AE $93     LDY $93AE [7E93AE] = $0006      A:0003 X:0006 Y:0004 S:033F D:0000 DB:7E P:NvmxdIzc V:50  H:235
C062E4 $C0 $00 $02     CPY #$0200                      A:0003 X:0006 Y:0006 S:033F D:0000 DB:7E P:nvmxdIzc V:50  H:243
C062E7 $90 $06         BCC $C062EF                     A:0003 X:0006 Y:0006 S:033F D:0000 DB:7E P:NvmxdIzc V:50  H:248
C062EF $AC $AE $93     LDY $93AE [7E93AE] = $0006      A:0003 X:0006 Y:0006 S:033F D:0000 DB:7E P:NvmxdIzc V:50  H:252
C062F2 $BF $EA $AE $7F LDA $7FAEEA,X [7FAEF0] = $0064  A:0003 X:0006 Y:0006 S:033F D:0000 DB:7E P:nvmxdIzc V:50  H:261
C062F6 $0A             ASL                             A:0064 X:0006 Y:0006 S:033F D:0000 DB:7E P:nvmxdIzc V:50  H:271
C062F7 $26 $2E         ROL $2E [00002E] = $0000        A:00C8 X:0006 Y:0006 S:033F D:0000 DB:7E P:nvmxdIzc V:50  H:274
C062F9 $0A             ASL                             A:00C8 X:0006 Y:0006 S:033F D:0000 DB:7E P:nvmxdIZc V:50  H:302
C062FA $26 $2E         ROL $2E [00002E] = $0000        A:0190 X:0006 Y:0006 S:033F D:0000 DB:7E P:nvmxdIzc V:50  H:305
C062FC $0A             ASL                             A:0190 X:0006 Y:0006 S:033F D:0000 DB:7E P:nvmxdIZc V:50  H:318
C062FD $26 $2E         ROL $2E [00002E] = $0000        A:0320 X:0006 Y:0006 S:033F D:0000 DB:7E P:nvmxdIzc V:50  H:321
C062FF $0A             ASL                             A:0320 X:0006 Y:0006 S:033F D:0000 DB:7E P:nvmxdIZc V:50  H:332
C06300 $26 $2E         ROL $2E [00002E] = $0000        A:0640 X:0006 Y:0006 S:033F D:0000 DB:7E P:nvmxdIzc V:50  H:335
C06302 $18             CLC                             A:0640 X:0006 Y:0006 S:033F D:0000 DB:7E P:nvmxdIZc V:51  H:8  
C06303 $69 $A0 $8E     ADC #$8EA0                      A:0640 X:0006 Y:0006 S:033F D:0000 DB:7E P:nvmxdIZc V:51  H:11 
C06306 $99 $AE $8B     STA $8BAE,Y [7E8BB4] = $F860    A:94E0 X:0006 Y:0006 S:033F D:0000 DB:7E P:NvmxdIzc V:51  H:15 
C06309 $A5 $2E         LDA $2E [00002E] = $0000        A:94E0 X:0006 Y:0006 S:033F D:0000 DB:7E P:NvmxdIzc V:51  H:25 
C0630B $69 $E3 $00     ADC #$00E3                      A:0000 X:0006 Y:0006 S:033F D:0000 DB:7E P:nvmxdIZc V:51  H:32 
C0630E $99 $AE $8D     STA $8DAE,Y [7E8DB4] = $00D0    A:00E3 X:0006 Y:0006 S:033F D:0000 DB:7E P:nvmxdIzc V:51  H:37 
C06311 $A9 $10 $00     LDA #$0010                      A:00E3 X:0006 Y:0006 S:033F D:0000 DB:7E P:nvmxdIzc V:51  H:47 
C06314 $99 $AE $91     STA $91AE,Y [7E91B4] = $0020    A:0010 X:0006 Y:0006 S:033F D:0000 DB:7E P:nvmxdIzc V:51  H:51 
C06317 $8A             TXA                             A:0010 X:0006 Y:0006 S:033F D:0000 DB:7E P:nvmxdIzc V:51  H:61 
C06318 $0A             ASL                             A:0006 X:0006 Y:0006 S:033F D:0000 DB:7E P:nvmxdIzc V:51  H:64 
C06319 $0A             ASL                             A:000C X:0006 Y:0006 S:033F D:0000 DB:7E P:nvmxdIzc V:51  H:67 
C0631A $18             CLC                             A:0018 X:0006 Y:0006 S:033F D:0000 DB:7E P:nvmxdIzc V:51  H:70 
C0631B $6D $DF $99     ADC $99DF [7E99DF] = $4000      A:0018 X:0006 Y:0006 S:033F D:0000 DB:7E P:nvmxdIzc V:51  H:73 
C0631E $99 $AE $8F     STA $8FAE,Y [7E8FB4] = $0D30    A:4018 X:0006 Y:0006 S:033F D:0000 DB:7E P:nvmxdIzc V:51  H:82 
C06321 $EE $AE $93     INC $93AE [7E93AE] = $0006      A:4018 X:0006 Y:0006 S:033F D:0000 DB:7E P:nvmxdIzc V:51  H:92 
C06324 $EE $AE $93     INC $93AE [7E93AE] = $0007      A:4018 X:0006 Y:0006 S:033F D:0000 DB:7E P:nvmxdIzc V:51  H:106
C06327 $E8             INX                             A:4018 X:0006 Y:0006 S:033F D:0000 DB:7E P:nvmxdIzc V:51  H:120
C06328 $E8             INX                             A:4018 X:0007 Y:0006 S:033F D:0000 DB:7E P:nvmxdIzc V:51  H:123
C06329 $E6 $2A         INC $2A [00002A] = $0003        A:4018 X:0008 Y:0006 S:033F D:0000 DB:7E P:nvmxdIzc V:51  H:126
C0632B $CE $7A $96     DEC $967A [7E967A] = $0072      A:4018 X:0008 Y:0006 S:033F D:0000 DB:7E P:nvmxdIzc V:51  H:148
C0632E $D0 $A9         BNE $C062D9                     A:4018 X:0008 Y:0006 S:033F D:0000 DB:7E P:nvmxdIzc V:51  H:162
C062D9 $A5 $2A         LDA $2A [00002A] = $0004        A:4018 X:0008 Y:0006 S:033F D:0000 DB:7E P:nvmxdIzc V:51  H:167
C062DB $CF $4E $B7 $7F CMP $7FB74E                     A:0004 X:0008 Y:0006 S:033F D:0000 DB:7E P:nvmxdIzc V:51  H:174
C062DF $B0 $08         BCS $C062E9                     A:0004 X:0008 Y:0006 S:033F D:0000 DB:7E P:NvmxdIzc V:51  H:184
C062E1 $AC $AE $93     LDY $93AE [7E93AE] = $0008      A:0004 X:0008 Y:0006 S:033F D:0000 DB:7E P:NvmxdIzc V:51  H:187
C062E4 $C0 $00 $02     CPY #$0200                      A:0004 X:0008 Y:0008 S:033F D:0000 DB:7E P:nvmxdIzc V:51  H:195
C062E7 $90 $06         BCC $C062EF                     A:0004 X:0008 Y:0008 S:033F D:0000 DB:7E P:NvmxdIzc V:51  H:200
C062EF $AC $AE $93     LDY $93AE [7E93AE] = $0008      A:0004 X:0008 Y:0008 S:033F D:0000 DB:7E P:NvmxdIzc V:51  H:204
C062F2 $BF $EA $AE $7F LDA $7FAEEA,X [7FAEF2] = $0065  A:0004 X:0008 Y:0008 S:033F D:0000 DB:7E P:nvmxdIzc V:51  H:213
C062F6 $0A             ASL                             A:0065 X:0008 Y:0008 S:033F D:0000 DB:7E P:nvmxdIzc V:51  H:223
C062F7 $26 $2E         ROL $2E [00002E] = $0000        A:00CA X:0008 Y:0008 S:033F D:0000 DB:7E P:nvmxdIzc V:51  H:226
C062F9 $0A             ASL                             A:00CA X:0008 Y:0008 S:033F D:0000 DB:7E P:nvmxdIZc V:51  H:238
C062FA $26 $2E         ROL $2E [00002E] = $0000        A:0194 X:0008 Y:0008 S:033F D:0000 DB:7E P:nvmxdIzc V:51  H:241
C062FC $0A             ASL                             A:0194 X:0008 Y:0008 S:033F D:0000 DB:7E P:nvmxdIZc V:51  H:254
C062FD $26 $2E         ROL $2E [00002E] = $0000        A:0328 X:0008 Y:0008 S:033F D:0000 DB:7E P:nvmxdIzc V:51  H:257
C062FF $0A             ASL                             A:0328 X:0008 Y:0008 S:033F D:0000 DB:7E P:nvmxdIZc V:51  H:269
C06300 $26 $2E         ROL $2E [00002E] = $0000        A:0650 X:0008 Y:0008 S:033F D:0000 DB:7E P:nvmxdIzc V:51  H:272
C06302 $18             CLC                             A:0650 X:0008 Y:0008 S:033F D:0000 DB:7E P:nvmxdIZc V:51  H:301
C06303 $69 $A0 $8E     ADC #$8EA0                      A:0650 X:0008 Y:0008 S:033F D:0000 DB:7E P:nvmxdIZc V:51  H:304
C06306 $99 $AE $8B     STA $8BAE,Y [7E8BB6] = $F880    A:94F0 X:0008 Y:0008 S:033F D:0000 DB:7E P:NvmxdIzc V:51  H:308
C06309 $A5 $2E         LDA $2E [00002E] = $0000        A:94F0 X:0008 Y:0008 S:033F D:0000 DB:7E P:NvmxdIzc V:51  H:318
C0630B $69 $E3 $00     ADC #$00E3                      A:0000 X:0008 Y:0008 S:033F D:0000 DB:7E P:nvmxdIZc V:51  H:325
C0630E $99 $AE $8D     STA $8DAE,Y [7E8DB6] = $00D0    A:00E3 X:0008 Y:0008 S:033F D:0000 DB:7E P:nvmxdIzc V:51  H:329
C06311 $A9 $10 $00     LDA #$0010                      A:00E3 X:0008 Y:0008 S:033F D:0000 DB:7E P:nvmxdIzc V:51  H:339
C06314 $99 $AE $91     STA $91AE,Y [7E91B6] = $0020    A:0010 X:0008 Y:0008 S:033F D:0000 DB:7E P:nvmxdIzc V:52  H:3  
C06317 $8A             TXA                             A:0010 X:0008 Y:0008 S:033F D:0000 DB:7E P:nvmxdIzc V:52  H:13 
C06318 $0A             ASL                             A:0008 X:0008 Y:0008 S:033F D:0000 DB:7E P:nvmxdIzc V:52  H:16 
C06319 $0A             ASL                             A:0010 X:0008 Y:0008 S:033F D:0000 DB:7E P:nvmxdIzc V:52  H:19 
C0631A $18             CLC                             A:0020 X:0008 Y:0008 S:033F D:0000 DB:7E P:nvmxdIzc V:52  H:22 
C0631B $6D $DF $99     ADC $99DF [7E99DF] = $4000      A:0020 X:0008 Y:0008 S:033F D:0000 DB:7E P:nvmxdIzc V:52  H:25 
C0631E $99 $AE $8F     STA $8FAE,Y [7E8FB6] = $0D40    A:4020 X:0008 Y:0008 S:033F D:0000 DB:7E P:nvmxdIzc V:52  H:34 
C06321 $EE $AE $93     INC $93AE [7E93AE] = $0008      A:4020 X:0008 Y:0008 S:033F D:0000 DB:7E P:nvmxdIzc V:52  H:44 
C06324 $EE $AE $93     INC $93AE [7E93AE] = $0009      A:4020 X:0008 Y:0008 S:033F D:0000 DB:7E P:nvmxdIzc V:52  H:58 
C06327 $E8             INX                             A:4020 X:0008 Y:0008 S:033F D:0000 DB:7E P:nvmxdIzc V:52  H:72 
C06328 $E8             INX                             A:4020 X:0009 Y:0008 S:033F D:0000 DB:7E P:nvmxdIzc V:52  H:75 
C06329 $E6 $2A         INC $2A [00002A] = $0004        A:4020 X:000A Y:0008 S:033F D:0000 DB:7E P:nvmxdIzc V:52  H:78 
C0632B $CE $7A $96     DEC $967A [7E967A] = $0071      A:4020 X:000A Y:0008 S:033F D:0000 DB:7E P:nvmxdIzc V:52  H:90 
C0632E $D0 $A9         BNE $C062D9                     A:4020 X:000A Y:0008 S:033F D:0000 DB:7E P:nvmxdIzc V:52  H:104
C062D9 $A5 $2A         LDA $2A [00002A] = $0005        A:4020 X:000A Y:0008 S:033F D:0000 DB:7E P:nvmxdIzc V:52  H:109
C062DB $CF $4E $B7 $7F CMP $7FB74E                     A:0005 X:000A Y:0008 S:033F D:0000 DB:7E P:nvmxdIzc V:52  H:116
C062DF $B0 $08         BCS $C062E9                     A:0005 X:000A Y:0008 S:033F D:0000 DB:7E P:NvmxdIzc V:52  H:126
C062E1 $AC $AE $93     LDY $93AE [7E93AE] = $000A      A:0005 X:000A Y:0008 S:033F D:0000 DB:7E P:NvmxdIzc V:52  H:129
C062E4 $C0 $00 $02     CPY #$0200                      A:0005 X:000A Y:000A S:033F D:0000 DB:7E P:nvmxdIzc V:52  H:147
C062E7 $90 $06         BCC $C062EF                     A:0005 X:000A Y:000A S:033F D:0000 DB:7E P:NvmxdIzc V:52  H:152
C062EF $AC $AE $93     LDY $93AE [7E93AE] = $000A      A:0005 X:000A Y:000A S:033F D:0000 DB:7E P:NvmxdIzc V:52  H:156
C062F2 $BF $EA $AE $7F LDA $7FAEEA,X [7FAEF4] = $0066  A:0005 X:000A Y:000A S:033F D:0000 DB:7E P:nvmxdIzc V:52  H:165
C062F6 $0A             ASL                             A:0066 X:000A Y:000A S:033F D:0000 DB:7E P:nvmxdIzc V:52  H:175
C062F7 $26 $2E         ROL $2E [00002E] = $0000        A:00CC X:000A Y:000A S:033F D:0000 DB:7E P:nvmxdIzc V:52  H:178
C062F9 $0A             ASL                             A:00CC X:000A Y:000A S:033F D:0000 DB:7E P:nvmxdIZc V:52  H:190
C062FA $26 $2E         ROL $2E [00002E] = $0000        A:0198 X:000A Y:000A S:033F D:0000 DB:7E P:nvmxdIzc V:52  H:193
C062FC $0A             ASL                             A:0198 X:000A Y:000A S:033F D:0000 DB:7E P:nvmxdIZc V:52  H:206
C062FD $26 $2E         ROL $2E [00002E] = $0000        A:0330 X:000A Y:000A S:033F D:0000 DB:7E P:nvmxdIzc V:52  H:209
C062FF $0A             ASL                             A:0330 X:000A Y:000A S:033F D:0000 DB:7E P:nvmxdIZc V:52  H:221
C06300 $26 $2E         ROL $2E [00002E] = $0000        A:0660 X:000A Y:000A S:033F D:0000 DB:7E P:nvmxdIzc V:52  H:224
C06302 $18             CLC                             A:0660 X:000A Y:000A S:033F D:0000 DB:7E P:nvmxdIZc V:52  H:237
C06303 $69 $A0 $8E     ADC #$8EA0                      A:0660 X:000A Y:000A S:033F D:0000 DB:7E P:nvmxdIZc V:52  H:240
C06306 $99 $AE $8B     STA $8BAE,Y [7E8BB8] = $F8A0    A:9500 X:000A Y:000A S:033F D:0000 DB:7E P:NvmxdIzc V:52  H:244
C06309 $A5 $2E         LDA $2E [00002E] = $0000        A:9500 X:000A Y:000A S:033F D:0000 DB:7E P:NvmxdIzc V:52  H:254
C0630B $69 $E3 $00     ADC #$00E3                      A:0000 X:000A Y:000A S:033F D:0000 DB:7E P:nvmxdIZc V:52  H:261
C0630E $99 $AE $8D     STA $8DAE,Y [7E8DB8] = $00D0    A:00E3 X:000A Y:000A S:033F D:0000 DB:7E P:nvmxdIzc V:52  H:266
C06311 $A9 $10 $00     LDA #$0010                      A:00E3 X:000A Y:000A S:033F D:0000 DB:7E P:nvmxdIzc V:52  H:276
C06314 $99 $AE $91     STA $91AE,Y [7E91B8] = $0020    A:0010 X:000A Y:000A S:033F D:0000 DB:7E P:nvmxdIzc V:52  H:297
C06317 $8A             TXA                             A:0010 X:000A Y:000A S:033F D:0000 DB:7E P:nvmxdIzc V:52  H:307
C06318 $0A             ASL                             A:000A X:000A Y:000A S:033F D:0000 DB:7E P:nvmxdIzc V:52  H:310
C06319 $0A             ASL                             A:0014 X:000A Y:000A S:033F D:0000 DB:7E P:nvmxdIzc V:52  H:313
C0631A $18             CLC                             A:0028 X:000A Y:000A S:033F D:0000 DB:7E P:nvmxdIzc V:52  H:316
C0631B $6D $DF $99     ADC $99DF [7E99DF] = $4000      A:0028 X:000A Y:000A S:033F D:0000 DB:7E P:nvmxdIzc V:52  H:319
C0631E $99 $AE $8F     STA $8FAE,Y [7E8FB8] = $0D50    A:4028 X:000A Y:000A S:033F D:0000 DB:7E P:nvmxdIzc V:52  H:327
C06321 $EE $AE $93     INC $93AE [7E93AE] = $000A      A:4028 X:000A Y:000A S:033F D:0000 DB:7E P:nvmxdIzc V:52  H:336
C06324 $EE $AE $93     INC $93AE [7E93AE] = $000B      A:4028 X:000A Y:000A S:033F D:0000 DB:7E P:nvmxdIzc V:53  H:10 
C06327 $E8             INX                             A:4028 X:000A Y:000A S:033F D:0000 DB:7E P:nvmxdIzc V:53  H:24 
C06328 $E8             INX                             A:4028 X:000B Y:000A S:033F D:0000 DB:7E P:nvmxdIzc V:53  H:27 
C06329 $E6 $2A         INC $2A [00002A] = $0005        A:4028 X:000C Y:000A S:033F D:0000 DB:7E P:nvmxdIzc V:53  H:30 
C0632B $CE $7A $96     DEC $967A [7E967A] = $0070      A:4028 X:000C Y:000A S:033F D:0000 DB:7E P:nvmxdIzc V:53  H:43 
C0632E $D0 $A9         BNE $C062D9                     A:4028 X:000C Y:000A S:033F D:0000 DB:7E P:nvmxdIzc V:53  H:57 
C062D9 $A5 $2A         LDA $2A [00002A] = $0006        A:4028 X:000C Y:000A S:033F D:0000 DB:7E P:nvmxdIzc V:53  H:61 
C062DB $CF $4E $B7 $7F CMP $7FB74E                     A:0006 X:000C Y:000A S:033F D:0000 DB:7E P:nvmxdIzc V:53  H:68 
C062DF $B0 $08         BCS $C062E9                     A:0006 X:000C Y:000A S:033F D:0000 DB:7E P:NvmxdIzc V:53  H:78 
C062E1 $AC $AE $93     LDY $93AE [7E93AE] = $000C      A:0006 X:000C Y:000A S:033F D:0000 DB:7E P:NvmxdIzc V:53  H:81 
C062E4 $C0 $00 $02     CPY #$0200                      A:0006 X:000C Y:000C S:033F D:0000 DB:7E P:nvmxdIzc V:53  H:90 
C062E7 $90 $06         BCC $C062EF                     A:0006 X:000C Y:000C S:033F D:0000 DB:7E P:NvmxdIzc V:53  H:94 
C062EF $AC $AE $93     LDY $93AE [7E93AE] = $000C      A:0006 X:000C Y:000C S:033F D:0000 DB:7E P:NvmxdIzc V:53  H:99 
C062F2 $BF $EA $AE $7F LDA $7FAEEA,X [7FAEF6] = $0067  A:0006 X:000C Y:000C S:033F D:0000 DB:7E P:nvmxdIzc V:53  H:107
C062F6 $0A             ASL                             A:0067 X:000C Y:000C S:033F D:0000 DB:7E P:nvmxdIzc V:53  H:117
C062F7 $26 $2E         ROL $2E [00002E] = $0000        A:00CE X:000C Y:000C S:033F D:0000 DB:7E P:nvmxdIzc V:53  H:120
C062F9 $0A             ASL                             A:00CE X:000C Y:000C S:033F D:0000 DB:7E P:nvmxdIZc V:53  H:133
C062FA $26 $2E         ROL $2E [00002E] = $0000        A:019C X:000C Y:000C S:033F D:0000 DB:7E P:nvmxdIzc V:53  H:146
C062FC $0A             ASL                             A:019C X:000C Y:000C S:033F D:0000 DB:7E P:nvmxdIZc V:53  H:158
C062FD $26 $2E         ROL $2E [00002E] = $0000        A:0338 X:000C Y:000C S:033F D:0000 DB:7E P:nvmxdIzc V:53  H:161
C062FF $0A             ASL                             A:0338 X:000C Y:000C S:033F D:0000 DB:7E P:nvmxdIZc V:53  H:174
C06300 $26 $2E         ROL $2E [00002E] = $0000        A:0670 X:000C Y:000C S:033F D:0000 DB:7E P:nvmxdIzc V:53  H:177
C06302 $18             CLC                             A:0670 X:000C Y:000C S:033F D:0000 DB:7E P:nvmxdIZc V:53  H:189
C06303 $69 $A0 $8E     ADC #$8EA0                      A:0670 X:000C Y:000C S:033F D:0000 DB:7E P:nvmxdIZc V:53  H:192
C06306 $99 $AE $8B     STA $8BAE,Y [7E8BBA] = $F8C0    A:9510 X:000C Y:000C S:033F D:0000 DB:7E P:NvmxdIzc V:53  H:197
C06309 $A5 $2E         LDA $2E [00002E] = $0000        A:9510 X:000C Y:000C S:033F D:0000 DB:7E P:NvmxdIzc V:53  H:207
C0630B $69 $E3 $00     ADC #$00E3                      A:0000 X:000C Y:000C S:033F D:0000 DB:7E P:nvmxdIZc V:53  H:214
C0630E $99 $AE $8D     STA $8DAE,Y [7E8DBA] = $00D0    A:00E3 X:000C Y:000C S:033F D:0000 DB:7E P:nvmxdIzc V:53  H:218
C06311 $A9 $10 $00     LDA #$0010                      A:00E3 X:000C Y:000C S:033F D:0000 DB:7E P:nvmxdIzc V:53  H:228
C06314 $99 $AE $91     STA $91AE,Y [7E91BA] = $0020    A:0010 X:000C Y:000C S:033F D:0000 DB:7E P:nvmxdIzc V:53  H:233
C06317 $8A             TXA                             A:0010 X:000C Y:000C S:033F D:0000 DB:7E P:nvmxdIzc V:53  H:243
C06318 $0A             ASL                             A:000C X:000C Y:000C S:033F D:0000 DB:7E P:nvmxdIzc V:53  H:246
C06319 $0A             ASL                             A:0018 X:000C Y:000C S:033F D:0000 DB:7E P:nvmxdIzc V:53  H:249
C0631A $18             CLC                             A:0030 X:000C Y:000C S:033F D:0000 DB:7E P:nvmxdIzc V:53  H:252
C0631B $6D $DF $99     ADC $99DF [7E99DF] = $4000      A:0030 X:000C Y:000C S:033F D:0000 DB:7E P:nvmxdIzc V:53  H:255
C0631E $99 $AE $8F     STA $8FAE,Y [7E8FBA] = $0D60    A:4030 X:000C Y:000C S:033F D:0000 DB:7E P:nvmxdIzc V:53  H:263
C06321 $EE $AE $93     INC $93AE [7E93AE] = $000C      A:4030 X:000C Y:000C S:033F D:0000 DB:7E P:nvmxdIzc V:53  H:273
C06324 $EE $AE $93     INC $93AE [7E93AE] = $000D      A:4030 X:000C Y:000C S:033F D:0000 DB:7E P:nvmxdIzc V:53  H:304
C06327 $E8             INX                             A:4030 X:000C Y:000C S:033F D:0000 DB:7E P:nvmxdIzc V:53  H:318
C06328 $E8             INX                             A:4030 X:000D Y:000C S:033F D:0000 DB:7E P:nvmxdIzc V:53  H:321
C06329 $E6 $2A         INC $2A [00002A] = $0006        A:4030 X:000E Y:000C S:033F D:0000 DB:7E P:nvmxdIzc V:53  H:323
C0632B $CE $7A $96     DEC $967A [7E967A] = $006F      A:4030 X:000E Y:000C S:033F D:0000 DB:7E P:nvmxdIzc V:53  H:335
C0632E $D0 $A9         BNE $C062D9                     A:4030 X:000E Y:000C S:033F D:0000 DB:7E P:nvmxdIzc V:54  H:9  
C062D9 $A5 $2A         LDA $2A [00002A] = $0007        A:4030 X:000E Y:000C S:033F D:0000 DB:7E P:nvmxdIzc V:54  H:14 
C062DB $CF $4E $B7 $7F CMP $7FB74E                     A:0007 X:000E Y:000C S:033F D:0000 DB:7E P:nvmxdIzc V:54  H:21 
C062DF $B0 $08         BCS $C062E9                     A:0007 X:000E Y:000C S:033F D:0000 DB:7E P:NvmxdIzc V:54  H:31 
C062E1 $AC $AE $93     LDY $93AE [7E93AE] = $000E      A:0007 X:000E Y:000C S:033F D:0000 DB:7E P:NvmxdIzc V:54  H:34 
C062E4 $C0 $00 $02     CPY #$0200                      A:0007 X:000E Y:000E S:033F D:0000 DB:7E P:nvmxdIzc V:54  H:42 
C062E7 $90 $06         BCC $C062EF                     A:0007 X:000E Y:000E S:033F D:0000 DB:7E P:NvmxdIzc V:54  H:47 
C062EF $AC $AE $93     LDY $93AE [7E93AE] = $000E      A:0007 X:000E Y:000E S:033F D:0000 DB:7E P:NvmxdIzc V:54  H:51 
C062F2 $BF $EA $AE $7F LDA $7FAEEA,X [7FAEF8] = $0068  A:0007 X:000E Y:000E S:033F D:0000 DB:7E P:nvmxdIzc V:54  H:60 
C062F6 $0A             ASL                             A:0068 X:000E Y:000E S:033F D:0000 DB:7E P:nvmxdIzc V:54  H:70 
C062F7 $26 $2E         ROL $2E [00002E] = $0000        A:00D0 X:000E Y:000E S:033F D:0000 DB:7E P:nvmxdIzc V:54  H:73 
C062F9 $0A             ASL                             A:00D0 X:000E Y:000E S:033F D:0000 DB:7E P:nvmxdIZc V:54  H:85 
C062FA $26 $2E         ROL $2E [00002E] = $0000        A:01A0 X:000E Y:000E S:033F D:0000 DB:7E P:nvmxdIzc V:54  H:88 
C062FC $0A             ASL                             A:01A0 X:000E Y:000E S:033F D:0000 DB:7E P:nvmxdIZc V:54  H:101
C062FD $26 $2E         ROL $2E [00002E] = $0000        A:0340 X:000E Y:000E S:033F D:0000 DB:7E P:nvmxdIzc V:54  H:104
C062FF $0A             ASL                             A:0340 X:000E Y:000E S:033F D:0000 DB:7E P:nvmxdIZc V:54  H:116
C06300 $26 $2E         ROL $2E [00002E] = $0000        A:0680 X:000E Y:000E S:033F D:0000 DB:7E P:nvmxdIzc V:54  H:119
C06302 $18             CLC                             A:0680 X:000E Y:000E S:033F D:0000 DB:7E P:nvmxdIZc V:54  H:132
C06303 $69 $A0 $8E     ADC #$8EA0                      A:0680 X:000E Y:000E S:033F D:0000 DB:7E P:nvmxdIZc V:54  H:145
C06306 $99 $AE $8B     STA $8BAE,Y [7E8BBC] = $F8E0    A:9520 X:000E Y:000E S:033F D:0000 DB:7E P:NvmxdIzc V:54  H:149
C06309 $A5 $2E         LDA $2E [00002E] = $0000        A:9520 X:000E Y:000E S:033F D:0000 DB:7E P:NvmxdIzc V:54  H:159
C0630B $69 $E3 $00     ADC #$00E3                      A:0000 X:000E Y:000E S:033F D:0000 DB:7E P:nvmxdIZc V:54  H:166
C0630E $99 $AE $8D     STA $8DAE,Y [7E8DBC] = $00D0    A:00E3 X:000E Y:000E S:033F D:0000 DB:7E P:nvmxdIzc V:54  H:171
C06311 $A9 $10 $00     LDA #$0010                      A:00E3 X:000E Y:000E S:033F D:0000 DB:7E P:nvmxdIzc V:54  H:181
C06314 $99 $AE $91     STA $91AE,Y [7E91BC] = $0020    A:0010 X:000E Y:000E S:033F D:0000 DB:7E P:nvmxdIzc V:54  H:185
C06317 $8A             TXA                             A:0010 X:000E Y:000E S:033F D:0000 DB:7E P:nvmxdIzc V:54  H:195
C06318 $0A             ASL                             A:000E X:000E Y:000E S:033F D:0000 DB:7E P:nvmxdIzc V:54  H:198
C06319 $0A             ASL                             A:001C X:000E Y:000E S:033F D:0000 DB:7E P:nvmxdIzc V:54  H:201
C0631A $18             CLC                             A:0038 X:000E Y:000E S:033F D:0000 DB:7E P:nvmxdIzc V:54  H:204
C0631B $6D $DF $99     ADC $99DF [7E99DF] = $4000      A:0038 X:000E Y:000E S:033F D:0000 DB:7E P:nvmxdIzc V:54  H:207
C0631E $99 $AE $8F     STA $8FAE,Y [7E8FBC] = $0D70    A:4038 X:000E Y:000E S:033F D:0000 DB:7E P:nvmxdIzc V:54  H:216
C06321 $EE $AE $93     INC $93AE [7E93AE] = $000E      A:4038 X:000E Y:000E S:033F D:0000 DB:7E P:nvmxdIzc V:54  H:226
C06324 $EE $AE $93     INC $93AE [7E93AE] = $000F      A:4038 X:000E Y:000E S:033F D:0000 DB:7E P:nvmxdIzc V:54  H:240
C06327 $E8             INX                             A:4038 X:000E Y:000E S:033F D:0000 DB:7E P:nvmxdIzc V:54  H:254
C06328 $E8             INX                             A:4038 X:000F Y:000E S:033F D:0000 DB:7E P:nvmxdIzc V:54  H:257
C06329 $E6 $2A         INC $2A [00002A] = $0007        A:4038 X:0010 Y:000E S:033F D:0000 DB:7E P:nvmxdIzc V:54  H:260
C0632B $CE $7A $96     DEC $967A [7E967A] = $006E      A:4038 X:0010 Y:000E S:033F D:0000 DB:7E P:nvmxdIzc V:54  H:272
C0632E $D0 $A9         BNE $C062D9                     A:4038 X:0010 Y:000E S:033F D:0000 DB:7E P:nvmxdIzc V:54  H:302
C062D9 $A5 $2A         LDA $2A [00002A] = $0008        A:4038 X:0010 Y:000E S:033F D:0000 DB:7E P:nvmxdIzc V:54  H:307
C062DB $CF $4E $B7 $7F CMP $7FB74E                     A:0008 X:0010 Y:000E S:033F D:0000 DB:7E P:nvmxdIzc V:54  H:314
C062DF $B0 $08         BCS $C062E9                     A:0008 X:0010 Y:000E S:033F D:0000 DB:7E P:NvmxdIzc V:54  H:323
C062E1 $AC $AE $93     LDY $93AE [7E93AE] = $0010      A:0008 X:0010 Y:000E S:033F D:0000 DB:7E P:NvmxdIzc V:54  H:326
C062E4 $C0 $00 $02     CPY #$0200                      A:0008 X:0010 Y:0010 S:033F D:0000 DB:7E P:nvmxdIzc V:54  H:334
C062E7 $90 $06         BCC $C062EF                     A:0008 X:0010 Y:0010 S:033F D:0000 DB:7E P:NvmxdIzc V:54  H:339
C062EF $AC $AE $93     LDY $93AE [7E93AE] = $0010      A:0008 X:0010 Y:0010 S:033F D:0000 DB:7E P:NvmxdIzc V:55  H:3  
C062F2 $BF $EA $AE $7F LDA $7FAEEA,X [7FAEFA] = $0069  A:0008 X:0010 Y:0010 S:033F D:0000 DB:7E P:nvmxdIzc V:55  H:12 
C062F6 $0A             ASL                             A:0069 X:0010 Y:0010 S:033F D:0000 DB:7E P:nvmxdIzc V:55  H:22 
C062F7 $26 $2E         ROL $2E [00002E] = $0000        A:00D2 X:0010 Y:0010 S:033F D:0000 DB:7E P:nvmxdIzc V:55  H:25 
C062F9 $0A             ASL                             A:00D2 X:0010 Y:0010 S:033F D:0000 DB:7E P:nvmxdIZc V:55  H:37 
C062FA $26 $2E         ROL $2E [00002E] = $0000        A:01A4 X:0010 Y:0010 S:033F D:0000 DB:7E P:nvmxdIzc V:55  H:40 
C062FC $0A             ASL                             A:01A4 X:0010 Y:0010 S:033F D:0000 DB:7E P:nvmxdIZc V:55  H:53 
C062FD $26 $2E         ROL $2E [00002E] = $0000        A:0348 X:0010 Y:0010 S:033F D:0000 DB:7E P:nvmxdIzc V:55  H:56 
C062FF $0A             ASL                             A:0348 X:0010 Y:0010 S:033F D:0000 DB:7E P:nvmxdIZc V:55  H:68 
C06300 $26 $2E         ROL $2E [00002E] = $0000        A:0690 X:0010 Y:0010 S:033F D:0000 DB:7E P:nvmxdIzc V:55  H:71 
C06302 $18             CLC                             A:0690 X:0010 Y:0010 S:033F D:0000 DB:7E P:nvmxdIZc V:55  H:84 
C06303 $69 $A0 $8E     ADC #$8EA0                      A:0690 X:0010 Y:0010 S:033F D:0000 DB:7E P:nvmxdIZc V:55  H:87 
C06306 $99 $AE $8B     STA $8BAE,Y [7E8BBE] = $F900    A:9530 X:0010 Y:0010 S:033F D:0000 DB:7E P:NvmxdIzc V:55  H:91 
C06309 $A5 $2E         LDA $2E [00002E] = $0000        A:9530 X:0010 Y:0010 S:033F D:0000 DB:7E P:NvmxdIzc V:55  H:101
C0630B $69 $E3 $00     ADC #$00E3                      A:0000 X:0010 Y:0010 S:033F D:0000 DB:7E P:nvmxdIZc V:55  H:108
C0630E $99 $AE $8D     STA $8DAE,Y [7E8DBE] = $00D0    A:00E3 X:0010 Y:0010 S:033F D:0000 DB:7E P:nvmxdIzc V:55  H:113
C06311 $A9 $10 $00     LDA #$0010                      A:00E3 X:0010 Y:0010 S:033F D:0000 DB:7E P:nvmxdIzc V:55  H:123
C06314 $99 $AE $91     STA $91AE,Y [7E91BE] = $0020    A:0010 X:0010 Y:0010 S:033F D:0000 DB:7E P:nvmxdIzc V:55  H:127
C06317 $8A             TXA                             A:0010 X:0010 Y:0010 S:033F D:0000 DB:7E P:nvmxdIzc V:55  H:147
C06318 $0A             ASL                             A:0010 X:0010 Y:0010 S:033F D:0000 DB:7E P:nvmxdIzc V:55  H:150
C06319 $0A             ASL                             A:0020 X:0010 Y:0010 S:033F D:0000 DB:7E P:nvmxdIzc V:55  H:153
C0631A $18             CLC                             A:0040 X:0010 Y:0010 S:033F D:0000 DB:7E P:nvmxdIzc V:55  H:156
C0631B $6D $DF $99     ADC $99DF [7E99DF] = $4000      A:0040 X:0010 Y:0010 S:033F D:0000 DB:7E P:nvmxdIzc V:55  H:159
C0631E $99 $AE $8F     STA $8FAE,Y [7E8FBE] = $0D80    A:4040 X:0010 Y:0010 S:033F D:0000 DB:7E P:nvmxdIzc V:55  H:168
C06321 $EE $AE $93     INC $93AE [7E93AE] = $0010      A:4040 X:0010 Y:0010 S:033F D:0000 DB:7E P:nvmxdIzc V:55  H:178
C06324 $EE $AE $93     INC $93AE [7E93AE] = $0011      A:4040 X:0010 Y:0010 S:033F D:0000 DB:7E P:nvmxdIzc V:55  H:192
C06327 $E8             INX                             A:4040 X:0010 Y:0010 S:033F D:0000 DB:7E P:nvmxdIzc V:55  H:206
C06328 $E8             INX                             A:4040 X:0011 Y:0010 S:033F D:0000 DB:7E P:nvmxdIzc V:55  H:209
C06329 $E6 $2A         INC $2A [00002A] = $0008        A:4040 X:0012 Y:0010 S:033F D:0000 DB:7E P:nvmxdIzc V:55  H:212
C0632B $CE $7A $96     DEC $967A [7E967A] = $006D      A:4040 X:0012 Y:0010 S:033F D:0000 DB:7E P:nvmxdIzc V:55  H:224
C0632E $D0 $A9         BNE $C062D9                     A:4040 X:0012 Y:0010 S:033F D:0000 DB:7E P:nvmxdIzc V:55  H:238
C062D9 $A5 $2A         LDA $2A [00002A] = $0009        A:4040 X:0012 Y:0010 S:033F D:0000 DB:7E P:nvmxdIzc V:55  H:243
C062DB $CF $4E $B7 $7F CMP $7FB74E                     A:0009 X:0012 Y:0010 S:033F D:0000 DB:7E P:nvmxdIzc V:55  H:250
C062DF $B0 $08         BCS $C062E9                     A:0009 X:0012 Y:0010 S:033F D:0000 DB:7E P:NvmxdIzc V:55  H:260
C062E1 $AC $AE $93     LDY $93AE [7E93AE] = $0012      A:0009 X:0012 Y:0010 S:033F D:0000 DB:7E P:NvmxdIzc V:55  H:263
C062E4 $C0 $00 $02     CPY #$0200                      A:0009 X:0012 Y:0012 S:033F D:0000 DB:7E P:nvmxdIzc V:55  H:271
C062E7 $90 $06         BCC $C062EF                     A:0009 X:0012 Y:0012 S:033F D:0000 DB:7E P:NvmxdIzc V:55  H:276
C062EF $AC $AE $93     LDY $93AE [7E93AE] = $0012      A:0009 X:0012 Y:0012 S:033F D:0000 DB:7E P:NvmxdIzc V:55  H:321
C062F2 $BF $EA $AE $7F LDA $7FAEEA,X [7FAEFC] = $006A  A:0009 X:0012 Y:0012 S:033F D:0000 DB:7E P:nvmxdIzc V:55  H:328
C062F6 $0A             ASL                             A:006A X:0012 Y:0012 S:033F D:0000 DB:7E P:nvmxdIzc V:55  H:338
C062F7 $26 $2E         ROL $2E [00002E] = $0000        A:00D4 X:0012 Y:0012 S:033F D:0000 DB:7E P:nvmxdIzc V:56  H:1  
C062F9 $0A             ASL                             A:00D4 X:0012 Y:0012 S:033F D:0000 DB:7E P:nvmxdIZc V:56  H:14 
C062FA $26 $2E         ROL $2E [00002E] = $0000        A:01A8 X:0012 Y:0012 S:033F D:0000 DB:7E P:nvmxdIzc V:56  H:17 
C062FC $0A             ASL                             A:01A8 X:0012 Y:0012 S:033F D:0000 DB:7E P:nvmxdIZc V:56  H:29 
C062FD $26 $2E         ROL $2E [00002E] = $0000        A:0350 X:0012 Y:0012 S:033F D:0000 DB:7E P:nvmxdIzc V:56  H:32 
C062FF $0A             ASL                             A:0350 X:0012 Y:0012 S:033F D:0000 DB:7E P:nvmxdIZc V:56  H:45 
C06300 $26 $2E         ROL $2E [00002E] = $0000        A:06A0 X:0012 Y:0012 S:033F D:0000 DB:7E P:nvmxdIzc V:56  H:48 
C06302 $18             CLC                             A:06A0 X:0012 Y:0012 S:033F D:0000 DB:7E P:nvmxdIZc V:56  H:60 
C06303 $69 $A0 $8E     ADC #$8EA0                      A:06A0 X:0012 Y:0012 S:033F D:0000 DB:7E P:nvmxdIZc V:56  H:63 
C06306 $99 $AE $8B     STA $8BAE,Y [7E8BC0] = $F920    A:9540 X:0012 Y:0012 S:033F D:0000 DB:7E P:NvmxdIzc V:56  H:68 
C06309 $A5 $2E         LDA $2E [00002E] = $0000        A:9540 X:0012 Y:0012 S:033F D:0000 DB:7E P:NvmxdIzc V:56  H:78 
C0630B $69 $E3 $00     ADC #$00E3                      A:0000 X:0012 Y:0012 S:033F D:0000 DB:7E P:nvmxdIZc V:56  H:85 
C0630E $99 $AE $8D     STA $8DAE,Y [7E8DC0] = $00D0    A:00E3 X:0012 Y:0012 S:033F D:0000 DB:7E P:nvmxdIzc V:56  H:89 
C06311 $A9 $10 $00     LDA #$0010                      A:00E3 X:0012 Y:0012 S:033F D:0000 DB:7E P:nvmxdIzc V:56  H:99 
C06314 $99 $AE $91     STA $91AE,Y [7E91C0] = $0020    A:0010 X:0012 Y:0012 S:033F D:0000 DB:7E P:nvmxdIzc V:56  H:104
C06317 $8A             TXA                             A:0010 X:0012 Y:0012 S:033F D:0000 DB:7E P:nvmxdIzc V:56  H:114
C06318 $0A             ASL                             A:0012 X:0012 Y:0012 S:033F D:0000 DB:7E P:nvmxdIzc V:56  H:117
C06319 $0A             ASL                             A:0024 X:0012 Y:0012 S:033F D:0000 DB:7E P:nvmxdIzc V:56  H:120
C0631A $18             CLC                             A:0048 X:0012 Y:0012 S:033F D:0000 DB:7E P:nvmxdIzc V:56  H:123
C0631B $6D $DF $99     ADC $99DF [7E99DF] = $4000      A:0048 X:0012 Y:0012 S:033F D:0000 DB:7E P:nvmxdIzc V:56  H:126
C0631E $99 $AE $8F     STA $8FAE,Y [7E8FC0] = $0D90    A:4048 X:0012 Y:0012 S:033F D:0000 DB:7E P:nvmxdIzc V:56  H:144
C06321 $EE $AE $93     INC $93AE [7E93AE] = $0012      A:4048 X:0012 Y:0012 S:033F D:0000 DB:7E P:nvmxdIzc V:56  H:154
C06324 $EE $AE $93     INC $93AE [7E93AE] = $0013      A:4048 X:0012 Y:0012 S:033F D:0000 DB:7E P:nvmxdIzc V:56  H:168
C06327 $E8             INX                             A:4048 X:0012 Y:0012 S:033F D:0000 DB:7E P:nvmxdIzc V:56  H:182
C06328 $E8             INX                             A:4048 X:0013 Y:0012 S:033F D:0000 DB:7E P:nvmxdIzc V:56  H:185
C06329 $E6 $2A         INC $2A [00002A] = $0009        A:4048 X:0014 Y:0012 S:033F D:0000 DB:7E P:nvmxdIzc V:56  H:188
C0632B $CE $7A $96     DEC $967A [7E967A] = $006C      A:4048 X:0014 Y:0012 S:033F D:0000 DB:7E P:nvmxdIzc V:56  H:201
C0632E $D0 $A9         BNE $C062D9                     A:4048 X:0014 Y:0012 S:033F D:0000 DB:7E P:nvmxdIzc V:56  H:215
C062D9 $A5 $2A         LDA $2A [00002A] = $000A        A:4048 X:0014 Y:0012 S:033F D:0000 DB:7E P:nvmxdIzc V:56  H:219
C062DB $CF $4E $B7 $7F CMP $7FB74E                     A:000A X:0014 Y:0012 S:033F D:0000 DB:7E P:nvmxdIzc V:56  H:226
C062DF $B0 $08         BCS $C062E9                     A:000A X:0014 Y:0012 S:033F D:0000 DB:7E P:NvmxdIzc V:56  H:236
C062E1 $AC $AE $93     LDY $93AE [7E93AE] = $0014      A:000A X:0014 Y:0012 S:033F D:0000 DB:7E P:NvmxdIzc V:56  H:239
C062E4 $C0 $00 $02     CPY #$0200                      A:000A X:0014 Y:0014 S:033F D:0000 DB:7E P:nvmxdIzc V:56  H:248
C062E7 $90 $06         BCC $C062EF                     A:000A X:0014 Y:0014 S:033F D:0000 DB:7E P:NvmxdIzc V:56  H:252
C062EF $AC $AE $93     LDY $93AE [7E93AE] = $0014      A:000A X:0014 Y:0014 S:033F D:0000 DB:7E P:NvmxdIzc V:56  H:257
C062F2 $BF $EA $AE $7F LDA $7FAEEA,X [7FAEFE] = $006B  A:000A X:0014 Y:0014 S:033F D:0000 DB:7E P:nvmxdIzc V:56  H:265
C062F6 $0A             ASL                             A:006B X:0014 Y:0014 S:033F D:0000 DB:7E P:nvmxdIzc V:56  H:275
C062F7 $26 $2E         ROL $2E [00002E] = $0000        A:00D6 X:0014 Y:0014 S:033F D:0000 DB:7E P:nvmxdIzc V:56  H:320
C062F9 $0A             ASL                             A:00D6 X:0014 Y:0014 S:033F D:0000 DB:7E P:nvmxdIZc V:56  H:332
C062FA $26 $2E         ROL $2E [00002E] = $0000        A:01AC X:0014 Y:0014 S:033F D:0000 DB:7E P:nvmxdIzc V:56  H:335
C062FC $0A             ASL                             A:01AC X:0014 Y:0014 S:033F D:0000 DB:7E P:nvmxdIZc V:57  H:7  
C062FD $26 $2E         ROL $2E [00002E] = $0000        A:0358 X:0014 Y:0014 S:033F D:0000 DB:7E P:nvmxdIzc V:57  H:10 
C062FF $0A             ASL                             A:0358 X:0014 Y:0014 S:033F D:0000 DB:7E P:nvmxdIZc V:57  H:23 
C06300 $26 $2E         ROL $2E [00002E] = $0000        A:06B0 X:0014 Y:0014 S:033F D:0000 DB:7E P:nvmxdIzc V:57  H:26 
C06302 $18             CLC                             A:06B0 X:0014 Y:0014 S:033F D:0000 DB:7E P:nvmxdIZc V:57  H:38 
C06303 $69 $A0 $8E     ADC #$8EA0                      A:06B0 X:0014 Y:0014 S:033F D:0000 DB:7E P:nvmxdIZc V:57  H:41 
C06306 $99 $AE $8B     STA $8BAE,Y [7E8BC2] = $F940    A:9550 X:0014 Y:0014 S:033F D:0000 DB:7E P:NvmxdIzc V:57  H:46 
C06309 $A5 $2E         LDA $2E [00002E] = $0000        A:9550 X:0014 Y:0014 S:033F D:0000 DB:7E P:NvmxdIzc V:57  H:56 
C0630B $69 $E3 $00     ADC #$00E3                      A:0000 X:0014 Y:0014 S:033F D:0000 DB:7E P:nvmxdIZc V:57  H:63 
C0630E $99 $AE $8D     STA $8DAE,Y [7E8DC2] = $00D0    A:00E3 X:0014 Y:0014 S:033F D:0000 DB:7E P:nvmxdIzc V:57  H:67 
C06311 $A9 $10 $00     LDA #$0010                      A:00E3 X:0014 Y:0014 S:033F D:0000 DB:7E P:nvmxdIzc V:57  H:77 
C06314 $99 $AE $91     STA $91AE,Y [7E91C2] = $0020    A:0010 X:0014 Y:0014 S:033F D:0000 DB:7E P:nvmxdIzc V:57  H:82 
C06317 $8A             TXA                             A:0010 X:0014 Y:0014 S:033F D:0000 DB:7E P:nvmxdIzc V:57  H:92 
C06318 $0A             ASL                             A:0014 X:0014 Y:0014 S:033F D:0000 DB:7E P:nvmxdIzc V:57  H:95 
C06319 $0A             ASL                             A:0028 X:0014 Y:0014 S:033F D:0000 DB:7E P:nvmxdIzc V:57  H:98 
C0631A $18             CLC                             A:0050 X:0014 Y:0014 S:033F D:0000 DB:7E P:nvmxdIzc V:57  H:101
C0631B $6D $DF $99     ADC $99DF [7E99DF] = $4000      A:0050 X:0014 Y:0014 S:033F D:0000 DB:7E P:nvmxdIzc V:57  H:104
C0631E $99 $AE $8F     STA $8FAE,Y [7E8FC2] = $0DA0    A:4050 X:0014 Y:0014 S:033F D:0000 DB:7E P:nvmxdIzc V:57  H:112
C06321 $EE $AE $93     INC $93AE [7E93AE] = $0014      A:4050 X:0014 Y:0014 S:033F D:0000 DB:7E P:nvmxdIzc V:57  H:122
C06324 $EE $AE $93     INC $93AE [7E93AE] = $0015      A:4050 X:0014 Y:0014 S:033F D:0000 DB:7E P:nvmxdIzc V:57  H:146
C06327 $E8             INX                             A:4050 X:0014 Y:0014 S:033F D:0000 DB:7E P:nvmxdIzc V:57  H:160
C06328 $E8             INX                             A:4050 X:0015 Y:0014 S:033F D:0000 DB:7E P:nvmxdIzc V:57  H:163
C06329 $E6 $2A         INC $2A [00002A] = $000A        A:4050 X:0016 Y:0014 S:033F D:0000 DB:7E P:nvmxdIzc V:57  H:166
C0632B $CE $7A $96     DEC $967A [7E967A] = $006B      A:4050 X:0016 Y:0014 S:033F D:0000 DB:7E P:nvmxdIzc V:57  H:179
C0632E $D0 $A9         BNE $C062D9                     A:4050 X:0016 Y:0014 S:033F D:0000 DB:7E P:nvmxdIzc V:57  H:193
C062D9 $A5 $2A         LDA $2A [00002A] = $000B        A:4050 X:0016 Y:0014 S:033F D:0000 DB:7E P:nvmxdIzc V:57  H:197
C062DB $CF $4E $B7 $7F CMP $7FB74E                     A:000B X:0016 Y:0014 S:033F D:0000 DB:7E P:nvmxdIzc V:57  H:204
C062DF $B0 $08         BCS $C062E9                     A:000B X:0016 Y:0014 S:033F D:0000 DB:7E P:NvmxdIzc V:57  H:214
C062E1 $AC $AE $93     LDY $93AE [7E93AE] = $0016      A:000B X:0016 Y:0014 S:033F D:0000 DB:7E P:NvmxdIzc V:57  H:217
C062E4 $C0 $00 $02     CPY #$0200                      A:000B X:0016 Y:0016 S:033F D:0000 DB:7E P:nvmxdIzc V:57  H:226
C062E7 $90 $06         BCC $C062EF                     A:000B X:0016 Y:0016 S:033F D:0000 DB:7E P:NvmxdIzc V:57  H:230
C062EF $AC $AE $93     LDY $93AE [7E93AE] = $0016      A:000B X:0016 Y:0016 S:033F D:0000 DB:7E P:NvmxdIzc V:57  H:235
C062F2 $BF $EA $AE $7F LDA $7FAEEA,X [7FAF00] = $006C  A:000B X:0016 Y:0016 S:033F D:0000 DB:7E P:nvmxdIzc V:57  H:243
C062F6 $0A             ASL                             A:006C X:0016 Y:0016 S:033F D:0000 DB:7E P:nvmxdIzc V:57  H:253
C062F7 $26 $2E         ROL $2E [00002E] = $0000        A:00D8 X:0016 Y:0016 S:033F D:0000 DB:7E P:nvmxdIzc V:57  H:256
C062F9 $0A             ASL                             A:00D8 X:0016 Y:0016 S:033F D:0000 DB:7E P:nvmxdIZc V:57  H:269
C062FA $26 $2E         ROL $2E [00002E] = $0000        A:01B0 X:0016 Y:0016 S:033F D:0000 DB:7E P:nvmxdIzc V:57  H:272
C062FC $0A             ASL                             A:01B0 X:0016 Y:0016 S:033F D:0000 DB:7E P:nvmxdIZc V:57  H:300
C062FD $26 $2E         ROL $2E [00002E] = $0000        A:0360 X:0016 Y:0016 S:033F D:0000 DB:7E P:nvmxdIzc V:57  H:303
C062FF $0A             ASL                             A:0360 X:0016 Y:0016 S:033F D:0000 DB:7E P:nvmxdIZc V:57  H:316
C06300 $26 $2E         ROL $2E [00002E] = $0000        A:06C0 X:0016 Y:0016 S:033F D:0000 DB:7E P:nvmxdIzc V:57  H:319
C06302 $18             CLC                             A:06C0 X:0016 Y:0016 S:033F D:0000 DB:7E P:nvmxdIZc V:57  H:330
C06303 $69 $A0 $8E     ADC #$8EA0                      A:06C0 X:0016 Y:0016 S:033F D:0000 DB:7E P:nvmxdIZc V:57  H:333
C06306 $99 $AE $8B     STA $8BAE,Y [7E8BC4] = $F960    A:9560 X:0016 Y:0016 S:033F D:0000 DB:7E P:NvmxdIzc V:57  H:338
C06309 $A5 $2E         LDA $2E [00002E] = $0000        A:9560 X:0016 Y:0016 S:033F D:0000 DB:7E P:NvmxdIzc V:58  H:8  
C0630B $69 $E3 $00     ADC #$00E3                      A:0000 X:0016 Y:0016 S:033F D:0000 DB:7E P:nvmxdIZc V:58  H:15 
C0630E $99 $AE $8D     STA $8DAE,Y [7E8DC4] = $00D0    A:00E3 X:0016 Y:0016 S:033F D:0000 DB:7E P:nvmxdIzc V:58  H:19 
C06311 $A9 $10 $00     LDA #$0010                      A:00E3 X:0016 Y:0016 S:033F D:0000 DB:7E P:nvmxdIzc V:58  H:29 
C06314 $99 $AE $91     STA $91AE,Y [7E91C4] = $0020    A:0010 X:0016 Y:0016 S:033F D:0000 DB:7E P:nvmxdIzc V:58  H:34 
C06317 $8A             TXA                             A:0010 X:0016 Y:0016 S:033F D:0000 DB:7E P:nvmxdIzc V:58  H:44 
C06318 $0A             ASL                             A:0016 X:0016 Y:0016 S:033F D:0000 DB:7E P:nvmxdIzc V:58  H:47 
C06319 $0A             ASL                             A:002C X:0016 Y:0016 S:033F D:0000 DB:7E P:nvmxdIzc V:58  H:50 
C0631A $18             CLC                             A:0058 X:0016 Y:0016 S:033F D:0000 DB:7E P:nvmxdIzc V:58  H:53 
C0631B $6D $DF $99     ADC $99DF [7E99DF] = $4000      A:0058 X:0016 Y:0016 S:033F D:0000 DB:7E P:nvmxdIzc V:58  H:56 
C0631E $99 $AE $8F     STA $8FAE,Y [7E8FC4] = $0DB0    A:4058 X:0016 Y:0016 S:033F D:0000 DB:7E P:nvmxdIzc V:58  H:64 
C06321 $EE $AE $93     INC $93AE [7E93AE] = $0016      A:4058 X:0016 Y:0016 S:033F D:0000 DB:7E P:nvmxdIzc V:58  H:74 
C06324 $EE $AE $93     INC $93AE [7E93AE] = $0017      A:4058 X:0016 Y:0016 S:033F D:0000 DB:7E P:nvmxdIzc V:58  H:88 
C06327 $E8             INX                             A:4058 X:0016 Y:0016 S:033F D:0000 DB:7E P:nvmxdIzc V:58  H:102
C06328 $E8             INX                             A:4058 X:0017 Y:0016 S:033F D:0000 DB:7E P:nvmxdIzc V:58  H:105
C06329 $E6 $2A         INC $2A [00002A] = $000B        A:4058 X:0018 Y:0016 S:033F D:0000 DB:7E P:nvmxdIzc V:58  H:108
C0632B $CE $7A $96     DEC $967A [7E967A] = $006A      A:4058 X:0018 Y:0016 S:033F D:0000 DB:7E P:nvmxdIzc V:58  H:121
C0632E $D0 $A9         BNE $C062D9                     A:4058 X:0018 Y:0016 S:033F D:0000 DB:7E P:nvmxdIzc V:58  H:145
C062D9 $A5 $2A         LDA $2A [00002A] = $000C        A:4058 X:0018 Y:0016 S:033F D:0000 DB:7E P:nvmxdIzc V:58  H:149
C062DB $CF $4E $B7 $7F CMP $7FB74E                     A:000C X:0018 Y:0016 S:033F D:0000 DB:7E P:nvmxdIzc V:58  H:156
C062DF $B0 $08         BCS $C062E9                     A:000C X:0018 Y:0016 S:033F D:0000 DB:7E P:NvmxdIzc V:58  H:166
C062E1 $AC $AE $93     LDY $93AE [7E93AE] = $0018      A:000C X:0018 Y:0016 S:033F D:0000 DB:7E P:NvmxdIzc V:58  H:169
C062E4 $C0 $00 $02     CPY #$0200                      A:000C X:0018 Y:0018 S:033F D:0000 DB:7E P:nvmxdIzc V:58  H:178
C062E7 $90 $06         BCC $C062EF                     A:000C X:0018 Y:0018 S:033F D:0000 DB:7E P:NvmxdIzc V:58  H:182
C062EF $AC $AE $93     LDY $93AE [7E93AE] = $0018      A:000C X:0018 Y:0018 S:033F D:0000 DB:7E P:NvmxdIzc V:58  H:187
C062F2 $BF $EA $AE $7F LDA $7FAEEA,X [7FAF02] = $006D  A:000C X:0018 Y:0018 S:033F D:0000 DB:7E P:nvmxdIzc V:58  H:195
C062F6 $0A             ASL                             A:006D X:0018 Y:0018 S:033F D:0000 DB:7E P:nvmxdIzc V:58  H:205
C062F7 $26 $2E         ROL $2E [00002E] = $0000        A:00DA X:0018 Y:0018 S:033F D:0000 DB:7E P:nvmxdIzc V:58  H:208
C062F9 $0A             ASL                             A:00DA X:0018 Y:0018 S:033F D:0000 DB:7E P:nvmxdIZc V:58  H:221
C062FA $26 $2E         ROL $2E [00002E] = $0000        A:01B4 X:0018 Y:0018 S:033F D:0000 DB:7E P:nvmxdIzc V:58  H:224
C062FC $0A             ASL                             A:01B4 X:0018 Y:0018 S:033F D:0000 DB:7E P:nvmxdIZc V:58  H:236
C062FD $26 $2E         ROL $2E [00002E] = $0000        A:0368 X:0018 Y:0018 S:033F D:0000 DB:7E P:nvmxdIzc V:58  H:239
C062FF $0A             ASL                             A:0368 X:0018 Y:0018 S:033F D:0000 DB:7E P:nvmxdIZc V:58  H:252
C06300 $26 $2E         ROL $2E [00002E] = $0000        A:06D0 X:0018 Y:0018 S:033F D:0000 DB:7E P:nvmxdIzc V:58  H:255
C06302 $18             CLC                             A:06D0 X:0018 Y:0018 S:033F D:0000 DB:7E P:nvmxdIZc V:58  H:267
C06303 $69 $A0 $8E     ADC #$8EA0                      A:06D0 X:0018 Y:0018 S:033F D:0000 DB:7E P:nvmxdIZc V:58  H:270
C06306 $99 $AE $8B     STA $8BAE,Y [7E8BC6] = $F980    A:9570 X:0018 Y:0018 S:033F D:0000 DB:7E P:NvmxdIzc V:58  H:275
C06309 $A5 $2E         LDA $2E [00002E] = $0000        A:9570 X:0018 Y:0018 S:033F D:0000 DB:7E P:NvmxdIzc V:58  H:301
C0630B $69 $E3 $00     ADC #$00E3                      A:0000 X:0018 Y:0018 S:033F D:0000 DB:7E P:nvmxdIZc V:58  H:308
C0630E $99 $AE $8D     STA $8DAE,Y [7E8DC6] = $00D0    A:00E3 X:0018 Y:0018 S:033F D:0000 DB:7E P:nvmxdIzc V:58  H:313
C06311 $A9 $10 $00     LDA #$0010                      A:00E3 X:0018 Y:0018 S:033F D:0000 DB:7E P:nvmxdIzc V:58  H:323
C06314 $99 $AE $91     STA $91AE,Y [7E91C6] = $0020    A:0010 X:0018 Y:0018 S:033F D:0000 DB:7E P:nvmxdIzc V:58  H:327
C06317 $8A             TXA                             A:0010 X:0018 Y:0018 S:033F D:0000 DB:7E P:nvmxdIzc V:58  H:336
C06318 $0A             ASL                             A:0018 X:0018 Y:0018 S:033F D:0000 DB:7E P:nvmxdIzc V:58  H:339
C06319 $0A             ASL                             A:0030 X:0018 Y:0018 S:033F D:0000 DB:7E P:nvmxdIzc V:59  H:2  
C0631A $18             CLC                             A:0060 X:0018 Y:0018 S:033F D:0000 DB:7E P:nvmxdIzc V:59  H:5  
C0631B $6D $DF $99     ADC $99DF [7E99DF] = $4000      A:0060 X:0018 Y:0018 S:033F D:0000 DB:7E P:nvmxdIzc V:59  H:8  
C0631E $99 $AE $8F     STA $8FAE,Y [7E8FC6] = $0DC0    A:4060 X:0018 Y:0018 S:033F D:0000 DB:7E P:nvmxdIzc V:59  H:17 
C06321 $EE $AE $93     INC $93AE [7E93AE] = $0018      A:4060 X:0018 Y:0018 S:033F D:0000 DB:7E P:nvmxdIzc V:59  H:27 
C06324 $EE $AE $93     INC $93AE [7E93AE] = $0019      A:4060 X:0018 Y:0018 S:033F D:0000 DB:7E P:nvmxdIzc V:59  H:41 
C06327 $E8             INX                             A:4060 X:0018 Y:0018 S:033F D:0000 DB:7E P:nvmxdIzc V:59  H:55 
C06328 $E8             INX                             A:4060 X:0019 Y:0018 S:033F D:0000 DB:7E P:nvmxdIzc V:59  H:58 
C06329 $E6 $2A         INC $2A [00002A] = $000C        A:4060 X:001A Y:0018 S:033F D:0000 DB:7E P:nvmxdIzc V:59  H:61 
C0632B $CE $7A $96     DEC $967A [7E967A] = $0069      A:4060 X:001A Y:0018 S:033F D:0000 DB:7E P:nvmxdIzc V:59  H:73 
C0632E $D0 $A9         BNE $C062D9                     A:4060 X:001A Y:0018 S:033F D:0000 DB:7E P:nvmxdIzc V:59  H:87 
C062D9 $A5 $2A         LDA $2A [00002A] = $000D        A:4060 X:001A Y:0018 S:033F D:0000 DB:7E P:nvmxdIzc V:59  H:92 
C062DB $CF $4E $B7 $7F CMP $7FB74E                     A:000D X:001A Y:0018 S:033F D:0000 DB:7E P:nvmxdIzc V:59  H:99 
C062DF $B0 $08         BCS $C062E9                     A:000D X:001A Y:0018 S:033F D:0000 DB:7E P:NvmxdIzc V:59  H:109
C062E1 $AC $AE $93     LDY $93AE [7E93AE] = $001A      A:000D X:001A Y:0018 S:033F D:0000 DB:7E P:NvmxdIzc V:59  H:112
C062E4 $C0 $00 $02     CPY #$0200                      A:000D X:001A Y:001A S:033F D:0000 DB:7E P:nvmxdIzc V:59  H:120
C062E7 $90 $06         BCC $C062EF                     A:000D X:001A Y:001A S:033F D:0000 DB:7E P:NvmxdIzc V:59  H:125
C062EF $AC $AE $93     LDY $93AE [7E93AE] = $001A      A:000D X:001A Y:001A S:033F D:0000 DB:7E P:NvmxdIzc V:59  H:129
C062F2 $BF $EA $AE $7F LDA $7FAEEA,X [7FAF04] = $006E  A:000D X:001A Y:001A S:033F D:0000 DB:7E P:nvmxdIzc V:59  H:148
C062F6 $0A             ASL                             A:006E X:001A Y:001A S:033F D:0000 DB:7E P:nvmxdIzc V:59  H:158
C062F7 $26 $2E         ROL $2E [00002E] = $0000        A:00DC X:001A Y:001A S:033F D:0000 DB:7E P:nvmxdIzc V:59  H:161
C062F9 $0A             ASL                             A:00DC X:001A Y:001A S:033F D:0000 DB:7E P:nvmxdIZc V:59  H:173
C062FA $26 $2E         ROL $2E [00002E] = $0000        A:01B8 X:001A Y:001A S:033F D:0000 DB:7E P:nvmxdIzc V:59  H:176
C062FC $0A             ASL                             A:01B8 X:001A Y:001A S:033F D:0000 DB:7E P:nvmxdIZc V:59  H:189
C062FD $26 $2E         ROL $2E [00002E] = $0000        A:0370 X:001A Y:001A S:033F D:0000 DB:7E P:nvmxdIzc V:59  H:192
C062FF $0A             ASL                             A:0370 X:001A Y:001A S:033F D:0000 DB:7E P:nvmxdIZc V:59  H:204
C06300 $26 $2E         ROL $2E [00002E] = $0000        A:06E0 X:001A Y:001A S:033F D:0000 DB:7E P:nvmxdIzc V:59  H:207
C06302 $18             CLC                             A:06E0 X:001A Y:001A S:033F D:0000 DB:7E P:nvmxdIZc V:59  H:220
C06303 $69 $A0 $8E     ADC #$8EA0                      A:06E0 X:001A Y:001A S:033F D:0000 DB:7E P:nvmxdIZc V:59  H:223
C06306 $99 $AE $8B     STA $8BAE,Y [7E8BC8] = $F9A0    A:9580 X:001A Y:001A S:033F D:0000 DB:7E P:NvmxdIzc V:59  H:227
C06309 $A5 $2E         LDA $2E [00002E] = $0000        A:9580 X:001A Y:001A S:033F D:0000 DB:7E P:NvmxdIzc V:59  H:237
C0630B $69 $E3 $00     ADC #$00E3                      A:0000 X:001A Y:001A S:033F D:0000 DB:7E P:nvmxdIZc V:59  H:244
C0630E $99 $AE $8D     STA $8DAE,Y [7E8DC8] = $00D0    A:00E3 X:001A Y:001A S:033F D:0000 DB:7E P:nvmxdIzc V:59  H:249
C06311 $A9 $10 $00     LDA #$0010                      A:00E3 X:001A Y:001A S:033F D:0000 DB:7E P:nvmxdIzc V:59  H:259
C06314 $99 $AE $91     STA $91AE,Y [7E91C8] = $0020    A:0010 X:001A Y:001A S:033F D:0000 DB:7E P:nvmxdIzc V:59  H:263
C06317 $8A             TXA                             A:0010 X:001A Y:001A S:033F D:0000 DB:7E P:nvmxdIzc V:59  H:273
C06318 $0A             ASL                             A:001A X:001A Y:001A S:033F D:0000 DB:7E P:nvmxdIzc V:59  H:293
C06319 $0A             ASL                             A:0034 X:001A Y:001A S:033F D:0000 DB:7E P:nvmxdIzc V:59  H:296
C0631A $18             CLC                             A:0068 X:001A Y:001A S:033F D:0000 DB:7E P:nvmxdIzc V:59  H:299
C0631B $6D $DF $99     ADC $99DF [7E99DF] = $4000      A:0068 X:001A Y:001A S:033F D:0000 DB:7E P:nvmxdIzc V:59  H:302
C0631E $99 $AE $8F     STA $8FAE,Y [7E8FC8] = $0DD0    A:4068 X:001A Y:001A S:033F D:0000 DB:7E P:nvmxdIzc V:59  H:310
C06321 $EE $AE $93     INC $93AE [7E93AE] = $001A      A:4068 X:001A Y:001A S:033F D:0000 DB:7E P:nvmxdIzc V:59  H:320
C06324 $EE $AE $93     INC $93AE [7E93AE] = $001B      A:4068 X:001A Y:001A S:033F D:0000 DB:7E P:nvmxdIzc V:59  H:333
C06327 $E8             INX                             A:4068 X:001A Y:001A S:033F D:0000 DB:7E P:nvmxdIzc V:60  H:7  
C06328 $E8             INX                             A:4068 X:001B Y:001A S:033F D:0000 DB:7E P:nvmxdIzc V:60  H:10 
C06329 $E6 $2A         INC $2A [00002A] = $000D        A:4068 X:001C Y:001A S:033F D:0000 DB:7E P:nvmxdIzc V:60  H:13 
C0632B $CE $7A $96     DEC $967A [7E967A] = $0068      A:4068 X:001C Y:001A S:033F D:0000 DB:7E P:nvmxdIzc V:60  H:26 
C0632E $D0 $A9         BNE $C062D9                     A:4068 X:001C Y:001A S:033F D:0000 DB:7E P:nvmxdIzc V:60  H:40 
C062D9 $A5 $2A         LDA $2A [00002A] = $000E        A:4068 X:001C Y:001A S:033F D:0000 DB:7E P:nvmxdIzc V:60  H:44 
C062DB $CF $4E $B7 $7F CMP $7FB74E                     A:000E X:001C Y:001A S:033F D:0000 DB:7E P:nvmxdIzc V:60  H:51 
C062DF $B0 $08         BCS $C062E9                     A:000E X:001C Y:001A S:033F D:0000 DB:7E P:NvmxdIzc V:60  H:61 
C062E1 $AC $AE $93     LDY $93AE [7E93AE] = $001C      A:000E X:001C Y:001A S:033F D:0000 DB:7E P:NvmxdIzc V:60  H:64 
C062E4 $C0 $00 $02     CPY #$0200                      A:000E X:001C Y:001C S:033F D:0000 DB:7E P:nvmxdIzc V:60  H:73 
C062E7 $90 $06         BCC $C062EF                     A:000E X:001C Y:001C S:033F D:0000 DB:7E P:NvmxdIzc V:60  H:77 
C062EF $AC $AE $93     LDY $93AE [7E93AE] = $001C      A:000E X:001C Y:001C S:033F D:0000 DB:7E P:NvmxdIzc V:60  H:82 
C062F2 $BF $EA $AE $7F LDA $7FAEEA,X [7FAF06] = $006F  A:000E X:001C Y:001C S:033F D:0000 DB:7E P:nvmxdIzc V:60  H:90 
C062F6 $0A             ASL                             A:006F X:001C Y:001C S:033F D:0000 DB:7E P:nvmxdIzc V:60  H:100
C062F7 $26 $2E         ROL $2E [00002E] = $0000        A:00DE X:001C Y:001C S:033F D:0000 DB:7E P:nvmxdIzc V:60  H:103
C062F9 $0A             ASL                             A:00DE X:001C Y:001C S:033F D:0000 DB:7E P:nvmxdIZc V:60  H:116
C062FA $26 $2E         ROL $2E [00002E] = $0000        A:01BC X:001C Y:001C S:033F D:0000 DB:7E P:nvmxdIzc V:60  H:119
C062FC $0A             ASL                             A:01BC X:001C Y:001C S:033F D:0000 DB:7E P:nvmxdIZc V:60  H:131
C062FD $26 $2E         ROL $2E [00002E] = $0000        A:0378 X:001C Y:001C S:033F D:0000 DB:7E P:nvmxdIzc V:60  H:144
C062FF $0A             ASL                             A:0378 X:001C Y:001C S:033F D:0000 DB:7E P:nvmxdIZc V:60  H:157
C06300 $26 $2E         ROL $2E [00002E] = $0000        A:06F0 X:001C Y:001C S:033F D:0000 DB:7E P:nvmxdIzc V:60  H:160
C06302 $18             CLC                             A:06F0 X:001C Y:001C S:033F D:0000 DB:7E P:nvmxdIZc V:60  H:172
C06303 $69 $A0 $8E     ADC #$8EA0                      A:06F0 X:001C Y:001C S:033F D:0000 DB:7E P:nvmxdIZc V:60  H:175
C06306 $99 $AE $8B     STA $8BAE,Y [7E8BCA] = $F9C0    A:9590 X:001C Y:001C S:033F D:0000 DB:7E P:NvmxdIzc V:60  H:180
C06309 $A5 $2E         LDA $2E [00002E] = $0000        A:9590 X:001C Y:001C S:033F D:0000 DB:7E P:NvmxdIzc V:60  H:190
C0630B $69 $E3 $00     ADC #$00E3                      A:0000 X:001C Y:001C S:033F D:0000 DB:7E P:nvmxdIZc V:60  H:197
C0630E $99 $AE $8D     STA $8DAE,Y [7E8DCA] = $00D0    A:00E3 X:001C Y:001C S:033F D:0000 DB:7E P:nvmxdIzc V:60  H:201
C06311 $A9 $10 $00     LDA #$0010                      A:00E3 X:001C Y:001C S:033F D:0000 DB:7E P:nvmxdIzc V:60  H:211
C06314 $99 $AE $91     STA $91AE,Y [7E91CA] = $0020    A:0010 X:001C Y:001C S:033F D:0000 DB:7E P:nvmxdIzc V:60  H:216
C06317 $8A             TXA                             A:0010 X:001C Y:001C S:033F D:0000 DB:7E P:nvmxdIzc V:60  H:226
C06318 $0A             ASL                             A:001C X:001C Y:001C S:033F D:0000 DB:7E P:nvmxdIzc V:60  H:229
C06319 $0A             ASL                             A:0038 X:001C Y:001C S:033F D:0000 DB:7E P:nvmxdIzc V:60  H:232
C0631A $18             CLC                             A:0070 X:001C Y:001C S:033F D:0000 DB:7E P:nvmxdIzc V:60  H:235
C0631B $6D $DF $99     ADC $99DF [7E99DF] = $4000      A:0070 X:001C Y:001C S:033F D:0000 DB:7E P:nvmxdIzc V:60  H:238
C0631E $99 $AE $8F     STA $8FAE,Y [7E8FCA] = $0DE0    A:4070 X:001C Y:001C S:033F D:0000 DB:7E P:nvmxdIzc V:60  H:246
C06321 $EE $AE $93     INC $93AE [7E93AE] = $001C      A:4070 X:001C Y:001C S:033F D:0000 DB:7E P:nvmxdIzc V:60  H:256
C06324 $EE $AE $93     INC $93AE [7E93AE] = $001D      A:4070 X:001C Y:001C S:033F D:0000 DB:7E P:nvmxdIzc V:60  H:270
C06327 $E8             INX                             A:4070 X:001C Y:001C S:033F D:0000 DB:7E P:nvmxdIzc V:60  H:300
C06328 $E8             INX                             A:4070 X:001D Y:001C S:033F D:0000 DB:7E P:nvmxdIzc V:60  H:303
C06329 $E6 $2A         INC $2A [00002A] = $000E        A:4070 X:001E Y:001C S:033F D:0000 DB:7E P:nvmxdIzc V:60  H:306
C0632B $CE $7A $96     DEC $967A [7E967A] = $0067      A:4070 X:001E Y:001C S:033F D:0000 DB:7E P:nvmxdIzc V:60  H:319
C0632E $D0 $A9         BNE $C062D9                     A:4070 X:001E Y:001C S:033F D:0000 DB:7E P:nvmxdIzc V:60  H:332
C062D9 $A5 $2A         LDA $2A [00002A] = $000F        A:4070 X:001E Y:001C S:033F D:0000 DB:7E P:nvmxdIzc V:60  H:336
C062DB $CF $4E $B7 $7F CMP $7FB74E                     A:000F X:001E Y:001C S:033F D:0000 DB:7E P:nvmxdIzc V:61  H:3  
C062DF $B0 $08         BCS $C062E9                     A:000F X:001E Y:001C S:033F D:0000 DB:7E P:NvmxdIzc V:61  H:13 
C062E1 $AC $AE $93     LDY $93AE [7E93AE] = $001E      A:000F X:001E Y:001C S:033F D:0000 DB:7E P:NvmxdIzc V:61  H:16 
C062E4 $C0 $00 $02     CPY #$0200                      A:000F X:001E Y:001E S:033F D:0000 DB:7E P:nvmxdIzc V:61  H:25 
C062E7 $90 $06         BCC $C062EF                     A:000F X:001E Y:001E S:033F D:0000 DB:7E P:NvmxdIzc V:61  H:29 
C062EF $AC $AE $93     LDY $93AE [7E93AE] = $001E      A:000F X:001E Y:001E S:033F D:0000 DB:7E P:NvmxdIzc V:61  H:34 
C062F2 $BF $EA $AE $7F LDA $7FAEEA,X [7FAF08] = $0070  A:000F X:001E Y:001E S:033F D:0000 DB:7E P:nvmxdIzc V:61  H:42 
C062F6 $0A             ASL                             A:0070 X:001E Y:001E S:033F D:0000 DB:7E P:nvmxdIzc V:61  H:52 
C062F7 $26 $2E         ROL $2E [00002E] = $0000        A:00E0 X:001E Y:001E S:033F D:0000 DB:7E P:nvmxdIzc V:61  H:55 
C062F9 $0A             ASL                             A:00E0 X:001E Y:001E S:033F D:0000 DB:7E P:nvmxdIZc V:61  H:68 
C062FA $26 $2E         ROL $2E [00002E] = $0000        A:01C0 X:001E Y:001E S:033F D:0000 DB:7E P:nvmxdIzc V:61  H:71 
C062FC $0A             ASL                             A:01C0 X:001E Y:001E S:033F D:0000 DB:7E P:nvmxdIZc V:61  H:83 
C062FD $26 $2E         ROL $2E [00002E] = $0000        A:0380 X:001E Y:001E S:033F D:0000 DB:7E P:nvmxdIzc V:61  H:86 
C062FF $0A             ASL                             A:0380 X:001E Y:001E S:033F D:0000 DB:7E P:nvmxdIZc V:61  H:99 
C06300 $26 $2E         ROL $2E [00002E] = $0000        A:0700 X:001E Y:001E S:033F D:0000 DB:7E P:nvmxdIzc V:61  H:102
C06302 $18             CLC                             A:0700 X:001E Y:001E S:033F D:0000 DB:7E P:nvmxdIZc V:61  H:114
C06303 $69 $A0 $8E     ADC #$8EA0                      A:0700 X:001E Y:001E S:033F D:0000 DB:7E P:nvmxdIZc V:61  H:117
C06306 $99 $AE $8B     STA $8BAE,Y [7E8BCC] = $F9E0    A:95A0 X:001E Y:001E S:033F D:0000 DB:7E P:NvmxdIzc V:61  H:122
C06309 $A5 $2E         LDA $2E [00002E] = $0000        A:95A0 X:001E Y:001E S:033F D:0000 DB:7E P:NvmxdIzc V:61  H:132
C0630B $69 $E3 $00     ADC #$00E3                      A:0000 X:001E Y:001E S:033F D:0000 DB:7E P:nvmxdIZc V:61  H:149
C0630E $99 $AE $8D     STA $8DAE,Y [7E8DCC] = $00D0    A:00E3 X:001E Y:001E S:033F D:0000 DB:7E P:nvmxdIzc V:61  H:153
C06311 $A9 $10 $00     LDA #$0010                      A:00E3 X:001E Y:001E S:033F D:0000 DB:7E P:nvmxdIzc V:61  H:163
C06314 $99 $AE $91     STA $91AE,Y [7E91CC] = $0020    A:0010 X:001E Y:001E S:033F D:0000 DB:7E P:nvmxdIzc V:61  H:168
C06317 $8A             TXA                             A:0010 X:001E Y:001E S:033F D:0000 DB:7E P:nvmxdIzc V:61  H:178
C06318 $0A             ASL                             A:001E X:001E Y:001E S:033F D:0000 DB:7E P:nvmxdIzc V:61  H:181
C06319 $0A             ASL                             A:003C X:001E Y:001E S:033F D:0000 DB:7E P:nvmxdIzc V:61  H:184
C0631A $18             CLC                             A:0078 X:001E Y:001E S:033F D:0000 DB:7E P:nvmxdIzc V:61  H:187
C0631B $6D $DF $99     ADC $99DF [7E99DF] = $4000      A:0078 X:001E Y:001E S:033F D:0000 DB:7E P:nvmxdIzc V:61  H:190
C0631E $99 $AE $8F     STA $8FAE,Y [7E8FCC] = $0DF0    A:4078 X:001E Y:001E S:033F D:0000 DB:7E P:nvmxdIzc V:61  H:198
C06321 $EE $AE $93     INC $93AE [7E93AE] = $001E      A:4078 X:001E Y:001E S:033F D:0000 DB:7E P:nvmxdIzc V:61  H:208
C06324 $EE $AE $93     INC $93AE [7E93AE] = $001F      A:4078 X:001E Y:001E S:033F D:0000 DB:7E P:nvmxdIzc V:61  H:222
C06327 $E8             INX                             A:4078 X:001E Y:001E S:033F D:0000 DB:7E P:nvmxdIzc V:61  H:236
C06328 $E8             INX                             A:4078 X:001F Y:001E S:033F D:0000 DB:7E P:nvmxdIzc V:61  H:239
C06329 $E6 $2A         INC $2A [00002A] = $000F        A:4078 X:0020 Y:001E S:033F D:0000 DB:7E P:nvmxdIzc V:61  H:242
C0632B $CE $7A $96     DEC $967A [7E967A] = $0066      A:4078 X:0020 Y:001E S:033F D:0000 DB:7E P:nvmxdIzc V:61  H:255
C0632E $D0 $A9         BNE $C062D9                     A:4078 X:0020 Y:001E S:033F D:0000 DB:7E P:nvmxdIzc V:61  H:269
C062D9 $A5 $2A         LDA $2A [00002A] = $0010        A:4078 X:0020 Y:001E S:033F D:0000 DB:7E P:nvmxdIzc V:61  H:273
C062DB $CF $4E $B7 $7F CMP $7FB74E                     A:0010 X:0020 Y:001E S:033F D:0000 DB:7E P:nvmxdIzc V:61  H:298
C062DF $B0 $08         BCS $C062E9                     A:0010 X:0020 Y:001E S:033F D:0000 DB:7E P:NvmxdIzc V:61  H:308
C062E1 $AC $AE $93     LDY $93AE [7E93AE] = $0020      A:0010 X:0020 Y:001E S:033F D:0000 DB:7E P:NvmxdIzc V:61  H:311
C062E4 $C0 $00 $02     CPY #$0200                      A:0010 X:0020 Y:0020 S:033F D:0000 DB:7E P:nvmxdIzc V:61  H:320
C062E7 $90 $06         BCC $C062EF                     A:0010 X:0020 Y:0020 S:033F D:0000 DB:7E P:NvmxdIzc V:61  H:324
C062EF $AC $AE $93     LDY $93AE [7E93AE] = $0020      A:0010 X:0020 Y:0020 S:033F D:0000 DB:7E P:NvmxdIzc V:61  H:328
C062F2 $BF $EA $AE $7F LDA $7FAEEA,X [7FAF0A] = $0071  A:0010 X:0020 Y:0020 S:033F D:0000 DB:7E P:nvmxdIzc V:61  H:336
C062F6 $0A             ASL                             A:0071 X:0020 Y:0020 S:033F D:0000 DB:7E P:nvmxdIzc V:62  H:6  
C062F7 $26 $2E         ROL $2E [00002E] = $0000        A:00E2 X:0020 Y:0020 S:033F D:0000 DB:7E P:nvmxdIzc V:62  H:9  
C062F9 $0A             ASL                             A:00E2 X:0020 Y:0020 S:033F D:0000 DB:7E P:nvmxdIZc V:62  H:22 
C062FA $26 $2E         ROL $2E [00002E] = $0000        A:01C4 X:0020 Y:0020 S:033F D:0000 DB:7E P:nvmxdIzc V:62  H:25 
C062FC $0A             ASL                             A:01C4 X:0020 Y:0020 S:033F D:0000 DB:7E P:nvmxdIZc V:62  H:37 
C062FD $26 $2E         ROL $2E [00002E] = $0000        A:0388 X:0020 Y:0020 S:033F D:0000 DB:7E P:nvmxdIzc V:62  H:40 
C062FF $0A             ASL                             A:0388 X:0020 Y:0020 S:033F D:0000 DB:7E P:nvmxdIZc V:62  H:53 
C06300 $26 $2E         ROL $2E [00002E] = $0000        A:0710 X:0020 Y:0020 S:033F D:0000 DB:7E P:nvmxdIzc V:62  H:56 
C06302 $18             CLC                             A:0710 X:0020 Y:0020 S:033F D:0000 DB:7E P:nvmxdIZc V:62  H:68 
C06303 $69 $A0 $8E     ADC #$8EA0                      A:0710 X:0020 Y:0020 S:033F D:0000 DB:7E P:nvmxdIZc V:62  H:71 
C06306 $99 $AE $8B     STA $8BAE,Y [7E8BCE] = $FA00    A:95B0 X:0020 Y:0020 S:033F D:0000 DB:7E P:NvmxdIzc V:62  H:76 
C06309 $A5 $2E         LDA $2E [00002E] = $0000        A:95B0 X:0020 Y:0020 S:033F D:0000 DB:7E P:NvmxdIzc V:62  H:86 
C0630B $69 $E3 $00     ADC #$00E3                      A:0000 X:0020 Y:0020 S:033F D:0000 DB:7E P:nvmxdIZc V:62  H:93 
C0630E $99 $AE $8D     STA $8DAE,Y [7E8DCE] = $00D0    A:00E3 X:0020 Y:0020 S:033F D:0000 DB:7E P:nvmxdIzc V:62  H:97 
C06311 $A9 $10 $00     LDA #$0010                      A:00E3 X:0020 Y:0020 S:033F D:0000 DB:7E P:nvmxdIzc V:62  H:107
C06314 $99 $AE $91     STA $91AE,Y [7E91CE] = $0020    A:0010 X:0020 Y:0020 S:033F D:0000 DB:7E P:nvmxdIzc V:62  H:112
C06317 $8A             TXA                             A:0010 X:0020 Y:0020 S:033F D:0000 DB:7E P:nvmxdIzc V:62  H:122
C06318 $0A             ASL                             A:0020 X:0020 Y:0020 S:033F D:0000 DB:7E P:nvmxdIzc V:62  H:125
C06319 $0A             ASL                             A:0040 X:0020 Y:0020 S:033F D:0000 DB:7E P:nvmxdIzc V:62  H:128
C0631A $18             CLC                             A:0080 X:0020 Y:0020 S:033F D:0000 DB:7E P:nvmxdIzc V:62  H:131
C0631B $6D $DF $99     ADC $99DF [7E99DF] = $4000      A:0080 X:0020 Y:0020 S:033F D:0000 DB:7E P:nvmxdIzc V:62  H:144
C0631E $99 $AE $8F     STA $8FAE,Y [7E8FCE] = $0E00    A:4080 X:0020 Y:0020 S:033F D:0000 DB:7E P:nvmxdIzc V:62  H:152
C06321 $EE $AE $93     INC $93AE [7E93AE] = $0020      A:4080 X:0020 Y:0020 S:033F D:0000 DB:7E P:nvmxdIzc V:62  H:162
C06324 $EE $AE $93     INC $93AE [7E93AE] = $0021      A:4080 X:0020 Y:0020 S:033F D:0000 DB:7E P:nvmxdIzc V:62  H:176
C06327 $E8             INX                             A:4080 X:0020 Y:0020 S:033F D:0000 DB:7E P:nvmxdIzc V:62  H:190
C06328 $E8             INX                             A:4080 X:0021 Y:0020 S:033F D:0000 DB:7E P:nvmxdIzc V:62  H:193
C06329 $E6 $2A         INC $2A [00002A] = $0010        A:4080 X:0022 Y:0020 S:033F D:0000 DB:7E P:nvmxdIzc V:62  H:196
C0632B $CE $7A $96     DEC $967A [7E967A] = $0065      A:4080 X:0022 Y:0020 S:033F D:0000 DB:7E P:nvmxdIzc V:62  H:209
C0632E $D0 $A9         BNE $C062D9                     A:4080 X:0022 Y:0020 S:033F D:0000 DB:7E P:nvmxdIzc V:62  H:223
C062D9 $A5 $2A         LDA $2A [00002A] = $0011        A:4080 X:0022 Y:0020 S:033F D:0000 DB:7E P:nvmxdIzc V:62  H:227
C062DB $CF $4E $B7 $7F CMP $7FB74E                     A:0011 X:0022 Y:0020 S:033F D:0000 DB:7E P:nvmxdIzc V:62  H:234
C062DF $B0 $08         BCS $C062E9                     A:0011 X:0022 Y:0020 S:033F D:0000 DB:7E P:NvmxdIzc V:62  H:244
C062E1 $AC $AE $93     LDY $93AE [7E93AE] = $0022      A:0011 X:0022 Y:0020 S:033F D:0000 DB:7E P:NvmxdIzc V:62  H:247
C062E4 $C0 $00 $02     CPY #$0200                      A:0011 X:0022 Y:0022 S:033F D:0000 DB:7E P:nvmxdIzc V:62  H:256
C062E7 $90 $06         BCC $C062EF                     A:0011 X:0022 Y:0022 S:033F D:0000 DB:7E P:NvmxdIzc V:62  H:260
C062EF $AC $AE $93     LDY $93AE [7E93AE] = $0022      A:0011 X:0022 Y:0022 S:033F D:0000 DB:7E P:NvmxdIzc V:62  H:265
C062F2 $BF $EA $AE $7F LDA $7FAEEA,X [7FAF0C] = $0072  A:0011 X:0022 Y:0022 S:033F D:0000 DB:7E P:nvmxdIzc V:62  H:273
C062F6 $0A             ASL                             A:0072 X:0022 Y:0022 S:033F D:0000 DB:7E P:nvmxdIzc V:62  H:300
C062F7 $26 $2E         ROL $2E [00002E] = $0000        A:00E4 X:0022 Y:0022 S:033F D:0000 DB:7E P:nvmxdIzc V:62  H:303
C062F9 $0A             ASL                             A:00E4 X:0022 Y:0022 S:033F D:0000 DB:7E P:nvmxdIZc V:62  H:315
C062FA $26 $2E         ROL $2E [00002E] = $0000        A:01C8 X:0022 Y:0022 S:033F D:0000 DB:7E P:nvmxdIzc V:62  H:318
C062FC $0A             ASL                             A:01C8 X:0022 Y:0022 S:033F D:0000 DB:7E P:nvmxdIZc V:62  H:330
C062FD $26 $2E         ROL $2E [00002E] = $0000        A:0390 X:0022 Y:0022 S:033F D:0000 DB:7E P:nvmxdIzc V:62  H:333
C062FF $0A             ASL                             A:0390 X:0022 Y:0022 S:033F D:0000 DB:7E P:nvmxdIZc V:63  H:5  
C06300 $26 $2E         ROL $2E [00002E] = $0000        A:0720 X:0022 Y:0022 S:033F D:0000 DB:7E P:nvmxdIzc V:63  H:8  
C06302 $18             CLC                             A:0720 X:0022 Y:0022 S:033F D:0000 DB:7E P:nvmxdIZc V:63  H:21 
C06303 $69 $A0 $8E     ADC #$8EA0                      A:0720 X:0022 Y:0022 S:033F D:0000 DB:7E P:nvmxdIZc V:63  H:24 
C06306 $99 $AE $8B     STA $8BAE,Y [7E8BD0] = $FA20    A:95C0 X:0022 Y:0022 S:033F D:0000 DB:7E P:NvmxdIzc V:63  H:28 
C06309 $A5 $2E         LDA $2E [00002E] = $0000        A:95C0 X:0022 Y:0022 S:033F D:0000 DB:7E P:NvmxdIzc V:63  H:38 
C0630B $69 $E3 $00     ADC #$00E3                      A:0000 X:0022 Y:0022 S:033F D:0000 DB:7E P:nvmxdIZc V:63  H:45 
C0630E $99 $AE $8D     STA $8DAE,Y [7E8DD0] = $00D0    A:00E3 X:0022 Y:0022 S:033F D:0000 DB:7E P:nvmxdIzc V:63  H:50 
C06311 $A9 $10 $00     LDA #$0010                      A:00E3 X:0022 Y:0022 S:033F D:0000 DB:7E P:nvmxdIzc V:63  H:60 
C06314 $99 $AE $91     STA $91AE,Y [7E91D0] = $0020    A:0010 X:0022 Y:0022 S:033F D:0000 DB:7E P:nvmxdIzc V:63  H:64 
C06317 $8A             TXA                             A:0010 X:0022 Y:0022 S:033F D:0000 DB:7E P:nvmxdIzc V:63  H:74 
C06318 $0A             ASL                             A:0022 X:0022 Y:0022 S:033F D:0000 DB:7E P:nvmxdIzc V:63  H:77 
C06319 $0A             ASL                             A:0044 X:0022 Y:0022 S:033F D:0000 DB:7E P:nvmxdIzc V:63  H:80 
C0631A $18             CLC                             A:0088 X:0022 Y:0022 S:033F D:0000 DB:7E P:nvmxdIzc V:63  H:83 
C0631B $6D $DF $99     ADC $99DF [7E99DF] = $4000      A:0088 X:0022 Y:0022 S:033F D:0000 DB:7E P:nvmxdIzc V:63  H:86 
C0631E $99 $AE $8F     STA $8FAE,Y [7E8FD0] = $0E10    A:4088 X:0022 Y:0022 S:033F D:0000 DB:7E P:nvmxdIzc V:63  H:95 
C06321 $EE $AE $93     INC $93AE [7E93AE] = $0022      A:4088 X:0022 Y:0022 S:033F D:0000 DB:7E P:nvmxdIzc V:63  H:105
C06324 $EE $AE $93     INC $93AE [7E93AE] = $0023      A:4088 X:0022 Y:0022 S:033F D:0000 DB:7E P:nvmxdIzc V:63  H:119
C06327 $E8             INX                             A:4088 X:0022 Y:0022 S:033F D:0000 DB:7E P:nvmxdIzc V:63  H:133
C06328 $E8             INX                             A:4088 X:0023 Y:0022 S:033F D:0000 DB:7E P:nvmxdIzc V:63  H:146
C06329 $E6 $2A         INC $2A [00002A] = $0011        A:4088 X:0024 Y:0022 S:033F D:0000 DB:7E P:nvmxdIzc V:63  H:149
C0632B $CE $7A $96     DEC $967A [7E967A] = $0064      A:4088 X:0024 Y:0022 S:033F D:0000 DB:7E P:nvmxdIzc V:63  H:161
C0632E $D0 $A9         BNE $C062D9                     A:4088 X:0024 Y:0022 S:033F D:0000 DB:7E P:nvmxdIzc V:63  H:175
C062D9 $A5 $2A         LDA $2A [00002A] = $0012        A:4088 X:0024 Y:0022 S:033F D:0000 DB:7E P:nvmxdIzc V:63  H:180
C062DB $CF $4E $B7 $7F CMP $7FB74E                     A:0012 X:0024 Y:0022 S:033F D:0000 DB:7E P:nvmxdIzc V:63  H:187
C062DF $B0 $08         BCS $C062E9                     A:0012 X:0024 Y:0022 S:033F D:0000 DB:7E P:NvmxdIzc V:63  H:197
C062E1 $AC $AE $93     LDY $93AE [7E93AE] = $0024      A:0012 X:0024 Y:0022 S:033F D:0000 DB:7E P:NvmxdIzc V:63  H:200
C062E4 $C0 $00 $02     CPY #$0200                      A:0012 X:0024 Y:0024 S:033F D:0000 DB:7E P:nvmxdIzc V:63  H:208
C062E7 $90 $06         BCC $C062EF                     A:0012 X:0024 Y:0024 S:033F D:0000 DB:7E P:NvmxdIzc V:63  H:213
C062EF $AC $AE $93     LDY $93AE [7E93AE] = $0024      A:0012 X:0024 Y:0024 S:033F D:0000 DB:7E P:NvmxdIzc V:63  H:217
C062F2 $BF $EA $AE $7F LDA $7FAEEA,X [7FAF0E] = $0073  A:0012 X:0024 Y:0024 S:033F D:0000 DB:7E P:nvmxdIzc V:63  H:226
C062F6 $0A             ASL                             A:0073 X:0024 Y:0024 S:033F D:0000 DB:7E P:nvmxdIzc V:63  H:236
C062F7 $26 $2E         ROL $2E [00002E] = $0000        A:00E6 X:0024 Y:0024 S:033F D:0000 DB:7E P:nvmxdIzc V:63  H:239
C062F9 $0A             ASL                             A:00E6 X:0024 Y:0024 S:033F D:0000 DB:7E P:nvmxdIZc V:63  H:251
C062FA $26 $2E         ROL $2E [00002E] = $0000        A:01CC X:0024 Y:0024 S:033F D:0000 DB:7E P:nvmxdIzc V:63  H:254
C062FC $0A             ASL                             A:01CC X:0024 Y:0024 S:033F D:0000 DB:7E P:nvmxdIZc V:63  H:267
C062FD $26 $2E         ROL $2E [00002E] = $0000        A:0398 X:0024 Y:0024 S:033F D:0000 DB:7E P:nvmxdIzc V:63  H:270
C062FF $0A             ASL                             A:0398 X:0024 Y:0024 S:033F D:0000 DB:7E P:nvmxdIZc V:63  H:323
C06300 $26 $2E         ROL $2E [00002E] = $0000        A:0730 X:0024 Y:0024 S:033F D:0000 DB:7E P:nvmxdIzc V:63  H:325
C06302 $18             CLC                             A:0730 X:0024 Y:0024 S:033F D:0000 DB:7E P:nvmxdIZc V:63  H:337
C06303 $69 $A0 $8E     ADC #$8EA0                      A:0730 X:0024 Y:0024 S:033F D:0000 DB:7E P:nvmxdIZc V:64  H:0  
C06306 $99 $AE $8B     STA $8BAE,Y [7E8BD2] = $FA40    A:95D0 X:0024 Y:0024 S:033F D:0000 DB:7E P:NvmxdIzc V:64  H:5  
C06309 $A5 $2E         LDA $2E [00002E] = $0000        A:95D0 X:0024 Y:0024 S:033F D:0000 DB:7E P:NvmxdIzc V:64  H:15 
C0630B $69 $E3 $00     ADC #$00E3                      A:0000 X:0024 Y:0024 S:033F D:0000 DB:7E P:nvmxdIZc V:64  H:22 
C0630E $99 $AE $8D     STA $8DAE,Y [7E8DD2] = $00D0    A:00E3 X:0024 Y:0024 S:033F D:0000 DB:7E P:nvmxdIzc V:64  H:26 
C06311 $A9 $10 $00     LDA #$0010                      A:00E3 X:0024 Y:0024 S:033F D:0000 DB:7E P:nvmxdIzc V:64  H:36 
C06314 $99 $AE $91     STA $91AE,Y [7E91D2] = $0020    A:0010 X:0024 Y:0024 S:033F D:0000 DB:7E P:nvmxdIzc V:64  H:41 
C06317 $8A             TXA                             A:0010 X:0024 Y:0024 S:033F D:0000 DB:7E P:nvmxdIzc V:64  H:51 
C06318 $0A             ASL                             A:0024 X:0024 Y:0024 S:033F D:0000 DB:7E P:nvmxdIzc V:64  H:54 
C06319 $0A             ASL                             A:0048 X:0024 Y:0024 S:033F D:0000 DB:7E P:nvmxdIzc V:64  H:57 
C0631A $18             CLC                             A:0090 X:0024 Y:0024 S:033F D:0000 DB:7E P:nvmxdIzc V:64  H:60 
C0631B $6D $DF $99     ADC $99DF [7E99DF] = $4000      A:0090 X:0024 Y:0024 S:033F D:0000 DB:7E P:nvmxdIzc V:64  H:63 
C0631E $99 $AE $8F     STA $8FAE,Y [7E8FD2] = $0E20    A:4090 X:0024 Y:0024 S:033F D:0000 DB:7E P:nvmxdIzc V:64  H:71 
C06321 $EE $AE $93     INC $93AE [7E93AE] = $0024      A:4090 X:0024 Y:0024 S:033F D:0000 DB:7E P:nvmxdIzc V:64  H:81 
C06324 $EE $AE $93     INC $93AE [7E93AE] = $0025      A:4090 X:0024 Y:0024 S:033F D:0000 DB:7E P:nvmxdIzc V:64  H:95 
C06327 $E8             INX                             A:4090 X:0024 Y:0024 S:033F D:0000 DB:7E P:nvmxdIzc V:64  H:109
C06328 $E8             INX                             A:4090 X:0025 Y:0024 S:033F D:0000 DB:7E P:nvmxdIzc V:64  H:112
C06329 $E6 $2A         INC $2A [00002A] = $0012        A:4090 X:0026 Y:0024 S:033F D:0000 DB:7E P:nvmxdIzc V:64  H:115
C0632B $CE $7A $96     DEC $967A [7E967A] = $0063      A:4090 X:0026 Y:0024 S:033F D:0000 DB:7E P:nvmxdIzc V:64  H:128
C0632E $D0 $A9         BNE $C062D9                     A:4090 X:0026 Y:0024 S:033F D:0000 DB:7E P:nvmxdIzc V:64  H:152
C062D9 $A5 $2A         LDA $2A [00002A] = $0013        A:4090 X:0026 Y:0024 S:033F D:0000 DB:7E P:nvmxdIzc V:64  H:156
C062DB $CF $4E $B7 $7F CMP $7FB74E                     A:0013 X:0026 Y:0024 S:033F D:0000 DB:7E P:nvmxdIzc V:64  H:163
C062DF $B0 $08         BCS $C062E9                     A:0013 X:0026 Y:0024 S:033F D:0000 DB:7E P:NvmxdIzc V:64  H:173
C062E1 $AC $AE $93     LDY $93AE [7E93AE] = $0026      A:0013 X:0026 Y:0024 S:033F D:0000 DB:7E P:NvmxdIzc V:64  H:176
C062E4 $C0 $00 $02     CPY #$0200                      A:0013 X:0026 Y:0026 S:033F D:0000 DB:7E P:nvmxdIzc V:64  H:185
C062E7 $90 $06         BCC $C062EF                     A:0013 X:0026 Y:0026 S:033F D:0000 DB:7E P:NvmxdIzc V:64  H:189
C062EF $AC $AE $93     LDY $93AE [7E93AE] = $0026      A:0013 X:0026 Y:0026 S:033F D:0000 DB:7E P:NvmxdIzc V:64  H:194
C062F2 $BF $EA $AE $7F LDA $7FAEEA,X [7FAF10] = $0074  A:0013 X:0026 Y:0026 S:033F D:0000 DB:7E P:nvmxdIzc V:64  H:202
C062F6 $0A             ASL                             A:0074 X:0026 Y:0026 S:033F D:0000 DB:7E P:nvmxdIzc V:64  H:212
C062F7 $26 $2E         ROL $2E [00002E] = $0000        A:00E8 X:0026 Y:0026 S:033F D:0000 DB:7E P:nvmxdIzc V:64  H:215
C062F9 $0A             ASL                             A:00E8 X:0026 Y:0026 S:033F D:0000 DB:7E P:nvmxdIZc V:64  H:228
C062FA $26 $2E         ROL $2E [00002E] = $0000        A:01D0 X:0026 Y:0026 S:033F D:0000 DB:7E P:nvmxdIzc V:64  H:231
C062FC $0A             ASL                             A:01D0 X:0026 Y:0026 S:033F D:0000 DB:7E P:nvmxdIZc V:64  H:243
C062FD $26 $2E         ROL $2E [00002E] = $0000        A:03A0 X:0026 Y:0026 S:033F D:0000 DB:7E P:nvmxdIzc V:64  H:246
C062FF $0A             ASL                             A:03A0 X:0026 Y:0026 S:033F D:0000 DB:7E P:nvmxdIZc V:64  H:259
C06300 $26 $2E         ROL $2E [00002E] = $0000        A:0740 X:0026 Y:0026 S:033F D:0000 DB:7E P:nvmxdIzc V:64  H:262
C06302 $18             CLC                             A:0740 X:0026 Y:0026 S:033F D:0000 DB:7E P:nvmxdIZc V:64  H:274
C06303 $69 $A0 $8E     ADC #$8EA0                      A:0740 X:0026 Y:0026 S:033F D:0000 DB:7E P:nvmxdIZc V:64  H:321
C06306 $99 $AE $8B     STA $8BAE,Y [7E8BD4] = $FA60    A:95E0 X:0026 Y:0026 S:033F D:0000 DB:7E P:NvmxdIzc V:64  H:325
C06309 $A5 $2E         LDA $2E [00002E] = $0000        A:95E0 X:0026 Y:0026 S:033F D:0000 DB:7E P:NvmxdIzc V:64  H:334
C0630B $69 $E3 $00     ADC #$00E3                      A:0000 X:0026 Y:0026 S:033F D:0000 DB:7E P:nvmxdIZc V:65  H:1  
C0630E $99 $AE $8D     STA $8DAE,Y [7E8DD4] = $00D0    A:00E3 X:0026 Y:0026 S:033F D:0000 DB:7E P:nvmxdIzc V:65  H:6  
C06311 $A9 $10 $00     LDA #$0010                      A:00E3 X:0026 Y:0026 S:033F D:0000 DB:7E P:nvmxdIzc V:65  H:16 
C06314 $99 $AE $91     STA $91AE,Y [7E91D4] = $0020    A:0010 X:0026 Y:0026 S:033F D:0000 DB:7E P:nvmxdIzc V:65  H:20 
C06317 $8A             TXA                             A:0010 X:0026 Y:0026 S:033F D:0000 DB:7E P:nvmxdIzc V:65  H:30 
C06318 $0A             ASL                             A:0026 X:0026 Y:0026 S:033F D:0000 DB:7E P:nvmxdIzc V:65  H:33 
C06319 $0A             ASL                             A:004C X:0026 Y:0026 S:033F D:0000 DB:7E P:nvmxdIzc V:65  H:36 
C0631A $18             CLC                             A:0098 X:0026 Y:0026 S:033F D:0000 DB:7E P:nvmxdIzc V:65  H:39 
C0631B $6D $DF $99     ADC $99DF [7E99DF] = $4000      A:0098 X:0026 Y:0026 S:033F D:0000 DB:7E P:nvmxdIzc V:65  H:42 
C0631E $99 $AE $8F     STA $8FAE,Y [7E8FD4] = $0E30    A:4098 X:0026 Y:0026 S:033F D:0000 DB:7E P:nvmxdIzc V:65  H:51 
C06321 $EE $AE $93     INC $93AE [7E93AE] = $0026      A:4098 X:0026 Y:0026 S:033F D:0000 DB:7E P:nvmxdIzc V:65  H:61 
C06324 $EE $AE $93     INC $93AE [7E93AE] = $0027      A:4098 X:0026 Y:0026 S:033F D:0000 DB:7E P:nvmxdIzc V:65  H:75 
C06327 $E8             INX                             A:4098 X:0026 Y:0026 S:033F D:0000 DB:7E P:nvmxdIzc V:65  H:89 
C06328 $E8             INX                             A:4098 X:0027 Y:0026 S:033F D:0000 DB:7E P:nvmxdIzc V:65  H:92 
C06329 $E6 $2A         INC $2A [00002A] = $0013        A:4098 X:0028 Y:0026 S:033F D:0000 DB:7E P:nvmxdIzc V:65  H:95 
C0632B $CE $7A $96     DEC $967A [7E967A] = $0062      A:4098 X:0028 Y:0026 S:033F D:0000 DB:7E P:nvmxdIzc V:65  H:107
C0632E $D0 $A9         BNE $C062D9                     A:4098 X:0028 Y:0026 S:033F D:0000 DB:7E P:nvmxdIzc V:65  H:121
C062D9 $A5 $2A         LDA $2A [00002A] = $0014        A:4098 X:0028 Y:0026 S:033F D:0000 DB:7E P:nvmxdIzc V:65  H:126
C062DB $CF $4E $B7 $7F CMP $7FB74E                     A:0014 X:0028 Y:0026 S:033F D:0000 DB:7E P:nvmxdIzc V:65  H:133
C062DF $B0 $08         BCS $C062E9                     A:0014 X:0028 Y:0026 S:033F D:0000 DB:7E P:NvmxdIzc V:65  H:153
C062E1 $AC $AE $93     LDY $93AE [7E93AE] = $0028      A:0014 X:0028 Y:0026 S:033F D:0000 DB:7E P:NvmxdIzc V:65  H:156
C062E4 $C0 $00 $02     CPY #$0200                      A:0014 X:0028 Y:0028 S:033F D:0000 DB:7E P:nvmxdIzc V:65  H:164
C062E7 $90 $06         BCC $C062EF                     A:0014 X:0028 Y:0028 S:033F D:0000 DB:7E P:NvmxdIzc V:65  H:169
C062EF $AC $AE $93     LDY $93AE [7E93AE] = $0028      A:0014 X:0028 Y:0028 S:033F D:0000 DB:7E P:NvmxdIzc V:65  H:173
C062F2 $BF $EA $AE $7F LDA $7FAEEA,X [7FAF12] = $0075  A:0014 X:0028 Y:0028 S:033F D:0000 DB:7E P:nvmxdIzc V:65  H:182
C062F6 $0A             ASL                             A:0075 X:0028 Y:0028 S:033F D:0000 DB:7E P:nvmxdIzc V:65  H:192
C062F7 $26 $2E         ROL $2E [00002E] = $0000        A:00EA X:0028 Y:0028 S:033F D:0000 DB:7E P:nvmxdIzc V:65  H:195
C062F9 $0A             ASL                             A:00EA X:0028 Y:0028 S:033F D:0000 DB:7E P:nvmxdIZc V:65  H:207
C062FA $26 $2E         ROL $2E [00002E] = $0000        A:01D4 X:0028 Y:0028 S:033F D:0000 DB:7E P:nvmxdIzc V:65  H:210
C062FC $0A             ASL                             A:01D4 X:0028 Y:0028 S:033F D:0000 DB:7E P:nvmxdIZc V:65  H:223
C062FD $26 $2E         ROL $2E [00002E] = $0000        A:03A8 X:0028 Y:0028 S:033F D:0000 DB:7E P:nvmxdIzc V:65  H:226
C062FF $0A             ASL                             A:03A8 X:0028 Y:0028 S:033F D:0000 DB:7E P:nvmxdIZc V:65  H:238
C06300 $26 $2E         ROL $2E [00002E] = $0000        A:0750 X:0028 Y:0028 S:033F D:0000 DB:7E P:nvmxdIzc V:65  H:241
C06302 $18             CLC                             A:0750 X:0028 Y:0028 S:033F D:0000 DB:7E P:nvmxdIZc V:65  H:254
C06303 $69 $A0 $8E     ADC #$8EA0                      A:0750 X:0028 Y:0028 S:033F D:0000 DB:7E P:nvmxdIZc V:65  H:257
C06306 $99 $AE $8B     STA $8BAE,Y [7E8BD6] = $FA80    A:95F0 X:0028 Y:0028 S:033F D:0000 DB:7E P:NvmxdIzc V:65  H:261
C06309 $A5 $2E         LDA $2E [00002E] = $0000        A:95F0 X:0028 Y:0028 S:033F D:0000 DB:7E P:NvmxdIzc V:65  H:271
C0630B $69 $E3 $00     ADC #$00E3                      A:0000 X:0028 Y:0028 S:033F D:0000 DB:7E P:nvmxdIZc V:65  H:296
C0630E $99 $AE $8D     STA $8DAE,Y [7E8DD6] = $00D0    A:00E3 X:0028 Y:0028 S:033F D:0000 DB:7E P:nvmxdIzc V:65  H:301
C06311 $A9 $10 $00     LDA #$0010                      A:00E3 X:0028 Y:0028 S:033F D:0000 DB:7E P:nvmxdIzc V:65  H:311
C06314 $99 $AE $91     STA $91AE,Y [7E91D6] = $0020    A:0010 X:0028 Y:0028 S:033F D:0000 DB:7E P:nvmxdIzc V:65  H:315
C06317 $8A             TXA                             A:0010 X:0028 Y:0028 S:033F D:0000 DB:7E P:nvmxdIzc V:65  H:325
C06318 $0A             ASL                             A:0028 X:0028 Y:0028 S:033F D:0000 DB:7E P:nvmxdIzc V:65  H:327
C06319 $0A             ASL                             A:0050 X:0028 Y:0028 S:033F D:0000 DB:7E P:nvmxdIzc V:65  H:330
C0631A $18             CLC                             A:00A0 X:0028 Y:0028 S:033F D:0000 DB:7E P:nvmxdIzc V:65  H:333
C0631B $6D $DF $99     ADC $99DF [7E99DF] = $4000      A:00A0 X:0028 Y:0028 S:033F D:0000 DB:7E P:nvmxdIzc V:65  H:336
C0631E $99 $AE $8F     STA $8FAE,Y [7E8FD6] = $0E40    A:40A0 X:0028 Y:0028 S:033F D:0000 DB:7E P:nvmxdIzc V:66  H:5  
C06321 $EE $AE $93     INC $93AE [7E93AE] = $0028      A:40A0 X:0028 Y:0028 S:033F D:0000 DB:7E P:nvmxdIzc V:66  H:15 
C06324 $EE $AE $93     INC $93AE [7E93AE] = $0029      A:40A0 X:0028 Y:0028 S:033F D:0000 DB:7E P:nvmxdIzc V:66  H:29 
C06327 $E8             INX                             A:40A0 X:0028 Y:0028 S:033F D:0000 DB:7E P:nvmxdIzc V:66  H:43 
C06328 $E8             INX                             A:40A0 X:0029 Y:0028 S:033F D:0000 DB:7E P:nvmxdIzc V:66  H:46 
C06329 $E6 $2A         INC $2A [00002A] = $0014        A:40A0 X:002A Y:0028 S:033F D:0000 DB:7E P:nvmxdIzc V:66  H:49 
C0632B $CE $7A $96     DEC $967A [7E967A] = $0061      A:40A0 X:002A Y:0028 S:033F D:0000 DB:7E P:nvmxdIzc V:66  H:61 
C0632E $D0 $A9         BNE $C062D9                     A:40A0 X:002A Y:0028 S:033F D:0000 DB:7E P:nvmxdIzc V:66  H:75 
C062D9 $A5 $2A         LDA $2A [00002A] = $0015        A:40A0 X:002A Y:0028 S:033F D:0000 DB:7E P:nvmxdIzc V:66  H:80 
C062DB $CF $4E $B7 $7F CMP $7FB74E                     A:0015 X:002A Y:0028 S:033F D:0000 DB:7E P:nvmxdIzc V:66  H:87 
C062DF $B0 $08         BCS $C062E9                     A:0015 X:002A Y:0028 S:033F D:0000 DB:7E P:NvmxdIzc V:66  H:97 
C062E1 $AC $AE $93     LDY $93AE [7E93AE] = $002A      A:0015 X:002A Y:0028 S:033F D:0000 DB:7E P:NvmxdIzc V:66  H:100
C062E4 $C0 $00 $02     CPY #$0200                      A:0015 X:002A Y:002A S:033F D:0000 DB:7E P:nvmxdIzc V:66  H:108
C062E7 $90 $06         BCC $C062EF                     A:0015 X:002A Y:002A S:033F D:0000 DB:7E P:NvmxdIzc V:66  H:113
C062EF $AC $AE $93     LDY $93AE [7E93AE] = $002A      A:0015 X:002A Y:002A S:033F D:0000 DB:7E P:NvmxdIzc V:66  H:117
C062F2 $BF $EA $AE $7F LDA $7FAEEA,X [7FAF14] = $0076  A:0015 X:002A Y:002A S:033F D:0000 DB:7E P:nvmxdIzc V:66  H:126
C062F6 $0A             ASL                             A:0076 X:002A Y:002A S:033F D:0000 DB:7E P:nvmxdIzc V:66  H:146
C062F7 $26 $2E         ROL $2E [00002E] = $0000        A:00EC X:002A Y:002A S:033F D:0000 DB:7E P:nvmxdIzc V:66  H:149
C062F9 $0A             ASL                             A:00EC X:002A Y:002A S:033F D:0000 DB:7E P:nvmxdIZc V:66  H:161
C062FA $26 $2E         ROL $2E [00002E] = $0000        A:01D8 X:002A Y:002A S:033F D:0000 DB:7E P:nvmxdIzc V:66  H:164
C062FC $0A             ASL                             A:01D8 X:002A Y:002A S:033F D:0000 DB:7E P:nvmxdIZc V:66  H:177
C062FD $26 $2E         ROL $2E [00002E] = $0000        A:03B0 X:002A Y:002A S:033F D:0000 DB:7E P:nvmxdIzc V:66  H:180
C062FF $0A             ASL                             A:03B0 X:002A Y:002A S:033F D:0000 DB:7E P:nvmxdIZc V:66  H:192
C06300 $26 $2E         ROL $2E [00002E] = $0000        A:0760 X:002A Y:002A S:033F D:0000 DB:7E P:nvmxdIzc V:66  H:195
C06302 $18             CLC                             A:0760 X:002A Y:002A S:033F D:0000 DB:7E P:nvmxdIZc V:66  H:208
C06303 $69 $A0 $8E     ADC #$8EA0                      A:0760 X:002A Y:002A S:033F D:0000 DB:7E P:nvmxdIZc V:66  H:211
C06306 $99 $AE $8B     STA $8BAE,Y [7E8BD8] = $FAA0    A:9600 X:002A Y:002A S:033F D:0000 DB:7E P:NvmxdIzc V:66  H:215
C06309 $A5 $2E         LDA $2E [00002E] = $0000        A:9600 X:002A Y:002A S:033F D:0000 DB:7E P:NvmxdIzc V:66  H:225
C0630B $69 $E3 $00     ADC #$00E3                      A:0000 X:002A Y:002A S:033F D:0000 DB:7E P:nvmxdIZc V:66  H:232
C0630E $99 $AE $8D     STA $8DAE,Y [7E8DD8] = $00D0    A:00E3 X:002A Y:002A S:033F D:0000 DB:7E P:nvmxdIzc V:66  H:237
C06311 $A9 $10 $00     LDA #$0010                      A:00E3 X:002A Y:002A S:033F D:0000 DB:7E P:nvmxdIzc V:66  H:247
C06314 $99 $AE $91     STA $91AE,Y [7E91D8] = $0020    A:0010 X:002A Y:002A S:033F D:0000 DB:7E P:nvmxdIzc V:66  H:251
C06317 $8A             TXA                             A:0010 X:002A Y:002A S:033F D:0000 DB:7E P:nvmxdIzc V:66  H:261
C06318 $0A             ASL                             A:002A X:002A Y:002A S:033F D:0000 DB:7E P:nvmxdIzc V:66  H:264
C06319 $0A             ASL                             A:0054 X:002A Y:002A S:033F D:0000 DB:7E P:nvmxdIzc V:66  H:267
C0631A $18             CLC                             A:00A8 X:002A Y:002A S:033F D:0000 DB:7E P:nvmxdIzc V:66  H:270
C0631B $6D $DF $99     ADC $99DF [7E99DF] = $4000      A:00A8 X:002A Y:002A S:033F D:0000 DB:7E P:nvmxdIzc V:66  H:273
C0631E $99 $AE $8F     STA $8FAE,Y [7E8FD8] = $0E50    A:40A8 X:002A Y:002A S:033F D:0000 DB:7E P:nvmxdIzc V:66  H:298
C06321 $EE $AE $93     INC $93AE [7E93AE] = $002A      A:40A8 X:002A Y:002A S:033F D:0000 DB:7E P:nvmxdIzc V:66  H:308
C06324 $EE $AE $93     INC $93AE [7E93AE] = $002B      A:40A8 X:002A Y:002A S:033F D:0000 DB:7E P:nvmxdIzc V:66  H:322
C06327 $E8             INX                             A:40A8 X:002A Y:002A S:033F D:0000 DB:7E P:nvmxdIzc V:66  H:335
C06328 $E8             INX                             A:40A8 X:002B Y:002A S:033F D:0000 DB:7E P:nvmxdIzc V:66  H:338
C06329 $E6 $2A         INC $2A [00002A] = $0015        A:40A8 X:002C Y:002A S:033F D:0000 DB:7E P:nvmxdIzc V:67  H:1  
C0632B $CE $7A $96     DEC $967A [7E967A] = $0060      A:40A8 X:002C Y:002A S:033F D:0000 DB:7E P:nvmxdIzc V:67  H:14 
C0632E $D0 $A9         BNE $C062D9                     A:40A8 X:002C Y:002A S:033F D:0000 DB:7E P:nvmxdIzc V:67  H:28 
C062D9 $A5 $2A         LDA $2A [00002A] = $0016        A:40A8 X:002C Y:002A S:033F D:0000 DB:7E P:nvmxdIzc V:67  H:32 
C062DB $CF $4E $B7 $7F CMP $7FB74E                     A:0016 X:002C Y:002A S:033F D:0000 DB:7E P:nvmxdIzc V:67  H:39 
C062DF $B0 $08         BCS $C062E9                     A:0016 X:002C Y:002A S:033F D:0000 DB:7E P:NvmxdIzc V:67  H:49 
C062E1 $AC $AE $93     LDY $93AE [7E93AE] = $002C      A:0016 X:002C Y:002A S:033F D:0000 DB:7E P:NvmxdIzc V:67  H:52 
C062E4 $C0 $00 $02     CPY #$0200                      A:0016 X:002C Y:002C S:033F D:0000 DB:7E P:nvmxdIzc V:67  H:61 
C062E7 $90 $06         BCC $C062EF                     A:0016 X:002C Y:002C S:033F D:0000 DB:7E P:NvmxdIzc V:67  H:65 
C062EF $AC $AE $93     LDY $93AE [7E93AE] = $002C      A:0016 X:002C Y:002C S:033F D:0000 DB:7E P:NvmxdIzc V:67  H:70 
C062F2 $BF $EA $AE $7F LDA $7FAEEA,X [7FAF16] = $0077  A:0016 X:002C Y:002C S:033F D:0000 DB:7E P:nvmxdIzc V:67  H:78 
C062F6 $0A             ASL                             A:0077 X:002C Y:002C S:033F D:0000 DB:7E P:nvmxdIzc V:67  H:88 
C062F7 $26 $2E         ROL $2E [00002E] = $0000        A:00EE X:002C Y:002C S:033F D:0000 DB:7E P:nvmxdIzc V:67  H:91 
C062F9 $0A             ASL                             A:00EE X:002C Y:002C S:033F D:0000 DB:7E P:nvmxdIZc V:67  H:104
C062FA $26 $2E         ROL $2E [00002E] = $0000        A:01DC X:002C Y:002C S:033F D:0000 DB:7E P:nvmxdIzc V:67  H:107
C062FC $0A             ASL                             A:01DC X:002C Y:002C S:033F D:0000 DB:7E P:nvmxdIZc V:67  H:119
C062FD $26 $2E         ROL $2E [00002E] = $0000        A:03B8 X:002C Y:002C S:033F D:0000 DB:7E P:nvmxdIzc V:67  H:122
C062FF $0A             ASL                             A:03B8 X:002C Y:002C S:033F D:0000 DB:7E P:nvmxdIZc V:67  H:145
C06300 $26 $2E         ROL $2E [00002E] = $0000        A:0770 X:002C Y:002C S:033F D:0000 DB:7E P:nvmxdIzc V:67  H:148
C06302 $18             CLC                             A:0770 X:002C Y:002C S:033F D:0000 DB:7E P:nvmxdIZc V:67  H:160
C06303 $69 $A0 $8E     ADC #$8EA0                      A:0770 X:002C Y:002C S:033F D:0000 DB:7E P:nvmxdIZc V:67  H:163
C06306 $99 $AE $8B     STA $8BAE,Y [7E8BDA] = $FAC0    A:9610 X:002C Y:002C S:033F D:0000 DB:7E P:NvmxdIzc V:67  H:168
C06309 $A5 $2E         LDA $2E [00002E] = $0000        A:9610 X:002C Y:002C S:033F D:0000 DB:7E P:NvmxdIzc V:67  H:178
C0630B $69 $E3 $00     ADC #$00E3                      A:0000 X:002C Y:002C S:033F D:0000 DB:7E P:nvmxdIZc V:67  H:185
C0630E $99 $AE $8D     STA $8DAE,Y [7E8DDA] = $00D0    A:00E3 X:002C Y:002C S:033F D:0000 DB:7E P:nvmxdIzc V:67  H:189
C06311 $A9 $10 $00     LDA #$0010                      A:00E3 X:002C Y:002C S:033F D:0000 DB:7E P:nvmxdIzc V:67  H:199
C06314 $99 $AE $91     STA $91AE,Y [7E91DA] = $0020    A:0010 X:002C Y:002C S:033F D:0000 DB:7E P:nvmxdIzc V:67  H:204
C06317 $8A             TXA                             A:0010 X:002C Y:002C S:033F D:0000 DB:7E P:nvmxdIzc V:67  H:214
C06318 $0A             ASL                             A:002C X:002C Y:002C S:033F D:0000 DB:7E P:nvmxdIzc V:67  H:217
C06319 $0A             ASL                             A:0058 X:002C Y:002C S:033F D:0000 DB:7E P:nvmxdIzc V:67  H:220
C0631A $18             CLC                             A:00B0 X:002C Y:002C S:033F D:0000 DB:7E P:nvmxdIzc V:67  H:223
C0631B $6D $DF $99     ADC $99DF [7E99DF] = $4000      A:00B0 X:002C Y:002C S:033F D:0000 DB:7E P:nvmxdIzc V:67  H:226
C0631E $99 $AE $8F     STA $8FAE,Y [7E8FDA] = $0E60    A:40B0 X:002C Y:002C S:033F D:0000 DB:7E P:nvmxdIzc V:67  H:234
C06321 $EE $AE $93     INC $93AE [7E93AE] = $002C      A:40B0 X:002C Y:002C S:033F D:0000 DB:7E P:nvmxdIzc V:67  H:244
C06324 $EE $AE $93     INC $93AE [7E93AE] = $002D      A:40B0 X:002C Y:002C S:033F D:0000 DB:7E P:nvmxdIzc V:67  H:258
C06327 $E8             INX                             A:40B0 X:002C Y:002C S:033F D:0000 DB:7E P:nvmxdIzc V:67  H:272
C06328 $E8             INX                             A:40B0 X:002D Y:002C S:033F D:0000 DB:7E P:nvmxdIzc V:67  H:275
C06329 $E6 $2A         INC $2A [00002A] = $0016        A:40B0 X:002E Y:002C S:033F D:0000 DB:7E P:nvmxdIzc V:67  H:295
C0632B $CE $7A $96     DEC $967A [7E967A] = $005F      A:40B0 X:002E Y:002C S:033F D:0000 DB:7E P:nvmxdIzc V:67  H:307
C0632E $D0 $A9         BNE $C062D9                     A:40B0 X:002E Y:002C S:033F D:0000 DB:7E P:nvmxdIzc V:67  H:321
C062D9 $A5 $2A         LDA $2A [00002A] = $0017        A:40B0 X:002E Y:002C S:033F D:0000 DB:7E P:nvmxdIzc V:67  H:325
C062DB $CF $4E $B7 $7F CMP $7FB74E                     A:0017 X:002E Y:002C S:033F D:0000 DB:7E P:nvmxdIzc V:67  H:332
C062DF $B0 $08         BCS $C062E9                     A:0017 X:002E Y:002C S:033F D:0000 DB:7E P:NvmxdIzc V:68  H:2  
C062E1 $AC $AE $93     LDY $93AE [7E93AE] = $002E      A:0017 X:002E Y:002C S:033F D:0000 DB:7E P:NvmxdIzc V:68  H:5  
C062E4 $C0 $00 $02     CPY #$0200                      A:0017 X:002E Y:002E S:033F D:0000 DB:7E P:nvmxdIzc V:68  H:13 
C062E7 $90 $06         BCC $C062EF                     A:0017 X:002E Y:002E S:033F D:0000 DB:7E P:NvmxdIzc V:68  H:18 
C062EF $AC $AE $93     LDY $93AE [7E93AE] = $002E      A:0017 X:002E Y:002E S:033F D:0000 DB:7E P:NvmxdIzc V:68  H:22 
C062F2 $BF $EA $AE $7F LDA $7FAEEA,X [7FAF18] = $0078  A:0017 X:002E Y:002E S:033F D:0000 DB:7E P:nvmxdIzc V:68  H:31 
C062F6 $0A             ASL                             A:0078 X:002E Y:002E S:033F D:0000 DB:7E P:nvmxdIzc V:68  H:41 
C062F7 $26 $2E         ROL $2E [00002E] = $0000        A:00F0 X:002E Y:002E S:033F D:0000 DB:7E P:nvmxdIzc V:68  H:44 
C062F9 $0A             ASL                             A:00F0 X:002E Y:002E S:033F D:0000 DB:7E P:nvmxdIZc V:68  H:56 
C062FA $26 $2E         ROL $2E [00002E] = $0000        A:01E0 X:002E Y:002E S:033F D:0000 DB:7E P:nvmxdIzc V:68  H:59 
C062FC $0A             ASL                             A:01E0 X:002E Y:002E S:033F D:0000 DB:7E P:nvmxdIZc V:68  H:72 
C062FD $26 $2E         ROL $2E [00002E] = $0000        A:03C0 X:002E Y:002E S:033F D:0000 DB:7E P:nvmxdIzc V:68  H:75 
C062FF $0A             ASL                             A:03C0 X:002E Y:002E S:033F D:0000 DB:7E P:nvmxdIZc V:68  H:87 
C06300 $26 $2E         ROL $2E [00002E] = $0000        A:0780 X:002E Y:002E S:033F D:0000 DB:7E P:nvmxdIzc V:68  H:90 
C06302 $18             CLC                             A:0780 X:002E Y:002E S:033F D:0000 DB:7E P:nvmxdIZc V:68  H:103
C06303 $69 $A0 $8E     ADC #$8EA0                      A:0780 X:002E Y:002E S:033F D:0000 DB:7E P:nvmxdIZc V:68  H:106
C06306 $99 $AE $8B     STA $8BAE,Y [7E8BDC] = $FAE0    A:9620 X:002E Y:002E S:033F D:0000 DB:7E P:NvmxdIzc V:68  H:110
C06309 $A5 $2E         LDA $2E [00002E] = $0000        A:9620 X:002E Y:002E S:033F D:0000 DB:7E P:NvmxdIzc V:68  H:120
C0630B $69 $E3 $00     ADC #$00E3                      A:0000 X:002E Y:002E S:033F D:0000 DB:7E P:nvmxdIZc V:68  H:127
C0630E $99 $AE $8D     STA $8DAE,Y [7E8DDC] = $00D0    A:00E3 X:002E Y:002E S:033F D:0000 DB:7E P:nvmxdIzc V:68  H:132
C06311 $A9 $10 $00     LDA #$0010                      A:00E3 X:002E Y:002E S:033F D:0000 DB:7E P:nvmxdIzc V:68  H:152
C06314 $99 $AE $91     STA $91AE,Y [7E91DC] = $0020    A:0010 X:002E Y:002E S:033F D:0000 DB:7E P:nvmxdIzc V:68  H:156
C06317 $8A             TXA                             A:0010 X:002E Y:002E S:033F D:0000 DB:7E P:nvmxdIzc V:68  H:166
C06318 $0A             ASL                             A:002E X:002E Y:002E S:033F D:0000 DB:7E P:nvmxdIzc V:68  H:169
C06319 $0A             ASL                             A:005C X:002E Y:002E S:033F D:0000 DB:7E P:nvmxdIzc V:68  H:172
C0631A $18             CLC                             A:00B8 X:002E Y:002E S:033F D:0000 DB:7E P:nvmxdIzc V:68  H:175
C0631B $6D $DF $99     ADC $99DF [7E99DF] = $4000      A:00B8 X:002E Y:002E S:033F D:0000 DB:7E P:nvmxdIzc V:68  H:178
C0631E $99 $AE $8F     STA $8FAE,Y [7E8FDC] = $0E70    A:40B8 X:002E Y:002E S:033F D:0000 DB:7E P:nvmxdIzc V:68  H:187
C06321 $EE $AE $93     INC $93AE [7E93AE] = $002E      A:40B8 X:002E Y:002E S:033F D:0000 DB:7E P:nvmxdIzc V:68  H:197
C06324 $EE $AE $93     INC $93AE [7E93AE] = $002F      A:40B8 X:002E Y:002E S:033F D:0000 DB:7E P:nvmxdIzc V:68  H:211
C06327 $E8             INX                             A:40B8 X:002E Y:002E S:033F D:0000 DB:7E P:nvmxdIzc V:68  H:225
C06328 $E8             INX                             A:40B8 X:002F Y:002E S:033F D:0000 DB:7E P:nvmxdIzc V:68  H:228
C06329 $E6 $2A         INC $2A [00002A] = $0017        A:40B8 X:0030 Y:002E S:033F D:0000 DB:7E P:nvmxdIzc V:68  H:231
C0632B $CE $7A $96     DEC $967A [7E967A] = $005E      A:40B8 X:0030 Y:002E S:033F D:0000 DB:7E P:nvmxdIzc V:68  H:243
C0632E $D0 $A9         BNE $C062D9                     A:40B8 X:0030 Y:002E S:033F D:0000 DB:7E P:nvmxdIzc V:68  H:257
C062D9 $A5 $2A         LDA $2A [00002A] = $0018        A:40B8 X:0030 Y:002E S:033F D:0000 DB:7E P:nvmxdIzc V:68  H:262
C062DB $CF $4E $B7 $7F CMP $7FB74E                     A:0018 X:0030 Y:002E S:033F D:0000 DB:7E P:nvmxdIzc V:68  H:269
C062DF $B0 $08         BCS $C062E9                     A:0018 X:0030 Y:002E S:033F D:0000 DB:7E P:NvmxdIzc V:68  H:295
C062E1 $AC $AE $93     LDY $93AE [7E93AE] = $0030      A:0018 X:0030 Y:002E S:033F D:0000 DB:7E P:NvmxdIzc V:68  H:298
C062E4 $C0 $00 $02     CPY #$0200                      A:0018 X:0030 Y:0030 S:033F D:0000 DB:7E P:nvmxdIzc V:68  H:306
C062E7 $90 $06         BCC $C062EF                     A:0018 X:0030 Y:0030 S:033F D:0000 DB:7E P:NvmxdIzc V:68  H:311
C062EF $AC $AE $93     LDY $93AE [7E93AE] = $0030      A:0018 X:0030 Y:0030 S:033F D:0000 DB:7E P:NvmxdIzc V:68  H:315
C062F2 $BF $EA $AE $7F LDA $7FAEEA,X [7FAF1A] = $0079  A:0018 X:0030 Y:0030 S:033F D:0000 DB:7E P:nvmxdIzc V:68  H:323
C062F6 $0A             ASL                             A:0079 X:0030 Y:0030 S:033F D:0000 DB:7E P:nvmxdIzc V:68  H:333
C062F7 $26 $2E         ROL $2E [00002E] = $0000        A:00F2 X:0030 Y:0030 S:033F D:0000 DB:7E P:nvmxdIzc V:68  H:336
C062F9 $0A             ASL                             A:00F2 X:0030 Y:0030 S:033F D:0000 DB:7E P:nvmxdIZc V:69  H:8  
C062FA $26 $2E         ROL $2E [00002E] = $0000        A:01E4 X:0030 Y:0030 S:033F D:0000 DB:7E P:nvmxdIzc V:69  H:11 
C062FC $0A             ASL                             A:01E4 X:0030 Y:0030 S:033F D:0000 DB:7E P:nvmxdIZc V:69  H:24 
C062FD $26 $2E         ROL $2E [00002E] = $0000        A:03C8 X:0030 Y:0030 S:033F D:0000 DB:7E P:nvmxdIzc V:69  H:27 
C062FF $0A             ASL                             A:03C8 X:0030 Y:0030 S:033F D:0000 DB:7E P:nvmxdIZc V:69  H:39 
C06300 $26 $2E         ROL $2E [00002E] = $0000        A:0790 X:0030 Y:0030 S:033F D:0000 DB:7E P:nvmxdIzc V:69  H:42 
C06302 $18             CLC                             A:0790 X:0030 Y:0030 S:033F D:0000 DB:7E P:nvmxdIZc V:69  H:55 
C06303 $69 $A0 $8E     ADC #$8EA0                      A:0790 X:0030 Y:0030 S:033F D:0000 DB:7E P:nvmxdIZc V:69  H:58 
C06306 $99 $AE $8B     STA $8BAE,Y [7E8BDE] = $FB00    A:9630 X:0030 Y:0030 S:033F D:0000 DB:7E P:NvmxdIzc V:69  H:62 
C06309 $A5 $2E         LDA $2E [00002E] = $0000        A:9630 X:0030 Y:0030 S:033F D:0000 DB:7E P:NvmxdIzc V:69  H:72 
C0630B $69 $E3 $00     ADC #$00E3                      A:0000 X:0030 Y:0030 S:033F D:0000 DB:7E P:nvmxdIZc V:69  H:79 
C0630E $99 $AE $8D     STA $8DAE,Y [7E8DDE] = $00D0    A:00E3 X:0030 Y:0030 S:033F D:0000 DB:7E P:nvmxdIzc V:69  H:84 
C06311 $A9 $10 $00     LDA #$0010                      A:00E3 X:0030 Y:0030 S:033F D:0000 DB:7E P:nvmxdIzc V:69  H:94 
C06314 $99 $AE $91     STA $91AE,Y [7E91DE] = $0020    A:0010 X:0030 Y:0030 S:033F D:0000 DB:7E P:nvmxdIzc V:69  H:98 
C06317 $8A             TXA                             A:0010 X:0030 Y:0030 S:033F D:0000 DB:7E P:nvmxdIzc V:69  H:108
C06318 $0A             ASL                             A:0030 X:0030 Y:0030 S:033F D:0000 DB:7E P:nvmxdIzc V:69  H:111
C06319 $0A             ASL                             A:0060 X:0030 Y:0030 S:033F D:0000 DB:7E P:nvmxdIzc V:69  H:114
C0631A $18             CLC                             A:00C0 X:0030 Y:0030 S:033F D:0000 DB:7E P:nvmxdIzc V:69  H:117
C0631B $6D $DF $99     ADC $99DF [7E99DF] = $4000      A:00C0 X:0030 Y:0030 S:033F D:0000 DB:7E P:nvmxdIzc V:69  H:120
C0631E $99 $AE $8F     STA $8FAE,Y [7E8FDE] = $0E80    A:40C0 X:0030 Y:0030 S:033F D:0000 DB:7E P:nvmxdIzc V:69  H:129
C06321 $EE $AE $93     INC $93AE [7E93AE] = $0030      A:40C0 X:0030 Y:0030 S:033F D:0000 DB:7E P:nvmxdIzc V:69  H:149
C06324 $EE $AE $93     INC $93AE [7E93AE] = $0031      A:40C0 X:0030 Y:0030 S:033F D:0000 DB:7E P:nvmxdIzc V:69  H:163
C06327 $E8             INX                             A:40C0 X:0030 Y:0030 S:033F D:0000 DB:7E P:nvmxdIzc V:69  H:177
C06328 $E8             INX                             A:40C0 X:0031 Y:0030 S:033F D:0000 DB:7E P:nvmxdIzc V:69  H:180
C06329 $E6 $2A         INC $2A [00002A] = $0018        A:40C0 X:0032 Y:0030 S:033F D:0000 DB:7E P:nvmxdIzc V:69  H:183
C0632B $CE $7A $96     DEC $967A [7E967A] = $005D      A:40C0 X:0032 Y:0030 S:033F D:0000 DB:7E P:nvmxdIzc V:69  H:195
C0632E $D0 $A9         BNE $C062D9                     A:40C0 X:0032 Y:0030 S:033F D:0000 DB:7E P:nvmxdIzc V:69  H:209
C062D9 $A5 $2A         LDA $2A [00002A] = $0019        A:40C0 X:0032 Y:0030 S:033F D:0000 DB:7E P:nvmxdIzc V:69  H:214
C062DB $CF $4E $B7 $7F CMP $7FB74E                     A:0019 X:0032 Y:0030 S:033F D:0000 DB:7E P:nvmxdIzc V:69  H:221
C062DF $B0 $08         BCS $C062E9                     A:0019 X:0032 Y:0030 S:033F D:0000 DB:7E P:NvmxdIzc V:69  H:231
C062E1 $AC $AE $93     LDY $93AE [7E93AE] = $0032      A:0019 X:0032 Y:0030 S:033F D:0000 DB:7E P:NvmxdIzc V:69  H:234
C062E4 $C0 $00 $02     CPY #$0200                      A:0019 X:0032 Y:0032 S:033F D:0000 DB:7E P:nvmxdIzc V:69  H:242
C062E7 $90 $06         BCC $C062EF                     A:0019 X:0032 Y:0032 S:033F D:0000 DB:7E P:NvmxdIzc V:69  H:247
C062EF $AC $AE $93     LDY $93AE [7E93AE] = $0032      A:0019 X:0032 Y:0032 S:033F D:0000 DB:7E P:NvmxdIzc V:69  H:251
C062F2 $BF $EA $AE $7F LDA $7FAEEA,X [7FAF1C] = $007A  A:0019 X:0032 Y:0032 S:033F D:0000 DB:7E P:nvmxdIzc V:69  H:260
C062F6 $0A             ASL                             A:007A X:0032 Y:0032 S:033F D:0000 DB:7E P:nvmxdIzc V:69  H:270
C062F7 $26 $2E         ROL $2E [00002E] = $0000        A:00F4 X:0032 Y:0032 S:033F D:0000 DB:7E P:nvmxdIzc V:69  H:273
C062F9 $0A             ASL                             A:00F4 X:0032 Y:0032 S:033F D:0000 DB:7E P:nvmxdIZc V:69  H:301
C062FA $26 $2E         ROL $2E [00002E] = $0000        A:01E8 X:0032 Y:0032 S:033F D:0000 DB:7E P:nvmxdIzc V:69  H:304
C062FC $0A             ASL                             A:01E8 X:0032 Y:0032 S:033F D:0000 DB:7E P:nvmxdIZc V:69  H:317
C062FD $26 $2E         ROL $2E [00002E] = $0000        A:03D0 X:0032 Y:0032 S:033F D:0000 DB:7E P:nvmxdIzc V:69  H:320
C062FF $0A             ASL                             A:03D0 X:0032 Y:0032 S:033F D:0000 DB:7E P:nvmxdIZc V:69  H:331
C06300 $26 $2E         ROL $2E [00002E] = $0000        A:07A0 X:0032 Y:0032 S:033F D:0000 DB:7E P:nvmxdIzc V:69  H:334
C06302 $18             CLC                             A:07A0 X:0032 Y:0032 S:033F D:0000 DB:7E P:nvmxdIZc V:70  H:7  
C06303 $69 $A0 $8E     ADC #$8EA0                      A:07A0 X:0032 Y:0032 S:033F D:0000 DB:7E P:nvmxdIZc V:70  H:10 
C06306 $99 $AE $8B     STA $8BAE,Y [7E8BE0] = $FB20    A:9640 X:0032 Y:0032 S:033F D:0000 DB:7E P:NvmxdIzc V:70  H:14 
C06309 $A5 $2E         LDA $2E [00002E] = $0000        A:9640 X:0032 Y:0032 S:033F D:0000 DB:7E P:NvmxdIzc V:70  H:24 
C0630B $69 $E3 $00     ADC #$00E3                      A:0000 X:0032 Y:0032 S:033F D:0000 DB:7E P:nvmxdIZc V:70  H:31 
C0630E $99 $AE $8D     STA $8DAE,Y [7E8DE0] = $00D0    A:00E3 X:0032 Y:0032 S:033F D:0000 DB:7E P:nvmxdIzc V:70  H:36 
C06311 $A9 $10 $00     LDA #$0010                      A:00E3 X:0032 Y:0032 S:033F D:0000 DB:7E P:nvmxdIzc V:70  H:46 
C06314 $99 $AE $91     STA $91AE,Y [7E91E0] = $0020    A:0010 X:0032 Y:0032 S:033F D:0000 DB:7E P:nvmxdIzc V:70  H:50 
C06317 $8A             TXA                             A:0010 X:0032 Y:0032 S:033F D:0000 DB:7E P:nvmxdIzc V:70  H:60 
C06318 $0A             ASL                             A:0032 X:0032 Y:0032 S:033F D:0000 DB:7E P:nvmxdIzc V:70  H:63 
C06319 $0A             ASL                             A:0064 X:0032 Y:0032 S:033F D:0000 DB:7E P:nvmxdIzc V:70  H:66 
C0631A $18             CLC                             A:00C8 X:0032 Y:0032 S:033F D:0000 DB:7E P:nvmxdIzc V:70  H:69 
C0631B $6D $DF $99     ADC $99DF [7E99DF] = $4000      A:00C8 X:0032 Y:0032 S:033F D:0000 DB:7E P:nvmxdIzc V:70  H:72 
C0631E $99 $AE $8F     STA $8FAE,Y [7E8FE0] = $0E90    A:40C8 X:0032 Y:0032 S:033F D:0000 DB:7E P:nvmxdIzc V:70  H:81 
C06321 $EE $AE $93     INC $93AE [7E93AE] = $0032      A:40C8 X:0032 Y:0032 S:033F D:0000 DB:7E P:nvmxdIzc V:70  H:91 
C06324 $EE $AE $93     INC $93AE [7E93AE] = $0033      A:40C8 X:0032 Y:0032 S:033F D:0000 DB:7E P:nvmxdIzc V:70  H:105
C06327 $E8             INX                             A:40C8 X:0032 Y:0032 S:033F D:0000 DB:7E P:nvmxdIzc V:70  H:119
C06328 $E8             INX                             A:40C8 X:0033 Y:0032 S:033F D:0000 DB:7E P:nvmxdIzc V:70  H:122
C06329 $E6 $2A         INC $2A [00002A] = $0019        A:40C8 X:0034 Y:0032 S:033F D:0000 DB:7E P:nvmxdIzc V:70  H:125
C0632B $CE $7A $96     DEC $967A [7E967A] = $005C      A:40C8 X:0034 Y:0032 S:033F D:0000 DB:7E P:nvmxdIzc V:70  H:147
C0632E $D0 $A9         BNE $C062D9                     A:40C8 X:0034 Y:0032 S:033F D:0000 DB:7E P:nvmxdIzc V:70  H:161
C062D9 $A5 $2A         LDA $2A [00002A] = $001A        A:40C8 X:0034 Y:0032 S:033F D:0000 DB:7E P:nvmxdIzc V:70  H:166
C062DB $CF $4E $B7 $7F CMP $7FB74E                     A:001A X:0034 Y:0032 S:033F D:0000 DB:7E P:nvmxdIzc V:70  H:173
C062DF $B0 $08         BCS $C062E9                     A:001A X:0034 Y:0032 S:033F D:0000 DB:7E P:NvmxdIzc V:70  H:183
C062E1 $AC $AE $93     LDY $93AE [7E93AE] = $0034      A:001A X:0034 Y:0032 S:033F D:0000 DB:7E P:NvmxdIzc V:70  H:186
C062E4 $C0 $00 $02     CPY #$0200                      A:001A X:0034 Y:0034 S:033F D:0000 DB:7E P:nvmxdIzc V:70  H:194
C062E7 $90 $06         BCC $C062EF                     A:001A X:0034 Y:0034 S:033F D:0000 DB:7E P:NvmxdIzc V:70  H:199
C062EF $AC $AE $93     LDY $93AE [7E93AE] = $0034      A:001A X:0034 Y:0034 S:033F D:0000 DB:7E P:NvmxdIzc V:70  H:203
C062F2 $BF $EA $AE $7F LDA $7FAEEA,X [7FAF1E] = $007B  A:001A X:0034 Y:0034 S:033F D:0000 DB:7E P:nvmxdIzc V:70  H:212
C062F6 $0A             ASL                             A:007B X:0034 Y:0034 S:033F D:0000 DB:7E P:nvmxdIzc V:70  H:222
C062F7 $26 $2E         ROL $2E [00002E] = $0000        A:00F6 X:0034 Y:0034 S:033F D:0000 DB:7E P:nvmxdIzc V:70  H:225
C062F9 $0A             ASL                             A:00F6 X:0034 Y:0034 S:033F D:0000 DB:7E P:nvmxdIZc V:70  H:237
C062FA $26 $2E         ROL $2E [00002E] = $0000        A:01EC X:0034 Y:0034 S:033F D:0000 DB:7E P:nvmxdIzc V:70  H:240
C062FC $0A             ASL                             A:01EC X:0034 Y:0034 S:033F D:0000 DB:7E P:nvmxdIZc V:70  H:253
C062FD $26 $2E         ROL $2E [00002E] = $0000        A:03D8 X:0034 Y:0034 S:033F D:0000 DB:7E P:nvmxdIzc V:70  H:256
C062FF $0A             ASL                             A:03D8 X:0034 Y:0034 S:033F D:0000 DB:7E P:nvmxdIZc V:70  H:268
C06300 $26 $2E         ROL $2E [00002E] = $0000        A:07B0 X:0034 Y:0034 S:033F D:0000 DB:7E P:nvmxdIzc V:70  H:271
C06302 $18             CLC                             A:07B0 X:0034 Y:0034 S:033F D:0000 DB:7E P:nvmxdIZc V:70  H:300
C06303 $69 $A0 $8E     ADC #$8EA0                      A:07B0 X:0034 Y:0034 S:033F D:0000 DB:7E P:nvmxdIZc V:70  H:303
C06306 $99 $AE $8B     STA $8BAE,Y [7E8BE2] = $FB40    A:9650 X:0034 Y:0034 S:033F D:0000 DB:7E P:NvmxdIzc V:70  H:307
C06309 $A5 $2E         LDA $2E [00002E] = $0000        A:9650 X:0034 Y:0034 S:033F D:0000 DB:7E P:NvmxdIzc V:70  H:317
C0630B $69 $E3 $00     ADC #$00E3                      A:0000 X:0034 Y:0034 S:033F D:0000 DB:7E P:nvmxdIZc V:70  H:324
C0630E $99 $AE $8D     STA $8DAE,Y [7E8DE2] = $00D0    A:00E3 X:0034 Y:0034 S:033F D:0000 DB:7E P:nvmxdIzc V:70  H:328
C06311 $A9 $10 $00     LDA #$0010                      A:00E3 X:0034 Y:0034 S:033F D:0000 DB:7E P:nvmxdIzc V:70  H:338
C06314 $99 $AE $91     STA $91AE,Y [7E91E2] = $0020    A:0010 X:0034 Y:0034 S:033F D:0000 DB:7E P:nvmxdIzc V:71  H:2  
C06317 $8A             TXA                             A:0010 X:0034 Y:0034 S:033F D:0000 DB:7E P:nvmxdIzc V:71  H:12 
C06318 $0A             ASL                             A:0034 X:0034 Y:0034 S:033F D:0000 DB:7E P:nvmxdIzc V:71  H:15 
C06319 $0A             ASL                             A:0068 X:0034 Y:0034 S:033F D:0000 DB:7E P:nvmxdIzc V:71  H:18 
C0631A $18             CLC                             A:00D0 X:0034 Y:0034 S:033F D:0000 DB:7E P:nvmxdIzc V:71  H:21 
C0631B $6D $DF $99     ADC $99DF [7E99DF] = $4000      A:00D0 X:0034 Y:0034 S:033F D:0000 DB:7E P:nvmxdIzc V:71  H:24 
C0631E $99 $AE $8F     STA $8FAE,Y [7E8FE2] = $0EA0    A:40D0 X:0034 Y:0034 S:033F D:0000 DB:7E P:nvmxdIzc V:71  H:33 
C06321 $EE $AE $93     INC $93AE [7E93AE] = $0034      A:40D0 X:0034 Y:0034 S:033F D:0000 DB:7E P:nvmxdIzc V:71  H:43 
C06324 $EE $AE $93     INC $93AE [7E93AE] = $0035      A:40D0 X:0034 Y:0034 S:033F D:0000 DB:7E P:nvmxdIzc V:71  H:57 
C06327 $E8             INX                             A:40D0 X:0034 Y:0034 S:033F D:0000 DB:7E P:nvmxdIzc V:71  H:71 
C06328 $E8             INX                             A:40D0 X:0035 Y:0034 S:033F D:0000 DB:7E P:nvmxdIzc V:71  H:74 
C06329 $E6 $2A         INC $2A [00002A] = $001A        A:40D0 X:0036 Y:0034 S:033F D:0000 DB:7E P:nvmxdIzc V:71  H:77 
C0632B $CE $7A $96     DEC $967A [7E967A] = $005B      A:40D0 X:0036 Y:0034 S:033F D:0000 DB:7E P:nvmxdIzc V:71  H:89 
C0632E $D0 $A9         BNE $C062D9                     A:40D0 X:0036 Y:0034 S:033F D:0000 DB:7E P:nvmxdIzc V:71  H:103
C062D9 $A5 $2A         LDA $2A [00002A] = $001B        A:40D0 X:0036 Y:0034 S:033F D:0000 DB:7E P:nvmxdIzc V:71  H:108
C062DB $CF $4E $B7 $7F CMP $7FB74E                     A:001B X:0036 Y:0034 S:033F D:0000 DB:7E P:nvmxdIzc V:71  H:115
C062DF $B0 $08         BCS $C062E9                     A:001B X:0036 Y:0034 S:033F D:0000 DB:7E P:NvmxdIzc V:71  H:125
C062E1 $AC $AE $93     LDY $93AE [7E93AE] = $0036      A:001B X:0036 Y:0034 S:033F D:0000 DB:7E P:NvmxdIzc V:71  H:128
C062E4 $C0 $00 $02     CPY #$0200                      A:001B X:0036 Y:0036 S:033F D:0000 DB:7E P:nvmxdIzc V:71  H:146
C062E7 $90 $06         BCC $C062EF                     A:001B X:0036 Y:0036 S:033F D:0000 DB:7E P:NvmxdIzc V:71  H:151
C062EF $AC $AE $93     LDY $93AE [7E93AE] = $0036      A:001B X:0036 Y:0036 S:033F D:0000 DB:7E P:NvmxdIzc V:71  H:155
C062F2 $BF $EA $AE $7F LDA $7FAEEA,X [7FAF20] = $007C  A:001B X:0036 Y:0036 S:033F D:0000 DB:7E P:nvmxdIzc V:71  H:164
C062F6 $0A             ASL                             A:007C X:0036 Y:0036 S:033F D:0000 DB:7E P:nvmxdIzc V:71  H:174
C062F7 $26 $2E         ROL $2E [00002E] = $0000        A:00F8 X:0036 Y:0036 S:033F D:0000 DB:7E P:nvmxdIzc V:71  H:177
C062F9 $0A             ASL                             A:00F8 X:0036 Y:0036 S:033F D:0000 DB:7E P:nvmxdIZc V:71  H:189
C062FA $26 $2E         ROL $2E [00002E] = $0000        A:01F0 X:0036 Y:0036 S:033F D:0000 DB:7E P:nvmxdIzc V:71  H:192
C062FC $0A             ASL                             A:01F0 X:0036 Y:0036 S:033F D:0000 DB:7E P:nvmxdIZc V:71  H:205
C062FD $26 $2E         ROL $2E [00002E] = $0000        A:03E0 X:0036 Y:0036 S:033F D:0000 DB:7E P:nvmxdIzc V:71  H:208
C062FF $0A             ASL                             A:03E0 X:0036 Y:0036 S:033F D:0000 DB:7E P:nvmxdIZc V:71  H:220
C06300 $26 $2E         ROL $2E [00002E] = $0000        A:07C0 X:0036 Y:0036 S:033F D:0000 DB:7E P:nvmxdIzc V:71  H:223
C06302 $18             CLC                             A:07C0 X:0036 Y:0036 S:033F D:0000 DB:7E P:nvmxdIZc V:71  H:236
C06303 $69 $A0 $8E     ADC #$8EA0                      A:07C0 X:0036 Y:0036 S:033F D:0000 DB:7E P:nvmxdIZc V:71  H:239
C06306 $99 $AE $8B     STA $8BAE,Y [7E8BE4] = $FB60    A:9660 X:0036 Y:0036 S:033F D:0000 DB:7E P:NvmxdIzc V:71  H:243
C06309 $A5 $2E         LDA $2E [00002E] = $0000        A:9660 X:0036 Y:0036 S:033F D:0000 DB:7E P:NvmxdIzc V:71  H:253
C0630B $69 $E3 $00     ADC #$00E3                      A:0000 X:0036 Y:0036 S:033F D:0000 DB:7E P:nvmxdIZc V:71  H:260
C0630E $99 $AE $8D     STA $8DAE,Y [7E8DE4] = $00D0    A:00E3 X:0036 Y:0036 S:033F D:0000 DB:7E P:nvmxdIzc V:71  H:265
C06311 $A9 $10 $00     LDA #$0010                      A:00E3 X:0036 Y:0036 S:033F D:0000 DB:7E P:nvmxdIzc V:71  H:275
C06314 $99 $AE $91     STA $91AE,Y [7E91E4] = $0020    A:0010 X:0036 Y:0036 S:033F D:0000 DB:7E P:nvmxdIzc V:71  H:320
C06317 $8A             TXA                             A:0010 X:0036 Y:0036 S:033F D:0000 DB:7E P:nvmxdIzc V:71  H:329
C06318 $0A             ASL                             A:0036 X:0036 Y:0036 S:033F D:0000 DB:7E P:nvmxdIzc V:71  H:332
C06319 $0A             ASL                             A:006C X:0036 Y:0036 S:033F D:0000 DB:7E P:nvmxdIzc V:71  H:335
C0631A $18             CLC                             A:00D8 X:0036 Y:0036 S:033F D:0000 DB:7E P:nvmxdIzc V:71  H:338
C0631B $6D $DF $99     ADC $99DF [7E99DF] = $4000      A:00D8 X:0036 Y:0036 S:033F D:0000 DB:7E P:nvmxdIzc V:72  H:1  
C0631E $99 $AE $8F     STA $8FAE,Y [7E8FE4] = $0EB0    A:40D8 X:0036 Y:0036 S:033F D:0000 DB:7E P:nvmxdIzc V:72  H:9  
C06321 $EE $AE $93     INC $93AE [7E93AE] = $0036      A:40D8 X:0036 Y:0036 S:033F D:0000 DB:7E P:nvmxdIzc V:72  H:19 
C06324 $EE $AE $93     INC $93AE [7E93AE] = $0037      A:40D8 X:0036 Y:0036 S:033F D:0000 DB:7E P:nvmxdIzc V:72  H:33 
C06327 $E8             INX                             A:40D8 X:0036 Y:0036 S:033F D:0000 DB:7E P:nvmxdIzc V:72  H:47 
C06328 $E8             INX                             A:40D8 X:0037 Y:0036 S:033F D:0000 DB:7E P:nvmxdIzc V:72  H:50 
C06329 $E6 $2A         INC $2A [00002A] = $001B        A:40D8 X:0038 Y:0036 S:033F D:0000 DB:7E P:nvmxdIzc V:72  H:53 
C0632B $CE $7A $96     DEC $967A [7E967A] = $005A      A:40D8 X:0038 Y:0036 S:033F D:0000 DB:7E P:nvmxdIzc V:72  H:66 
C0632E $D0 $A9         BNE $C062D9                     A:40D8 X:0038 Y:0036 S:033F D:0000 DB:7E P:nvmxdIzc V:72  H:80 
C062D9 $A5 $2A         LDA $2A [00002A] = $001C        A:40D8 X:0038 Y:0036 S:033F D:0000 DB:7E P:nvmxdIzc V:72  H:84 
C062DB $CF $4E $B7 $7F CMP $7FB74E                     A:001C X:0038 Y:0036 S:033F D:0000 DB:7E P:nvmxdIzc V:72  H:91 
C062DF $B0 $08         BCS $C062E9                     A:001C X:0038 Y:0036 S:033F D:0000 DB:7E P:NvmxdIzc V:72  H:101
C062E1 $AC $AE $93     LDY $93AE [7E93AE] = $0038      A:001C X:0038 Y:0036 S:033F D:0000 DB:7E P:NvmxdIzc V:72  H:104
C062E4 $C0 $00 $02     CPY #$0200                      A:001C X:0038 Y:0038 S:033F D:0000 DB:7E P:nvmxdIzc V:72  H:113
C062E7 $90 $06         BCC $C062EF                     A:001C X:0038 Y:0038 S:033F D:0000 DB:7E P:NvmxdIzc V:72  H:117
C062EF $AC $AE $93     LDY $93AE [7E93AE] = $0038      A:001C X:0038 Y:0038 S:033F D:0000 DB:7E P:NvmxdIzc V:72  H:122
C062F2 $BF $EA $AE $7F LDA $7FAEEA,X [7FAF22] = $007D  A:001C X:0038 Y:0038 S:033F D:0000 DB:7E P:nvmxdIzc V:72  H:130
C062F6 $0A             ASL                             A:007D X:0038 Y:0038 S:033F D:0000 DB:7E P:nvmxdIzc V:72  H:150
C062F7 $26 $2E         ROL $2E [00002E] = $0000        A:00FA X:0038 Y:0038 S:033F D:0000 DB:7E P:nvmxdIzc V:72  H:153
C062F9 $0A             ASL                             A:00FA X:0038 Y:0038 S:033F D:0000 DB:7E P:nvmxdIZc V:72  H:166
C062FA $26 $2E         ROL $2E [00002E] = $0000        A:01F4 X:0038 Y:0038 S:033F D:0000 DB:7E P:nvmxdIzc V:72  H:169
C062FC $0A             ASL                             A:01F4 X:0038 Y:0038 S:033F D:0000 DB:7E P:nvmxdIZc V:72  H:181
C062FD $26 $2E         ROL $2E [00002E] = $0000        A:03E8 X:0038 Y:0038 S:033F D:0000 DB:7E P:nvmxdIzc V:72  H:184
C062FF $0A             ASL                             A:03E8 X:0038 Y:0038 S:033F D:0000 DB:7E P:nvmxdIZc V:72  H:197
C06300 $26 $2E         ROL $2E [00002E] = $0000        A:07D0 X:0038 Y:0038 S:033F D:0000 DB:7E P:nvmxdIzc V:72  H:200
C06302 $18             CLC                             A:07D0 X:0038 Y:0038 S:033F D:0000 DB:7E P:nvmxdIZc V:72  H:212
C06303 $69 $A0 $8E     ADC #$8EA0                      A:07D0 X:0038 Y:0038 S:033F D:0000 DB:7E P:nvmxdIZc V:72  H:215
C06306 $99 $AE $8B     STA $8BAE,Y [7E8BE6] = $FB80    A:9670 X:0038 Y:0038 S:033F D:0000 DB:7E P:NvmxdIzc V:72  H:220
C06309 $A5 $2E         LDA $2E [00002E] = $0000        A:9670 X:0038 Y:0038 S:033F D:0000 DB:7E P:NvmxdIzc V:72  H:230
C0630B $69 $E3 $00     ADC #$00E3                      A:0000 X:0038 Y:0038 S:033F D:0000 DB:7E P:nvmxdIZc V:72  H:237
C0630E $99 $AE $8D     STA $8DAE,Y [7E8DE6] = $00D0    A:00E3 X:0038 Y:0038 S:033F D:0000 DB:7E P:nvmxdIzc V:72  H:241
C06311 $A9 $10 $00     LDA #$0010                      A:00E3 X:0038 Y:0038 S:033F D:0000 DB:7E P:nvmxdIzc V:72  H:251
C06314 $99 $AE $91     STA $91AE,Y [7E91E6] = $0020    A:0010 X:0038 Y:0038 S:033F D:0000 DB:7E P:nvmxdIzc V:72  H:256
C06317 $8A             TXA                             A:0010 X:0038 Y:0038 S:033F D:0000 DB:7E P:nvmxdIzc V:72  H:266
C06318 $0A             ASL                             A:0038 X:0038 Y:0038 S:033F D:0000 DB:7E P:nvmxdIzc V:72  H:269
C06319 $0A             ASL                             A:0070 X:0038 Y:0038 S:033F D:0000 DB:7E P:nvmxdIzc V:72  H:272
C0631A $18             CLC                             A:00E0 X:0038 Y:0038 S:033F D:0000 DB:7E P:nvmxdIzc V:72  H:275
C0631B $6D $DF $99     ADC $99DF [7E99DF] = $4000      A:00E0 X:0038 Y:0038 S:033F D:0000 DB:7E P:nvmxdIzc V:72  H:320
C0631E $99 $AE $8F     STA $8FAE,Y [7E8FE6] = $0EC0    A:40E0 X:0038 Y:0038 S:033F D:0000 DB:7E P:nvmxdIzc V:72  H:327
C06321 $EE $AE $93     INC $93AE [7E93AE] = $0038      A:40E0 X:0038 Y:0038 S:033F D:0000 DB:7E P:nvmxdIzc V:72  H:337
C06324 $EE $AE $93     INC $93AE [7E93AE] = $0039      A:40E0 X:0038 Y:0038 S:033F D:0000 DB:7E P:nvmxdIzc V:73  H:11 
C06327 $E8             INX                             A:40E0 X:0038 Y:0038 S:033F D:0000 DB:7E P:nvmxdIzc V:73  H:25 
C06328 $E8             INX                             A:40E0 X:0039 Y:0038 S:033F D:0000 DB:7E P:nvmxdIzc V:73  H:28 
C06329 $E6 $2A         INC $2A [00002A] = $001C        A:40E0 X:003A Y:0038 S:033F D:0000 DB:7E P:nvmxdIzc V:73  H:31 
C0632B $CE $7A $96     DEC $967A [7E967A] = $0059      A:40E0 X:003A Y:0038 S:033F D:0000 DB:7E P:nvmxdIzc V:73  H:44 
C0632E $D0 $A9         BNE $C062D9                     A:40E0 X:003A Y:0038 S:033F D:0000 DB:7E P:nvmxdIzc V:73  H:58 
C062D9 $A5 $2A         LDA $2A [00002A] = $001D        A:40E0 X:003A Y:0038 S:033F D:0000 DB:7E P:nvmxdIzc V:73  H:62 
C062DB $CF $4E $B7 $7F CMP $7FB74E                     A:001D X:003A Y:0038 S:033F D:0000 DB:7E P:nvmxdIzc V:73  H:69 
C062DF $B0 $08         BCS $C062E9                     A:001D X:003A Y:0038 S:033F D:0000 DB:7E P:NvmxdIzc V:73  H:79 
C062E1 $AC $AE $93     LDY $93AE [7E93AE] = $003A      A:001D X:003A Y:0038 S:033F D:0000 DB:7E P:NvmxdIzc V:73  H:82 
C062E4 $C0 $00 $02     CPY #$0200                      A:001D X:003A Y:003A S:033F D:0000 DB:7E P:nvmxdIzc V:73  H:91 
C062E7 $90 $06         BCC $C062EF                     A:001D X:003A Y:003A S:033F D:0000 DB:7E P:NvmxdIzc V:73  H:95 
C062EF $AC $AE $93     LDY $93AE [7E93AE] = $003A      A:001D X:003A Y:003A S:033F D:0000 DB:7E P:NvmxdIzc V:73  H:100
C062F2 $BF $EA $AE $7F LDA $7FAEEA,X [7FAF24] = $007E  A:001D X:003A Y:003A S:033F D:0000 DB:7E P:nvmxdIzc V:73  H:108
C062F6 $0A             ASL                             A:007E X:003A Y:003A S:033F D:0000 DB:7E P:nvmxdIzc V:73  H:118
C062F7 $26 $2E         ROL $2E [00002E] = $0000        A:00FC X:003A Y:003A S:033F D:0000 DB:7E P:nvmxdIzc V:73  H:121
C062F9 $0A             ASL                             A:00FC X:003A Y:003A S:033F D:0000 DB:7E P:nvmxdIZc V:73  H:134
C062FA $26 $2E         ROL $2E [00002E] = $0000        A:01F8 X:003A Y:003A S:033F D:0000 DB:7E P:nvmxdIzc V:73  H:147
C062FC $0A             ASL                             A:01F8 X:003A Y:003A S:033F D:0000 DB:7E P:nvmxdIZc V:73  H:159
C062FD $26 $2E         ROL $2E [00002E] = $0000        A:03F0 X:003A Y:003A S:033F D:0000 DB:7E P:nvmxdIzc V:73  H:162
C062FF $0A             ASL                             A:03F0 X:003A Y:003A S:033F D:0000 DB:7E P:nvmxdIZc V:73  H:175
C06300 $26 $2E         ROL $2E [00002E] = $0000        A:07E0 X:003A Y:003A S:033F D:0000 DB:7E P:nvmxdIzc V:73  H:178
C06302 $18             CLC                             A:07E0 X:003A Y:003A S:033F D:0000 DB:7E P:nvmxdIZc V:73  H:190
C06303 $69 $A0 $8E     ADC #$8EA0                      A:07E0 X:003A Y:003A S:033F D:0000 DB:7E P:nvmxdIZc V:73  H:193
C06306 $99 $AE $8B     STA $8BAE,Y [7E8BE8] = $FBA0    A:9680 X:003A Y:003A S:033F D:0000 DB:7E P:NvmxdIzc V:73  H:198
C06309 $A5 $2E         LDA $2E [00002E] = $0000        A:9680 X:003A Y:003A S:033F D:0000 DB:7E P:NvmxdIzc V:73  H:208
C0630B $69 $E3 $00     ADC #$00E3                      A:0000 X:003A Y:003A S:033F D:0000 DB:7E P:nvmxdIZc V:73  H:215
C0630E $99 $AE $8D     STA $8DAE,Y [7E8DE8] = $00D0    A:00E3 X:003A Y:003A S:033F D:0000 DB:7E P:nvmxdIzc V:73  H:219
C06311 $A9 $10 $00     LDA #$0010                      A:00E3 X:003A Y:003A S:033F D:0000 DB:7E P:nvmxdIzc V:73  H:229
C06314 $99 $AE $91     STA $91AE,Y [7E91E8] = $0020    A:0010 X:003A Y:003A S:033F D:0000 DB:7E P:nvmxdIzc V:73  H:234
C06317 $8A             TXA                             A:0010 X:003A Y:003A S:033F D:0000 DB:7E P:nvmxdIzc V:73  H:244
C06318 $0A             ASL                             A:003A X:003A Y:003A S:033F D:0000 DB:7E P:nvmxdIzc V:73  H:247
C06319 $0A             ASL                             A:0074 X:003A Y:003A S:033F D:0000 DB:7E P:nvmxdIzc V:73  H:250
C0631A $18             CLC                             A:00E8 X:003A Y:003A S:033F D:0000 DB:7E P:nvmxdIzc V:73  H:253
C0631B $6D $DF $99     ADC $99DF [7E99DF] = $4000      A:00E8 X:003A Y:003A S:033F D:0000 DB:7E P:nvmxdIzc V:73  H:256
C0631E $99 $AE $8F     STA $8FAE,Y [7E8FE8] = $0ED0    A:40E8 X:003A Y:003A S:033F D:0000 DB:7E P:nvmxdIzc V:73  H:264
C06321 $EE $AE $93     INC $93AE [7E93AE] = $003A      A:40E8 X:003A Y:003A S:033F D:0000 DB:7E P:nvmxdIzc V:73  H:274
C06324 $EE $AE $93     INC $93AE [7E93AE] = $003B      A:40E8 X:003A Y:003A S:033F D:0000 DB:7E P:nvmxdIzc V:73  H:305
C06327 $E8             INX                             A:40E8 X:003A Y:003A S:033F D:0000 DB:7E P:nvmxdIzc V:73  H:319
C06328 $E8             INX                             A:40E8 X:003B Y:003A S:033F D:0000 DB:7E P:nvmxdIzc V:73  H:322
C06329 $E6 $2A         INC $2A [00002A] = $001D        A:40E8 X:003C Y:003A S:033F D:0000 DB:7E P:nvmxdIzc V:73  H:324
C0632B $CE $7A $96     DEC $967A [7E967A] = $0058      A:40E8 X:003C Y:003A S:033F D:0000 DB:7E P:nvmxdIzc V:73  H:336
C0632E $D0 $A9         BNE $C062D9                     A:40E8 X:003C Y:003A S:033F D:0000 DB:7E P:nvmxdIzc V:74  H:10 
C062D9 $A5 $2A         LDA $2A [00002A] = $001E        A:40E8 X:003C Y:003A S:033F D:0000 DB:7E P:nvmxdIzc V:74  H:15 
C062DB $CF $4E $B7 $7F CMP $7FB74E                     A:001E X:003C Y:003A S:033F D:0000 DB:7E P:nvmxdIzc V:74  H:22 
C062DF $B0 $08         BCS $C062E9                     A:001E X:003C Y:003A S:033F D:0000 DB:7E P:NvmxdIzc V:74  H:32 
C062E1 $AC $AE $93     LDY $93AE [7E93AE] = $003C      A:001E X:003C Y:003A S:033F D:0000 DB:7E P:NvmxdIzc V:74  H:35 
C062E4 $C0 $00 $02     CPY #$0200                      A:001E X:003C Y:003C S:033F D:0000 DB:7E P:nvmxdIzc V:74  H:43 
C062E7 $90 $06         BCC $C062EF                     A:001E X:003C Y:003C S:033F D:0000 DB:7E P:NvmxdIzc V:74  H:48 
C062EF $AC $AE $93     LDY $93AE [7E93AE] = $003C      A:001E X:003C Y:003C S:033F D:0000 DB:7E P:NvmxdIzc V:74  H:52 
C062F2 $BF $EA $AE $7F LDA $7FAEEA,X [7FAF26] = $007F  A:001E X:003C Y:003C S:033F D:0000 DB:7E P:nvmxdIzc V:74  H:61 
C062F6 $0A             ASL                             A:007F X:003C Y:003C S:033F D:0000 DB:7E P:nvmxdIzc V:74  H:71 
C062F7 $26 $2E         ROL $2E [00002E] = $0000        A:00FE X:003C Y:003C S:033F D:0000 DB:7E P:nvmxdIzc V:74  H:74 
C062F9 $0A             ASL                             A:00FE X:003C Y:003C S:033F D:0000 DB:7E P:nvmxdIZc V:74  H:86 
C062FA $26 $2E         ROL $2E [00002E] = $0000        A:01FC X:003C Y:003C S:033F D:0000 DB:7E P:nvmxdIzc V:74  H:89 
C062FC $0A             ASL                             A:01FC X:003C Y:003C S:033F D:0000 DB:7E P:nvmxdIZc V:74  H:102
C062FD $26 $2E         ROL $2E [00002E] = $0000        A:03F8 X:003C Y:003C S:033F D:0000 DB:7E P:nvmxdIzc V:74  H:105
C062FF $0A             ASL                             A:03F8 X:003C Y:003C S:033F D:0000 DB:7E P:nvmxdIZc V:74  H:117
C06300 $26 $2E         ROL $2E [00002E] = $0000        A:07F0 X:003C Y:003C S:033F D:0000 DB:7E P:nvmxdIzc V:74  H:120
C06302 $18             CLC                             A:07F0 X:003C Y:003C S:033F D:0000 DB:7E P:nvmxdIZc V:74  H:133
C06303 $69 $A0 $8E     ADC #$8EA0                      A:07F0 X:003C Y:003C S:033F D:0000 DB:7E P:nvmxdIZc V:74  H:146
C06306 $99 $AE $8B     STA $8BAE,Y [7E8BEA] = $FBC0    A:9690 X:003C Y:003C S:033F D:0000 DB:7E P:NvmxdIzc V:74  H:150
C06309 $A5 $2E         LDA $2E [00002E] = $0000        A:9690 X:003C Y:003C S:033F D:0000 DB:7E P:NvmxdIzc V:74  H:160
C0630B $69 $E3 $00     ADC #$00E3                      A:0000 X:003C Y:003C S:033F D:0000 DB:7E P:nvmxdIZc V:74  H:167
C0630E $99 $AE $8D     STA $8DAE,Y [7E8DEA] = $00D0    A:00E3 X:003C Y:003C S:033F D:0000 DB:7E P:nvmxdIzc V:74  H:172
C06311 $A9 $10 $00     LDA #$0010                      A:00E3 X:003C Y:003C S:033F D:0000 DB:7E P:nvmxdIzc V:74  H:182
C06314 $99 $AE $91     STA $91AE,Y [7E91EA] = $0020    A:0010 X:003C Y:003C S:033F D:0000 DB:7E P:nvmxdIzc V:74  H:186
C06317 $8A             TXA                             A:0010 X:003C Y:003C S:033F D:0000 DB:7E P:nvmxdIzc V:74  H:196
C06318 $0A             ASL                             A:003C X:003C Y:003C S:033F D:0000 DB:7E P:nvmxdIzc V:74  H:199
C06319 $0A             ASL                             A:0078 X:003C Y:003C S:033F D:0000 DB:7E P:nvmxdIzc V:74  H:202
C0631A $18             CLC                             A:00F0 X:003C Y:003C S:033F D:0000 DB:7E P:nvmxdIzc V:74  H:205
C0631B $6D $DF $99     ADC $99DF [7E99DF] = $4000      A:00F0 X:003C Y:003C S:033F D:0000 DB:7E P:nvmxdIzc V:74  H:208
C0631E $99 $AE $8F     STA $8FAE,Y [7E8FEA] = $0EE0    A:40F0 X:003C Y:003C S:033F D:0000 DB:7E P:nvmxdIzc V:74  H:217
C06321 $EE $AE $93     INC $93AE [7E93AE] = $003C      A:40F0 X:003C Y:003C S:033F D:0000 DB:7E P:nvmxdIzc V:74  H:227
C06324 $EE $AE $93     INC $93AE [7E93AE] = $003D      A:40F0 X:003C Y:003C S:033F D:0000 DB:7E P:nvmxdIzc V:74  H:241
C06327 $E8             INX                             A:40F0 X:003C Y:003C S:033F D:0000 DB:7E P:nvmxdIzc V:74  H:255
C06328 $E8             INX                             A:40F0 X:003D Y:003C S:033F D:0000 DB:7E P:nvmxdIzc V:74  H:258
C06329 $E6 $2A         INC $2A [00002A] = $001E        A:40F0 X:003E Y:003C S:033F D:0000 DB:7E P:nvmxdIzc V:74  H:261
C0632B $CE $7A $96     DEC $967A [7E967A] = $0057      A:40F0 X:003E Y:003C S:033F D:0000 DB:7E P:nvmxdIzc V:74  H:273
C0632E $D0 $A9         BNE $C062D9                     A:40F0 X:003E Y:003C S:033F D:0000 DB:7E P:nvmxdIzc V:74  H:304
C062D9 $A5 $2A         LDA $2A [00002A] = $001F        A:40F0 X:003E Y:003C S:033F D:0000 DB:7E P:nvmxdIzc V:74  H:308
C062DB $CF $4E $B7 $7F CMP $7FB74E                     A:001F X:003E Y:003C S:033F D:0000 DB:7E P:nvmxdIzc V:74  H:315
C062DF $B0 $08         BCS $C062E9                     A:001F X:003E Y:003C S:033F D:0000 DB:7E P:NvmxdIzc V:74  H:325
C062E1 $AC $AE $93     LDY $93AE [7E93AE] = $003E      A:001F X:003E Y:003C S:033F D:0000 DB:7E P:NvmxdIzc V:74  H:327
C062E4 $C0 $00 $02     CPY #$0200                      A:001F X:003E Y:003E S:033F D:0000 DB:7E P:nvmxdIzc V:74  H:336
C062E7 $90 $06         BCC $C062EF                     A:001F X:003E Y:003E S:033F D:0000 DB:7E P:NvmxdIzc V:75  H:0  
C062EF $AC $AE $93     LDY $93AE [7E93AE] = $003E      A:001F X:003E Y:003E S:033F D:0000 DB:7E P:NvmxdIzc V:75  H:5  
C062F2 $BF $EA $AE $7F LDA $7FAEEA,X [7FAF28] = $0080  A:001F X:003E Y:003E S:033F D:0000 DB:7E P:nvmxdIzc V:75  H:13 
C062F6 $0A             ASL                             A:0080 X:003E Y:003E S:033F D:0000 DB:7E P:nvmxdIzc V:75  H:23 
C062F7 $26 $2E         ROL $2E [00002E] = $0000        A:0100 X:003E Y:003E S:033F D:0000 DB:7E P:nvmxdIzc V:75  H:26 
C062F9 $0A             ASL                             A:0100 X:003E Y:003E S:033F D:0000 DB:7E P:nvmxdIZc V:75  H:39 
C062FA $26 $2E         ROL $2E [00002E] = $0000        A:0200 X:003E Y:003E S:033F D:0000 DB:7E P:nvmxdIzc V:75  H:42 
C062FC $0A             ASL                             A:0200 X:003E Y:003E S:033F D:0000 DB:7E P:nvmxdIZc V:75  H:54 
C062FD $26 $2E         ROL $2E [00002E] = $0000        A:0400 X:003E Y:003E S:033F D:0000 DB:7E P:nvmxdIzc V:75  H:57 
C062FF $0A             ASL                             A:0400 X:003E Y:003E S:033F D:0000 DB:7E P:nvmxdIZc V:75  H:70 
C06300 $26 $2E         ROL $2E [00002E] = $0000        A:0800 X:003E Y:003E S:033F D:0000 DB:7E P:nvmxdIzc V:75  H:73 
C06302 $18             CLC                             A:0800 X:003E Y:003E S:033F D:0000 DB:7E P:nvmxdIZc V:75  H:85 
C06303 $69 $A0 $8E     ADC #$8EA0                      A:0800 X:003E Y:003E S:033F D:0000 DB:7E P:nvmxdIZc V:75  H:88 
C06306 $99 $AE $8B     STA $8BAE,Y [7E8BEC] = $FBE0    A:96A0 X:003E Y:003E S:033F D:0000 DB:7E P:NvmxdIzc V:75  H:93 
C06309 $A5 $2E         LDA $2E [00002E] = $0000        A:96A0 X:003E Y:003E S:033F D:0000 DB:7E P:NvmxdIzc V:75  H:103
C0630B $69 $E3 $00     ADC #$00E3                      A:0000 X:003E Y:003E S:033F D:0000 DB:7E P:nvmxdIZc V:75  H:110
C0630E $99 $AE $8D     STA $8DAE,Y [7E8DEC] = $00D0    A:00E3 X:003E Y:003E S:033F D:0000 DB:7E P:nvmxdIzc V:75  H:114
C06311 $A9 $10 $00     LDA #$0010                      A:00E3 X:003E Y:003E S:033F D:0000 DB:7E P:nvmxdIzc V:75  H:124
C06314 $99 $AE $91     STA $91AE,Y [7E91EC] = $0020    A:0010 X:003E Y:003E S:033F D:0000 DB:7E P:nvmxdIzc V:75  H:129
C06317 $8A             TXA                             A:0010 X:003E Y:003E S:033F D:0000 DB:7E P:nvmxdIzc V:75  H:149
C06318 $0A             ASL                             A:003E X:003E Y:003E S:033F D:0000 DB:7E P:nvmxdIzc V:75  H:152
C06319 $0A             ASL                             A:007C X:003E Y:003E S:033F D:0000 DB:7E P:nvmxdIzc V:75  H:155
C0631A $18             CLC                             A:00F8 X:003E Y:003E S:033F D:0000 DB:7E P:nvmxdIzc V:75  H:158
C0631B $6D $DF $99     ADC $99DF [7E99DF] = $4000      A:00F8 X:003E Y:003E S:033F D:0000 DB:7E P:nvmxdIzc V:75  H:161
C0631E $99 $AE $8F     STA $8FAE,Y [7E8FEC] = $0EF0    A:40F8 X:003E Y:003E S:033F D:0000 DB:7E P:nvmxdIzc V:75  H:169
C06321 $EE $AE $93     INC $93AE [7E93AE] = $003E      A:40F8 X:003E Y:003E S:033F D:0000 DB:7E P:nvmxdIzc V:75  H:179
C06324 $EE $AE $93     INC $93AE [7E93AE] = $003F      A:40F8 X:003E Y:003E S:033F D:0000 DB:7E P:nvmxdIzc V:75  H:193
C06327 $E8             INX                             A:40F8 X:003E Y:003E S:033F D:0000 DB:7E P:nvmxdIzc V:75  H:207
C06328 $E8             INX                             A:40F8 X:003F Y:003E S:033F D:0000 DB:7E P:nvmxdIzc V:75  H:210
C06329 $E6 $2A         INC $2A [00002A] = $001F        A:40F8 X:0040 Y:003E S:033F D:0000 DB:7E P:nvmxdIzc V:75  H:213
C0632B $CE $7A $96     DEC $967A [7E967A] = $0056      A:40F8 X:0040 Y:003E S:033F D:0000 DB:7E P:nvmxdIzc V:75  H:226
C0632E $D0 $A9         BNE $C062D9                     A:40F8 X:0040 Y:003E S:033F D:0000 DB:7E P:nvmxdIzc V:75  H:240
C062D9 $A5 $2A         LDA $2A [00002A] = $0020        A:40F8 X:0040 Y:003E S:033F D:0000 DB:7E P:nvmxdIzc V:75  H:244
C062DB $CF $4E $B7 $7F CMP $7FB74E                     A:0020 X:0040 Y:003E S:033F D:0000 DB:7E P:nvmxdIzc V:75  H:251
C062DF $B0 $08         BCS $C062E9                     A:0020 X:0040 Y:003E S:033F D:0000 DB:7E P:NvmxdIzc V:75  H:261
C062E1 $AC $AE $93     LDY $93AE [7E93AE] = $0040      A:0020 X:0040 Y:003E S:033F D:0000 DB:7E P:NvmxdIzc V:75  H:264
C062E4 $C0 $00 $02     CPY #$0200                      A:0020 X:0040 Y:0040 S:033F D:0000 DB:7E P:nvmxdIzc V:75  H:273
C062E7 $90 $06         BCC $C062EF                     A:0020 X:0040 Y:0040 S:033F D:0000 DB:7E P:NvmxdIzc V:75  H:294
C062EF $AC $AE $93     LDY $93AE [7E93AE] = $0040      A:0020 X:0040 Y:0040 S:033F D:0000 DB:7E P:NvmxdIzc V:75  H:298
C062F2 $BF $EA $AE $7F LDA $7FAEEA,X [7FAF2A] = $0081  A:0020 X:0040 Y:0040 S:033F D:0000 DB:7E P:nvmxdIzc V:75  H:307
C062F6 $0A             ASL                             A:0081 X:0040 Y:0040 S:033F D:0000 DB:7E P:nvmxdIzc V:75  H:317
C062F7 $26 $2E         ROL $2E [00002E] = $0000        A:0102 X:0040 Y:0040 S:033F D:0000 DB:7E P:nvmxdIzc V:75  H:320
C062F9 $0A             ASL                             A:0102 X:0040 Y:0040 S:033F D:0000 DB:7E P:nvmxdIZc V:75  H:331
C062FA $26 $2E         ROL $2E [00002E] = $0000        A:0204 X:0040 Y:0040 S:033F D:0000 DB:7E P:nvmxdIzc V:75  H:334
C062FC $0A             ASL                             A:0204 X:0040 Y:0040 S:033F D:0000 DB:7E P:nvmxdIZc V:76  H:7  
C062FD $26 $2E         ROL $2E [00002E] = $0000        A:0408 X:0040 Y:0040 S:033F D:0000 DB:7E P:nvmxdIzc V:76  H:10 
C062FF $0A             ASL                             A:0408 X:0040 Y:0040 S:033F D:0000 DB:7E P:nvmxdIZc V:76  H:22 
C06300 $26 $2E         ROL $2E [00002E] = $0000        A:0810 X:0040 Y:0040 S:033F D:0000 DB:7E P:nvmxdIzc V:76  H:25 
C06302 $18             CLC                             A:0810 X:0040 Y:0040 S:033F D:0000 DB:7E P:nvmxdIZc V:76  H:38 
C06303 $69 $A0 $8E     ADC #$8EA0                      A:0810 X:0040 Y:0040 S:033F D:0000 DB:7E P:nvmxdIZc V:76  H:41 
C06306 $99 $AE $8B     STA $8BAE,Y [7E8BEE] = $FC00    A:96B0 X:0040 Y:0040 S:033F D:0000 DB:7E P:NvmxdIzc V:76  H:45 
C06309 $A5 $2E         LDA $2E [00002E] = $0000        A:96B0 X:0040 Y:0040 S:033F D:0000 DB:7E P:NvmxdIzc V:76  H:55 
C0630B $69 $E3 $00     ADC #$00E3                      A:0000 X:0040 Y:0040 S:033F D:0000 DB:7E P:nvmxdIZc V:76  H:62 
C0630E $99 $AE $8D     STA $8DAE,Y [7E8DEE] = $00D0    A:00E3 X:0040 Y:0040 S:033F D:0000 DB:7E P:nvmxdIzc V:76  H:67 
C06311 $A9 $10 $00     LDA #$0010                      A:00E3 X:0040 Y:0040 S:033F D:0000 DB:7E P:nvmxdIzc V:76  H:77 
C06314 $99 $AE $91     STA $91AE,Y [7E91EE] = $0020    A:0010 X:0040 Y:0040 S:033F D:0000 DB:7E P:nvmxdIzc V:76  H:81 
C06317 $8A             TXA                             A:0010 X:0040 Y:0040 S:033F D:0000 DB:7E P:nvmxdIzc V:76  H:91 
C06318 $0A             ASL                             A:0040 X:0040 Y:0040 S:033F D:0000 DB:7E P:nvmxdIzc V:76  H:94 
C06319 $0A             ASL                             A:0080 X:0040 Y:0040 S:033F D:0000 DB:7E P:nvmxdIzc V:76  H:97 
C0631A $18             CLC                             A:0100 X:0040 Y:0040 S:033F D:0000 DB:7E P:nvmxdIzc V:76  H:100
C0631B $6D $DF $99     ADC $99DF [7E99DF] = $4000      A:0100 X:0040 Y:0040 S:033F D:0000 DB:7E P:nvmxdIzc V:76  H:103
C0631E $99 $AE $8F     STA $8FAE,Y [7E8FEE] = $0F00    A:4100 X:0040 Y:0040 S:033F D:0000 DB:7E P:nvmxdIzc V:76  H:112
C06321 $EE $AE $93     INC $93AE [7E93AE] = $0040      A:4100 X:0040 Y:0040 S:033F D:0000 DB:7E P:nvmxdIzc V:76  H:122
C06324 $EE $AE $93     INC $93AE [7E93AE] = $0041      A:4100 X:0040 Y:0040 S:033F D:0000 DB:7E P:nvmxdIzc V:76  H:146
C06327 $E8             INX                             A:4100 X:0040 Y:0040 S:033F D:0000 DB:7E P:nvmxdIzc V:76  H:160
C06328 $E8             INX                             A:4100 X:0041 Y:0040 S:033F D:0000 DB:7E P:nvmxdIzc V:76  H:163
C06329 $E6 $2A         INC $2A [00002A] = $0020        A:4100 X:0042 Y:0040 S:033F D:0000 DB:7E P:nvmxdIzc V:76  H:166
C0632B $CE $7A $96     DEC $967A [7E967A] = $0055      A:4100 X:0042 Y:0040 S:033F D:0000 DB:7E P:nvmxdIzc V:76  H:178
C0632E $D0 $A9         BNE $C062D9                     A:4100 X:0042 Y:0040 S:033F D:0000 DB:7E P:nvmxdIzc V:76  H:192
C062D9 $A5 $2A         LDA $2A [00002A] = $0021        A:4100 X:0042 Y:0040 S:033F D:0000 DB:7E P:nvmxdIzc V:76  H:197
C062DB $CF $4E $B7 $7F CMP $7FB74E                     A:0021 X:0042 Y:0040 S:033F D:0000 DB:7E P:nvmxdIzc V:76  H:204
C062DF $B0 $08         BCS $C062E9                     A:0021 X:0042 Y:0040 S:033F D:0000 DB:7E P:NvmxdIzc V:76  H:214
C062E1 $AC $AE $93     LDY $93AE [7E93AE] = $0042      A:0021 X:0042 Y:0040 S:033F D:0000 DB:7E P:NvmxdIzc V:76  H:217
C062E4 $C0 $00 $02     CPY #$0200                      A:0021 X:0042 Y:0042 S:033F D:0000 DB:7E P:nvmxdIzc V:76  H:225
C062E7 $90 $06         BCC $C062EF                     A:0021 X:0042 Y:0042 S:033F D:0000 DB:7E P:NvmxdIzc V:76  H:230
C062EF $AC $AE $93     LDY $93AE [7E93AE] = $0042      A:0021 X:0042 Y:0042 S:033F D:0000 DB:7E P:NvmxdIzc V:76  H:234
C062F2 $BF $EA $AE $7F LDA $7FAEEA,X [7FAF2C] = $0082  A:0021 X:0042 Y:0042 S:033F D:0000 DB:7E P:nvmxdIzc V:76  H:243
C062F6 $0A             ASL                             A:0082 X:0042 Y:0042 S:033F D:0000 DB:7E P:nvmxdIzc V:76  H:253
C062F7 $26 $2E         ROL $2E [00002E] = $0000        A:0104 X:0042 Y:0042 S:033F D:0000 DB:7E P:nvmxdIzc V:76  H:256
C062F9 $0A             ASL                             A:0104 X:0042 Y:0042 S:033F D:0000 DB:7E P:nvmxdIZc V:76  H:268
C062FA $26 $2E         ROL $2E [00002E] = $0000        A:0208 X:0042 Y:0042 S:033F D:0000 DB:7E P:nvmxdIzc V:76  H:271
C062FC $0A             ASL                             A:0208 X:0042 Y:0042 S:033F D:0000 DB:7E P:nvmxdIZc V:76  H:300
C062FD $26 $2E         ROL $2E [00002E] = $0000        A:0410 X:0042 Y:0042 S:033F D:0000 DB:7E P:nvmxdIzc V:76  H:303
C062FF $0A             ASL                             A:0410 X:0042 Y:0042 S:033F D:0000 DB:7E P:nvmxdIZc V:76  H:315
C06300 $26 $2E         ROL $2E [00002E] = $0000        A:0820 X:0042 Y:0042 S:033F D:0000 DB:7E P:nvmxdIzc V:76  H:318
C06302 $18             CLC                             A:0820 X:0042 Y:0042 S:033F D:0000 DB:7E P:nvmxdIZc V:76  H:330
C06303 $69 $A0 $8E     ADC #$8EA0                      A:0820 X:0042 Y:0042 S:033F D:0000 DB:7E P:nvmxdIZc V:76  H:333
C06306 $99 $AE $8B     STA $8BAE,Y [7E8BF0] = $FC20    A:96C0 X:0042 Y:0042 S:033F D:0000 DB:7E P:NvmxdIzc V:76  H:337
C06309 $A5 $2E         LDA $2E [00002E] = $0000        A:96C0 X:0042 Y:0042 S:033F D:0000 DB:7E P:NvmxdIzc V:77  H:7  
C0630B $69 $E3 $00     ADC #$00E3                      A:0000 X:0042 Y:0042 S:033F D:0000 DB:7E P:nvmxdIZc V:77  H:14 
C0630E $99 $AE $8D     STA $8DAE,Y [7E8DF0] = $00D0    A:00E3 X:0042 Y:0042 S:033F D:0000 DB:7E P:nvmxdIzc V:77  H:19 
C06311 $A9 $10 $00     LDA #$0010                      A:00E3 X:0042 Y:0042 S:033F D:0000 DB:7E P:nvmxdIzc V:77  H:29 
C06314 $99 $AE $91     STA $91AE,Y [7E91F0] = $0020    A:0010 X:0042 Y:0042 S:033F D:0000 DB:7E P:nvmxdIzc V:77  H:33 
C06317 $8A             TXA                             A:0010 X:0042 Y:0042 S:033F D:0000 DB:7E P:nvmxdIzc V:77  H:43 
C06318 $0A             ASL                             A:0042 X:0042 Y:0042 S:033F D:0000 DB:7E P:nvmxdIzc V:77  H:46 
C06319 $0A             ASL                             A:0084 X:0042 Y:0042 S:033F D:0000 DB:7E P:nvmxdIzc V:77  H:49 
C0631A $18             CLC                             A:0108 X:0042 Y:0042 S:033F D:0000 DB:7E P:nvmxdIzc V:77  H:52 
C0631B $6D $DF $99     ADC $99DF [7E99DF] = $4000      A:0108 X:0042 Y:0042 S:033F D:0000 DB:7E P:nvmxdIzc V:77  H:55 
C0631E $99 $AE $8F     STA $8FAE,Y [7E8FF0] = $0F10    A:4108 X:0042 Y:0042 S:033F D:0000 DB:7E P:nvmxdIzc V:77  H:64 
C06321 $EE $AE $93     INC $93AE [7E93AE] = $0042      A:4108 X:0042 Y:0042 S:033F D:0000 DB:7E P:nvmxdIzc V:77  H:74 
C06324 $EE $AE $93     INC $93AE [7E93AE] = $0043      A:4108 X:0042 Y:0042 S:033F D:0000 DB:7E P:nvmxdIzc V:77  H:88 
C06327 $E8             INX                             A:4108 X:0042 Y:0042 S:033F D:0000 DB:7E P:nvmxdIzc V:77  H:102
C06328 $E8             INX                             A:4108 X:0043 Y:0042 S:033F D:0000 DB:7E P:nvmxdIzc V:77  H:105
C06329 $E6 $2A         INC $2A [00002A] = $0021        A:4108 X:0044 Y:0042 S:033F D:0000 DB:7E P:nvmxdIzc V:77  H:108
C0632B $CE $7A $96     DEC $967A [7E967A] = $0054      A:4108 X:0044 Y:0042 S:033F D:0000 DB:7E P:nvmxdIzc V:77  H:120
C0632E $D0 $A9         BNE $C062D9                     A:4108 X:0044 Y:0042 S:033F D:0000 DB:7E P:nvmxdIzc V:77  H:144
C062D9 $A5 $2A         LDA $2A [00002A] = $0022        A:4108 X:0044 Y:0042 S:033F D:0000 DB:7E P:nvmxdIzc V:77  H:149
C062DB $CF $4E $B7 $7F CMP $7FB74E                     A:0022 X:0044 Y:0042 S:033F D:0000 DB:7E P:nvmxdIzc V:77  H:156
C062DF $B0 $08         BCS $C062E9                     A:0022 X:0044 Y:0042 S:033F D:0000 DB:7E P:NvmxdIzc V:77  H:166
C062E1 $AC $AE $93     LDY $93AE [7E93AE] = $0044      A:0022 X:0044 Y:0042 S:033F D:0000 DB:7E P:NvmxdIzc V:77  H:169
C062E4 $C0 $00 $02     CPY #$0200                      A:0022 X:0044 Y:0044 S:033F D:0000 DB:7E P:nvmxdIzc V:77  H:177
C062E7 $90 $06         BCC $C062EF                     A:0022 X:0044 Y:0044 S:033F D:0000 DB:7E P:NvmxdIzc V:77  H:182
C062EF $AC $AE $93     LDY $93AE [7E93AE] = $0044      A:0022 X:0044 Y:0044 S:033F D:0000 DB:7E P:NvmxdIzc V:77  H:186
C062F2 $BF $EA $AE $7F LDA $7FAEEA,X [7FAF2E] = $0083  A:0022 X:0044 Y:0044 S:033F D:0000 DB:7E P:nvmxdIzc V:77  H:195
C062F6 $0A             ASL                             A:0083 X:0044 Y:0044 S:033F D:0000 DB:7E P:nvmxdIzc V:77  H:205
C062F7 $26 $2E         ROL $2E [00002E] = $0000        A:0106 X:0044 Y:0044 S:033F D:0000 DB:7E P:nvmxdIzc V:77  H:208
C062F9 $0A             ASL                             A:0106 X:0044 Y:0044 S:033F D:0000 DB:7E P:nvmxdIZc V:77  H:220
C062FA $26 $2E         ROL $2E [00002E] = $0000        A:020C X:0044 Y:0044 S:033F D:0000 DB:7E P:nvmxdIzc V:77  H:223
C062FC $0A             ASL                             A:020C X:0044 Y:0044 S:033F D:0000 DB:7E P:nvmxdIZc V:77  H:236
C062FD $26 $2E         ROL $2E [00002E] = $0000        A:0418 X:0044 Y:0044 S:033F D:0000 DB:7E P:nvmxdIzc V:77  H:239
C062FF $0A             ASL                             A:0418 X:0044 Y:0044 S:033F D:0000 DB:7E P:nvmxdIZc V:77  H:251
C06300 $26 $2E         ROL $2E [00002E] = $0000        A:0830 X:0044 Y:0044 S:033F D:0000 DB:7E P:nvmxdIzc V:77  H:254
C06302 $18             CLC                             A:0830 X:0044 Y:0044 S:033F D:0000 DB:7E P:nvmxdIZc V:77  H:267
C06303 $69 $A0 $8E     ADC #$8EA0                      A:0830 X:0044 Y:0044 S:033F D:0000 DB:7E P:nvmxdIZc V:77  H:270
C06306 $99 $AE $8B     STA $8BAE,Y [7E8BF2] = $FC40    A:96D0 X:0044 Y:0044 S:033F D:0000 DB:7E P:NvmxdIzc V:77  H:274
C06309 $A5 $2E         LDA $2E [00002E] = $0000        A:96D0 X:0044 Y:0044 S:033F D:0000 DB:7E P:NvmxdIzc V:77  H:301
C0630B $69 $E3 $00     ADC #$00E3                      A:0000 X:0044 Y:0044 S:033F D:0000 DB:7E P:nvmxdIZc V:77  H:308
C0630E $99 $AE $8D     STA $8DAE,Y [7E8DF2] = $00D0    A:00E3 X:0044 Y:0044 S:033F D:0000 DB:7E P:nvmxdIzc V:77  H:312
C06311 $A9 $10 $00     LDA #$0010                      A:00E3 X:0044 Y:0044 S:033F D:0000 DB:7E P:nvmxdIzc V:77  H:322
C06314 $99 $AE $91     STA $91AE,Y [7E91F2] = $0020    A:0010 X:0044 Y:0044 S:033F D:0000 DB:7E P:nvmxdIzc V:77  H:326
C06317 $8A             TXA                             A:0010 X:0044 Y:0044 S:033F D:0000 DB:7E P:nvmxdIzc V:77  H:336
C06318 $0A             ASL                             A:0044 X:0044 Y:0044 S:033F D:0000 DB:7E P:nvmxdIzc V:77  H:339
C06319 $0A             ASL                             A:0088 X:0044 Y:0044 S:033F D:0000 DB:7E P:nvmxdIzc V:78  H:2  
C0631A $18             CLC                             A:0110 X:0044 Y:0044 S:033F D:0000 DB:7E P:nvmxdIzc V:78  H:5  
C0631B $6D $DF $99     ADC $99DF [7E99DF] = $4000      A:0110 X:0044 Y:0044 S:033F D:0000 DB:7E P:nvmxdIzc V:78  H:8  
C0631E $99 $AE $8F     STA $8FAE,Y [7E8FF2] = $0F20    A:4110 X:0044 Y:0044 S:033F D:0000 DB:7E P:nvmxdIzc V:78  H:16 
C06321 $EE $AE $93     INC $93AE [7E93AE] = $0044      A:4110 X:0044 Y:0044 S:033F D:0000 DB:7E P:nvmxdIzc V:78  H:26 
C06324 $EE $AE $93     INC $93AE [7E93AE] = $0045      A:4110 X:0044 Y:0044 S:033F D:0000 DB:7E P:nvmxdIzc V:78  H:40 
C06327 $E8             INX                             A:4110 X:0044 Y:0044 S:033F D:0000 DB:7E P:nvmxdIzc V:78  H:54 
C06328 $E8             INX                             A:4110 X:0045 Y:0044 S:033F D:0000 DB:7E P:nvmxdIzc V:78  H:57 
C06329 $E6 $2A         INC $2A [00002A] = $0022        A:4110 X:0046 Y:0044 S:033F D:0000 DB:7E P:nvmxdIzc V:78  H:60 
C0632B $CE $7A $96     DEC $967A [7E967A] = $0053      A:4110 X:0046 Y:0044 S:033F D:0000 DB:7E P:nvmxdIzc V:78  H:73 
C0632E $D0 $A9         BNE $C062D9                     A:4110 X:0046 Y:0044 S:033F D:0000 DB:7E P:nvmxdIzc V:78  H:87 
C062D9 $A5 $2A         LDA $2A [00002A] = $0023        A:4110 X:0046 Y:0044 S:033F D:0000 DB:7E P:nvmxdIzc V:78  H:91 
C062DB $CF $4E $B7 $7F CMP $7FB74E                     A:0023 X:0046 Y:0044 S:033F D:0000 DB:7E P:nvmxdIzc V:78  H:98 
C062DF $B0 $08         BCS $C062E9                     A:0023 X:0046 Y:0044 S:033F D:0000 DB:7E P:NvmxdIzc V:78  H:108
C062E1 $AC $AE $93     LDY $93AE [7E93AE] = $0046      A:0023 X:0046 Y:0044 S:033F D:0000 DB:7E P:NvmxdIzc V:78  H:111
C062E4 $C0 $00 $02     CPY #$0200                      A:0023 X:0046 Y:0046 S:033F D:0000 DB:7E P:nvmxdIzc V:78  H:120
C062E7 $90 $06         BCC $C062EF                     A:0023 X:0046 Y:0046 S:033F D:0000 DB:7E P:NvmxdIzc V:78  H:124
C062EF $AC $AE $93     LDY $93AE [7E93AE] = $0046      A:0023 X:0046 Y:0046 S:033F D:0000 DB:7E P:NvmxdIzc V:78  H:129
C062F2 $BF $EA $AE $7F LDA $7FAEEA,X [7FAF30] = $0084  A:0023 X:0046 Y:0046 S:033F D:0000 DB:7E P:nvmxdIzc V:78  H:147
C062F6 $0A             ASL                             A:0084 X:0046 Y:0046 S:033F D:0000 DB:7E P:nvmxdIzc V:78  H:157
C062F7 $26 $2E         ROL $2E [00002E] = $0000        A:0108 X:0046 Y:0046 S:033F D:0000 DB:7E P:nvmxdIzc V:78  H:160
C062F9 $0A             ASL                             A:0108 X:0046 Y:0046 S:033F D:0000 DB:7E P:nvmxdIZc V:78  H:173
C062FA $26 $2E         ROL $2E [00002E] = $0000        A:0210 X:0046 Y:0046 S:033F D:0000 DB:7E P:nvmxdIzc V:78  H:176
C062FC $0A             ASL                             A:0210 X:0046 Y:0046 S:033F D:0000 DB:7E P:nvmxdIZc V:78  H:188
C062FD $26 $2E         ROL $2E [00002E] = $0000        A:0420 X:0046 Y:0046 S:033F D:0000 DB:7E P:nvmxdIzc V:78  H:191
C062FF $0A             ASL                             A:0420 X:0046 Y:0046 S:033F D:0000 DB:7E P:nvmxdIZc V:78  H:204
C06300 $26 $2E         ROL $2E [00002E] = $0000        A:0840 X:0046 Y:0046 S:033F D:0000 DB:7E P:nvmxdIzc V:78  H:207
C06302 $18             CLC                             A:0840 X:0046 Y:0046 S:033F D:0000 DB:7E P:nvmxdIZc V:78  H:219
C06303 $69 $A0 $8E     ADC #$8EA0                      A:0840 X:0046 Y:0046 S:033F D:0000 DB:7E P:nvmxdIZc V:78  H:222
C06306 $99 $AE $8B     STA $8BAE,Y [7E8BF4] = $FC60    A:96E0 X:0046 Y:0046 S:033F D:0000 DB:7E P:NvmxdIzc V:78  H:227
C06309 $A5 $2E         LDA $2E [00002E] = $0000        A:96E0 X:0046 Y:0046 S:033F D:0000 DB:7E P:NvmxdIzc V:78  H:237
C0630B $69 $E3 $00     ADC #$00E3                      A:0000 X:0046 Y:0046 S:033F D:0000 DB:7E P:nvmxdIZc V:78  H:244
C0630E $99 $AE $8D     STA $8DAE,Y [7E8DF4] = $00D0    A:00E3 X:0046 Y:0046 S:033F D:0000 DB:7E P:nvmxdIzc V:78  H:248
C06311 $A9 $10 $00     LDA #$0010                      A:00E3 X:0046 Y:0046 S:033F D:0000 DB:7E P:nvmxdIzc V:78  H:258
C06314 $99 $AE $91     STA $91AE,Y [7E91F4] = $0020    A:0010 X:0046 Y:0046 S:033F D:0000 DB:7E P:nvmxdIzc V:78  H:263
C06317 $8A             TXA                             A:0010 X:0046 Y:0046 S:033F D:0000 DB:7E P:nvmxdIzc V:78  H:273
C06318 $0A             ASL                             A:0046 X:0046 Y:0046 S:033F D:0000 DB:7E P:nvmxdIzc V:78  H:276
C06319 $0A             ASL                             A:008C X:0046 Y:0046 S:033F D:0000 DB:7E P:nvmxdIzc V:78  H:295
C0631A $18             CLC                             A:0118 X:0046 Y:0046 S:033F D:0000 DB:7E P:nvmxdIzc V:78  H:298
C0631B $6D $DF $99     ADC $99DF [7E99DF] = $4000      A:0118 X:0046 Y:0046 S:033F D:0000 DB:7E P:nvmxdIzc V:78  H:301
C0631E $99 $AE $8F     STA $8FAE,Y [7E8FF4] = $0F30    A:4118 X:0046 Y:0046 S:033F D:0000 DB:7E P:nvmxdIzc V:78  H:310
C06321 $EE $AE $93     INC $93AE [7E93AE] = $0046      A:4118 X:0046 Y:0046 S:033F D:0000 DB:7E P:nvmxdIzc V:78  H:320
C06324 $EE $AE $93     INC $93AE [7E93AE] = $0047      A:4118 X:0046 Y:0046 S:033F D:0000 DB:7E P:nvmxdIzc V:78  H:333
C06327 $E8             INX                             A:4118 X:0046 Y:0046 S:033F D:0000 DB:7E P:nvmxdIzc V:79  H:7  
C06328 $E8             INX                             A:4118 X:0047 Y:0046 S:033F D:0000 DB:7E P:nvmxdIzc V:79  H:10 
C06329 $E6 $2A         INC $2A [00002A] = $0023        A:4118 X:0048 Y:0046 S:033F D:0000 DB:7E P:nvmxdIzc V:79  H:13 
C0632B $CE $7A $96     DEC $967A [7E967A] = $0052      A:4118 X:0048 Y:0046 S:033F D:0000 DB:7E P:nvmxdIzc V:79  H:25 
C0632E $D0 $A9         BNE $C062D9                     A:4118 X:0048 Y:0046 S:033F D:0000 DB:7E P:nvmxdIzc V:79  H:39 
C062D9 $A5 $2A         LDA $2A [00002A] = $0024        A:4118 X:0048 Y:0046 S:033F D:0000 DB:7E P:nvmxdIzc V:79  H:44 
C062DB $CF $4E $B7 $7F CMP $7FB74E                     A:0024 X:0048 Y:0046 S:033F D:0000 DB:7E P:nvmxdIzc V:79  H:51 
C062DF $B0 $08         BCS $C062E9                     A:0024 X:0048 Y:0046 S:033F D:0000 DB:7E P:NvmxdIzc V:79  H:61 
C062E1 $AC $AE $93     LDY $93AE [7E93AE] = $0048      A:0024 X:0048 Y:0046 S:033F D:0000 DB:7E P:NvmxdIzc V:79  H:64 
C062E4 $C0 $00 $02     CPY #$0200                      A:0024 X:0048 Y:0048 S:033F D:0000 DB:7E P:nvmxdIzc V:79  H:72 
C062E7 $90 $06         BCC $C062EF                     A:0024 X:0048 Y:0048 S:033F D:0000 DB:7E P:NvmxdIzc V:79  H:77 
C062EF $AC $AE $93     LDY $93AE [7E93AE] = $0048      A:0024 X:0048 Y:0048 S:033F D:0000 DB:7E P:NvmxdIzc V:79  H:81 
C062F2 $BF $EA $AE $7F LDA $7FAEEA,X [7FAF32] = $0085  A:0024 X:0048 Y:0048 S:033F D:0000 DB:7E P:nvmxdIzc V:79  H:90 
C062F6 $0A             ASL                             A:0085 X:0048 Y:0048 S:033F D:0000 DB:7E P:nvmxdIzc V:79  H:100
C062F7 $26 $2E         ROL $2E [00002E] = $0000        A:010A X:0048 Y:0048 S:033F D:0000 DB:7E P:nvmxdIzc V:79  H:103
C062F9 $0A             ASL                             A:010A X:0048 Y:0048 S:033F D:0000 DB:7E P:nvmxdIZc V:79  H:115
C062FA $26 $2E         ROL $2E [00002E] = $0000        A:0214 X:0048 Y:0048 S:033F D:0000 DB:7E P:nvmxdIzc V:79  H:118
C062FC $0A             ASL                             A:0214 X:0048 Y:0048 S:033F D:0000 DB:7E P:nvmxdIZc V:79  H:131
C062FD $26 $2E         ROL $2E [00002E] = $0000        A:0428 X:0048 Y:0048 S:033F D:0000 DB:7E P:nvmxdIzc V:79  H:134
C062FF $0A             ASL                             A:0428 X:0048 Y:0048 S:033F D:0000 DB:7E P:nvmxdIZc V:79  H:156
C06300 $26 $2E         ROL $2E [00002E] = $0000        A:0850 X:0048 Y:0048 S:033F D:0000 DB:7E P:nvmxdIzc V:79  H:159
C06302 $18             CLC                             A:0850 X:0048 Y:0048 S:033F D:0000 DB:7E P:nvmxdIZc V:79  H:172
C06303 $69 $A0 $8E     ADC #$8EA0                      A:0850 X:0048 Y:0048 S:033F D:0000 DB:7E P:nvmxdIZc V:79  H:175
C06306 $99 $AE $8B     STA $8BAE,Y [7E8BF6] = $FC80    A:96F0 X:0048 Y:0048 S:033F D:0000 DB:7E P:NvmxdIzc V:79  H:179
C06309 $A5 $2E         LDA $2E [00002E] = $0000        A:96F0 X:0048 Y:0048 S:033F D:0000 DB:7E P:NvmxdIzc V:79  H:189
C0630B $69 $E3 $00     ADC #$00E3                      A:0000 X:0048 Y:0048 S:033F D:0000 DB:7E P:nvmxdIZc V:79  H:196
C0630E $99 $AE $8D     STA $8DAE,Y [7E8DF6] = $00D0    A:00E3 X:0048 Y:0048 S:033F D:0000 DB:7E P:nvmxdIzc V:79  H:201
C06311 $A9 $10 $00     LDA #$0010                      A:00E3 X:0048 Y:0048 S:033F D:0000 DB:7E P:nvmxdIzc V:79  H:211
C06314 $99 $AE $91     STA $91AE,Y [7E91F6] = $0020    A:0010 X:0048 Y:0048 S:033F D:0000 DB:7E P:nvmxdIzc V:79  H:215
C06317 $8A             TXA                             A:0010 X:0048 Y:0048 S:033F D:0000 DB:7E P:nvmxdIzc V:79  H:225
C06318 $0A             ASL                             A:0048 X:0048 Y:0048 S:033F D:0000 DB:7E P:nvmxdIzc V:79  H:228
C06319 $0A             ASL                             A:0090 X:0048 Y:0048 S:033F D:0000 DB:7E P:nvmxdIzc V:79  H:231
C0631A $18             CLC                             A:0120 X:0048 Y:0048 S:033F D:0000 DB:7E P:nvmxdIzc V:79  H:234
C0631B $6D $DF $99     ADC $99DF [7E99DF] = $4000      A:0120 X:0048 Y:0048 S:033F D:0000 DB:7E P:nvmxdIzc V:79  H:237
C0631E $99 $AE $8F     STA $8FAE,Y [7E8FF6] = $0F40    A:4120 X:0048 Y:0048 S:033F D:0000 DB:7E P:nvmxdIzc V:79  H:246
C06321 $EE $AE $93     INC $93AE [7E93AE] = $0048      A:4120 X:0048 Y:0048 S:033F D:0000 DB:7E P:nvmxdIzc V:79  H:256
C06324 $EE $AE $93     INC $93AE [7E93AE] = $0049      A:4120 X:0048 Y:0048 S:033F D:0000 DB:7E P:nvmxdIzc V:79  H:270
C06327 $E8             INX                             A:4120 X:0048 Y:0048 S:033F D:0000 DB:7E P:nvmxdIzc V:79  H:325
C06328 $E8             INX                             A:4120 X:0049 Y:0048 S:033F D:0000 DB:7E P:nvmxdIzc V:79  H:328
C06329 $E6 $2A         INC $2A [00002A] = $0024        A:4120 X:004A Y:0048 S:033F D:0000 DB:7E P:nvmxdIzc V:79  H:331
C0632B $CE $7A $96     DEC $967A [7E967A] = $0051      A:4120 X:004A Y:0048 S:033F D:0000 DB:7E P:nvmxdIzc V:80  H:3  
C0632E $D0 $A9         BNE $C062D9                     A:4120 X:004A Y:0048 S:033F D:0000 DB:7E P:nvmxdIzc V:80  H:17 
C062D9 $A5 $2A         LDA $2A [00002A] = $0025        A:4120 X:004A Y:0048 S:033F D:0000 DB:7E P:nvmxdIzc V:80  H:22 
C062DB $CF $4E $B7 $7F CMP $7FB74E                     A:0025 X:004A Y:0048 S:033F D:0000 DB:7E P:nvmxdIzc V:80  H:29 
C062DF $B0 $08         BCS $C062E9                     A:0025 X:004A Y:0048 S:033F D:0000 DB:7E P:NvmxdIzc V:80  H:39 
C062E1 $AC $AE $93     LDY $93AE [7E93AE] = $004A      A:0025 X:004A Y:0048 S:033F D:0000 DB:7E P:NvmxdIzc V:80  H:42 
C062E4 $C0 $00 $02     CPY #$0200                      A:0025 X:004A Y:004A S:033F D:0000 DB:7E P:nvmxdIzc V:80  H:50 
C062E7 $90 $06         BCC $C062EF                     A:0025 X:004A Y:004A S:033F D:0000 DB:7E P:NvmxdIzc V:80  H:55 
C062EF $AC $AE $93     LDY $93AE [7E93AE] = $004A      A:0025 X:004A Y:004A S:033F D:0000 DB:7E P:NvmxdIzc V:80  H:59 
C062F2 $BF $EA $AE $7F LDA $7FAEEA,X [7FAF34] = $0086  A:0025 X:004A Y:004A S:033F D:0000 DB:7E P:nvmxdIzc V:80  H:68 
C062F6 $0A             ASL                             A:0086 X:004A Y:004A S:033F D:0000 DB:7E P:nvmxdIzc V:80  H:78 
C062F7 $26 $2E         ROL $2E [00002E] = $0000        A:010C X:004A Y:004A S:033F D:0000 DB:7E P:nvmxdIzc V:80  H:81 
C062F9 $0A             ASL                             A:010C X:004A Y:004A S:033F D:0000 DB:7E P:nvmxdIZc V:80  H:93 
C062FA $26 $2E         ROL $2E [00002E] = $0000        A:0218 X:004A Y:004A S:033F D:0000 DB:7E P:nvmxdIzc V:80  H:96 
C062FC $0A             ASL                             A:0218 X:004A Y:004A S:033F D:0000 DB:7E P:nvmxdIZc V:80  H:109
C062FD $26 $2E         ROL $2E [00002E] = $0000        A:0430 X:004A Y:004A S:033F D:0000 DB:7E P:nvmxdIzc V:80  H:112
C062FF $0A             ASL                             A:0430 X:004A Y:004A S:033F D:0000 DB:7E P:nvmxdIZc V:80  H:124
C06300 $26 $2E         ROL $2E [00002E] = $0000        A:0860 X:004A Y:004A S:033F D:0000 DB:7E P:nvmxdIzc V:80  H:127
C06302 $18             CLC                             A:0860 X:004A Y:004A S:033F D:0000 DB:7E P:nvmxdIZc V:80  H:150
C06303 $69 $A0 $8E     ADC #$8EA0                      A:0860 X:004A Y:004A S:033F D:0000 DB:7E P:nvmxdIZc V:80  H:153
C06306 $99 $AE $8B     STA $8BAE,Y [7E8BF8] = $FCA0    A:9700 X:004A Y:004A S:033F D:0000 DB:7E P:NvmxdIzc V:80  H:157
C06309 $A5 $2E         LDA $2E [00002E] = $0000        A:9700 X:004A Y:004A S:033F D:0000 DB:7E P:NvmxdIzc V:80  H:167
C0630B $69 $E3 $00     ADC #$00E3                      A:0000 X:004A Y:004A S:033F D:0000 DB:7E P:nvmxdIZc V:80  H:174
C0630E $99 $AE $8D     STA $8DAE,Y [7E8DF8] = $00D0    A:00E3 X:004A Y:004A S:033F D:0000 DB:7E P:nvmxdIzc V:80  H:179
C06311 $A9 $10 $00     LDA #$0010                      A:00E3 X:004A Y:004A S:033F D:0000 DB:7E P:nvmxdIzc V:80  H:189
C06314 $99 $AE $91     STA $91AE,Y [7E91F8] = $0020    A:0010 X:004A Y:004A S:033F D:0000 DB:7E P:nvmxdIzc V:80  H:193
C06317 $8A             TXA                             A:0010 X:004A Y:004A S:033F D:0000 DB:7E P:nvmxdIzc V:80  H:203
C06318 $0A             ASL                             A:004A X:004A Y:004A S:033F D:0000 DB:7E P:nvmxdIzc V:80  H:206
C06319 $0A             ASL                             A:0094 X:004A Y:004A S:033F D:0000 DB:7E P:nvmxdIzc V:80  H:209
C0631A $18             CLC                             A:0128 X:004A Y:004A S:033F D:0000 DB:7E P:nvmxdIzc V:80  H:212
C0631B $6D $DF $99     ADC $99DF [7E99DF] = $4000      A:0128 X:004A Y:004A S:033F D:0000 DB:7E P:nvmxdIzc V:80  H:215
C0631E $99 $AE $8F     STA $8FAE,Y [7E8FF8] = $0F50    A:4128 X:004A Y:004A S:033F D:0000 DB:7E P:nvmxdIzc V:80  H:224
C06321 $EE $AE $93     INC $93AE [7E93AE] = $004A      A:4128 X:004A Y:004A S:033F D:0000 DB:7E P:nvmxdIzc V:80  H:234
C06324 $EE $AE $93     INC $93AE [7E93AE] = $004B      A:4128 X:004A Y:004A S:033F D:0000 DB:7E P:nvmxdIzc V:80  H:248
C06327 $E8             INX                             A:4128 X:004A Y:004A S:033F D:0000 DB:7E P:nvmxdIzc V:80  H:262
C06328 $E8             INX                             A:4128 X:004B Y:004A S:033F D:0000 DB:7E P:nvmxdIzc V:80  H:265
C06329 $E6 $2A         INC $2A [00002A] = $0025        A:4128 X:004C Y:004A S:033F D:0000 DB:7E P:nvmxdIzc V:80  H:268
C0632B $CE $7A $96     DEC $967A [7E967A] = $0050      A:4128 X:004C Y:004A S:033F D:0000 DB:7E P:nvmxdIzc V:80  H:322
C0632E $D0 $A9         BNE $C062D9                     A:4128 X:004C Y:004A S:033F D:0000 DB:7E P:nvmxdIzc V:80  H:335
C062D9 $A5 $2A         LDA $2A [00002A] = $0026        A:4128 X:004C Y:004A S:033F D:0000 DB:7E P:nvmxdIzc V:81  H:0  
C062DB $CF $4E $B7 $7F CMP $7FB74E                     A:0026 X:004C Y:004A S:033F D:0000 DB:7E P:nvmxdIzc V:81  H:7  
C062DF $B0 $08         BCS $C062E9                     A:0026 X:004C Y:004A S:033F D:0000 DB:7E P:NvmxdIzc V:81  H:17 
C062E1 $AC $AE $93     LDY $93AE [7E93AE] = $004C      A:0026 X:004C Y:004A S:033F D:0000 DB:7E P:NvmxdIzc V:81  H:20 
C062E4 $C0 $00 $02     CPY #$0200                      A:0026 X:004C Y:004C S:033F D:0000 DB:7E P:nvmxdIzc V:81  H:28 
C062E7 $90 $06         BCC $C062EF                     A:0026 X:004C Y:004C S:033F D:0000 DB:7E P:NvmxdIzc V:81  H:33 
C062EF $AC $AE $93     LDY $93AE [7E93AE] = $004C      A:0026 X:004C Y:004C S:033F D:0000 DB:7E P:NvmxdIzc V:81  H:37 
C062F2 $BF $EA $AE $7F LDA $7FAEEA,X [7FAF36] = $0087  A:0026 X:004C Y:004C S:033F D:0000 DB:7E P:nvmxdIzc V:81  H:46 
C062F6 $0A             ASL                             A:0087 X:004C Y:004C S:033F D:0000 DB:7E P:nvmxdIzc V:81  H:56 
C062F7 $26 $2E         ROL $2E [00002E] = $0000        A:010E X:004C Y:004C S:033F D:0000 DB:7E P:nvmxdIzc V:81  H:59 
C062F9 $0A             ASL                             A:010E X:004C Y:004C S:033F D:0000 DB:7E P:nvmxdIZc V:81  H:71 
C062FA $26 $2E         ROL $2E [00002E] = $0000        A:021C X:004C Y:004C S:033F D:0000 DB:7E P:nvmxdIzc V:81  H:74 
C062FC $0A             ASL                             A:021C X:004C Y:004C S:033F D:0000 DB:7E P:nvmxdIZc V:81  H:87 
C062FD $26 $2E         ROL $2E [00002E] = $0000        A:0438 X:004C Y:004C S:033F D:0000 DB:7E P:nvmxdIzc V:81  H:90 
C062FF $0A             ASL                             A:0438 X:004C Y:004C S:033F D:0000 DB:7E P:nvmxdIZc V:81  H:102
C06300 $26 $2E         ROL $2E [00002E] = $0000        A:0870 X:004C Y:004C S:033F D:0000 DB:7E P:nvmxdIzc V:81  H:105
C06302 $18             CLC                             A:0870 X:004C Y:004C S:033F D:0000 DB:7E P:nvmxdIZc V:81  H:118
C06303 $69 $A0 $8E     ADC #$8EA0                      A:0870 X:004C Y:004C S:033F D:0000 DB:7E P:nvmxdIZc V:81  H:121
C06306 $99 $AE $8B     STA $8BAE,Y [7E8BFA] = $FCC0    A:9710 X:004C Y:004C S:033F D:0000 DB:7E P:NvmxdIzc V:81  H:125
C06309 $A5 $2E         LDA $2E [00002E] = $0000        A:9710 X:004C Y:004C S:033F D:0000 DB:7E P:NvmxdIzc V:81  H:145
C0630B $69 $E3 $00     ADC #$00E3                      A:0000 X:004C Y:004C S:033F D:0000 DB:7E P:nvmxdIZc V:81  H:152
C0630E $99 $AE $8D     STA $8DAE,Y [7E8DFA] = $00D0    A:00E3 X:004C Y:004C S:033F D:0000 DB:7E P:nvmxdIzc V:81  H:157
C06311 $A9 $10 $00     LDA #$0010                      A:00E3 X:004C Y:004C S:033F D:0000 DB:7E P:nvmxdIzc V:81  H:167
C06314 $99 $AE $91     STA $91AE,Y [7E91FA] = $0020    A:0010 X:004C Y:004C S:033F D:0000 DB:7E P:nvmxdIzc V:81  H:171
C06317 $8A             TXA                             A:0010 X:004C Y:004C S:033F D:0000 DB:7E P:nvmxdIzc V:81  H:181
C06318 $0A             ASL                             A:004C X:004C Y:004C S:033F D:0000 DB:7E P:nvmxdIzc V:81  H:184
C06319 $0A             ASL                             A:0098 X:004C Y:004C S:033F D:0000 DB:7E P:nvmxdIzc V:81  H:187
C0631A $18             CLC                             A:0130 X:004C Y:004C S:033F D:0000 DB:7E P:nvmxdIzc V:81  H:190
C0631B $6D $DF $99     ADC $99DF [7E99DF] = $4000      A:0130 X:004C Y:004C S:033F D:0000 DB:7E P:nvmxdIzc V:81  H:193
C0631E $99 $AE $8F     STA $8FAE,Y [7E8FFA] = $0F60    A:4130 X:004C Y:004C S:033F D:0000 DB:7E P:nvmxdIzc V:81  H:202
C06321 $EE $AE $93     INC $93AE [7E93AE] = $004C      A:4130 X:004C Y:004C S:033F D:0000 DB:7E P:nvmxdIzc V:81  H:212
C06324 $EE $AE $93     INC $93AE [7E93AE] = $004D      A:4130 X:004C Y:004C S:033F D:0000 DB:7E P:nvmxdIzc V:81  H:226
C06327 $E8             INX                             A:4130 X:004C Y:004C S:033F D:0000 DB:7E P:nvmxdIzc V:81  H:240
C06328 $E8             INX                             A:4130 X:004D Y:004C S:033F D:0000 DB:7E P:nvmxdIzc V:81  H:243
C06329 $E6 $2A         INC $2A [00002A] = $0026        A:4130 X:004E Y:004C S:033F D:0000 DB:7E P:nvmxdIzc V:81  H:246
C0632B $CE $7A $96     DEC $967A [7E967A] = $004F      A:4130 X:004E Y:004C S:033F D:0000 DB:7E P:nvmxdIzc V:81  H:258
C0632E $D0 $A9         BNE $C062D9                     A:4130 X:004E Y:004C S:033F D:0000 DB:7E P:nvmxdIzc V:81  H:272
C062D9 $A5 $2A         LDA $2A [00002A] = $0027        A:4130 X:004E Y:004C S:033F D:0000 DB:7E P:nvmxdIzc V:81  H:293
C062DB $CF $4E $B7 $7F CMP $7FB74E                     A:0027 X:004E Y:004C S:033F D:0000 DB:7E P:nvmxdIzc V:81  H:300
C062DF $B0 $08         BCS $C062E9                     A:0027 X:004E Y:004C S:033F D:0000 DB:7E P:NvmxdIzc V:81  H:310
C062E1 $AC $AE $93     LDY $93AE [7E93AE] = $004E      A:0027 X:004E Y:004C S:033F D:0000 DB:7E P:NvmxdIzc V:81  H:313
C062E4 $C0 $00 $02     CPY #$0200                      A:0027 X:004E Y:004E S:033F D:0000 DB:7E P:nvmxdIzc V:81  H:322
C062E7 $90 $06         BCC $C062EF                     A:0027 X:004E Y:004E S:033F D:0000 DB:7E P:NvmxdIzc V:81  H:326
C062EF $AC $AE $93     LDY $93AE [7E93AE] = $004E      A:0027 X:004E Y:004E S:033F D:0000 DB:7E P:NvmxdIzc V:81  H:330
C062F2 $BF $EA $AE $7F LDA $7FAEEA,X [7FAF38] = $0088  A:0027 X:004E Y:004E S:033F D:0000 DB:7E P:nvmxdIzc V:81  H:338
C062F6 $0A             ASL                             A:0088 X:004E Y:004E S:033F D:0000 DB:7E P:nvmxdIzc V:82  H:8  
C062F7 $26 $2E         ROL $2E [00002E] = $0000        A:0110 X:004E Y:004E S:033F D:0000 DB:7E P:nvmxdIzc V:82  H:11 
C062F9 $0A             ASL                             A:0110 X:004E Y:004E S:033F D:0000 DB:7E P:nvmxdIZc V:82  H:24 
C062FA $26 $2E         ROL $2E [00002E] = $0000        A:0220 X:004E Y:004E S:033F D:0000 DB:7E P:nvmxdIzc V:82  H:27 
C062FC $0A             ASL                             A:0220 X:004E Y:004E S:033F D:0000 DB:7E P:nvmxdIZc V:82  H:39 
C062FD $26 $2E         ROL $2E [00002E] = $0000        A:0440 X:004E Y:004E S:033F D:0000 DB:7E P:nvmxdIzc V:82  H:42 
C062FF $0A             ASL                             A:0440 X:004E Y:004E S:033F D:0000 DB:7E P:nvmxdIZc V:82  H:55 
C06300 $26 $2E         ROL $2E [00002E] = $0000        A:0880 X:004E Y:004E S:033F D:0000 DB:7E P:nvmxdIzc V:82  H:58 
C06302 $18             CLC                             A:0880 X:004E Y:004E S:033F D:0000 DB:7E P:nvmxdIZc V:82  H:70 
C06303 $69 $A0 $8E     ADC #$8EA0                      A:0880 X:004E Y:004E S:033F D:0000 DB:7E P:nvmxdIZc V:82  H:73 
C06306 $99 $AE $8B     STA $8BAE,Y [7E8BFC] = $FCE0    A:9720 X:004E Y:004E S:033F D:0000 DB:7E P:NvmxdIzc V:82  H:78 
C06309 $A5 $2E         LDA $2E [00002E] = $0000        A:9720 X:004E Y:004E S:033F D:0000 DB:7E P:NvmxdIzc V:82  H:88 
C0630B $69 $E3 $00     ADC #$00E3                      A:0000 X:004E Y:004E S:033F D:0000 DB:7E P:nvmxdIZc V:82  H:95 
C0630E $99 $AE $8D     STA $8DAE,Y [7E8DFC] = $00D0    A:00E3 X:004E Y:004E S:033F D:0000 DB:7E P:nvmxdIzc V:82  H:99 
C06311 $A9 $10 $00     LDA #$0010                      A:00E3 X:004E Y:004E S:033F D:0000 DB:7E P:nvmxdIzc V:82  H:109
C06314 $99 $AE $91     STA $91AE,Y [7E91FC] = $0020    A:0010 X:004E Y:004E S:033F D:0000 DB:7E P:nvmxdIzc V:82  H:114
C06317 $8A             TXA                             A:0010 X:004E Y:004E S:033F D:0000 DB:7E P:nvmxdIzc V:82  H:124
C06318 $0A             ASL                             A:004E X:004E Y:004E S:033F D:0000 DB:7E P:nvmxdIzc V:82  H:127
C06319 $0A             ASL                             A:009C X:004E Y:004E S:033F D:0000 DB:7E P:nvmxdIzc V:82  H:130
C0631A $18             CLC                             A:0138 X:004E Y:004E S:033F D:0000 DB:7E P:nvmxdIzc V:82  H:133
C0631B $6D $DF $99     ADC $99DF [7E99DF] = $4000      A:0138 X:004E Y:004E S:033F D:0000 DB:7E P:nvmxdIzc V:82  H:146
C0631E $99 $AE $8F     STA $8FAE,Y [7E8FFC] = $0F70    A:4138 X:004E Y:004E S:033F D:0000 DB:7E P:nvmxdIzc V:82  H:154
C06321 $EE $AE $93     INC $93AE [7E93AE] = $004E      A:4138 X:004E Y:004E S:033F D:0000 DB:7E P:nvmxdIzc V:82  H:164
C06324 $EE $AE $93     INC $93AE [7E93AE] = $004F      A:4138 X:004E Y:004E S:033F D:0000 DB:7E P:nvmxdIzc V:82  H:178
C06327 $E8             INX                             A:4138 X:004E Y:004E S:033F D:0000 DB:7E P:nvmxdIzc V:82  H:192
C06328 $E8             INX                             A:4138 X:004F Y:004E S:033F D:0000 DB:7E P:nvmxdIzc V:82  H:195
C06329 $E6 $2A         INC $2A [00002A] = $0027        A:4138 X:0050 Y:004E S:033F D:0000 DB:7E P:nvmxdIzc V:82  H:198
C0632B $CE $7A $96     DEC $967A [7E967A] = $004E      A:4138 X:0050 Y:004E S:033F D:0000 DB:7E P:nvmxdIzc V:82  H:211
C0632E $D0 $A9         BNE $C062D9                     A:4138 X:0050 Y:004E S:033F D:0000 DB:7E P:nvmxdIzc V:82  H:225
C062D9 $A5 $2A         LDA $2A [00002A] = $0028        A:4138 X:0050 Y:004E S:033F D:0000 DB:7E P:nvmxdIzc V:82  H:229
C062DB $CF $4E $B7 $7F CMP $7FB74E                     A:0028 X:0050 Y:004E S:033F D:0000 DB:7E P:nvmxdIzc V:82  H:236
C062DF $B0 $08         BCS $C062E9                     A:0028 X:0050 Y:004E S:033F D:0000 DB:7E P:NvmxdIzc V:82  H:246
C062E1 $AC $AE $93     LDY $93AE [7E93AE] = $0050      A:0028 X:0050 Y:004E S:033F D:0000 DB:7E P:NvmxdIzc V:82  H:249
C062E4 $C0 $00 $02     CPY #$0200                      A:0028 X:0050 Y:0050 S:033F D:0000 DB:7E P:nvmxdIzc V:82  H:258
C062E7 $90 $06         BCC $C062EF                     A:0028 X:0050 Y:0050 S:033F D:0000 DB:7E P:NvmxdIzc V:82  H:262
C062EF $AC $AE $93     LDY $93AE [7E93AE] = $0050      A:0028 X:0050 Y:0050 S:033F D:0000 DB:7E P:NvmxdIzc V:82  H:267
C062F2 $BF $EA $AE $7F LDA $7FAEEA,X [7FAF3A] = $0089  A:0028 X:0050 Y:0050 S:033F D:0000 DB:7E P:nvmxdIzc V:82  H:275
C062F6 $0A             ASL                             A:0089 X:0050 Y:0050 S:033F D:0000 DB:7E P:nvmxdIzc V:82  H:300
C062F7 $26 $2E         ROL $2E [00002E] = $0000        A:0112 X:0050 Y:0050 S:033F D:0000 DB:7E P:nvmxdIzc V:82  H:303
C062F9 $0A             ASL                             A:0112 X:0050 Y:0050 S:033F D:0000 DB:7E P:nvmxdIZc V:82  H:316
C062FA $26 $2E         ROL $2E [00002E] = $0000        A:0224 X:0050 Y:0050 S:033F D:0000 DB:7E P:nvmxdIzc V:82  H:319
C062FC $0A             ASL                             A:0224 X:0050 Y:0050 S:033F D:0000 DB:7E P:nvmxdIZc V:82  H:330
C062FD $26 $2E         ROL $2E [00002E] = $0000        A:0448 X:0050 Y:0050 S:033F D:0000 DB:7E P:nvmxdIzc V:82  H:333
C062FF $0A             ASL                             A:0448 X:0050 Y:0050 S:033F D:0000 DB:7E P:nvmxdIZc V:83  H:6  
C06300 $26 $2E         ROL $2E [00002E] = $0000        A:0890 X:0050 Y:0050 S:033F D:0000 DB:7E P:nvmxdIzc V:83  H:9  
C06302 $18             CLC                             A:0890 X:0050 Y:0050 S:033F D:0000 DB:7E P:nvmxdIZc V:83  H:21 
C06303 $69 $A0 $8E     ADC #$8EA0                      A:0890 X:0050 Y:0050 S:033F D:0000 DB:7E P:nvmxdIZc V:83  H:24 
C06306 $99 $AE $8B     STA $8BAE,Y [7E8BFE] = $FD00    A:9730 X:0050 Y:0050 S:033F D:0000 DB:7E P:NvmxdIzc V:83  H:29 
C06309 $A5 $2E         LDA $2E [00002E] = $0000        A:9730 X:0050 Y:0050 S:033F D:0000 DB:7E P:NvmxdIzc V:83  H:39 
C0630B $69 $E3 $00     ADC #$00E3                      A:0000 X:0050 Y:0050 S:033F D:0000 DB:7E P:nvmxdIZc V:83  H:46 
C0630E $99 $AE $8D     STA $8DAE,Y [7E8DFE] = $00D0    A:00E3 X:0050 Y:0050 S:033F D:0000 DB:7E P:nvmxdIzc V:83  H:50 
C06311 $A9 $10 $00     LDA #$0010                      A:00E3 X:0050 Y:0050 S:033F D:0000 DB:7E P:nvmxdIzc V:83  H:60 
C06314 $99 $AE $91     STA $91AE,Y [7E91FE] = $0020    A:0010 X:0050 Y:0050 S:033F D:0000 DB:7E P:nvmxdIzc V:83  H:65 
C06317 $8A             TXA                             A:0010 X:0050 Y:0050 S:033F D:0000 DB:7E P:nvmxdIzc V:83  H:75 
C06318 $0A             ASL                             A:0050 X:0050 Y:0050 S:033F D:0000 DB:7E P:nvmxdIzc V:83  H:78 
C06319 $0A             ASL                             A:00A0 X:0050 Y:0050 S:033F D:0000 DB:7E P:nvmxdIzc V:83  H:81 
C0631A $18             CLC                             A:0140 X:0050 Y:0050 S:033F D:0000 DB:7E P:nvmxdIzc V:83  H:84 
C0631B $6D $DF $99     ADC $99DF [7E99DF] = $4000      A:0140 X:0050 Y:0050 S:033F D:0000 DB:7E P:nvmxdIzc V:83  H:87 
C0631E $99 $AE $8F     STA $8FAE,Y [7E8FFE] = $0F80    A:4140 X:0050 Y:0050 S:033F D:0000 DB:7E P:nvmxdIzc V:83  H:95 
C06321 $EE $AE $93     INC $93AE [7E93AE] = $0050      A:4140 X:0050 Y:0050 S:033F D:0000 DB:7E P:nvmxdIzc V:83  H:105
C06324 $EE $AE $93     INC $93AE [7E93AE] = $0051      A:4140 X:0050 Y:0050 S:033F D:0000 DB:7E P:nvmxdIzc V:83  H:119
C06327 $E8             INX                             A:4140 X:0050 Y:0050 S:033F D:0000 DB:7E P:nvmxdIzc V:83  H:133
C06328 $E8             INX                             A:4140 X:0051 Y:0050 S:033F D:0000 DB:7E P:nvmxdIzc V:83  H:146
C06329 $E6 $2A         INC $2A [00002A] = $0028        A:4140 X:0052 Y:0050 S:033F D:0000 DB:7E P:nvmxdIzc V:83  H:149
C0632B $CE $7A $96     DEC $967A [7E967A] = $004D      A:4140 X:0052 Y:0050 S:033F D:0000 DB:7E P:nvmxdIzc V:83  H:162
C0632E $D0 $A9         BNE $C062D9                     A:4140 X:0052 Y:0050 S:033F D:0000 DB:7E P:nvmxdIzc V:83  H:176
C062D9 $A5 $2A         LDA $2A [00002A] = $0029        A:4140 X:0052 Y:0050 S:033F D:0000 DB:7E P:nvmxdIzc V:83  H:180
C062DB $CF $4E $B7 $7F CMP $7FB74E                     A:0029 X:0052 Y:0050 S:033F D:0000 DB:7E P:nvmxdIzc V:83  H:187
C062DF $B0 $08         BCS $C062E9                     A:0029 X:0052 Y:0050 S:033F D:0000 DB:7E P:NvmxdIzc V:83  H:197
C062E1 $AC $AE $93     LDY $93AE [7E93AE] = $0052      A:0029 X:0052 Y:0050 S:033F D:0000 DB:7E P:NvmxdIzc V:83  H:200
C062E4 $C0 $00 $02     CPY #$0200                      A:0029 X:0052 Y:0052 S:033F D:0000 DB:7E P:nvmxdIzc V:83  H:209
C062E7 $90 $06         BCC $C062EF                     A:0029 X:0052 Y:0052 S:033F D:0000 DB:7E P:NvmxdIzc V:83  H:213
C062EF $AC $AE $93     LDY $93AE [7E93AE] = $0052      A:0029 X:0052 Y:0052 S:033F D:0000 DB:7E P:NvmxdIzc V:83  H:218
C062F2 $BF $EA $AE $7F LDA $7FAEEA,X [7FAF3C] = $008A  A:0029 X:0052 Y:0052 S:033F D:0000 DB:7E P:nvmxdIzc V:83  H:226
C062F6 $0A             ASL                             A:008A X:0052 Y:0052 S:033F D:0000 DB:7E P:nvmxdIzc V:83  H:236
C062F7 $26 $2E         ROL $2E [00002E] = $0000        A:0114 X:0052 Y:0052 S:033F D:0000 DB:7E P:nvmxdIzc V:83  H:239
C062F9 $0A             ASL                             A:0114 X:0052 Y:0052 S:033F D:0000 DB:7E P:nvmxdIZc V:83  H:252
C062FA $26 $2E         ROL $2E [00002E] = $0000        A:0228 X:0052 Y:0052 S:033F D:0000 DB:7E P:nvmxdIzc V:83  H:255
C062FC $0A             ASL                             A:0228 X:0052 Y:0052 S:033F D:0000 DB:7E P:nvmxdIZc V:83  H:267
C062FD $26 $2E         ROL $2E [00002E] = $0000        A:0450 X:0052 Y:0052 S:033F D:0000 DB:7E P:nvmxdIzc V:83  H:270
C062FF $0A             ASL                             A:0450 X:0052 Y:0052 S:033F D:0000 DB:7E P:nvmxdIZc V:83  H:299
C06300 $26 $2E         ROL $2E [00002E] = $0000        A:08A0 X:0052 Y:0052 S:033F D:0000 DB:7E P:nvmxdIzc V:83  H:302
C06302 $18             CLC                             A:08A0 X:0052 Y:0052 S:033F D:0000 DB:7E P:nvmxdIZc V:83  H:315
C06303 $69 $A0 $8E     ADC #$8EA0                      A:08A0 X:0052 Y:0052 S:033F D:0000 DB:7E P:nvmxdIZc V:83  H:318
C06306 $99 $AE $8B     STA $8BAE,Y [7E8C00] = $FD20    A:9740 X:0052 Y:0052 S:033F D:0000 DB:7E P:NvmxdIzc V:83  H:322
C06309 $A5 $2E         LDA $2E [00002E] = $0000        A:9740 X:0052 Y:0052 S:033F D:0000 DB:7E P:NvmxdIzc V:83  H:331
C0630B $69 $E3 $00     ADC #$00E3                      A:0000 X:0052 Y:0052 S:033F D:0000 DB:7E P:nvmxdIZc V:83  H:338
C0630E $99 $AE $8D     STA $8DAE,Y [7E8E00] = $00D0    A:00E3 X:0052 Y:0052 S:033F D:0000 DB:7E P:nvmxdIzc V:84  H:3  
C06311 $A9 $10 $00     LDA #$0010                      A:00E3 X:0052 Y:0052 S:033F D:0000 DB:7E P:nvmxdIzc V:84  H:13 
C06314 $99 $AE $91     STA $91AE,Y [7E9200] = $0020    A:0010 X:0052 Y:0052 S:033F D:0000 DB:7E P:nvmxdIzc V:84  H:17 
C06317 $8A             TXA                             A:0010 X:0052 Y:0052 S:033F D:0000 DB:7E P:nvmxdIzc V:84  H:27 
C06318 $0A             ASL                             A:0052 X:0052 Y:0052 S:033F D:0000 DB:7E P:nvmxdIzc V:84  H:30 
C06319 $0A             ASL                             A:00A4 X:0052 Y:0052 S:033F D:0000 DB:7E P:nvmxdIzc V:84  H:33 
C0631A $18             CLC                             A:0148 X:0052 Y:0052 S:033F D:0000 DB:7E P:nvmxdIzc V:84  H:36 
C0631B $6D $DF $99     ADC $99DF [7E99DF] = $4000      A:0148 X:0052 Y:0052 S:033F D:0000 DB:7E P:nvmxdIzc V:84  H:39 
C0631E $99 $AE $8F     STA $8FAE,Y [7E9000] = $0F90    A:4148 X:0052 Y:0052 S:033F D:0000 DB:7E P:nvmxdIzc V:84  H:48 
C06321 $EE $AE $93     INC $93AE [7E93AE] = $0052      A:4148 X:0052 Y:0052 S:033F D:0000 DB:7E P:nvmxdIzc V:84  H:58 
C06324 $EE $AE $93     INC $93AE [7E93AE] = $0053      A:4148 X:0052 Y:0052 S:033F D:0000 DB:7E P:nvmxdIzc V:84  H:72 
C06327 $E8             INX                             A:4148 X:0052 Y:0052 S:033F D:0000 DB:7E P:nvmxdIzc V:84  H:86 
C06328 $E8             INX                             A:4148 X:0053 Y:0052 S:033F D:0000 DB:7E P:nvmxdIzc V:84  H:89 
C06329 $E6 $2A         INC $2A [00002A] = $0029        A:4148 X:0054 Y:0052 S:033F D:0000 DB:7E P:nvmxdIzc V:84  H:92 
C0632B $CE $7A $96     DEC $967A [7E967A] = $004C      A:4148 X:0054 Y:0052 S:033F D:0000 DB:7E P:nvmxdIzc V:84  H:104
C0632E $D0 $A9         BNE $C062D9                     A:4148 X:0054 Y:0052 S:033F D:0000 DB:7E P:nvmxdIzc V:84  H:118
C062D9 $A5 $2A         LDA $2A [00002A] = $002A        A:4148 X:0054 Y:0052 S:033F D:0000 DB:7E P:nvmxdIzc V:84  H:123
C062DB $CF $4E $B7 $7F CMP $7FB74E                     A:002A X:0054 Y:0052 S:033F D:0000 DB:7E P:nvmxdIzc V:84  H:130
C062DF $B0 $08         BCS $C062E9                     A:002A X:0054 Y:0052 S:033F D:0000 DB:7E P:NvmxdIzc V:84  H:150
C062E1 $AC $AE $93     LDY $93AE [7E93AE] = $0054      A:002A X:0054 Y:0052 S:033F D:0000 DB:7E P:NvmxdIzc V:84  H:153
C062E4 $C0 $00 $02     CPY #$0200                      A:002A X:0054 Y:0054 S:033F D:0000 DB:7E P:nvmxdIzc V:84  H:161
C062E7 $90 $06         BCC $C062EF                     A:002A X:0054 Y:0054 S:033F D:0000 DB:7E P:NvmxdIzc V:84  H:166
C062EF $AC $AE $93     LDY $93AE [7E93AE] = $0054      A:002A X:0054 Y:0054 S:033F D:0000 DB:7E P:NvmxdIzc V:84  H:170
C062F2 $BF $EA $AE $7F LDA $7FAEEA,X [7FAF3E] = $008B  A:002A X:0054 Y:0054 S:033F D:0000 DB:7E P:nvmxdIzc V:84  H:179
C062F6 $0A             ASL                             A:008B X:0054 Y:0054 S:033F D:0000 DB:7E P:nvmxdIzc V:84  H:189
C062F7 $26 $2E         ROL $2E [00002E] = $0000        A:0116 X:0054 Y:0054 S:033F D:0000 DB:7E P:nvmxdIzc V:84  H:192
C062F9 $0A             ASL                             A:0116 X:0054 Y:0054 S:033F D:0000 DB:7E P:nvmxdIZc V:84  H:204
C062FA $26 $2E         ROL $2E [00002E] = $0000        A:022C X:0054 Y:0054 S:033F D:0000 DB:7E P:nvmxdIzc V:84  H:207
C062FC $0A             ASL                             A:022C X:0054 Y:0054 S:033F D:0000 DB:7E P:nvmxdIZc V:84  H:220
C062FD $26 $2E         ROL $2E [00002E] = $0000        A:0458 X:0054 Y:0054 S:033F D:0000 DB:7E P:nvmxdIzc V:84  H:223
C062FF $0A             ASL                             A:0458 X:0054 Y:0054 S:033F D:0000 DB:7E P:nvmxdIZc V:84  H:235
C06300 $26 $2E         ROL $2E [00002E] = $0000        A:08B0 X:0054 Y:0054 S:033F D:0000 DB:7E P:nvmxdIzc V:84  H:238
C06302 $18             CLC                             A:08B0 X:0054 Y:0054 S:033F D:0000 DB:7E P:nvmxdIZc V:84  H:251
C06303 $69 $A0 $8E     ADC #$8EA0                      A:08B0 X:0054 Y:0054 S:033F D:0000 DB:7E P:nvmxdIZc V:84  H:254
C06306 $99 $AE $8B     STA $8BAE,Y [7E8C02] = $FD40    A:9750 X:0054 Y:0054 S:033F D:0000 DB:7E P:NvmxdIzc V:84  H:258
C06309 $A5 $2E         LDA $2E [00002E] = $0000        A:9750 X:0054 Y:0054 S:033F D:0000 DB:7E P:NvmxdIzc V:84  H:268
C0630B $69 $E3 $00     ADC #$00E3                      A:0000 X:0054 Y:0054 S:033F D:0000 DB:7E P:nvmxdIZc V:84  H:275
C0630E $99 $AE $8D     STA $8DAE,Y [7E8E02] = $00D0    A:00E3 X:0054 Y:0054 S:033F D:0000 DB:7E P:nvmxdIzc V:84  H:295
C06311 $A9 $10 $00     LDA #$0010                      A:00E3 X:0054 Y:0054 S:033F D:0000 DB:7E P:nvmxdIzc V:84  H:305
C06314 $99 $AE $91     STA $91AE,Y [7E9202] = $0020    A:0010 X:0054 Y:0054 S:033F D:0000 DB:7E P:nvmxdIzc V:84  H:309
C06317 $8A             TXA                             A:0010 X:0054 Y:0054 S:033F D:0000 DB:7E P:nvmxdIzc V:84  H:319
C06318 $0A             ASL                             A:0054 X:0054 Y:0054 S:033F D:0000 DB:7E P:nvmxdIzc V:84  H:322
C06319 $0A             ASL                             A:00A8 X:0054 Y:0054 S:033F D:0000 DB:7E P:nvmxdIzc V:84  H:325
C0631A $18             CLC                             A:0150 X:0054 Y:0054 S:033F D:0000 DB:7E P:nvmxdIzc V:84  H:327
C0631B $6D $DF $99     ADC $99DF [7E99DF] = $4000      A:0150 X:0054 Y:0054 S:033F D:0000 DB:7E P:nvmxdIzc V:84  H:330
C0631E $99 $AE $8F     STA $8FAE,Y [7E9002] = $0FA0    A:4150 X:0054 Y:0054 S:033F D:0000 DB:7E P:nvmxdIzc V:84  H:339
C06321 $EE $AE $93     INC $93AE [7E93AE] = $0054      A:4150 X:0054 Y:0054 S:033F D:0000 DB:7E P:nvmxdIzc V:85  H:9  
C06324 $EE $AE $93     INC $93AE [7E93AE] = $0055      A:4150 X:0054 Y:0054 S:033F D:0000 DB:7E P:nvmxdIzc V:85  H:23 
C06327 $E8             INX                             A:4150 X:0054 Y:0054 S:033F D:0000 DB:7E P:nvmxdIzc V:85  H:37 
C06328 $E8             INX                             A:4150 X:0055 Y:0054 S:033F D:0000 DB:7E P:nvmxdIzc V:85  H:40 
C06329 $E6 $2A         INC $2A [00002A] = $002A        A:4150 X:0056 Y:0054 S:033F D:0000 DB:7E P:nvmxdIzc V:85  H:43 
C0632B $CE $7A $96     DEC $967A [7E967A] = $004B      A:4150 X:0056 Y:0054 S:033F D:0000 DB:7E P:nvmxdIzc V:85  H:55 
C0632E $D0 $A9         BNE $C062D9                     A:4150 X:0056 Y:0054 S:033F D:0000 DB:7E P:nvmxdIzc V:85  H:69 
C062D9 $A5 $2A         LDA $2A [00002A] = $002B        A:4150 X:0056 Y:0054 S:033F D:0000 DB:7E P:nvmxdIzc V:85  H:74 
C062DB $CF $4E $B7 $7F CMP $7FB74E                     A:002B X:0056 Y:0054 S:033F D:0000 DB:7E P:nvmxdIzc V:85  H:81 
C062DF $B0 $08         BCS $C062E9                     A:002B X:0056 Y:0054 S:033F D:0000 DB:7E P:NvmxdIzc V:85  H:91 
C062E1 $AC $AE $93     LDY $93AE [7E93AE] = $0056      A:002B X:0056 Y:0054 S:033F D:0000 DB:7E P:NvmxdIzc V:85  H:94 
C062E4 $C0 $00 $02     CPY #$0200                      A:002B X:0056 Y:0056 S:033F D:0000 DB:7E P:nvmxdIzc V:85  H:102
C062E7 $90 $06         BCC $C062EF                     A:002B X:0056 Y:0056 S:033F D:0000 DB:7E P:NvmxdIzc V:85  H:107
C062EF $AC $AE $93     LDY $93AE [7E93AE] = $0056      A:002B X:0056 Y:0056 S:033F D:0000 DB:7E P:NvmxdIzc V:85  H:111
C062F2 $BF $EA $AE $7F LDA $7FAEEA,X [7FAF40] = $008C  A:002B X:0056 Y:0056 S:033F D:0000 DB:7E P:nvmxdIzc V:85  H:120
C062F6 $0A             ASL                             A:008C X:0056 Y:0056 S:033F D:0000 DB:7E P:nvmxdIzc V:85  H:130
C062F7 $26 $2E         ROL $2E [00002E] = $0000        A:0118 X:0056 Y:0056 S:033F D:0000 DB:7E P:nvmxdIzc V:85  H:133
C062F9 $0A             ASL                             A:0118 X:0056 Y:0056 S:033F D:0000 DB:7E P:nvmxdIZc V:85  H:155
C062FA $26 $2E         ROL $2E [00002E] = $0000        A:0230 X:0056 Y:0056 S:033F D:0000 DB:7E P:nvmxdIzc V:85  H:158
C062FC $0A             ASL                             A:0230 X:0056 Y:0056 S:033F D:0000 DB:7E P:nvmxdIZc V:85  H:171
C062FD $26 $2E         ROL $2E [00002E] = $0000        A:0460 X:0056 Y:0056 S:033F D:0000 DB:7E P:nvmxdIzc V:85  H:174
C062FF $0A             ASL                             A:0460 X:0056 Y:0056 S:033F D:0000 DB:7E P:nvmxdIZc V:85  H:186
C06300 $26 $2E         ROL $2E [00002E] = $0000        A:08C0 X:0056 Y:0056 S:033F D:0000 DB:7E P:nvmxdIzc V:85  H:189
C06302 $18             CLC                             A:08C0 X:0056 Y:0056 S:033F D:0000 DB:7E P:nvmxdIZc V:85  H:202
C06303 $69 $A0 $8E     ADC #$8EA0                      A:08C0 X:0056 Y:0056 S:033F D:0000 DB:7E P:nvmxdIZc V:85  H:205
C06306 $99 $AE $8B     STA $8BAE,Y [7E8C04] = $FD60    A:9760 X:0056 Y:0056 S:033F D:0000 DB:7E P:NvmxdIzc V:85  H:209
C06309 $A5 $2E         LDA $2E [00002E] = $0000        A:9760 X:0056 Y:0056 S:033F D:0000 DB:7E P:NvmxdIzc V:85  H:219
C0630B $69 $E3 $00     ADC #$00E3                      A:0000 X:0056 Y:0056 S:033F D:0000 DB:7E P:nvmxdIZc V:85  H:226
C0630E $99 $AE $8D     STA $8DAE,Y [7E8E04] = $00D0    A:00E3 X:0056 Y:0056 S:033F D:0000 DB:7E P:nvmxdIzc V:85  H:231
C06311 $A9 $10 $00     LDA #$0010                      A:00E3 X:0056 Y:0056 S:033F D:0000 DB:7E P:nvmxdIzc V:85  H:241
C06314 $99 $AE $91     STA $91AE,Y [7E9204] = $0020    A:0010 X:0056 Y:0056 S:033F D:0000 DB:7E P:nvmxdIzc V:85  H:245
C06317 $8A             TXA                             A:0010 X:0056 Y:0056 S:033F D:0000 DB:7E P:nvmxdIzc V:85  H:255
C06318 $0A             ASL                             A:0056 X:0056 Y:0056 S:033F D:0000 DB:7E P:nvmxdIzc V:85  H:258
C06319 $0A             ASL                             A:00AC X:0056 Y:0056 S:033F D:0000 DB:7E P:nvmxdIzc V:85  H:261
C0631A $18             CLC                             A:0158 X:0056 Y:0056 S:033F D:0000 DB:7E P:nvmxdIzc V:85  H:264
C0631B $6D $DF $99     ADC $99DF [7E99DF] = $4000      A:0158 X:0056 Y:0056 S:033F D:0000 DB:7E P:nvmxdIzc V:85  H:267
C0631E $99 $AE $8F     STA $8FAE,Y [7E9004] = $0FB0    A:4158 X:0056 Y:0056 S:033F D:0000 DB:7E P:nvmxdIzc V:85  H:276
C06321 $EE $AE $93     INC $93AE [7E93AE] = $0056      A:4158 X:0056 Y:0056 S:033F D:0000 DB:7E P:nvmxdIzc V:85  H:302
C06324 $EE $AE $93     INC $93AE [7E93AE] = $0057      A:4158 X:0056 Y:0056 S:033F D:0000 DB:7E P:nvmxdIzc V:85  H:316
C06327 $E8             INX                             A:4158 X:0056 Y:0056 S:033F D:0000 DB:7E P:nvmxdIzc V:85  H:329
C06328 $E8             INX                             A:4158 X:0057 Y:0056 S:033F D:0000 DB:7E P:nvmxdIzc V:85  H:332
C06329 $E6 $2A         INC $2A [00002A] = $002B        A:4158 X:0058 Y:0056 S:033F D:0000 DB:7E P:nvmxdIzc V:85  H:335
C0632B $CE $7A $96     DEC $967A [7E967A] = $004A      A:4158 X:0058 Y:0056 S:033F D:0000 DB:7E P:nvmxdIzc V:86  H:8  
C0632E $D0 $A9         BNE $C062D9                     A:4158 X:0058 Y:0056 S:033F D:0000 DB:7E P:nvmxdIzc V:86  H:22 
C062D9 $A5 $2A         LDA $2A [00002A] = $002C        A:4158 X:0058 Y:0056 S:033F D:0000 DB:7E P:nvmxdIzc V:86  H:26 
C062DB $CF $4E $B7 $7F CMP $7FB74E                     A:002C X:0058 Y:0056 S:033F D:0000 DB:7E P:nvmxdIzc V:86  H:33 
C062DF $B0 $08         BCS $C062E9                     A:002C X:0058 Y:0056 S:033F D:0000 DB:7E P:NvmxdIzc V:86  H:43 
C062E1 $AC $AE $93     LDY $93AE [7E93AE] = $0058      A:002C X:0058 Y:0056 S:033F D:0000 DB:7E P:NvmxdIzc V:86  H:46 
C062E4 $C0 $00 $02     CPY #$0200                      A:002C X:0058 Y:0058 S:033F D:0000 DB:7E P:nvmxdIzc V:86  H:55 
C062E7 $90 $06         BCC $C062EF                     A:002C X:0058 Y:0058 S:033F D:0000 DB:7E P:NvmxdIzc V:86  H:59 
C062EF $AC $AE $93     LDY $93AE [7E93AE] = $0058      A:002C X:0058 Y:0058 S:033F D:0000 DB:7E P:NvmxdIzc V:86  H:64 
C062F2 $BF $EA $AE $7F LDA $7FAEEA,X [7FAF42] = $008D  A:002C X:0058 Y:0058 S:033F D:0000 DB:7E P:nvmxdIzc V:86  H:72 
C062F6 $0A             ASL                             A:008D X:0058 Y:0058 S:033F D:0000 DB:7E P:nvmxdIzc V:86  H:82 
C062F7 $26 $2E         ROL $2E [00002E] = $0000        A:011A X:0058 Y:0058 S:033F D:0000 DB:7E P:nvmxdIzc V:86  H:85 
C062F9 $0A             ASL                             A:011A X:0058 Y:0058 S:033F D:0000 DB:7E P:nvmxdIZc V:86  H:98 
C062FA $26 $2E         ROL $2E [00002E] = $0000        A:0234 X:0058 Y:0058 S:033F D:0000 DB:7E P:nvmxdIzc V:86  H:101
C062FC $0A             ASL                             A:0234 X:0058 Y:0058 S:033F D:0000 DB:7E P:nvmxdIZc V:86  H:113
C062FD $26 $2E         ROL $2E [00002E] = $0000        A:0468 X:0058 Y:0058 S:033F D:0000 DB:7E P:nvmxdIzc V:86  H:116
C062FF $0A             ASL                             A:0468 X:0058 Y:0058 S:033F D:0000 DB:7E P:nvmxdIZc V:86  H:129
C06300 $26 $2E         ROL $2E [00002E] = $0000        A:08D0 X:0058 Y:0058 S:033F D:0000 DB:7E P:nvmxdIzc V:86  H:132
C06302 $18             CLC                             A:08D0 X:0058 Y:0058 S:033F D:0000 DB:7E P:nvmxdIZc V:86  H:154
C06303 $69 $A0 $8E     ADC #$8EA0                      A:08D0 X:0058 Y:0058 S:033F D:0000 DB:7E P:nvmxdIZc V:86  H:157
C06306 $99 $AE $8B     STA $8BAE,Y [7E8C06] = $FD80    A:9770 X:0058 Y:0058 S:033F D:0000 DB:7E P:NvmxdIzc V:86  H:162
C06309 $A5 $2E         LDA $2E [00002E] = $0000        A:9770 X:0058 Y:0058 S:033F D:0000 DB:7E P:NvmxdIzc V:86  H:172
C0630B $69 $E3 $00     ADC #$00E3                      A:0000 X:0058 Y:0058 S:033F D:0000 DB:7E P:nvmxdIZc V:86  H:179
C0630E $99 $AE $8D     STA $8DAE,Y [7E8E06] = $00D0    A:00E3 X:0058 Y:0058 S:033F D:0000 DB:7E P:nvmxdIzc V:86  H:183
C06311 $A9 $10 $00     LDA #$0010                      A:00E3 X:0058 Y:0058 S:033F D:0000 DB:7E P:nvmxdIzc V:86  H:193
C06314 $99 $AE $91     STA $91AE,Y [7E9206] = $0020    A:0010 X:0058 Y:0058 S:033F D:0000 DB:7E P:nvmxdIzc V:86  H:198
C06317 $8A             TXA                             A:0010 X:0058 Y:0058 S:033F D:0000 DB:7E P:nvmxdIzc V:86  H:208
C06318 $0A             ASL                             A:0058 X:0058 Y:0058 S:033F D:0000 DB:7E P:nvmxdIzc V:86  H:211
C06319 $0A             ASL                             A:00B0 X:0058 Y:0058 S:033F D:0000 DB:7E P:nvmxdIzc V:86  H:214
C0631A $18             CLC                             A:0160 X:0058 Y:0058 S:033F D:0000 DB:7E P:nvmxdIzc V:86  H:217
C0631B $6D $DF $99     ADC $99DF [7E99DF] = $4000      A:0160 X:0058 Y:0058 S:033F D:0000 DB:7E P:nvmxdIzc V:86  H:220
C0631E $99 $AE $8F     STA $8FAE,Y [7E9006] = $0FC0    A:4160 X:0058 Y:0058 S:033F D:0000 DB:7E P:nvmxdIzc V:86  H:228
C06321 $EE $AE $93     INC $93AE [7E93AE] = $0058      A:4160 X:0058 Y:0058 S:033F D:0000 DB:7E P:nvmxdIzc V:86  H:238
C06324 $EE $AE $93     INC $93AE [7E93AE] = $0059      A:4160 X:0058 Y:0058 S:033F D:0000 DB:7E P:nvmxdIzc V:86  H:252
C06327 $E8             INX                             A:4160 X:0058 Y:0058 S:033F D:0000 DB:7E P:nvmxdIzc V:86  H:266
C06328 $E8             INX                             A:4160 X:0059 Y:0058 S:033F D:0000 DB:7E P:nvmxdIzc V:86  H:269
C06329 $E6 $2A         INC $2A [00002A] = $002C        A:4160 X:005A Y:0058 S:033F D:0000 DB:7E P:nvmxdIzc V:86  H:272
C0632B $CE $7A $96     DEC $967A [7E967A] = $0049      A:4160 X:005A Y:0058 S:033F D:0000 DB:7E P:nvmxdIzc V:86  H:303
C0632E $D0 $A9         BNE $C062D9                     A:4160 X:005A Y:0058 S:033F D:0000 DB:7E P:nvmxdIzc V:86  H:317
C062D9 $A5 $2A         LDA $2A [00002A] = $002D        A:4160 X:005A Y:0058 S:033F D:0000 DB:7E P:nvmxdIzc V:86  H:321
C062DB $CF $4E $B7 $7F CMP $7FB74E                     A:002D X:005A Y:0058 S:033F D:0000 DB:7E P:nvmxdIzc V:86  H:327
C062DF $B0 $08         BCS $C062E9                     A:002D X:005A Y:0058 S:033F D:0000 DB:7E P:NvmxdIzc V:86  H:337
C062E1 $AC $AE $93     LDY $93AE [7E93AE] = $005A      A:002D X:005A Y:0058 S:033F D:0000 DB:7E P:NvmxdIzc V:87  H:0  
C062E4 $C0 $00 $02     CPY #$0200                      A:002D X:005A Y:005A S:033F D:0000 DB:7E P:nvmxdIzc V:87  H:9  
C062E7 $90 $06         BCC $C062EF                     A:002D X:005A Y:005A S:033F D:0000 DB:7E P:NvmxdIzc V:87  H:13 
C062EF $AC $AE $93     LDY $93AE [7E93AE] = $005A      A:002D X:005A Y:005A S:033F D:0000 DB:7E P:NvmxdIzc V:87  H:18 
C062F2 $BF $EA $AE $7F LDA $7FAEEA,X [7FAF44] = $008E  A:002D X:005A Y:005A S:033F D:0000 DB:7E P:nvmxdIzc V:87  H:26 
C062F6 $0A             ASL                             A:008E X:005A Y:005A S:033F D:0000 DB:7E P:nvmxdIzc V:87  H:36 
C062F7 $26 $2E         ROL $2E [00002E] = $0000        A:011C X:005A Y:005A S:033F D:0000 DB:7E P:nvmxdIzc V:87  H:39 
C062F9 $0A             ASL                             A:011C X:005A Y:005A S:033F D:0000 DB:7E P:nvmxdIZc V:87  H:52 
C062FA $26 $2E         ROL $2E [00002E] = $0000        A:0238 X:005A Y:005A S:033F D:0000 DB:7E P:nvmxdIzc V:87  H:55 
C062FC $0A             ASL                             A:0238 X:005A Y:005A S:033F D:0000 DB:7E P:nvmxdIZc V:87  H:67 
C062FD $26 $2E         ROL $2E [00002E] = $0000        A:0470 X:005A Y:005A S:033F D:0000 DB:7E P:nvmxdIzc V:87  H:70 
C062FF $0A             ASL                             A:0470 X:005A Y:005A S:033F D:0000 DB:7E P:nvmxdIZc V:87  H:83 
C06300 $26 $2E         ROL $2E [00002E] = $0000        A:08E0 X:005A Y:005A S:033F D:0000 DB:7E P:nvmxdIzc V:87  H:86 
C06302 $18             CLC                             A:08E0 X:005A Y:005A S:033F D:0000 DB:7E P:nvmxdIZc V:87  H:98 
C06303 $69 $A0 $8E     ADC #$8EA0                      A:08E0 X:005A Y:005A S:033F D:0000 DB:7E P:nvmxdIZc V:87  H:101
C06306 $99 $AE $8B     STA $8BAE,Y [7E8C08] = $FDA0    A:9780 X:005A Y:005A S:033F D:0000 DB:7E P:NvmxdIzc V:87  H:106
C06309 $A5 $2E         LDA $2E [00002E] = $0000        A:9780 X:005A Y:005A S:033F D:0000 DB:7E P:NvmxdIzc V:87  H:116
C0630B $69 $E3 $00     ADC #$00E3                      A:0000 X:005A Y:005A S:033F D:0000 DB:7E P:nvmxdIZc V:87  H:123
C0630E $99 $AE $8D     STA $8DAE,Y [7E8E08] = $00D0    A:00E3 X:005A Y:005A S:033F D:0000 DB:7E P:nvmxdIzc V:87  H:127
C06311 $A9 $10 $00     LDA #$0010                      A:00E3 X:005A Y:005A S:033F D:0000 DB:7E P:nvmxdIzc V:87  H:147
C06314 $99 $AE $91     STA $91AE,Y [7E9208] = $0020    A:0010 X:005A Y:005A S:033F D:0000 DB:7E P:nvmxdIzc V:87  H:152
C06317 $8A             TXA                             A:0010 X:005A Y:005A S:033F D:0000 DB:7E P:nvmxdIzc V:87  H:162
C06318 $0A             ASL                             A:005A X:005A Y:005A S:033F D:0000 DB:7E P:nvmxdIzc V:87  H:165
C06319 $0A             ASL                             A:00B4 X:005A Y:005A S:033F D:0000 DB:7E P:nvmxdIzc V:87  H:168
C0631A $18             CLC                             A:0168 X:005A Y:005A S:033F D:0000 DB:7E P:nvmxdIzc V:87  H:171
C0631B $6D $DF $99     ADC $99DF [7E99DF] = $4000      A:0168 X:005A Y:005A S:033F D:0000 DB:7E P:nvmxdIzc V:87  H:174
C0631E $99 $AE $8F     STA $8FAE,Y [7E9008] = $0FD0    A:4168 X:005A Y:005A S:033F D:0000 DB:7E P:nvmxdIzc V:87  H:182
C06321 $EE $AE $93     INC $93AE [7E93AE] = $005A      A:4168 X:005A Y:005A S:033F D:0000 DB:7E P:nvmxdIzc V:87  H:192
C06324 $EE $AE $93     INC $93AE [7E93AE] = $005B      A:4168 X:005A Y:005A S:033F D:0000 DB:7E P:nvmxdIzc V:87  H:206
C06327 $E8             INX                             A:4168 X:005A Y:005A S:033F D:0000 DB:7E P:nvmxdIzc V:87  H:220
C06328 $E8             INX                             A:4168 X:005B Y:005A S:033F D:0000 DB:7E P:nvmxdIzc V:87  H:223
C06329 $E6 $2A         INC $2A [00002A] = $002D        A:4168 X:005C Y:005A S:033F D:0000 DB:7E P:nvmxdIzc V:87  H:226
C0632B $CE $7A $96     DEC $967A [7E967A] = $0048      A:4168 X:005C Y:005A S:033F D:0000 DB:7E P:nvmxdIzc V:87  H:239
C0632E $D0 $A9         BNE $C062D9                     A:4168 X:005C Y:005A S:033F D:0000 DB:7E P:nvmxdIzc V:87  H:253
C062D9 $A5 $2A         LDA $2A [00002A] = $002E        A:4168 X:005C Y:005A S:033F D:0000 DB:7E P:nvmxdIzc V:87  H:257
C062DB $CF $4E $B7 $7F CMP $7FB74E                     A:002E X:005C Y:005A S:033F D:0000 DB:7E P:nvmxdIzc V:87  H:264
C062DF $B0 $08         BCS $C062E9                     A:002E X:005C Y:005A S:033F D:0000 DB:7E P:NvmxdIzc V:87  H:274
C062E1 $AC $AE $93     LDY $93AE [7E93AE] = $005C      A:002E X:005C Y:005A S:033F D:0000 DB:7E P:NvmxdIzc V:87  H:318
C062E4 $C0 $00 $02     CPY #$0200                      A:002E X:005C Y:005C S:033F D:0000 DB:7E P:nvmxdIzc V:87  H:326
C062E7 $90 $06         BCC $C062EF                     A:002E X:005C Y:005C S:033F D:0000 DB:7E P:NvmxdIzc V:87  H:330
C062EF $AC $AE $93     LDY $93AE [7E93AE] = $005C      A:002E X:005C Y:005C S:033F D:0000 DB:7E P:NvmxdIzc V:87  H:334
C062F2 $BF $EA $AE $7F LDA $7FAEEA,X [7FAF46] = $008F  A:002E X:005C Y:005C S:033F D:0000 DB:7E P:nvmxdIzc V:88  H:3  
C062F6 $0A             ASL                             A:008F X:005C Y:005C S:033F D:0000 DB:7E P:nvmxdIzc V:88  H:13 
C062F7 $26 $2E         ROL $2E [00002E] = $0000        A:011E X:005C Y:005C S:033F D:0000 DB:7E P:nvmxdIzc V:88  H:16 
C062F9 $0A             ASL                             A:011E X:005C Y:005C S:033F D:0000 DB:7E P:nvmxdIZc V:88  H:28 
C062FA $26 $2E         ROL $2E [00002E] = $0000        A:023C X:005C Y:005C S:033F D:0000 DB:7E P:nvmxdIzc V:88  H:31 
C062FC $0A             ASL                             A:023C X:005C Y:005C S:033F D:0000 DB:7E P:nvmxdIZc V:88  H:44 
C062FD $26 $2E         ROL $2E [00002E] = $0000        A:0478 X:005C Y:005C S:033F D:0000 DB:7E P:nvmxdIzc V:88  H:47 
C062FF $0A             ASL                             A:0478 X:005C Y:005C S:033F D:0000 DB:7E P:nvmxdIZc V:88  H:59 
C06300 $26 $2E         ROL $2E [00002E] = $0000        A:08F0 X:005C Y:005C S:033F D:0000 DB:7E P:nvmxdIzc V:88  H:62 
C06302 $18             CLC                             A:08F0 X:005C Y:005C S:033F D:0000 DB:7E P:nvmxdIZc V:88  H:75 
C06303 $69 $A0 $8E     ADC #$8EA0                      A:08F0 X:005C Y:005C S:033F D:0000 DB:7E P:nvmxdIZc V:88  H:78 
C06306 $99 $AE $8B     STA $8BAE,Y [7E8C0A] = $FDC0    A:9790 X:005C Y:005C S:033F D:0000 DB:7E P:NvmxdIzc V:88  H:82 
C06309 $A5 $2E         LDA $2E [00002E] = $0000        A:9790 X:005C Y:005C S:033F D:0000 DB:7E P:NvmxdIzc V:88  H:92 
C0630B $69 $E3 $00     ADC #$00E3                      A:0000 X:005C Y:005C S:033F D:0000 DB:7E P:nvmxdIZc V:88  H:99 
C0630E $99 $AE $8D     STA $8DAE,Y [7E8E0A] = $00D0    A:00E3 X:005C Y:005C S:033F D:0000 DB:7E P:nvmxdIzc V:88  H:104
C06311 $A9 $10 $00     LDA #$0010                      A:00E3 X:005C Y:005C S:033F D:0000 DB:7E P:nvmxdIzc V:88  H:114
C06314 $99 $AE $91     STA $91AE,Y [7E920A] = $0020    A:0010 X:005C Y:005C S:033F D:0000 DB:7E P:nvmxdIzc V:88  H:118
C06317 $8A             TXA                             A:0010 X:005C Y:005C S:033F D:0000 DB:7E P:nvmxdIzc V:88  H:128
C06318 $0A             ASL                             A:005C X:005C Y:005C S:033F D:0000 DB:7E P:nvmxdIzc V:88  H:131
C06319 $0A             ASL                             A:00B8 X:005C Y:005C S:033F D:0000 DB:7E P:nvmxdIzc V:88  H:144
C0631A $18             CLC                             A:0170 X:005C Y:005C S:033F D:0000 DB:7E P:nvmxdIzc V:88  H:147
C0631B $6D $DF $99     ADC $99DF [7E99DF] = $4000      A:0170 X:005C Y:005C S:033F D:0000 DB:7E P:nvmxdIzc V:88  H:150
C0631E $99 $AE $8F     STA $8FAE,Y [7E900A] = $0FE0    A:4170 X:005C Y:005C S:033F D:0000 DB:7E P:nvmxdIzc V:88  H:159
C06321 $EE $AE $93     INC $93AE [7E93AE] = $005C      A:4170 X:005C Y:005C S:033F D:0000 DB:7E P:nvmxdIzc V:88  H:169
C06324 $EE $AE $93     INC $93AE [7E93AE] = $005D      A:4170 X:005C Y:005C S:033F D:0000 DB:7E P:nvmxdIzc V:88  H:183
C06327 $E8             INX                             A:4170 X:005C Y:005C S:033F D:0000 DB:7E P:nvmxdIzc V:88  H:197
C06328 $E8             INX                             A:4170 X:005D Y:005C S:033F D:0000 DB:7E P:nvmxdIzc V:88  H:200
C06329 $E6 $2A         INC $2A [00002A] = $002E        A:4170 X:005E Y:005C S:033F D:0000 DB:7E P:nvmxdIzc V:88  H:203
C0632B $CE $7A $96     DEC $967A [7E967A] = $0047      A:4170 X:005E Y:005C S:033F D:0000 DB:7E P:nvmxdIzc V:88  H:215
C0632E $D0 $A9         BNE $C062D9                     A:4170 X:005E Y:005C S:033F D:0000 DB:7E P:nvmxdIzc V:88  H:229
C062D9 $A5 $2A         LDA $2A [00002A] = $002F        A:4170 X:005E Y:005C S:033F D:0000 DB:7E P:nvmxdIzc V:88  H:234
C062DB $CF $4E $B7 $7F CMP $7FB74E                     A:002F X:005E Y:005C S:033F D:0000 DB:7E P:nvmxdIzc V:88  H:241
C062DF $B0 $08         BCS $C062E9                     A:002F X:005E Y:005C S:033F D:0000 DB:7E P:NvmxdIzc V:88  H:251
C062E1 $AC $AE $93     LDY $93AE [7E93AE] = $005E      A:002F X:005E Y:005C S:033F D:0000 DB:7E P:NvmxdIzc V:88  H:254
C062E4 $C0 $00 $02     CPY #$0200                      A:002F X:005E Y:005E S:033F D:0000 DB:7E P:nvmxdIzc V:88  H:262
C062E7 $90 $06         BCC $C062EF                     A:002F X:005E Y:005E S:033F D:0000 DB:7E P:NvmxdIzc V:88  H:267
C062EF $AC $AE $93     LDY $93AE [7E93AE] = $005E      A:002F X:005E Y:005E S:033F D:0000 DB:7E P:NvmxdIzc V:88  H:271
C062F2 $BF $EA $AE $7F LDA $7FAEEA,X [7FAF48] = $0090  A:002F X:005E Y:005E S:033F D:0000 DB:7E P:nvmxdIzc V:88  H:322
C062F6 $0A             ASL                             A:0090 X:005E Y:005E S:033F D:0000 DB:7E P:nvmxdIzc V:88  H:331
C062F7 $26 $2E         ROL $2E [00002E] = $0000        A:0120 X:005E Y:005E S:033F D:0000 DB:7E P:nvmxdIzc V:88  H:334
C062F9 $0A             ASL                             A:0120 X:005E Y:005E S:033F D:0000 DB:7E P:nvmxdIZc V:89  H:6  
C062FA $26 $2E         ROL $2E [00002E] = $0000        A:0240 X:005E Y:005E S:033F D:0000 DB:7E P:nvmxdIzc V:89  H:9  
C062FC $0A             ASL                             A:0240 X:005E Y:005E S:033F D:0000 DB:7E P:nvmxdIZc V:89  H:22 
C062FD $26 $2E         ROL $2E [00002E] = $0000        A:0480 X:005E Y:005E S:033F D:0000 DB:7E P:nvmxdIzc V:89  H:25 
C062FF $0A             ASL                             A:0480 X:005E Y:005E S:033F D:0000 DB:7E P:nvmxdIZc V:89  H:37 
C06300 $26 $2E         ROL $2E [00002E] = $0000        A:0900 X:005E Y:005E S:033F D:0000 DB:7E P:nvmxdIzc V:89  H:40 
C06302 $18             CLC                             A:0900 X:005E Y:005E S:033F D:0000 DB:7E P:nvmxdIZc V:89  H:53 
C06303 $69 $A0 $8E     ADC #$8EA0                      A:0900 X:005E Y:005E S:033F D:0000 DB:7E P:nvmxdIZc V:89  H:56 
C06306 $99 $AE $8B     STA $8BAE,Y [7E8C0C] = $FDE0    A:97A0 X:005E Y:005E S:033F D:0000 DB:7E P:NvmxdIzc V:89  H:60 
C06309 $A5 $2E         LDA $2E [00002E] = $0000        A:97A0 X:005E Y:005E S:033F D:0000 DB:7E P:NvmxdIzc V:89  H:70 
C0630B $69 $E3 $00     ADC #$00E3                      A:0000 X:005E Y:005E S:033F D:0000 DB:7E P:nvmxdIZc V:89  H:77 
C0630E $99 $AE $8D     STA $8DAE,Y [7E8E0C] = $00D0    A:00E3 X:005E Y:005E S:033F D:0000 DB:7E P:nvmxdIzc V:89  H:82 
C06311 $A9 $10 $00     LDA #$0010                      A:00E3 X:005E Y:005E S:033F D:0000 DB:7E P:nvmxdIzc V:89  H:92 
C06314 $99 $AE $91     STA $91AE,Y [7E920C] = $0020    A:0010 X:005E Y:005E S:033F D:0000 DB:7E P:nvmxdIzc V:89  H:96 
C06317 $8A             TXA                             A:0010 X:005E Y:005E S:033F D:0000 DB:7E P:nvmxdIzc V:89  H:106
C06318 $0A             ASL                             A:005E X:005E Y:005E S:033F D:0000 DB:7E P:nvmxdIzc V:89  H:109
C06319 $0A             ASL                             A:00BC X:005E Y:005E S:033F D:0000 DB:7E P:nvmxdIzc V:89  H:112
C0631A $18             CLC                             A:0178 X:005E Y:005E S:033F D:0000 DB:7E P:nvmxdIzc V:89  H:115
C0631B $6D $DF $99     ADC $99DF [7E99DF] = $4000      A:0178 X:005E Y:005E S:033F D:0000 DB:7E P:nvmxdIzc V:89  H:118
C0631E $99 $AE $8F     STA $8FAE,Y [7E900C] = $0FF0    A:4178 X:005E Y:005E S:033F D:0000 DB:7E P:nvmxdIzc V:89  H:127
C06321 $EE $AE $93     INC $93AE [7E93AE] = $005E      A:4178 X:005E Y:005E S:033F D:0000 DB:7E P:nvmxdIzc V:89  H:147
C06324 $EE $AE $93     INC $93AE [7E93AE] = $005F      A:4178 X:005E Y:005E S:033F D:0000 DB:7E P:nvmxdIzc V:89  H:161
C06327 $E8             INX                             A:4178 X:005E Y:005E S:033F D:0000 DB:7E P:nvmxdIzc V:89  H:175
C06328 $E8             INX                             A:4178 X:005F Y:005E S:033F D:0000 DB:7E P:nvmxdIzc V:89  H:178
C06329 $E6 $2A         INC $2A [00002A] = $002F        A:4178 X:0060 Y:005E S:033F D:0000 DB:7E P:nvmxdIzc V:89  H:181
C0632B $CE $7A $96     DEC $967A [7E967A] = $0046      A:4178 X:0060 Y:005E S:033F D:0000 DB:7E P:nvmxdIzc V:89  H:193
C0632E $D0 $A9         BNE $C062D9                     A:4178 X:0060 Y:005E S:033F D:0000 DB:7E P:nvmxdIzc V:89  H:207
C062D9 $A5 $2A         LDA $2A [00002A] = $0030        A:4178 X:0060 Y:005E S:033F D:0000 DB:7E P:nvmxdIzc V:89  H:212
C062DB $CF $4E $B7 $7F CMP $7FB74E                     A:0030 X:0060 Y:005E S:033F D:0000 DB:7E P:nvmxdIzc V:89  H:219
C062DF $B0 $08         BCS $C062E9                     A:0030 X:0060 Y:005E S:033F D:0000 DB:7E P:NvmxdIzc V:89  H:229
C062E1 $AC $AE $93     LDY $93AE [7E93AE] = $0060      A:0030 X:0060 Y:005E S:033F D:0000 DB:7E P:NvmxdIzc V:89  H:232
C062E4 $C0 $00 $02     CPY #$0200                      A:0030 X:0060 Y:0060 S:033F D:0000 DB:7E P:nvmxdIzc V:89  H:240
C062E7 $90 $06         BCC $C062EF                     A:0030 X:0060 Y:0060 S:033F D:0000 DB:7E P:NvmxdIzc V:89  H:245
C062EF $AC $AE $93     LDY $93AE [7E93AE] = $0060      A:0030 X:0060 Y:0060 S:033F D:0000 DB:7E P:NvmxdIzc V:89  H:249
C062F2 $BF $EA $AE $7F LDA $7FAEEA,X [7FAF4A] = $0091  A:0030 X:0060 Y:0060 S:033F D:0000 DB:7E P:nvmxdIzc V:89  H:258
C062F6 $0A             ASL                             A:0091 X:0060 Y:0060 S:033F D:0000 DB:7E P:nvmxdIzc V:89  H:268
C062F7 $26 $2E         ROL $2E [00002E] = $0000        A:0122 X:0060 Y:0060 S:033F D:0000 DB:7E P:nvmxdIzc V:89  H:271
C062F9 $0A             ASL                             A:0122 X:0060 Y:0060 S:033F D:0000 DB:7E P:nvmxdIZc V:89  H:298
C062FA $26 $2E         ROL $2E [00002E] = $0000        A:0244 X:0060 Y:0060 S:033F D:0000 DB:7E P:nvmxdIzc V:89  H:301
C062FC $0A             ASL                             A:0244 X:0060 Y:0060 S:033F D:0000 DB:7E P:nvmxdIZc V:89  H:314
C062FD $26 $2E         ROL $2E [00002E] = $0000        A:0488 X:0060 Y:0060 S:033F D:0000 DB:7E P:nvmxdIzc V:89  H:317
C062FF $0A             ASL                             A:0488 X:0060 Y:0060 S:033F D:0000 DB:7E P:nvmxdIZc V:89  H:328
C06300 $26 $2E         ROL $2E [00002E] = $0000        A:0910 X:0060 Y:0060 S:033F D:0000 DB:7E P:nvmxdIzc V:89  H:331
C06302 $18             CLC                             A:0910 X:0060 Y:0060 S:033F D:0000 DB:7E P:nvmxdIZc V:90  H:4  
C06303 $69 $A0 $8E     ADC #$8EA0                      A:0910 X:0060 Y:0060 S:033F D:0000 DB:7E P:nvmxdIZc V:90  H:7  
C06306 $99 $AE $8B     STA $8BAE,Y [7E8C0E] = $E400    A:97B0 X:0060 Y:0060 S:033F D:0000 DB:7E P:NvmxdIzc V:90  H:11 
C06309 $A5 $2E         LDA $2E [00002E] = $0000        A:97B0 X:0060 Y:0060 S:033F D:0000 DB:7E P:NvmxdIzc V:90  H:21 
C0630B $69 $E3 $00     ADC #$00E3                      A:0000 X:0060 Y:0060 S:033F D:0000 DB:7E P:nvmxdIZc V:90  H:28 
C0630E $99 $AE $8D     STA $8DAE,Y [7E8E0E] = $00D0    A:00E3 X:0060 Y:0060 S:033F D:0000 DB:7E P:nvmxdIzc V:90  H:33 
C06311 $A9 $10 $00     LDA #$0010                      A:00E3 X:0060 Y:0060 S:033F D:0000 DB:7E P:nvmxdIzc V:90  H:43 
C06314 $99 $AE $91     STA $91AE,Y [7E920E] = $0020    A:0010 X:0060 Y:0060 S:033F D:0000 DB:7E P:nvmxdIzc V:90  H:47 
C06317 $8A             TXA                             A:0010 X:0060 Y:0060 S:033F D:0000 DB:7E P:nvmxdIzc V:90  H:57 
C06318 $0A             ASL                             A:0060 X:0060 Y:0060 S:033F D:0000 DB:7E P:nvmxdIzc V:90  H:60 
C06319 $0A             ASL                             A:00C0 X:0060 Y:0060 S:033F D:0000 DB:7E P:nvmxdIzc V:90  H:63 
C0631A $18             CLC                             A:0180 X:0060 Y:0060 S:033F D:0000 DB:7E P:nvmxdIzc V:90  H:66 
C0631B $6D $DF $99     ADC $99DF [7E99DF] = $4000      A:0180 X:0060 Y:0060 S:033F D:0000 DB:7E P:nvmxdIzc V:90  H:69 
C0631E $99 $AE $8F     STA $8FAE,Y [7E900E] = $0300    A:4180 X:0060 Y:0060 S:033F D:0000 DB:7E P:nvmxdIzc V:90  H:78 
C06321 $EE $AE $93     INC $93AE [7E93AE] = $0060      A:4180 X:0060 Y:0060 S:033F D:0000 DB:7E P:nvmxdIzc V:90  H:88 
C06324 $EE $AE $93     INC $93AE [7E93AE] = $0061      A:4180 X:0060 Y:0060 S:033F D:0000 DB:7E P:nvmxdIzc V:90  H:102
C06327 $E8             INX                             A:4180 X:0060 Y:0060 S:033F D:0000 DB:7E P:nvmxdIzc V:90  H:116
C06328 $E8             INX                             A:4180 X:0061 Y:0060 S:033F D:0000 DB:7E P:nvmxdIzc V:90  H:119
C06329 $E6 $2A         INC $2A [00002A] = $0030        A:4180 X:0062 Y:0060 S:033F D:0000 DB:7E P:nvmxdIzc V:90  H:122
C0632B $CE $7A $96     DEC $967A [7E967A] = $0045      A:4180 X:0062 Y:0060 S:033F D:0000 DB:7E P:nvmxdIzc V:90  H:144
C0632E $D0 $A9         BNE $C062D9                     A:4180 X:0062 Y:0060 S:033F D:0000 DB:7E P:nvmxdIzc V:90  H:158
C062D9 $A5 $2A         LDA $2A [00002A] = $0031        A:4180 X:0062 Y:0060 S:033F D:0000 DB:7E P:nvmxdIzc V:90  H:163
C062DB $CF $4E $B7 $7F CMP $7FB74E                     A:0031 X:0062 Y:0060 S:033F D:0000 DB:7E P:nvmxdIzc V:90  H:170
C062DF $B0 $08         BCS $C062E9                     A:0031 X:0062 Y:0060 S:033F D:0000 DB:7E P:NvmxdIzc V:90  H:180
C062E1 $AC $AE $93     LDY $93AE [7E93AE] = $0062      A:0031 X:0062 Y:0060 S:033F D:0000 DB:7E P:NvmxdIzc V:90  H:183
C062E4 $C0 $00 $02     CPY #$0200                      A:0031 X:0062 Y:0062 S:033F D:0000 DB:7E P:nvmxdIzc V:90  H:191
C062E7 $90 $06         BCC $C062EF                     A:0031 X:0062 Y:0062 S:033F D:0000 DB:7E P:NvmxdIzc V:90  H:196
C062EF $AC $AE $93     LDY $93AE [7E93AE] = $0062      A:0031 X:0062 Y:0062 S:033F D:0000 DB:7E P:NvmxdIzc V:90  H:200
C062F2 $BF $EA $AE $7F LDA $7FAEEA,X [7FAF4C] = $0092  A:0031 X:0062 Y:0062 S:033F D:0000 DB:7E P:nvmxdIzc V:90  H:209
C062F6 $0A             ASL                             A:0092 X:0062 Y:0062 S:033F D:0000 DB:7E P:nvmxdIzc V:90  H:219
C062F7 $26 $2E         ROL $2E [00002E] = $0000        A:0124 X:0062 Y:0062 S:033F D:0000 DB:7E P:nvmxdIzc V:90  H:222
C062F9 $0A             ASL                             A:0124 X:0062 Y:0062 S:033F D:0000 DB:7E P:nvmxdIZc V:90  H:234
C062FA $26 $2E         ROL $2E [00002E] = $0000        A:0248 X:0062 Y:0062 S:033F D:0000 DB:7E P:nvmxdIzc V:90  H:237
C062FC $0A             ASL                             A:0248 X:0062 Y:0062 S:033F D:0000 DB:7E P:nvmxdIZc V:90  H:250
C062FD $26 $2E         ROL $2E [00002E] = $0000        A:0490 X:0062 Y:0062 S:033F D:0000 DB:7E P:nvmxdIzc V:90  H:253
C062FF $0A             ASL                             A:0490 X:0062 Y:0062 S:033F D:0000 DB:7E P:nvmxdIZc V:90  H:265
C06300 $26 $2E         ROL $2E [00002E] = $0000        A:0920 X:0062 Y:0062 S:033F D:0000 DB:7E P:nvmxdIzc V:90  H:268
C06302 $18             CLC                             A:0920 X:0062 Y:0062 S:033F D:0000 DB:7E P:nvmxdIZc V:90  H:297
C06303 $69 $A0 $8E     ADC #$8EA0                      A:0920 X:0062 Y:0062 S:033F D:0000 DB:7E P:nvmxdIZc V:90  H:300
C06306 $99 $AE $8B     STA $8BAE,Y [7E8C10] = $E420    A:97C0 X:0062 Y:0062 S:033F D:0000 DB:7E P:NvmxdIzc V:90  H:304
C06309 $A5 $2E         LDA $2E [00002E] = $0000        A:97C0 X:0062 Y:0062 S:033F D:0000 DB:7E P:NvmxdIzc V:90  H:314
C0630B $69 $E3 $00     ADC #$00E3                      A:0000 X:0062 Y:0062 S:033F D:0000 DB:7E P:nvmxdIZc V:90  H:321
C0630E $99 $AE $8D     STA $8DAE,Y [7E8E10] = $00D0    A:00E3 X:0062 Y:0062 S:033F D:0000 DB:7E P:nvmxdIzc V:90  H:325
C06311 $A9 $10 $00     LDA #$0010                      A:00E3 X:0062 Y:0062 S:033F D:0000 DB:7E P:nvmxdIzc V:90  H:335
C06314 $99 $AE $91     STA $91AE,Y [7E9210] = $0020    A:0010 X:0062 Y:0062 S:033F D:0000 DB:7E P:nvmxdIzc V:90  H:339
C06317 $8A             TXA                             A:0010 X:0062 Y:0062 S:033F D:0000 DB:7E P:nvmxdIzc V:91  H:9  
C06318 $0A             ASL                             A:0062 X:0062 Y:0062 S:033F D:0000 DB:7E P:nvmxdIzc V:91  H:12 
C06319 $0A             ASL                             A:00C4 X:0062 Y:0062 S:033F D:0000 DB:7E P:nvmxdIzc V:91  H:15 
C0631A $18             CLC                             A:0188 X:0062 Y:0062 S:033F D:0000 DB:7E P:nvmxdIzc V:91  H:18 
C0631B $6D $DF $99     ADC $99DF [7E99DF] = $4000      A:0188 X:0062 Y:0062 S:033F D:0000 DB:7E P:nvmxdIzc V:91  H:21 
C0631E $99 $AE $8F     STA $8FAE,Y [7E9010] = $0310    A:4188 X:0062 Y:0062 S:033F D:0000 DB:7E P:nvmxdIzc V:91  H:30 
C06321 $EE $AE $93     INC $93AE [7E93AE] = $0062      A:4188 X:0062 Y:0062 S:033F D:0000 DB:7E P:nvmxdIzc V:91  H:40 
C06324 $EE $AE $93     INC $93AE [7E93AE] = $0063      A:4188 X:0062 Y:0062 S:033F D:0000 DB:7E P:nvmxdIzc V:91  H:54 
C06327 $E8             INX                             A:4188 X:0062 Y:0062 S:033F D:0000 DB:7E P:nvmxdIzc V:91  H:68 
C06328 $E8             INX                             A:4188 X:0063 Y:0062 S:033F D:0000 DB:7E P:nvmxdIzc V:91  H:71 
C06329 $E6 $2A         INC $2A [00002A] = $0031        A:4188 X:0064 Y:0062 S:033F D:0000 DB:7E P:nvmxdIzc V:91  H:74 
C0632B $CE $7A $96     DEC $967A [7E967A] = $0044      A:4188 X:0064 Y:0062 S:033F D:0000 DB:7E P:nvmxdIzc V:91  H:86 
C0632E $D0 $A9         BNE $C062D9                     A:4188 X:0064 Y:0062 S:033F D:0000 DB:7E P:nvmxdIzc V:91  H:100
C062D9 $A5 $2A         LDA $2A [00002A] = $0032        A:4188 X:0064 Y:0062 S:033F D:0000 DB:7E P:nvmxdIzc V:91  H:105
C062DB $CF $4E $B7 $7F CMP $7FB74E                     A:0032 X:0064 Y:0062 S:033F D:0000 DB:7E P:nvmxdIzc V:91  H:112
C062DF $B0 $08         BCS $C062E9                     A:0032 X:0064 Y:0062 S:033F D:0000 DB:7E P:NvmxdIzc V:91  H:122
C062E1 $AC $AE $93     LDY $93AE [7E93AE] = $0064      A:0032 X:0064 Y:0062 S:033F D:0000 DB:7E P:NvmxdIzc V:91  H:125
C062E4 $C0 $00 $02     CPY #$0200                      A:0032 X:0064 Y:0064 S:033F D:0000 DB:7E P:nvmxdIzc V:91  H:133
C062E7 $90 $06         BCC $C062EF                     A:0032 X:0064 Y:0064 S:033F D:0000 DB:7E P:NvmxdIzc V:91  H:148
C062EF $AC $AE $93     LDY $93AE [7E93AE] = $0064      A:0032 X:0064 Y:0064 S:033F D:0000 DB:7E P:NvmxdIzc V:91  H:152
C062F2 $BF $EA $AE $7F LDA $7FAEEA,X [7FAF4E] = $0093  A:0032 X:0064 Y:0064 S:033F D:0000 DB:7E P:nvmxdIzc V:91  H:161
C062F6 $0A             ASL                             A:0093 X:0064 Y:0064 S:033F D:0000 DB:7E P:nvmxdIzc V:91  H:171
C062F7 $26 $2E         ROL $2E [00002E] = $0000        A:0126 X:0064 Y:0064 S:033F D:0000 DB:7E P:nvmxdIzc V:91  H:174
C062F9 $0A             ASL                             A:0126 X:0064 Y:0064 S:033F D:0000 DB:7E P:nvmxdIZc V:91  H:186
C062FA $26 $2E         ROL $2E [00002E] = $0000        A:024C X:0064 Y:0064 S:033F D:0000 DB:7E P:nvmxdIzc V:91  H:189
C062FC $0A             ASL                             A:024C X:0064 Y:0064 S:033F D:0000 DB:7E P:nvmxdIZc V:91  H:202
C062FD $26 $2E         ROL $2E [00002E] = $0000        A:0498 X:0064 Y:0064 S:033F D:0000 DB:7E P:nvmxdIzc V:91  H:205
C062FF $0A             ASL                             A:0498 X:0064 Y:0064 S:033F D:0000 DB:7E P:nvmxdIZc V:91  H:217
C06300 $26 $2E         ROL $2E [00002E] = $0000        A:0930 X:0064 Y:0064 S:033F D:0000 DB:7E P:nvmxdIzc V:91  H:220
C06302 $18             CLC                             A:0930 X:0064 Y:0064 S:033F D:0000 DB:7E P:nvmxdIZc V:91  H:233
C06303 $69 $A0 $8E     ADC #$8EA0                      A:0930 X:0064 Y:0064 S:033F D:0000 DB:7E P:nvmxdIZc V:91  H:236
C06306 $99 $AE $8B     STA $8BAE,Y [7E8C12] = $E440    A:97D0 X:0064 Y:0064 S:033F D:0000 DB:7E P:NvmxdIzc V:91  H:240
C06309 $A5 $2E         LDA $2E [00002E] = $0000        A:97D0 X:0064 Y:0064 S:033F D:0000 DB:7E P:NvmxdIzc V:91  H:250
C0630B $69 $E3 $00     ADC #$00E3                      A:0000 X:0064 Y:0064 S:033F D:0000 DB:7E P:nvmxdIZc V:91  H:257
C0630E $99 $AE $8D     STA $8DAE,Y [7E8E12] = $00D0    A:00E3 X:0064 Y:0064 S:033F D:0000 DB:7E P:nvmxdIzc V:91  H:262
C06311 $A9 $10 $00     LDA #$0010                      A:00E3 X:0064 Y:0064 S:033F D:0000 DB:7E P:nvmxdIzc V:91  H:272
C06314 $99 $AE $91     STA $91AE,Y [7E9212] = $0020    A:0010 X:0064 Y:0064 S:033F D:0000 DB:7E P:nvmxdIzc V:91  H:293
C06317 $8A             TXA                             A:0010 X:0064 Y:0064 S:033F D:0000 DB:7E P:nvmxdIzc V:91  H:303
C06318 $0A             ASL                             A:0064 X:0064 Y:0064 S:033F D:0000 DB:7E P:nvmxdIzc V:91  H:306
C06319 $0A             ASL                             A:00C8 X:0064 Y:0064 S:033F D:0000 DB:7E P:nvmxdIzc V:91  H:309
C0631A $18             CLC                             A:0190 X:0064 Y:0064 S:033F D:0000 DB:7E P:nvmxdIzc V:91  H:312
C0631B $6D $DF $99     ADC $99DF [7E99DF] = $4000      A:0190 X:0064 Y:0064 S:033F D:0000 DB:7E P:nvmxdIzc V:91  H:315
C0631E $99 $AE $8F     STA $8FAE,Y [7E9012] = $0320    A:4190 X:0064 Y:0064 S:033F D:0000 DB:7E P:nvmxdIzc V:91  H:323
C06321 $EE $AE $93     INC $93AE [7E93AE] = $0064      A:4190 X:0064 Y:0064 S:033F D:0000 DB:7E P:nvmxdIzc V:91  H:332
C06324 $EE $AE $93     INC $93AE [7E93AE] = $0065      A:4190 X:0064 Y:0064 S:033F D:0000 DB:7E P:nvmxdIzc V:92  H:6  
C06327 $E8             INX                             A:4190 X:0064 Y:0064 S:033F D:0000 DB:7E P:nvmxdIzc V:92  H:20 
C06328 $E8             INX                             A:4190 X:0065 Y:0064 S:033F D:0000 DB:7E P:nvmxdIzc V:92  H:23 
C06329 $E6 $2A         INC $2A [00002A] = $0032        A:4190 X:0066 Y:0064 S:033F D:0000 DB:7E P:nvmxdIzc V:92  H:26 
C0632B $CE $7A $96     DEC $967A [7E967A] = $0043      A:4190 X:0066 Y:0064 S:033F D:0000 DB:7E P:nvmxdIzc V:92  H:39 
C0632E $D0 $A9         BNE $C062D9                     A:4190 X:0066 Y:0064 S:033F D:0000 DB:7E P:nvmxdIzc V:92  H:53 
C062D9 $A5 $2A         LDA $2A [00002A] = $0033        A:4190 X:0066 Y:0064 S:033F D:0000 DB:7E P:nvmxdIzc V:92  H:57 
C062DB $CF $4E $B7 $7F CMP $7FB74E                     A:0033 X:0066 Y:0064 S:033F D:0000 DB:7E P:nvmxdIzc V:92  H:64 
C062DF $B0 $08         BCS $C062E9                     A:0033 X:0066 Y:0064 S:033F D:0000 DB:7E P:NvmxdIzc V:92  H:74 
C062E1 $AC $AE $93     LDY $93AE [7E93AE] = $0066      A:0033 X:0066 Y:0064 S:033F D:0000 DB:7E P:NvmxdIzc V:92  H:77 
C062E4 $C0 $00 $02     CPY #$0200                      A:0033 X:0066 Y:0066 S:033F D:0000 DB:7E P:nvmxdIzc V:92  H:86 
C062E7 $90 $06         BCC $C062EF                     A:0033 X:0066 Y:0066 S:033F D:0000 DB:7E P:NvmxdIzc V:92  H:90 
C062EF $AC $AE $93     LDY $93AE [7E93AE] = $0066      A:0033 X:0066 Y:0066 S:033F D:0000 DB:7E P:NvmxdIzc V:92  H:95 
C062F2 $BF $EA $AE $7F LDA $7FAEEA,X [7FAF50] = $0094  A:0033 X:0066 Y:0066 S:033F D:0000 DB:7E P:nvmxdIzc V:92  H:103
C062F6 $0A             ASL                             A:0094 X:0066 Y:0066 S:033F D:0000 DB:7E P:nvmxdIzc V:92  H:113
C062F7 $26 $2E         ROL $2E [00002E] = $0000        A:0128 X:0066 Y:0066 S:033F D:0000 DB:7E P:nvmxdIzc V:92  H:116
C062F9 $0A             ASL                             A:0128 X:0066 Y:0066 S:033F D:0000 DB:7E P:nvmxdIZc V:92  H:129
C062FA $26 $2E         ROL $2E [00002E] = $0000        A:0250 X:0066 Y:0066 S:033F D:0000 DB:7E P:nvmxdIzc V:92  H:132
C062FC $0A             ASL                             A:0250 X:0066 Y:0066 S:033F D:0000 DB:7E P:nvmxdIZc V:92  H:154
C062FD $26 $2E         ROL $2E [00002E] = $0000        A:04A0 X:0066 Y:0066 S:033F D:0000 DB:7E P:nvmxdIzc V:92  H:157
C062FF $0A             ASL                             A:04A0 X:0066 Y:0066 S:033F D:0000 DB:7E P:nvmxdIZc V:92  H:170
C06300 $26 $2E         ROL $2E [00002E] = $0000        A:0940 X:0066 Y:0066 S:033F D:0000 DB:7E P:nvmxdIzc V:92  H:173
C06302 $18             CLC                             A:0940 X:0066 Y:0066 S:033F D:0000 DB:7E P:nvmxdIZc V:92  H:185
C06303 $69 $A0 $8E     ADC #$8EA0                      A:0940 X:0066 Y:0066 S:033F D:0000 DB:7E P:nvmxdIZc V:92  H:188
C06306 $99 $AE $8B     STA $8BAE,Y [7E8C14] = $E460    A:97E0 X:0066 Y:0066 S:033F D:0000 DB:7E P:NvmxdIzc V:92  H:193
C06309 $A5 $2E         LDA $2E [00002E] = $0000        A:97E0 X:0066 Y:0066 S:033F D:0000 DB:7E P:NvmxdIzc V:92  H:203
C0630B $69 $E3 $00     ADC #$00E3                      A:0000 X:0066 Y:0066 S:033F D:0000 DB:7E P:nvmxdIZc V:92  H:210
C0630E $99 $AE $8D     STA $8DAE,Y [7E8E14] = $00D0    A:00E3 X:0066 Y:0066 S:033F D:0000 DB:7E P:nvmxdIzc V:92  H:214
C06311 $A9 $10 $00     LDA #$0010                      A:00E3 X:0066 Y:0066 S:033F D:0000 DB:7E P:nvmxdIzc V:92  H:224
C06314 $99 $AE $91     STA $91AE,Y [7E9214] = $0020    A:0010 X:0066 Y:0066 S:033F D:0000 DB:7E P:nvmxdIzc V:92  H:229
C06317 $8A             TXA                             A:0010 X:0066 Y:0066 S:033F D:0000 DB:7E P:nvmxdIzc V:92  H:239
C06318 $0A             ASL                             A:0066 X:0066 Y:0066 S:033F D:0000 DB:7E P:nvmxdIzc V:92  H:242
C06319 $0A             ASL                             A:00CC X:0066 Y:0066 S:033F D:0000 DB:7E P:nvmxdIzc V:92  H:245
C0631A $18             CLC                             A:0198 X:0066 Y:0066 S:033F D:0000 DB:7E P:nvmxdIzc V:92  H:248
C0631B $6D $DF $99     ADC $99DF [7E99DF] = $4000      A:0198 X:0066 Y:0066 S:033F D:0000 DB:7E P:nvmxdIzc V:92  H:251
C0631E $99 $AE $8F     STA $8FAE,Y [7E9014] = $0330    A:4198 X:0066 Y:0066 S:033F D:0000 DB:7E P:nvmxdIzc V:92  H:259
C06321 $EE $AE $93     INC $93AE [7E93AE] = $0066      A:4198 X:0066 Y:0066 S:033F D:0000 DB:7E P:nvmxdIzc V:92  H:269
C06324 $EE $AE $93     INC $93AE [7E93AE] = $0067      A:4198 X:0066 Y:0066 S:033F D:0000 DB:7E P:nvmxdIzc V:92  H:300
C06327 $E8             INX                             A:4198 X:0066 Y:0066 S:033F D:0000 DB:7E P:nvmxdIzc V:92  H:314
C06328 $E8             INX                             A:4198 X:0067 Y:0066 S:033F D:0000 DB:7E P:nvmxdIzc V:92  H:317
C06329 $E6 $2A         INC $2A [00002A] = $0033        A:4198 X:0068 Y:0066 S:033F D:0000 DB:7E P:nvmxdIzc V:92  H:320
C0632B $CE $7A $96     DEC $967A [7E967A] = $0042      A:4198 X:0068 Y:0066 S:033F D:0000 DB:7E P:nvmxdIzc V:92  H:331
C0632E $D0 $A9         BNE $C062D9                     A:4198 X:0068 Y:0066 S:033F D:0000 DB:7E P:nvmxdIzc V:93  H:5  
C062D9 $A5 $2A         LDA $2A [00002A] = $0034        A:4198 X:0068 Y:0066 S:033F D:0000 DB:7E P:nvmxdIzc V:93  H:10 
C062DB $CF $4E $B7 $7F CMP $7FB74E                     A:0034 X:0068 Y:0066 S:033F D:0000 DB:7E P:nvmxdIzc V:93  H:17 
C062DF $B0 $08         BCS $C062E9                     A:0034 X:0068 Y:0066 S:033F D:0000 DB:7E P:NvmxdIzc V:93  H:27 
C062E1 $AC $AE $93     LDY $93AE [7E93AE] = $0068      A:0034 X:0068 Y:0066 S:033F D:0000 DB:7E P:NvmxdIzc V:93  H:30 
C062E4 $C0 $00 $02     CPY #$0200                      A:0034 X:0068 Y:0068 S:033F D:0000 DB:7E P:nvmxdIzc V:93  H:38 
C062E7 $90 $06         BCC $C062EF                     A:0034 X:0068 Y:0068 S:033F D:0000 DB:7E P:NvmxdIzc V:93  H:43 
C062EF $AC $AE $93     LDY $93AE [7E93AE] = $0068      A:0034 X:0068 Y:0068 S:033F D:0000 DB:7E P:NvmxdIzc V:93  H:47 
C062F2 $BF $EA $AE $7F LDA $7FAEEA,X [7FAF52] = $0095  A:0034 X:0068 Y:0068 S:033F D:0000 DB:7E P:nvmxdIzc V:93  H:56 
C062F6 $0A             ASL                             A:0095 X:0068 Y:0068 S:033F D:0000 DB:7E P:nvmxdIzc V:93  H:66 
C062F7 $26 $2E         ROL $2E [00002E] = $0000        A:012A X:0068 Y:0068 S:033F D:0000 DB:7E P:nvmxdIzc V:93  H:69 
C062F9 $0A             ASL                             A:012A X:0068 Y:0068 S:033F D:0000 DB:7E P:nvmxdIZc V:93  H:81 
C062FA $26 $2E         ROL $2E [00002E] = $0000        A:0254 X:0068 Y:0068 S:033F D:0000 DB:7E P:nvmxdIzc V:93  H:84 
C062FC $0A             ASL                             A:0254 X:0068 Y:0068 S:033F D:0000 DB:7E P:nvmxdIZc V:93  H:97 
C062FD $26 $2E         ROL $2E [00002E] = $0000        A:04A8 X:0068 Y:0068 S:033F D:0000 DB:7E P:nvmxdIzc V:93  H:100
C062FF $0A             ASL                             A:04A8 X:0068 Y:0068 S:033F D:0000 DB:7E P:nvmxdIZc V:93  H:112
C06300 $26 $2E         ROL $2E [00002E] = $0000        A:0950 X:0068 Y:0068 S:033F D:0000 DB:7E P:nvmxdIzc V:93  H:115
C06302 $18             CLC                             A:0950 X:0068 Y:0068 S:033F D:0000 DB:7E P:nvmxdIZc V:93  H:128
C06303 $69 $A0 $8E     ADC #$8EA0                      A:0950 X:0068 Y:0068 S:033F D:0000 DB:7E P:nvmxdIZc V:93  H:131
C06306 $99 $AE $8B     STA $8BAE,Y [7E8C16] = $E480    A:97F0 X:0068 Y:0068 S:033F D:0000 DB:7E P:NvmxdIzc V:93  H:145
C06309 $A5 $2E         LDA $2E [00002E] = $0000        A:97F0 X:0068 Y:0068 S:033F D:0000 DB:7E P:NvmxdIzc V:93  H:155
C0630B $69 $E3 $00     ADC #$00E3                      A:0000 X:0068 Y:0068 S:033F D:0000 DB:7E P:nvmxdIZc V:93  H:162
C0630E $99 $AE $8D     STA $8DAE,Y [7E8E16] = $00D0    A:00E3 X:0068 Y:0068 S:033F D:0000 DB:7E P:nvmxdIzc V:93  H:167
C06311 $A9 $10 $00     LDA #$0010                      A:00E3 X:0068 Y:0068 S:033F D:0000 DB:7E P:nvmxdIzc V:93  H:177
C06314 $99 $AE $91     STA $91AE,Y [7E9216] = $0020    A:0010 X:0068 Y:0068 S:033F D:0000 DB:7E P:nvmxdIzc V:93  H:181
C06317 $8A             TXA                             A:0010 X:0068 Y:0068 S:033F D:0000 DB:7E P:nvmxdIzc V:93  H:191
C06318 $0A             ASL                             A:0068 X:0068 Y:0068 S:033F D:0000 DB:7E P:nvmxdIzc V:93  H:194
C06319 $0A             ASL                             A:00D0 X:0068 Y:0068 S:033F D:0000 DB:7E P:nvmxdIzc V:93  H:197
C0631A $18             CLC                             A:01A0 X:0068 Y:0068 S:033F D:0000 DB:7E P:nvmxdIzc V:93  H:200
C0631B $6D $DF $99     ADC $99DF [7E99DF] = $4000      A:01A0 X:0068 Y:0068 S:033F D:0000 DB:7E P:nvmxdIzc V:93  H:203
C0631E $99 $AE $8F     STA $8FAE,Y [7E9016] = $0340    A:41A0 X:0068 Y:0068 S:033F D:0000 DB:7E P:nvmxdIzc V:93  H:212
C06321 $EE $AE $93     INC $93AE [7E93AE] = $0068      A:41A0 X:0068 Y:0068 S:033F D:0000 DB:7E P:nvmxdIzc V:93  H:222
C06324 $EE $AE $93     INC $93AE [7E93AE] = $0069      A:41A0 X:0068 Y:0068 S:033F D:0000 DB:7E P:nvmxdIzc V:93  H:236
C06327 $E8             INX                             A:41A0 X:0068 Y:0068 S:033F D:0000 DB:7E P:nvmxdIzc V:93  H:250
C06328 $E8             INX                             A:41A0 X:0069 Y:0068 S:033F D:0000 DB:7E P:nvmxdIzc V:93  H:253
C06329 $E6 $2A         INC $2A [00002A] = $0034        A:41A0 X:006A Y:0068 S:033F D:0000 DB:7E P:nvmxdIzc V:93  H:256
C0632B $CE $7A $96     DEC $967A [7E967A] = $0041      A:41A0 X:006A Y:0068 S:033F D:0000 DB:7E P:nvmxdIzc V:93  H:268
C0632E $D0 $A9         BNE $C062D9                     A:41A0 X:006A Y:0068 S:033F D:0000 DB:7E P:nvmxdIzc V:93  H:299
C062D9 $A5 $2A         LDA $2A [00002A] = $0035        A:41A0 X:006A Y:0068 S:033F D:0000 DB:7E P:nvmxdIzc V:93  H:303
C062DB $CF $4E $B7 $7F CMP $7FB74E                     A:0035 X:006A Y:0068 S:033F D:0000 DB:7E P:nvmxdIzc V:93  H:310
C062DF $B0 $08         BCS $C062E9                     A:0035 X:006A Y:0068 S:033F D:0000 DB:7E P:NvmxdIzc V:93  H:320
C062E1 $AC $AE $93     LDY $93AE [7E93AE] = $006A      A:0035 X:006A Y:0068 S:033F D:0000 DB:7E P:NvmxdIzc V:93  H:323
C062E4 $C0 $00 $02     CPY #$0200                      A:0035 X:006A Y:006A S:033F D:0000 DB:7E P:nvmxdIzc V:93  H:331
C062E7 $90 $06         BCC $C062EF                     A:0035 X:006A Y:006A S:033F D:0000 DB:7E P:NvmxdIzc V:93  H:335
C062EF $AC $AE $93     LDY $93AE [7E93AE] = $006A      A:0035 X:006A Y:006A S:033F D:0000 DB:7E P:NvmxdIzc V:94  H:0  
C062F2 $BF $EA $AE $7F LDA $7FAEEA,X [7FAF54] = $0096  A:0035 X:006A Y:006A S:033F D:0000 DB:7E P:nvmxdIzc V:94  H:8  
C062F6 $0A             ASL                             A:0096 X:006A Y:006A S:033F D:0000 DB:7E P:nvmxdIzc V:94  H:18 
C062F7 $26 $2E         ROL $2E [00002E] = $0000        A:012C X:006A Y:006A S:033F D:0000 DB:7E P:nvmxdIzc V:94  H:21 
C062F9 $0A             ASL                             A:012C X:006A Y:006A S:033F D:0000 DB:7E P:nvmxdIZc V:94  H:34 
C062FA $26 $2E         ROL $2E [00002E] = $0000        A:0258 X:006A Y:006A S:033F D:0000 DB:7E P:nvmxdIzc V:94  H:37 
C062FC $0A             ASL                             A:0258 X:006A Y:006A S:033F D:0000 DB:7E P:nvmxdIZc V:94  H:49 
C062FD $26 $2E         ROL $2E [00002E] = $0000        A:04B0 X:006A Y:006A S:033F D:0000 DB:7E P:nvmxdIzc V:94  H:52 
C062FF $0A             ASL                             A:04B0 X:006A Y:006A S:033F D:0000 DB:7E P:nvmxdIZc V:94  H:65 
C06300 $26 $2E         ROL $2E [00002E] = $0000        A:0960 X:006A Y:006A S:033F D:0000 DB:7E P:nvmxdIzc V:94  H:68 
C06302 $18             CLC                             A:0960 X:006A Y:006A S:033F D:0000 DB:7E P:nvmxdIZc V:94  H:80 
C06303 $69 $A0 $8E     ADC #$8EA0                      A:0960 X:006A Y:006A S:033F D:0000 DB:7E P:nvmxdIZc V:94  H:83 
C06306 $99 $AE $8B     STA $8BAE,Y [7E8C18] = $E4A0    A:9800 X:006A Y:006A S:033F D:0000 DB:7E P:NvmxdIzc V:94  H:88 
C06309 $A5 $2E         LDA $2E [00002E] = $0000        A:9800 X:006A Y:006A S:033F D:0000 DB:7E P:NvmxdIzc V:94  H:98 
C0630B $69 $E3 $00     ADC #$00E3                      A:0000 X:006A Y:006A S:033F D:0000 DB:7E P:nvmxdIZc V:94  H:105
C0630E $99 $AE $8D     STA $8DAE,Y [7E8E18] = $00D0    A:00E3 X:006A Y:006A S:033F D:0000 DB:7E P:nvmxdIzc V:94  H:109
C06311 $A9 $10 $00     LDA #$0010                      A:00E3 X:006A Y:006A S:033F D:0000 DB:7E P:nvmxdIzc V:94  H:119
C06314 $99 $AE $91     STA $91AE,Y [7E9218] = $0020    A:0010 X:006A Y:006A S:033F D:0000 DB:7E P:nvmxdIzc V:94  H:124
C06317 $8A             TXA                             A:0010 X:006A Y:006A S:033F D:0000 DB:7E P:nvmxdIzc V:94  H:144
C06318 $0A             ASL                             A:006A X:006A Y:006A S:033F D:0000 DB:7E P:nvmxdIzc V:94  H:147
C06319 $0A             ASL                             A:00D4 X:006A Y:006A S:033F D:0000 DB:7E P:nvmxdIzc V:94  H:150
C0631A $18             CLC                             A:01A8 X:006A Y:006A S:033F D:0000 DB:7E P:nvmxdIzc V:94  H:153
C0631B $6D $DF $99     ADC $99DF [7E99DF] = $4000      A:01A8 X:006A Y:006A S:033F D:0000 DB:7E P:nvmxdIzc V:94  H:156
C0631E $99 $AE $8F     STA $8FAE,Y [7E9018] = $0350    A:41A8 X:006A Y:006A S:033F D:0000 DB:7E P:nvmxdIzc V:94  H:164
C06321 $EE $AE $93     INC $93AE [7E93AE] = $006A      A:41A8 X:006A Y:006A S:033F D:0000 DB:7E P:nvmxdIzc V:94  H:174
C06324 $EE $AE $93     INC $93AE [7E93AE] = $006B      A:41A8 X:006A Y:006A S:033F D:0000 DB:7E P:nvmxdIzc V:94  H:188
C06327 $E8             INX                             A:41A8 X:006A Y:006A S:033F D:0000 DB:7E P:nvmxdIzc V:94  H:202
C06328 $E8             INX                             A:41A8 X:006B Y:006A S:033F D:0000 DB:7E P:nvmxdIzc V:94  H:205
C06329 $E6 $2A         INC $2A [00002A] = $0035        A:41A8 X:006C Y:006A S:033F D:0000 DB:7E P:nvmxdIzc V:94  H:208
C0632B $CE $7A $96     DEC $967A [7E967A] = $0040      A:41A8 X:006C Y:006A S:033F D:0000 DB:7E P:nvmxdIzc V:94  H:221
C0632E $D0 $A9         BNE $C062D9                     A:41A8 X:006C Y:006A S:033F D:0000 DB:7E P:nvmxdIzc V:94  H:235
C062D9 $A5 $2A         LDA $2A [00002A] = $0036        A:41A8 X:006C Y:006A S:033F D:0000 DB:7E P:nvmxdIzc V:94  H:239
C062DB $CF $4E $B7 $7F CMP $7FB74E                     A:0036 X:006C Y:006A S:033F D:0000 DB:7E P:nvmxdIzc V:94  H:246
C062DF $B0 $08         BCS $C062E9                     A:0036 X:006C Y:006A S:033F D:0000 DB:7E P:NvmxdIzc V:94  H:256
C062E1 $AC $AE $93     LDY $93AE [7E93AE] = $006C      A:0036 X:006C Y:006A S:033F D:0000 DB:7E P:NvmxdIzc V:94  H:259
C062E4 $C0 $00 $02     CPY #$0200                      A:0036 X:006C Y:006C S:033F D:0000 DB:7E P:nvmxdIzc V:94  H:268
C062E7 $90 $06         BCC $C062EF                     A:0036 X:006C Y:006C S:033F D:0000 DB:7E P:NvmxdIzc V:94  H:272
C062EF $AC $AE $93     LDY $93AE [7E93AE] = $006C      A:0036 X:006C Y:006C S:033F D:0000 DB:7E P:NvmxdIzc V:94  H:292
C062F2 $BF $EA $AE $7F LDA $7FAEEA,X [7FAF56] = $0097  A:0036 X:006C Y:006C S:033F D:0000 DB:7E P:nvmxdIzc V:94  H:300
C062F6 $0A             ASL                             A:0097 X:006C Y:006C S:033F D:0000 DB:7E P:nvmxdIzc V:94  H:310
C062F7 $26 $2E         ROL $2E [00002E] = $0000        A:012E X:006C Y:006C S:033F D:0000 DB:7E P:nvmxdIzc V:94  H:313
C062F9 $0A             ASL                             A:012E X:006C Y:006C S:033F D:0000 DB:7E P:nvmxdIZc V:94  H:325
C062FA $26 $2E         ROL $2E [00002E] = $0000        A:025C X:006C Y:006C S:033F D:0000 DB:7E P:nvmxdIzc V:94  H:328
C062FC $0A             ASL                             A:025C X:006C Y:006C S:033F D:0000 DB:7E P:nvmxdIZc V:95  H:0  
C062FD $26 $2E         ROL $2E [00002E] = $0000        A:04B8 X:006C Y:006C S:033F D:0000 DB:7E P:nvmxdIzc V:95  H:3  
C062FF $0A             ASL                             A:04B8 X:006C Y:006C S:033F D:0000 DB:7E P:nvmxdIZc V:95  H:16 
C06300 $26 $2E         ROL $2E [00002E] = $0000        A:0970 X:006C Y:006C S:033F D:0000 DB:7E P:nvmxdIzc V:95  H:19 
C06302 $18             CLC                             A:0970 X:006C Y:006C S:033F D:0000 DB:7E P:nvmxdIZc V:95  H:31 
C06303 $69 $A0 $8E     ADC #$8EA0                      A:0970 X:006C Y:006C S:033F D:0000 DB:7E P:nvmxdIZc V:95  H:34 
C06306 $99 $AE $8B     STA $8BAE,Y [7E8C1A] = $E4C0    A:9810 X:006C Y:006C S:033F D:0000 DB:7E P:NvmxdIzc V:95  H:39 
C06309 $A5 $2E         LDA $2E [00002E] = $0000        A:9810 X:006C Y:006C S:033F D:0000 DB:7E P:NvmxdIzc V:95  H:49 
C0630B $69 $E3 $00     ADC #$00E3                      A:0000 X:006C Y:006C S:033F D:0000 DB:7E P:nvmxdIZc V:95  H:56 
C0630E $99 $AE $8D     STA $8DAE,Y [7E8E1A] = $00D0    A:00E3 X:006C Y:006C S:033F D:0000 DB:7E P:nvmxdIzc V:95  H:60 
C06311 $A9 $10 $00     LDA #$0010                      A:00E3 X:006C Y:006C S:033F D:0000 DB:7E P:nvmxdIzc V:95  H:70 
C06314 $99 $AE $91     STA $91AE,Y [7E921A] = $0020    A:0010 X:006C Y:006C S:033F D:0000 DB:7E P:nvmxdIzc V:95  H:75 
C06317 $8A             TXA                             A:0010 X:006C Y:006C S:033F D:0000 DB:7E P:nvmxdIzc V:95  H:85 
C06318 $0A             ASL                             A:006C X:006C Y:006C S:033F D:0000 DB:7E P:nvmxdIzc V:95  H:88 
C06319 $0A             ASL                             A:00D8 X:006C Y:006C S:033F D:0000 DB:7E P:nvmxdIzc V:95  H:91 
C0631A $18             CLC                             A:01B0 X:006C Y:006C S:033F D:0000 DB:7E P:nvmxdIzc V:95  H:94 
C0631B $6D $DF $99     ADC $99DF [7E99DF] = $4000      A:01B0 X:006C Y:006C S:033F D:0000 DB:7E P:nvmxdIzc V:95  H:97 
C0631E $99 $AE $8F     STA $8FAE,Y [7E901A] = $0360    A:41B0 X:006C Y:006C S:033F D:0000 DB:7E P:nvmxdIzc V:95  H:105
C06321 $EE $AE $93     INC $93AE [7E93AE] = $006C      A:41B0 X:006C Y:006C S:033F D:0000 DB:7E P:nvmxdIzc V:95  H:115
C06324 $EE $AE $93     INC $93AE [7E93AE] = $006D      A:41B0 X:006C Y:006C S:033F D:0000 DB:7E P:nvmxdIzc V:95  H:129
C06327 $E8             INX                             A:41B0 X:006C Y:006C S:033F D:0000 DB:7E P:nvmxdIzc V:95  H:153
C06328 $E8             INX                             A:41B0 X:006D Y:006C S:033F D:0000 DB:7E P:nvmxdIzc V:95  H:156
C06329 $E6 $2A         INC $2A [00002A] = $0036        A:41B0 X:006E Y:006C S:033F D:0000 DB:7E P:nvmxdIzc V:95  H:159
C0632B $CE $7A $96     DEC $967A [7E967A] = $003F      A:41B0 X:006E Y:006C S:033F D:0000 DB:7E P:nvmxdIzc V:95  H:172
C0632E $D0 $A9         BNE $C062D9                     A:41B0 X:006E Y:006C S:033F D:0000 DB:7E P:nvmxdIzc V:95  H:186
C062D9 $A5 $2A         LDA $2A [00002A] = $0037        A:41B0 X:006E Y:006C S:033F D:0000 DB:7E P:nvmxdIzc V:95  H:190
C062DB $CF $4E $B7 $7F CMP $7FB74E                     A:0037 X:006E Y:006C S:033F D:0000 DB:7E P:nvmxdIzc V:95  H:197
C062DF $B0 $08         BCS $C062E9                     A:0037 X:006E Y:006C S:033F D:0000 DB:7E P:NvmxdIzc V:95  H:207
C062E1 $AC $AE $93     LDY $93AE [7E93AE] = $006E      A:0037 X:006E Y:006C S:033F D:0000 DB:7E P:NvmxdIzc V:95  H:210
C062E4 $C0 $00 $02     CPY #$0200                      A:0037 X:006E Y:006E S:033F D:0000 DB:7E P:nvmxdIzc V:95  H:219
C062E7 $90 $06         BCC $C062EF                     A:0037 X:006E Y:006E S:033F D:0000 DB:7E P:NvmxdIzc V:95  H:223
C062EF $AC $AE $93     LDY $93AE [7E93AE] = $006E      A:0037 X:006E Y:006E S:033F D:0000 DB:7E P:NvmxdIzc V:95  H:228
C062F2 $BF $EA $AE $7F LDA $7FAEEA,X [7FAF58] = $0098  A:0037 X:006E Y:006E S:033F D:0000 DB:7E P:nvmxdIzc V:95  H:236
C062F6 $0A             ASL                             A:0098 X:006E Y:006E S:033F D:0000 DB:7E P:nvmxdIzc V:95  H:246
C062F7 $26 $2E         ROL $2E [00002E] = $0000        A:0130 X:006E Y:006E S:033F D:0000 DB:7E P:nvmxdIzc V:95  H:249
C062F9 $0A             ASL                             A:0130 X:006E Y:006E S:033F D:0000 DB:7E P:nvmxdIZc V:95  H:262
C062FA $26 $2E         ROL $2E [00002E] = $0000        A:0260 X:006E Y:006E S:033F D:0000 DB:7E P:nvmxdIzc V:95  H:265
C062FC $0A             ASL                             A:0260 X:006E Y:006E S:033F D:0000 DB:7E P:nvmxdIZc V:95  H:318
C062FD $26 $2E         ROL $2E [00002E] = $0000        A:04C0 X:006E Y:006E S:033F D:0000 DB:7E P:nvmxdIzc V:95  H:321
C062FF $0A             ASL                             A:04C0 X:006E Y:006E S:033F D:0000 DB:7E P:nvmxdIZc V:95  H:332
C06300 $26 $2E         ROL $2E [00002E] = $0000        A:0980 X:006E Y:006E S:033F D:0000 DB:7E P:nvmxdIzc V:95  H:335
C06302 $18             CLC                             A:0980 X:006E Y:006E S:033F D:0000 DB:7E P:nvmxdIZc V:96  H:8  
C06303 $69 $A0 $8E     ADC #$8EA0                      A:0980 X:006E Y:006E S:033F D:0000 DB:7E P:nvmxdIZc V:96  H:11 
C06306 $99 $AE $8B     STA $8BAE,Y [7E8C1C] = $E4E0    A:9820 X:006E Y:006E S:033F D:0000 DB:7E P:NvmxdIzc V:96  H:15 
C06309 $A5 $2E         LDA $2E [00002E] = $0000        A:9820 X:006E Y:006E S:033F D:0000 DB:7E P:NvmxdIzc V:96  H:25 
C0630B $69 $E3 $00     ADC #$00E3                      A:0000 X:006E Y:006E S:033F D:0000 DB:7E P:nvmxdIZc V:96  H:32 
C0630E $99 $AE $8D     STA $8DAE,Y [7E8E1C] = $00D0    A:00E3 X:006E Y:006E S:033F D:0000 DB:7E P:nvmxdIzc V:96  H:37 
C06311 $A9 $10 $00     LDA #$0010                      A:00E3 X:006E Y:006E S:033F D:0000 DB:7E P:nvmxdIzc V:96  H:47 
C06314 $99 $AE $91     STA $91AE,Y [7E921C] = $0020    A:0010 X:006E Y:006E S:033F D:0000 DB:7E P:nvmxdIzc V:96  H:51 
C06317 $8A             TXA                             A:0010 X:006E Y:006E S:033F D:0000 DB:7E P:nvmxdIzc V:96  H:61 
C06318 $0A             ASL                             A:006E X:006E Y:006E S:033F D:0000 DB:7E P:nvmxdIzc V:96  H:64 
C06319 $0A             ASL                             A:00DC X:006E Y:006E S:033F D:0000 DB:7E P:nvmxdIzc V:96  H:67 
C0631A $18             CLC                             A:01B8 X:006E Y:006E S:033F D:0000 DB:7E P:nvmxdIzc V:96  H:70 
C0631B $6D $DF $99     ADC $99DF [7E99DF] = $4000      A:01B8 X:006E Y:006E S:033F D:0000 DB:7E P:nvmxdIzc V:96  H:73 
C0631E $99 $AE $8F     STA $8FAE,Y [7E901C] = $0370    A:41B8 X:006E Y:006E S:033F D:0000 DB:7E P:nvmxdIzc V:96  H:82 
C06321 $EE $AE $93     INC $93AE [7E93AE] = $006E      A:41B8 X:006E Y:006E S:033F D:0000 DB:7E P:nvmxdIzc V:96  H:92 
C06324 $EE $AE $93     INC $93AE [7E93AE] = $006F      A:41B8 X:006E Y:006E S:033F D:0000 DB:7E P:nvmxdIzc V:96  H:106
C06327 $E8             INX                             A:41B8 X:006E Y:006E S:033F D:0000 DB:7E P:nvmxdIzc V:96  H:120
C06328 $E8             INX                             A:41B8 X:006F Y:006E S:033F D:0000 DB:7E P:nvmxdIzc V:96  H:123
C06329 $E6 $2A         INC $2A [00002A] = $0037        A:41B8 X:0070 Y:006E S:033F D:0000 DB:7E P:nvmxdIzc V:96  H:126
C0632B $CE $7A $96     DEC $967A [7E967A] = $003E      A:41B8 X:0070 Y:006E S:033F D:0000 DB:7E P:nvmxdIzc V:96  H:148
C0632E $D0 $A9         BNE $C062D9                     A:41B8 X:0070 Y:006E S:033F D:0000 DB:7E P:nvmxdIzc V:96  H:162
C062D9 $A5 $2A         LDA $2A [00002A] = $0038        A:41B8 X:0070 Y:006E S:033F D:0000 DB:7E P:nvmxdIzc V:96  H:167
C062DB $CF $4E $B7 $7F CMP $7FB74E                     A:0038 X:0070 Y:006E S:033F D:0000 DB:7E P:nvmxdIzc V:96  H:174
C062DF $B0 $08         BCS $C062E9                     A:0038 X:0070 Y:006E S:033F D:0000 DB:7E P:NvmxdIzc V:96  H:184
C062E1 $AC $AE $93     LDY $93AE [7E93AE] = $0070      A:0038 X:0070 Y:006E S:033F D:0000 DB:7E P:NvmxdIzc V:96  H:187
C062E4 $C0 $00 $02     CPY #$0200                      A:0038 X:0070 Y:0070 S:033F D:0000 DB:7E P:nvmxdIzc V:96  H:195
C062E7 $90 $06         BCC $C062EF                     A:0038 X:0070 Y:0070 S:033F D:0000 DB:7E P:NvmxdIzc V:96  H:200
C062EF $AC $AE $93     LDY $93AE [7E93AE] = $0070      A:0038 X:0070 Y:0070 S:033F D:0000 DB:7E P:NvmxdIzc V:96  H:204
C062F2 $BF $EA $AE $7F LDA $7FAEEA,X [7FAF5A] = $0099  A:0038 X:0070 Y:0070 S:033F D:0000 DB:7E P:nvmxdIzc V:96  H:213
C062F6 $0A             ASL                             A:0099 X:0070 Y:0070 S:033F D:0000 DB:7E P:nvmxdIzc V:96  H:223
C062F7 $26 $2E         ROL $2E [00002E] = $0000        A:0132 X:0070 Y:0070 S:033F D:0000 DB:7E P:nvmxdIzc V:96  H:226
C062F9 $0A             ASL                             A:0132 X:0070 Y:0070 S:033F D:0000 DB:7E P:nvmxdIZc V:96  H:238
C062FA $26 $2E         ROL $2E [00002E] = $0000        A:0264 X:0070 Y:0070 S:033F D:0000 DB:7E P:nvmxdIzc V:96  H:241
C062FC $0A             ASL                             A:0264 X:0070 Y:0070 S:033F D:0000 DB:7E P:nvmxdIZc V:96  H:254
C062FD $26 $2E         ROL $2E [00002E] = $0000        A:04C8 X:0070 Y:0070 S:033F D:0000 DB:7E P:nvmxdIzc V:96  H:257
C062FF $0A             ASL                             A:04C8 X:0070 Y:0070 S:033F D:0000 DB:7E P:nvmxdIZc V:96  H:269
C06300 $26 $2E         ROL $2E [00002E] = $0000        A:0990 X:0070 Y:0070 S:033F D:0000 DB:7E P:nvmxdIzc V:96  H:272
C06302 $18             CLC                             A:0990 X:0070 Y:0070 S:033F D:0000 DB:7E P:nvmxdIZc V:96  H:328
C06303 $69 $A0 $8E     ADC #$8EA0                      A:0990 X:0070 Y:0070 S:033F D:0000 DB:7E P:nvmxdIZc V:96  H:331
C06306 $99 $AE $8B     STA $8BAE,Y [7E8C1E] = $E500    A:9830 X:0070 Y:0070 S:033F D:0000 DB:7E P:NvmxdIzc V:96  H:335
C06309 $A5 $2E         LDA $2E [00002E] = $0000        A:9830 X:0070 Y:0070 S:033F D:0000 DB:7E P:NvmxdIzc V:97  H:5  
C0630B $69 $E3 $00     ADC #$00E3                      A:0000 X:0070 Y:0070 S:033F D:0000 DB:7E P:nvmxdIZc V:97  H:12 
C0630E $99 $AE $8D     STA $8DAE,Y [7E8E1E] = $00D0    A:00E3 X:0070 Y:0070 S:033F D:0000 DB:7E P:nvmxdIzc V:97  H:17 
C06311 $A9 $10 $00     LDA #$0010                      A:00E3 X:0070 Y:0070 S:033F D:0000 DB:7E P:nvmxdIzc V:97  H:27 
C06314 $99 $AE $91     STA $91AE,Y [7E921E] = $0020    A:0010 X:0070 Y:0070 S:033F D:0000 DB:7E P:nvmxdIzc V:97  H:31 
C06317 $8A             TXA                             A:0010 X:0070 Y:0070 S:033F D:0000 DB:7E P:nvmxdIzc V:97  H:41 
C06318 $0A             ASL                             A:0070 X:0070 Y:0070 S:033F D:0000 DB:7E P:nvmxdIzc V:97  H:44 
C06319 $0A             ASL                             A:00E0 X:0070 Y:0070 S:033F D:0000 DB:7E P:nvmxdIzc V:97  H:47 
C0631A $18             CLC                             A:01C0 X:0070 Y:0070 S:033F D:0000 DB:7E P:nvmxdIzc V:97  H:50 
C0631B $6D $DF $99     ADC $99DF [7E99DF] = $4000      A:01C0 X:0070 Y:0070 S:033F D:0000 DB:7E P:nvmxdIzc V:97  H:53 
C0631E $99 $AE $8F     STA $8FAE,Y [7E901E] = $0380    A:41C0 X:0070 Y:0070 S:033F D:0000 DB:7E P:nvmxdIzc V:97  H:62 
C06321 $EE $AE $93     INC $93AE [7E93AE] = $0070      A:41C0 X:0070 Y:0070 S:033F D:0000 DB:7E P:nvmxdIzc V:97  H:72 
C06324 $EE $AE $93     INC $93AE [7E93AE] = $0071      A:41C0 X:0070 Y:0070 S:033F D:0000 DB:7E P:nvmxdIzc V:97  H:86 
C06327 $E8             INX                             A:41C0 X:0070 Y:0070 S:033F D:0000 DB:7E P:nvmxdIzc V:97  H:100
C06328 $E8             INX                             A:41C0 X:0071 Y:0070 S:033F D:0000 DB:7E P:nvmxdIzc V:97  H:103
C06329 $E6 $2A         INC $2A [00002A] = $0038        A:41C0 X:0072 Y:0070 S:033F D:0000 DB:7E P:nvmxdIzc V:97  H:106
C0632B $CE $7A $96     DEC $967A [7E967A] = $003D      A:41C0 X:0072 Y:0070 S:033F D:0000 DB:7E P:nvmxdIzc V:97  H:118
C0632E $D0 $A9         BNE $C062D9                     A:41C0 X:0072 Y:0070 S:033F D:0000 DB:7E P:nvmxdIzc V:97  H:132
C062D9 $A5 $2A         LDA $2A [00002A] = $0039        A:41C0 X:0072 Y:0070 S:033F D:0000 DB:7E P:nvmxdIzc V:97  H:147
C062DB $CF $4E $B7 $7F CMP $7FB74E                     A:0039 X:0072 Y:0070 S:033F D:0000 DB:7E P:nvmxdIzc V:97  H:154
C062DF $B0 $08         BCS $C062E9                     A:0039 X:0072 Y:0070 S:033F D:0000 DB:7E P:NvmxdIzc V:97  H:164
C062E1 $AC $AE $93     LDY $93AE [7E93AE] = $0072      A:0039 X:0072 Y:0070 S:033F D:0000 DB:7E P:NvmxdIzc V:97  H:167
C062E4 $C0 $00 $02     CPY #$0200                      A:0039 X:0072 Y:0072 S:033F D:0000 DB:7E P:nvmxdIzc V:97  H:175
C062E7 $90 $06         BCC $C062EF                     A:0039 X:0072 Y:0072 S:033F D:0000 DB:7E P:NvmxdIzc V:97  H:180
C062EF $AC $AE $93     LDY $93AE [7E93AE] = $0072      A:0039 X:0072 Y:0072 S:033F D:0000 DB:7E P:NvmxdIzc V:97  H:184
C062F2 $BF $EA $AE $7F LDA $7FAEEA,X [7FAF5C] = $009A  A:0039 X:0072 Y:0072 S:033F D:0000 DB:7E P:nvmxdIzc V:97  H:193
C062F6 $0A             ASL                             A:009A X:0072 Y:0072 S:033F D:0000 DB:7E P:nvmxdIzc V:97  H:203
C062F7 $26 $2E         ROL $2E [00002E] = $0000        A:0134 X:0072 Y:0072 S:033F D:0000 DB:7E P:nvmxdIzc V:97  H:206
C062F9 $0A             ASL                             A:0134 X:0072 Y:0072 S:033F D:0000 DB:7E P:nvmxdIZc V:97  H:218
C062FA $26 $2E         ROL $2E [00002E] = $0000        A:0268 X:0072 Y:0072 S:033F D:0000 DB:7E P:nvmxdIzc V:97  H:221
C062FC $0A             ASL                             A:0268 X:0072 Y:0072 S:033F D:0000 DB:7E P:nvmxdIZc V:97  H:234
C062FD $26 $2E         ROL $2E [00002E] = $0000        A:04D0 X:0072 Y:0072 S:033F D:0000 DB:7E P:nvmxdIzc V:97  H:237
C062FF $0A             ASL                             A:04D0 X:0072 Y:0072 S:033F D:0000 DB:7E P:nvmxdIZc V:97  H:249
C06300 $26 $2E         ROL $2E [00002E] = $0000        A:09A0 X:0072 Y:0072 S:033F D:0000 DB:7E P:nvmxdIzc V:97  H:252
C06302 $18             CLC                             A:09A0 X:0072 Y:0072 S:033F D:0000 DB:7E P:nvmxdIZc V:97  H:265
C06303 $69 $A0 $8E     ADC #$8EA0                      A:09A0 X:0072 Y:0072 S:033F D:0000 DB:7E P:nvmxdIZc V:97  H:268
C06306 $99 $AE $8B     STA $8BAE,Y [7E8C20] = $E520    A:9840 X:0072 Y:0072 S:033F D:0000 DB:7E P:NvmxdIzc V:97  H:272
C06309 $A5 $2E         LDA $2E [00002E] = $0000        A:9840 X:0072 Y:0072 S:033F D:0000 DB:7E P:NvmxdIzc V:97  H:299
C0630B $69 $E3 $00     ADC #$00E3                      A:0000 X:0072 Y:0072 S:033F D:0000 DB:7E P:nvmxdIZc V:97  H:306
C0630E $99 $AE $8D     STA $8DAE,Y [7E8E20] = $00D0    A:00E3 X:0072 Y:0072 S:033F D:0000 DB:7E P:nvmxdIzc V:97  H:310
C06311 $A9 $10 $00     LDA #$0010                      A:00E3 X:0072 Y:0072 S:033F D:0000 DB:7E P:nvmxdIzc V:97  H:320
C06314 $99 $AE $91     STA $91AE,Y [7E9220] = $0020    A:0010 X:0072 Y:0072 S:033F D:0000 DB:7E P:nvmxdIzc V:97  H:324
C06317 $8A             TXA                             A:0010 X:0072 Y:0072 S:033F D:0000 DB:7E P:nvmxdIzc V:97  H:334
C06318 $0A             ASL                             A:0072 X:0072 Y:0072 S:033F D:0000 DB:7E P:nvmxdIzc V:97  H:337
C06319 $0A             ASL                             A:00E4 X:0072 Y:0072 S:033F D:0000 DB:7E P:nvmxdIzc V:98  H:0  
C0631A $18             CLC                             A:01C8 X:0072 Y:0072 S:033F D:0000 DB:7E P:nvmxdIzc V:98  H:3  
C0631B $6D $DF $99     ADC $99DF [7E99DF] = $4000      A:01C8 X:0072 Y:0072 S:033F D:0000 DB:7E P:nvmxdIzc V:98  H:6  
C0631E $99 $AE $8F     STA $8FAE,Y [7E9020] = $0390    A:41C8 X:0072 Y:0072 S:033F D:0000 DB:7E P:nvmxdIzc V:98  H:14 
C06321 $EE $AE $93     INC $93AE [7E93AE] = $0072      A:41C8 X:0072 Y:0072 S:033F D:0000 DB:7E P:nvmxdIzc V:98  H:24 
C06324 $EE $AE $93     INC $93AE [7E93AE] = $0073      A:41C8 X:0072 Y:0072 S:033F D:0000 DB:7E P:nvmxdIzc V:98  H:38 
C06327 $E8             INX                             A:41C8 X:0072 Y:0072 S:033F D:0000 DB:7E P:nvmxdIzc V:98  H:52 
C06328 $E8             INX                             A:41C8 X:0073 Y:0072 S:033F D:0000 DB:7E P:nvmxdIzc V:98  H:55 
C06329 $E6 $2A         INC $2A [00002A] = $0039        A:41C8 X:0074 Y:0072 S:033F D:0000 DB:7E P:nvmxdIzc V:98  H:58 
C0632B $CE $7A $96     DEC $967A [7E967A] = $003C      A:41C8 X:0074 Y:0072 S:033F D:0000 DB:7E P:nvmxdIzc V:98  H:71 
C0632E $D0 $A9         BNE $C062D9                     A:41C8 X:0074 Y:0072 S:033F D:0000 DB:7E P:nvmxdIzc V:98  H:85 
C062D9 $A5 $2A         LDA $2A [00002A] = $003A        A:41C8 X:0074 Y:0072 S:033F D:0000 DB:7E P:nvmxdIzc V:98  H:89 
C062DB $CF $4E $B7 $7F CMP $7FB74E                     A:003A X:0074 Y:0072 S:033F D:0000 DB:7E P:nvmxdIzc V:98  H:96 
C062DF $B0 $08         BCS $C062E9                     A:003A X:0074 Y:0072 S:033F D:0000 DB:7E P:NvmxdIzc V:98  H:106
C062E1 $AC $AE $93     LDY $93AE [7E93AE] = $0074      A:003A X:0074 Y:0072 S:033F D:0000 DB:7E P:NvmxdIzc V:98  H:109
C062E4 $C0 $00 $02     CPY #$0200                      A:003A X:0074 Y:0074 S:033F D:0000 DB:7E P:nvmxdIzc V:98  H:118
C062E7 $90 $06         BCC $C062EF                     A:003A X:0074 Y:0074 S:033F D:0000 DB:7E P:NvmxdIzc V:98  H:122
C062EF $AC $AE $93     LDY $93AE [7E93AE] = $0074      A:003A X:0074 Y:0074 S:033F D:0000 DB:7E P:NvmxdIzc V:98  H:127
C062F2 $BF $EA $AE $7F LDA $7FAEEA,X [7FAF5E] = $009B  A:003A X:0074 Y:0074 S:033F D:0000 DB:7E P:nvmxdIzc V:98  H:145
C062F6 $0A             ASL                             A:009B X:0074 Y:0074 S:033F D:0000 DB:7E P:nvmxdIzc V:98  H:155
C062F7 $26 $2E         ROL $2E [00002E] = $0000        A:0136 X:0074 Y:0074 S:033F D:0000 DB:7E P:nvmxdIzc V:98  H:158
C062F9 $0A             ASL                             A:0136 X:0074 Y:0074 S:033F D:0000 DB:7E P:nvmxdIZc V:98  H:171
C062FA $26 $2E         ROL $2E [00002E] = $0000        A:026C X:0074 Y:0074 S:033F D:0000 DB:7E P:nvmxdIzc V:98  H:174
C062FC $0A             ASL                             A:026C X:0074 Y:0074 S:033F D:0000 DB:7E P:nvmxdIZc V:98  H:186
C062FD $26 $2E         ROL $2E [00002E] = $0000        A:04D8 X:0074 Y:0074 S:033F D:0000 DB:7E P:nvmxdIzc V:98  H:189
C062FF $0A             ASL                             A:04D8 X:0074 Y:0074 S:033F D:0000 DB:7E P:nvmxdIZc V:98  H:202
C06300 $26 $2E         ROL $2E [00002E] = $0000        A:09B0 X:0074 Y:0074 S:033F D:0000 DB:7E P:nvmxdIzc V:98  H:205
C06302 $18             CLC                             A:09B0 X:0074 Y:0074 S:033F D:0000 DB:7E P:nvmxdIZc V:98  H:217
C06303 $69 $A0 $8E     ADC #$8EA0                      A:09B0 X:0074 Y:0074 S:033F D:0000 DB:7E P:nvmxdIZc V:98  H:220
C06306 $99 $AE $8B     STA $8BAE,Y [7E8C22] = $E540    A:9850 X:0074 Y:0074 S:033F D:0000 DB:7E P:NvmxdIzc V:98  H:225
C06309 $A5 $2E         LDA $2E [00002E] = $0000        A:9850 X:0074 Y:0074 S:033F D:0000 DB:7E P:NvmxdIzc V:98  H:235
C0630B $69 $E3 $00     ADC #$00E3                      A:0000 X:0074 Y:0074 S:033F D:0000 DB:7E P:nvmxdIZc V:98  H:242
C0630E $99 $AE $8D     STA $8DAE,Y [7E8E22] = $00D0    A:00E3 X:0074 Y:0074 S:033F D:0000 DB:7E P:nvmxdIzc V:98  H:246
C06311 $A9 $10 $00     LDA #$0010                      A:00E3 X:0074 Y:0074 S:033F D:0000 DB:7E P:nvmxdIzc V:98  H:256
C06314 $99 $AE $91     STA $91AE,Y [7E9222] = $0020    A:0010 X:0074 Y:0074 S:033F D:0000 DB:7E P:nvmxdIzc V:98  H:261
C06317 $8A             TXA                             A:0010 X:0074 Y:0074 S:033F D:0000 DB:7E P:nvmxdIzc V:98  H:271
C06318 $0A             ASL                             A:0074 X:0074 Y:0074 S:033F D:0000 DB:7E P:nvmxdIzc V:98  H:274
C06319 $0A             ASL                             A:00E8 X:0074 Y:0074 S:033F D:0000 DB:7E P:nvmxdIzc V:98  H:292
C0631A $18             CLC                             A:01D0 X:0074 Y:0074 S:033F D:0000 DB:7E P:nvmxdIzc V:98  H:295
C0631B $6D $DF $99     ADC $99DF [7E99DF] = $4000      A:01D0 X:0074 Y:0074 S:033F D:0000 DB:7E P:nvmxdIzc V:98  H:298
C0631E $99 $AE $8F     STA $8FAE,Y [7E9022] = $03A0    A:41D0 X:0074 Y:0074 S:033F D:0000 DB:7E P:nvmxdIzc V:98  H:306
C06321 $EE $AE $93     INC $93AE [7E93AE] = $0074      A:41D0 X:0074 Y:0074 S:033F D:0000 DB:7E P:nvmxdIzc V:98  H:316
C06324 $EE $AE $93     INC $93AE [7E93AE] = $0075      A:41D0 X:0074 Y:0074 S:033F D:0000 DB:7E P:nvmxdIzc V:98  H:329
C06327 $E8             INX                             A:41D0 X:0074 Y:0074 S:033F D:0000 DB:7E P:nvmxdIzc V:99  H:3  
C06328 $E8             INX                             A:41D0 X:0075 Y:0074 S:033F D:0000 DB:7E P:nvmxdIzc V:99  H:6  
C06329 $E6 $2A         INC $2A [00002A] = $003A        A:41D0 X:0076 Y:0074 S:033F D:0000 DB:7E P:nvmxdIzc V:99  H:9  
C0632B $CE $7A $96     DEC $967A [7E967A] = $003B      A:41D0 X:0076 Y:0074 S:033F D:0000 DB:7E P:nvmxdIzc V:99  H:22 
C0632E $D0 $A9         BNE $C062D9                     A:41D0 X:0076 Y:0074 S:033F D:0000 DB:7E P:nvmxdIzc V:99  H:36 
C062D9 $A5 $2A         LDA $2A [00002A] = $003B        A:41D0 X:0076 Y:0074 S:033F D:0000 DB:7E P:nvmxdIzc V:99  H:40 
C062DB $CF $4E $B7 $7F CMP $7FB74E                     A:003B X:0076 Y:0074 S:033F D:0000 DB:7E P:nvmxdIzc V:99  H:47 
C062DF $B0 $08         BCS $C062E9                     A:003B X:0076 Y:0074 S:033F D:0000 DB:7E P:NvmxdIzc V:99  H:57 
C062E1 $AC $AE $93     LDY $93AE [7E93AE] = $0076      A:003B X:0076 Y:0074 S:033F D:0000 DB:7E P:NvmxdIzc V:99  H:60 
C062E4 $C0 $00 $02     CPY #$0200                      A:003B X:0076 Y:0076 S:033F D:0000 DB:7E P:nvmxdIzc V:99  H:69 
C062E7 $90 $06         BCC $C062EF                     A:003B X:0076 Y:0076 S:033F D:0000 DB:7E P:NvmxdIzc V:99  H:73 
C062EF $AC $AE $93     LDY $93AE [7E93AE] = $0076      A:003B X:0076 Y:0076 S:033F D:0000 DB:7E P:NvmxdIzc V:99  H:78 
C062F2 $BF $EA $AE $7F LDA $7FAEEA,X [7FAF60] = $009C  A:003B X:0076 Y:0076 S:033F D:0000 DB:7E P:nvmxdIzc V:99  H:86 
C062F6 $0A             ASL                             A:009C X:0076 Y:0076 S:033F D:0000 DB:7E P:nvmxdIzc V:99  H:96 
C062F7 $26 $2E         ROL $2E [00002E] = $0000        A:0138 X:0076 Y:0076 S:033F D:0000 DB:7E P:nvmxdIzc V:99  H:99 
C062F9 $0A             ASL                             A:0138 X:0076 Y:0076 S:033F D:0000 DB:7E P:nvmxdIZc V:99  H:112
C062FA $26 $2E         ROL $2E [00002E] = $0000        A:0270 X:0076 Y:0076 S:033F D:0000 DB:7E P:nvmxdIzc V:99  H:115
C062FC $0A             ASL                             A:0270 X:0076 Y:0076 S:033F D:0000 DB:7E P:nvmxdIZc V:99  H:127
C062FD $26 $2E         ROL $2E [00002E] = $0000        A:04E0 X:0076 Y:0076 S:033F D:0000 DB:7E P:nvmxdIzc V:99  H:130
C062FF $0A             ASL                             A:04E0 X:0076 Y:0076 S:033F D:0000 DB:7E P:nvmxdIZc V:99  H:153
C06300 $26 $2E         ROL $2E [00002E] = $0000        A:09C0 X:0076 Y:0076 S:033F D:0000 DB:7E P:nvmxdIzc V:99  H:156
C06302 $18             CLC                             A:09C0 X:0076 Y:0076 S:033F D:0000 DB:7E P:nvmxdIZc V:99  H:168
C06303 $69 $A0 $8E     ADC #$8EA0                      A:09C0 X:0076 Y:0076 S:033F D:0000 DB:7E P:nvmxdIZc V:99  H:171
C06306 $99 $AE $8B     STA $8BAE,Y [7E8C24] = $E560    A:9860 X:0076 Y:0076 S:033F D:0000 DB:7E P:NvmxdIzc V:99  H:176
C06309 $A5 $2E         LDA $2E [00002E] = $0000        A:9860 X:0076 Y:0076 S:033F D:0000 DB:7E P:NvmxdIzc V:99  H:186
C0630B $69 $E3 $00     ADC #$00E3                      A:0000 X:0076 Y:0076 S:033F D:0000 DB:7E P:nvmxdIZc V:99  H:193
C0630E $99 $AE $8D     STA $8DAE,Y [7E8E24] = $00D0    A:00E3 X:0076 Y:0076 S:033F D:0000 DB:7E P:nvmxdIzc V:99  H:197
C06311 $A9 $10 $00     LDA #$0010                      A:00E3 X:0076 Y:0076 S:033F D:0000 DB:7E P:nvmxdIzc V:99  H:207
C06314 $99 $AE $91     STA $91AE,Y [7E9224] = $0020    A:0010 X:0076 Y:0076 S:033F D:0000 DB:7E P:nvmxdIzc V:99  H:212
C06317 $8A             TXA                             A:0010 X:0076 Y:0076 S:033F D:0000 DB:7E P:nvmxdIzc V:99  H:222
C06318 $0A             ASL                             A:0076 X:0076 Y:0076 S:033F D:0000 DB:7E P:nvmxdIzc V:99  H:225
C06319 $0A             ASL                             A:00EC X:0076 Y:0076 S:033F D:0000 DB:7E P:nvmxdIzc V:99  H:228
C0631A $18             CLC                             A:01D8 X:0076 Y:0076 S:033F D:0000 DB:7E P:nvmxdIzc V:99  H:231
C0631B $6D $DF $99     ADC $99DF [7E99DF] = $4000      A:01D8 X:0076 Y:0076 S:033F D:0000 DB:7E P:nvmxdIzc V:99  H:234
C0631E $99 $AE $8F     STA $8FAE,Y [7E9024] = $03B0    A:41D8 X:0076 Y:0076 S:033F D:0000 DB:7E P:nvmxdIzc V:99  H:242
C06321 $EE $AE $93     INC $93AE [7E93AE] = $0076      A:41D8 X:0076 Y:0076 S:033F D:0000 DB:7E P:nvmxdIzc V:99  H:252
C06324 $EE $AE $93     INC $93AE [7E93AE] = $0077      A:41D8 X:0076 Y:0076 S:033F D:0000 DB:7E P:nvmxdIzc V:99  H:266
C06327 $E8             INX                             A:41D8 X:0076 Y:0076 S:033F D:0000 DB:7E P:nvmxdIzc V:99  H:298
C06328 $E8             INX                             A:41D8 X:0077 Y:0076 S:033F D:0000 DB:7E P:nvmxdIzc V:99  H:301
C06329 $E6 $2A         INC $2A [00002A] = $003B        A:41D8 X:0078 Y:0076 S:033F D:0000 DB:7E P:nvmxdIzc V:99  H:304
C0632B $CE $7A $96     DEC $967A [7E967A] = $003A      A:41D8 X:0078 Y:0076 S:033F D:0000 DB:7E P:nvmxdIzc V:99  H:317
C0632E $D0 $A9         BNE $C062D9                     A:41D8 X:0078 Y:0076 S:033F D:0000 DB:7E P:nvmxdIzc V:99  H:330
C062D9 $A5 $2A         LDA $2A [00002A] = $003C        A:41D8 X:0078 Y:0076 S:033F D:0000 DB:7E P:nvmxdIzc V:99  H:334
C062DB $CF $4E $B7 $7F CMP $7FB74E                     A:003C X:0078 Y:0076 S:033F D:0000 DB:7E P:nvmxdIzc V:100 H:1  
C062DF $B0 $08         BCS $C062E9                     A:003C X:0078 Y:0076 S:033F D:0000 DB:7E P:NvmxdIzc V:100 H:11 
C062E1 $AC $AE $93     LDY $93AE [7E93AE] = $0078      A:003C X:0078 Y:0076 S:033F D:0000 DB:7E P:NvmxdIzc V:100 H:14 
C062E4 $C0 $00 $02     CPY #$0200                      A:003C X:0078 Y:0078 S:033F D:0000 DB:7E P:nvmxdIzc V:100 H:23 
C062E7 $90 $06         BCC $C062EF                     A:003C X:0078 Y:0078 S:033F D:0000 DB:7E P:NvmxdIzc V:100 H:27 
C062EF $AC $AE $93     LDY $93AE [7E93AE] = $0078      A:003C X:0078 Y:0078 S:033F D:0000 DB:7E P:NvmxdIzc V:100 H:32 
C062F2 $BF $EA $AE $7F LDA $7FAEEA,X [7FAF62] = $009D  A:003C X:0078 Y:0078 S:033F D:0000 DB:7E P:nvmxdIzc V:100 H:40 
C062F6 $0A             ASL                             A:009D X:0078 Y:0078 S:033F D:0000 DB:7E P:nvmxdIzc V:100 H:50 
C062F7 $26 $2E         ROL $2E [00002E] = $0000        A:013A X:0078 Y:0078 S:033F D:0000 DB:7E P:nvmxdIzc V:100 H:53 
C062F9 $0A             ASL                             A:013A X:0078 Y:0078 S:033F D:0000 DB:7E P:nvmxdIZc V:100 H:66 
C062FA $26 $2E         ROL $2E [00002E] = $0000        A:0274 X:0078 Y:0078 S:033F D:0000 DB:7E P:nvmxdIzc V:100 H:69 
C062FC $0A             ASL                             A:0274 X:0078 Y:0078 S:033F D:0000 DB:7E P:nvmxdIZc V:100 H:81 
C062FD $26 $2E         ROL $2E [00002E] = $0000        A:04E8 X:0078 Y:0078 S:033F D:0000 DB:7E P:nvmxdIzc V:100 H:84 
C062FF $0A             ASL                             A:04E8 X:0078 Y:0078 S:033F D:0000 DB:7E P:nvmxdIZc V:100 H:97 
C06300 $26 $2E         ROL $2E [00002E] = $0000        A:09D0 X:0078 Y:0078 S:033F D:0000 DB:7E P:nvmxdIzc V:100 H:100
C06302 $18             CLC                             A:09D0 X:0078 Y:0078 S:033F D:0000 DB:7E P:nvmxdIZc V:100 H:112
C06303 $69 $A0 $8E     ADC #$8EA0                      A:09D0 X:0078 Y:0078 S:033F D:0000 DB:7E P:nvmxdIZc V:100 H:115
C06306 $99 $AE $8B     STA $8BAE,Y [7E8C26] = $E580    A:9870 X:0078 Y:0078 S:033F D:0000 DB:7E P:NvmxdIzc V:100 H:120
C06309 $A5 $2E         LDA $2E [00002E] = $0000        A:9870 X:0078 Y:0078 S:033F D:0000 DB:7E P:NvmxdIzc V:100 H:130
C0630B $69 $E3 $00     ADC #$00E3                      A:0000 X:0078 Y:0078 S:033F D:0000 DB:7E P:nvmxdIZc V:100 H:147
C0630E $99 $AE $8D     STA $8DAE,Y [7E8E26] = $00D0    A:00E3 X:0078 Y:0078 S:033F D:0000 DB:7E P:nvmxdIzc V:100 H:151
C06311 $A9 $10 $00     LDA #$0010                      A:00E3 X:0078 Y:0078 S:033F D:0000 DB:7E P:nvmxdIzc V:100 H:161
C06314 $99 $AE $91     STA $91AE,Y [7E9226] = $0020    A:0010 X:0078 Y:0078 S:033F D:0000 DB:7E P:nvmxdIzc V:100 H:166
C06317 $8A             TXA                             A:0010 X:0078 Y:0078 S:033F D:0000 DB:7E P:nvmxdIzc V:100 H:176
C06318 $0A             ASL                             A:0078 X:0078 Y:0078 S:033F D:0000 DB:7E P:nvmxdIzc V:100 H:179
C06319 $0A             ASL                             A:00F0 X:0078 Y:0078 S:033F D:0000 DB:7E P:nvmxdIzc V:100 H:182
C0631A $18             CLC                             A:01E0 X:0078 Y:0078 S:033F D:0000 DB:7E P:nvmxdIzc V:100 H:185
C0631B $6D $DF $99     ADC $99DF [7E99DF] = $4000      A:01E0 X:0078 Y:0078 S:033F D:0000 DB:7E P:nvmxdIzc V:100 H:188
C0631E $99 $AE $8F     STA $8FAE,Y [7E9026] = $03C0    A:41E0 X:0078 Y:0078 S:033F D:0000 DB:7E P:nvmxdIzc V:100 H:196
C06321 $EE $AE $93     INC $93AE [7E93AE] = $0078      A:41E0 X:0078 Y:0078 S:033F D:0000 DB:7E P:nvmxdIzc V:100 H:206
C06324 $EE $AE $93     INC $93AE [7E93AE] = $0079      A:41E0 X:0078 Y:0078 S:033F D:0000 DB:7E P:nvmxdIzc V:100 H:220
C06327 $E8             INX                             A:41E0 X:0078 Y:0078 S:033F D:0000 DB:7E P:nvmxdIzc V:100 H:234
C06328 $E8             INX                             A:41E0 X:0079 Y:0078 S:033F D:0000 DB:7E P:nvmxdIzc V:100 H:237
C06329 $E6 $2A         INC $2A [00002A] = $003C        A:41E0 X:007A Y:0078 S:033F D:0000 DB:7E P:nvmxdIzc V:100 H:240
C0632B $CE $7A $96     DEC $967A [7E967A] = $0039      A:41E0 X:007A Y:0078 S:033F D:0000 DB:7E P:nvmxdIzc V:100 H:253
C0632E $D0 $A9         BNE $C062D9                     A:41E0 X:007A Y:0078 S:033F D:0000 DB:7E P:nvmxdIzc V:100 H:267
C062D9 $A5 $2A         LDA $2A [00002A] = $003D        A:41E0 X:007A Y:0078 S:033F D:0000 DB:7E P:nvmxdIzc V:100 H:271
C062DB $CF $4E $B7 $7F CMP $7FB74E                     A:003D X:007A Y:0078 S:033F D:0000 DB:7E P:nvmxdIzc V:100 H:294
C062DF $B0 $08         BCS $C062E9                     A:003D X:007A Y:0078 S:033F D:0000 DB:7E P:NvmxdIzc V:100 H:304
C062E1 $AC $AE $93     LDY $93AE [7E93AE] = $007A      A:003D X:007A Y:0078 S:033F D:0000 DB:7E P:NvmxdIzc V:100 H:307
C062E4 $C0 $00 $02     CPY #$0200                      A:003D X:007A Y:007A S:033F D:0000 DB:7E P:nvmxdIzc V:100 H:316
C062E7 $90 $06         BCC $C062EF                     A:003D X:007A Y:007A S:033F D:0000 DB:7E P:NvmxdIzc V:100 H:320
C062EF $AC $AE $93     LDY $93AE [7E93AE] = $007A      A:003D X:007A Y:007A S:033F D:0000 DB:7E P:NvmxdIzc V:100 H:324
C062F2 $BF $EA $AE $7F LDA $7FAEEA,X [7FAF64] = $009E  A:003D X:007A Y:007A S:033F D:0000 DB:7E P:nvmxdIzc V:100 H:332
C062F6 $0A             ASL                             A:009E X:007A Y:007A S:033F D:0000 DB:7E P:nvmxdIzc V:101 H:2  
C062F7 $26 $2E         ROL $2E [00002E] = $0000        A:013C X:007A Y:007A S:033F D:0000 DB:7E P:nvmxdIzc V:101 H:5  
C062F9 $0A             ASL                             A:013C X:007A Y:007A S:033F D:0000 DB:7E P:nvmxdIZc V:101 H:18 
C062FA $26 $2E         ROL $2E [00002E] = $0000        A:0278 X:007A Y:007A S:033F D:0000 DB:7E P:nvmxdIzc V:101 H:21 
C062FC $0A             ASL                             A:0278 X:007A Y:007A S:033F D:0000 DB:7E P:nvmxdIZc V:101 H:33 
C062FD $26 $2E         ROL $2E [00002E] = $0000        A:04F0 X:007A Y:007A S:033F D:0000 DB:7E P:nvmxdIzc V:101 H:36 
C062FF $0A             ASL                             A:04F0 X:007A Y:007A S:033F D:0000 DB:7E P:nvmxdIZc V:101 H:49 
C06300 $26 $2E         ROL $2E [00002E] = $0000        A:09E0 X:007A Y:007A S:033F D:0000 DB:7E P:nvmxdIzc V:101 H:52 
C06302 $18             CLC                             A:09E0 X:007A Y:007A S:033F D:0000 DB:7E P:nvmxdIZc V:101 H:64 
C06303 $69 $A0 $8E     ADC #$8EA0                      A:09E0 X:007A Y:007A S:033F D:0000 DB:7E P:nvmxdIZc V:101 H:67 
C06306 $99 $AE $8B     STA $8BAE,Y [7E8C28] = $E5A0    A:9880 X:007A Y:007A S:033F D:0000 DB:7E P:NvmxdIzc V:101 H:72 
C06309 $A5 $2E         LDA $2E [00002E] = $0000        A:9880 X:007A Y:007A S:033F D:0000 DB:7E P:NvmxdIzc V:101 H:82 
C0630B $69 $E3 $00     ADC #$00E3                      A:0000 X:007A Y:007A S:033F D:0000 DB:7E P:nvmxdIZc V:101 H:89 
C0630E $99 $AE $8D     STA $8DAE,Y [7E8E28] = $00D0    A:00E3 X:007A Y:007A S:033F D:0000 DB:7E P:nvmxdIzc V:101 H:93 
C06311 $A9 $10 $00     LDA #$0010                      A:00E3 X:007A Y:007A S:033F D:0000 DB:7E P:nvmxdIzc V:101 H:103
C06314 $99 $AE $91     STA $91AE,Y [7E9228] = $0020    A:0010 X:007A Y:007A S:033F D:0000 DB:7E P:nvmxdIzc V:101 H:108
C06317 $8A             TXA                             A:0010 X:007A Y:007A S:033F D:0000 DB:7E P:nvmxdIzc V:101 H:118
C06318 $0A             ASL                             A:007A X:007A Y:007A S:033F D:0000 DB:7E P:nvmxdIzc V:101 H:121
C06319 $0A             ASL                             A:00F4 X:007A Y:007A S:033F D:0000 DB:7E P:nvmxdIzc V:101 H:124
C0631A $18             CLC                             A:01E8 X:007A Y:007A S:033F D:0000 DB:7E P:nvmxdIzc V:101 H:127
C0631B $6D $DF $99     ADC $99DF [7E99DF] = $4000      A:01E8 X:007A Y:007A S:033F D:0000 DB:7E P:nvmxdIzc V:101 H:130
C0631E $99 $AE $8F     STA $8FAE,Y [7E9028] = $03D0    A:41E8 X:007A Y:007A S:033F D:0000 DB:7E P:nvmxdIzc V:101 H:148
C06321 $EE $AE $93     INC $93AE [7E93AE] = $007A      A:41E8 X:007A Y:007A S:033F D:0000 DB:7E P:nvmxdIzc V:101 H:158
C06324 $EE $AE $93     INC $93AE [7E93AE] = $007B      A:41E8 X:007A Y:007A S:033F D:0000 DB:7E P:nvmxdIzc V:101 H:172
C06327 $E8             INX                             A:41E8 X:007A Y:007A S:033F D:0000 DB:7E P:nvmxdIzc V:101 H:186
C06328 $E8             INX                             A:41E8 X:007B Y:007A S:033F D:0000 DB:7E P:nvmxdIzc V:101 H:189
C06329 $E6 $2A         INC $2A [00002A] = $003D        A:41E8 X:007C Y:007A S:033F D:0000 DB:7E P:nvmxdIzc V:101 H:192
C0632B $CE $7A $96     DEC $967A [7E967A] = $0038      A:41E8 X:007C Y:007A S:033F D:0000 DB:7E P:nvmxdIzc V:101 H:205
C0632E $D0 $A9         BNE $C062D9                     A:41E8 X:007C Y:007A S:033F D:0000 DB:7E P:nvmxdIzc V:101 H:219
C062D9 $A5 $2A         LDA $2A [00002A] = $003E        A:41E8 X:007C Y:007A S:033F D:0000 DB:7E P:nvmxdIzc V:101 H:223
C062DB $CF $4E $B7 $7F CMP $7FB74E                     A:003E X:007C Y:007A S:033F D:0000 DB:7E P:nvmxdIzc V:101 H:230
C062DF $B0 $08         BCS $C062E9                     A:003E X:007C Y:007A S:033F D:0000 DB:7E P:NvmxdIzc V:101 H:240
C062E1 $AC $AE $93     LDY $93AE [7E93AE] = $007C      A:003E X:007C Y:007A S:033F D:0000 DB:7E P:NvmxdIzc V:101 H:243
C062E4 $C0 $00 $02     CPY #$0200                      A:003E X:007C Y:007C S:033F D:0000 DB:7E P:nvmxdIzc V:101 H:252
C062E7 $90 $06         BCC $C062EF                     A:003E X:007C Y:007C S:033F D:0000 DB:7E P:NvmxdIzc V:101 H:256
C062EF $AC $AE $93     LDY $93AE [7E93AE] = $007C      A:003E X:007C Y:007C S:033F D:0000 DB:7E P:NvmxdIzc V:101 H:261
C062F2 $BF $EA $AE $7F LDA $7FAEEA,X [7FAF66] = $009F  A:003E X:007C Y:007C S:033F D:0000 DB:7E P:nvmxdIzc V:101 H:269
C062F6 $0A             ASL                             A:009F X:007C Y:007C S:033F D:0000 DB:7E P:nvmxdIzc V:101 H:295
C062F7 $26 $2E         ROL $2E [00002E] = $0000        A:013E X:007C Y:007C S:033F D:0000 DB:7E P:nvmxdIzc V:101 H:298
C062F9 $0A             ASL                             A:013E X:007C Y:007C S:033F D:0000 DB:7E P:nvmxdIZc V:101 H:311
C062FA $26 $2E         ROL $2E [00002E] = $0000        A:027C X:007C Y:007C S:033F D:0000 DB:7E P:nvmxdIzc V:101 H:314
C062FC $0A             ASL                             A:027C X:007C Y:007C S:033F D:0000 DB:7E P:nvmxdIZc V:101 H:326
C062FD $26 $2E         ROL $2E [00002E] = $0000        A:04F8 X:007C Y:007C S:033F D:0000 DB:7E P:nvmxdIzc V:101 H:328
C062FF $0A             ASL                             A:04F8 X:007C Y:007C S:033F D:0000 DB:7E P:nvmxdIZc V:102 H:1  
C06300 $26 $2E         ROL $2E [00002E] = $0000        A:09F0 X:007C Y:007C S:033F D:0000 DB:7E P:nvmxdIzc V:102 H:4  
C06302 $18             CLC                             A:09F0 X:007C Y:007C S:033F D:0000 DB:7E P:nvmxdIZc V:102 H:16 
C06303 $69 $A0 $8E     ADC #$8EA0                      A:09F0 X:007C Y:007C S:033F D:0000 DB:7E P:nvmxdIZc V:102 H:19 
C06306 $99 $AE $8B     STA $8BAE,Y [7E8C2A] = $E5C0    A:9890 X:007C Y:007C S:033F D:0000 DB:7E P:NvmxdIzc V:102 H:24 
C06309 $A5 $2E         LDA $2E [00002E] = $0000        A:9890 X:007C Y:007C S:033F D:0000 DB:7E P:NvmxdIzc V:102 H:34 
C0630B $69 $E3 $00     ADC #$00E3                      A:0000 X:007C Y:007C S:033F D:0000 DB:7E P:nvmxdIZc V:102 H:41 
C0630E $99 $AE $8D     STA $8DAE,Y [7E8E2A] = $00D0    A:00E3 X:007C Y:007C S:033F D:0000 DB:7E P:nvmxdIzc V:102 H:45 
C06311 $A9 $10 $00     LDA #$0010                      A:00E3 X:007C Y:007C S:033F D:0000 DB:7E P:nvmxdIzc V:102 H:55 
C06314 $99 $AE $91     STA $91AE,Y [7E922A] = $0020    A:0010 X:007C Y:007C S:033F D:0000 DB:7E P:nvmxdIzc V:102 H:60 
C06317 $8A             TXA                             A:0010 X:007C Y:007C S:033F D:0000 DB:7E P:nvmxdIzc V:102 H:70 
C06318 $0A             ASL                             A:007C X:007C Y:007C S:033F D:0000 DB:7E P:nvmxdIzc V:102 H:73 
C06319 $0A             ASL                             A:00F8 X:007C Y:007C S:033F D:0000 DB:7E P:nvmxdIzc V:102 H:76 
C0631A $18             CLC                             A:01F0 X:007C Y:007C S:033F D:0000 DB:7E P:nvmxdIzc V:102 H:79 
C0631B $6D $DF $99     ADC $99DF [7E99DF] = $4000      A:01F0 X:007C Y:007C S:033F D:0000 DB:7E P:nvmxdIzc V:102 H:82 
C0631E $99 $AE $8F     STA $8FAE,Y [7E902A] = $03E0    A:41F0 X:007C Y:007C S:033F D:0000 DB:7E P:nvmxdIzc V:102 H:90 
C06321 $EE $AE $93     INC $93AE [7E93AE] = $007C      A:41F0 X:007C Y:007C S:033F D:0000 DB:7E P:nvmxdIzc V:102 H:100
C06324 $EE $AE $93     INC $93AE [7E93AE] = $007D      A:41F0 X:007C Y:007C S:033F D:0000 DB:7E P:nvmxdIzc V:102 H:114
C06327 $E8             INX                             A:41F0 X:007C Y:007C S:033F D:0000 DB:7E P:nvmxdIzc V:102 H:128
C06328 $E8             INX                             A:41F0 X:007D Y:007C S:033F D:0000 DB:7E P:nvmxdIzc V:102 H:131
C06329 $E6 $2A         INC $2A [00002A] = $003E        A:41F0 X:007E Y:007C S:033F D:0000 DB:7E P:nvmxdIzc V:102 H:144
C0632B $CE $7A $96     DEC $967A [7E967A] = $0037      A:41F0 X:007E Y:007C S:033F D:0000 DB:7E P:nvmxdIzc V:102 H:157
C0632E $D0 $A9         BNE $C062D9                     A:41F0 X:007E Y:007C S:033F D:0000 DB:7E P:nvmxdIzc V:102 H:171
C062D9 $A5 $2A         LDA $2A [00002A] = $003F        A:41F0 X:007E Y:007C S:033F D:0000 DB:7E P:nvmxdIzc V:102 H:175
C062DB $CF $4E $B7 $7F CMP $7FB74E                     A:003F X:007E Y:007C S:033F D:0000 DB:7E P:nvmxdIzc V:102 H:182
C062DF $B0 $08         BCS $C062E9                     A:003F X:007E Y:007C S:033F D:0000 DB:7E P:NvmxdIzc V:102 H:192
C062E1 $AC $AE $93     LDY $93AE [7E93AE] = $007E      A:003F X:007E Y:007C S:033F D:0000 DB:7E P:NvmxdIzc V:102 H:195
C062E4 $C0 $00 $02     CPY #$0200                      A:003F X:007E Y:007E S:033F D:0000 DB:7E P:nvmxdIzc V:102 H:204
C062E7 $90 $06         BCC $C062EF                     A:003F X:007E Y:007E S:033F D:0000 DB:7E P:NvmxdIzc V:102 H:208
C062EF $AC $AE $93     LDY $93AE [7E93AE] = $007E      A:003F X:007E Y:007E S:033F D:0000 DB:7E P:NvmxdIzc V:102 H:213
C062F2 $BF $EA $AE $7F LDA $7FAEEA,X [7FAF68] = $00A0  A:003F X:007E Y:007E S:033F D:0000 DB:7E P:nvmxdIzc V:102 H:221
C062F6 $0A             ASL                             A:00A0 X:007E Y:007E S:033F D:0000 DB:7E P:nvmxdIzc V:102 H:231
C062F7 $26 $2E         ROL $2E [00002E] = $0000        A:0140 X:007E Y:007E S:033F D:0000 DB:7E P:nvmxdIzc V:102 H:234
C062F9 $0A             ASL                             A:0140 X:007E Y:007E S:033F D:0000 DB:7E P:nvmxdIZc V:102 H:247
C062FA $26 $2E         ROL $2E [00002E] = $0000        A:0280 X:007E Y:007E S:033F D:0000 DB:7E P:nvmxdIzc V:102 H:250
C062FC $0A             ASL                             A:0280 X:007E Y:007E S:033F D:0000 DB:7E P:nvmxdIZc V:102 H:262
C062FD $26 $2E         ROL $2E [00002E] = $0000        A:0500 X:007E Y:007E S:033F D:0000 DB:7E P:nvmxdIzc V:102 H:265
C062FF $0A             ASL                             A:0500 X:007E Y:007E S:033F D:0000 DB:7E P:nvmxdIZc V:102 H:294
C06300 $26 $2E         ROL $2E [00002E] = $0000        A:0A00 X:007E Y:007E S:033F D:0000 DB:7E P:nvmxdIzc V:102 H:297
C06302 $18             CLC                             A:0A00 X:007E Y:007E S:033F D:0000 DB:7E P:nvmxdIZc V:102 H:310
C06303 $69 $A0 $8E     ADC #$8EA0                      A:0A00 X:007E Y:007E S:033F D:0000 DB:7E P:nvmxdIZc V:102 H:313
C06306 $99 $AE $8B     STA $8BAE,Y [7E8C2C] = $E5E0    A:98A0 X:007E Y:007E S:033F D:0000 DB:7E P:NvmxdIzc V:102 H:317
C06309 $A5 $2E         LDA $2E [00002E] = $0000        A:98A0 X:007E Y:007E S:033F D:0000 DB:7E P:NvmxdIzc V:102 H:327
C0630B $69 $E3 $00     ADC #$00E3                      A:0000 X:007E Y:007E S:033F D:0000 DB:7E P:nvmxdIZc V:102 H:333
C0630E $99 $AE $8D     STA $8DAE,Y [7E8E2C] = $00D0    A:00E3 X:007E Y:007E S:033F D:0000 DB:7E P:nvmxdIzc V:102 H:338
C06311 $A9 $10 $00     LDA #$0010                      A:00E3 X:007E Y:007E S:033F D:0000 DB:7E P:nvmxdIzc V:103 H:8  
C06314 $99 $AE $91     STA $91AE,Y [7E922C] = $0020    A:0010 X:007E Y:007E S:033F D:0000 DB:7E P:nvmxdIzc V:103 H:12 
C06317 $8A             TXA                             A:0010 X:007E Y:007E S:033F D:0000 DB:7E P:nvmxdIzc V:103 H:22 
C06318 $0A             ASL                             A:007E X:007E Y:007E S:033F D:0000 DB:7E P:nvmxdIzc V:103 H:25 
C06319 $0A             ASL                             A:00FC X:007E Y:007E S:033F D:0000 DB:7E P:nvmxdIzc V:103 H:28 
C0631A $18             CLC                             A:01F8 X:007E Y:007E S:033F D:0000 DB:7E P:nvmxdIzc V:103 H:31 
C0631B $6D $DF $99     ADC $99DF [7E99DF] = $4000      A:01F8 X:007E Y:007E S:033F D:0000 DB:7E P:nvmxdIzc V:103 H:34 
C0631E $99 $AE $8F     STA $8FAE,Y [7E902C] = $03F0    A:41F8 X:007E Y:007E S:033F D:0000 DB:7E P:nvmxdIzc V:103 H:43 
C06321 $EE $AE $93     INC $93AE [7E93AE] = $007E      A:41F8 X:007E Y:007E S:033F D:0000 DB:7E P:nvmxdIzc V:103 H:53 
C06324 $EE $AE $93     INC $93AE [7E93AE] = $007F      A:41F8 X:007E Y:007E S:033F D:0000 DB:7E P:nvmxdIzc V:103 H:67 
C06327 $E8             INX                             A:41F8 X:007E Y:007E S:033F D:0000 DB:7E P:nvmxdIzc V:103 H:81 
C06328 $E8             INX                             A:41F8 X:007F Y:007E S:033F D:0000 DB:7E P:nvmxdIzc V:103 H:84 
C06329 $E6 $2A         INC $2A [00002A] = $003F        A:41F8 X:0080 Y:007E S:033F D:0000 DB:7E P:nvmxdIzc V:103 H:87 
C0632B $CE $7A $96     DEC $967A [7E967A] = $0036      A:41F8 X:0080 Y:007E S:033F D:0000 DB:7E P:nvmxdIzc V:103 H:99 
C0632E $D0 $A9         BNE $C062D9                     A:41F8 X:0080 Y:007E S:033F D:0000 DB:7E P:nvmxdIzc V:103 H:113
C062D9 $A5 $2A         LDA $2A [00002A] = $0040        A:41F8 X:0080 Y:007E S:033F D:0000 DB:7E P:nvmxdIzc V:103 H:118
C062DB $CF $4E $B7 $7F CMP $7FB74E                     A:0040 X:0080 Y:007E S:033F D:0000 DB:7E P:nvmxdIzc V:103 H:125
C062DF $B0 $08         BCS $C062E9                     A:0040 X:0080 Y:007E S:033F D:0000 DB:7E P:NvmxdIzc V:103 H:145
C062E1 $AC $AE $93     LDY $93AE [7E93AE] = $0080      A:0040 X:0080 Y:007E S:033F D:0000 DB:7E P:NvmxdIzc V:103 H:148
C062E4 $C0 $00 $02     CPY #$0200                      A:0040 X:0080 Y:0080 S:033F D:0000 DB:7E P:nvmxdIzc V:103 H:156
C062E7 $90 $06         BCC $C062EF                     A:0040 X:0080 Y:0080 S:033F D:0000 DB:7E P:NvmxdIzc V:103 H:161
C062EF $AC $AE $93     LDY $93AE [7E93AE] = $0080      A:0040 X:0080 Y:0080 S:033F D:0000 DB:7E P:NvmxdIzc V:103 H:165
C062F2 $BF $EA $AE $7F LDA $7FAEEA,X [7FAF6A] = $00A1  A:0040 X:0080 Y:0080 S:033F D:0000 DB:7E P:nvmxdIzc V:103 H:174
C062F6 $0A             ASL                             A:00A1 X:0080 Y:0080 S:033F D:0000 DB:7E P:nvmxdIzc V:103 H:184
C062F7 $26 $2E         ROL $2E [00002E] = $0000        A:0142 X:0080 Y:0080 S:033F D:0000 DB:7E P:nvmxdIzc V:103 H:187
C062F9 $0A             ASL                             A:0142 X:0080 Y:0080 S:033F D:0000 DB:7E P:nvmxdIZc V:103 H:199
C062FA $26 $2E         ROL $2E [00002E] = $0000        A:0284 X:0080 Y:0080 S:033F D:0000 DB:7E P:nvmxdIzc V:103 H:202
C062FC $0A             ASL                             A:0284 X:0080 Y:0080 S:033F D:0000 DB:7E P:nvmxdIZc V:103 H:215
C062FD $26 $2E         ROL $2E [00002E] = $0000        A:0508 X:0080 Y:0080 S:033F D:0000 DB:7E P:nvmxdIzc V:103 H:218
C062FF $0A             ASL                             A:0508 X:0080 Y:0080 S:033F D:0000 DB:7E P:nvmxdIZc V:103 H:230
C06300 $26 $2E         ROL $2E [00002E] = $0000        A:0A10 X:0080 Y:0080 S:033F D:0000 DB:7E P:nvmxdIzc V:103 H:233
C06302 $18             CLC                             A:0A10 X:0080 Y:0080 S:033F D:0000 DB:7E P:nvmxdIZc V:103 H:246
C06303 $69 $A0 $8E     ADC #$8EA0                      A:0A10 X:0080 Y:0080 S:033F D:0000 DB:7E P:nvmxdIZc V:103 H:249
C06306 $99 $AE $8B     STA $8BAE,Y [7E8C2E] = $E600    A:98B0 X:0080 Y:0080 S:033F D:0000 DB:7E P:NvmxdIzc V:103 H:253
C06309 $A5 $2E         LDA $2E [00002E] = $0000        A:98B0 X:0080 Y:0080 S:033F D:0000 DB:7E P:NvmxdIzc V:103 H:263
C0630B $69 $E3 $00     ADC #$00E3                      A:0000 X:0080 Y:0080 S:033F D:0000 DB:7E P:nvmxdIZc V:103 H:270
C0630E $99 $AE $8D     STA $8DAE,Y [7E8E2E] = $00D0    A:00E3 X:0080 Y:0080 S:033F D:0000 DB:7E P:nvmxdIzc V:103 H:275
C06311 $A9 $10 $00     LDA #$0010                      A:00E3 X:0080 Y:0080 S:033F D:0000 DB:7E P:nvmxdIzc V:103 H:325
C06314 $99 $AE $91     STA $91AE,Y [7E922E] = $0020    A:0010 X:0080 Y:0080 S:033F D:0000 DB:7E P:nvmxdIzc V:103 H:329
C06317 $8A             TXA                             A:0010 X:0080 Y:0080 S:033F D:0000 DB:7E P:nvmxdIzc V:103 H:339
C06318 $0A             ASL                             A:0080 X:0080 Y:0080 S:033F D:0000 DB:7E P:nvmxdIzc V:104 H:2  
C06319 $0A             ASL                             A:0100 X:0080 Y:0080 S:033F D:0000 DB:7E P:nvmxdIzc V:104 H:5  
C0631A $18             CLC                             A:0200 X:0080 Y:0080 S:033F D:0000 DB:7E P:nvmxdIzc V:104 H:8  
C0631B $6D $DF $99     ADC $99DF [7E99DF] = $4000      A:0200 X:0080 Y:0080 S:033F D:0000 DB:7E P:nvmxdIzc V:104 H:11 
C0631E $99 $AE $8F     STA $8FAE,Y [7E902E] = $0400    A:4200 X:0080 Y:0080 S:033F D:0000 DB:7E P:nvmxdIzc V:104 H:19 
C06321 $EE $AE $93     INC $93AE [7E93AE] = $0080      A:4200 X:0080 Y:0080 S:033F D:0000 DB:7E P:nvmxdIzc V:104 H:29 
C06324 $EE $AE $93     INC $93AE [7E93AE] = $0081      A:4200 X:0080 Y:0080 S:033F D:0000 DB:7E P:nvmxdIzc V:104 H:43 
C06327 $E8             INX                             A:4200 X:0080 Y:0080 S:033F D:0000 DB:7E P:nvmxdIzc V:104 H:57 
C06328 $E8             INX                             A:4200 X:0081 Y:0080 S:033F D:0000 DB:7E P:nvmxdIzc V:104 H:60 
C06329 $E6 $2A         INC $2A [00002A] = $0040        A:4200 X:0082 Y:0080 S:033F D:0000 DB:7E P:nvmxdIzc V:104 H:63 
C0632B $CE $7A $96     DEC $967A [7E967A] = $0035      A:4200 X:0082 Y:0080 S:033F D:0000 DB:7E P:nvmxdIzc V:104 H:76 
C0632E $D0 $A9         BNE $C062D9                     A:4200 X:0082 Y:0080 S:033F D:0000 DB:7E P:nvmxdIzc V:104 H:90 
C062D9 $A5 $2A         LDA $2A [00002A] = $0041        A:4200 X:0082 Y:0080 S:033F D:0000 DB:7E P:nvmxdIzc V:104 H:94 
C062DB $CF $4E $B7 $7F CMP $7FB74E                     A:0041 X:0082 Y:0080 S:033F D:0000 DB:7E P:nvmxdIzc V:104 H:101
C062DF $B0 $08         BCS $C062E9                     A:0041 X:0082 Y:0080 S:033F D:0000 DB:7E P:NvmxdIzc V:104 H:111
C062E1 $AC $AE $93     LDY $93AE [7E93AE] = $0082      A:0041 X:0082 Y:0080 S:033F D:0000 DB:7E P:NvmxdIzc V:104 H:114
C062E4 $C0 $00 $02     CPY #$0200                      A:0041 X:0082 Y:0082 S:033F D:0000 DB:7E P:nvmxdIzc V:104 H:123
C062E7 $90 $06         BCC $C062EF                     A:0041 X:0082 Y:0082 S:033F D:0000 DB:7E P:NvmxdIzc V:104 H:127
C062EF $AC $AE $93     LDY $93AE [7E93AE] = $0082      A:0041 X:0082 Y:0082 S:033F D:0000 DB:7E P:NvmxdIzc V:104 H:132
C062F2 $BF $EA $AE $7F LDA $7FAEEA,X [7FAF6C] = $00A2  A:0041 X:0082 Y:0082 S:033F D:0000 DB:7E P:nvmxdIzc V:104 H:150
C062F6 $0A             ASL                             A:00A2 X:0082 Y:0082 S:033F D:0000 DB:7E P:nvmxdIzc V:104 H:160
C062F7 $26 $2E         ROL $2E [00002E] = $0000        A:0144 X:0082 Y:0082 S:033F D:0000 DB:7E P:nvmxdIzc V:104 H:163
C062F9 $0A             ASL                             A:0144 X:0082 Y:0082 S:033F D:0000 DB:7E P:nvmxdIZc V:104 H:176
C062FA $26 $2E         ROL $2E [00002E] = $0000        A:0288 X:0082 Y:0082 S:033F D:0000 DB:7E P:nvmxdIzc V:104 H:179
C062FC $0A             ASL                             A:0288 X:0082 Y:0082 S:033F D:0000 DB:7E P:nvmxdIZc V:104 H:191
C062FD $26 $2E         ROL $2E [00002E] = $0000        A:0510 X:0082 Y:0082 S:033F D:0000 DB:7E P:nvmxdIzc V:104 H:194
C062FF $0A             ASL                             A:0510 X:0082 Y:0082 S:033F D:0000 DB:7E P:nvmxdIZc V:104 H:207
C06300 $26 $2E         ROL $2E [00002E] = $0000        A:0A20 X:0082 Y:0082 S:033F D:0000 DB:7E P:nvmxdIzc V:104 H:210
C06302 $18             CLC                             A:0A20 X:0082 Y:0082 S:033F D:0000 DB:7E P:nvmxdIZc V:104 H:222
C06303 $69 $A0 $8E     ADC #$8EA0                      A:0A20 X:0082 Y:0082 S:033F D:0000 DB:7E P:nvmxdIZc V:104 H:225
C06306 $99 $AE $8B     STA $8BAE,Y [7E8C30] = $E620    A:98C0 X:0082 Y:0082 S:033F D:0000 DB:7E P:NvmxdIzc V:104 H:230
C06309 $A5 $2E         LDA $2E [00002E] = $0000        A:98C0 X:0082 Y:0082 S:033F D:0000 DB:7E P:NvmxdIzc V:104 H:240
C0630B $69 $E3 $00     ADC #$00E3                      A:0000 X:0082 Y:0082 S:033F D:0000 DB:7E P:nvmxdIZc V:104 H:247
C0630E $99 $AE $8D     STA $8DAE,Y [7E8E30] = $00D0    A:00E3 X:0082 Y:0082 S:033F D:0000 DB:7E P:nvmxdIzc V:104 H:251
C06311 $A9 $10 $00     LDA #$0010                      A:00E3 X:0082 Y:0082 S:033F D:0000 DB:7E P:nvmxdIzc V:104 H:261
C06314 $99 $AE $91     STA $91AE,Y [7E9230] = $0020    A:0010 X:0082 Y:0082 S:033F D:0000 DB:7E P:nvmxdIzc V:104 H:266
C06317 $8A             TXA                             A:0010 X:0082 Y:0082 S:033F D:0000 DB:7E P:nvmxdIzc V:104 H:276
C06318 $0A             ASL                             A:0082 X:0082 Y:0082 S:033F D:0000 DB:7E P:nvmxdIzc V:104 H:322
C06319 $0A             ASL                             A:0104 X:0082 Y:0082 S:033F D:0000 DB:7E P:nvmxdIzc V:104 H:325
C0631A $18             CLC                             A:0208 X:0082 Y:0082 S:033F D:0000 DB:7E P:nvmxdIzc V:104 H:327
C0631B $6D $DF $99     ADC $99DF [7E99DF] = $4000      A:0208 X:0082 Y:0082 S:033F D:0000 DB:7E P:nvmxdIzc V:104 H:330
C0631E $99 $AE $8F     STA $8FAE,Y [7E9030] = $0410    A:4208 X:0082 Y:0082 S:033F D:0000 DB:7E P:nvmxdIzc V:104 H:339
C06321 $EE $AE $93     INC $93AE [7E93AE] = $0082      A:4208 X:0082 Y:0082 S:033F D:0000 DB:7E P:nvmxdIzc V:105 H:9  
C06324 $EE $AE $93     INC $93AE [7E93AE] = $0083      A:4208 X:0082 Y:0082 S:033F D:0000 DB:7E P:nvmxdIzc V:105 H:23 
C06327 $E8             INX                             A:4208 X:0082 Y:0082 S:033F D:0000 DB:7E P:nvmxdIzc V:105 H:37 
C06328 $E8             INX                             A:4208 X:0083 Y:0082 S:033F D:0000 DB:7E P:nvmxdIzc V:105 H:40 
C06329 $E6 $2A         INC $2A [00002A] = $0041        A:4208 X:0084 Y:0082 S:033F D:0000 DB:7E P:nvmxdIzc V:105 H:43 
C0632B $CE $7A $96     DEC $967A [7E967A] = $0034      A:4208 X:0084 Y:0082 S:033F D:0000 DB:7E P:nvmxdIzc V:105 H:55 
C0632E $D0 $A9         BNE $C062D9                     A:4208 X:0084 Y:0082 S:033F D:0000 DB:7E P:nvmxdIzc V:105 H:69 
C062D9 $A5 $2A         LDA $2A [00002A] = $0042        A:4208 X:0084 Y:0082 S:033F D:0000 DB:7E P:nvmxdIzc V:105 H:74 
C062DB $CF $4E $B7 $7F CMP $7FB74E                     A:0042 X:0084 Y:0082 S:033F D:0000 DB:7E P:nvmxdIzc V:105 H:81 
C062DF $B0 $08         BCS $C062E9                     A:0042 X:0084 Y:0082 S:033F D:0000 DB:7E P:NvmxdIzc V:105 H:91 
C062E1 $AC $AE $93     LDY $93AE [7E93AE] = $0084      A:0042 X:0084 Y:0082 S:033F D:0000 DB:7E P:NvmxdIzc V:105 H:94 
C062E4 $C0 $00 $02     CPY #$0200                      A:0042 X:0084 Y:0084 S:033F D:0000 DB:7E P:nvmxdIzc V:105 H:102
C062E7 $90 $06         BCC $C062EF                     A:0042 X:0084 Y:0084 S:033F D:0000 DB:7E P:NvmxdIzc V:105 H:107
C062EF $AC $AE $93     LDY $93AE [7E93AE] = $0084      A:0042 X:0084 Y:0084 S:033F D:0000 DB:7E P:NvmxdIzc V:105 H:111
C062F2 $BF $EA $AE $7F LDA $7FAEEA,X [7FAF6E] = $00A3  A:0042 X:0084 Y:0084 S:033F D:0000 DB:7E P:nvmxdIzc V:105 H:120
C062F6 $0A             ASL                             A:00A3 X:0084 Y:0084 S:033F D:0000 DB:7E P:nvmxdIzc V:105 H:130
C062F7 $26 $2E         ROL $2E [00002E] = $0000        A:0146 X:0084 Y:0084 S:033F D:0000 DB:7E P:nvmxdIzc V:105 H:133
C062F9 $0A             ASL                             A:0146 X:0084 Y:0084 S:033F D:0000 DB:7E P:nvmxdIZc V:105 H:155
C062FA $26 $2E         ROL $2E [00002E] = $0000        A:028C X:0084 Y:0084 S:033F D:0000 DB:7E P:nvmxdIzc V:105 H:158
C062FC $0A             ASL                             A:028C X:0084 Y:0084 S:033F D:0000 DB:7E P:nvmxdIZc V:105 H:171
C062FD $26 $2E         ROL $2E [00002E] = $0000        A:0518 X:0084 Y:0084 S:033F D:0000 DB:7E P:nvmxdIzc V:105 H:174
C062FF $0A             ASL                             A:0518 X:0084 Y:0084 S:033F D:0000 DB:7E P:nvmxdIZc V:105 H:186
C06300 $26 $2E         ROL $2E [00002E] = $0000        A:0A30 X:0084 Y:0084 S:033F D:0000 DB:7E P:nvmxdIzc V:105 H:189
C06302 $18             CLC                             A:0A30 X:0084 Y:0084 S:033F D:0000 DB:7E P:nvmxdIZc V:105 H:202
C06303 $69 $A0 $8E     ADC #$8EA0                      A:0A30 X:0084 Y:0084 S:033F D:0000 DB:7E P:nvmxdIZc V:105 H:205
C06306 $99 $AE $8B     STA $8BAE,Y [7E8C32] = $E640    A:98D0 X:0084 Y:0084 S:033F D:0000 DB:7E P:NvmxdIzc V:105 H:209
C06309 $A5 $2E         LDA $2E [00002E] = $0000        A:98D0 X:0084 Y:0084 S:033F D:0000 DB:7E P:NvmxdIzc V:105 H:219
C0630B $69 $E3 $00     ADC #$00E3                      A:0000 X:0084 Y:0084 S:033F D:0000 DB:7E P:nvmxdIZc V:105 H:226
C0630E $99 $AE $8D     STA $8DAE,Y [7E8E32] = $00D0    A:00E3 X:0084 Y:0084 S:033F D:0000 DB:7E P:nvmxdIzc V:105 H:231
C06311 $A9 $10 $00     LDA #$0010                      A:00E3 X:0084 Y:0084 S:033F D:0000 DB:7E P:nvmxdIzc V:105 H:241
C06314 $99 $AE $91     STA $91AE,Y [7E9232] = $0020    A:0010 X:0084 Y:0084 S:033F D:0000 DB:7E P:nvmxdIzc V:105 H:245
C06317 $8A             TXA                             A:0010 X:0084 Y:0084 S:033F D:0000 DB:7E P:nvmxdIzc V:105 H:255
C06318 $0A             ASL                             A:0084 X:0084 Y:0084 S:033F D:0000 DB:7E P:nvmxdIzc V:105 H:258
C06319 $0A             ASL                             A:0108 X:0084 Y:0084 S:033F D:0000 DB:7E P:nvmxdIzc V:105 H:261
C0631A $18             CLC                             A:0210 X:0084 Y:0084 S:033F D:0000 DB:7E P:nvmxdIzc V:105 H:264
C0631B $6D $DF $99     ADC $99DF [7E99DF] = $4000      A:0210 X:0084 Y:0084 S:033F D:0000 DB:7E P:nvmxdIzc V:105 H:267
C0631E $99 $AE $8F     STA $8FAE,Y [7E9032] = $0420    A:4210 X:0084 Y:0084 S:033F D:0000 DB:7E P:nvmxdIzc V:105 H:276
C06321 $EE $AE $93     INC $93AE [7E93AE] = $0084      A:4210 X:0084 Y:0084 S:033F D:0000 DB:7E P:nvmxdIzc V:105 H:302
C06324 $EE $AE $93     INC $93AE [7E93AE] = $0085      A:4210 X:0084 Y:0084 S:033F D:0000 DB:7E P:nvmxdIzc V:105 H:316
C06327 $E8             INX                             A:4210 X:0084 Y:0084 S:033F D:0000 DB:7E P:nvmxdIzc V:105 H:329
C06328 $E8             INX                             A:4210 X:0085 Y:0084 S:033F D:0000 DB:7E P:nvmxdIzc V:105 H:332
C06329 $E6 $2A         INC $2A [00002A] = $0042        A:4210 X:0086 Y:0084 S:033F D:0000 DB:7E P:nvmxdIzc V:105 H:335
C0632B $CE $7A $96     DEC $967A [7E967A] = $0033      A:4210 X:0086 Y:0084 S:033F D:0000 DB:7E P:nvmxdIzc V:106 H:8  
C0632E $D0 $A9         BNE $C062D9                     A:4210 X:0086 Y:0084 S:033F D:0000 DB:7E P:nvmxdIzc V:106 H:22 
C062D9 $A5 $2A         LDA $2A [00002A] = $0043        A:4210 X:0086 Y:0084 S:033F D:0000 DB:7E P:nvmxdIzc V:106 H:26 
C062DB $CF $4E $B7 $7F CMP $7FB74E                     A:0043 X:0086 Y:0084 S:033F D:0000 DB:7E P:nvmxdIzc V:106 H:33 
C062DF $B0 $08         BCS $C062E9                     A:0043 X:0086 Y:0084 S:033F D:0000 DB:7E P:NvmxdIzc V:106 H:43 
C062E1 $AC $AE $93     LDY $93AE [7E93AE] = $0086      A:0043 X:0086 Y:0084 S:033F D:0000 DB:7E P:NvmxdIzc V:106 H:46 
C062E4 $C0 $00 $02     CPY #$0200                      A:0043 X:0086 Y:0086 S:033F D:0000 DB:7E P:nvmxdIzc V:106 H:55 
C062E7 $90 $06         BCC $C062EF                     A:0043 X:0086 Y:0086 S:033F D:0000 DB:7E P:NvmxdIzc V:106 H:59 
C062EF $AC $AE $93     LDY $93AE [7E93AE] = $0086      A:0043 X:0086 Y:0086 S:033F D:0000 DB:7E P:NvmxdIzc V:106 H:64 
C062F2 $BF $EA $AE $7F LDA $7FAEEA,X [7FAF70] = $00A4  A:0043 X:0086 Y:0086 S:033F D:0000 DB:7E P:nvmxdIzc V:106 H:72 
C062F6 $0A             ASL                             A:00A4 X:0086 Y:0086 S:033F D:0000 DB:7E P:nvmxdIzc V:106 H:82 
C062F7 $26 $2E         ROL $2E [00002E] = $0000        A:0148 X:0086 Y:0086 S:033F D:0000 DB:7E P:nvmxdIzc V:106 H:85 
C062F9 $0A             ASL                             A:0148 X:0086 Y:0086 S:033F D:0000 DB:7E P:nvmxdIZc V:106 H:98 
C062FA $26 $2E         ROL $2E [00002E] = $0000        A:0290 X:0086 Y:0086 S:033F D:0000 DB:7E P:nvmxdIzc V:106 H:101
C062FC $0A             ASL                             A:0290 X:0086 Y:0086 S:033F D:0000 DB:7E P:nvmxdIZc V:106 H:113
C062FD $26 $2E         ROL $2E [00002E] = $0000        A:0520 X:0086 Y:0086 S:033F D:0000 DB:7E P:nvmxdIzc V:106 H:116
C062FF $0A             ASL                             A:0520 X:0086 Y:0086 S:033F D:0000 DB:7E P:nvmxdIZc V:106 H:129
C06300 $26 $2E         ROL $2E [00002E] = $0000        A:0A40 X:0086 Y:0086 S:033F D:0000 DB:7E P:nvmxdIzc V:106 H:132
C06302 $18             CLC                             A:0A40 X:0086 Y:0086 S:033F D:0000 DB:7E P:nvmxdIZc V:106 H:154
C06303 $69 $A0 $8E     ADC #$8EA0                      A:0A40 X:0086 Y:0086 S:033F D:0000 DB:7E P:nvmxdIZc V:106 H:157
C06306 $99 $AE $8B     STA $8BAE,Y [7E8C34] = $E660    A:98E0 X:0086 Y:0086 S:033F D:0000 DB:7E P:NvmxdIzc V:106 H:162
C06309 $A5 $2E         LDA $2E [00002E] = $0000        A:98E0 X:0086 Y:0086 S:033F D:0000 DB:7E P:NvmxdIzc V:106 H:172
C0630B $69 $E3 $00     ADC #$00E3                      A:0000 X:0086 Y:0086 S:033F D:0000 DB:7E P:nvmxdIZc V:106 H:179
C0630E $99 $AE $8D     STA $8DAE,Y [7E8E34] = $00D0    A:00E3 X:0086 Y:0086 S:033F D:0000 DB:7E P:nvmxdIzc V:106 H:183
C06311 $A9 $10 $00     LDA #$0010                      A:00E3 X:0086 Y:0086 S:033F D:0000 DB:7E P:nvmxdIzc V:106 H:193
C06314 $99 $AE $91     STA $91AE,Y [7E9234] = $0020    A:0010 X:0086 Y:0086 S:033F D:0000 DB:7E P:nvmxdIzc V:106 H:198
C06317 $8A             TXA                             A:0010 X:0086 Y:0086 S:033F D:0000 DB:7E P:nvmxdIzc V:106 H:208
C06318 $0A             ASL                             A:0086 X:0086 Y:0086 S:033F D:0000 DB:7E P:nvmxdIzc V:106 H:211
C06319 $0A             ASL                             A:010C X:0086 Y:0086 S:033F D:0000 DB:7E P:nvmxdIzc V:106 H:214
C0631A $18             CLC                             A:0218 X:0086 Y:0086 S:033F D:0000 DB:7E P:nvmxdIzc V:106 H:217
C0631B $6D $DF $99     ADC $99DF [7E99DF] = $4000      A:0218 X:0086 Y:0086 S:033F D:0000 DB:7E P:nvmxdIzc V:106 H:220
C0631E $99 $AE $8F     STA $8FAE,Y [7E9034] = $0430    A:4218 X:0086 Y:0086 S:033F D:0000 DB:7E P:nvmxdIzc V:106 H:228
C06321 $EE $AE $93     INC $93AE [7E93AE] = $0086      A:4218 X:0086 Y:0086 S:033F D:0000 DB:7E P:nvmxdIzc V:106 H:238
C06324 $EE $AE $93     INC $93AE [7E93AE] = $0087      A:4218 X:0086 Y:0086 S:033F D:0000 DB:7E P:nvmxdIzc V:106 H:252
C06327 $E8             INX                             A:4218 X:0086 Y:0086 S:033F D:0000 DB:7E P:nvmxdIzc V:106 H:266
C06328 $E8             INX                             A:4218 X:0087 Y:0086 S:033F D:0000 DB:7E P:nvmxdIzc V:106 H:269
C06329 $E6 $2A         INC $2A [00002A] = $0043        A:4218 X:0088 Y:0086 S:033F D:0000 DB:7E P:nvmxdIzc V:106 H:272
C0632B $CE $7A $96     DEC $967A [7E967A] = $0032      A:4218 X:0088 Y:0086 S:033F D:0000 DB:7E P:nvmxdIzc V:106 H:303
C0632E $D0 $A9         BNE $C062D9                     A:4218 X:0088 Y:0086 S:033F D:0000 DB:7E P:nvmxdIzc V:106 H:317
C062D9 $A5 $2A         LDA $2A [00002A] = $0044        A:4218 X:0088 Y:0086 S:033F D:0000 DB:7E P:nvmxdIzc V:106 H:321
C062DB $CF $4E $B7 $7F CMP $7FB74E                     A:0044 X:0088 Y:0086 S:033F D:0000 DB:7E P:nvmxdIzc V:106 H:327
C062DF $B0 $08         BCS $C062E9                     A:0044 X:0088 Y:0086 S:033F D:0000 DB:7E P:NvmxdIzc V:106 H:337
C062E1 $AC $AE $93     LDY $93AE [7E93AE] = $0088      A:0044 X:0088 Y:0086 S:033F D:0000 DB:7E P:NvmxdIzc V:107 H:0  
C062E4 $C0 $00 $02     CPY #$0200                      A:0044 X:0088 Y:0088 S:033F D:0000 DB:7E P:nvmxdIzc V:107 H:9  
C062E7 $90 $06         BCC $C062EF                     A:0044 X:0088 Y:0088 S:033F D:0000 DB:7E P:NvmxdIzc V:107 H:13 
C062EF $AC $AE $93     LDY $93AE [7E93AE] = $0088      A:0044 X:0088 Y:0088 S:033F D:0000 DB:7E P:NvmxdIzc V:107 H:18 
C062F2 $BF $EA $AE $7F LDA $7FAEEA,X [7FAF72] = $00A5  A:0044 X:0088 Y:0088 S:033F D:0000 DB:7E P:nvmxdIzc V:107 H:26 
C062F6 $0A             ASL                             A:00A5 X:0088 Y:0088 S:033F D:0000 DB:7E P:nvmxdIzc V:107 H:36 
C062F7 $26 $2E         ROL $2E [00002E] = $0000        A:014A X:0088 Y:0088 S:033F D:0000 DB:7E P:nvmxdIzc V:107 H:39 
C062F9 $0A             ASL                             A:014A X:0088 Y:0088 S:033F D:0000 DB:7E P:nvmxdIZc V:107 H:52 
C062FA $26 $2E         ROL $2E [00002E] = $0000        A:0294 X:0088 Y:0088 S:033F D:0000 DB:7E P:nvmxdIzc V:107 H:55 
C062FC $0A             ASL                             A:0294 X:0088 Y:0088 S:033F D:0000 DB:7E P:nvmxdIZc V:107 H:67 
C062FD $26 $2E         ROL $2E [00002E] = $0000        A:0528 X:0088 Y:0088 S:033F D:0000 DB:7E P:nvmxdIzc V:107 H:70 
C062FF $0A             ASL                             A:0528 X:0088 Y:0088 S:033F D:0000 DB:7E P:nvmxdIZc V:107 H:83 
C06300 $26 $2E         ROL $2E [00002E] = $0000        A:0A50 X:0088 Y:0088 S:033F D:0000 DB:7E P:nvmxdIzc V:107 H:86 
C06302 $18             CLC                             A:0A50 X:0088 Y:0088 S:033F D:0000 DB:7E P:nvmxdIZc V:107 H:98 
C06303 $69 $A0 $8E     ADC #$8EA0                      A:0A50 X:0088 Y:0088 S:033F D:0000 DB:7E P:nvmxdIZc V:107 H:101
C06306 $99 $AE $8B     STA $8BAE,Y [7E8C36] = $E680    A:98F0 X:0088 Y:0088 S:033F D:0000 DB:7E P:NvmxdIzc V:107 H:106
C06309 $A5 $2E         LDA $2E [00002E] = $0000        A:98F0 X:0088 Y:0088 S:033F D:0000 DB:7E P:NvmxdIzc V:107 H:116
C0630B $69 $E3 $00     ADC #$00E3                      A:0000 X:0088 Y:0088 S:033F D:0000 DB:7E P:nvmxdIZc V:107 H:123
C0630E $99 $AE $8D     STA $8DAE,Y [7E8E36] = $00D0    A:00E3 X:0088 Y:0088 S:033F D:0000 DB:7E P:nvmxdIzc V:107 H:127
C06311 $A9 $10 $00     LDA #$0010                      A:00E3 X:0088 Y:0088 S:033F D:0000 DB:7E P:nvmxdIzc V:107 H:147
C06314 $99 $AE $91     STA $91AE,Y [7E9236] = $0020    A:0010 X:0088 Y:0088 S:033F D:0000 DB:7E P:nvmxdIzc V:107 H:152
C06317 $8A             TXA                             A:0010 X:0088 Y:0088 S:033F D:0000 DB:7E P:nvmxdIzc V:107 H:162
C06318 $0A             ASL                             A:0088 X:0088 Y:0088 S:033F D:0000 DB:7E P:nvmxdIzc V:107 H:165
C06319 $0A             ASL                             A:0110 X:0088 Y:0088 S:033F D:0000 DB:7E P:nvmxdIzc V:107 H:168
C0631A $18             CLC                             A:0220 X:0088 Y:0088 S:033F D:0000 DB:7E P:nvmxdIzc V:107 H:171
C0631B $6D $DF $99     ADC $99DF [7E99DF] = $4000      A:0220 X:0088 Y:0088 S:033F D:0000 DB:7E P:nvmxdIzc V:107 H:174
C0631E $99 $AE $8F     STA $8FAE,Y [7E9036] = $0440    A:4220 X:0088 Y:0088 S:033F D:0000 DB:7E P:nvmxdIzc V:107 H:182
C06321 $EE $AE $93     INC $93AE [7E93AE] = $0088      A:4220 X:0088 Y:0088 S:033F D:0000 DB:7E P:nvmxdIzc V:107 H:192
C06324 $EE $AE $93     INC $93AE [7E93AE] = $0089      A:4220 X:0088 Y:0088 S:033F D:0000 DB:7E P:nvmxdIzc V:107 H:206
C06327 $E8             INX                             A:4220 X:0088 Y:0088 S:033F D:0000 DB:7E P:nvmxdIzc V:107 H:220
C06328 $E8             INX                             A:4220 X:0089 Y:0088 S:033F D:0000 DB:7E P:nvmxdIzc V:107 H:223
C06329 $E6 $2A         INC $2A [00002A] = $0044        A:4220 X:008A Y:0088 S:033F D:0000 DB:7E P:nvmxdIzc V:107 H:226
C0632B $CE $7A $96     DEC $967A [7E967A] = $0031      A:4220 X:008A Y:0088 S:033F D:0000 DB:7E P:nvmxdIzc V:107 H:239
C0632E $D0 $A9         BNE $C062D9                     A:4220 X:008A Y:0088 S:033F D:0000 DB:7E P:nvmxdIzc V:107 H:253
C062D9 $A5 $2A         LDA $2A [00002A] = $0045        A:4220 X:008A Y:0088 S:033F D:0000 DB:7E P:nvmxdIzc V:107 H:257
C062DB $CF $4E $B7 $7F CMP $7FB74E                     A:0045 X:008A Y:0088 S:033F D:0000 DB:7E P:nvmxdIzc V:107 H:264
C062DF $B0 $08         BCS $C062E9                     A:0045 X:008A Y:0088 S:033F D:0000 DB:7E P:NvmxdIzc V:107 H:274
C062E1 $AC $AE $93     LDY $93AE [7E93AE] = $008A      A:0045 X:008A Y:0088 S:033F D:0000 DB:7E P:NvmxdIzc V:107 H:294
C062E4 $C0 $00 $02     CPY #$0200                      A:0045 X:008A Y:008A S:033F D:0000 DB:7E P:nvmxdIzc V:107 H:302
C062E7 $90 $06         BCC $C062EF                     A:0045 X:008A Y:008A S:033F D:0000 DB:7E P:NvmxdIzc V:107 H:307
C062EF $AC $AE $93     LDY $93AE [7E93AE] = $008A      A:0045 X:008A Y:008A S:033F D:0000 DB:7E P:NvmxdIzc V:107 H:311
C062F2 $BF $EA $AE $7F LDA $7FAEEA,X [7FAF74] = $00A6  A:0045 X:008A Y:008A S:033F D:0000 DB:7E P:nvmxdIzc V:107 H:320
C062F6 $0A             ASL                             A:00A6 X:008A Y:008A S:033F D:0000 DB:7E P:nvmxdIzc V:107 H:329
C062F7 $26 $2E         ROL $2E [00002E] = $0000        A:014C X:008A Y:008A S:033F D:0000 DB:7E P:nvmxdIzc V:107 H:332
C062F9 $0A             ASL                             A:014C X:008A Y:008A S:033F D:0000 DB:7E P:nvmxdIZc V:108 H:4  
C062FA $26 $2E         ROL $2E [00002E] = $0000        A:0298 X:008A Y:008A S:033F D:0000 DB:7E P:nvmxdIzc V:108 H:7  
C062FC $0A             ASL                             A:0298 X:008A Y:008A S:033F D:0000 DB:7E P:nvmxdIZc V:108 H:20 
C062FD $26 $2E         ROL $2E [00002E] = $0000        A:0530 X:008A Y:008A S:033F D:0000 DB:7E P:nvmxdIzc V:108 H:23 
C062FF $0A             ASL                             A:0530 X:008A Y:008A S:033F D:0000 DB:7E P:nvmxdIZc V:108 H:35 
C06300 $26 $2E         ROL $2E [00002E] = $0000        A:0A60 X:008A Y:008A S:033F D:0000 DB:7E P:nvmxdIzc V:108 H:38 
C06302 $18             CLC                             A:0A60 X:008A Y:008A S:033F D:0000 DB:7E P:nvmxdIZc V:108 H:51 
C06303 $69 $A0 $8E     ADC #$8EA0                      A:0A60 X:008A Y:008A S:033F D:0000 DB:7E P:nvmxdIZc V:108 H:54 
C06306 $99 $AE $8B     STA $8BAE,Y [7E8C38] = $E6A0    A:9900 X:008A Y:008A S:033F D:0000 DB:7E P:NvmxdIzc V:108 H:58 
C06309 $A5 $2E         LDA $2E [00002E] = $0000        A:9900 X:008A Y:008A S:033F D:0000 DB:7E P:NvmxdIzc V:108 H:68 
C0630B $69 $E3 $00     ADC #$00E3                      A:0000 X:008A Y:008A S:033F D:0000 DB:7E P:nvmxdIZc V:108 H:75 
C0630E $99 $AE $8D     STA $8DAE,Y [7E8E38] = $00D0    A:00E3 X:008A Y:008A S:033F D:0000 DB:7E P:nvmxdIzc V:108 H:80 
C06311 $A9 $10 $00     LDA #$0010                      A:00E3 X:008A Y:008A S:033F D:0000 DB:7E P:nvmxdIzc V:108 H:90 
C06314 $99 $AE $91     STA $91AE,Y [7E9238] = $0020    A:0010 X:008A Y:008A S:033F D:0000 DB:7E P:nvmxdIzc V:108 H:94 
C06317 $8A             TXA                             A:0010 X:008A Y:008A S:033F D:0000 DB:7E P:nvmxdIzc V:108 H:104
C06318 $0A             ASL                             A:008A X:008A Y:008A S:033F D:0000 DB:7E P:nvmxdIzc V:108 H:107
C06319 $0A             ASL                             A:0114 X:008A Y:008A S:033F D:0000 DB:7E P:nvmxdIzc V:108 H:110
C0631A $18             CLC                             A:0228 X:008A Y:008A S:033F D:0000 DB:7E P:nvmxdIzc V:108 H:113
C0631B $6D $DF $99     ADC $99DF [7E99DF] = $4000      A:0228 X:008A Y:008A S:033F D:0000 DB:7E P:nvmxdIzc V:108 H:116
C0631E $99 $AE $8F     STA $8FAE,Y [7E9038] = $0450    A:4228 X:008A Y:008A S:033F D:0000 DB:7E P:nvmxdIzc V:108 H:125
C06321 $EE $AE $93     INC $93AE [7E93AE] = $008A      A:4228 X:008A Y:008A S:033F D:0000 DB:7E P:nvmxdIzc V:108 H:145
C06324 $EE $AE $93     INC $93AE [7E93AE] = $008B      A:4228 X:008A Y:008A S:033F D:0000 DB:7E P:nvmxdIzc V:108 H:159
C06327 $E8             INX                             A:4228 X:008A Y:008A S:033F D:0000 DB:7E P:nvmxdIzc V:108 H:173
C06328 $E8             INX                             A:4228 X:008B Y:008A S:033F D:0000 DB:7E P:nvmxdIzc V:108 H:176
C06329 $E6 $2A         INC $2A [00002A] = $0045        A:4228 X:008C Y:008A S:033F D:0000 DB:7E P:nvmxdIzc V:108 H:179
C0632B $CE $7A $96     DEC $967A [7E967A] = $0030      A:4228 X:008C Y:008A S:033F D:0000 DB:7E P:nvmxdIzc V:108 H:191
C0632E $D0 $A9         BNE $C062D9                     A:4228 X:008C Y:008A S:033F D:0000 DB:7E P:nvmxdIzc V:108 H:205
C062D9 $A5 $2A         LDA $2A [00002A] = $0046        A:4228 X:008C Y:008A S:033F D:0000 DB:7E P:nvmxdIzc V:108 H:210
C062DB $CF $4E $B7 $7F CMP $7FB74E                     A:0046 X:008C Y:008A S:033F D:0000 DB:7E P:nvmxdIzc V:108 H:217
C062DF $B0 $08         BCS $C062E9                     A:0046 X:008C Y:008A S:033F D:0000 DB:7E P:NvmxdIzc V:108 H:227
C062E1 $AC $AE $93     LDY $93AE [7E93AE] = $008C      A:0046 X:008C Y:008A S:033F D:0000 DB:7E P:NvmxdIzc V:108 H:230
C062E4 $C0 $00 $02     CPY #$0200                      A:0046 X:008C Y:008C S:033F D:0000 DB:7E P:nvmxdIzc V:108 H:238
C062E7 $90 $06         BCC $C062EF                     A:0046 X:008C Y:008C S:033F D:0000 DB:7E P:NvmxdIzc V:108 H:243
C062EF $AC $AE $93     LDY $93AE [7E93AE] = $008C      A:0046 X:008C Y:008C S:033F D:0000 DB:7E P:NvmxdIzc V:108 H:247
C062F2 $BF $EA $AE $7F LDA $7FAEEA,X [7FAF76] = $00A7  A:0046 X:008C Y:008C S:033F D:0000 DB:7E P:nvmxdIzc V:108 H:256
C062F6 $0A             ASL                             A:00A7 X:008C Y:008C S:033F D:0000 DB:7E P:nvmxdIzc V:108 H:266
C062F7 $26 $2E         ROL $2E [00002E] = $0000        A:014E X:008C Y:008C S:033F D:0000 DB:7E P:nvmxdIzc V:108 H:269
C062F9 $0A             ASL                             A:014E X:008C Y:008C S:033F D:0000 DB:7E P:nvmxdIZc V:108 H:299
C062FA $26 $2E         ROL $2E [00002E] = $0000        A:029C X:008C Y:008C S:033F D:0000 DB:7E P:nvmxdIzc V:108 H:302
C062FC $0A             ASL                             A:029C X:008C Y:008C S:033F D:0000 DB:7E P:nvmxdIZc V:108 H:315
C062FD $26 $2E         ROL $2E [00002E] = $0000        A:0538 X:008C Y:008C S:033F D:0000 DB:7E P:nvmxdIzc V:108 H:318
C062FF $0A             ASL                             A:0538 X:008C Y:008C S:033F D:0000 DB:7E P:nvmxdIZc V:108 H:329
C06300 $26 $2E         ROL $2E [00002E] = $0000        A:0A70 X:008C Y:008C S:033F D:0000 DB:7E P:nvmxdIzc V:108 H:332
C06302 $18             CLC                             A:0A70 X:008C Y:008C S:033F D:0000 DB:7E P:nvmxdIZc V:109 H:5  
C06303 $69 $A0 $8E     ADC #$8EA0                      A:0A70 X:008C Y:008C S:033F D:0000 DB:7E P:nvmxdIZc V:109 H:8  
C06306 $99 $AE $8B     STA $8BAE,Y [7E8C3A] = $E6C0    A:9910 X:008C Y:008C S:033F D:0000 DB:7E P:NvmxdIzc V:109 H:12 
C06309 $A5 $2E         LDA $2E [00002E] = $0000        A:9910 X:008C Y:008C S:033F D:0000 DB:7E P:NvmxdIzc V:109 H:22 
C0630B $69 $E3 $00     ADC #$00E3                      A:0000 X:008C Y:008C S:033F D:0000 DB:7E P:nvmxdIZc V:109 H:29 
C0630E $99 $AE $8D     STA $8DAE,Y [7E8E3A] = $00D0    A:00E3 X:008C Y:008C S:033F D:0000 DB:7E P:nvmxdIzc V:109 H:34 
C06311 $A9 $10 $00     LDA #$0010                      A:00E3 X:008C Y:008C S:033F D:0000 DB:7E P:nvmxdIzc V:109 H:44 
C06314 $99 $AE $91     STA $91AE,Y [7E923A] = $0020    A:0010 X:008C Y:008C S:033F D:0000 DB:7E P:nvmxdIzc V:109 H:48 
C06317 $8A             TXA                             A:0010 X:008C Y:008C S:033F D:0000 DB:7E P:nvmxdIzc V:109 H:58 
C06318 $0A             ASL                             A:008C X:008C Y:008C S:033F D:0000 DB:7E P:nvmxdIzc V:109 H:61 
C06319 $0A             ASL                             A:0118 X:008C Y:008C S:033F D:0000 DB:7E P:nvmxdIzc V:109 H:64 
C0631A $18             CLC                             A:0230 X:008C Y:008C S:033F D:0000 DB:7E P:nvmxdIzc V:109 H:67 
C0631B $6D $DF $99     ADC $99DF [7E99DF] = $4000      A:0230 X:008C Y:008C S:033F D:0000 DB:7E P:nvmxdIzc V:109 H:70 
C0631E $99 $AE $8F     STA $8FAE,Y [7E903A] = $0460    A:4230 X:008C Y:008C S:033F D:0000 DB:7E P:nvmxdIzc V:109 H:79 
C06321 $EE $AE $93     INC $93AE [7E93AE] = $008C      A:4230 X:008C Y:008C S:033F D:0000 DB:7E P:nvmxdIzc V:109 H:89 
C06324 $EE $AE $93     INC $93AE [7E93AE] = $008D      A:4230 X:008C Y:008C S:033F D:0000 DB:7E P:nvmxdIzc V:109 H:103
C06327 $E8             INX                             A:4230 X:008C Y:008C S:033F D:0000 DB:7E P:nvmxdIzc V:109 H:117
C06328 $E8             INX                             A:4230 X:008D Y:008C S:033F D:0000 DB:7E P:nvmxdIzc V:109 H:120
C06329 $E6 $2A         INC $2A [00002A] = $0046        A:4230 X:008E Y:008C S:033F D:0000 DB:7E P:nvmxdIzc V:109 H:123
C0632B $CE $7A $96     DEC $967A [7E967A] = $002F      A:4230 X:008E Y:008C S:033F D:0000 DB:7E P:nvmxdIzc V:109 H:145
C0632E $D0 $A9         BNE $C062D9                     A:4230 X:008E Y:008C S:033F D:0000 DB:7E P:nvmxdIzc V:109 H:159
C062D9 $A5 $2A         LDA $2A [00002A] = $0047        A:4230 X:008E Y:008C S:033F D:0000 DB:7E P:nvmxdIzc V:109 H:164
C062DB $CF $4E $B7 $7F CMP $7FB74E                     A:0047 X:008E Y:008C S:033F D:0000 DB:7E P:nvmxdIzc V:109 H:171
C062DF $B0 $08         BCS $C062E9                     A:0047 X:008E Y:008C S:033F D:0000 DB:7E P:NvmxdIzc V:109 H:181
C062E1 $AC $AE $93     LDY $93AE [7E93AE] = $008E      A:0047 X:008E Y:008C S:033F D:0000 DB:7E P:NvmxdIzc V:109 H:184
C062E4 $C0 $00 $02     CPY #$0200                      A:0047 X:008E Y:008E S:033F D:0000 DB:7E P:nvmxdIzc V:109 H:192
C062E7 $90 $06         BCC $C062EF                     A:0047 X:008E Y:008E S:033F D:0000 DB:7E P:NvmxdIzc V:109 H:197
C062EF $AC $AE $93     LDY $93AE [7E93AE] = $008E      A:0047 X:008E Y:008E S:033F D:0000 DB:7E P:NvmxdIzc V:109 H:201
C062F2 $BF $EA $AE $7F LDA $7FAEEA,X [7FAF78] = $00A8  A:0047 X:008E Y:008E S:033F D:0000 DB:7E P:nvmxdIzc V:109 H:210
C062F6 $0A             ASL                             A:00A8 X:008E Y:008E S:033F D:0000 DB:7E P:nvmxdIzc V:109 H:220
C062F7 $26 $2E         ROL $2E [00002E] = $0000        A:0150 X:008E Y:008E S:033F D:0000 DB:7E P:nvmxdIzc V:109 H:223
C062F9 $0A             ASL                             A:0150 X:008E Y:008E S:033F D:0000 DB:7E P:nvmxdIZc V:109 H:235
C062FA $26 $2E         ROL $2E [00002E] = $0000        A:02A0 X:008E Y:008E S:033F D:0000 DB:7E P:nvmxdIzc V:109 H:238
C062FC $0A             ASL                             A:02A0 X:008E Y:008E S:033F D:0000 DB:7E P:nvmxdIZc V:109 H:251
C062FD $26 $2E         ROL $2E [00002E] = $0000        A:0540 X:008E Y:008E S:033F D:0000 DB:7E P:nvmxdIzc V:109 H:254
C062FF $0A             ASL                             A:0540 X:008E Y:008E S:033F D:0000 DB:7E P:nvmxdIZc V:109 H:266
C06300 $26 $2E         ROL $2E [00002E] = $0000        A:0A80 X:008E Y:008E S:033F D:0000 DB:7E P:nvmxdIzc V:109 H:269
C06302 $18             CLC                             A:0A80 X:008E Y:008E S:033F D:0000 DB:7E P:nvmxdIZc V:109 H:298
C06303 $69 $A0 $8E     ADC #$8EA0                      A:0A80 X:008E Y:008E S:033F D:0000 DB:7E P:nvmxdIZc V:109 H:301
C06306 $99 $AE $8B     STA $8BAE,Y [7E8C3C] = $E6E0    A:9920 X:008E Y:008E S:033F D:0000 DB:7E P:NvmxdIzc V:109 H:306
C06309 $A5 $2E         LDA $2E [00002E] = $0000        A:9920 X:008E Y:008E S:033F D:0000 DB:7E P:NvmxdIzc V:109 H:316
C0630B $69 $E3 $00     ADC #$00E3                      A:0000 X:008E Y:008E S:033F D:0000 DB:7E P:nvmxdIZc V:109 H:323
C0630E $99 $AE $8D     STA $8DAE,Y [7E8E3C] = $00D0    A:00E3 X:008E Y:008E S:033F D:0000 DB:7E P:nvmxdIzc V:109 H:327
C06311 $A9 $10 $00     LDA #$0010                      A:00E3 X:008E Y:008E S:033F D:0000 DB:7E P:nvmxdIzc V:109 H:336
C06314 $99 $AE $91     STA $91AE,Y [7E923C] = $0020    A:0010 X:008E Y:008E S:033F D:0000 DB:7E P:nvmxdIzc V:110 H:1  
C06317 $8A             TXA                             A:0010 X:008E Y:008E S:033F D:0000 DB:7E P:nvmxdIzc V:110 H:11 
C06318 $0A             ASL                             A:008E X:008E Y:008E S:033F D:0000 DB:7E P:nvmxdIzc V:110 H:14 
C06319 $0A             ASL                             A:011C X:008E Y:008E S:033F D:0000 DB:7E P:nvmxdIzc V:110 H:17 
C0631A $18             CLC                             A:0238 X:008E Y:008E S:033F D:0000 DB:7E P:nvmxdIzc V:110 H:20 
C0631B $6D $DF $99     ADC $99DF [7E99DF] = $4000      A:0238 X:008E Y:008E S:033F D:0000 DB:7E P:nvmxdIzc V:110 H:23 
C0631E $99 $AE $8F     STA $8FAE,Y [7E903C] = $0470    A:4238 X:008E Y:008E S:033F D:0000 DB:7E P:nvmxdIzc V:110 H:31 
C06321 $EE $AE $93     INC $93AE [7E93AE] = $008E      A:4238 X:008E Y:008E S:033F D:0000 DB:7E P:nvmxdIzc V:110 H:41 
C06324 $EE $AE $93     INC $93AE [7E93AE] = $008F      A:4238 X:008E Y:008E S:033F D:0000 DB:7E P:nvmxdIzc V:110 H:55 
C06327 $E8             INX                             A:4238 X:008E Y:008E S:033F D:0000 DB:7E P:nvmxdIzc V:110 H:69 
C06328 $E8             INX                             A:4238 X:008F Y:008E S:033F D:0000 DB:7E P:nvmxdIzc V:110 H:72 
C06329 $E6 $2A         INC $2A [00002A] = $0047        A:4238 X:0090 Y:008E S:033F D:0000 DB:7E P:nvmxdIzc V:110 H:75 
C0632B $CE $7A $96     DEC $967A [7E967A] = $002E      A:4238 X:0090 Y:008E S:033F D:0000 DB:7E P:nvmxdIzc V:110 H:88 
C0632E $D0 $A9         BNE $C062D9                     A:4238 X:0090 Y:008E S:033F D:0000 DB:7E P:nvmxdIzc V:110 H:102
C062D9 $A5 $2A         LDA $2A [00002A] = $0048        A:4238 X:0090 Y:008E S:033F D:0000 DB:7E P:nvmxdIzc V:110 H:106
C062DB $CF $4E $B7 $7F CMP $7FB74E                     A:0048 X:0090 Y:008E S:033F D:0000 DB:7E P:nvmxdIzc V:110 H:113
C062DF $B0 $08         BCS $C062E9                     A:0048 X:0090 Y:008E S:033F D:0000 DB:7E P:NvmxdIzc V:110 H:123
C062E1 $AC $AE $93     LDY $93AE [7E93AE] = $0090      A:0048 X:0090 Y:008E S:033F D:0000 DB:7E P:NvmxdIzc V:110 H:126
C062E4 $C0 $00 $02     CPY #$0200                      A:0048 X:0090 Y:0090 S:033F D:0000 DB:7E P:nvmxdIzc V:110 H:145
C062E7 $90 $06         BCC $C062EF                     A:0048 X:0090 Y:0090 S:033F D:0000 DB:7E P:NvmxdIzc V:110 H:149
C062EF $AC $AE $93     LDY $93AE [7E93AE] = $0090      A:0048 X:0090 Y:0090 S:033F D:0000 DB:7E P:NvmxdIzc V:110 H:154
C062F2 $BF $EA $AE $7F LDA $7FAEEA,X [7FAF7A] = $00A9  A:0048 X:0090 Y:0090 S:033F D:0000 DB:7E P:nvmxdIzc V:110 H:162
C062F6 $0A             ASL                             A:00A9 X:0090 Y:0090 S:033F D:0000 DB:7E P:nvmxdIzc V:110 H:172
C062F7 $26 $2E         ROL $2E [00002E] = $0000        A:0152 X:0090 Y:0090 S:033F D:0000 DB:7E P:nvmxdIzc V:110 H:175
C062F9 $0A             ASL                             A:0152 X:0090 Y:0090 S:033F D:0000 DB:7E P:nvmxdIZc V:110 H:188
C062FA $26 $2E         ROL $2E [00002E] = $0000        A:02A4 X:0090 Y:0090 S:033F D:0000 DB:7E P:nvmxdIzc V:110 H:191
C062FC $0A             ASL                             A:02A4 X:0090 Y:0090 S:033F D:0000 DB:7E P:nvmxdIZc V:110 H:203
C062FD $26 $2E         ROL $2E [00002E] = $0000        A:0548 X:0090 Y:0090 S:033F D:0000 DB:7E P:nvmxdIzc V:110 H:206
C062FF $0A             ASL                             A:0548 X:0090 Y:0090 S:033F D:0000 DB:7E P:nvmxdIZc V:110 H:219
C06300 $26 $2E         ROL $2E [00002E] = $0000        A:0A90 X:0090 Y:0090 S:033F D:0000 DB:7E P:nvmxdIzc V:110 H:222
C06302 $18             CLC                             A:0A90 X:0090 Y:0090 S:033F D:0000 DB:7E P:nvmxdIZc V:110 H:234
C06303 $69 $A0 $8E     ADC #$8EA0                      A:0A90 X:0090 Y:0090 S:033F D:0000 DB:7E P:nvmxdIZc V:110 H:237
C06306 $99 $AE $8B     STA $8BAE,Y [7E8C3E] = $E700    A:9930 X:0090 Y:0090 S:033F D:0000 DB:7E P:NvmxdIzc V:110 H:242
C06309 $A5 $2E         LDA $2E [00002E] = $0000        A:9930 X:0090 Y:0090 S:033F D:0000 DB:7E P:NvmxdIzc V:110 H:252
C0630B $69 $E3 $00     ADC #$00E3                      A:0000 X:0090 Y:0090 S:033F D:0000 DB:7E P:nvmxdIZc V:110 H:259
C0630E $99 $AE $8D     STA $8DAE,Y [7E8E3E] = $00D0    A:00E3 X:0090 Y:0090 S:033F D:0000 DB:7E P:nvmxdIzc V:110 H:263
C06311 $A9 $10 $00     LDA #$0010                      A:00E3 X:0090 Y:0090 S:033F D:0000 DB:7E P:nvmxdIzc V:110 H:273
C06314 $99 $AE $91     STA $91AE,Y [7E923E] = $0020    A:0010 X:0090 Y:0090 S:033F D:0000 DB:7E P:nvmxdIzc V:110 H:294
C06317 $8A             TXA                             A:0010 X:0090 Y:0090 S:033F D:0000 DB:7E P:nvmxdIzc V:110 H:304
C06318 $0A             ASL                             A:0090 X:0090 Y:0090 S:033F D:0000 DB:7E P:nvmxdIzc V:110 H:307
C06319 $0A             ASL                             A:0120 X:0090 Y:0090 S:033F D:0000 DB:7E P:nvmxdIzc V:110 H:310
C0631A $18             CLC                             A:0240 X:0090 Y:0090 S:033F D:0000 DB:7E P:nvmxdIzc V:110 H:313
C0631B $6D $DF $99     ADC $99DF [7E99DF] = $4000      A:0240 X:0090 Y:0090 S:033F D:0000 DB:7E P:nvmxdIzc V:110 H:316
C0631E $99 $AE $8F     STA $8FAE,Y [7E903E] = $0480    A:4240 X:0090 Y:0090 S:033F D:0000 DB:7E P:nvmxdIzc V:110 H:324
C06321 $EE $AE $93     INC $93AE [7E93AE] = $0090      A:4240 X:0090 Y:0090 S:033F D:0000 DB:7E P:nvmxdIzc V:110 H:334
C06324 $EE $AE $93     INC $93AE [7E93AE] = $0091      A:4240 X:0090 Y:0090 S:033F D:0000 DB:7E P:nvmxdIzc V:111 H:8  
C06327 $E8             INX                             A:4240 X:0090 Y:0090 S:033F D:0000 DB:7E P:nvmxdIzc V:111 H:22 
C06328 $E8             INX                             A:4240 X:0091 Y:0090 S:033F D:0000 DB:7E P:nvmxdIzc V:111 H:25 
C06329 $E6 $2A         INC $2A [00002A] = $0048        A:4240 X:0092 Y:0090 S:033F D:0000 DB:7E P:nvmxdIzc V:111 H:28 
C0632B $CE $7A $96     DEC $967A [7E967A] = $002D      A:4240 X:0092 Y:0090 S:033F D:0000 DB:7E P:nvmxdIzc V:111 H:40 
C0632E $D0 $A9         BNE $C062D9                     A:4240 X:0092 Y:0090 S:033F D:0000 DB:7E P:nvmxdIzc V:111 H:54 
C062D9 $A5 $2A         LDA $2A [00002A] = $0049        A:4240 X:0092 Y:0090 S:033F D:0000 DB:7E P:nvmxdIzc V:111 H:59 
C062DB $CF $4E $B7 $7F CMP $7FB74E                     A:0049 X:0092 Y:0090 S:033F D:0000 DB:7E P:nvmxdIzc V:111 H:66 
C062DF $B0 $08         BCS $C062E9                     A:0049 X:0092 Y:0090 S:033F D:0000 DB:7E P:NvmxdIzc V:111 H:76 
C062E1 $AC $AE $93     LDY $93AE [7E93AE] = $0092      A:0049 X:0092 Y:0090 S:033F D:0000 DB:7E P:NvmxdIzc V:111 H:79 
C062E4 $C0 $00 $02     CPY #$0200                      A:0049 X:0092 Y:0092 S:033F D:0000 DB:7E P:nvmxdIzc V:111 H:87 
C062E7 $90 $06         BCC $C062EF                     A:0049 X:0092 Y:0092 S:033F D:0000 DB:7E P:NvmxdIzc V:111 H:92 
C062EF $AC $AE $93     LDY $93AE [7E93AE] = $0092      A:0049 X:0092 Y:0092 S:033F D:0000 DB:7E P:NvmxdIzc V:111 H:96 
C062F2 $BF $EA $AE $7F LDA $7FAEEA,X [7FAF7C] = $00AA  A:0049 X:0092 Y:0092 S:033F D:0000 DB:7E P:nvmxdIzc V:111 H:105
C062F6 $0A             ASL                             A:00AA X:0092 Y:0092 S:033F D:0000 DB:7E P:nvmxdIzc V:111 H:115
C062F7 $26 $2E         ROL $2E [00002E] = $0000        A:0154 X:0092 Y:0092 S:033F D:0000 DB:7E P:nvmxdIzc V:111 H:118
C062F9 $0A             ASL                             A:0154 X:0092 Y:0092 S:033F D:0000 DB:7E P:nvmxdIZc V:111 H:130
C062FA $26 $2E         ROL $2E [00002E] = $0000        A:02A8 X:0092 Y:0092 S:033F D:0000 DB:7E P:nvmxdIzc V:111 H:133
C062FC $0A             ASL                             A:02A8 X:0092 Y:0092 S:033F D:0000 DB:7E P:nvmxdIZc V:111 H:156
C062FD $26 $2E         ROL $2E [00002E] = $0000        A:0550 X:0092 Y:0092 S:033F D:0000 DB:7E P:nvmxdIzc V:111 H:159
C062FF $0A             ASL                             A:0550 X:0092 Y:0092 S:033F D:0000 DB:7E P:nvmxdIZc V:111 H:171
C06300 $26 $2E         ROL $2E [00002E] = $0000        A:0AA0 X:0092 Y:0092 S:033F D:0000 DB:7E P:nvmxdIzc V:111 H:174
C06302 $18             CLC                             A:0AA0 X:0092 Y:0092 S:033F D:0000 DB:7E P:nvmxdIZc V:111 H:187
C06303 $69 $A0 $8E     ADC #$8EA0                      A:0AA0 X:0092 Y:0092 S:033F D:0000 DB:7E P:nvmxdIZc V:111 H:190
C06306 $99 $AE $8B     STA $8BAE,Y [7E8C40] = $E720    A:9940 X:0092 Y:0092 S:033F D:0000 DB:7E P:NvmxdIzc V:111 H:194
C06309 $A5 $2E         LDA $2E [00002E] = $0000        A:9940 X:0092 Y:0092 S:033F D:0000 DB:7E P:NvmxdIzc V:111 H:204
C0630B $69 $E3 $00     ADC #$00E3                      A:0000 X:0092 Y:0092 S:033F D:0000 DB:7E P:nvmxdIZc V:111 H:211
C0630E $99 $AE $8D     STA $8DAE,Y [7E8E40] = $00D0    A:00E3 X:0092 Y:0092 S:033F D:0000 DB:7E P:nvmxdIzc V:111 H:216
C06311 $A9 $10 $00     LDA #$0010                      A:00E3 X:0092 Y:0092 S:033F D:0000 DB:7E P:nvmxdIzc V:111 H:226
C06314 $99 $AE $91     STA $91AE,Y [7E9240] = $0020    A:0010 X:0092 Y:0092 S:033F D:0000 DB:7E P:nvmxdIzc V:111 H:230
C06317 $8A             TXA                             A:0010 X:0092 Y:0092 S:033F D:0000 DB:7E P:nvmxdIzc V:111 H:240
C06318 $0A             ASL                             A:0092 X:0092 Y:0092 S:033F D:0000 DB:7E P:nvmxdIzc V:111 H:243
C06319 $0A             ASL                             A:0124 X:0092 Y:0092 S:033F D:0000 DB:7E P:nvmxdIzc V:111 H:246
C0631A $18             CLC                             A:0248 X:0092 Y:0092 S:033F D:0000 DB:7E P:nvmxdIzc V:111 H:249
C0631B $6D $DF $99     ADC $99DF [7E99DF] = $4000      A:0248 X:0092 Y:0092 S:033F D:0000 DB:7E P:nvmxdIzc V:111 H:252
C0631E $99 $AE $8F     STA $8FAE,Y [7E9040] = $0490    A:4248 X:0092 Y:0092 S:033F D:0000 DB:7E P:nvmxdIzc V:111 H:261
C06321 $EE $AE $93     INC $93AE [7E93AE] = $0092      A:4248 X:0092 Y:0092 S:033F D:0000 DB:7E P:nvmxdIzc V:111 H:271
C06324 $EE $AE $93     INC $93AE [7E93AE] = $0093      A:4248 X:0092 Y:0092 S:033F D:0000 DB:7E P:nvmxdIzc V:111 H:324
C06327 $E8             INX                             A:4248 X:0092 Y:0092 S:033F D:0000 DB:7E P:nvmxdIzc V:111 H:338
C06328 $E8             INX                             A:4248 X:0093 Y:0092 S:033F D:0000 DB:7E P:nvmxdIzc V:112 H:1  
C06329 $E6 $2A         INC $2A [00002A] = $0049        A:4248 X:0094 Y:0092 S:033F D:0000 DB:7E P:nvmxdIzc V:112 H:4  
C0632B $CE $7A $96     DEC $967A [7E967A] = $002C      A:4248 X:0094 Y:0092 S:033F D:0000 DB:7E P:nvmxdIzc V:112 H:16 
C0632E $D0 $A9         BNE $C062D9                     A:4248 X:0094 Y:0092 S:033F D:0000 DB:7E P:nvmxdIzc V:112 H:30 
C062D9 $A5 $2A         LDA $2A [00002A] = $004A        A:4248 X:0094 Y:0092 S:033F D:0000 DB:7E P:nvmxdIzc V:112 H:35 
C062DB $CF $4E $B7 $7F CMP $7FB74E                     A:004A X:0094 Y:0092 S:033F D:0000 DB:7E P:nvmxdIzc V:112 H:42 
C062DF $B0 $08         BCS $C062E9                     A:004A X:0094 Y:0092 S:033F D:0000 DB:7E P:NvmxdIzc V:112 H:52 
C062E1 $AC $AE $93     LDY $93AE [7E93AE] = $0094      A:004A X:0094 Y:0092 S:033F D:0000 DB:7E P:NvmxdIzc V:112 H:55 
C062E4 $C0 $00 $02     CPY #$0200                      A:004A X:0094 Y:0094 S:033F D:0000 DB:7E P:nvmxdIzc V:112 H:63 
C062E7 $90 $06         BCC $C062EF                     A:004A X:0094 Y:0094 S:033F D:0000 DB:7E P:NvmxdIzc V:112 H:68 
C062EF $AC $AE $93     LDY $93AE [7E93AE] = $0094      A:004A X:0094 Y:0094 S:033F D:0000 DB:7E P:NvmxdIzc V:112 H:72 
C062F2 $BF $EA $AE $7F LDA $7FAEEA,X [7FAF7E] = $00AB  A:004A X:0094 Y:0094 S:033F D:0000 DB:7E P:nvmxdIzc V:112 H:81 
C062F6 $0A             ASL                             A:00AB X:0094 Y:0094 S:033F D:0000 DB:7E P:nvmxdIzc V:112 H:91 
C062F7 $26 $2E         ROL $2E [00002E] = $0000        A:0156 X:0094 Y:0094 S:033F D:0000 DB:7E P:nvmxdIzc V:112 H:94 
C062F9 $0A             ASL                             A:0156 X:0094 Y:0094 S:033F D:0000 DB:7E P:nvmxdIZc V:112 H:106
C062FA $26 $2E         ROL $2E [00002E] = $0000        A:02AC X:0094 Y:0094 S:033F D:0000 DB:7E P:nvmxdIzc V:112 H:109
C062FC $0A             ASL                             A:02AC X:0094 Y:0094 S:033F D:0000 DB:7E P:nvmxdIZc V:112 H:122
C062FD $26 $2E         ROL $2E [00002E] = $0000        A:0558 X:0094 Y:0094 S:033F D:0000 DB:7E P:nvmxdIzc V:112 H:125
C062FF $0A             ASL                             A:0558 X:0094 Y:0094 S:033F D:0000 DB:7E P:nvmxdIZc V:112 H:147
C06300 $26 $2E         ROL $2E [00002E] = $0000        A:0AB0 X:0094 Y:0094 S:033F D:0000 DB:7E P:nvmxdIzc V:112 H:150
C06302 $18             CLC                             A:0AB0 X:0094 Y:0094 S:033F D:0000 DB:7E P:nvmxdIZc V:112 H:163
C06303 $69 $A0 $8E     ADC #$8EA0                      A:0AB0 X:0094 Y:0094 S:033F D:0000 DB:7E P:nvmxdIZc V:112 H:166
C06306 $99 $AE $8B     STA $8BAE,Y [7E8C42] = $E740    A:9950 X:0094 Y:0094 S:033F D:0000 DB:7E P:NvmxdIzc V:112 H:170
C06309 $A5 $2E         LDA $2E [00002E] = $0000        A:9950 X:0094 Y:0094 S:033F D:0000 DB:7E P:NvmxdIzc V:112 H:180
C0630B $69 $E3 $00     ADC #$00E3                      A:0000 X:0094 Y:0094 S:033F D:0000 DB:7E P:nvmxdIZc V:112 H:187
C0630E $99 $AE $8D     STA $8DAE,Y [7E8E42] = $00D0    A:00E3 X:0094 Y:0094 S:033F D:0000 DB:7E P:nvmxdIzc V:112 H:192
C06311 $A9 $10 $00     LDA #$0010                      A:00E3 X:0094 Y:0094 S:033F D:0000 DB:7E P:nvmxdIzc V:112 H:202
C06314 $99 $AE $91     STA $91AE,Y [7E9242] = $0020    A:0010 X:0094 Y:0094 S:033F D:0000 DB:7E P:nvmxdIzc V:112 H:206
C06317 $8A             TXA                             A:0010 X:0094 Y:0094 S:033F D:0000 DB:7E P:nvmxdIzc V:112 H:216
C06318 $0A             ASL                             A:0094 X:0094 Y:0094 S:033F D:0000 DB:7E P:nvmxdIzc V:112 H:219
C06319 $0A             ASL                             A:0128 X:0094 Y:0094 S:033F D:0000 DB:7E P:nvmxdIzc V:112 H:222
C0631A $18             CLC                             A:0250 X:0094 Y:0094 S:033F D:0000 DB:7E P:nvmxdIzc V:112 H:225
C0631B $6D $DF $99     ADC $99DF [7E99DF] = $4000      A:0250 X:0094 Y:0094 S:033F D:0000 DB:7E P:nvmxdIzc V:112 H:228
C0631E $99 $AE $8F     STA $8FAE,Y [7E9042] = $04A0    A:4250 X:0094 Y:0094 S:033F D:0000 DB:7E P:nvmxdIzc V:112 H:237
C06321 $EE $AE $93     INC $93AE [7E93AE] = $0094      A:4250 X:0094 Y:0094 S:033F D:0000 DB:7E P:nvmxdIzc V:112 H:247
C06324 $EE $AE $93     INC $93AE [7E93AE] = $0095      A:4250 X:0094 Y:0094 S:033F D:0000 DB:7E P:nvmxdIzc V:112 H:261
C06327 $E8             INX                             A:4250 X:0094 Y:0094 S:033F D:0000 DB:7E P:nvmxdIzc V:112 H:275
C06328 $E8             INX                             A:4250 X:0095 Y:0094 S:033F D:0000 DB:7E P:nvmxdIzc V:112 H:320
C06329 $E6 $2A         INC $2A [00002A] = $004A        A:4250 X:0096 Y:0094 S:033F D:0000 DB:7E P:nvmxdIzc V:112 H:323
C0632B $CE $7A $96     DEC $967A [7E967A] = $002B      A:4250 X:0096 Y:0094 S:033F D:0000 DB:7E P:nvmxdIzc V:112 H:334
C0632E $D0 $A9         BNE $C062D9                     A:4250 X:0096 Y:0094 S:033F D:0000 DB:7E P:nvmxdIzc V:113 H:8  
C062D9 $A5 $2A         LDA $2A [00002A] = $004B        A:4250 X:0096 Y:0094 S:033F D:0000 DB:7E P:nvmxdIzc V:113 H:13 
C062DB $CF $4E $B7 $7F CMP $7FB74E                     A:004B X:0096 Y:0094 S:033F D:0000 DB:7E P:nvmxdIzc V:113 H:20 
C062DF $B0 $08         BCS $C062E9                     A:004B X:0096 Y:0094 S:033F D:0000 DB:7E P:NvmxdIzc V:113 H:30 
C062E1 $AC $AE $93     LDY $93AE [7E93AE] = $0096      A:004B X:0096 Y:0094 S:033F D:0000 DB:7E P:NvmxdIzc V:113 H:33 
C062E4 $C0 $00 $02     CPY #$0200                      A:004B X:0096 Y:0096 S:033F D:0000 DB:7E P:nvmxdIzc V:113 H:41 
C062E7 $90 $06         BCC $C062EF                     A:004B X:0096 Y:0096 S:033F D:0000 DB:7E P:NvmxdIzc V:113 H:46 
C062EF $AC $AE $93     LDY $93AE [7E93AE] = $0096      A:004B X:0096 Y:0096 S:033F D:0000 DB:7E P:NvmxdIzc V:113 H:50 
C062F2 $BF $EA $AE $7F LDA $7FAEEA,X [7FAF80] = $00AC  A:004B X:0096 Y:0096 S:033F D:0000 DB:7E P:nvmxdIzc V:113 H:59 
C062F6 $0A             ASL                             A:00AC X:0096 Y:0096 S:033F D:0000 DB:7E P:nvmxdIzc V:113 H:69 
C062F7 $26 $2E         ROL $2E [00002E] = $0000        A:0158 X:0096 Y:0096 S:033F D:0000 DB:7E P:nvmxdIzc V:113 H:72 
C062F9 $0A             ASL                             A:0158 X:0096 Y:0096 S:033F D:0000 DB:7E P:nvmxdIZc V:113 H:84 
C062FA $26 $2E         ROL $2E [00002E] = $0000        A:02B0 X:0096 Y:0096 S:033F D:0000 DB:7E P:nvmxdIzc V:113 H:87 
C062FC $0A             ASL                             A:02B0 X:0096 Y:0096 S:033F D:0000 DB:7E P:nvmxdIZc V:113 H:100
C062FD $26 $2E         ROL $2E [00002E] = $0000        A:0560 X:0096 Y:0096 S:033F D:0000 DB:7E P:nvmxdIzc V:113 H:103
C062FF $0A             ASL                             A:0560 X:0096 Y:0096 S:033F D:0000 DB:7E P:nvmxdIZc V:113 H:115
C06300 $26 $2E         ROL $2E [00002E] = $0000        A:0AC0 X:0096 Y:0096 S:033F D:0000 DB:7E P:nvmxdIzc V:113 H:118
C06302 $18             CLC                             A:0AC0 X:0096 Y:0096 S:033F D:0000 DB:7E P:nvmxdIZc V:113 H:131
C06303 $69 $A0 $8E     ADC #$8EA0                      A:0AC0 X:0096 Y:0096 S:033F D:0000 DB:7E P:nvmxdIZc V:113 H:134
C06306 $99 $AE $8B     STA $8BAE,Y [7E8C44] = $E760    A:9960 X:0096 Y:0096 S:033F D:0000 DB:7E P:NvmxdIzc V:113 H:148
C06309 $A5 $2E         LDA $2E [00002E] = $0000        A:9960 X:0096 Y:0096 S:033F D:0000 DB:7E P:NvmxdIzc V:113 H:158
C0630B $69 $E3 $00     ADC #$00E3                      A:0000 X:0096 Y:0096 S:033F D:0000 DB:7E P:nvmxdIZc V:113 H:165
C0630E $99 $AE $8D     STA $8DAE,Y [7E8E44] = $00D0    A:00E3 X:0096 Y:0096 S:033F D:0000 DB:7E P:nvmxdIzc V:113 H:170
C06311 $A9 $10 $00     LDA #$0010                      A:00E3 X:0096 Y:0096 S:033F D:0000 DB:7E P:nvmxdIzc V:113 H:180
C06314 $99 $AE $91     STA $91AE,Y [7E9244] = $0020    A:0010 X:0096 Y:0096 S:033F D:0000 DB:7E P:nvmxdIzc V:113 H:184
C06317 $8A             TXA                             A:0010 X:0096 Y:0096 S:033F D:0000 DB:7E P:nvmxdIzc V:113 H:194
C06318 $0A             ASL                             A:0096 X:0096 Y:0096 S:033F D:0000 DB:7E P:nvmxdIzc V:113 H:197
C06319 $0A             ASL                             A:012C X:0096 Y:0096 S:033F D:0000 DB:7E P:nvmxdIzc V:113 H:200
C0631A $18             CLC                             A:0258 X:0096 Y:0096 S:033F D:0000 DB:7E P:nvmxdIzc V:113 H:203
C0631B $6D $DF $99     ADC $99DF [7E99DF] = $4000      A:0258 X:0096 Y:0096 S:033F D:0000 DB:7E P:nvmxdIzc V:113 H:206
C0631E $99 $AE $8F     STA $8FAE,Y [7E9044] = $04B0    A:4258 X:0096 Y:0096 S:033F D:0000 DB:7E P:nvmxdIzc V:113 H:215
C06321 $EE $AE $93     INC $93AE [7E93AE] = $0096      A:4258 X:0096 Y:0096 S:033F D:0000 DB:7E P:nvmxdIzc V:113 H:225
C06324 $EE $AE $93     INC $93AE [7E93AE] = $0097      A:4258 X:0096 Y:0096 S:033F D:0000 DB:7E P:nvmxdIzc V:113 H:239
C06327 $E8             INX                             A:4258 X:0096 Y:0096 S:033F D:0000 DB:7E P:nvmxdIzc V:113 H:253
C06328 $E8             INX                             A:4258 X:0097 Y:0096 S:033F D:0000 DB:7E P:nvmxdIzc V:113 H:256
C06329 $E6 $2A         INC $2A [00002A] = $004B        A:4258 X:0098 Y:0096 S:033F D:0000 DB:7E P:nvmxdIzc V:113 H:259
C0632B $CE $7A $96     DEC $967A [7E967A] = $002A      A:4258 X:0098 Y:0096 S:033F D:0000 DB:7E P:nvmxdIzc V:113 H:271
C0632E $D0 $A9         BNE $C062D9                     A:4258 X:0098 Y:0096 S:033F D:0000 DB:7E P:nvmxdIzc V:113 H:301
C062D9 $A5 $2A         LDA $2A [00002A] = $004C        A:4258 X:0098 Y:0096 S:033F D:0000 DB:7E P:nvmxdIzc V:113 H:306
C062DB $CF $4E $B7 $7F CMP $7FB74E                     A:004C X:0098 Y:0096 S:033F D:0000 DB:7E P:nvmxdIzc V:113 H:313
C062DF $B0 $08         BCS $C062E9                     A:004C X:0098 Y:0096 S:033F D:0000 DB:7E P:NvmxdIzc V:113 H:323
C062E1 $AC $AE $93     LDY $93AE [7E93AE] = $0098      A:004C X:0098 Y:0096 S:033F D:0000 DB:7E P:NvmxdIzc V:113 H:325
C062E4 $C0 $00 $02     CPY #$0200                      A:004C X:0098 Y:0098 S:033F D:0000 DB:7E P:nvmxdIzc V:113 H:333
C062E7 $90 $06         BCC $C062EF                     A:004C X:0098 Y:0098 S:033F D:0000 DB:7E P:NvmxdIzc V:113 H:338
C062EF $AC $AE $93     LDY $93AE [7E93AE] = $0098      A:004C X:0098 Y:0098 S:033F D:0000 DB:7E P:NvmxdIzc V:114 H:2  
C062F2 $BF $EA $AE $7F LDA $7FAEEA,X [7FAF82] = $00AD  A:004C X:0098 Y:0098 S:033F D:0000 DB:7E P:nvmxdIzc V:114 H:11 
C062F6 $0A             ASL                             A:00AD X:0098 Y:0098 S:033F D:0000 DB:7E P:nvmxdIzc V:114 H:21 
C062F7 $26 $2E         ROL $2E [00002E] = $0000        A:015A X:0098 Y:0098 S:033F D:0000 DB:7E P:nvmxdIzc V:114 H:24 
C062F9 $0A             ASL                             A:015A X:0098 Y:0098 S:033F D:0000 DB:7E P:nvmxdIZc V:114 H:36 
C062FA $26 $2E         ROL $2E [00002E] = $0000        A:02B4 X:0098 Y:0098 S:033F D:0000 DB:7E P:nvmxdIzc V:114 H:39 
C062FC $0A             ASL                             A:02B4 X:0098 Y:0098 S:033F D:0000 DB:7E P:nvmxdIZc V:114 H:52 
C062FD $26 $2E         ROL $2E [00002E] = $0000        A:0568 X:0098 Y:0098 S:033F D:0000 DB:7E P:nvmxdIzc V:114 H:55 
C062FF $0A             ASL                             A:0568 X:0098 Y:0098 S:033F D:0000 DB:7E P:nvmxdIZc V:114 H:67 
C06300 $26 $2E         ROL $2E [00002E] = $0000        A:0AD0 X:0098 Y:0098 S:033F D:0000 DB:7E P:nvmxdIzc V:114 H:70 
C06302 $18             CLC                             A:0AD0 X:0098 Y:0098 S:033F D:0000 DB:7E P:nvmxdIZc V:114 H:83 
C06303 $69 $A0 $8E     ADC #$8EA0                      A:0AD0 X:0098 Y:0098 S:033F D:0000 DB:7E P:nvmxdIZc V:114 H:86 
C06306 $99 $AE $8B     STA $8BAE,Y [7E8C46] = $E780    A:9970 X:0098 Y:0098 S:033F D:0000 DB:7E P:NvmxdIzc V:114 H:90 
C06309 $A5 $2E         LDA $2E [00002E] = $0000        A:9970 X:0098 Y:0098 S:033F D:0000 DB:7E P:NvmxdIzc V:114 H:100
C0630B $69 $E3 $00     ADC #$00E3                      A:0000 X:0098 Y:0098 S:033F D:0000 DB:7E P:nvmxdIZc V:114 H:107
C0630E $99 $AE $8D     STA $8DAE,Y [7E8E46] = $00D0    A:00E3 X:0098 Y:0098 S:033F D:0000 DB:7E P:nvmxdIzc V:114 H:112
C06311 $A9 $10 $00     LDA #$0010                      A:00E3 X:0098 Y:0098 S:033F D:0000 DB:7E P:nvmxdIzc V:114 H:122
C06314 $99 $AE $91     STA $91AE,Y [7E9246] = $0020    A:0010 X:0098 Y:0098 S:033F D:0000 DB:7E P:nvmxdIzc V:114 H:126
C06317 $8A             TXA                             A:0010 X:0098 Y:0098 S:033F D:0000 DB:7E P:nvmxdIzc V:114 H:146
C06318 $0A             ASL                             A:0098 X:0098 Y:0098 S:033F D:0000 DB:7E P:nvmxdIzc V:114 H:149
C06319 $0A             ASL                             A:0130 X:0098 Y:0098 S:033F D:0000 DB:7E P:nvmxdIzc V:114 H:152
C0631A $18             CLC                             A:0260 X:0098 Y:0098 S:033F D:0000 DB:7E P:nvmxdIzc V:114 H:155
C0631B $6D $DF $99     ADC $99DF [7E99DF] = $4000      A:0260 X:0098 Y:0098 S:033F D:0000 DB:7E P:nvmxdIzc V:114 H:158
C0631E $99 $AE $8F     STA $8FAE,Y [7E9046] = $04C0    A:4260 X:0098 Y:0098 S:033F D:0000 DB:7E P:nvmxdIzc V:114 H:167
C06321 $EE $AE $93     INC $93AE [7E93AE] = $0098      A:4260 X:0098 Y:0098 S:033F D:0000 DB:7E P:nvmxdIzc V:114 H:177
C06324 $EE $AE $93     INC $93AE [7E93AE] = $0099      A:4260 X:0098 Y:0098 S:033F D:0000 DB:7E P:nvmxdIzc V:114 H:191
C06327 $E8             INX                             A:4260 X:0098 Y:0098 S:033F D:0000 DB:7E P:nvmxdIzc V:114 H:205
C06328 $E8             INX                             A:4260 X:0099 Y:0098 S:033F D:0000 DB:7E P:nvmxdIzc V:114 H:208
C06329 $E6 $2A         INC $2A [00002A] = $004C        A:4260 X:009A Y:0098 S:033F D:0000 DB:7E P:nvmxdIzc V:114 H:211
C0632B $CE $7A $96     DEC $967A [7E967A] = $0029      A:4260 X:009A Y:0098 S:033F D:0000 DB:7E P:nvmxdIzc V:114 H:223
C0632E $D0 $A9         BNE $C062D9                     A:4260 X:009A Y:0098 S:033F D:0000 DB:7E P:nvmxdIzc V:114 H:237
C062D9 $A5 $2A         LDA $2A [00002A] = $004D        A:4260 X:009A Y:0098 S:033F D:0000 DB:7E P:nvmxdIzc V:114 H:242
C062DB $CF $4E $B7 $7F CMP $7FB74E                     A:004D X:009A Y:0098 S:033F D:0000 DB:7E P:nvmxdIzc V:114 H:249
C062DF $B0 $08         BCS $C062E9                     A:004D X:009A Y:0098 S:033F D:0000 DB:7E P:NvmxdIzc V:114 H:259
C062E1 $AC $AE $93     LDY $93AE [7E93AE] = $009A      A:004D X:009A Y:0098 S:033F D:0000 DB:7E P:NvmxdIzc V:114 H:262
C062E4 $C0 $00 $02     CPY #$0200                      A:004D X:009A Y:009A S:033F D:0000 DB:7E P:nvmxdIzc V:114 H:270
C062E7 $90 $06         BCC $C062EF                     A:004D X:009A Y:009A S:033F D:0000 DB:7E P:NvmxdIzc V:114 H:275
C062EF $AC $AE $93     LDY $93AE [7E93AE] = $009A      A:004D X:009A Y:009A S:033F D:0000 DB:7E P:NvmxdIzc V:114 H:296
C062F2 $BF $EA $AE $7F LDA $7FAEEA,X [7FAF84] = $00AE  A:004D X:009A Y:009A S:033F D:0000 DB:7E P:nvmxdIzc V:114 H:304
C062F6 $0A             ASL                             A:00AE X:009A Y:009A S:033F D:0000 DB:7E P:nvmxdIzc V:114 H:314
C062F7 $26 $2E         ROL $2E [00002E] = $0000        A:015C X:009A Y:009A S:033F D:0000 DB:7E P:nvmxdIzc V:114 H:317
C062F9 $0A             ASL                             A:015C X:009A Y:009A S:033F D:0000 DB:7E P:nvmxdIZc V:114 H:329
C062FA $26 $2E         ROL $2E [00002E] = $0000        A:02B8 X:009A Y:009A S:033F D:0000 DB:7E P:nvmxdIzc V:114 H:332
C062FC $0A             ASL                             A:02B8 X:009A Y:009A S:033F D:0000 DB:7E P:nvmxdIZc V:115 H:4  
C062FD $26 $2E         ROL $2E [00002E] = $0000        A:0570 X:009A Y:009A S:033F D:0000 DB:7E P:nvmxdIzc V:115 H:7  
C062FF $0A             ASL                             A:0570 X:009A Y:009A S:033F D:0000 DB:7E P:nvmxdIZc V:115 H:20 
C06300 $26 $2E         ROL $2E [00002E] = $0000        A:0AE0 X:009A Y:009A S:033F D:0000 DB:7E P:nvmxdIzc V:115 H:23 
C06302 $18             CLC                             A:0AE0 X:009A Y:009A S:033F D:0000 DB:7E P:nvmxdIZc V:115 H:35 
C06303 $69 $A0 $8E     ADC #$8EA0                      A:0AE0 X:009A Y:009A S:033F D:0000 DB:7E P:nvmxdIZc V:115 H:38 
C06306 $99 $AE $8B     STA $8BAE,Y [7E8C48] = $E7A0    A:9980 X:009A Y:009A S:033F D:0000 DB:7E P:NvmxdIzc V:115 H:43 
C06309 $A5 $2E         LDA $2E [00002E] = $0000        A:9980 X:009A Y:009A S:033F D:0000 DB:7E P:NvmxdIzc V:115 H:53 
C0630B $69 $E3 $00     ADC #$00E3                      A:0000 X:009A Y:009A S:033F D:0000 DB:7E P:nvmxdIZc V:115 H:60 
C0630E $99 $AE $8D     STA $8DAE,Y [7E8E48] = $00D0    A:00E3 X:009A Y:009A S:033F D:0000 DB:7E P:nvmxdIzc V:115 H:64 
C06311 $A9 $10 $00     LDA #$0010                      A:00E3 X:009A Y:009A S:033F D:0000 DB:7E P:nvmxdIzc V:115 H:74 
C06314 $99 $AE $91     STA $91AE,Y [7E9248] = $0020    A:0010 X:009A Y:009A S:033F D:0000 DB:7E P:nvmxdIzc V:115 H:79 
C06317 $8A             TXA                             A:0010 X:009A Y:009A S:033F D:0000 DB:7E P:nvmxdIzc V:115 H:89 
C06318 $0A             ASL                             A:009A X:009A Y:009A S:033F D:0000 DB:7E P:nvmxdIzc V:115 H:92 
C06319 $0A             ASL                             A:0134 X:009A Y:009A S:033F D:0000 DB:7E P:nvmxdIzc V:115 H:95 
C0631A $18             CLC                             A:0268 X:009A Y:009A S:033F D:0000 DB:7E P:nvmxdIzc V:115 H:98 
C0631B $6D $DF $99     ADC $99DF [7E99DF] = $4000      A:0268 X:009A Y:009A S:033F D:0000 DB:7E P:nvmxdIzc V:115 H:101
C0631E $99 $AE $8F     STA $8FAE,Y [7E9048] = $04D0    A:4268 X:009A Y:009A S:033F D:0000 DB:7E P:nvmxdIzc V:115 H:109
C06321 $EE $AE $93     INC $93AE [7E93AE] = $009A      A:4268 X:009A Y:009A S:033F D:0000 DB:7E P:nvmxdIzc V:115 H:119
C06324 $EE $AE $93     INC $93AE [7E93AE] = $009B      A:4268 X:009A Y:009A S:033F D:0000 DB:7E P:nvmxdIzc V:115 H:133
C06327 $E8             INX                             A:4268 X:009A Y:009A S:033F D:0000 DB:7E P:nvmxdIzc V:115 H:157
C06328 $E8             INX                             A:4268 X:009B Y:009A S:033F D:0000 DB:7E P:nvmxdIzc V:115 H:160
C06329 $E6 $2A         INC $2A [00002A] = $004D        A:4268 X:009C Y:009A S:033F D:0000 DB:7E P:nvmxdIzc V:115 H:163
C0632B $CE $7A $96     DEC $967A [7E967A] = $0028      A:4268 X:009C Y:009A S:033F D:0000 DB:7E P:nvmxdIzc V:115 H:176
C0632E $D0 $A9         BNE $C062D9                     A:4268 X:009C Y:009A S:033F D:0000 DB:7E P:nvmxdIzc V:115 H:190
C062D9 $A5 $2A         LDA $2A [00002A] = $004E        A:4268 X:009C Y:009A S:033F D:0000 DB:7E P:nvmxdIzc V:115 H:194
C062DB $CF $4E $B7 $7F CMP $7FB74E                     A:004E X:009C Y:009A S:033F D:0000 DB:7E P:nvmxdIzc V:115 H:201
C062DF $B0 $08         BCS $C062E9                     A:004E X:009C Y:009A S:033F D:0000 DB:7E P:NvmxdIzc V:115 H:211
C062E1 $AC $AE $93     LDY $93AE [7E93AE] = $009C      A:004E X:009C Y:009A S:033F D:0000 DB:7E P:NvmxdIzc V:115 H:214
C062E4 $C0 $00 $02     CPY #$0200                      A:004E X:009C Y:009C S:033F D:0000 DB:7E P:nvmxdIzc V:115 H:223
C062E7 $90 $06         BCC $C062EF                     A:004E X:009C Y:009C S:033F D:0000 DB:7E P:NvmxdIzc V:115 H:227
C062EF $AC $AE $93     LDY $93AE [7E93AE] = $009C      A:004E X:009C Y:009C S:033F D:0000 DB:7E P:NvmxdIzc V:115 H:232
C062F2 $BF $EA $AE $7F LDA $7FAEEA,X [7FAF86] = $00AF  A:004E X:009C Y:009C S:033F D:0000 DB:7E P:nvmxdIzc V:115 H:240
C062F6 $0A             ASL                             A:00AF X:009C Y:009C S:033F D:0000 DB:7E P:nvmxdIzc V:115 H:250
C062F7 $26 $2E         ROL $2E [00002E] = $0000        A:015E X:009C Y:009C S:033F D:0000 DB:7E P:nvmxdIzc V:115 H:253
C062F9 $0A             ASL                             A:015E X:009C Y:009C S:033F D:0000 DB:7E P:nvmxdIZc V:115 H:266
C062FA $26 $2E         ROL $2E [00002E] = $0000        A:02BC X:009C Y:009C S:033F D:0000 DB:7E P:nvmxdIzc V:115 H:269
C062FC $0A             ASL                             A:02BC X:009C Y:009C S:033F D:0000 DB:7E P:nvmxdIZc V:115 H:297
C062FD $26 $2E         ROL $2E [00002E] = $0000        A:0578 X:009C Y:009C S:033F D:0000 DB:7E P:nvmxdIzc V:115 H:300
C062FF $0A             ASL                             A:0578 X:009C Y:009C S:033F D:0000 DB:7E P:nvmxdIZc V:115 H:313
C06300 $26 $2E         ROL $2E [00002E] = $0000        A:0AF0 X:009C Y:009C S:033F D:0000 DB:7E P:nvmxdIzc V:115 H:316
C06302 $18             CLC                             A:0AF0 X:009C Y:009C S:033F D:0000 DB:7E P:nvmxdIZc V:115 H:327
C06303 $69 $A0 $8E     ADC #$8EA0                      A:0AF0 X:009C Y:009C S:033F D:0000 DB:7E P:nvmxdIZc V:115 H:330
C06306 $99 $AE $8B     STA $8BAE,Y [7E8C4A] = $E7C0    A:9990 X:009C Y:009C S:033F D:0000 DB:7E P:NvmxdIzc V:115 H:335
C06309 $A5 $2E         LDA $2E [00002E] = $0000        A:9990 X:009C Y:009C S:033F D:0000 DB:7E P:NvmxdIzc V:116 H:5  
C0630B $69 $E3 $00     ADC #$00E3                      A:0000 X:009C Y:009C S:033F D:0000 DB:7E P:nvmxdIZc V:116 H:12 
C0630E $99 $AE $8D     STA $8DAE,Y [7E8E4A] = $00D0    A:00E3 X:009C Y:009C S:033F D:0000 DB:7E P:nvmxdIzc V:116 H:16 
C06311 $A9 $10 $00     LDA #$0010                      A:00E3 X:009C Y:009C S:033F D:0000 DB:7E P:nvmxdIzc V:116 H:26 
C06314 $99 $AE $91     STA $91AE,Y [7E924A] = $0020    A:0010 X:009C Y:009C S:033F D:0000 DB:7E P:nvmxdIzc V:116 H:31 
C06317 $8A             TXA                             A:0010 X:009C Y:009C S:033F D:0000 DB:7E P:nvmxdIzc V:116 H:41 
C06318 $0A             ASL                             A:009C X:009C Y:009C S:033F D:0000 DB:7E P:nvmxdIzc V:116 H:44 
C06319 $0A             ASL                             A:0138 X:009C Y:009C S:033F D:0000 DB:7E P:nvmxdIzc V:116 H:47 
C0631A $18             CLC                             A:0270 X:009C Y:009C S:033F D:0000 DB:7E P:nvmxdIzc V:116 H:50 
C0631B $6D $DF $99     ADC $99DF [7E99DF] = $4000      A:0270 X:009C Y:009C S:033F D:0000 DB:7E P:nvmxdIzc V:116 H:53 
C0631E $99 $AE $8F     STA $8FAE,Y [7E904A] = $04E0    A:4270 X:009C Y:009C S:033F D:0000 DB:7E P:nvmxdIzc V:116 H:61 
C06321 $EE $AE $93     INC $93AE [7E93AE] = $009C      A:4270 X:009C Y:009C S:033F D:0000 DB:7E P:nvmxdIzc V:116 H:71 
C06324 $EE $AE $93     INC $93AE [7E93AE] = $009D      A:4270 X:009C Y:009C S:033F D:0000 DB:7E P:nvmxdIzc V:116 H:85 
C06327 $E8             INX                             A:4270 X:009C Y:009C S:033F D:0000 DB:7E P:nvmxdIzc V:116 H:99 
C06328 $E8             INX                             A:4270 X:009D Y:009C S:033F D:0000 DB:7E P:nvmxdIzc V:116 H:102
C06329 $E6 $2A         INC $2A [00002A] = $004E        A:4270 X:009E Y:009C S:033F D:0000 DB:7E P:nvmxdIzc V:116 H:105
C0632B $CE $7A $96     DEC $967A [7E967A] = $0027      A:4270 X:009E Y:009C S:033F D:0000 DB:7E P:nvmxdIzc V:116 H:118
C0632E $D0 $A9         BNE $C062D9                     A:4270 X:009E Y:009C S:033F D:0000 DB:7E P:nvmxdIzc V:116 H:132
C062D9 $A5 $2A         LDA $2A [00002A] = $004F        A:4270 X:009E Y:009C S:033F D:0000 DB:7E P:nvmxdIzc V:116 H:146
C062DB $CF $4E $B7 $7F CMP $7FB74E                     A:004F X:009E Y:009C S:033F D:0000 DB:7E P:nvmxdIzc V:116 H:153
C062DF $B0 $08         BCS $C062E9                     A:004F X:009E Y:009C S:033F D:0000 DB:7E P:NvmxdIzc V:116 H:163
C062E1 $AC $AE $93     LDY $93AE [7E93AE] = $009E      A:004F X:009E Y:009C S:033F D:0000 DB:7E P:NvmxdIzc V:116 H:166
C062E4 $C0 $00 $02     CPY #$0200                      A:004F X:009E Y:009E S:033F D:0000 DB:7E P:nvmxdIzc V:116 H:175
C062E7 $90 $06         BCC $C062EF                     A:004F X:009E Y:009E S:033F D:0000 DB:7E P:NvmxdIzc V:116 H:179
C062EF $AC $AE $93     LDY $93AE [7E93AE] = $009E      A:004F X:009E Y:009E S:033F D:0000 DB:7E P:NvmxdIzc V:116 H:184
C062F2 $BF $EA $AE $7F LDA $7FAEEA,X [7FAF88] = $00B0  A:004F X:009E Y:009E S:033F D:0000 DB:7E P:nvmxdIzc V:116 H:192
C062F6 $0A             ASL                             A:00B0 X:009E Y:009E S:033F D:0000 DB:7E P:nvmxdIzc V:116 H:202
C062F7 $26 $2E         ROL $2E [00002E] = $0000        A:0160 X:009E Y:009E S:033F D:0000 DB:7E P:nvmxdIzc V:116 H:205
C062F9 $0A             ASL                             A:0160 X:009E Y:009E S:033F D:0000 DB:7E P:nvmxdIZc V:116 H:218
C062FA $26 $2E         ROL $2E [00002E] = $0000        A:02C0 X:009E Y:009E S:033F D:0000 DB:7E P:nvmxdIzc V:116 H:221
C062FC $0A             ASL                             A:02C0 X:009E Y:009E S:033F D:0000 DB:7E P:nvmxdIZc V:116 H:233
C062FD $26 $2E         ROL $2E [00002E] = $0000        A:0580 X:009E Y:009E S:033F D:0000 DB:7E P:nvmxdIzc V:116 H:236
C062FF $0A             ASL                             A:0580 X:009E Y:009E S:033F D:0000 DB:7E P:nvmxdIZc V:116 H:249
C06300 $26 $2E         ROL $2E [00002E] = $0000        A:0B00 X:009E Y:009E S:033F D:0000 DB:7E P:nvmxdIzc V:116 H:252
C06302 $18             CLC                             A:0B00 X:009E Y:009E S:033F D:0000 DB:7E P:nvmxdIZc V:116 H:264
C06303 $69 $A0 $8E     ADC #$8EA0                      A:0B00 X:009E Y:009E S:033F D:0000 DB:7E P:nvmxdIZc V:116 H:267
C06306 $99 $AE $8B     STA $8BAE,Y [7E8C4C] = $E7E0    A:99A0 X:009E Y:009E S:033F D:0000 DB:7E P:NvmxdIzc V:116 H:272
C06309 $A5 $2E         LDA $2E [00002E] = $0000        A:99A0 X:009E Y:009E S:033F D:0000 DB:7E P:NvmxdIzc V:116 H:298
C0630B $69 $E3 $00     ADC #$00E3                      A:0000 X:009E Y:009E S:033F D:0000 DB:7E P:nvmxdIZc V:116 H:305
C0630E $99 $AE $8D     STA $8DAE,Y [7E8E4C] = $00D0    A:00E3 X:009E Y:009E S:033F D:0000 DB:7E P:nvmxdIzc V:116 H:310
C06311 $A9 $10 $00     LDA #$0010                      A:00E3 X:009E Y:009E S:033F D:0000 DB:7E P:nvmxdIzc V:116 H:320
C06314 $99 $AE $91     STA $91AE,Y [7E924C] = $0020    A:0010 X:009E Y:009E S:033F D:0000 DB:7E P:nvmxdIzc V:116 H:324
C06317 $8A             TXA                             A:0010 X:009E Y:009E S:033F D:0000 DB:7E P:nvmxdIzc V:116 H:333
C06318 $0A             ASL                             A:009E X:009E Y:009E S:033F D:0000 DB:7E P:nvmxdIzc V:116 H:336
C06319 $0A             ASL                             A:013C X:009E Y:009E S:033F D:0000 DB:7E P:nvmxdIzc V:116 H:339
C0631A $18             CLC                             A:0278 X:009E Y:009E S:033F D:0000 DB:7E P:nvmxdIzc V:117 H:2  
C0631B $6D $DF $99     ADC $99DF [7E99DF] = $4000      A:0278 X:009E Y:009E S:033F D:0000 DB:7E P:nvmxdIzc V:117 H:5  
C0631E $99 $AE $8F     STA $8FAE,Y [7E904C] = $04F0    A:4278 X:009E Y:009E S:033F D:0000 DB:7E P:nvmxdIzc V:117 H:14 
C06321 $EE $AE $93     INC $93AE [7E93AE] = $009E      A:4278 X:009E Y:009E S:033F D:0000 DB:7E P:nvmxdIzc V:117 H:24 
C06324 $EE $AE $93     INC $93AE [7E93AE] = $009F      A:4278 X:009E Y:009E S:033F D:0000 DB:7E P:nvmxdIzc V:117 H:38 
C06327 $E8             INX                             A:4278 X:009E Y:009E S:033F D:0000 DB:7E P:nvmxdIzc V:117 H:52 
C06328 $E8             INX                             A:4278 X:009F Y:009E S:033F D:0000 DB:7E P:nvmxdIzc V:117 H:55 
C06329 $E6 $2A         INC $2A [00002A] = $004F        A:4278 X:00A0 Y:009E S:033F D:0000 DB:7E P:nvmxdIzc V:117 H:58 
C0632B $CE $7A $96     DEC $967A [7E967A] = $0026      A:4278 X:00A0 Y:009E S:033F D:0000 DB:7E P:nvmxdIzc V:117 H:70 
C0632E $D0 $A9         BNE $C062D9                     A:4278 X:00A0 Y:009E S:033F D:0000 DB:7E P:nvmxdIzc V:117 H:84 
C062D9 $A5 $2A         LDA $2A [00002A] = $0050        A:4278 X:00A0 Y:009E S:033F D:0000 DB:7E P:nvmxdIzc V:117 H:89 
C062DB $CF $4E $B7 $7F CMP $7FB74E                     A:0050 X:00A0 Y:009E S:033F D:0000 DB:7E P:nvmxdIzc V:117 H:96 
C062DF $B0 $08         BCS $C062E9                     A:0050 X:00A0 Y:009E S:033F D:0000 DB:7E P:NvmxdIzc V:117 H:106
C062E1 $AC $AE $93     LDY $93AE [7E93AE] = $00A0      A:0050 X:00A0 Y:009E S:033F D:0000 DB:7E P:NvmxdIzc V:117 H:109
C062E4 $C0 $00 $02     CPY #$0200                      A:0050 X:00A0 Y:00A0 S:033F D:0000 DB:7E P:nvmxdIzc V:117 H:117
C062E7 $90 $06         BCC $C062EF                     A:0050 X:00A0 Y:00A0 S:033F D:0000 DB:7E P:NvmxdIzc V:117 H:122
C062EF $AC $AE $93     LDY $93AE [7E93AE] = $00A0      A:0050 X:00A0 Y:00A0 S:033F D:0000 DB:7E P:NvmxdIzc V:117 H:126
C062F2 $BF $EA $AE $7F LDA $7FAEEA,X [7FAF8A] = $00B1  A:0050 X:00A0 Y:00A0 S:033F D:0000 DB:7E P:nvmxdIzc V:117 H:145
C062F6 $0A             ASL                             A:00B1 X:00A0 Y:00A0 S:033F D:0000 DB:7E P:nvmxdIzc V:117 H:155
C062F7 $26 $2E         ROL $2E [00002E] = $0000        A:0162 X:00A0 Y:00A0 S:033F D:0000 DB:7E P:nvmxdIzc V:117 H:158
C062F9 $0A             ASL                             A:0162 X:00A0 Y:00A0 S:033F D:0000 DB:7E P:nvmxdIZc V:117 H:170
C062FA $26 $2E         ROL $2E [00002E] = $0000        A:02C4 X:00A0 Y:00A0 S:033F D:0000 DB:7E P:nvmxdIzc V:117 H:173
C062FC $0A             ASL                             A:02C4 X:00A0 Y:00A0 S:033F D:0000 DB:7E P:nvmxdIZc V:117 H:186
C062FD $26 $2E         ROL $2E [00002E] = $0000        A:0588 X:00A0 Y:00A0 S:033F D:0000 DB:7E P:nvmxdIzc V:117 H:189
C062FF $0A             ASL                             A:0588 X:00A0 Y:00A0 S:033F D:0000 DB:7E P:nvmxdIZc V:117 H:201
C06300 $26 $2E         ROL $2E [00002E] = $0000        A:0B10 X:00A0 Y:00A0 S:033F D:0000 DB:7E P:nvmxdIzc V:117 H:204
C06302 $18             CLC                             A:0B10 X:00A0 Y:00A0 S:033F D:0000 DB:7E P:nvmxdIZc V:117 H:217
C06303 $69 $A0 $8E     ADC #$8EA0                      A:0B10 X:00A0 Y:00A0 S:033F D:0000 DB:7E P:nvmxdIZc V:117 H:220
C06306 $99 $AE $8B     STA $8BAE,Y [7E8C4E] = $E800    A:99B0 X:00A0 Y:00A0 S:033F D:0000 DB:7E P:NvmxdIzc V:117 H:224
C06309 $A5 $2E         LDA $2E [00002E] = $0000        A:99B0 X:00A0 Y:00A0 S:033F D:0000 DB:7E P:NvmxdIzc V:117 H:234
C0630B $69 $E3 $00     ADC #$00E3                      A:0000 X:00A0 Y:00A0 S:033F D:0000 DB:7E P:nvmxdIZc V:117 H:241
C0630E $99 $AE $8D     STA $8DAE,Y [7E8E4E] = $00D0    A:00E3 X:00A0 Y:00A0 S:033F D:0000 DB:7E P:nvmxdIzc V:117 H:246
C06311 $A9 $10 $00     LDA #$0010                      A:00E3 X:00A0 Y:00A0 S:033F D:0000 DB:7E P:nvmxdIzc V:117 H:256
C06314 $99 $AE $91     STA $91AE,Y [7E924E] = $0020    A:0010 X:00A0 Y:00A0 S:033F D:0000 DB:7E P:nvmxdIzc V:117 H:260
C06317 $8A             TXA                             A:0010 X:00A0 Y:00A0 S:033F D:0000 DB:7E P:nvmxdIzc V:117 H:270
C06318 $0A             ASL                             A:00A0 X:00A0 Y:00A0 S:033F D:0000 DB:7E P:nvmxdIzc V:117 H:273
C06319 $0A             ASL                             A:0140 X:00A0 Y:00A0 S:033F D:0000 DB:7E P:nvmxdIzc V:117 H:293
C0631A $18             CLC                             A:0280 X:00A0 Y:00A0 S:033F D:0000 DB:7E P:nvmxdIzc V:117 H:296
C0631B $6D $DF $99     ADC $99DF [7E99DF] = $4000      A:0280 X:00A0 Y:00A0 S:033F D:0000 DB:7E P:nvmxdIzc V:117 H:299
C0631E $99 $AE $8F     STA $8FAE,Y [7E904E] = $0500    A:4280 X:00A0 Y:00A0 S:033F D:0000 DB:7E P:nvmxdIzc V:117 H:307
C06321 $EE $AE $93     INC $93AE [7E93AE] = $00A0      A:4280 X:00A0 Y:00A0 S:033F D:0000 DB:7E P:nvmxdIzc V:117 H:317
C06324 $EE $AE $93     INC $93AE [7E93AE] = $00A1      A:4280 X:00A0 Y:00A0 S:033F D:0000 DB:7E P:nvmxdIzc V:117 H:330
C06327 $E8             INX                             A:4280 X:00A0 Y:00A0 S:033F D:0000 DB:7E P:nvmxdIzc V:118 H:4  
C06328 $E8             INX                             A:4280 X:00A1 Y:00A0 S:033F D:0000 DB:7E P:nvmxdIzc V:118 H:7  
C06329 $E6 $2A         INC $2A [00002A] = $0050        A:4280 X:00A2 Y:00A0 S:033F D:0000 DB:7E P:nvmxdIzc V:118 H:10 
C0632B $CE $7A $96     DEC $967A [7E967A] = $0025      A:4280 X:00A2 Y:00A0 S:033F D:0000 DB:7E P:nvmxdIzc V:118 H:23 
C0632E $D0 $A9         BNE $C062D9                     A:4280 X:00A2 Y:00A0 S:033F D:0000 DB:7E P:nvmxdIzc V:118 H:37 
C062D9 $A5 $2A         LDA $2A [00002A] = $0051        A:4280 X:00A2 Y:00A0 S:033F D:0000 DB:7E P:nvmxdIzc V:118 H:41 
C062DB $CF $4E $B7 $7F CMP $7FB74E                     A:0051 X:00A2 Y:00A0 S:033F D:0000 DB:7E P:nvmxdIzc V:118 H:48 
C062DF $B0 $08         BCS $C062E9                     A:0051 X:00A2 Y:00A0 S:033F D:0000 DB:7E P:NvmxdIzc V:118 H:58 
C062E1 $AC $AE $93     LDY $93AE [7E93AE] = $00A2      A:0051 X:00A2 Y:00A0 S:033F D:0000 DB:7E P:NvmxdIzc V:118 H:61 
C062E4 $C0 $00 $02     CPY #$0200                      A:0051 X:00A2 Y:00A2 S:033F D:0000 DB:7E P:nvmxdIzc V:118 H:70 
C062E7 $90 $06         BCC $C062EF                     A:0051 X:00A2 Y:00A2 S:033F D:0000 DB:7E P:NvmxdIzc V:118 H:74 
C062EF $AC $AE $93     LDY $93AE [7E93AE] = $00A2      A:0051 X:00A2 Y:00A2 S:033F D:0000 DB:7E P:NvmxdIzc V:118 H:79 
C062F2 $BF $EA $AE $7F LDA $7FAEEA,X [7FAF8C] = $00B2  A:0051 X:00A2 Y:00A2 S:033F D:0000 DB:7E P:nvmxdIzc V:118 H:87 
C062F6 $0A             ASL                             A:00B2 X:00A2 Y:00A2 S:033F D:0000 DB:7E P:nvmxdIzc V:118 H:97 
C062F7 $26 $2E         ROL $2E [00002E] = $0000        A:0164 X:00A2 Y:00A2 S:033F D:0000 DB:7E P:nvmxdIzc V:118 H:100
C062F9 $0A             ASL                             A:0164 X:00A2 Y:00A2 S:033F D:0000 DB:7E P:nvmxdIZc V:118 H:113
C062FA $26 $2E         ROL $2E [00002E] = $0000        A:02C8 X:00A2 Y:00A2 S:033F D:0000 DB:7E P:nvmxdIzc V:118 H:116
C062FC $0A             ASL                             A:02C8 X:00A2 Y:00A2 S:033F D:0000 DB:7E P:nvmxdIZc V:118 H:128
C062FD $26 $2E         ROL $2E [00002E] = $0000        A:0590 X:00A2 Y:00A2 S:033F D:0000 DB:7E P:nvmxdIzc V:118 H:131
C062FF $0A             ASL                             A:0590 X:00A2 Y:00A2 S:033F D:0000 DB:7E P:nvmxdIZc V:118 H:154
C06300 $26 $2E         ROL $2E [00002E] = $0000        A:0B20 X:00A2 Y:00A2 S:033F D:0000 DB:7E P:nvmxdIzc V:118 H:157
C06302 $18             CLC                             A:0B20 X:00A2 Y:00A2 S:033F D:0000 DB:7E P:nvmxdIZc V:118 H:169
C06303 $69 $A0 $8E     ADC #$8EA0                      A:0B20 X:00A2 Y:00A2 S:033F D:0000 DB:7E P:nvmxdIZc V:118 H:172
C06306 $99 $AE $8B     STA $8BAE,Y [7E8C50] = $E820    A:99C0 X:00A2 Y:00A2 S:033F D:0000 DB:7E P:NvmxdIzc V:118 H:177
C06309 $A5 $2E         LDA $2E [00002E] = $0000        A:99C0 X:00A2 Y:00A2 S:033F D:0000 DB:7E P:NvmxdIzc V:118 H:187
C0630B $69 $E3 $00     ADC #$00E3                      A:0000 X:00A2 Y:00A2 S:033F D:0000 DB:7E P:nvmxdIZc V:118 H:194
C0630E $99 $AE $8D     STA $8DAE,Y [7E8E50] = $00D0    A:00E3 X:00A2 Y:00A2 S:033F D:0000 DB:7E P:nvmxdIzc V:118 H:198
C06311 $A9 $10 $00     LDA #$0010                      A:00E3 X:00A2 Y:00A2 S:033F D:0000 DB:7E P:nvmxdIzc V:118 H:208
C06314 $99 $AE $91     STA $91AE,Y [7E9250] = $0020    A:0010 X:00A2 Y:00A2 S:033F D:0000 DB:7E P:nvmxdIzc V:118 H:213
C06317 $8A             TXA                             A:0010 X:00A2 Y:00A2 S:033F D:0000 DB:7E P:nvmxdIzc V:118 H:223
C06318 $0A             ASL                             A:00A2 X:00A2 Y:00A2 S:033F D:0000 DB:7E P:nvmxdIzc V:118 H:226
C06319 $0A             ASL                             A:0144 X:00A2 Y:00A2 S:033F D:0000 DB:7E P:nvmxdIzc V:118 H:229
C0631A $18             CLC                             A:0288 X:00A2 Y:00A2 S:033F D:0000 DB:7E P:nvmxdIzc V:118 H:232
C0631B $6D $DF $99     ADC $99DF [7E99DF] = $4000      A:0288 X:00A2 Y:00A2 S:033F D:0000 DB:7E P:nvmxdIzc V:118 H:235
C0631E $99 $AE $8F     STA $8FAE,Y [7E9050] = $0510    A:4288 X:00A2 Y:00A2 S:033F D:0000 DB:7E P:nvmxdIzc V:118 H:243
C06321 $EE $AE $93     INC $93AE [7E93AE] = $00A2      A:4288 X:00A2 Y:00A2 S:033F D:0000 DB:7E P:nvmxdIzc V:118 H:253
C06324 $EE $AE $93     INC $93AE [7E93AE] = $00A3      A:4288 X:00A2 Y:00A2 S:033F D:0000 DB:7E P:nvmxdIzc V:118 H:267
C06327 $E8             INX                             A:4288 X:00A2 Y:00A2 S:033F D:0000 DB:7E P:nvmxdIzc V:118 H:299
C06328 $E8             INX                             A:4288 X:00A3 Y:00A2 S:033F D:0000 DB:7E P:nvmxdIzc V:118 H:302
C06329 $E6 $2A         INC $2A [00002A] = $0051        A:4288 X:00A4 Y:00A2 S:033F D:0000 DB:7E P:nvmxdIzc V:118 H:305
C0632B $CE $7A $96     DEC $967A [7E967A] = $0024      A:4288 X:00A4 Y:00A2 S:033F D:0000 DB:7E P:nvmxdIzc V:118 H:318
C0632E $D0 $A9         BNE $C062D9                     A:4288 X:00A4 Y:00A2 S:033F D:0000 DB:7E P:nvmxdIzc V:118 H:331
C062D9 $A5 $2A         LDA $2A [00002A] = $0052        A:4288 X:00A4 Y:00A2 S:033F D:0000 DB:7E P:nvmxdIzc V:118 H:335
C062DB $CF $4E $B7 $7F CMP $7FB74E                     A:0052 X:00A4 Y:00A2 S:033F D:0000 DB:7E P:nvmxdIzc V:119 H:2  
C062DF $B0 $08         BCS $C062E9                     A:0052 X:00A4 Y:00A2 S:033F D:0000 DB:7E P:NvmxdIzc V:119 H:12 
C062E1 $AC $AE $93     LDY $93AE [7E93AE] = $00A4      A:0052 X:00A4 Y:00A2 S:033F D:0000 DB:7E P:NvmxdIzc V:119 H:15 
C062E4 $C0 $00 $02     CPY #$0200                      A:0052 X:00A4 Y:00A4 S:033F D:0000 DB:7E P:nvmxdIzc V:119 H:24 
C062E7 $90 $06         BCC $C062EF                     A:0052 X:00A4 Y:00A4 S:033F D:0000 DB:7E P:NvmxdIzc V:119 H:28 
C062EF $AC $AE $93     LDY $93AE [7E93AE] = $00A4      A:0052 X:00A4 Y:00A4 S:033F D:0000 DB:7E P:NvmxdIzc V:119 H:33 
C062F2 $BF $EA $AE $7F LDA $7FAEEA,X [7FAF8E] = $00B3  A:0052 X:00A4 Y:00A4 S:033F D:0000 DB:7E P:nvmxdIzc V:119 H:41 
C062F6 $0A             ASL                             A:00B3 X:00A4 Y:00A4 S:033F D:0000 DB:7E P:nvmxdIzc V:119 H:51 
C062F7 $26 $2E         ROL $2E [00002E] = $0000        A:0166 X:00A4 Y:00A4 S:033F D:0000 DB:7E P:nvmxdIzc V:119 H:54 
C062F9 $0A             ASL                             A:0166 X:00A4 Y:00A4 S:033F D:0000 DB:7E P:nvmxdIZc V:119 H:67 
C062FA $26 $2E         ROL $2E [00002E] = $0000        A:02CC X:00A4 Y:00A4 S:033F D:0000 DB:7E P:nvmxdIzc V:119 H:70 
C062FC $0A             ASL                             A:02CC X:00A4 Y:00A4 S:033F D:0000 DB:7E P:nvmxdIZc V:119 H:82 
C062FD $26 $2E         ROL $2E [00002E] = $0000        A:0598 X:00A4 Y:00A4 S:033F D:0000 DB:7E P:nvmxdIzc V:119 H:85 
C062FF $0A             ASL                             A:0598 X:00A4 Y:00A4 S:033F D:0000 DB:7E P:nvmxdIZc V:119 H:98 
C06300 $26 $2E         ROL $2E [00002E] = $0000        A:0B30 X:00A4 Y:00A4 S:033F D:0000 DB:7E P:nvmxdIzc V:119 H:101
C06302 $18             CLC                             A:0B30 X:00A4 Y:00A4 S:033F D:0000 DB:7E P:nvmxdIZc V:119 H:113
C06303 $69 $A0 $8E     ADC #$8EA0                      A:0B30 X:00A4 Y:00A4 S:033F D:0000 DB:7E P:nvmxdIZc V:119 H:116
C06306 $99 $AE $8B     STA $8BAE,Y [7E8C52] = $E840    A:99D0 X:00A4 Y:00A4 S:033F D:0000 DB:7E P:NvmxdIzc V:119 H:121
C06309 $A5 $2E         LDA $2E [00002E] = $0000        A:99D0 X:00A4 Y:00A4 S:033F D:0000 DB:7E P:NvmxdIzc V:119 H:131
C0630B $69 $E3 $00     ADC #$00E3                      A:0000 X:00A4 Y:00A4 S:033F D:0000 DB:7E P:nvmxdIZc V:119 H:148
C0630E $99 $AE $8D     STA $8DAE,Y [7E8E52] = $00D0    A:00E3 X:00A4 Y:00A4 S:033F D:0000 DB:7E P:nvmxdIzc V:119 H:152
C06311 $A9 $10 $00     LDA #$0010                      A:00E3 X:00A4 Y:00A4 S:033F D:0000 DB:7E P:nvmxdIzc V:119 H:162
C06314 $99 $AE $91     STA $91AE,Y [7E9252] = $0020    A:0010 X:00A4 Y:00A4 S:033F D:0000 DB:7E P:nvmxdIzc V:119 H:167
C06317 $8A             TXA                             A:0010 X:00A4 Y:00A4 S:033F D:0000 DB:7E P:nvmxdIzc V:119 H:177
C06318 $0A             ASL                             A:00A4 X:00A4 Y:00A4 S:033F D:0000 DB:7E P:nvmxdIzc V:119 H:180
C06319 $0A             ASL                             A:0148 X:00A4 Y:00A4 S:033F D:0000 DB:7E P:nvmxdIzc V:119 H:183
C0631A $18             CLC                             A:0290 X:00A4 Y:00A4 S:033F D:0000 DB:7E P:nvmxdIzc V:119 H:186
C0631B $6D $DF $99     ADC $99DF [7E99DF] = $4000      A:0290 X:00A4 Y:00A4 S:033F D:0000 DB:7E P:nvmxdIzc V:119 H:189
C0631E $99 $AE $8F     STA $8FAE,Y [7E9052] = $0520    A:4290 X:00A4 Y:00A4 S:033F D:0000 DB:7E P:nvmxdIzc V:119 H:197
C06321 $EE $AE $93     INC $93AE [7E93AE] = $00A4      A:4290 X:00A4 Y:00A4 S:033F D:0000 DB:7E P:nvmxdIzc V:119 H:207
C06324 $EE $AE $93     INC $93AE [7E93AE] = $00A5      A:4290 X:00A4 Y:00A4 S:033F D:0000 DB:7E P:nvmxdIzc V:119 H:221
C06327 $E8             INX                             A:4290 X:00A4 Y:00A4 S:033F D:0000 DB:7E P:nvmxdIzc V:119 H:235
C06328 $E8             INX                             A:4290 X:00A5 Y:00A4 S:033F D:0000 DB:7E P:nvmxdIzc V:119 H:238
C06329 $E6 $2A         INC $2A [00002A] = $0052        A:4290 X:00A6 Y:00A4 S:033F D:0000 DB:7E P:nvmxdIzc V:119 H:241
C0632B $CE $7A $96     DEC $967A [7E967A] = $0023      A:4290 X:00A6 Y:00A4 S:033F D:0000 DB:7E P:nvmxdIzc V:119 H:254
C0632E $D0 $A9         BNE $C062D9                     A:4290 X:00A6 Y:00A4 S:033F D:0000 DB:7E P:nvmxdIzc V:119 H:268
C062D9 $A5 $2A         LDA $2A [00002A] = $0053        A:4290 X:00A6 Y:00A4 S:033F D:0000 DB:7E P:nvmxdIzc V:119 H:272
C062DB $CF $4E $B7 $7F CMP $7FB74E                     A:0053 X:00A6 Y:00A4 S:033F D:0000 DB:7E P:nvmxdIzc V:119 H:319
C062DF $B0 $08         BCS $C062E9                     A:0053 X:00A6 Y:00A4 S:033F D:0000 DB:7E P:NvmxdIzc V:119 H:328
C062E1 $AC $AE $93     LDY $93AE [7E93AE] = $00A6      A:0053 X:00A6 Y:00A4 S:033F D:0000 DB:7E P:NvmxdIzc V:119 H:331
C062E4 $C0 $00 $02     CPY #$0200                      A:0053 X:00A6 Y:00A6 S:033F D:0000 DB:7E P:nvmxdIzc V:120 H:0  
C062E7 $90 $06         BCC $C062EF                     A:0053 X:00A6 Y:00A6 S:033F D:0000 DB:7E P:NvmxdIzc V:120 H:4  
C062EF $AC $AE $93     LDY $93AE [7E93AE] = $00A6      A:0053 X:00A6 Y:00A6 S:033F D:0000 DB:7E P:NvmxdIzc V:120 H:9  
C062F2 $BF $EA $AE $7F LDA $7FAEEA,X [7FAF90] = $00B4  A:0053 X:00A6 Y:00A6 S:033F D:0000 DB:7E P:nvmxdIzc V:120 H:17 
C062F6 $0A             ASL                             A:00B4 X:00A6 Y:00A6 S:033F D:0000 DB:7E P:nvmxdIzc V:120 H:27 
C062F7 $26 $2E         ROL $2E [00002E] = $0000        A:0168 X:00A6 Y:00A6 S:033F D:0000 DB:7E P:nvmxdIzc V:120 H:30 
C062F9 $0A             ASL                             A:0168 X:00A6 Y:00A6 S:033F D:0000 DB:7E P:nvmxdIZc V:120 H:43 
C062FA $26 $2E         ROL $2E [00002E] = $0000        A:02D0 X:00A6 Y:00A6 S:033F D:0000 DB:7E P:nvmxdIzc V:120 H:46 
C062FC $0A             ASL                             A:02D0 X:00A6 Y:00A6 S:033F D:0000 DB:7E P:nvmxdIZc V:120 H:58 
C062FD $26 $2E         ROL $2E [00002E] = $0000        A:05A0 X:00A6 Y:00A6 S:033F D:0000 DB:7E P:nvmxdIzc V:120 H:61 
C062FF $0A             ASL                             A:05A0 X:00A6 Y:00A6 S:033F D:0000 DB:7E P:nvmxdIZc V:120 H:74 
C06300 $26 $2E         ROL $2E [00002E] = $0000        A:0B40 X:00A6 Y:00A6 S:033F D:0000 DB:7E P:nvmxdIzc V:120 H:77 
C06302 $18             CLC                             A:0B40 X:00A6 Y:00A6 S:033F D:0000 DB:7E P:nvmxdIZc V:120 H:89 
C06303 $69 $A0 $8E     ADC #$8EA0                      A:0B40 X:00A6 Y:00A6 S:033F D:0000 DB:7E P:nvmxdIZc V:120 H:92 
C06306 $99 $AE $8B     STA $8BAE,Y [7E8C54] = $E860    A:99E0 X:00A6 Y:00A6 S:033F D:0000 DB:7E P:NvmxdIzc V:120 H:97 
C06309 $A5 $2E         LDA $2E [00002E] = $0000        A:99E0 X:00A6 Y:00A6 S:033F D:0000 DB:7E P:NvmxdIzc V:120 H:107
C0630B $69 $E3 $00     ADC #$00E3                      A:0000 X:00A6 Y:00A6 S:033F D:0000 DB:7E P:nvmxdIZc V:120 H:114
C0630E $99 $AE $8D     STA $8DAE,Y [7E8E54] = $00D0    A:00E3 X:00A6 Y:00A6 S:033F D:0000 DB:7E P:nvmxdIzc V:120 H:118
C06311 $A9 $10 $00     LDA #$0010                      A:00E3 X:00A6 Y:00A6 S:033F D:0000 DB:7E P:nvmxdIzc V:120 H:128
C06314 $99 $AE $91     STA $91AE,Y [7E9254] = $0020    A:0010 X:00A6 Y:00A6 S:033F D:0000 DB:7E P:nvmxdIzc V:120 H:133
C06317 $8A             TXA                             A:0010 X:00A6 Y:00A6 S:033F D:0000 DB:7E P:nvmxdIzc V:120 H:153
C06318 $0A             ASL                             A:00A6 X:00A6 Y:00A6 S:033F D:0000 DB:7E P:nvmxdIzc V:120 H:156
C06319 $0A             ASL                             A:014C X:00A6 Y:00A6 S:033F D:0000 DB:7E P:nvmxdIzc V:120 H:159
C0631A $18             CLC                             A:0298 X:00A6 Y:00A6 S:033F D:0000 DB:7E P:nvmxdIzc V:120 H:162
C0631B $6D $DF $99     ADC $99DF [7E99DF] = $4000      A:0298 X:00A6 Y:00A6 S:033F D:0000 DB:7E P:nvmxdIzc V:120 H:165
C0631E $99 $AE $8F     STA $8FAE,Y [7E9054] = $0530    A:4298 X:00A6 Y:00A6 S:033F D:0000 DB:7E P:nvmxdIzc V:120 H:173
C06321 $EE $AE $93     INC $93AE [7E93AE] = $00A6      A:4298 X:00A6 Y:00A6 S:033F D:0000 DB:7E P:nvmxdIzc V:120 H:183
C06324 $EE $AE $93     INC $93AE [7E93AE] = $00A7      A:4298 X:00A6 Y:00A6 S:033F D:0000 DB:7E P:nvmxdIzc V:120 H:197
C06327 $E8             INX                             A:4298 X:00A6 Y:00A6 S:033F D:0000 DB:7E P:nvmxdIzc V:120 H:211
C06328 $E8             INX                             A:4298 X:00A7 Y:00A6 S:033F D:0000 DB:7E P:nvmxdIzc V:120 H:214
C06329 $E6 $2A         INC $2A [00002A] = $0053        A:4298 X:00A8 Y:00A6 S:033F D:0000 DB:7E P:nvmxdIzc V:120 H:217
C0632B $CE $7A $96     DEC $967A [7E967A] = $0022      A:4298 X:00A8 Y:00A6 S:033F D:0000 DB:7E P:nvmxdIzc V:120 H:230
C0632E $D0 $A9         BNE $C062D9                     A:4298 X:00A8 Y:00A6 S:033F D:0000 DB:7E P:nvmxdIzc V:120 H:244
C062D9 $A5 $2A         LDA $2A [00002A] = $0054        A:4298 X:00A8 Y:00A6 S:033F D:0000 DB:7E P:nvmxdIzc V:120 H:248
C062DB $CF $4E $B7 $7F CMP $7FB74E                     A:0054 X:00A8 Y:00A6 S:033F D:0000 DB:7E P:nvmxdIzc V:120 H:255
C062DF $B0 $08         BCS $C062E9                     A:0054 X:00A8 Y:00A6 S:033F D:0000 DB:7E P:NvmxdIzc V:120 H:265
C062E1 $AC $AE $93     LDY $93AE [7E93AE] = $00A8      A:0054 X:00A8 Y:00A6 S:033F D:0000 DB:7E P:NvmxdIzc V:120 H:268
C062E4 $C0 $00 $02     CPY #$0200                      A:0054 X:00A8 Y:00A8 S:033F D:0000 DB:7E P:nvmxdIzc V:120 H:319
C062E7 $90 $06         BCC $C062EF                     A:0054 X:00A8 Y:00A8 S:033F D:0000 DB:7E P:NvmxdIzc V:120 H:323
C062EF $AC $AE $93     LDY $93AE [7E93AE] = $00A8      A:0054 X:00A8 Y:00A8 S:033F D:0000 DB:7E P:NvmxdIzc V:120 H:327
C062F2 $BF $EA $AE $7F LDA $7FAEEA,X [7FAF92] = $00B5  A:0054 X:00A8 Y:00A8 S:033F D:0000 DB:7E P:nvmxdIzc V:120 H:335
C062F6 $0A             ASL                             A:00B5 X:00A8 Y:00A8 S:033F D:0000 DB:7E P:nvmxdIzc V:121 H:5  
C062F7 $26 $2E         ROL $2E [00002E] = $0000        A:016A X:00A8 Y:00A8 S:033F D:0000 DB:7E P:nvmxdIzc V:121 H:8  
C062F9 $0A             ASL                             A:016A X:00A8 Y:00A8 S:033F D:0000 DB:7E P:nvmxdIZc V:121 H:21 
C062FA $26 $2E         ROL $2E [00002E] = $0000        A:02D4 X:00A8 Y:00A8 S:033F D:0000 DB:7E P:nvmxdIzc V:121 H:24 
C062FC $0A             ASL                             A:02D4 X:00A8 Y:00A8 S:033F D:0000 DB:7E P:nvmxdIZc V:121 H:36 
C062FD $26 $2E         ROL $2E [00002E] = $0000        A:05A8 X:00A8 Y:00A8 S:033F D:0000 DB:7E P:nvmxdIzc V:121 H:39 
C062FF $0A             ASL                             A:05A8 X:00A8 Y:00A8 S:033F D:0000 DB:7E P:nvmxdIZc V:121 H:52 
C06300 $26 $2E         ROL $2E [00002E] = $0000        A:0B50 X:00A8 Y:00A8 S:033F D:0000 DB:7E P:nvmxdIzc V:121 H:55 
C06302 $18             CLC                             A:0B50 X:00A8 Y:00A8 S:033F D:0000 DB:7E P:nvmxdIZc V:121 H:67 
C06303 $69 $A0 $8E     ADC #$8EA0                      A:0B50 X:00A8 Y:00A8 S:033F D:0000 DB:7E P:nvmxdIZc V:121 H:70 
C06306 $99 $AE $8B     STA $8BAE,Y [7E8C56] = $E880    A:99F0 X:00A8 Y:00A8 S:033F D:0000 DB:7E P:NvmxdIzc V:121 H:75 
C06309 $A5 $2E         LDA $2E [00002E] = $0000        A:99F0 X:00A8 Y:00A8 S:033F D:0000 DB:7E P:NvmxdIzc V:121 H:85 
C0630B $69 $E3 $00     ADC #$00E3                      A:0000 X:00A8 Y:00A8 S:033F D:0000 DB:7E P:nvmxdIZc V:121 H:92 
C0630E $99 $AE $8D     STA $8DAE,Y [7E8E56] = $00D0    A:00E3 X:00A8 Y:00A8 S:033F D:0000 DB:7E P:nvmxdIzc V:121 H:96 
C06311 $A9 $10 $00     LDA #$0010                      A:00E3 X:00A8 Y:00A8 S:033F D:0000 DB:7E P:nvmxdIzc V:121 H:106
C06314 $99 $AE $91     STA $91AE,Y [7E9256] = $0020    A:0010 X:00A8 Y:00A8 S:033F D:0000 DB:7E P:nvmxdIzc V:121 H:111
C06317 $8A             TXA                             A:0010 X:00A8 Y:00A8 S:033F D:0000 DB:7E P:nvmxdIzc V:121 H:121
C06318 $0A             ASL                             A:00A8 X:00A8 Y:00A8 S:033F D:0000 DB:7E P:nvmxdIzc V:121 H:124
C06319 $0A             ASL                             A:0150 X:00A8 Y:00A8 S:033F D:0000 DB:7E P:nvmxdIzc V:121 H:127
C0631A $18             CLC                             A:02A0 X:00A8 Y:00A8 S:033F D:0000 DB:7E P:nvmxdIzc V:121 H:130
C0631B $6D $DF $99     ADC $99DF [7E99DF] = $4000      A:02A0 X:00A8 Y:00A8 S:033F D:0000 DB:7E P:nvmxdIzc V:121 H:133
C0631E $99 $AE $8F     STA $8FAE,Y [7E9056] = $0540    A:42A0 X:00A8 Y:00A8 S:033F D:0000 DB:7E P:nvmxdIzc V:121 H:151
C06321 $EE $AE $93     INC $93AE [7E93AE] = $00A8      A:42A0 X:00A8 Y:00A8 S:033F D:0000 DB:7E P:nvmxdIzc V:121 H:161
C06324 $EE $AE $93     INC $93AE [7E93AE] = $00A9      A:42A0 X:00A8 Y:00A8 S:033F D:0000 DB:7E P:nvmxdIzc V:121 H:175
C06327 $E8             INX                             A:42A0 X:00A8 Y:00A8 S:033F D:0000 DB:7E P:nvmxdIzc V:121 H:189
C06328 $E8             INX                             A:42A0 X:00A9 Y:00A8 S:033F D:0000 DB:7E P:nvmxdIzc V:121 H:192
C06329 $E6 $2A         INC $2A [00002A] = $0054        A:42A0 X:00AA Y:00A8 S:033F D:0000 DB:7E P:nvmxdIzc V:121 H:195
C0632B $CE $7A $96     DEC $967A [7E967A] = $0021      A:42A0 X:00AA Y:00A8 S:033F D:0000 DB:7E P:nvmxdIzc V:121 H:208
C0632E $D0 $A9         BNE $C062D9                     A:42A0 X:00AA Y:00A8 S:033F D:0000 DB:7E P:nvmxdIzc V:121 H:222
C062D9 $A5 $2A         LDA $2A [00002A] = $0055        A:42A0 X:00AA Y:00A8 S:033F D:0000 DB:7E P:nvmxdIzc V:121 H:226
C062DB $CF $4E $B7 $7F CMP $7FB74E                     A:0055 X:00AA Y:00A8 S:033F D:0000 DB:7E P:nvmxdIzc V:121 H:233
C062DF $B0 $08         BCS $C062E9                     A:0055 X:00AA Y:00A8 S:033F D:0000 DB:7E P:NvmxdIzc V:121 H:243
C062E1 $AC $AE $93     LDY $93AE [7E93AE] = $00AA      A:0055 X:00AA Y:00A8 S:033F D:0000 DB:7E P:NvmxdIzc V:121 H:246
C062E4 $C0 $00 $02     CPY #$0200                      A:0055 X:00AA Y:00AA S:033F D:0000 DB:7E P:nvmxdIzc V:121 H:255
C062E7 $90 $06         BCC $C062EF                     A:0055 X:00AA Y:00AA S:033F D:0000 DB:7E P:NvmxdIzc V:121 H:259
C062EF $AC $AE $93     LDY $93AE [7E93AE] = $00AA      A:0055 X:00AA Y:00AA S:033F D:0000 DB:7E P:NvmxdIzc V:121 H:264
C062F2 $BF $EA $AE $7F LDA $7FAEEA,X [7FAF94] = $0001  A:0055 X:00AA Y:00AA S:033F D:0000 DB:7E P:nvmxdIzc V:121 H:272
C062F6 $0A             ASL                             A:0001 X:00AA Y:00AA S:033F D:0000 DB:7E P:nvmxdIzc V:121 H:299
C062F7 $26 $2E         ROL $2E [00002E] = $0000        A:0002 X:00AA Y:00AA S:033F D:0000 DB:7E P:nvmxdIzc V:121 H:302
C062F9 $0A             ASL                             A:0002 X:00AA Y:00AA S:033F D:0000 DB:7E P:nvmxdIZc V:121 H:314
C062FA $26 $2E         ROL $2E [00002E] = $0000        A:0004 X:00AA Y:00AA S:033F D:0000 DB:7E P:nvmxdIzc V:121 H:317
C062FC $0A             ASL                             A:0004 X:00AA Y:00AA S:033F D:0000 DB:7E P:nvmxdIZc V:121 H:329
C062FD $26 $2E         ROL $2E [00002E] = $0000        A:0008 X:00AA Y:00AA S:033F D:0000 DB:7E P:nvmxdIzc V:121 H:332
C062FF $0A             ASL                             A:0008 X:00AA Y:00AA S:033F D:0000 DB:7E P:nvmxdIZc V:122 H:4  
C06300 $26 $2E         ROL $2E [00002E] = $0000        A:0010 X:00AA Y:00AA S:033F D:0000 DB:7E P:nvmxdIzc V:122 H:7  
C06302 $18             CLC                             A:0010 X:00AA Y:00AA S:033F D:0000 DB:7E P:nvmxdIZc V:122 H:20 
C06303 $69 $A0 $8E     ADC #$8EA0                      A:0010 X:00AA Y:00AA S:033F D:0000 DB:7E P:nvmxdIZc V:122 H:23 
C06306 $99 $AE $8B     STA $8BAE,Y [7E8C58] = $E8A0    A:8EB0 X:00AA Y:00AA S:033F D:0000 DB:7E P:NvmxdIzc V:122 H:27 
C06309 $A5 $2E         LDA $2E [00002E] = $0000        A:8EB0 X:00AA Y:00AA S:033F D:0000 DB:7E P:NvmxdIzc V:122 H:37 
C0630B $69 $E3 $00     ADC #$00E3                      A:0000 X:00AA Y:00AA S:033F D:0000 DB:7E P:nvmxdIZc V:122 H:44 
C0630E $99 $AE $8D     STA $8DAE,Y [7E8E58] = $00D0    A:00E3 X:00AA Y:00AA S:033F D:0000 DB:7E P:nvmxdIzc V:122 H:49 
C06311 $A9 $10 $00     LDA #$0010                      A:00E3 X:00AA Y:00AA S:033F D:0000 DB:7E P:nvmxdIzc V:122 H:59 
C06314 $99 $AE $91     STA $91AE,Y [7E9258] = $0020    A:0010 X:00AA Y:00AA S:033F D:0000 DB:7E P:nvmxdIzc V:122 H:63 
C06317 $8A             TXA                             A:0010 X:00AA Y:00AA S:033F D:0000 DB:7E P:nvmxdIzc V:122 H:73 
C06318 $0A             ASL                             A:00AA X:00AA Y:00AA S:033F D:0000 DB:7E P:nvmxdIzc V:122 H:76 
C06319 $0A             ASL                             A:0154 X:00AA Y:00AA S:033F D:0000 DB:7E P:nvmxdIzc V:122 H:79 
C0631A $18             CLC                             A:02A8 X:00AA Y:00AA S:033F D:0000 DB:7E P:nvmxdIzc V:122 H:82 
C0631B $6D $DF $99     ADC $99DF [7E99DF] = $4000      A:02A8 X:00AA Y:00AA S:033F D:0000 DB:7E P:nvmxdIzc V:122 H:85 
C0631E $99 $AE $8F     STA $8FAE,Y [7E9058] = $0550    A:42A8 X:00AA Y:00AA S:033F D:0000 DB:7E P:nvmxdIzc V:122 H:94 
C06321 $EE $AE $93     INC $93AE [7E93AE] = $00AA      A:42A8 X:00AA Y:00AA S:033F D:0000 DB:7E P:nvmxdIzc V:122 H:104
C06324 $EE $AE $93     INC $93AE [7E93AE] = $00AB      A:42A8 X:00AA Y:00AA S:033F D:0000 DB:7E P:nvmxdIzc V:122 H:118
C06327 $E8             INX                             A:42A8 X:00AA Y:00AA S:033F D:0000 DB:7E P:nvmxdIzc V:122 H:132
C06328 $E8             INX                             A:42A8 X:00AB Y:00AA S:033F D:0000 DB:7E P:nvmxdIzc V:122 H:145
C06329 $E6 $2A         INC $2A [00002A] = $0055        A:42A8 X:00AC Y:00AA S:033F D:0000 DB:7E P:nvmxdIzc V:122 H:148
C0632B $CE $7A $96     DEC $967A [7E967A] = $0020      A:42A8 X:00AC Y:00AA S:033F D:0000 DB:7E P:nvmxdIzc V:122 H:160
C0632E $D0 $A9         BNE $C062D9                     A:42A8 X:00AC Y:00AA S:033F D:0000 DB:7E P:nvmxdIzc V:122 H:174
C062D9 $A5 $2A         LDA $2A [00002A] = $0056        A:42A8 X:00AC Y:00AA S:033F D:0000 DB:7E P:nvmxdIzc V:122 H:179
C062DB $CF $4E $B7 $7F CMP $7FB74E                     A:0056 X:00AC Y:00AA S:033F D:0000 DB:7E P:nvmxdIzc V:122 H:186
C062DF $B0 $08         BCS $C062E9                     A:0056 X:00AC Y:00AA S:033F D:0000 DB:7E P:NvmxdIzc V:122 H:196
C062E1 $AC $AE $93     LDY $93AE [7E93AE] = $00AC      A:0056 X:00AC Y:00AA S:033F D:0000 DB:7E P:NvmxdIzc V:122 H:199
C062E4 $C0 $00 $02     CPY #$0200                      A:0056 X:00AC Y:00AC S:033F D:0000 DB:7E P:nvmxdIzc V:122 H:207
C062E7 $90 $06         BCC $C062EF                     A:0056 X:00AC Y:00AC S:033F D:0000 DB:7E P:NvmxdIzc V:122 H:212
C062EF $AC $AE $93     LDY $93AE [7E93AE] = $00AC      A:0056 X:00AC Y:00AC S:033F D:0000 DB:7E P:NvmxdIzc V:122 H:216
C062F2 $BF $EA $AE $7F LDA $7FAEEA,X [7FAF96] = $00B6  A:0056 X:00AC Y:00AC S:033F D:0000 DB:7E P:nvmxdIzc V:122 H:225
C062F6 $0A             ASL                             A:00B6 X:00AC Y:00AC S:033F D:0000 DB:7E P:nvmxdIzc V:122 H:235
C062F7 $26 $2E         ROL $2E [00002E] = $0000        A:016C X:00AC Y:00AC S:033F D:0000 DB:7E P:nvmxdIzc V:122 H:238
C062F9 $0A             ASL                             A:016C X:00AC Y:00AC S:033F D:0000 DB:7E P:nvmxdIZc V:122 H:250
C062FA $26 $2E         ROL $2E [00002E] = $0000        A:02D8 X:00AC Y:00AC S:033F D:0000 DB:7E P:nvmxdIzc V:122 H:253
C062FC $0A             ASL                             A:02D8 X:00AC Y:00AC S:033F D:0000 DB:7E P:nvmxdIZc V:122 H:266
C062FD $26 $2E         ROL $2E [00002E] = $0000        A:05B0 X:00AC Y:00AC S:033F D:0000 DB:7E P:nvmxdIzc V:122 H:269
C062FF $0A             ASL                             A:05B0 X:00AC Y:00AC S:033F D:0000 DB:7E P:nvmxdIZc V:122 H:299
C06300 $26 $2E         ROL $2E [00002E] = $0000        A:0B60 X:00AC Y:00AC S:033F D:0000 DB:7E P:nvmxdIzc V:122 H:302
C06302 $18             CLC                             A:0B60 X:00AC Y:00AC S:033F D:0000 DB:7E P:nvmxdIZc V:122 H:315
C06303 $69 $A0 $8E     ADC #$8EA0                      A:0B60 X:00AC Y:00AC S:033F D:0000 DB:7E P:nvmxdIZc V:122 H:318
C06306 $99 $AE $8B     STA $8BAE,Y [7E8C5A] = $E8C0    A:9A00 X:00AC Y:00AC S:033F D:0000 DB:7E P:NvmxdIzc V:122 H:322
C06309 $A5 $2E         LDA $2E [00002E] = $0000        A:9A00 X:00AC Y:00AC S:033F D:0000 DB:7E P:NvmxdIzc V:122 H:331
C0630B $69 $E3 $00     ADC #$00E3                      A:0000 X:00AC Y:00AC S:033F D:0000 DB:7E P:nvmxdIZc V:122 H:338
C0630E $99 $AE $8D     STA $8DAE,Y [7E8E5A] = $00D0    A:00E3 X:00AC Y:00AC S:033F D:0000 DB:7E P:nvmxdIzc V:123 H:3  
C06311 $A9 $10 $00     LDA #$0010                      A:00E3 X:00AC Y:00AC S:033F D:0000 DB:7E P:nvmxdIzc V:123 H:13 
C06314 $99 $AE $91     STA $91AE,Y [7E925A] = $0020    A:0010 X:00AC Y:00AC S:033F D:0000 DB:7E P:nvmxdIzc V:123 H:17 
C06317 $8A             TXA                             A:0010 X:00AC Y:00AC S:033F D:0000 DB:7E P:nvmxdIzc V:123 H:27 
C06318 $0A             ASL                             A:00AC X:00AC Y:00AC S:033F D:0000 DB:7E P:nvmxdIzc V:123 H:30 
C06319 $0A             ASL                             A:0158 X:00AC Y:00AC S:033F D:0000 DB:7E P:nvmxdIzc V:123 H:33 
C0631A $18             CLC                             A:02B0 X:00AC Y:00AC S:033F D:0000 DB:7E P:nvmxdIzc V:123 H:36 
C0631B $6D $DF $99     ADC $99DF [7E99DF] = $4000      A:02B0 X:00AC Y:00AC S:033F D:0000 DB:7E P:nvmxdIzc V:123 H:39 
C0631E $99 $AE $8F     STA $8FAE,Y [7E905A] = $0560    A:42B0 X:00AC Y:00AC S:033F D:0000 DB:7E P:nvmxdIzc V:123 H:48 
C06321 $EE $AE $93     INC $93AE [7E93AE] = $00AC      A:42B0 X:00AC Y:00AC S:033F D:0000 DB:7E P:nvmxdIzc V:123 H:58 
C06324 $EE $AE $93     INC $93AE [7E93AE] = $00AD      A:42B0 X:00AC Y:00AC S:033F D:0000 DB:7E P:nvmxdIzc V:123 H:72 
C06327 $E8             INX                             A:42B0 X:00AC Y:00AC S:033F D:0000 DB:7E P:nvmxdIzc V:123 H:86 
C06328 $E8             INX                             A:42B0 X:00AD Y:00AC S:033F D:0000 DB:7E P:nvmxdIzc V:123 H:89 
C06329 $E6 $2A         INC $2A [00002A] = $0056        A:42B0 X:00AE Y:00AC S:033F D:0000 DB:7E P:nvmxdIzc V:123 H:92 
C0632B $CE $7A $96     DEC $967A [7E967A] = $001F      A:42B0 X:00AE Y:00AC S:033F D:0000 DB:7E P:nvmxdIzc V:123 H:104
C0632E $D0 $A9         BNE $C062D9                     A:42B0 X:00AE Y:00AC S:033F D:0000 DB:7E P:nvmxdIzc V:123 H:118
C062D9 $A5 $2A         LDA $2A [00002A] = $0057        A:42B0 X:00AE Y:00AC S:033F D:0000 DB:7E P:nvmxdIzc V:123 H:123
C062DB $CF $4E $B7 $7F CMP $7FB74E                     A:0057 X:00AE Y:00AC S:033F D:0000 DB:7E P:nvmxdIzc V:123 H:130
C062DF $B0 $08         BCS $C062E9                     A:0057 X:00AE Y:00AC S:033F D:0000 DB:7E P:NvmxdIzc V:123 H:150
C062E1 $AC $AE $93     LDY $93AE [7E93AE] = $00AE      A:0057 X:00AE Y:00AC S:033F D:0000 DB:7E P:NvmxdIzc V:123 H:153
C062E4 $C0 $00 $02     CPY #$0200                      A:0057 X:00AE Y:00AE S:033F D:0000 DB:7E P:nvmxdIzc V:123 H:161
C062E7 $90 $06         BCC $C062EF                     A:0057 X:00AE Y:00AE S:033F D:0000 DB:7E P:NvmxdIzc V:123 H:166
C062EF $AC $AE $93     LDY $93AE [7E93AE] = $00AE      A:0057 X:00AE Y:00AE S:033F D:0000 DB:7E P:NvmxdIzc V:123 H:170
C062F2 $BF $EA $AE $7F LDA $7FAEEA,X [7FAF98] = $00B7  A:0057 X:00AE Y:00AE S:033F D:0000 DB:7E P:nvmxdIzc V:123 H:179
C062F6 $0A             ASL                             A:00B7 X:00AE Y:00AE S:033F D:0000 DB:7E P:nvmxdIzc V:123 H:189
C062F7 $26 $2E         ROL $2E [00002E] = $0000        A:016E X:00AE Y:00AE S:033F D:0000 DB:7E P:nvmxdIzc V:123 H:192
C062F9 $0A             ASL                             A:016E X:00AE Y:00AE S:033F D:0000 DB:7E P:nvmxdIZc V:123 H:204
C062FA $26 $2E         ROL $2E [00002E] = $0000        A:02DC X:00AE Y:00AE S:033F D:0000 DB:7E P:nvmxdIzc V:123 H:207
C062FC $0A             ASL                             A:02DC X:00AE Y:00AE S:033F D:0000 DB:7E P:nvmxdIZc V:123 H:220
C062FD $26 $2E         ROL $2E [00002E] = $0000        A:05B8 X:00AE Y:00AE S:033F D:0000 DB:7E P:nvmxdIzc V:123 H:223
C062FF $0A             ASL                             A:05B8 X:00AE Y:00AE S:033F D:0000 DB:7E P:nvmxdIZc V:123 H:235
C06300 $26 $2E         ROL $2E [00002E] = $0000        A:0B70 X:00AE Y:00AE S:033F D:0000 DB:7E P:nvmxdIzc V:123 H:238
C06302 $18             CLC                             A:0B70 X:00AE Y:00AE S:033F D:0000 DB:7E P:nvmxdIZc V:123 H:251
C06303 $69 $A0 $8E     ADC #$8EA0                      A:0B70 X:00AE Y:00AE S:033F D:0000 DB:7E P:nvmxdIZc V:123 H:254
C06306 $99 $AE $8B     STA $8BAE,Y [7E8C5C] = $E8E0    A:9A10 X:00AE Y:00AE S:033F D:0000 DB:7E P:NvmxdIzc V:123 H:258
C06309 $A5 $2E         LDA $2E [00002E] = $0000        A:9A10 X:00AE Y:00AE S:033F D:0000 DB:7E P:NvmxdIzc V:123 H:268
C0630B $69 $E3 $00     ADC #$00E3                      A:0000 X:00AE Y:00AE S:033F D:0000 DB:7E P:nvmxdIZc V:123 H:275
C0630E $99 $AE $8D     STA $8DAE,Y [7E8E5C] = $00D0    A:00E3 X:00AE Y:00AE S:033F D:0000 DB:7E P:nvmxdIzc V:123 H:296
C06311 $A9 $10 $00     LDA #$0010                      A:00E3 X:00AE Y:00AE S:033F D:0000 DB:7E P:nvmxdIzc V:123 H:306
C06314 $99 $AE $91     STA $91AE,Y [7E925C] = $0020    A:0010 X:00AE Y:00AE S:033F D:0000 DB:7E P:nvmxdIzc V:123 H:311
C06317 $8A             TXA                             A:0010 X:00AE Y:00AE S:033F D:0000 DB:7E P:nvmxdIzc V:123 H:321
C06318 $0A             ASL                             A:00AE X:00AE Y:00AE S:033F D:0000 DB:7E P:nvmxdIzc V:123 H:323
C06319 $0A             ASL                             A:015C X:00AE Y:00AE S:033F D:0000 DB:7E P:nvmxdIzc V:123 H:326
C0631A $18             CLC                             A:02B8 X:00AE Y:00AE S:033F D:0000 DB:7E P:nvmxdIzc V:123 H:329
C0631B $6D $DF $99     ADC $99DF [7E99DF] = $4000      A:02B8 X:00AE Y:00AE S:033F D:0000 DB:7E P:nvmxdIzc V:123 H:332
C0631E $99 $AE $8F     STA $8FAE,Y [7E905C] = $0570    A:42B8 X:00AE Y:00AE S:033F D:0000 DB:7E P:nvmxdIzc V:124 H:0  
C06321 $EE $AE $93     INC $93AE [7E93AE] = $00AE      A:42B8 X:00AE Y:00AE S:033F D:0000 DB:7E P:nvmxdIzc V:124 H:10 
C06324 $EE $AE $93     INC $93AE [7E93AE] = $00AF      A:42B8 X:00AE Y:00AE S:033F D:0000 DB:7E P:nvmxdIzc V:124 H:24 
C06327 $E8             INX                             A:42B8 X:00AE Y:00AE S:033F D:0000 DB:7E P:nvmxdIzc V:124 H:38 
C06328 $E8             INX                             A:42B8 X:00AF Y:00AE S:033F D:0000 DB:7E P:nvmxdIzc V:124 H:41 
C06329 $E6 $2A         INC $2A [00002A] = $0057        A:42B8 X:00B0 Y:00AE S:033F D:0000 DB:7E P:nvmxdIzc V:124 H:44 
C0632B $CE $7A $96     DEC $967A [7E967A] = $001E      A:42B8 X:00B0 Y:00AE S:033F D:0000 DB:7E P:nvmxdIzc V:124 H:57 
C0632E $D0 $A9         BNE $C062D9                     A:42B8 X:00B0 Y:00AE S:033F D:0000 DB:7E P:nvmxdIzc V:124 H:71 
C062D9 $A5 $2A         LDA $2A [00002A] = $0058        A:42B8 X:00B0 Y:00AE S:033F D:0000 DB:7E P:nvmxdIzc V:124 H:75 
C062DB $CF $4E $B7 $7F CMP $7FB74E                     A:0058 X:00B0 Y:00AE S:033F D:0000 DB:7E P:nvmxdIzc V:124 H:82 
C062DF $B0 $08         BCS $C062E9                     A:0058 X:00B0 Y:00AE S:033F D:0000 DB:7E P:NvmxdIzc V:124 H:92 
C062E1 $AC $AE $93     LDY $93AE [7E93AE] = $00B0      A:0058 X:00B0 Y:00AE S:033F D:0000 DB:7E P:NvmxdIzc V:124 H:95 
C062E4 $C0 $00 $02     CPY #$0200                      A:0058 X:00B0 Y:00B0 S:033F D:0000 DB:7E P:nvmxdIzc V:124 H:104
C062E7 $90 $06         BCC $C062EF                     A:0058 X:00B0 Y:00B0 S:033F D:0000 DB:7E P:NvmxdIzc V:124 H:108
C062EF $AC $AE $93     LDY $93AE [7E93AE] = $00B0      A:0058 X:00B0 Y:00B0 S:033F D:0000 DB:7E P:NvmxdIzc V:124 H:113
C062F2 $BF $EA $AE $7F LDA $7FAEEA,X [7FAF9A] = $00B8  A:0058 X:00B0 Y:00B0 S:033F D:0000 DB:7E P:nvmxdIzc V:124 H:121
C062F6 $0A             ASL                             A:00B8 X:00B0 Y:00B0 S:033F D:0000 DB:7E P:nvmxdIzc V:124 H:131
C062F7 $26 $2E         ROL $2E [00002E] = $0000        A:0170 X:00B0 Y:00B0 S:033F D:0000 DB:7E P:nvmxdIzc V:124 H:144
C062F9 $0A             ASL                             A:0170 X:00B0 Y:00B0 S:033F D:0000 DB:7E P:nvmxdIZc V:124 H:157
C062FA $26 $2E         ROL $2E [00002E] = $0000        A:02E0 X:00B0 Y:00B0 S:033F D:0000 DB:7E P:nvmxdIzc V:124 H:160
C062FC $0A             ASL                             A:02E0 X:00B0 Y:00B0 S:033F D:0000 DB:7E P:nvmxdIZc V:124 H:172
C062FD $26 $2E         ROL $2E [00002E] = $0000        A:05C0 X:00B0 Y:00B0 S:033F D:0000 DB:7E P:nvmxdIzc V:124 H:175
C062FF $0A             ASL                             A:05C0 X:00B0 Y:00B0 S:033F D:0000 DB:7E P:nvmxdIZc V:124 H:188
C06300 $26 $2E         ROL $2E [00002E] = $0000        A:0B80 X:00B0 Y:00B0 S:033F D:0000 DB:7E P:nvmxdIzc V:124 H:191
C06302 $18             CLC                             A:0B80 X:00B0 Y:00B0 S:033F D:0000 DB:7E P:nvmxdIZc V:124 H:203
C06303 $69 $A0 $8E     ADC #$8EA0                      A:0B80 X:00B0 Y:00B0 S:033F D:0000 DB:7E P:nvmxdIZc V:124 H:206
C06306 $99 $AE $8B     STA $8BAE,Y [7E8C5E] = $E900    A:9A20 X:00B0 Y:00B0 S:033F D:0000 DB:7E P:NvmxdIzc V:124 H:211
C06309 $A5 $2E         LDA $2E [00002E] = $0000        A:9A20 X:00B0 Y:00B0 S:033F D:0000 DB:7E P:NvmxdIzc V:124 H:221
C0630B $69 $E3 $00     ADC #$00E3                      A:0000 X:00B0 Y:00B0 S:033F D:0000 DB:7E P:nvmxdIZc V:124 H:228
C0630E $99 $AE $8D     STA $8DAE,Y [7E8E5E] = $00D0    A:00E3 X:00B0 Y:00B0 S:033F D:0000 DB:7E P:nvmxdIzc V:124 H:232
C06311 $A9 $10 $00     LDA #$0010                      A:00E3 X:00B0 Y:00B0 S:033F D:0000 DB:7E P:nvmxdIzc V:124 H:242
C06314 $99 $AE $91     STA $91AE,Y [7E925E] = $0020    A:0010 X:00B0 Y:00B0 S:033F D:0000 DB:7E P:nvmxdIzc V:124 H:247
C06317 $8A             TXA                             A:0010 X:00B0 Y:00B0 S:033F D:0000 DB:7E P:nvmxdIzc V:124 H:257
C06318 $0A             ASL                             A:00B0 X:00B0 Y:00B0 S:033F D:0000 DB:7E P:nvmxdIzc V:124 H:260
C06319 $0A             ASL                             A:0160 X:00B0 Y:00B0 S:033F D:0000 DB:7E P:nvmxdIzc V:124 H:263
C0631A $18             CLC                             A:02C0 X:00B0 Y:00B0 S:033F D:0000 DB:7E P:nvmxdIzc V:124 H:266
C0631B $6D $DF $99     ADC $99DF [7E99DF] = $4000      A:02C0 X:00B0 Y:00B0 S:033F D:0000 DB:7E P:nvmxdIzc V:124 H:269
C0631E $99 $AE $8F     STA $8FAE,Y [7E905E] = $0580    A:42C0 X:00B0 Y:00B0 S:033F D:0000 DB:7E P:nvmxdIzc V:124 H:294
C06321 $EE $AE $93     INC $93AE [7E93AE] = $00B0      A:42C0 X:00B0 Y:00B0 S:033F D:0000 DB:7E P:nvmxdIzc V:124 H:304
C06324 $EE $AE $93     INC $93AE [7E93AE] = $00B1      A:42C0 X:00B0 Y:00B0 S:033F D:0000 DB:7E P:nvmxdIzc V:124 H:318
C06327 $E8             INX                             A:42C0 X:00B0 Y:00B0 S:033F D:0000 DB:7E P:nvmxdIzc V:124 H:331
C06328 $E8             INX                             A:42C0 X:00B1 Y:00B0 S:033F D:0000 DB:7E P:nvmxdIzc V:124 H:334
C06329 $E6 $2A         INC $2A [00002A] = $0058        A:42C0 X:00B2 Y:00B0 S:033F D:0000 DB:7E P:nvmxdIzc V:124 H:337
C0632B $CE $7A $96     DEC $967A [7E967A] = $001D      A:42C0 X:00B2 Y:00B0 S:033F D:0000 DB:7E P:nvmxdIzc V:125 H:9  
C0632E $D0 $A9         BNE $C062D9                     A:42C0 X:00B2 Y:00B0 S:033F D:0000 DB:7E P:nvmxdIzc V:125 H:23 
C062D9 $A5 $2A         LDA $2A [00002A] = $0059        A:42C0 X:00B2 Y:00B0 S:033F D:0000 DB:7E P:nvmxdIzc V:125 H:28 
C062DB $CF $4E $B7 $7F CMP $7FB74E                     A:0059 X:00B2 Y:00B0 S:033F D:0000 DB:7E P:nvmxdIzc V:125 H:35 
C062DF $B0 $08         BCS $C062E9                     A:0059 X:00B2 Y:00B0 S:033F D:0000 DB:7E P:NvmxdIzc V:125 H:45 
C062E1 $AC $AE $93     LDY $93AE [7E93AE] = $00B2      A:0059 X:00B2 Y:00B0 S:033F D:0000 DB:7E P:NvmxdIzc V:125 H:48 
C062E4 $C0 $00 $02     CPY #$0200                      A:0059 X:00B2 Y:00B2 S:033F D:0000 DB:7E P:nvmxdIzc V:125 H:56 
C062E7 $90 $06         BCC $C062EF                     A:0059 X:00B2 Y:00B2 S:033F D:0000 DB:7E P:NvmxdIzc V:125 H:61 
C062EF $AC $AE $93     LDY $93AE [7E93AE] = $00B2      A:0059 X:00B2 Y:00B2 S:033F D:0000 DB:7E P:NvmxdIzc V:125 H:65 
C062F2 $BF $EA $AE $7F LDA $7FAEEA,X [7FAF9C] = $0033  A:0059 X:00B2 Y:00B2 S:033F D:0000 DB:7E P:nvmxdIzc V:125 H:74 
C062F6 $0A             ASL                             A:0033 X:00B2 Y:00B2 S:033F D:0000 DB:7E P:nvmxdIzc V:125 H:84 
C062F7 $26 $2E         ROL $2E [00002E] = $0000        A:0066 X:00B2 Y:00B2 S:033F D:0000 DB:7E P:nvmxdIzc V:125 H:87 
C062F9 $0A             ASL                             A:0066 X:00B2 Y:00B2 S:033F D:0000 DB:7E P:nvmxdIZc V:125 H:99 
C062FA $26 $2E         ROL $2E [00002E] = $0000        A:00CC X:00B2 Y:00B2 S:033F D:0000 DB:7E P:nvmxdIzc V:125 H:102
C062FC $0A             ASL                             A:00CC X:00B2 Y:00B2 S:033F D:0000 DB:7E P:nvmxdIZc V:125 H:115
C062FD $26 $2E         ROL $2E [00002E] = $0000        A:0198 X:00B2 Y:00B2 S:033F D:0000 DB:7E P:nvmxdIzc V:125 H:118
C062FF $0A             ASL                             A:0198 X:00B2 Y:00B2 S:033F D:0000 DB:7E P:nvmxdIZc V:125 H:130
C06300 $26 $2E         ROL $2E [00002E] = $0000        A:0330 X:00B2 Y:00B2 S:033F D:0000 DB:7E P:nvmxdIzc V:125 H:133
C06302 $18             CLC                             A:0330 X:00B2 Y:00B2 S:033F D:0000 DB:7E P:nvmxdIZc V:125 H:156
C06303 $69 $A0 $8E     ADC #$8EA0                      A:0330 X:00B2 Y:00B2 S:033F D:0000 DB:7E P:nvmxdIZc V:125 H:159
C06306 $99 $AE $8B     STA $8BAE,Y [7E8C60] = $E920    A:91D0 X:00B2 Y:00B2 S:033F D:0000 DB:7E P:NvmxdIzc V:125 H:163
C06309 $A5 $2E         LDA $2E [00002E] = $0000        A:91D0 X:00B2 Y:00B2 S:033F D:0000 DB:7E P:NvmxdIzc V:125 H:173
C0630B $69 $E3 $00     ADC #$00E3                      A:0000 X:00B2 Y:00B2 S:033F D:0000 DB:7E P:nvmxdIZc V:125 H:180
C0630E $99 $AE $8D     STA $8DAE,Y [7E8E60] = $00D0    A:00E3 X:00B2 Y:00B2 S:033F D:0000 DB:7E P:nvmxdIzc V:125 H:185
C06311 $A9 $10 $00     LDA #$0010                      A:00E3 X:00B2 Y:00B2 S:033F D:0000 DB:7E P:nvmxdIzc V:125 H:195
C06314 $99 $AE $91     STA $91AE,Y [7E9260] = $0020    A:0010 X:00B2 Y:00B2 S:033F D:0000 DB:7E P:nvmxdIzc V:125 H:199
C06317 $8A             TXA                             A:0010 X:00B2 Y:00B2 S:033F D:0000 DB:7E P:nvmxdIzc V:125 H:209
C06318 $0A             ASL                             A:00B2 X:00B2 Y:00B2 S:033F D:0000 DB:7E P:nvmxdIzc V:125 H:212
C06319 $0A             ASL                             A:0164 X:00B2 Y:00B2 S:033F D:0000 DB:7E P:nvmxdIzc V:125 H:215
C0631A $18             CLC                             A:02C8 X:00B2 Y:00B2 S:033F D:0000 DB:7E P:nvmxdIzc V:125 H:218
C0631B $6D $DF $99     ADC $99DF [7E99DF] = $4000      A:02C8 X:00B2 Y:00B2 S:033F D:0000 DB:7E P:nvmxdIzc V:125 H:221
C0631E $99 $AE $8F     STA $8FAE,Y [7E9060] = $0590    A:42C8 X:00B2 Y:00B2 S:033F D:0000 DB:7E P:nvmxdIzc V:125 H:230
C06321 $EE $AE $93     INC $93AE [7E93AE] = $00B2      A:42C8 X:00B2 Y:00B2 S:033F D:0000 DB:7E P:nvmxdIzc V:125 H:240
C06324 $EE $AE $93     INC $93AE [7E93AE] = $00B3      A:42C8 X:00B2 Y:00B2 S:033F D:0000 DB:7E P:nvmxdIzc V:125 H:254
C06327 $E8             INX                             A:42C8 X:00B2 Y:00B2 S:033F D:0000 DB:7E P:nvmxdIzc V:125 H:268
C06328 $E8             INX                             A:42C8 X:00B3 Y:00B2 S:033F D:0000 DB:7E P:nvmxdIzc V:125 H:271
C06329 $E6 $2A         INC $2A [00002A] = $0059        A:42C8 X:00B4 Y:00B2 S:033F D:0000 DB:7E P:nvmxdIzc V:125 H:274
C0632B $CE $7A $96     DEC $967A [7E967A] = $001C      A:42C8 X:00B4 Y:00B2 S:033F D:0000 DB:7E P:nvmxdIzc V:125 H:302
C0632E $D0 $A9         BNE $C062D9                     A:42C8 X:00B4 Y:00B2 S:033F D:0000 DB:7E P:nvmxdIzc V:125 H:316
C062D9 $A5 $2A         LDA $2A [00002A] = $005A        A:42C8 X:00B4 Y:00B2 S:033F D:0000 DB:7E P:nvmxdIzc V:125 H:321
C062DB $CF $4E $B7 $7F CMP $7FB74E                     A:005A X:00B4 Y:00B2 S:033F D:0000 DB:7E P:nvmxdIzc V:125 H:327
C062DF $B0 $08         BCS $C062E9                     A:005A X:00B4 Y:00B2 S:033F D:0000 DB:7E P:NvmxdIzc V:125 H:337
C062E1 $AC $AE $93     LDY $93AE [7E93AE] = $00B4      A:005A X:00B4 Y:00B2 S:033F D:0000 DB:7E P:NvmxdIzc V:126 H:0  
C062E4 $C0 $00 $02     CPY #$0200                      A:005A X:00B4 Y:00B4 S:033F D:0000 DB:7E P:nvmxdIzc V:126 H:8  
C062E7 $90 $06         BCC $C062EF                     A:005A X:00B4 Y:00B4 S:033F D:0000 DB:7E P:NvmxdIzc V:126 H:13 
C062EF $AC $AE $93     LDY $93AE [7E93AE] = $00B4      A:005A X:00B4 Y:00B4 S:033F D:0000 DB:7E P:NvmxdIzc V:126 H:17 
C062F2 $BF $EA $AE $7F LDA $7FAEEA,X [7FAF9E] = $00B9  A:005A X:00B4 Y:00B4 S:033F D:0000 DB:7E P:nvmxdIzc V:126 H:26 
C062F6 $0A             ASL                             A:00B9 X:00B4 Y:00B4 S:033F D:0000 DB:7E P:nvmxdIzc V:126 H:36 
C062F7 $26 $2E         ROL $2E [00002E] = $0000        A:0172 X:00B4 Y:00B4 S:033F D:0000 DB:7E P:nvmxdIzc V:126 H:39 
C062F9 $0A             ASL                             A:0172 X:00B4 Y:00B4 S:033F D:0000 DB:7E P:nvmxdIZc V:126 H:51 
C062FA $26 $2E         ROL $2E [00002E] = $0000        A:02E4 X:00B4 Y:00B4 S:033F D:0000 DB:7E P:nvmxdIzc V:126 H:54 
C062FC $0A             ASL                             A:02E4 X:00B4 Y:00B4 S:033F D:0000 DB:7E P:nvmxdIZc V:126 H:67 
C062FD $26 $2E         ROL $2E [00002E] = $0000        A:05C8 X:00B4 Y:00B4 S:033F D:0000 DB:7E P:nvmxdIzc V:126 H:70 
C062FF $0A             ASL                             A:05C8 X:00B4 Y:00B4 S:033F D:0000 DB:7E P:nvmxdIZc V:126 H:82 
C06300 $26 $2E         ROL $2E [00002E] = $0000        A:0B90 X:00B4 Y:00B4 S:033F D:0000 DB:7E P:nvmxdIzc V:126 H:85 
C06302 $18             CLC                             A:0B90 X:00B4 Y:00B4 S:033F D:0000 DB:7E P:nvmxdIZc V:126 H:98 
C06303 $69 $A0 $8E     ADC #$8EA0                      A:0B90 X:00B4 Y:00B4 S:033F D:0000 DB:7E P:nvmxdIZc V:126 H:101
C06306 $99 $AE $8B     STA $8BAE,Y [7E8C62] = $E940    A:9A30 X:00B4 Y:00B4 S:033F D:0000 DB:7E P:NvmxdIzc V:126 H:105
C06309 $A5 $2E         LDA $2E [00002E] = $0000        A:9A30 X:00B4 Y:00B4 S:033F D:0000 DB:7E P:NvmxdIzc V:126 H:115
C0630B $69 $E3 $00     ADC #$00E3                      A:0000 X:00B4 Y:00B4 S:033F D:0000 DB:7E P:nvmxdIZc V:126 H:122
C0630E $99 $AE $8D     STA $8DAE,Y [7E8E62] = $00D0    A:00E3 X:00B4 Y:00B4 S:033F D:0000 DB:7E P:nvmxdIzc V:126 H:127
C06311 $A9 $10 $00     LDA #$0010                      A:00E3 X:00B4 Y:00B4 S:033F D:0000 DB:7E P:nvmxdIzc V:126 H:147
C06314 $99 $AE $91     STA $91AE,Y [7E9262] = $0020    A:0010 X:00B4 Y:00B4 S:033F D:0000 DB:7E P:nvmxdIzc V:126 H:151
C06317 $8A             TXA                             A:0010 X:00B4 Y:00B4 S:033F D:0000 DB:7E P:nvmxdIzc V:126 H:161
C06318 $0A             ASL                             A:00B4 X:00B4 Y:00B4 S:033F D:0000 DB:7E P:nvmxdIzc V:126 H:164
C06319 $0A             ASL                             A:0168 X:00B4 Y:00B4 S:033F D:0000 DB:7E P:nvmxdIzc V:126 H:167
C0631A $18             CLC                             A:02D0 X:00B4 Y:00B4 S:033F D:0000 DB:7E P:nvmxdIzc V:126 H:170
C0631B $6D $DF $99     ADC $99DF [7E99DF] = $4000      A:02D0 X:00B4 Y:00B4 S:033F D:0000 DB:7E P:nvmxdIzc V:126 H:173
C0631E $99 $AE $8F     STA $8FAE,Y [7E9062] = $05A0    A:42D0 X:00B4 Y:00B4 S:033F D:0000 DB:7E P:nvmxdIzc V:126 H:182
C06321 $EE $AE $93     INC $93AE [7E93AE] = $00B4      A:42D0 X:00B4 Y:00B4 S:033F D:0000 DB:7E P:nvmxdIzc V:126 H:192
C06324 $EE $AE $93     INC $93AE [7E93AE] = $00B5      A:42D0 X:00B4 Y:00B4 S:033F D:0000 DB:7E P:nvmxdIzc V:126 H:206
C06327 $E8             INX                             A:42D0 X:00B4 Y:00B4 S:033F D:0000 DB:7E P:nvmxdIzc V:126 H:220
C06328 $E8             INX                             A:42D0 X:00B5 Y:00B4 S:033F D:0000 DB:7E P:nvmxdIzc V:126 H:223
C06329 $E6 $2A         INC $2A [00002A] = $005A        A:42D0 X:00B6 Y:00B4 S:033F D:0000 DB:7E P:nvmxdIzc V:126 H:226
C0632B $CE $7A $96     DEC $967A [7E967A] = $001B      A:42D0 X:00B6 Y:00B4 S:033F D:0000 DB:7E P:nvmxdIzc V:126 H:238
C0632E $D0 $A9         BNE $C062D9                     A:42D0 X:00B6 Y:00B4 S:033F D:0000 DB:7E P:nvmxdIzc V:126 H:252
C062D9 $A5 $2A         LDA $2A [00002A] = $005B        A:42D0 X:00B6 Y:00B4 S:033F D:0000 DB:7E P:nvmxdIzc V:126 H:257
C062DB $CF $4E $B7 $7F CMP $7FB74E                     A:005B X:00B6 Y:00B4 S:033F D:0000 DB:7E P:nvmxdIzc V:126 H:264
C062DF $B0 $08         BCS $C062E9                     A:005B X:00B6 Y:00B4 S:033F D:0000 DB:7E P:NvmxdIzc V:126 H:274
C062E1 $AC $AE $93     LDY $93AE [7E93AE] = $00B6      A:005B X:00B6 Y:00B4 S:033F D:0000 DB:7E P:NvmxdIzc V:126 H:292
C062E4 $C0 $00 $02     CPY #$0200                      A:005B X:00B6 Y:00B6 S:033F D:0000 DB:7E P:nvmxdIzc V:126 H:300
C062E7 $90 $06         BCC $C062EF                     A:005B X:00B6 Y:00B6 S:033F D:0000 DB:7E P:NvmxdIzc V:126 H:305
C062EF $AC $AE $93     LDY $93AE [7E93AE] = $00B6      A:005B X:00B6 Y:00B6 S:033F D:0000 DB:7E P:NvmxdIzc V:126 H:309
C062F2 $BF $EA $AE $7F LDA $7FAEEA,X [7FAFA0] = $00BA  A:005B X:00B6 Y:00B6 S:033F D:0000 DB:7E P:nvmxdIzc V:126 H:318
C062F6 $0A             ASL                             A:00BA X:00B6 Y:00B6 S:033F D:0000 DB:7E P:nvmxdIzc V:126 H:327
C062F7 $26 $2E         ROL $2E [00002E] = $0000        A:0174 X:00B6 Y:00B6 S:033F D:0000 DB:7E P:nvmxdIzc V:126 H:330
C062F9 $0A             ASL                             A:0174 X:00B6 Y:00B6 S:033F D:0000 DB:7E P:nvmxdIZc V:127 H:2  
C062FA $26 $2E         ROL $2E [00002E] = $0000        A:02E8 X:00B6 Y:00B6 S:033F D:0000 DB:7E P:nvmxdIzc V:127 H:5  
C062FC $0A             ASL                             A:02E8 X:00B6 Y:00B6 S:033F D:0000 DB:7E P:nvmxdIZc V:127 H:18 
C062FD $26 $2E         ROL $2E [00002E] = $0000        A:05D0 X:00B6 Y:00B6 S:033F D:0000 DB:7E P:nvmxdIzc V:127 H:21 
C062FF $0A             ASL                             A:05D0 X:00B6 Y:00B6 S:033F D:0000 DB:7E P:nvmxdIZc V:127 H:33 
C06300 $26 $2E         ROL $2E [00002E] = $0000        A:0BA0 X:00B6 Y:00B6 S:033F D:0000 DB:7E P:nvmxdIzc V:127 H:36 
C06302 $18             CLC                             A:0BA0 X:00B6 Y:00B6 S:033F D:0000 DB:7E P:nvmxdIZc V:127 H:49 
C06303 $69 $A0 $8E     ADC #$8EA0                      A:0BA0 X:00B6 Y:00B6 S:033F D:0000 DB:7E P:nvmxdIZc V:127 H:52 
C06306 $99 $AE $8B     STA $8BAE,Y [7E8C64] = $E960    A:9A40 X:00B6 Y:00B6 S:033F D:0000 DB:7E P:NvmxdIzc V:127 H:56 
C06309 $A5 $2E         LDA $2E [00002E] = $0000        A:9A40 X:00B6 Y:00B6 S:033F D:0000 DB:7E P:NvmxdIzc V:127 H:66 
C0630B $69 $E3 $00     ADC #$00E3                      A:0000 X:00B6 Y:00B6 S:033F D:0000 DB:7E P:nvmxdIZc V:127 H:73 
C0630E $99 $AE $8D     STA $8DAE,Y [7E8E64] = $00D0    A:00E3 X:00B6 Y:00B6 S:033F D:0000 DB:7E P:nvmxdIzc V:127 H:78 
C06311 $A9 $10 $00     LDA #$0010                      A:00E3 X:00B6 Y:00B6 S:033F D:0000 DB:7E P:nvmxdIzc V:127 H:88 
C06314 $99 $AE $91     STA $91AE,Y [7E9264] = $0020    A:0010 X:00B6 Y:00B6 S:033F D:0000 DB:7E P:nvmxdIzc V:127 H:92 
C06317 $8A             TXA                             A:0010 X:00B6 Y:00B6 S:033F D:0000 DB:7E P:nvmxdIzc V:127 H:102
C06318 $0A             ASL                             A:00B6 X:00B6 Y:00B6 S:033F D:0000 DB:7E P:nvmxdIzc V:127 H:105
C06319 $0A             ASL                             A:016C X:00B6 Y:00B6 S:033F D:0000 DB:7E P:nvmxdIzc V:127 H:108
C0631A $18             CLC                             A:02D8 X:00B6 Y:00B6 S:033F D:0000 DB:7E P:nvmxdIzc V:127 H:111
C0631B $6D $DF $99     ADC $99DF [7E99DF] = $4000      A:02D8 X:00B6 Y:00B6 S:033F D:0000 DB:7E P:nvmxdIzc V:127 H:114
C0631E $99 $AE $8F     STA $8FAE,Y [7E9064] = $05B0    A:42D8 X:00B6 Y:00B6 S:033F D:0000 DB:7E P:nvmxdIzc V:127 H:123
C06321 $EE $AE $93     INC $93AE [7E93AE] = $00B6      A:42D8 X:00B6 Y:00B6 S:033F D:0000 DB:7E P:nvmxdIzc V:127 H:133
C06324 $EE $AE $93     INC $93AE [7E93AE] = $00B7      A:42D8 X:00B6 Y:00B6 S:033F D:0000 DB:7E P:nvmxdIzc V:127 H:157
C06327 $E8             INX                             A:42D8 X:00B6 Y:00B6 S:033F D:0000 DB:7E P:nvmxdIzc V:127 H:171
C06328 $E8             INX                             A:42D8 X:00B7 Y:00B6 S:033F D:0000 DB:7E P:nvmxdIzc V:127 H:174
C06329 $E6 $2A         INC $2A [00002A] = $005B        A:42D8 X:00B8 Y:00B6 S:033F D:0000 DB:7E P:nvmxdIzc V:127 H:177
C0632B $CE $7A $96     DEC $967A [7E967A] = $001A      A:42D8 X:00B8 Y:00B6 S:033F D:0000 DB:7E P:nvmxdIzc V:127 H:189
C0632E $D0 $A9         BNE $C062D9                     A:42D8 X:00B8 Y:00B6 S:033F D:0000 DB:7E P:nvmxdIzc V:127 H:203
C062D9 $A5 $2A         LDA $2A [00002A] = $005C        A:42D8 X:00B8 Y:00B6 S:033F D:0000 DB:7E P:nvmxdIzc V:127 H:208
C062DB $CF $4E $B7 $7F CMP $7FB74E                     A:005C X:00B8 Y:00B6 S:033F D:0000 DB:7E P:nvmxdIzc V:127 H:215
C062DF $B0 $08         BCS $C062E9                     A:005C X:00B8 Y:00B6 S:033F D:0000 DB:7E P:NvmxdIzc V:127 H:225
C062E1 $AC $AE $93     LDY $93AE [7E93AE] = $00B8      A:005C X:00B8 Y:00B6 S:033F D:0000 DB:7E P:NvmxdIzc V:127 H:228
C062E4 $C0 $00 $02     CPY #$0200                      A:005C X:00B8 Y:00B8 S:033F D:0000 DB:7E P:nvmxdIzc V:127 H:236
C062E7 $90 $06         BCC $C062EF                     A:005C X:00B8 Y:00B8 S:033F D:0000 DB:7E P:NvmxdIzc V:127 H:241
C062EF $AC $AE $93     LDY $93AE [7E93AE] = $00B8      A:005C X:00B8 Y:00B8 S:033F D:0000 DB:7E P:NvmxdIzc V:127 H:245
C062F2 $BF $EA $AE $7F LDA $7FAEEA,X [7FAFA2] = $0032  A:005C X:00B8 Y:00B8 S:033F D:0000 DB:7E P:nvmxdIzc V:127 H:254
C062F6 $0A             ASL                             A:0032 X:00B8 Y:00B8 S:033F D:0000 DB:7E P:nvmxdIzc V:127 H:264
C062F7 $26 $2E         ROL $2E [00002E] = $0000        A:0064 X:00B8 Y:00B8 S:033F D:0000 DB:7E P:nvmxdIzc V:127 H:267
C062F9 $0A             ASL                             A:0064 X:00B8 Y:00B8 S:033F D:0000 DB:7E P:nvmxdIZc V:127 H:319
C062FA $26 $2E         ROL $2E [00002E] = $0000        A:00C8 X:00B8 Y:00B8 S:033F D:0000 DB:7E P:nvmxdIzc V:127 H:322
C062FC $0A             ASL                             A:00C8 X:00B8 Y:00B8 S:033F D:0000 DB:7E P:nvmxdIZc V:127 H:334
C062FD $26 $2E         ROL $2E [00002E] = $0000        A:0190 X:00B8 Y:00B8 S:033F D:0000 DB:7E P:nvmxdIzc V:127 H:337
C062FF $0A             ASL                             A:0190 X:00B8 Y:00B8 S:033F D:0000 DB:7E P:nvmxdIZc V:128 H:9  
C06300 $26 $2E         ROL $2E [00002E] = $0000        A:0320 X:00B8 Y:00B8 S:033F D:0000 DB:7E P:nvmxdIzc V:128 H:12 
C06302 $18             CLC                             A:0320 X:00B8 Y:00B8 S:033F D:0000 DB:7E P:nvmxdIZc V:128 H:25 
C06303 $69 $A0 $8E     ADC #$8EA0                      A:0320 X:00B8 Y:00B8 S:033F D:0000 DB:7E P:nvmxdIZc V:128 H:28 
C06306 $99 $AE $8B     STA $8BAE,Y [7E8C66] = $E980    A:91C0 X:00B8 Y:00B8 S:033F D:0000 DB:7E P:NvmxdIzc V:128 H:32 
C06309 $A5 $2E         LDA $2E [00002E] = $0000        A:91C0 X:00B8 Y:00B8 S:033F D:0000 DB:7E P:NvmxdIzc V:128 H:42 
C0630B $69 $E3 $00     ADC #$00E3                      A:0000 X:00B8 Y:00B8 S:033F D:0000 DB:7E P:nvmxdIZc V:128 H:49 
C0630E $99 $AE $8D     STA $8DAE,Y [7E8E66] = $00D0    A:00E3 X:00B8 Y:00B8 S:033F D:0000 DB:7E P:nvmxdIzc V:128 H:54 
C06311 $A9 $10 $00     LDA #$0010                      A:00E3 X:00B8 Y:00B8 S:033F D:0000 DB:7E P:nvmxdIzc V:128 H:64 
C06314 $99 $AE $91     STA $91AE,Y [7E9266] = $0020    A:0010 X:00B8 Y:00B8 S:033F D:0000 DB:7E P:nvmxdIzc V:128 H:68 
C06317 $8A             TXA                             A:0010 X:00B8 Y:00B8 S:033F D:0000 DB:7E P:nvmxdIzc V:128 H:78 
C06318 $0A             ASL                             A:00B8 X:00B8 Y:00B8 S:033F D:0000 DB:7E P:nvmxdIzc V:128 H:81 
C06319 $0A             ASL                             A:0170 X:00B8 Y:00B8 S:033F D:0000 DB:7E P:nvmxdIzc V:128 H:84 
C0631A $18             CLC                             A:02E0 X:00B8 Y:00B8 S:033F D:0000 DB:7E P:nvmxdIzc V:128 H:87 
C0631B $6D $DF $99     ADC $99DF [7E99DF] = $4000      A:02E0 X:00B8 Y:00B8 S:033F D:0000 DB:7E P:nvmxdIzc V:128 H:90 
C0631E $99 $AE $8F     STA $8FAE,Y [7E9066] = $05C0    A:42E0 X:00B8 Y:00B8 S:033F D:0000 DB:7E P:nvmxdIzc V:128 H:99 
C06321 $EE $AE $93     INC $93AE [7E93AE] = $00B8      A:42E0 X:00B8 Y:00B8 S:033F D:0000 DB:7E P:nvmxdIzc V:128 H:109
C06324 $EE $AE $93     INC $93AE [7E93AE] = $00B9      A:42E0 X:00B8 Y:00B8 S:033F D:0000 DB:7E P:nvmxdIzc V:128 H:123
C06327 $E8             INX                             A:42E0 X:00B8 Y:00B8 S:033F D:0000 DB:7E P:nvmxdIzc V:128 H:147
C06328 $E8             INX                             A:42E0 X:00B9 Y:00B8 S:033F D:0000 DB:7E P:nvmxdIzc V:128 H:150
C06329 $E6 $2A         INC $2A [00002A] = $005C        A:42E0 X:00BA Y:00B8 S:033F D:0000 DB:7E P:nvmxdIzc V:128 H:153
C0632B $CE $7A $96     DEC $967A [7E967A] = $0019      A:42E0 X:00BA Y:00B8 S:033F D:0000 DB:7E P:nvmxdIzc V:128 H:165
C0632E $D0 $A9         BNE $C062D9                     A:42E0 X:00BA Y:00B8 S:033F D:0000 DB:7E P:nvmxdIzc V:128 H:179
C062D9 $A5 $2A         LDA $2A [00002A] = $005D        A:42E0 X:00BA Y:00B8 S:033F D:0000 DB:7E P:nvmxdIzc V:128 H:184
C062DB $CF $4E $B7 $7F CMP $7FB74E                     A:005D X:00BA Y:00B8 S:033F D:0000 DB:7E P:nvmxdIzc V:128 H:191
C062DF $B0 $08         BCS $C062E9                     A:005D X:00BA Y:00B8 S:033F D:0000 DB:7E P:NvmxdIzc V:128 H:201
C062E1 $AC $AE $93     LDY $93AE [7E93AE] = $00BA      A:005D X:00BA Y:00B8 S:033F D:0000 DB:7E P:NvmxdIzc V:128 H:204
C062E4 $C0 $00 $02     CPY #$0200                      A:005D X:00BA Y:00BA S:033F D:0000 DB:7E P:nvmxdIzc V:128 H:212
C062E7 $90 $06         BCC $C062EF                     A:005D X:00BA Y:00BA S:033F D:0000 DB:7E P:NvmxdIzc V:128 H:217
C062EF $AC $AE $93     LDY $93AE [7E93AE] = $00BA      A:005D X:00BA Y:00BA S:033F D:0000 DB:7E P:NvmxdIzc V:128 H:221
C062F2 $BF $EA $AE $7F LDA $7FAEEA,X [7FAFA4] = $00BB  A:005D X:00BA Y:00BA S:033F D:0000 DB:7E P:nvmxdIzc V:128 H:230
C062F6 $0A             ASL                             A:00BB X:00BA Y:00BA S:033F D:0000 DB:7E P:nvmxdIzc V:128 H:240
C062F7 $26 $2E         ROL $2E [00002E] = $0000        A:0176 X:00BA Y:00BA S:033F D:0000 DB:7E P:nvmxdIzc V:128 H:243
C062F9 $0A             ASL                             A:0176 X:00BA Y:00BA S:033F D:0000 DB:7E P:nvmxdIZc V:128 H:255
C062FA $26 $2E         ROL $2E [00002E] = $0000        A:02EC X:00BA Y:00BA S:033F D:0000 DB:7E P:nvmxdIzc V:128 H:258
C062FC $0A             ASL                             A:02EC X:00BA Y:00BA S:033F D:0000 DB:7E P:nvmxdIZc V:128 H:271
C062FD $26 $2E         ROL $2E [00002E] = $0000        A:05D8 X:00BA Y:00BA S:033F D:0000 DB:7E P:nvmxdIzc V:128 H:274
C062FF $0A             ASL                             A:05D8 X:00BA Y:00BA S:033F D:0000 DB:7E P:nvmxdIZc V:128 H:327
C06300 $26 $2E         ROL $2E [00002E] = $0000        A:0BB0 X:00BA Y:00BA S:033F D:0000 DB:7E P:nvmxdIzc V:128 H:330
C06302 $18             CLC                             A:0BB0 X:00BA Y:00BA S:033F D:0000 DB:7E P:nvmxdIZc V:129 H:3  
C06303 $69 $A0 $8E     ADC #$8EA0                      A:0BB0 X:00BA Y:00BA S:033F D:0000 DB:7E P:nvmxdIZc V:129 H:6  
C06306 $99 $AE $8B     STA $8BAE,Y [7E8C68] = $E9A0    A:9A50 X:00BA Y:00BA S:033F D:0000 DB:7E P:NvmxdIzc V:129 H:10 
C06309 $A5 $2E         LDA $2E [00002E] = $0000        A:9A50 X:00BA Y:00BA S:033F D:0000 DB:7E P:NvmxdIzc V:129 H:20 
C0630B $69 $E3 $00     ADC #$00E3                      A:0000 X:00BA Y:00BA S:033F D:0000 DB:7E P:nvmxdIZc V:129 H:27 
C0630E $99 $AE $8D     STA $8DAE,Y [7E8E68] = $00D0    A:00E3 X:00BA Y:00BA S:033F D:0000 DB:7E P:nvmxdIzc V:129 H:32 
C06311 $A9 $10 $00     LDA #$0010                      A:00E3 X:00BA Y:00BA S:033F D:0000 DB:7E P:nvmxdIzc V:129 H:42 
C06314 $99 $AE $91     STA $91AE,Y [7E9268] = $0020    A:0010 X:00BA Y:00BA S:033F D:0000 DB:7E P:nvmxdIzc V:129 H:46 
C06317 $8A             TXA                             A:0010 X:00BA Y:00BA S:033F D:0000 DB:7E P:nvmxdIzc V:129 H:56 
C06318 $0A             ASL                             A:00BA X:00BA Y:00BA S:033F D:0000 DB:7E P:nvmxdIzc V:129 H:59 
C06319 $0A             ASL                             A:0174 X:00BA Y:00BA S:033F D:0000 DB:7E P:nvmxdIzc V:129 H:62 
C0631A $18             CLC                             A:02E8 X:00BA Y:00BA S:033F D:0000 DB:7E P:nvmxdIzc V:129 H:65 
C0631B $6D $DF $99     ADC $99DF [7E99DF] = $4000      A:02E8 X:00BA Y:00BA S:033F D:0000 DB:7E P:nvmxdIzc V:129 H:68 
C0631E $99 $AE $8F     STA $8FAE,Y [7E9068] = $05D0    A:42E8 X:00BA Y:00BA S:033F D:0000 DB:7E P:nvmxdIzc V:129 H:77 
C06321 $EE $AE $93     INC $93AE [7E93AE] = $00BA      A:42E8 X:00BA Y:00BA S:033F D:0000 DB:7E P:nvmxdIzc V:129 H:87 
C06324 $EE $AE $93     INC $93AE [7E93AE] = $00BB      A:42E8 X:00BA Y:00BA S:033F D:0000 DB:7E P:nvmxdIzc V:129 H:101
C06327 $E8             INX                             A:42E8 X:00BA Y:00BA S:033F D:0000 DB:7E P:nvmxdIzc V:129 H:115
C06328 $E8             INX                             A:42E8 X:00BB Y:00BA S:033F D:0000 DB:7E P:nvmxdIzc V:129 H:118
C06329 $E6 $2A         INC $2A [00002A] = $005D        A:42E8 X:00BC Y:00BA S:033F D:0000 DB:7E P:nvmxdIzc V:129 H:121
C0632B $CE $7A $96     DEC $967A [7E967A] = $0018      A:42E8 X:00BC Y:00BA S:033F D:0000 DB:7E P:nvmxdIzc V:129 H:133
C0632E $D0 $A9         BNE $C062D9                     A:42E8 X:00BC Y:00BA S:033F D:0000 DB:7E P:nvmxdIzc V:129 H:157
C062D9 $A5 $2A         LDA $2A [00002A] = $005E        A:42E8 X:00BC Y:00BA S:033F D:0000 DB:7E P:nvmxdIzc V:129 H:162
C062DB $CF $4E $B7 $7F CMP $7FB74E                     A:005E X:00BC Y:00BA S:033F D:0000 DB:7E P:nvmxdIzc V:129 H:169
C062DF $B0 $08         BCS $C062E9                     A:005E X:00BC Y:00BA S:033F D:0000 DB:7E P:NvmxdIzc V:129 H:179
C062E1 $AC $AE $93     LDY $93AE [7E93AE] = $00BC      A:005E X:00BC Y:00BA S:033F D:0000 DB:7E P:NvmxdIzc V:129 H:182
C062E4 $C0 $00 $02     CPY #$0200                      A:005E X:00BC Y:00BC S:033F D:0000 DB:7E P:nvmxdIzc V:129 H:190
C062E7 $90 $06         BCC $C062EF                     A:005E X:00BC Y:00BC S:033F D:0000 DB:7E P:NvmxdIzc V:129 H:195
C062EF $AC $AE $93     LDY $93AE [7E93AE] = $00BC      A:005E X:00BC Y:00BC S:033F D:0000 DB:7E P:NvmxdIzc V:129 H:199
C062F2 $BF $EA $AE $7F LDA $7FAEEA,X [7FAFA6] = $003C  A:005E X:00BC Y:00BC S:033F D:0000 DB:7E P:nvmxdIzc V:129 H:208
C062F6 $0A             ASL                             A:003C X:00BC Y:00BC S:033F D:0000 DB:7E P:nvmxdIzc V:129 H:218
C062F7 $26 $2E         ROL $2E [00002E] = $0000        A:0078 X:00BC Y:00BC S:033F D:0000 DB:7E P:nvmxdIzc V:129 H:221
C062F9 $0A             ASL                             A:0078 X:00BC Y:00BC S:033F D:0000 DB:7E P:nvmxdIZc V:129 H:233
C062FA $26 $2E         ROL $2E [00002E] = $0000        A:00F0 X:00BC Y:00BC S:033F D:0000 DB:7E P:nvmxdIzc V:129 H:236
C062FC $0A             ASL                             A:00F0 X:00BC Y:00BC S:033F D:0000 DB:7E P:nvmxdIZc V:129 H:249
C062FD $26 $2E         ROL $2E [00002E] = $0000        A:01E0 X:00BC Y:00BC S:033F D:0000 DB:7E P:nvmxdIzc V:129 H:252
C062FF $0A             ASL                             A:01E0 X:00BC Y:00BC S:033F D:0000 DB:7E P:nvmxdIZc V:129 H:264
C06300 $26 $2E         ROL $2E [00002E] = $0000        A:03C0 X:00BC Y:00BC S:033F D:0000 DB:7E P:nvmxdIzc V:129 H:267
C06302 $18             CLC                             A:03C0 X:00BC Y:00BC S:033F D:0000 DB:7E P:nvmxdIZc V:129 H:296
C06303 $69 $A0 $8E     ADC #$8EA0                      A:03C0 X:00BC Y:00BC S:033F D:0000 DB:7E P:nvmxdIZc V:129 H:299
C06306 $99 $AE $8B     STA $8BAE,Y [7E8C6A] = $E9C0    A:9260 X:00BC Y:00BC S:033F D:0000 DB:7E P:NvmxdIzc V:129 H:303
C06309 $A5 $2E         LDA $2E [00002E] = $0000        A:9260 X:00BC Y:00BC S:033F D:0000 DB:7E P:NvmxdIzc V:129 H:313
C0630B $69 $E3 $00     ADC #$00E3                      A:0000 X:00BC Y:00BC S:033F D:0000 DB:7E P:nvmxdIZc V:129 H:320
C0630E $99 $AE $8D     STA $8DAE,Y [7E8E6A] = $00D0    A:00E3 X:00BC Y:00BC S:033F D:0000 DB:7E P:nvmxdIzc V:129 H:324
C06311 $A9 $10 $00     LDA #$0010                      A:00E3 X:00BC Y:00BC S:033F D:0000 DB:7E P:nvmxdIzc V:129 H:334
C06314 $99 $AE $91     STA $91AE,Y [7E926A] = $0020    A:0010 X:00BC Y:00BC S:033F D:0000 DB:7E P:nvmxdIzc V:129 H:338
C06317 $8A             TXA                             A:0010 X:00BC Y:00BC S:033F D:0000 DB:7E P:nvmxdIzc V:130 H:8  
C06318 $0A             ASL                             A:00BC X:00BC Y:00BC S:033F D:0000 DB:7E P:nvmxdIzc V:130 H:11 
C06319 $0A             ASL                             A:0178 X:00BC Y:00BC S:033F D:0000 DB:7E P:nvmxdIzc V:130 H:14 
C0631A $18             CLC                             A:02F0 X:00BC Y:00BC S:033F D:0000 DB:7E P:nvmxdIzc V:130 H:17 
C0631B $6D $DF $99     ADC $99DF [7E99DF] = $4000      A:02F0 X:00BC Y:00BC S:033F D:0000 DB:7E P:nvmxdIzc V:130 H:20 
C0631E $99 $AE $8F     STA $8FAE,Y [7E906A] = $05E0    A:42F0 X:00BC Y:00BC S:033F D:0000 DB:7E P:nvmxdIzc V:130 H:29 
C06321 $EE $AE $93     INC $93AE [7E93AE] = $00BC      A:42F0 X:00BC Y:00BC S:033F D:0000 DB:7E P:nvmxdIzc V:130 H:39 
C06324 $EE $AE $93     INC $93AE [7E93AE] = $00BD      A:42F0 X:00BC Y:00BC S:033F D:0000 DB:7E P:nvmxdIzc V:130 H:53 
C06327 $E8             INX                             A:42F0 X:00BC Y:00BC S:033F D:0000 DB:7E P:nvmxdIzc V:130 H:67 
C06328 $E8             INX                             A:42F0 X:00BD Y:00BC S:033F D:0000 DB:7E P:nvmxdIzc V:130 H:70 
C06329 $E6 $2A         INC $2A [00002A] = $005E        A:42F0 X:00BE Y:00BC S:033F D:0000 DB:7E P:nvmxdIzc V:130 H:73 
C0632B $CE $7A $96     DEC $967A [7E967A] = $0017      A:42F0 X:00BE Y:00BC S:033F D:0000 DB:7E P:nvmxdIzc V:130 H:85 
C0632E $D0 $A9         BNE $C062D9                     A:42F0 X:00BE Y:00BC S:033F D:0000 DB:7E P:nvmxdIzc V:130 H:99 
C062D9 $A5 $2A         LDA $2A [00002A] = $005F        A:42F0 X:00BE Y:00BC S:033F D:0000 DB:7E P:nvmxdIzc V:130 H:104
C062DB $CF $4E $B7 $7F CMP $7FB74E                     A:005F X:00BE Y:00BC S:033F D:0000 DB:7E P:nvmxdIzc V:130 H:111
C062DF $B0 $08         BCS $C062E9                     A:005F X:00BE Y:00BC S:033F D:0000 DB:7E P:NvmxdIzc V:130 H:121
C062E1 $AC $AE $93     LDY $93AE [7E93AE] = $00BE      A:005F X:00BE Y:00BC S:033F D:0000 DB:7E P:NvmxdIzc V:130 H:124
C062E4 $C0 $00 $02     CPY #$0200                      A:005F X:00BE Y:00BE S:033F D:0000 DB:7E P:nvmxdIzc V:130 H:132
C062E7 $90 $06         BCC $C062EF                     A:005F X:00BE Y:00BE S:033F D:0000 DB:7E P:NvmxdIzc V:130 H:147
C062EF $AC $AE $93     LDY $93AE [7E93AE] = $00BE      A:005F X:00BE Y:00BE S:033F D:0000 DB:7E P:NvmxdIzc V:130 H:151
C062F2 $BF $EA $AE $7F LDA $7FAEEA,X [7FAFA8] = $00BC  A:005F X:00BE Y:00BE S:033F D:0000 DB:7E P:nvmxdIzc V:130 H:160
C062F6 $0A             ASL                             A:00BC X:00BE Y:00BE S:033F D:0000 DB:7E P:nvmxdIzc V:130 H:170
C062F7 $26 $2E         ROL $2E [00002E] = $0000        A:0178 X:00BE Y:00BE S:033F D:0000 DB:7E P:nvmxdIzc V:130 H:173
C062F9 $0A             ASL                             A:0178 X:00BE Y:00BE S:033F D:0000 DB:7E P:nvmxdIZc V:130 H:185
C062FA $26 $2E         ROL $2E [00002E] = $0000        A:02F0 X:00BE Y:00BE S:033F D:0000 DB:7E P:nvmxdIzc V:130 H:188
C062FC $0A             ASL                             A:02F0 X:00BE Y:00BE S:033F D:0000 DB:7E P:nvmxdIZc V:130 H:201
C062FD $26 $2E         ROL $2E [00002E] = $0000        A:05E0 X:00BE Y:00BE S:033F D:0000 DB:7E P:nvmxdIzc V:130 H:204
C062FF $0A             ASL                             A:05E0 X:00BE Y:00BE S:033F D:0000 DB:7E P:nvmxdIZc V:130 H:216
C06300 $26 $2E         ROL $2E [00002E] = $0000        A:0BC0 X:00BE Y:00BE S:033F D:0000 DB:7E P:nvmxdIzc V:130 H:219
C06302 $18             CLC                             A:0BC0 X:00BE Y:00BE S:033F D:0000 DB:7E P:nvmxdIZc V:130 H:232
C06303 $69 $A0 $8E     ADC #$8EA0                      A:0BC0 X:00BE Y:00BE S:033F D:0000 DB:7E P:nvmxdIZc V:130 H:235
C06306 $99 $AE $8B     STA $8BAE,Y [7E8C6C] = $E9E0    A:9A60 X:00BE Y:00BE S:033F D:0000 DB:7E P:NvmxdIzc V:130 H:239
C06309 $A5 $2E         LDA $2E [00002E] = $0000        A:9A60 X:00BE Y:00BE S:033F D:0000 DB:7E P:NvmxdIzc V:130 H:249
C0630B $69 $E3 $00     ADC #$00E3                      A:0000 X:00BE Y:00BE S:033F D:0000 DB:7E P:nvmxdIZc V:130 H:256
C0630E $99 $AE $8D     STA $8DAE,Y [7E8E6C] = $00D0    A:00E3 X:00BE Y:00BE S:033F D:0000 DB:7E P:nvmxdIzc V:130 H:261
C06311 $A9 $10 $00     LDA #$0010                      A:00E3 X:00BE Y:00BE S:033F D:0000 DB:7E P:nvmxdIzc V:130 H:271
C06314 $99 $AE $91     STA $91AE,Y [7E926C] = $0020    A:0010 X:00BE Y:00BE S:033F D:0000 DB:7E P:nvmxdIzc V:130 H:275
C06317 $8A             TXA                             A:0010 X:00BE Y:00BE S:033F D:0000 DB:7E P:nvmxdIzc V:130 H:300
C06318 $0A             ASL                             A:00BE X:00BE Y:00BE S:033F D:0000 DB:7E P:nvmxdIzc V:130 H:303
C06319 $0A             ASL                             A:017C X:00BE Y:00BE S:033F D:0000 DB:7E P:nvmxdIzc V:130 H:306
C0631A $18             CLC                             A:02F8 X:00BE Y:00BE S:033F D:0000 DB:7E P:nvmxdIzc V:130 H:309
C0631B $6D $DF $99     ADC $99DF [7E99DF] = $4000      A:02F8 X:00BE Y:00BE S:033F D:0000 DB:7E P:nvmxdIzc V:130 H:312
C0631E $99 $AE $8F     STA $8FAE,Y [7E906C] = $05F0    A:42F8 X:00BE Y:00BE S:033F D:0000 DB:7E P:nvmxdIzc V:130 H:321
C06321 $EE $AE $93     INC $93AE [7E93AE] = $00BE      A:42F8 X:00BE Y:00BE S:033F D:0000 DB:7E P:nvmxdIzc V:130 H:330
C06324 $EE $AE $93     INC $93AE [7E93AE] = $00BF      A:42F8 X:00BE Y:00BE S:033F D:0000 DB:7E P:nvmxdIzc V:131 H:4  
C06327 $E8             INX                             A:42F8 X:00BE Y:00BE S:033F D:0000 DB:7E P:nvmxdIzc V:131 H:18 
C06328 $E8             INX                             A:42F8 X:00BF Y:00BE S:033F D:0000 DB:7E P:nvmxdIzc V:131 H:21 
C06329 $E6 $2A         INC $2A [00002A] = $005F        A:42F8 X:00C0 Y:00BE S:033F D:0000 DB:7E P:nvmxdIzc V:131 H:24 
C0632B $CE $7A $96     DEC $967A [7E967A] = $0016      A:42F8 X:00C0 Y:00BE S:033F D:0000 DB:7E P:nvmxdIzc V:131 H:36 
C0632E $D0 $A9         BNE $C062D9                     A:42F8 X:00C0 Y:00BE S:033F D:0000 DB:7E P:nvmxdIzc V:131 H:50 
C062D9 $A5 $2A         LDA $2A [00002A] = $0060        A:42F8 X:00C0 Y:00BE S:033F D:0000 DB:7E P:nvmxdIzc V:131 H:55 
C062DB $CF $4E $B7 $7F CMP $7FB74E                     A:0060 X:00C0 Y:00BE S:033F D:0000 DB:7E P:nvmxdIzc V:131 H:62 
C062DF $B0 $08         BCS $C062E9                     A:0060 X:00C0 Y:00BE S:033F D:0000 DB:7E P:NvmxdIzc V:131 H:72 
C062E1 $AC $AE $93     LDY $93AE [7E93AE] = $00C0      A:0060 X:00C0 Y:00BE S:033F D:0000 DB:7E P:NvmxdIzc V:131 H:75 
C062E4 $C0 $00 $02     CPY #$0200                      A:0060 X:00C0 Y:00C0 S:033F D:0000 DB:7E P:nvmxdIzc V:131 H:83 
C062E7 $90 $06         BCC $C062EF                     A:0060 X:00C0 Y:00C0 S:033F D:0000 DB:7E P:NvmxdIzc V:131 H:88 
C062EF $AC $AE $93     LDY $93AE [7E93AE] = $00C0      A:0060 X:00C0 Y:00C0 S:033F D:0000 DB:7E P:NvmxdIzc V:131 H:92 
C062F2 $BF $EA $AE $7F LDA $7FAEEA,X [7FAFAA] = $00BD  A:0060 X:00C0 Y:00C0 S:033F D:0000 DB:7E P:nvmxdIzc V:131 H:101
C062F6 $0A             ASL                             A:00BD X:00C0 Y:00C0 S:033F D:0000 DB:7E P:nvmxdIzc V:131 H:111
C062F7 $26 $2E         ROL $2E [00002E] = $0000        A:017A X:00C0 Y:00C0 S:033F D:0000 DB:7E P:nvmxdIzc V:131 H:114
C062F9 $0A             ASL                             A:017A X:00C0 Y:00C0 S:033F D:0000 DB:7E P:nvmxdIZc V:131 H:126
C062FA $26 $2E         ROL $2E [00002E] = $0000        A:02F4 X:00C0 Y:00C0 S:033F D:0000 DB:7E P:nvmxdIzc V:131 H:129
C062FC $0A             ASL                             A:02F4 X:00C0 Y:00C0 S:033F D:0000 DB:7E P:nvmxdIZc V:131 H:152
C062FD $26 $2E         ROL $2E [00002E] = $0000        A:05E8 X:00C0 Y:00C0 S:033F D:0000 DB:7E P:nvmxdIzc V:131 H:155
C062FF $0A             ASL                             A:05E8 X:00C0 Y:00C0 S:033F D:0000 DB:7E P:nvmxdIZc V:131 H:167
C06300 $26 $2E         ROL $2E [00002E] = $0000        A:0BD0 X:00C0 Y:00C0 S:033F D:0000 DB:7E P:nvmxdIzc V:131 H:170
C06302 $18             CLC                             A:0BD0 X:00C0 Y:00C0 S:033F D:0000 DB:7E P:nvmxdIZc V:131 H:183
C06303 $69 $A0 $8E     ADC #$8EA0                      A:0BD0 X:00C0 Y:00C0 S:033F D:0000 DB:7E P:nvmxdIZc V:131 H:186
C06306 $99 $AE $8B     STA $8BAE,Y [7E8C6E] = $EA00    A:9A70 X:00C0 Y:00C0 S:033F D:0000 DB:7E P:NvmxdIzc V:131 H:190
C06309 $A5 $2E         LDA $2E [00002E] = $0000        A:9A70 X:00C0 Y:00C0 S:033F D:0000 DB:7E P:NvmxdIzc V:131 H:200
C0630B $69 $E3 $00     ADC #$00E3                      A:0000 X:00C0 Y:00C0 S:033F D:0000 DB:7E P:nvmxdIZc V:131 H:207
C0630E $99 $AE $8D     STA $8DAE,Y [7E8E6E] = $00D0    A:00E3 X:00C0 Y:00C0 S:033F D:0000 DB:7E P:nvmxdIzc V:131 H:212
C06311 $A9 $10 $00     LDA #$0010                      A:00E3 X:00C0 Y:00C0 S:033F D:0000 DB:7E P:nvmxdIzc V:131 H:222
C06314 $99 $AE $91     STA $91AE,Y [7E926E] = $0020    A:0010 X:00C0 Y:00C0 S:033F D:0000 DB:7E P:nvmxdIzc V:131 H:226
C06317 $8A             TXA                             A:0010 X:00C0 Y:00C0 S:033F D:0000 DB:7E P:nvmxdIzc V:131 H:236
C06318 $0A             ASL                             A:00C0 X:00C0 Y:00C0 S:033F D:0000 DB:7E P:nvmxdIzc V:131 H:239
C06319 $0A             ASL                             A:0180 X:00C0 Y:00C0 S:033F D:0000 DB:7E P:nvmxdIzc V:131 H:242
C0631A $18             CLC                             A:0300 X:00C0 Y:00C0 S:033F D:0000 DB:7E P:nvmxdIzc V:131 H:245
C0631B $6D $DF $99     ADC $99DF [7E99DF] = $4000      A:0300 X:00C0 Y:00C0 S:033F D:0000 DB:7E P:nvmxdIzc V:131 H:248
C0631E $99 $AE $8F     STA $8FAE,Y [7E906E] = $0600    A:4300 X:00C0 Y:00C0 S:033F D:0000 DB:7E P:nvmxdIzc V:131 H:257
C06321 $EE $AE $93     INC $93AE [7E93AE] = $00C0      A:4300 X:00C0 Y:00C0 S:033F D:0000 DB:7E P:nvmxdIzc V:131 H:267
C06324 $EE $AE $93     INC $93AE [7E93AE] = $00C1      A:4300 X:00C0 Y:00C0 S:033F D:0000 DB:7E P:nvmxdIzc V:131 H:297
C06327 $E8             INX                             A:4300 X:00C0 Y:00C0 S:033F D:0000 DB:7E P:nvmxdIzc V:131 H:311
C06328 $E8             INX                             A:4300 X:00C1 Y:00C0 S:033F D:0000 DB:7E P:nvmxdIzc V:131 H:314
C06329 $E6 $2A         INC $2A [00002A] = $0060        A:4300 X:00C2 Y:00C0 S:033F D:0000 DB:7E P:nvmxdIzc V:131 H:317
C0632B $CE $7A $96     DEC $967A [7E967A] = $0015      A:4300 X:00C2 Y:00C0 S:033F D:0000 DB:7E P:nvmxdIzc V:131 H:328
C0632E $D0 $A9         BNE $C062D9                     A:4300 X:00C2 Y:00C0 S:033F D:0000 DB:7E P:nvmxdIzc V:132 H:2  
C062D9 $A5 $2A         LDA $2A [00002A] = $0061        A:4300 X:00C2 Y:00C0 S:033F D:0000 DB:7E P:nvmxdIzc V:132 H:7  
C062DB $CF $4E $B7 $7F CMP $7FB74E                     A:0061 X:00C2 Y:00C0 S:033F D:0000 DB:7E P:nvmxdIzc V:132 H:14 
C062DF $B0 $08         BCS $C062E9                     A:0061 X:00C2 Y:00C0 S:033F D:0000 DB:7E P:NvmxdIzc V:132 H:24 
C062E1 $AC $AE $93     LDY $93AE [7E93AE] = $00C2      A:0061 X:00C2 Y:00C0 S:033F D:0000 DB:7E P:NvmxdIzc V:132 H:27 
C062E4 $C0 $00 $02     CPY #$0200                      A:0061 X:00C2 Y:00C2 S:033F D:0000 DB:7E P:nvmxdIzc V:132 H:35 
C062E7 $90 $06         BCC $C062EF                     A:0061 X:00C2 Y:00C2 S:033F D:0000 DB:7E P:NvmxdIzc V:132 H:40 
C062EF $AC $AE $93     LDY $93AE [7E93AE] = $00C2      A:0061 X:00C2 Y:00C2 S:033F D:0000 DB:7E P:NvmxdIzc V:132 H:44 
C062F2 $BF $EA $AE $7F LDA $7FAEEA,X [7FAFAC] = $00BE  A:0061 X:00C2 Y:00C2 S:033F D:0000 DB:7E P:nvmxdIzc V:132 H:53 
C062F6 $0A             ASL                             A:00BE X:00C2 Y:00C2 S:033F D:0000 DB:7E P:nvmxdIzc V:132 H:63 
C062F7 $26 $2E         ROL $2E [00002E] = $0000        A:017C X:00C2 Y:00C2 S:033F D:0000 DB:7E P:nvmxdIzc V:132 H:66 
C062F9 $0A             ASL                             A:017C X:00C2 Y:00C2 S:033F D:0000 DB:7E P:nvmxdIZc V:132 H:78 
C062FA $26 $2E         ROL $2E [00002E] = $0000        A:02F8 X:00C2 Y:00C2 S:033F D:0000 DB:7E P:nvmxdIzc V:132 H:81 
C062FC $0A             ASL                             A:02F8 X:00C2 Y:00C2 S:033F D:0000 DB:7E P:nvmxdIZc V:132 H:94 
C062FD $26 $2E         ROL $2E [00002E] = $0000        A:05F0 X:00C2 Y:00C2 S:033F D:0000 DB:7E P:nvmxdIzc V:132 H:97 
C062FF $0A             ASL                             A:05F0 X:00C2 Y:00C2 S:033F D:0000 DB:7E P:nvmxdIZc V:132 H:109
C06300 $26 $2E         ROL $2E [00002E] = $0000        A:0BE0 X:00C2 Y:00C2 S:033F D:0000 DB:7E P:nvmxdIzc V:132 H:112
C06302 $18             CLC                             A:0BE0 X:00C2 Y:00C2 S:033F D:0000 DB:7E P:nvmxdIZc V:132 H:125
C06303 $69 $A0 $8E     ADC #$8EA0                      A:0BE0 X:00C2 Y:00C2 S:033F D:0000 DB:7E P:nvmxdIZc V:132 H:128
C06306 $99 $AE $8B     STA $8BAE,Y [7E8C70] = $EA20    A:9A80 X:00C2 Y:00C2 S:033F D:0000 DB:7E P:NvmxdIzc V:132 H:132
C06309 $A5 $2E         LDA $2E [00002E] = $0000        A:9A80 X:00C2 Y:00C2 S:033F D:0000 DB:7E P:NvmxdIzc V:132 H:152
C0630B $69 $E3 $00     ADC #$00E3                      A:0000 X:00C2 Y:00C2 S:033F D:0000 DB:7E P:nvmxdIZc V:132 H:159
C0630E $99 $AE $8D     STA $8DAE,Y [7E8E70] = $00D0    A:00E3 X:00C2 Y:00C2 S:033F D:0000 DB:7E P:nvmxdIzc V:132 H:164
C06311 $A9 $10 $00     LDA #$0010                      A:00E3 X:00C2 Y:00C2 S:033F D:0000 DB:7E P:nvmxdIzc V:132 H:174
C06314 $99 $AE $91     STA $91AE,Y [7E9270] = $0020    A:0010 X:00C2 Y:00C2 S:033F D:0000 DB:7E P:nvmxdIzc V:132 H:178
C06317 $8A             TXA                             A:0010 X:00C2 Y:00C2 S:033F D:0000 DB:7E P:nvmxdIzc V:132 H:188
C06318 $0A             ASL                             A:00C2 X:00C2 Y:00C2 S:033F D:0000 DB:7E P:nvmxdIzc V:132 H:191
C06319 $0A             ASL                             A:0184 X:00C2 Y:00C2 S:033F D:0000 DB:7E P:nvmxdIzc V:132 H:194
C0631A $18             CLC                             A:0308 X:00C2 Y:00C2 S:033F D:0000 DB:7E P:nvmxdIzc V:132 H:197
C0631B $6D $DF $99     ADC $99DF [7E99DF] = $4000      A:0308 X:00C2 Y:00C2 S:033F D:0000 DB:7E P:nvmxdIzc V:132 H:200
C0631E $99 $AE $8F     STA $8FAE,Y [7E9070] = $0610    A:4308 X:00C2 Y:00C2 S:033F D:0000 DB:7E P:nvmxdIzc V:132 H:209
C06321 $EE $AE $93     INC $93AE [7E93AE] = $00C2      A:4308 X:00C2 Y:00C2 S:033F D:0000 DB:7E P:nvmxdIzc V:132 H:219
C06324 $EE $AE $93     INC $93AE [7E93AE] = $00C3      A:4308 X:00C2 Y:00C2 S:033F D:0000 DB:7E P:nvmxdIzc V:132 H:233
C06327 $E8             INX                             A:4308 X:00C2 Y:00C2 S:033F D:0000 DB:7E P:nvmxdIzc V:132 H:247
C06328 $E8             INX                             A:4308 X:00C3 Y:00C2 S:033F D:0000 DB:7E P:nvmxdIzc V:132 H:250
C06329 $E6 $2A         INC $2A [00002A] = $0061        A:4308 X:00C4 Y:00C2 S:033F D:0000 DB:7E P:nvmxdIzc V:132 H:253
C0632B $CE $7A $96     DEC $967A [7E967A] = $0014      A:4308 X:00C4 Y:00C2 S:033F D:0000 DB:7E P:nvmxdIzc V:132 H:265
C0632E $D0 $A9         BNE $C062D9                     A:4308 X:00C4 Y:00C2 S:033F D:0000 DB:7E P:nvmxdIzc V:132 H:297
C062D9 $A5 $2A         LDA $2A [00002A] = $0062        A:4308 X:00C4 Y:00C2 S:033F D:0000 DB:7E P:nvmxdIzc V:132 H:302
C062DB $CF $4E $B7 $7F CMP $7FB74E                     A:0062 X:00C4 Y:00C2 S:033F D:0000 DB:7E P:nvmxdIzc V:132 H:309
C062DF $B0 $08         BCS $C062E9                     A:0062 X:00C4 Y:00C2 S:033F D:0000 DB:7E P:NvmxdIzc V:132 H:319
C062E1 $AC $AE $93     LDY $93AE [7E93AE] = $00C4      A:0062 X:00C4 Y:00C2 S:033F D:0000 DB:7E P:NvmxdIzc V:132 H:322
C062E4 $C0 $00 $02     CPY #$0200                      A:0062 X:00C4 Y:00C4 S:033F D:0000 DB:7E P:nvmxdIzc V:132 H:329
C062E7 $90 $06         BCC $C062EF                     A:0062 X:00C4 Y:00C4 S:033F D:0000 DB:7E P:NvmxdIzc V:132 H:334
C062EF $AC $AE $93     LDY $93AE [7E93AE] = $00C4      A:0062 X:00C4 Y:00C4 S:033F D:0000 DB:7E P:NvmxdIzc V:132 H:338
C062F2 $BF $EA $AE $7F LDA $7FAEEA,X [7FAFAE] = $00BF  A:0062 X:00C4 Y:00C4 S:033F D:0000 DB:7E P:nvmxdIzc V:133 H:7  
C062F6 $0A             ASL                             A:00BF X:00C4 Y:00C4 S:033F D:0000 DB:7E P:nvmxdIzc V:133 H:17 
C062F7 $26 $2E         ROL $2E [00002E] = $0000        A:017E X:00C4 Y:00C4 S:033F D:0000 DB:7E P:nvmxdIzc V:133 H:20 
C062F9 $0A             ASL                             A:017E X:00C4 Y:00C4 S:033F D:0000 DB:7E P:nvmxdIZc V:133 H:32 
C062FA $26 $2E         ROL $2E [00002E] = $0000        A:02FC X:00C4 Y:00C4 S:033F D:0000 DB:7E P:nvmxdIzc V:133 H:35 
C062FC $0A             ASL                             A:02FC X:00C4 Y:00C4 S:033F D:0000 DB:7E P:nvmxdIZc V:133 H:48 
C062FD $26 $2E         ROL $2E [00002E] = $0000        A:05F8 X:00C4 Y:00C4 S:033F D:0000 DB:7E P:nvmxdIzc V:133 H:51 
C062FF $0A             ASL                             A:05F8 X:00C4 Y:00C4 S:033F D:0000 DB:7E P:nvmxdIZc V:133 H:63 
C06300 $26 $2E         ROL $2E [00002E] = $0000        A:0BF0 X:00C4 Y:00C4 S:033F D:0000 DB:7E P:nvmxdIzc V:133 H:66 
C06302 $18             CLC                             A:0BF0 X:00C4 Y:00C4 S:033F D:0000 DB:7E P:nvmxdIZc V:133 H:79 
C06303 $69 $A0 $8E     ADC #$8EA0                      A:0BF0 X:00C4 Y:00C4 S:033F D:0000 DB:7E P:nvmxdIZc V:133 H:82 
C06306 $99 $AE $8B     STA $8BAE,Y [7E8C72] = $EA40    A:9A90 X:00C4 Y:00C4 S:033F D:0000 DB:7E P:NvmxdIzc V:133 H:86 
C06309 $A5 $2E         LDA $2E [00002E] = $0000        A:9A90 X:00C4 Y:00C4 S:033F D:0000 DB:7E P:NvmxdIzc V:133 H:96 
C0630B $69 $E3 $00     ADC #$00E3                      A:0000 X:00C4 Y:00C4 S:033F D:0000 DB:7E P:nvmxdIZc V:133 H:103
C0630E $99 $AE $8D     STA $8DAE,Y [7E8E72] = $00D0    A:00E3 X:00C4 Y:00C4 S:033F D:0000 DB:7E P:nvmxdIzc V:133 H:108
C06311 $A9 $10 $00     LDA #$0010                      A:00E3 X:00C4 Y:00C4 S:033F D:0000 DB:7E P:nvmxdIzc V:133 H:118
C06314 $99 $AE $91     STA $91AE,Y [7E9272] = $0020    A:0010 X:00C4 Y:00C4 S:033F D:0000 DB:7E P:nvmxdIzc V:133 H:122
C06317 $8A             TXA                             A:0010 X:00C4 Y:00C4 S:033F D:0000 DB:7E P:nvmxdIzc V:133 H:132
C06318 $0A             ASL                             A:00C4 X:00C4 Y:00C4 S:033F D:0000 DB:7E P:nvmxdIzc V:133 H:145
C06319 $0A             ASL                             A:0188 X:00C4 Y:00C4 S:033F D:0000 DB:7E P:nvmxdIzc V:133 H:148
C0631A $18             CLC                             A:0310 X:00C4 Y:00C4 S:033F D:0000 DB:7E P:nvmxdIzc V:133 H:151
C0631B $6D $DF $99     ADC $99DF [7E99DF] = $4000      A:0310 X:00C4 Y:00C4 S:033F D:0000 DB:7E P:nvmxdIzc V:133 H:154
C0631E $99 $AE $8F     STA $8FAE,Y [7E9072] = $0620    A:4310 X:00C4 Y:00C4 S:033F D:0000 DB:7E P:nvmxdIzc V:133 H:163
C06321 $EE $AE $93     INC $93AE [7E93AE] = $00C4      A:4310 X:00C4 Y:00C4 S:033F D:0000 DB:7E P:nvmxdIzc V:133 H:173
C06324 $EE $AE $93     INC $93AE [7E93AE] = $00C5      A:4310 X:00C4 Y:00C4 S:033F D:0000 DB:7E P:nvmxdIzc V:133 H:187
C06327 $E8             INX                             A:4310 X:00C4 Y:00C4 S:033F D:0000 DB:7E P:nvmxdIzc V:133 H:201
C06328 $E8             INX                             A:4310 X:00C5 Y:00C4 S:033F D:0000 DB:7E P:nvmxdIzc V:133 H:204
C06329 $E6 $2A         INC $2A [00002A] = $0062        A:4310 X:00C6 Y:00C4 S:033F D:0000 DB:7E P:nvmxdIzc V:133 H:207
C0632B $CE $7A $96     DEC $967A [7E967A] = $0013      A:4310 X:00C6 Y:00C4 S:033F D:0000 DB:7E P:nvmxdIzc V:133 H:219
C0632E $D0 $A9         BNE $C062D9                     A:4310 X:00C6 Y:00C4 S:033F D:0000 DB:7E P:nvmxdIzc V:133 H:233
C062D9 $A5 $2A         LDA $2A [00002A] = $0063        A:4310 X:00C6 Y:00C4 S:033F D:0000 DB:7E P:nvmxdIzc V:133 H:238
C062DB $CF $4E $B7 $7F CMP $7FB74E                     A:0063 X:00C6 Y:00C4 S:033F D:0000 DB:7E P:nvmxdIzc V:133 H:245
C062DF $B0 $08         BCS $C062E9                     A:0063 X:00C6 Y:00C4 S:033F D:0000 DB:7E P:NvmxdIzc V:133 H:255
C062E1 $AC $AE $93     LDY $93AE [7E93AE] = $00C6      A:0063 X:00C6 Y:00C4 S:033F D:0000 DB:7E P:NvmxdIzc V:133 H:258
C062E4 $C0 $00 $02     CPY #$0200                      A:0063 X:00C6 Y:00C6 S:033F D:0000 DB:7E P:nvmxdIzc V:133 H:266
C062E7 $90 $06         BCC $C062EF                     A:0063 X:00C6 Y:00C6 S:033F D:0000 DB:7E P:NvmxdIzc V:133 H:271
C062EF $AC $AE $93     LDY $93AE [7E93AE] = $00C6      A:0063 X:00C6 Y:00C6 S:033F D:0000 DB:7E P:NvmxdIzc V:133 H:275
C062F2 $BF $EA $AE $7F LDA $7FAEEA,X [7FAFB0] = $00C0  A:0063 X:00C6 Y:00C6 S:033F D:0000 DB:7E P:nvmxdIzc V:133 H:300
C062F6 $0A             ASL                             A:00C0 X:00C6 Y:00C6 S:033F D:0000 DB:7E P:nvmxdIzc V:133 H:310
C062F7 $26 $2E         ROL $2E [00002E] = $0000        A:0180 X:00C6 Y:00C6 S:033F D:0000 DB:7E P:nvmxdIzc V:133 H:313
C062F9 $0A             ASL                             A:0180 X:00C6 Y:00C6 S:033F D:0000 DB:7E P:nvmxdIZc V:133 H:325
C062FA $26 $2E         ROL $2E [00002E] = $0000        A:0300 X:00C6 Y:00C6 S:033F D:0000 DB:7E P:nvmxdIzc V:133 H:328
C062FC $0A             ASL                             A:0300 X:00C6 Y:00C6 S:033F D:0000 DB:7E P:nvmxdIZc V:134 H:0  
C062FD $26 $2E         ROL $2E [00002E] = $0000        A:0600 X:00C6 Y:00C6 S:033F D:0000 DB:7E P:nvmxdIzc V:134 H:3  
C062FF $0A             ASL                             A:0600 X:00C6 Y:00C6 S:033F D:0000 DB:7E P:nvmxdIZc V:134 H:16 
C06300 $26 $2E         ROL $2E [00002E] = $0000        A:0C00 X:00C6 Y:00C6 S:033F D:0000 DB:7E P:nvmxdIzc V:134 H:19 
C06302 $18             CLC                             A:0C00 X:00C6 Y:00C6 S:033F D:0000 DB:7E P:nvmxdIZc V:134 H:31 
C06303 $69 $A0 $8E     ADC #$8EA0                      A:0C00 X:00C6 Y:00C6 S:033F D:0000 DB:7E P:nvmxdIZc V:134 H:34 
C06306 $99 $AE $8B     STA $8BAE,Y [7E8C74] = $EA60    A:9AA0 X:00C6 Y:00C6 S:033F D:0000 DB:7E P:NvmxdIzc V:134 H:39 
C06309 $A5 $2E         LDA $2E [00002E] = $0000        A:9AA0 X:00C6 Y:00C6 S:033F D:0000 DB:7E P:NvmxdIzc V:134 H:49 
C0630B $69 $E3 $00     ADC #$00E3                      A:0000 X:00C6 Y:00C6 S:033F D:0000 DB:7E P:nvmxdIZc V:134 H:56 
C0630E $99 $AE $8D     STA $8DAE,Y [7E8E74] = $00D0    A:00E3 X:00C6 Y:00C6 S:033F D:0000 DB:7E P:nvmxdIzc V:134 H:60 
C06311 $A9 $10 $00     LDA #$0010                      A:00E3 X:00C6 Y:00C6 S:033F D:0000 DB:7E P:nvmxdIzc V:134 H:70 
C06314 $99 $AE $91     STA $91AE,Y [7E9274] = $0020    A:0010 X:00C6 Y:00C6 S:033F D:0000 DB:7E P:nvmxdIzc V:134 H:75 
C06317 $8A             TXA                             A:0010 X:00C6 Y:00C6 S:033F D:0000 DB:7E P:nvmxdIzc V:134 H:85 
C06318 $0A             ASL                             A:00C6 X:00C6 Y:00C6 S:033F D:0000 DB:7E P:nvmxdIzc V:134 H:88 
C06319 $0A             ASL                             A:018C X:00C6 Y:00C6 S:033F D:0000 DB:7E P:nvmxdIzc V:134 H:91 
C0631A $18             CLC                             A:0318 X:00C6 Y:00C6 S:033F D:0000 DB:7E P:nvmxdIzc V:134 H:94 
C0631B $6D $DF $99     ADC $99DF [7E99DF] = $4000      A:0318 X:00C6 Y:00C6 S:033F D:0000 DB:7E P:nvmxdIzc V:134 H:97 
C0631E $99 $AE $8F     STA $8FAE,Y [7E9074] = $0630    A:4318 X:00C6 Y:00C6 S:033F D:0000 DB:7E P:nvmxdIzc V:134 H:105
C06321 $EE $AE $93     INC $93AE [7E93AE] = $00C6      A:4318 X:00C6 Y:00C6 S:033F D:0000 DB:7E P:nvmxdIzc V:134 H:115
C06324 $EE $AE $93     INC $93AE [7E93AE] = $00C7      A:4318 X:00C6 Y:00C6 S:033F D:0000 DB:7E P:nvmxdIzc V:134 H:129
C06327 $E8             INX                             A:4318 X:00C6 Y:00C6 S:033F D:0000 DB:7E P:nvmxdIzc V:134 H:153
C06328 $E8             INX                             A:4318 X:00C7 Y:00C6 S:033F D:0000 DB:7E P:nvmxdIzc V:134 H:156
C06329 $E6 $2A         INC $2A [00002A] = $0063        A:4318 X:00C8 Y:00C6 S:033F D:0000 DB:7E P:nvmxdIzc V:134 H:159
C0632B $CE $7A $96     DEC $967A [7E967A] = $0012      A:4318 X:00C8 Y:00C6 S:033F D:0000 DB:7E P:nvmxdIzc V:134 H:172
C0632E $D0 $A9         BNE $C062D9                     A:4318 X:00C8 Y:00C6 S:033F D:0000 DB:7E P:nvmxdIzc V:134 H:186
C062D9 $A5 $2A         LDA $2A [00002A] = $0064        A:4318 X:00C8 Y:00C6 S:033F D:0000 DB:7E P:nvmxdIzc V:134 H:190
C062DB $CF $4E $B7 $7F CMP $7FB74E                     A:0064 X:00C8 Y:00C6 S:033F D:0000 DB:7E P:nvmxdIzc V:134 H:197
C062DF $B0 $08         BCS $C062E9                     A:0064 X:00C8 Y:00C6 S:033F D:0000 DB:7E P:NvmxdIzc V:134 H:207
C062E1 $AC $AE $93     LDY $93AE [7E93AE] = $00C8      A:0064 X:00C8 Y:00C6 S:033F D:0000 DB:7E P:NvmxdIzc V:134 H:210
C062E4 $C0 $00 $02     CPY #$0200                      A:0064 X:00C8 Y:00C8 S:033F D:0000 DB:7E P:nvmxdIzc V:134 H:219
C062E7 $90 $06         BCC $C062EF                     A:0064 X:00C8 Y:00C8 S:033F D:0000 DB:7E P:NvmxdIzc V:134 H:223
C062EF $AC $AE $93     LDY $93AE [7E93AE] = $00C8      A:0064 X:00C8 Y:00C8 S:033F D:0000 DB:7E P:NvmxdIzc V:134 H:228
C062F2 $BF $EA $AE $7F LDA $7FAEEA,X [7FAFB2] = $00C1  A:0064 X:00C8 Y:00C8 S:033F D:0000 DB:7E P:nvmxdIzc V:134 H:236
C062F6 $0A             ASL                             A:00C1 X:00C8 Y:00C8 S:033F D:0000 DB:7E P:nvmxdIzc V:134 H:246
C062F7 $26 $2E         ROL $2E [00002E] = $0000        A:0182 X:00C8 Y:00C8 S:033F D:0000 DB:7E P:nvmxdIzc V:134 H:249
C062F9 $0A             ASL                             A:0182 X:00C8 Y:00C8 S:033F D:0000 DB:7E P:nvmxdIZc V:134 H:262
C062FA $26 $2E         ROL $2E [00002E] = $0000        A:0304 X:00C8 Y:00C8 S:033F D:0000 DB:7E P:nvmxdIzc V:134 H:265
C062FC $0A             ASL                             A:0304 X:00C8 Y:00C8 S:033F D:0000 DB:7E P:nvmxdIZc V:134 H:294
C062FD $26 $2E         ROL $2E [00002E] = $0000        A:0608 X:00C8 Y:00C8 S:033F D:0000 DB:7E P:nvmxdIzc V:134 H:297
C062FF $0A             ASL                             A:0608 X:00C8 Y:00C8 S:033F D:0000 DB:7E P:nvmxdIZc V:134 H:309
C06300 $26 $2E         ROL $2E [00002E] = $0000        A:0C10 X:00C8 Y:00C8 S:033F D:0000 DB:7E P:nvmxdIzc V:134 H:312
C06302 $18             CLC                             A:0C10 X:00C8 Y:00C8 S:033F D:0000 DB:7E P:nvmxdIZc V:134 H:324
C06303 $69 $A0 $8E     ADC #$8EA0                      A:0C10 X:00C8 Y:00C8 S:033F D:0000 DB:7E P:nvmxdIZc V:134 H:327
C06306 $99 $AE $8B     STA $8BAE,Y [7E8C76] = $EA80    A:9AB0 X:00C8 Y:00C8 S:033F D:0000 DB:7E P:NvmxdIzc V:134 H:331
C06309 $A5 $2E         LDA $2E [00002E] = $0000        A:9AB0 X:00C8 Y:00C8 S:033F D:0000 DB:7E P:NvmxdIzc V:135 H:1  
C0630B $69 $E3 $00     ADC #$00E3                      A:0000 X:00C8 Y:00C8 S:033F D:0000 DB:7E P:nvmxdIZc V:135 H:8  
C0630E $99 $AE $8D     STA $8DAE,Y [7E8E76] = $00D0    A:00E3 X:00C8 Y:00C8 S:033F D:0000 DB:7E P:nvmxdIzc V:135 H:13 
C06311 $A9 $10 $00     LDA #$0010                      A:00E3 X:00C8 Y:00C8 S:033F D:0000 DB:7E P:nvmxdIzc V:135 H:23 
C06314 $99 $AE $91     STA $91AE,Y [7E9276] = $0020    A:0010 X:00C8 Y:00C8 S:033F D:0000 DB:7E P:nvmxdIzc V:135 H:27 
C06317 $8A             TXA                             A:0010 X:00C8 Y:00C8 S:033F D:0000 DB:7E P:nvmxdIzc V:135 H:37 
C06318 $0A             ASL                             A:00C8 X:00C8 Y:00C8 S:033F D:0000 DB:7E P:nvmxdIzc V:135 H:40 
C06319 $0A             ASL                             A:0190 X:00C8 Y:00C8 S:033F D:0000 DB:7E P:nvmxdIzc V:135 H:43 
C0631A $18             CLC                             A:0320 X:00C8 Y:00C8 S:033F D:0000 DB:7E P:nvmxdIzc V:135 H:46 
C0631B $6D $DF $99     ADC $99DF [7E99DF] = $4000      A:0320 X:00C8 Y:00C8 S:033F D:0000 DB:7E P:nvmxdIzc V:135 H:49 
C0631E $99 $AE $8F     STA $8FAE,Y [7E9076] = $0640    A:4320 X:00C8 Y:00C8 S:033F D:0000 DB:7E P:nvmxdIzc V:135 H:58 
C06321 $EE $AE $93     INC $93AE [7E93AE] = $00C8      A:4320 X:00C8 Y:00C8 S:033F D:0000 DB:7E P:nvmxdIzc V:135 H:68 
C06324 $EE $AE $93     INC $93AE [7E93AE] = $00C9      A:4320 X:00C8 Y:00C8 S:033F D:0000 DB:7E P:nvmxdIzc V:135 H:82 
C06327 $E8             INX                             A:4320 X:00C8 Y:00C8 S:033F D:0000 DB:7E P:nvmxdIzc V:135 H:96 
C06328 $E8             INX                             A:4320 X:00C9 Y:00C8 S:033F D:0000 DB:7E P:nvmxdIzc V:135 H:99 
C06329 $E6 $2A         INC $2A [00002A] = $0064        A:4320 X:00CA Y:00C8 S:033F D:0000 DB:7E P:nvmxdIzc V:135 H:102
C0632B $CE $7A $96     DEC $967A [7E967A] = $0011      A:4320 X:00CA Y:00C8 S:033F D:0000 DB:7E P:nvmxdIzc V:135 H:114
C0632E $D0 $A9         BNE $C062D9                     A:4320 X:00CA Y:00C8 S:033F D:0000 DB:7E P:nvmxdIzc V:135 H:128
C062D9 $A5 $2A         LDA $2A [00002A] = $0065        A:4320 X:00CA Y:00C8 S:033F D:0000 DB:7E P:nvmxdIzc V:135 H:133
C062DB $CF $4E $B7 $7F CMP $7FB74E                     A:0065 X:00CA Y:00C8 S:033F D:0000 DB:7E P:nvmxdIzc V:135 H:150
C062DF $B0 $08         BCS $C062E9                     A:0065 X:00CA Y:00C8 S:033F D:0000 DB:7E P:NvmxdIzc V:135 H:160
C062E1 $AC $AE $93     LDY $93AE [7E93AE] = $00CA      A:0065 X:00CA Y:00C8 S:033F D:0000 DB:7E P:NvmxdIzc V:135 H:163
C062E4 $C0 $00 $02     CPY #$0200                      A:0065 X:00CA Y:00CA S:033F D:0000 DB:7E P:nvmxdIzc V:135 H:171
C062E7 $90 $06         BCC $C062EF                     A:0065 X:00CA Y:00CA S:033F D:0000 DB:7E P:NvmxdIzc V:135 H:176
C062EF $AC $AE $93     LDY $93AE [7E93AE] = $00CA      A:0065 X:00CA Y:00CA S:033F D:0000 DB:7E P:NvmxdIzc V:135 H:180
C062F2 $BF $EA $AE $7F LDA $7FAEEA,X [7FAFB4] = $003B  A:0065 X:00CA Y:00CA S:033F D:0000 DB:7E P:nvmxdIzc V:135 H:189
C062F6 $0A             ASL                             A:003B X:00CA Y:00CA S:033F D:0000 DB:7E P:nvmxdIzc V:135 H:199
C062F7 $26 $2E         ROL $2E [00002E] = $0000        A:0076 X:00CA Y:00CA S:033F D:0000 DB:7E P:nvmxdIzc V:135 H:202
C062F9 $0A             ASL                             A:0076 X:00CA Y:00CA S:033F D:0000 DB:7E P:nvmxdIZc V:135 H:214
C062FA $26 $2E         ROL $2E [00002E] = $0000        A:00EC X:00CA Y:00CA S:033F D:0000 DB:7E P:nvmxdIzc V:135 H:217
C062FC $0A             ASL                             A:00EC X:00CA Y:00CA S:033F D:0000 DB:7E P:nvmxdIZc V:135 H:230
C062FD $26 $2E         ROL $2E [00002E] = $0000        A:01D8 X:00CA Y:00CA S:033F D:0000 DB:7E P:nvmxdIzc V:135 H:233
C062FF $0A             ASL                             A:01D8 X:00CA Y:00CA S:033F D:0000 DB:7E P:nvmxdIZc V:135 H:245
C06300 $26 $2E         ROL $2E [00002E] = $0000        A:03B0 X:00CA Y:00CA S:033F D:0000 DB:7E P:nvmxdIzc V:135 H:248
C06302 $18             CLC                             A:03B0 X:00CA Y:00CA S:033F D:0000 DB:7E P:nvmxdIZc V:135 H:261
C06303 $69 $A0 $8E     ADC #$8EA0                      A:03B0 X:00CA Y:00CA S:033F D:0000 DB:7E P:nvmxdIZc V:135 H:264
C06306 $99 $AE $8B     STA $8BAE,Y [7E8C78] = $EAA0    A:9250 X:00CA Y:00CA S:033F D:0000 DB:7E P:NvmxdIzc V:135 H:268
C06309 $A5 $2E         LDA $2E [00002E] = $0000        A:9250 X:00CA Y:00CA S:033F D:0000 DB:7E P:NvmxdIzc V:135 H:320
C0630B $69 $E3 $00     ADC #$00E3                      A:0000 X:00CA Y:00CA S:033F D:0000 DB:7E P:nvmxdIZc V:135 H:327
C0630E $99 $AE $8D     STA $8DAE,Y [7E8E78] = $00D0    A:00E3 X:00CA Y:00CA S:033F D:0000 DB:7E P:nvmxdIzc V:135 H:331
C06311 $A9 $10 $00     LDA #$0010                      A:00E3 X:00CA Y:00CA S:033F D:0000 DB:7E P:nvmxdIzc V:136 H:1  
C06314 $99 $AE $91     STA $91AE,Y [7E9278] = $0020    A:0010 X:00CA Y:00CA S:033F D:0000 DB:7E P:nvmxdIzc V:136 H:5  
C06317 $8A             TXA                             A:0010 X:00CA Y:00CA S:033F D:0000 DB:7E P:nvmxdIzc V:136 H:15 
C06318 $0A             ASL                             A:00CA X:00CA Y:00CA S:033F D:0000 DB:7E P:nvmxdIzc V:136 H:18 
C06319 $0A             ASL                             A:0194 X:00CA Y:00CA S:033F D:0000 DB:7E P:nvmxdIzc V:136 H:21 
C0631A $18             CLC                             A:0328 X:00CA Y:00CA S:033F D:0000 DB:7E P:nvmxdIzc V:136 H:24 
C0631B $6D $DF $99     ADC $99DF [7E99DF] = $4000      A:0328 X:00CA Y:00CA S:033F D:0000 DB:7E P:nvmxdIzc V:136 H:27 
C0631E $99 $AE $8F     STA $8FAE,Y [7E9078] = $0650    A:4328 X:00CA Y:00CA S:033F D:0000 DB:7E P:nvmxdIzc V:136 H:36 
C06321 $EE $AE $93     INC $93AE [7E93AE] = $00CA      A:4328 X:00CA Y:00CA S:033F D:0000 DB:7E P:nvmxdIzc V:136 H:46 
C06324 $EE $AE $93     INC $93AE [7E93AE] = $00CB      A:4328 X:00CA Y:00CA S:033F D:0000 DB:7E P:nvmxdIzc V:136 H:60 
C06327 $E8             INX                             A:4328 X:00CA Y:00CA S:033F D:0000 DB:7E P:nvmxdIzc V:136 H:74 
C06328 $E8             INX                             A:4328 X:00CB Y:00CA S:033F D:0000 DB:7E P:nvmxdIzc V:136 H:77 
C06329 $E6 $2A         INC $2A [00002A] = $0065        A:4328 X:00CC Y:00CA S:033F D:0000 DB:7E P:nvmxdIzc V:136 H:80 
C0632B $CE $7A $96     DEC $967A [7E967A] = $0010      A:4328 X:00CC Y:00CA S:033F D:0000 DB:7E P:nvmxdIzc V:136 H:92 
C0632E $D0 $A9         BNE $C062D9                     A:4328 X:00CC Y:00CA S:033F D:0000 DB:7E P:nvmxdIzc V:136 H:106
C062D9 $A5 $2A         LDA $2A [00002A] = $0066        A:4328 X:00CC Y:00CA S:033F D:0000 DB:7E P:nvmxdIzc V:136 H:111
C062DB $CF $4E $B7 $7F CMP $7FB74E                     A:0066 X:00CC Y:00CA S:033F D:0000 DB:7E P:nvmxdIzc V:136 H:118
C062DF $B0 $08         BCS $C062E9                     A:0066 X:00CC Y:00CA S:033F D:0000 DB:7E P:NvmxdIzc V:136 H:128
C062E1 $AC $AE $93     LDY $93AE [7E93AE] = $00CC      A:0066 X:00CC Y:00CA S:033F D:0000 DB:7E P:NvmxdIzc V:136 H:131
C062E4 $C0 $00 $02     CPY #$0200                      A:0066 X:00CC Y:00CC S:033F D:0000 DB:7E P:nvmxdIzc V:136 H:149
C062E7 $90 $06         BCC $C062EF                     A:0066 X:00CC Y:00CC S:033F D:0000 DB:7E P:NvmxdIzc V:136 H:154
C062EF $AC $AE $93     LDY $93AE [7E93AE] = $00CC      A:0066 X:00CC Y:00CC S:033F D:0000 DB:7E P:NvmxdIzc V:136 H:158
C062F2 $BF $EA $AE $7F LDA $7FAEEA,X [7FAFB6] = $00C2  A:0066 X:00CC Y:00CC S:033F D:0000 DB:7E P:nvmxdIzc V:136 H:167
C062F6 $0A             ASL                             A:00C2 X:00CC Y:00CC S:033F D:0000 DB:7E P:nvmxdIzc V:136 H:177
C062F7 $26 $2E         ROL $2E [00002E] = $0000        A:0184 X:00CC Y:00CC S:033F D:0000 DB:7E P:nvmxdIzc V:136 H:180
C062F9 $0A             ASL                             A:0184 X:00CC Y:00CC S:033F D:0000 DB:7E P:nvmxdIZc V:136 H:192
C062FA $26 $2E         ROL $2E [00002E] = $0000        A:0308 X:00CC Y:00CC S:033F D:0000 DB:7E P:nvmxdIzc V:136 H:195
C062FC $0A             ASL                             A:0308 X:00CC Y:00CC S:033F D:0000 DB:7E P:nvmxdIZc V:136 H:208
C062FD $26 $2E         ROL $2E [00002E] = $0000        A:0610 X:00CC Y:00CC S:033F D:0000 DB:7E P:nvmxdIzc V:136 H:211
C062FF $0A             ASL                             A:0610 X:00CC Y:00CC S:033F D:0000 DB:7E P:nvmxdIZc V:136 H:223
C06300 $26 $2E         ROL $2E [00002E] = $0000        A:0C20 X:00CC Y:00CC S:033F D:0000 DB:7E P:nvmxdIzc V:136 H:226
C06302 $18             CLC                             A:0C20 X:00CC Y:00CC S:033F D:0000 DB:7E P:nvmxdIZc V:136 H:239
C06303 $69 $A0 $8E     ADC #$8EA0                      A:0C20 X:00CC Y:00CC S:033F D:0000 DB:7E P:nvmxdIZc V:136 H:242
C06306 $99 $AE $8B     STA $8BAE,Y [7E8C7A] = $EAC0    A:9AC0 X:00CC Y:00CC S:033F D:0000 DB:7E P:NvmxdIzc V:136 H:246
C06309 $A5 $2E         LDA $2E [00002E] = $0000        A:9AC0 X:00CC Y:00CC S:033F D:0000 DB:7E P:NvmxdIzc V:136 H:256
C0630B $69 $E3 $00     ADC #$00E3                      A:0000 X:00CC Y:00CC S:033F D:0000 DB:7E P:nvmxdIZc V:136 H:263
C0630E $99 $AE $8D     STA $8DAE,Y [7E8E7A] = $00D0    A:00E3 X:00CC Y:00CC S:033F D:0000 DB:7E P:nvmxdIzc V:136 H:268
C06311 $A9 $10 $00     LDA #$0010                      A:00E3 X:00CC Y:00CC S:033F D:0000 DB:7E P:nvmxdIzc V:136 H:320
C06314 $99 $AE $91     STA $91AE,Y [7E927A] = $0020    A:0010 X:00CC Y:00CC S:033F D:0000 DB:7E P:nvmxdIzc V:136 H:324
C06317 $8A             TXA                             A:0010 X:00CC Y:00CC S:033F D:0000 DB:7E P:nvmxdIzc V:136 H:333
C06318 $0A             ASL                             A:00CC X:00CC Y:00CC S:033F D:0000 DB:7E P:nvmxdIzc V:136 H:336
C06319 $0A             ASL                             A:0198 X:00CC Y:00CC S:033F D:0000 DB:7E P:nvmxdIzc V:136 H:339
C0631A $18             CLC                             A:0330 X:00CC Y:00CC S:033F D:0000 DB:7E P:nvmxdIzc V:137 H:2  
C0631B $6D $DF $99     ADC $99DF [7E99DF] = $4000      A:0330 X:00CC Y:00CC S:033F D:0000 DB:7E P:nvmxdIzc V:137 H:5  
C0631E $99 $AE $8F     STA $8FAE,Y [7E907A] = $0660    A:4330 X:00CC Y:00CC S:033F D:0000 DB:7E P:nvmxdIzc V:137 H:14 
C06321 $EE $AE $93     INC $93AE [7E93AE] = $00CC      A:4330 X:00CC Y:00CC S:033F D:0000 DB:7E P:nvmxdIzc V:137 H:24 
C06324 $EE $AE $93     INC $93AE [7E93AE] = $00CD      A:4330 X:00CC Y:00CC S:033F D:0000 DB:7E P:nvmxdIzc V:137 H:38 
C06327 $E8             INX                             A:4330 X:00CC Y:00CC S:033F D:0000 DB:7E P:nvmxdIzc V:137 H:52 
C06328 $E8             INX                             A:4330 X:00CD Y:00CC S:033F D:0000 DB:7E P:nvmxdIzc V:137 H:55 
C06329 $E6 $2A         INC $2A [00002A] = $0066        A:4330 X:00CE Y:00CC S:033F D:0000 DB:7E P:nvmxdIzc V:137 H:58 
C0632B $CE $7A $96     DEC $967A [7E967A] = $000F      A:4330 X:00CE Y:00CC S:033F D:0000 DB:7E P:nvmxdIzc V:137 H:70 
C0632E $D0 $A9         BNE $C062D9                     A:4330 X:00CE Y:00CC S:033F D:0000 DB:7E P:nvmxdIzc V:137 H:84 
C062D9 $A5 $2A         LDA $2A [00002A] = $0067        A:4330 X:00CE Y:00CC S:033F D:0000 DB:7E P:nvmxdIzc V:137 H:89 
C062DB $CF $4E $B7 $7F CMP $7FB74E                     A:0067 X:00CE Y:00CC S:033F D:0000 DB:7E P:nvmxdIzc V:137 H:96 
C062DF $B0 $08         BCS $C062E9                     A:0067 X:00CE Y:00CC S:033F D:0000 DB:7E P:NvmxdIzc V:137 H:106
C062E1 $AC $AE $93     LDY $93AE [7E93AE] = $00CE      A:0067 X:00CE Y:00CC S:033F D:0000 DB:7E P:NvmxdIzc V:137 H:109
C062E4 $C0 $00 $02     CPY #$0200                      A:0067 X:00CE Y:00CE S:033F D:0000 DB:7E P:nvmxdIzc V:137 H:117
C062E7 $90 $06         BCC $C062EF                     A:0067 X:00CE Y:00CE S:033F D:0000 DB:7E P:NvmxdIzc V:137 H:122
C062EF $AC $AE $93     LDY $93AE [7E93AE] = $00CE      A:0067 X:00CE Y:00CE S:033F D:0000 DB:7E P:NvmxdIzc V:137 H:126
C062F2 $BF $EA $AE $7F LDA $7FAEEA,X [7FAFB8] = $00C3  A:0067 X:00CE Y:00CE S:033F D:0000 DB:7E P:nvmxdIzc V:137 H:145
C062F6 $0A             ASL                             A:00C3 X:00CE Y:00CE S:033F D:0000 DB:7E P:nvmxdIzc V:137 H:155
C062F7 $26 $2E         ROL $2E [00002E] = $0000        A:0186 X:00CE Y:00CE S:033F D:0000 DB:7E P:nvmxdIzc V:137 H:158
C062F9 $0A             ASL                             A:0186 X:00CE Y:00CE S:033F D:0000 DB:7E P:nvmxdIZc V:137 H:170
C062FA $26 $2E         ROL $2E [00002E] = $0000        A:030C X:00CE Y:00CE S:033F D:0000 DB:7E P:nvmxdIzc V:137 H:173
C062FC $0A             ASL                             A:030C X:00CE Y:00CE S:033F D:0000 DB:7E P:nvmxdIZc V:137 H:186
C062FD $26 $2E         ROL $2E [00002E] = $0000        A:0618 X:00CE Y:00CE S:033F D:0000 DB:7E P:nvmxdIzc V:137 H:189
C062FF $0A             ASL                             A:0618 X:00CE Y:00CE S:033F D:0000 DB:7E P:nvmxdIZc V:137 H:201
C06300 $26 $2E         ROL $2E [00002E] = $0000        A:0C30 X:00CE Y:00CE S:033F D:0000 DB:7E P:nvmxdIzc V:137 H:204
C06302 $18             CLC                             A:0C30 X:00CE Y:00CE S:033F D:0000 DB:7E P:nvmxdIZc V:137 H:217
C06303 $69 $A0 $8E     ADC #$8EA0                      A:0C30 X:00CE Y:00CE S:033F D:0000 DB:7E P:nvmxdIZc V:137 H:220
C06306 $99 $AE $8B     STA $8BAE,Y [7E8C7C] = $EAE0    A:9AD0 X:00CE Y:00CE S:033F D:0000 DB:7E P:NvmxdIzc V:137 H:224
C06309 $A5 $2E         LDA $2E [00002E] = $0000        A:9AD0 X:00CE Y:00CE S:033F D:0000 DB:7E P:NvmxdIzc V:137 H:234
C0630B $69 $E3 $00     ADC #$00E3                      A:0000 X:00CE Y:00CE S:033F D:0000 DB:7E P:nvmxdIZc V:137 H:241
C0630E $99 $AE $8D     STA $8DAE,Y [7E8E7C] = $00D0    A:00E3 X:00CE Y:00CE S:033F D:0000 DB:7E P:nvmxdIzc V:137 H:246
C06311 $A9 $10 $00     LDA #$0010                      A:00E3 X:00CE Y:00CE S:033F D:0000 DB:7E P:nvmxdIzc V:137 H:256
C06314 $99 $AE $91     STA $91AE,Y [7E927C] = $0020    A:0010 X:00CE Y:00CE S:033F D:0000 DB:7E P:nvmxdIzc V:137 H:260
C06317 $8A             TXA                             A:0010 X:00CE Y:00CE S:033F D:0000 DB:7E P:nvmxdIzc V:137 H:270
C06318 $0A             ASL                             A:00CE X:00CE Y:00CE S:033F D:0000 DB:7E P:nvmxdIzc V:137 H:273
C06319 $0A             ASL                             A:019C X:00CE Y:00CE S:033F D:0000 DB:7E P:nvmxdIzc V:137 H:293
C0631A $18             CLC                             A:0338 X:00CE Y:00CE S:033F D:0000 DB:7E P:nvmxdIzc V:137 H:296
C0631B $6D $DF $99     ADC $99DF [7E99DF] = $4000      A:0338 X:00CE Y:00CE S:033F D:0000 DB:7E P:nvmxdIzc V:137 H:299
C0631E $99 $AE $8F     STA $8FAE,Y [7E907C] = $0670    A:4338 X:00CE Y:00CE S:033F D:0000 DB:7E P:nvmxdIzc V:137 H:307
C06321 $EE $AE $93     INC $93AE [7E93AE] = $00CE      A:4338 X:00CE Y:00CE S:033F D:0000 DB:7E P:nvmxdIzc V:137 H:317
C06324 $EE $AE $93     INC $93AE [7E93AE] = $00CF      A:4338 X:00CE Y:00CE S:033F D:0000 DB:7E P:nvmxdIzc V:137 H:330
C06327 $E8             INX                             A:4338 X:00CE Y:00CE S:033F D:0000 DB:7E P:nvmxdIzc V:138 H:4  
C06328 $E8             INX                             A:4338 X:00CF Y:00CE S:033F D:0000 DB:7E P:nvmxdIzc V:138 H:7  
C06329 $E6 $2A         INC $2A [00002A] = $0067        A:4338 X:00D0 Y:00CE S:033F D:0000 DB:7E P:nvmxdIzc V:138 H:10 
C0632B $CE $7A $96     DEC $967A [7E967A] = $000E      A:4338 X:00D0 Y:00CE S:033F D:0000 DB:7E P:nvmxdIzc V:138 H:23 
C0632E $D0 $A9         BNE $C062D9                     A:4338 X:00D0 Y:00CE S:033F D:0000 DB:7E P:nvmxdIzc V:138 H:37 
C062D9 $A5 $2A         LDA $2A [00002A] = $0068        A:4338 X:00D0 Y:00CE S:033F D:0000 DB:7E P:nvmxdIzc V:138 H:41 
C062DB $CF $4E $B7 $7F CMP $7FB74E                     A:0068 X:00D0 Y:00CE S:033F D:0000 DB:7E P:nvmxdIzc V:138 H:48 
C062DF $B0 $08         BCS $C062E9                     A:0068 X:00D0 Y:00CE S:033F D:0000 DB:7E P:NvmxdIzc V:138 H:58 
C062E1 $AC $AE $93     LDY $93AE [7E93AE] = $00D0      A:0068 X:00D0 Y:00CE S:033F D:0000 DB:7E P:NvmxdIzc V:138 H:61 
C062E4 $C0 $00 $02     CPY #$0200                      A:0068 X:00D0 Y:00D0 S:033F D:0000 DB:7E P:nvmxdIzc V:138 H:70 
C062E7 $90 $06         BCC $C062EF                     A:0068 X:00D0 Y:00D0 S:033F D:0000 DB:7E P:NvmxdIzc V:138 H:74 
C062EF $AC $AE $93     LDY $93AE [7E93AE] = $00D0      A:0068 X:00D0 Y:00D0 S:033F D:0000 DB:7E P:NvmxdIzc V:138 H:79 
C062F2 $BF $EA $AE $7F LDA $7FAEEA,X [7FAFBA] = $00C4  A:0068 X:00D0 Y:00D0 S:033F D:0000 DB:7E P:nvmxdIzc V:138 H:87 
C062F6 $0A             ASL                             A:00C4 X:00D0 Y:00D0 S:033F D:0000 DB:7E P:nvmxdIzc V:138 H:97 
C062F7 $26 $2E         ROL $2E [00002E] = $0000        A:0188 X:00D0 Y:00D0 S:033F D:0000 DB:7E P:nvmxdIzc V:138 H:100
C062F9 $0A             ASL                             A:0188 X:00D0 Y:00D0 S:033F D:0000 DB:7E P:nvmxdIZc V:138 H:113
C062FA $26 $2E         ROL $2E [00002E] = $0000        A:0310 X:00D0 Y:00D0 S:033F D:0000 DB:7E P:nvmxdIzc V:138 H:116
C062FC $0A             ASL                             A:0310 X:00D0 Y:00D0 S:033F D:0000 DB:7E P:nvmxdIZc V:138 H:128
C062FD $26 $2E         ROL $2E [00002E] = $0000        A:0620 X:00D0 Y:00D0 S:033F D:0000 DB:7E P:nvmxdIzc V:138 H:131
C062FF $0A             ASL                             A:0620 X:00D0 Y:00D0 S:033F D:0000 DB:7E P:nvmxdIZc V:138 H:154
C06300 $26 $2E         ROL $2E [00002E] = $0000        A:0C40 X:00D0 Y:00D0 S:033F D:0000 DB:7E P:nvmxdIzc V:138 H:157
C06302 $18             CLC                             A:0C40 X:00D0 Y:00D0 S:033F D:0000 DB:7E P:nvmxdIZc V:138 H:169
C06303 $69 $A0 $8E     ADC #$8EA0                      A:0C40 X:00D0 Y:00D0 S:033F D:0000 DB:7E P:nvmxdIZc V:138 H:172
C06306 $99 $AE $8B     STA $8BAE,Y [7E8C7E] = $EB00    A:9AE0 X:00D0 Y:00D0 S:033F D:0000 DB:7E P:NvmxdIzc V:138 H:177
C06309 $A5 $2E         LDA $2E [00002E] = $0000        A:9AE0 X:00D0 Y:00D0 S:033F D:0000 DB:7E P:NvmxdIzc V:138 H:187
C0630B $69 $E3 $00     ADC #$00E3                      A:0000 X:00D0 Y:00D0 S:033F D:0000 DB:7E P:nvmxdIZc V:138 H:194
C0630E $99 $AE $8D     STA $8DAE,Y [7E8E7E] = $00D0    A:00E3 X:00D0 Y:00D0 S:033F D:0000 DB:7E P:nvmxdIzc V:138 H:198
C06311 $A9 $10 $00     LDA #$0010                      A:00E3 X:00D0 Y:00D0 S:033F D:0000 DB:7E P:nvmxdIzc V:138 H:208
C06314 $99 $AE $91     STA $91AE,Y [7E927E] = $0020    A:0010 X:00D0 Y:00D0 S:033F D:0000 DB:7E P:nvmxdIzc V:138 H:213
C06317 $8A             TXA                             A:0010 X:00D0 Y:00D0 S:033F D:0000 DB:7E P:nvmxdIzc V:138 H:223
C06318 $0A             ASL                             A:00D0 X:00D0 Y:00D0 S:033F D:0000 DB:7E P:nvmxdIzc V:138 H:226
C06319 $0A             ASL                             A:01A0 X:00D0 Y:00D0 S:033F D:0000 DB:7E P:nvmxdIzc V:138 H:229
C0631A $18             CLC                             A:0340 X:00D0 Y:00D0 S:033F D:0000 DB:7E P:nvmxdIzc V:138 H:232
C0631B $6D $DF $99     ADC $99DF [7E99DF] = $4000      A:0340 X:00D0 Y:00D0 S:033F D:0000 DB:7E P:nvmxdIzc V:138 H:235
C0631E $99 $AE $8F     STA $8FAE,Y [7E907E] = $0680    A:4340 X:00D0 Y:00D0 S:033F D:0000 DB:7E P:nvmxdIzc V:138 H:243
C06321 $EE $AE $93     INC $93AE [7E93AE] = $00D0      A:4340 X:00D0 Y:00D0 S:033F D:0000 DB:7E P:nvmxdIzc V:138 H:253
C06324 $EE $AE $93     INC $93AE [7E93AE] = $00D1      A:4340 X:00D0 Y:00D0 S:033F D:0000 DB:7E P:nvmxdIzc V:138 H:267
C06327 $E8             INX                             A:4340 X:00D0 Y:00D0 S:033F D:0000 DB:7E P:nvmxdIzc V:138 H:299
C06328 $E8             INX                             A:4340 X:00D1 Y:00D0 S:033F D:0000 DB:7E P:nvmxdIzc V:138 H:302
C06329 $E6 $2A         INC $2A [00002A] = $0068        A:4340 X:00D2 Y:00D0 S:033F D:0000 DB:7E P:nvmxdIzc V:138 H:305
C0632B $CE $7A $96     DEC $967A [7E967A] = $000D      A:4340 X:00D2 Y:00D0 S:033F D:0000 DB:7E P:nvmxdIzc V:138 H:318
C0632E $D0 $A9         BNE $C062D9                     A:4340 X:00D2 Y:00D0 S:033F D:0000 DB:7E P:nvmxdIzc V:138 H:331
C062D9 $A5 $2A         LDA $2A [00002A] = $0069        A:4340 X:00D2 Y:00D0 S:033F D:0000 DB:7E P:nvmxdIzc V:138 H:335
C062DB $CF $4E $B7 $7F CMP $7FB74E                     A:0069 X:00D2 Y:00D0 S:033F D:0000 DB:7E P:nvmxdIzc V:139 H:2  
C062DF $B0 $08         BCS $C062E9                     A:0069 X:00D2 Y:00D0 S:033F D:0000 DB:7E P:NvmxdIzc V:139 H:12 
C062E1 $AC $AE $93     LDY $93AE [7E93AE] = $00D2      A:0069 X:00D2 Y:00D0 S:033F D:0000 DB:7E P:NvmxdIzc V:139 H:15 
C062E4 $C0 $00 $02     CPY #$0200                      A:0069 X:00D2 Y:00D2 S:033F D:0000 DB:7E P:nvmxdIzc V:139 H:24 
C062E7 $90 $06         BCC $C062EF                     A:0069 X:00D2 Y:00D2 S:033F D:0000 DB:7E P:NvmxdIzc V:139 H:28 
C062EF $AC $AE $93     LDY $93AE [7E93AE] = $00D2      A:0069 X:00D2 Y:00D2 S:033F D:0000 DB:7E P:NvmxdIzc V:139 H:33 
C062F2 $BF $EA $AE $7F LDA $7FAEEA,X [7FAFBC] = $00C5  A:0069 X:00D2 Y:00D2 S:033F D:0000 DB:7E P:nvmxdIzc V:139 H:41 
C062F6 $0A             ASL                             A:00C5 X:00D2 Y:00D2 S:033F D:0000 DB:7E P:nvmxdIzc V:139 H:51 
C062F7 $26 $2E         ROL $2E [00002E] = $0000        A:018A X:00D2 Y:00D2 S:033F D:0000 DB:7E P:nvmxdIzc V:139 H:54 
C062F9 $0A             ASL                             A:018A X:00D2 Y:00D2 S:033F D:0000 DB:7E P:nvmxdIZc V:139 H:67 
C062FA $26 $2E         ROL $2E [00002E] = $0000        A:0314 X:00D2 Y:00D2 S:033F D:0000 DB:7E P:nvmxdIzc V:139 H:70 
C062FC $0A             ASL                             A:0314 X:00D2 Y:00D2 S:033F D:0000 DB:7E P:nvmxdIZc V:139 H:82 
C062FD $26 $2E         ROL $2E [00002E] = $0000        A:0628 X:00D2 Y:00D2 S:033F D:0000 DB:7E P:nvmxdIzc V:139 H:85 
C062FF $0A             ASL                             A:0628 X:00D2 Y:00D2 S:033F D:0000 DB:7E P:nvmxdIZc V:139 H:98 
C06300 $26 $2E         ROL $2E [00002E] = $0000        A:0C50 X:00D2 Y:00D2 S:033F D:0000 DB:7E P:nvmxdIzc V:139 H:101
C06302 $18             CLC                             A:0C50 X:00D2 Y:00D2 S:033F D:0000 DB:7E P:nvmxdIZc V:139 H:113
C06303 $69 $A0 $8E     ADC #$8EA0                      A:0C50 X:00D2 Y:00D2 S:033F D:0000 DB:7E P:nvmxdIZc V:139 H:116
C06306 $99 $AE $8B     STA $8BAE,Y [7E8C80] = $EB20    A:9AF0 X:00D2 Y:00D2 S:033F D:0000 DB:7E P:NvmxdIzc V:139 H:121
C06309 $A5 $2E         LDA $2E [00002E] = $0000        A:9AF0 X:00D2 Y:00D2 S:033F D:0000 DB:7E P:NvmxdIzc V:139 H:131
C0630B $69 $E3 $00     ADC #$00E3                      A:0000 X:00D2 Y:00D2 S:033F D:0000 DB:7E P:nvmxdIZc V:139 H:148
C0630E $99 $AE $8D     STA $8DAE,Y [7E8E80] = $00D0    A:00E3 X:00D2 Y:00D2 S:033F D:0000 DB:7E P:nvmxdIzc V:139 H:152
C06311 $A9 $10 $00     LDA #$0010                      A:00E3 X:00D2 Y:00D2 S:033F D:0000 DB:7E P:nvmxdIzc V:139 H:162
C06314 $99 $AE $91     STA $91AE,Y [7E9280] = $0020    A:0010 X:00D2 Y:00D2 S:033F D:0000 DB:7E P:nvmxdIzc V:139 H:167
C06317 $8A             TXA                             A:0010 X:00D2 Y:00D2 S:033F D:0000 DB:7E P:nvmxdIzc V:139 H:177
C06318 $0A             ASL                             A:00D2 X:00D2 Y:00D2 S:033F D:0000 DB:7E P:nvmxdIzc V:139 H:180
C06319 $0A             ASL                             A:01A4 X:00D2 Y:00D2 S:033F D:0000 DB:7E P:nvmxdIzc V:139 H:183
C0631A $18             CLC                             A:0348 X:00D2 Y:00D2 S:033F D:0000 DB:7E P:nvmxdIzc V:139 H:186
C0631B $6D $DF $99     ADC $99DF [7E99DF] = $4000      A:0348 X:00D2 Y:00D2 S:033F D:0000 DB:7E P:nvmxdIzc V:139 H:189
C0631E $99 $AE $8F     STA $8FAE,Y [7E9080] = $0690    A:4348 X:00D2 Y:00D2 S:033F D:0000 DB:7E P:nvmxdIzc V:139 H:197
C06321 $EE $AE $93     INC $93AE [7E93AE] = $00D2      A:4348 X:00D2 Y:00D2 S:033F D:0000 DB:7E P:nvmxdIzc V:139 H:207
C06324 $EE $AE $93     INC $93AE [7E93AE] = $00D3      A:4348 X:00D2 Y:00D2 S:033F D:0000 DB:7E P:nvmxdIzc V:139 H:221
C06327 $E8             INX                             A:4348 X:00D2 Y:00D2 S:033F D:0000 DB:7E P:nvmxdIzc V:139 H:235
C06328 $E8             INX                             A:4348 X:00D3 Y:00D2 S:033F D:0000 DB:7E P:nvmxdIzc V:139 H:238
C06329 $E6 $2A         INC $2A [00002A] = $0069        A:4348 X:00D4 Y:00D2 S:033F D:0000 DB:7E P:nvmxdIzc V:139 H:241
C0632B $CE $7A $96     DEC $967A [7E967A] = $000C      A:4348 X:00D4 Y:00D2 S:033F D:0000 DB:7E P:nvmxdIzc V:139 H:254
C0632E $D0 $A9         BNE $C062D9                     A:4348 X:00D4 Y:00D2 S:033F D:0000 DB:7E P:nvmxdIzc V:139 H:268
C062D9 $A5 $2A         LDA $2A [00002A] = $006A        A:4348 X:00D4 Y:00D2 S:033F D:0000 DB:7E P:nvmxdIzc V:139 H:272
C062DB $CF $4E $B7 $7F CMP $7FB74E                     A:006A X:00D4 Y:00D2 S:033F D:0000 DB:7E P:nvmxdIzc V:139 H:295
C062DF $B0 $08         BCS $C062E9                     A:006A X:00D4 Y:00D2 S:033F D:0000 DB:7E P:NvmxdIzc V:139 H:305
C062E1 $AC $AE $93     LDY $93AE [7E93AE] = $00D4      A:006A X:00D4 Y:00D2 S:033F D:0000 DB:7E P:NvmxdIzc V:139 H:308
C062E4 $C0 $00 $02     CPY #$0200                      A:006A X:00D4 Y:00D4 S:033F D:0000 DB:7E P:nvmxdIzc V:139 H:317
C062E7 $90 $06         BCC $C062EF                     A:006A X:00D4 Y:00D4 S:033F D:0000 DB:7E P:NvmxdIzc V:139 H:321
C062EF $AC $AE $93     LDY $93AE [7E93AE] = $00D4      A:006A X:00D4 Y:00D4 S:033F D:0000 DB:7E P:NvmxdIzc V:139 H:325
C062F2 $BF $EA $AE $7F LDA $7FAEEA,X [7FAFBE] = $0044  A:006A X:00D4 Y:00D4 S:033F D:0000 DB:7E P:nvmxdIzc V:139 H:333
C062F6 $0A             ASL                             A:0044 X:00D4 Y:00D4 S:033F D:0000 DB:7E P:nvmxdIzc V:140 H:3  
C062F7 $26 $2E         ROL $2E [00002E] = $0000        A:0088 X:00D4 Y:00D4 S:033F D:0000 DB:7E P:nvmxdIzc V:140 H:6  
C062F9 $0A             ASL                             A:0088 X:00D4 Y:00D4 S:033F D:0000 DB:7E P:nvmxdIZc V:140 H:19 
C062FA $26 $2E         ROL $2E [00002E] = $0000        A:0110 X:00D4 Y:00D4 S:033F D:0000 DB:7E P:nvmxdIzc V:140 H:22 
C062FC $0A             ASL                             A:0110 X:00D4 Y:00D4 S:033F D:0000 DB:7E P:nvmxdIZc V:140 H:34 
C062FD $26 $2E         ROL $2E [00002E] = $0000        A:0220 X:00D4 Y:00D4 S:033F D:0000 DB:7E P:nvmxdIzc V:140 H:37 
C062FF $0A             ASL                             A:0220 X:00D4 Y:00D4 S:033F D:0000 DB:7E P:nvmxdIZc V:140 H:50 
C06300 $26 $2E         ROL $2E [00002E] = $0000        A:0440 X:00D4 Y:00D4 S:033F D:0000 DB:7E P:nvmxdIzc V:140 H:53 
C06302 $18             CLC                             A:0440 X:00D4 Y:00D4 S:033F D:0000 DB:7E P:nvmxdIZc V:140 H:65 
C06303 $69 $A0 $8E     ADC #$8EA0                      A:0440 X:00D4 Y:00D4 S:033F D:0000 DB:7E P:nvmxdIZc V:140 H:68 
C06306 $99 $AE $8B     STA $8BAE,Y [7E8C82] = $EB40    A:92E0 X:00D4 Y:00D4 S:033F D:0000 DB:7E P:NvmxdIzc V:140 H:73 
C06309 $A5 $2E         LDA $2E [00002E] = $0000        A:92E0 X:00D4 Y:00D4 S:033F D:0000 DB:7E P:NvmxdIzc V:140 H:83 
C0630B $69 $E3 $00     ADC #$00E3                      A:0000 X:00D4 Y:00D4 S:033F D:0000 DB:7E P:nvmxdIZc V:140 H:90 
C0630E $99 $AE $8D     STA $8DAE,Y [7E8E82] = $00D0    A:00E3 X:00D4 Y:00D4 S:033F D:0000 DB:7E P:nvmxdIzc V:140 H:94 
C06311 $A9 $10 $00     LDA #$0010                      A:00E3 X:00D4 Y:00D4 S:033F D:0000 DB:7E P:nvmxdIzc V:140 H:104
C06314 $99 $AE $91     STA $91AE,Y [7E9282] = $0020    A:0010 X:00D4 Y:00D4 S:033F D:0000 DB:7E P:nvmxdIzc V:140 H:109
C06317 $8A             TXA                             A:0010 X:00D4 Y:00D4 S:033F D:0000 DB:7E P:nvmxdIzc V:140 H:119
C06318 $0A             ASL                             A:00D4 X:00D4 Y:00D4 S:033F D:0000 DB:7E P:nvmxdIzc V:140 H:122
C06319 $0A             ASL                             A:01A8 X:00D4 Y:00D4 S:033F D:0000 DB:7E P:nvmxdIzc V:140 H:125
C0631A $18             CLC                             A:0350 X:00D4 Y:00D4 S:033F D:0000 DB:7E P:nvmxdIzc V:140 H:128
C0631B $6D $DF $99     ADC $99DF [7E99DF] = $4000      A:0350 X:00D4 Y:00D4 S:033F D:0000 DB:7E P:nvmxdIzc V:140 H:131
C0631E $99 $AE $8F     STA $8FAE,Y [7E9082] = $06A0    A:4350 X:00D4 Y:00D4 S:033F D:0000 DB:7E P:nvmxdIzc V:140 H:149
C06321 $EE $AE $93     INC $93AE [7E93AE] = $00D4      A:4350 X:00D4 Y:00D4 S:033F D:0000 DB:7E P:nvmxdIzc V:140 H:159
C06324 $EE $AE $93     INC $93AE [7E93AE] = $00D5      A:4350 X:00D4 Y:00D4 S:033F D:0000 DB:7E P:nvmxdIzc V:140 H:173
C06327 $E8             INX                             A:4350 X:00D4 Y:00D4 S:033F D:0000 DB:7E P:nvmxdIzc V:140 H:187
C06328 $E8             INX                             A:4350 X:00D5 Y:00D4 S:033F D:0000 DB:7E P:nvmxdIzc V:140 H:190
C06329 $E6 $2A         INC $2A [00002A] = $006A        A:4350 X:00D6 Y:00D4 S:033F D:0000 DB:7E P:nvmxdIzc V:140 H:193
C0632B $CE $7A $96     DEC $967A [7E967A] = $000B      A:4350 X:00D6 Y:00D4 S:033F D:0000 DB:7E P:nvmxdIzc V:140 H:206
C0632E $D0 $A9         BNE $C062D9                     A:4350 X:00D6 Y:00D4 S:033F D:0000 DB:7E P:nvmxdIzc V:140 H:220
C062D9 $A5 $2A         LDA $2A [00002A] = $006B        A:4350 X:00D6 Y:00D4 S:033F D:0000 DB:7E P:nvmxdIzc V:140 H:224
C062DB $CF $4E $B7 $7F CMP $7FB74E                     A:006B X:00D6 Y:00D4 S:033F D:0000 DB:7E P:nvmxdIzc V:140 H:231
C062DF $B0 $08         BCS $C062E9                     A:006B X:00D6 Y:00D4 S:033F D:0000 DB:7E P:NvmxdIzc V:140 H:241
C062E1 $AC $AE $93     LDY $93AE [7E93AE] = $00D6      A:006B X:00D6 Y:00D4 S:033F D:0000 DB:7E P:NvmxdIzc V:140 H:244
C062E4 $C0 $00 $02     CPY #$0200                      A:006B X:00D6 Y:00D6 S:033F D:0000 DB:7E P:nvmxdIzc V:140 H:253
C062E7 $90 $06         BCC $C062EF                     A:006B X:00D6 Y:00D6 S:033F D:0000 DB:7E P:NvmxdIzc V:140 H:257
C062EF $AC $AE $93     LDY $93AE [7E93AE] = $00D6      A:006B X:00D6 Y:00D6 S:033F D:0000 DB:7E P:NvmxdIzc V:140 H:262
C062F2 $BF $EA $AE $7F LDA $7FAEEA,X [7FAFC0] = $00C6  A:006B X:00D6 Y:00D6 S:033F D:0000 DB:7E P:nvmxdIzc V:140 H:270
C062F6 $0A             ASL                             A:00C6 X:00D6 Y:00D6 S:033F D:0000 DB:7E P:nvmxdIzc V:140 H:296
C062F7 $26 $2E         ROL $2E [00002E] = $0000        A:018C X:00D6 Y:00D6 S:033F D:0000 DB:7E P:nvmxdIzc V:140 H:299
C062F9 $0A             ASL                             A:018C X:00D6 Y:00D6 S:033F D:0000 DB:7E P:nvmxdIZc V:140 H:312
C062FA $26 $2E         ROL $2E [00002E] = $0000        A:0318 X:00D6 Y:00D6 S:033F D:0000 DB:7E P:nvmxdIzc V:140 H:315
C062FC $0A             ASL                             A:0318 X:00D6 Y:00D6 S:033F D:0000 DB:7E P:nvmxdIZc V:140 H:327
C062FD $26 $2E         ROL $2E [00002E] = $0000        A:0630 X:00D6 Y:00D6 S:033F D:0000 DB:7E P:nvmxdIzc V:140 H:329
C062FF $0A             ASL                             A:0630 X:00D6 Y:00D6 S:033F D:0000 DB:7E P:nvmxdIZc V:141 H:2  
C06300 $26 $2E         ROL $2E [00002E] = $0000        A:0C60 X:00D6 Y:00D6 S:033F D:0000 DB:7E P:nvmxdIzc V:141 H:5  
C06302 $18             CLC                             A:0C60 X:00D6 Y:00D6 S:033F D:0000 DB:7E P:nvmxdIZc V:141 H:17 
C06303 $69 $A0 $8E     ADC #$8EA0                      A:0C60 X:00D6 Y:00D6 S:033F D:0000 DB:7E P:nvmxdIZc V:141 H:20 
C06306 $99 $AE $8B     STA $8BAE,Y [7E8C84] = $EB60    A:9B00 X:00D6 Y:00D6 S:033F D:0000 DB:7E P:NvmxdIzc V:141 H:25 
C06309 $A5 $2E         LDA $2E [00002E] = $0000        A:9B00 X:00D6 Y:00D6 S:033F D:0000 DB:7E P:NvmxdIzc V:141 H:35 
C0630B $69 $E3 $00     ADC #$00E3                      A:0000 X:00D6 Y:00D6 S:033F D:0000 DB:7E P:nvmxdIZc V:141 H:42 
C0630E $99 $AE $8D     STA $8DAE,Y [7E8E84] = $00D0    A:00E3 X:00D6 Y:00D6 S:033F D:0000 DB:7E P:nvmxdIzc V:141 H:46 
C06311 $A9 $10 $00     LDA #$0010                      A:00E3 X:00D6 Y:00D6 S:033F D:0000 DB:7E P:nvmxdIzc V:141 H:56 
C06314 $99 $AE $91     STA $91AE,Y [7E9284] = $0020    A:0010 X:00D6 Y:00D6 S:033F D:0000 DB:7E P:nvmxdIzc V:141 H:61 
C06317 $8A             TXA                             A:0010 X:00D6 Y:00D6 S:033F D:0000 DB:7E P:nvmxdIzc V:141 H:71 
C06318 $0A             ASL                             A:00D6 X:00D6 Y:00D6 S:033F D:0000 DB:7E P:nvmxdIzc V:141 H:74 
C06319 $0A             ASL                             A:01AC X:00D6 Y:00D6 S:033F D:0000 DB:7E P:nvmxdIzc V:141 H:77 
C0631A $18             CLC                             A:0358 X:00D6 Y:00D6 S:033F D:0000 DB:7E P:nvmxdIzc V:141 H:80 
C0631B $6D $DF $99     ADC $99DF [7E99DF] = $4000      A:0358 X:00D6 Y:00D6 S:033F D:0000 DB:7E P:nvmxdIzc V:141 H:83 
C0631E $99 $AE $8F     STA $8FAE,Y [7E9084] = $06B0    A:4358 X:00D6 Y:00D6 S:033F D:0000 DB:7E P:nvmxdIzc V:141 H:91 
C06321 $EE $AE $93     INC $93AE [7E93AE] = $00D6      A:4358 X:00D6 Y:00D6 S:033F D:0000 DB:7E P:nvmxdIzc V:141 H:101
C06324 $EE $AE $93     INC $93AE [7E93AE] = $00D7      A:4358 X:00D6 Y:00D6 S:033F D:0000 DB:7E P:nvmxdIzc V:141 H:115
C06327 $E8             INX                             A:4358 X:00D6 Y:00D6 S:033F D:0000 DB:7E P:nvmxdIzc V:141 H:129
C06328 $E8             INX                             A:4358 X:00D7 Y:00D6 S:033F D:0000 DB:7E P:nvmxdIzc V:141 H:132
C06329 $E6 $2A         INC $2A [00002A] = $006B        A:4358 X:00D8 Y:00D6 S:033F D:0000 DB:7E P:nvmxdIzc V:141 H:145
C0632B $CE $7A $96     DEC $967A [7E967A] = $000A      A:4358 X:00D8 Y:00D6 S:033F D:0000 DB:7E P:nvmxdIzc V:141 H:158
C0632E $D0 $A9         BNE $C062D9                     A:4358 X:00D8 Y:00D6 S:033F D:0000 DB:7E P:nvmxdIzc V:141 H:172
C062D9 $A5 $2A         LDA $2A [00002A] = $006C        A:4358 X:00D8 Y:00D6 S:033F D:0000 DB:7E P:nvmxdIzc V:141 H:176
C062DB $CF $4E $B7 $7F CMP $7FB74E                     A:006C X:00D8 Y:00D6 S:033F D:0000 DB:7E P:nvmxdIzc V:141 H:183
C062DF $B0 $08         BCS $C062E9                     A:006C X:00D8 Y:00D6 S:033F D:0000 DB:7E P:NvmxdIzc V:141 H:193
C062E1 $AC $AE $93     LDY $93AE [7E93AE] = $00D8      A:006C X:00D8 Y:00D6 S:033F D:0000 DB:7E P:NvmxdIzc V:141 H:196
C062E4 $C0 $00 $02     CPY #$0200                      A:006C X:00D8 Y:00D8 S:033F D:0000 DB:7E P:nvmxdIzc V:141 H:205
C062E7 $90 $06         BCC $C062EF                     A:006C X:00D8 Y:00D8 S:033F D:0000 DB:7E P:NvmxdIzc V:141 H:209
C062EF $AC $AE $93     LDY $93AE [7E93AE] = $00D8      A:006C X:00D8 Y:00D8 S:033F D:0000 DB:7E P:NvmxdIzc V:141 H:214
C062F2 $BF $EA $AE $7F LDA $7FAEEA,X [7FAFC2] = $00C7  A:006C X:00D8 Y:00D8 S:033F D:0000 DB:7E P:nvmxdIzc V:141 H:222
C062F6 $0A             ASL                             A:00C7 X:00D8 Y:00D8 S:033F D:0000 DB:7E P:nvmxdIzc V:141 H:232
C062F7 $26 $2E         ROL $2E [00002E] = $0000        A:018E X:00D8 Y:00D8 S:033F D:0000 DB:7E P:nvmxdIzc V:141 H:235
C062F9 $0A             ASL                             A:018E X:00D8 Y:00D8 S:033F D:0000 DB:7E P:nvmxdIZc V:141 H:248
C062FA $26 $2E         ROL $2E [00002E] = $0000        A:031C X:00D8 Y:00D8 S:033F D:0000 DB:7E P:nvmxdIzc V:141 H:251
C062FC $0A             ASL                             A:031C X:00D8 Y:00D8 S:033F D:0000 DB:7E P:nvmxdIZc V:141 H:263
C062FD $26 $2E         ROL $2E [00002E] = $0000        A:0638 X:00D8 Y:00D8 S:033F D:0000 DB:7E P:nvmxdIzc V:141 H:266
C062FF $0A             ASL                             A:0638 X:00D8 Y:00D8 S:033F D:0000 DB:7E P:nvmxdIZc V:141 H:295
C06300 $26 $2E         ROL $2E [00002E] = $0000        A:0C70 X:00D8 Y:00D8 S:033F D:0000 DB:7E P:nvmxdIzc V:141 H:298
C06302 $18             CLC                             A:0C70 X:00D8 Y:00D8 S:033F D:0000 DB:7E P:nvmxdIZc V:141 H:310
C06303 $69 $A0 $8E     ADC #$8EA0                      A:0C70 X:00D8 Y:00D8 S:033F D:0000 DB:7E P:nvmxdIZc V:141 H:313
C06306 $99 $AE $8B     STA $8BAE,Y [7E8C86] = $EB80    A:9B10 X:00D8 Y:00D8 S:033F D:0000 DB:7E P:NvmxdIzc V:141 H:318
C06309 $A5 $2E         LDA $2E [00002E] = $0000        A:9B10 X:00D8 Y:00D8 S:033F D:0000 DB:7E P:NvmxdIzc V:141 H:327
C0630B $69 $E3 $00     ADC #$00E3                      A:0000 X:00D8 Y:00D8 S:033F D:0000 DB:7E P:nvmxdIZc V:141 H:334
C0630E $99 $AE $8D     STA $8DAE,Y [7E8E86] = $00D0    A:00E3 X:00D8 Y:00D8 S:033F D:0000 DB:7E P:nvmxdIzc V:141 H:338
C06311 $A9 $10 $00     LDA #$0010                      A:00E3 X:00D8 Y:00D8 S:033F D:0000 DB:7E P:nvmxdIzc V:142 H:8  
C06314 $99 $AE $91     STA $91AE,Y [7E9286] = $0020    A:0010 X:00D8 Y:00D8 S:033F D:0000 DB:7E P:nvmxdIzc V:142 H:13 
C06317 $8A             TXA                             A:0010 X:00D8 Y:00D8 S:033F D:0000 DB:7E P:nvmxdIzc V:142 H:23 
C06318 $0A             ASL                             A:00D8 X:00D8 Y:00D8 S:033F D:0000 DB:7E P:nvmxdIzc V:142 H:26 
C06319 $0A             ASL                             A:01B0 X:00D8 Y:00D8 S:033F D:0000 DB:7E P:nvmxdIzc V:142 H:29 
C0631A $18             CLC                             A:0360 X:00D8 Y:00D8 S:033F D:0000 DB:7E P:nvmxdIzc V:142 H:32 
C0631B $6D $DF $99     ADC $99DF [7E99DF] = $4000      A:0360 X:00D8 Y:00D8 S:033F D:0000 DB:7E P:nvmxdIzc V:142 H:35 
C0631E $99 $AE $8F     STA $8FAE,Y [7E9086] = $06C0    A:4360 X:00D8 Y:00D8 S:033F D:0000 DB:7E P:nvmxdIzc V:142 H:43 
C06321 $EE $AE $93     INC $93AE [7E93AE] = $00D8      A:4360 X:00D8 Y:00D8 S:033F D:0000 DB:7E P:nvmxdIzc V:142 H:53 
C06324 $EE $AE $93     INC $93AE [7E93AE] = $00D9      A:4360 X:00D8 Y:00D8 S:033F D:0000 DB:7E P:nvmxdIzc V:142 H:67 
C06327 $E8             INX                             A:4360 X:00D8 Y:00D8 S:033F D:0000 DB:7E P:nvmxdIzc V:142 H:81 
C06328 $E8             INX                             A:4360 X:00D9 Y:00D8 S:033F D:0000 DB:7E P:nvmxdIzc V:142 H:84 
C06329 $E6 $2A         INC $2A [00002A] = $006C        A:4360 X:00DA Y:00D8 S:033F D:0000 DB:7E P:nvmxdIzc V:142 H:87 
C0632B $CE $7A $96     DEC $967A [7E967A] = $0009      A:4360 X:00DA Y:00D8 S:033F D:0000 DB:7E P:nvmxdIzc V:142 H:100
C0632E $D0 $A9         BNE $C062D9                     A:4360 X:00DA Y:00D8 S:033F D:0000 DB:7E P:nvmxdIzc V:142 H:114
C062D9 $A5 $2A         LDA $2A [00002A] = $006D        A:4360 X:00DA Y:00D8 S:033F D:0000 DB:7E P:nvmxdIzc V:142 H:118
C062DB $CF $4E $B7 $7F CMP $7FB74E                     A:006D X:00DA Y:00D8 S:033F D:0000 DB:7E P:nvmxdIzc V:142 H:125
C062DF $B0 $08         BCS $C062E9                     A:006D X:00DA Y:00D8 S:033F D:0000 DB:7E P:NvmxdIzc V:142 H:145
C062E1 $AC $AE $93     LDY $93AE [7E93AE] = $00DA      A:006D X:00DA Y:00D8 S:033F D:0000 DB:7E P:NvmxdIzc V:142 H:148
C062E4 $C0 $00 $02     CPY #$0200                      A:006D X:00DA Y:00DA S:033F D:0000 DB:7E P:nvmxdIzc V:142 H:157
C062E7 $90 $06         BCC $C062EF                     A:006D X:00DA Y:00DA S:033F D:0000 DB:7E P:NvmxdIzc V:142 H:161
C062EF $AC $AE $93     LDY $93AE [7E93AE] = $00DA      A:006D X:00DA Y:00DA S:033F D:0000 DB:7E P:NvmxdIzc V:142 H:166
C062F2 $BF $EA $AE $7F LDA $7FAEEA,X [7FAFC4] = $00C8  A:006D X:00DA Y:00DA S:033F D:0000 DB:7E P:nvmxdIzc V:142 H:174
C062F6 $0A             ASL                             A:00C8 X:00DA Y:00DA S:033F D:0000 DB:7E P:nvmxdIzc V:142 H:184
C062F7 $26 $2E         ROL $2E [00002E] = $0000        A:0190 X:00DA Y:00DA S:033F D:0000 DB:7E P:nvmxdIzc V:142 H:187
C062F9 $0A             ASL                             A:0190 X:00DA Y:00DA S:033F D:0000 DB:7E P:nvmxdIZc V:142 H:200
C062FA $26 $2E         ROL $2E [00002E] = $0000        A:0320 X:00DA Y:00DA S:033F D:0000 DB:7E P:nvmxdIzc V:142 H:203
C062FC $0A             ASL                             A:0320 X:00DA Y:00DA S:033F D:0000 DB:7E P:nvmxdIZc V:142 H:215
C062FD $26 $2E         ROL $2E [00002E] = $0000        A:0640 X:00DA Y:00DA S:033F D:0000 DB:7E P:nvmxdIzc V:142 H:218
C062FF $0A             ASL                             A:0640 X:00DA Y:00DA S:033F D:0000 DB:7E P:nvmxdIZc V:142 H:231
C06300 $26 $2E         ROL $2E [00002E] = $0000        A:0C80 X:00DA Y:00DA S:033F D:0000 DB:7E P:nvmxdIzc V:142 H:234
C06302 $18             CLC                             A:0C80 X:00DA Y:00DA S:033F D:0000 DB:7E P:nvmxdIZc V:142 H:246
C06303 $69 $A0 $8E     ADC #$8EA0                      A:0C80 X:00DA Y:00DA S:033F D:0000 DB:7E P:nvmxdIZc V:142 H:249
C06306 $99 $AE $8B     STA $8BAE,Y [7E8C88] = $EBA0    A:9B20 X:00DA Y:00DA S:033F D:0000 DB:7E P:NvmxdIzc V:142 H:254
C06309 $A5 $2E         LDA $2E [00002E] = $0000        A:9B20 X:00DA Y:00DA S:033F D:0000 DB:7E P:NvmxdIzc V:142 H:264
C0630B $69 $E3 $00     ADC #$00E3                      A:0000 X:00DA Y:00DA S:033F D:0000 DB:7E P:nvmxdIZc V:142 H:271
C0630E $99 $AE $8D     STA $8DAE,Y [7E8E88] = $00D0    A:00E3 X:00DA Y:00DA S:033F D:0000 DB:7E P:nvmxdIzc V:142 H:275
C06311 $A9 $10 $00     LDA #$0010                      A:00E3 X:00DA Y:00DA S:033F D:0000 DB:7E P:nvmxdIzc V:142 H:300
C06314 $99 $AE $91     STA $91AE,Y [7E9288] = $0020    A:0010 X:00DA Y:00DA S:033F D:0000 DB:7E P:nvmxdIzc V:142 H:305
C06317 $8A             TXA                             A:0010 X:00DA Y:00DA S:033F D:0000 DB:7E P:nvmxdIzc V:142 H:315
C06318 $0A             ASL                             A:00DA X:00DA Y:00DA S:033F D:0000 DB:7E P:nvmxdIzc V:142 H:318
C06319 $0A             ASL                             A:01B4 X:00DA Y:00DA S:033F D:0000 DB:7E P:nvmxdIzc V:142 H:321
C0631A $18             CLC                             A:0368 X:00DA Y:00DA S:033F D:0000 DB:7E P:nvmxdIzc V:142 H:323
C0631B $6D $DF $99     ADC $99DF [7E99DF] = $4000      A:0368 X:00DA Y:00DA S:033F D:0000 DB:7E P:nvmxdIzc V:142 H:326
C0631E $99 $AE $8F     STA $8FAE,Y [7E9088] = $06D0    A:4368 X:00DA Y:00DA S:033F D:0000 DB:7E P:nvmxdIzc V:142 H:334
C06321 $EE $AE $93     INC $93AE [7E93AE] = $00DA      A:4368 X:00DA Y:00DA S:033F D:0000 DB:7E P:nvmxdIzc V:143 H:4  
C06324 $EE $AE $93     INC $93AE [7E93AE] = $00DB      A:4368 X:00DA Y:00DA S:033F D:0000 DB:7E P:nvmxdIzc V:143 H:18 
C06327 $E8             INX                             A:4368 X:00DA Y:00DA S:033F D:0000 DB:7E P:nvmxdIzc V:143 H:32 
C06328 $E8             INX                             A:4368 X:00DB Y:00DA S:033F D:0000 DB:7E P:nvmxdIzc V:143 H:35 
C06329 $E6 $2A         INC $2A [00002A] = $006D        A:4368 X:00DC Y:00DA S:033F D:0000 DB:7E P:nvmxdIzc V:143 H:38 
C0632B $CE $7A $96     DEC $967A [7E967A] = $0008      A:4368 X:00DC Y:00DA S:033F D:0000 DB:7E P:nvmxdIzc V:143 H:51 
C0632E $D0 $A9         BNE $C062D9                     A:4368 X:00DC Y:00DA S:033F D:0000 DB:7E P:nvmxdIzc V:143 H:65 
C062D9 $A5 $2A         LDA $2A [00002A] = $006E        A:4368 X:00DC Y:00DA S:033F D:0000 DB:7E P:nvmxdIzc V:143 H:69 
C062DB $CF $4E $B7 $7F CMP $7FB74E                     A:006E X:00DC Y:00DA S:033F D:0000 DB:7E P:nvmxdIzc V:143 H:76 
C062DF $B0 $08         BCS $C062E9                     A:006E X:00DC Y:00DA S:033F D:0000 DB:7E P:NvmxdIzc V:143 H:86 
C062E1 $AC $AE $93     LDY $93AE [7E93AE] = $00DC      A:006E X:00DC Y:00DA S:033F D:0000 DB:7E P:NvmxdIzc V:143 H:89 
C062E4 $C0 $00 $02     CPY #$0200                      A:006E X:00DC Y:00DC S:033F D:0000 DB:7E P:nvmxdIzc V:143 H:98 
C062E7 $90 $06         BCC $C062EF                     A:006E X:00DC Y:00DC S:033F D:0000 DB:7E P:NvmxdIzc V:143 H:102
C062EF $AC $AE $93     LDY $93AE [7E93AE] = $00DC      A:006E X:00DC Y:00DC S:033F D:0000 DB:7E P:NvmxdIzc V:143 H:107
C062F2 $BF $EA $AE $7F LDA $7FAEEA,X [7FAFC6] = $004C  A:006E X:00DC Y:00DC S:033F D:0000 DB:7E P:nvmxdIzc V:143 H:115
C062F6 $0A             ASL                             A:004C X:00DC Y:00DC S:033F D:0000 DB:7E P:nvmxdIzc V:143 H:125
C062F7 $26 $2E         ROL $2E [00002E] = $0000        A:0098 X:00DC Y:00DC S:033F D:0000 DB:7E P:nvmxdIzc V:143 H:128
C062F9 $0A             ASL                             A:0098 X:00DC Y:00DC S:033F D:0000 DB:7E P:nvmxdIZc V:143 H:151
C062FA $26 $2E         ROL $2E [00002E] = $0000        A:0130 X:00DC Y:00DC S:033F D:0000 DB:7E P:nvmxdIzc V:143 H:154
C062FC $0A             ASL                             A:0130 X:00DC Y:00DC S:033F D:0000 DB:7E P:nvmxdIZc V:143 H:166
C062FD $26 $2E         ROL $2E [00002E] = $0000        A:0260 X:00DC Y:00DC S:033F D:0000 DB:7E P:nvmxdIzc V:143 H:169
C062FF $0A             ASL                             A:0260 X:00DC Y:00DC S:033F D:0000 DB:7E P:nvmxdIZc V:143 H:182
C06300 $26 $2E         ROL $2E [00002E] = $0000        A:04C0 X:00DC Y:00DC S:033F D:0000 DB:7E P:nvmxdIzc V:143 H:185
C06302 $18             CLC                             A:04C0 X:00DC Y:00DC S:033F D:0000 DB:7E P:nvmxdIZc V:143 H:197
C06303 $69 $A0 $8E     ADC #$8EA0                      A:04C0 X:00DC Y:00DC S:033F D:0000 DB:7E P:nvmxdIZc V:143 H:200
C06306 $99 $AE $8B     STA $8BAE,Y [7E8C8A] = $EBC0    A:9360 X:00DC Y:00DC S:033F D:0000 DB:7E P:NvmxdIzc V:143 H:205
C06309 $A5 $2E         LDA $2E [00002E] = $0000        A:9360 X:00DC Y:00DC S:033F D:0000 DB:7E P:NvmxdIzc V:143 H:215
C0630B $69 $E3 $00     ADC #$00E3                      A:0000 X:00DC Y:00DC S:033F D:0000 DB:7E P:nvmxdIZc V:143 H:222
C0630E $99 $AE $8D     STA $8DAE,Y [7E8E8A] = $00D0    A:00E3 X:00DC Y:00DC S:033F D:0000 DB:7E P:nvmxdIzc V:143 H:226
C06311 $A9 $10 $00     LDA #$0010                      A:00E3 X:00DC Y:00DC S:033F D:0000 DB:7E P:nvmxdIzc V:143 H:236
C06314 $99 $AE $91     STA $91AE,Y [7E928A] = $0020    A:0010 X:00DC Y:00DC S:033F D:0000 DB:7E P:nvmxdIzc V:143 H:241
C06317 $8A             TXA                             A:0010 X:00DC Y:00DC S:033F D:0000 DB:7E P:nvmxdIzc V:143 H:251
C06318 $0A             ASL                             A:00DC X:00DC Y:00DC S:033F D:0000 DB:7E P:nvmxdIzc V:143 H:254
C06319 $0A             ASL                             A:01B8 X:00DC Y:00DC S:033F D:0000 DB:7E P:nvmxdIzc V:143 H:257
C0631A $18             CLC                             A:0370 X:00DC Y:00DC S:033F D:0000 DB:7E P:nvmxdIzc V:143 H:260
C0631B $6D $DF $99     ADC $99DF [7E99DF] = $4000      A:0370 X:00DC Y:00DC S:033F D:0000 DB:7E P:nvmxdIzc V:143 H:263
C0631E $99 $AE $8F     STA $8FAE,Y [7E908A] = $06E0    A:4370 X:00DC Y:00DC S:033F D:0000 DB:7E P:nvmxdIzc V:143 H:271
C06321 $EE $AE $93     INC $93AE [7E93AE] = $00DC      A:4370 X:00DC Y:00DC S:033F D:0000 DB:7E P:nvmxdIzc V:143 H:321
C06324 $EE $AE $93     INC $93AE [7E93AE] = $00DD      A:4370 X:00DC Y:00DC S:033F D:0000 DB:7E P:nvmxdIzc V:143 H:334
C06327 $E8             INX                             A:4370 X:00DC Y:00DC S:033F D:0000 DB:7E P:nvmxdIzc V:144 H:8  
C06328 $E8             INX                             A:4370 X:00DD Y:00DC S:033F D:0000 DB:7E P:nvmxdIzc V:144 H:11 
C06329 $E6 $2A         INC $2A [00002A] = $006E        A:4370 X:00DE Y:00DC S:033F D:0000 DB:7E P:nvmxdIzc V:144 H:14 
C0632B $CE $7A $96     DEC $967A [7E967A] = $0007      A:4370 X:00DE Y:00DC S:033F D:0000 DB:7E P:nvmxdIzc V:144 H:27 
C0632E $D0 $A9         BNE $C062D9                     A:4370 X:00DE Y:00DC S:033F D:0000 DB:7E P:nvmxdIzc V:144 H:41 
C062D9 $A5 $2A         LDA $2A [00002A] = $006F        A:4370 X:00DE Y:00DC S:033F D:0000 DB:7E P:nvmxdIzc V:144 H:45 
C062DB $CF $4E $B7 $7F CMP $7FB74E                     A:006F X:00DE Y:00DC S:033F D:0000 DB:7E P:nvmxdIzc V:144 H:52 
C062DF $B0 $08         BCS $C062E9                     A:006F X:00DE Y:00DC S:033F D:0000 DB:7E P:NvmxdIzc V:144 H:62 
C062E1 $AC $AE $93     LDY $93AE [7E93AE] = $00DE      A:006F X:00DE Y:00DC S:033F D:0000 DB:7E P:NvmxdIzc V:144 H:65 
C062E4 $C0 $00 $02     CPY #$0200                      A:006F X:00DE Y:00DE S:033F D:0000 DB:7E P:nvmxdIzc V:144 H:74 
C062E7 $90 $06         BCC $C062EF                     A:006F X:00DE Y:00DE S:033F D:0000 DB:7E P:NvmxdIzc V:144 H:78 
C062EF $AC $AE $93     LDY $93AE [7E93AE] = $00DE      A:006F X:00DE Y:00DE S:033F D:0000 DB:7E P:NvmxdIzc V:144 H:83 
C062F2 $BF $EA $AE $7F LDA $7FAEEA,X [7FAFC8] = $00C9  A:006F X:00DE Y:00DE S:033F D:0000 DB:7E P:nvmxdIzc V:144 H:91 
C062F6 $0A             ASL                             A:00C9 X:00DE Y:00DE S:033F D:0000 DB:7E P:nvmxdIzc V:144 H:101
C062F7 $26 $2E         ROL $2E [00002E] = $0000        A:0192 X:00DE Y:00DE S:033F D:0000 DB:7E P:nvmxdIzc V:144 H:104
C062F9 $0A             ASL                             A:0192 X:00DE Y:00DE S:033F D:0000 DB:7E P:nvmxdIZc V:144 H:117
C062FA $26 $2E         ROL $2E [00002E] = $0000        A:0324 X:00DE Y:00DE S:033F D:0000 DB:7E P:nvmxdIzc V:144 H:120
C062FC $0A             ASL                             A:0324 X:00DE Y:00DE S:033F D:0000 DB:7E P:nvmxdIZc V:144 H:132
C062FD $26 $2E         ROL $2E [00002E] = $0000        A:0648 X:00DE Y:00DE S:033F D:0000 DB:7E P:nvmxdIzc V:144 H:145
C062FF $0A             ASL                             A:0648 X:00DE Y:00DE S:033F D:0000 DB:7E P:nvmxdIZc V:144 H:158
C06300 $26 $2E         ROL $2E [00002E] = $0000        A:0C90 X:00DE Y:00DE S:033F D:0000 DB:7E P:nvmxdIzc V:144 H:161
C06302 $18             CLC                             A:0C90 X:00DE Y:00DE S:033F D:0000 DB:7E P:nvmxdIZc V:144 H:173
C06303 $69 $A0 $8E     ADC #$8EA0                      A:0C90 X:00DE Y:00DE S:033F D:0000 DB:7E P:nvmxdIZc V:144 H:176
C06306 $99 $AE $8B     STA $8BAE,Y [7E8C8C] = $EBE0    A:9B30 X:00DE Y:00DE S:033F D:0000 DB:7E P:NvmxdIzc V:144 H:181
C06309 $A5 $2E         LDA $2E [00002E] = $0000        A:9B30 X:00DE Y:00DE S:033F D:0000 DB:7E P:NvmxdIzc V:144 H:191
C0630B $69 $E3 $00     ADC #$00E3                      A:0000 X:00DE Y:00DE S:033F D:0000 DB:7E P:nvmxdIZc V:144 H:198
C0630E $99 $AE $8D     STA $8DAE,Y [7E8E8C] = $00D0    A:00E3 X:00DE Y:00DE S:033F D:0000 DB:7E P:nvmxdIzc V:144 H:202
C06311 $A9 $10 $00     LDA #$0010                      A:00E3 X:00DE Y:00DE S:033F D:0000 DB:7E P:nvmxdIzc V:144 H:212
C06314 $99 $AE $91     STA $91AE,Y [7E928C] = $0020    A:0010 X:00DE Y:00DE S:033F D:0000 DB:7E P:nvmxdIzc V:144 H:217
C06317 $8A             TXA                             A:0010 X:00DE Y:00DE S:033F D:0000 DB:7E P:nvmxdIzc V:144 H:227
C06318 $0A             ASL                             A:00DE X:00DE Y:00DE S:033F D:0000 DB:7E P:nvmxdIzc V:144 H:230
C06319 $0A             ASL                             A:01BC X:00DE Y:00DE S:033F D:0000 DB:7E P:nvmxdIzc V:144 H:233
C0631A $18             CLC                             A:0378 X:00DE Y:00DE S:033F D:0000 DB:7E P:nvmxdIzc V:144 H:236
C0631B $6D $DF $99     ADC $99DF [7E99DF] = $4000      A:0378 X:00DE Y:00DE S:033F D:0000 DB:7E P:nvmxdIzc V:144 H:239
C0631E $99 $AE $8F     STA $8FAE,Y [7E908C] = $06F0    A:4378 X:00DE Y:00DE S:033F D:0000 DB:7E P:nvmxdIzc V:144 H:247
C06321 $EE $AE $93     INC $93AE [7E93AE] = $00DE      A:4378 X:00DE Y:00DE S:033F D:0000 DB:7E P:nvmxdIzc V:144 H:257
C06324 $EE $AE $93     INC $93AE [7E93AE] = $00DF      A:4378 X:00DE Y:00DE S:033F D:0000 DB:7E P:nvmxdIzc V:144 H:271
C06327 $E8             INX                             A:4378 X:00DE Y:00DE S:033F D:0000 DB:7E P:nvmxdIzc V:144 H:327
C06328 $E8             INX                             A:4378 X:00DF Y:00DE S:033F D:0000 DB:7E P:nvmxdIzc V:144 H:329
C06329 $E6 $2A         INC $2A [00002A] = $006F        A:4378 X:00E0 Y:00DE S:033F D:0000 DB:7E P:nvmxdIzc V:144 H:332
C0632B $CE $7A $96     DEC $967A [7E967A] = $0006      A:4378 X:00E0 Y:00DE S:033F D:0000 DB:7E P:nvmxdIzc V:145 H:5  
C0632E $D0 $A9         BNE $C062D9                     A:4378 X:00E0 Y:00DE S:033F D:0000 DB:7E P:nvmxdIzc V:145 H:19 
C062D9 $A5 $2A         LDA $2A [00002A] = $0070        A:4378 X:00E0 Y:00DE S:033F D:0000 DB:7E P:nvmxdIzc V:145 H:23 
C062DB $CF $4E $B7 $7F CMP $7FB74E                     A:0070 X:00E0 Y:00DE S:033F D:0000 DB:7E P:nvmxdIzc V:145 H:30 
C062DF $B0 $08         BCS $C062E9                     A:0070 X:00E0 Y:00DE S:033F D:0000 DB:7E P:NvmxdIzc V:145 H:40 
C062E1 $AC $AE $93     LDY $93AE [7E93AE] = $00E0      A:0070 X:00E0 Y:00DE S:033F D:0000 DB:7E P:NvmxdIzc V:145 H:43 
C062E4 $C0 $00 $02     CPY #$0200                      A:0070 X:00E0 Y:00E0 S:033F D:0000 DB:7E P:nvmxdIzc V:145 H:52 
C062E7 $90 $06         BCC $C062EF                     A:0070 X:00E0 Y:00E0 S:033F D:0000 DB:7E P:NvmxdIzc V:145 H:56 
C062EF $AC $AE $93     LDY $93AE [7E93AE] = $00E0      A:0070 X:00E0 Y:00E0 S:033F D:0000 DB:7E P:NvmxdIzc V:145 H:61 
C062F2 $BF $EA $AE $7F LDA $7FAEEA,X [7FAFCA] = $00CA  A:0070 X:00E0 Y:00E0 S:033F D:0000 DB:7E P:nvmxdIzc V:145 H:69 
C062F6 $0A             ASL                             A:00CA X:00E0 Y:00E0 S:033F D:0000 DB:7E P:nvmxdIzc V:145 H:79 
C062F7 $26 $2E         ROL $2E [00002E] = $0000        A:0194 X:00E0 Y:00E0 S:033F D:0000 DB:7E P:nvmxdIzc V:145 H:82 
C062F9 $0A             ASL                             A:0194 X:00E0 Y:00E0 S:033F D:0000 DB:7E P:nvmxdIZc V:145 H:95 
C062FA $26 $2E         ROL $2E [00002E] = $0000        A:0328 X:00E0 Y:00E0 S:033F D:0000 DB:7E P:nvmxdIzc V:145 H:98 
C062FC $0A             ASL                             A:0328 X:00E0 Y:00E0 S:033F D:0000 DB:7E P:nvmxdIZc V:145 H:110
C062FD $26 $2E         ROL $2E [00002E] = $0000        A:0650 X:00E0 Y:00E0 S:033F D:0000 DB:7E P:nvmxdIzc V:145 H:113
C062FF $0A             ASL                             A:0650 X:00E0 Y:00E0 S:033F D:0000 DB:7E P:nvmxdIZc V:145 H:126
C06300 $26 $2E         ROL $2E [00002E] = $0000        A:0CA0 X:00E0 Y:00E0 S:033F D:0000 DB:7E P:nvmxdIzc V:145 H:129
C06302 $18             CLC                             A:0CA0 X:00E0 Y:00E0 S:033F D:0000 DB:7E P:nvmxdIZc V:145 H:151
C06303 $69 $A0 $8E     ADC #$8EA0                      A:0CA0 X:00E0 Y:00E0 S:033F D:0000 DB:7E P:nvmxdIZc V:145 H:154
C06306 $99 $AE $8B     STA $8BAE,Y [7E8C8E] = $EC00    A:9B40 X:00E0 Y:00E0 S:033F D:0000 DB:7E P:NvmxdIzc V:145 H:159
C06309 $A5 $2E         LDA $2E [00002E] = $0000        A:9B40 X:00E0 Y:00E0 S:033F D:0000 DB:7E P:NvmxdIzc V:145 H:169
C0630B $69 $E3 $00     ADC #$00E3                      A:0000 X:00E0 Y:00E0 S:033F D:0000 DB:7E P:nvmxdIZc V:145 H:176
C0630E $99 $AE $8D     STA $8DAE,Y [7E8E8E] = $00D0    A:00E3 X:00E0 Y:00E0 S:033F D:0000 DB:7E P:nvmxdIzc V:145 H:180
C06311 $A9 $10 $00     LDA #$0010                      A:00E3 X:00E0 Y:00E0 S:033F D:0000 DB:7E P:nvmxdIzc V:145 H:190
C06314 $99 $AE $91     STA $91AE,Y [7E928E] = $0020    A:0010 X:00E0 Y:00E0 S:033F D:0000 DB:7E P:nvmxdIzc V:145 H:195
C06317 $8A             TXA                             A:0010 X:00E0 Y:00E0 S:033F D:0000 DB:7E P:nvmxdIzc V:145 H:205
C06318 $0A             ASL                             A:00E0 X:00E0 Y:00E0 S:033F D:0000 DB:7E P:nvmxdIzc V:145 H:208
C06319 $0A             ASL                             A:01C0 X:00E0 Y:00E0 S:033F D:0000 DB:7E P:nvmxdIzc V:145 H:211
C0631A $18             CLC                             A:0380 X:00E0 Y:00E0 S:033F D:0000 DB:7E P:nvmxdIzc V:145 H:214
C0631B $6D $DF $99     ADC $99DF [7E99DF] = $4000      A:0380 X:00E0 Y:00E0 S:033F D:0000 DB:7E P:nvmxdIzc V:145 H:217
C0631E $99 $AE $8F     STA $8FAE,Y [7E908E] = $0700    A:4380 X:00E0 Y:00E0 S:033F D:0000 DB:7E P:nvmxdIzc V:145 H:225
C06321 $EE $AE $93     INC $93AE [7E93AE] = $00E0      A:4380 X:00E0 Y:00E0 S:033F D:0000 DB:7E P:nvmxdIzc V:145 H:235
C06324 $EE $AE $93     INC $93AE [7E93AE] = $00E1      A:4380 X:00E0 Y:00E0 S:033F D:0000 DB:7E P:nvmxdIzc V:145 H:249
C06327 $E8             INX                             A:4380 X:00E0 Y:00E0 S:033F D:0000 DB:7E P:nvmxdIzc V:145 H:263
C06328 $E8             INX                             A:4380 X:00E1 Y:00E0 S:033F D:0000 DB:7E P:nvmxdIzc V:145 H:266
C06329 $E6 $2A         INC $2A [00002A] = $0070        A:4380 X:00E2 Y:00E0 S:033F D:0000 DB:7E P:nvmxdIzc V:145 H:269
C0632B $CE $7A $96     DEC $967A [7E967A] = $0005      A:4380 X:00E2 Y:00E0 S:033F D:0000 DB:7E P:nvmxdIzc V:145 H:298
C0632E $D0 $A9         BNE $C062D9                     A:4380 X:00E2 Y:00E0 S:033F D:0000 DB:7E P:nvmxdIzc V:145 H:312
C062D9 $A5 $2A         LDA $2A [00002A] = $0071        A:4380 X:00E2 Y:00E0 S:033F D:0000 DB:7E P:nvmxdIzc V:145 H:317
C062DB $CF $4E $B7 $7F CMP $7FB74E                     A:0071 X:00E2 Y:00E0 S:033F D:0000 DB:7E P:nvmxdIzc V:145 H:323
C062DF $B0 $08         BCS $C062E9                     A:0071 X:00E2 Y:00E0 S:033F D:0000 DB:7E P:NvmxdIzc V:145 H:333
C062E1 $AC $AE $93     LDY $93AE [7E93AE] = $00E2      A:0071 X:00E2 Y:00E0 S:033F D:0000 DB:7E P:NvmxdIzc V:145 H:336
C062E4 $C0 $00 $02     CPY #$0200                      A:0071 X:00E2 Y:00E2 S:033F D:0000 DB:7E P:nvmxdIzc V:146 H:4  
C062E7 $90 $06         BCC $C062EF                     A:0071 X:00E2 Y:00E2 S:033F D:0000 DB:7E P:NvmxdIzc V:146 H:9  
C062EF $AC $AE $93     LDY $93AE [7E93AE] = $00E2      A:0071 X:00E2 Y:00E2 S:033F D:0000 DB:7E P:NvmxdIzc V:146 H:13 
C062F2 $BF $EA $AE $7F LDA $7FAEEA,X [7FAFCC] = $0053  A:0071 X:00E2 Y:00E2 S:033F D:0000 DB:7E P:nvmxdIzc V:146 H:22 
C062F6 $0A             ASL                             A:0053 X:00E2 Y:00E2 S:033F D:0000 DB:7E P:nvmxdIzc V:146 H:32 
C062F7 $26 $2E         ROL $2E [00002E] = $0000        A:00A6 X:00E2 Y:00E2 S:033F D:0000 DB:7E P:nvmxdIzc V:146 H:35 
C062F9 $0A             ASL                             A:00A6 X:00E2 Y:00E2 S:033F D:0000 DB:7E P:nvmxdIZc V:146 H:47 
C062FA $26 $2E         ROL $2E [00002E] = $0000        A:014C X:00E2 Y:00E2 S:033F D:0000 DB:7E P:nvmxdIzc V:146 H:50 
C062FC $0A             ASL                             A:014C X:00E2 Y:00E2 S:033F D:0000 DB:7E P:nvmxdIZc V:146 H:63 
C062FD $26 $2E         ROL $2E [00002E] = $0000        A:0298 X:00E2 Y:00E2 S:033F D:0000 DB:7E P:nvmxdIzc V:146 H:66 
C062FF $0A             ASL                             A:0298 X:00E2 Y:00E2 S:033F D:0000 DB:7E P:nvmxdIZc V:146 H:78 
C06300 $26 $2E         ROL $2E [00002E] = $0000        A:0530 X:00E2 Y:00E2 S:033F D:0000 DB:7E P:nvmxdIzc V:146 H:81 
C06302 $18             CLC                             A:0530 X:00E2 Y:00E2 S:033F D:0000 DB:7E P:nvmxdIZc V:146 H:94 
C06303 $69 $A0 $8E     ADC #$8EA0                      A:0530 X:00E2 Y:00E2 S:033F D:0000 DB:7E P:nvmxdIZc V:146 H:97 
C06306 $99 $AE $8B     STA $8BAE,Y [7E8C90] = $EC20    A:93D0 X:00E2 Y:00E2 S:033F D:0000 DB:7E P:NvmxdIzc V:146 H:101
C06309 $A5 $2E         LDA $2E [00002E] = $0000        A:93D0 X:00E2 Y:00E2 S:033F D:0000 DB:7E P:NvmxdIzc V:146 H:111
C0630B $69 $E3 $00     ADC #$00E3                      A:0000 X:00E2 Y:00E2 S:033F D:0000 DB:7E P:nvmxdIZc V:146 H:118
C0630E $99 $AE $8D     STA $8DAE,Y [7E8E90] = $00D0    A:00E3 X:00E2 Y:00E2 S:033F D:0000 DB:7E P:nvmxdIzc V:146 H:123
C06311 $A9 $10 $00     LDA #$0010                      A:00E3 X:00E2 Y:00E2 S:033F D:0000 DB:7E P:nvmxdIzc V:146 H:133
C06314 $99 $AE $91     STA $91AE,Y [7E9290] = $0020    A:0010 X:00E2 Y:00E2 S:033F D:0000 DB:7E P:nvmxdIzc V:146 H:147
C06317 $8A             TXA                             A:0010 X:00E2 Y:00E2 S:033F D:0000 DB:7E P:nvmxdIzc V:146 H:157
C06318 $0A             ASL                             A:00E2 X:00E2 Y:00E2 S:033F D:0000 DB:7E P:nvmxdIzc V:146 H:160
C06319 $0A             ASL                             A:01C4 X:00E2 Y:00E2 S:033F D:0000 DB:7E P:nvmxdIzc V:146 H:163
C0631A $18             CLC                             A:0388 X:00E2 Y:00E2 S:033F D:0000 DB:7E P:nvmxdIzc V:146 H:166
C0631B $6D $DF $99     ADC $99DF [7E99DF] = $4000      A:0388 X:00E2 Y:00E2 S:033F D:0000 DB:7E P:nvmxdIzc V:146 H:169
C0631E $99 $AE $8F     STA $8FAE,Y [7E9090] = $0710    A:4388 X:00E2 Y:00E2 S:033F D:0000 DB:7E P:nvmxdIzc V:146 H:178
C06321 $EE $AE $93     INC $93AE [7E93AE] = $00E2      A:4388 X:00E2 Y:00E2 S:033F D:0000 DB:7E P:nvmxdIzc V:146 H:188
C06324 $EE $AE $93     INC $93AE [7E93AE] = $00E3      A:4388 X:00E2 Y:00E2 S:033F D:0000 DB:7E P:nvmxdIzc V:146 H:202
C06327 $E8             INX                             A:4388 X:00E2 Y:00E2 S:033F D:0000 DB:7E P:nvmxdIzc V:146 H:216
C06328 $E8             INX                             A:4388 X:00E3 Y:00E2 S:033F D:0000 DB:7E P:nvmxdIzc V:146 H:219
C06329 $E6 $2A         INC $2A [00002A] = $0071        A:4388 X:00E4 Y:00E2 S:033F D:0000 DB:7E P:nvmxdIzc V:146 H:222
C0632B $CE $7A $96     DEC $967A [7E967A] = $0004      A:4388 X:00E4 Y:00E2 S:033F D:0000 DB:7E P:nvmxdIzc V:146 H:234
C0632E $D0 $A9         BNE $C062D9                     A:4388 X:00E4 Y:00E2 S:033F D:0000 DB:7E P:nvmxdIzc V:146 H:248
C062D9 $A5 $2A         LDA $2A [00002A] = $0072        A:4388 X:00E4 Y:00E2 S:033F D:0000 DB:7E P:nvmxdIzc V:146 H:253
C062DB $CF $4E $B7 $7F CMP $7FB74E                     A:0072 X:00E4 Y:00E2 S:033F D:0000 DB:7E P:nvmxdIzc V:146 H:260
C062DF $B0 $08         BCS $C062E9                     A:0072 X:00E4 Y:00E2 S:033F D:0000 DB:7E P:NvmxdIzc V:146 H:270
C062E1 $AC $AE $93     LDY $93AE [7E93AE] = $00E4      A:0072 X:00E4 Y:00E2 S:033F D:0000 DB:7E P:NvmxdIzc V:146 H:273
C062E4 $C0 $00 $02     CPY #$0200                      A:0072 X:00E4 Y:00E4 S:033F D:0000 DB:7E P:nvmxdIzc V:146 H:299
C062E7 $90 $06         BCC $C062EF                     A:0072 X:00E4 Y:00E4 S:033F D:0000 DB:7E P:NvmxdIzc V:146 H:304
C062EF $AC $AE $93     LDY $93AE [7E93AE] = $00E4      A:0072 X:00E4 Y:00E4 S:033F D:0000 DB:7E P:NvmxdIzc V:146 H:308
C062F2 $BF $EA $AE $7F LDA $7FAEEA,X [7FAFCE] = $00CB  A:0072 X:00E4 Y:00E4 S:033F D:0000 DB:7E P:nvmxdIzc V:146 H:317
C062F6 $0A             ASL                             A:00CB X:00E4 Y:00E4 S:033F D:0000 DB:7E P:nvmxdIzc V:146 H:326
C062F7 $26 $2E         ROL $2E [00002E] = $0000        A:0196 X:00E4 Y:00E4 S:033F D:0000 DB:7E P:nvmxdIzc V:146 H:329
C062F9 $0A             ASL                             A:0196 X:00E4 Y:00E4 S:033F D:0000 DB:7E P:nvmxdIZc V:147 H:1  
C062FA $26 $2E         ROL $2E [00002E] = $0000        A:032C X:00E4 Y:00E4 S:033F D:0000 DB:7E P:nvmxdIzc V:147 H:4  
C062FC $0A             ASL                             A:032C X:00E4 Y:00E4 S:033F D:0000 DB:7E P:nvmxdIZc V:147 H:17 
C062FD $26 $2E         ROL $2E [00002E] = $0000        A:0658 X:00E4 Y:00E4 S:033F D:0000 DB:7E P:nvmxdIzc V:147 H:20 
C062FF $0A             ASL                             A:0658 X:00E4 Y:00E4 S:033F D:0000 DB:7E P:nvmxdIZc V:147 H:32 
C06300 $26 $2E         ROL $2E [00002E] = $0000        A:0CB0 X:00E4 Y:00E4 S:033F D:0000 DB:7E P:nvmxdIzc V:147 H:35 
C06302 $18             CLC                             A:0CB0 X:00E4 Y:00E4 S:033F D:0000 DB:7E P:nvmxdIZc V:147 H:48 
C06303 $69 $A0 $8E     ADC #$8EA0                      A:0CB0 X:00E4 Y:00E4 S:033F D:0000 DB:7E P:nvmxdIZc V:147 H:51 
C06306 $99 $AE $8B     STA $8BAE,Y [7E8C92] = $EC40    A:9B50 X:00E4 Y:00E4 S:033F D:0000 DB:7E P:NvmxdIzc V:147 H:55 
C06309 $A5 $2E         LDA $2E [00002E] = $0000        A:9B50 X:00E4 Y:00E4 S:033F D:0000 DB:7E P:NvmxdIzc V:147 H:65 
C0630B $69 $E3 $00     ADC #$00E3                      A:0000 X:00E4 Y:00E4 S:033F D:0000 DB:7E P:nvmxdIZc V:147 H:72 
C0630E $99 $AE $8D     STA $8DAE,Y [7E8E92] = $00D0    A:00E3 X:00E4 Y:00E4 S:033F D:0000 DB:7E P:nvmxdIzc V:147 H:77 
C06311 $A9 $10 $00     LDA #$0010                      A:00E3 X:00E4 Y:00E4 S:033F D:0000 DB:7E P:nvmxdIzc V:147 H:87 
C06314 $99 $AE $91     STA $91AE,Y [7E9292] = $0020    A:0010 X:00E4 Y:00E4 S:033F D:0000 DB:7E P:nvmxdIzc V:147 H:91 
C06317 $8A             TXA                             A:0010 X:00E4 Y:00E4 S:033F D:0000 DB:7E P:nvmxdIzc V:147 H:101
C06318 $0A             ASL                             A:00E4 X:00E4 Y:00E4 S:033F D:0000 DB:7E P:nvmxdIzc V:147 H:104
C06319 $0A             ASL                             A:01C8 X:00E4 Y:00E4 S:033F D:0000 DB:7E P:nvmxdIzc V:147 H:107
C0631A $18             CLC                             A:0390 X:00E4 Y:00E4 S:033F D:0000 DB:7E P:nvmxdIzc V:147 H:110
C0631B $6D $DF $99     ADC $99DF [7E99DF] = $4000      A:0390 X:00E4 Y:00E4 S:033F D:0000 DB:7E P:nvmxdIzc V:147 H:113
C0631E $99 $AE $8F     STA $8FAE,Y [7E9092] = $0720    A:4390 X:00E4 Y:00E4 S:033F D:0000 DB:7E P:nvmxdIzc V:147 H:122
C06321 $EE $AE $93     INC $93AE [7E93AE] = $00E4      A:4390 X:00E4 Y:00E4 S:033F D:0000 DB:7E P:nvmxdIzc V:147 H:132
C06324 $EE $AE $93     INC $93AE [7E93AE] = $00E5      A:4390 X:00E4 Y:00E4 S:033F D:0000 DB:7E P:nvmxdIzc V:147 H:156
C06327 $E8             INX                             A:4390 X:00E4 Y:00E4 S:033F D:0000 DB:7E P:nvmxdIzc V:147 H:170
C06328 $E8             INX                             A:4390 X:00E5 Y:00E4 S:033F D:0000 DB:7E P:nvmxdIzc V:147 H:173
C06329 $E6 $2A         INC $2A [00002A] = $0072        A:4390 X:00E6 Y:00E4 S:033F D:0000 DB:7E P:nvmxdIzc V:147 H:176
C0632B $CE $7A $96     DEC $967A [7E967A] = $0003      A:4390 X:00E6 Y:00E4 S:033F D:0000 DB:7E P:nvmxdIzc V:147 H:188
C0632E $D0 $A9         BNE $C062D9                     A:4390 X:00E6 Y:00E4 S:033F D:0000 DB:7E P:nvmxdIzc V:147 H:202
C062D9 $A5 $2A         LDA $2A [00002A] = $0073        A:4390 X:00E6 Y:00E4 S:033F D:0000 DB:7E P:nvmxdIzc V:147 H:207
C062DB $CF $4E $B7 $7F CMP $7FB74E                     A:0073 X:00E6 Y:00E4 S:033F D:0000 DB:7E P:nvmxdIzc V:147 H:214
C062DF $B0 $08         BCS $C062E9                     A:0073 X:00E6 Y:00E4 S:033F D:0000 DB:7E P:NvmxdIzc V:147 H:224
C062E1 $AC $AE $93     LDY $93AE [7E93AE] = $00E6      A:0073 X:00E6 Y:00E4 S:033F D:0000 DB:7E P:NvmxdIzc V:147 H:227
C062E4 $C0 $00 $02     CPY #$0200                      A:0073 X:00E6 Y:00E6 S:033F D:0000 DB:7E P:nvmxdIzc V:147 H:235
C062E7 $90 $06         BCC $C062EF                     A:0073 X:00E6 Y:00E6 S:033F D:0000 DB:7E P:NvmxdIzc V:147 H:240
C062EF $AC $AE $93     LDY $93AE [7E93AE] = $00E6      A:0073 X:00E6 Y:00E6 S:033F D:0000 DB:7E P:NvmxdIzc V:147 H:244
C062F2 $BF $EA $AE $7F LDA $7FAEEA,X [7FAFD0] = $00CC  A:0073 X:00E6 Y:00E6 S:033F D:0000 DB:7E P:nvmxdIzc V:147 H:253
C062F6 $0A             ASL                             A:00CC X:00E6 Y:00E6 S:033F D:0000 DB:7E P:nvmxdIzc V:147 H:263
C062F7 $26 $2E         ROL $2E [00002E] = $0000        A:0198 X:00E6 Y:00E6 S:033F D:0000 DB:7E P:nvmxdIzc V:147 H:266
C062F9 $0A             ASL                             A:0198 X:00E6 Y:00E6 S:033F D:0000 DB:7E P:nvmxdIZc V:147 H:296
C062FA $26 $2E         ROL $2E [00002E] = $0000        A:0330 X:00E6 Y:00E6 S:033F D:0000 DB:7E P:nvmxdIzc V:147 H:299
C062FC $0A             ASL                             A:0330 X:00E6 Y:00E6 S:033F D:0000 DB:7E P:nvmxdIZc V:147 H:312
C062FD $26 $2E         ROL $2E [00002E] = $0000        A:0660 X:00E6 Y:00E6 S:033F D:0000 DB:7E P:nvmxdIzc V:147 H:315
C062FF $0A             ASL                             A:0660 X:00E6 Y:00E6 S:033F D:0000 DB:7E P:nvmxdIZc V:147 H:327
C06300 $26 $2E         ROL $2E [00002E] = $0000        A:0CC0 X:00E6 Y:00E6 S:033F D:0000 DB:7E P:nvmxdIzc V:147 H:329
C06302 $18             CLC                             A:0CC0 X:00E6 Y:00E6 S:033F D:0000 DB:7E P:nvmxdIZc V:148 H:2  
C06303 $69 $A0 $8E     ADC #$8EA0                      A:0CC0 X:00E6 Y:00E6 S:033F D:0000 DB:7E P:nvmxdIZc V:148 H:5  
C06306 $99 $AE $8B     STA $8BAE,Y [7E8C94] = $EC60    A:9B60 X:00E6 Y:00E6 S:033F D:0000 DB:7E P:NvmxdIzc V:148 H:9  
C06309 $A5 $2E         LDA $2E [00002E] = $0000        A:9B60 X:00E6 Y:00E6 S:033F D:0000 DB:7E P:NvmxdIzc V:148 H:19 
C0630B $69 $E3 $00     ADC #$00E3                      A:0000 X:00E6 Y:00E6 S:033F D:0000 DB:7E P:nvmxdIZc V:148 H:26 
C0630E $99 $AE $8D     STA $8DAE,Y [7E8E94] = $00D0    A:00E3 X:00E6 Y:00E6 S:033F D:0000 DB:7E P:nvmxdIzc V:148 H:31 
C06311 $A9 $10 $00     LDA #$0010                      A:00E3 X:00E6 Y:00E6 S:033F D:0000 DB:7E P:nvmxdIzc V:148 H:41 
C06314 $99 $AE $91     STA $91AE,Y [7E9294] = $0020    A:0010 X:00E6 Y:00E6 S:033F D:0000 DB:7E P:nvmxdIzc V:148 H:45 
C06317 $8A             TXA                             A:0010 X:00E6 Y:00E6 S:033F D:0000 DB:7E P:nvmxdIzc V:148 H:55 
C06318 $0A             ASL                             A:00E6 X:00E6 Y:00E6 S:033F D:0000 DB:7E P:nvmxdIzc V:148 H:58 
C06319 $0A             ASL                             A:01CC X:00E6 Y:00E6 S:033F D:0000 DB:7E P:nvmxdIzc V:148 H:61 
C0631A $18             CLC                             A:0398 X:00E6 Y:00E6 S:033F D:0000 DB:7E P:nvmxdIzc V:148 H:64 
C0631B $6D $DF $99     ADC $99DF [7E99DF] = $4000      A:0398 X:00E6 Y:00E6 S:033F D:0000 DB:7E P:nvmxdIzc V:148 H:67 
C0631E $99 $AE $8F     STA $8FAE,Y [7E9094] = $0730    A:4398 X:00E6 Y:00E6 S:033F D:0000 DB:7E P:nvmxdIzc V:148 H:76 
C06321 $EE $AE $93     INC $93AE [7E93AE] = $00E6      A:4398 X:00E6 Y:00E6 S:033F D:0000 DB:7E P:nvmxdIzc V:148 H:86 
C06324 $EE $AE $93     INC $93AE [7E93AE] = $00E7      A:4398 X:00E6 Y:00E6 S:033F D:0000 DB:7E P:nvmxdIzc V:148 H:100
C06327 $E8             INX                             A:4398 X:00E6 Y:00E6 S:033F D:0000 DB:7E P:nvmxdIzc V:148 H:114
C06328 $E8             INX                             A:4398 X:00E7 Y:00E6 S:033F D:0000 DB:7E P:nvmxdIzc V:148 H:117
C06329 $E6 $2A         INC $2A [00002A] = $0073        A:4398 X:00E8 Y:00E6 S:033F D:0000 DB:7E P:nvmxdIzc V:148 H:120
C0632B $CE $7A $96     DEC $967A [7E967A] = $0002      A:4398 X:00E8 Y:00E6 S:033F D:0000 DB:7E P:nvmxdIzc V:148 H:132
C0632E $D0 $A9         BNE $C062D9                     A:4398 X:00E8 Y:00E6 S:033F D:0000 DB:7E P:nvmxdIzc V:148 H:156
C062D9 $A5 $2A         LDA $2A [00002A] = $0074        A:4398 X:00E8 Y:00E6 S:033F D:0000 DB:7E P:nvmxdIzc V:148 H:161
C062DB $CF $4E $B7 $7F CMP $7FB74E                     A:0074 X:00E8 Y:00E6 S:033F D:0000 DB:7E P:nvmxdIzc V:148 H:168
C062DF $B0 $08         BCS $C062E9                     A:0074 X:00E8 Y:00E6 S:033F D:0000 DB:7E P:NvmxdIzc V:148 H:178
C062E1 $AC $AE $93     LDY $93AE [7E93AE] = $00E8      A:0074 X:00E8 Y:00E6 S:033F D:0000 DB:7E P:NvmxdIzc V:148 H:181
C062E4 $C0 $00 $02     CPY #$0200                      A:0074 X:00E8 Y:00E8 S:033F D:0000 DB:7E P:nvmxdIzc V:148 H:189
C062E7 $90 $06         BCC $C062EF                     A:0074 X:00E8 Y:00E8 S:033F D:0000 DB:7E P:NvmxdIzc V:148 H:194
C062EF $AC $AE $93     LDY $93AE [7E93AE] = $00E8      A:0074 X:00E8 Y:00E8 S:033F D:0000 DB:7E P:NvmxdIzc V:148 H:198
C062F2 $BF $EA $AE $7F LDA $7FAEEA,X [7FAFD2] = $0055  A:0074 X:00E8 Y:00E8 S:033F D:0000 DB:7E P:nvmxdIzc V:148 H:207
C062F6 $0A             ASL                             A:0055 X:00E8 Y:00E8 S:033F D:0000 DB:7E P:nvmxdIzc V:148 H:217
C062F7 $26 $2E         ROL $2E [00002E] = $0000        A:00AA X:00E8 Y:00E8 S:033F D:0000 DB:7E P:nvmxdIzc V:148 H:220
C062F9 $0A             ASL                             A:00AA X:00E8 Y:00E8 S:033F D:0000 DB:7E P:nvmxdIZc V:148 H:232
C062FA $26 $2E         ROL $2E [00002E] = $0000        A:0154 X:00E8 Y:00E8 S:033F D:0000 DB:7E P:nvmxdIzc V:148 H:235
C062FC $0A             ASL                             A:0154 X:00E8 Y:00E8 S:033F D:0000 DB:7E P:nvmxdIZc V:148 H:248
C062FD $26 $2E         ROL $2E [00002E] = $0000        A:02A8 X:00E8 Y:00E8 S:033F D:0000 DB:7E P:nvmxdIzc V:148 H:251
C062FF $0A             ASL                             A:02A8 X:00E8 Y:00E8 S:033F D:0000 DB:7E P:nvmxdIZc V:148 H:263
C06300 $26 $2E         ROL $2E [00002E] = $0000        A:0550 X:00E8 Y:00E8 S:033F D:0000 DB:7E P:nvmxdIzc V:148 H:266
C06302 $18             CLC                             A:0550 X:00E8 Y:00E8 S:033F D:0000 DB:7E P:nvmxdIZc V:148 H:295
C06303 $69 $A0 $8E     ADC #$8EA0                      A:0550 X:00E8 Y:00E8 S:033F D:0000 DB:7E P:nvmxdIZc V:148 H:298
C06306 $99 $AE $8B     STA $8BAE,Y [7E8C96] = $EC80    A:93F0 X:00E8 Y:00E8 S:033F D:0000 DB:7E P:NvmxdIzc V:148 H:302
C06309 $A5 $2E         LDA $2E [00002E] = $0000        A:93F0 X:00E8 Y:00E8 S:033F D:0000 DB:7E P:NvmxdIzc V:148 H:312
C0630B $69 $E3 $00     ADC #$00E3                      A:0000 X:00E8 Y:00E8 S:033F D:0000 DB:7E P:nvmxdIZc V:148 H:319
C0630E $99 $AE $8D     STA $8DAE,Y [7E8E96] = $00D0    A:00E3 X:00E8 Y:00E8 S:033F D:0000 DB:7E P:nvmxdIzc V:148 H:323
C06311 $A9 $10 $00     LDA #$0010                      A:00E3 X:00E8 Y:00E8 S:033F D:0000 DB:7E P:nvmxdIzc V:148 H:333
C06314 $99 $AE $91     STA $91AE,Y [7E9296] = $0020    A:0010 X:00E8 Y:00E8 S:033F D:0000 DB:7E P:nvmxdIzc V:148 H:337
C06317 $8A             TXA                             A:0010 X:00E8 Y:00E8 S:033F D:0000 DB:7E P:nvmxdIzc V:149 H:7  
C06318 $0A             ASL                             A:00E8 X:00E8 Y:00E8 S:033F D:0000 DB:7E P:nvmxdIzc V:149 H:10 
C06319 $0A             ASL                             A:01D0 X:00E8 Y:00E8 S:033F D:0000 DB:7E P:nvmxdIzc V:149 H:13 
C0631A $18             CLC                             A:03A0 X:00E8 Y:00E8 S:033F D:0000 DB:7E P:nvmxdIzc V:149 H:16 
C0631B $6D $DF $99     ADC $99DF [7E99DF] = $4000      A:03A0 X:00E8 Y:00E8 S:033F D:0000 DB:7E P:nvmxdIzc V:149 H:19 
C0631E $99 $AE $8F     STA $8FAE,Y [7E9096] = $0740    A:43A0 X:00E8 Y:00E8 S:033F D:0000 DB:7E P:nvmxdIzc V:149 H:28 
C06321 $EE $AE $93     INC $93AE [7E93AE] = $00E8      A:43A0 X:00E8 Y:00E8 S:033F D:0000 DB:7E P:nvmxdIzc V:149 H:38 
C06324 $EE $AE $93     INC $93AE [7E93AE] = $00E9      A:43A0 X:00E8 Y:00E8 S:033F D:0000 DB:7E P:nvmxdIzc V:149 H:52 
C06327 $E8             INX                             A:43A0 X:00E8 Y:00E8 S:033F D:0000 DB:7E P:nvmxdIzc V:149 H:66 
C06328 $E8             INX                             A:43A0 X:00E9 Y:00E8 S:033F D:0000 DB:7E P:nvmxdIzc V:149 H:69 
C06329 $E6 $2A         INC $2A [00002A] = $0074        A:43A0 X:00EA Y:00E8 S:033F D:0000 DB:7E P:nvmxdIzc V:149 H:72 
C0632B $CE $7A $96     DEC $967A [7E967A] = $0001      A:43A0 X:00EA Y:00E8 S:033F D:0000 DB:7E P:nvmxdIzc V:149 H:84 
C0632E $D0 $A9         BNE $C062D9                     A:43A0 X:00EA Y:00E8 S:033F D:0000 DB:7E P:nvmxdIZc V:149 H:98 
C06330 $22 $92 $28 $C0 JSL $C02892                     A:43A0 X:00EA Y:00E8 S:033F D:0000 DB:7E P:nvmxdIZc V:149 H:101
C02892 $08             PHP                             A:43A0 X:00EA Y:00E8 S:033C D:0000 DB:7E P:nvmxdIZc V:149 H:115
C02893 $E2 $20         SEP #$20                        A:43A0 X:00EA Y:00E8 S:033B D:0000 DB:7E P:nvmxdIZc V:149 H:120
C02895 $48             PHA                             A:43A0 X:00EA Y:00E8 S:033B D:0000 DB:7E P:nvMxdIZc V:149 H:124
C02896 $A9 $01         LDA #$01                        A:43A0 X:00EA Y:00E8 S:033A D:0000 DB:7E P:nvMxdIZc V:149 H:129
C02898 $8F $E0 $7F $7E STA $7E7FE0                     A:4301 X:00EA Y:00E8 S:033A D:0000 DB:7E P:nvMxdIzc V:149 H:132
C0289C $68             PLA                             A:4301 X:00EA Y:00E8 S:033A D:0000 DB:7E P:nvMxdIzc V:149 H:150
C0289D $28             PLP                             A:43A0 X:00EA Y:00E8 S:033B D:0000 DB:7E P:NvMxdIzc V:149 H:157
C0289E $08             PHP                             A:43A0 X:00EA Y:00E8 S:033C D:0000 DB:7E P:nvmxdIZc V:149 H:163
C0289F $C2 $30         REP #$30                        A:43A0 X:00EA Y:00E8 S:033B D:0000 DB:7E P:nvmxdIZc V:149 H:168
C028A1 $48             PHA                             A:43A0 X:00EA Y:00E8 S:033B D:0000 DB:7E P:nvmxdIZc V:149 H:173
C028A2 $DA             PHX                             A:43A0 X:00EA Y:00E8 S:0339 D:0000 DB:7E P:nvmxdIZc V:149 H:180
C028A3 $5A             PHY                             A:43A0 X:00EA Y:00E8 S:0337 D:0000 DB:7E P:nvmxdIZc V:149 H:187
C028A4 $8B             PHB                             A:43A0 X:00EA Y:00E8 S:0335 D:0000 DB:7E P:nvmxdIZc V:149 H:194
C028A5 $0B             PHD                             A:43A0 X:00EA Y:00E8 S:0334 D:0000 DB:7E P:nvmxdIZc V:149 H:199
C028A6 $AF $E0 $7D $7E LDA $7E7DE0                     A:43A0 X:00EA Y:00E8 S:0332 D:0000 DB:7E P:nvmxdIZc V:149 H:206
C028AA $AA             TAX                             A:0000 X:00EA Y:00E8 S:0332 D:0000 DB:7E P:nvmxdIZc V:149 H:216
C028AB $3B             TSC                             A:0000 X:0000 Y:00E8 S:0332 D:0000 DB:7E P:nvmxdIZc V:149 H:219
C028AC $9F $D8 $7D $7E STA $7E7DD8,X [7E7DD8] = $035F  A:0332 X:0000 Y:00E8 S:0332 D:0000 DB:7E P:nvmxdIzc V:149 H:222
C028B0 $5C $74 $27 $C0 JMP $C02774                     A:0332 X:0000 Y:00E8 S:0332 D:0000 DB:7E P:nvmxdIzc V:149 H:232
C02774 $C2 $30         REP #$30                        A:0332 X:0000 Y:00E8 S:0332 D:0000 DB:7E P:nvmxdIzc V:149 H:238
C02776 $AF $E0 $7D $7E LDA $7E7DE0                     A:0332 X:0000 Y:00E8 S:0332 D:0000 DB:7E P:nvmxdIzc V:149 H:242
C0277A $1A             INC                             A:0000 X:0000 Y:00E8 S:0332 D:0000 DB:7E P:nvmxdIZc V:149 H:252
C0277B $1A             INC                             A:0001 X:0000 Y:00E8 S:0332 D:0000 DB:7E P:nvmxdIzc V:149 H:255
C0277C $8F $E0 $7D $7E STA $7E7DE0                     A:0002 X:0000 Y:00E8 S:0332 D:0000 DB:7E P:nvmxdIzc V:149 H:258
C02780 $C9 $08 $00     CMP #$0008                      A:0002 X:0000 Y:00E8 S:0332 D:0000 DB:7E P:nvmxdIzc V:149 H:268
C02783 $90 $D8         BCC $C0275D                     A:0002 X:0000 Y:00E8 S:0332 D:0000 DB:7E P:NvmxdIzc V:149 H:273
C0275D $AF $E0 $7D $7E LDA $7E7DE0                     A:0002 X:0000 Y:00E8 S:0332 D:0000 DB:7E P:NvmxdIzc V:149 H:294
C02761 $AA             TAX                             A:0002 X:0000 Y:00E8 S:0332 D:0000 DB:7E P:nvmxdIzc V:149 H:304
C02762 $BF $D0 $7D $7E LDA $7E7DD0,X [7E7DD2] = $0000  A:0002 X:0002 Y:00E8 S:0332 D:0000 DB:7E P:nvmxdIzc V:149 H:307
C02766 $D0 $0C         BNE $C02774                     A:0000 X:0002 Y:00E8 S:0332 D:0000 DB:7E P:nvmxdIZc V:149 H:317
C02768 $BF $D8 $7D $7E LDA $7E7DD8,X [7E7DDA] = $03EF  A:0000 X:0002 Y:00E8 S:0332 D:0000 DB:7E P:nvmxdIZc V:149 H:320
C0276C $1B             TCS                             A:03EF X:0002 Y:00E8 S:0332 D:0000 DB:7E P:nvmxdIzc V:149 H:329
C0276D $2B             PLD                             A:03EF X:0002 Y:00E8 S:03EF D:0000 DB:7E P:nvmxdIzc V:149 H:332
C0276E $AB             PLB                             A:03EF X:0002 Y:00E8 S:03F1 D:00C0 DB:7E P:nvmxdIzc V:150 H:0  
C0276F $7A             PLY                             A:03EF X:0002 Y:00E8 S:03F2 D:00C0 DB:7E P:nvmxdIzc V:150 H:7  
C02770 $FA             PLX                             A:03EF X:0002 Y:0006 S:03F4 D:00C0 DB:7E P:nvmxdIzc V:150 H:15 
C02771 $68             PLA                             A:03EF X:0010 Y:0006 S:03F6 D:00C0 DB:7E P:nvmxdIzc V:150 H:24 
C02772 $28             PLP                             A:0000 X:0010 Y:0006 S:03F8 D:00C0 DB:7E P:nvmxdIZc V:150 H:32 
C02773 $6B             RTL                             A:0000 X:0010 Y:0006 S:03F9 D:00C0 DB:7E P:nvmxdIZc V:150 H:39 
C02E51 $80 $E2         BRA $C02E35                     A:0000 X:0010 Y:0006 S:03FC D:00C0 DB:7E P:nvmxdIZc V:150 H:49 
C02E35 $22 $95 $69 $C1 JSL $C16995                     A:0000 X:0010 Y:0006 S:03FC D:00C0 DB:7E P:nvmxdIZc V:150 H:54 
C16995 $C2 $30         REP #$30                        A:0000 X:0010 Y:0006 S:03F9 D:00C0 DB:7E P:nvmxdIZc V:150 H:67 
C16997 $F4 $7F $7F     PEA #$7F7F                      A:0000 X:0010 Y:0006 S:03F9 D:00C0 DB:7E P:nvmxdIZc V:150 H:72 
C1699A $AB             PLB                             A:0000 X:0010 Y:0006 S:03F7 D:00C0 DB:7E P:nvmxdIZc V:150 H:80 
C1699B $AB             PLB                             A:0000 X:0010 Y:0006 S:03F8 D:00C0 DB:7F P:nvmxdIzc V:150 H:87 
C1699C $AD $9E $E3     LDA $E39E [7FE39E] = $0000      A:0000 X:0010 Y:0006 S:03F9 D:00C0 DB:7F P:nvmxdIzc V:150 H:93 
C1699F $0D $A0 $E3     ORA $E3A0 [7FE3A0] = $0000      A:0000 X:0010 Y:0006 S:03F9 D:00C0 DB:7F P:nvmxdIZc V:150 H:102
C169A2 $0D $A2 $E3     ORA $E3A2 [7FE3A2] = $0000      A:0000 X:0010 Y:0006 S:03F9 D:00C0 DB:7F P:nvmxdIZc V:150 H:110
C169A5 $0D $A4 $E3     ORA $E3A4 [7FE3A4] = $0000      A:0000 X:0010 Y:0006 S:03F9 D:00C0 DB:7F P:nvmxdIZc V:150 H:119
C169A8 $0D $A6 $E3     ORA $E3A6 [7FE3A6] = $0000      A:0000 X:0010 Y:0006 S:03F9 D:00C0 DB:7F P:nvmxdIZc V:150 H:127
C169AB $0D $A8 $E3     ORA $E3A8 [7FE3A8] = $0000      A:0000 X:0010 Y:0006 S:03F9 D:00C0 DB:7F P:nvmxdIZc V:150 H:146
C169AE $0D $AA $E3     ORA $E3AA [7FE3AA] = $0000      A:0000 X:0010 Y:0006 S:03F9 D:00C0 DB:7F P:nvmxdIZc V:150 H:154
C169B1 $0D $AC $E3     ORA $E3AC [7FE3AC] = $0000      A:0000 X:0010 Y:0006 S:03F9 D:00C0 DB:7F P:nvmxdIZc V:150 H:163
C169B4 $0D $AE $E3     ORA $E3AE [7FE3AE] = $0000      A:0000 X:0010 Y:0006 S:03F9 D:00C0 DB:7F P:nvmxdIZc V:150 H:171
C169B7 $0D $B0 $E3     ORA $E3B0 [7FE3B0] = $0000      A:0000 X:0010 Y:0006 S:03F9 D:00C0 DB:7F P:nvmxdIZc V:150 H:180
C169BA $D0 $01         BNE $C169BD                     A:0000 X:0010 Y:0006 S:03F9 D:00C0 DB:7F P:nvmxdIZc V:150 H:188
C169BC $6B             RTL                             A:0000 X:0010 Y:0006 S:03F9 D:00C0 DB:7F P:nvmxdIZc V:150 H:191
C02E39 $22 $6F $93 $C0 JSL $C0936F                     A:0000 X:0010 Y:0006 S:03FC D:00C0 DB:7F P:nvmxdIZc V:150 H:202
C0936F $08             PHP                             A:0000 X:0010 Y:0006 S:03F9 D:00C0 DB:7F P:nvmxdIZc V:150 H:215
C09370 $F4 $7E $7E     PEA #$7E7E                      A:0000 X:0010 Y:0006 S:03F8 D:00C0 DB:7F P:nvmxdIZc V:150 H:220
C09373 $AB             PLB                             A:0000 X:0010 Y:0006 S:03F6 D:00C0 DB:7F P:nvmxdIZc V:150 H:229
C09374 $AB             PLB                             A:0000 X:0010 Y:0006 S:03F7 D:00C0 DB:7E P:nvmxdIzc V:150 H:235
C09375 $E2 $20         SEP #$20                        A:0000 X:0010 Y:0006 S:03F8 D:00C0 DB:7E P:nvmxdIzc V:150 H:242
C09377 $AD $47 $DD     LDA $DD47 [7EDD47] = $00        A:0000 X:0010 Y:0006 S:03F8 D:00C0 DB:7E P:nvMxdIzc V:150 H:246
C0937A $D0 $05         BNE $C09381                     A:0000 X:0010 Y:0006 S:03F8 D:00C0 DB:7E P:nvMxdIZc V:150 H:253
C0937C $AD $45 $DD     LDA $DD45 [7EDD45] = $00        A:0000 X:0010 Y:0006 S:03F8 D:00C0 DB:7E P:nvMxdIZc V:150 H:256
C0937F $F0 $05         BEQ $C09386                     A:0000 X:0010 Y:0006 S:03F8 D:00C0 DB:7E P:nvMxdIZc V:150 H:262
C09386 $A9 $E8         LDA #$E8                        A:0000 X:0010 Y:0006 S:03F8 D:00C0 DB:7E P:nvMxdIZc V:150 H:267
C09388 $8D $20 $DB     STA $DB20 [7EDB20] = $60        A:00E8 X:0010 Y:0006 S:03F8 D:00C0 DB:7E P:NvMxdIzc V:150 H:270
C0938B $8D $24 $DB     STA $DB24 [7EDB24] = $68        A:00E8 X:0010 Y:0006 S:03F8 D:00C0 DB:7E P:NvMxdIzc V:150 H:293
C0938E $8D $28 $DB     STA $DB28 [7EDB28] = $70        A:00E8 X:0010 Y:0006 S:03F8 D:00C0 DB:7E P:NvMxdIzc V:150 H:299
C09391 $8D $2C $DB     STA $DB2C [7EDB2C] = $60        A:00E8 X:0010 Y:0006 S:03F8 D:00C0 DB:7E P:NvMxdIzc V:150 H:306
C09394 $8D $30 $DB     STA $DB30 [7EDB30] = $68        A:00E8 X:0010 Y:0006 S:03F8 D:00C0 DB:7E P:NvMxdIzc V:150 H:312
C09397 $8D $34 $DB     STA $DB34 [7EDB34] = $70        A:00E8 X:0010 Y:0006 S:03F8 D:00C0 DB:7E P:NvMxdIzc V:150 H:319
C0939A $8D $38 $DB     STA $DB38 [7EDB38] = $E8        A:00E8 X:0010 Y:0006 S:03F8 D:00C0 DB:7E P:NvMxdIzc V:150 H:325
C0939D $8D $3C $DB     STA $DB3C [7EDB3C] = $E8        A:00E8 X:0010 Y:0006 S:03F8 D:00C0 DB:7E P:NvMxdIzc V:150 H:331
C093A0 $8D $40 $DB     STA $DB40 [7EDB40] = $E8        A:00E8 X:0010 Y:0006 S:03F8 D:00C0 DB:7E P:NvMxdIzc V:150 H:337
C093A3 $8D $44 $DB     STA $DB44 [7EDB44] = $E8        A:00E8 X:0010 Y:0006 S:03F8 D:00C0 DB:7E P:NvMxdIzc V:151 H:4  
C093A6 $8D $48 $DB     STA $DB48 [7EDB48] = $E8        A:00E8 X:0010 Y:0006 S:03F8 D:00C0 DB:7E P:NvMxdIzc V:151 H:10 
C093A9 $8D $4C $DB     STA $DB4C [7EDB4C] = $E8        A:00E8 X:0010 Y:0006 S:03F8 D:00C0 DB:7E P:NvMxdIzc V:151 H:17 
C093AC $8D $50 $DB     STA $DB50 [7EDB50] = $E8        A:00E8 X:0010 Y:0006 S:03F8 D:00C0 DB:7E P:NvMxdIzc V:151 H:23 
C093AF $8D $54 $DB     STA $DB54 [7EDB54] = $E8        A:00E8 X:0010 Y:0006 S:03F8 D:00C0 DB:7E P:NvMxdIzc V:151 H:30 
C093B2 $8D $58 $DB     STA $DB58 [7EDB58] = $E8        A:00E8 X:0010 Y:0006 S:03F8 D:00C0 DB:7E P:NvMxdIzc V:151 H:36 
C093B5 $8D $5C $DB     STA $DB5C [7EDB5C] = $E8        A:00E8 X:0010 Y:0006 S:03F8 D:00C0 DB:7E P:NvMxdIzc V:151 H:43 
C093B8 $8D $60 $DB     STA $DB60 [7EDB60] = $E8        A:00E8 X:0010 Y:0006 S:03F8 D:00C0 DB:7E P:NvMxdIzc V:151 H:49 
C093BB $8D $64 $DB     STA $DB64 [7EDB64] = $E8        A:00E8 X:0010 Y:0006 S:03F8 D:00C0 DB:7E P:NvMxdIzc V:151 H:56 
C093BE $8D $68 $DB     STA $DB68 [7EDB68] = $E8        A:00E8 X:0010 Y:0006 S:03F8 D:00C0 DB:7E P:NvMxdIzc V:151 H:62 
C093C1 $8D $6C $DB     STA $DB6C [7EDB6C] = $E8        A:00E8 X:0010 Y:0006 S:03F8 D:00C0 DB:7E P:NvMxdIzc V:151 H:69 
C093C4 $8D $70 $DB     STA $DB70 [7EDB70] = $E8        A:00E8 X:0010 Y:0006 S:03F8 D:00C0 DB:7E P:NvMxdIzc V:151 H:75 
C093C7 $8D $74 $DB     STA $DB74 [7EDB74] = $E8        A:00E8 X:0010 Y:0006 S:03F8 D:00C0 DB:7E P:NvMxdIzc V:151 H:82 
C093CA $8D $78 $DB     STA $DB78 [7EDB78] = $E8        A:00E8 X:0010 Y:0006 S:03F8 D:00C0 DB:7E P:NvMxdIzc V:151 H:88 
C093CD $8D $7C $DB     STA $DB7C [7EDB7C] = $E8        A:00E8 X:0010 Y:0006 S:03F8 D:00C0 DB:7E P:NvMxdIzc V:151 H:95 
C093D0 $8D $80 $DB     STA $DB80 [7EDB80] = $E8        A:00E8 X:0010 Y:0006 S:03F8 D:00C0 DB:7E P:NvMxdIzc V:151 H:101
C093D3 $8D $84 $DB     STA $DB84 [7EDB84] = $E8        A:00E8 X:0010 Y:0006 S:03F8 D:00C0 DB:7E P:NvMxdIzc V:151 H:108
C093D6 $8D $88 $DB     STA $DB88 [7EDB88] = $E8        A:00E8 X:0010 Y:0006 S:03F8 D:00C0 DB:7E P:NvMxdIzc V:151 H:114
C093D9 $8D $8C $DB     STA $DB8C [7EDB8C] = $E8        A:00E8 X:0010 Y:0006 S:03F8 D:00C0 DB:7E P:NvMxdIzc V:151 H:121
C093DC $8D $90 $DB     STA $DB90 [7EDB90] = $E8        A:00E8 X:0010 Y:0006 S:03F8 D:00C0 DB:7E P:NvMxdIzc V:151 H:127
C093DF $8D $94 $DB     STA $DB94 [7EDB94] = $E8        A:00E8 X:0010 Y:0006 S:03F8 D:00C0 DB:7E P:NvMxdIzc V:151 H:134
C093E2 $8D $98 $DB     STA $DB98 [7EDB98] = $E8        A:00E8 X:0010 Y:0006 S:03F8 D:00C0 DB:7E P:NvMxdIzc V:151 H:150
C093E5 $8D $9C $DB     STA $DB9C [7EDB9C] = $E8        A:00E8 X:0010 Y:0006 S:03F8 D:00C0 DB:7E P:NvMxdIzc V:151 H:157
C093E8 $8D $A0 $DB     STA $DBA0 [7EDBA0] = $E8        A:00E8 X:0010 Y:0006 S:03F8 D:00C0 DB:7E P:NvMxdIzc V:151 H:163
C093EB $8D $A4 $DB     STA $DBA4 [7EDBA4] = $E8        A:00E8 X:0010 Y:0006 S:03F8 D:00C0 DB:7E P:NvMxdIzc V:151 H:170
C093EE $8D $A8 $DB     STA $DBA8 [7EDBA8] = $E8        A:00E8 X:0010 Y:0006 S:03F8 D:00C0 DB:7E P:NvMxdIzc V:151 H:176
C093F1 $8D $AC $DB     STA $DBAC [7EDBAC] = $E8        A:00E8 X:0010 Y:0006 S:03F8 D:00C0 DB:7E P:NvMxdIzc V:151 H:183
C093F4 $8D $B0 $DB     STA $DBB0 [7EDBB0] = $E8        A:00E8 X:0010 Y:0006 S:03F8 D:00C0 DB:7E P:NvMxdIzc V:151 H:189
C093F7 $8D $B4 $DB     STA $DBB4 [7EDBB4] = $E8        A:00E8 X:0010 Y:0006 S:03F8 D:00C0 DB:7E P:NvMxdIzc V:151 H:196
C093FA $8D $B8 $DB     STA $DBB8 [7EDBB8] = $E8        A:00E8 X:0010 Y:0006 S:03F8 D:00C0 DB:7E P:NvMxdIzc V:151 H:202
C093FD $8D $BC $DB     STA $DBBC [7EDBBC] = $E8        A:00E8 X:0010 Y:0006 S:03F8 D:00C0 DB:7E P:NvMxdIzc V:151 H:209
C09400 $8D $C0 $DB     STA $DBC0 [7EDBC0] = $E8        A:00E8 X:0010 Y:0006 S:03F8 D:00C0 DB:7E P:NvMxdIzc V:151 H:215
C09403 $8D $C4 $DB     STA $DBC4 [7EDBC4] = $E8        A:00E8 X:0010 Y:0006 S:03F8 D:00C0 DB:7E P:NvMxdIzc V:151 H:222
C09406 $8D $C8 $DB     STA $DBC8 [7EDBC8] = $E8        A:00E8 X:0010 Y:0006 S:03F8 D:00C0 DB:7E P:NvMxdIzc V:151 H:228
C09409 $8D $CC $DB     STA $DBCC [7EDBCC] = $E8        A:00E8 X:0010 Y:0006 S:03F8 D:00C0 DB:7E P:NvMxdIzc V:151 H:235
C0940C $8D $D0 $DB     STA $DBD0 [7EDBD0] = $E8        A:00E8 X:0010 Y:0006 S:03F8 D:00C0 DB:7E P:NvMxdIzc V:151 H:241
C0940F $8D $D4 $DB     STA $DBD4 [7EDBD4] = $E8        A:00E8 X:0010 Y:0006 S:03F8 D:00C0 DB:7E P:NvMxdIzc V:151 H:248
C09412 $8D $D8 $DB     STA $DBD8 [7EDBD8] = $E8        A:00E8 X:0010 Y:0006 S:03F8 D:00C0 DB:7E P:NvMxdIzc V:151 H:254
C09415 $8D $DC $DB     STA $DBDC [7EDBDC] = $E8        A:00E8 X:0010 Y:0006 S:03F8 D:00C0 DB:7E P:NvMxdIzc V:151 H:261
C09418 $8D $E0 $DB     STA $DBE0 [7EDBE0] = $E8        A:00E8 X:0010 Y:0006 S:03F8 D:00C0 DB:7E P:NvMxdIzc V:151 H:267
C0941B $8D $E4 $DB     STA $DBE4 [7EDBE4] = $E8        A:00E8 X:0010 Y:0006 S:03F8 D:00C0 DB:7E P:NvMxdIzc V:151 H:274
C0941E $8D $E8 $DB     STA $DBE8 [7EDBE8] = $E8        A:00E8 X:0010 Y:0006 S:03F8 D:00C0 DB:7E P:NvMxdIzc V:151 H:321
C09421 $8D $EC $DB     STA $DBEC [7EDBEC] = $E8        A:00E8 X:0010 Y:0006 S:03F8 D:00C0 DB:7E P:NvMxdIzc V:151 H:327
C09424 $8D $F0 $DB     STA $DBF0 [7EDBF0] = $E8        A:00E8 X:0010 Y:0006 S:03F8 D:00C0 DB:7E P:NvMxdIzc V:151 H:333
C09427 $8D $F4 $DB     STA $DBF4 [7EDBF4] = $E8        A:00E8 X:0010 Y:0006 S:03F8 D:00C0 DB:7E P:NvMxdIzc V:151 H:339
C0942A $8D $F8 $DB     STA $DBF8 [7EDBF8] = $E8        A:00E8 X:0010 Y:0006 S:03F8 D:00C0 DB:7E P:NvMxdIzc V:152 H:6  
C0942D $8D $FC $DB     STA $DBFC [7EDBFC] = $E8        A:00E8 X:0010 Y:0006 S:03F8 D:00C0 DB:7E P:NvMxdIzc V:152 H:12 
C09430 $8D $00 $DC     STA $DC00 [7EDC00] = $E8        A:00E8 X:0010 Y:0006 S:03F8 D:00C0 DB:7E P:NvMxdIzc V:152 H:19 
C09433 $8D $04 $DC     STA $DC04 [7EDC04] = $E8        A:00E8 X:0010 Y:0006 S:03F8 D:00C0 DB:7E P:NvMxdIzc V:152 H:25 
C09436 $8D $08 $DC     STA $DC08 [7EDC08] = $E8        A:00E8 X:0010 Y:0006 S:03F8 D:00C0 DB:7E P:NvMxdIzc V:152 H:32 
C09439 $8D $0C $DC     STA $DC0C [7EDC0C] = $E8        A:00E8 X:0010 Y:0006 S:03F8 D:00C0 DB:7E P:NvMxdIzc V:152 H:38 
C0943C $8D $10 $DC     STA $DC10 [7EDC10] = $E8        A:00E8 X:0010 Y:0006 S:03F8 D:00C0 DB:7E P:NvMxdIzc V:152 H:45 
C0943F $8D $14 $DC     STA $DC14 [7EDC14] = $E8        A:00E8 X:0010 Y:0006 S:03F8 D:00C0 DB:7E P:NvMxdIzc V:152 H:51 
C09442 $8D $18 $DC     STA $DC18 [7EDC18] = $E8        A:00E8 X:0010 Y:0006 S:03F8 D:00C0 DB:7E P:NvMxdIzc V:152 H:58 
C09445 $8D $1C $DC     STA $DC1C [7EDC1C] = $E8        A:00E8 X:0010 Y:0006 S:03F8 D:00C0 DB:7E P:NvMxdIzc V:152 H:64 
C09448 $8D $20 $DC     STA $DC20 [7EDC20] = $E8        A:00E8 X:0010 Y:0006 S:03F8 D:00C0 DB:7E P:NvMxdIzc V:152 H:71 
C0944B $8D $24 $DC     STA $DC24 [7EDC24] = $E8        A:00E8 X:0010 Y:0006 S:03F8 D:00C0 DB:7E P:NvMxdIzc V:152 H:77 
C0944E $8D $28 $DC     STA $DC28 [7EDC28] = $E8        A:00E8 X:0010 Y:0006 S:03F8 D:00C0 DB:7E P:NvMxdIzc V:152 H:84 
C09451 $8D $2C $DC     STA $DC2C [7EDC2C] = $E8        A:00E8 X:0010 Y:0006 S:03F8 D:00C0 DB:7E P:NvMxdIzc V:152 H:90 
C09454 $8D $30 $DC     STA $DC30 [7EDC30] = $E8        A:00E8 X:0010 Y:0006 S:03F8 D:00C0 DB:7E P:NvMxdIzc V:152 H:97 
C09457 $8D $34 $DC     STA $DC34 [7EDC34] = $E8        A:00E8 X:0010 Y:0006 S:03F8 D:00C0 DB:7E P:NvMxdIzc V:152 H:103
C0945A $8D $38 $DC     STA $DC38 [7EDC38] = $E8        A:00E8 X:0010 Y:0006 S:03F8 D:00C0 DB:7E P:NvMxdIzc V:152 H:110
C0945D $8D $3C $DC     STA $DC3C [7EDC3C] = $E8        A:00E8 X:0010 Y:0006 S:03F8 D:00C0 DB:7E P:NvMxdIzc V:152 H:116
C09460 $8D $40 $DC     STA $DC40 [7EDC40] = $E8        A:00E8 X:0010 Y:0006 S:03F8 D:00C0 DB:7E P:NvMxdIzc V:152 H:123
C09463 $8D $44 $DC     STA $DC44 [7EDC44] = $E8        A:00E8 X:0010 Y:0006 S:03F8 D:00C0 DB:7E P:NvMxdIzc V:152 H:129
C09466 $8D $48 $DC     STA $DC48 [7EDC48] = $E8        A:00E8 X:0010 Y:0006 S:03F8 D:00C0 DB:7E P:NvMxdIzc V:152 H:146
C09469 $8D $4C $DC     STA $DC4C [7EDC4C] = $E8        A:00E8 X:0010 Y:0006 S:03F8 D:00C0 DB:7E P:NvMxdIzc V:152 H:152
C0946C $8D $50 $DC     STA $DC50 [7EDC50] = $E8        A:00E8 X:0010 Y:0006 S:03F8 D:00C0 DB:7E P:NvMxdIzc V:152 H:159
C0946F $8D $54 $DC     STA $DC54 [7EDC54] = $E8        A:00E8 X:0010 Y:0006 S:03F8 D:00C0 DB:7E P:NvMxdIzc V:152 H:165
C09472 $8D $58 $DC     STA $DC58 [7EDC58] = $E8        A:00E8 X:0010 Y:0006 S:03F8 D:00C0 DB:7E P:NvMxdIzc V:152 H:172
C09475 $8D $5C $DC     STA $DC5C [7EDC5C] = $E8        A:00E8 X:0010 Y:0006 S:03F8 D:00C0 DB:7E P:NvMxdIzc V:152 H:178
C09478 $8D $60 $DC     STA $DC60 [7EDC60] = $E8        A:00E8 X:0010 Y:0006 S:03F8 D:00C0 DB:7E P:NvMxdIzc V:152 H:185
C0947B $8D $64 $DC     STA $DC64 [7EDC64] = $E8        A:00E8 X:0010 Y:0006 S:03F8 D:00C0 DB:7E P:NvMxdIzc V:152 H:191
C0947E $8D $68 $DC     STA $DC68 [7EDC68] = $E8        A:00E8 X:0010 Y:0006 S:03F8 D:00C0 DB:7E P:NvMxdIzc V:152 H:198
C09481 $8D $6C $DC     STA $DC6C [7EDC6C] = $E8        A:00E8 X:0010 Y:0006 S:03F8 D:00C0 DB:7E P:NvMxdIzc V:152 H:204
C09484 $8D $70 $DC     STA $DC70 [7EDC70] = $E8        A:00E8 X:0010 Y:0006 S:03F8 D:00C0 DB:7E P:NvMxdIzc V:152 H:211
C09487 $8D $74 $DC     STA $DC74 [7EDC74] = $E8        A:00E8 X:0010 Y:0006 S:03F8 D:00C0 DB:7E P:NvMxdIzc V:152 H:217
C0948A $8D $78 $DC     STA $DC78 [7EDC78] = $E8        A:00E8 X:0010 Y:0006 S:03F8 D:00C0 DB:7E P:NvMxdIzc V:152 H:224
C0948D $8D $7C $DC     STA $DC7C [7EDC7C] = $E8        A:00E8 X:0010 Y:0006 S:03F8 D:00C0 DB:7E P:NvMxdIzc V:152 H:230
C09490 $8D $80 $DC     STA $DC80 [7EDC80] = $E8        A:00E8 X:0010 Y:0006 S:03F8 D:00C0 DB:7E P:NvMxdIzc V:152 H:237
C09493 $8D $84 $DC     STA $DC84 [7EDC84] = $E8        A:00E8 X:0010 Y:0006 S:03F8 D:00C0 DB:7E P:NvMxdIzc V:152 H:243
C09496 $8D $88 $DC     STA $DC88 [7EDC88] = $E8        A:00E8 X:0010 Y:0006 S:03F8 D:00C0 DB:7E P:NvMxdIzc V:152 H:250
C09499 $8D $8C $DC     STA $DC8C [7EDC8C] = $E8        A:00E8 X:0010 Y:0006 S:03F8 D:00C0 DB:7E P:NvMxdIzc V:152 H:256
C0949C $8D $90 $DC     STA $DC90 [7EDC90] = $E8        A:00E8 X:0010 Y:0006 S:03F8 D:00C0 DB:7E P:NvMxdIzc V:152 H:263
C0949F $8D $94 $DC     STA $DC94 [7EDC94] = $E8        A:00E8 X:0010 Y:0006 S:03F8 D:00C0 DB:7E P:NvMxdIzc V:152 H:269
C094A2 $8D $98 $DC     STA $DC98 [7EDC98] = $E8        A:00E8 X:0010 Y:0006 S:03F8 D:00C0 DB:7E P:NvMxdIzc V:152 H:276
C094A5 $8D $9C $DC     STA $DC9C [7EDC9C] = $E8        A:00E8 X:0010 Y:0006 S:03F8 D:00C0 DB:7E P:NvMxdIzc V:152 H:325
C094A8 $8D $A0 $DC     STA $DCA0 [7EDCA0] = $E8        A:00E8 X:0010 Y:0006 S:03F8 D:00C0 DB:7E P:NvMxdIzc V:152 H:331
C094AB $8D $A4 $DC     STA $DCA4 [7EDCA4] = $E8        A:00E8 X:0010 Y:0006 S:03F8 D:00C0 DB:7E P:NvMxdIzc V:152 H:338
C094AE $8D $A8 $DC     STA $DCA8 [7EDCA8] = $E8        A:00E8 X:0010 Y:0006 S:03F8 D:00C0 DB:7E P:NvMxdIzc V:153 H:4  
C094B1 $8D $AC $DC     STA $DCAC [7EDCAC] = $E8        A:00E8 X:0010 Y:0006 S:03F8 D:00C0 DB:7E P:NvMxdIzc V:153 H:11 
C094B4 $8D $B0 $DC     STA $DCB0 [7EDCB0] = $E8        A:00E8 X:0010 Y:0006 S:03F8 D:00C0 DB:7E P:NvMxdIzc V:153 H:17 
C094B7 $8D $B4 $DC     STA $DCB4 [7EDCB4] = $E8        A:00E8 X:0010 Y:0006 S:03F8 D:00C0 DB:7E P:NvMxdIzc V:153 H:24 
C094BA $8D $B8 $DC     STA $DCB8 [7EDCB8] = $E8        A:00E8 X:0010 Y:0006 S:03F8 D:00C0 DB:7E P:NvMxdIzc V:153 H:30 
C094BD $8D $BC $DC     STA $DCBC [7EDCBC] = $E8        A:00E8 X:0010 Y:0006 S:03F8 D:00C0 DB:7E P:NvMxdIzc V:153 H:37 
C094C0 $8D $C0 $DC     STA $DCC0 [7EDCC0] = $E8        A:00E8 X:0010 Y:0006 S:03F8 D:00C0 DB:7E P:NvMxdIzc V:153 H:43 
C094C3 $8D $C4 $DC     STA $DCC4 [7EDCC4] = $E8        A:00E8 X:0010 Y:0006 S:03F8 D:00C0 DB:7E P:NvMxdIzc V:153 H:50 
C094C6 $8D $C8 $DC     STA $DCC8 [7EDCC8] = $E8        A:00E8 X:0010 Y:0006 S:03F8 D:00C0 DB:7E P:NvMxdIzc V:153 H:56 
C094C9 $8D $CC $DC     STA $DCCC [7EDCCC] = $E8        A:00E8 X:0010 Y:0006 S:03F8 D:00C0 DB:7E P:NvMxdIzc V:153 H:63 
C094CC $8D $D0 $DC     STA $DCD0 [7EDCD0] = $E8        A:00E8 X:0010 Y:0006 S:03F8 D:00C0 DB:7E P:NvMxdIzc V:153 H:69 
C094CF $8D $D4 $DC     STA $DCD4 [7EDCD4] = $E8        A:00E8 X:0010 Y:0006 S:03F8 D:00C0 DB:7E P:NvMxdIzc V:153 H:76 
C094D2 $8D $D8 $DC     STA $DCD8 [7EDCD8] = $E8        A:00E8 X:0010 Y:0006 S:03F8 D:00C0 DB:7E P:NvMxdIzc V:153 H:82 
C094D5 $8D $DC $DC     STA $DCDC [7EDCDC] = $E8        A:00E8 X:0010 Y:0006 S:03F8 D:00C0 DB:7E P:NvMxdIzc V:153 H:89 
C094D8 $8D $E0 $DC     STA $DCE0 [7EDCE0] = $E8        A:00E8 X:0010 Y:0006 S:03F8 D:00C0 DB:7E P:NvMxdIzc V:153 H:95 
C094DB $8D $E4 $DC     STA $DCE4 [7EDCE4] = $E8        A:00E8 X:0010 Y:0006 S:03F8 D:00C0 DB:7E P:NvMxdIzc V:153 H:102
C094DE $8D $E8 $DC     STA $DCE8 [7EDCE8] = $E8        A:00E8 X:0010 Y:0006 S:03F8 D:00C0 DB:7E P:NvMxdIzc V:153 H:108
C094E1 $8D $EC $DC     STA $DCEC [7EDCEC] = $E8        A:00E8 X:0010 Y:0006 S:03F8 D:00C0 DB:7E P:NvMxdIzc V:153 H:115
C094E4 $8D $F0 $DC     STA $DCF0 [7EDCF0] = $E8        A:00E8 X:0010 Y:0006 S:03F8 D:00C0 DB:7E P:NvMxdIzc V:153 H:121
C094E7 $8D $F4 $DC     STA $DCF4 [7EDCF4] = $E8        A:00E8 X:0010 Y:0006 S:03F8 D:00C0 DB:7E P:NvMxdIzc V:153 H:128
C094EA $8D $F8 $DC     STA $DCF8 [7EDCF8] = $E8        A:00E8 X:0010 Y:0006 S:03F8 D:00C0 DB:7E P:NvMxdIzc V:153 H:144
C094ED $8D $FC $DC     STA $DCFC [7EDCFC] = $E8        A:00E8 X:0010 Y:0006 S:03F8 D:00C0 DB:7E P:NvMxdIzc V:153 H:151
C094F0 $8D $00 $DD     STA $DD00 [7EDD00] = $E8        A:00E8 X:0010 Y:0006 S:03F8 D:00C0 DB:7E P:NvMxdIzc V:153 H:157
C094F3 $8D $04 $DD     STA $DD04 [7EDD04] = $E8        A:00E8 X:0010 Y:0006 S:03F8 D:00C0 DB:7E P:NvMxdIzc V:153 H:164
C094F6 $8D $08 $DD     STA $DD08 [7EDD08] = $E8        A:00E8 X:0010 Y:0006 S:03F8 D:00C0 DB:7E P:NvMxdIzc V:153 H:170
C094F9 $8D $0C $DD     STA $DD0C [7EDD0C] = $E8        A:00E8 X:0010 Y:0006 S:03F8 D:00C0 DB:7E P:NvMxdIzc V:153 H:177
C094FC $8D $10 $DD     STA $DD10 [7EDD10] = $E8        A:00E8 X:0010 Y:0006 S:03F8 D:00C0 DB:7E P:NvMxdIzc V:153 H:183
C094FF $8D $14 $DD     STA $DD14 [7EDD14] = $E8        A:00E8 X:0010 Y:0006 S:03F8 D:00C0 DB:7E P:NvMxdIzc V:153 H:190
C09502 $8D $18 $DD     STA $DD18 [7EDD18] = $E8        A:00E8 X:0010 Y:0006 S:03F8 D:00C0 DB:7E P:NvMxdIzc V:153 H:196
C09505 $8D $1C $DD     STA $DD1C [7EDD1C] = $E8        A:00E8 X:0010 Y:0006 S:03F8 D:00C0 DB:7E P:NvMxdIzc V:153 H:203
C09508 $C2 $30         REP #$30                        A:00E8 X:0010 Y:0006 S:03F8 D:00C0 DB:7E P:NvMxdIzc V:153 H:209
C0950A $9C $1F $DD     STZ $DD1F [7EDD1F] = $0000      A:00E8 X:0010 Y:0006 S:03F8 D:00C0 DB:7E P:NvmxdIzc V:153 H:214
C0950D $9C $21 $DD     STZ $DD21 [7EDD21] = $0000      A:00E8 X:0010 Y:0006 S:03F8 D:00C0 DB:7E P:NvmxdIzc V:153 H:222
C09510 $9C $23 $DD     STZ $DD23 [7EDD23] = $0000      A:00E8 X:0010 Y:0006 S:03F8 D:00C0 DB:7E P:NvmxdIzc V:153 H:231
C09513 $9C $25 $DD     STZ $DD25 [7EDD25] = $0000      A:00E8 X:0010 Y:0006 S:03F8 D:00C0 DB:7E P:NvmxdIzc V:153 H:239
C09516 $9C $27 $DD     STZ $DD27 [7EDD27] = $0000      A:00E8 X:0010 Y:0006 S:03F8 D:00C0 DB:7E P:NvmxdIzc V:153 H:248
C09519 $9C $29 $DD     STZ $DD29 [7EDD29] = $0000      A:00E8 X:0010 Y:0006 S:03F8 D:00C0 DB:7E P:NvmxdIzc V:153 H:256
C0951C $9C $2B $DD     STZ $DD2B [7EDD2B] = $0000      A:00E8 X:0010 Y:0006 S:03F8 D:00C0 DB:7E P:NvmxdIzc V:153 H:265
C0951F $9C $2D $DD     STZ $DD2D [7EDD2D] = $0000      A:00E8 X:0010 Y:0006 S:03F8 D:00C0 DB:7E P:NvmxdIzc V:153 H:273
C09522 $9C $2F $DD     STZ $DD2F [7EDD2F] = $0000      A:00E8 X:0010 Y:0006 S:03F8 D:00C0 DB:7E P:NvmxdIzc V:153 H:298
C09525 $9C $31 $DD     STZ $DD31 [7EDD31] = $0000      A:00E8 X:0010 Y:0006 S:03F8 D:00C0 DB:7E P:NvmxdIzc V:153 H:307
C09528 $9C $33 $DD     STZ $DD33 [7EDD33] = $0000      A:00E8 X:0010 Y:0006 S:03F8 D:00C0 DB:7E P:NvmxdIzc V:153 H:315
C0952B $9C $35 $DD     STZ $DD35 [7EDD35] = $0000      A:00E8 X:0010 Y:0006 S:03F8 D:00C0 DB:7E P:NvmxdIzc V:153 H:323
C0952E $9C $37 $DD     STZ $DD37 [7EDD37] = $0000      A:00E8 X:0010 Y:0006 S:03F8 D:00C0 DB:7E P:NvmxdIzc V:153 H:331
C09531 $9C $39 $DD     STZ $DD39 [7EDD39] = $0000      A:00E8 X:0010 Y:0006 S:03F8 D:00C0 DB:7E P:NvmxdIzc V:154 H:0  
C09534 $9C $3B $DD     STZ $DD3B [7EDD3B] = $0000      A:00E8 X:0010 Y:0006 S:03F8 D:00C0 DB:7E P:NvmxdIzc V:154 H:8  
C09537 $9C $3D $DD     STZ $DD3D [7EDD3D] = $0000      A:00E8 X:0010 Y:0006 S:03F8 D:00C0 DB:7E P:NvmxdIzc V:154 H:17 
C0953A $F4 $C5 $99     PEA #$99C5                      A:00E8 X:0010 Y:0006 S:03F8 D:00C0 DB:7E P:NvmxdIzc V:154 H:25 
C0953D $F4 $10 $00     PEA #$0010                      A:00E8 X:0010 Y:0006 S:03F6 D:00C0 DB:7E P:NvmxdIzc V:154 H:34 
C09540 $F4 $00 $7E     PEA #$7E00                      A:00E8 X:0010 Y:0006 S:03F4 D:00C0 DB:7E P:NvmxdIzc V:154 H:42 
C09543 $22 $9E $02 $C9 JSL $C9029E                     A:00E8 X:0010 Y:0006 S:03F2 D:00C0 DB:7E P:NvmxdIzc V:154 H:51 
C9029E $08             PHP                             A:00E8 X:0010 Y:0006 S:03EF D:00C0 DB:7E P:NvmxdIzc V:154 H:64 
C9029F $78             SEI                             A:00E8 X:0010 Y:0006 S:03EE D:00C0 DB:7E P:NvmxdIzc V:154 H:69 
C902A0 $C2 $30         REP #$30                        A:00E8 X:0010 Y:0006 S:03EE D:00C0 DB:7E P:NvmxdIzc V:154 H:72 
C902A2 $48             PHA                             A:00E8 X:0010 Y:0006 S:03EE D:00C0 DB:7E P:NvmxdIzc V:154 H:77 
C902A3 $8B             PHB                             A:00E8 X:0010 Y:0006 S:03EC D:00C0 DB:7E P:NvmxdIzc V:154 H:84 
C902A4 $5A             PHY                             A:00E8 X:0010 Y:0006 S:03EB D:00C0 DB:7E P:NvmxdIzc V:154 H:89 
C902A5 $DA             PHX                             A:00E8 X:0010 Y:0006 S:03E9 D:00C0 DB:7E P:NvmxdIzc V:154 H:96 
C902A6 $E2 $10         SEP #$10                        A:00E8 X:0010 Y:0006 S:03E7 D:00C0 DB:7E P:NvmxdIzc V:154 H:103
C902A8 $A3 $0D         LDA $0D,S [0003F4] = $107E      A:00E8 X:0010 Y:0006 S:03E7 D:00C0 DB:7E P:NvmXdIzc V:154 H:107
C902AA $AA             TAX                             A:107E X:0010 Y:0006 S:03E7 D:00C0 DB:7E P:nvmXdIzc V:154 H:116
C902AB $DA             PHX                             A:107E X:007E Y:0006 S:03E7 D:00C0 DB:7E P:nvmXdIzc V:154 H:119
C902AC $AB             PLB                             A:107E X:007E Y:0006 S:03E6 D:00C0 DB:7E P:nvmXdIzc V:154 H:124
C902AD $A0 $00         LDY #$00                        A:107E X:007E Y:0006 S:03E7 D:00C0 DB:7E P:nvmXdIzc V:154 H:130
C902AF $A3 $0E         LDA $0E,S [0003F5] = $0010      A:107E X:007E Y:0000 S:03E7 D:00C0 DB:7E P:nvmXdIZc V:154 H:143
C902B1 $33 $10         AND ($10,S),Y [7E99C5] = $150C  A:0010 X:007E Y:0000 S:03E7 D:00C0 DB:7E P:nvmXdIzc V:154 H:152
C902B3 $85 $40         STA $40 [000100] = $0000        A:0000 X:007E Y:0000 S:03E7 D:00C0 DB:7E P:nvmXdIZc V:154 H:166
C902B5 $A3 $0E         LDA $0E,S [0003F5] = $0010      A:0000 X:007E Y:0000 S:03E7 D:00C0 DB:7E P:nvmXdIZc V:154 H:174
C902B7 $F0 $14         BEQ $C902CD                     A:0010 X:007E Y:0000 S:03E7 D:00C0 DB:7E P:nvmXdIzc V:154 H:183
C902B9 $4A             LSR                             A:0010 X:007E Y:0000 S:03E7 D:00C0 DB:7E P:nvmXdIzc V:154 H:186
C902BA $B0 $11         BCS $C902CD                     A:0008 X:007E Y:0000 S:03E7 D:00C0 DB:7E P:nvmXdIzc V:154 H:189
C902BC $AA             TAX                             A:0008 X:007E Y:0000 S:03E7 D:00C0 DB:7E P:nvmXdIzc V:154 H:192
C902BD $A3 $0C         LDA $0C,S [0003F3] = $7E00      A:0008 X:0008 Y:0000 S:03E7 D:00C0 DB:7E P:nvmXdIzc V:154 H:195
C902BF $A0 $02         LDY #$02                        A:7E00 X:0008 Y:0000 S:03E7 D:00C0 DB:7E P:nvmXdIzc V:154 H:203
C902C1 $33 $10         AND ($10,S),Y [7E99C7] = $0000  A:7E00 X:0008 Y:0002 S:03E7 D:00C0 DB:7E P:nvmXdIzc V:154 H:206
C902C3 $4A             LSR                             A:0000 X:0008 Y:0002 S:03E7 D:00C0 DB:7E P:nvmXdIZc V:154 H:220
C902C4 $66 $40         ROR $40 [000100] = $0000        A:0000 X:0008 Y:0002 S:03E7 D:00C0 DB:7E P:nvmXdIZc V:154 H:223
C902C6 $A8             TAY                             A:0000 X:0008 Y:0002 S:03E7 D:00C0 DB:7E P:nvmXdIZc V:154 H:237
C902C7 $8A             TXA                             A:0000 X:0008 Y:0000 S:03E7 D:00C0 DB:7E P:nvmXdIZc V:154 H:240
C902C8 $4A             LSR                             A:0008 X:0008 Y:0000 S:03E7 D:00C0 DB:7E P:nvmXdIzc V:154 H:243
C902C9 $AA             TAX                             A:0004 X:0008 Y:0000 S:03E7 D:00C0 DB:7E P:nvmXdIzc V:154 H:246
C902CA $98             TYA                             A:0004 X:0004 Y:0000 S:03E7 D:00C0 DB:7E P:nvmXdIzc V:154 H:249
C902CB $90 $F6         BCC $C902C3                     A:0000 X:0004 Y:0000 S:03E7 D:00C0 DB:7E P:nvmXdIZc V:154 H:252
C902C3 $4A             LSR                             A:0000 X:0004 Y:0000 S:03E7 D:00C0 DB:7E P:nvmXdIZc V:154 H:257
C902C4 $66 $40         ROR $40 [000100] = $0000        A:0000 X:0004 Y:0000 S:03E7 D:00C0 DB:7E P:nvmXdIZc V:154 H:260
C902C6 $A8             TAY                             A:0000 X:0004 Y:0000 S:03E7 D:00C0 DB:7E P:nvmXdIZc V:154 H:274
C902C7 $8A             TXA                             A:0000 X:0004 Y:0000 S:03E7 D:00C0 DB:7E P:nvmXdIZc V:154 H:292
C902C8 $4A             LSR                             A:0004 X:0004 Y:0000 S:03E7 D:00C0 DB:7E P:nvmXdIzc V:154 H:295
C902C9 $AA             TAX                             A:0002 X:0004 Y:0000 S:03E7 D:00C0 DB:7E P:nvmXdIzc V:154 H:298
C902CA $98             TYA                             A:0002 X:0002 Y:0000 S:03E7 D:00C0 DB:7E P:nvmXdIzc V:154 H:301
C902CB $90 $F6         BCC $C902C3                     A:0000 X:0002 Y:0000 S:03E7 D:00C0 DB:7E P:nvmXdIZc V:154 H:304
C902C3 $4A             LSR                             A:0000 X:0002 Y:0000 S:03E7 D:00C0 DB:7E P:nvmXdIZc V:154 H:308
C902C4 $66 $40         ROR $40 [000100] = $0000        A:0000 X:0002 Y:0000 S:03E7 D:00C0 DB:7E P:nvmXdIZc V:154 H:311
C902C6 $A8             TAY                             A:0000 X:0002 Y:0000 S:03E7 D:00C0 DB:7E P:nvmXdIZc V:154 H:325
C902C7 $8A             TXA                             A:0000 X:0002 Y:0000 S:03E7 D:00C0 DB:7E P:nvmXdIZc V:154 H:327
C902C8 $4A             LSR                             A:0002 X:0002 Y:0000 S:03E7 D:00C0 DB:7E P:nvmXdIzc V:154 H:330
C902C9 $AA             TAX                             A:0001 X:0002 Y:0000 S:03E7 D:00C0 DB:7E P:nvmXdIzc V:154 H:333
C902CA $98             TYA                             A:0001 X:0001 Y:0000 S:03E7 D:00C0 DB:7E P:nvmXdIzc V:154 H:336
C902CB $90 $F6         BCC $C902C3                     A:0000 X:0001 Y:0000 S:03E7 D:00C0 DB:7E P:nvmXdIZc V:154 H:339
C902C3 $4A             LSR                             A:0000 X:0001 Y:0000 S:03E7 D:00C0 DB:7E P:nvmXdIZc V:155 H:4  
C902C4 $66 $40         ROR $40 [000100] = $0000        A:0000 X:0001 Y:0000 S:03E7 D:00C0 DB:7E P:nvmXdIZc V:155 H:7  
C902C6 $A8             TAY                             A:0000 X:0001 Y:0000 S:03E7 D:00C0 DB:7E P:nvmXdIZc V:155 H:21 
C902C7 $8A             TXA                             A:0000 X:0001 Y:0000 S:03E7 D:00C0 DB:7E P:nvmXdIZc V:155 H:24 
C902C8 $4A             LSR                             A:0001 X:0001 Y:0000 S:03E7 D:00C0 DB:7E P:nvmXdIzc V:155 H:27 
C902C9 $AA             TAX                             A:0000 X:0001 Y:0000 S:03E7 D:00C0 DB:7E P:nvmXdIZC V:155 H:30 
C902CA $98             TYA                             A:0000 X:0000 Y:0000 S:03E7 D:00C0 DB:7E P:nvmXdIZC V:155 H:33 
C902CB $90 $F6         BCC $C902C3                     A:0000 X:0000 Y:0000 S:03E7 D:00C0 DB:7E P:nvmXdIZC V:155 H:36 
C902CD $C2 $30         REP #$30                        A:0000 X:0000 Y:0000 S:03E7 D:00C0 DB:7E P:nvmXdIZC V:155 H:39 
C902CF $FA             PLX                             A:0000 X:0000 Y:0000 S:03E7 D:00C0 DB:7E P:nvmxdIZC V:155 H:43 
C902D0 $7A             PLY                             A:0000 X:0010 Y:0000 S:03E9 D:00C0 DB:7E P:nvmxdIzC V:155 H:52 
C902D1 $AB             PLB                             A:0000 X:0010 Y:0006 S:03EB D:00C0 DB:7E P:nvmxdIzC V:155 H:60 
C902D2 $A3 $05         LDA $05,S [0003F1] = $C095      A:0000 X:0010 Y:0006 S:03EC D:00C0 DB:7E P:nvmxdIzC V:155 H:67 
C902D4 $83 $0B         STA $0B,S [0003F7] = $99C5      A:C095 X:0010 Y:0006 S:03EC D:00C0 DB:7E P:NvmxdIzC V:155 H:75 
C902D6 $A3 $03         LDA $03,S [0003EF] = $4684      A:C095 X:0010 Y:0006 S:03EC D:00C0 DB:7E P:NvmxdIzC V:155 H:84 
C902D8 $83 $09         STA $09,S [0003F5] = $0010      A:4684 X:0010 Y:0006 S:03EC D:00C0 DB:7E P:nvmxdIzC V:155 H:92 
C902DA $A5 $40         LDA $40 [000100] = $0000        A:4684 X:0010 Y:0006 S:03EC D:00C0 DB:7E P:nvmxdIzC V:155 H:101
C902DC $83 $07         STA $07,S [0003F3] = $7E00      A:0000 X:0010 Y:0006 S:03EC D:00C0 DB:7E P:nvmxdIZC V:155 H:109
C902DE $3B             TSC                             A:0000 X:0010 Y:0006 S:03EC D:00C0 DB:7E P:nvmxdIZC V:155 H:118
C902DF $18             CLC                             A:03EC X:0010 Y:0006 S:03EC D:00C0 DB:7E P:nvmxdIzC V:155 H:121
C902E0 $69 $06 $00     ADC #$0006                      A:03EC X:0010 Y:0006 S:03EC D:00C0 DB:7E P:nvmxdIzc V:155 H:124
C902E3 $1B             TCS                             A:03F2 X:0010 Y:0006 S:03EC D:00C0 DB:7E P:nvmxdIzc V:155 H:128
C902E4 $68             PLA                             A:03F2 X:0010 Y:0006 S:03F2 D:00C0 DB:7E P:nvmxdIzc V:155 H:131
C902E5 $28             PLP                             A:0000 X:0010 Y:0006 S:03F4 D:00C0 DB:7E P:nvmxdIZc V:155 H:150
C902E6 $A5 $40         LDA $40 [000100] = $0000        A:0000 X:0010 Y:0006 S:03F5 D:00C0 DB:7E P:NvmxdIzc V:155 H:156
C902E8 $6B             RTL                             A:0000 X:0010 Y:0006 S:03F5 D:00C0 DB:7E P:nvmxdIZc V:155 H:165
C09547 $85 $28         STA $28 [0000E8] = $0000        A:0000 X:0010 Y:0006 S:03F8 D:00C0 DB:7E P:nvmxdIZc V:155 H:175
C09549 $9C $3F $DD     STZ $DD3F [7EDD3F] = $0006      A:0000 X:0010 Y:0006 S:03F8 D:00C0 DB:7E P:nvmxdIZc V:155 H:184
C0954C $AF $5A $FC $7F LDA $7FFC5A                     A:0000 X:0010 Y:0006 S:03F8 D:00C0 DB:7E P:nvmxdIZc V:155 H:192
C09550 $2F $5E $FC $7F AND $7FFC5E                     A:0400 X:0010 Y:0006 S:03F8 D:00C0 DB:7E P:nvmxdIzc V:155 H:202
C09554 $8D $43 $DD     STA $DD43 [7EDD43] = $0400      A:0400 X:0010 Y:0006 S:03F8 D:00C0 DB:7E P:nvmxdIzc V:155 H:212
C09557 $AF $58 $FC $7F LDA $7FFC58                     A:0400 X:0010 Y:0006 S:03F8 D:00C0 DB:7E P:nvmxdIzc V:155 H:221
C0955B $C9 $02 $00     CMP #$0002                      A:0000 X:0010 Y:0006 S:03F8 D:00C0 DB:7E P:nvmxdIZc V:155 H:231
C0955E $F0 $0D         BEQ $C0956D                     A:0000 X:0010 Y:0006 S:03F8 D:00C0 DB:7E P:NvmxdIzc V:155 H:235
C09560 $C9 $04 $00     CMP #$0004                      A:0000 X:0010 Y:0006 S:03F8 D:00C0 DB:7E P:NvmxdIzc V:155 H:238
C09563 $F0 $0B         BEQ $C09570                     A:0000 X:0010 Y:0006 S:03F8 D:00C0 DB:7E P:NvmxdIzc V:155 H:243
C09565 $C9 $06 $00     CMP #$0006                      A:0000 X:0010 Y:0006 S:03F8 D:00C0 DB:7E P:NvmxdIzc V:155 H:246
C09568 $F0 $09         BEQ $C09573                     A:0000 X:0010 Y:0006 S:03F8 D:00C0 DB:7E P:NvmxdIzc V:155 H:250
C0956A $4C $76 $95     JMP $9576 [C09576] = $49AD      A:0000 X:0010 Y:0006 S:03F8 D:00C0 DB:7E P:NvmxdIzc V:155 H:253
C09576 $AD $49 $DD     LDA $DD49 [7EDD49] = $0000      A:0000 X:0010 Y:0006 S:03F8 D:00C0 DB:7E P:NvmxdIzc V:155 H:258
C09579 $30 $42         BMI $C095BD                     A:0000 X:0010 Y:0006 S:03F8 D:00C0 DB:7E P:nvmxdIZc V:155 H:266
C0957B $2C $49 $DD     BIT $DD49 [7EDD49] = $0000      A:0000 X:0010 Y:0006 S:03F8 D:00C0 DB:7E P:nvmxdIZc V:155 H:269
C0957E $70 $2F         BVS $C095AF                     A:0000 X:0010 Y:0006 S:03F8 D:00C0 DB:7E P:nvmxdIZc V:155 H:293
C09580 $A8             TAY                             A:0000 X:0010 Y:0006 S:03F8 D:00C0 DB:7E P:nvmxdIZc V:155 H:296
C09581 $B9 $A5 $C3     LDA $C3A5,Y [7EC3A5] = $8201    A:0000 X:0010 Y:0000 S:03F8 D:00C0 DB:7E P:nvmxdIZc V:155 H:299
C09584 $29 $01 $00     AND #$0001                      A:8201 X:0010 Y:0000 S:03F8 D:00C0 DB:7E P:NvmxdIzc V:155 H:309
C09587 $F0 $34         BEQ $C095BD                     A:0001 X:0010 Y:0000 S:03F8 D:00C0 DB:7E P:nvmxdIzc V:155 H:313
C09589 $B9 $A5 $C3     LDA $C3A5,Y [7EC3A5] = $8201    A:0001 X:0010 Y:0000 S:03F8 D:00C0 DB:7E P:nvmxdIzc V:155 H:316
C0958C $29 $20 $00     AND #$0020                      A:8201 X:0010 Y:0000 S:03F8 D:00C0 DB:7E P:NvmxdIzc V:155 H:326
C0958F $D0 $2C         BNE $C095BD                     A:0000 X:0010 Y:0000 S:03F8 D:00C0 DB:7E P:nvmxdIZc V:155 H:330
C09591 $B9 $25 $CF     LDA $CF25,Y [7ECF25] = $0000    A:0000 X:0010 Y:0000 S:03F8 D:00C0 DB:7E P:nvmxdIZc V:155 H:333
C09594 $30 $27         BMI $C095BD                     A:0000 X:0010 Y:0000 S:03F8 D:00C0 DB:7E P:nvmxdIZc V:156 H:3  
C09596 $AF $00 $35 $7E LDA $7E3500                     A:0000 X:0010 Y:0000 S:03F8 D:00C0 DB:7E P:nvmxdIZc V:156 H:6  
C0959A $29 $10 $00     AND #$0010                      A:0016 X:0010 Y:0000 S:03F8 D:00C0 DB:7E P:nvmxdIzc V:156 H:16 
C0959D $F0 $1E         BEQ $C095BD                     A:0010 X:0010 Y:0000 S:03F8 D:00C0 DB:7E P:nvmxdIzc V:156 H:20 
C0959F $AD $3F $DD     LDA $DD3F [7EDD3F] = $0000      A:0010 X:0010 Y:0000 S:03F8 D:00C0 DB:7E P:nvmxdIzc V:156 H:23 
C095A2 $C9 $7B $00     CMP #$007B                      A:0000 X:0010 Y:0000 S:03F8 D:00C0 DB:7E P:nvmxdIZc V:156 H:32 
C095A5 $B0 $16         BCS $C095BD                     A:0000 X:0010 Y:0000 S:03F8 D:00C0 DB:7E P:NvmxdIzc V:156 H:36 
C095A7 $BE $E5 $CF     LDX $CFE5,Y [7ECFE5] = $0000    A:0000 X:0010 Y:0000 S:03F8 D:00C0 DB:7E P:NvmxdIzc V:156 H:39 
C095AA $FC $C6 $C6     JSR ($C6C6,X) [C0BD7E] = $28A5  A:0000 X:0000 Y:0000 S:03F8 D:00C0 DB:7E P:nvmxdIZc V:156 H:49 
C0BD7E $A5 $28         LDA $28 [0000E8] = $0000        A:0000 X:0000 Y:0000 S:03F6 D:00C0 DB:7E P:nvmxdIZc V:156 H:62 
C0BD80 $D0 $30         BNE $C0BDB2                     A:0000 X:0000 Y:0000 S:03F6 D:00C0 DB:7E P:nvmxdIZc V:156 H:71 
C0BD82 $BE $65 $C6     LDX $C665,Y [7EC665] = $0008    A:0000 X:0000 Y:0000 S:03F6 D:00C0 DB:7E P:nvmxdIZc V:156 H:74 
C0BD85 $B9 $E5 $C5     LDA $C5E5,Y [7EC5E5] = $12C0    A:0000 X:0008 Y:0000 S:03F6 D:00C0 DB:7E P:nvmxdIzc V:156 H:84 
C0BD88 $38             SEC                             A:12C0 X:0008 Y:0000 S:03F6 D:00C0 DB:7E P:nvmxdIzc V:156 H:94 
C0BD89 $FF $6C $E3 $7F SBC $7FE36C,X [7FE374] = $1248  A:12C0 X:0008 Y:0000 S:03F6 D:00C0 DB:7E P:nvmxdIzC V:156 H:97 
C0BD8D $85 $18         STA $18 [0000D8] = $0078        A:0078 X:0008 Y:0000 S:03F6 D:00C0 DB:7E P:nvmxdIzC V:156 H:107
C0BD8F $18             CLC                             A:0078 X:0008 Y:0000 S:03F6 D:00C0 DB:7E P:nvmxdIzC V:156 H:115
C0BD90 $69 $08 $00     ADC #$0008                      A:0078 X:0008 Y:0000 S:03F6 D:00C0 DB:7E P:nvmxdIzc V:156 H:118
C0BD93 $30 $1A         BMI $C0BDAF                     A:0080 X:0008 Y:0000 S:03F6 D:00C0 DB:7E P:nvmxdIzc V:156 H:123
C0BD95 $C9 $00 $01     CMP #$0100                      A:0080 X:0008 Y:0000 S:03F6 D:00C0 DB:7E P:nvmxdIzc V:156 H:126
C0BD98 $B0 $15         BCS $C0BDAF                     A:0080 X:0008 Y:0000 S:03F6 D:00C0 DB:7E P:NvmxdIzc V:156 H:130
C0BD9A $B9 $25 $C6     LDA $C625,Y [7EC625] = $1598    A:0080 X:0008 Y:0000 S:03F6 D:00C0 DB:7E P:NvmxdIzc V:156 H:143
C0BD9D $38             SEC                             A:1598 X:0008 Y:0000 S:03F6 D:00C0 DB:7E P:nvmxdIzc V:156 H:153
C0BD9E $FF $76 $E3 $7F SBC $7FE376,X [7FE37E] = $1538  A:1598 X:0008 Y:0000 S:03F6 D:00C0 DB:7E P:nvmxdIzC V:156 H:156
C0BDA2 $85 $1A         STA $1A [0000DA] = $0060        A:0060 X:0008 Y:0000 S:03F6 D:00C0 DB:7E P:nvmxdIzC V:156 H:166
C0BDA4 $18             CLC                             A:0060 X:0008 Y:0000 S:03F6 D:00C0 DB:7E P:nvmxdIzC V:156 H:175
C0BDA5 $69 $10 $00     ADC #$0010                      A:0060 X:0008 Y:0000 S:03F6 D:00C0 DB:7E P:nvmxdIzc V:156 H:178
C0BDA8 $30 $05         BMI $C0BDAF                     A:0070 X:0008 Y:0000 S:03F6 D:00C0 DB:7E P:nvmxdIzc V:156 H:182
C0BDAA $C9 $F0 $00     CMP #$00F0                      A:0070 X:0008 Y:0000 S:03F6 D:00C0 DB:7E P:nvmxdIzc V:156 H:185
C0BDAD $90 $01         BCC $C0BDB0                     A:0070 X:0008 Y:0000 S:03F6 D:00C0 DB:7E P:NvmxdIzc V:156 H:190
C0BDB0 $80 $34         BRA $C0BDE6                     A:0070 X:0008 Y:0000 S:03F6 D:00C0 DB:7E P:NvmxdIzc V:156 H:194
C0BDE6 $B9 $25 $C8     LDA $C825,Y [7EC825] = $1B55    A:0070 X:0008 Y:0000 S:03F6 D:00C0 DB:7E P:NvmxdIzc V:156 H:199
C0BDE9 $85 $1C         STA $1C [0000DC] = $1B55        A:1B55 X:0008 Y:0000 S:03F6 D:00C0 DB:7E P:nvmxdIzc V:156 H:209
C0BDEB $BE $E5 $C6     LDX $C6E5,Y [7EC6E5] = $0000    A:1B55 X:0008 Y:0000 S:03F6 D:00C0 DB:7E P:nvmxdIzc V:156 H:217
C0BDEE $38             SEC                             A:1B55 X:0000 Y:0000 S:03F6 D:00C0 DB:7E P:nvmxdIZc V:156 H:227
C0BDEF $FD $E1 $9A     SBC $9AE1,X [7E9AE1] = $0100    A:1B55 X:0000 Y:0000 S:03F6 D:00C0 DB:7E P:nvmxdIZC V:156 H:230
C0BDF2 $85 $1E         STA $1E [0000DE] = $1A55        A:1A55 X:0000 Y:0000 S:03F6 D:00C0 DB:7E P:nvmxdIzC V:156 H:240
C0BDF4 $FD $E1 $9A     SBC $9AE1,X [7E9AE1] = $0100    A:1A55 X:0000 Y:0000 S:03F6 D:00C0 DB:7E P:nvmxdIzC V:156 H:249
C0BDF7 $85 $20         STA $20 [0000E0] = $1955        A:1955 X:0000 Y:0000 S:03F6 D:00C0 DB:7E P:nvmxdIzC V:156 H:259
C0BDF9 $B9 $A5 $C3     LDA $C3A5,Y [7EC3A5] = $8201    A:1955 X:0000 Y:0000 S:03F6 D:00C0 DB:7E P:nvmxdIzC V:156 H:267
C0BDFC $29 $00 $30     AND #$3000                      A:8201 X:0000 Y:0000 S:03F6 D:00C0 DB:7E P:NvmxdIzC V:156 H:294
C0BDFF $48             PHA                             A:0000 X:0000 Y:0000 S:03F6 D:00C0 DB:7E P:nvmxdIZC V:156 H:298
C0BE00 $B9 $25 $C4     LDA $C425,Y [7EC425] = $0032    A:0000 X:0000 Y:0000 S:03F4 D:00C0 DB:7E P:nvmxdIZC V:156 H:305
C0BE03 $29 $00 $08     AND #$0800                      A:0032 X:0000 Y:0000 S:03F4 D:00C0 DB:7E P:nvmxdIzC V:156 H:315
C0BE06 $03 $01         ORA $01,S [0003F5] = $0000      A:0000 X:0000 Y:0000 S:03F4 D:00C0 DB:7E P:nvmxdIZC V:156 H:320
C0BE08 $85 $22         STA $22 [0000E2] = $0000        A:0000 X:0000 Y:0000 S:03F4 D:00C0 DB:7E P:nvmxdIZC V:156 H:327
C0BE0A $68             PLA                             A:0000 X:0000 Y:0000 S:03F4 D:00C0 DB:7E P:nvmxdIZC V:156 H:336
C0BE0B $20 $D4 $C6     JSR $C6D4 [C0C6D4] = $25B9      A:0000 X:0000 Y:0000 S:03F6 D:00C0 DB:7E P:nvmxdIZC V:157 H:4  
C0C6D4 $B9 $25 $CF     LDA $CF25,Y [7ECF25] = $0000    A:0000 X:0000 Y:0000 S:03F4 D:00C0 DB:7E P:nvmxdIZC V:157 H:14 
C0C6D7 $AA             TAX                             A:0000 X:0000 Y:0000 S:03F4 D:00C0 DB:7E P:nvmxdIZC V:157 H:24 
C0C6D8 $B9 $A5 $CF     LDA $CFA5,Y [7ECFA5] = $0003    A:0000 X:0000 Y:0000 S:03F4 D:00C0 DB:7E P:nvmxdIZC V:157 H:27 
C0C6DB $0A             ASL                             A:0003 X:0000 Y:0000 S:03F4 D:00C0 DB:7E P:nvmxdIzC V:157 H:37 
C0C6DC $0A             ASL                             A:0006 X:0000 Y:0000 S:03F4 D:00C0 DB:7E P:nvmxdIzc V:157 H:40 
C0C6DD $85 $24         STA $24 [0000E4] = $0024        A:000C X:0000 Y:0000 S:03F4 D:00C0 DB:7E P:nvmxdIzc V:157 H:43 
C0C6DF $0A             ASL                             A:000C X:0000 Y:0000 S:03F4 D:00C0 DB:7E P:nvmxdIzc V:157 H:52 
C0C6E0 $65 $24         ADC $24 [0000E4] = $000C        A:0018 X:0000 Y:0000 S:03F4 D:00C0 DB:7E P:nvmxdIzc V:157 H:55 
C0C6E2 $7F $EE $C6 $C0 ADC $C0C6EE,X [C0C6EE] = $0000  A:0024 X:0000 Y:0000 S:03F4 D:00C0 DB:7E P:nvmxdIzc V:157 H:63 
C0C6E6 $85 $24         STA $24 [0000E4] = $000C        A:0024 X:0000 Y:0000 S:03F4 D:00C0 DB:7E P:nvmxdIzc V:157 H:72 
C0C6E8 $B9 $25 $D0     LDA $D025,Y [7ED025] = $3000    A:0024 X:0000 Y:0000 S:03F4 D:00C0 DB:7E P:nvmxdIzc V:157 H:81 
C0C6EB $85 $2A         STA $2A [0000EA] = $3000        A:3000 X:0000 Y:0000 S:03F4 D:00C0 DB:7E P:nvmxdIzc V:157 H:91 
C0C6ED $60             RTS                             A:3000 X:0000 Y:0000 S:03F4 D:00C0 DB:7E P:nvmxdIzc V:157 H:99 
C0BE0E $AD $3F $DD     LDA $DD3F [7EDD3F] = $0000      A:3000 X:0000 Y:0000 S:03F6 D:00C0 DB:7E P:nvmxdIzc V:157 H:109
C0BE11 $0A             ASL                             A:0000 X:0000 Y:0000 S:03F6 D:00C0 DB:7E P:nvmxdIZc V:157 H:118
C0BE12 $0A             ASL                             A:0000 X:0000 Y:0000 S:03F6 D:00C0 DB:7E P:nvmxdIZc V:157 H:121
C0BE13 $AA             TAX                             A:0000 X:0000 Y:0000 S:03F6 D:00C0 DB:7E P:nvmxdIZc V:157 H:124
C0BE14 $A9 $00 $00     LDA #$0000                      A:0000 X:0000 Y:0000 S:03F6 D:00C0 DB:7E P:nvmxdIZc V:157 H:127
C0BE17 $E2 $20         SEP #$20                        A:0000 X:0000 Y:0000 S:03F6 D:00C0 DB:7E P:nvmxdIZc V:157 H:131
C0BE19 $A5 $18         LDA $18 [0000D8] = $78          A:0000 X:0000 Y:0000 S:03F6 D:00C0 DB:7E P:nvMxdIZc V:157 H:146
C0BE1B $9D $1F $DB     STA $DB1F,X [7EDB1F] = $78      A:0078 X:0000 Y:0000 S:03F6 D:00C0 DB:7E P:nvMxdIzc V:157 H:152
C0BE1E $9D $23 $DB     STA $DB23,X [7EDB23] = $78      A:0078 X:0000 Y:0000 S:03F6 D:00C0 DB:7E P:nvMxdIzc V:157 H:160
C0BE21 $9D $27 $DB     STA $DB27,X [7EDB27] = $78      A:0078 X:0000 Y:0000 S:03F6 D:00C0 DB:7E P:nvMxdIzc V:157 H:168
C0BE24 $18             CLC                             A:0078 X:0000 Y:0000 S:03F6 D:00C0 DB:7E P:nvMxdIzc V:157 H:176
C0BE25 $69 $08         ADC #$08                        A:0078 X:0000 Y:0000 S:03F6 D:00C0 DB:7E P:nvMxdIzc V:157 H:179
C0BE27 $9D $2B $DB     STA $DB2B,X [7EDB2B] = $80      A:0080 X:0000 Y:0000 S:03F6 D:00C0 DB:7E P:NVMxdIzc V:157 H:182
C0BE2A $9D $2F $DB     STA $DB2F,X [7EDB2F] = $80      A:0080 X:0000 Y:0000 S:03F6 D:00C0 DB:7E P:NVMxdIzc V:157 H:190
C0BE2D $9D $33 $DB     STA $DB33,X [7EDB33] = $80      A:0080 X:0000 Y:0000 S:03F6 D:00C0 DB:7E P:NVMxdIzc V:157 H:198
C0BE30 $A5 $1A         LDA $1A [0000DA] = $60          A:0080 X:0000 Y:0000 S:03F6 D:00C0 DB:7E P:NVMxdIzc V:157 H:206
C0BE32 $9D $20 $DB     STA $DB20,X [7EDB20] = $E8      A:0060 X:0000 Y:0000 S:03F6 D:00C0 DB:7E P:nVMxdIzc V:157 H:213
C0BE35 $9D $2C $DB     STA $DB2C,X [7EDB2C] = $E8      A:0060 X:0000 Y:0000 S:03F6 D:00C0 DB:7E P:nVMxdIzc V:157 H:221
C0BE38 $18             CLC                             A:0060 X:0000 Y:0000 S:03F6 D:00C0 DB:7E P:nVMxdIzc V:157 H:229
C0BE39 $69 $08         ADC #$08                        A:0060 X:0000 Y:0000 S:03F6 D:00C0 DB:7E P:nVMxdIzc V:157 H:232
C0BE3B $9D $24 $DB     STA $DB24,X [7EDB24] = $E8      A:0068 X:0000 Y:0000 S:03F6 D:00C0 DB:7E P:nvMxdIzc V:157 H:235
C0BE3E $9D $30 $DB     STA $DB30,X [7EDB30] = $E8      A:0068 X:0000 Y:0000 S:03F6 D:00C0 DB:7E P:nvMxdIzc V:157 H:243
C0BE41 $18             CLC                             A:0068 X:0000 Y:0000 S:03F6 D:00C0 DB:7E P:nvMxdIzc V:157 H:251
C0BE42 $69 $08         ADC #$08                        A:0068 X:0000 Y:0000 S:03F6 D:00C0 DB:7E P:nvMxdIzc V:157 H:254
C0BE44 $9D $28 $DB     STA $DB28,X [7EDB28] = $E8      A:0070 X:0000 Y:0000 S:03F6 D:00C0 DB:7E P:nvMxdIzc V:157 H:257
C0BE47 $9D $34 $DB     STA $DB34,X [7EDB34] = $E8      A:0070 X:0000 Y:0000 S:03F6 D:00C0 DB:7E P:nvMxdIzc V:157 H:265
C0BE4A $C2 $20         REP #$20                        A:0070 X:0000 Y:0000 S:03F6 D:00C0 DB:7E P:nvMxdIzc V:157 H:273
C0BE4C $A5 $28         LDA $28 [0000E8] = $0000        A:0070 X:0000 Y:0000 S:03F6 D:00C0 DB:7E P:nvmxdIzc V:157 H:294
C0BE4E $F0 $03         BEQ $C0BE53                     A:0000 X:0000 Y:0000 S:03F6 D:00C0 DB:7E P:nvmxdIZc V:157 H:302
C0BE53 $86 $26         STX $26 [0000E6] = $0000        A:0000 X:0000 Y:0000 S:03F6 D:00C0 DB:7E P:nvmxdIZc V:157 H:307
C0BE55 $A4 $24         LDY $24 [0000E4] = $0024        A:0000 X:0000 Y:0000 S:03F6 D:00C0 DB:7E P:nvmxdIZc V:157 H:315
C0BE57 $A6 $20         LDX $20 [0000E0] = $1955        A:0000 X:0000 Y:0024 S:03F6 D:00C0 DB:7E P:nvmxdIzc V:157 H:323
C0BE59 $BF $00 $00 $7F LDA $7F0000,X [7F1955] = $5906  A:0000 X:1955 Y:0024 S:03F6 D:00C0 DB:7E P:nvmxdIzc V:157 H:331
C0BE5D $29 $00 $30     AND #$3000                      A:5906 X:1955 Y:0024 S:03F6 D:00C0 DB:7E P:nvmxdIzc V:158 H:1  
C0BE60 $19 $A1 $E2     ORA $E2A1,Y [7EE2C5] = $0032    A:1000 X:1955 Y:0024 S:03F6 D:00C0 DB:7E P:nvmxdIzc V:158 H:6  
C0BE63 $05 $22         ORA $22 [0000E2] = $0000        A:1032 X:1955 Y:0024 S:03F6 D:00C0 DB:7E P:nvmxdIzc V:158 H:16 
C0BE65 $A6 $26         LDX $26 [0000E6] = $0000        A:1032 X:1955 Y:0024 S:03F6 D:00C0 DB:7E P:nvmxdIzc V:158 H:24 
C0BE67 $9D $21 $DB     STA $DB21,X [7EDB21] = $1032    A:1032 X:0000 Y:0024 S:03F6 D:00C0 DB:7E P:nvmxdIZc V:158 H:33 
C0BE6A $A6 $1E         LDX $1E [0000DE] = $1A55        A:1032 X:0000 Y:0024 S:03F6 D:00C0 DB:7E P:nvmxdIZc V:158 H:43 
C0BE6C $BF $00 $00 $7F LDA $7F0000,X [7F1A55] = $8606  A:1032 X:1A55 Y:0024 S:03F6 D:00C0 DB:7E P:nvmxdIzc V:158 H:51 
C0BE70 $29 $00 $30     AND #$3000                      A:8606 X:1A55 Y:0024 S:03F6 D:00C0 DB:7E P:NvmxdIzc V:158 H:61 
C0BE73 $19 $A3 $E2     ORA $E2A3,Y [7EE2C7] = $0033    A:0000 X:1A55 Y:0024 S:03F6 D:00C0 DB:7E P:nvmxdIZc V:158 H:66 
C0BE76 $05 $22         ORA $22 [0000E2] = $0000        A:0033 X:1A55 Y:0024 S:03F6 D:00C0 DB:7E P:nvmxdIzc V:158 H:76 
C0BE78 $A6 $26         LDX $26 [0000E6] = $0000        A:0033 X:1A55 Y:0024 S:03F6 D:00C0 DB:7E P:nvmxdIzc V:158 H:84 
C0BE7A $9D $25 $DB     STA $DB25,X [7EDB25] = $0033    A:0033 X:0000 Y:0024 S:03F6 D:00C0 DB:7E P:nvmxdIZc V:158 H:93 
C0BE7D $A6 $1C         LDX $1C [0000DC] = $1B55        A:0033 X:0000 Y:0024 S:03F6 D:00C0 DB:7E P:nvmxdIZc V:158 H:103
C0BE7F $BF $00 $00 $7F LDA $7F0000,X [7F1B55] = $B606  A:0033 X:1B55 Y:0024 S:03F6 D:00C0 DB:7E P:nvmxdIzc V:158 H:111
C0BE83 $29 $00 $30     AND #$3000                      A:B606 X:1B55 Y:0024 S:03F6 D:00C0 DB:7E P:NvmxdIzc V:158 H:121
C0BE86 $19 $A5 $E2     ORA $E2A5,Y [7EE2C9] = $0034    A:3000 X:1B55 Y:0024 S:03F6 D:00C0 DB:7E P:nvmxdIzc V:158 H:126
C0BE89 $05 $22         ORA $22 [0000E2] = $0000        A:3034 X:1B55 Y:0024 S:03F6 D:00C0 DB:7E P:nvmxdIzc V:158 H:146
C0BE8B $A6 $26         LDX $26 [0000E6] = $0000        A:3034 X:1B55 Y:0024 S:03F6 D:00C0 DB:7E P:nvmxdIzc V:158 H:154
C0BE8D $9D $29 $DB     STA $DB29,X [7EDB29] = $3034    A:3034 X:0000 Y:0024 S:03F6 D:00C0 DB:7E P:nvmxdIZc V:158 H:163
C0BE90 $A6 $20         LDX $20 [0000E0] = $1955        A:3034 X:0000 Y:0024 S:03F6 D:00C0 DB:7E P:nvmxdIZc V:158 H:173
C0BE92 $BF $02 $00 $7F LDA $7F0002,X [7F1957] = $5A06  A:3034 X:1955 Y:0024 S:03F6 D:00C0 DB:7E P:nvmxdIzc V:158 H:181
C0BE96 $29 $00 $30     AND #$3000                      A:5A06 X:1955 Y:0024 S:03F6 D:00C0 DB:7E P:nvmxdIzc V:158 H:191
C0BE99 $19 $A7 $E2     ORA $E2A7,Y [7EE2CB] = $0035    A:1000 X:1955 Y:0024 S:03F6 D:00C0 DB:7E P:nvmxdIzc V:158 H:196
C0BE9C $05 $22         ORA $22 [0000E2] = $0000        A:1035 X:1955 Y:0024 S:03F6 D:00C0 DB:7E P:nvmxdIzc V:158 H:206
C0BE9E $A6 $26         LDX $26 [0000E6] = $0000        A:1035 X:1955 Y:0024 S:03F6 D:00C0 DB:7E P:nvmxdIzc V:158 H:214
C0BEA0 $9D $2D $DB     STA $DB2D,X [7EDB2D] = $1035    A:1035 X:0000 Y:0024 S:03F6 D:00C0 DB:7E P:nvmxdIZc V:158 H:223
C0BEA3 $A6 $1E         LDX $1E [0000DE] = $1A55        A:1035 X:0000 Y:0024 S:03F6 D:00C0 DB:7E P:nvmxdIZc V:158 H:233
C0BEA5 $BF $02 $00 $7F LDA $7F0002,X [7F1A57] = $8706  A:1035 X:1A55 Y:0024 S:03F6 D:00C0 DB:7E P:nvmxdIzc V:158 H:241
C0BEA9 $29 $00 $30     AND #$3000                      A:8706 X:1A55 Y:0024 S:03F6 D:00C0 DB:7E P:NvmxdIzc V:158 H:251
C0BEAC $19 $A9 $E2     ORA $E2A9,Y [7EE2CD] = $0036    A:0000 X:1A55 Y:0024 S:03F6 D:00C0 DB:7E P:nvmxdIZc V:158 H:256
C0BEAF $05 $22         ORA $22 [0000E2] = $0000        A:0036 X:1A55 Y:0024 S:03F6 D:00C0 DB:7E P:nvmxdIzc V:158 H:266
C0BEB1 $A6 $26         LDX $26 [0000E6] = $0000        A:0036 X:1A55 Y:0024 S:03F6 D:00C0 DB:7E P:nvmxdIzc V:158 H:274
C0BEB3 $9D $31 $DB     STA $DB31,X [7EDB31] = $0036    A:0036 X:0000 Y:0024 S:03F6 D:00C0 DB:7E P:nvmxdIZc V:158 H:299
C0BEB6 $A6 $1C         LDX $1C [0000DC] = $1B55        A:0036 X:0000 Y:0024 S:03F6 D:00C0 DB:7E P:nvmxdIZc V:158 H:309
C0BEB8 $BF $02 $00 $7F LDA $7F0002,X [7F1B57] = $B706  A:0036 X:1B55 Y:0024 S:03F6 D:00C0 DB:7E P:nvmxdIzc V:158 H:318
C0BEBC $29 $00 $30     AND #$3000                      A:B706 X:1B55 Y:0024 S:03F6 D:00C0 DB:7E P:NvmxdIzc V:158 H:327
C0BEBF $19 $AB $E2     ORA $E2AB,Y [7EE2CF] = $0037    A:3000 X:1B55 Y:0024 S:03F6 D:00C0 DB:7E P:nvmxdIzc V:158 H:331
C0BEC2 $05 $22         ORA $22 [0000E2] = $0000        A:3037 X:1B55 Y:0024 S:03F6 D:00C0 DB:7E P:nvmxdIzc V:159 H:1  
C0BEC4 $A6 $26         LDX $26 [0000E6] = $0000        A:3037 X:1B55 Y:0024 S:03F6 D:00C0 DB:7E P:nvmxdIzc V:159 H:10 
C0BEC6 $9D $35 $DB     STA $DB35,X [7EDB35] = $3037    A:3037 X:0000 Y:0024 S:03F6 D:00C0 DB:7E P:nvmxdIZc V:159 H:18 
C0BEC9 $AD $3F $DD     LDA $DD3F [7EDD3F] = $0000      A:3037 X:0000 Y:0024 S:03F6 D:00C0 DB:7E P:nvmxdIZc V:159 H:28 
C0BECC $18             CLC                             A:0000 X:0000 Y:0024 S:03F6 D:00C0 DB:7E P:nvmxdIZc V:159 H:37 
C0BECD $69 $06 $00     ADC #$0006                      A:0000 X:0000 Y:0024 S:03F6 D:00C0 DB:7E P:nvmxdIZc V:159 H:40 
C0BED0 $8D $3F $DD     STA $DD3F [7EDD3F] = $0000      A:0006 X:0000 Y:0024 S:03F6 D:00C0 DB:7E P:nvmxdIzc V:159 H:44 
C0BED3 $60             RTS                             A:0006 X:0000 Y:0024 S:03F6 D:00C0 DB:7E P:nvmxdIzc V:159 H:53 
C095AD $80 $0E         BRA $C095BD                     A:0006 X:0000 Y:0024 S:03F8 D:00C0 DB:7E P:nvmxdIzc V:159 H:63 
C095BD $AD $4B $DD     LDA $DD4B [7EDD4B] = $0002      A:0006 X:0000 Y:0024 S:03F8 D:00C0 DB:7E P:nvmxdIzc V:159 H:67 
C095C0 $30 $42         BMI $C09604                     A:0002 X:0000 Y:0024 S:03F8 D:00C0 DB:7E P:nvmxdIzc V:159 H:76 
C095C2 $2C $4B $DD     BIT $DD4B [7EDD4B] = $0002      A:0002 X:0000 Y:0024 S:03F8 D:00C0 DB:7E P:nvmxdIzc V:159 H:79 
C095C5 $70 $2F         BVS $C095F6                     A:0002 X:0000 Y:0024 S:03F8 D:00C0 DB:7E P:nvmxdIzc V:159 H:87 
C095C7 $A8             TAY                             A:0002 X:0000 Y:0024 S:03F8 D:00C0 DB:7E P:nvmxdIzc V:159 H:90 
C095C8 $B9 $A5 $C3     LDA $C3A5,Y [7EC3A7] = $0359    A:0002 X:0000 Y:0002 S:03F8 D:00C0 DB:7E P:nvmxdIzc V:159 H:93 
C095CB $29 $01 $00     AND #$0001                      A:0359 X:0000 Y:0002 S:03F8 D:00C0 DB:7E P:nvmxdIzc V:159 H:103
C095CE $F0 $34         BEQ $C09604                     A:0001 X:0000 Y:0002 S:03F8 D:00C0 DB:7E P:nvmxdIzc V:159 H:108
C095D0 $B9 $A5 $C3     LDA $C3A5,Y [7EC3A7] = $0359    A:0001 X:0000 Y:0002 S:03F8 D:00C0 DB:7E P:nvmxdIzc V:159 H:111
C095D3 $29 $20 $00     AND #$0020                      A:0359 X:0000 Y:0002 S:03F8 D:00C0 DB:7E P:nvmxdIzc V:159 H:121
C095D6 $D0 $2C         BNE $C09604                     A:0000 X:0000 Y:0002 S:03F8 D:00C0 DB:7E P:nvmxdIZc V:159 H:125
C095D8 $B9 $25 $CF     LDA $CF25,Y [7ECF27] = $FFFF    A:0000 X:0000 Y:0002 S:03F8 D:00C0 DB:7E P:nvmxdIZc V:159 H:128
C095DB $30 $27         BMI $C09604                     A:FFFF X:0000 Y:0002 S:03F8 D:00C0 DB:7E P:NvmxdIzc V:159 H:148
C09604 $AD $4D $DD     LDA $DD4D [7EDD4D] = $0004      A:FFFF X:0000 Y:0002 S:03F8 D:00C0 DB:7E P:NvmxdIzc V:159 H:153
C09607 $30 $42         BMI $C0964B                     A:0004 X:0000 Y:0002 S:03F8 D:00C0 DB:7E P:nvmxdIzc V:159 H:161
C09609 $2C $4D $DD     BIT $DD4D [7EDD4D] = $0004      A:0004 X:0000 Y:0002 S:03F8 D:00C0 DB:7E P:nvmxdIzc V:159 H:164
C0960C $70 $2F         BVS $C0963D                     A:0004 X:0000 Y:0002 S:03F8 D:00C0 DB:7E P:nvmxdIzc V:159 H:173
C0960E $A8             TAY                             A:0004 X:0000 Y:0002 S:03F8 D:00C0 DB:7E P:nvmxdIzc V:159 H:176
C0960F $B9 $A5 $C3     LDA $C3A5,Y [7EC3A9] = $0359    A:0004 X:0000 Y:0004 S:03F8 D:00C0 DB:7E P:nvmxdIzc V:159 H:179
C09612 $29 $01 $00     AND #$0001                      A:0359 X:0000 Y:0004 S:03F8 D:00C0 DB:7E P:nvmxdIzc V:159 H:189
C09615 $F0 $34         BEQ $C0964B                     A:0001 X:0000 Y:0004 S:03F8 D:00C0 DB:7E P:nvmxdIzc V:159 H:193
C09617 $B9 $A5 $C3     LDA $C3A5,Y [7EC3A9] = $0359    A:0001 X:0000 Y:0004 S:03F8 D:00C0 DB:7E P:nvmxdIzc V:159 H:196
C0961A $29 $20 $00     AND #$0020                      A:0359 X:0000 Y:0004 S:03F8 D:00C0 DB:7E P:nvmxdIzc V:159 H:206
C0961D $D0 $2C         BNE $C0964B                     A:0000 X:0000 Y:0004 S:03F8 D:00C0 DB:7E P:nvmxdIZc V:159 H:211
C0961F $B9 $25 $CF     LDA $CF25,Y [7ECF29] = $FFFF    A:0000 X:0000 Y:0004 S:03F8 D:00C0 DB:7E P:nvmxdIZc V:159 H:214
C09622 $30 $27         BMI $C0964B                     A:FFFF X:0000 Y:0004 S:03F8 D:00C0 DB:7E P:NvmxdIzc V:159 H:224
C0964B $AD $4F $DD     LDA $DD4F [7EDD4F] = $0006      A:FFFF X:0000 Y:0004 S:03F8 D:00C0 DB:7E P:NvmxdIzc V:159 H:228
C0964E $30 $42         BMI $C09692                     A:0006 X:0000 Y:0004 S:03F8 D:00C0 DB:7E P:nvmxdIzc V:159 H:237
C09650 $2C $4F $DD     BIT $DD4F [7EDD4F] = $0006      A:0006 X:0000 Y:0004 S:03F8 D:00C0 DB:7E P:nvmxdIzc V:159 H:240
C09653 $70 $2F         BVS $C09684                     A:0006 X:0000 Y:0004 S:03F8 D:00C0 DB:7E P:nvmxdIzc V:159 H:248
C09655 $A8             TAY                             A:0006 X:0000 Y:0004 S:03F8 D:00C0 DB:7E P:nvmxdIzc V:159 H:251
C09656 $B9 $A5 $C3     LDA $C3A5,Y [7EC3AB] = $0359    A:0006 X:0000 Y:0006 S:03F8 D:00C0 DB:7E P:nvmxdIzc V:159 H:254
C09659 $29 $01 $00     AND #$0001                      A:0359 X:0000 Y:0006 S:03F8 D:00C0 DB:7E P:nvmxdIzc V:159 H:264
C0965C $F0 $34         BEQ $C09692                     A:0001 X:0000 Y:0006 S:03F8 D:00C0 DB:7E P:nvmxdIzc V:159 H:269
C0965E $B9 $A5 $C3     LDA $C3A5,Y [7EC3AB] = $0359    A:0001 X:0000 Y:0006 S:03F8 D:00C0 DB:7E P:nvmxdIzc V:159 H:272
C09661 $29 $20 $00     AND #$0020                      A:0359 X:0000 Y:0006 S:03F8 D:00C0 DB:7E P:nvmxdIzc V:159 H:322
C09664 $D0 $2C         BNE $C09692                     A:0000 X:0000 Y:0006 S:03F8 D:00C0 DB:7E P:nvmxdIZc V:159 H:326
C09666 $B9 $25 $CF     LDA $CF25,Y [7ECF2B] = $FFFF    A:0000 X:0000 Y:0006 S:03F8 D:00C0 DB:7E P:nvmxdIZc V:159 H:329
C09669 $30 $27         BMI $C09692                     A:FFFF X:0000 Y:0006 S:03F8 D:00C0 DB:7E P:NvmxdIzc V:159 H:339
C09692 $AD $51 $DD     LDA $DD51 [7EDD51] = $FFFF      A:FFFF X:0000 Y:0006 S:03F8 D:00C0 DB:7E P:NvmxdIzc V:160 H:3  
C09695 $30 $42         BMI $C096D9                     A:FFFF X:0000 Y:0006 S:03F8 D:00C0 DB:7E P:NvmxdIzc V:160 H:12 
C096D9 $AD $53 $DD     LDA $DD53 [7EDD53] = $FFFF      A:FFFF X:0000 Y:0006 S:03F8 D:00C0 DB:7E P:NvmxdIzc V:160 H:16 
C096DC $30 $42         BMI $C09720                     A:FFFF X:0000 Y:0006 S:03F8 D:00C0 DB:7E P:NvmxdIzc V:160 H:25 
C09720 $AD $55 $DD     LDA $DD55 [7EDD55] = $FFFF      A:FFFF X:0000 Y:0006 S:03F8 D:00C0 DB:7E P:NvmxdIzc V:160 H:29 
C09723 $30 $42         BMI $C09767                     A:FFFF X:0000 Y:0006 S:03F8 D:00C0 DB:7E P:NvmxdIzc V:160 H:38 
C09767 $AD $57 $DD     LDA $DD57 [7EDD57] = $FFFF      A:FFFF X:0000 Y:0006 S:03F8 D:00C0 DB:7E P:NvmxdIzc V:160 H:42 
C0976A $30 $42         BMI $C097AE                     A:FFFF X:0000 Y:0006 S:03F8 D:00C0 DB:7E P:NvmxdIzc V:160 H:51 
C097AE $AD $59 $DD     LDA $DD59 [7EDD59] = $FFFF      A:FFFF X:0000 Y:0006 S:03F8 D:00C0 DB:7E P:NvmxdIzc V:160 H:55 
C097B1 $30 $42         BMI $C097F5                     A:FFFF X:0000 Y:0006 S:03F8 D:00C0 DB:7E P:NvmxdIzc V:160 H:64 
C097F5 $AD $5B $DD     LDA $DD5B [7EDD5B] = $FFFF      A:FFFF X:0000 Y:0006 S:03F8 D:00C0 DB:7E P:NvmxdIzc V:160 H:68 
C097F8 $30 $42         BMI $C0983C                     A:FFFF X:0000 Y:0006 S:03F8 D:00C0 DB:7E P:NvmxdIzc V:160 H:77 
C0983C $AD $5D $DD     LDA $DD5D [7EDD5D] = $FFFF      A:FFFF X:0000 Y:0006 S:03F8 D:00C0 DB:7E P:NvmxdIzc V:160 H:81 
C0983F $30 $42         BMI $C09883                     A:FFFF X:0000 Y:0006 S:03F8 D:00C0 DB:7E P:NvmxdIzc V:160 H:90 
C09883 $AD $5F $DD     LDA $DD5F [7EDD5F] = $FFFF      A:FFFF X:0000 Y:0006 S:03F8 D:00C0 DB:7E P:NvmxdIzc V:160 H:94 
C09886 $30 $42         BMI $C098CA                     A:FFFF X:0000 Y:0006 S:03F8 D:00C0 DB:7E P:NvmxdIzc V:160 H:103
C098CA $AD $61 $DD     LDA $DD61 [7EDD61] = $FFFF      A:FFFF X:0000 Y:0006 S:03F8 D:00C0 DB:7E P:NvmxdIzc V:160 H:107
C098CD $30 $42         BMI $C09911                     A:FFFF X:0000 Y:0006 S:03F8 D:00C0 DB:7E P:NvmxdIzc V:160 H:116
C09911 $AD $63 $DD     LDA $DD63 [7EDD63] = $FFFF      A:FFFF X:0000 Y:0006 S:03F8 D:00C0 DB:7E P:NvmxdIzc V:160 H:120
C09914 $30 $42         BMI $C09958                     A:FFFF X:0000 Y:0006 S:03F8 D:00C0 DB:7E P:NvmxdIzc V:160 H:129
C09958 $AD $65 $DD     LDA $DD65 [7EDD65] = $FFFF      A:FFFF X:0000 Y:0006 S:03F8 D:00C0 DB:7E P:NvmxdIzc V:160 H:143
C0995B $30 $42         BMI $C0999F                     A:FFFF X:0000 Y:0006 S:03F8 D:00C0 DB:7E P:NvmxdIzc V:160 H:152
C0999F $AD $67 $DD     LDA $DD67 [7EDD67] = $FFFF      A:FFFF X:0000 Y:0006 S:03F8 D:00C0 DB:7E P:NvmxdIzc V:160 H:156
C099A2 $30 $42         BMI $C099E6                     A:FFFF X:0000 Y:0006 S:03F8 D:00C0 DB:7E P:NvmxdIzc V:160 H:165
C099E6 $AD $69 $DD     LDA $DD69 [7EDD69] = $FFFF      A:FFFF X:0000 Y:0006 S:03F8 D:00C0 DB:7E P:NvmxdIzc V:160 H:169
C099E9 $30 $42         BMI $C09A2D                     A:FFFF X:0000 Y:0006 S:03F8 D:00C0 DB:7E P:NvmxdIzc V:160 H:178
C09A2D $AD $6B $DD     LDA $DD6B [7EDD6B] = $FFFF      A:FFFF X:0000 Y:0006 S:03F8 D:00C0 DB:7E P:NvmxdIzc V:160 H:182
C09A30 $30 $42         BMI $C09A74                     A:FFFF X:0000 Y:0006 S:03F8 D:00C0 DB:7E P:NvmxdIzc V:160 H:191
C09A74 $AD $6D $DD     LDA $DD6D [7EDD6D] = $FFFF      A:FFFF X:0000 Y:0006 S:03F8 D:00C0 DB:7E P:NvmxdIzc V:160 H:195
C09A77 $30 $42         BMI $C09ABB                     A:FFFF X:0000 Y:0006 S:03F8 D:00C0 DB:7E P:NvmxdIzc V:160 H:204
C09ABB $AD $6F $DD     LDA $DD6F [7EDD6F] = $FFFF      A:FFFF X:0000 Y:0006 S:03F8 D:00C0 DB:7E P:NvmxdIzc V:160 H:208
C09ABE $30 $42         BMI $C09B02                     A:FFFF X:0000 Y:0006 S:03F8 D:00C0 DB:7E P:NvmxdIzc V:160 H:217
C09B02 $AD $71 $DD     LDA $DD71 [7EDD71] = $FFFF      A:FFFF X:0000 Y:0006 S:03F8 D:00C0 DB:7E P:NvmxdIzc V:160 H:221
C09B05 $30 $42         BMI $C09B49                     A:FFFF X:0000 Y:0006 S:03F8 D:00C0 DB:7E P:NvmxdIzc V:160 H:230
C09B49 $AD $73 $DD     LDA $DD73 [7EDD73] = $FFFF      A:FFFF X:0000 Y:0006 S:03F8 D:00C0 DB:7E P:NvmxdIzc V:160 H:234
C09B4C $30 $42         BMI $C09B90                     A:FFFF X:0000 Y:0006 S:03F8 D:00C0 DB:7E P:NvmxdIzc V:160 H:243
C09B90 $AD $75 $DD     LDA $DD75 [7EDD75] = $FFFF      A:FFFF X:0000 Y:0006 S:03F8 D:00C0 DB:7E P:NvmxdIzc V:160 H:247
C09B93 $30 $42         BMI $C09BD7                     A:FFFF X:0000 Y:0006 S:03F8 D:00C0 DB:7E P:NvmxdIzc V:160 H:256
C09BD7 $AD $77 $DD     LDA $DD77 [7EDD77] = $FFFF      A:FFFF X:0000 Y:0006 S:03F8 D:00C0 DB:7E P:NvmxdIzc V:160 H:260
C09BDA $30 $42         BMI $C09C1E                     A:FFFF X:0000 Y:0006 S:03F8 D:00C0 DB:7E P:NvmxdIzc V:160 H:269
C09C1E $AD $79 $DD     LDA $DD79 [7EDD79] = $FFFF      A:FFFF X:0000 Y:0006 S:03F8 D:00C0 DB:7E P:NvmxdIzc V:160 H:273
C09C21 $30 $42         BMI $C09C65                     A:FFFF X:0000 Y:0006 S:03F8 D:00C0 DB:7E P:NvmxdIzc V:160 H:323
C09C65 $AD $7B $DD     LDA $DD7B [7EDD7B] = $FFFF      A:FFFF X:0000 Y:0006 S:03F8 D:00C0 DB:7E P:NvmxdIzc V:160 H:327
C09C68 $30 $42         BMI $C09CAC                     A:FFFF X:0000 Y:0006 S:03F8 D:00C0 DB:7E P:NvmxdIzc V:160 H:336
C09CAC $AD $7D $DD     LDA $DD7D [7EDD7D] = $FFFF      A:FFFF X:0000 Y:0006 S:03F8 D:00C0 DB:7E P:NvmxdIzc V:161 H:0  
C09CAF $30 $42         BMI $C09CF3                     A:FFFF X:0000 Y:0006 S:03F8 D:00C0 DB:7E P:NvmxdIzc V:161 H:9  
C09CF3 $AD $7F $DD     LDA $DD7F [7EDD7F] = $FFFF      A:FFFF X:0000 Y:0006 S:03F8 D:00C0 DB:7E P:NvmxdIzc V:161 H:13 
C09CF6 $30 $42         BMI $C09D3A                     A:FFFF X:0000 Y:0006 S:03F8 D:00C0 DB:7E P:NvmxdIzc V:161 H:22 
C09D3A $AD $81 $DD     LDA $DD81 [7EDD81] = $FFFF      A:FFFF X:0000 Y:0006 S:03F8 D:00C0 DB:7E P:NvmxdIzc V:161 H:26 
C09D3D $30 $42         BMI $C09D81                     A:FFFF X:0000 Y:0006 S:03F8 D:00C0 DB:7E P:NvmxdIzc V:161 H:35 
C09D81 $AD $83 $DD     LDA $DD83 [7EDD83] = $FFFF      A:FFFF X:0000 Y:0006 S:03F8 D:00C0 DB:7E P:NvmxdIzc V:161 H:39 
C09D84 $30 $42         BMI $C09DC8                     A:FFFF X:0000 Y:0006 S:03F8 D:00C0 DB:7E P:NvmxdIzc V:161 H:48 
C09DC8 $AD $85 $DD     LDA $DD85 [7EDD85] = $FFFF      A:FFFF X:0000 Y:0006 S:03F8 D:00C0 DB:7E P:NvmxdIzc V:161 H:52 
C09DCB $30 $42         BMI $C09E0F                     A:FFFF X:0000 Y:0006 S:03F8 D:00C0 DB:7E P:NvmxdIzc V:161 H:61 
C09E0F $AD $87 $DD     LDA $DD87 [7EDD87] = $FFFF      A:FFFF X:0000 Y:0006 S:03F8 D:00C0 DB:7E P:NvmxdIzc V:161 H:65 
C09E12 $30 $42         BMI $C09E56                     A:FFFF X:0000 Y:0006 S:03F8 D:00C0 DB:7E P:NvmxdIzc V:161 H:74 
C09E56 $28             PLP                             A:FFFF X:0000 Y:0006 S:03F8 D:00C0 DB:7E P:NvmxdIzc V:161 H:78 
C09E57 $6B             RTL                             A:FFFF X:0000 Y:0006 S:03F9 D:00C0 DB:7E P:nvmxdIZc V:161 H:85 
C02E3D $22 $A7 $79 $C6 JSL $C679A7                     A:FFFF X:0000 Y:0006 S:03FC D:00C0 DB:7E P:nvmxdIZc V:161 H:95 
C679A7 $C2 $30         REP #$30                        A:FFFF X:0000 Y:0006 S:03F9 D:00C0 DB:7E P:nvmxdIZc V:161 H:109
C679A9 $F4 $7E $7E     PEA #$7E7E                      A:FFFF X:0000 Y:0006 S:03F9 D:00C0 DB:7E P:nvmxdIZc V:161 H:113
C679AC $AB             PLB                             A:FFFF X:0000 Y:0006 S:03F7 D:00C0 DB:7E P:nvmxdIZc V:161 H:122
C679AD $AB             PLB                             A:FFFF X:0000 Y:0006 S:03F8 D:00C0 DB:7E P:nvmxdIzc V:161 H:128
C679AE $AD $F0 $7F     LDA $7FF0 [7E7FF0] = $0000      A:FFFF X:0000 Y:0006 S:03F9 D:00C0 DB:7E P:nvmxdIzc V:161 H:145
C679B1 $0D $F1 $7F     ORA $7FF1 [7E7FF1] = $0000      A:0000 X:0000 Y:0006 S:03F9 D:00C0 DB:7E P:nvmxdIZc V:161 H:153
C679B4 $D0 $1A         BNE $C679D0                     A:0000 X:0000 Y:0006 S:03F9 D:00C0 DB:7E P:nvmxdIZc V:161 H:162
C679B6 $AD $EA $7F     LDA $7FEA [7E7FEA] = $0000      A:0000 X:0000 Y:0006 S:03F9 D:00C0 DB:7E P:nvmxdIZc V:161 H:165
C679B9 $0D $EC $7F     ORA $7FEC [7E7FEC] = $0000      A:0000 X:0000 Y:0006 S:03F9 D:00C0 DB:7E P:nvmxdIZc V:161 H:173
C679BC $0D $EE $7F     ORA $7FEE [7E7FEE] = $0000      A:0000 X:0000 Y:0006 S:03F9 D:00C0 DB:7E P:nvmxdIZc V:161 H:182
C679BF $0D $E8 $7F     ORA $7FE8 [7E7FE8] = $0000      A:0000 X:0000 Y:0006 S:03F9 D:00C0 DB:7E P:nvmxdIZc V:161 H:190
C679C2 $29 $FF $00     AND #$00FF                      A:0000 X:0000 Y:0006 S:03F9 D:00C0 DB:7E P:nvmxdIZc V:161 H:199
C679C5 $D0 $09         BNE $C679D0                     A:0000 X:0000 Y:0006 S:03F9 D:00C0 DB:7E P:nvmxdIZc V:161 H:203
C679C7 $AD $AE $93     LDA $93AE [7E93AE] = $00EA      A:0000 X:0000 Y:0006 S:03F9 D:00C0 DB:7E P:nvmxdIZc V:161 H:206
C679CA $D0 $04         BNE $C679D0                     A:00EA X:0000 Y:0006 S:03F9 D:00C0 DB:7E P:nvmxdIzc V:161 H:215
C679D0 $6B             RTL                             A:00EA X:0000 Y:0006 S:03F9 D:00C0 DB:7E P:nvmxdIzc V:161 H:219
C02E41 $22 $76 $43 $C0 JSL $C04376                     A:00EA X:0000 Y:0006 S:03FC D:00C0 DB:7E P:nvmxdIzc V:161 H:230
C04376 $08             PHP                             A:00EA X:0000 Y:0006 S:03F9 D:00C0 DB:7E P:nvmxdIzc V:161 H:243
C04377 $C2 $30         REP #$30                        A:00EA X:0000 Y:0006 S:03F8 D:00C0 DB:7E P:nvmxdIzc V:161 H:248
C04379 $8B             PHB                             A:00EA X:0000 Y:0006 S:03F8 D:00C0 DB:7E P:nvmxdIzc V:161 H:253
C0437A $F4 $7E $7E     PEA #$7E7E                      A:00EA X:0000 Y:0006 S:03F7 D:00C0 DB:7E P:nvmxdIzc V:161 H:258
C0437D $AB             PLB                             A:00EA X:0000 Y:0006 S:03F5 D:00C0 DB:7E P:nvmxdIzc V:161 H:266
C0437E $AB             PLB                             A:00EA X:0000 Y:0006 S:03F6 D:00C0 DB:7E P:nvmxdIzc V:161 H:273
C0437F $A2 $00 $00     LDX #$0000                      A:00EA X:0000 Y:0006 S:03F7 D:00C0 DB:7E P:nvmxdIzc V:161 H:295
C04382 $BD $42 $8B     LDA $8B42,X [7E8B42] = $FFFF    A:00EA X:0000 Y:0006 S:03F7 D:00C0 DB:7E P:nvmxdIZc V:161 H:300
C04385 $C9 $FF $FF     CMP #$FFFF                      A:FFFF X:0000 Y:0006 S:03F7 D:00C0 DB:7E P:NvmxdIzc V:161 H:310
C04388 $D0 $0A         BNE $C04394                     A:FFFF X:0000 Y:0006 S:03F7 D:00C0 DB:7E P:nvmxdIZC V:161 H:314
C0438A $E8             INX                             A:FFFF X:0000 Y:0006 S:03F7 D:00C0 DB:7E P:nvmxdIZC V:161 H:317
C0438B $E8             INX                             A:FFFF X:0001 Y:0006 S:03F7 D:00C0 DB:7E P:nvmxdIzC V:161 H:320
C0438C $E0 $10 $00     CPX #$0010                      A:FFFF X:0002 Y:0006 S:03F7 D:00C0 DB:7E P:nvmxdIzC V:161 H:323
C0438F $90 $F1         BCC $C04382                     A:FFFF X:0002 Y:0006 S:03F7 D:00C0 DB:7E P:NvmxdIzc V:161 H:327
C04382 $BD $42 $8B     LDA $8B42,X [7E8B44] = $FFFF    A:FFFF X:0002 Y:0006 S:03F7 D:00C0 DB:7E P:NvmxdIzc V:161 H:331
C04385 $C9 $FF $FF     CMP #$FFFF                      A:FFFF X:0002 Y:0006 S:03F7 D:00C0 DB:7E P:NvmxdIzc V:162 H:1  
C04388 $D0 $0A         BNE $C04394                     A:FFFF X:0002 Y:0006 S:03F7 D:00C0 DB:7E P:nvmxdIZC V:162 H:6  
C0438A $E8             INX                             A:FFFF X:0002 Y:0006 S:03F7 D:00C0 DB:7E P:nvmxdIZC V:162 H:9  
C0438B $E8             INX                             A:FFFF X:0003 Y:0006 S:03F7 D:00C0 DB:7E P:nvmxdIzC V:162 H:12 
C0438C $E0 $10 $00     CPX #$0010                      A:FFFF X:0004 Y:0006 S:03F7 D:00C0 DB:7E P:nvmxdIzC V:162 H:15 
C0438F $90 $F1         BCC $C04382                     A:FFFF X:0004 Y:0006 S:03F7 D:00C0 DB:7E P:NvmxdIzc V:162 H:19 
C04382 $BD $42 $8B     LDA $8B42,X [7E8B46] = $FFFF    A:FFFF X:0004 Y:0006 S:03F7 D:00C0 DB:7E P:NvmxdIzc V:162 H:24 
C04385 $C9 $FF $FF     CMP #$FFFF                      A:FFFF X:0004 Y:0006 S:03F7 D:00C0 DB:7E P:NvmxdIzc V:162 H:34 
C04388 $D0 $0A         BNE $C04394                     A:FFFF X:0004 Y:0006 S:03F7 D:00C0 DB:7E P:nvmxdIZC V:162 H:38 
C0438A $E8             INX                             A:FFFF X:0004 Y:0006 S:03F7 D:00C0 DB:7E P:nvmxdIZC V:162 H:41 
C0438B $E8             INX                             A:FFFF X:0005 Y:0006 S:03F7 D:00C0 DB:7E P:nvmxdIzC V:162 H:44 
C0438C $E0 $10 $00     CPX #$0010                      A:FFFF X:0006 Y:0006 S:03F7 D:00C0 DB:7E P:nvmxdIzC V:162 H:47 
C0438F $90 $F1         BCC $C04382                     A:FFFF X:0006 Y:0006 S:03F7 D:00C0 DB:7E P:NvmxdIzc V:162 H:52 
C04382 $BD $42 $8B     LDA $8B42,X [7E8B48] = $FFFF    A:FFFF X:0006 Y:0006 S:03F7 D:00C0 DB:7E P:NvmxdIzc V:162 H:56 
C04385 $C9 $FF $FF     CMP #$FFFF                      A:FFFF X:0006 Y:0006 S:03F7 D:00C0 DB:7E P:NvmxdIzc V:162 H:66 
C04388 $D0 $0A         BNE $C04394                     A:FFFF X:0006 Y:0006 S:03F7 D:00C0 DB:7E P:nvmxdIZC V:162 H:71 
C0438A $E8             INX                             A:FFFF X:0006 Y:0006 S:03F7 D:00C0 DB:7E P:nvmxdIZC V:162 H:74 
C0438B $E8             INX                             A:FFFF X:0007 Y:0006 S:03F7 D:00C0 DB:7E P:nvmxdIzC V:162 H:77 
C0438C $E0 $10 $00     CPX #$0010                      A:FFFF X:0008 Y:0006 S:03F7 D:00C0 DB:7E P:nvmxdIzC V:162 H:80 
C0438F $90 $F1         BCC $C04382                     A:FFFF X:0008 Y:0006 S:03F7 D:00C0 DB:7E P:NvmxdIzc V:162 H:84 
C04382 $BD $42 $8B     LDA $8B42,X [7E8B4A] = $FFFF    A:FFFF X:0008 Y:0006 S:03F7 D:00C0 DB:7E P:NvmxdIzc V:162 H:89 
C04385 $C9 $FF $FF     CMP #$FFFF                      A:FFFF X:0008 Y:0006 S:03F7 D:00C0 DB:7E P:NvmxdIzc V:162 H:99 
C04388 $D0 $0A         BNE $C04394                     A:FFFF X:0008 Y:0006 S:03F7 D:00C0 DB:7E P:nvmxdIZC V:162 H:103
C0438A $E8             INX                             A:FFFF X:0008 Y:0006 S:03F7 D:00C0 DB:7E P:nvmxdIZC V:162 H:106
C0438B $E8             INX                             A:FFFF X:0009 Y:0006 S:03F7 D:00C0 DB:7E P:nvmxdIzC V:162 H:109
C0438C $E0 $10 $00     CPX #$0010                      A:FFFF X:000A Y:0006 S:03F7 D:00C0 DB:7E P:nvmxdIzC V:162 H:112
C0438F $90 $F1         BCC $C04382                     A:FFFF X:000A Y:0006 S:03F7 D:00C0 DB:7E P:NvmxdIzc V:162 H:117
C04382 $BD $42 $8B     LDA $8B42,X [7E8B4C] = $FFFF    A:FFFF X:000A Y:0006 S:03F7 D:00C0 DB:7E P:NvmxdIzc V:162 H:121
C04385 $C9 $FF $FF     CMP #$FFFF                      A:FFFF X:000A Y:0006 S:03F7 D:00C0 DB:7E P:NvmxdIzc V:162 H:131
C04388 $D0 $0A         BNE $C04394                     A:FFFF X:000A Y:0006 S:03F7 D:00C0 DB:7E P:nvmxdIZC V:162 H:146
C0438A $E8             INX                             A:FFFF X:000A Y:0006 S:03F7 D:00C0 DB:7E P:nvmxdIZC V:162 H:149
C0438B $E8             INX                             A:FFFF X:000B Y:0006 S:03F7 D:00C0 DB:7E P:nvmxdIzC V:162 H:152
C0438C $E0 $10 $00     CPX #$0010                      A:FFFF X:000C Y:0006 S:03F7 D:00C0 DB:7E P:nvmxdIzC V:162 H:155
C0438F $90 $F1         BCC $C04382                     A:FFFF X:000C Y:0006 S:03F7 D:00C0 DB:7E P:NvmxdIzc V:162 H:159
C04382 $BD $42 $8B     LDA $8B42,X [7E8B4E] = $FFFF    A:FFFF X:000C Y:0006 S:03F7 D:00C0 DB:7E P:NvmxdIzc V:162 H:164
C04385 $C9 $FF $FF     CMP #$FFFF                      A:FFFF X:000C Y:0006 S:03F7 D:00C0 DB:7E P:NvmxdIzc V:162 H:174
C04388 $D0 $0A         BNE $C04394                     A:FFFF X:000C Y:0006 S:03F7 D:00C0 DB:7E P:nvmxdIZC V:162 H:178
C0438A $E8             INX                             A:FFFF X:000C Y:0006 S:03F7 D:00C0 DB:7E P:nvmxdIZC V:162 H:181
C0438B $E8             INX                             A:FFFF X:000D Y:0006 S:03F7 D:00C0 DB:7E P:nvmxdIzC V:162 H:184
C0438C $E0 $10 $00     CPX #$0010                      A:FFFF X:000E Y:0006 S:03F7 D:00C0 DB:7E P:nvmxdIzC V:162 H:187
C0438F $90 $F1         BCC $C04382                     A:FFFF X:000E Y:0006 S:03F7 D:00C0 DB:7E P:NvmxdIzc V:162 H:192
C04382 $BD $42 $8B     LDA $8B42,X [7E8B50] = $FFFF    A:FFFF X:000E Y:0006 S:03F7 D:00C0 DB:7E P:NvmxdIzc V:162 H:196
C04385 $C9 $FF $FF     CMP #$FFFF                      A:FFFF X:000E Y:0006 S:03F7 D:00C0 DB:7E P:NvmxdIzc V:162 H:206
C04388 $D0 $0A         BNE $C04394                     A:FFFF X:000E Y:0006 S:03F7 D:00C0 DB:7E P:nvmxdIZC V:162 H:211
C0438A $E8             INX                             A:FFFF X:000E Y:0006 S:03F7 D:00C0 DB:7E P:nvmxdIZC V:162 H:214
C0438B $E8             INX                             A:FFFF X:000F Y:0006 S:03F7 D:00C0 DB:7E P:nvmxdIzC V:162 H:217
C0438C $E0 $10 $00     CPX #$0010                      A:FFFF X:0010 Y:0006 S:03F7 D:00C0 DB:7E P:nvmxdIzC V:162 H:220
C0438F $90 $F1         BCC $C04382                     A:FFFF X:0010 Y:0006 S:03F7 D:00C0 DB:7E P:nvmxdIZC V:162 H:224
C04391 $AB             PLB                             A:FFFF X:0010 Y:0006 S:03F7 D:00C0 DB:7E P:nvmxdIZC V:162 H:227
C04392 $28             PLP                             A:FFFF X:0010 Y:0006 S:03F8 D:00C0 DB:7E P:nvmxdIzC V:162 H:234
C04393 $6B             RTL                             A:FFFF X:0010 Y:0006 S:03F9 D:00C0 DB:7E P:nvmxdIzc V:162 H:240
C02E45 $22 $F7 $48 $C0 JSL $C048F7                     A:FFFF X:0010 Y:0006 S:03FC D:00C0 DB:7E P:nvmxdIzc V:162 H:251
C048F7 $C2 $30         REP #$30                        A:FFFF X:0010 Y:0006 S:03F9 D:00C0 DB:7E P:nvmxdIzc V:162 H:264
C048F9 $F4 $7E $7E     PEA #$7E7E                      A:FFFF X:0010 Y:0006 S:03F9 D:00C0 DB:7E P:nvmxdIzc V:162 H:269
C048FC $AB             PLB                             A:FFFF X:0010 Y:0006 S:03F7 D:00C0 DB:7E P:nvmxdIzc V:162 H:294
C048FD $AB             PLB                             A:FFFF X:0010 Y:0006 S:03F8 D:00C0 DB:7E P:nvmxdIzc V:162 H:300
C048FE $AD $8E $7F     LDA $7F8E [7E7F8E] = $0000      A:FFFF X:0010 Y:0006 S:03F9 D:00C0 DB:7E P:nvmxdIzc V:162 H:307
C04901 $29 $F0 $00     AND #$00F0                      A:0000 X:0010 Y:0006 S:03F9 D:00C0 DB:7E P:nvmxdIZc V:162 H:315
C04904 $F0 $0A         BEQ $C04910                     A:0000 X:0010 Y:0006 S:03F9 D:00C0 DB:7E P:nvmxdIZc V:162 H:320
C04910 $6B             RTL                             A:0000 X:0010 Y:0006 S:03F9 D:00C0 DB:7E P:nvmxdIZc V:162 H:324
C02E49 $22 $30 $50 $C0 JSL $C05030                     A:0000 X:0010 Y:0006 S:03FC D:00C0 DB:7E P:nvmxdIZc V:162 H:334
C05030 $08             PHP                             A:0000 X:0010 Y:0006 S:03F9 D:00C0 DB:7E P:nvmxdIZc V:163 H:7  
C05031 $C2 $20         REP #$20                        A:0000 X:0010 Y:0006 S:03F8 D:00C0 DB:7E P:nvmxdIZc V:163 H:12 
C05033 $8B             PHB                             A:0000 X:0010 Y:0006 S:03F8 D:00C0 DB:7E P:nvmxdIZc V:163 H:17 
C05034 $F4 $7F $7F     PEA #$7F7F                      A:0000 X:0010 Y:0006 S:03F7 D:00C0 DB:7E P:nvmxdIZc V:163 H:22 
C05037 $AB             PLB                             A:0000 X:0010 Y:0006 S:03F5 D:00C0 DB:7E P:nvmxdIZc V:163 H:30 
C05038 $AB             PLB                             A:0000 X:0010 Y:0006 S:03F6 D:00C0 DB:7F P:nvmxdIzc V:163 H:37 
C05039 $9C $9E $E3     STZ $E39E [7FE39E] = $0000      A:0000 X:0010 Y:0006 S:03F7 D:00C0 DB:7F P:nvmxdIzc V:163 H:43 
C0503C $9C $A0 $E3     STZ $E3A0 [7FE3A0] = $0000      A:0000 X:0010 Y:0006 S:03F7 D:00C0 DB:7F P:nvmxdIzc V:163 H:52 
C0503F $9C $A2 $E3     STZ $E3A2 [7FE3A2] = $0000      A:0000 X:0010 Y:0006 S:03F7 D:00C0 DB:7F P:nvmxdIzc V:163 H:60 
C05042 $9C $A4 $E3     STZ $E3A4 [7FE3A4] = $0000      A:0000 X:0010 Y:0006 S:03F7 D:00C0 DB:7F P:nvmxdIzc V:163 H:69 
C05045 $9C $A6 $E3     STZ $E3A6 [7FE3A6] = $0000      A:0000 X:0010 Y:0006 S:03F7 D:00C0 DB:7F P:nvmxdIzc V:163 H:77 
C05048 $9C $A8 $E3     STZ $E3A8 [7FE3A8] = $0000      A:0000 X:0010 Y:0006 S:03F7 D:00C0 DB:7F P:nvmxdIzc V:163 H:86 
C0504B $9C $AA $E3     STZ $E3AA [7FE3AA] = $0000      A:0000 X:0010 Y:0006 S:03F7 D:00C0 DB:7F P:nvmxdIzc V:163 H:94 
C0504E $9C $AC $E3     STZ $E3AC [7FE3AC] = $0000      A:0000 X:0010 Y:0006 S:03F7 D:00C0 DB:7F P:nvmxdIzc V:163 H:103
C05051 $9C $AE $E3     STZ $E3AE [7FE3AE] = $0000      A:0000 X:0010 Y:0006 S:03F7 D:00C0 DB:7F P:nvmxdIzc V:163 H:111
C05054 $9C $B0 $E3     STZ $E3B0 [7FE3B0] = $0000      A:0000 X:0010 Y:0006 S:03F7 D:00C0 DB:7F P:nvmxdIzc V:163 H:120
C05057 $AB             PLB                             A:0000 X:0010 Y:0006 S:03F7 D:00C0 DB:7F P:nvmxdIzc V:163 H:128
C05058 $28             PLP                             A:0000 X:0010 Y:0006 S:03F8 D:00C0 DB:7E P:nvmxdIzc V:163 H:145
C05059 $6B             RTL                             A:0000 X:0010 Y:0006 S:03F9 D:00C0 DB:7E P:nvmxdIZc V:163 H:151
C02E4D $22 $B4 $28 $C0 JSL $C028B4                     A:0000 X:0010 Y:0006 S:03FC D:00C0 DB:7E P:nvmxdIZc V:163 H:162
C028B4 $08             PHP                             A:0000 X:0010 Y:0006 S:03F9 D:00C0 DB:7E P:nvmxdIZc V:163 H:175
C028B5 $C2 $30         REP #$30                        A:0000 X:0010 Y:0006 S:03F8 D:00C0 DB:7E P:nvmxdIZc V:163 H:180
C028B7 $48             PHA                             A:0000 X:0010 Y:0006 S:03F8 D:00C0 DB:7E P:nvmxdIZc V:163 H:185
C028B8 $DA             PHX                             A:0000 X:0010 Y:0006 S:03F6 D:00C0 DB:7E P:nvmxdIZc V:163 H:192
C028B9 $5A             PHY                             A:0000 X:0010 Y:0006 S:03F4 D:00C0 DB:7E P:nvmxdIZc V:163 H:199
C028BA $8B             PHB                             A:0000 X:0010 Y:0006 S:03F2 D:00C0 DB:7E P:nvmxdIZc V:163 H:206
C028BB $0B             PHD                             A:0000 X:0010 Y:0006 S:03F1 D:00C0 DB:7E P:nvmxdIZc V:163 H:211
C028BC $AF $6E $7F $7E LDA $7E7F6E                     A:0000 X:0010 Y:0006 S:03EF D:00C0 DB:7E P:nvmxdIZc V:163 H:218
C028C0 $D0 $17         BNE $C028D9                     A:0000 X:0010 Y:0006 S:03EF D:00C0 DB:7E P:nvmxdIZc V:163 H:228
C028C2 $3B             TSC                             A:0000 X:0010 Y:0006 S:03EF D:00C0 DB:7E P:nvmxdIZc V:163 H:231
C028C3 $C9 $00 $05     CMP #$0500                      A:03EF X:0010 Y:0006 S:03EF D:00C0 DB:7E P:nvmxdIzc V:163 H:234
C028C6 $90 $11         BCC $C028D9                     A:03EF X:0010 Y:0006 S:03EF D:00C0 DB:7E P:NvmxdIzc V:163 H:238
C028D9 $A9 $01 $00     LDA #$0001                      A:03EF X:0010 Y:0006 S:03EF D:00C0 DB:7E P:NvmxdIzc V:163 H:243
C028DC $8F $E0 $7F $7E STA $7E7FE0                     A:0001 X:0010 Y:0006 S:03EF D:00C0 DB:7E P:nvmxdIzc V:163 H:247
C028E0 $AF $E0 $7D $7E LDA $7E7DE0                     A:0001 X:0010 Y:0006 S:03EF D:00C0 DB:7E P:nvmxdIzc V:163 H:257
C028E4 $AA             TAX                             A:0002 X:0010 Y:0006 S:03EF D:00C0 DB:7E P:nvmxdIzc V:163 H:267
C028E5 $3B             TSC                             A:0002 X:0002 Y:0006 S:03EF D:00C0 DB:7E P:nvmxdIzc V:163 H:270
C028E6 $9F $D8 $7D $7E STA $7E7DD8,X [7E7DDA] = $03EF  A:03EF X:0002 Y:0006 S:03EF D:00C0 DB:7E P:nvmxdIzc V:163 H:273
C028EA $5C $74 $27 $C0 JMP $C02774                     A:03EF X:0002 Y:0006 S:03EF D:00C0 DB:7E P:nvmxdIzc V:163 H:300
C02774 $C2 $30         REP #$30                        A:03EF X:0002 Y:0006 S:03EF D:00C0 DB:7E P:nvmxdIzc V:163 H:306
C02776 $AF $E0 $7D $7E LDA $7E7DE0                     A:03EF X:0002 Y:0006 S:03EF D:00C0 DB:7E P:nvmxdIzc V:163 H:310
C0277A $1A             INC                             A:0002 X:0002 Y:0006 S:03EF D:00C0 DB:7E P:nvmxdIzc V:163 H:320
C0277B $1A             INC                             A:0003 X:0002 Y:0006 S:03EF D:00C0 DB:7E P:nvmxdIzc V:163 H:323
C0277C $8F $E0 $7D $7E STA $7E7DE0                     A:0004 X:0002 Y:0006 S:03EF D:00C0 DB:7E P:nvmxdIzc V:163 H:326
C02780 $C9 $08 $00     CMP #$0008                      A:0004 X:0002 Y:0006 S:03EF D:00C0 DB:7E P:nvmxdIzc V:163 H:335
C02783 $90 $D8         BCC $C0275D                     A:0004 X:0002 Y:0006 S:03EF D:00C0 DB:7E P:NvmxdIzc V:164 H:0  
C0275D $AF $E0 $7D $7E LDA $7E7DE0                     A:0004 X:0002 Y:0006 S:03EF D:00C0 DB:7E P:NvmxdIzc V:164 H:4  
C02761 $AA             TAX                             A:0004 X:0002 Y:0006 S:03EF D:00C0 DB:7E P:nvmxdIzc V:164 H:14 
C02762 $BF $D0 $7D $7E LDA $7E7DD0,X [7E7DD4] = $FFFF  A:0004 X:0004 Y:0006 S:03EF D:00C0 DB:7E P:nvmxdIzc V:164 H:17 
C02766 $D0 $0C         BNE $C02774                     A:FFFF X:0004 Y:0006 S:03EF D:00C0 DB:7E P:NvmxdIzc V:164 H:27 
C02774 $C2 $30         REP #$30                        A:FFFF X:0004 Y:0006 S:03EF D:00C0 DB:7E P:NvmxdIzc V:164 H:32 
C02776 $AF $E0 $7D $7E LDA $7E7DE0                     A:FFFF X:0004 Y:0006 S:03EF D:00C0 DB:7E P:NvmxdIzc V:164 H:36 
C0277A $1A             INC                             A:0004 X:0004 Y:0006 S:03EF D:00C0 DB:7E P:nvmxdIzc V:164 H:46 
C0277B $1A             INC                             A:0005 X:0004 Y:0006 S:03EF D:00C0 DB:7E P:nvmxdIzc V:164 H:49 
C0277C $8F $E0 $7D $7E STA $7E7DE0                     A:0006 X:0004 Y:0006 S:03EF D:00C0 DB:7E P:nvmxdIzc V:164 H:52 
C02780 $C9 $08 $00     CMP #$0008                      A:0006 X:0004 Y:0006 S:03EF D:00C0 DB:7E P:nvmxdIzc V:164 H:62 
C02783 $90 $D8         BCC $C0275D                     A:0006 X:0004 Y:0006 S:03EF D:00C0 DB:7E P:NvmxdIzc V:164 H:67 
C0275D $AF $E0 $7D $7E LDA $7E7DE0                     A:0006 X:0004 Y:0006 S:03EF D:00C0 DB:7E P:NvmxdIzc V:164 H:71 
C02761 $AA             TAX                             A:0006 X:0004 Y:0006 S:03EF D:00C0 DB:7E P:nvmxdIzc V:164 H:81 
C02762 $BF $D0 $7D $7E LDA $7E7DD0,X [7E7DD6] = $0000  A:0006 X:0006 Y:0006 S:03EF D:00C0 DB:7E P:nvmxdIzc V:164 H:84 
C02766 $D0 $0C         BNE $C02774                     A:0000 X:0006 Y:0006 S:03EF D:00C0 DB:7E P:nvmxdIZc V:164 H:94 
C02768 $BF $D8 $7D $7E LDA $7E7DD8,X [7E7DDE] = $04EF  A:0000 X:0006 Y:0006 S:03EF D:00C0 DB:7E P:nvmxdIZc V:164 H:97 
C0276C $1B             TCS                             A:04EF X:0006 Y:0006 S:03EF D:00C0 DB:7E P:nvmxdIzc V:164 H:107
C0276D $2B             PLD                             A:04EF X:0006 Y:0006 S:04EF D:00C0 DB:7E P:nvmxdIzc V:164 H:110
C0276E $AB             PLB                             A:04EF X:0006 Y:0006 S:04F1 D:0240 DB:7E P:nvmxdIzc V:164 H:119
C0276F $7A             PLY                             A:04EF X:0006 Y:0006 S:04F2 D:0240 DB:7E P:nvmxdIzc V:164 H:125
C02770 $FA             PLX                             A:04EF X:0006 Y:0006 S:04F4 D:0240 DB:7E P:nvmxdIzc V:164 H:144
C02771 $68             PLA                             A:04EF X:0000 Y:0006 S:04F6 D:0240 DB:7E P:nvmxdIZc V:164 H:152
C02772 $28             PLP                             A:0000 X:0000 Y:0006 S:04F8 D:0240 DB:7E P:nvmxdIZc V:164 H:161
C02773 $6B             RTL                             A:0000 X:0000 Y:0006 S:04F9 D:0240 DB:7E P:nvmxdIZc V:164 H:167
C79B69 $80 $F2         BRA $C79B5D                     A:0000 X:0000 Y:0006 S:04FC D:0240 DB:7E P:nvmxdIZc V:164 H:178
C79B5D $20 $6B $9B     JSR $9B6B [C79B6B] = $06AD      A:0000 X:0000 Y:0006 S:04FC D:0240 DB:7E P:nvmxdIZc V:164 H:182
C79B6B $AD $06 $98     LDA $9806 [7E9806] = $0004      A:0000 X:0000 Y:0006 S:04FA D:0240 DB:7E P:nvmxdIZc V:164 H:192
C79B6E $C9 $04 $00     CMP #$0004                      A:0004 X:0000 Y:0006 S:04FA D:0240 DB:7E P:nvmxdIzc V:164 H:201
C79B71 $D0 $21         BNE $C79B94                     A:0004 X:0000 Y:0006 S:04FA D:0240 DB:7E P:nvmxdIZC V:164 H:205
C79B73 $AE $36 $98     LDX $9836 [7E9836] = $0000      A:0004 X:0000 Y:0006 S:04FA D:0240 DB:7E P:nvmxdIZC V:164 H:208
C79B76 $E0 $00 $00     CPX #$0000                      A:0004 X:0000 Y:0006 S:04FA D:0240 DB:7E P:nvmxdIZC V:164 H:217
C79B79 $F0 $19         BEQ $C79B94                     A:0004 X:0000 Y:0006 S:04FA D:0240 DB:7E P:nvmxdIZC V:164 H:221
C79B94 $A9 $00 $00     LDA #$0000                      A:0004 X:0000 Y:0006 S:04FA D:0240 DB:7E P:nvmxdIZC V:164 H:226
C79B97 $8D $36 $98     STA $9836 [7E9836] = $0000      A:0000 X:0000 Y:0006 S:04FA D:0240 DB:7E P:nvmxdIZC V:164 H:230
C79B9A $18             CLC                             A:0000 X:0000 Y:0006 S:04FA D:0240 DB:7E P:nvmxdIZC V:164 H:239
C79B9B $60             RTS                             A:0000 X:0000 Y:0006 S:04FA D:0240 DB:7E P:nvmxdIZc V:164 H:242
C79B60 $90 $03         BCC $C79B65                     A:0000 X:0000 Y:0006 S:04FC D:0240 DB:7E P:nvmxdIZc V:164 H:252
C79B65 $22 $B4 $28 $C0 JSL $C028B4                     A:0000 X:0000 Y:0006 S:04FC D:0240 DB:7E P:nvmxdIZc V:164 H:256
C028B4 $08             PHP                             A:0000 X:0000 Y:0006 S:04F9 D:0240 DB:7E P:nvmxdIZc V:164 H:270
C028B5 $C2 $30         REP #$30                        A:0000 X:0000 Y:0006 S:04F8 D:0240 DB:7E P:nvmxdIZc V:164 H:275
C028B7 $48             PHA                             A:0000 X:0000 Y:0006 S:04F8 D:0240 DB:7E P:nvmxdIZc V:164 H:296
C028B8 $DA             PHX                             A:0000 X:0000 Y:0006 S:04F6 D:0240 DB:7E P:nvmxdIZc V:164 H:303
C028B9 $5A             PHY                             A:0000 X:0000 Y:0006 S:04F4 D:0240 DB:7E P:nvmxdIZc V:164 H:310
C028BA $8B             PHB                             A:0000 X:0000 Y:0006 S:04F2 D:0240 DB:7E P:nvmxdIZc V:164 H:317
C028BB $0B             PHD                             A:0000 X:0000 Y:0006 S:04F1 D:0240 DB:7E P:nvmxdIZc V:164 H:322
C028BC $AF $6E $7F $7E LDA $7E7F6E                     A:0000 X:0000 Y:0006 S:04EF D:0240 DB:7E P:nvmxdIZc V:164 H:328
C028C0 $D0 $17         BNE $C028D9                     A:0000 X:0000 Y:0006 S:04EF D:0240 DB:7E P:nvmxdIZc V:164 H:338
C028C2 $3B             TSC                             A:0000 X:0000 Y:0006 S:04EF D:0240 DB:7E P:nvmxdIZc V:165 H:1  
C028C3 $C9 $00 $05     CMP #$0500                      A:04EF X:0000 Y:0006 S:04EF D:0240 DB:7E P:nvmxdIzc V:165 H:4  
C028C6 $90 $11         BCC $C028D9                     A:04EF X:0000 Y:0006 S:04EF D:0240 DB:7E P:NvmxdIzc V:165 H:8  
C028D9 $A9 $01 $00     LDA #$0001                      A:04EF X:0000 Y:0006 S:04EF D:0240 DB:7E P:NvmxdIzc V:165 H:13 
C028DC $8F $E0 $7F $7E STA $7E7FE0                     A:0001 X:0000 Y:0006 S:04EF D:0240 DB:7E P:nvmxdIzc V:165 H:17 
C028E0 $AF $E0 $7D $7E LDA $7E7DE0                     A:0001 X:0000 Y:0006 S:04EF D:0240 DB:7E P:nvmxdIzc V:165 H:27 
C028E4 $AA             TAX                             A:0006 X:0000 Y:0006 S:04EF D:0240 DB:7E P:nvmxdIzc V:165 H:37 
C028E5 $3B             TSC                             A:0006 X:0006 Y:0006 S:04EF D:0240 DB:7E P:nvmxdIzc V:165 H:40 
C028E6 $9F $D8 $7D $7E STA $7E7DD8,X [7E7DDE] = $04EF  A:04EF X:0006 Y:0006 S:04EF D:0240 DB:7E P:nvmxdIzc V:165 H:43 
C028EA $5C $74 $27 $C0 JMP $C02774                     A:04EF X:0006 Y:0006 S:04EF D:0240 DB:7E P:nvmxdIzc V:165 H:53 
C02774 $C2 $30         REP #$30                        A:04EF X:0006 Y:0006 S:04EF D:0240 DB:7E P:nvmxdIzc V:165 H:59 
C02776 $AF $E0 $7D $7E LDA $7E7DE0                     A:04EF X:0006 Y:0006 S:04EF D:0240 DB:7E P:nvmxdIzc V:165 H:64 
C0277A $1A             INC                             A:0006 X:0006 Y:0006 S:04EF D:0240 DB:7E P:nvmxdIzc V:165 H:74 
C0277B $1A             INC                             A:0007 X:0006 Y:0006 S:04EF D:0240 DB:7E P:nvmxdIzc V:165 H:77 
C0277C $8F $E0 $7D $7E STA $7E7DE0                     A:0008 X:0006 Y:0006 S:04EF D:0240 DB:7E P:nvmxdIzc V:165 H:80 
C02780 $C9 $08 $00     CMP #$0008                      A:0008 X:0006 Y:0006 S:04EF D:0240 DB:7E P:nvmxdIzc V:165 H:90 
C02783 $90 $D8         BCC $C0275D                     A:0008 X:0006 Y:0006 S:04EF D:0240 DB:7E P:nvmxdIZC V:165 H:94 
C02785 $AF $E4 $7F $7E LDA $7E7FE4                     A:0008 X:0006 Y:0006 S:04EF D:0240 DB:7E P:nvmxdIZC V:165 H:97 
C02789 $F0 $C7         BEQ $C02752                     A:0001 X:0006 Y:0006 S:04EF D:0240 DB:7E P:nvmxdIzC V:165 H:107
C0278B $E2 $20         SEP #$20                        A:0001 X:0006 Y:0006 S:04EF D:0240 DB:7E P:nvmxdIzC V:165 H:110
C0278D $A9 $01         LDA #$01                        A:0001 X:0006 Y:0006 S:04EF D:0240 DB:7E P:nvMxdIzC V:165 H:115
C0278F $8F $DE $7F $7E STA $7E7FDE                     A:0001 X:0006 Y:0006 S:04EF D:0240 DB:7E P:nvMxdIzC V:165 H:118
C02793 $C2 $20         REP #$20                        A:0001 X:0006 Y:0006 S:04EF D:0240 DB:7E P:nvMxdIzC V:165 H:126
C02795 $AF $FE $FF $C1 LDA $C1FFFE                     A:0001 X:0006 Y:0006 S:04EF D:0240 DB:7E P:nvmxdIzC V:165 H:130
C02799 $10 $09         BPL $C027A4                     A:FFFF X:0006 Y:0006 S:04EF D:0240 DB:7E P:NvmxdIzC V:165 H:149
C0279B $AF $F8 $7F $7E LDA $7E7FF8                     A:FFFF X:0006 Y:0006 S:04EF D:0240 DB:7E P:NvmxdIzC V:165 H:152
C0279F $29 $00 $10     AND #$1000                      A:0000 X:0006 Y:0006 S:04EF D:0240 DB:7E P:nvmxdIZC V:165 H:162
C027A2 $D0 $08         BNE $C027AC                     A:0000 X:0006 Y:0006 S:04EF D:0240 DB:7E P:nvmxdIZC V:165 H:167
C027A4 $AF $DE $7F $7E LDA $7E7FDE                     A:0000 X:0006 Y:0006 S:04EF D:0240 DB:7E P:nvmxdIZC V:165 H:170
C027A8 $F0 $A8         BEQ $C02752                     A:0001 X:0006 Y:0006 S:04EF D:0240 DB:7E P:nvmxdIzC V:165 H:180
C027AA $80 $E9         BRA $C02795                     A:0001 X:0006 Y:0006 S:04EF D:0240 DB:7E P:nvmxdIzC V:165 H:183
C02795 $AF $FE $FF $C1 LDA $C1FFFE                     A:0001 X:0006 Y:0006 S:04EF D:0240 DB:7E P:nvmxdIzC V:165 H:187
C02799 $10 $09         BPL $C027A4                     A:FFFF X:0006 Y:0006 S:04EF D:0240 DB:7E P:NvmxdIzC V:165 H:196
C0279B $AF $F8 $7F $7E LDA $7E7FF8                     A:FFFF X:0006 Y:0006 S:04EF D:0240 DB:7E P:NvmxdIzC V:165 H:199
C0279F $29 $00 $10     AND #$1000                      A:0000 X:0006 Y:0006 S:04EF D:0240 DB:7E P:nvmxdIZC V:165 H:209
C027A2 $D0 $08         BNE $C027AC                     A:0000 X:0006 Y:0006 S:04EF D:0240 DB:7E P:nvmxdIZC V:165 H:214
C027A4 $AF $DE $7F $7E LDA $7E7FDE                     A:0000 X:0006 Y:0006 S:04EF D:0240 DB:7E P:nvmxdIZC V:165 H:217
C027A8 $F0 $A8         BEQ $C02752                     A:0001 X:0006 Y:0006 S:04EF D:0240 DB:7E P:nvmxdIzC V:165 H:227
C027AA $80 $E9         BRA $C02795                     A:0001 X:0006 Y:0006 S:04EF D:0240 DB:7E P:nvmxdIzC V:165 H:230
C02795 $AF $FE $FF $C1 LDA $C1FFFE                     A:0001 X:0006 Y:0006 S:04EF D:0240 DB:7E P:nvmxdIzC V:165 H:234
C02799 $10 $09         BPL $C027A4                     A:FFFF X:0006 Y:0006 S:04EF D:0240 DB:7E P:NvmxdIzC V:165 H:243
C0279B $AF $F8 $7F $7E LDA $7E7FF8                     A:FFFF X:0006 Y:0006 S:04EF D:0240 DB:7E P:NvmxdIzC V:165 H:246
C0279F $29 $00 $10     AND #$1000                      A:0000 X:0006 Y:0006 S:04EF D:0240 DB:7E P:nvmxdIZC V:165 H:256
C027A2 $D0 $08         BNE $C027AC                     A:0000 X:0006 Y:0006 S:04EF D:0240 DB:7E P:nvmxdIZC V:165 H:261
C027A4 $AF $DE $7F $7E LDA $7E7FDE                     A:0000 X:0006 Y:0006 S:04EF D:0240 DB:7E P:nvmxdIZC V:165 H:264
C027A8 $F0 $A8         BEQ $C02752                     A:0001 X:0006 Y:0006 S:04EF D:0240 DB:7E P:nvmxdIzC V:165 H:274
C027AA $80 $E9         BRA $C02795                     A:0001 X:0006 Y:0006 S:04EF D:0240 DB:7E P:nvmxdIzC V:165 H:293
C02795 $AF $FE $FF $C1 LDA $C1FFFE                     A:0001 X:0006 Y:0006 S:04EF D:0240 DB:7E P:nvmxdIzC V:165 H:298
C02799 $10 $09         BPL $C027A4                     A:FFFF X:0006 Y:0006 S:04EF D:0240 DB:7E P:NvmxdIzC V:165 H:307
C0279B $AF $F8 $7F $7E LDA $7E7FF8                     A:FFFF X:0006 Y:0006 S:04EF D:0240 DB:7E P:NvmxdIzC V:165 H:310
C0279F $29 $00 $10     AND #$1000                      A:0000 X:0006 Y:0006 S:04EF D:0240 DB:7E P:nvmxdIZC V:165 H:320
C027A2 $D0 $08         BNE $C027AC                     A:0000 X:0006 Y:0006 S:04EF D:0240 DB:7E P:nvmxdIZC V:165 H:324
C027A4 $AF $DE $7F $7E LDA $7E7FDE                     A:0000 X:0006 Y:0006 S:04EF D:0240 DB:7E P:nvmxdIZC V:165 H:327
C027A8 $F0 $A8         BEQ $C02752                     A:0001 X:0006 Y:0006 S:04EF D:0240 DB:7E P:nvmxdIzC V:165 H:336
C027AA $80 $E9         BRA $C02795                     A:0001 X:0006 Y:0006 S:04EF D:0240 DB:7E P:nvmxdIzC V:165 H:339
C02795 $AF $FE $FF $C1 LDA $C1FFFE                     A:0001 X:0006 Y:0006 S:04EF D:0240 DB:7E P:nvmxdIzC V:166 H:4  
C02799 $10 $09         BPL $C027A4                     A:FFFF X:0006 Y:0006 S:04EF D:0240 DB:7E P:NvmxdIzC V:166 H:13 
C0279B $AF $F8 $7F $7E LDA $7E7FF8                     A:FFFF X:0006 Y:0006 S:04EF D:0240 DB:7E P:NvmxdIzC V:166 H:16 
C0279F $29 $00 $10     AND #$1000                      A:0000 X:0006 Y:0006 S:04EF D:0240 DB:7E P:nvmxdIZC V:166 H:26 
C027A2 $D0 $08         BNE $C027AC                     A:0000 X:0006 Y:0006 S:04EF D:0240 DB:7E P:nvmxdIZC V:166 H:30 
C027A4 $AF $DE $7F $7E LDA $7E7FDE                     A:0000 X:0006 Y:0006 S:04EF D:0240 DB:7E P:nvmxdIZC V:166 H:33 
C027A8 $F0 $A8         BEQ $C02752                     A:0001 X:0006 Y:0006 S:04EF D:0240 DB:7E P:nvmxdIzC V:166 H:43 
C027AA $80 $E9         BRA $C02795                     A:0001 X:0006 Y:0006 S:04EF D:0240 DB:7E P:nvmxdIzC V:166 H:46 
C02795 $AF $FE $FF $C1 LDA $C1FFFE                     A:0001 X:0006 Y:0006 S:04EF D:0240 DB:7E P:nvmxdIzC V:166 H:51 
C02799 $10 $09         BPL $C027A4                     A:FFFF X:0006 Y:0006 S:04EF D:0240 DB:7E P:NvmxdIzC V:166 H:60 
C0279B $AF $F8 $7F $7E LDA $7E7FF8                     A:FFFF X:0006 Y:0006 S:04EF D:0240 DB:7E P:NvmxdIzC V:166 H:63 
C0279F $29 $00 $10     AND #$1000                      A:0000 X:0006 Y:0006 S:04EF D:0240 DB:7E P:nvmxdIZC V:166 H:73 
C027A2 $D0 $08         BNE $C027AC                     A:0000 X:0006 Y:0006 S:04EF D:0240 DB:7E P:nvmxdIZC V:166 H:77 
C027A4 $AF $DE $7F $7E LDA $7E7FDE                     A:0000 X:0006 Y:0006 S:04EF D:0240 DB:7E P:nvmxdIZC V:166 H:80 
C027A8 $F0 $A8         BEQ $C02752                     A:0001 X:0006 Y:0006 S:04EF D:0240 DB:7E P:nvmxdIzC V:166 H:90 
C027AA $80 $E9         BRA $C02795                     A:0001 X:0006 Y:0006 S:04EF D:0240 DB:7E P:nvmxdIzC V:166 H:93 
C02795 $AF $FE $FF $C1 LDA $C1FFFE                     A:0001 X:0006 Y:0006 S:04EF D:0240 DB:7E P:nvmxdIzC V:166 H:98 
C02799 $10 $09         BPL $C027A4                     A:FFFF X:0006 Y:0006 S:04EF D:0240 DB:7E P:NvmxdIzC V:166 H:107
C0279B $AF $F8 $7F $7E LDA $7E7FF8                     A:FFFF X:0006 Y:0006 S:04EF D:0240 DB:7E P:NvmxdIzC V:166 H:110
C0279F $29 $00 $10     AND #$1000                      A:0000 X:0006 Y:0006 S:04EF D:0240 DB:7E P:nvmxdIZC V:166 H:120
C027A2 $D0 $08         BNE $C027AC                     A:0000 X:0006 Y:0006 S:04EF D:0240 DB:7E P:nvmxdIZC V:166 H:124
C027A4 $AF $DE $7F $7E LDA $7E7FDE                     A:0000 X:0006 Y:0006 S:04EF D:0240 DB:7E P:nvmxdIZC V:166 H:127
C027A8 $F0 $A8         BEQ $C02752                     A:0001 X:0006 Y:0006 S:04EF D:0240 DB:7E P:nvmxdIzC V:166 H:147
C027AA $80 $E9         BRA $C02795                     A:0001 X:0006 Y:0006 S:04EF D:0240 DB:7E P:nvmxdIzC V:166 H:150
C02795 $AF $FE $FF $C1 LDA $C1FFFE                     A:0001 X:0006 Y:0006 S:04EF D:0240 DB:7E P:nvmxdIzC V:166 H:155
C02799 $10 $09         BPL $C027A4                     A:FFFF X:0006 Y:0006 S:04EF D:0240 DB:7E P:NvmxdIzC V:166 H:164
C0279B $AF $F8 $7F $7E LDA $7E7FF8                     A:FFFF X:0006 Y:0006 S:04EF D:0240 DB:7E P:NvmxdIzC V:166 H:167
C0279F $29 $00 $10     AND #$1000                      A:0000 X:0006 Y:0006 S:04EF D:0240 DB:7E P:nvmxdIZC V:166 H:177
C027A2 $D0 $08         BNE $C027AC                     A:0000 X:0006 Y:0006 S:04EF D:0240 DB:7E P:nvmxdIZC V:166 H:181
C027A4 $AF $DE $7F $7E LDA $7E7FDE                     A:0000 X:0006 Y:0006 S:04EF D:0240 DB:7E P:nvmxdIZC V:166 H:184
C027A8 $F0 $A8         BEQ $C02752                     A:0001 X:0006 Y:0006 S:04EF D:0240 DB:7E P:nvmxdIzC V:166 H:194
C027AA $80 $E9         BRA $C02795                     A:0001 X:0006 Y:0006 S:04EF D:0240 DB:7E P:nvmxdIzC V:166 H:197
C02795 $AF $FE $FF $C1 LDA $C1FFFE                     A:0001 X:0006 Y:0006 S:04EF D:0240 DB:7E P:nvmxdIzC V:166 H:202
C02799 $10 $09         BPL $C027A4                     A:FFFF X:0006 Y:0006 S:04EF D:0240 DB:7E P:NvmxdIzC V:166 H:211
C0279B $AF $F8 $7F $7E LDA $7E7FF8                     A:FFFF X:0006 Y:0006 S:04EF D:0240 DB:7E P:NvmxdIzC V:166 H:214
C0279F $29 $00 $10     AND #$1000                      A:0000 X:0006 Y:0006 S:04EF D:0240 DB:7E P:nvmxdIZC V:166 H:224
C027A2 $D0 $08         BNE $C027AC                     A:0000 X:0006 Y:0006 S:04EF D:0240 DB:7E P:nvmxdIZC V:166 H:228
C027A4 $AF $DE $7F $7E LDA $7E7FDE                     A:0000 X:0006 Y:0006 S:04EF D:0240 DB:7E P:nvmxdIZC V:166 H:231
C027A8 $F0 $A8         BEQ $C02752                     A:0001 X:0006 Y:0006 S:04EF D:0240 DB:7E P:nvmxdIzC V:166 H:241
C027AA $80 $E9         BRA $C02795                     A:0001 X:0006 Y:0006 S:04EF D:0240 DB:7E P:nvmxdIzC V:166 H:244
C02795 $AF $FE $FF $C1 LDA $C1FFFE                     A:0001 X:0006 Y:0006 S:04EF D:0240 DB:7E P:nvmxdIzC V:166 H:249
C02799 $10 $09         BPL $C027A4                     A:FFFF X:0006 Y:0006 S:04EF D:0240 DB:7E P:NvmxdIzC V:166 H:258
C0279B $AF $F8 $7F $7E LDA $7E7FF8                     A:FFFF X:0006 Y:0006 S:04EF D:0240 DB:7E P:NvmxdIzC V:166 H:261
C0279F $29 $00 $10     AND #$1000                      A:0000 X:0006 Y:0006 S:04EF D:0240 DB:7E P:nvmxdIZC V:166 H:271
C027A2 $D0 $08         BNE $C027AC                     A:0000 X:0006 Y:0006 S:04EF D:0240 DB:7E P:nvmxdIZC V:166 H:275
C027A4 $AF $DE $7F $7E LDA $7E7FDE                     A:0000 X:0006 Y:0006 S:04EF D:0240 DB:7E P:nvmxdIZC V:166 H:293
C027A8 $F0 $A8         BEQ $C02752                     A:0001 X:0006 Y:0006 S:04EF D:0240 DB:7E P:nvmxdIzC V:166 H:303
C027AA $80 $E9         BRA $C02795                     A:0001 X:0006 Y:0006 S:04EF D:0240 DB:7E P:nvmxdIzC V:166 H:306
C02795 $AF $FE $FF $C1 LDA $C1FFFE                     A:0001 X:0006 Y:0006 S:04EF D:0240 DB:7E P:nvmxdIzC V:166 H:311
C02799 $10 $09         BPL $C027A4                     A:FFFF X:0006 Y:0006 S:04EF D:0240 DB:7E P:NvmxdIzC V:166 H:320
C0279B $AF $F8 $7F $7E LDA $7E7FF8                     A:FFFF X:0006 Y:0006 S:04EF D:0240 DB:7E P:NvmxdIzC V:166 H:323
C0279F $29 $00 $10     AND #$1000                      A:0000 X:0006 Y:0006 S:04EF D:0240 DB:7E P:nvmxdIZC V:166 H:332
C027A2 $D0 $08         BNE $C027AC                     A:0000 X:0006 Y:0006 S:04EF D:0240 DB:7E P:nvmxdIZC V:166 H:336
C027A4 $AF $DE $7F $7E LDA $7E7FDE                     A:0000 X:0006 Y:0006 S:04EF D:0240 DB:7E P:nvmxdIZC V:166 H:339
C027A8 $F0 $A8         BEQ $C02752                     A:0001 X:0006 Y:0006 S:04EF D:0240 DB:7E P:nvmxdIzC V:167 H:9  
C027AA $80 $E9         BRA $C02795                     A:0001 X:0006 Y:0006 S:04EF D:0240 DB:7E P:nvmxdIzC V:167 H:12 
C02795 $AF $FE $FF $C1 LDA $C1FFFE                     A:0001 X:0006 Y:0006 S:04EF D:0240 DB:7E P:nvmxdIzC V:167 H:17 
C02799 $10 $09         BPL $C027A4                     A:FFFF X:0006 Y:0006 S:04EF D:0240 DB:7E P:NvmxdIzC V:167 H:26 
C0279B $AF $F8 $7F $7E LDA $7E7FF8                     A:FFFF X:0006 Y:0006 S:04EF D:0240 DB:7E P:NvmxdIzC V:167 H:29 
C0279F $29 $00 $10     AND #$1000                      A:0000 X:0006 Y:0006 S:04EF D:0240 DB:7E P:nvmxdIZC V:167 H:39 
C027A2 $D0 $08         BNE $C027AC                     A:0000 X:0006 Y:0006 S:04EF D:0240 DB:7E P:nvmxdIZC V:167 H:43 
C027A4 $AF $DE $7F $7E LDA $7E7FDE                     A:0000 X:0006 Y:0006 S:04EF D:0240 DB:7E P:nvmxdIZC V:167 H:46 
C027A8 $F0 $A8         BEQ $C02752                     A:0001 X:0006 Y:0006 S:04EF D:0240 DB:7E P:nvmxdIzC V:167 H:56 
C027AA $80 $E9         BRA $C02795                     A:0001 X:0006 Y:0006 S:04EF D:0240 DB:7E P:nvmxdIzC V:167 H:59 
C02795 $AF $FE $FF $C1 LDA $C1FFFE                     A:0001 X:0006 Y:0006 S:04EF D:0240 DB:7E P:nvmxdIzC V:167 H:64 
C02799 $10 $09         BPL $C027A4                     A:FFFF X:0006 Y:0006 S:04EF D:0240 DB:7E P:NvmxdIzC V:167 H:73 
C0279B $AF $F8 $7F $7E LDA $7E7FF8                     A:FFFF X:0006 Y:0006 S:04EF D:0240 DB:7E P:NvmxdIzC V:167 H:76 
C0279F $29 $00 $10     AND #$1000                      A:0000 X:0006 Y:0006 S:04EF D:0240 DB:7E P:nvmxdIZC V:167 H:86 
C027A2 $D0 $08         BNE $C027AC                     A:0000 X:0006 Y:0006 S:04EF D:0240 DB:7E P:nvmxdIZC V:167 H:90 
C027A4 $AF $DE $7F $7E LDA $7E7FDE                     A:0000 X:0006 Y:0006 S:04EF D:0240 DB:7E P:nvmxdIZC V:167 H:93 
C027A8 $F0 $A8         BEQ $C02752                     A:0001 X:0006 Y:0006 S:04EF D:0240 DB:7E P:nvmxdIzC V:167 H:103
C027AA $80 $E9         BRA $C02795                     A:0001 X:0006 Y:0006 S:04EF D:0240 DB:7E P:nvmxdIzC V:167 H:106
C02795 $AF $FE $FF $C1 LDA $C1FFFE                     A:0001 X:0006 Y:0006 S:04EF D:0240 DB:7E P:nvmxdIzC V:167 H:111
C02799 $10 $09         BPL $C027A4                     A:FFFF X:0006 Y:0006 S:04EF D:0240 DB:7E P:NvmxdIzC V:167 H:120
C0279B $AF $F8 $7F $7E LDA $7E7FF8                     A:FFFF X:0006 Y:0006 S:04EF D:0240 DB:7E P:NvmxdIzC V:167 H:123
C0279F $29 $00 $10     AND #$1000                      A:0000 X:0006 Y:0006 S:04EF D:0240 DB:7E P:nvmxdIZC V:167 H:133
C027A2 $D0 $08         BNE $C027AC                     A:0000 X:0006 Y:0006 S:04EF D:0240 DB:7E P:nvmxdIZC V:167 H:147
C027A4 $AF $DE $7F $7E LDA $7E7FDE                     A:0000 X:0006 Y:0006 S:04EF D:0240 DB:7E P:nvmxdIZC V:167 H:150
C027A8 $F0 $A8         BEQ $C02752                     A:0001 X:0006 Y:0006 S:04EF D:0240 DB:7E P:nvmxdIzC V:167 H:160
C027AA $80 $E9         BRA $C02795                     A:0001 X:0006 Y:0006 S:04EF D:0240 DB:7E P:nvmxdIzC V:167 H:163
C02795 $AF $FE $FF $C1 LDA $C1FFFE                     A:0001 X:0006 Y:0006 S:04EF D:0240 DB:7E P:nvmxdIzC V:167 H:168
C02799 $10 $09         BPL $C027A4                     A:FFFF X:0006 Y:0006 S:04EF D:0240 DB:7E P:NvmxdIzC V:167 H:177
C0279B $AF $F8 $7F $7E LDA $7E7FF8                     A:FFFF X:0006 Y:0006 S:04EF D:0240 DB:7E P:NvmxdIzC V:167 H:180
C0279F $29 $00 $10     AND #$1000                      A:0000 X:0006 Y:0006 S:04EF D:0240 DB:7E P:nvmxdIZC V:167 H:190
C027A2 $D0 $08         BNE $C027AC                     A:0000 X:0006 Y:0006 S:04EF D:0240 DB:7E P:nvmxdIZC V:167 H:194
C027A4 $AF $DE $7F $7E LDA $7E7FDE                     A:0000 X:0006 Y:0006 S:04EF D:0240 DB:7E P:nvmxdIZC V:167 H:197
C027A8 $F0 $A8         BEQ $C02752                     A:0001 X:0006 Y:0006 S:04EF D:0240 DB:7E P:nvmxdIzC V:167 H:207
C027AA $80 $E9         BRA $C02795                     A:0001 X:0006 Y:0006 S:04EF D:0240 DB:7E P:nvmxdIzC V:167 H:210
C02795 $AF $FE $FF $C1 LDA $C1FFFE                     A:0001 X:0006 Y:0006 S:04EF D:0240 DB:7E P:nvmxdIzC V:167 H:215
C02799 $10 $09         BPL $C027A4                     A:FFFF X:0006 Y:0006 S:04EF D:0240 DB:7E P:NvmxdIzC V:167 H:224
C0279B $AF $F8 $7F $7E LDA $7E7FF8                     A:FFFF X:0006 Y:0006 S:04EF D:0240 DB:7E P:NvmxdIzC V:167 H:227
C0279F $29 $00 $10     AND #$1000                      A:0000 X:0006 Y:0006 S:04EF D:0240 DB:7E P:nvmxdIZC V:167 H:237
C027A2 $D0 $08         BNE $C027AC                     A:0000 X:0006 Y:0006 S:04EF D:0240 DB:7E P:nvmxdIZC V:167 H:241
C027A4 $AF $DE $7F $7E LDA $7E7FDE                     A:0000 X:0006 Y:0006 S:04EF D:0240 DB:7E P:nvmxdIZC V:167 H:244
C027A8 $F0 $A8         BEQ $C02752                     A:0001 X:0006 Y:0006 S:04EF D:0240 DB:7E P:nvmxdIzC V:167 H:254
C027AA $80 $E9         BRA $C02795                     A:0001 X:0006 Y:0006 S:04EF D:0240 DB:7E P:nvmxdIzC V:167 H:257
C02795 $AF $FE $FF $C1 LDA $C1FFFE                     A:0001 X:0006 Y:0006 S:04EF D:0240 DB:7E P:nvmxdIzC V:167 H:262
C02799 $10 $09         BPL $C027A4                     A:FFFF X:0006 Y:0006 S:04EF D:0240 DB:7E P:NvmxdIzC V:167 H:271
C0279B $AF $F8 $7F $7E LDA $7E7FF8                     A:FFFF X:0006 Y:0006 S:04EF D:0240 DB:7E P:NvmxdIzC V:167 H:274
C0279F $29 $00 $10     AND #$1000                      A:0000 X:0006 Y:0006 S:04EF D:0240 DB:7E P:nvmxdIZC V:167 H:324
C027A2 $D0 $08         BNE $C027AC                     A:0000 X:0006 Y:0006 S:04EF D:0240 DB:7E P:nvmxdIZC V:167 H:328
C027A4 $AF $DE $7F $7E LDA $7E7FDE                     A:0000 X:0006 Y:0006 S:04EF D:0240 DB:7E P:nvmxdIZC V:167 H:331
C027A8 $F0 $A8         BEQ $C02752                     A:0001 X:0006 Y:0006 S:04EF D:0240 DB:7E P:nvmxdIzC V:168 H:1  
C027AA $80 $E9         BRA $C02795                     A:0001 X:0006 Y:0006 S:04EF D:0240 DB:7E P:nvmxdIzC V:168 H:4  
C02795 $AF $FE $FF $C1 LDA $C1FFFE                     A:0001 X:0006 Y:0006 S:04EF D:0240 DB:7E P:nvmxdIzC V:168 H:8  
C02799 $10 $09         BPL $C027A4                     A:FFFF X:0006 Y:0006 S:04EF D:0240 DB:7E P:NvmxdIzC V:168 H:17 
C0279B $AF $F8 $7F $7E LDA $7E7FF8                     A:FFFF X:0006 Y:0006 S:04EF D:0240 DB:7E P:NvmxdIzC V:168 H:20 
C0279F $29 $00 $10     AND #$1000                      A:0000 X:0006 Y:0006 S:04EF D:0240 DB:7E P:nvmxdIZC V:168 H:30 
C027A2 $D0 $08         BNE $C027AC                     A:0000 X:0006 Y:0006 S:04EF D:0240 DB:7E P:nvmxdIZC V:168 H:35 
C027A4 $AF $DE $7F $7E LDA $7E7FDE                     A:0000 X:0006 Y:0006 S:04EF D:0240 DB:7E P:nvmxdIZC V:168 H:38 
C027A8 $F0 $A8         BEQ $C02752                     A:0001 X:0006 Y:0006 S:04EF D:0240 DB:7E P:nvmxdIzC V:168 H:48 
C027AA $80 $E9         BRA $C02795                     A:0001 X:0006 Y:0006 S:04EF D:0240 DB:7E P:nvmxdIzC V:168 H:51 
C02795 $AF $FE $FF $C1 LDA $C1FFFE                     A:0001 X:0006 Y:0006 S:04EF D:0240 DB:7E P:nvmxdIzC V:168 H:55 
C02799 $10 $09         BPL $C027A4                     A:FFFF X:0006 Y:0006 S:04EF D:0240 DB:7E P:NvmxdIzC V:168 H:64 
C0279B $AF $F8 $7F $7E LDA $7E7FF8                     A:FFFF X:0006 Y:0006 S:04EF D:0240 DB:7E P:NvmxdIzC V:168 H:67 
C0279F $29 $00 $10     AND #$1000                      A:0000 X:0006 Y:0006 S:04EF D:0240 DB:7E P:nvmxdIZC V:168 H:77 
C027A2 $D0 $08         BNE $C027AC                     A:0000 X:0006 Y:0006 S:04EF D:0240 DB:7E P:nvmxdIZC V:168 H:82 
C027A4 $AF $DE $7F $7E LDA $7E7FDE                     A:0000 X:0006 Y:0006 S:04EF D:0240 DB:7E P:nvmxdIZC V:168 H:85 
C027A8 $F0 $A8         BEQ $C02752                     A:0001 X:0006 Y:0006 S:04EF D:0240 DB:7E P:nvmxdIzC V:168 H:95 
C027AA $80 $E9         BRA $C02795                     A:0001 X:0006 Y:0006 S:04EF D:0240 DB:7E P:nvmxdIzC V:168 H:98 
C02795 $AF $FE $FF $C1 LDA $C1FFFE                     A:0001 X:0006 Y:0006 S:04EF D:0240 DB:7E P:nvmxdIzC V:168 H:102
C02799 $10 $09         BPL $C027A4                     A:FFFF X:0006 Y:0006 S:04EF D:0240 DB:7E P:NvmxdIzC V:168 H:111
C0279B $AF $F8 $7F $7E LDA $7E7FF8                     A:FFFF X:0006 Y:0006 S:04EF D:0240 DB:7E P:NvmxdIzC V:168 H:114
C0279F $29 $00 $10     AND #$1000                      A:0000 X:0006 Y:0006 S:04EF D:0240 DB:7E P:nvmxdIZC V:168 H:124
C027A2 $D0 $08         BNE $C027AC                     A:0000 X:0006 Y:0006 S:04EF D:0240 DB:7E P:nvmxdIZC V:168 H:129
C027A4 $AF $DE $7F $7E LDA $7E7FDE                     A:0000 X:0006 Y:0006 S:04EF D:0240 DB:7E P:nvmxdIZC V:168 H:132
C027A8 $F0 $A8         BEQ $C02752                     A:0001 X:0006 Y:0006 S:04EF D:0240 DB:7E P:nvmxdIzC V:168 H:152
C027AA $80 $E9         BRA $C02795                     A:0001 X:0006 Y:0006 S:04EF D:0240 DB:7E P:nvmxdIzC V:168 H:155
C02795 $AF $FE $FF $C1 LDA $C1FFFE                     A:0001 X:0006 Y:0006 S:04EF D:0240 DB:7E P:nvmxdIzC V:168 H:159
C02799 $10 $09         BPL $C027A4                     A:FFFF X:0006 Y:0006 S:04EF D:0240 DB:7E P:NvmxdIzC V:168 H:168
C0279B $AF $F8 $7F $7E LDA $7E7FF8                     A:FFFF X:0006 Y:0006 S:04EF D:0240 DB:7E P:NvmxdIzC V:168 H:171
C0279F $29 $00 $10     AND #$1000                      A:0000 X:0006 Y:0006 S:04EF D:0240 DB:7E P:nvmxdIZC V:168 H:181
C027A2 $D0 $08         BNE $C027AC                     A:0000 X:0006 Y:0006 S:04EF D:0240 DB:7E P:nvmxdIZC V:168 H:186
C027A4 $AF $DE $7F $7E LDA $7E7FDE                     A:0000 X:0006 Y:0006 S:04EF D:0240 DB:7E P:nvmxdIZC V:168 H:189
C027A8 $F0 $A8         BEQ $C02752                     A:0001 X:0006 Y:0006 S:04EF D:0240 DB:7E P:nvmxdIzC V:168 H:199
C027AA $80 $E9         BRA $C02795                     A:0001 X:0006 Y:0006 S:04EF D:0240 DB:7E P:nvmxdIzC V:168 H:202
C02795 $AF $FE $FF $C1 LDA $C1FFFE                     A:0001 X:0006 Y:0006 S:04EF D:0240 DB:7E P:nvmxdIzC V:168 H:206
C02799 $10 $09         BPL $C027A4                     A:FFFF X:0006 Y:0006 S:04EF D:0240 DB:7E P:NvmxdIzC V:168 H:215
C0279B $AF $F8 $7F $7E LDA $7E7FF8                     A:FFFF X:0006 Y:0006 S:04EF D:0240 DB:7E P:NvmxdIzC V:168 H:218
C0279F $29 $00 $10     AND #$1000                      A:0000 X:0006 Y:0006 S:04EF D:0240 DB:7E P:nvmxdIZC V:168 H:228
C027A2 $D0 $08         BNE $C027AC                     A:0000 X:0006 Y:0006 S:04EF D:0240 DB:7E P:nvmxdIZC V:168 H:233
C027A4 $AF $DE $7F $7E LDA $7E7FDE                     A:0000 X:0006 Y:0006 S:04EF D:0240 DB:7E P:nvmxdIZC V:168 H:236
C027A8 $F0 $A8         BEQ $C02752                     A:0001 X:0006 Y:0006 S:04EF D:0240 DB:7E P:nvmxdIzC V:168 H:246
C027AA $80 $E9         BRA $C02795                     A:0001 X:0006 Y:0006 S:04EF D:0240 DB:7E P:nvmxdIzC V:168 H:249
C02795 $AF $FE $FF $C1 LDA $C1FFFE                     A:0001 X:0006 Y:0006 S:04EF D:0240 DB:7E P:nvmxdIzC V:168 H:253
C02799 $10 $09         BPL $C027A4                     A:FFFF X:0006 Y:0006 S:04EF D:0240 DB:7E P:NvmxdIzC V:168 H:262
C0279B $AF $F8 $7F $7E LDA $7E7FF8                     A:FFFF X:0006 Y:0006 S:04EF D:0240 DB:7E P:NvmxdIzC V:168 H:265
C0279F $29 $00 $10     AND #$1000                      A:0000 X:0006 Y:0006 S:04EF D:0240 DB:7E P:nvmxdIZC V:168 H:275
C027A2 $D0 $08         BNE $C027AC                     A:0000 X:0006 Y:0006 S:04EF D:0240 DB:7E P:nvmxdIZC V:168 H:322
C027A4 $AF $DE $7F $7E LDA $7E7FDE                     A:0000 X:0006 Y:0006 S:04EF D:0240 DB:7E P:nvmxdIZC V:168 H:324
C027A8 $F0 $A8         BEQ $C02752                     A:0001 X:0006 Y:0006 S:04EF D:0240 DB:7E P:nvmxdIzC V:168 H:334
C027AA $80 $E9         BRA $C02795                     A:0001 X:0006 Y:0006 S:04EF D:0240 DB:7E P:nvmxdIzC V:168 H:337
C02795 $AF $FE $FF $C1 LDA $C1FFFE                     A:0001 X:0006 Y:0006 S:04EF D:0240 DB:7E P:nvmxdIzC V:169 H:1  
C02799 $10 $09         BPL $C027A4                     A:FFFF X:0006 Y:0006 S:04EF D:0240 DB:7E P:NvmxdIzC V:169 H:10 
C0279B $AF $F8 $7F $7E LDA $7E7FF8                     A:FFFF X:0006 Y:0006 S:04EF D:0240 DB:7E P:NvmxdIzC V:169 H:13 
C0279F $29 $00 $10     AND #$1000                      A:0000 X:0006 Y:0006 S:04EF D:0240 DB:7E P:nvmxdIZC V:169 H:23 
C027A2 $D0 $08         BNE $C027AC                     A:0000 X:0006 Y:0006 S:04EF D:0240 DB:7E P:nvmxdIZC V:169 H:28 
C027A4 $AF $DE $7F $7E LDA $7E7FDE                     A:0000 X:0006 Y:0006 S:04EF D:0240 DB:7E P:nvmxdIZC V:169 H:31 
C027A8 $F0 $A8         BEQ $C02752                     A:0001 X:0006 Y:0006 S:04EF D:0240 DB:7E P:nvmxdIzC V:169 H:41 
C027AA $80 $E9         BRA $C02795                     A:0001 X:0006 Y:0006 S:04EF D:0240 DB:7E P:nvmxdIzC V:169 H:44 
C02795 $AF $FE $FF $C1 LDA $C1FFFE                     A:0001 X:0006 Y:0006 S:04EF D:0240 DB:7E P:nvmxdIzC V:169 H:48 
C02799 $10 $09         BPL $C027A4                     A:FFFF X:0006 Y:0006 S:04EF D:0240 DB:7E P:NvmxdIzC V:169 H:57 
C0279B $AF $F8 $7F $7E LDA $7E7FF8                     A:FFFF X:0006 Y:0006 S:04EF D:0240 DB:7E P:NvmxdIzC V:169 H:60 
C0279F $29 $00 $10     AND #$1000                      A:0000 X:0006 Y:0006 S:04EF D:0240 DB:7E P:nvmxdIZC V:169 H:70 
C027A2 $D0 $08         BNE $C027AC                     A:0000 X:0006 Y:0006 S:04EF D:0240 DB:7E P:nvmxdIZC V:169 H:75 
C027A4 $AF $DE $7F $7E LDA $7E7FDE                     A:0000 X:0006 Y:0006 S:04EF D:0240 DB:7E P:nvmxdIZC V:169 H:78 
C027A8 $F0 $A8         BEQ $C02752                     A:0001 X:0006 Y:0006 S:04EF D:0240 DB:7E P:nvmxdIzC V:169 H:88 
C027AA $80 $E9         BRA $C02795                     A:0001 X:0006 Y:0006 S:04EF D:0240 DB:7E P:nvmxdIzC V:169 H:91 
C02795 $AF $FE $FF $C1 LDA $C1FFFE                     A:0001 X:0006 Y:0006 S:04EF D:0240 DB:7E P:nvmxdIzC V:169 H:95 
C02799 $10 $09         BPL $C027A4                     A:FFFF X:0006 Y:0006 S:04EF D:0240 DB:7E P:NvmxdIzC V:169 H:104
C0279B $AF $F8 $7F $7E LDA $7E7FF8                     A:FFFF X:0006 Y:0006 S:04EF D:0240 DB:7E P:NvmxdIzC V:169 H:107
C0279F $29 $00 $10     AND #$1000                      A:0000 X:0006 Y:0006 S:04EF D:0240 DB:7E P:nvmxdIZC V:169 H:117
C027A2 $D0 $08         BNE $C027AC                     A:0000 X:0006 Y:0006 S:04EF D:0240 DB:7E P:nvmxdIZC V:169 H:122
C027A4 $AF $DE $7F $7E LDA $7E7FDE                     A:0000 X:0006 Y:0006 S:04EF D:0240 DB:7E P:nvmxdIZC V:169 H:125
C027A8 $F0 $A8         BEQ $C02752                     A:0001 X:0006 Y:0006 S:04EF D:0240 DB:7E P:nvmxdIzC V:169 H:145
C027AA $80 $E9         BRA $C02795                     A:0001 X:0006 Y:0006 S:04EF D:0240 DB:7E P:nvmxdIzC V:169 H:148
C02795 $AF $FE $FF $C1 LDA $C1FFFE                     A:0001 X:0006 Y:0006 S:04EF D:0240 DB:7E P:nvmxdIzC V:169 H:152
C02799 $10 $09         BPL $C027A4                     A:FFFF X:0006 Y:0006 S:04EF D:0240 DB:7E P:NvmxdIzC V:169 H:161
C0279B $AF $F8 $7F $7E LDA $7E7FF8                     A:FFFF X:0006 Y:0006 S:04EF D:0240 DB:7E P:NvmxdIzC V:169 H:164
C0279F $29 $00 $10     AND #$1000                      A:0000 X:0006 Y:0006 S:04EF D:0240 DB:7E P:nvmxdIZC V:169 H:174
C027A2 $D0 $08         BNE $C027AC                     A:0000 X:0006 Y:0006 S:04EF D:0240 DB:7E P:nvmxdIZC V:169 H:179
C027A4 $AF $DE $7F $7E LDA $7E7FDE                     A:0000 X:0006 Y:0006 S:04EF D:0240 DB:7E P:nvmxdIZC V:169 H:182
C027A8 $F0 $A8         BEQ $C02752                     A:0001 X:0006 Y:0006 S:04EF D:0240 DB:7E P:nvmxdIzC V:169 H:192
C027AA $80 $E9         BRA $C02795                     A:0001 X:0006 Y:0006 S:04EF D:0240 DB:7E P:nvmxdIzC V:169 H:195
C02795 $AF $FE $FF $C1 LDA $C1FFFE                     A:0001 X:0006 Y:0006 S:04EF D:0240 DB:7E P:nvmxdIzC V:169 H:199
C02799 $10 $09         BPL $C027A4                     A:FFFF X:0006 Y:0006 S:04EF D:0240 DB:7E P:NvmxdIzC V:169 H:208
C0279B $AF $F8 $7F $7E LDA $7E7FF8                     A:FFFF X:0006 Y:0006 S:04EF D:0240 DB:7E P:NvmxdIzC V:169 H:211
C0279F $29 $00 $10     AND #$1000                      A:0000 X:0006 Y:0006 S:04EF D:0240 DB:7E P:nvmxdIZC V:169 H:221
C027A2 $D0 $08         BNE $C027AC                     A:0000 X:0006 Y:0006 S:04EF D:0240 DB:7E P:nvmxdIZC V:169 H:226
C027A4 $AF $DE $7F $7E LDA $7E7FDE                     A:0000 X:0006 Y:0006 S:04EF D:0240 DB:7E P:nvmxdIZC V:169 H:229
C027A8 $F0 $A8         BEQ $C02752                     A:0001 X:0006 Y:0006 S:04EF D:0240 DB:7E P:nvmxdIzC V:169 H:239
C027AA $80 $E9         BRA $C02795                     A:0001 X:0006 Y:0006 S:04EF D:0240 DB:7E P:nvmxdIzC V:169 H:242
C02795 $AF $FE $FF $C1 LDA $C1FFFE                     A:0001 X:0006 Y:0006 S:04EF D:0240 DB:7E P:nvmxdIzC V:169 H:246
C02799 $10 $09         BPL $C027A4                     A:FFFF X:0006 Y:0006 S:04EF D:0240 DB:7E P:NvmxdIzC V:169 H:255
C0279B $AF $F8 $7F $7E LDA $7E7FF8                     A:FFFF X:0006 Y:0006 S:04EF D:0240 DB:7E P:NvmxdIzC V:169 H:258
C0279F $29 $00 $10     AND #$1000                      A:0000 X:0006 Y:0006 S:04EF D:0240 DB:7E P:nvmxdIZC V:169 H:268
C027A2 $D0 $08         BNE $C027AC                     A:0000 X:0006 Y:0006 S:04EF D:0240 DB:7E P:nvmxdIZC V:169 H:273
C027A4 $AF $DE $7F $7E LDA $7E7FDE                     A:0000 X:0006 Y:0006 S:04EF D:0240 DB:7E P:nvmxdIZC V:169 H:276
C027A8 $F0 $A8         BEQ $C02752                     A:0001 X:0006 Y:0006 S:04EF D:0240 DB:7E P:nvmxdIzC V:169 H:302
C027AA $80 $E9         BRA $C02795                     A:0001 X:0006 Y:0006 S:04EF D:0240 DB:7E P:nvmxdIzC V:169 H:305
C02795 $AF $FE $FF $C1 LDA $C1FFFE                     A:0001 X:0006 Y:0006 S:04EF D:0240 DB:7E P:nvmxdIzC V:169 H:310
C02799 $10 $09         BPL $C027A4                     A:FFFF X:0006 Y:0006 S:04EF D:0240 DB:7E P:NvmxdIzC V:169 H:319
C0279B $AF $F8 $7F $7E LDA $7E7FF8                     A:FFFF X:0006 Y:0006 S:04EF D:0240 DB:7E P:NvmxdIzC V:169 H:322
C0279F $29 $00 $10     AND #$1000                      A:0000 X:0006 Y:0006 S:04EF D:0240 DB:7E P:nvmxdIZC V:169 H:331
C027A2 $D0 $08         BNE $C027AC                     A:0000 X:0006 Y:0006 S:04EF D:0240 DB:7E P:nvmxdIZC V:169 H:335
C027A4 $AF $DE $7F $7E LDA $7E7FDE                     A:0000 X:0006 Y:0006 S:04EF D:0240 DB:7E P:nvmxdIZC V:169 H:338
C027A8 $F0 $A8         BEQ $C02752                     A:0001 X:0006 Y:0006 S:04EF D:0240 DB:7E P:nvmxdIzC V:170 H:8  
C027AA $80 $E9         BRA $C02795                     A:0001 X:0006 Y:0006 S:04EF D:0240 DB:7E P:nvmxdIzC V:170 H:11 
C02795 $AF $FE $FF $C1 LDA $C1FFFE                     A:0001 X:0006 Y:0006 S:04EF D:0240 DB:7E P:nvmxdIzC V:170 H:16 
C02799 $10 $09         BPL $C027A4                     A:FFFF X:0006 Y:0006 S:04EF D:0240 DB:7E P:NvmxdIzC V:170 H:25 
C0279B $AF $F8 $7F $7E LDA $7E7FF8                     A:FFFF X:0006 Y:0006 S:04EF D:0240 DB:7E P:NvmxdIzC V:170 H:28 
C0279F $29 $00 $10     AND #$1000                      A:0000 X:0006 Y:0006 S:04EF D:0240 DB:7E P:nvmxdIZC V:170 H:38 
C027A2 $D0 $08         BNE $C027AC                     A:0000 X:0006 Y:0006 S:04EF D:0240 DB:7E P:nvmxdIZC V:170 H:42 
C027A4 $AF $DE $7F $7E LDA $7E7FDE                     A:0000 X:0006 Y:0006 S:04EF D:0240 DB:7E P:nvmxdIZC V:170 H:45 
C027A8 $F0 $A8         BEQ $C02752                     A:0001 X:0006 Y:0006 S:04EF D:0240 DB:7E P:nvmxdIzC V:170 H:55 
C027AA $80 $E9         BRA $C02795                     A:0001 X:0006 Y:0006 S:04EF D:0240 DB:7E P:nvmxdIzC V:170 H:58 
C02795 $AF $FE $FF $C1 LDA $C1FFFE                     A:0001 X:0006 Y:0006 S:04EF D:0240 DB:7E P:nvmxdIzC V:170 H:63 
C02799 $10 $09         BPL $C027A4                     A:FFFF X:0006 Y:0006 S:04EF D:0240 DB:7E P:NvmxdIzC V:170 H:72 
C0279B $AF $F8 $7F $7E LDA $7E7FF8                     A:FFFF X:0006 Y:0006 S:04EF D:0240 DB:7E P:NvmxdIzC V:170 H:75 
C0279F $29 $00 $10     AND #$1000                      A:0000 X:0006 Y:0006 S:04EF D:0240 DB:7E P:nvmxdIZC V:170 H:85 
C027A2 $D0 $08         BNE $C027AC                     A:0000 X:0006 Y:0006 S:04EF D:0240 DB:7E P:nvmxdIZC V:170 H:89 
C027A4 $AF $DE $7F $7E LDA $7E7FDE                     A:0000 X:0006 Y:0006 S:04EF D:0240 DB:7E P:nvmxdIZC V:170 H:92 
C027A8 $F0 $A8         BEQ $C02752                     A:0001 X:0006 Y:0006 S:04EF D:0240 DB:7E P:nvmxdIzC V:170 H:102
C027AA $80 $E9         BRA $C02795                     A:0001 X:0006 Y:0006 S:04EF D:0240 DB:7E P:nvmxdIzC V:170 H:105
C02795 $AF $FE $FF $C1 LDA $C1FFFE                     A:0001 X:0006 Y:0006 S:04EF D:0240 DB:7E P:nvmxdIzC V:170 H:110
C02799 $10 $09         BPL $C027A4                     A:FFFF X:0006 Y:0006 S:04EF D:0240 DB:7E P:NvmxdIzC V:170 H:119
C0279B $AF $F8 $7F $7E LDA $7E7FF8                     A:FFFF X:0006 Y:0006 S:04EF D:0240 DB:7E P:NvmxdIzC V:170 H:122
C0279F $29 $00 $10     AND #$1000                      A:0000 X:0006 Y:0006 S:04EF D:0240 DB:7E P:nvmxdIZC V:170 H:132
C027A2 $D0 $08         BNE $C027AC                     A:0000 X:0006 Y:0006 S:04EF D:0240 DB:7E P:nvmxdIZC V:170 H:146
C027A4 $AF $DE $7F $7E LDA $7E7FDE                     A:0000 X:0006 Y:0006 S:04EF D:0240 DB:7E P:nvmxdIZC V:170 H:149
C027A8 $F0 $A8         BEQ $C02752                     A:0001 X:0006 Y:0006 S:04EF D:0240 DB:7E P:nvmxdIzC V:170 H:159
C027AA $80 $E9         BRA $C02795                     A:0001 X:0006 Y:0006 S:04EF D:0240 DB:7E P:nvmxdIzC V:170 H:162
C02795 $AF $FE $FF $C1 LDA $C1FFFE                     A:0001 X:0006 Y:0006 S:04EF D:0240 DB:7E P:nvmxdIzC V:170 H:167
C02799 $10 $09         BPL $C027A4                     A:FFFF X:0006 Y:0006 S:04EF D:0240 DB:7E P:NvmxdIzC V:170 H:176
C0279B $AF $F8 $7F $7E LDA $7E7FF8                     A:FFFF X:0006 Y:0006 S:04EF D:0240 DB:7E P:NvmxdIzC V:170 H:179
C0279F $29 $00 $10     AND #$1000                      A:0000 X:0006 Y:0006 S:04EF D:0240 DB:7E P:nvmxdIZC V:170 H:189
C027A2 $D0 $08         BNE $C027AC                     A:0000 X:0006 Y:0006 S:04EF D:0240 DB:7E P:nvmxdIZC V:170 H:193
C027A4 $AF $DE $7F $7E LDA $7E7FDE                     A:0000 X:0006 Y:0006 S:04EF D:0240 DB:7E P:nvmxdIZC V:170 H:196
C027A8 $F0 $A8         BEQ $C02752                     A:0001 X:0006 Y:0006 S:04EF D:0240 DB:7E P:nvmxdIzC V:170 H:206
C027AA $80 $E9         BRA $C02795                     A:0001 X:0006 Y:0006 S:04EF D:0240 DB:7E P:nvmxdIzC V:170 H:209
C02795 $AF $FE $FF $C1 LDA $C1FFFE                     A:0001 X:0006 Y:0006 S:04EF D:0240 DB:7E P:nvmxdIzC V:170 H:214
C02799 $10 $09         BPL $C027A4                     A:FFFF X:0006 Y:0006 S:04EF D:0240 DB:7E P:NvmxdIzC V:170 H:223
C0279B $AF $F8 $7F $7E LDA $7E7FF8                     A:FFFF X:0006 Y:0006 S:04EF D:0240 DB:7E P:NvmxdIzC V:170 H:226
C0279F $29 $00 $10     AND #$1000                      A:0000 X:0006 Y:0006 S:04EF D:0240 DB:7E P:nvmxdIZC V:170 H:236
C027A2 $D0 $08         BNE $C027AC                     A:0000 X:0006 Y:0006 S:04EF D:0240 DB:7E P:nvmxdIZC V:170 H:240
C027A4 $AF $DE $7F $7E LDA $7E7FDE                     A:0000 X:0006 Y:0006 S:04EF D:0240 DB:7E P:nvmxdIZC V:170 H:243
C027A8 $F0 $A8         BEQ $C02752                     A:0001 X:0006 Y:0006 S:04EF D:0240 DB:7E P:nvmxdIzC V:170 H:253
C027AA $80 $E9         BRA $C02795                     A:0001 X:0006 Y:0006 S:04EF D:0240 DB:7E P:nvmxdIzC V:170 H:256
C02795 $AF $FE $FF $C1 LDA $C1FFFE                     A:0001 X:0006 Y:0006 S:04EF D:0240 DB:7E P:nvmxdIzC V:170 H:261
C02799 $10 $09         BPL $C027A4                     A:FFFF X:0006 Y:0006 S:04EF D:0240 DB:7E P:NvmxdIzC V:170 H:270
C0279B $AF $F8 $7F $7E LDA $7E7FF8                     A:FFFF X:0006 Y:0006 S:04EF D:0240 DB:7E P:NvmxdIzC V:170 H:273
C0279F $29 $00 $10     AND #$1000                      A:0000 X:0006 Y:0006 S:04EF D:0240 DB:7E P:nvmxdIZC V:170 H:299
C027A2 $D0 $08         BNE $C027AC                     A:0000 X:0006 Y:0006 S:04EF D:0240 DB:7E P:nvmxdIZC V:170 H:304
C027A4 $AF $DE $7F $7E LDA $7E7FDE                     A:0000 X:0006 Y:0006 S:04EF D:0240 DB:7E P:nvmxdIZC V:170 H:307
C027A8 $F0 $A8         BEQ $C02752                     A:0001 X:0006 Y:0006 S:04EF D:0240 DB:7E P:nvmxdIzC V:170 H:317
C027AA $80 $E9         BRA $C02795                     A:0001 X:0006 Y:0006 S:04EF D:0240 DB:7E P:nvmxdIzC V:170 H:320
C02795 $AF $FE $FF $C1 LDA $C1FFFE                     A:0001 X:0006 Y:0006 S:04EF D:0240 DB:7E P:nvmxdIzC V:170 H:324
C02799 $10 $09         BPL $C027A4                     A:FFFF X:0006 Y:0006 S:04EF D:0240 DB:7E P:NvmxdIzC V:170 H:332
C0279B $AF $F8 $7F $7E LDA $7E7FF8                     A:FFFF X:0006 Y:0006 S:04EF D:0240 DB:7E P:NvmxdIzC V:170 H:335
C0279F $29 $00 $10     AND #$1000                      A:0000 X:0006 Y:0006 S:04EF D:0240 DB:7E P:nvmxdIZC V:171 H:5  
C027A2 $D0 $08         BNE $C027AC                     A:0000 X:0006 Y:0006 S:04EF D:0240 DB:7E P:nvmxdIZC V:171 H:10 
C027A4 $AF $DE $7F $7E LDA $7E7FDE                     A:0000 X:0006 Y:0006 S:04EF D:0240 DB:7E P:nvmxdIZC V:171 H:13 
C027A8 $F0 $A8         BEQ $C02752                     A:0001 X:0006 Y:0006 S:04EF D:0240 DB:7E P:nvmxdIzC V:171 H:23 
C027AA $80 $E9         BRA $C02795                     A:0001 X:0006 Y:0006 S:04EF D:0240 DB:7E P:nvmxdIzC V:171 H:26 
C02795 $AF $FE $FF $C1 LDA $C1FFFE                     A:0001 X:0006 Y:0006 S:04EF D:0240 DB:7E P:nvmxdIzC V:171 H:30 
C02799 $10 $09         BPL $C027A4                     A:FFFF X:0006 Y:0006 S:04EF D:0240 DB:7E P:NvmxdIzC V:171 H:39 
C0279B $AF $F8 $7F $7E LDA $7E7FF8                     A:FFFF X:0006 Y:0006 S:04EF D:0240 DB:7E P:NvmxdIzC V:171 H:42 
C0279F $29 $00 $10     AND #$1000                      A:0000 X:0006 Y:0006 S:04EF D:0240 DB:7E P:nvmxdIZC V:171 H:52 
C027A2 $D0 $08         BNE $C027AC                     A:0000 X:0006 Y:0006 S:04EF D:0240 DB:7E P:nvmxdIZC V:171 H:57 
C027A4 $AF $DE $7F $7E LDA $7E7FDE                     A:0000 X:0006 Y:0006 S:04EF D:0240 DB:7E P:nvmxdIZC V:171 H:60 
C027A8 $F0 $A8         BEQ $C02752                     A:0001 X:0006 Y:0006 S:04EF D:0240 DB:7E P:nvmxdIzC V:171 H:70 
C027AA $80 $E9         BRA $C02795                     A:0001 X:0006 Y:0006 S:04EF D:0240 DB:7E P:nvmxdIzC V:171 H:73 
C02795 $AF $FE $FF $C1 LDA $C1FFFE                     A:0001 X:0006 Y:0006 S:04EF D:0240 DB:7E P:nvmxdIzC V:171 H:77 
C02799 $10 $09         BPL $C027A4                     A:FFFF X:0006 Y:0006 S:04EF D:0240 DB:7E P:NvmxdIzC V:171 H:86 
C0279B $AF $F8 $7F $7E LDA $7E7FF8                     A:FFFF X:0006 Y:0006 S:04EF D:0240 DB:7E P:NvmxdIzC V:171 H:89 
C0279F $29 $00 $10     AND #$1000                      A:0000 X:0006 Y:0006 S:04EF D:0240 DB:7E P:nvmxdIZC V:171 H:99 
C027A2 $D0 $08         BNE $C027AC                     A:0000 X:0006 Y:0006 S:04EF D:0240 DB:7E P:nvmxdIZC V:171 H:104
C027A4 $AF $DE $7F $7E LDA $7E7FDE                     A:0000 X:0006 Y:0006 S:04EF D:0240 DB:7E P:nvmxdIZC V:171 H:107
C027A8 $F0 $A8         BEQ $C02752                     A:0001 X:0006 Y:0006 S:04EF D:0240 DB:7E P:nvmxdIzC V:171 H:117
C027AA $80 $E9         BRA $C02795                     A:0001 X:0006 Y:0006 S:04EF D:0240 DB:7E P:nvmxdIzC V:171 H:120
C02795 $AF $FE $FF $C1 LDA $C1FFFE                     A:0001 X:0006 Y:0006 S:04EF D:0240 DB:7E P:nvmxdIzC V:171 H:124
C02799 $10 $09         BPL $C027A4                     A:FFFF X:0006 Y:0006 S:04EF D:0240 DB:7E P:NvmxdIzC V:171 H:133
C0279B $AF $F8 $7F $7E LDA $7E7FF8                     A:FFFF X:0006 Y:0006 S:04EF D:0240 DB:7E P:NvmxdIzC V:171 H:146
C0279F $29 $00 $10     AND #$1000                      A:0000 X:0006 Y:0006 S:04EF D:0240 DB:7E P:nvmxdIZC V:171 H:156
C027A2 $D0 $08         BNE $C027AC                     A:0000 X:0006 Y:0006 S:04EF D:0240 DB:7E P:nvmxdIZC V:171 H:161
C027A4 $AF $DE $7F $7E LDA $7E7FDE                     A:0000 X:0006 Y:0006 S:04EF D:0240 DB:7E P:nvmxdIZC V:171 H:164
C027A8 $F0 $A8         BEQ $C02752                     A:0001 X:0006 Y:0006 S:04EF D:0240 DB:7E P:nvmxdIzC V:171 H:174
C027AA $80 $E9         BRA $C02795                     A:0001 X:0006 Y:0006 S:04EF D:0240 DB:7E P:nvmxdIzC V:171 H:177
C02795 $AF $FE $FF $C1 LDA $C1FFFE                     A:0001 X:0006 Y:0006 S:04EF D:0240 DB:7E P:nvmxdIzC V:171 H:181
C02799 $10 $09         BPL $C027A4                     A:FFFF X:0006 Y:0006 S:04EF D:0240 DB:7E P:NvmxdIzC V:171 H:190
C0279B $AF $F8 $7F $7E LDA $7E7FF8                     A:FFFF X:0006 Y:0006 S:04EF D:0240 DB:7E P:NvmxdIzC V:171 H:193
C0279F $29 $00 $10     AND #$1000                      A:0000 X:0006 Y:0006 S:04EF D:0240 DB:7E P:nvmxdIZC V:171 H:203
C027A2 $D0 $08         BNE $C027AC                     A:0000 X:0006 Y:0006 S:04EF D:0240 DB:7E P:nvmxdIZC V:171 H:208
C027A4 $AF $DE $7F $7E LDA $7E7FDE                     A:0000 X:0006 Y:0006 S:04EF D:0240 DB:7E P:nvmxdIZC V:171 H:211
C027A8 $F0 $A8         BEQ $C02752                     A:0001 X:0006 Y:0006 S:04EF D:0240 DB:7E P:nvmxdIzC V:171 H:221
C027AA $80 $E9         BRA $C02795                     A:0001 X:0006 Y:0006 S:04EF D:0240 DB:7E P:nvmxdIzC V:171 H:224
C02795 $AF $FE $FF $C1 LDA $C1FFFE                     A:0001 X:0006 Y:0006 S:04EF D:0240 DB:7E P:nvmxdIzC V:171 H:228
C02799 $10 $09         BPL $C027A4                     A:FFFF X:0006 Y:0006 S:04EF D:0240 DB:7E P:NvmxdIzC V:171 H:237
C0279B $AF $F8 $7F $7E LDA $7E7FF8                     A:FFFF X:0006 Y:0006 S:04EF D:0240 DB:7E P:NvmxdIzC V:171 H:240
C0279F $29 $00 $10     AND #$1000                      A:0000 X:0006 Y:0006 S:04EF D:0240 DB:7E P:nvmxdIZC V:171 H:250
C027A2 $D0 $08         BNE $C027AC                     A:0000 X:0006 Y:0006 S:04EF D:0240 DB:7E P:nvmxdIZC V:171 H:255
C027A4 $AF $DE $7F $7E LDA $7E7FDE                     A:0000 X:0006 Y:0006 S:04EF D:0240 DB:7E P:nvmxdIZC V:171 H:258
C027A8 $F0 $A8         BEQ $C02752                     A:0001 X:0006 Y:0006 S:04EF D:0240 DB:7E P:nvmxdIzC V:171 H:268
C027AA $80 $E9         BRA $C02795                     A:0001 X:0006 Y:0006 S:04EF D:0240 DB:7E P:nvmxdIzC V:171 H:271
C02795 $AF $FE $FF $C1 LDA $C1FFFE                     A:0001 X:0006 Y:0006 S:04EF D:0240 DB:7E P:nvmxdIzC V:171 H:275
C02799 $10 $09         BPL $C027A4                     A:FFFF X:0006 Y:0006 S:04EF D:0240 DB:7E P:NvmxdIzC V:171 H:301
C0279B $AF $F8 $7F $7E LDA $7E7FF8                     A:FFFF X:0006 Y:0006 S:04EF D:0240 DB:7E P:NvmxdIzC V:171 H:304
C0279F $29 $00 $10     AND #$1000                      A:0000 X:0006 Y:0006 S:04EF D:0240 DB:7E P:nvmxdIZC V:171 H:314
C027A2 $D0 $08         BNE $C027AC                     A:0000 X:0006 Y:0006 S:04EF D:0240 DB:7E P:nvmxdIZC V:171 H:318
C027A4 $AF $DE $7F $7E LDA $7E7FDE                     A:0000 X:0006 Y:0006 S:04EF D:0240 DB:7E P:nvmxdIZC V:171 H:321
C027A8 $F0 $A8         BEQ $C02752                     A:0001 X:0006 Y:0006 S:04EF D:0240 DB:7E P:nvmxdIzC V:171 H:330
C027AA $80 $E9         BRA $C02795                     A:0001 X:0006 Y:0006 S:04EF D:0240 DB:7E P:nvmxdIzC V:171 H:333
C02795 $AF $FE $FF $C1 LDA $C1FFFE                     A:0001 X:0006 Y:0006 S:04EF D:0240 DB:7E P:nvmxdIzC V:171 H:338
C02799 $10 $09         BPL $C027A4                     A:FFFF X:0006 Y:0006 S:04EF D:0240 DB:7E P:NvmxdIzC V:172 H:7  
C0279B $AF $F8 $7F $7E LDA $7E7FF8                     A:FFFF X:0006 Y:0006 S:04EF D:0240 DB:7E P:NvmxdIzC V:172 H:10 
C0279F $29 $00 $10     AND #$1000                      A:0000 X:0006 Y:0006 S:04EF D:0240 DB:7E P:nvmxdIZC V:172 H:20 
C027A2 $D0 $08         BNE $C027AC                     A:0000 X:0006 Y:0006 S:04EF D:0240 DB:7E P:nvmxdIZC V:172 H:24 
C027A4 $AF $DE $7F $7E LDA $7E7FDE                     A:0000 X:0006 Y:0006 S:04EF D:0240 DB:7E P:nvmxdIZC V:172 H:27 
C027A8 $F0 $A8         BEQ $C02752                     A:0001 X:0006 Y:0006 S:04EF D:0240 DB:7E P:nvmxdIzC V:172 H:37 
C027AA $80 $E9         BRA $C02795                     A:0001 X:0006 Y:0006 S:04EF D:0240 DB:7E P:nvmxdIzC V:172 H:40 
C02795 $AF $FE $FF $C1 LDA $C1FFFE                     A:0001 X:0006 Y:0006 S:04EF D:0240 DB:7E P:nvmxdIzC V:172 H:45 
C02799 $10 $09         BPL $C027A4                     A:FFFF X:0006 Y:0006 S:04EF D:0240 DB:7E P:NvmxdIzC V:172 H:54 
C0279B $AF $F8 $7F $7E LDA $7E7FF8                     A:FFFF X:0006 Y:0006 S:04EF D:0240 DB:7E P:NvmxdIzC V:172 H:57 
C0279F $29 $00 $10     AND #$1000                      A:0000 X:0006 Y:0006 S:04EF D:0240 DB:7E P:nvmxdIZC V:172 H:67 
C027A2 $D0 $08         BNE $C027AC                     A:0000 X:0006 Y:0006 S:04EF D:0240 DB:7E P:nvmxdIZC V:172 H:71 
C027A4 $AF $DE $7F $7E LDA $7E7FDE                     A:0000 X:0006 Y:0006 S:04EF D:0240 DB:7E P:nvmxdIZC V:172 H:74 
C027A8 $F0 $A8         BEQ $C02752                     A:0001 X:0006 Y:0006 S:04EF D:0240 DB:7E P:nvmxdIzC V:172 H:84 
C027AA $80 $E9         BRA $C02795                     A:0001 X:0006 Y:0006 S:04EF D:0240 DB:7E P:nvmxdIzC V:172 H:87 
C02795 $AF $FE $FF $C1 LDA $C1FFFE                     A:0001 X:0006 Y:0006 S:04EF D:0240 DB:7E P:nvmxdIzC V:172 H:92 
C02799 $10 $09         BPL $C027A4                     A:FFFF X:0006 Y:0006 S:04EF D:0240 DB:7E P:NvmxdIzC V:172 H:101
C0279B $AF $F8 $7F $7E LDA $7E7FF8                     A:FFFF X:0006 Y:0006 S:04EF D:0240 DB:7E P:NvmxdIzC V:172 H:104
C0279F $29 $00 $10     AND #$1000                      A:0000 X:0006 Y:0006 S:04EF D:0240 DB:7E P:nvmxdIZC V:172 H:114
C027A2 $D0 $08         BNE $C027AC                     A:0000 X:0006 Y:0006 S:04EF D:0240 DB:7E P:nvmxdIZC V:172 H:118
C027A4 $AF $DE $7F $7E LDA $7E7FDE                     A:0000 X:0006 Y:0006 S:04EF D:0240 DB:7E P:nvmxdIZC V:172 H:121
C027A8 $F0 $A8         BEQ $C02752                     A:0001 X:0006 Y:0006 S:04EF D:0240 DB:7E P:nvmxdIzC V:172 H:131
C027AA $80 $E9         BRA $C02795                     A:0001 X:0006 Y:0006 S:04EF D:0240 DB:7E P:nvmxdIzC V:172 H:144
C02795 $AF $FE $FF $C1 LDA $C1FFFE                     A:0001 X:0006 Y:0006 S:04EF D:0240 DB:7E P:nvmxdIzC V:172 H:149
C02799 $10 $09         BPL $C027A4                     A:FFFF X:0006 Y:0006 S:04EF D:0240 DB:7E P:NvmxdIzC V:172 H:158
C0279B $AF $F8 $7F $7E LDA $7E7FF8                     A:FFFF X:0006 Y:0006 S:04EF D:0240 DB:7E P:NvmxdIzC V:172 H:161
C0279F $29 $00 $10     AND #$1000                      A:0000 X:0006 Y:0006 S:04EF D:0240 DB:7E P:nvmxdIZC V:172 H:171
C027A2 $D0 $08         BNE $C027AC                     A:0000 X:0006 Y:0006 S:04EF D:0240 DB:7E P:nvmxdIZC V:172 H:175
C027A4 $AF $DE $7F $7E LDA $7E7FDE                     A:0000 X:0006 Y:0006 S:04EF D:0240 DB:7E P:nvmxdIZC V:172 H:178
C027A8 $F0 $A8         BEQ $C02752                     A:0001 X:0006 Y:0006 S:04EF D:0240 DB:7E P:nvmxdIzC V:172 H:188
C027AA $80 $E9         BRA $C02795                     A:0001 X:0006 Y:0006 S:04EF D:0240 DB:7E P:nvmxdIzC V:172 H:191
C02795 $AF $FE $FF $C1 LDA $C1FFFE                     A:0001 X:0006 Y:0006 S:04EF D:0240 DB:7E P:nvmxdIzC V:172 H:196
C02799 $10 $09         BPL $C027A4                     A:FFFF X:0006 Y:0006 S:04EF D:0240 DB:7E P:NvmxdIzC V:172 H:205
C0279B $AF $F8 $7F $7E LDA $7E7FF8                     A:FFFF X:0006 Y:0006 S:04EF D:0240 DB:7E P:NvmxdIzC V:172 H:208
C0279F $29 $00 $10     AND #$1000                      A:0000 X:0006 Y:0006 S:04EF D:0240 DB:7E P:nvmxdIZC V:172 H:218
C027A2 $D0 $08         BNE $C027AC                     A:0000 X:0006 Y:0006 S:04EF D:0240 DB:7E P:nvmxdIZC V:172 H:222
C027A4 $AF $DE $7F $7E LDA $7E7FDE                     A:0000 X:0006 Y:0006 S:04EF D:0240 DB:7E P:nvmxdIZC V:172 H:225
C027A8 $F0 $A8         BEQ $C02752                     A:0001 X:0006 Y:0006 S:04EF D:0240 DB:7E P:nvmxdIzC V:172 H:235
C027AA $80 $E9         BRA $C02795                     A:0001 X:0006 Y:0006 S:04EF D:0240 DB:7E P:nvmxdIzC V:172 H:238
C02795 $AF $FE $FF $C1 LDA $C1FFFE                     A:0001 X:0006 Y:0006 S:04EF D:0240 DB:7E P:nvmxdIzC V:172 H:243
C02799 $10 $09         BPL $C027A4                     A:FFFF X:0006 Y:0006 S:04EF D:0240 DB:7E P:NvmxdIzC V:172 H:252
C0279B $AF $F8 $7F $7E LDA $7E7FF8                     A:FFFF X:0006 Y:0006 S:04EF D:0240 DB:7E P:NvmxdIzC V:172 H:255
C0279F $29 $00 $10     AND #$1000                      A:0000 X:0006 Y:0006 S:04EF D:0240 DB:7E P:nvmxdIZC V:172 H:265
C027A2 $D0 $08         BNE $C027AC                     A:0000 X:0006 Y:0006 S:04EF D:0240 DB:7E P:nvmxdIZC V:172 H:269
C027A4 $AF $DE $7F $7E LDA $7E7FDE                     A:0000 X:0006 Y:0006 S:04EF D:0240 DB:7E P:nvmxdIZC V:172 H:272
C027A8 $F0 $A8         BEQ $C02752                     A:0001 X:0006 Y:0006 S:04EF D:0240 DB:7E P:nvmxdIzC V:172 H:297
C027AA $80 $E9         BRA $C02795                     A:0001 X:0006 Y:0006 S:04EF D:0240 DB:7E P:nvmxdIzC V:172 H:300
C02795 $AF $FE $FF $C1 LDA $C1FFFE                     A:0001 X:0006 Y:0006 S:04EF D:0240 DB:7E P:nvmxdIzC V:172 H:305
C02799 $10 $09         BPL $C027A4                     A:FFFF X:0006 Y:0006 S:04EF D:0240 DB:7E P:NvmxdIzC V:172 H:314
C0279B $AF $F8 $7F $7E LDA $7E7FF8                     A:FFFF X:0006 Y:0006 S:04EF D:0240 DB:7E P:NvmxdIzC V:172 H:317
C0279F $29 $00 $10     AND #$1000                      A:0000 X:0006 Y:0006 S:04EF D:0240 DB:7E P:nvmxdIZC V:172 H:326
C027A2 $D0 $08         BNE $C027AC                     A:0000 X:0006 Y:0006 S:04EF D:0240 DB:7E P:nvmxdIZC V:172 H:330
C027A4 $AF $DE $7F $7E LDA $7E7FDE                     A:0000 X:0006 Y:0006 S:04EF D:0240 DB:7E P:nvmxdIZC V:172 H:333
C027A8 $F0 $A8         BEQ $C02752                     A:0001 X:0006 Y:0006 S:04EF D:0240 DB:7E P:nvmxdIzC V:173 H:3  
C027AA $80 $E9         BRA $C02795                     A:0001 X:0006 Y:0006 S:04EF D:0240 DB:7E P:nvmxdIzC V:173 H:6  
C02795 $AF $FE $FF $C1 LDA $C1FFFE                     A:0001 X:0006 Y:0006 S:04EF D:0240 DB:7E P:nvmxdIzC V:173 H:11 
C02799 $10 $09         BPL $C027A4                     A:FFFF X:0006 Y:0006 S:04EF D:0240 DB:7E P:NvmxdIzC V:173 H:20 
C0279B $AF $F8 $7F $7E LDA $7E7FF8                     A:FFFF X:0006 Y:0006 S:04EF D:0240 DB:7E P:NvmxdIzC V:173 H:23 
C0279F $29 $00 $10     AND #$1000                      A:0000 X:0006 Y:0006 S:04EF D:0240 DB:7E P:nvmxdIZC V:173 H:33 
C027A2 $D0 $08         BNE $C027AC                     A:0000 X:0006 Y:0006 S:04EF D:0240 DB:7E P:nvmxdIZC V:173 H:37 
C027A4 $AF $DE $7F $7E LDA $7E7FDE                     A:0000 X:0006 Y:0006 S:04EF D:0240 DB:7E P:nvmxdIZC V:173 H:40 
C027A8 $F0 $A8         BEQ $C02752                     A:0001 X:0006 Y:0006 S:04EF D:0240 DB:7E P:nvmxdIzC V:173 H:50 
C027AA $80 $E9         BRA $C02795                     A:0001 X:0006 Y:0006 S:04EF D:0240 DB:7E P:nvmxdIzC V:173 H:53 
C02795 $AF $FE $FF $C1 LDA $C1FFFE                     A:0001 X:0006 Y:0006 S:04EF D:0240 DB:7E P:nvmxdIzC V:173 H:58 
C02799 $10 $09         BPL $C027A4                     A:FFFF X:0006 Y:0006 S:04EF D:0240 DB:7E P:NvmxdIzC V:173 H:67 
C0279B $AF $F8 $7F $7E LDA $7E7FF8                     A:FFFF X:0006 Y:0006 S:04EF D:0240 DB:7E P:NvmxdIzC V:173 H:70 
C0279F $29 $00 $10     AND #$1000                      A:0000 X:0006 Y:0006 S:04EF D:0240 DB:7E P:nvmxdIZC V:173 H:80 
C027A2 $D0 $08         BNE $C027AC                     A:0000 X:0006 Y:0006 S:04EF D:0240 DB:7E P:nvmxdIZC V:173 H:84 
C027A4 $AF $DE $7F $7E LDA $7E7FDE                     A:0000 X:0006 Y:0006 S:04EF D:0240 DB:7E P:nvmxdIZC V:173 H:87 
C027A8 $F0 $A8         BEQ $C02752                     A:0001 X:0006 Y:0006 S:04EF D:0240 DB:7E P:nvmxdIzC V:173 H:97 
C027AA $80 $E9         BRA $C02795                     A:0001 X:0006 Y:0006 S:04EF D:0240 DB:7E P:nvmxdIzC V:173 H:100
C02795 $AF $FE $FF $C1 LDA $C1FFFE                     A:0001 X:0006 Y:0006 S:04EF D:0240 DB:7E P:nvmxdIzC V:173 H:105
C02799 $10 $09         BPL $C027A4                     A:FFFF X:0006 Y:0006 S:04EF D:0240 DB:7E P:NvmxdIzC V:173 H:114
C0279B $AF $F8 $7F $7E LDA $7E7FF8                     A:FFFF X:0006 Y:0006 S:04EF D:0240 DB:7E P:NvmxdIzC V:173 H:117
C0279F $29 $00 $10     AND #$1000                      A:0000 X:0006 Y:0006 S:04EF D:0240 DB:7E P:nvmxdIZC V:173 H:127
C027A2 $D0 $08         BNE $C027AC                     A:0000 X:0006 Y:0006 S:04EF D:0240 DB:7E P:nvmxdIZC V:173 H:131
C027A4 $AF $DE $7F $7E LDA $7E7FDE                     A:0000 X:0006 Y:0006 S:04EF D:0240 DB:7E P:nvmxdIZC V:173 H:144
C027A8 $F0 $A8         BEQ $C02752                     A:0001 X:0006 Y:0006 S:04EF D:0240 DB:7E P:nvmxdIzC V:173 H:154
C027AA $80 $E9         BRA $C02795                     A:0001 X:0006 Y:0006 S:04EF D:0240 DB:7E P:nvmxdIzC V:173 H:157
C02795 $AF $FE $FF $C1 LDA $C1FFFE                     A:0001 X:0006 Y:0006 S:04EF D:0240 DB:7E P:nvmxdIzC V:173 H:162
C02799 $10 $09         BPL $C027A4                     A:FFFF X:0006 Y:0006 S:04EF D:0240 DB:7E P:NvmxdIzC V:173 H:171
C0279B $AF $F8 $7F $7E LDA $7E7FF8                     A:FFFF X:0006 Y:0006 S:04EF D:0240 DB:7E P:NvmxdIzC V:173 H:174
C0279F $29 $00 $10     AND #$1000                      A:0000 X:0006 Y:0006 S:04EF D:0240 DB:7E P:nvmxdIZC V:173 H:184
C027A2 $D0 $08         BNE $C027AC                     A:0000 X:0006 Y:0006 S:04EF D:0240 DB:7E P:nvmxdIZC V:173 H:188
C027A4 $AF $DE $7F $7E LDA $7E7FDE                     A:0000 X:0006 Y:0006 S:04EF D:0240 DB:7E P:nvmxdIZC V:173 H:191
C027A8 $F0 $A8         BEQ $C02752                     A:0001 X:0006 Y:0006 S:04EF D:0240 DB:7E P:nvmxdIzC V:173 H:201
C027AA $80 $E9         BRA $C02795                     A:0001 X:0006 Y:0006 S:04EF D:0240 DB:7E P:nvmxdIzC V:173 H:204
C02795 $AF $FE $FF $C1 LDA $C1FFFE                     A:0001 X:0006 Y:0006 S:04EF D:0240 DB:7E P:nvmxdIzC V:173 H:209
C02799 $10 $09         BPL $C027A4                     A:FFFF X:0006 Y:0006 S:04EF D:0240 DB:7E P:NvmxdIzC V:173 H:218
C0279B $AF $F8 $7F $7E LDA $7E7FF8                     A:FFFF X:0006 Y:0006 S:04EF D:0240 DB:7E P:NvmxdIzC V:173 H:221
C0279F $29 $00 $10     AND #$1000                      A:0000 X:0006 Y:0006 S:04EF D:0240 DB:7E P:nvmxdIZC V:173 H:231
C027A2 $D0 $08         BNE $C027AC                     A:0000 X:0006 Y:0006 S:04EF D:0240 DB:7E P:nvmxdIZC V:173 H:235
C027A4 $AF $DE $7F $7E LDA $7E7FDE                     A:0000 X:0006 Y:0006 S:04EF D:0240 DB:7E P:nvmxdIZC V:173 H:238
C027A8 $F0 $A8         BEQ $C02752                     A:0001 X:0006 Y:0006 S:04EF D:0240 DB:7E P:nvmxdIzC V:173 H:248
C027AA $80 $E9         BRA $C02795                     A:0001 X:0006 Y:0006 S:04EF D:0240 DB:7E P:nvmxdIzC V:173 H:251
C02795 $AF $FE $FF $C1 LDA $C1FFFE                     A:0001 X:0006 Y:0006 S:04EF D:0240 DB:7E P:nvmxdIzC V:173 H:256
C02799 $10 $09         BPL $C027A4                     A:FFFF X:0006 Y:0006 S:04EF D:0240 DB:7E P:NvmxdIzC V:173 H:265
C0279B $AF $F8 $7F $7E LDA $7E7FF8                     A:FFFF X:0006 Y:0006 S:04EF D:0240 DB:7E P:NvmxdIzC V:173 H:268
C0279F $29 $00 $10     AND #$1000                      A:0000 X:0006 Y:0006 S:04EF D:0240 DB:7E P:nvmxdIZC V:173 H:293
C027A2 $D0 $08         BNE $C027AC                     A:0000 X:0006 Y:0006 S:04EF D:0240 DB:7E P:nvmxdIZC V:173 H:297
C027A4 $AF $DE $7F $7E LDA $7E7FDE                     A:0000 X:0006 Y:0006 S:04EF D:0240 DB:7E P:nvmxdIZC V:173 H:300
C027A8 $F0 $A8         BEQ $C02752                     A:0001 X:0006 Y:0006 S:04EF D:0240 DB:7E P:nvmxdIzC V:173 H:310
C027AA $80 $E9         BRA $C02795                     A:0001 X:0006 Y:0006 S:04EF D:0240 DB:7E P:nvmxdIzC V:173 H:313
C02795 $AF $FE $FF $C1 LDA $C1FFFE                     A:0001 X:0006 Y:0006 S:04EF D:0240 DB:7E P:nvmxdIzC V:173 H:318
C02799 $10 $09         BPL $C027A4                     A:FFFF X:0006 Y:0006 S:04EF D:0240 DB:7E P:NvmxdIzC V:173 H:326
C0279B $AF $F8 $7F $7E LDA $7E7FF8                     A:FFFF X:0006 Y:0006 S:04EF D:0240 DB:7E P:NvmxdIzC V:173 H:329
C0279F $29 $00 $10     AND #$1000                      A:0000 X:0006 Y:0006 S:04EF D:0240 DB:7E P:nvmxdIZC V:173 H:339
C027A2 $D0 $08         BNE $C027AC                     A:0000 X:0006 Y:0006 S:04EF D:0240 DB:7E P:nvmxdIZC V:174 H:3  
C027A4 $AF $DE $7F $7E LDA $7E7FDE                     A:0000 X:0006 Y:0006 S:04EF D:0240 DB:7E P:nvmxdIZC V:174 H:6  
C027A8 $F0 $A8         BEQ $C02752                     A:0001 X:0006 Y:0006 S:04EF D:0240 DB:7E P:nvmxdIzC V:174 H:16 
C027AA $80 $E9         BRA $C02795                     A:0001 X:0006 Y:0006 S:04EF D:0240 DB:7E P:nvmxdIzC V:174 H:19 
C02795 $AF $FE $FF $C1 LDA $C1FFFE                     A:0001 X:0006 Y:0006 S:04EF D:0240 DB:7E P:nvmxdIzC V:174 H:24 
C02799 $10 $09         BPL $C027A4                     A:FFFF X:0006 Y:0006 S:04EF D:0240 DB:7E P:NvmxdIzC V:174 H:33 
C0279B $AF $F8 $7F $7E LDA $7E7FF8                     A:FFFF X:0006 Y:0006 S:04EF D:0240 DB:7E P:NvmxdIzC V:174 H:36 
C0279F $29 $00 $10     AND #$1000                      A:0000 X:0006 Y:0006 S:04EF D:0240 DB:7E P:nvmxdIZC V:174 H:46 
C027A2 $D0 $08         BNE $C027AC                     A:0000 X:0006 Y:0006 S:04EF D:0240 DB:7E P:nvmxdIZC V:174 H:50 
C027A4 $AF $DE $7F $7E LDA $7E7FDE                     A:0000 X:0006 Y:0006 S:04EF D:0240 DB:7E P:nvmxdIZC V:174 H:53 
C027A8 $F0 $A8         BEQ $C02752                     A:0001 X:0006 Y:0006 S:04EF D:0240 DB:7E P:nvmxdIzC V:174 H:63 
C027AA $80 $E9         BRA $C02795                     A:0001 X:0006 Y:0006 S:04EF D:0240 DB:7E P:nvmxdIzC V:174 H:66 
C02795 $AF $FE $FF $C1 LDA $C1FFFE                     A:0001 X:0006 Y:0006 S:04EF D:0240 DB:7E P:nvmxdIzC V:174 H:71 
C02799 $10 $09         BPL $C027A4                     A:FFFF X:0006 Y:0006 S:04EF D:0240 DB:7E P:NvmxdIzC V:174 H:80 
C0279B $AF $F8 $7F $7E LDA $7E7FF8                     A:FFFF X:0006 Y:0006 S:04EF D:0240 DB:7E P:NvmxdIzC V:174 H:83 
C0279F $29 $00 $10     AND #$1000                      A:0000 X:0006 Y:0006 S:04EF D:0240 DB:7E P:nvmxdIZC V:174 H:93 
C027A2 $D0 $08         BNE $C027AC                     A:0000 X:0006 Y:0006 S:04EF D:0240 DB:7E P:nvmxdIZC V:174 H:97 
C027A4 $AF $DE $7F $7E LDA $7E7FDE                     A:0000 X:0006 Y:0006 S:04EF D:0240 DB:7E P:nvmxdIZC V:174 H:100
C027A8 $F0 $A8         BEQ $C02752                     A:0001 X:0006 Y:0006 S:04EF D:0240 DB:7E P:nvmxdIzC V:174 H:110
C027AA $80 $E9         BRA $C02795                     A:0001 X:0006 Y:0006 S:04EF D:0240 DB:7E P:nvmxdIzC V:174 H:113
C02795 $AF $FE $FF $C1 LDA $C1FFFE                     A:0001 X:0006 Y:0006 S:04EF D:0240 DB:7E P:nvmxdIzC V:174 H:118
C02799 $10 $09         BPL $C027A4                     A:FFFF X:0006 Y:0006 S:04EF D:0240 DB:7E P:NvmxdIzC V:174 H:127
C0279B $AF $F8 $7F $7E LDA $7E7FF8                     A:FFFF X:0006 Y:0006 S:04EF D:0240 DB:7E P:NvmxdIzC V:174 H:130
C0279F $29 $00 $10     AND #$1000                      A:0000 X:0006 Y:0006 S:04EF D:0240 DB:7E P:nvmxdIZC V:174 H:150
C027A2 $D0 $08         BNE $C027AC                     A:0000 X:0006 Y:0006 S:04EF D:0240 DB:7E P:nvmxdIZC V:174 H:154
C027A4 $AF $DE $7F $7E LDA $7E7FDE                     A:0000 X:0006 Y:0006 S:04EF D:0240 DB:7E P:nvmxdIZC V:174 H:157
C027A8 $F0 $A8         BEQ $C02752                     A:0001 X:0006 Y:0006 S:04EF D:0240 DB:7E P:nvmxdIzC V:174 H:167
C027AA $80 $E9         BRA $C02795                     A:0001 X:0006 Y:0006 S:04EF D:0240 DB:7E P:nvmxdIzC V:174 H:170
C02795 $AF $FE $FF $C1 LDA $C1FFFE                     A:0001 X:0006 Y:0006 S:04EF D:0240 DB:7E P:nvmxdIzC V:174 H:175
C02799 $10 $09         BPL $C027A4                     A:FFFF X:0006 Y:0006 S:04EF D:0240 DB:7E P:NvmxdIzC V:174 H:184
C0279B $AF $F8 $7F $7E LDA $7E7FF8                     A:FFFF X:0006 Y:0006 S:04EF D:0240 DB:7E P:NvmxdIzC V:174 H:187
C0279F $29 $00 $10     AND #$1000                      A:0000 X:0006 Y:0006 S:04EF D:0240 DB:7E P:nvmxdIZC V:174 H:197
C027A2 $D0 $08         BNE $C027AC                     A:0000 X:0006 Y:0006 S:04EF D:0240 DB:7E P:nvmxdIZC V:174 H:201
C027A4 $AF $DE $7F $7E LDA $7E7FDE                     A:0000 X:0006 Y:0006 S:04EF D:0240 DB:7E P:nvmxdIZC V:174 H:204
C027A8 $F0 $A8         BEQ $C02752                     A:0001 X:0006 Y:0006 S:04EF D:0240 DB:7E P:nvmxdIzC V:174 H:214
C027AA $80 $E9         BRA $C02795                     A:0001 X:0006 Y:0006 S:04EF D:0240 DB:7E P:nvmxdIzC V:174 H:217
C02795 $AF $FE $FF $C1 LDA $C1FFFE                     A:0001 X:0006 Y:0006 S:04EF D:0240 DB:7E P:nvmxdIzC V:174 H:222
C02799 $10 $09         BPL $C027A4                     A:FFFF X:0006 Y:0006 S:04EF D:0240 DB:7E P:NvmxdIzC V:174 H:231
C0279B $AF $F8 $7F $7E LDA $7E7FF8                     A:FFFF X:0006 Y:0006 S:04EF D:0240 DB:7E P:NvmxdIzC V:174 H:234
C0279F $29 $00 $10     AND #$1000                      A:0000 X:0006 Y:0006 S:04EF D:0240 DB:7E P:nvmxdIZC V:174 H:244
C027A2 $D0 $08         BNE $C027AC                     A:0000 X:0006 Y:0006 S:04EF D:0240 DB:7E P:nvmxdIZC V:174 H:248
C027A4 $AF $DE $7F $7E LDA $7E7FDE                     A:0000 X:0006 Y:0006 S:04EF D:0240 DB:7E P:nvmxdIZC V:174 H:251
C027A8 $F0 $A8         BEQ $C02752                     A:0001 X:0006 Y:0006 S:04EF D:0240 DB:7E P:nvmxdIzC V:174 H:261
C027AA $80 $E9         BRA $C02795                     A:0001 X:0006 Y:0006 S:04EF D:0240 DB:7E P:nvmxdIzC V:174 H:264
C02795 $AF $FE $FF $C1 LDA $C1FFFE                     A:0001 X:0006 Y:0006 S:04EF D:0240 DB:7E P:nvmxdIzC V:174 H:269
C02799 $10 $09         BPL $C027A4                     A:FFFF X:0006 Y:0006 S:04EF D:0240 DB:7E P:NvmxdIzC V:174 H:294
C0279B $AF $F8 $7F $7E LDA $7E7FF8                     A:FFFF X:0006 Y:0006 S:04EF D:0240 DB:7E P:NvmxdIzC V:174 H:297
C0279F $29 $00 $10     AND #$1000                      A:0000 X:0006 Y:0006 S:04EF D:0240 DB:7E P:nvmxdIZC V:174 H:307
C027A2 $D0 $08         BNE $C027AC                     A:0000 X:0006 Y:0006 S:04EF D:0240 DB:7E P:nvmxdIZC V:174 H:312
C027A4 $AF $DE $7F $7E LDA $7E7FDE                     A:0000 X:0006 Y:0006 S:04EF D:0240 DB:7E P:nvmxdIZC V:174 H:315
C027A8 $F0 $A8         BEQ $C02752                     A:0001 X:0006 Y:0006 S:04EF D:0240 DB:7E P:nvmxdIzC V:174 H:324
C027AA $80 $E9         BRA $C02795                     A:0001 X:0006 Y:0006 S:04EF D:0240 DB:7E P:nvmxdIzC V:174 H:327
C02795 $AF $FE $FF $C1 LDA $C1FFFE                     A:0001 X:0006 Y:0006 S:04EF D:0240 DB:7E P:nvmxdIzC V:174 H:331
C02799 $10 $09         BPL $C027A4                     A:FFFF X:0006 Y:0006 S:04EF D:0240 DB:7E P:NvmxdIzC V:175 H:0  
C0279B $AF $F8 $7F $7E LDA $7E7FF8                     A:FFFF X:0006 Y:0006 S:04EF D:0240 DB:7E P:NvmxdIzC V:175 H:3  
C0279F $29 $00 $10     AND #$1000                      A:0000 X:0006 Y:0006 S:04EF D:0240 DB:7E P:nvmxdIZC V:175 H:13 
C027A2 $D0 $08         BNE $C027AC                     A:0000 X:0006 Y:0006 S:04EF D:0240 DB:7E P:nvmxdIZC V:175 H:18 
C027A4 $AF $DE $7F $7E LDA $7E7FDE                     A:0000 X:0006 Y:0006 S:04EF D:0240 DB:7E P:nvmxdIZC V:175 H:21 
C027A8 $F0 $A8         BEQ $C02752                     A:0001 X:0006 Y:0006 S:04EF D:0240 DB:7E P:nvmxdIzC V:175 H:31 
C027AA $80 $E9         BRA $C02795                     A:0001 X:0006 Y:0006 S:04EF D:0240 DB:7E P:nvmxdIzC V:175 H:34 
C02795 $AF $FE $FF $C1 LDA $C1FFFE                     A:0001 X:0006 Y:0006 S:04EF D:0240 DB:7E P:nvmxdIzC V:175 H:38 
C02799 $10 $09         BPL $C027A4                     A:FFFF X:0006 Y:0006 S:04EF D:0240 DB:7E P:NvmxdIzC V:175 H:47 
C0279B $AF $F8 $7F $7E LDA $7E7FF8                     A:FFFF X:0006 Y:0006 S:04EF D:0240 DB:7E P:NvmxdIzC V:175 H:50 
C0279F $29 $00 $10     AND #$1000                      A:0000 X:0006 Y:0006 S:04EF D:0240 DB:7E P:nvmxdIZC V:175 H:60 
C027A2 $D0 $08         BNE $C027AC                     A:0000 X:0006 Y:0006 S:04EF D:0240 DB:7E P:nvmxdIZC V:175 H:65 
C027A4 $AF $DE $7F $7E LDA $7E7FDE                     A:0000 X:0006 Y:0006 S:04EF D:0240 DB:7E P:nvmxdIZC V:175 H:68 
C027A8 $F0 $A8         BEQ $C02752                     A:0001 X:0006 Y:0006 S:04EF D:0240 DB:7E P:nvmxdIzC V:175 H:78 
C027AA $80 $E9         BRA $C02795                     A:0001 X:0006 Y:0006 S:04EF D:0240 DB:7E P:nvmxdIzC V:175 H:81 
C02795 $AF $FE $FF $C1 LDA $C1FFFE                     A:0001 X:0006 Y:0006 S:04EF D:0240 DB:7E P:nvmxdIzC V:175 H:85 
C02799 $10 $09         BPL $C027A4                     A:FFFF X:0006 Y:0006 S:04EF D:0240 DB:7E P:NvmxdIzC V:175 H:94 
C0279B $AF $F8 $7F $7E LDA $7E7FF8                     A:FFFF X:0006 Y:0006 S:04EF D:0240 DB:7E P:NvmxdIzC V:175 H:97 
C0279F $29 $00 $10     AND #$1000                      A:0000 X:0006 Y:0006 S:04EF D:0240 DB:7E P:nvmxdIZC V:175 H:107
C027A2 $D0 $08         BNE $C027AC                     A:0000 X:0006 Y:0006 S:04EF D:0240 DB:7E P:nvmxdIZC V:175 H:112
C027A4 $AF $DE $7F $7E LDA $7E7FDE                     A:0000 X:0006 Y:0006 S:04EF D:0240 DB:7E P:nvmxdIZC V:175 H:115
C027A8 $F0 $A8         BEQ $C02752                     A:0001 X:0006 Y:0006 S:04EF D:0240 DB:7E P:nvmxdIzC V:175 H:125
C027AA $80 $E9         BRA $C02795                     A:0001 X:0006 Y:0006 S:04EF D:0240 DB:7E P:nvmxdIzC V:175 H:128
C02795 $AF $FE $FF $C1 LDA $C1FFFE                     A:0001 X:0006 Y:0006 S:04EF D:0240 DB:7E P:nvmxdIzC V:175 H:132
C02799 $10 $09         BPL $C027A4                     A:FFFF X:0006 Y:0006 S:04EF D:0240 DB:7E P:NvmxdIzC V:175 H:151
C0279B $AF $F8 $7F $7E LDA $7E7FF8                     A:FFFF X:0006 Y:0006 S:04EF D:0240 DB:7E P:NvmxdIzC V:175 H:154
C0279F $29 $00 $10     AND #$1000                      A:0000 X:0006 Y:0006 S:04EF D:0240 DB:7E P:nvmxdIZC V:175 H:164
C027A2 $D0 $08         BNE $C027AC                     A:0000 X:0006 Y:0006 S:04EF D:0240 DB:7E P:nvmxdIZC V:175 H:169
C027A4 $AF $DE $7F $7E LDA $7E7FDE                     A:0000 X:0006 Y:0006 S:04EF D:0240 DB:7E P:nvmxdIZC V:175 H:172
C027A8 $F0 $A8         BEQ $C02752                     A:0001 X:0006 Y:0006 S:04EF D:0240 DB:7E P:nvmxdIzC V:175 H:182
C027AA $80 $E9         BRA $C02795                     A:0001 X:0006 Y:0006 S:04EF D:0240 DB:7E P:nvmxdIzC V:175 H:185
C02795 $AF $FE $FF $C1 LDA $C1FFFE                     A:0001 X:0006 Y:0006 S:04EF D:0240 DB:7E P:nvmxdIzC V:175 H:189
C02799 $10 $09         BPL $C027A4                     A:FFFF X:0006 Y:0006 S:04EF D:0240 DB:7E P:NvmxdIzC V:175 H:198
C0279B $AF $F8 $7F $7E LDA $7E7FF8                     A:FFFF X:0006 Y:0006 S:04EF D:0240 DB:7E P:NvmxdIzC V:175 H:201
C0279F $29 $00 $10     AND #$1000                      A:0000 X:0006 Y:0006 S:04EF D:0240 DB:7E P:nvmxdIZC V:175 H:211
C027A2 $D0 $08         BNE $C027AC                     A:0000 X:0006 Y:0006 S:04EF D:0240 DB:7E P:nvmxdIZC V:175 H:216
C027A4 $AF $DE $7F $7E LDA $7E7FDE                     A:0000 X:0006 Y:0006 S:04EF D:0240 DB:7E P:nvmxdIZC V:175 H:219
C027A8 $F0 $A8         BEQ $C02752                     A:0001 X:0006 Y:0006 S:04EF D:0240 DB:7E P:nvmxdIzC V:175 H:229
C027AA $80 $E9         BRA $C02795                     A:0001 X:0006 Y:0006 S:04EF D:0240 DB:7E P:nvmxdIzC V:175 H:232
C02795 $AF $FE $FF $C1 LDA $C1FFFE                     A:0001 X:0006 Y:0006 S:04EF D:0240 DB:7E P:nvmxdIzC V:175 H:236
C02799 $10 $09         BPL $C027A4                     A:FFFF X:0006 Y:0006 S:04EF D:0240 DB:7E P:NvmxdIzC V:175 H:245
C0279B $AF $F8 $7F $7E LDA $7E7FF8                     A:FFFF X:0006 Y:0006 S:04EF D:0240 DB:7E P:NvmxdIzC V:175 H:248
C0279F $29 $00 $10     AND #$1000                      A:0000 X:0006 Y:0006 S:04EF D:0240 DB:7E P:nvmxdIZC V:175 H:258
C027A2 $D0 $08         BNE $C027AC                     A:0000 X:0006 Y:0006 S:04EF D:0240 DB:7E P:nvmxdIZC V:175 H:263
C027A4 $AF $DE $7F $7E LDA $7E7FDE                     A:0000 X:0006 Y:0006 S:04EF D:0240 DB:7E P:nvmxdIZC V:175 H:266
C027A8 $F0 $A8         BEQ $C02752                     A:0001 X:0006 Y:0006 S:04EF D:0240 DB:7E P:nvmxdIzC V:175 H:276
C027AA $80 $E9         BRA $C02795                     A:0001 X:0006 Y:0006 S:04EF D:0240 DB:7E P:nvmxdIzC V:175 H:319
C02795 $AF $FE $FF $C1 LDA $C1FFFE                     A:0001 X:0006 Y:0006 S:04EF D:0240 DB:7E P:nvmxdIzC V:175 H:323
C02799 $10 $09         BPL $C027A4                     A:FFFF X:0006 Y:0006 S:04EF D:0240 DB:7E P:NvmxdIzC V:175 H:332
C0279B $AF $F8 $7F $7E LDA $7E7FF8                     A:FFFF X:0006 Y:0006 S:04EF D:0240 DB:7E P:NvmxdIzC V:175 H:335
C0279F $29 $00 $10     AND #$1000                      A:0000 X:0006 Y:0006 S:04EF D:0240 DB:7E P:nvmxdIZC V:176 H:5  
C027A2 $D0 $08         BNE $C027AC                     A:0000 X:0006 Y:0006 S:04EF D:0240 DB:7E P:nvmxdIZC V:176 H:9  
C027A4 $AF $DE $7F $7E LDA $7E7FDE                     A:0000 X:0006 Y:0006 S:04EF D:0240 DB:7E P:nvmxdIZC V:176 H:12 
C027A8 $F0 $A8         BEQ $C02752                     A:0001 X:0006 Y:0006 S:04EF D:0240 DB:7E P:nvmxdIzC V:176 H:22 
C027AA $80 $E9         BRA $C02795                     A:0001 X:0006 Y:0006 S:04EF D:0240 DB:7E P:nvmxdIzC V:176 H:25 
C02795 $AF $FE $FF $C1 LDA $C1FFFE                     A:0001 X:0006 Y:0006 S:04EF D:0240 DB:7E P:nvmxdIzC V:176 H:30 
C02799 $10 $09         BPL $C027A4                     A:FFFF X:0006 Y:0006 S:04EF D:0240 DB:7E P:NvmxdIzC V:176 H:39 
C0279B $AF $F8 $7F $7E LDA $7E7FF8                     A:FFFF X:0006 Y:0006 S:04EF D:0240 DB:7E P:NvmxdIzC V:176 H:42 
C0279F $29 $00 $10     AND #$1000                      A:0000 X:0006 Y:0006 S:04EF D:0240 DB:7E P:nvmxdIZC V:176 H:52 
C027A2 $D0 $08         BNE $C027AC                     A:0000 X:0006 Y:0006 S:04EF D:0240 DB:7E P:nvmxdIZC V:176 H:56 
C027A4 $AF $DE $7F $7E LDA $7E7FDE                     A:0000 X:0006 Y:0006 S:04EF D:0240 DB:7E P:nvmxdIZC V:176 H:59 
C027A8 $F0 $A8         BEQ $C02752                     A:0001 X:0006 Y:0006 S:04EF D:0240 DB:7E P:nvmxdIzC V:176 H:69 
C027AA $80 $E9         BRA $C02795                     A:0001 X:0006 Y:0006 S:04EF D:0240 DB:7E P:nvmxdIzC V:176 H:72 
C02795 $AF $FE $FF $C1 LDA $C1FFFE                     A:0001 X:0006 Y:0006 S:04EF D:0240 DB:7E P:nvmxdIzC V:176 H:77 
C02799 $10 $09         BPL $C027A4                     A:FFFF X:0006 Y:0006 S:04EF D:0240 DB:7E P:NvmxdIzC V:176 H:86 
C0279B $AF $F8 $7F $7E LDA $7E7FF8                     A:FFFF X:0006 Y:0006 S:04EF D:0240 DB:7E P:NvmxdIzC V:176 H:89 
C0279F $29 $00 $10     AND #$1000                      A:0000 X:0006 Y:0006 S:04EF D:0240 DB:7E P:nvmxdIZC V:176 H:99 
C027A2 $D0 $08         BNE $C027AC                     A:0000 X:0006 Y:0006 S:04EF D:0240 DB:7E P:nvmxdIZC V:176 H:103
C027A4 $AF $DE $7F $7E LDA $7E7FDE                     A:0000 X:0006 Y:0006 S:04EF D:0240 DB:7E P:nvmxdIZC V:176 H:106
C027A8 $F0 $A8         BEQ $C02752                     A:0001 X:0006 Y:0006 S:04EF D:0240 DB:7E P:nvmxdIzC V:176 H:116
C027AA $80 $E9         BRA $C02795                     A:0001 X:0006 Y:0006 S:04EF D:0240 DB:7E P:nvmxdIzC V:176 H:119
C02795 $AF $FE $FF $C1 LDA $C1FFFE                     A:0001 X:0006 Y:0006 S:04EF D:0240 DB:7E P:nvmxdIzC V:176 H:124
C02799 $10 $09         BPL $C027A4                     A:FFFF X:0006 Y:0006 S:04EF D:0240 DB:7E P:NvmxdIzC V:176 H:133
C0279B $AF $F8 $7F $7E LDA $7E7FF8                     A:FFFF X:0006 Y:0006 S:04EF D:0240 DB:7E P:NvmxdIzC V:176 H:146
C0279F $29 $00 $10     AND #$1000                      A:0000 X:0006 Y:0006 S:04EF D:0240 DB:7E P:nvmxdIZC V:176 H:156
C027A2 $D0 $08         BNE $C027AC                     A:0000 X:0006 Y:0006 S:04EF D:0240 DB:7E P:nvmxdIZC V:176 H:160
C027A4 $AF $DE $7F $7E LDA $7E7FDE                     A:0000 X:0006 Y:0006 S:04EF D:0240 DB:7E P:nvmxdIZC V:176 H:163
C027A8 $F0 $A8         BEQ $C02752                     A:0001 X:0006 Y:0006 S:04EF D:0240 DB:7E P:nvmxdIzC V:176 H:173
C027AA $80 $E9         BRA $C02795                     A:0001 X:0006 Y:0006 S:04EF D:0240 DB:7E P:nvmxdIzC V:176 H:176
C02795 $AF $FE $FF $C1 LDA $C1FFFE                     A:0001 X:0006 Y:0006 S:04EF D:0240 DB:7E P:nvmxdIzC V:176 H:181
C02799 $10 $09         BPL $C027A4                     A:FFFF X:0006 Y:0006 S:04EF D:0240 DB:7E P:NvmxdIzC V:176 H:190
C0279B $AF $F8 $7F $7E LDA $7E7FF8                     A:FFFF X:0006 Y:0006 S:04EF D:0240 DB:7E P:NvmxdIzC V:176 H:193
C0279F $29 $00 $10     AND #$1000                      A:0000 X:0006 Y:0006 S:04EF D:0240 DB:7E P:nvmxdIZC V:176 H:203
C027A2 $D0 $08         BNE $C027AC                     A:0000 X:0006 Y:0006 S:04EF D:0240 DB:7E P:nvmxdIZC V:176 H:207
C027A4 $AF $DE $7F $7E LDA $7E7FDE                     A:0000 X:0006 Y:0006 S:04EF D:0240 DB:7E P:nvmxdIZC V:176 H:210
C027A8 $F0 $A8         BEQ $C02752                     A:0001 X:0006 Y:0006 S:04EF D:0240 DB:7E P:nvmxdIzC V:176 H:220
C027AA $80 $E9         BRA $C02795                     A:0001 X:0006 Y:0006 S:04EF D:0240 DB:7E P:nvmxdIzC V:176 H:223
C02795 $AF $FE $FF $C1 LDA $C1FFFE                     A:0001 X:0006 Y:0006 S:04EF D:0240 DB:7E P:nvmxdIzC V:176 H:228
C02799 $10 $09         BPL $C027A4                     A:FFFF X:0006 Y:0006 S:04EF D:0240 DB:7E P:NvmxdIzC V:176 H:237
C0279B $AF $F8 $7F $7E LDA $7E7FF8                     A:FFFF X:0006 Y:0006 S:04EF D:0240 DB:7E P:NvmxdIzC V:176 H:240
C0279F $29 $00 $10     AND #$1000                      A:0000 X:0006 Y:0006 S:04EF D:0240 DB:7E P:nvmxdIZC V:176 H:250
C027A2 $D0 $08         BNE $C027AC                     A:0000 X:0006 Y:0006 S:04EF D:0240 DB:7E P:nvmxdIZC V:176 H:254
C027A4 $AF $DE $7F $7E LDA $7E7FDE                     A:0000 X:0006 Y:0006 S:04EF D:0240 DB:7E P:nvmxdIZC V:176 H:257
C027A8 $F0 $A8         BEQ $C02752                     A:0001 X:0006 Y:0006 S:04EF D:0240 DB:7E P:nvmxdIzC V:176 H:267
C027AA $80 $E9         BRA $C02795                     A:0001 X:0006 Y:0006 S:04EF D:0240 DB:7E P:nvmxdIzC V:176 H:270
C02795 $AF $FE $FF $C1 LDA $C1FFFE                     A:0001 X:0006 Y:0006 S:04EF D:0240 DB:7E P:nvmxdIzC V:176 H:275
C02799 $10 $09         BPL $C027A4                     A:FFFF X:0006 Y:0006 S:04EF D:0240 DB:7E P:NvmxdIzC V:176 H:325
C0279B $AF $F8 $7F $7E LDA $7E7FF8                     A:FFFF X:0006 Y:0006 S:04EF D:0240 DB:7E P:NvmxdIzC V:176 H:328
C0279F $29 $00 $10     AND #$1000                      A:0000 X:0006 Y:0006 S:04EF D:0240 DB:7E P:nvmxdIZC V:176 H:338
C027A2 $D0 $08         BNE $C027AC                     A:0000 X:0006 Y:0006 S:04EF D:0240 DB:7E P:nvmxdIZC V:177 H:2  
C027A4 $AF $DE $7F $7E LDA $7E7FDE                     A:0000 X:0006 Y:0006 S:04EF D:0240 DB:7E P:nvmxdIZC V:177 H:5  
C027A8 $F0 $A8         BEQ $C02752                     A:0001 X:0006 Y:0006 S:04EF D:0240 DB:7E P:nvmxdIzC V:177 H:15 
C027AA $80 $E9         BRA $C02795                     A:0001 X:0006 Y:0006 S:04EF D:0240 DB:7E P:nvmxdIzC V:177 H:18 
C02795 $AF $FE $FF $C1 LDA $C1FFFE                     A:0001 X:0006 Y:0006 S:04EF D:0240 DB:7E P:nvmxdIzC V:177 H:23 
C02799 $10 $09         BPL $C027A4                     A:FFFF X:0006 Y:0006 S:04EF D:0240 DB:7E P:NvmxdIzC V:177 H:32 
C0279B $AF $F8 $7F $7E LDA $7E7FF8                     A:FFFF X:0006 Y:0006 S:04EF D:0240 DB:7E P:NvmxdIzC V:177 H:35 
C0279F $29 $00 $10     AND #$1000                      A:0000 X:0006 Y:0006 S:04EF D:0240 DB:7E P:nvmxdIZC V:177 H:45 
C027A2 $D0 $08         BNE $C027AC                     A:0000 X:0006 Y:0006 S:04EF D:0240 DB:7E P:nvmxdIZC V:177 H:49 
C027A4 $AF $DE $7F $7E LDA $7E7FDE                     A:0000 X:0006 Y:0006 S:04EF D:0240 DB:7E P:nvmxdIZC V:177 H:52 
C027A8 $F0 $A8         BEQ $C02752                     A:0001 X:0006 Y:0006 S:04EF D:0240 DB:7E P:nvmxdIzC V:177 H:62 
C027AA $80 $E9         BRA $C02795                     A:0001 X:0006 Y:0006 S:04EF D:0240 DB:7E P:nvmxdIzC V:177 H:65 
C02795 $AF $FE $FF $C1 LDA $C1FFFE                     A:0001 X:0006 Y:0006 S:04EF D:0240 DB:7E P:nvmxdIzC V:177 H:70 
C02799 $10 $09         BPL $C027A4                     A:FFFF X:0006 Y:0006 S:04EF D:0240 DB:7E P:NvmxdIzC V:177 H:79 
C0279B $AF $F8 $7F $7E LDA $7E7FF8                     A:FFFF X:0006 Y:0006 S:04EF D:0240 DB:7E P:NvmxdIzC V:177 H:82 
C0279F $29 $00 $10     AND #$1000                      A:0000 X:0006 Y:0006 S:04EF D:0240 DB:7E P:nvmxdIZC V:177 H:92 
C027A2 $D0 $08         BNE $C027AC                     A:0000 X:0006 Y:0006 S:04EF D:0240 DB:7E P:nvmxdIZC V:177 H:96 
C027A4 $AF $DE $7F $7E LDA $7E7FDE                     A:0000 X:0006 Y:0006 S:04EF D:0240 DB:7E P:nvmxdIZC V:177 H:99 
C027A8 $F0 $A8         BEQ $C02752                     A:0001 X:0006 Y:0006 S:04EF D:0240 DB:7E P:nvmxdIzC V:177 H:109
C027AA $80 $E9         BRA $C02795                     A:0001 X:0006 Y:0006 S:04EF D:0240 DB:7E P:nvmxdIzC V:177 H:112
C02795 $AF $FE $FF $C1 LDA $C1FFFE                     A:0001 X:0006 Y:0006 S:04EF D:0240 DB:7E P:nvmxdIzC V:177 H:117
C02799 $10 $09         BPL $C027A4                     A:FFFF X:0006 Y:0006 S:04EF D:0240 DB:7E P:NvmxdIzC V:177 H:126
C0279B $AF $F8 $7F $7E LDA $7E7FF8                     A:FFFF X:0006 Y:0006 S:04EF D:0240 DB:7E P:NvmxdIzC V:177 H:129
C0279F $29 $00 $10     AND #$1000                      A:0000 X:0006 Y:0006 S:04EF D:0240 DB:7E P:nvmxdIZC V:177 H:149
C027A2 $D0 $08         BNE $C027AC                     A:0000 X:0006 Y:0006 S:04EF D:0240 DB:7E P:nvmxdIZC V:177 H:153
C027A4 $AF $DE $7F $7E LDA $7E7FDE                     A:0000 X:0006 Y:0006 S:04EF D:0240 DB:7E P:nvmxdIZC V:177 H:156
C027A8 $F0 $A8         BEQ $C02752                     A:0001 X:0006 Y:0006 S:04EF D:0240 DB:7E P:nvmxdIzC V:177 H:166
C027AA $80 $E9         BRA $C02795                     A:0001 X:0006 Y:0006 S:04EF D:0240 DB:7E P:nvmxdIzC V:177 H:169
C02795 $AF $FE $FF $C1 LDA $C1FFFE                     A:0001 X:0006 Y:0006 S:04EF D:0240 DB:7E P:nvmxdIzC V:177 H:174
C02799 $10 $09         BPL $C027A4                     A:FFFF X:0006 Y:0006 S:04EF D:0240 DB:7E P:NvmxdIzC V:177 H:183
C0279B $AF $F8 $7F $7E LDA $7E7FF8                     A:FFFF X:0006 Y:0006 S:04EF D:0240 DB:7E P:NvmxdIzC V:177 H:186
C0279F $29 $00 $10     AND #$1000                      A:0000 X:0006 Y:0006 S:04EF D:0240 DB:7E P:nvmxdIZC V:177 H:196
C027A2 $D0 $08         BNE $C027AC                     A:0000 X:0006 Y:0006 S:04EF D:0240 DB:7E P:nvmxdIZC V:177 H:200
C027A4 $AF $DE $7F $7E LDA $7E7FDE                     A:0000 X:0006 Y:0006 S:04EF D:0240 DB:7E P:nvmxdIZC V:177 H:203
C027A8 $F0 $A8         BEQ $C02752                     A:0001 X:0006 Y:0006 S:04EF D:0240 DB:7E P:nvmxdIzC V:177 H:213
C027AA $80 $E9         BRA $C02795                     A:0001 X:0006 Y:0006 S:04EF D:0240 DB:7E P:nvmxdIzC V:177 H:216
C02795 $AF $FE $FF $C1 LDA $C1FFFE                     A:0001 X:0006 Y:0006 S:04EF D:0240 DB:7E P:nvmxdIzC V:177 H:221
C02799 $10 $09         BPL $C027A4                     A:FFFF X:0006 Y:0006 S:04EF D:0240 DB:7E P:NvmxdIzC V:177 H:230
C0279B $AF $F8 $7F $7E LDA $7E7FF8                     A:FFFF X:0006 Y:0006 S:04EF D:0240 DB:7E P:NvmxdIzC V:177 H:233
C0279F $29 $00 $10     AND #$1000                      A:0000 X:0006 Y:0006 S:04EF D:0240 DB:7E P:nvmxdIZC V:177 H:243
C027A2 $D0 $08         BNE $C027AC                     A:0000 X:0006 Y:0006 S:04EF D:0240 DB:7E P:nvmxdIZC V:177 H:247
C027A4 $AF $DE $7F $7E LDA $7E7FDE                     A:0000 X:0006 Y:0006 S:04EF D:0240 DB:7E P:nvmxdIZC V:177 H:250
C027A8 $F0 $A8         BEQ $C02752                     A:0001 X:0006 Y:0006 S:04EF D:0240 DB:7E P:nvmxdIzC V:177 H:260
C027AA $80 $E9         BRA $C02795                     A:0001 X:0006 Y:0006 S:04EF D:0240 DB:7E P:nvmxdIzC V:177 H:263
C02795 $AF $FE $FF $C1 LDA $C1FFFE                     A:0001 X:0006 Y:0006 S:04EF D:0240 DB:7E P:nvmxdIzC V:177 H:268
C02799 $10 $09         BPL $C027A4                     A:FFFF X:0006 Y:0006 S:04EF D:0240 DB:7E P:NvmxdIzC V:177 H:293
C0279B $AF $F8 $7F $7E LDA $7E7FF8                     A:FFFF X:0006 Y:0006 S:04EF D:0240 DB:7E P:NvmxdIzC V:177 H:296
C0279F $29 $00 $10     AND #$1000                      A:0000 X:0006 Y:0006 S:04EF D:0240 DB:7E P:nvmxdIZC V:177 H:306
C027A2 $D0 $08         BNE $C027AC                     A:0000 X:0006 Y:0006 S:04EF D:0240 DB:7E P:nvmxdIZC V:177 H:311
C027A4 $AF $DE $7F $7E LDA $7E7FDE                     A:0000 X:0006 Y:0006 S:04EF D:0240 DB:7E P:nvmxdIZC V:177 H:314
C027A8 $F0 $A8         BEQ $C02752                     A:0001 X:0006 Y:0006 S:04EF D:0240 DB:7E P:nvmxdIzC V:177 H:323
C027AA $80 $E9         BRA $C02795                     A:0001 X:0006 Y:0006 S:04EF D:0240 DB:7E P:nvmxdIzC V:177 H:326
C02795 $AF $FE $FF $C1 LDA $C1FFFE                     A:0001 X:0006 Y:0006 S:04EF D:0240 DB:7E P:nvmxdIzC V:177 H:330
C02799 $10 $09         BPL $C027A4                     A:FFFF X:0006 Y:0006 S:04EF D:0240 DB:7E P:NvmxdIzC V:177 H:339
C0279B $AF $F8 $7F $7E LDA $7E7FF8                     A:FFFF X:0006 Y:0006 S:04EF D:0240 DB:7E P:NvmxdIzC V:178 H:2  
C0279F $29 $00 $10     AND #$1000                      A:0000 X:0006 Y:0006 S:04EF D:0240 DB:7E P:nvmxdIZC V:178 H:12 
C027A2 $D0 $08         BNE $C027AC                     A:0000 X:0006 Y:0006 S:04EF D:0240 DB:7E P:nvmxdIZC V:178 H:17 
C027A4 $AF $DE $7F $7E LDA $7E7FDE                     A:0000 X:0006 Y:0006 S:04EF D:0240 DB:7E P:nvmxdIZC V:178 H:20 
C027A8 $F0 $A8         BEQ $C02752                     A:0001 X:0006 Y:0006 S:04EF D:0240 DB:7E P:nvmxdIzC V:178 H:30 
C027AA $80 $E9         BRA $C02795                     A:0001 X:0006 Y:0006 S:04EF D:0240 DB:7E P:nvmxdIzC V:178 H:33 
C02795 $AF $FE $FF $C1 LDA $C1FFFE                     A:0001 X:0006 Y:0006 S:04EF D:0240 DB:7E P:nvmxdIzC V:178 H:37 
C02799 $10 $09         BPL $C027A4                     A:FFFF X:0006 Y:0006 S:04EF D:0240 DB:7E P:NvmxdIzC V:178 H:46 
C0279B $AF $F8 $7F $7E LDA $7E7FF8                     A:FFFF X:0006 Y:0006 S:04EF D:0240 DB:7E P:NvmxdIzC V:178 H:49 
C0279F $29 $00 $10     AND #$1000                      A:0000 X:0006 Y:0006 S:04EF D:0240 DB:7E P:nvmxdIZC V:178 H:59 
C027A2 $D0 $08         BNE $C027AC                     A:0000 X:0006 Y:0006 S:04EF D:0240 DB:7E P:nvmxdIZC V:178 H:64 
C027A4 $AF $DE $7F $7E LDA $7E7FDE                     A:0000 X:0006 Y:0006 S:04EF D:0240 DB:7E P:nvmxdIZC V:178 H:67 
C027A8 $F0 $A8         BEQ $C02752                     A:0001 X:0006 Y:0006 S:04EF D:0240 DB:7E P:nvmxdIzC V:178 H:77 
C027AA $80 $E9         BRA $C02795                     A:0001 X:0006 Y:0006 S:04EF D:0240 DB:7E P:nvmxdIzC V:178 H:80 
C02795 $AF $FE $FF $C1 LDA $C1FFFE                     A:0001 X:0006 Y:0006 S:04EF D:0240 DB:7E P:nvmxdIzC V:178 H:84 
C02799 $10 $09         BPL $C027A4                     A:FFFF X:0006 Y:0006 S:04EF D:0240 DB:7E P:NvmxdIzC V:178 H:93 
C0279B $AF $F8 $7F $7E LDA $7E7FF8                     A:FFFF X:0006 Y:0006 S:04EF D:0240 DB:7E P:NvmxdIzC V:178 H:96 
C0279F $29 $00 $10     AND #$1000                      A:0000 X:0006 Y:0006 S:04EF D:0240 DB:7E P:nvmxdIZC V:178 H:106
C027A2 $D0 $08         BNE $C027AC                     A:0000 X:0006 Y:0006 S:04EF D:0240 DB:7E P:nvmxdIZC V:178 H:111
C027A4 $AF $DE $7F $7E LDA $7E7FDE                     A:0000 X:0006 Y:0006 S:04EF D:0240 DB:7E P:nvmxdIZC V:178 H:114
C027A8 $F0 $A8         BEQ $C02752                     A:0001 X:0006 Y:0006 S:04EF D:0240 DB:7E P:nvmxdIzC V:178 H:124
C027AA $80 $E9         BRA $C02795                     A:0001 X:0006 Y:0006 S:04EF D:0240 DB:7E P:nvmxdIzC V:178 H:127
C02795 $AF $FE $FF $C1 LDA $C1FFFE                     A:0001 X:0006 Y:0006 S:04EF D:0240 DB:7E P:nvmxdIzC V:178 H:131
C02799 $10 $09         BPL $C027A4                     A:FFFF X:0006 Y:0006 S:04EF D:0240 DB:7E P:NvmxdIzC V:178 H:150
C0279B $AF $F8 $7F $7E LDA $7E7FF8                     A:FFFF X:0006 Y:0006 S:04EF D:0240 DB:7E P:NvmxdIzC V:178 H:153
C0279F $29 $00 $10     AND #$1000                      A:0000 X:0006 Y:0006 S:04EF D:0240 DB:7E P:nvmxdIZC V:178 H:163
C027A2 $D0 $08         BNE $C027AC                     A:0000 X:0006 Y:0006 S:04EF D:0240 DB:7E P:nvmxdIZC V:178 H:168
C027A4 $AF $DE $7F $7E LDA $7E7FDE                     A:0000 X:0006 Y:0006 S:04EF D:0240 DB:7E P:nvmxdIZC V:178 H:171
C027A8 $F0 $A8         BEQ $C02752                     A:0001 X:0006 Y:0006 S:04EF D:0240 DB:7E P:nvmxdIzC V:178 H:181
C027AA $80 $E9         BRA $C02795                     A:0001 X:0006 Y:0006 S:04EF D:0240 DB:7E P:nvmxdIzC V:178 H:184
C02795 $AF $FE $FF $C1 LDA $C1FFFE                     A:0001 X:0006 Y:0006 S:04EF D:0240 DB:7E P:nvmxdIzC V:178 H:188
C02799 $10 $09         BPL $C027A4                     A:FFFF X:0006 Y:0006 S:04EF D:0240 DB:7E P:NvmxdIzC V:178 H:197
C0279B $AF $F8 $7F $7E LDA $7E7FF8                     A:FFFF X:0006 Y:0006 S:04EF D:0240 DB:7E P:NvmxdIzC V:178 H:200
C0279F $29 $00 $10     AND #$1000                      A:0000 X:0006 Y:0006 S:04EF D:0240 DB:7E P:nvmxdIZC V:178 H:210
C027A2 $D0 $08         BNE $C027AC                     A:0000 X:0006 Y:0006 S:04EF D:0240 DB:7E P:nvmxdIZC V:178 H:215
C027A4 $AF $DE $7F $7E LDA $7E7FDE                     A:0000 X:0006 Y:0006 S:04EF D:0240 DB:7E P:nvmxdIZC V:178 H:218
C027A8 $F0 $A8         BEQ $C02752                     A:0001 X:0006 Y:0006 S:04EF D:0240 DB:7E P:nvmxdIzC V:178 H:228
C027AA $80 $E9         BRA $C02795                     A:0001 X:0006 Y:0006 S:04EF D:0240 DB:7E P:nvmxdIzC V:178 H:231
C02795 $AF $FE $FF $C1 LDA $C1FFFE                     A:0001 X:0006 Y:0006 S:04EF D:0240 DB:7E P:nvmxdIzC V:178 H:235
C02799 $10 $09         BPL $C027A4                     A:FFFF X:0006 Y:0006 S:04EF D:0240 DB:7E P:NvmxdIzC V:178 H:244
C0279B $AF $F8 $7F $7E LDA $7E7FF8                     A:FFFF X:0006 Y:0006 S:04EF D:0240 DB:7E P:NvmxdIzC V:178 H:247
C0279F $29 $00 $10     AND #$1000                      A:0000 X:0006 Y:0006 S:04EF D:0240 DB:7E P:nvmxdIZC V:178 H:257
C027A2 $D0 $08         BNE $C027AC                     A:0000 X:0006 Y:0006 S:04EF D:0240 DB:7E P:nvmxdIZC V:178 H:262
C027A4 $AF $DE $7F $7E LDA $7E7FDE                     A:0000 X:0006 Y:0006 S:04EF D:0240 DB:7E P:nvmxdIZC V:178 H:265
C027A8 $F0 $A8         BEQ $C02752                     A:0001 X:0006 Y:0006 S:04EF D:0240 DB:7E P:nvmxdIzC V:178 H:275
C027AA $80 $E9         BRA $C02795                     A:0001 X:0006 Y:0006 S:04EF D:0240 DB:7E P:nvmxdIzC V:178 H:294
C02795 $AF $FE $FF $C1 LDA $C1FFFE                     A:0001 X:0006 Y:0006 S:04EF D:0240 DB:7E P:nvmxdIzC V:178 H:299
C02799 $10 $09         BPL $C027A4                     A:FFFF X:0006 Y:0006 S:04EF D:0240 DB:7E P:NvmxdIzC V:178 H:308
C0279B $AF $F8 $7F $7E LDA $7E7FF8                     A:FFFF X:0006 Y:0006 S:04EF D:0240 DB:7E P:NvmxdIzC V:178 H:311
C0279F $29 $00 $10     AND #$1000                      A:0000 X:0006 Y:0006 S:04EF D:0240 DB:7E P:nvmxdIZC V:178 H:321
C027A2 $D0 $08         BNE $C027AC                     A:0000 X:0006 Y:0006 S:04EF D:0240 DB:7E P:nvmxdIZC V:178 H:325
C027A4 $AF $DE $7F $7E LDA $7E7FDE                     A:0000 X:0006 Y:0006 S:04EF D:0240 DB:7E P:nvmxdIZC V:178 H:327
C027A8 $F0 $A8         BEQ $C02752                     A:0001 X:0006 Y:0006 S:04EF D:0240 DB:7E P:nvmxdIzC V:178 H:337
C027AA $80 $E9         BRA $C02795                     A:0001 X:0006 Y:0006 S:04EF D:0240 DB:7E P:nvmxdIzC V:179 H:0  
C02795 $AF $FE $FF $C1 LDA $C1FFFE                     A:0001 X:0006 Y:0006 S:04EF D:0240 DB:7E P:nvmxdIzC V:179 H:5  
C02799 $10 $09         BPL $C027A4                     A:FFFF X:0006 Y:0006 S:04EF D:0240 DB:7E P:NvmxdIzC V:179 H:14 
C0279B $AF $F8 $7F $7E LDA $7E7FF8                     A:FFFF X:0006 Y:0006 S:04EF D:0240 DB:7E P:NvmxdIzC V:179 H:17 
C0279F $29 $00 $10     AND #$1000                      A:0000 X:0006 Y:0006 S:04EF D:0240 DB:7E P:nvmxdIZC V:179 H:27 
C027A2 $D0 $08         BNE $C027AC                     A:0000 X:0006 Y:0006 S:04EF D:0240 DB:7E P:nvmxdIZC V:179 H:31 
C027A4 $AF $DE $7F $7E LDA $7E7FDE                     A:0000 X:0006 Y:0006 S:04EF D:0240 DB:7E P:nvmxdIZC V:179 H:34 
C027A8 $F0 $A8         BEQ $C02752                     A:0001 X:0006 Y:0006 S:04EF D:0240 DB:7E P:nvmxdIzC V:179 H:44 
C027AA $80 $E9         BRA $C02795                     A:0001 X:0006 Y:0006 S:04EF D:0240 DB:7E P:nvmxdIzC V:179 H:47 
C02795 $AF $FE $FF $C1 LDA $C1FFFE                     A:0001 X:0006 Y:0006 S:04EF D:0240 DB:7E P:nvmxdIzC V:179 H:52 
C02799 $10 $09         BPL $C027A4                     A:FFFF X:0006 Y:0006 S:04EF D:0240 DB:7E P:NvmxdIzC V:179 H:61 
C0279B $AF $F8 $7F $7E LDA $7E7FF8                     A:FFFF X:0006 Y:0006 S:04EF D:0240 DB:7E P:NvmxdIzC V:179 H:64 
C0279F $29 $00 $10     AND #$1000                      A:0000 X:0006 Y:0006 S:04EF D:0240 DB:7E P:nvmxdIZC V:179 H:74 
C027A2 $D0 $08         BNE $C027AC                     A:0000 X:0006 Y:0006 S:04EF D:0240 DB:7E P:nvmxdIZC V:179 H:78 
C027A4 $AF $DE $7F $7E LDA $7E7FDE                     A:0000 X:0006 Y:0006 S:04EF D:0240 DB:7E P:nvmxdIZC V:179 H:81 
C027A8 $F0 $A8         BEQ $C02752                     A:0001 X:0006 Y:0006 S:04EF D:0240 DB:7E P:nvmxdIzC V:179 H:91 
C027AA $80 $E9         BRA $C02795                     A:0001 X:0006 Y:0006 S:04EF D:0240 DB:7E P:nvmxdIzC V:179 H:94 
C02795 $AF $FE $FF $C1 LDA $C1FFFE                     A:0001 X:0006 Y:0006 S:04EF D:0240 DB:7E P:nvmxdIzC V:179 H:99 
C02799 $10 $09         BPL $C027A4                     A:FFFF X:0006 Y:0006 S:04EF D:0240 DB:7E P:NvmxdIzC V:179 H:108
C0279B $AF $F8 $7F $7E LDA $7E7FF8                     A:FFFF X:0006 Y:0006 S:04EF D:0240 DB:7E P:NvmxdIzC V:179 H:111
C0279F $29 $00 $10     AND #$1000                      A:0000 X:0006 Y:0006 S:04EF D:0240 DB:7E P:nvmxdIZC V:179 H:121
C027A2 $D0 $08         BNE $C027AC                     A:0000 X:0006 Y:0006 S:04EF D:0240 DB:7E P:nvmxdIZC V:179 H:125
C027A4 $AF $DE $7F $7E LDA $7E7FDE                     A:0000 X:0006 Y:0006 S:04EF D:0240 DB:7E P:nvmxdIZC V:179 H:128
C027A8 $F0 $A8         BEQ $C02752                     A:0001 X:0006 Y:0006 S:04EF D:0240 DB:7E P:nvmxdIzC V:179 H:148
C027AA $80 $E9         BRA $C02795                     A:0001 X:0006 Y:0006 S:04EF D:0240 DB:7E P:nvmxdIzC V:179 H:151
C02795 $AF $FE $FF $C1 LDA $C1FFFE                     A:0001 X:0006 Y:0006 S:04EF D:0240 DB:7E P:nvmxdIzC V:179 H:156
C02799 $10 $09         BPL $C027A4                     A:FFFF X:0006 Y:0006 S:04EF D:0240 DB:7E P:NvmxdIzC V:179 H:165
C0279B $AF $F8 $7F $7E LDA $7E7FF8                     A:FFFF X:0006 Y:0006 S:04EF D:0240 DB:7E P:NvmxdIzC V:179 H:168
C0279F $29 $00 $10     AND #$1000                      A:0000 X:0006 Y:0006 S:04EF D:0240 DB:7E P:nvmxdIZC V:179 H:178
C027A2 $D0 $08         BNE $C027AC                     A:0000 X:0006 Y:0006 S:04EF D:0240 DB:7E P:nvmxdIZC V:179 H:182
C027A4 $AF $DE $7F $7E LDA $7E7FDE                     A:0000 X:0006 Y:0006 S:04EF D:0240 DB:7E P:nvmxdIZC V:179 H:185
C027A8 $F0 $A8         BEQ $C02752                     A:0001 X:0006 Y:0006 S:04EF D:0240 DB:7E P:nvmxdIzC V:179 H:195
C027AA $80 $E9         BRA $C02795                     A:0001 X:0006 Y:0006 S:04EF D:0240 DB:7E P:nvmxdIzC V:179 H:198
C02795 $AF $FE $FF $C1 LDA $C1FFFE                     A:0001 X:0006 Y:0006 S:04EF D:0240 DB:7E P:nvmxdIzC V:179 H:203
C02799 $10 $09         BPL $C027A4                     A:FFFF X:0006 Y:0006 S:04EF D:0240 DB:7E P:NvmxdIzC V:179 H:212
C0279B $AF $F8 $7F $7E LDA $7E7FF8                     A:FFFF X:0006 Y:0006 S:04EF D:0240 DB:7E P:NvmxdIzC V:179 H:215
C0279F $29 $00 $10     AND #$1000                      A:0000 X:0006 Y:0006 S:04EF D:0240 DB:7E P:nvmxdIZC V:179 H:225
C027A2 $D0 $08         BNE $C027AC                     A:0000 X:0006 Y:0006 S:04EF D:0240 DB:7E P:nvmxdIZC V:179 H:229
C027A4 $AF $DE $7F $7E LDA $7E7FDE                     A:0000 X:0006 Y:0006 S:04EF D:0240 DB:7E P:nvmxdIZC V:179 H:232
C027A8 $F0 $A8         BEQ $C02752                     A:0001 X:0006 Y:0006 S:04EF D:0240 DB:7E P:nvmxdIzC V:179 H:242
C027AA $80 $E9         BRA $C02795                     A:0001 X:0006 Y:0006 S:04EF D:0240 DB:7E P:nvmxdIzC V:179 H:245
C02795 $AF $FE $FF $C1 LDA $C1FFFE                     A:0001 X:0006 Y:0006 S:04EF D:0240 DB:7E P:nvmxdIzC V:179 H:250
C02799 $10 $09         BPL $C027A4                     A:FFFF X:0006 Y:0006 S:04EF D:0240 DB:7E P:NvmxdIzC V:179 H:259
C0279B $AF $F8 $7F $7E LDA $7E7FF8                     A:FFFF X:0006 Y:0006 S:04EF D:0240 DB:7E P:NvmxdIzC V:179 H:262
C0279F $29 $00 $10     AND #$1000                      A:0000 X:0006 Y:0006 S:04EF D:0240 DB:7E P:nvmxdIZC V:179 H:272
C027A2 $D0 $08         BNE $C027AC                     A:0000 X:0006 Y:0006 S:04EF D:0240 DB:7E P:nvmxdIZC V:179 H:293
C027A4 $AF $DE $7F $7E LDA $7E7FDE                     A:0000 X:0006 Y:0006 S:04EF D:0240 DB:7E P:nvmxdIZC V:179 H:296
C027A8 $F0 $A8         BEQ $C02752                     A:0001 X:0006 Y:0006 S:04EF D:0240 DB:7E P:nvmxdIzC V:179 H:306
C027AA $80 $E9         BRA $C02795                     A:0001 X:0006 Y:0006 S:04EF D:0240 DB:7E P:nvmxdIzC V:179 H:309
C02795 $AF $FE $FF $C1 LDA $C1FFFE                     A:0001 X:0006 Y:0006 S:04EF D:0240 DB:7E P:nvmxdIzC V:179 H:313
C02799 $10 $09         BPL $C027A4                     A:FFFF X:0006 Y:0006 S:04EF D:0240 DB:7E P:NvmxdIzC V:179 H:322
C0279B $AF $F8 $7F $7E LDA $7E7FF8                     A:FFFF X:0006 Y:0006 S:04EF D:0240 DB:7E P:NvmxdIzC V:179 H:325
C0279F $29 $00 $10     AND #$1000                      A:0000 X:0006 Y:0006 S:04EF D:0240 DB:7E P:nvmxdIZC V:179 H:334
C027A2 $D0 $08         BNE $C027AC                     A:0000 X:0006 Y:0006 S:04EF D:0240 DB:7E P:nvmxdIZC V:179 H:339
C027A4 $AF $DE $7F $7E LDA $7E7FDE                     A:0000 X:0006 Y:0006 S:04EF D:0240 DB:7E P:nvmxdIZC V:180 H:2  
C027A8 $F0 $A8         BEQ $C02752                     A:0001 X:0006 Y:0006 S:04EF D:0240 DB:7E P:nvmxdIzC V:180 H:12 
C027AA $80 $E9         BRA $C02795                     A:0001 X:0006 Y:0006 S:04EF D:0240 DB:7E P:nvmxdIzC V:180 H:15 
C02795 $AF $FE $FF $C1 LDA $C1FFFE                     A:0001 X:0006 Y:0006 S:04EF D:0240 DB:7E P:nvmxdIzC V:180 H:19 
C02799 $10 $09         BPL $C027A4                     A:FFFF X:0006 Y:0006 S:04EF D:0240 DB:7E P:NvmxdIzC V:180 H:28 
C0279B $AF $F8 $7F $7E LDA $7E7FF8                     A:FFFF X:0006 Y:0006 S:04EF D:0240 DB:7E P:NvmxdIzC V:180 H:31 
C0279F $29 $00 $10     AND #$1000                      A:0000 X:0006 Y:0006 S:04EF D:0240 DB:7E P:nvmxdIZC V:180 H:41 
C027A2 $D0 $08         BNE $C027AC                     A:0000 X:0006 Y:0006 S:04EF D:0240 DB:7E P:nvmxdIZC V:180 H:46 
C027A4 $AF $DE $7F $7E LDA $7E7FDE                     A:0000 X:0006 Y:0006 S:04EF D:0240 DB:7E P:nvmxdIZC V:180 H:49 
C027A8 $F0 $A8         BEQ $C02752                     A:0001 X:0006 Y:0006 S:04EF D:0240 DB:7E P:nvmxdIzC V:180 H:59 
C027AA $80 $E9         BRA $C02795                     A:0001 X:0006 Y:0006 S:04EF D:0240 DB:7E P:nvmxdIzC V:180 H:62 
C02795 $AF $FE $FF $C1 LDA $C1FFFE                     A:0001 X:0006 Y:0006 S:04EF D:0240 DB:7E P:nvmxdIzC V:180 H:66 
C02799 $10 $09         BPL $C027A4                     A:FFFF X:0006 Y:0006 S:04EF D:0240 DB:7E P:NvmxdIzC V:180 H:75 
C0279B $AF $F8 $7F $7E LDA $7E7FF8                     A:FFFF X:0006 Y:0006 S:04EF D:0240 DB:7E P:NvmxdIzC V:180 H:78 
C0279F $29 $00 $10     AND #$1000                      A:0000 X:0006 Y:0006 S:04EF D:0240 DB:7E P:nvmxdIZC V:180 H:88 
C027A2 $D0 $08         BNE $C027AC                     A:0000 X:0006 Y:0006 S:04EF D:0240 DB:7E P:nvmxdIZC V:180 H:93 
C027A4 $AF $DE $7F $7E LDA $7E7FDE                     A:0000 X:0006 Y:0006 S:04EF D:0240 DB:7E P:nvmxdIZC V:180 H:96 
C027A8 $F0 $A8         BEQ $C02752                     A:0001 X:0006 Y:0006 S:04EF D:0240 DB:7E P:nvmxdIzC V:180 H:106
C027AA $80 $E9         BRA $C02795                     A:0001 X:0006 Y:0006 S:04EF D:0240 DB:7E P:nvmxdIzC V:180 H:109
C02795 $AF $FE $FF $C1 LDA $C1FFFE                     A:0001 X:0006 Y:0006 S:04EF D:0240 DB:7E P:nvmxdIzC V:180 H:113
C02799 $10 $09         BPL $C027A4                     A:FFFF X:0006 Y:0006 S:04EF D:0240 DB:7E P:NvmxdIzC V:180 H:122
C0279B $AF $F8 $7F $7E LDA $7E7FF8                     A:FFFF X:0006 Y:0006 S:04EF D:0240 DB:7E P:NvmxdIzC V:180 H:125
C0279F $29 $00 $10     AND #$1000                      A:0000 X:0006 Y:0006 S:04EF D:0240 DB:7E P:nvmxdIZC V:180 H:145
C027A2 $D0 $08         BNE $C027AC                     A:0000 X:0006 Y:0006 S:04EF D:0240 DB:7E P:nvmxdIZC V:180 H:150
C027A4 $AF $DE $7F $7E LDA $7E7FDE                     A:0000 X:0006 Y:0006 S:04EF D:0240 DB:7E P:nvmxdIZC V:180 H:153
C027A8 $F0 $A8         BEQ $C02752                     A:0001 X:0006 Y:0006 S:04EF D:0240 DB:7E P:nvmxdIzC V:180 H:163
C027AA $80 $E9         BRA $C02795                     A:0001 X:0006 Y:0006 S:04EF D:0240 DB:7E P:nvmxdIzC V:180 H:166
C02795 $AF $FE $FF $C1 LDA $C1FFFE                     A:0001 X:0006 Y:0006 S:04EF D:0240 DB:7E P:nvmxdIzC V:180 H:170
C02799 $10 $09         BPL $C027A4                     A:FFFF X:0006 Y:0006 S:04EF D:0240 DB:7E P:NvmxdIzC V:180 H:179
C0279B $AF $F8 $7F $7E LDA $7E7FF8                     A:FFFF X:0006 Y:0006 S:04EF D:0240 DB:7E P:NvmxdIzC V:180 H:182
C0279F $29 $00 $10     AND #$1000                      A:0000 X:0006 Y:0006 S:04EF D:0240 DB:7E P:nvmxdIZC V:180 H:192
C027A2 $D0 $08         BNE $C027AC                     A:0000 X:0006 Y:0006 S:04EF D:0240 DB:7E P:nvmxdIZC V:180 H:197
C027A4 $AF $DE $7F $7E LDA $7E7FDE                     A:0000 X:0006 Y:0006 S:04EF D:0240 DB:7E P:nvmxdIZC V:180 H:200
C027A8 $F0 $A8         BEQ $C02752                     A:0001 X:0006 Y:0006 S:04EF D:0240 DB:7E P:nvmxdIzC V:180 H:210
C027AA $80 $E9         BRA $C02795                     A:0001 X:0006 Y:0006 S:04EF D:0240 DB:7E P:nvmxdIzC V:180 H:213
C02795 $AF $FE $FF $C1 LDA $C1FFFE                     A:0001 X:0006 Y:0006 S:04EF D:0240 DB:7E P:nvmxdIzC V:180 H:217
C02799 $10 $09         BPL $C027A4                     A:FFFF X:0006 Y:0006 S:04EF D:0240 DB:7E P:NvmxdIzC V:180 H:226
C0279B $AF $F8 $7F $7E LDA $7E7FF8                     A:FFFF X:0006 Y:0006 S:04EF D:0240 DB:7E P:NvmxdIzC V:180 H:229
C0279F $29 $00 $10     AND #$1000                      A:0000 X:0006 Y:0006 S:04EF D:0240 DB:7E P:nvmxdIZC V:180 H:239
C027A2 $D0 $08         BNE $C027AC                     A:0000 X:0006 Y:0006 S:04EF D:0240 DB:7E P:nvmxdIZC V:180 H:244
C027A4 $AF $DE $7F $7E LDA $7E7FDE                     A:0000 X:0006 Y:0006 S:04EF D:0240 DB:7E P:nvmxdIZC V:180 H:247
C027A8 $F0 $A8         BEQ $C02752                     A:0001 X:0006 Y:0006 S:04EF D:0240 DB:7E P:nvmxdIzC V:180 H:257
C027AA $80 $E9         BRA $C02795                     A:0001 X:0006 Y:0006 S:04EF D:0240 DB:7E P:nvmxdIzC V:180 H:260
C02795 $AF $FE $FF $C1 LDA $C1FFFE                     A:0001 X:0006 Y:0006 S:04EF D:0240 DB:7E P:nvmxdIzC V:180 H:264
C02799 $10 $09         BPL $C027A4                     A:FFFF X:0006 Y:0006 S:04EF D:0240 DB:7E P:NvmxdIzC V:180 H:273
C0279B $AF $F8 $7F $7E LDA $7E7FF8                     A:FFFF X:0006 Y:0006 S:04EF D:0240 DB:7E P:NvmxdIzC V:180 H:293
C0279F $29 $00 $10     AND #$1000                      A:0000 X:0006 Y:0006 S:04EF D:0240 DB:7E P:nvmxdIZC V:180 H:303
C027A2 $D0 $08         BNE $C027AC                     A:0000 X:0006 Y:0006 S:04EF D:0240 DB:7E P:nvmxdIZC V:180 H:307
C027A4 $AF $DE $7F $7E LDA $7E7FDE                     A:0000 X:0006 Y:0006 S:04EF D:0240 DB:7E P:nvmxdIZC V:180 H:310
C027A8 $F0 $A8         BEQ $C02752                     A:0001 X:0006 Y:0006 S:04EF D:0240 DB:7E P:nvmxdIzC V:180 H:320
C027AA $80 $E9         BRA $C02795                     A:0001 X:0006 Y:0006 S:04EF D:0240 DB:7E P:nvmxdIzC V:180 H:323
C02795 $AF $FE $FF $C1 LDA $C1FFFE                     A:0001 X:0006 Y:0006 S:04EF D:0240 DB:7E P:nvmxdIzC V:180 H:327
C02799 $10 $09         BPL $C027A4                     A:FFFF X:0006 Y:0006 S:04EF D:0240 DB:7E P:NvmxdIzC V:180 H:336
C0279B $AF $F8 $7F $7E LDA $7E7FF8                     A:FFFF X:0006 Y:0006 S:04EF D:0240 DB:7E P:NvmxdIzC V:180 H:339
C0279F $29 $00 $10     AND #$1000                      A:0000 X:0006 Y:0006 S:04EF D:0240 DB:7E P:nvmxdIZC V:181 H:9  
C027A2 $D0 $08         BNE $C027AC                     A:0000 X:0006 Y:0006 S:04EF D:0240 DB:7E P:nvmxdIZC V:181 H:13 
C027A4 $AF $DE $7F $7E LDA $7E7FDE                     A:0000 X:0006 Y:0006 S:04EF D:0240 DB:7E P:nvmxdIZC V:181 H:16 
C027A8 $F0 $A8         BEQ $C02752                     A:0001 X:0006 Y:0006 S:04EF D:0240 DB:7E P:nvmxdIzC V:181 H:26 
C027AA $80 $E9         BRA $C02795                     A:0001 X:0006 Y:0006 S:04EF D:0240 DB:7E P:nvmxdIzC V:181 H:29 
C02795 $AF $FE $FF $C1 LDA $C1FFFE                     A:0001 X:0006 Y:0006 S:04EF D:0240 DB:7E P:nvmxdIzC V:181 H:34 
C02799 $10 $09         BPL $C027A4                     A:FFFF X:0006 Y:0006 S:04EF D:0240 DB:7E P:NvmxdIzC V:181 H:43 
C0279B $AF $F8 $7F $7E LDA $7E7FF8                     A:FFFF X:0006 Y:0006 S:04EF D:0240 DB:7E P:NvmxdIzC V:181 H:46 
C0279F $29 $00 $10     AND #$1000                      A:0000 X:0006 Y:0006 S:04EF D:0240 DB:7E P:nvmxdIZC V:181 H:56 
C027A2 $D0 $08         BNE $C027AC                     A:0000 X:0006 Y:0006 S:04EF D:0240 DB:7E P:nvmxdIZC V:181 H:60 
C027A4 $AF $DE $7F $7E LDA $7E7FDE                     A:0000 X:0006 Y:0006 S:04EF D:0240 DB:7E P:nvmxdIZC V:181 H:63 
C027A8 $F0 $A8         BEQ $C02752                     A:0001 X:0006 Y:0006 S:04EF D:0240 DB:7E P:nvmxdIzC V:181 H:73 
C027AA $80 $E9         BRA $C02795                     A:0001 X:0006 Y:0006 S:04EF D:0240 DB:7E P:nvmxdIzC V:181 H:76 
C02795 $AF $FE $FF $C1 LDA $C1FFFE                     A:0001 X:0006 Y:0006 S:04EF D:0240 DB:7E P:nvmxdIzC V:181 H:81 
C02799 $10 $09         BPL $C027A4                     A:FFFF X:0006 Y:0006 S:04EF D:0240 DB:7E P:NvmxdIzC V:181 H:90 
C0279B $AF $F8 $7F $7E LDA $7E7FF8                     A:FFFF X:0006 Y:0006 S:04EF D:0240 DB:7E P:NvmxdIzC V:181 H:93 
C0279F $29 $00 $10     AND #$1000                      A:0000 X:0006 Y:0006 S:04EF D:0240 DB:7E P:nvmxdIZC V:181 H:103
C027A2 $D0 $08         BNE $C027AC                     A:0000 X:0006 Y:0006 S:04EF D:0240 DB:7E P:nvmxdIZC V:181 H:107
C027A4 $AF $DE $7F $7E LDA $7E7FDE                     A:0000 X:0006 Y:0006 S:04EF D:0240 DB:7E P:nvmxdIZC V:181 H:110
C027A8 $F0 $A8         BEQ $C02752                     A:0001 X:0006 Y:0006 S:04EF D:0240 DB:7E P:nvmxdIzC V:181 H:120
C027AA $80 $E9         BRA $C02795                     A:0001 X:0006 Y:0006 S:04EF D:0240 DB:7E P:nvmxdIzC V:181 H:123
C02795 $AF $FE $FF $C1 LDA $C1FFFE                     A:0001 X:0006 Y:0006 S:04EF D:0240 DB:7E P:nvmxdIzC V:181 H:128
C02799 $10 $09         BPL $C027A4                     A:FFFF X:0006 Y:0006 S:04EF D:0240 DB:7E P:NvmxdIzC V:181 H:147
C0279B $AF $F8 $7F $7E LDA $7E7FF8                     A:FFFF X:0006 Y:0006 S:04EF D:0240 DB:7E P:NvmxdIzC V:181 H:150
C0279F $29 $00 $10     AND #$1000                      A:0000 X:0006 Y:0006 S:04EF D:0240 DB:7E P:nvmxdIZC V:181 H:160
C027A2 $D0 $08         BNE $C027AC                     A:0000 X:0006 Y:0006 S:04EF D:0240 DB:7E P:nvmxdIZC V:181 H:164
C027A4 $AF $DE $7F $7E LDA $7E7FDE                     A:0000 X:0006 Y:0006 S:04EF D:0240 DB:7E P:nvmxdIZC V:181 H:167
C027A8 $F0 $A8         BEQ $C02752                     A:0001 X:0006 Y:0006 S:04EF D:0240 DB:7E P:nvmxdIzC V:181 H:177
C027AA $80 $E9         BRA $C02795                     A:0001 X:0006 Y:0006 S:04EF D:0240 DB:7E P:nvmxdIzC V:181 H:180
C02795 $AF $FE $FF $C1 LDA $C1FFFE                     A:0001 X:0006 Y:0006 S:04EF D:0240 DB:7E P:nvmxdIzC V:181 H:185
C02799 $10 $09         BPL $C027A4                     A:FFFF X:0006 Y:0006 S:04EF D:0240 DB:7E P:NvmxdIzC V:181 H:194
C0279B $AF $F8 $7F $7E LDA $7E7FF8                     A:FFFF X:0006 Y:0006 S:04EF D:0240 DB:7E P:NvmxdIzC V:181 H:197
C0279F $29 $00 $10     AND #$1000                      A:0000 X:0006 Y:0006 S:04EF D:0240 DB:7E P:nvmxdIZC V:181 H:207
C027A2 $D0 $08         BNE $C027AC                     A:0000 X:0006 Y:0006 S:04EF D:0240 DB:7E P:nvmxdIZC V:181 H:211
C027A4 $AF $DE $7F $7E LDA $7E7FDE                     A:0000 X:0006 Y:0006 S:04EF D:0240 DB:7E P:nvmxdIZC V:181 H:214
C027A8 $F0 $A8         BEQ $C02752                     A:0001 X:0006 Y:0006 S:04EF D:0240 DB:7E P:nvmxdIzC V:181 H:224
C027AA $80 $E9         BRA $C02795                     A:0001 X:0006 Y:0006 S:04EF D:0240 DB:7E P:nvmxdIzC V:181 H:227
C02795 $AF $FE $FF $C1 LDA $C1FFFE                     A:0001 X:0006 Y:0006 S:04EF D:0240 DB:7E P:nvmxdIzC V:181 H:232
C02799 $10 $09         BPL $C027A4                     A:FFFF X:0006 Y:0006 S:04EF D:0240 DB:7E P:NvmxdIzC V:181 H:241
C0279B $AF $F8 $7F $7E LDA $7E7FF8                     A:FFFF X:0006 Y:0006 S:04EF D:0240 DB:7E P:NvmxdIzC V:181 H:244
C0279F $29 $00 $10     AND #$1000                      A:0000 X:0006 Y:0006 S:04EF D:0240 DB:7E P:nvmxdIZC V:181 H:254
C027A2 $D0 $08         BNE $C027AC                     A:0000 X:0006 Y:0006 S:04EF D:0240 DB:7E P:nvmxdIZC V:181 H:258
C027A4 $AF $DE $7F $7E LDA $7E7FDE                     A:0000 X:0006 Y:0006 S:04EF D:0240 DB:7E P:nvmxdIZC V:181 H:261
C027A8 $F0 $A8         BEQ $C02752                     A:0001 X:0006 Y:0006 S:04EF D:0240 DB:7E P:nvmxdIzC V:181 H:271
C027AA $80 $E9         BRA $C02795                     A:0001 X:0006 Y:0006 S:04EF D:0240 DB:7E P:nvmxdIzC V:181 H:274
C02795 $AF $FE $FF $C1 LDA $C1FFFE                     A:0001 X:0006 Y:0006 S:04EF D:0240 DB:7E P:nvmxdIzC V:181 H:295
C02799 $10 $09         BPL $C027A4                     A:FFFF X:0006 Y:0006 S:04EF D:0240 DB:7E P:NvmxdIzC V:181 H:304
C0279B $AF $F8 $7F $7E LDA $7E7FF8                     A:FFFF X:0006 Y:0006 S:04EF D:0240 DB:7E P:NvmxdIzC V:181 H:307
C0279F $29 $00 $10     AND #$1000                      A:0000 X:0006 Y:0006 S:04EF D:0240 DB:7E P:nvmxdIZC V:181 H:317
C027A2 $D0 $08         BNE $C027AC                     A:0000 X:0006 Y:0006 S:04EF D:0240 DB:7E P:nvmxdIZC V:181 H:322
C027A4 $AF $DE $7F $7E LDA $7E7FDE                     A:0000 X:0006 Y:0006 S:04EF D:0240 DB:7E P:nvmxdIZC V:181 H:324
C027A8 $F0 $A8         BEQ $C02752                     A:0001 X:0006 Y:0006 S:04EF D:0240 DB:7E P:nvmxdIzC V:181 H:334
C027AA $80 $E9         BRA $C02795                     A:0001 X:0006 Y:0006 S:04EF D:0240 DB:7E P:nvmxdIzC V:181 H:337
C02795 $AF $FE $FF $C1 LDA $C1FFFE                     A:0001 X:0006 Y:0006 S:04EF D:0240 DB:7E P:nvmxdIzC V:182 H:1  
C02799 $10 $09         BPL $C027A4                     A:FFFF X:0006 Y:0006 S:04EF D:0240 DB:7E P:NvmxdIzC V:182 H:10 
C0279B $AF $F8 $7F $7E LDA $7E7FF8                     A:FFFF X:0006 Y:0006 S:04EF D:0240 DB:7E P:NvmxdIzC V:182 H:13 
C0279F $29 $00 $10     AND #$1000                      A:0000 X:0006 Y:0006 S:04EF D:0240 DB:7E P:nvmxdIZC V:182 H:23 
C027A2 $D0 $08         BNE $C027AC                     A:0000 X:0006 Y:0006 S:04EF D:0240 DB:7E P:nvmxdIZC V:182 H:28 
C027A4 $AF $DE $7F $7E LDA $7E7FDE                     A:0000 X:0006 Y:0006 S:04EF D:0240 DB:7E P:nvmxdIZC V:182 H:31 
C027A8 $F0 $A8         BEQ $C02752                     A:0001 X:0006 Y:0006 S:04EF D:0240 DB:7E P:nvmxdIzC V:182 H:41 
C027AA $80 $E9         BRA $C02795                     A:0001 X:0006 Y:0006 S:04EF D:0240 DB:7E P:nvmxdIzC V:182 H:44 
C02795 $AF $FE $FF $C1 LDA $C1FFFE                     A:0001 X:0006 Y:0006 S:04EF D:0240 DB:7E P:nvmxdIzC V:182 H:48 
C02799 $10 $09         BPL $C027A4                     A:FFFF X:0006 Y:0006 S:04EF D:0240 DB:7E P:NvmxdIzC V:182 H:57 
C0279B $AF $F8 $7F $7E LDA $7E7FF8                     A:FFFF X:0006 Y:0006 S:04EF D:0240 DB:7E P:NvmxdIzC V:182 H:60 
C0279F $29 $00 $10     AND #$1000                      A:0000 X:0006 Y:0006 S:04EF D:0240 DB:7E P:nvmxdIZC V:182 H:70 
C027A2 $D0 $08         BNE $C027AC                     A:0000 X:0006 Y:0006 S:04EF D:0240 DB:7E P:nvmxdIZC V:182 H:75 
C027A4 $AF $DE $7F $7E LDA $7E7FDE                     A:0000 X:0006 Y:0006 S:04EF D:0240 DB:7E P:nvmxdIZC V:182 H:78 
C027A8 $F0 $A8         BEQ $C02752                     A:0001 X:0006 Y:0006 S:04EF D:0240 DB:7E P:nvmxdIzC V:182 H:88 
C027AA $80 $E9         BRA $C02795                     A:0001 X:0006 Y:0006 S:04EF D:0240 DB:7E P:nvmxdIzC V:182 H:91 
C02795 $AF $FE $FF $C1 LDA $C1FFFE                     A:0001 X:0006 Y:0006 S:04EF D:0240 DB:7E P:nvmxdIzC V:182 H:95 
C02799 $10 $09         BPL $C027A4                     A:FFFF X:0006 Y:0006 S:04EF D:0240 DB:7E P:NvmxdIzC V:182 H:104
C0279B $AF $F8 $7F $7E LDA $7E7FF8                     A:FFFF X:0006 Y:0006 S:04EF D:0240 DB:7E P:NvmxdIzC V:182 H:107
C0279F $29 $00 $10     AND #$1000                      A:0000 X:0006 Y:0006 S:04EF D:0240 DB:7E P:nvmxdIZC V:182 H:117
C027A2 $D0 $08         BNE $C027AC                     A:0000 X:0006 Y:0006 S:04EF D:0240 DB:7E P:nvmxdIZC V:182 H:122
C027A4 $AF $DE $7F $7E LDA $7E7FDE                     A:0000 X:0006 Y:0006 S:04EF D:0240 DB:7E P:nvmxdIZC V:182 H:125
C027A8 $F0 $A8         BEQ $C02752                     A:0001 X:0006 Y:0006 S:04EF D:0240 DB:7E P:nvmxdIzC V:182 H:145
C027AA $80 $E9         BRA $C02795                     A:0001 X:0006 Y:0006 S:04EF D:0240 DB:7E P:nvmxdIzC V:182 H:148
C02795 $AF $FE $FF $C1 LDA $C1FFFE                     A:0001 X:0006 Y:0006 S:04EF D:0240 DB:7E P:nvmxdIzC V:182 H:152
C02799 $10 $09         BPL $C027A4                     A:FFFF X:0006 Y:0006 S:04EF D:0240 DB:7E P:NvmxdIzC V:182 H:161
C0279B $AF $F8 $7F $7E LDA $7E7FF8                     A:FFFF X:0006 Y:0006 S:04EF D:0240 DB:7E P:NvmxdIzC V:182 H:164
C0279F $29 $00 $10     AND #$1000                      A:0000 X:0006 Y:0006 S:04EF D:0240 DB:7E P:nvmxdIZC V:182 H:174
C027A2 $D0 $08         BNE $C027AC                     A:0000 X:0006 Y:0006 S:04EF D:0240 DB:7E P:nvmxdIZC V:182 H:179
C027A4 $AF $DE $7F $7E LDA $7E7FDE                     A:0000 X:0006 Y:0006 S:04EF D:0240 DB:7E P:nvmxdIZC V:182 H:182
C027A8 $F0 $A8         BEQ $C02752                     A:0001 X:0006 Y:0006 S:04EF D:0240 DB:7E P:nvmxdIzC V:182 H:192
C027AA $80 $E9         BRA $C02795                     A:0001 X:0006 Y:0006 S:04EF D:0240 DB:7E P:nvmxdIzC V:182 H:195
C02795 $AF $FE $FF $C1 LDA $C1FFFE                     A:0001 X:0006 Y:0006 S:04EF D:0240 DB:7E P:nvmxdIzC V:182 H:199
C02799 $10 $09         BPL $C027A4                     A:FFFF X:0006 Y:0006 S:04EF D:0240 DB:7E P:NvmxdIzC V:182 H:208
C0279B $AF $F8 $7F $7E LDA $7E7FF8                     A:FFFF X:0006 Y:0006 S:04EF D:0240 DB:7E P:NvmxdIzC V:182 H:211
C0279F $29 $00 $10     AND #$1000                      A:0000 X:0006 Y:0006 S:04EF D:0240 DB:7E P:nvmxdIZC V:182 H:221
C027A2 $D0 $08         BNE $C027AC                     A:0000 X:0006 Y:0006 S:04EF D:0240 DB:7E P:nvmxdIZC V:182 H:226
C027A4 $AF $DE $7F $7E LDA $7E7FDE                     A:0000 X:0006 Y:0006 S:04EF D:0240 DB:7E P:nvmxdIZC V:182 H:229
C027A8 $F0 $A8         BEQ $C02752                     A:0001 X:0006 Y:0006 S:04EF D:0240 DB:7E P:nvmxdIzC V:182 H:239
C027AA $80 $E9         BRA $C02795                     A:0001 X:0006 Y:0006 S:04EF D:0240 DB:7E P:nvmxdIzC V:182 H:242
C02795 $AF $FE $FF $C1 LDA $C1FFFE                     A:0001 X:0006 Y:0006 S:04EF D:0240 DB:7E P:nvmxdIzC V:182 H:246
C02799 $10 $09         BPL $C027A4                     A:FFFF X:0006 Y:0006 S:04EF D:0240 DB:7E P:NvmxdIzC V:182 H:255
C0279B $AF $F8 $7F $7E LDA $7E7FF8                     A:FFFF X:0006 Y:0006 S:04EF D:0240 DB:7E P:NvmxdIzC V:182 H:258
C0279F $29 $00 $10     AND #$1000                      A:0000 X:0006 Y:0006 S:04EF D:0240 DB:7E P:nvmxdIZC V:182 H:268
C027A2 $D0 $08         BNE $C027AC                     A:0000 X:0006 Y:0006 S:04EF D:0240 DB:7E P:nvmxdIZC V:182 H:273
C027A4 $AF $DE $7F $7E LDA $7E7FDE                     A:0000 X:0006 Y:0006 S:04EF D:0240 DB:7E P:nvmxdIZC V:182 H:276
C027A8 $F0 $A8         BEQ $C02752                     A:0001 X:0006 Y:0006 S:04EF D:0240 DB:7E P:nvmxdIzC V:182 H:302
C027AA $80 $E9         BRA $C02795                     A:0001 X:0006 Y:0006 S:04EF D:0240 DB:7E P:nvmxdIzC V:182 H:305
C02795 $AF $FE $FF $C1 LDA $C1FFFE                     A:0001 X:0006 Y:0006 S:04EF D:0240 DB:7E P:nvmxdIzC V:182 H:310
C02799 $10 $09         BPL $C027A4                     A:FFFF X:0006 Y:0006 S:04EF D:0240 DB:7E P:NvmxdIzC V:182 H:319
C0279B $AF $F8 $7F $7E LDA $7E7FF8                     A:FFFF X:0006 Y:0006 S:04EF D:0240 DB:7E P:NvmxdIzC V:182 H:322
C0279F $29 $00 $10     AND #$1000                      A:0000 X:0006 Y:0006 S:04EF D:0240 DB:7E P:nvmxdIZC V:182 H:331
C027A2 $D0 $08         BNE $C027AC                     A:0000 X:0006 Y:0006 S:04EF D:0240 DB:7E P:nvmxdIZC V:182 H:335
C027A4 $AF $DE $7F $7E LDA $7E7FDE                     A:0000 X:0006 Y:0006 S:04EF D:0240 DB:7E P:nvmxdIZC V:182 H:338
C027A8 $F0 $A8         BEQ $C02752                     A:0001 X:0006 Y:0006 S:04EF D:0240 DB:7E P:nvmxdIzC V:183 H:8  
C027AA $80 $E9         BRA $C02795                     A:0001 X:0006 Y:0006 S:04EF D:0240 DB:7E P:nvmxdIzC V:183 H:11 
C02795 $AF $FE $FF $C1 LDA $C1FFFE                     A:0001 X:0006 Y:0006 S:04EF D:0240 DB:7E P:nvmxdIzC V:183 H:16 
C02799 $10 $09         BPL $C027A4                     A:FFFF X:0006 Y:0006 S:04EF D:0240 DB:7E P:NvmxdIzC V:183 H:25 
C0279B $AF $F8 $7F $7E LDA $7E7FF8                     A:FFFF X:0006 Y:0006 S:04EF D:0240 DB:7E P:NvmxdIzC V:183 H:28 
C0279F $29 $00 $10     AND #$1000                      A:0000 X:0006 Y:0006 S:04EF D:0240 DB:7E P:nvmxdIZC V:183 H:38 
C027A2 $D0 $08         BNE $C027AC                     A:0000 X:0006 Y:0006 S:04EF D:0240 DB:7E P:nvmxdIZC V:183 H:42 
C027A4 $AF $DE $7F $7E LDA $7E7FDE                     A:0000 X:0006 Y:0006 S:04EF D:0240 DB:7E P:nvmxdIZC V:183 H:45 
C027A8 $F0 $A8         BEQ $C02752                     A:0001 X:0006 Y:0006 S:04EF D:0240 DB:7E P:nvmxdIzC V:183 H:55 
C027AA $80 $E9         BRA $C02795                     A:0001 X:0006 Y:0006 S:04EF D:0240 DB:7E P:nvmxdIzC V:183 H:58 
C02795 $AF $FE $FF $C1 LDA $C1FFFE                     A:0001 X:0006 Y:0006 S:04EF D:0240 DB:7E P:nvmxdIzC V:183 H:63 
C02799 $10 $09         BPL $C027A4                     A:FFFF X:0006 Y:0006 S:04EF D:0240 DB:7E P:NvmxdIzC V:183 H:72 
C0279B $AF $F8 $7F $7E LDA $7E7FF8                     A:FFFF X:0006 Y:0006 S:04EF D:0240 DB:7E P:NvmxdIzC V:183 H:75 
C0279F $29 $00 $10     AND #$1000                      A:0000 X:0006 Y:0006 S:04EF D:0240 DB:7E P:nvmxdIZC V:183 H:85 
C027A2 $D0 $08         BNE $C027AC                     A:0000 X:0006 Y:0006 S:04EF D:0240 DB:7E P:nvmxdIZC V:183 H:89 
C027A4 $AF $DE $7F $7E LDA $7E7FDE                     A:0000 X:0006 Y:0006 S:04EF D:0240 DB:7E P:nvmxdIZC V:183 H:92 
C027A8 $F0 $A8         BEQ $C02752                     A:0001 X:0006 Y:0006 S:04EF D:0240 DB:7E P:nvmxdIzC V:183 H:102
C027AA $80 $E9         BRA $C02795                     A:0001 X:0006 Y:0006 S:04EF D:0240 DB:7E P:nvmxdIzC V:183 H:105
C02795 $AF $FE $FF $C1 LDA $C1FFFE                     A:0001 X:0006 Y:0006 S:04EF D:0240 DB:7E P:nvmxdIzC V:183 H:110
C02799 $10 $09         BPL $C027A4                     A:FFFF X:0006 Y:0006 S:04EF D:0240 DB:7E P:NvmxdIzC V:183 H:119
C0279B $AF $F8 $7F $7E LDA $7E7FF8                     A:FFFF X:0006 Y:0006 S:04EF D:0240 DB:7E P:NvmxdIzC V:183 H:122
C0279F $29 $00 $10     AND #$1000                      A:0000 X:0006 Y:0006 S:04EF D:0240 DB:7E P:nvmxdIZC V:183 H:132
C027A2 $D0 $08         BNE $C027AC                     A:0000 X:0006 Y:0006 S:04EF D:0240 DB:7E P:nvmxdIZC V:183 H:146
C027A4 $AF $DE $7F $7E LDA $7E7FDE                     A:0000 X:0006 Y:0006 S:04EF D:0240 DB:7E P:nvmxdIZC V:183 H:149
C027A8 $F0 $A8         BEQ $C02752                     A:0001 X:0006 Y:0006 S:04EF D:0240 DB:7E P:nvmxdIzC V:183 H:159
C027AA $80 $E9         BRA $C02795                     A:0001 X:0006 Y:0006 S:04EF D:0240 DB:7E P:nvmxdIzC V:183 H:162
C02795 $AF $FE $FF $C1 LDA $C1FFFE                     A:0001 X:0006 Y:0006 S:04EF D:0240 DB:7E P:nvmxdIzC V:183 H:167
C02799 $10 $09         BPL $C027A4                     A:FFFF X:0006 Y:0006 S:04EF D:0240 DB:7E P:NvmxdIzC V:183 H:176
C0279B $AF $F8 $7F $7E LDA $7E7FF8                     A:FFFF X:0006 Y:0006 S:04EF D:0240 DB:7E P:NvmxdIzC V:183 H:179
C0279F $29 $00 $10     AND #$1000                      A:0000 X:0006 Y:0006 S:04EF D:0240 DB:7E P:nvmxdIZC V:183 H:189
C027A2 $D0 $08         BNE $C027AC                     A:0000 X:0006 Y:0006 S:04EF D:0240 DB:7E P:nvmxdIZC V:183 H:193
C027A4 $AF $DE $7F $7E LDA $7E7FDE                     A:0000 X:0006 Y:0006 S:04EF D:0240 DB:7E P:nvmxdIZC V:183 H:196
C027A8 $F0 $A8         BEQ $C02752                     A:0001 X:0006 Y:0006 S:04EF D:0240 DB:7E P:nvmxdIzC V:183 H:206
C027AA $80 $E9         BRA $C02795                     A:0001 X:0006 Y:0006 S:04EF D:0240 DB:7E P:nvmxdIzC V:183 H:209
C02795 $AF $FE $FF $C1 LDA $C1FFFE                     A:0001 X:0006 Y:0006 S:04EF D:0240 DB:7E P:nvmxdIzC V:183 H:214
C02799 $10 $09         BPL $C027A4                     A:FFFF X:0006 Y:0006 S:04EF D:0240 DB:7E P:NvmxdIzC V:183 H:223
C0279B $AF $F8 $7F $7E LDA $7E7FF8                     A:FFFF X:0006 Y:0006 S:04EF D:0240 DB:7E P:NvmxdIzC V:183 H:226
C0279F $29 $00 $10     AND #$1000                      A:0000 X:0006 Y:0006 S:04EF D:0240 DB:7E P:nvmxdIZC V:183 H:236
C027A2 $D0 $08         BNE $C027AC                     A:0000 X:0006 Y:0006 S:04EF D:0240 DB:7E P:nvmxdIZC V:183 H:240
C027A4 $AF $DE $7F $7E LDA $7E7FDE                     A:0000 X:0006 Y:0006 S:04EF D:0240 DB:7E P:nvmxdIZC V:183 H:243
C027A8 $F0 $A8         BEQ $C02752                     A:0001 X:0006 Y:0006 S:04EF D:0240 DB:7E P:nvmxdIzC V:183 H:253
C027AA $80 $E9         BRA $C02795                     A:0001 X:0006 Y:0006 S:04EF D:0240 DB:7E P:nvmxdIzC V:183 H:256
C02795 $AF $FE $FF $C1 LDA $C1FFFE                     A:0001 X:0006 Y:0006 S:04EF D:0240 DB:7E P:nvmxdIzC V:183 H:261
C02799 $10 $09         BPL $C027A4                     A:FFFF X:0006 Y:0006 S:04EF D:0240 DB:7E P:NvmxdIzC V:183 H:270
C0279B $AF $F8 $7F $7E LDA $7E7FF8                     A:FFFF X:0006 Y:0006 S:04EF D:0240 DB:7E P:NvmxdIzC V:183 H:273
C0279F $29 $00 $10     AND #$1000                      A:0000 X:0006 Y:0006 S:04EF D:0240 DB:7E P:nvmxdIZC V:183 H:323
C027A2 $D0 $08         BNE $C027AC                     A:0000 X:0006 Y:0006 S:04EF D:0240 DB:7E P:nvmxdIZC V:183 H:327
C027A4 $AF $DE $7F $7E LDA $7E7FDE                     A:0000 X:0006 Y:0006 S:04EF D:0240 DB:7E P:nvmxdIZC V:183 H:330
C027A8 $F0 $A8         BEQ $C02752                     A:0001 X:0006 Y:0006 S:04EF D:0240 DB:7E P:nvmxdIzC V:184 H:0  
C027AA $80 $E9         BRA $C02795                     A:0001 X:0006 Y:0006 S:04EF D:0240 DB:7E P:nvmxdIzC V:184 H:3  
C02795 $AF $FE $FF $C1 LDA $C1FFFE                     A:0001 X:0006 Y:0006 S:04EF D:0240 DB:7E P:nvmxdIzC V:184 H:7  
C02799 $10 $09         BPL $C027A4                     A:FFFF X:0006 Y:0006 S:04EF D:0240 DB:7E P:NvmxdIzC V:184 H:16 
C0279B $AF $F8 $7F $7E LDA $7E7FF8                     A:FFFF X:0006 Y:0006 S:04EF D:0240 DB:7E P:NvmxdIzC V:184 H:19 
C0279F $29 $00 $10     AND #$1000                      A:0000 X:0006 Y:0006 S:04EF D:0240 DB:7E P:nvmxdIZC V:184 H:29 
C027A2 $D0 $08         BNE $C027AC                     A:0000 X:0006 Y:0006 S:04EF D:0240 DB:7E P:nvmxdIZC V:184 H:34 
C027A4 $AF $DE $7F $7E LDA $7E7FDE                     A:0000 X:0006 Y:0006 S:04EF D:0240 DB:7E P:nvmxdIZC V:184 H:37 
C027A8 $F0 $A8         BEQ $C02752                     A:0001 X:0006 Y:0006 S:04EF D:0240 DB:7E P:nvmxdIzC V:184 H:47 
C027AA $80 $E9         BRA $C02795                     A:0001 X:0006 Y:0006 S:04EF D:0240 DB:7E P:nvmxdIzC V:184 H:50 
C02795 $AF $FE $FF $C1 LDA $C1FFFE                     A:0001 X:0006 Y:0006 S:04EF D:0240 DB:7E P:nvmxdIzC V:184 H:54 
C02799 $10 $09         BPL $C027A4                     A:FFFF X:0006 Y:0006 S:04EF D:0240 DB:7E P:NvmxdIzC V:184 H:63 
C0279B $AF $F8 $7F $7E LDA $7E7FF8                     A:FFFF X:0006 Y:0006 S:04EF D:0240 DB:7E P:NvmxdIzC V:184 H:66 
C0279F $29 $00 $10     AND #$1000                      A:0000 X:0006 Y:0006 S:04EF D:0240 DB:7E P:nvmxdIZC V:184 H:76 
C027A2 $D0 $08         BNE $C027AC                     A:0000 X:0006 Y:0006 S:04EF D:0240 DB:7E P:nvmxdIZC V:184 H:81 
C027A4 $AF $DE $7F $7E LDA $7E7FDE                     A:0000 X:0006 Y:0006 S:04EF D:0240 DB:7E P:nvmxdIZC V:184 H:84 
C027A8 $F0 $A8         BEQ $C02752                     A:0001 X:0006 Y:0006 S:04EF D:0240 DB:7E P:nvmxdIzC V:184 H:94 
C027AA $80 $E9         BRA $C02795                     A:0001 X:0006 Y:0006 S:04EF D:0240 DB:7E P:nvmxdIzC V:184 H:97 
C02795 $AF $FE $FF $C1 LDA $C1FFFE                     A:0001 X:0006 Y:0006 S:04EF D:0240 DB:7E P:nvmxdIzC V:184 H:101
C02799 $10 $09         BPL $C027A4                     A:FFFF X:0006 Y:0006 S:04EF D:0240 DB:7E P:NvmxdIzC V:184 H:110
C0279B $AF $F8 $7F $7E LDA $7E7FF8                     A:FFFF X:0006 Y:0006 S:04EF D:0240 DB:7E P:NvmxdIzC V:184 H:113
C0279F $29 $00 $10     AND #$1000                      A:0000 X:0006 Y:0006 S:04EF D:0240 DB:7E P:nvmxdIZC V:184 H:123
C027A2 $D0 $08         BNE $C027AC                     A:0000 X:0006 Y:0006 S:04EF D:0240 DB:7E P:nvmxdIZC V:184 H:128
C027A4 $AF $DE $7F $7E LDA $7E7FDE                     A:0000 X:0006 Y:0006 S:04EF D:0240 DB:7E P:nvmxdIZC V:184 H:131
C027A8 $F0 $A8         BEQ $C02752                     A:0001 X:0006 Y:0006 S:04EF D:0240 DB:7E P:nvmxdIzC V:184 H:151
C027AA $80 $E9         BRA $C02795                     A:0001 X:0006 Y:0006 S:04EF D:0240 DB:7E P:nvmxdIzC V:184 H:154
C02795 $AF $FE $FF $C1 LDA $C1FFFE                     A:0001 X:0006 Y:0006 S:04EF D:0240 DB:7E P:nvmxdIzC V:184 H:158
C02799 $10 $09         BPL $C027A4                     A:FFFF X:0006 Y:0006 S:04EF D:0240 DB:7E P:NvmxdIzC V:184 H:167
C0279B $AF $F8 $7F $7E LDA $7E7FF8                     A:FFFF X:0006 Y:0006 S:04EF D:0240 DB:7E P:NvmxdIzC V:184 H:170
C0279F $29 $00 $10     AND #$1000                      A:0000 X:0006 Y:0006 S:04EF D:0240 DB:7E P:nvmxdIZC V:184 H:180
C027A2 $D0 $08         BNE $C027AC                     A:0000 X:0006 Y:0006 S:04EF D:0240 DB:7E P:nvmxdIZC V:184 H:185
C027A4 $AF $DE $7F $7E LDA $7E7FDE                     A:0000 X:0006 Y:0006 S:04EF D:0240 DB:7E P:nvmxdIZC V:184 H:188
C027A8 $F0 $A8         BEQ $C02752                     A:0001 X:0006 Y:0006 S:04EF D:0240 DB:7E P:nvmxdIzC V:184 H:198
C027AA $80 $E9         BRA $C02795                     A:0001 X:0006 Y:0006 S:04EF D:0240 DB:7E P:nvmxdIzC V:184 H:201
C02795 $AF $FE $FF $C1 LDA $C1FFFE                     A:0001 X:0006 Y:0006 S:04EF D:0240 DB:7E P:nvmxdIzC V:184 H:205
C02799 $10 $09         BPL $C027A4                     A:FFFF X:0006 Y:0006 S:04EF D:0240 DB:7E P:NvmxdIzC V:184 H:214
C0279B $AF $F8 $7F $7E LDA $7E7FF8                     A:FFFF X:0006 Y:0006 S:04EF D:0240 DB:7E P:NvmxdIzC V:184 H:217
C0279F $29 $00 $10     AND #$1000                      A:0000 X:0006 Y:0006 S:04EF D:0240 DB:7E P:nvmxdIZC V:184 H:227
C027A2 $D0 $08         BNE $C027AC                     A:0000 X:0006 Y:0006 S:04EF D:0240 DB:7E P:nvmxdIZC V:184 H:232
C027A4 $AF $DE $7F $7E LDA $7E7FDE                     A:0000 X:0006 Y:0006 S:04EF D:0240 DB:7E P:nvmxdIZC V:184 H:235
C027A8 $F0 $A8         BEQ $C02752                     A:0001 X:0006 Y:0006 S:04EF D:0240 DB:7E P:nvmxdIzC V:184 H:245
C027AA $80 $E9         BRA $C02795                     A:0001 X:0006 Y:0006 S:04EF D:0240 DB:7E P:nvmxdIzC V:184 H:248
C02795 $AF $FE $FF $C1 LDA $C1FFFE                     A:0001 X:0006 Y:0006 S:04EF D:0240 DB:7E P:nvmxdIzC V:184 H:252
C02799 $10 $09         BPL $C027A4                     A:FFFF X:0006 Y:0006 S:04EF D:0240 DB:7E P:NvmxdIzC V:184 H:261
C0279B $AF $F8 $7F $7E LDA $7E7FF8                     A:FFFF X:0006 Y:0006 S:04EF D:0240 DB:7E P:NvmxdIzC V:184 H:264
C0279F $29 $00 $10     AND #$1000                      A:0000 X:0006 Y:0006 S:04EF D:0240 DB:7E P:nvmxdIZC V:184 H:274
C027A2 $D0 $08         BNE $C027AC                     A:0000 X:0006 Y:0006 S:04EF D:0240 DB:7E P:nvmxdIZC V:184 H:322
C027A4 $AF $DE $7F $7E LDA $7E7FDE                     A:0000 X:0006 Y:0006 S:04EF D:0240 DB:7E P:nvmxdIZC V:184 H:325
C027A8 $F0 $A8         BEQ $C02752                     A:0001 X:0006 Y:0006 S:04EF D:0240 DB:7E P:nvmxdIzC V:184 H:334
C027AA $80 $E9         BRA $C02795                     A:0001 X:0006 Y:0006 S:04EF D:0240 DB:7E P:nvmxdIzC V:184 H:337
C02795 $AF $FE $FF $C1 LDA $C1FFFE                     A:0001 X:0006 Y:0006 S:04EF D:0240 DB:7E P:nvmxdIzC V:185 H:2  
C02799 $10 $09         BPL $C027A4                     A:FFFF X:0006 Y:0006 S:04EF D:0240 DB:7E P:NvmxdIzC V:185 H:11 
C0279B $AF $F8 $7F $7E LDA $7E7FF8                     A:FFFF X:0006 Y:0006 S:04EF D:0240 DB:7E P:NvmxdIzC V:185 H:14 
C0279F $29 $00 $10     AND #$1000                      A:0000 X:0006 Y:0006 S:04EF D:0240 DB:7E P:nvmxdIZC V:185 H:24 
C027A2 $D0 $08         BNE $C027AC                     A:0000 X:0006 Y:0006 S:04EF D:0240 DB:7E P:nvmxdIZC V:185 H:28 
C027A4 $AF $DE $7F $7E LDA $7E7FDE                     A:0000 X:0006 Y:0006 S:04EF D:0240 DB:7E P:nvmxdIZC V:185 H:31 
C027A8 $F0 $A8         BEQ $C02752                     A:0001 X:0006 Y:0006 S:04EF D:0240 DB:7E P:nvmxdIzC V:185 H:41 
C027AA $80 $E9         BRA $C02795                     A:0001 X:0006 Y:0006 S:04EF D:0240 DB:7E P:nvmxdIzC V:185 H:44 
C02795 $AF $FE $FF $C1 LDA $C1FFFE                     A:0001 X:0006 Y:0006 S:04EF D:0240 DB:7E P:nvmxdIzC V:185 H:49 
C02799 $10 $09         BPL $C027A4                     A:FFFF X:0006 Y:0006 S:04EF D:0240 DB:7E P:NvmxdIzC V:185 H:58 
C0279B $AF $F8 $7F $7E LDA $7E7FF8                     A:FFFF X:0006 Y:0006 S:04EF D:0240 DB:7E P:NvmxdIzC V:185 H:61 
C0279F $29 $00 $10     AND #$1000                      A:0000 X:0006 Y:0006 S:04EF D:0240 DB:7E P:nvmxdIZC V:185 H:71 
C027A2 $D0 $08         BNE $C027AC                     A:0000 X:0006 Y:0006 S:04EF D:0240 DB:7E P:nvmxdIZC V:185 H:75 
C027A4 $AF $DE $7F $7E LDA $7E7FDE                     A:0000 X:0006 Y:0006 S:04EF D:0240 DB:7E P:nvmxdIZC V:185 H:78 
C027A8 $F0 $A8         BEQ $C02752                     A:0001 X:0006 Y:0006 S:04EF D:0240 DB:7E P:nvmxdIzC V:185 H:88 
C027AA $80 $E9         BRA $C02795                     A:0001 X:0006 Y:0006 S:04EF D:0240 DB:7E P:nvmxdIzC V:185 H:91 
C02795 $AF $FE $FF $C1 LDA $C1FFFE                     A:0001 X:0006 Y:0006 S:04EF D:0240 DB:7E P:nvmxdIzC V:185 H:96 
C02799 $10 $09         BPL $C027A4                     A:FFFF X:0006 Y:0006 S:04EF D:0240 DB:7E P:NvmxdIzC V:185 H:105
C0279B $AF $F8 $7F $7E LDA $7E7FF8                     A:FFFF X:0006 Y:0006 S:04EF D:0240 DB:7E P:NvmxdIzC V:185 H:108
C0279F $29 $00 $10     AND #$1000                      A:0000 X:0006 Y:0006 S:04EF D:0240 DB:7E P:nvmxdIZC V:185 H:118
C027A2 $D0 $08         BNE $C027AC                     A:0000 X:0006 Y:0006 S:04EF D:0240 DB:7E P:nvmxdIZC V:185 H:122
C027A4 $AF $DE $7F $7E LDA $7E7FDE                     A:0000 X:0006 Y:0006 S:04EF D:0240 DB:7E P:nvmxdIZC V:185 H:125
C027A8 $F0 $A8         BEQ $C02752                     A:0001 X:0006 Y:0006 S:04EF D:0240 DB:7E P:nvmxdIzC V:185 H:145
C027AA $80 $E9         BRA $C02795                     A:0001 X:0006 Y:0006 S:04EF D:0240 DB:7E P:nvmxdIzC V:185 H:148
C02795 $AF $FE $FF $C1 LDA $C1FFFE                     A:0001 X:0006 Y:0006 S:04EF D:0240 DB:7E P:nvmxdIzC V:185 H:153
C02799 $10 $09         BPL $C027A4                     A:FFFF X:0006 Y:0006 S:04EF D:0240 DB:7E P:NvmxdIzC V:185 H:162
C0279B $AF $F8 $7F $7E LDA $7E7FF8                     A:FFFF X:0006 Y:0006 S:04EF D:0240 DB:7E P:NvmxdIzC V:185 H:165
C0279F $29 $00 $10     AND #$1000                      A:0000 X:0006 Y:0006 S:04EF D:0240 DB:7E P:nvmxdIZC V:185 H:175
C027A2 $D0 $08         BNE $C027AC                     A:0000 X:0006 Y:0006 S:04EF D:0240 DB:7E P:nvmxdIZC V:185 H:179
C027A4 $AF $DE $7F $7E LDA $7E7FDE                     A:0000 X:0006 Y:0006 S:04EF D:0240 DB:7E P:nvmxdIZC V:185 H:182
C027A8 $F0 $A8         BEQ $C02752                     A:0001 X:0006 Y:0006 S:04EF D:0240 DB:7E P:nvmxdIzC V:185 H:192
C027AA $80 $E9         BRA $C02795                     A:0001 X:0006 Y:0006 S:04EF D:0240 DB:7E P:nvmxdIzC V:185 H:195
C02795 $AF $FE $FF $C1 LDA $C1FFFE                     A:0001 X:0006 Y:0006 S:04EF D:0240 DB:7E P:nvmxdIzC V:185 H:200
C02799 $10 $09         BPL $C027A4                     A:FFFF X:0006 Y:0006 S:04EF D:0240 DB:7E P:NvmxdIzC V:185 H:209
C0279B $AF $F8 $7F $7E LDA $7E7FF8                     A:FFFF X:0006 Y:0006 S:04EF D:0240 DB:7E P:NvmxdIzC V:185 H:212
C0279F $29 $00 $10     AND #$1000                      A:0000 X:0006 Y:0006 S:04EF D:0240 DB:7E P:nvmxdIZC V:185 H:222
C027A2 $D0 $08         BNE $C027AC                     A:0000 X:0006 Y:0006 S:04EF D:0240 DB:7E P:nvmxdIZC V:185 H:226
C027A4 $AF $DE $7F $7E LDA $7E7FDE                     A:0000 X:0006 Y:0006 S:04EF D:0240 DB:7E P:nvmxdIZC V:185 H:229
C027A8 $F0 $A8         BEQ $C02752                     A:0001 X:0006 Y:0006 S:04EF D:0240 DB:7E P:nvmxdIzC V:185 H:239
C027AA $80 $E9         BRA $C02795                     A:0001 X:0006 Y:0006 S:04EF D:0240 DB:7E P:nvmxdIzC V:185 H:242
C02795 $AF $FE $FF $C1 LDA $C1FFFE                     A:0001 X:0006 Y:0006 S:04EF D:0240 DB:7E P:nvmxdIzC V:185 H:247
C02799 $10 $09         BPL $C027A4                     A:FFFF X:0006 Y:0006 S:04EF D:0240 DB:7E P:NvmxdIzC V:185 H:256
C0279B $AF $F8 $7F $7E LDA $7E7FF8                     A:FFFF X:0006 Y:0006 S:04EF D:0240 DB:7E P:NvmxdIzC V:185 H:259
C0279F $29 $00 $10     AND #$1000                      A:0000 X:0006 Y:0006 S:04EF D:0240 DB:7E P:nvmxdIZC V:185 H:269
C027A2 $D0 $08         BNE $C027AC                     A:0000 X:0006 Y:0006 S:04EF D:0240 DB:7E P:nvmxdIZC V:185 H:273
C027A4 $AF $DE $7F $7E LDA $7E7FDE                     A:0000 X:0006 Y:0006 S:04EF D:0240 DB:7E P:nvmxdIZC V:185 H:293
C027A8 $F0 $A8         BEQ $C02752                     A:0001 X:0006 Y:0006 S:04EF D:0240 DB:7E P:nvmxdIzC V:185 H:303
C027AA $80 $E9         BRA $C02795                     A:0001 X:0006 Y:0006 S:04EF D:0240 DB:7E P:nvmxdIzC V:185 H:306
C02795 $AF $FE $FF $C1 LDA $C1FFFE                     A:0001 X:0006 Y:0006 S:04EF D:0240 DB:7E P:nvmxdIzC V:185 H:310
C02799 $10 $09         BPL $C027A4                     A:FFFF X:0006 Y:0006 S:04EF D:0240 DB:7E P:NvmxdIzC V:185 H:319
C0279B $AF $F8 $7F $7E LDA $7E7FF8                     A:FFFF X:0006 Y:0006 S:04EF D:0240 DB:7E P:NvmxdIzC V:185 H:322
C0279F $29 $00 $10     AND #$1000                      A:0000 X:0006 Y:0006 S:04EF D:0240 DB:7E P:nvmxdIZC V:185 H:331
C027A2 $D0 $08         BNE $C027AC                     A:0000 X:0006 Y:0006 S:04EF D:0240 DB:7E P:nvmxdIZC V:185 H:336
C027A4 $AF $DE $7F $7E LDA $7E7FDE                     A:0000 X:0006 Y:0006 S:04EF D:0240 DB:7E P:nvmxdIZC V:185 H:339
C027A8 $F0 $A8         BEQ $C02752                     A:0001 X:0006 Y:0006 S:04EF D:0240 DB:7E P:nvmxdIzC V:186 H:9  
C027AA $80 $E9         BRA $C02795                     A:0001 X:0006 Y:0006 S:04EF D:0240 DB:7E P:nvmxdIzC V:186 H:12 
C02795 $AF $FE $FF $C1 LDA $C1FFFE                     A:0001 X:0006 Y:0006 S:04EF D:0240 DB:7E P:nvmxdIzC V:186 H:16 
C02799 $10 $09         BPL $C027A4                     A:FFFF X:0006 Y:0006 S:04EF D:0240 DB:7E P:NvmxdIzC V:186 H:25 
C0279B $AF $F8 $7F $7E LDA $7E7FF8                     A:FFFF X:0006 Y:0006 S:04EF D:0240 DB:7E P:NvmxdIzC V:186 H:28 
C0279F $29 $00 $10     AND #$1000                      A:0000 X:0006 Y:0006 S:04EF D:0240 DB:7E P:nvmxdIZC V:186 H:38 
C027A2 $D0 $08         BNE $C027AC                     A:0000 X:0006 Y:0006 S:04EF D:0240 DB:7E P:nvmxdIZC V:186 H:43 
C027A4 $AF $DE $7F $7E LDA $7E7FDE                     A:0000 X:0006 Y:0006 S:04EF D:0240 DB:7E P:nvmxdIZC V:186 H:46 
C027A8 $F0 $A8         BEQ $C02752                     A:0001 X:0006 Y:0006 S:04EF D:0240 DB:7E P:nvmxdIzC V:186 H:56 
C027AA $80 $E9         BRA $C02795                     A:0001 X:0006 Y:0006 S:04EF D:0240 DB:7E P:nvmxdIzC V:186 H:59 
C02795 $AF $FE $FF $C1 LDA $C1FFFE                     A:0001 X:0006 Y:0006 S:04EF D:0240 DB:7E P:nvmxdIzC V:186 H:63 
C02799 $10 $09         BPL $C027A4                     A:FFFF X:0006 Y:0006 S:04EF D:0240 DB:7E P:NvmxdIzC V:186 H:72 
C0279B $AF $F8 $7F $7E LDA $7E7FF8                     A:FFFF X:0006 Y:0006 S:04EF D:0240 DB:7E P:NvmxdIzC V:186 H:75 
C0279F $29 $00 $10     AND #$1000                      A:0000 X:0006 Y:0006 S:04EF D:0240 DB:7E P:nvmxdIZC V:186 H:85 
C027A2 $D0 $08         BNE $C027AC                     A:0000 X:0006 Y:0006 S:04EF D:0240 DB:7E P:nvmxdIZC V:186 H:90 
C027A4 $AF $DE $7F $7E LDA $7E7FDE                     A:0000 X:0006 Y:0006 S:04EF D:0240 DB:7E P:nvmxdIZC V:186 H:93 
C027A8 $F0 $A8         BEQ $C02752                     A:0001 X:0006 Y:0006 S:04EF D:0240 DB:7E P:nvmxdIzC V:186 H:103
C027AA $80 $E9         BRA $C02795                     A:0001 X:0006 Y:0006 S:04EF D:0240 DB:7E P:nvmxdIzC V:186 H:106
C02795 $AF $FE $FF $C1 LDA $C1FFFE                     A:0001 X:0006 Y:0006 S:04EF D:0240 DB:7E P:nvmxdIzC V:186 H:110
C02799 $10 $09         BPL $C027A4                     A:FFFF X:0006 Y:0006 S:04EF D:0240 DB:7E P:NvmxdIzC V:186 H:119
C0279B $AF $F8 $7F $7E LDA $7E7FF8                     A:FFFF X:0006 Y:0006 S:04EF D:0240 DB:7E P:NvmxdIzC V:186 H:122
C0279F $29 $00 $10     AND #$1000                      A:0000 X:0006 Y:0006 S:04EF D:0240 DB:7E P:nvmxdIZC V:186 H:132
C027A2 $D0 $08         BNE $C027AC                     A:0000 X:0006 Y:0006 S:04EF D:0240 DB:7E P:nvmxdIZC V:186 H:147
C027A4 $AF $DE $7F $7E LDA $7E7FDE                     A:0000 X:0006 Y:0006 S:04EF D:0240 DB:7E P:nvmxdIZC V:186 H:150
C027A8 $F0 $A8         BEQ $C02752                     A:0001 X:0006 Y:0006 S:04EF D:0240 DB:7E P:nvmxdIzC V:186 H:160
C027AA $80 $E9         BRA $C02795                     A:0001 X:0006 Y:0006 S:04EF D:0240 DB:7E P:nvmxdIzC V:186 H:163
C02795 $AF $FE $FF $C1 LDA $C1FFFE                     A:0001 X:0006 Y:0006 S:04EF D:0240 DB:7E P:nvmxdIzC V:186 H:167
C02799 $10 $09         BPL $C027A4                     A:FFFF X:0006 Y:0006 S:04EF D:0240 DB:7E P:NvmxdIzC V:186 H:176
C0279B $AF $F8 $7F $7E LDA $7E7FF8                     A:FFFF X:0006 Y:0006 S:04EF D:0240 DB:7E P:NvmxdIzC V:186 H:179
C0279F $29 $00 $10     AND #$1000                      A:0000 X:0006 Y:0006 S:04EF D:0240 DB:7E P:nvmxdIZC V:186 H:189
C027A2 $D0 $08         BNE $C027AC                     A:0000 X:0006 Y:0006 S:04EF D:0240 DB:7E P:nvmxdIZC V:186 H:194
C027A4 $AF $DE $7F $7E LDA $7E7FDE                     A:0000 X:0006 Y:0006 S:04EF D:0240 DB:7E P:nvmxdIZC V:186 H:197
C027A8 $F0 $A8         BEQ $C02752                     A:0001 X:0006 Y:0006 S:04EF D:0240 DB:7E P:nvmxdIzC V:186 H:207
C027AA $80 $E9         BRA $C02795                     A:0001 X:0006 Y:0006 S:04EF D:0240 DB:7E P:nvmxdIzC V:186 H:210
C02795 $AF $FE $FF $C1 LDA $C1FFFE                     A:0001 X:0006 Y:0006 S:04EF D:0240 DB:7E P:nvmxdIzC V:186 H:214
C02799 $10 $09         BPL $C027A4                     A:FFFF X:0006 Y:0006 S:04EF D:0240 DB:7E P:NvmxdIzC V:186 H:223
C0279B $AF $F8 $7F $7E LDA $7E7FF8                     A:FFFF X:0006 Y:0006 S:04EF D:0240 DB:7E P:NvmxdIzC V:186 H:226
C0279F $29 $00 $10     AND #$1000                      A:0000 X:0006 Y:0006 S:04EF D:0240 DB:7E P:nvmxdIZC V:186 H:236
C027A2 $D0 $08         BNE $C027AC                     A:0000 X:0006 Y:0006 S:04EF D:0240 DB:7E P:nvmxdIZC V:186 H:241
C027A4 $AF $DE $7F $7E LDA $7E7FDE                     A:0000 X:0006 Y:0006 S:04EF D:0240 DB:7E P:nvmxdIZC V:186 H:244
C027A8 $F0 $A8         BEQ $C02752                     A:0001 X:0006 Y:0006 S:04EF D:0240 DB:7E P:nvmxdIzC V:186 H:254
C027AA $80 $E9         BRA $C02795                     A:0001 X:0006 Y:0006 S:04EF D:0240 DB:7E P:nvmxdIzC V:186 H:257
C02795 $AF $FE $FF $C1 LDA $C1FFFE                     A:0001 X:0006 Y:0006 S:04EF D:0240 DB:7E P:nvmxdIzC V:186 H:261
C02799 $10 $09         BPL $C027A4                     A:FFFF X:0006 Y:0006 S:04EF D:0240 DB:7E P:NvmxdIzC V:186 H:270
C0279B $AF $F8 $7F $7E LDA $7E7FF8                     A:FFFF X:0006 Y:0006 S:04EF D:0240 DB:7E P:NvmxdIzC V:186 H:273
C0279F $29 $00 $10     AND #$1000                      A:0000 X:0006 Y:0006 S:04EF D:0240 DB:7E P:nvmxdIZC V:186 H:300
C027A2 $D0 $08         BNE $C027AC                     A:0000 X:0006 Y:0006 S:04EF D:0240 DB:7E P:nvmxdIZC V:186 H:304
C027A4 $AF $DE $7F $7E LDA $7E7FDE                     A:0000 X:0006 Y:0006 S:04EF D:0240 DB:7E P:nvmxdIZC V:186 H:307
C027A8 $F0 $A8         BEQ $C02752                     A:0001 X:0006 Y:0006 S:04EF D:0240 DB:7E P:nvmxdIzC V:186 H:317
C027AA $80 $E9         BRA $C02795                     A:0001 X:0006 Y:0006 S:04EF D:0240 DB:7E P:nvmxdIzC V:186 H:320
C02795 $AF $FE $FF $C1 LDA $C1FFFE                     A:0001 X:0006 Y:0006 S:04EF D:0240 DB:7E P:nvmxdIzC V:186 H:324
C02799 $10 $09         BPL $C027A4                     A:FFFF X:0006 Y:0006 S:04EF D:0240 DB:7E P:NvmxdIzC V:186 H:333
C0279B $AF $F8 $7F $7E LDA $7E7FF8                     A:FFFF X:0006 Y:0006 S:04EF D:0240 DB:7E P:NvmxdIzC V:186 H:336
C0279F $29 $00 $10     AND #$1000                      A:0000 X:0006 Y:0006 S:04EF D:0240 DB:7E P:nvmxdIZC V:187 H:6  
C027A2 $D0 $08         BNE $C027AC                     A:0000 X:0006 Y:0006 S:04EF D:0240 DB:7E P:nvmxdIZC V:187 H:10 
C027A4 $AF $DE $7F $7E LDA $7E7FDE                     A:0000 X:0006 Y:0006 S:04EF D:0240 DB:7E P:nvmxdIZC V:187 H:13 
C027A8 $F0 $A8         BEQ $C02752                     A:0001 X:0006 Y:0006 S:04EF D:0240 DB:7E P:nvmxdIzC V:187 H:23 
C027AA $80 $E9         BRA $C02795                     A:0001 X:0006 Y:0006 S:04EF D:0240 DB:7E P:nvmxdIzC V:187 H:26 
C02795 $AF $FE $FF $C1 LDA $C1FFFE                     A:0001 X:0006 Y:0006 S:04EF D:0240 DB:7E P:nvmxdIzC V:187 H:31 
C02799 $10 $09         BPL $C027A4                     A:FFFF X:0006 Y:0006 S:04EF D:0240 DB:7E P:NvmxdIzC V:187 H:40 
C0279B $AF $F8 $7F $7E LDA $7E7FF8                     A:FFFF X:0006 Y:0006 S:04EF D:0240 DB:7E P:NvmxdIzC V:187 H:43 
C0279F $29 $00 $10     AND #$1000                      A:0000 X:0006 Y:0006 S:04EF D:0240 DB:7E P:nvmxdIZC V:187 H:53 
C027A2 $D0 $08         BNE $C027AC                     A:0000 X:0006 Y:0006 S:04EF D:0240 DB:7E P:nvmxdIZC V:187 H:57 
C027A4 $AF $DE $7F $7E LDA $7E7FDE                     A:0000 X:0006 Y:0006 S:04EF D:0240 DB:7E P:nvmxdIZC V:187 H:60 
C027A8 $F0 $A8         BEQ $C02752                     A:0001 X:0006 Y:0006 S:04EF D:0240 DB:7E P:nvmxdIzC V:187 H:70 
C027AA $80 $E9         BRA $C02795                     A:0001 X:0006 Y:0006 S:04EF D:0240 DB:7E P:nvmxdIzC V:187 H:73 
C02795 $AF $FE $FF $C1 LDA $C1FFFE                     A:0001 X:0006 Y:0006 S:04EF D:0240 DB:7E P:nvmxdIzC V:187 H:78 
C02799 $10 $09         BPL $C027A4                     A:FFFF X:0006 Y:0006 S:04EF D:0240 DB:7E P:NvmxdIzC V:187 H:87 
C0279B $AF $F8 $7F $7E LDA $7E7FF8                     A:FFFF X:0006 Y:0006 S:04EF D:0240 DB:7E P:NvmxdIzC V:187 H:90 
C0279F $29 $00 $10     AND #$1000                      A:0000 X:0006 Y:0006 S:04EF D:0240 DB:7E P:nvmxdIZC V:187 H:100
C027A2 $D0 $08         BNE $C027AC                     A:0000 X:0006 Y:0006 S:04EF D:0240 DB:7E P:nvmxdIZC V:187 H:104
C027A4 $AF $DE $7F $7E LDA $7E7FDE                     A:0000 X:0006 Y:0006 S:04EF D:0240 DB:7E P:nvmxdIZC V:187 H:107
C027A8 $F0 $A8         BEQ $C02752                     A:0001 X:0006 Y:0006 S:04EF D:0240 DB:7E P:nvmxdIzC V:187 H:117
C027AA $80 $E9         BRA $C02795                     A:0001 X:0006 Y:0006 S:04EF D:0240 DB:7E P:nvmxdIzC V:187 H:120
C02795 $AF $FE $FF $C1 LDA $C1FFFE                     A:0001 X:0006 Y:0006 S:04EF D:0240 DB:7E P:nvmxdIzC V:187 H:125
C02799 $10 $09         BPL $C027A4                     A:FFFF X:0006 Y:0006 S:04EF D:0240 DB:7E P:NvmxdIzC V:187 H:134
C0279B $AF $F8 $7F $7E LDA $7E7FF8                     A:FFFF X:0006 Y:0006 S:04EF D:0240 DB:7E P:NvmxdIzC V:187 H:147
C0279F $29 $00 $10     AND #$1000                      A:0000 X:0006 Y:0006 S:04EF D:0240 DB:7E P:nvmxdIZC V:187 H:157
C027A2 $D0 $08         BNE $C027AC                     A:0000 X:0006 Y:0006 S:04EF D:0240 DB:7E P:nvmxdIZC V:187 H:161
C027A4 $AF $DE $7F $7E LDA $7E7FDE                     A:0000 X:0006 Y:0006 S:04EF D:0240 DB:7E P:nvmxdIZC V:187 H:164
C027A8 $F0 $A8         BEQ $C02752                     A:0001 X:0006 Y:0006 S:04EF D:0240 DB:7E P:nvmxdIzC V:187 H:174
C027AA $80 $E9         BRA $C02795                     A:0001 X:0006 Y:0006 S:04EF D:0240 DB:7E P:nvmxdIzC V:187 H:177
C02795 $AF $FE $FF $C1 LDA $C1FFFE                     A:0001 X:0006 Y:0006 S:04EF D:0240 DB:7E P:nvmxdIzC V:187 H:182
C02799 $10 $09         BPL $C027A4                     A:FFFF X:0006 Y:0006 S:04EF D:0240 DB:7E P:NvmxdIzC V:187 H:191
C0279B $AF $F8 $7F $7E LDA $7E7FF8                     A:FFFF X:0006 Y:0006 S:04EF D:0240 DB:7E P:NvmxdIzC V:187 H:194
C0279F $29 $00 $10     AND #$1000                      A:0000 X:0006 Y:0006 S:04EF D:0240 DB:7E P:nvmxdIZC V:187 H:204
C027A2 $D0 $08         BNE $C027AC                     A:0000 X:0006 Y:0006 S:04EF D:0240 DB:7E P:nvmxdIZC V:187 H:208
C027A4 $AF $DE $7F $7E LDA $7E7FDE                     A:0000 X:0006 Y:0006 S:04EF D:0240 DB:7E P:nvmxdIZC V:187 H:211
C027A8 $F0 $A8         BEQ $C02752                     A:0001 X:0006 Y:0006 S:04EF D:0240 DB:7E P:nvmxdIzC V:187 H:221
C027AA $80 $E9         BRA $C02795                     A:0001 X:0006 Y:0006 S:04EF D:0240 DB:7E P:nvmxdIzC V:187 H:224
C02795 $AF $FE $FF $C1 LDA $C1FFFE                     A:0001 X:0006 Y:0006 S:04EF D:0240 DB:7E P:nvmxdIzC V:187 H:229
C02799 $10 $09         BPL $C027A4                     A:FFFF X:0006 Y:0006 S:04EF D:0240 DB:7E P:NvmxdIzC V:187 H:238
C0279B $AF $F8 $7F $7E LDA $7E7FF8                     A:FFFF X:0006 Y:0006 S:04EF D:0240 DB:7E P:NvmxdIzC V:187 H:241
C0279F $29 $00 $10     AND #$1000                      A:0000 X:0006 Y:0006 S:04EF D:0240 DB:7E P:nvmxdIZC V:187 H:251
C027A2 $D0 $08         BNE $C027AC                     A:0000 X:0006 Y:0006 S:04EF D:0240 DB:7E P:nvmxdIZC V:187 H:255
C027A4 $AF $DE $7F $7E LDA $7E7FDE                     A:0000 X:0006 Y:0006 S:04EF D:0240 DB:7E P:nvmxdIZC V:187 H:258
C027A8 $F0 $A8         BEQ $C02752                     A:0001 X:0006 Y:0006 S:04EF D:0240 DB:7E P:nvmxdIzC V:187 H:268
C027AA $80 $E9         BRA $C02795                     A:0001 X:0006 Y:0006 S:04EF D:0240 DB:7E P:nvmxdIzC V:187 H:271
C02795 $AF $FE $FF $C1 LDA $C1FFFE                     A:0001 X:0006 Y:0006 S:04EF D:0240 DB:7E P:nvmxdIzC V:187 H:276
C02799 $10 $09         BPL $C027A4                     A:FFFF X:0006 Y:0006 S:04EF D:0240 DB:7E P:NvmxdIzC V:187 H:301
C0279B $AF $F8 $7F $7E LDA $7E7FF8                     A:FFFF X:0006 Y:0006 S:04EF D:0240 DB:7E P:NvmxdIzC V:187 H:304
C0279F $29 $00 $10     AND #$1000                      A:0000 X:0006 Y:0006 S:04EF D:0240 DB:7E P:nvmxdIZC V:187 H:314
C027A2 $D0 $08         BNE $C027AC                     A:0000 X:0006 Y:0006 S:04EF D:0240 DB:7E P:nvmxdIZC V:187 H:319
C027A4 $AF $DE $7F $7E LDA $7E7FDE                     A:0000 X:0006 Y:0006 S:04EF D:0240 DB:7E P:nvmxdIZC V:187 H:322
C027A8 $F0 $A8         BEQ $C02752                     A:0001 X:0006 Y:0006 S:04EF D:0240 DB:7E P:nvmxdIzC V:187 H:331
C027AA $80 $E9         BRA $C02795                     A:0001 X:0006 Y:0006 S:04EF D:0240 DB:7E P:nvmxdIzC V:187 H:334
C02795 $AF $FE $FF $C1 LDA $C1FFFE                     A:0001 X:0006 Y:0006 S:04EF D:0240 DB:7E P:nvmxdIzC V:187 H:338
C02799 $10 $09         BPL $C027A4                     A:FFFF X:0006 Y:0006 S:04EF D:0240 DB:7E P:NvmxdIzC V:188 H:7  
C0279B $AF $F8 $7F $7E LDA $7E7FF8                     A:FFFF X:0006 Y:0006 S:04EF D:0240 DB:7E P:NvmxdIzC V:188 H:10 
C0279F $29 $00 $10     AND #$1000                      A:0000 X:0006 Y:0006 S:04EF D:0240 DB:7E P:nvmxdIZC V:188 H:20 
C027A2 $D0 $08         BNE $C027AC                     A:0000 X:0006 Y:0006 S:04EF D:0240 DB:7E P:nvmxdIZC V:188 H:25 
C027A4 $AF $DE $7F $7E LDA $7E7FDE                     A:0000 X:0006 Y:0006 S:04EF D:0240 DB:7E P:nvmxdIZC V:188 H:28 
C027A8 $F0 $A8         BEQ $C02752                     A:0001 X:0006 Y:0006 S:04EF D:0240 DB:7E P:nvmxdIzC V:188 H:38 
C027AA $80 $E9         BRA $C02795                     A:0001 X:0006 Y:0006 S:04EF D:0240 DB:7E P:nvmxdIzC V:188 H:41 
C02795 $AF $FE $FF $C1 LDA $C1FFFE                     A:0001 X:0006 Y:0006 S:04EF D:0240 DB:7E P:nvmxdIzC V:188 H:45 
C02799 $10 $09         BPL $C027A4                     A:FFFF X:0006 Y:0006 S:04EF D:0240 DB:7E P:NvmxdIzC V:188 H:54 
C0279B $AF $F8 $7F $7E LDA $7E7FF8                     A:FFFF X:0006 Y:0006 S:04EF D:0240 DB:7E P:NvmxdIzC V:188 H:57 
C0279F $29 $00 $10     AND #$1000                      A:0000 X:0006 Y:0006 S:04EF D:0240 DB:7E P:nvmxdIZC V:188 H:67 
C027A2 $D0 $08         BNE $C027AC                     A:0000 X:0006 Y:0006 S:04EF D:0240 DB:7E P:nvmxdIZC V:188 H:72 
C027A4 $AF $DE $7F $7E LDA $7E7FDE                     A:0000 X:0006 Y:0006 S:04EF D:0240 DB:7E P:nvmxdIZC V:188 H:75 
C027A8 $F0 $A8         BEQ $C02752                     A:0001 X:0006 Y:0006 S:04EF D:0240 DB:7E P:nvmxdIzC V:188 H:85 
C027AA $80 $E9         BRA $C02795                     A:0001 X:0006 Y:0006 S:04EF D:0240 DB:7E P:nvmxdIzC V:188 H:88 
C02795 $AF $FE $FF $C1 LDA $C1FFFE                     A:0001 X:0006 Y:0006 S:04EF D:0240 DB:7E P:nvmxdIzC V:188 H:92 
C02799 $10 $09         BPL $C027A4                     A:FFFF X:0006 Y:0006 S:04EF D:0240 DB:7E P:NvmxdIzC V:188 H:101
C0279B $AF $F8 $7F $7E LDA $7E7FF8                     A:FFFF X:0006 Y:0006 S:04EF D:0240 DB:7E P:NvmxdIzC V:188 H:104
C0279F $29 $00 $10     AND #$1000                      A:0000 X:0006 Y:0006 S:04EF D:0240 DB:7E P:nvmxdIZC V:188 H:114
C027A2 $D0 $08         BNE $C027AC                     A:0000 X:0006 Y:0006 S:04EF D:0240 DB:7E P:nvmxdIZC V:188 H:119
C027A4 $AF $DE $7F $7E LDA $7E7FDE                     A:0000 X:0006 Y:0006 S:04EF D:0240 DB:7E P:nvmxdIZC V:188 H:122
C027A8 $F0 $A8         BEQ $C02752                     A:0001 X:0006 Y:0006 S:04EF D:0240 DB:7E P:nvmxdIzC V:188 H:132
C027AA $80 $E9         BRA $C02795                     A:0001 X:0006 Y:0006 S:04EF D:0240 DB:7E P:nvmxdIzC V:188 H:145
C02795 $AF $FE $FF $C1 LDA $C1FFFE                     A:0001 X:0006 Y:0006 S:04EF D:0240 DB:7E P:nvmxdIzC V:188 H:149
C02799 $10 $09         BPL $C027A4                     A:FFFF X:0006 Y:0006 S:04EF D:0240 DB:7E P:NvmxdIzC V:188 H:158
C0279B $AF $F8 $7F $7E LDA $7E7FF8                     A:FFFF X:0006 Y:0006 S:04EF D:0240 DB:7E P:NvmxdIzC V:188 H:161
C0279F $29 $00 $10     AND #$1000                      A:0000 X:0006 Y:0006 S:04EF D:0240 DB:7E P:nvmxdIZC V:188 H:171
C027A2 $D0 $08         BNE $C027AC                     A:0000 X:0006 Y:0006 S:04EF D:0240 DB:7E P:nvmxdIZC V:188 H:176
C027A4 $AF $DE $7F $7E LDA $7E7FDE                     A:0000 X:0006 Y:0006 S:04EF D:0240 DB:7E P:nvmxdIZC V:188 H:179
C027A8 $F0 $A8         BEQ $C02752                     A:0001 X:0006 Y:0006 S:04EF D:0240 DB:7E P:nvmxdIzC V:188 H:189
C027AA $80 $E9         BRA $C02795                     A:0001 X:0006 Y:0006 S:04EF D:0240 DB:7E P:nvmxdIzC V:188 H:192
C02795 $AF $FE $FF $C1 LDA $C1FFFE                     A:0001 X:0006 Y:0006 S:04EF D:0240 DB:7E P:nvmxdIzC V:188 H:196
C02799 $10 $09         BPL $C027A4                     A:FFFF X:0006 Y:0006 S:04EF D:0240 DB:7E P:NvmxdIzC V:188 H:205
C0279B $AF $F8 $7F $7E LDA $7E7FF8                     A:FFFF X:0006 Y:0006 S:04EF D:0240 DB:7E P:NvmxdIzC V:188 H:208
C0279F $29 $00 $10     AND #$1000                      A:0000 X:0006 Y:0006 S:04EF D:0240 DB:7E P:nvmxdIZC V:188 H:218
C027A2 $D0 $08         BNE $C027AC                     A:0000 X:0006 Y:0006 S:04EF D:0240 DB:7E P:nvmxdIZC V:188 H:223
C027A4 $AF $DE $7F $7E LDA $7E7FDE                     A:0000 X:0006 Y:0006 S:04EF D:0240 DB:7E P:nvmxdIZC V:188 H:226
C027A8 $F0 $A8         BEQ $C02752                     A:0001 X:0006 Y:0006 S:04EF D:0240 DB:7E P:nvmxdIzC V:188 H:236
C027AA $80 $E9         BRA $C02795                     A:0001 X:0006 Y:0006 S:04EF D:0240 DB:7E P:nvmxdIzC V:188 H:239
C02795 $AF $FE $FF $C1 LDA $C1FFFE                     A:0001 X:0006 Y:0006 S:04EF D:0240 DB:7E P:nvmxdIzC V:188 H:243
C02799 $10 $09         BPL $C027A4                     A:FFFF X:0006 Y:0006 S:04EF D:0240 DB:7E P:NvmxdIzC V:188 H:252
C0279B $AF $F8 $7F $7E LDA $7E7FF8                     A:FFFF X:0006 Y:0006 S:04EF D:0240 DB:7E P:NvmxdIzC V:188 H:255
C0279F $29 $00 $10     AND #$1000                      A:0000 X:0006 Y:0006 S:04EF D:0240 DB:7E P:nvmxdIZC V:188 H:265
C027A2 $D0 $08         BNE $C027AC                     A:0000 X:0006 Y:0006 S:04EF D:0240 DB:7E P:nvmxdIZC V:188 H:270
C027A4 $AF $DE $7F $7E LDA $7E7FDE                     A:0000 X:0006 Y:0006 S:04EF D:0240 DB:7E P:nvmxdIZC V:188 H:273
C027A8 $F0 $A8         BEQ $C02752                     A:0001 X:0006 Y:0006 S:04EF D:0240 DB:7E P:nvmxdIzC V:188 H:299
C027AA $80 $E9         BRA $C02795                     A:0001 X:0006 Y:0006 S:04EF D:0240 DB:7E P:nvmxdIzC V:188 H:302
C02795 $AF $FE $FF $C1 LDA $C1FFFE                     A:0001 X:0006 Y:0006 S:04EF D:0240 DB:7E P:nvmxdIzC V:188 H:307
C02799 $10 $09         BPL $C027A4                     A:FFFF X:0006 Y:0006 S:04EF D:0240 DB:7E P:NvmxdIzC V:188 H:316
C0279B $AF $F8 $7F $7E LDA $7E7FF8                     A:FFFF X:0006 Y:0006 S:04EF D:0240 DB:7E P:NvmxdIzC V:188 H:319
C0279F $29 $00 $10     AND #$1000                      A:0000 X:0006 Y:0006 S:04EF D:0240 DB:7E P:nvmxdIZC V:188 H:328
C027A2 $D0 $08         BNE $C027AC                     A:0000 X:0006 Y:0006 S:04EF D:0240 DB:7E P:nvmxdIZC V:188 H:332
C027A4 $AF $DE $7F $7E LDA $7E7FDE                     A:0000 X:0006 Y:0006 S:04EF D:0240 DB:7E P:nvmxdIZC V:188 H:335
C027A8 $F0 $A8         BEQ $C02752                     A:0001 X:0006 Y:0006 S:04EF D:0240 DB:7E P:nvmxdIzC V:189 H:5  
C027AA $80 $E9         BRA $C02795                     A:0001 X:0006 Y:0006 S:04EF D:0240 DB:7E P:nvmxdIzC V:189 H:8  
C02795 $AF $FE $FF $C1 LDA $C1FFFE                     A:0001 X:0006 Y:0006 S:04EF D:0240 DB:7E P:nvmxdIzC V:189 H:13 
C02799 $10 $09         BPL $C027A4                     A:FFFF X:0006 Y:0006 S:04EF D:0240 DB:7E P:NvmxdIzC V:189 H:22 
C0279B $AF $F8 $7F $7E LDA $7E7FF8                     A:FFFF X:0006 Y:0006 S:04EF D:0240 DB:7E P:NvmxdIzC V:189 H:25 
C0279F $29 $00 $10     AND #$1000                      A:0000 X:0006 Y:0006 S:04EF D:0240 DB:7E P:nvmxdIZC V:189 H:35 
C027A2 $D0 $08         BNE $C027AC                     A:0000 X:0006 Y:0006 S:04EF D:0240 DB:7E P:nvmxdIZC V:189 H:39 
C027A4 $AF $DE $7F $7E LDA $7E7FDE                     A:0000 X:0006 Y:0006 S:04EF D:0240 DB:7E P:nvmxdIZC V:189 H:42 
C027A8 $F0 $A8         BEQ $C02752                     A:0001 X:0006 Y:0006 S:04EF D:0240 DB:7E P:nvmxdIzC V:189 H:52 
C027AA $80 $E9         BRA $C02795                     A:0001 X:0006 Y:0006 S:04EF D:0240 DB:7E P:nvmxdIzC V:189 H:55 
C02795 $AF $FE $FF $C1 LDA $C1FFFE                     A:0001 X:0006 Y:0006 S:04EF D:0240 DB:7E P:nvmxdIzC V:189 H:60 
C02799 $10 $09         BPL $C027A4                     A:FFFF X:0006 Y:0006 S:04EF D:0240 DB:7E P:NvmxdIzC V:189 H:69 
C0279B $AF $F8 $7F $7E LDA $7E7FF8                     A:FFFF X:0006 Y:0006 S:04EF D:0240 DB:7E P:NvmxdIzC V:189 H:72 
C0279F $29 $00 $10     AND #$1000                      A:0000 X:0006 Y:0006 S:04EF D:0240 DB:7E P:nvmxdIZC V:189 H:82 
C027A2 $D0 $08         BNE $C027AC                     A:0000 X:0006 Y:0006 S:04EF D:0240 DB:7E P:nvmxdIZC V:189 H:86 
C027A4 $AF $DE $7F $7E LDA $7E7FDE                     A:0000 X:0006 Y:0006 S:04EF D:0240 DB:7E P:nvmxdIZC V:189 H:89 
C027A8 $F0 $A8         BEQ $C02752                     A:0001 X:0006 Y:0006 S:04EF D:0240 DB:7E P:nvmxdIzC V:189 H:99 
C027AA $80 $E9         BRA $C02795                     A:0001 X:0006 Y:0006 S:04EF D:0240 DB:7E P:nvmxdIzC V:189 H:102
C02795 $AF $FE $FF $C1 LDA $C1FFFE                     A:0001 X:0006 Y:0006 S:04EF D:0240 DB:7E P:nvmxdIzC V:189 H:107
C02799 $10 $09         BPL $C027A4                     A:FFFF X:0006 Y:0006 S:04EF D:0240 DB:7E P:NvmxdIzC V:189 H:116
C0279B $AF $F8 $7F $7E LDA $7E7FF8                     A:FFFF X:0006 Y:0006 S:04EF D:0240 DB:7E P:NvmxdIzC V:189 H:119
C0279F $29 $00 $10     AND #$1000                      A:0000 X:0006 Y:0006 S:04EF D:0240 DB:7E P:nvmxdIZC V:189 H:129
C027A2 $D0 $08         BNE $C027AC                     A:0000 X:0006 Y:0006 S:04EF D:0240 DB:7E P:nvmxdIZC V:189 H:133
C027A4 $AF $DE $7F $7E LDA $7E7FDE                     A:0000 X:0006 Y:0006 S:04EF D:0240 DB:7E P:nvmxdIZC V:189 H:146
C027A8 $F0 $A8         BEQ $C02752                     A:0001 X:0006 Y:0006 S:04EF D:0240 DB:7E P:nvmxdIzC V:189 H:156
C027AA $80 $E9         BRA $C02795                     A:0001 X:0006 Y:0006 S:04EF D:0240 DB:7E P:nvmxdIzC V:189 H:159
C02795 $AF $FE $FF $C1 LDA $C1FFFE                     A:0001 X:0006 Y:0006 S:04EF D:0240 DB:7E P:nvmxdIzC V:189 H:164
C02799 $10 $09         BPL $C027A4                     A:FFFF X:0006 Y:0006 S:04EF D:0240 DB:7E P:NvmxdIzC V:189 H:173
C0279B $AF $F8 $7F $7E LDA $7E7FF8                     A:FFFF X:0006 Y:0006 S:04EF D:0240 DB:7E P:NvmxdIzC V:189 H:176
C0279F $29 $00 $10     AND #$1000                      A:0000 X:0006 Y:0006 S:04EF D:0240 DB:7E P:nvmxdIZC V:189 H:186
C027A2 $D0 $08         BNE $C027AC                     A:0000 X:0006 Y:0006 S:04EF D:0240 DB:7E P:nvmxdIZC V:189 H:190
C027A4 $AF $DE $7F $7E LDA $7E7FDE                     A:0000 X:0006 Y:0006 S:04EF D:0240 DB:7E P:nvmxdIZC V:189 H:193
C027A8 $F0 $A8         BEQ $C02752                     A:0001 X:0006 Y:0006 S:04EF D:0240 DB:7E P:nvmxdIzC V:189 H:203
C027AA $80 $E9         BRA $C02795                     A:0001 X:0006 Y:0006 S:04EF D:0240 DB:7E P:nvmxdIzC V:189 H:206
C02795 $AF $FE $FF $C1 LDA $C1FFFE                     A:0001 X:0006 Y:0006 S:04EF D:0240 DB:7E P:nvmxdIzC V:189 H:211
C02799 $10 $09         BPL $C027A4                     A:FFFF X:0006 Y:0006 S:04EF D:0240 DB:7E P:NvmxdIzC V:189 H:220
C0279B $AF $F8 $7F $7E LDA $7E7FF8                     A:FFFF X:0006 Y:0006 S:04EF D:0240 DB:7E P:NvmxdIzC V:189 H:223
C0279F $29 $00 $10     AND #$1000                      A:0000 X:0006 Y:0006 S:04EF D:0240 DB:7E P:nvmxdIZC V:189 H:233
C027A2 $D0 $08         BNE $C027AC                     A:0000 X:0006 Y:0006 S:04EF D:0240 DB:7E P:nvmxdIZC V:189 H:237
C027A4 $AF $DE $7F $7E LDA $7E7FDE                     A:0000 X:0006 Y:0006 S:04EF D:0240 DB:7E P:nvmxdIZC V:189 H:240
C027A8 $F0 $A8         BEQ $C02752                     A:0001 X:0006 Y:0006 S:04EF D:0240 DB:7E P:nvmxdIzC V:189 H:250
C027AA $80 $E9         BRA $C02795                     A:0001 X:0006 Y:0006 S:04EF D:0240 DB:7E P:nvmxdIzC V:189 H:253
C02795 $AF $FE $FF $C1 LDA $C1FFFE                     A:0001 X:0006 Y:0006 S:04EF D:0240 DB:7E P:nvmxdIzC V:189 H:258
C02799 $10 $09         BPL $C027A4                     A:FFFF X:0006 Y:0006 S:04EF D:0240 DB:7E P:NvmxdIzC V:189 H:267
C0279B $AF $F8 $7F $7E LDA $7E7FF8                     A:FFFF X:0006 Y:0006 S:04EF D:0240 DB:7E P:NvmxdIzC V:189 H:270
C0279F $29 $00 $10     AND #$1000                      A:0000 X:0006 Y:0006 S:04EF D:0240 DB:7E P:nvmxdIZC V:189 H:296
C027A2 $D0 $08         BNE $C027AC                     A:0000 X:0006 Y:0006 S:04EF D:0240 DB:7E P:nvmxdIZC V:189 H:300
C027A4 $AF $DE $7F $7E LDA $7E7FDE                     A:0000 X:0006 Y:0006 S:04EF D:0240 DB:7E P:nvmxdIZC V:189 H:303
C027A8 $F0 $A8         BEQ $C02752                     A:0001 X:0006 Y:0006 S:04EF D:0240 DB:7E P:nvmxdIzC V:189 H:313
C027AA $80 $E9         BRA $C02795                     A:0001 X:0006 Y:0006 S:04EF D:0240 DB:7E P:nvmxdIzC V:189 H:316
C02795 $AF $FE $FF $C1 LDA $C1FFFE                     A:0001 X:0006 Y:0006 S:04EF D:0240 DB:7E P:nvmxdIzC V:189 H:321
C02799 $10 $09         BPL $C027A4                     A:FFFF X:0006 Y:0006 S:04EF D:0240 DB:7E P:NvmxdIzC V:189 H:329
C0279B $AF $F8 $7F $7E LDA $7E7FF8                     A:FFFF X:0006 Y:0006 S:04EF D:0240 DB:7E P:NvmxdIzC V:189 H:332
C0279F $29 $00 $10     AND #$1000                      A:0000 X:0006 Y:0006 S:04EF D:0240 DB:7E P:nvmxdIZC V:190 H:2  
C027A2 $D0 $08         BNE $C027AC                     A:0000 X:0006 Y:0006 S:04EF D:0240 DB:7E P:nvmxdIZC V:190 H:6  
C027A4 $AF $DE $7F $7E LDA $7E7FDE                     A:0000 X:0006 Y:0006 S:04EF D:0240 DB:7E P:nvmxdIZC V:190 H:9  
C027A8 $F0 $A8         BEQ $C02752                     A:0001 X:0006 Y:0006 S:04EF D:0240 DB:7E P:nvmxdIzC V:190 H:19 
C027AA $80 $E9         BRA $C02795                     A:0001 X:0006 Y:0006 S:04EF D:0240 DB:7E P:nvmxdIzC V:190 H:22 
C02795 $AF $FE $FF $C1 LDA $C1FFFE                     A:0001 X:0006 Y:0006 S:04EF D:0240 DB:7E P:nvmxdIzC V:190 H:27 
C02799 $10 $09         BPL $C027A4                     A:FFFF X:0006 Y:0006 S:04EF D:0240 DB:7E P:NvmxdIzC V:190 H:36 
C0279B $AF $F8 $7F $7E LDA $7E7FF8                     A:FFFF X:0006 Y:0006 S:04EF D:0240 DB:7E P:NvmxdIzC V:190 H:39 
C0279F $29 $00 $10     AND #$1000                      A:0000 X:0006 Y:0006 S:04EF D:0240 DB:7E P:nvmxdIZC V:190 H:49 
C027A2 $D0 $08         BNE $C027AC                     A:0000 X:0006 Y:0006 S:04EF D:0240 DB:7E P:nvmxdIZC V:190 H:53 
C027A4 $AF $DE $7F $7E LDA $7E7FDE                     A:0000 X:0006 Y:0006 S:04EF D:0240 DB:7E P:nvmxdIZC V:190 H:56 
C027A8 $F0 $A8         BEQ $C02752                     A:0001 X:0006 Y:0006 S:04EF D:0240 DB:7E P:nvmxdIzC V:190 H:66 
C027AA $80 $E9         BRA $C02795                     A:0001 X:0006 Y:0006 S:04EF D:0240 DB:7E P:nvmxdIzC V:190 H:69 
C02795 $AF $FE $FF $C1 LDA $C1FFFE                     A:0001 X:0006 Y:0006 S:04EF D:0240 DB:7E P:nvmxdIzC V:190 H:74 
C02799 $10 $09         BPL $C027A4                     A:FFFF X:0006 Y:0006 S:04EF D:0240 DB:7E P:NvmxdIzC V:190 H:83 
C0279B $AF $F8 $7F $7E LDA $7E7FF8                     A:FFFF X:0006 Y:0006 S:04EF D:0240 DB:7E P:NvmxdIzC V:190 H:86 
C0279F $29 $00 $10     AND #$1000                      A:0000 X:0006 Y:0006 S:04EF D:0240 DB:7E P:nvmxdIZC V:190 H:96 
C027A2 $D0 $08         BNE $C027AC                     A:0000 X:0006 Y:0006 S:04EF D:0240 DB:7E P:nvmxdIZC V:190 H:100
C027A4 $AF $DE $7F $7E LDA $7E7FDE                     A:0000 X:0006 Y:0006 S:04EF D:0240 DB:7E P:nvmxdIZC V:190 H:103
C027A8 $F0 $A8         BEQ $C02752                     A:0001 X:0006 Y:0006 S:04EF D:0240 DB:7E P:nvmxdIzC V:190 H:113
C027AA $80 $E9         BRA $C02795                     A:0001 X:0006 Y:0006 S:04EF D:0240 DB:7E P:nvmxdIzC V:190 H:116
C02795 $AF $FE $FF $C1 LDA $C1FFFE                     A:0001 X:0006 Y:0006 S:04EF D:0240 DB:7E P:nvmxdIzC V:190 H:121
C02799 $10 $09         BPL $C027A4                     A:FFFF X:0006 Y:0006 S:04EF D:0240 DB:7E P:NvmxdIzC V:190 H:130
C0279B $AF $F8 $7F $7E LDA $7E7FF8                     A:FFFF X:0006 Y:0006 S:04EF D:0240 DB:7E P:NvmxdIzC V:190 H:133
C0279F $29 $00 $10     AND #$1000                      A:0000 X:0006 Y:0006 S:04EF D:0240 DB:7E P:nvmxdIZC V:190 H:153
C027A2 $D0 $08         BNE $C027AC                     A:0000 X:0006 Y:0006 S:04EF D:0240 DB:7E P:nvmxdIZC V:190 H:157
C027A4 $AF $DE $7F $7E LDA $7E7FDE                     A:0000 X:0006 Y:0006 S:04EF D:0240 DB:7E P:nvmxdIZC V:190 H:160
C027A8 $F0 $A8         BEQ $C02752                     A:0001 X:0006 Y:0006 S:04EF D:0240 DB:7E P:nvmxdIzC V:190 H:170
C027AA $80 $E9         BRA $C02795                     A:0001 X:0006 Y:0006 S:04EF D:0240 DB:7E P:nvmxdIzC V:190 H:173
C02795 $AF $FE $FF $C1 LDA $C1FFFE                     A:0001 X:0006 Y:0006 S:04EF D:0240 DB:7E P:nvmxdIzC V:190 H:178
C02799 $10 $09         BPL $C027A4                     A:FFFF X:0006 Y:0006 S:04EF D:0240 DB:7E P:NvmxdIzC V:190 H:187
C0279B $AF $F8 $7F $7E LDA $7E7FF8                     A:FFFF X:0006 Y:0006 S:04EF D:0240 DB:7E P:NvmxdIzC V:190 H:190
C0279F $29 $00 $10     AND #$1000                      A:0000 X:0006 Y:0006 S:04EF D:0240 DB:7E P:nvmxdIZC V:190 H:200
C027A2 $D0 $08         BNE $C027AC                     A:0000 X:0006 Y:0006 S:04EF D:0240 DB:7E P:nvmxdIZC V:190 H:204
C027A4 $AF $DE $7F $7E LDA $7E7FDE                     A:0000 X:0006 Y:0006 S:04EF D:0240 DB:7E P:nvmxdIZC V:190 H:207
C027A8 $F0 $A8         BEQ $C02752                     A:0001 X:0006 Y:0006 S:04EF D:0240 DB:7E P:nvmxdIzC V:190 H:217
C027AA $80 $E9         BRA $C02795                     A:0001 X:0006 Y:0006 S:04EF D:0240 DB:7E P:nvmxdIzC V:190 H:220
C02795 $AF $FE $FF $C1 LDA $C1FFFE                     A:0001 X:0006 Y:0006 S:04EF D:0240 DB:7E P:nvmxdIzC V:190 H:225
C02799 $10 $09         BPL $C027A4                     A:FFFF X:0006 Y:0006 S:04EF D:0240 DB:7E P:NvmxdIzC V:190 H:234
C0279B $AF $F8 $7F $7E LDA $7E7FF8                     A:FFFF X:0006 Y:0006 S:04EF D:0240 DB:7E P:NvmxdIzC V:190 H:237
C0279F $29 $00 $10     AND #$1000                      A:0000 X:0006 Y:0006 S:04EF D:0240 DB:7E P:nvmxdIZC V:190 H:247
C027A2 $D0 $08         BNE $C027AC                     A:0000 X:0006 Y:0006 S:04EF D:0240 DB:7E P:nvmxdIZC V:190 H:251
C027A4 $AF $DE $7F $7E LDA $7E7FDE                     A:0000 X:0006 Y:0006 S:04EF D:0240 DB:7E P:nvmxdIZC V:190 H:254
C027A8 $F0 $A8         BEQ $C02752                     A:0001 X:0006 Y:0006 S:04EF D:0240 DB:7E P:nvmxdIzC V:190 H:264
C027AA $80 $E9         BRA $C02795                     A:0001 X:0006 Y:0006 S:04EF D:0240 DB:7E P:nvmxdIzC V:190 H:267
C02795 $AF $FE $FF $C1 LDA $C1FFFE                     A:0001 X:0006 Y:0006 S:04EF D:0240 DB:7E P:nvmxdIzC V:190 H:272
C02799 $10 $09         BPL $C027A4                     A:FFFF X:0006 Y:0006 S:04EF D:0240 DB:7E P:NvmxdIzC V:190 H:297
C0279B $AF $F8 $7F $7E LDA $7E7FF8                     A:FFFF X:0006 Y:0006 S:04EF D:0240 DB:7E P:NvmxdIzC V:190 H:300
C0279F $29 $00 $10     AND #$1000                      A:0000 X:0006 Y:0006 S:04EF D:0240 DB:7E P:nvmxdIZC V:190 H:310
C027A2 $D0 $08         BNE $C027AC                     A:0000 X:0006 Y:0006 S:04EF D:0240 DB:7E P:nvmxdIZC V:190 H:315
C027A4 $AF $DE $7F $7E LDA $7E7FDE                     A:0000 X:0006 Y:0006 S:04EF D:0240 DB:7E P:nvmxdIZC V:190 H:318
C027A8 $F0 $A8         BEQ $C02752                     A:0001 X:0006 Y:0006 S:04EF D:0240 DB:7E P:nvmxdIzC V:190 H:327
C027AA $80 $E9         BRA $C02795                     A:0001 X:0006 Y:0006 S:04EF D:0240 DB:7E P:nvmxdIzC V:190 H:330
C02795 $AF $FE $FF $C1 LDA $C1FFFE                     A:0001 X:0006 Y:0006 S:04EF D:0240 DB:7E P:nvmxdIzC V:190 H:334
C02799 $10 $09         BPL $C027A4                     A:FFFF X:0006 Y:0006 S:04EF D:0240 DB:7E P:NvmxdIzC V:191 H:3  
C0279B $AF $F8 $7F $7E LDA $7E7FF8                     A:FFFF X:0006 Y:0006 S:04EF D:0240 DB:7E P:NvmxdIzC V:191 H:6  
C0279F $29 $00 $10     AND #$1000                      A:0000 X:0006 Y:0006 S:04EF D:0240 DB:7E P:nvmxdIZC V:191 H:16 
C027A2 $D0 $08         BNE $C027AC                     A:0000 X:0006 Y:0006 S:04EF D:0240 DB:7E P:nvmxdIZC V:191 H:21 
C027A4 $AF $DE $7F $7E LDA $7E7FDE                     A:0000 X:0006 Y:0006 S:04EF D:0240 DB:7E P:nvmxdIZC V:191 H:24 
C027A8 $F0 $A8         BEQ $C02752                     A:0001 X:0006 Y:0006 S:04EF D:0240 DB:7E P:nvmxdIzC V:191 H:34 
C027AA $80 $E9         BRA $C02795                     A:0001 X:0006 Y:0006 S:04EF D:0240 DB:7E P:nvmxdIzC V:191 H:37 
C02795 $AF $FE $FF $C1 LDA $C1FFFE                     A:0001 X:0006 Y:0006 S:04EF D:0240 DB:7E P:nvmxdIzC V:191 H:41 
C02799 $10 $09         BPL $C027A4                     A:FFFF X:0006 Y:0006 S:04EF D:0240 DB:7E P:NvmxdIzC V:191 H:50 
C0279B $AF $F8 $7F $7E LDA $7E7FF8                     A:FFFF X:0006 Y:0006 S:04EF D:0240 DB:7E P:NvmxdIzC V:191 H:53 
C0279F $29 $00 $10     AND #$1000                      A:0000 X:0006 Y:0006 S:04EF D:0240 DB:7E P:nvmxdIZC V:191 H:63 
C027A2 $D0 $08         BNE $C027AC                     A:0000 X:0006 Y:0006 S:04EF D:0240 DB:7E P:nvmxdIZC V:191 H:68 
C027A4 $AF $DE $7F $7E LDA $7E7FDE                     A:0000 X:0006 Y:0006 S:04EF D:0240 DB:7E P:nvmxdIZC V:191 H:71 
C027A8 $F0 $A8         BEQ $C02752                     A:0001 X:0006 Y:0006 S:04EF D:0240 DB:7E P:nvmxdIzC V:191 H:81 
C027AA $80 $E9         BRA $C02795                     A:0001 X:0006 Y:0006 S:04EF D:0240 DB:7E P:nvmxdIzC V:191 H:84 
C02795 $AF $FE $FF $C1 LDA $C1FFFE                     A:0001 X:0006 Y:0006 S:04EF D:0240 DB:7E P:nvmxdIzC V:191 H:88 
C02799 $10 $09         BPL $C027A4                     A:FFFF X:0006 Y:0006 S:04EF D:0240 DB:7E P:NvmxdIzC V:191 H:97 
C0279B $AF $F8 $7F $7E LDA $7E7FF8                     A:FFFF X:0006 Y:0006 S:04EF D:0240 DB:7E P:NvmxdIzC V:191 H:100
C0279F $29 $00 $10     AND #$1000                      A:0000 X:0006 Y:0006 S:04EF D:0240 DB:7E P:nvmxdIZC V:191 H:110
C027A2 $D0 $08         BNE $C027AC                     A:0000 X:0006 Y:0006 S:04EF D:0240 DB:7E P:nvmxdIZC V:191 H:115
C027A4 $AF $DE $7F $7E LDA $7E7FDE                     A:0000 X:0006 Y:0006 S:04EF D:0240 DB:7E P:nvmxdIZC V:191 H:118
C027A8 $F0 $A8         BEQ $C02752                     A:0001 X:0006 Y:0006 S:04EF D:0240 DB:7E P:nvmxdIzC V:191 H:128
C027AA $80 $E9         BRA $C02795                     A:0001 X:0006 Y:0006 S:04EF D:0240 DB:7E P:nvmxdIzC V:191 H:131
C02795 $AF $FE $FF $C1 LDA $C1FFFE                     A:0001 X:0006 Y:0006 S:04EF D:0240 DB:7E P:nvmxdIzC V:191 H:145
C02799 $10 $09         BPL $C027A4                     A:FFFF X:0006 Y:0006 S:04EF D:0240 DB:7E P:NvmxdIzC V:191 H:154
C0279B $AF $F8 $7F $7E LDA $7E7FF8                     A:FFFF X:0006 Y:0006 S:04EF D:0240 DB:7E P:NvmxdIzC V:191 H:157
C0279F $29 $00 $10     AND #$1000                      A:0000 X:0006 Y:0006 S:04EF D:0240 DB:7E P:nvmxdIZC V:191 H:167
C027A2 $D0 $08         BNE $C027AC                     A:0000 X:0006 Y:0006 S:04EF D:0240 DB:7E P:nvmxdIZC V:191 H:172
C027A4 $AF $DE $7F $7E LDA $7E7FDE                     A:0000 X:0006 Y:0006 S:04EF D:0240 DB:7E P:nvmxdIZC V:191 H:175
C027A8 $F0 $A8         BEQ $C02752                     A:0001 X:0006 Y:0006 S:04EF D:0240 DB:7E P:nvmxdIzC V:191 H:185
C027AA $80 $E9         BRA $C02795                     A:0001 X:0006 Y:0006 S:04EF D:0240 DB:7E P:nvmxdIzC V:191 H:188
C02795 $AF $FE $FF $C1 LDA $C1FFFE                     A:0001 X:0006 Y:0006 S:04EF D:0240 DB:7E P:nvmxdIzC V:191 H:192
C02799 $10 $09         BPL $C027A4                     A:FFFF X:0006 Y:0006 S:04EF D:0240 DB:7E P:NvmxdIzC V:191 H:201
C0279B $AF $F8 $7F $7E LDA $7E7FF8                     A:FFFF X:0006 Y:0006 S:04EF D:0240 DB:7E P:NvmxdIzC V:191 H:204
C0279F $29 $00 $10     AND #$1000                      A:0000 X:0006 Y:0006 S:04EF D:0240 DB:7E P:nvmxdIZC V:191 H:214
C027A2 $D0 $08         BNE $C027AC                     A:0000 X:0006 Y:0006 S:04EF D:0240 DB:7E P:nvmxdIZC V:191 H:219
C027A4 $AF $DE $7F $7E LDA $7E7FDE                     A:0000 X:0006 Y:0006 S:04EF D:0240 DB:7E P:nvmxdIZC V:191 H:222
C027A8 $F0 $A8         BEQ $C02752                     A:0001 X:0006 Y:0006 S:04EF D:0240 DB:7E P:nvmxdIzC V:191 H:232
C027AA $80 $E9         BRA $C02795                     A:0001 X:0006 Y:0006 S:04EF D:0240 DB:7E P:nvmxdIzC V:191 H:235
C02795 $AF $FE $FF $C1 LDA $C1FFFE                     A:0001 X:0006 Y:0006 S:04EF D:0240 DB:7E P:nvmxdIzC V:191 H:239
C02799 $10 $09         BPL $C027A4                     A:FFFF X:0006 Y:0006 S:04EF D:0240 DB:7E P:NvmxdIzC V:191 H:248
C0279B $AF $F8 $7F $7E LDA $7E7FF8                     A:FFFF X:0006 Y:0006 S:04EF D:0240 DB:7E P:NvmxdIzC V:191 H:251
C0279F $29 $00 $10     AND #$1000                      A:0000 X:0006 Y:0006 S:04EF D:0240 DB:7E P:nvmxdIZC V:191 H:261
C027A2 $D0 $08         BNE $C027AC                     A:0000 X:0006 Y:0006 S:04EF D:0240 DB:7E P:nvmxdIZC V:191 H:266
C027A4 $AF $DE $7F $7E LDA $7E7FDE                     A:0000 X:0006 Y:0006 S:04EF D:0240 DB:7E P:nvmxdIZC V:191 H:269
C027A8 $F0 $A8         BEQ $C02752                     A:0001 X:0006 Y:0006 S:04EF D:0240 DB:7E P:nvmxdIzC V:191 H:319
C027AA $80 $E9         BRA $C02795                     A:0001 X:0006 Y:0006 S:04EF D:0240 DB:7E P:nvmxdIzC V:191 H:322
C02795 $AF $FE $FF $C1 LDA $C1FFFE                     A:0001 X:0006 Y:0006 S:04EF D:0240 DB:7E P:nvmxdIzC V:191 H:326
C02799 $10 $09         BPL $C027A4                     A:FFFF X:0006 Y:0006 S:04EF D:0240 DB:7E P:NvmxdIzC V:191 H:334
C0279B $AF $F8 $7F $7E LDA $7E7FF8                     A:FFFF X:0006 Y:0006 S:04EF D:0240 DB:7E P:NvmxdIzC V:191 H:337
C0279F $29 $00 $10     AND #$1000                      A:0000 X:0006 Y:0006 S:04EF D:0240 DB:7E P:nvmxdIZC V:192 H:7  
C027A2 $D0 $08         BNE $C027AC                     A:0000 X:0006 Y:0006 S:04EF D:0240 DB:7E P:nvmxdIZC V:192 H:12 
C027A4 $AF $DE $7F $7E LDA $7E7FDE                     A:0000 X:0006 Y:0006 S:04EF D:0240 DB:7E P:nvmxdIZC V:192 H:15 
C027A8 $F0 $A8         BEQ $C02752                     A:0001 X:0006 Y:0006 S:04EF D:0240 DB:7E P:nvmxdIzC V:192 H:25 
C027AA $80 $E9         BRA $C02795                     A:0001 X:0006 Y:0006 S:04EF D:0240 DB:7E P:nvmxdIzC V:192 H:28 
C02795 $AF $FE $FF $C1 LDA $C1FFFE                     A:0001 X:0006 Y:0006 S:04EF D:0240 DB:7E P:nvmxdIzC V:192 H:32 
C02799 $10 $09         BPL $C027A4                     A:FFFF X:0006 Y:0006 S:04EF D:0240 DB:7E P:NvmxdIzC V:192 H:41 
C0279B $AF $F8 $7F $7E LDA $7E7FF8                     A:FFFF X:0006 Y:0006 S:04EF D:0240 DB:7E P:NvmxdIzC V:192 H:44 
C0279F $29 $00 $10     AND #$1000                      A:0000 X:0006 Y:0006 S:04EF D:0240 DB:7E P:nvmxdIZC V:192 H:54 
C027A2 $D0 $08         BNE $C027AC                     A:0000 X:0006 Y:0006 S:04EF D:0240 DB:7E P:nvmxdIZC V:192 H:59 
C027A4 $AF $DE $7F $7E LDA $7E7FDE                     A:0000 X:0006 Y:0006 S:04EF D:0240 DB:7E P:nvmxdIZC V:192 H:62 
C027A8 $F0 $A8         BEQ $C02752                     A:0001 X:0006 Y:0006 S:04EF D:0240 DB:7E P:nvmxdIzC V:192 H:72 
C027AA $80 $E9         BRA $C02795                     A:0001 X:0006 Y:0006 S:04EF D:0240 DB:7E P:nvmxdIzC V:192 H:75 
C02795 $AF $FE $FF $C1 LDA $C1FFFE                     A:0001 X:0006 Y:0006 S:04EF D:0240 DB:7E P:nvmxdIzC V:192 H:79 
C02799 $10 $09         BPL $C027A4                     A:FFFF X:0006 Y:0006 S:04EF D:0240 DB:7E P:NvmxdIzC V:192 H:88 
C0279B $AF $F8 $7F $7E LDA $7E7FF8                     A:FFFF X:0006 Y:0006 S:04EF D:0240 DB:7E P:NvmxdIzC V:192 H:91 
C0279F $29 $00 $10     AND #$1000                      A:0000 X:0006 Y:0006 S:04EF D:0240 DB:7E P:nvmxdIZC V:192 H:101
C027A2 $D0 $08         BNE $C027AC                     A:0000 X:0006 Y:0006 S:04EF D:0240 DB:7E P:nvmxdIZC V:192 H:106
C027A4 $AF $DE $7F $7E LDA $7E7FDE                     A:0000 X:0006 Y:0006 S:04EF D:0240 DB:7E P:nvmxdIZC V:192 H:109
C027A8 $F0 $A8         BEQ $C02752                     A:0001 X:0006 Y:0006 S:04EF D:0240 DB:7E P:nvmxdIzC V:192 H:119
C027AA $80 $E9         BRA $C02795                     A:0001 X:0006 Y:0006 S:04EF D:0240 DB:7E P:nvmxdIzC V:192 H:122
C02795 $AF $FE $FF $C1 LDA $C1FFFE                     A:0001 X:0006 Y:0006 S:04EF D:0240 DB:7E P:nvmxdIzC V:192 H:126
C02799 $10 $09         BPL $C027A4                     A:FFFF X:0006 Y:0006 S:04EF D:0240 DB:7E P:NvmxdIzC V:192 H:145
C0279B $AF $F8 $7F $7E LDA $7E7FF8                     A:FFFF X:0006 Y:0006 S:04EF D:0240 DB:7E P:NvmxdIzC V:192 H:148
C0279F $29 $00 $10     AND #$1000                      A:0000 X:0006 Y:0006 S:04EF D:0240 DB:7E P:nvmxdIZC V:192 H:158
C027A2 $D0 $08         BNE $C027AC                     A:0000 X:0006 Y:0006 S:04EF D:0240 DB:7E P:nvmxdIZC V:192 H:163
C027A4 $AF $DE $7F $7E LDA $7E7FDE                     A:0000 X:0006 Y:0006 S:04EF D:0240 DB:7E P:nvmxdIZC V:192 H:166
C027A8 $F0 $A8         BEQ $C02752                     A:0001 X:0006 Y:0006 S:04EF D:0240 DB:7E P:nvmxdIzC V:192 H:176
C027AA $80 $E9         BRA $C02795                     A:0001 X:0006 Y:0006 S:04EF D:0240 DB:7E P:nvmxdIzC V:192 H:179
C02795 $AF $FE $FF $C1 LDA $C1FFFE                     A:0001 X:0006 Y:0006 S:04EF D:0240 DB:7E P:nvmxdIzC V:192 H:183
C02799 $10 $09         BPL $C027A4                     A:FFFF X:0006 Y:0006 S:04EF D:0240 DB:7E P:NvmxdIzC V:192 H:192
C0279B $AF $F8 $7F $7E LDA $7E7FF8                     A:FFFF X:0006 Y:0006 S:04EF D:0240 DB:7E P:NvmxdIzC V:192 H:195
C0279F $29 $00 $10     AND #$1000                      A:0000 X:0006 Y:0006 S:04EF D:0240 DB:7E P:nvmxdIZC V:192 H:205
C027A2 $D0 $08         BNE $C027AC                     A:0000 X:0006 Y:0006 S:04EF D:0240 DB:7E P:nvmxdIZC V:192 H:210
C027A4 $AF $DE $7F $7E LDA $7E7FDE                     A:0000 X:0006 Y:0006 S:04EF D:0240 DB:7E P:nvmxdIZC V:192 H:213
C027A8 $F0 $A8         BEQ $C02752                     A:0001 X:0006 Y:0006 S:04EF D:0240 DB:7E P:nvmxdIzC V:192 H:223
C027AA $80 $E9         BRA $C02795                     A:0001 X:0006 Y:0006 S:04EF D:0240 DB:7E P:nvmxdIzC V:192 H:226
C02795 $AF $FE $FF $C1 LDA $C1FFFE                     A:0001 X:0006 Y:0006 S:04EF D:0240 DB:7E P:nvmxdIzC V:192 H:230
C02799 $10 $09         BPL $C027A4                     A:FFFF X:0006 Y:0006 S:04EF D:0240 DB:7E P:NvmxdIzC V:192 H:239
C0279B $AF $F8 $7F $7E LDA $7E7FF8                     A:FFFF X:0006 Y:0006 S:04EF D:0240 DB:7E P:NvmxdIzC V:192 H:242
C0279F $29 $00 $10     AND #$1000                      A:0000 X:0006 Y:0006 S:04EF D:0240 DB:7E P:nvmxdIZC V:192 H:252
C027A2 $D0 $08         BNE $C027AC                     A:0000 X:0006 Y:0006 S:04EF D:0240 DB:7E P:nvmxdIZC V:192 H:257
C027A4 $AF $DE $7F $7E LDA $7E7FDE                     A:0000 X:0006 Y:0006 S:04EF D:0240 DB:7E P:nvmxdIZC V:192 H:260
C027A8 $F0 $A8         BEQ $C02752                     A:0001 X:0006 Y:0006 S:04EF D:0240 DB:7E P:nvmxdIzC V:192 H:270
C027AA $80 $E9         BRA $C02795                     A:0001 X:0006 Y:0006 S:04EF D:0240 DB:7E P:nvmxdIzC V:192 H:273
C02795 $AF $FE $FF $C1 LDA $C1FFFE                     A:0001 X:0006 Y:0006 S:04EF D:0240 DB:7E P:nvmxdIzC V:192 H:321
C02799 $10 $09         BPL $C027A4                     A:FFFF X:0006 Y:0006 S:04EF D:0240 DB:7E P:NvmxdIzC V:192 H:329
C0279B $AF $F8 $7F $7E LDA $7E7FF8                     A:FFFF X:0006 Y:0006 S:04EF D:0240 DB:7E P:NvmxdIzC V:192 H:332
C0279F $29 $00 $10     AND #$1000                      A:0000 X:0006 Y:0006 S:04EF D:0240 DB:7E P:nvmxdIZC V:193 H:2  
C027A2 $D0 $08         BNE $C027AC                     A:0000 X:0006 Y:0006 S:04EF D:0240 DB:7E P:nvmxdIZC V:193 H:6  
C027A4 $AF $DE $7F $7E LDA $7E7FDE                     A:0000 X:0006 Y:0006 S:04EF D:0240 DB:7E P:nvmxdIZC V:193 H:9  
C027A8 $F0 $A8         BEQ $C02752                     A:0001 X:0006 Y:0006 S:04EF D:0240 DB:7E P:nvmxdIzC V:193 H:19 
C027AA $80 $E9         BRA $C02795                     A:0001 X:0006 Y:0006 S:04EF D:0240 DB:7E P:nvmxdIzC V:193 H:22 
C02795 $AF $FE $FF $C1 LDA $C1FFFE                     A:0001 X:0006 Y:0006 S:04EF D:0240 DB:7E P:nvmxdIzC V:193 H:27 
C02799 $10 $09         BPL $C027A4                     A:FFFF X:0006 Y:0006 S:04EF D:0240 DB:7E P:NvmxdIzC V:193 H:36 
C0279B $AF $F8 $7F $7E LDA $7E7FF8                     A:FFFF X:0006 Y:0006 S:04EF D:0240 DB:7E P:NvmxdIzC V:193 H:39 
C0279F $29 $00 $10     AND #$1000                      A:0000 X:0006 Y:0006 S:04EF D:0240 DB:7E P:nvmxdIZC V:193 H:49 
C027A2 $D0 $08         BNE $C027AC                     A:0000 X:0006 Y:0006 S:04EF D:0240 DB:7E P:nvmxdIZC V:193 H:53 
C027A4 $AF $DE $7F $7E LDA $7E7FDE                     A:0000 X:0006 Y:0006 S:04EF D:0240 DB:7E P:nvmxdIZC V:193 H:56 
C027A8 $F0 $A8         BEQ $C02752                     A:0001 X:0006 Y:0006 S:04EF D:0240 DB:7E P:nvmxdIzC V:193 H:66 
C027AA $80 $E9         BRA $C02795                     A:0001 X:0006 Y:0006 S:04EF D:0240 DB:7E P:nvmxdIzC V:193 H:69 
C02795 $AF $FE $FF $C1 LDA $C1FFFE                     A:0001 X:0006 Y:0006 S:04EF D:0240 DB:7E P:nvmxdIzC V:193 H:74 
C02799 $10 $09         BPL $C027A4                     A:FFFF X:0006 Y:0006 S:04EF D:0240 DB:7E P:NvmxdIzC V:193 H:83 
C0279B $AF $F8 $7F $7E LDA $7E7FF8                     A:FFFF X:0006 Y:0006 S:04EF D:0240 DB:7E P:NvmxdIzC V:193 H:86 
C0279F $29 $00 $10     AND #$1000                      A:0000 X:0006 Y:0006 S:04EF D:0240 DB:7E P:nvmxdIZC V:193 H:96 
C027A2 $D0 $08         BNE $C027AC                     A:0000 X:0006 Y:0006 S:04EF D:0240 DB:7E P:nvmxdIZC V:193 H:100
C027A4 $AF $DE $7F $7E LDA $7E7FDE                     A:0000 X:0006 Y:0006 S:04EF D:0240 DB:7E P:nvmxdIZC V:193 H:103
C027A8 $F0 $A8         BEQ $C02752                     A:0001 X:0006 Y:0006 S:04EF D:0240 DB:7E P:nvmxdIzC V:193 H:113
C027AA $80 $E9         BRA $C02795                     A:0001 X:0006 Y:0006 S:04EF D:0240 DB:7E P:nvmxdIzC V:193 H:116
C02795 $AF $FE $FF $C1 LDA $C1FFFE                     A:0001 X:0006 Y:0006 S:04EF D:0240 DB:7E P:nvmxdIzC V:193 H:121
C02799 $10 $09         BPL $C027A4                     A:FFFF X:0006 Y:0006 S:04EF D:0240 DB:7E P:NvmxdIzC V:193 H:130
C0279B $AF $F8 $7F $7E LDA $7E7FF8                     A:FFFF X:0006 Y:0006 S:04EF D:0240 DB:7E P:NvmxdIzC V:193 H:133
C0279F $29 $00 $10     AND #$1000                      A:0000 X:0006 Y:0006 S:04EF D:0240 DB:7E P:nvmxdIZC V:193 H:153
C027A2 $D0 $08         BNE $C027AC                     A:0000 X:0006 Y:0006 S:04EF D:0240 DB:7E P:nvmxdIZC V:193 H:157
C027A4 $AF $DE $7F $7E LDA $7E7FDE                     A:0000 X:0006 Y:0006 S:04EF D:0240 DB:7E P:nvmxdIZC V:193 H:160
C027A8 $F0 $A8         BEQ $C02752                     A:0001 X:0006 Y:0006 S:04EF D:0240 DB:7E P:nvmxdIzC V:193 H:170
C027AA $80 $E9         BRA $C02795                     A:0001 X:0006 Y:0006 S:04EF D:0240 DB:7E P:nvmxdIzC V:193 H:173
C02795 $AF $FE $FF $C1 LDA $C1FFFE                     A:0001 X:0006 Y:0006 S:04EF D:0240 DB:7E P:nvmxdIzC V:193 H:178
C02799 $10 $09         BPL $C027A4                     A:FFFF X:0006 Y:0006 S:04EF D:0240 DB:7E P:NvmxdIzC V:193 H:187
C0279B $AF $F8 $7F $7E LDA $7E7FF8                     A:FFFF X:0006 Y:0006 S:04EF D:0240 DB:7E P:NvmxdIzC V:193 H:190
C0279F $29 $00 $10     AND #$1000                      A:0000 X:0006 Y:0006 S:04EF D:0240 DB:7E P:nvmxdIZC V:193 H:200
C027A2 $D0 $08         BNE $C027AC                     A:0000 X:0006 Y:0006 S:04EF D:0240 DB:7E P:nvmxdIZC V:193 H:204
C027A4 $AF $DE $7F $7E LDA $7E7FDE                     A:0000 X:0006 Y:0006 S:04EF D:0240 DB:7E P:nvmxdIZC V:193 H:207
C027A8 $F0 $A8         BEQ $C02752                     A:0001 X:0006 Y:0006 S:04EF D:0240 DB:7E P:nvmxdIzC V:193 H:217
C027AA $80 $E9         BRA $C02795                     A:0001 X:0006 Y:0006 S:04EF D:0240 DB:7E P:nvmxdIzC V:193 H:220
C02795 $AF $FE $FF $C1 LDA $C1FFFE                     A:0001 X:0006 Y:0006 S:04EF D:0240 DB:7E P:nvmxdIzC V:193 H:225
C02799 $10 $09         BPL $C027A4                     A:FFFF X:0006 Y:0006 S:04EF D:0240 DB:7E P:NvmxdIzC V:193 H:234
C0279B $AF $F8 $7F $7E LDA $7E7FF8                     A:FFFF X:0006 Y:0006 S:04EF D:0240 DB:7E P:NvmxdIzC V:193 H:237
C0279F $29 $00 $10     AND #$1000                      A:0000 X:0006 Y:0006 S:04EF D:0240 DB:7E P:nvmxdIZC V:193 H:247
C027A2 $D0 $08         BNE $C027AC                     A:0000 X:0006 Y:0006 S:04EF D:0240 DB:7E P:nvmxdIZC V:193 H:251
C027A4 $AF $DE $7F $7E LDA $7E7FDE                     A:0000 X:0006 Y:0006 S:04EF D:0240 DB:7E P:nvmxdIZC V:193 H:254
C027A8 $F0 $A8         BEQ $C02752                     A:0001 X:0006 Y:0006 S:04EF D:0240 DB:7E P:nvmxdIzC V:193 H:264
C027AA $80 $E9         BRA $C02795                     A:0001 X:0006 Y:0006 S:04EF D:0240 DB:7E P:nvmxdIzC V:193 H:267
C02795 $AF $FE $FF $C1 LDA $C1FFFE                     A:0001 X:0006 Y:0006 S:04EF D:0240 DB:7E P:nvmxdIzC V:193 H:272
C02799 $10 $09         BPL $C027A4                     A:FFFF X:0006 Y:0006 S:04EF D:0240 DB:7E P:NvmxdIzC V:193 H:297
C0279B $AF $F8 $7F $7E LDA $7E7FF8                     A:FFFF X:0006 Y:0006 S:04EF D:0240 DB:7E P:NvmxdIzC V:193 H:300
C0279F $29 $00 $10     AND #$1000                      A:0000 X:0006 Y:0006 S:04EF D:0240 DB:7E P:nvmxdIZC V:193 H:310
C027A2 $D0 $08         BNE $C027AC                     A:0000 X:0006 Y:0006 S:04EF D:0240 DB:7E P:nvmxdIZC V:193 H:315
C027A4 $AF $DE $7F $7E LDA $7E7FDE                     A:0000 X:0006 Y:0006 S:04EF D:0240 DB:7E P:nvmxdIZC V:193 H:318
C027A8 $F0 $A8         BEQ $C02752                     A:0001 X:0006 Y:0006 S:04EF D:0240 DB:7E P:nvmxdIzC V:193 H:327
C027AA $80 $E9         BRA $C02795                     A:0001 X:0006 Y:0006 S:04EF D:0240 DB:7E P:nvmxdIzC V:193 H:330
C02795 $AF $FE $FF $C1 LDA $C1FFFE                     A:0001 X:0006 Y:0006 S:04EF D:0240 DB:7E P:nvmxdIzC V:193 H:334
C02799 $10 $09         BPL $C027A4                     A:FFFF X:0006 Y:0006 S:04EF D:0240 DB:7E P:NvmxdIzC V:194 H:3  
C0279B $AF $F8 $7F $7E LDA $7E7FF8                     A:FFFF X:0006 Y:0006 S:04EF D:0240 DB:7E P:NvmxdIzC V:194 H:6  
C0279F $29 $00 $10     AND #$1000                      A:0000 X:0006 Y:0006 S:04EF D:0240 DB:7E P:nvmxdIZC V:194 H:16 
C027A2 $D0 $08         BNE $C027AC                     A:0000 X:0006 Y:0006 S:04EF D:0240 DB:7E P:nvmxdIZC V:194 H:21 
C027A4 $AF $DE $7F $7E LDA $7E7FDE                     A:0000 X:0006 Y:0006 S:04EF D:0240 DB:7E P:nvmxdIZC V:194 H:24 
C027A8 $F0 $A8         BEQ $C02752                     A:0001 X:0006 Y:0006 S:04EF D:0240 DB:7E P:nvmxdIzC V:194 H:34 
C027AA $80 $E9         BRA $C02795                     A:0001 X:0006 Y:0006 S:04EF D:0240 DB:7E P:nvmxdIzC V:194 H:37 
C02795 $AF $FE $FF $C1 LDA $C1FFFE                     A:0001 X:0006 Y:0006 S:04EF D:0240 DB:7E P:nvmxdIzC V:194 H:41 
C02799 $10 $09         BPL $C027A4                     A:FFFF X:0006 Y:0006 S:04EF D:0240 DB:7E P:NvmxdIzC V:194 H:50 
C0279B $AF $F8 $7F $7E LDA $7E7FF8                     A:FFFF X:0006 Y:0006 S:04EF D:0240 DB:7E P:NvmxdIzC V:194 H:53 
C0279F $29 $00 $10     AND #$1000                      A:0000 X:0006 Y:0006 S:04EF D:0240 DB:7E P:nvmxdIZC V:194 H:63 
C027A2 $D0 $08         BNE $C027AC                     A:0000 X:0006 Y:0006 S:04EF D:0240 DB:7E P:nvmxdIZC V:194 H:68 
C027A4 $AF $DE $7F $7E LDA $7E7FDE                     A:0000 X:0006 Y:0006 S:04EF D:0240 DB:7E P:nvmxdIZC V:194 H:71 
C027A8 $F0 $A8         BEQ $C02752                     A:0001 X:0006 Y:0006 S:04EF D:0240 DB:7E P:nvmxdIzC V:194 H:81 
C027AA $80 $E9         BRA $C02795                     A:0001 X:0006 Y:0006 S:04EF D:0240 DB:7E P:nvmxdIzC V:194 H:84 
C02795 $AF $FE $FF $C1 LDA $C1FFFE                     A:0001 X:0006 Y:0006 S:04EF D:0240 DB:7E P:nvmxdIzC V:194 H:88 
C02799 $10 $09         BPL $C027A4                     A:FFFF X:0006 Y:0006 S:04EF D:0240 DB:7E P:NvmxdIzC V:194 H:97 
C0279B $AF $F8 $7F $7E LDA $7E7FF8                     A:FFFF X:0006 Y:0006 S:04EF D:0240 DB:7E P:NvmxdIzC V:194 H:100
C0279F $29 $00 $10     AND #$1000                      A:0000 X:0006 Y:0006 S:04EF D:0240 DB:7E P:nvmxdIZC V:194 H:110
C027A2 $D0 $08         BNE $C027AC                     A:0000 X:0006 Y:0006 S:04EF D:0240 DB:7E P:nvmxdIZC V:194 H:115
C027A4 $AF $DE $7F $7E LDA $7E7FDE                     A:0000 X:0006 Y:0006 S:04EF D:0240 DB:7E P:nvmxdIZC V:194 H:118
C027A8 $F0 $A8         BEQ $C02752                     A:0001 X:0006 Y:0006 S:04EF D:0240 DB:7E P:nvmxdIzC V:194 H:128
C027AA $80 $E9         BRA $C02795                     A:0001 X:0006 Y:0006 S:04EF D:0240 DB:7E P:nvmxdIzC V:194 H:131
C02795 $AF $FE $FF $C1 LDA $C1FFFE                     A:0001 X:0006 Y:0006 S:04EF D:0240 DB:7E P:nvmxdIzC V:194 H:145
C02799 $10 $09         BPL $C027A4                     A:FFFF X:0006 Y:0006 S:04EF D:0240 DB:7E P:NvmxdIzC V:194 H:154
C0279B $AF $F8 $7F $7E LDA $7E7FF8                     A:FFFF X:0006 Y:0006 S:04EF D:0240 DB:7E P:NvmxdIzC V:194 H:157
C0279F $29 $00 $10     AND #$1000                      A:0000 X:0006 Y:0006 S:04EF D:0240 DB:7E P:nvmxdIZC V:194 H:167
C027A2 $D0 $08         BNE $C027AC                     A:0000 X:0006 Y:0006 S:04EF D:0240 DB:7E P:nvmxdIZC V:194 H:172
C027A4 $AF $DE $7F $7E LDA $7E7FDE                     A:0000 X:0006 Y:0006 S:04EF D:0240 DB:7E P:nvmxdIZC V:194 H:175
C027A8 $F0 $A8         BEQ $C02752                     A:0001 X:0006 Y:0006 S:04EF D:0240 DB:7E P:nvmxdIzC V:194 H:185
C027AA $80 $E9         BRA $C02795                     A:0001 X:0006 Y:0006 S:04EF D:0240 DB:7E P:nvmxdIzC V:194 H:188
C02795 $AF $FE $FF $C1 LDA $C1FFFE                     A:0001 X:0006 Y:0006 S:04EF D:0240 DB:7E P:nvmxdIzC V:194 H:192
C02799 $10 $09         BPL $C027A4                     A:FFFF X:0006 Y:0006 S:04EF D:0240 DB:7E P:NvmxdIzC V:194 H:201
C0279B $AF $F8 $7F $7E LDA $7E7FF8                     A:FFFF X:0006 Y:0006 S:04EF D:0240 DB:7E P:NvmxdIzC V:194 H:204
C0279F $29 $00 $10     AND #$1000                      A:0000 X:0006 Y:0006 S:04EF D:0240 DB:7E P:nvmxdIZC V:194 H:214
C027A2 $D0 $08         BNE $C027AC                     A:0000 X:0006 Y:0006 S:04EF D:0240 DB:7E P:nvmxdIZC V:194 H:219
C027A4 $AF $DE $7F $7E LDA $7E7FDE                     A:0000 X:0006 Y:0006 S:04EF D:0240 DB:7E P:nvmxdIZC V:194 H:222
C027A8 $F0 $A8         BEQ $C02752                     A:0001 X:0006 Y:0006 S:04EF D:0240 DB:7E P:nvmxdIzC V:194 H:232
C027AA $80 $E9         BRA $C02795                     A:0001 X:0006 Y:0006 S:04EF D:0240 DB:7E P:nvmxdIzC V:194 H:235
C02795 $AF $FE $FF $C1 LDA $C1FFFE                     A:0001 X:0006 Y:0006 S:04EF D:0240 DB:7E P:nvmxdIzC V:194 H:239
C02799 $10 $09         BPL $C027A4                     A:FFFF X:0006 Y:0006 S:04EF D:0240 DB:7E P:NvmxdIzC V:194 H:248
C0279B $AF $F8 $7F $7E LDA $7E7FF8                     A:FFFF X:0006 Y:0006 S:04EF D:0240 DB:7E P:NvmxdIzC V:194 H:251
C0279F $29 $00 $10     AND #$1000                      A:0000 X:0006 Y:0006 S:04EF D:0240 DB:7E P:nvmxdIZC V:194 H:261
C027A2 $D0 $08         BNE $C027AC                     A:0000 X:0006 Y:0006 S:04EF D:0240 DB:7E P:nvmxdIZC V:194 H:266
C027A4 $AF $DE $7F $7E LDA $7E7FDE                     A:0000 X:0006 Y:0006 S:04EF D:0240 DB:7E P:nvmxdIZC V:194 H:269
C027A8 $F0 $A8         BEQ $C02752                     A:0001 X:0006 Y:0006 S:04EF D:0240 DB:7E P:nvmxdIzC V:194 H:295
C027AA $80 $E9         BRA $C02795                     A:0001 X:0006 Y:0006 S:04EF D:0240 DB:7E P:nvmxdIzC V:194 H:298
C02795 $AF $FE $FF $C1 LDA $C1FFFE                     A:0001 X:0006 Y:0006 S:04EF D:0240 DB:7E P:nvmxdIzC V:194 H:302
C02799 $10 $09         BPL $C027A4                     A:FFFF X:0006 Y:0006 S:04EF D:0240 DB:7E P:NvmxdIzC V:194 H:311
C0279B $AF $F8 $7F $7E LDA $7E7FF8                     A:FFFF X:0006 Y:0006 S:04EF D:0240 DB:7E P:NvmxdIzC V:194 H:314
C0279F $29 $00 $10     AND #$1000                      A:0000 X:0006 Y:0006 S:04EF D:0240 DB:7E P:nvmxdIZC V:194 H:324
C027A2 $D0 $08         BNE $C027AC                     A:0000 X:0006 Y:0006 S:04EF D:0240 DB:7E P:nvmxdIZC V:194 H:328
C027A4 $AF $DE $7F $7E LDA $7E7FDE                     A:0000 X:0006 Y:0006 S:04EF D:0240 DB:7E P:nvmxdIZC V:194 H:331
C027A8 $F0 $A8         BEQ $C02752                     A:0001 X:0006 Y:0006 S:04EF D:0240 DB:7E P:nvmxdIzC V:195 H:1  
C027AA $80 $E9         BRA $C02795                     A:0001 X:0006 Y:0006 S:04EF D:0240 DB:7E P:nvmxdIzC V:195 H:4  
C02795 $AF $FE $FF $C1 LDA $C1FFFE                     A:0001 X:0006 Y:0006 S:04EF D:0240 DB:7E P:nvmxdIzC V:195 H:8  
C02799 $10 $09         BPL $C027A4                     A:FFFF X:0006 Y:0006 S:04EF D:0240 DB:7E P:NvmxdIzC V:195 H:17 
C0279B $AF $F8 $7F $7E LDA $7E7FF8                     A:FFFF X:0006 Y:0006 S:04EF D:0240 DB:7E P:NvmxdIzC V:195 H:20 
C0279F $29 $00 $10     AND #$1000                      A:0000 X:0006 Y:0006 S:04EF D:0240 DB:7E P:nvmxdIZC V:195 H:30 
C027A2 $D0 $08         BNE $C027AC                     A:0000 X:0006 Y:0006 S:04EF D:0240 DB:7E P:nvmxdIZC V:195 H:35 
C027A4 $AF $DE $7F $7E LDA $7E7FDE                     A:0000 X:0006 Y:0006 S:04EF D:0240 DB:7E P:nvmxdIZC V:195 H:38 
C027A8 $F0 $A8         BEQ $C02752                     A:0001 X:0006 Y:0006 S:04EF D:0240 DB:7E P:nvmxdIzC V:195 H:48 
C027AA $80 $E9         BRA $C02795                     A:0001 X:0006 Y:0006 S:04EF D:0240 DB:7E P:nvmxdIzC V:195 H:51 
C02795 $AF $FE $FF $C1 LDA $C1FFFE                     A:0001 X:0006 Y:0006 S:04EF D:0240 DB:7E P:nvmxdIzC V:195 H:55 
C02799 $10 $09         BPL $C027A4                     A:FFFF X:0006 Y:0006 S:04EF D:0240 DB:7E P:NvmxdIzC V:195 H:64 
C0279B $AF $F8 $7F $7E LDA $7E7FF8                     A:FFFF X:0006 Y:0006 S:04EF D:0240 DB:7E P:NvmxdIzC V:195 H:67 
C0279F $29 $00 $10     AND #$1000                      A:0000 X:0006 Y:0006 S:04EF D:0240 DB:7E P:nvmxdIZC V:195 H:77 
C027A2 $D0 $08         BNE $C027AC                     A:0000 X:0006 Y:0006 S:04EF D:0240 DB:7E P:nvmxdIZC V:195 H:82 
C027A4 $AF $DE $7F $7E LDA $7E7FDE                     A:0000 X:0006 Y:0006 S:04EF D:0240 DB:7E P:nvmxdIZC V:195 H:85 
C027A8 $F0 $A8         BEQ $C02752                     A:0001 X:0006 Y:0006 S:04EF D:0240 DB:7E P:nvmxdIzC V:195 H:95 
C027AA $80 $E9         BRA $C02795                     A:0001 X:0006 Y:0006 S:04EF D:0240 DB:7E P:nvmxdIzC V:195 H:98 
C02795 $AF $FE $FF $C1 LDA $C1FFFE                     A:0001 X:0006 Y:0006 S:04EF D:0240 DB:7E P:nvmxdIzC V:195 H:102
C02799 $10 $09         BPL $C027A4                     A:FFFF X:0006 Y:0006 S:04EF D:0240 DB:7E P:NvmxdIzC V:195 H:111
C0279B $AF $F8 $7F $7E LDA $7E7FF8                     A:FFFF X:0006 Y:0006 S:04EF D:0240 DB:7E P:NvmxdIzC V:195 H:114
C0279F $29 $00 $10     AND #$1000                      A:0000 X:0006 Y:0006 S:04EF D:0240 DB:7E P:nvmxdIZC V:195 H:124
C027A2 $D0 $08         BNE $C027AC                     A:0000 X:0006 Y:0006 S:04EF D:0240 DB:7E P:nvmxdIZC V:195 H:129
C027A4 $AF $DE $7F $7E LDA $7E7FDE                     A:0000 X:0006 Y:0006 S:04EF D:0240 DB:7E P:nvmxdIZC V:195 H:132
C027A8 $F0 $A8         BEQ $C02752                     A:0001 X:0006 Y:0006 S:04EF D:0240 DB:7E P:nvmxdIzC V:195 H:152
C027AA $80 $E9         BRA $C02795                     A:0001 X:0006 Y:0006 S:04EF D:0240 DB:7E P:nvmxdIzC V:195 H:155
C02795 $AF $FE $FF $C1 LDA $C1FFFE                     A:0001 X:0006 Y:0006 S:04EF D:0240 DB:7E P:nvmxdIzC V:195 H:159
C02799 $10 $09         BPL $C027A4                     A:FFFF X:0006 Y:0006 S:04EF D:0240 DB:7E P:NvmxdIzC V:195 H:168
C0279B $AF $F8 $7F $7E LDA $7E7FF8                     A:FFFF X:0006 Y:0006 S:04EF D:0240 DB:7E P:NvmxdIzC V:195 H:171
C0279F $29 $00 $10     AND #$1000                      A:0000 X:0006 Y:0006 S:04EF D:0240 DB:7E P:nvmxdIZC V:195 H:181
C027A2 $D0 $08         BNE $C027AC                     A:0000 X:0006 Y:0006 S:04EF D:0240 DB:7E P:nvmxdIZC V:195 H:186
C027A4 $AF $DE $7F $7E LDA $7E7FDE                     A:0000 X:0006 Y:0006 S:04EF D:0240 DB:7E P:nvmxdIZC V:195 H:189
C027A8 $F0 $A8         BEQ $C02752                     A:0001 X:0006 Y:0006 S:04EF D:0240 DB:7E P:nvmxdIzC V:195 H:199
C027AA $80 $E9         BRA $C02795                     A:0001 X:0006 Y:0006 S:04EF D:0240 DB:7E P:nvmxdIzC V:195 H:202
C02795 $AF $FE $FF $C1 LDA $C1FFFE                     A:0001 X:0006 Y:0006 S:04EF D:0240 DB:7E P:nvmxdIzC V:195 H:206
C02799 $10 $09         BPL $C027A4                     A:FFFF X:0006 Y:0006 S:04EF D:0240 DB:7E P:NvmxdIzC V:195 H:215
C0279B $AF $F8 $7F $7E LDA $7E7FF8                     A:FFFF X:0006 Y:0006 S:04EF D:0240 DB:7E P:NvmxdIzC V:195 H:218
C0279F $29 $00 $10     AND #$1000                      A:0000 X:0006 Y:0006 S:04EF D:0240 DB:7E P:nvmxdIZC V:195 H:228
C027A2 $D0 $08         BNE $C027AC                     A:0000 X:0006 Y:0006 S:04EF D:0240 DB:7E P:nvmxdIZC V:195 H:233
C027A4 $AF $DE $7F $7E LDA $7E7FDE                     A:0000 X:0006 Y:0006 S:04EF D:0240 DB:7E P:nvmxdIZC V:195 H:236
C027A8 $F0 $A8         BEQ $C02752                     A:0001 X:0006 Y:0006 S:04EF D:0240 DB:7E P:nvmxdIzC V:195 H:246
C027AA $80 $E9         BRA $C02795                     A:0001 X:0006 Y:0006 S:04EF D:0240 DB:7E P:nvmxdIzC V:195 H:249
C02795 $AF $FE $FF $C1 LDA $C1FFFE                     A:0001 X:0006 Y:0006 S:04EF D:0240 DB:7E P:nvmxdIzC V:195 H:253
C02799 $10 $09         BPL $C027A4                     A:FFFF X:0006 Y:0006 S:04EF D:0240 DB:7E P:NvmxdIzC V:195 H:262
C0279B $AF $F8 $7F $7E LDA $7E7FF8                     A:FFFF X:0006 Y:0006 S:04EF D:0240 DB:7E P:NvmxdIzC V:195 H:265
C0279F $29 $00 $10     AND #$1000                      A:0000 X:0006 Y:0006 S:04EF D:0240 DB:7E P:nvmxdIZC V:195 H:275
C027A2 $D0 $08         BNE $C027AC                     A:0000 X:0006 Y:0006 S:04EF D:0240 DB:7E P:nvmxdIZC V:195 H:296
C027A4 $AF $DE $7F $7E LDA $7E7FDE                     A:0000 X:0006 Y:0006 S:04EF D:0240 DB:7E P:nvmxdIZC V:195 H:299
C027A8 $F0 $A8         BEQ $C02752                     A:0001 X:0006 Y:0006 S:04EF D:0240 DB:7E P:nvmxdIzC V:195 H:309
C027AA $80 $E9         BRA $C02795                     A:0001 X:0006 Y:0006 S:04EF D:0240 DB:7E P:nvmxdIzC V:195 H:312
C02795 $AF $FE $FF $C1 LDA $C1FFFE                     A:0001 X:0006 Y:0006 S:04EF D:0240 DB:7E P:nvmxdIzC V:195 H:317
C02799 $10 $09         BPL $C027A4                     A:FFFF X:0006 Y:0006 S:04EF D:0240 DB:7E P:NvmxdIzC V:195 H:325
C0279B $AF $F8 $7F $7E LDA $7E7FF8                     A:FFFF X:0006 Y:0006 S:04EF D:0240 DB:7E P:NvmxdIzC V:195 H:328
C0279F $29 $00 $10     AND #$1000                      A:0000 X:0006 Y:0006 S:04EF D:0240 DB:7E P:nvmxdIZC V:195 H:338
C027A2 $D0 $08         BNE $C027AC                     A:0000 X:0006 Y:0006 S:04EF D:0240 DB:7E P:nvmxdIZC V:196 H:2  
C027A4 $AF $DE $7F $7E LDA $7E7FDE                     A:0000 X:0006 Y:0006 S:04EF D:0240 DB:7E P:nvmxdIZC V:196 H:5  
C027A8 $F0 $A8         BEQ $C02752                     A:0001 X:0006 Y:0006 S:04EF D:0240 DB:7E P:nvmxdIzC V:196 H:15 
C027AA $80 $E9         BRA $C02795                     A:0001 X:0006 Y:0006 S:04EF D:0240 DB:7E P:nvmxdIzC V:196 H:18 
C02795 $AF $FE $FF $C1 LDA $C1FFFE                     A:0001 X:0006 Y:0006 S:04EF D:0240 DB:7E P:nvmxdIzC V:196 H:23 
C02799 $10 $09         BPL $C027A4                     A:FFFF X:0006 Y:0006 S:04EF D:0240 DB:7E P:NvmxdIzC V:196 H:32 
C0279B $AF $F8 $7F $7E LDA $7E7FF8                     A:FFFF X:0006 Y:0006 S:04EF D:0240 DB:7E P:NvmxdIzC V:196 H:35 
C0279F $29 $00 $10     AND #$1000                      A:0000 X:0006 Y:0006 S:04EF D:0240 DB:7E P:nvmxdIZC V:196 H:45 
C027A2 $D0 $08         BNE $C027AC                     A:0000 X:0006 Y:0006 S:04EF D:0240 DB:7E P:nvmxdIZC V:196 H:49 
C027A4 $AF $DE $7F $7E LDA $7E7FDE                     A:0000 X:0006 Y:0006 S:04EF D:0240 DB:7E P:nvmxdIZC V:196 H:52 
C027A8 $F0 $A8         BEQ $C02752                     A:0001 X:0006 Y:0006 S:04EF D:0240 DB:7E P:nvmxdIzC V:196 H:62 
C027AA $80 $E9         BRA $C02795                     A:0001 X:0006 Y:0006 S:04EF D:0240 DB:7E P:nvmxdIzC V:196 H:65 
C02795 $AF $FE $FF $C1 LDA $C1FFFE                     A:0001 X:0006 Y:0006 S:04EF D:0240 DB:7E P:nvmxdIzC V:196 H:70 
C02799 $10 $09         BPL $C027A4                     A:FFFF X:0006 Y:0006 S:04EF D:0240 DB:7E P:NvmxdIzC V:196 H:79 
C0279B $AF $F8 $7F $7E LDA $7E7FF8                     A:FFFF X:0006 Y:0006 S:04EF D:0240 DB:7E P:NvmxdIzC V:196 H:82 
C0279F $29 $00 $10     AND #$1000                      A:0000 X:0006 Y:0006 S:04EF D:0240 DB:7E P:nvmxdIZC V:196 H:92 
C027A2 $D0 $08         BNE $C027AC                     A:0000 X:0006 Y:0006 S:04EF D:0240 DB:7E P:nvmxdIZC V:196 H:96 
C027A4 $AF $DE $7F $7E LDA $7E7FDE                     A:0000 X:0006 Y:0006 S:04EF D:0240 DB:7E P:nvmxdIZC V:196 H:99 
C027A8 $F0 $A8         BEQ $C02752                     A:0001 X:0006 Y:0006 S:04EF D:0240 DB:7E P:nvmxdIzC V:196 H:109
C027AA $80 $E9         BRA $C02795                     A:0001 X:0006 Y:0006 S:04EF D:0240 DB:7E P:nvmxdIzC V:196 H:112
C02795 $AF $FE $FF $C1 LDA $C1FFFE                     A:0001 X:0006 Y:0006 S:04EF D:0240 DB:7E P:nvmxdIzC V:196 H:117
C02799 $10 $09         BPL $C027A4                     A:FFFF X:0006 Y:0006 S:04EF D:0240 DB:7E P:NvmxdIzC V:196 H:126
C0279B $AF $F8 $7F $7E LDA $7E7FF8                     A:FFFF X:0006 Y:0006 S:04EF D:0240 DB:7E P:NvmxdIzC V:196 H:129
C0279F $29 $00 $10     AND #$1000                      A:0000 X:0006 Y:0006 S:04EF D:0240 DB:7E P:nvmxdIZC V:196 H:149
C027A2 $D0 $08         BNE $C027AC                     A:0000 X:0006 Y:0006 S:04EF D:0240 DB:7E P:nvmxdIZC V:196 H:153
C027A4 $AF $DE $7F $7E LDA $7E7FDE                     A:0000 X:0006 Y:0006 S:04EF D:0240 DB:7E P:nvmxdIZC V:196 H:156
C027A8 $F0 $A8         BEQ $C02752                     A:0001 X:0006 Y:0006 S:04EF D:0240 DB:7E P:nvmxdIzC V:196 H:166
C027AA $80 $E9         BRA $C02795                     A:0001 X:0006 Y:0006 S:04EF D:0240 DB:7E P:nvmxdIzC V:196 H:169
C02795 $AF $FE $FF $C1 LDA $C1FFFE                     A:0001 X:0006 Y:0006 S:04EF D:0240 DB:7E P:nvmxdIzC V:196 H:174
C02799 $10 $09         BPL $C027A4                     A:FFFF X:0006 Y:0006 S:04EF D:0240 DB:7E P:NvmxdIzC V:196 H:183
C0279B $AF $F8 $7F $7E LDA $7E7FF8                     A:FFFF X:0006 Y:0006 S:04EF D:0240 DB:7E P:NvmxdIzC V:196 H:186
C0279F $29 $00 $10     AND #$1000                      A:0000 X:0006 Y:0006 S:04EF D:0240 DB:7E P:nvmxdIZC V:196 H:196
C027A2 $D0 $08         BNE $C027AC                     A:0000 X:0006 Y:0006 S:04EF D:0240 DB:7E P:nvmxdIZC V:196 H:200
C027A4 $AF $DE $7F $7E LDA $7E7FDE                     A:0000 X:0006 Y:0006 S:04EF D:0240 DB:7E P:nvmxdIZC V:196 H:203
C027A8 $F0 $A8         BEQ $C02752                     A:0001 X:0006 Y:0006 S:04EF D:0240 DB:7E P:nvmxdIzC V:196 H:213
C027AA $80 $E9         BRA $C02795                     A:0001 X:0006 Y:0006 S:04EF D:0240 DB:7E P:nvmxdIzC V:196 H:216
C02795 $AF $FE $FF $C1 LDA $C1FFFE                     A:0001 X:0006 Y:0006 S:04EF D:0240 DB:7E P:nvmxdIzC V:196 H:221
C02799 $10 $09         BPL $C027A4                     A:FFFF X:0006 Y:0006 S:04EF D:0240 DB:7E P:NvmxdIzC V:196 H:230
C0279B $AF $F8 $7F $7E LDA $7E7FF8                     A:FFFF X:0006 Y:0006 S:04EF D:0240 DB:7E P:NvmxdIzC V:196 H:233
C0279F $29 $00 $10     AND #$1000                      A:0000 X:0006 Y:0006 S:04EF D:0240 DB:7E P:nvmxdIZC V:196 H:243
C027A2 $D0 $08         BNE $C027AC                     A:0000 X:0006 Y:0006 S:04EF D:0240 DB:7E P:nvmxdIZC V:196 H:247
C027A4 $AF $DE $7F $7E LDA $7E7FDE                     A:0000 X:0006 Y:0006 S:04EF D:0240 DB:7E P:nvmxdIZC V:196 H:250
C027A8 $F0 $A8         BEQ $C02752                     A:0001 X:0006 Y:0006 S:04EF D:0240 DB:7E P:nvmxdIzC V:196 H:260
C027AA $80 $E9         BRA $C02795                     A:0001 X:0006 Y:0006 S:04EF D:0240 DB:7E P:nvmxdIzC V:196 H:263
C02795 $AF $FE $FF $C1 LDA $C1FFFE                     A:0001 X:0006 Y:0006 S:04EF D:0240 DB:7E P:nvmxdIzC V:196 H:268
C02799 $10 $09         BPL $C027A4                     A:FFFF X:0006 Y:0006 S:04EF D:0240 DB:7E P:NvmxdIzC V:196 H:292
C0279B $AF $F8 $7F $7E LDA $7E7FF8                     A:FFFF X:0006 Y:0006 S:04EF D:0240 DB:7E P:NvmxdIzC V:196 H:295
C0279F $29 $00 $10     AND #$1000                      A:0000 X:0006 Y:0006 S:04EF D:0240 DB:7E P:nvmxdIZC V:196 H:305
C027A2 $D0 $08         BNE $C027AC                     A:0000 X:0006 Y:0006 S:04EF D:0240 DB:7E P:nvmxdIZC V:196 H:309
C027A4 $AF $DE $7F $7E LDA $7E7FDE                     A:0000 X:0006 Y:0006 S:04EF D:0240 DB:7E P:nvmxdIZC V:196 H:312
C027A8 $F0 $A8         BEQ $C02752                     A:0001 X:0006 Y:0006 S:04EF D:0240 DB:7E P:nvmxdIzC V:196 H:322
C027AA $80 $E9         BRA $C02795                     A:0001 X:0006 Y:0006 S:04EF D:0240 DB:7E P:nvmxdIzC V:196 H:325
C02795 $AF $FE $FF $C1 LDA $C1FFFE                     A:0001 X:0006 Y:0006 S:04EF D:0240 DB:7E P:nvmxdIzC V:196 H:329
C02799 $10 $09         BPL $C027A4                     A:FFFF X:0006 Y:0006 S:04EF D:0240 DB:7E P:NvmxdIzC V:196 H:338
C0279B $AF $F8 $7F $7E LDA $7E7FF8                     A:FFFF X:0006 Y:0006 S:04EF D:0240 DB:7E P:NvmxdIzC V:197 H:1  
C0279F $29 $00 $10     AND #$1000                      A:0000 X:0006 Y:0006 S:04EF D:0240 DB:7E P:nvmxdIZC V:197 H:11 
C027A2 $D0 $08         BNE $C027AC                     A:0000 X:0006 Y:0006 S:04EF D:0240 DB:7E P:nvmxdIZC V:197 H:15 
C027A4 $AF $DE $7F $7E LDA $7E7FDE                     A:0000 X:0006 Y:0006 S:04EF D:0240 DB:7E P:nvmxdIZC V:197 H:18 
C027A8 $F0 $A8         BEQ $C02752                     A:0001 X:0006 Y:0006 S:04EF D:0240 DB:7E P:nvmxdIzC V:197 H:28 
C027AA $80 $E9         BRA $C02795                     A:0001 X:0006 Y:0006 S:04EF D:0240 DB:7E P:nvmxdIzC V:197 H:31 
C02795 $AF $FE $FF $C1 LDA $C1FFFE                     A:0001 X:0006 Y:0006 S:04EF D:0240 DB:7E P:nvmxdIzC V:197 H:36 
C02799 $10 $09         BPL $C027A4                     A:FFFF X:0006 Y:0006 S:04EF D:0240 DB:7E P:NvmxdIzC V:197 H:45 
C0279B $AF $F8 $7F $7E LDA $7E7FF8                     A:FFFF X:0006 Y:0006 S:04EF D:0240 DB:7E P:NvmxdIzC V:197 H:48 
C0279F $29 $00 $10     AND #$1000                      A:0000 X:0006 Y:0006 S:04EF D:0240 DB:7E P:nvmxdIZC V:197 H:58 
C027A2 $D0 $08         BNE $C027AC                     A:0000 X:0006 Y:0006 S:04EF D:0240 DB:7E P:nvmxdIZC V:197 H:62 
C027A4 $AF $DE $7F $7E LDA $7E7FDE                     A:0000 X:0006 Y:0006 S:04EF D:0240 DB:7E P:nvmxdIZC V:197 H:65 
C027A8 $F0 $A8         BEQ $C02752                     A:0001 X:0006 Y:0006 S:04EF D:0240 DB:7E P:nvmxdIzC V:197 H:75 
C027AA $80 $E9         BRA $C02795                     A:0001 X:0006 Y:0006 S:04EF D:0240 DB:7E P:nvmxdIzC V:197 H:78 
C02795 $AF $FE $FF $C1 LDA $C1FFFE                     A:0001 X:0006 Y:0006 S:04EF D:0240 DB:7E P:nvmxdIzC V:197 H:83 
C02799 $10 $09         BPL $C027A4                     A:FFFF X:0006 Y:0006 S:04EF D:0240 DB:7E P:NvmxdIzC V:197 H:92 
C0279B $AF $F8 $7F $7E LDA $7E7FF8                     A:FFFF X:0006 Y:0006 S:04EF D:0240 DB:7E P:NvmxdIzC V:197 H:95 
C0279F $29 $00 $10     AND #$1000                      A:0000 X:0006 Y:0006 S:04EF D:0240 DB:7E P:nvmxdIZC V:197 H:105
C027A2 $D0 $08         BNE $C027AC                     A:0000 X:0006 Y:0006 S:04EF D:0240 DB:7E P:nvmxdIZC V:197 H:109
C027A4 $AF $DE $7F $7E LDA $7E7FDE                     A:0000 X:0006 Y:0006 S:04EF D:0240 DB:7E P:nvmxdIZC V:197 H:112
C027A8 $F0 $A8         BEQ $C02752                     A:0001 X:0006 Y:0006 S:04EF D:0240 DB:7E P:nvmxdIzC V:197 H:122
C027AA $80 $E9         BRA $C02795                     A:0001 X:0006 Y:0006 S:04EF D:0240 DB:7E P:nvmxdIzC V:197 H:125
C02795 $AF $FE $FF $C1 LDA $C1FFFE                     A:0001 X:0006 Y:0006 S:04EF D:0240 DB:7E P:nvmxdIzC V:197 H:130
C02799 $10 $09         BPL $C027A4                     A:FFFF X:0006 Y:0006 S:04EF D:0240 DB:7E P:NvmxdIzC V:197 H:149
C0279B $AF $F8 $7F $7E LDA $7E7FF8                     A:FFFF X:0006 Y:0006 S:04EF D:0240 DB:7E P:NvmxdIzC V:197 H:152
C0279F $29 $00 $10     AND #$1000                      A:0000 X:0006 Y:0006 S:04EF D:0240 DB:7E P:nvmxdIZC V:197 H:162
C027A2 $D0 $08         BNE $C027AC                     A:0000 X:0006 Y:0006 S:04EF D:0240 DB:7E P:nvmxdIZC V:197 H:166
C027A4 $AF $DE $7F $7E LDA $7E7FDE                     A:0000 X:0006 Y:0006 S:04EF D:0240 DB:7E P:nvmxdIZC V:197 H:169
C027A8 $F0 $A8         BEQ $C02752                     A:0001 X:0006 Y:0006 S:04EF D:0240 DB:7E P:nvmxdIzC V:197 H:179
C027AA $80 $E9         BRA $C02795                     A:0001 X:0006 Y:0006 S:04EF D:0240 DB:7E P:nvmxdIzC V:197 H:182
C02795 $AF $FE $FF $C1 LDA $C1FFFE                     A:0001 X:0006 Y:0006 S:04EF D:0240 DB:7E P:nvmxdIzC V:197 H:187
C02799 $10 $09         BPL $C027A4                     A:FFFF X:0006 Y:0006 S:04EF D:0240 DB:7E P:NvmxdIzC V:197 H:196
C0279B $AF $F8 $7F $7E LDA $7E7FF8                     A:FFFF X:0006 Y:0006 S:04EF D:0240 DB:7E P:NvmxdIzC V:197 H:199
C0279F $29 $00 $10     AND #$1000                      A:0000 X:0006 Y:0006 S:04EF D:0240 DB:7E P:nvmxdIZC V:197 H:209
C027A2 $D0 $08         BNE $C027AC                     A:0000 X:0006 Y:0006 S:04EF D:0240 DB:7E P:nvmxdIZC V:197 H:213
C027A4 $AF $DE $7F $7E LDA $7E7FDE                     A:0000 X:0006 Y:0006 S:04EF D:0240 DB:7E P:nvmxdIZC V:197 H:216
C027A8 $F0 $A8         BEQ $C02752                     A:0001 X:0006 Y:0006 S:04EF D:0240 DB:7E P:nvmxdIzC V:197 H:226
C027AA $80 $E9         BRA $C02795                     A:0001 X:0006 Y:0006 S:04EF D:0240 DB:7E P:nvmxdIzC V:197 H:229
C02795 $AF $FE $FF $C1 LDA $C1FFFE                     A:0001 X:0006 Y:0006 S:04EF D:0240 DB:7E P:nvmxdIzC V:197 H:234
C02799 $10 $09         BPL $C027A4                     A:FFFF X:0006 Y:0006 S:04EF D:0240 DB:7E P:NvmxdIzC V:197 H:243
C0279B $AF $F8 $7F $7E LDA $7E7FF8                     A:FFFF X:0006 Y:0006 S:04EF D:0240 DB:7E P:NvmxdIzC V:197 H:246
C0279F $29 $00 $10     AND #$1000                      A:0000 X:0006 Y:0006 S:04EF D:0240 DB:7E P:nvmxdIZC V:197 H:256
C027A2 $D0 $08         BNE $C027AC                     A:0000 X:0006 Y:0006 S:04EF D:0240 DB:7E P:nvmxdIZC V:197 H:260
C027A4 $AF $DE $7F $7E LDA $7E7FDE                     A:0000 X:0006 Y:0006 S:04EF D:0240 DB:7E P:nvmxdIZC V:197 H:263
C027A8 $F0 $A8         BEQ $C02752                     A:0001 X:0006 Y:0006 S:04EF D:0240 DB:7E P:nvmxdIzC V:197 H:273
C027AA $80 $E9         BRA $C02795                     A:0001 X:0006 Y:0006 S:04EF D:0240 DB:7E P:nvmxdIzC V:197 H:293
C02795 $AF $FE $FF $C1 LDA $C1FFFE                     A:0001 X:0006 Y:0006 S:04EF D:0240 DB:7E P:nvmxdIzC V:197 H:297
C02799 $10 $09         BPL $C027A4                     A:FFFF X:0006 Y:0006 S:04EF D:0240 DB:7E P:NvmxdIzC V:197 H:306
C0279B $AF $F8 $7F $7E LDA $7E7FF8                     A:FFFF X:0006 Y:0006 S:04EF D:0240 DB:7E P:NvmxdIzC V:197 H:309
C0279F $29 $00 $10     AND #$1000                      A:0000 X:0006 Y:0006 S:04EF D:0240 DB:7E P:nvmxdIZC V:197 H:319
C027A2 $D0 $08         BNE $C027AC                     A:0000 X:0006 Y:0006 S:04EF D:0240 DB:7E P:nvmxdIZC V:197 H:323
C027A4 $AF $DE $7F $7E LDA $7E7FDE                     A:0000 X:0006 Y:0006 S:04EF D:0240 DB:7E P:nvmxdIZC V:197 H:326
C027A8 $F0 $A8         BEQ $C02752                     A:0001 X:0006 Y:0006 S:04EF D:0240 DB:7E P:nvmxdIzC V:197 H:336
C027AA $80 $E9         BRA $C02795                     A:0001 X:0006 Y:0006 S:04EF D:0240 DB:7E P:nvmxdIzC V:197 H:339
C02795 $AF $FE $FF $C1 LDA $C1FFFE                     A:0001 X:0006 Y:0006 S:04EF D:0240 DB:7E P:nvmxdIzC V:198 H:3  
C02799 $10 $09         BPL $C027A4                     A:FFFF X:0006 Y:0006 S:04EF D:0240 DB:7E P:NvmxdIzC V:198 H:12 
C0279B $AF $F8 $7F $7E LDA $7E7FF8                     A:FFFF X:0006 Y:0006 S:04EF D:0240 DB:7E P:NvmxdIzC V:198 H:15 
C0279F $29 $00 $10     AND #$1000                      A:0000 X:0006 Y:0006 S:04EF D:0240 DB:7E P:nvmxdIZC V:198 H:25 
C027A2 $D0 $08         BNE $C027AC                     A:0000 X:0006 Y:0006 S:04EF D:0240 DB:7E P:nvmxdIZC V:198 H:30 
C027A4 $AF $DE $7F $7E LDA $7E7FDE                     A:0000 X:0006 Y:0006 S:04EF D:0240 DB:7E P:nvmxdIZC V:198 H:33 
C027A8 $F0 $A8         BEQ $C02752                     A:0001 X:0006 Y:0006 S:04EF D:0240 DB:7E P:nvmxdIzC V:198 H:43 
C027AA $80 $E9         BRA $C02795                     A:0001 X:0006 Y:0006 S:04EF D:0240 DB:7E P:nvmxdIzC V:198 H:46 
C02795 $AF $FE $FF $C1 LDA $C1FFFE                     A:0001 X:0006 Y:0006 S:04EF D:0240 DB:7E P:nvmxdIzC V:198 H:50 
C02799 $10 $09         BPL $C027A4                     A:FFFF X:0006 Y:0006 S:04EF D:0240 DB:7E P:NvmxdIzC V:198 H:59 
C0279B $AF $F8 $7F $7E LDA $7E7FF8                     A:FFFF X:0006 Y:0006 S:04EF D:0240 DB:7E P:NvmxdIzC V:198 H:62 
C0279F $29 $00 $10     AND #$1000                      A:0000 X:0006 Y:0006 S:04EF D:0240 DB:7E P:nvmxdIZC V:198 H:72 
C027A2 $D0 $08         BNE $C027AC                     A:0000 X:0006 Y:0006 S:04EF D:0240 DB:7E P:nvmxdIZC V:198 H:77 
C027A4 $AF $DE $7F $7E LDA $7E7FDE                     A:0000 X:0006 Y:0006 S:04EF D:0240 DB:7E P:nvmxdIZC V:198 H:80 
C027A8 $F0 $A8         BEQ $C02752                     A:0001 X:0006 Y:0006 S:04EF D:0240 DB:7E P:nvmxdIzC V:198 H:90 
C027AA $80 $E9         BRA $C02795                     A:0001 X:0006 Y:0006 S:04EF D:0240 DB:7E P:nvmxdIzC V:198 H:93 
C02795 $AF $FE $FF $C1 LDA $C1FFFE                     A:0001 X:0006 Y:0006 S:04EF D:0240 DB:7E P:nvmxdIzC V:198 H:97 
C02799 $10 $09         BPL $C027A4                     A:FFFF X:0006 Y:0006 S:04EF D:0240 DB:7E P:NvmxdIzC V:198 H:106
C0279B $AF $F8 $7F $7E LDA $7E7FF8                     A:FFFF X:0006 Y:0006 S:04EF D:0240 DB:7E P:NvmxdIzC V:198 H:109
C0279F $29 $00 $10     AND #$1000                      A:0000 X:0006 Y:0006 S:04EF D:0240 DB:7E P:nvmxdIZC V:198 H:119
C027A2 $D0 $08         BNE $C027AC                     A:0000 X:0006 Y:0006 S:04EF D:0240 DB:7E P:nvmxdIZC V:198 H:124
C027A4 $AF $DE $7F $7E LDA $7E7FDE                     A:0000 X:0006 Y:0006 S:04EF D:0240 DB:7E P:nvmxdIZC V:198 H:127
C027A8 $F0 $A8         BEQ $C02752                     A:0001 X:0006 Y:0006 S:04EF D:0240 DB:7E P:nvmxdIzC V:198 H:147
C027AA $80 $E9         BRA $C02795                     A:0001 X:0006 Y:0006 S:04EF D:0240 DB:7E P:nvmxdIzC V:198 H:150
C02795 $AF $FE $FF $C1 LDA $C1FFFE                     A:0001 X:0006 Y:0006 S:04EF D:0240 DB:7E P:nvmxdIzC V:198 H:154
C02799 $10 $09         BPL $C027A4                     A:FFFF X:0006 Y:0006 S:04EF D:0240 DB:7E P:NvmxdIzC V:198 H:163
C0279B $AF $F8 $7F $7E LDA $7E7FF8                     A:FFFF X:0006 Y:0006 S:04EF D:0240 DB:7E P:NvmxdIzC V:198 H:166
C0279F $29 $00 $10     AND #$1000                      A:0000 X:0006 Y:0006 S:04EF D:0240 DB:7E P:nvmxdIZC V:198 H:176
C027A2 $D0 $08         BNE $C027AC                     A:0000 X:0006 Y:0006 S:04EF D:0240 DB:7E P:nvmxdIZC V:198 H:181
C027A4 $AF $DE $7F $7E LDA $7E7FDE                     A:0000 X:0006 Y:0006 S:04EF D:0240 DB:7E P:nvmxdIZC V:198 H:184
C027A8 $F0 $A8         BEQ $C02752                     A:0001 X:0006 Y:0006 S:04EF D:0240 DB:7E P:nvmxdIzC V:198 H:194
C027AA $80 $E9         BRA $C02795                     A:0001 X:0006 Y:0006 S:04EF D:0240 DB:7E P:nvmxdIzC V:198 H:197
C02795 $AF $FE $FF $C1 LDA $C1FFFE                     A:0001 X:0006 Y:0006 S:04EF D:0240 DB:7E P:nvmxdIzC V:198 H:201
C02799 $10 $09         BPL $C027A4                     A:FFFF X:0006 Y:0006 S:04EF D:0240 DB:7E P:NvmxdIzC V:198 H:210
C0279B $AF $F8 $7F $7E LDA $7E7FF8                     A:FFFF X:0006 Y:0006 S:04EF D:0240 DB:7E P:NvmxdIzC V:198 H:213
C0279F $29 $00 $10     AND #$1000                      A:0000 X:0006 Y:0006 S:04EF D:0240 DB:7E P:nvmxdIZC V:198 H:223
C027A2 $D0 $08         BNE $C027AC                     A:0000 X:0006 Y:0006 S:04EF D:0240 DB:7E P:nvmxdIZC V:198 H:228
C027A4 $AF $DE $7F $7E LDA $7E7FDE                     A:0000 X:0006 Y:0006 S:04EF D:0240 DB:7E P:nvmxdIZC V:198 H:231
C027A8 $F0 $A8         BEQ $C02752                     A:0001 X:0006 Y:0006 S:04EF D:0240 DB:7E P:nvmxdIzC V:198 H:241
C027AA $80 $E9         BRA $C02795                     A:0001 X:0006 Y:0006 S:04EF D:0240 DB:7E P:nvmxdIzC V:198 H:244
C02795 $AF $FE $FF $C1 LDA $C1FFFE                     A:0001 X:0006 Y:0006 S:04EF D:0240 DB:7E P:nvmxdIzC V:198 H:248
C02799 $10 $09         BPL $C027A4                     A:FFFF X:0006 Y:0006 S:04EF D:0240 DB:7E P:NvmxdIzC V:198 H:257
C0279B $AF $F8 $7F $7E LDA $7E7FF8                     A:FFFF X:0006 Y:0006 S:04EF D:0240 DB:7E P:NvmxdIzC V:198 H:260
C0279F $29 $00 $10     AND #$1000                      A:0000 X:0006 Y:0006 S:04EF D:0240 DB:7E P:nvmxdIZC V:198 H:270
C027A2 $D0 $08         BNE $C027AC                     A:0000 X:0006 Y:0006 S:04EF D:0240 DB:7E P:nvmxdIZC V:198 H:275
C027A4 $AF $DE $7F $7E LDA $7E7FDE                     A:0000 X:0006 Y:0006 S:04EF D:0240 DB:7E P:nvmxdIZC V:198 H:294
C027A8 $F0 $A8         BEQ $C02752                     A:0001 X:0006 Y:0006 S:04EF D:0240 DB:7E P:nvmxdIzC V:198 H:304
C027AA $80 $E9         BRA $C02795                     A:0001 X:0006 Y:0006 S:04EF D:0240 DB:7E P:nvmxdIzC V:198 H:307
C02795 $AF $FE $FF $C1 LDA $C1FFFE                     A:0001 X:0006 Y:0006 S:04EF D:0240 DB:7E P:nvmxdIzC V:198 H:312
C02799 $10 $09         BPL $C027A4                     A:FFFF X:0006 Y:0006 S:04EF D:0240 DB:7E P:NvmxdIzC V:198 H:321
C0279B $AF $F8 $7F $7E LDA $7E7FF8                     A:FFFF X:0006 Y:0006 S:04EF D:0240 DB:7E P:NvmxdIzC V:198 H:323
C0279F $29 $00 $10     AND #$1000                      A:0000 X:0006 Y:0006 S:04EF D:0240 DB:7E P:nvmxdIZC V:198 H:333
C027A2 $D0 $08         BNE $C027AC                     A:0000 X:0006 Y:0006 S:04EF D:0240 DB:7E P:nvmxdIZC V:198 H:337
C027A4 $AF $DE $7F $7E LDA $7E7FDE                     A:0000 X:0006 Y:0006 S:04EF D:0240 DB:7E P:nvmxdIZC V:199 H:0  
C027A8 $F0 $A8         BEQ $C02752                     A:0001 X:0006 Y:0006 S:04EF D:0240 DB:7E P:nvmxdIzC V:199 H:10 
C027AA $80 $E9         BRA $C02795                     A:0001 X:0006 Y:0006 S:04EF D:0240 DB:7E P:nvmxdIzC V:199 H:13 
C02795 $AF $FE $FF $C1 LDA $C1FFFE                     A:0001 X:0006 Y:0006 S:04EF D:0240 DB:7E P:nvmxdIzC V:199 H:18 
C02799 $10 $09         BPL $C027A4                     A:FFFF X:0006 Y:0006 S:04EF D:0240 DB:7E P:NvmxdIzC V:199 H:27 
C0279B $AF $F8 $7F $7E LDA $7E7FF8                     A:FFFF X:0006 Y:0006 S:04EF D:0240 DB:7E P:NvmxdIzC V:199 H:30 
C0279F $29 $00 $10     AND #$1000                      A:0000 X:0006 Y:0006 S:04EF D:0240 DB:7E P:nvmxdIZC V:199 H:40 
C027A2 $D0 $08         BNE $C027AC                     A:0000 X:0006 Y:0006 S:04EF D:0240 DB:7E P:nvmxdIZC V:199 H:44 
C027A4 $AF $DE $7F $7E LDA $7E7FDE                     A:0000 X:0006 Y:0006 S:04EF D:0240 DB:7E P:nvmxdIZC V:199 H:47 
C027A8 $F0 $A8         BEQ $C02752                     A:0001 X:0006 Y:0006 S:04EF D:0240 DB:7E P:nvmxdIzC V:199 H:57 
C027AA $80 $E9         BRA $C02795                     A:0001 X:0006 Y:0006 S:04EF D:0240 DB:7E P:nvmxdIzC V:199 H:60 
C02795 $AF $FE $FF $C1 LDA $C1FFFE                     A:0001 X:0006 Y:0006 S:04EF D:0240 DB:7E P:nvmxdIzC V:199 H:65 
C02799 $10 $09         BPL $C027A4                     A:FFFF X:0006 Y:0006 S:04EF D:0240 DB:7E P:NvmxdIzC V:199 H:74 
C0279B $AF $F8 $7F $7E LDA $7E7FF8                     A:FFFF X:0006 Y:0006 S:04EF D:0240 DB:7E P:NvmxdIzC V:199 H:77 
C0279F $29 $00 $10     AND #$1000                      A:0000 X:0006 Y:0006 S:04EF D:0240 DB:7E P:nvmxdIZC V:199 H:87 
C027A2 $D0 $08         BNE $C027AC                     A:0000 X:0006 Y:0006 S:04EF D:0240 DB:7E P:nvmxdIZC V:199 H:91 
C027A4 $AF $DE $7F $7E LDA $7E7FDE                     A:0000 X:0006 Y:0006 S:04EF D:0240 DB:7E P:nvmxdIZC V:199 H:94 
C027A8 $F0 $A8         BEQ $C02752                     A:0001 X:0006 Y:0006 S:04EF D:0240 DB:7E P:nvmxdIzC V:199 H:104
C027AA $80 $E9         BRA $C02795                     A:0001 X:0006 Y:0006 S:04EF D:0240 DB:7E P:nvmxdIzC V:199 H:107
C02795 $AF $FE $FF $C1 LDA $C1FFFE                     A:0001 X:0006 Y:0006 S:04EF D:0240 DB:7E P:nvmxdIzC V:199 H:112
C02799 $10 $09         BPL $C027A4                     A:FFFF X:0006 Y:0006 S:04EF D:0240 DB:7E P:NvmxdIzC V:199 H:121
C0279B $AF $F8 $7F $7E LDA $7E7FF8                     A:FFFF X:0006 Y:0006 S:04EF D:0240 DB:7E P:NvmxdIzC V:199 H:124
C0279F $29 $00 $10     AND #$1000                      A:0000 X:0006 Y:0006 S:04EF D:0240 DB:7E P:nvmxdIZC V:199 H:134
C027A2 $D0 $08         BNE $C027AC                     A:0000 X:0006 Y:0006 S:04EF D:0240 DB:7E P:nvmxdIZC V:199 H:148
C027A4 $AF $DE $7F $7E LDA $7E7FDE                     A:0000 X:0006 Y:0006 S:04EF D:0240 DB:7E P:nvmxdIZC V:199 H:151
C027A8 $F0 $A8         BEQ $C02752                     A:0001 X:0006 Y:0006 S:04EF D:0240 DB:7E P:nvmxdIzC V:199 H:161
C027AA $80 $E9         BRA $C02795                     A:0001 X:0006 Y:0006 S:04EF D:0240 DB:7E P:nvmxdIzC V:199 H:164
C02795 $AF $FE $FF $C1 LDA $C1FFFE                     A:0001 X:0006 Y:0006 S:04EF D:0240 DB:7E P:nvmxdIzC V:199 H:169
C02799 $10 $09         BPL $C027A4                     A:FFFF X:0006 Y:0006 S:04EF D:0240 DB:7E P:NvmxdIzC V:199 H:178
C0279B $AF $F8 $7F $7E LDA $7E7FF8                     A:FFFF X:0006 Y:0006 S:04EF D:0240 DB:7E P:NvmxdIzC V:199 H:181
C0279F $29 $00 $10     AND #$1000                      A:0000 X:0006 Y:0006 S:04EF D:0240 DB:7E P:nvmxdIZC V:199 H:191
C027A2 $D0 $08         BNE $C027AC                     A:0000 X:0006 Y:0006 S:04EF D:0240 DB:7E P:nvmxdIZC V:199 H:195
C027A4 $AF $DE $7F $7E LDA $7E7FDE                     A:0000 X:0006 Y:0006 S:04EF D:0240 DB:7E P:nvmxdIZC V:199 H:198
C027A8 $F0 $A8         BEQ $C02752                     A:0001 X:0006 Y:0006 S:04EF D:0240 DB:7E P:nvmxdIzC V:199 H:208
C027AA $80 $E9         BRA $C02795                     A:0001 X:0006 Y:0006 S:04EF D:0240 DB:7E P:nvmxdIzC V:199 H:211
C02795 $AF $FE $FF $C1 LDA $C1FFFE                     A:0001 X:0006 Y:0006 S:04EF D:0240 DB:7E P:nvmxdIzC V:199 H:216
C02799 $10 $09         BPL $C027A4                     A:FFFF X:0006 Y:0006 S:04EF D:0240 DB:7E P:NvmxdIzC V:199 H:225
C0279B $AF $F8 $7F $7E LDA $7E7FF8                     A:FFFF X:0006 Y:0006 S:04EF D:0240 DB:7E P:NvmxdIzC V:199 H:228
C0279F $29 $00 $10     AND #$1000                      A:0000 X:0006 Y:0006 S:04EF D:0240 DB:7E P:nvmxdIZC V:199 H:238
C027A2 $D0 $08         BNE $C027AC                     A:0000 X:0006 Y:0006 S:04EF D:0240 DB:7E P:nvmxdIZC V:199 H:242
C027A4 $AF $DE $7F $7E LDA $7E7FDE                     A:0000 X:0006 Y:0006 S:04EF D:0240 DB:7E P:nvmxdIZC V:199 H:245
C027A8 $F0 $A8         BEQ $C02752                     A:0001 X:0006 Y:0006 S:04EF D:0240 DB:7E P:nvmxdIzC V:199 H:255
C027AA $80 $E9         BRA $C02795                     A:0001 X:0006 Y:0006 S:04EF D:0240 DB:7E P:nvmxdIzC V:199 H:258
C02795 $AF $FE $FF $C1 LDA $C1FFFE                     A:0001 X:0006 Y:0006 S:04EF D:0240 DB:7E P:nvmxdIzC V:199 H:263
C02799 $10 $09         BPL $C027A4                     A:FFFF X:0006 Y:0006 S:04EF D:0240 DB:7E P:NvmxdIzC V:199 H:272
C0279B $AF $F8 $7F $7E LDA $7E7FF8                     A:FFFF X:0006 Y:0006 S:04EF D:0240 DB:7E P:NvmxdIzC V:199 H:275
C0279F $29 $00 $10     AND #$1000                      A:0000 X:0006 Y:0006 S:04EF D:0240 DB:7E P:nvmxdIZC V:199 H:325
C027A2 $D0 $08         BNE $C027AC                     A:0000 X:0006 Y:0006 S:04EF D:0240 DB:7E P:nvmxdIZC V:199 H:329
C027A4 $AF $DE $7F $7E LDA $7E7FDE                     A:0000 X:0006 Y:0006 S:04EF D:0240 DB:7E P:nvmxdIZC V:199 H:332
C027A8 $F0 $A8         BEQ $C02752                     A:0001 X:0006 Y:0006 S:04EF D:0240 DB:7E P:nvmxdIzC V:200 H:2  
C027AA $80 $E9         BRA $C02795                     A:0001 X:0006 Y:0006 S:04EF D:0240 DB:7E P:nvmxdIzC V:200 H:5  
C02795 $AF $FE $FF $C1 LDA $C1FFFE                     A:0001 X:0006 Y:0006 S:04EF D:0240 DB:7E P:nvmxdIzC V:200 H:9  
C02799 $10 $09         BPL $C027A4                     A:FFFF X:0006 Y:0006 S:04EF D:0240 DB:7E P:NvmxdIzC V:200 H:18 
C0279B $AF $F8 $7F $7E LDA $7E7FF8                     A:FFFF X:0006 Y:0006 S:04EF D:0240 DB:7E P:NvmxdIzC V:200 H:21 
C0279F $29 $00 $10     AND #$1000                      A:0000 X:0006 Y:0006 S:04EF D:0240 DB:7E P:nvmxdIZC V:200 H:31 
C027A2 $D0 $08         BNE $C027AC                     A:0000 X:0006 Y:0006 S:04EF D:0240 DB:7E P:nvmxdIZC V:200 H:36 
C027A4 $AF $DE $7F $7E LDA $7E7FDE                     A:0000 X:0006 Y:0006 S:04EF D:0240 DB:7E P:nvmxdIZC V:200 H:39 
C027A8 $F0 $A8         BEQ $C02752                     A:0001 X:0006 Y:0006 S:04EF D:0240 DB:7E P:nvmxdIzC V:200 H:49 
C027AA $80 $E9         BRA $C02795                     A:0001 X:0006 Y:0006 S:04EF D:0240 DB:7E P:nvmxdIzC V:200 H:52 
C02795 $AF $FE $FF $C1 LDA $C1FFFE                     A:0001 X:0006 Y:0006 S:04EF D:0240 DB:7E P:nvmxdIzC V:200 H:56 
C02799 $10 $09         BPL $C027A4                     A:FFFF X:0006 Y:0006 S:04EF D:0240 DB:7E P:NvmxdIzC V:200 H:65 
C0279B $AF $F8 $7F $7E LDA $7E7FF8                     A:FFFF X:0006 Y:0006 S:04EF D:0240 DB:7E P:NvmxdIzC V:200 H:68 
C0279F $29 $00 $10     AND #$1000                      A:0000 X:0006 Y:0006 S:04EF D:0240 DB:7E P:nvmxdIZC V:200 H:78 
C027A2 $D0 $08         BNE $C027AC                     A:0000 X:0006 Y:0006 S:04EF D:0240 DB:7E P:nvmxdIZC V:200 H:83 
C027A4 $AF $DE $7F $7E LDA $7E7FDE                     A:0000 X:0006 Y:0006 S:04EF D:0240 DB:7E P:nvmxdIZC V:200 H:86 
C027A8 $F0 $A8         BEQ $C02752                     A:0001 X:0006 Y:0006 S:04EF D:0240 DB:7E P:nvmxdIzC V:200 H:96 
C027AA $80 $E9         BRA $C02795                     A:0001 X:0006 Y:0006 S:04EF D:0240 DB:7E P:nvmxdIzC V:200 H:99 
C02795 $AF $FE $FF $C1 LDA $C1FFFE                     A:0001 X:0006 Y:0006 S:04EF D:0240 DB:7E P:nvmxdIzC V:200 H:103
C02799 $10 $09         BPL $C027A4                     A:FFFF X:0006 Y:0006 S:04EF D:0240 DB:7E P:NvmxdIzC V:200 H:112
C0279B $AF $F8 $7F $7E LDA $7E7FF8                     A:FFFF X:0006 Y:0006 S:04EF D:0240 DB:7E P:NvmxdIzC V:200 H:115
C0279F $29 $00 $10     AND #$1000                      A:0000 X:0006 Y:0006 S:04EF D:0240 DB:7E P:nvmxdIZC V:200 H:125
C027A2 $D0 $08         BNE $C027AC                     A:0000 X:0006 Y:0006 S:04EF D:0240 DB:7E P:nvmxdIZC V:200 H:130
C027A4 $AF $DE $7F $7E LDA $7E7FDE                     A:0000 X:0006 Y:0006 S:04EF D:0240 DB:7E P:nvmxdIZC V:200 H:133
C027A8 $F0 $A8         BEQ $C02752                     A:0001 X:0006 Y:0006 S:04EF D:0240 DB:7E P:nvmxdIzC V:200 H:153
C027AA $80 $E9         BRA $C02795                     A:0001 X:0006 Y:0006 S:04EF D:0240 DB:7E P:nvmxdIzC V:200 H:156
C02795 $AF $FE $FF $C1 LDA $C1FFFE                     A:0001 X:0006 Y:0006 S:04EF D:0240 DB:7E P:nvmxdIzC V:200 H:160
C02799 $10 $09         BPL $C027A4                     A:FFFF X:0006 Y:0006 S:04EF D:0240 DB:7E P:NvmxdIzC V:200 H:169
C0279B $AF $F8 $7F $7E LDA $7E7FF8                     A:FFFF X:0006 Y:0006 S:04EF D:0240 DB:7E P:NvmxdIzC V:200 H:172
C0279F $29 $00 $10     AND #$1000                      A:0000 X:0006 Y:0006 S:04EF D:0240 DB:7E P:nvmxdIZC V:200 H:182
C027A2 $D0 $08         BNE $C027AC                     A:0000 X:0006 Y:0006 S:04EF D:0240 DB:7E P:nvmxdIZC V:200 H:187
C027A4 $AF $DE $7F $7E LDA $7E7FDE                     A:0000 X:0006 Y:0006 S:04EF D:0240 DB:7E P:nvmxdIZC V:200 H:190
C027A8 $F0 $A8         BEQ $C02752                     A:0001 X:0006 Y:0006 S:04EF D:0240 DB:7E P:nvmxdIzC V:200 H:200
C027AA $80 $E9         BRA $C02795                     A:0001 X:0006 Y:0006 S:04EF D:0240 DB:7E P:nvmxdIzC V:200 H:203
C02795 $AF $FE $FF $C1 LDA $C1FFFE                     A:0001 X:0006 Y:0006 S:04EF D:0240 DB:7E P:nvmxdIzC V:200 H:207
C02799 $10 $09         BPL $C027A4                     A:FFFF X:0006 Y:0006 S:04EF D:0240 DB:7E P:NvmxdIzC V:200 H:216
C0279B $AF $F8 $7F $7E LDA $7E7FF8                     A:FFFF X:0006 Y:0006 S:04EF D:0240 DB:7E P:NvmxdIzC V:200 H:219
C0279F $29 $00 $10     AND #$1000                      A:0000 X:0006 Y:0006 S:04EF D:0240 DB:7E P:nvmxdIZC V:200 H:229
C027A2 $D0 $08         BNE $C027AC                     A:0000 X:0006 Y:0006 S:04EF D:0240 DB:7E P:nvmxdIZC V:200 H:234
C027A4 $AF $DE $7F $7E LDA $7E7FDE                     A:0000 X:0006 Y:0006 S:04EF D:0240 DB:7E P:nvmxdIZC V:200 H:237
C027A8 $F0 $A8         BEQ $C02752                     A:0001 X:0006 Y:0006 S:04EF D:0240 DB:7E P:nvmxdIzC V:200 H:247
C027AA $80 $E9         BRA $C02795                     A:0001 X:0006 Y:0006 S:04EF D:0240 DB:7E P:nvmxdIzC V:200 H:250
C02795 $AF $FE $FF $C1 LDA $C1FFFE                     A:0001 X:0006 Y:0006 S:04EF D:0240 DB:7E P:nvmxdIzC V:200 H:254
C02799 $10 $09         BPL $C027A4                     A:FFFF X:0006 Y:0006 S:04EF D:0240 DB:7E P:NvmxdIzC V:200 H:263
C0279B $AF $F8 $7F $7E LDA $7E7FF8                     A:FFFF X:0006 Y:0006 S:04EF D:0240 DB:7E P:NvmxdIzC V:200 H:266
C0279F $29 $00 $10     AND #$1000                      A:0000 X:0006 Y:0006 S:04EF D:0240 DB:7E P:nvmxdIZC V:200 H:318
C027A2 $D0 $08         BNE $C027AC                     A:0000 X:0006 Y:0006 S:04EF D:0240 DB:7E P:nvmxdIZC V:200 H:323
C027A4 $AF $DE $7F $7E LDA $7E7FDE                     A:0000 X:0006 Y:0006 S:04EF D:0240 DB:7E P:nvmxdIZC V:200 H:325
C027A8 $F0 $A8         BEQ $C02752                     A:0001 X:0006 Y:0006 S:04EF D:0240 DB:7E P:nvmxdIzC V:200 H:335
C027AA $80 $E9         BRA $C02795                     A:0001 X:0006 Y:0006 S:04EF D:0240 DB:7E P:nvmxdIzC V:200 H:338
C02795 $AF $FE $FF $C1 LDA $C1FFFE                     A:0001 X:0006 Y:0006 S:04EF D:0240 DB:7E P:nvmxdIzC V:201 H:2  
C02799 $10 $09         BPL $C027A4                     A:FFFF X:0006 Y:0006 S:04EF D:0240 DB:7E P:NvmxdIzC V:201 H:11 
C0279B $AF $F8 $7F $7E LDA $7E7FF8                     A:FFFF X:0006 Y:0006 S:04EF D:0240 DB:7E P:NvmxdIzC V:201 H:14 
C0279F $29 $00 $10     AND #$1000                      A:0000 X:0006 Y:0006 S:04EF D:0240 DB:7E P:nvmxdIZC V:201 H:24 
C027A2 $D0 $08         BNE $C027AC                     A:0000 X:0006 Y:0006 S:04EF D:0240 DB:7E P:nvmxdIZC V:201 H:29 
C027A4 $AF $DE $7F $7E LDA $7E7FDE                     A:0000 X:0006 Y:0006 S:04EF D:0240 DB:7E P:nvmxdIZC V:201 H:32 
C027A8 $F0 $A8         BEQ $C02752                     A:0001 X:0006 Y:0006 S:04EF D:0240 DB:7E P:nvmxdIzC V:201 H:42 
C027AA $80 $E9         BRA $C02795                     A:0001 X:0006 Y:0006 S:04EF D:0240 DB:7E P:nvmxdIzC V:201 H:45 
C02795 $AF $FE $FF $C1 LDA $C1FFFE                     A:0001 X:0006 Y:0006 S:04EF D:0240 DB:7E P:nvmxdIzC V:201 H:49 
C02799 $10 $09         BPL $C027A4                     A:FFFF X:0006 Y:0006 S:04EF D:0240 DB:7E P:NvmxdIzC V:201 H:58 
C0279B $AF $F8 $7F $7E LDA $7E7FF8                     A:FFFF X:0006 Y:0006 S:04EF D:0240 DB:7E P:NvmxdIzC V:201 H:61 
C0279F $29 $00 $10     AND #$1000                      A:0000 X:0006 Y:0006 S:04EF D:0240 DB:7E P:nvmxdIZC V:201 H:71 
C027A2 $D0 $08         BNE $C027AC                     A:0000 X:0006 Y:0006 S:04EF D:0240 DB:7E P:nvmxdIZC V:201 H:76 
C027A4 $AF $DE $7F $7E LDA $7E7FDE                     A:0000 X:0006 Y:0006 S:04EF D:0240 DB:7E P:nvmxdIZC V:201 H:79 
C027A8 $F0 $A8         BEQ $C02752                     A:0001 X:0006 Y:0006 S:04EF D:0240 DB:7E P:nvmxdIzC V:201 H:89 
C027AA $80 $E9         BRA $C02795                     A:0001 X:0006 Y:0006 S:04EF D:0240 DB:7E P:nvmxdIzC V:201 H:92 
C02795 $AF $FE $FF $C1 LDA $C1FFFE                     A:0001 X:0006 Y:0006 S:04EF D:0240 DB:7E P:nvmxdIzC V:201 H:96 
C02799 $10 $09         BPL $C027A4                     A:FFFF X:0006 Y:0006 S:04EF D:0240 DB:7E P:NvmxdIzC V:201 H:105
C0279B $AF $F8 $7F $7E LDA $7E7FF8                     A:FFFF X:0006 Y:0006 S:04EF D:0240 DB:7E P:NvmxdIzC V:201 H:108
C0279F $29 $00 $10     AND #$1000                      A:0000 X:0006 Y:0006 S:04EF D:0240 DB:7E P:nvmxdIZC V:201 H:118
C027A2 $D0 $08         BNE $C027AC                     A:0000 X:0006 Y:0006 S:04EF D:0240 DB:7E P:nvmxdIZC V:201 H:123
C027A4 $AF $DE $7F $7E LDA $7E7FDE                     A:0000 X:0006 Y:0006 S:04EF D:0240 DB:7E P:nvmxdIZC V:201 H:126
C027A8 $F0 $A8         BEQ $C02752                     A:0001 X:0006 Y:0006 S:04EF D:0240 DB:7E P:nvmxdIzC V:201 H:146
C027AA $80 $E9         BRA $C02795                     A:0001 X:0006 Y:0006 S:04EF D:0240 DB:7E P:nvmxdIzC V:201 H:149
C02795 $AF $FE $FF $C1 LDA $C1FFFE                     A:0001 X:0006 Y:0006 S:04EF D:0240 DB:7E P:nvmxdIzC V:201 H:153
C02799 $10 $09         BPL $C027A4                     A:FFFF X:0006 Y:0006 S:04EF D:0240 DB:7E P:NvmxdIzC V:201 H:162
C0279B $AF $F8 $7F $7E LDA $7E7FF8                     A:FFFF X:0006 Y:0006 S:04EF D:0240 DB:7E P:NvmxdIzC V:201 H:165
C0279F $29 $00 $10     AND #$1000                      A:0000 X:0006 Y:0006 S:04EF D:0240 DB:7E P:nvmxdIZC V:201 H:175
C027A2 $D0 $08         BNE $C027AC                     A:0000 X:0006 Y:0006 S:04EF D:0240 DB:7E P:nvmxdIZC V:201 H:180
C027A4 $AF $DE $7F $7E LDA $7E7FDE                     A:0000 X:0006 Y:0006 S:04EF D:0240 DB:7E P:nvmxdIZC V:201 H:183
C027A8 $F0 $A8         BEQ $C02752                     A:0001 X:0006 Y:0006 S:04EF D:0240 DB:7E P:nvmxdIzC V:201 H:193
C027AA $80 $E9         BRA $C02795                     A:0001 X:0006 Y:0006 S:04EF D:0240 DB:7E P:nvmxdIzC V:201 H:196
C02795 $AF $FE $FF $C1 LDA $C1FFFE                     A:0001 X:0006 Y:0006 S:04EF D:0240 DB:7E P:nvmxdIzC V:201 H:200
C02799 $10 $09         BPL $C027A4                     A:FFFF X:0006 Y:0006 S:04EF D:0240 DB:7E P:NvmxdIzC V:201 H:209
C0279B $AF $F8 $7F $7E LDA $7E7FF8                     A:FFFF X:0006 Y:0006 S:04EF D:0240 DB:7E P:NvmxdIzC V:201 H:212
C0279F $29 $00 $10     AND #$1000                      A:0000 X:0006 Y:0006 S:04EF D:0240 DB:7E P:nvmxdIZC V:201 H:222
C027A2 $D0 $08         BNE $C027AC                     A:0000 X:0006 Y:0006 S:04EF D:0240 DB:7E P:nvmxdIZC V:201 H:227
C027A4 $AF $DE $7F $7E LDA $7E7FDE                     A:0000 X:0006 Y:0006 S:04EF D:0240 DB:7E P:nvmxdIZC V:201 H:230
C027A8 $F0 $A8         BEQ $C02752                     A:0001 X:0006 Y:0006 S:04EF D:0240 DB:7E P:nvmxdIzC V:201 H:240
C027AA $80 $E9         BRA $C02795                     A:0001 X:0006 Y:0006 S:04EF D:0240 DB:7E P:nvmxdIzC V:201 H:243
C02795 $AF $FE $FF $C1 LDA $C1FFFE                     A:0001 X:0006 Y:0006 S:04EF D:0240 DB:7E P:nvmxdIzC V:201 H:247
C02799 $10 $09         BPL $C027A4                     A:FFFF X:0006 Y:0006 S:04EF D:0240 DB:7E P:NvmxdIzC V:201 H:256
C0279B $AF $F8 $7F $7E LDA $7E7FF8                     A:FFFF X:0006 Y:0006 S:04EF D:0240 DB:7E P:NvmxdIzC V:201 H:259
C0279F $29 $00 $10     AND #$1000                      A:0000 X:0006 Y:0006 S:04EF D:0240 DB:7E P:nvmxdIZC V:201 H:269
C027A2 $D0 $08         BNE $C027AC                     A:0000 X:0006 Y:0006 S:04EF D:0240 DB:7E P:nvmxdIZC V:201 H:274
C027A4 $AF $DE $7F $7E LDA $7E7FDE                     A:0000 X:0006 Y:0006 S:04EF D:0240 DB:7E P:nvmxdIZC V:201 H:293
C027A8 $F0 $A8         BEQ $C02752                     A:0001 X:0006 Y:0006 S:04EF D:0240 DB:7E P:nvmxdIzC V:201 H:303
C027AA $80 $E9         BRA $C02795                     A:0001 X:0006 Y:0006 S:04EF D:0240 DB:7E P:nvmxdIzC V:201 H:306
C02795 $AF $FE $FF $C1 LDA $C1FFFE                     A:0001 X:0006 Y:0006 S:04EF D:0240 DB:7E P:nvmxdIzC V:201 H:311
C02799 $10 $09         BPL $C027A4                     A:FFFF X:0006 Y:0006 S:04EF D:0240 DB:7E P:NvmxdIzC V:201 H:320
C0279B $AF $F8 $7F $7E LDA $7E7FF8                     A:FFFF X:0006 Y:0006 S:04EF D:0240 DB:7E P:NvmxdIzC V:201 H:323
C0279F $29 $00 $10     AND #$1000                      A:0000 X:0006 Y:0006 S:04EF D:0240 DB:7E P:nvmxdIZC V:201 H:332
C027A2 $D0 $08         BNE $C027AC                     A:0000 X:0006 Y:0006 S:04EF D:0240 DB:7E P:nvmxdIZC V:201 H:336
C027A4 $AF $DE $7F $7E LDA $7E7FDE                     A:0000 X:0006 Y:0006 S:04EF D:0240 DB:7E P:nvmxdIZC V:201 H:339
C027A8 $F0 $A8         BEQ $C02752                     A:0001 X:0006 Y:0006 S:04EF D:0240 DB:7E P:nvmxdIzC V:202 H:9  
C027AA $80 $E9         BRA $C02795                     A:0001 X:0006 Y:0006 S:04EF D:0240 DB:7E P:nvmxdIzC V:202 H:12 
C02795 $AF $FE $FF $C1 LDA $C1FFFE                     A:0001 X:0006 Y:0006 S:04EF D:0240 DB:7E P:nvmxdIzC V:202 H:17 
C02799 $10 $09         BPL $C027A4                     A:FFFF X:0006 Y:0006 S:04EF D:0240 DB:7E P:NvmxdIzC V:202 H:26 
C0279B $AF $F8 $7F $7E LDA $7E7FF8                     A:FFFF X:0006 Y:0006 S:04EF D:0240 DB:7E P:NvmxdIzC V:202 H:29 
C0279F $29 $00 $10     AND #$1000                      A:0000 X:0006 Y:0006 S:04EF D:0240 DB:7E P:nvmxdIZC V:202 H:39 
C027A2 $D0 $08         BNE $C027AC                     A:0000 X:0006 Y:0006 S:04EF D:0240 DB:7E P:nvmxdIZC V:202 H:43 
C027A4 $AF $DE $7F $7E LDA $7E7FDE                     A:0000 X:0006 Y:0006 S:04EF D:0240 DB:7E P:nvmxdIZC V:202 H:46 
C027A8 $F0 $A8         BEQ $C02752                     A:0001 X:0006 Y:0006 S:04EF D:0240 DB:7E P:nvmxdIzC V:202 H:56 
C027AA $80 $E9         BRA $C02795                     A:0001 X:0006 Y:0006 S:04EF D:0240 DB:7E P:nvmxdIzC V:202 H:59 
C02795 $AF $FE $FF $C1 LDA $C1FFFE                     A:0001 X:0006 Y:0006 S:04EF D:0240 DB:7E P:nvmxdIzC V:202 H:64 
C02799 $10 $09         BPL $C027A4                     A:FFFF X:0006 Y:0006 S:04EF D:0240 DB:7E P:NvmxdIzC V:202 H:73 
C0279B $AF $F8 $7F $7E LDA $7E7FF8                     A:FFFF X:0006 Y:0006 S:04EF D:0240 DB:7E P:NvmxdIzC V:202 H:76 
C0279F $29 $00 $10     AND #$1000                      A:0000 X:0006 Y:0006 S:04EF D:0240 DB:7E P:nvmxdIZC V:202 H:86 
C027A2 $D0 $08         BNE $C027AC                     A:0000 X:0006 Y:0006 S:04EF D:0240 DB:7E P:nvmxdIZC V:202 H:90 
C027A4 $AF $DE $7F $7E LDA $7E7FDE                     A:0000 X:0006 Y:0006 S:04EF D:0240 DB:7E P:nvmxdIZC V:202 H:93 
C027A8 $F0 $A8         BEQ $C02752                     A:0001 X:0006 Y:0006 S:04EF D:0240 DB:7E P:nvmxdIzC V:202 H:103
C027AA $80 $E9         BRA $C02795                     A:0001 X:0006 Y:0006 S:04EF D:0240 DB:7E P:nvmxdIzC V:202 H:106
C02795 $AF $FE $FF $C1 LDA $C1FFFE                     A:0001 X:0006 Y:0006 S:04EF D:0240 DB:7E P:nvmxdIzC V:202 H:111
C02799 $10 $09         BPL $C027A4                     A:FFFF X:0006 Y:0006 S:04EF D:0240 DB:7E P:NvmxdIzC V:202 H:120
C0279B $AF $F8 $7F $7E LDA $7E7FF8                     A:FFFF X:0006 Y:0006 S:04EF D:0240 DB:7E P:NvmxdIzC V:202 H:123
C0279F $29 $00 $10     AND #$1000                      A:0000 X:0006 Y:0006 S:04EF D:0240 DB:7E P:nvmxdIZC V:202 H:133
C027A2 $D0 $08         BNE $C027AC                     A:0000 X:0006 Y:0006 S:04EF D:0240 DB:7E P:nvmxdIZC V:202 H:147
C027A4 $AF $DE $7F $7E LDA $7E7FDE                     A:0000 X:0006 Y:0006 S:04EF D:0240 DB:7E P:nvmxdIZC V:202 H:150
C027A8 $F0 $A8         BEQ $C02752                     A:0001 X:0006 Y:0006 S:04EF D:0240 DB:7E P:nvmxdIzC V:202 H:160
C027AA $80 $E9         BRA $C02795                     A:0001 X:0006 Y:0006 S:04EF D:0240 DB:7E P:nvmxdIzC V:202 H:163
C02795 $AF $FE $FF $C1 LDA $C1FFFE                     A:0001 X:0006 Y:0006 S:04EF D:0240 DB:7E P:nvmxdIzC V:202 H:168
C02799 $10 $09         BPL $C027A4                     A:FFFF X:0006 Y:0006 S:04EF D:0240 DB:7E P:NvmxdIzC V:202 H:177
C0279B $AF $F8 $7F $7E LDA $7E7FF8                     A:FFFF X:0006 Y:0006 S:04EF D:0240 DB:7E P:NvmxdIzC V:202 H:180
C0279F $29 $00 $10     AND #$1000                      A:0000 X:0006 Y:0006 S:04EF D:0240 DB:7E P:nvmxdIZC V:202 H:190
C027A2 $D0 $08         BNE $C027AC                     A:0000 X:0006 Y:0006 S:04EF D:0240 DB:7E P:nvmxdIZC V:202 H:194
C027A4 $AF $DE $7F $7E LDA $7E7FDE                     A:0000 X:0006 Y:0006 S:04EF D:0240 DB:7E P:nvmxdIZC V:202 H:197
C027A8 $F0 $A8         BEQ $C02752                     A:0001 X:0006 Y:0006 S:04EF D:0240 DB:7E P:nvmxdIzC V:202 H:207
C027AA $80 $E9         BRA $C02795                     A:0001 X:0006 Y:0006 S:04EF D:0240 DB:7E P:nvmxdIzC V:202 H:210
C02795 $AF $FE $FF $C1 LDA $C1FFFE                     A:0001 X:0006 Y:0006 S:04EF D:0240 DB:7E P:nvmxdIzC V:202 H:215
C02799 $10 $09         BPL $C027A4                     A:FFFF X:0006 Y:0006 S:04EF D:0240 DB:7E P:NvmxdIzC V:202 H:224
C0279B $AF $F8 $7F $7E LDA $7E7FF8                     A:FFFF X:0006 Y:0006 S:04EF D:0240 DB:7E P:NvmxdIzC V:202 H:227
C0279F $29 $00 $10     AND #$1000                      A:0000 X:0006 Y:0006 S:04EF D:0240 DB:7E P:nvmxdIZC V:202 H:237
C027A2 $D0 $08         BNE $C027AC                     A:0000 X:0006 Y:0006 S:04EF D:0240 DB:7E P:nvmxdIZC V:202 H:241
C027A4 $AF $DE $7F $7E LDA $7E7FDE                     A:0000 X:0006 Y:0006 S:04EF D:0240 DB:7E P:nvmxdIZC V:202 H:244
C027A8 $F0 $A8         BEQ $C02752                     A:0001 X:0006 Y:0006 S:04EF D:0240 DB:7E P:nvmxdIzC V:202 H:254
C027AA $80 $E9         BRA $C02795                     A:0001 X:0006 Y:0006 S:04EF D:0240 DB:7E P:nvmxdIzC V:202 H:257
C02795 $AF $FE $FF $C1 LDA $C1FFFE                     A:0001 X:0006 Y:0006 S:04EF D:0240 DB:7E P:nvmxdIzC V:202 H:262
C02799 $10 $09         BPL $C027A4                     A:FFFF X:0006 Y:0006 S:04EF D:0240 DB:7E P:NvmxdIzC V:202 H:271
C0279B $AF $F8 $7F $7E LDA $7E7FF8                     A:FFFF X:0006 Y:0006 S:04EF D:0240 DB:7E P:NvmxdIzC V:202 H:274
C0279F $29 $00 $10     AND #$1000                      A:0000 X:0006 Y:0006 S:04EF D:0240 DB:7E P:nvmxdIZC V:202 H:299
C027A2 $D0 $08         BNE $C027AC                     A:0000 X:0006 Y:0006 S:04EF D:0240 DB:7E P:nvmxdIZC V:202 H:303
C027A4 $AF $DE $7F $7E LDA $7E7FDE                     A:0000 X:0006 Y:0006 S:04EF D:0240 DB:7E P:nvmxdIZC V:202 H:306
C027A8 $F0 $A8         BEQ $C02752                     A:0001 X:0006 Y:0006 S:04EF D:0240 DB:7E P:nvmxdIzC V:202 H:316
C027AA $80 $E9         BRA $C02795                     A:0001 X:0006 Y:0006 S:04EF D:0240 DB:7E P:nvmxdIzC V:202 H:319
C02795 $AF $FE $FF $C1 LDA $C1FFFE                     A:0001 X:0006 Y:0006 S:04EF D:0240 DB:7E P:nvmxdIzC V:202 H:323
C02799 $10 $09         BPL $C027A4                     A:FFFF X:0006 Y:0006 S:04EF D:0240 DB:7E P:NvmxdIzC V:202 H:332
C0279B $AF $F8 $7F $7E LDA $7E7FF8                     A:FFFF X:0006 Y:0006 S:04EF D:0240 DB:7E P:NvmxdIzC V:202 H:335
C0279F $29 $00 $10     AND #$1000                      A:0000 X:0006 Y:0006 S:04EF D:0240 DB:7E P:nvmxdIZC V:203 H:5  
C027A2 $D0 $08         BNE $C027AC                     A:0000 X:0006 Y:0006 S:04EF D:0240 DB:7E P:nvmxdIZC V:203 H:9  
C027A4 $AF $DE $7F $7E LDA $7E7FDE                     A:0000 X:0006 Y:0006 S:04EF D:0240 DB:7E P:nvmxdIZC V:203 H:12 
C027A8 $F0 $A8         BEQ $C02752                     A:0001 X:0006 Y:0006 S:04EF D:0240 DB:7E P:nvmxdIzC V:203 H:22 
C027AA $80 $E9         BRA $C02795                     A:0001 X:0006 Y:0006 S:04EF D:0240 DB:7E P:nvmxdIzC V:203 H:25 
C02795 $AF $FE $FF $C1 LDA $C1FFFE                     A:0001 X:0006 Y:0006 S:04EF D:0240 DB:7E P:nvmxdIzC V:203 H:30 
C02799 $10 $09         BPL $C027A4                     A:FFFF X:0006 Y:0006 S:04EF D:0240 DB:7E P:NvmxdIzC V:203 H:39 
C0279B $AF $F8 $7F $7E LDA $7E7FF8                     A:FFFF X:0006 Y:0006 S:04EF D:0240 DB:7E P:NvmxdIzC V:203 H:42 
C0279F $29 $00 $10     AND #$1000                      A:0000 X:0006 Y:0006 S:04EF D:0240 DB:7E P:nvmxdIZC V:203 H:52 
C027A2 $D0 $08         BNE $C027AC                     A:0000 X:0006 Y:0006 S:04EF D:0240 DB:7E P:nvmxdIZC V:203 H:56 
C027A4 $AF $DE $7F $7E LDA $7E7FDE                     A:0000 X:0006 Y:0006 S:04EF D:0240 DB:7E P:nvmxdIZC V:203 H:59 
C027A8 $F0 $A8         BEQ $C02752                     A:0001 X:0006 Y:0006 S:04EF D:0240 DB:7E P:nvmxdIzC V:203 H:69 
C027AA $80 $E9         BRA $C02795                     A:0001 X:0006 Y:0006 S:04EF D:0240 DB:7E P:nvmxdIzC V:203 H:72 
C02795 $AF $FE $FF $C1 LDA $C1FFFE                     A:0001 X:0006 Y:0006 S:04EF D:0240 DB:7E P:nvmxdIzC V:203 H:77 
C02799 $10 $09         BPL $C027A4                     A:FFFF X:0006 Y:0006 S:04EF D:0240 DB:7E P:NvmxdIzC V:203 H:86 
C0279B $AF $F8 $7F $7E LDA $7E7FF8                     A:FFFF X:0006 Y:0006 S:04EF D:0240 DB:7E P:NvmxdIzC V:203 H:89 
C0279F $29 $00 $10     AND #$1000                      A:0000 X:0006 Y:0006 S:04EF D:0240 DB:7E P:nvmxdIZC V:203 H:99 
C027A2 $D0 $08         BNE $C027AC                     A:0000 X:0006 Y:0006 S:04EF D:0240 DB:7E P:nvmxdIZC V:203 H:103
C027A4 $AF $DE $7F $7E LDA $7E7FDE                     A:0000 X:0006 Y:0006 S:04EF D:0240 DB:7E P:nvmxdIZC V:203 H:106
C027A8 $F0 $A8         BEQ $C02752                     A:0001 X:0006 Y:0006 S:04EF D:0240 DB:7E P:nvmxdIzC V:203 H:116
C027AA $80 $E9         BRA $C02795                     A:0001 X:0006 Y:0006 S:04EF D:0240 DB:7E P:nvmxdIzC V:203 H:119
C02795 $AF $FE $FF $C1 LDA $C1FFFE                     A:0001 X:0006 Y:0006 S:04EF D:0240 DB:7E P:nvmxdIzC V:203 H:124
C02799 $10 $09         BPL $C027A4                     A:FFFF X:0006 Y:0006 S:04EF D:0240 DB:7E P:NvmxdIzC V:203 H:133
C0279B $AF $F8 $7F $7E LDA $7E7FF8                     A:FFFF X:0006 Y:0006 S:04EF D:0240 DB:7E P:NvmxdIzC V:203 H:146
C0279F $29 $00 $10     AND #$1000                      A:0000 X:0006 Y:0006 S:04EF D:0240 DB:7E P:nvmxdIZC V:203 H:156
C027A2 $D0 $08         BNE $C027AC                     A:0000 X:0006 Y:0006 S:04EF D:0240 DB:7E P:nvmxdIZC V:203 H:160
C027A4 $AF $DE $7F $7E LDA $7E7FDE                     A:0000 X:0006 Y:0006 S:04EF D:0240 DB:7E P:nvmxdIZC V:203 H:163
C027A8 $F0 $A8         BEQ $C02752                     A:0001 X:0006 Y:0006 S:04EF D:0240 DB:7E P:nvmxdIzC V:203 H:173
C027AA $80 $E9         BRA $C02795                     A:0001 X:0006 Y:0006 S:04EF D:0240 DB:7E P:nvmxdIzC V:203 H:176
C02795 $AF $FE $FF $C1 LDA $C1FFFE                     A:0001 X:0006 Y:0006 S:04EF D:0240 DB:7E P:nvmxdIzC V:203 H:181
C02799 $10 $09         BPL $C027A4                     A:FFFF X:0006 Y:0006 S:04EF D:0240 DB:7E P:NvmxdIzC V:203 H:190
C0279B $AF $F8 $7F $7E LDA $7E7FF8                     A:FFFF X:0006 Y:0006 S:04EF D:0240 DB:7E P:NvmxdIzC V:203 H:193
C0279F $29 $00 $10     AND #$1000                      A:0000 X:0006 Y:0006 S:04EF D:0240 DB:7E P:nvmxdIZC V:203 H:203
C027A2 $D0 $08         BNE $C027AC                     A:0000 X:0006 Y:0006 S:04EF D:0240 DB:7E P:nvmxdIZC V:203 H:207
C027A4 $AF $DE $7F $7E LDA $7E7FDE                     A:0000 X:0006 Y:0006 S:04EF D:0240 DB:7E P:nvmxdIZC V:203 H:210
C027A8 $F0 $A8         BEQ $C02752                     A:0001 X:0006 Y:0006 S:04EF D:0240 DB:7E P:nvmxdIzC V:203 H:220
C027AA $80 $E9         BRA $C02795                     A:0001 X:0006 Y:0006 S:04EF D:0240 DB:7E P:nvmxdIzC V:203 H:223
C02795 $AF $FE $FF $C1 LDA $C1FFFE                     A:0001 X:0006 Y:0006 S:04EF D:0240 DB:7E P:nvmxdIzC V:203 H:228
C02799 $10 $09         BPL $C027A4                     A:FFFF X:0006 Y:0006 S:04EF D:0240 DB:7E P:NvmxdIzC V:203 H:237
C0279B $AF $F8 $7F $7E LDA $7E7FF8                     A:FFFF X:0006 Y:0006 S:04EF D:0240 DB:7E P:NvmxdIzC V:203 H:240
C0279F $29 $00 $10     AND #$1000                      A:0000 X:0006 Y:0006 S:04EF D:0240 DB:7E P:nvmxdIZC V:203 H:250
C027A2 $D0 $08         BNE $C027AC                     A:0000 X:0006 Y:0006 S:04EF D:0240 DB:7E P:nvmxdIZC V:203 H:254
C027A4 $AF $DE $7F $7E LDA $7E7FDE                     A:0000 X:0006 Y:0006 S:04EF D:0240 DB:7E P:nvmxdIZC V:203 H:257
C027A8 $F0 $A8         BEQ $C02752                     A:0001 X:0006 Y:0006 S:04EF D:0240 DB:7E P:nvmxdIzC V:203 H:267
C027AA $80 $E9         BRA $C02795                     A:0001 X:0006 Y:0006 S:04EF D:0240 DB:7E P:nvmxdIzC V:203 H:270
C02795 $AF $FE $FF $C1 LDA $C1FFFE                     A:0001 X:0006 Y:0006 S:04EF D:0240 DB:7E P:nvmxdIzC V:203 H:275
C02799 $10 $09         BPL $C027A4                     A:FFFF X:0006 Y:0006 S:04EF D:0240 DB:7E P:NvmxdIzC V:203 H:300
C0279B $AF $F8 $7F $7E LDA $7E7FF8                     A:FFFF X:0006 Y:0006 S:04EF D:0240 DB:7E P:NvmxdIzC V:203 H:303
C0279F $29 $00 $10     AND #$1000                      A:0000 X:0006 Y:0006 S:04EF D:0240 DB:7E P:nvmxdIZC V:203 H:313
C027A2 $D0 $08         BNE $C027AC                     A:0000 X:0006 Y:0006 S:04EF D:0240 DB:7E P:nvmxdIZC V:203 H:318
C027A4 $AF $DE $7F $7E LDA $7E7FDE                     A:0000 X:0006 Y:0006 S:04EF D:0240 DB:7E P:nvmxdIZC V:203 H:321
C027A8 $F0 $A8         BEQ $C02752                     A:0001 X:0006 Y:0006 S:04EF D:0240 DB:7E P:nvmxdIzC V:203 H:330
C027AA $80 $E9         BRA $C02795                     A:0001 X:0006 Y:0006 S:04EF D:0240 DB:7E P:nvmxdIzC V:203 H:333
C02795 $AF $FE $FF $C1 LDA $C1FFFE                     A:0001 X:0006 Y:0006 S:04EF D:0240 DB:7E P:nvmxdIzC V:203 H:337
C02799 $10 $09         BPL $C027A4                     A:FFFF X:0006 Y:0006 S:04EF D:0240 DB:7E P:NvmxdIzC V:204 H:6  
C0279B $AF $F8 $7F $7E LDA $7E7FF8                     A:FFFF X:0006 Y:0006 S:04EF D:0240 DB:7E P:NvmxdIzC V:204 H:9  
C0279F $29 $00 $10     AND #$1000                      A:0000 X:0006 Y:0006 S:04EF D:0240 DB:7E P:nvmxdIZC V:204 H:19 
C027A2 $D0 $08         BNE $C027AC                     A:0000 X:0006 Y:0006 S:04EF D:0240 DB:7E P:nvmxdIZC V:204 H:24 
C027A4 $AF $DE $7F $7E LDA $7E7FDE                     A:0000 X:0006 Y:0006 S:04EF D:0240 DB:7E P:nvmxdIZC V:204 H:27 
C027A8 $F0 $A8         BEQ $C02752                     A:0001 X:0006 Y:0006 S:04EF D:0240 DB:7E P:nvmxdIzC V:204 H:37 
C027AA $80 $E9         BRA $C02795                     A:0001 X:0006 Y:0006 S:04EF D:0240 DB:7E P:nvmxdIzC V:204 H:40 
C02795 $AF $FE $FF $C1 LDA $C1FFFE                     A:0001 X:0006 Y:0006 S:04EF D:0240 DB:7E P:nvmxdIzC V:204 H:44 
C02799 $10 $09         BPL $C027A4                     A:FFFF X:0006 Y:0006 S:04EF D:0240 DB:7E P:NvmxdIzC V:204 H:53 
C0279B $AF $F8 $7F $7E LDA $7E7FF8                     A:FFFF X:0006 Y:0006 S:04EF D:0240 DB:7E P:NvmxdIzC V:204 H:56 
C0279F $29 $00 $10     AND #$1000                      A:0000 X:0006 Y:0006 S:04EF D:0240 DB:7E P:nvmxdIZC V:204 H:66 
C027A2 $D0 $08         BNE $C027AC                     A:0000 X:0006 Y:0006 S:04EF D:0240 DB:7E P:nvmxdIZC V:204 H:71 
C027A4 $AF $DE $7F $7E LDA $7E7FDE                     A:0000 X:0006 Y:0006 S:04EF D:0240 DB:7E P:nvmxdIZC V:204 H:74 
C027A8 $F0 $A8         BEQ $C02752                     A:0001 X:0006 Y:0006 S:04EF D:0240 DB:7E P:nvmxdIzC V:204 H:84 
C027AA $80 $E9         BRA $C02795                     A:0001 X:0006 Y:0006 S:04EF D:0240 DB:7E P:nvmxdIzC V:204 H:87 
C02795 $AF $FE $FF $C1 LDA $C1FFFE                     A:0001 X:0006 Y:0006 S:04EF D:0240 DB:7E P:nvmxdIzC V:204 H:91 
C02799 $10 $09         BPL $C027A4                     A:FFFF X:0006 Y:0006 S:04EF D:0240 DB:7E P:NvmxdIzC V:204 H:100
C0279B $AF $F8 $7F $7E LDA $7E7FF8                     A:FFFF X:0006 Y:0006 S:04EF D:0240 DB:7E P:NvmxdIzC V:204 H:103
C0279F $29 $00 $10     AND #$1000                      A:0000 X:0006 Y:0006 S:04EF D:0240 DB:7E P:nvmxdIZC V:204 H:113
C027A2 $D0 $08         BNE $C027AC                     A:0000 X:0006 Y:0006 S:04EF D:0240 DB:7E P:nvmxdIZC V:204 H:118
C027A4 $AF $DE $7F $7E LDA $7E7FDE                     A:0000 X:0006 Y:0006 S:04EF D:0240 DB:7E P:nvmxdIZC V:204 H:121
C027A8 $F0 $A8         BEQ $C02752                     A:0001 X:0006 Y:0006 S:04EF D:0240 DB:7E P:nvmxdIzC V:204 H:131
C027AA $80 $E9         BRA $C02795                     A:0001 X:0006 Y:0006 S:04EF D:0240 DB:7E P:nvmxdIzC V:204 H:144
C02795 $AF $FE $FF $C1 LDA $C1FFFE                     A:0001 X:0006 Y:0006 S:04EF D:0240 DB:7E P:nvmxdIzC V:204 H:148
C02799 $10 $09         BPL $C027A4                     A:FFFF X:0006 Y:0006 S:04EF D:0240 DB:7E P:NvmxdIzC V:204 H:157
C0279B $AF $F8 $7F $7E LDA $7E7FF8                     A:FFFF X:0006 Y:0006 S:04EF D:0240 DB:7E P:NvmxdIzC V:204 H:160
C0279F $29 $00 $10     AND #$1000                      A:0000 X:0006 Y:0006 S:04EF D:0240 DB:7E P:nvmxdIZC V:204 H:170
C027A2 $D0 $08         BNE $C027AC                     A:0000 X:0006 Y:0006 S:04EF D:0240 DB:7E P:nvmxdIZC V:204 H:175
C027A4 $AF $DE $7F $7E LDA $7E7FDE                     A:0000 X:0006 Y:0006 S:04EF D:0240 DB:7E P:nvmxdIZC V:204 H:178
C027A8 $F0 $A8         BEQ $C02752                     A:0001 X:0006 Y:0006 S:04EF D:0240 DB:7E P:nvmxdIzC V:204 H:188
C027AA $80 $E9         BRA $C02795                     A:0001 X:0006 Y:0006 S:04EF D:0240 DB:7E P:nvmxdIzC V:204 H:191
C02795 $AF $FE $FF $C1 LDA $C1FFFE                     A:0001 X:0006 Y:0006 S:04EF D:0240 DB:7E P:nvmxdIzC V:204 H:195
C02799 $10 $09         BPL $C027A4                     A:FFFF X:0006 Y:0006 S:04EF D:0240 DB:7E P:NvmxdIzC V:204 H:204
C0279B $AF $F8 $7F $7E LDA $7E7FF8                     A:FFFF X:0006 Y:0006 S:04EF D:0240 DB:7E P:NvmxdIzC V:204 H:207
C0279F $29 $00 $10     AND #$1000                      A:0000 X:0006 Y:0006 S:04EF D:0240 DB:7E P:nvmxdIZC V:204 H:217
C027A2 $D0 $08         BNE $C027AC                     A:0000 X:0006 Y:0006 S:04EF D:0240 DB:7E P:nvmxdIZC V:204 H:222
C027A4 $AF $DE $7F $7E LDA $7E7FDE                     A:0000 X:0006 Y:0006 S:04EF D:0240 DB:7E P:nvmxdIZC V:204 H:225
C027A8 $F0 $A8         BEQ $C02752                     A:0001 X:0006 Y:0006 S:04EF D:0240 DB:7E P:nvmxdIzC V:204 H:235
C027AA $80 $E9         BRA $C02795                     A:0001 X:0006 Y:0006 S:04EF D:0240 DB:7E P:nvmxdIzC V:204 H:238
C02795 $AF $FE $FF $C1 LDA $C1FFFE                     A:0001 X:0006 Y:0006 S:04EF D:0240 DB:7E P:nvmxdIzC V:204 H:242
C02799 $10 $09         BPL $C027A4                     A:FFFF X:0006 Y:0006 S:04EF D:0240 DB:7E P:NvmxdIzC V:204 H:251
C0279B $AF $F8 $7F $7E LDA $7E7FF8                     A:FFFF X:0006 Y:0006 S:04EF D:0240 DB:7E P:NvmxdIzC V:204 H:254
C0279F $29 $00 $10     AND #$1000                      A:0000 X:0006 Y:0006 S:04EF D:0240 DB:7E P:nvmxdIZC V:204 H:264
C027A2 $D0 $08         BNE $C027AC                     A:0000 X:0006 Y:0006 S:04EF D:0240 DB:7E P:nvmxdIZC V:204 H:269
C027A4 $AF $DE $7F $7E LDA $7E7FDE                     A:0000 X:0006 Y:0006 S:04EF D:0240 DB:7E P:nvmxdIZC V:204 H:272
C027A8 $F0 $A8         BEQ $C02752                     A:0001 X:0006 Y:0006 S:04EF D:0240 DB:7E P:nvmxdIzC V:204 H:298
C027AA $80 $E9         BRA $C02795                     A:0001 X:0006 Y:0006 S:04EF D:0240 DB:7E P:nvmxdIzC V:204 H:301
C02795 $AF $FE $FF $C1 LDA $C1FFFE                     A:0001 X:0006 Y:0006 S:04EF D:0240 DB:7E P:nvmxdIzC V:204 H:306
C02799 $10 $09         BPL $C027A4                     A:FFFF X:0006 Y:0006 S:04EF D:0240 DB:7E P:NvmxdIzC V:204 H:315
C0279B $AF $F8 $7F $7E LDA $7E7FF8                     A:FFFF X:0006 Y:0006 S:04EF D:0240 DB:7E P:NvmxdIzC V:204 H:318
C0279F $29 $00 $10     AND #$1000                      A:0000 X:0006 Y:0006 S:04EF D:0240 DB:7E P:nvmxdIZC V:204 H:327
C027A2 $D0 $08         BNE $C027AC                     A:0000 X:0006 Y:0006 S:04EF D:0240 DB:7E P:nvmxdIZC V:204 H:331
C027A4 $AF $DE $7F $7E LDA $7E7FDE                     A:0000 X:0006 Y:0006 S:04EF D:0240 DB:7E P:nvmxdIZC V:204 H:334
C027A8 $F0 $A8         BEQ $C02752                     A:0001 X:0006 Y:0006 S:04EF D:0240 DB:7E P:nvmxdIzC V:205 H:4  
C027AA $80 $E9         BRA $C02795                     A:0001 X:0006 Y:0006 S:04EF D:0240 DB:7E P:nvmxdIzC V:205 H:7  
C02795 $AF $FE $FF $C1 LDA $C1FFFE                     A:0001 X:0006 Y:0006 S:04EF D:0240 DB:7E P:nvmxdIzC V:205 H:12 
C02799 $10 $09         BPL $C027A4                     A:FFFF X:0006 Y:0006 S:04EF D:0240 DB:7E P:NvmxdIzC V:205 H:21 
C0279B $AF $F8 $7F $7E LDA $7E7FF8                     A:FFFF X:0006 Y:0006 S:04EF D:0240 DB:7E P:NvmxdIzC V:205 H:24 
C0279F $29 $00 $10     AND #$1000                      A:0000 X:0006 Y:0006 S:04EF D:0240 DB:7E P:nvmxdIZC V:205 H:34 
C027A2 $D0 $08         BNE $C027AC                     A:0000 X:0006 Y:0006 S:04EF D:0240 DB:7E P:nvmxdIZC V:205 H:38 
C027A4 $AF $DE $7F $7E LDA $7E7FDE                     A:0000 X:0006 Y:0006 S:04EF D:0240 DB:7E P:nvmxdIZC V:205 H:41 
C027A8 $F0 $A8         BEQ $C02752                     A:0001 X:0006 Y:0006 S:04EF D:0240 DB:7E P:nvmxdIzC V:205 H:51 
C027AA $80 $E9         BRA $C02795                     A:0001 X:0006 Y:0006 S:04EF D:0240 DB:7E P:nvmxdIzC V:205 H:54 
C02795 $AF $FE $FF $C1 LDA $C1FFFE                     A:0001 X:0006 Y:0006 S:04EF D:0240 DB:7E P:nvmxdIzC V:205 H:59 
C02799 $10 $09         BPL $C027A4                     A:FFFF X:0006 Y:0006 S:04EF D:0240 DB:7E P:NvmxdIzC V:205 H:68 
C0279B $AF $F8 $7F $7E LDA $7E7FF8                     A:FFFF X:0006 Y:0006 S:04EF D:0240 DB:7E P:NvmxdIzC V:205 H:71 
C0279F $29 $00 $10     AND #$1000                      A:0000 X:0006 Y:0006 S:04EF D:0240 DB:7E P:nvmxdIZC V:205 H:81 
C027A2 $D0 $08         BNE $C027AC                     A:0000 X:0006 Y:0006 S:04EF D:0240 DB:7E P:nvmxdIZC V:205 H:85 
C027A4 $AF $DE $7F $7E LDA $7E7FDE                     A:0000 X:0006 Y:0006 S:04EF D:0240 DB:7E P:nvmxdIZC V:205 H:88 
C027A8 $F0 $A8         BEQ $C02752                     A:0001 X:0006 Y:0006 S:04EF D:0240 DB:7E P:nvmxdIzC V:205 H:98 
C027AA $80 $E9         BRA $C02795                     A:0001 X:0006 Y:0006 S:04EF D:0240 DB:7E P:nvmxdIzC V:205 H:101
C02795 $AF $FE $FF $C1 LDA $C1FFFE                     A:0001 X:0006 Y:0006 S:04EF D:0240 DB:7E P:nvmxdIzC V:205 H:106
C02799 $10 $09         BPL $C027A4                     A:FFFF X:0006 Y:0006 S:04EF D:0240 DB:7E P:NvmxdIzC V:205 H:115
C0279B $AF $F8 $7F $7E LDA $7E7FF8                     A:FFFF X:0006 Y:0006 S:04EF D:0240 DB:7E P:NvmxdIzC V:205 H:118
C0279F $29 $00 $10     AND #$1000                      A:0000 X:0006 Y:0006 S:04EF D:0240 DB:7E P:nvmxdIZC V:205 H:128
C027A2 $D0 $08         BNE $C027AC                     A:0000 X:0006 Y:0006 S:04EF D:0240 DB:7E P:nvmxdIZC V:205 H:132
C027A4 $AF $DE $7F $7E LDA $7E7FDE                     A:0000 X:0006 Y:0006 S:04EF D:0240 DB:7E P:nvmxdIZC V:205 H:145
C027A8 $F0 $A8         BEQ $C02752                     A:0001 X:0006 Y:0006 S:04EF D:0240 DB:7E P:nvmxdIzC V:205 H:155
C027AA $80 $E9         BRA $C02795                     A:0001 X:0006 Y:0006 S:04EF D:0240 DB:7E P:nvmxdIzC V:205 H:158
C02795 $AF $FE $FF $C1 LDA $C1FFFE                     A:0001 X:0006 Y:0006 S:04EF D:0240 DB:7E P:nvmxdIzC V:205 H:163
C02799 $10 $09         BPL $C027A4                     A:FFFF X:0006 Y:0006 S:04EF D:0240 DB:7E P:NvmxdIzC V:205 H:172
C0279B $AF $F8 $7F $7E LDA $7E7FF8                     A:FFFF X:0006 Y:0006 S:04EF D:0240 DB:7E P:NvmxdIzC V:205 H:175
C0279F $29 $00 $10     AND #$1000                      A:0000 X:0006 Y:0006 S:04EF D:0240 DB:7E P:nvmxdIZC V:205 H:185
C027A2 $D0 $08         BNE $C027AC                     A:0000 X:0006 Y:0006 S:04EF D:0240 DB:7E P:nvmxdIZC V:205 H:189
C027A4 $AF $DE $7F $7E LDA $7E7FDE                     A:0000 X:0006 Y:0006 S:04EF D:0240 DB:7E P:nvmxdIZC V:205 H:192
C027A8 $F0 $A8         BEQ $C02752                     A:0001 X:0006 Y:0006 S:04EF D:0240 DB:7E P:nvmxdIzC V:205 H:202
C027AA $80 $E9         BRA $C02795                     A:0001 X:0006 Y:0006 S:04EF D:0240 DB:7E P:nvmxdIzC V:205 H:205
C02795 $AF $FE $FF $C1 LDA $C1FFFE                     A:0001 X:0006 Y:0006 S:04EF D:0240 DB:7E P:nvmxdIzC V:205 H:210
C02799 $10 $09         BPL $C027A4                     A:FFFF X:0006 Y:0006 S:04EF D:0240 DB:7E P:NvmxdIzC V:205 H:219
C0279B $AF $F8 $7F $7E LDA $7E7FF8                     A:FFFF X:0006 Y:0006 S:04EF D:0240 DB:7E P:NvmxdIzC V:205 H:222
C0279F $29 $00 $10     AND #$1000                      A:0000 X:0006 Y:0006 S:04EF D:0240 DB:7E P:nvmxdIZC V:205 H:232
C027A2 $D0 $08         BNE $C027AC                     A:0000 X:0006 Y:0006 S:04EF D:0240 DB:7E P:nvmxdIZC V:205 H:236
C027A4 $AF $DE $7F $7E LDA $7E7FDE                     A:0000 X:0006 Y:0006 S:04EF D:0240 DB:7E P:nvmxdIZC V:205 H:239
C027A8 $F0 $A8         BEQ $C02752                     A:0001 X:0006 Y:0006 S:04EF D:0240 DB:7E P:nvmxdIzC V:205 H:249
C027AA $80 $E9         BRA $C02795                     A:0001 X:0006 Y:0006 S:04EF D:0240 DB:7E P:nvmxdIzC V:205 H:252
C02795 $AF $FE $FF $C1 LDA $C1FFFE                     A:0001 X:0006 Y:0006 S:04EF D:0240 DB:7E P:nvmxdIzC V:205 H:257
C02799 $10 $09         BPL $C027A4                     A:FFFF X:0006 Y:0006 S:04EF D:0240 DB:7E P:NvmxdIzC V:205 H:266
C0279B $AF $F8 $7F $7E LDA $7E7FF8                     A:FFFF X:0006 Y:0006 S:04EF D:0240 DB:7E P:NvmxdIzC V:205 H:269
C0279F $29 $00 $10     AND #$1000                      A:0000 X:0006 Y:0006 S:04EF D:0240 DB:7E P:nvmxdIZC V:205 H:295
C027A2 $D0 $08         BNE $C027AC                     A:0000 X:0006 Y:0006 S:04EF D:0240 DB:7E P:nvmxdIZC V:205 H:299
C027A4 $AF $DE $7F $7E LDA $7E7FDE                     A:0000 X:0006 Y:0006 S:04EF D:0240 DB:7E P:nvmxdIZC V:205 H:302
C027A8 $F0 $A8         BEQ $C02752                     A:0001 X:0006 Y:0006 S:04EF D:0240 DB:7E P:nvmxdIzC V:205 H:312
C027AA $80 $E9         BRA $C02795                     A:0001 X:0006 Y:0006 S:04EF D:0240 DB:7E P:nvmxdIzC V:205 H:315
C02795 $AF $FE $FF $C1 LDA $C1FFFE                     A:0001 X:0006 Y:0006 S:04EF D:0240 DB:7E P:nvmxdIzC V:205 H:320
C02799 $10 $09         BPL $C027A4                     A:FFFF X:0006 Y:0006 S:04EF D:0240 DB:7E P:NvmxdIzC V:205 H:328
C0279B $AF $F8 $7F $7E LDA $7E7FF8                     A:FFFF X:0006 Y:0006 S:04EF D:0240 DB:7E P:NvmxdIzC V:205 H:331
C0279F $29 $00 $10     AND #$1000                      A:0000 X:0006 Y:0006 S:04EF D:0240 DB:7E P:nvmxdIZC V:206 H:1  
C027A2 $D0 $08         BNE $C027AC                     A:0000 X:0006 Y:0006 S:04EF D:0240 DB:7E P:nvmxdIZC V:206 H:5  
C027A4 $AF $DE $7F $7E LDA $7E7FDE                     A:0000 X:0006 Y:0006 S:04EF D:0240 DB:7E P:nvmxdIZC V:206 H:8  
C027A8 $F0 $A8         BEQ $C02752                     A:0001 X:0006 Y:0006 S:04EF D:0240 DB:7E P:nvmxdIzC V:206 H:18 
C027AA $80 $E9         BRA $C02795                     A:0001 X:0006 Y:0006 S:04EF D:0240 DB:7E P:nvmxdIzC V:206 H:21 
C02795 $AF $FE $FF $C1 LDA $C1FFFE                     A:0001 X:0006 Y:0006 S:04EF D:0240 DB:7E P:nvmxdIzC V:206 H:26 
C02799 $10 $09         BPL $C027A4                     A:FFFF X:0006 Y:0006 S:04EF D:0240 DB:7E P:NvmxdIzC V:206 H:35 
C0279B $AF $F8 $7F $7E LDA $7E7FF8                     A:FFFF X:0006 Y:0006 S:04EF D:0240 DB:7E P:NvmxdIzC V:206 H:38 
C0279F $29 $00 $10     AND #$1000                      A:0000 X:0006 Y:0006 S:04EF D:0240 DB:7E P:nvmxdIZC V:206 H:48 
C027A2 $D0 $08         BNE $C027AC                     A:0000 X:0006 Y:0006 S:04EF D:0240 DB:7E P:nvmxdIZC V:206 H:52 
C027A4 $AF $DE $7F $7E LDA $7E7FDE                     A:0000 X:0006 Y:0006 S:04EF D:0240 DB:7E P:nvmxdIZC V:206 H:55 
C027A8 $F0 $A8         BEQ $C02752                     A:0001 X:0006 Y:0006 S:04EF D:0240 DB:7E P:nvmxdIzC V:206 H:65 
C027AA $80 $E9         BRA $C02795                     A:0001 X:0006 Y:0006 S:04EF D:0240 DB:7E P:nvmxdIzC V:206 H:68 
C02795 $AF $FE $FF $C1 LDA $C1FFFE                     A:0001 X:0006 Y:0006 S:04EF D:0240 DB:7E P:nvmxdIzC V:206 H:73 
C02799 $10 $09         BPL $C027A4                     A:FFFF X:0006 Y:0006 S:04EF D:0240 DB:7E P:NvmxdIzC V:206 H:82 
C0279B $AF $F8 $7F $7E LDA $7E7FF8                     A:FFFF X:0006 Y:0006 S:04EF D:0240 DB:7E P:NvmxdIzC V:206 H:85 
C0279F $29 $00 $10     AND #$1000                      A:0000 X:0006 Y:0006 S:04EF D:0240 DB:7E P:nvmxdIZC V:206 H:95 
C027A2 $D0 $08         BNE $C027AC                     A:0000 X:0006 Y:0006 S:04EF D:0240 DB:7E P:nvmxdIZC V:206 H:99 
C027A4 $AF $DE $7F $7E LDA $7E7FDE                     A:0000 X:0006 Y:0006 S:04EF D:0240 DB:7E P:nvmxdIZC V:206 H:102
C027A8 $F0 $A8         BEQ $C02752                     A:0001 X:0006 Y:0006 S:04EF D:0240 DB:7E P:nvmxdIzC V:206 H:112
C027AA $80 $E9         BRA $C02795                     A:0001 X:0006 Y:0006 S:04EF D:0240 DB:7E P:nvmxdIzC V:206 H:115
C02795 $AF $FE $FF $C1 LDA $C1FFFE                     A:0001 X:0006 Y:0006 S:04EF D:0240 DB:7E P:nvmxdIzC V:206 H:120
C02799 $10 $09         BPL $C027A4                     A:FFFF X:0006 Y:0006 S:04EF D:0240 DB:7E P:NvmxdIzC V:206 H:129
C0279B $AF $F8 $7F $7E LDA $7E7FF8                     A:FFFF X:0006 Y:0006 S:04EF D:0240 DB:7E P:NvmxdIzC V:206 H:132
C0279F $29 $00 $10     AND #$1000                      A:0000 X:0006 Y:0006 S:04EF D:0240 DB:7E P:nvmxdIZC V:206 H:152
C027A2 $D0 $08         BNE $C027AC                     A:0000 X:0006 Y:0006 S:04EF D:0240 DB:7E P:nvmxdIZC V:206 H:156
C027A4 $AF $DE $7F $7E LDA $7E7FDE                     A:0000 X:0006 Y:0006 S:04EF D:0240 DB:7E P:nvmxdIZC V:206 H:159
C027A8 $F0 $A8         BEQ $C02752                     A:0001 X:0006 Y:0006 S:04EF D:0240 DB:7E P:nvmxdIzC V:206 H:169
C027AA $80 $E9         BRA $C02795                     A:0001 X:0006 Y:0006 S:04EF D:0240 DB:7E P:nvmxdIzC V:206 H:172
C02795 $AF $FE $FF $C1 LDA $C1FFFE                     A:0001 X:0006 Y:0006 S:04EF D:0240 DB:7E P:nvmxdIzC V:206 H:177
C02799 $10 $09         BPL $C027A4                     A:FFFF X:0006 Y:0006 S:04EF D:0240 DB:7E P:NvmxdIzC V:206 H:186
C0279B $AF $F8 $7F $7E LDA $7E7FF8                     A:FFFF X:0006 Y:0006 S:04EF D:0240 DB:7E P:NvmxdIzC V:206 H:189
C0279F $29 $00 $10     AND #$1000                      A:0000 X:0006 Y:0006 S:04EF D:0240 DB:7E P:nvmxdIZC V:206 H:199
C027A2 $D0 $08         BNE $C027AC                     A:0000 X:0006 Y:0006 S:04EF D:0240 DB:7E P:nvmxdIZC V:206 H:203
C027A4 $AF $DE $7F $7E LDA $7E7FDE                     A:0000 X:0006 Y:0006 S:04EF D:0240 DB:7E P:nvmxdIZC V:206 H:206
C027A8 $F0 $A8         BEQ $C02752                     A:0001 X:0006 Y:0006 S:04EF D:0240 DB:7E P:nvmxdIzC V:206 H:216
C027AA $80 $E9         BRA $C02795                     A:0001 X:0006 Y:0006 S:04EF D:0240 DB:7E P:nvmxdIzC V:206 H:219
C02795 $AF $FE $FF $C1 LDA $C1FFFE                     A:0001 X:0006 Y:0006 S:04EF D:0240 DB:7E P:nvmxdIzC V:206 H:224
C02799 $10 $09         BPL $C027A4                     A:FFFF X:0006 Y:0006 S:04EF D:0240 DB:7E P:NvmxdIzC V:206 H:233
C0279B $AF $F8 $7F $7E LDA $7E7FF8                     A:FFFF X:0006 Y:0006 S:04EF D:0240 DB:7E P:NvmxdIzC V:206 H:236
C0279F $29 $00 $10     AND #$1000                      A:0000 X:0006 Y:0006 S:04EF D:0240 DB:7E P:nvmxdIZC V:206 H:246
C027A2 $D0 $08         BNE $C027AC                     A:0000 X:0006 Y:0006 S:04EF D:0240 DB:7E P:nvmxdIZC V:206 H:250
C027A4 $AF $DE $7F $7E LDA $7E7FDE                     A:0000 X:0006 Y:0006 S:04EF D:0240 DB:7E P:nvmxdIZC V:206 H:253
C027A8 $F0 $A8         BEQ $C02752                     A:0001 X:0006 Y:0006 S:04EF D:0240 DB:7E P:nvmxdIzC V:206 H:263
C027AA $80 $E9         BRA $C02795                     A:0001 X:0006 Y:0006 S:04EF D:0240 DB:7E P:nvmxdIzC V:206 H:266
C02795 $AF $FE $FF $C1 LDA $C1FFFE                     A:0001 X:0006 Y:0006 S:04EF D:0240 DB:7E P:nvmxdIzC V:206 H:271
C02799 $10 $09         BPL $C027A4                     A:FFFF X:0006 Y:0006 S:04EF D:0240 DB:7E P:NvmxdIzC V:206 H:295
C0279B $AF $F8 $7F $7E LDA $7E7FF8                     A:FFFF X:0006 Y:0006 S:04EF D:0240 DB:7E P:NvmxdIzC V:206 H:298
C0279F $29 $00 $10     AND #$1000                      A:0000 X:0006 Y:0006 S:04EF D:0240 DB:7E P:nvmxdIZC V:206 H:308
C027A2 $D0 $08         BNE $C027AC                     A:0000 X:0006 Y:0006 S:04EF D:0240 DB:7E P:nvmxdIZC V:206 H:312
C027A4 $AF $DE $7F $7E LDA $7E7FDE                     A:0000 X:0006 Y:0006 S:04EF D:0240 DB:7E P:nvmxdIZC V:206 H:315
C027A8 $F0 $A8         BEQ $C02752                     A:0001 X:0006 Y:0006 S:04EF D:0240 DB:7E P:nvmxdIzC V:206 H:325
C027AA $80 $E9         BRA $C02795                     A:0001 X:0006 Y:0006 S:04EF D:0240 DB:7E P:nvmxdIzC V:206 H:327
C02795 $AF $FE $FF $C1 LDA $C1FFFE                     A:0001 X:0006 Y:0006 S:04EF D:0240 DB:7E P:nvmxdIzC V:206 H:332
C02799 $10 $09         BPL $C027A4                     A:FFFF X:0006 Y:0006 S:04EF D:0240 DB:7E P:NvmxdIzC V:207 H:1  
C0279B $AF $F8 $7F $7E LDA $7E7FF8                     A:FFFF X:0006 Y:0006 S:04EF D:0240 DB:7E P:NvmxdIzC V:207 H:4  
C0279F $29 $00 $10     AND #$1000                      A:0000 X:0006 Y:0006 S:04EF D:0240 DB:7E P:nvmxdIZC V:207 H:14 
C027A2 $D0 $08         BNE $C027AC                     A:0000 X:0006 Y:0006 S:04EF D:0240 DB:7E P:nvmxdIZC V:207 H:18 
C027A4 $AF $DE $7F $7E LDA $7E7FDE                     A:0000 X:0006 Y:0006 S:04EF D:0240 DB:7E P:nvmxdIZC V:207 H:21 
C027A8 $F0 $A8         BEQ $C02752                     A:0001 X:0006 Y:0006 S:04EF D:0240 DB:7E P:nvmxdIzC V:207 H:31 
C027AA $80 $E9         BRA $C02795                     A:0001 X:0006 Y:0006 S:04EF D:0240 DB:7E P:nvmxdIzC V:207 H:34 
C02795 $AF $FE $FF $C1 LDA $C1FFFE                     A:0001 X:0006 Y:0006 S:04EF D:0240 DB:7E P:nvmxdIzC V:207 H:39 
C02799 $10 $09         BPL $C027A4                     A:FFFF X:0006 Y:0006 S:04EF D:0240 DB:7E P:NvmxdIzC V:207 H:48 
C0279B $AF $F8 $7F $7E LDA $7E7FF8                     A:FFFF X:0006 Y:0006 S:04EF D:0240 DB:7E P:NvmxdIzC V:207 H:51 
C0279F $29 $00 $10     AND #$1000                      A:0000 X:0006 Y:0006 S:04EF D:0240 DB:7E P:nvmxdIZC V:207 H:61 
C027A2 $D0 $08         BNE $C027AC                     A:0000 X:0006 Y:0006 S:04EF D:0240 DB:7E P:nvmxdIZC V:207 H:65 
C027A4 $AF $DE $7F $7E LDA $7E7FDE                     A:0000 X:0006 Y:0006 S:04EF D:0240 DB:7E P:nvmxdIZC V:207 H:68 
C027A8 $F0 $A8         BEQ $C02752                     A:0001 X:0006 Y:0006 S:04EF D:0240 DB:7E P:nvmxdIzC V:207 H:78 
C027AA $80 $E9         BRA $C02795                     A:0001 X:0006 Y:0006 S:04EF D:0240 DB:7E P:nvmxdIzC V:207 H:81 
C02795 $AF $FE $FF $C1 LDA $C1FFFE                     A:0001 X:0006 Y:0006 S:04EF D:0240 DB:7E P:nvmxdIzC V:207 H:86 
C02799 $10 $09         BPL $C027A4                     A:FFFF X:0006 Y:0006 S:04EF D:0240 DB:7E P:NvmxdIzC V:207 H:95 
C0279B $AF $F8 $7F $7E LDA $7E7FF8                     A:FFFF X:0006 Y:0006 S:04EF D:0240 DB:7E P:NvmxdIzC V:207 H:98 
C0279F $29 $00 $10     AND #$1000                      A:0000 X:0006 Y:0006 S:04EF D:0240 DB:7E P:nvmxdIZC V:207 H:108
C027A2 $D0 $08         BNE $C027AC                     A:0000 X:0006 Y:0006 S:04EF D:0240 DB:7E P:nvmxdIZC V:207 H:112
C027A4 $AF $DE $7F $7E LDA $7E7FDE                     A:0000 X:0006 Y:0006 S:04EF D:0240 DB:7E P:nvmxdIZC V:207 H:115
C027A8 $F0 $A8         BEQ $C02752                     A:0001 X:0006 Y:0006 S:04EF D:0240 DB:7E P:nvmxdIzC V:207 H:125
C027AA $80 $E9         BRA $C02795                     A:0001 X:0006 Y:0006 S:04EF D:0240 DB:7E P:nvmxdIzC V:207 H:128
C02795 $AF $FE $FF $C1 LDA $C1FFFE                     A:0001 X:0006 Y:0006 S:04EF D:0240 DB:7E P:nvmxdIzC V:207 H:133
C02799 $10 $09         BPL $C027A4                     A:FFFF X:0006 Y:0006 S:04EF D:0240 DB:7E P:NvmxdIzC V:207 H:152
C0279B $AF $F8 $7F $7E LDA $7E7FF8                     A:FFFF X:0006 Y:0006 S:04EF D:0240 DB:7E P:NvmxdIzC V:207 H:155
C0279F $29 $00 $10     AND #$1000                      A:0000 X:0006 Y:0006 S:04EF D:0240 DB:7E P:nvmxdIZC V:207 H:165
C027A2 $D0 $08         BNE $C027AC                     A:0000 X:0006 Y:0006 S:04EF D:0240 DB:7E P:nvmxdIZC V:207 H:169
C027A4 $AF $DE $7F $7E LDA $7E7FDE                     A:0000 X:0006 Y:0006 S:04EF D:0240 DB:7E P:nvmxdIZC V:207 H:172
C027A8 $F0 $A8         BEQ $C02752                     A:0001 X:0006 Y:0006 S:04EF D:0240 DB:7E P:nvmxdIzC V:207 H:182
C027AA $80 $E9         BRA $C02795                     A:0001 X:0006 Y:0006 S:04EF D:0240 DB:7E P:nvmxdIzC V:207 H:185
C02795 $AF $FE $FF $C1 LDA $C1FFFE                     A:0001 X:0006 Y:0006 S:04EF D:0240 DB:7E P:nvmxdIzC V:207 H:190
C02799 $10 $09         BPL $C027A4                     A:FFFF X:0006 Y:0006 S:04EF D:0240 DB:7E P:NvmxdIzC V:207 H:199
C0279B $AF $F8 $7F $7E LDA $7E7FF8                     A:FFFF X:0006 Y:0006 S:04EF D:0240 DB:7E P:NvmxdIzC V:207 H:202
C0279F $29 $00 $10     AND #$1000                      A:0000 X:0006 Y:0006 S:04EF D:0240 DB:7E P:nvmxdIZC V:207 H:212
C027A2 $D0 $08         BNE $C027AC                     A:0000 X:0006 Y:0006 S:04EF D:0240 DB:7E P:nvmxdIZC V:207 H:216
C027A4 $AF $DE $7F $7E LDA $7E7FDE                     A:0000 X:0006 Y:0006 S:04EF D:0240 DB:7E P:nvmxdIZC V:207 H:219
C027A8 $F0 $A8         BEQ $C02752                     A:0001 X:0006 Y:0006 S:04EF D:0240 DB:7E P:nvmxdIzC V:207 H:229
C027AA $80 $E9         BRA $C02795                     A:0001 X:0006 Y:0006 S:04EF D:0240 DB:7E P:nvmxdIzC V:207 H:232
C02795 $AF $FE $FF $C1 LDA $C1FFFE                     A:0001 X:0006 Y:0006 S:04EF D:0240 DB:7E P:nvmxdIzC V:207 H:237
C02799 $10 $09         BPL $C027A4                     A:FFFF X:0006 Y:0006 S:04EF D:0240 DB:7E P:NvmxdIzC V:207 H:246
C0279B $AF $F8 $7F $7E LDA $7E7FF8                     A:FFFF X:0006 Y:0006 S:04EF D:0240 DB:7E P:NvmxdIzC V:207 H:249
C0279F $29 $00 $10     AND #$1000                      A:0000 X:0006 Y:0006 S:04EF D:0240 DB:7E P:nvmxdIZC V:207 H:259
C027A2 $D0 $08         BNE $C027AC                     A:0000 X:0006 Y:0006 S:04EF D:0240 DB:7E P:nvmxdIZC V:207 H:263
C027A4 $AF $DE $7F $7E LDA $7E7FDE                     A:0000 X:0006 Y:0006 S:04EF D:0240 DB:7E P:nvmxdIZC V:207 H:266
C027A8 $F0 $A8         BEQ $C02752                     A:0001 X:0006 Y:0006 S:04EF D:0240 DB:7E P:nvmxdIzC V:207 H:317
C027AA $80 $E9         BRA $C02795                     A:0001 X:0006 Y:0006 S:04EF D:0240 DB:7E P:nvmxdIzC V:207 H:320
C02795 $AF $FE $FF $C1 LDA $C1FFFE                     A:0001 X:0006 Y:0006 S:04EF D:0240 DB:7E P:nvmxdIzC V:207 H:324
C02799 $10 $09         BPL $C027A4                     A:FFFF X:0006 Y:0006 S:04EF D:0240 DB:7E P:NvmxdIzC V:207 H:332
C0279B $AF $F8 $7F $7E LDA $7E7FF8                     A:FFFF X:0006 Y:0006 S:04EF D:0240 DB:7E P:NvmxdIzC V:207 H:335
C0279F $29 $00 $10     AND #$1000                      A:0000 X:0006 Y:0006 S:04EF D:0240 DB:7E P:nvmxdIZC V:208 H:5  
C027A2 $D0 $08         BNE $C027AC                     A:0000 X:0006 Y:0006 S:04EF D:0240 DB:7E P:nvmxdIZC V:208 H:10 
C027A4 $AF $DE $7F $7E LDA $7E7FDE                     A:0000 X:0006 Y:0006 S:04EF D:0240 DB:7E P:nvmxdIZC V:208 H:13 
C027A8 $F0 $A8         BEQ $C02752                     A:0001 X:0006 Y:0006 S:04EF D:0240 DB:7E P:nvmxdIzC V:208 H:23 
C027AA $80 $E9         BRA $C02795                     A:0001 X:0006 Y:0006 S:04EF D:0240 DB:7E P:nvmxdIzC V:208 H:26 
C02795 $AF $FE $FF $C1 LDA $C1FFFE                     A:0001 X:0006 Y:0006 S:04EF D:0240 DB:7E P:nvmxdIzC V:208 H:30 
C02799 $10 $09         BPL $C027A4                     A:FFFF X:0006 Y:0006 S:04EF D:0240 DB:7E P:NvmxdIzC V:208 H:39 
C0279B $AF $F8 $7F $7E LDA $7E7FF8                     A:FFFF X:0006 Y:0006 S:04EF D:0240 DB:7E P:NvmxdIzC V:208 H:42 
C0279F $29 $00 $10     AND #$1000                      A:0000 X:0006 Y:0006 S:04EF D:0240 DB:7E P:nvmxdIZC V:208 H:52 
C027A2 $D0 $08         BNE $C027AC                     A:0000 X:0006 Y:0006 S:04EF D:0240 DB:7E P:nvmxdIZC V:208 H:57 
C027A4 $AF $DE $7F $7E LDA $7E7FDE                     A:0000 X:0006 Y:0006 S:04EF D:0240 DB:7E P:nvmxdIZC V:208 H:60 
C027A8 $F0 $A8         BEQ $C02752                     A:0001 X:0006 Y:0006 S:04EF D:0240 DB:7E P:nvmxdIzC V:208 H:70 
C027AA $80 $E9         BRA $C02795                     A:0001 X:0006 Y:0006 S:04EF D:0240 DB:7E P:nvmxdIzC V:208 H:73 
C02795 $AF $FE $FF $C1 LDA $C1FFFE                     A:0001 X:0006 Y:0006 S:04EF D:0240 DB:7E P:nvmxdIzC V:208 H:77 
C02799 $10 $09         BPL $C027A4                     A:FFFF X:0006 Y:0006 S:04EF D:0240 DB:7E P:NvmxdIzC V:208 H:86 
C0279B $AF $F8 $7F $7E LDA $7E7FF8                     A:FFFF X:0006 Y:0006 S:04EF D:0240 DB:7E P:NvmxdIzC V:208 H:89 
C0279F $29 $00 $10     AND #$1000                      A:0000 X:0006 Y:0006 S:04EF D:0240 DB:7E P:nvmxdIZC V:208 H:99 
C027A2 $D0 $08         BNE $C027AC                     A:0000 X:0006 Y:0006 S:04EF D:0240 DB:7E P:nvmxdIZC V:208 H:104
C027A4 $AF $DE $7F $7E LDA $7E7FDE                     A:0000 X:0006 Y:0006 S:04EF D:0240 DB:7E P:nvmxdIZC V:208 H:107
C027A8 $F0 $A8         BEQ $C02752                     A:0001 X:0006 Y:0006 S:04EF D:0240 DB:7E P:nvmxdIzC V:208 H:117
C027AA $80 $E9         BRA $C02795                     A:0001 X:0006 Y:0006 S:04EF D:0240 DB:7E P:nvmxdIzC V:208 H:120
C02795 $AF $FE $FF $C1 LDA $C1FFFE                     A:0001 X:0006 Y:0006 S:04EF D:0240 DB:7E P:nvmxdIzC V:208 H:124
C02799 $10 $09         BPL $C027A4                     A:FFFF X:0006 Y:0006 S:04EF D:0240 DB:7E P:NvmxdIzC V:208 H:143
C0279B $AF $F8 $7F $7E LDA $7E7FF8                     A:FFFF X:0006 Y:0006 S:04EF D:0240 DB:7E P:NvmxdIzC V:208 H:146
C0279F $29 $00 $10     AND #$1000                      A:0000 X:0006 Y:0006 S:04EF D:0240 DB:7E P:nvmxdIZC V:208 H:156
C027A2 $D0 $08         BNE $C027AC                     A:0000 X:0006 Y:0006 S:04EF D:0240 DB:7E P:nvmxdIZC V:208 H:161
C027A4 $AF $DE $7F $7E LDA $7E7FDE                     A:0000 X:0006 Y:0006 S:04EF D:0240 DB:7E P:nvmxdIZC V:208 H:164
C027A8 $F0 $A8         BEQ $C02752                     A:0001 X:0006 Y:0006 S:04EF D:0240 DB:7E P:nvmxdIzC V:208 H:174
C027AA $80 $E9         BRA $C02795                     A:0001 X:0006 Y:0006 S:04EF D:0240 DB:7E P:nvmxdIzC V:208 H:177
C02795 $AF $FE $FF $C1 LDA $C1FFFE                     A:0001 X:0006 Y:0006 S:04EF D:0240 DB:7E P:nvmxdIzC V:208 H:181
C02799 $10 $09         BPL $C027A4                     A:FFFF X:0006 Y:0006 S:04EF D:0240 DB:7E P:NvmxdIzC V:208 H:190
C0279B $AF $F8 $7F $7E LDA $7E7FF8                     A:FFFF X:0006 Y:0006 S:04EF D:0240 DB:7E P:NvmxdIzC V:208 H:193
C0279F $29 $00 $10     AND #$1000                      A:0000 X:0006 Y:0006 S:04EF D:0240 DB:7E P:nvmxdIZC V:208 H:203
C027A2 $D0 $08         BNE $C027AC                     A:0000 X:0006 Y:0006 S:04EF D:0240 DB:7E P:nvmxdIZC V:208 H:208
C027A4 $AF $DE $7F $7E LDA $7E7FDE                     A:0000 X:0006 Y:0006 S:04EF D:0240 DB:7E P:nvmxdIZC V:208 H:211
C027A8 $F0 $A8         BEQ $C02752                     A:0001 X:0006 Y:0006 S:04EF D:0240 DB:7E P:nvmxdIzC V:208 H:221
C027AA $80 $E9         BRA $C02795                     A:0001 X:0006 Y:0006 S:04EF D:0240 DB:7E P:nvmxdIzC V:208 H:224
C02795 $AF $FE $FF $C1 LDA $C1FFFE                     A:0001 X:0006 Y:0006 S:04EF D:0240 DB:7E P:nvmxdIzC V:208 H:228
C02799 $10 $09         BPL $C027A4                     A:FFFF X:0006 Y:0006 S:04EF D:0240 DB:7E P:NvmxdIzC V:208 H:237
C0279B $AF $F8 $7F $7E LDA $7E7FF8                     A:FFFF X:0006 Y:0006 S:04EF D:0240 DB:7E P:NvmxdIzC V:208 H:240
C0279F $29 $00 $10     AND #$1000                      A:0000 X:0006 Y:0006 S:04EF D:0240 DB:7E P:nvmxdIZC V:208 H:250
C027A2 $D0 $08         BNE $C027AC                     A:0000 X:0006 Y:0006 S:04EF D:0240 DB:7E P:nvmxdIZC V:208 H:255
C027A4 $AF $DE $7F $7E LDA $7E7FDE                     A:0000 X:0006 Y:0006 S:04EF D:0240 DB:7E P:nvmxdIZC V:208 H:258
C027A8 $F0 $A8         BEQ $C02752                     A:0001 X:0006 Y:0006 S:04EF D:0240 DB:7E P:nvmxdIzC V:208 H:268
C027AA $80 $E9         BRA $C02795                     A:0001 X:0006 Y:0006 S:04EF D:0240 DB:7E P:nvmxdIzC V:208 H:271
C02795 $AF $FE $FF $C1 LDA $C1FFFE                     A:0001 X:0006 Y:0006 S:04EF D:0240 DB:7E P:nvmxdIzC V:208 H:275
C02799 $10 $09         BPL $C027A4                     A:FFFF X:0006 Y:0006 S:04EF D:0240 DB:7E P:NvmxdIzC V:208 H:326
C0279B $AF $F8 $7F $7E LDA $7E7FF8                     A:FFFF X:0006 Y:0006 S:04EF D:0240 DB:7E P:NvmxdIzC V:208 H:328
C0279F $29 $00 $10     AND #$1000                      A:0000 X:0006 Y:0006 S:04EF D:0240 DB:7E P:nvmxdIZC V:208 H:338
C027A2 $D0 $08         BNE $C027AC                     A:0000 X:0006 Y:0006 S:04EF D:0240 DB:7E P:nvmxdIZC V:209 H:3  
C027A4 $AF $DE $7F $7E LDA $7E7FDE                     A:0000 X:0006 Y:0006 S:04EF D:0240 DB:7E P:nvmxdIZC V:209 H:6  
C027A8 $F0 $A8         BEQ $C02752                     A:0001 X:0006 Y:0006 S:04EF D:0240 DB:7E P:nvmxdIzC V:209 H:16 
C027AA $80 $E9         BRA $C02795                     A:0001 X:0006 Y:0006 S:04EF D:0240 DB:7E P:nvmxdIzC V:209 H:19 
C02795 $AF $FE $FF $C1 LDA $C1FFFE                     A:0001 X:0006 Y:0006 S:04EF D:0240 DB:7E P:nvmxdIzC V:209 H:23 
C02799 $10 $09         BPL $C027A4                     A:FFFF X:0006 Y:0006 S:04EF D:0240 DB:7E P:NvmxdIzC V:209 H:32 
C0279B $AF $F8 $7F $7E LDA $7E7FF8                     A:FFFF X:0006 Y:0006 S:04EF D:0240 DB:7E P:NvmxdIzC V:209 H:35 
C0279F $29 $00 $10     AND #$1000                      A:0000 X:0006 Y:0006 S:04EF D:0240 DB:7E P:nvmxdIZC V:209 H:45 
C027A2 $D0 $08         BNE $C027AC                     A:0000 X:0006 Y:0006 S:04EF D:0240 DB:7E P:nvmxdIZC V:209 H:50 
C027A4 $AF $DE $7F $7E LDA $7E7FDE                     A:0000 X:0006 Y:0006 S:04EF D:0240 DB:7E P:nvmxdIZC V:209 H:53 
C027A8 $F0 $A8         BEQ $C02752                     A:0001 X:0006 Y:0006 S:04EF D:0240 DB:7E P:nvmxdIzC V:209 H:63 
C027AA $80 $E9         BRA $C02795                     A:0001 X:0006 Y:0006 S:04EF D:0240 DB:7E P:nvmxdIzC V:209 H:66 
C02795 $AF $FE $FF $C1 LDA $C1FFFE                     A:0001 X:0006 Y:0006 S:04EF D:0240 DB:7E P:nvmxdIzC V:209 H:70 
C02799 $10 $09         BPL $C027A4                     A:FFFF X:0006 Y:0006 S:04EF D:0240 DB:7E P:NvmxdIzC V:209 H:79 
C0279B $AF $F8 $7F $7E LDA $7E7FF8                     A:FFFF X:0006 Y:0006 S:04EF D:0240 DB:7E P:NvmxdIzC V:209 H:82 
C0279F $29 $00 $10     AND #$1000                      A:0000 X:0006 Y:0006 S:04EF D:0240 DB:7E P:nvmxdIZC V:209 H:92 
C027A2 $D0 $08         BNE $C027AC                     A:0000 X:0006 Y:0006 S:04EF D:0240 DB:7E P:nvmxdIZC V:209 H:97 
C027A4 $AF $DE $7F $7E LDA $7E7FDE                     A:0000 X:0006 Y:0006 S:04EF D:0240 DB:7E P:nvmxdIZC V:209 H:100
C027A8 $F0 $A8         BEQ $C02752                     A:0001 X:0006 Y:0006 S:04EF D:0240 DB:7E P:nvmxdIzC V:209 H:110
C027AA $80 $E9         BRA $C02795                     A:0001 X:0006 Y:0006 S:04EF D:0240 DB:7E P:nvmxdIzC V:209 H:113
C02795 $AF $FE $FF $C1 LDA $C1FFFE                     A:0001 X:0006 Y:0006 S:04EF D:0240 DB:7E P:nvmxdIzC V:209 H:117
C02799 $10 $09         BPL $C027A4                     A:FFFF X:0006 Y:0006 S:04EF D:0240 DB:7E P:NvmxdIzC V:209 H:126
C0279B $AF $F8 $7F $7E LDA $7E7FF8                     A:FFFF X:0006 Y:0006 S:04EF D:0240 DB:7E P:NvmxdIzC V:209 H:129
C0279F $29 $00 $10     AND #$1000                      A:0000 X:0006 Y:0006 S:04EF D:0240 DB:7E P:nvmxdIZC V:209 H:149
C027A2 $D0 $08         BNE $C027AC                     A:0000 X:0006 Y:0006 S:04EF D:0240 DB:7E P:nvmxdIZC V:209 H:154
C027A4 $AF $DE $7F $7E LDA $7E7FDE                     A:0000 X:0006 Y:0006 S:04EF D:0240 DB:7E P:nvmxdIZC V:209 H:157
C027A8 $F0 $A8         BEQ $C02752                     A:0001 X:0006 Y:0006 S:04EF D:0240 DB:7E P:nvmxdIzC V:209 H:167
C027AA $80 $E9         BRA $C02795                     A:0001 X:0006 Y:0006 S:04EF D:0240 DB:7E P:nvmxdIzC V:209 H:170
C02795 $AF $FE $FF $C1 LDA $C1FFFE                     A:0001 X:0006 Y:0006 S:04EF D:0240 DB:7E P:nvmxdIzC V:209 H:174
C02799 $10 $09         BPL $C027A4                     A:FFFF X:0006 Y:0006 S:04EF D:0240 DB:7E P:NvmxdIzC V:209 H:183
C0279B $AF $F8 $7F $7E LDA $7E7FF8                     A:FFFF X:0006 Y:0006 S:04EF D:0240 DB:7E P:NvmxdIzC V:209 H:186
C0279F $29 $00 $10     AND #$1000                      A:0000 X:0006 Y:0006 S:04EF D:0240 DB:7E P:nvmxdIZC V:209 H:196
C027A2 $D0 $08         BNE $C027AC                     A:0000 X:0006 Y:0006 S:04EF D:0240 DB:7E P:nvmxdIZC V:209 H:201
C027A4 $AF $DE $7F $7E LDA $7E7FDE                     A:0000 X:0006 Y:0006 S:04EF D:0240 DB:7E P:nvmxdIZC V:209 H:204
C027A8 $F0 $A8         BEQ $C02752                     A:0001 X:0006 Y:0006 S:04EF D:0240 DB:7E P:nvmxdIzC V:209 H:214
C027AA $80 $E9         BRA $C02795                     A:0001 X:0006 Y:0006 S:04EF D:0240 DB:7E P:nvmxdIzC V:209 H:217
C02795 $AF $FE $FF $C1 LDA $C1FFFE                     A:0001 X:0006 Y:0006 S:04EF D:0240 DB:7E P:nvmxdIzC V:209 H:221
C02799 $10 $09         BPL $C027A4                     A:FFFF X:0006 Y:0006 S:04EF D:0240 DB:7E P:NvmxdIzC V:209 H:230
C0279B $AF $F8 $7F $7E LDA $7E7FF8                     A:FFFF X:0006 Y:0006 S:04EF D:0240 DB:7E P:NvmxdIzC V:209 H:233
C0279F $29 $00 $10     AND #$1000                      A:0000 X:0006 Y:0006 S:04EF D:0240 DB:7E P:nvmxdIZC V:209 H:243
C027A2 $D0 $08         BNE $C027AC                     A:0000 X:0006 Y:0006 S:04EF D:0240 DB:7E P:nvmxdIZC V:209 H:248
C027A4 $AF $DE $7F $7E LDA $7E7FDE                     A:0000 X:0006 Y:0006 S:04EF D:0240 DB:7E P:nvmxdIZC V:209 H:251
C027A8 $F0 $A8         BEQ $C02752                     A:0001 X:0006 Y:0006 S:04EF D:0240 DB:7E P:nvmxdIzC V:209 H:261
C027AA $80 $E9         BRA $C02795                     A:0001 X:0006 Y:0006 S:04EF D:0240 DB:7E P:nvmxdIzC V:209 H:264
C02795 $AF $FE $FF $C1 LDA $C1FFFE                     A:0001 X:0006 Y:0006 S:04EF D:0240 DB:7E P:nvmxdIzC V:209 H:268
C02799 $10 $09         BPL $C027A4                     A:FFFF X:0006 Y:0006 S:04EF D:0240 DB:7E P:NvmxdIzC V:209 H:294
C0279B $AF $F8 $7F $7E LDA $7E7FF8                     A:FFFF X:0006 Y:0006 S:04EF D:0240 DB:7E P:NvmxdIzC V:209 H:297
C0279F $29 $00 $10     AND #$1000                      A:0000 X:0006 Y:0006 S:04EF D:0240 DB:7E P:nvmxdIZC V:209 H:307
C027A2 $D0 $08         BNE $C027AC                     A:0000 X:0006 Y:0006 S:04EF D:0240 DB:7E P:nvmxdIZC V:209 H:311
C027A4 $AF $DE $7F $7E LDA $7E7FDE                     A:0000 X:0006 Y:0006 S:04EF D:0240 DB:7E P:nvmxdIZC V:209 H:314
C027A8 $F0 $A8         BEQ $C02752                     A:0001 X:0006 Y:0006 S:04EF D:0240 DB:7E P:nvmxdIzC V:209 H:324
C027AA $80 $E9         BRA $C02795                     A:0001 X:0006 Y:0006 S:04EF D:0240 DB:7E P:nvmxdIzC V:209 H:327
C02795 $AF $FE $FF $C1 LDA $C1FFFE                     A:0001 X:0006 Y:0006 S:04EF D:0240 DB:7E P:nvmxdIzC V:209 H:331
C02799 $10 $09         BPL $C027A4                     A:FFFF X:0006 Y:0006 S:04EF D:0240 DB:7E P:NvmxdIzC V:210 H:0  
C0279B $AF $F8 $7F $7E LDA $7E7FF8                     A:FFFF X:0006 Y:0006 S:04EF D:0240 DB:7E P:NvmxdIzC V:210 H:3  
C0279F $29 $00 $10     AND #$1000                      A:0000 X:0006 Y:0006 S:04EF D:0240 DB:7E P:nvmxdIZC V:210 H:13 
C027A2 $D0 $08         BNE $C027AC                     A:0000 X:0006 Y:0006 S:04EF D:0240 DB:7E P:nvmxdIZC V:210 H:17 
C027A4 $AF $DE $7F $7E LDA $7E7FDE                     A:0000 X:0006 Y:0006 S:04EF D:0240 DB:7E P:nvmxdIZC V:210 H:20 
C027A8 $F0 $A8         BEQ $C02752                     A:0001 X:0006 Y:0006 S:04EF D:0240 DB:7E P:nvmxdIzC V:210 H:30 
C027AA $80 $E9         BRA $C02795                     A:0001 X:0006 Y:0006 S:04EF D:0240 DB:7E P:nvmxdIzC V:210 H:33 
C02795 $AF $FE $FF $C1 LDA $C1FFFE                     A:0001 X:0006 Y:0006 S:04EF D:0240 DB:7E P:nvmxdIzC V:210 H:38 
C02799 $10 $09         BPL $C027A4                     A:FFFF X:0006 Y:0006 S:04EF D:0240 DB:7E P:NvmxdIzC V:210 H:47 
C0279B $AF $F8 $7F $7E LDA $7E7FF8                     A:FFFF X:0006 Y:0006 S:04EF D:0240 DB:7E P:NvmxdIzC V:210 H:50 
C0279F $29 $00 $10     AND #$1000                      A:0000 X:0006 Y:0006 S:04EF D:0240 DB:7E P:nvmxdIZC V:210 H:60 
C027A2 $D0 $08         BNE $C027AC                     A:0000 X:0006 Y:0006 S:04EF D:0240 DB:7E P:nvmxdIZC V:210 H:64 
C027A4 $AF $DE $7F $7E LDA $7E7FDE                     A:0000 X:0006 Y:0006 S:04EF D:0240 DB:7E P:nvmxdIZC V:210 H:67 
C027A8 $F0 $A8         BEQ $C02752                     A:0001 X:0006 Y:0006 S:04EF D:0240 DB:7E P:nvmxdIzC V:210 H:77 
C027AA $80 $E9         BRA $C02795                     A:0001 X:0006 Y:0006 S:04EF D:0240 DB:7E P:nvmxdIzC V:210 H:80 
C02795 $AF $FE $FF $C1 LDA $C1FFFE                     A:0001 X:0006 Y:0006 S:04EF D:0240 DB:7E P:nvmxdIzC V:210 H:85 
C02799 $10 $09         BPL $C027A4                     A:FFFF X:0006 Y:0006 S:04EF D:0240 DB:7E P:NvmxdIzC V:210 H:94 
C0279B $AF $F8 $7F $7E LDA $7E7FF8                     A:FFFF X:0006 Y:0006 S:04EF D:0240 DB:7E P:NvmxdIzC V:210 H:97 
C0279F $29 $00 $10     AND #$1000                      A:0000 X:0006 Y:0006 S:04EF D:0240 DB:7E P:nvmxdIZC V:210 H:107
C027A2 $D0 $08         BNE $C027AC                     A:0000 X:0006 Y:0006 S:04EF D:0240 DB:7E P:nvmxdIZC V:210 H:111
C027A4 $AF $DE $7F $7E LDA $7E7FDE                     A:0000 X:0006 Y:0006 S:04EF D:0240 DB:7E P:nvmxdIZC V:210 H:114
C027A8 $F0 $A8         BEQ $C02752                     A:0001 X:0006 Y:0006 S:04EF D:0240 DB:7E P:nvmxdIzC V:210 H:124
C027AA $80 $E9         BRA $C02795                     A:0001 X:0006 Y:0006 S:04EF D:0240 DB:7E P:nvmxdIzC V:210 H:127
C02795 $AF $FE $FF $C1 LDA $C1FFFE                     A:0001 X:0006 Y:0006 S:04EF D:0240 DB:7E P:nvmxdIzC V:210 H:132
C02799 $10 $09         BPL $C027A4                     A:FFFF X:0006 Y:0006 S:04EF D:0240 DB:7E P:NvmxdIzC V:210 H:151
C0279B $AF $F8 $7F $7E LDA $7E7FF8                     A:FFFF X:0006 Y:0006 S:04EF D:0240 DB:7E P:NvmxdIzC V:210 H:154
C0279F $29 $00 $10     AND #$1000                      A:0000 X:0006 Y:0006 S:04EF D:0240 DB:7E P:nvmxdIZC V:210 H:164
C027A2 $D0 $08         BNE $C027AC                     A:0000 X:0006 Y:0006 S:04EF D:0240 DB:7E P:nvmxdIZC V:210 H:168
C027A4 $AF $DE $7F $7E LDA $7E7FDE                     A:0000 X:0006 Y:0006 S:04EF D:0240 DB:7E P:nvmxdIZC V:210 H:171
C027A8 $F0 $A8         BEQ $C02752                     A:0001 X:0006 Y:0006 S:04EF D:0240 DB:7E P:nvmxdIzC V:210 H:181
C027AA $80 $E9         BRA $C02795                     A:0001 X:0006 Y:0006 S:04EF D:0240 DB:7E P:nvmxdIzC V:210 H:184
C02795 $AF $FE $FF $C1 LDA $C1FFFE                     A:0001 X:0006 Y:0006 S:04EF D:0240 DB:7E P:nvmxdIzC V:210 H:189
C02799 $10 $09         BPL $C027A4                     A:FFFF X:0006 Y:0006 S:04EF D:0240 DB:7E P:NvmxdIzC V:210 H:198
C0279B $AF $F8 $7F $7E LDA $7E7FF8                     A:FFFF X:0006 Y:0006 S:04EF D:0240 DB:7E P:NvmxdIzC V:210 H:201
C0279F $29 $00 $10     AND #$1000                      A:0000 X:0006 Y:0006 S:04EF D:0240 DB:7E P:nvmxdIZC V:210 H:211
C027A2 $D0 $08         BNE $C027AC                     A:0000 X:0006 Y:0006 S:04EF D:0240 DB:7E P:nvmxdIZC V:210 H:215
C027A4 $AF $DE $7F $7E LDA $7E7FDE                     A:0000 X:0006 Y:0006 S:04EF D:0240 DB:7E P:nvmxdIZC V:210 H:218
C027A8 $F0 $A8         BEQ $C02752                     A:0001 X:0006 Y:0006 S:04EF D:0240 DB:7E P:nvmxdIzC V:210 H:228
C027AA $80 $E9         BRA $C02795                     A:0001 X:0006 Y:0006 S:04EF D:0240 DB:7E P:nvmxdIzC V:210 H:231
C02795 $AF $FE $FF $C1 LDA $C1FFFE                     A:0001 X:0006 Y:0006 S:04EF D:0240 DB:7E P:nvmxdIzC V:210 H:236
C02799 $10 $09         BPL $C027A4                     A:FFFF X:0006 Y:0006 S:04EF D:0240 DB:7E P:NvmxdIzC V:210 H:245
C0279B $AF $F8 $7F $7E LDA $7E7FF8                     A:FFFF X:0006 Y:0006 S:04EF D:0240 DB:7E P:NvmxdIzC V:210 H:248
C0279F $29 $00 $10     AND #$1000                      A:0000 X:0006 Y:0006 S:04EF D:0240 DB:7E P:nvmxdIZC V:210 H:258
C027A2 $D0 $08         BNE $C027AC                     A:0000 X:0006 Y:0006 S:04EF D:0240 DB:7E P:nvmxdIZC V:210 H:262
C027A4 $AF $DE $7F $7E LDA $7E7FDE                     A:0000 X:0006 Y:0006 S:04EF D:0240 DB:7E P:nvmxdIZC V:210 H:265
C027A8 $F0 $A8         BEQ $C02752                     A:0001 X:0006 Y:0006 S:04EF D:0240 DB:7E P:nvmxdIzC V:210 H:275
C027AA $80 $E9         BRA $C02795                     A:0001 X:0006 Y:0006 S:04EF D:0240 DB:7E P:nvmxdIzC V:210 H:293
C02795 $AF $FE $FF $C1 LDA $C1FFFE                     A:0001 X:0006 Y:0006 S:04EF D:0240 DB:7E P:nvmxdIzC V:210 H:298
C02799 $10 $09         BPL $C027A4                     A:FFFF X:0006 Y:0006 S:04EF D:0240 DB:7E P:NvmxdIzC V:210 H:307
C0279B $AF $F8 $7F $7E LDA $7E7FF8                     A:FFFF X:0006 Y:0006 S:04EF D:0240 DB:7E P:NvmxdIzC V:210 H:310
C0279F $29 $00 $10     AND #$1000                      A:0000 X:0006 Y:0006 S:04EF D:0240 DB:7E P:nvmxdIZC V:210 H:320
C027A2 $D0 $08         BNE $C027AC                     A:0000 X:0006 Y:0006 S:04EF D:0240 DB:7E P:nvmxdIZC V:210 H:324
C027A4 $AF $DE $7F $7E LDA $7E7FDE                     A:0000 X:0006 Y:0006 S:04EF D:0240 DB:7E P:nvmxdIZC V:210 H:327
C027A8 $F0 $A8         BEQ $C02752                     A:0001 X:0006 Y:0006 S:04EF D:0240 DB:7E P:nvmxdIzC V:210 H:336
C027AA $80 $E9         BRA $C02795                     A:0001 X:0006 Y:0006 S:04EF D:0240 DB:7E P:nvmxdIzC V:210 H:339
C02795 $AF $FE $FF $C1 LDA $C1FFFE                     A:0001 X:0006 Y:0006 S:04EF D:0240 DB:7E P:nvmxdIzC V:211 H:4  
C02799 $10 $09         BPL $C027A4                     A:FFFF X:0006 Y:0006 S:04EF D:0240 DB:7E P:NvmxdIzC V:211 H:13 
C0279B $AF $F8 $7F $7E LDA $7E7FF8                     A:FFFF X:0006 Y:0006 S:04EF D:0240 DB:7E P:NvmxdIzC V:211 H:16 
C0279F $29 $00 $10     AND #$1000                      A:0000 X:0006 Y:0006 S:04EF D:0240 DB:7E P:nvmxdIZC V:211 H:26 
C027A2 $D0 $08         BNE $C027AC                     A:0000 X:0006 Y:0006 S:04EF D:0240 DB:7E P:nvmxdIZC V:211 H:30 
C027A4 $AF $DE $7F $7E LDA $7E7FDE                     A:0000 X:0006 Y:0006 S:04EF D:0240 DB:7E P:nvmxdIZC V:211 H:33 
C027A8 $F0 $A8         BEQ $C02752                     A:0001 X:0006 Y:0006 S:04EF D:0240 DB:7E P:nvmxdIzC V:211 H:43 
C027AA $80 $E9         BRA $C02795                     A:0001 X:0006 Y:0006 S:04EF D:0240 DB:7E P:nvmxdIzC V:211 H:46 
C02795 $AF $FE $FF $C1 LDA $C1FFFE                     A:0001 X:0006 Y:0006 S:04EF D:0240 DB:7E P:nvmxdIzC V:211 H:51 
C02799 $10 $09         BPL $C027A4                     A:FFFF X:0006 Y:0006 S:04EF D:0240 DB:7E P:NvmxdIzC V:211 H:60 
C0279B $AF $F8 $7F $7E LDA $7E7FF8                     A:FFFF X:0006 Y:0006 S:04EF D:0240 DB:7E P:NvmxdIzC V:211 H:63 
C0279F $29 $00 $10     AND #$1000                      A:0000 X:0006 Y:0006 S:04EF D:0240 DB:7E P:nvmxdIZC V:211 H:73 
C027A2 $D0 $08         BNE $C027AC                     A:0000 X:0006 Y:0006 S:04EF D:0240 DB:7E P:nvmxdIZC V:211 H:77 
C027A4 $AF $DE $7F $7E LDA $7E7FDE                     A:0000 X:0006 Y:0006 S:04EF D:0240 DB:7E P:nvmxdIZC V:211 H:80 
C027A8 $F0 $A8         BEQ $C02752                     A:0001 X:0006 Y:0006 S:04EF D:0240 DB:7E P:nvmxdIzC V:211 H:90 
C027AA $80 $E9         BRA $C02795                     A:0001 X:0006 Y:0006 S:04EF D:0240 DB:7E P:nvmxdIzC V:211 H:93 
C02795 $AF $FE $FF $C1 LDA $C1FFFE                     A:0001 X:0006 Y:0006 S:04EF D:0240 DB:7E P:nvmxdIzC V:211 H:98 
C02799 $10 $09         BPL $C027A4                     A:FFFF X:0006 Y:0006 S:04EF D:0240 DB:7E P:NvmxdIzC V:211 H:107
C0279B $AF $F8 $7F $7E LDA $7E7FF8                     A:FFFF X:0006 Y:0006 S:04EF D:0240 DB:7E P:NvmxdIzC V:211 H:110
C0279F $29 $00 $10     AND #$1000                      A:0000 X:0006 Y:0006 S:04EF D:0240 DB:7E P:nvmxdIZC V:211 H:120
C027A2 $D0 $08         BNE $C027AC                     A:0000 X:0006 Y:0006 S:04EF D:0240 DB:7E P:nvmxdIZC V:211 H:124
C027A4 $AF $DE $7F $7E LDA $7E7FDE                     A:0000 X:0006 Y:0006 S:04EF D:0240 DB:7E P:nvmxdIZC V:211 H:127
C027A8 $F0 $A8         BEQ $C02752                     A:0001 X:0006 Y:0006 S:04EF D:0240 DB:7E P:nvmxdIzC V:211 H:147
C027AA $80 $E9         BRA $C02795                     A:0001 X:0006 Y:0006 S:04EF D:0240 DB:7E P:nvmxdIzC V:211 H:150
C02795 $AF $FE $FF $C1 LDA $C1FFFE                     A:0001 X:0006 Y:0006 S:04EF D:0240 DB:7E P:nvmxdIzC V:211 H:155
C02799 $10 $09         BPL $C027A4                     A:FFFF X:0006 Y:0006 S:04EF D:0240 DB:7E P:NvmxdIzC V:211 H:164
C0279B $AF $F8 $7F $7E LDA $7E7FF8                     A:FFFF X:0006 Y:0006 S:04EF D:0240 DB:7E P:NvmxdIzC V:211 H:167
C0279F $29 $00 $10     AND #$1000                      A:0000 X:0006 Y:0006 S:04EF D:0240 DB:7E P:nvmxdIZC V:211 H:177
C027A2 $D0 $08         BNE $C027AC                     A:0000 X:0006 Y:0006 S:04EF D:0240 DB:7E P:nvmxdIZC V:211 H:181
C027A4 $AF $DE $7F $7E LDA $7E7FDE                     A:0000 X:0006 Y:0006 S:04EF D:0240 DB:7E P:nvmxdIZC V:211 H:184
C027A8 $F0 $A8         BEQ $C02752                     A:0001 X:0006 Y:0006 S:04EF D:0240 DB:7E P:nvmxdIzC V:211 H:194
C027AA $80 $E9         BRA $C02795                     A:0001 X:0006 Y:0006 S:04EF D:0240 DB:7E P:nvmxdIzC V:211 H:197
C02795 $AF $FE $FF $C1 LDA $C1FFFE                     A:0001 X:0006 Y:0006 S:04EF D:0240 DB:7E P:nvmxdIzC V:211 H:202
C02799 $10 $09         BPL $C027A4                     A:FFFF X:0006 Y:0006 S:04EF D:0240 DB:7E P:NvmxdIzC V:211 H:211
C0279B $AF $F8 $7F $7E LDA $7E7FF8                     A:FFFF X:0006 Y:0006 S:04EF D:0240 DB:7E P:NvmxdIzC V:211 H:214
C0279F $29 $00 $10     AND #$1000                      A:0000 X:0006 Y:0006 S:04EF D:0240 DB:7E P:nvmxdIZC V:211 H:224
C027A2 $D0 $08         BNE $C027AC                     A:0000 X:0006 Y:0006 S:04EF D:0240 DB:7E P:nvmxdIZC V:211 H:228
C027A4 $AF $DE $7F $7E LDA $7E7FDE                     A:0000 X:0006 Y:0006 S:04EF D:0240 DB:7E P:nvmxdIZC V:211 H:231
C027A8 $F0 $A8         BEQ $C02752                     A:0001 X:0006 Y:0006 S:04EF D:0240 DB:7E P:nvmxdIzC V:211 H:241
C027AA $80 $E9         BRA $C02795                     A:0001 X:0006 Y:0006 S:04EF D:0240 DB:7E P:nvmxdIzC V:211 H:244
C02795 $AF $FE $FF $C1 LDA $C1FFFE                     A:0001 X:0006 Y:0006 S:04EF D:0240 DB:7E P:nvmxdIzC V:211 H:249
C02799 $10 $09         BPL $C027A4                     A:FFFF X:0006 Y:0006 S:04EF D:0240 DB:7E P:NvmxdIzC V:211 H:258
C0279B $AF $F8 $7F $7E LDA $7E7FF8                     A:FFFF X:0006 Y:0006 S:04EF D:0240 DB:7E P:NvmxdIzC V:211 H:261
C0279F $29 $00 $10     AND #$1000                      A:0000 X:0006 Y:0006 S:04EF D:0240 DB:7E P:nvmxdIZC V:211 H:271
C027A2 $D0 $08         BNE $C027AC                     A:0000 X:0006 Y:0006 S:04EF D:0240 DB:7E P:nvmxdIZC V:211 H:275
C027A4 $AF $DE $7F $7E LDA $7E7FDE                     A:0000 X:0006 Y:0006 S:04EF D:0240 DB:7E P:nvmxdIZC V:211 H:295
C027A8 $F0 $A8         BEQ $C02752                     A:0001 X:0006 Y:0006 S:04EF D:0240 DB:7E P:nvmxdIzC V:211 H:305
C027AA $80 $E9         BRA $C02795                     A:0001 X:0006 Y:0006 S:04EF D:0240 DB:7E P:nvmxdIzC V:211 H:308
C02795 $AF $FE $FF $C1 LDA $C1FFFE                     A:0001 X:0006 Y:0006 S:04EF D:0240 DB:7E P:nvmxdIzC V:211 H:312
C02799 $10 $09         BPL $C027A4                     A:FFFF X:0006 Y:0006 S:04EF D:0240 DB:7E P:NvmxdIzC V:211 H:321
C0279B $AF $F8 $7F $7E LDA $7E7FF8                     A:FFFF X:0006 Y:0006 S:04EF D:0240 DB:7E P:NvmxdIzC V:211 H:324
C0279F $29 $00 $10     AND #$1000                      A:0000 X:0006 Y:0006 S:04EF D:0240 DB:7E P:nvmxdIZC V:211 H:333
C027A2 $D0 $08         BNE $C027AC                     A:0000 X:0006 Y:0006 S:04EF D:0240 DB:7E P:nvmxdIZC V:211 H:338
C027A4 $AF $DE $7F $7E LDA $7E7FDE                     A:0000 X:0006 Y:0006 S:04EF D:0240 DB:7E P:nvmxdIZC V:212 H:1  
C027A8 $F0 $A8         BEQ $C02752                     A:0001 X:0006 Y:0006 S:04EF D:0240 DB:7E P:nvmxdIzC V:212 H:11 
C027AA $80 $E9         BRA $C02795                     A:0001 X:0006 Y:0006 S:04EF D:0240 DB:7E P:nvmxdIzC V:212 H:14 
C02795 $AF $FE $FF $C1 LDA $C1FFFE                     A:0001 X:0006 Y:0006 S:04EF D:0240 DB:7E P:nvmxdIzC V:212 H:18 
C02799 $10 $09         BPL $C027A4                     A:FFFF X:0006 Y:0006 S:04EF D:0240 DB:7E P:NvmxdIzC V:212 H:27 
C0279B $AF $F8 $7F $7E LDA $7E7FF8                     A:FFFF X:0006 Y:0006 S:04EF D:0240 DB:7E P:NvmxdIzC V:212 H:30 
C0279F $29 $00 $10     AND #$1000                      A:0000 X:0006 Y:0006 S:04EF D:0240 DB:7E P:nvmxdIZC V:212 H:40 
C027A2 $D0 $08         BNE $C027AC                     A:0000 X:0006 Y:0006 S:04EF D:0240 DB:7E P:nvmxdIZC V:212 H:45 
C027A4 $AF $DE $7F $7E LDA $7E7FDE                     A:0000 X:0006 Y:0006 S:04EF D:0240 DB:7E P:nvmxdIZC V:212 H:48 
C027A8 $F0 $A8         BEQ $C02752                     A:0001 X:0006 Y:0006 S:04EF D:0240 DB:7E P:nvmxdIzC V:212 H:58 
C027AA $80 $E9         BRA $C02795                     A:0001 X:0006 Y:0006 S:04EF D:0240 DB:7E P:nvmxdIzC V:212 H:61 
C02795 $AF $FE $FF $C1 LDA $C1FFFE                     A:0001 X:0006 Y:0006 S:04EF D:0240 DB:7E P:nvmxdIzC V:212 H:65 
C02799 $10 $09         BPL $C027A4                     A:FFFF X:0006 Y:0006 S:04EF D:0240 DB:7E P:NvmxdIzC V:212 H:74 
C0279B $AF $F8 $7F $7E LDA $7E7FF8                     A:FFFF X:0006 Y:0006 S:04EF D:0240 DB:7E P:NvmxdIzC V:212 H:77 
C0279F $29 $00 $10     AND #$1000                      A:0000 X:0006 Y:0006 S:04EF D:0240 DB:7E P:nvmxdIZC V:212 H:87 
C027A2 $D0 $08         BNE $C027AC                     A:0000 X:0006 Y:0006 S:04EF D:0240 DB:7E P:nvmxdIZC V:212 H:92 
C027A4 $AF $DE $7F $7E LDA $7E7FDE                     A:0000 X:0006 Y:0006 S:04EF D:0240 DB:7E P:nvmxdIZC V:212 H:95 
C027A8 $F0 $A8         BEQ $C02752                     A:0001 X:0006 Y:0006 S:04EF D:0240 DB:7E P:nvmxdIzC V:212 H:105
C027AA $80 $E9         BRA $C02795                     A:0001 X:0006 Y:0006 S:04EF D:0240 DB:7E P:nvmxdIzC V:212 H:108
C02795 $AF $FE $FF $C1 LDA $C1FFFE                     A:0001 X:0006 Y:0006 S:04EF D:0240 DB:7E P:nvmxdIzC V:212 H:112
C02799 $10 $09         BPL $C027A4                     A:FFFF X:0006 Y:0006 S:04EF D:0240 DB:7E P:NvmxdIzC V:212 H:121
C0279B $AF $F8 $7F $7E LDA $7E7FF8                     A:FFFF X:0006 Y:0006 S:04EF D:0240 DB:7E P:NvmxdIzC V:212 H:124
C0279F $29 $00 $10     AND #$1000                      A:0000 X:0006 Y:0006 S:04EF D:0240 DB:7E P:nvmxdIZC V:212 H:144
C027A2 $D0 $08         BNE $C027AC                     A:0000 X:0006 Y:0006 S:04EF D:0240 DB:7E P:nvmxdIZC V:212 H:149
C027A4 $AF $DE $7F $7E LDA $7E7FDE                     A:0000 X:0006 Y:0006 S:04EF D:0240 DB:7E P:nvmxdIZC V:212 H:152
C027A8 $F0 $A8         BEQ $C02752                     A:0001 X:0006 Y:0006 S:04EF D:0240 DB:7E P:nvmxdIzC V:212 H:162
C027AA $80 $E9         BRA $C02795                     A:0001 X:0006 Y:0006 S:04EF D:0240 DB:7E P:nvmxdIzC V:212 H:165
C02795 $AF $FE $FF $C1 LDA $C1FFFE                     A:0001 X:0006 Y:0006 S:04EF D:0240 DB:7E P:nvmxdIzC V:212 H:169
C02799 $10 $09         BPL $C027A4                     A:FFFF X:0006 Y:0006 S:04EF D:0240 DB:7E P:NvmxdIzC V:212 H:178
C0279B $AF $F8 $7F $7E LDA $7E7FF8                     A:FFFF X:0006 Y:0006 S:04EF D:0240 DB:7E P:NvmxdIzC V:212 H:181
C0279F $29 $00 $10     AND #$1000                      A:0000 X:0006 Y:0006 S:04EF D:0240 DB:7E P:nvmxdIZC V:212 H:191
C027A2 $D0 $08         BNE $C027AC                     A:0000 X:0006 Y:0006 S:04EF D:0240 DB:7E P:nvmxdIZC V:212 H:196
C027A4 $AF $DE $7F $7E LDA $7E7FDE                     A:0000 X:0006 Y:0006 S:04EF D:0240 DB:7E P:nvmxdIZC V:212 H:199
C027A8 $F0 $A8         BEQ $C02752                     A:0001 X:0006 Y:0006 S:04EF D:0240 DB:7E P:nvmxdIzC V:212 H:209
C027AA $80 $E9         BRA $C02795                     A:0001 X:0006 Y:0006 S:04EF D:0240 DB:7E P:nvmxdIzC V:212 H:212
C02795 $AF $FE $FF $C1 LDA $C1FFFE                     A:0001 X:0006 Y:0006 S:04EF D:0240 DB:7E P:nvmxdIzC V:212 H:216
C02799 $10 $09         BPL $C027A4                     A:FFFF X:0006 Y:0006 S:04EF D:0240 DB:7E P:NvmxdIzC V:212 H:225
C0279B $AF $F8 $7F $7E LDA $7E7FF8                     A:FFFF X:0006 Y:0006 S:04EF D:0240 DB:7E P:NvmxdIzC V:212 H:228
C0279F $29 $00 $10     AND #$1000                      A:0000 X:0006 Y:0006 S:04EF D:0240 DB:7E P:nvmxdIZC V:212 H:238
C027A2 $D0 $08         BNE $C027AC                     A:0000 X:0006 Y:0006 S:04EF D:0240 DB:7E P:nvmxdIZC V:212 H:243
C027A4 $AF $DE $7F $7E LDA $7E7FDE                     A:0000 X:0006 Y:0006 S:04EF D:0240 DB:7E P:nvmxdIZC V:212 H:246
C027A8 $F0 $A8         BEQ $C02752                     A:0001 X:0006 Y:0006 S:04EF D:0240 DB:7E P:nvmxdIzC V:212 H:256
C027AA $80 $E9         BRA $C02795                     A:0001 X:0006 Y:0006 S:04EF D:0240 DB:7E P:nvmxdIzC V:212 H:259
C02795 $AF $FE $FF $C1 LDA $C1FFFE                     A:0001 X:0006 Y:0006 S:04EF D:0240 DB:7E P:nvmxdIzC V:212 H:263
C02799 $10 $09         BPL $C027A4                     A:FFFF X:0006 Y:0006 S:04EF D:0240 DB:7E P:NvmxdIzC V:212 H:272
C0279B $AF $F8 $7F $7E LDA $7E7FF8                     A:FFFF X:0006 Y:0006 S:04EF D:0240 DB:7E P:NvmxdIzC V:212 H:275
C0279F $29 $00 $10     AND #$1000                      A:0000 X:0006 Y:0006 S:04EF D:0240 DB:7E P:nvmxdIZC V:212 H:300
C027A2 $D0 $08         BNE $C027AC                     A:0000 X:0006 Y:0006 S:04EF D:0240 DB:7E P:nvmxdIZC V:212 H:305
C027A4 $AF $DE $7F $7E LDA $7E7FDE                     A:0000 X:0006 Y:0006 S:04EF D:0240 DB:7E P:nvmxdIZC V:212 H:308
C027A8 $F0 $A8         BEQ $C02752                     A:0001 X:0006 Y:0006 S:04EF D:0240 DB:7E P:nvmxdIzC V:212 H:318
C027AA $80 $E9         BRA $C02795                     A:0001 X:0006 Y:0006 S:04EF D:0240 DB:7E P:nvmxdIzC V:212 H:321
C02795 $AF $FE $FF $C1 LDA $C1FFFE                     A:0001 X:0006 Y:0006 S:04EF D:0240 DB:7E P:nvmxdIzC V:212 H:325
C02799 $10 $09         BPL $C027A4                     A:FFFF X:0006 Y:0006 S:04EF D:0240 DB:7E P:NvmxdIzC V:212 H:333
C0279B $AF $F8 $7F $7E LDA $7E7FF8                     A:FFFF X:0006 Y:0006 S:04EF D:0240 DB:7E P:NvmxdIzC V:212 H:336
C0279F $29 $00 $10     AND #$1000                      A:0000 X:0006 Y:0006 S:04EF D:0240 DB:7E P:nvmxdIZC V:213 H:6  
C027A2 $D0 $08         BNE $C027AC                     A:0000 X:0006 Y:0006 S:04EF D:0240 DB:7E P:nvmxdIZC V:213 H:11 
C027A4 $AF $DE $7F $7E LDA $7E7FDE                     A:0000 X:0006 Y:0006 S:04EF D:0240 DB:7E P:nvmxdIZC V:213 H:14 
C027A8 $F0 $A8         BEQ $C02752                     A:0001 X:0006 Y:0006 S:04EF D:0240 DB:7E P:nvmxdIzC V:213 H:24 
C027AA $80 $E9         BRA $C02795                     A:0001 X:0006 Y:0006 S:04EF D:0240 DB:7E P:nvmxdIzC V:213 H:27 
C02795 $AF $FE $FF $C1 LDA $C1FFFE                     A:0001 X:0006 Y:0006 S:04EF D:0240 DB:7E P:nvmxdIzC V:213 H:31 
C02799 $10 $09         BPL $C027A4                     A:FFFF X:0006 Y:0006 S:04EF D:0240 DB:7E P:NvmxdIzC V:213 H:40 
C0279B $AF $F8 $7F $7E LDA $7E7FF8                     A:FFFF X:0006 Y:0006 S:04EF D:0240 DB:7E P:NvmxdIzC V:213 H:43 
C0279F $29 $00 $10     AND #$1000                      A:0000 X:0006 Y:0006 S:04EF D:0240 DB:7E P:nvmxdIZC V:213 H:53 
C027A2 $D0 $08         BNE $C027AC                     A:0000 X:0006 Y:0006 S:04EF D:0240 DB:7E P:nvmxdIZC V:213 H:58 
C027A4 $AF $DE $7F $7E LDA $7E7FDE                     A:0000 X:0006 Y:0006 S:04EF D:0240 DB:7E P:nvmxdIZC V:213 H:61 
C027A8 $F0 $A8         BEQ $C02752                     A:0001 X:0006 Y:0006 S:04EF D:0240 DB:7E P:nvmxdIzC V:213 H:71 
C027AA $80 $E9         BRA $C02795                     A:0001 X:0006 Y:0006 S:04EF D:0240 DB:7E P:nvmxdIzC V:213 H:74 
C02795 $AF $FE $FF $C1 LDA $C1FFFE                     A:0001 X:0006 Y:0006 S:04EF D:0240 DB:7E P:nvmxdIzC V:213 H:78 
C02799 $10 $09         BPL $C027A4                     A:FFFF X:0006 Y:0006 S:04EF D:0240 DB:7E P:NvmxdIzC V:213 H:87 
C0279B $AF $F8 $7F $7E LDA $7E7FF8                     A:FFFF X:0006 Y:0006 S:04EF D:0240 DB:7E P:NvmxdIzC V:213 H:90 
C0279F $29 $00 $10     AND #$1000                      A:0000 X:0006 Y:0006 S:04EF D:0240 DB:7E P:nvmxdIZC V:213 H:100
C027A2 $D0 $08         BNE $C027AC                     A:0000 X:0006 Y:0006 S:04EF D:0240 DB:7E P:nvmxdIZC V:213 H:105
C027A4 $AF $DE $7F $7E LDA $7E7FDE                     A:0000 X:0006 Y:0006 S:04EF D:0240 DB:7E P:nvmxdIZC V:213 H:108
C027A8 $F0 $A8         BEQ $C02752                     A:0001 X:0006 Y:0006 S:04EF D:0240 DB:7E P:nvmxdIzC V:213 H:118
C027AA $80 $E9         BRA $C02795                     A:0001 X:0006 Y:0006 S:04EF D:0240 DB:7E P:nvmxdIzC V:213 H:121
C02795 $AF $FE $FF $C1 LDA $C1FFFE                     A:0001 X:0006 Y:0006 S:04EF D:0240 DB:7E P:nvmxdIzC V:213 H:125
C02799 $10 $09         BPL $C027A4                     A:FFFF X:0006 Y:0006 S:04EF D:0240 DB:7E P:NvmxdIzC V:213 H:144
C0279B $AF $F8 $7F $7E LDA $7E7FF8                     A:FFFF X:0006 Y:0006 S:04EF D:0240 DB:7E P:NvmxdIzC V:213 H:147
C0279F $29 $00 $10     AND #$1000                      A:0000 X:0006 Y:0006 S:04EF D:0240 DB:7E P:nvmxdIZC V:213 H:157
C027A2 $D0 $08         BNE $C027AC                     A:0000 X:0006 Y:0006 S:04EF D:0240 DB:7E P:nvmxdIZC V:213 H:162
C027A4 $AF $DE $7F $7E LDA $7E7FDE                     A:0000 X:0006 Y:0006 S:04EF D:0240 DB:7E P:nvmxdIZC V:213 H:165
C027A8 $F0 $A8         BEQ $C02752                     A:0001 X:0006 Y:0006 S:04EF D:0240 DB:7E P:nvmxdIzC V:213 H:175
C027AA $80 $E9         BRA $C02795                     A:0001 X:0006 Y:0006 S:04EF D:0240 DB:7E P:nvmxdIzC V:213 H:178
C02795 $AF $FE $FF $C1 LDA $C1FFFE                     A:0001 X:0006 Y:0006 S:04EF D:0240 DB:7E P:nvmxdIzC V:213 H:182
C02799 $10 $09         BPL $C027A4                     A:FFFF X:0006 Y:0006 S:04EF D:0240 DB:7E P:NvmxdIzC V:213 H:191
C0279B $AF $F8 $7F $7E LDA $7E7FF8                     A:FFFF X:0006 Y:0006 S:04EF D:0240 DB:7E P:NvmxdIzC V:213 H:194
C0279F $29 $00 $10     AND #$1000                      A:0000 X:0006 Y:0006 S:04EF D:0240 DB:7E P:nvmxdIZC V:213 H:204
C027A2 $D0 $08         BNE $C027AC                     A:0000 X:0006 Y:0006 S:04EF D:0240 DB:7E P:nvmxdIZC V:213 H:209
C027A4 $AF $DE $7F $7E LDA $7E7FDE                     A:0000 X:0006 Y:0006 S:04EF D:0240 DB:7E P:nvmxdIZC V:213 H:212
C027A8 $F0 $A8         BEQ $C02752                     A:0001 X:0006 Y:0006 S:04EF D:0240 DB:7E P:nvmxdIzC V:213 H:222
C027AA $80 $E9         BRA $C02795                     A:0001 X:0006 Y:0006 S:04EF D:0240 DB:7E P:nvmxdIzC V:213 H:225
C02795 $AF $FE $FF $C1 LDA $C1FFFE                     A:0001 X:0006 Y:0006 S:04EF D:0240 DB:7E P:nvmxdIzC V:213 H:229
C02799 $10 $09         BPL $C027A4                     A:FFFF X:0006 Y:0006 S:04EF D:0240 DB:7E P:NvmxdIzC V:213 H:238
C0279B $AF $F8 $7F $7E LDA $7E7FF8                     A:FFFF X:0006 Y:0006 S:04EF D:0240 DB:7E P:NvmxdIzC V:213 H:241
C0279F $29 $00 $10     AND #$1000                      A:0000 X:0006 Y:0006 S:04EF D:0240 DB:7E P:nvmxdIZC V:213 H:251
C027A2 $D0 $08         BNE $C027AC                     A:0000 X:0006 Y:0006 S:04EF D:0240 DB:7E P:nvmxdIZC V:213 H:256
C027A4 $AF $DE $7F $7E LDA $7E7FDE                     A:0000 X:0006 Y:0006 S:04EF D:0240 DB:7E P:nvmxdIZC V:213 H:259
C027A8 $F0 $A8         BEQ $C02752                     A:0001 X:0006 Y:0006 S:04EF D:0240 DB:7E P:nvmxdIzC V:213 H:269
C027AA $80 $E9         BRA $C02795                     A:0001 X:0006 Y:0006 S:04EF D:0240 DB:7E P:nvmxdIzC V:213 H:272
C02795 $AF $FE $FF $C1 LDA $C1FFFE                     A:0001 X:0006 Y:0006 S:04EF D:0240 DB:7E P:nvmxdIzC V:213 H:293
C02799 $10 $09         BPL $C027A4                     A:FFFF X:0006 Y:0006 S:04EF D:0240 DB:7E P:NvmxdIzC V:213 H:302
C0279B $AF $F8 $7F $7E LDA $7E7FF8                     A:FFFF X:0006 Y:0006 S:04EF D:0240 DB:7E P:NvmxdIzC V:213 H:305
C0279F $29 $00 $10     AND #$1000                      A:0000 X:0006 Y:0006 S:04EF D:0240 DB:7E P:nvmxdIZC V:213 H:315
C027A2 $D0 $08         BNE $C027AC                     A:0000 X:0006 Y:0006 S:04EF D:0240 DB:7E P:nvmxdIZC V:213 H:319
C027A4 $AF $DE $7F $7E LDA $7E7FDE                     A:0000 X:0006 Y:0006 S:04EF D:0240 DB:7E P:nvmxdIZC V:213 H:322
C027A8 $F0 $A8         BEQ $C02752                     A:0001 X:0006 Y:0006 S:04EF D:0240 DB:7E P:nvmxdIzC V:213 H:331
C027AA $80 $E9         BRA $C02795                     A:0001 X:0006 Y:0006 S:04EF D:0240 DB:7E P:nvmxdIzC V:213 H:334
C02795 $AF $FE $FF $C1 LDA $C1FFFE                     A:0001 X:0006 Y:0006 S:04EF D:0240 DB:7E P:nvmxdIzC V:213 H:339
C02799 $10 $09         BPL $C027A4                     A:FFFF X:0006 Y:0006 S:04EF D:0240 DB:7E P:NvmxdIzC V:214 H:8  
C0279B $AF $F8 $7F $7E LDA $7E7FF8                     A:FFFF X:0006 Y:0006 S:04EF D:0240 DB:7E P:NvmxdIzC V:214 H:11 
C0279F $29 $00 $10     AND #$1000                      A:0000 X:0006 Y:0006 S:04EF D:0240 DB:7E P:nvmxdIZC V:214 H:21 
C027A2 $D0 $08         BNE $C027AC                     A:0000 X:0006 Y:0006 S:04EF D:0240 DB:7E P:nvmxdIZC V:214 H:25 
C027A4 $AF $DE $7F $7E LDA $7E7FDE                     A:0000 X:0006 Y:0006 S:04EF D:0240 DB:7E P:nvmxdIZC V:214 H:28 
C027A8 $F0 $A8         BEQ $C02752                     A:0001 X:0006 Y:0006 S:04EF D:0240 DB:7E P:nvmxdIzC V:214 H:38 
C027AA $80 $E9         BRA $C02795                     A:0001 X:0006 Y:0006 S:04EF D:0240 DB:7E P:nvmxdIzC V:214 H:41 
C02795 $AF $FE $FF $C1 LDA $C1FFFE                     A:0001 X:0006 Y:0006 S:04EF D:0240 DB:7E P:nvmxdIzC V:214 H:46 
C02799 $10 $09         BPL $C027A4                     A:FFFF X:0006 Y:0006 S:04EF D:0240 DB:7E P:NvmxdIzC V:214 H:55 
C0279B $AF $F8 $7F $7E LDA $7E7FF8                     A:FFFF X:0006 Y:0006 S:04EF D:0240 DB:7E P:NvmxdIzC V:214 H:58 
C0279F $29 $00 $10     AND #$1000                      A:0000 X:0006 Y:0006 S:04EF D:0240 DB:7E P:nvmxdIZC V:214 H:68 
C027A2 $D0 $08         BNE $C027AC                     A:0000 X:0006 Y:0006 S:04EF D:0240 DB:7E P:nvmxdIZC V:214 H:72 
C027A4 $AF $DE $7F $7E LDA $7E7FDE                     A:0000 X:0006 Y:0006 S:04EF D:0240 DB:7E P:nvmxdIZC V:214 H:75 
C027A8 $F0 $A8         BEQ $C02752                     A:0001 X:0006 Y:0006 S:04EF D:0240 DB:7E P:nvmxdIzC V:214 H:85 
C027AA $80 $E9         BRA $C02795                     A:0001 X:0006 Y:0006 S:04EF D:0240 DB:7E P:nvmxdIzC V:214 H:88 
C02795 $AF $FE $FF $C1 LDA $C1FFFE                     A:0001 X:0006 Y:0006 S:04EF D:0240 DB:7E P:nvmxdIzC V:214 H:93 
C02799 $10 $09         BPL $C027A4                     A:FFFF X:0006 Y:0006 S:04EF D:0240 DB:7E P:NvmxdIzC V:214 H:102
C0279B $AF $F8 $7F $7E LDA $7E7FF8                     A:FFFF X:0006 Y:0006 S:04EF D:0240 DB:7E P:NvmxdIzC V:214 H:105
C0279F $29 $00 $10     AND #$1000                      A:0000 X:0006 Y:0006 S:04EF D:0240 DB:7E P:nvmxdIZC V:214 H:115
C027A2 $D0 $08         BNE $C027AC                     A:0000 X:0006 Y:0006 S:04EF D:0240 DB:7E P:nvmxdIZC V:214 H:119
C027A4 $AF $DE $7F $7E LDA $7E7FDE                     A:0000 X:0006 Y:0006 S:04EF D:0240 DB:7E P:nvmxdIZC V:214 H:122
C027A8 $F0 $A8         BEQ $C02752                     A:0001 X:0006 Y:0006 S:04EF D:0240 DB:7E P:nvmxdIzC V:214 H:132
C027AA $80 $E9         BRA $C02795                     A:0001 X:0006 Y:0006 S:04EF D:0240 DB:7E P:nvmxdIzC V:214 H:145
C02795 $AF $FE $FF $C1 LDA $C1FFFE                     A:0001 X:0006 Y:0006 S:04EF D:0240 DB:7E P:nvmxdIzC V:214 H:150
C02799 $10 $09         BPL $C027A4                     A:FFFF X:0006 Y:0006 S:04EF D:0240 DB:7E P:NvmxdIzC V:214 H:159
C0279B $AF $F8 $7F $7E LDA $7E7FF8                     A:FFFF X:0006 Y:0006 S:04EF D:0240 DB:7E P:NvmxdIzC V:214 H:162
C0279F $29 $00 $10     AND #$1000                      A:0000 X:0006 Y:0006 S:04EF D:0240 DB:7E P:nvmxdIZC V:214 H:172
C027A2 $D0 $08         BNE $C027AC                     A:0000 X:0006 Y:0006 S:04EF D:0240 DB:7E P:nvmxdIZC V:214 H:176
C027A4 $AF $DE $7F $7E LDA $7E7FDE                     A:0000 X:0006 Y:0006 S:04EF D:0240 DB:7E P:nvmxdIZC V:214 H:179
C027A8 $F0 $A8         BEQ $C02752                     A:0001 X:0006 Y:0006 S:04EF D:0240 DB:7E P:nvmxdIzC V:214 H:189
C027AA $80 $E9         BRA $C02795                     A:0001 X:0006 Y:0006 S:04EF D:0240 DB:7E P:nvmxdIzC V:214 H:192
C02795 $AF $FE $FF $C1 LDA $C1FFFE                     A:0001 X:0006 Y:0006 S:04EF D:0240 DB:7E P:nvmxdIzC V:214 H:197
C02799 $10 $09         BPL $C027A4                     A:FFFF X:0006 Y:0006 S:04EF D:0240 DB:7E P:NvmxdIzC V:214 H:206
C0279B $AF $F8 $7F $7E LDA $7E7FF8                     A:FFFF X:0006 Y:0006 S:04EF D:0240 DB:7E P:NvmxdIzC V:214 H:209
C0279F $29 $00 $10     AND #$1000                      A:0000 X:0006 Y:0006 S:04EF D:0240 DB:7E P:nvmxdIZC V:214 H:219
C027A2 $D0 $08         BNE $C027AC                     A:0000 X:0006 Y:0006 S:04EF D:0240 DB:7E P:nvmxdIZC V:214 H:223
C027A4 $AF $DE $7F $7E LDA $7E7FDE                     A:0000 X:0006 Y:0006 S:04EF D:0240 DB:7E P:nvmxdIZC V:214 H:226
C027A8 $F0 $A8         BEQ $C02752                     A:0001 X:0006 Y:0006 S:04EF D:0240 DB:7E P:nvmxdIzC V:214 H:236
C027AA $80 $E9         BRA $C02795                     A:0001 X:0006 Y:0006 S:04EF D:0240 DB:7E P:nvmxdIzC V:214 H:239
C02795 $AF $FE $FF $C1 LDA $C1FFFE                     A:0001 X:0006 Y:0006 S:04EF D:0240 DB:7E P:nvmxdIzC V:214 H:244
C02799 $10 $09         BPL $C027A4                     A:FFFF X:0006 Y:0006 S:04EF D:0240 DB:7E P:NvmxdIzC V:214 H:253
C0279B $AF $F8 $7F $7E LDA $7E7FF8                     A:FFFF X:0006 Y:0006 S:04EF D:0240 DB:7E P:NvmxdIzC V:214 H:256
C0279F $29 $00 $10     AND #$1000                      A:0000 X:0006 Y:0006 S:04EF D:0240 DB:7E P:nvmxdIZC V:214 H:266
C027A2 $D0 $08         BNE $C027AC                     A:0000 X:0006 Y:0006 S:04EF D:0240 DB:7E P:nvmxdIZC V:214 H:270
C027A4 $AF $DE $7F $7E LDA $7E7FDE                     A:0000 X:0006 Y:0006 S:04EF D:0240 DB:7E P:nvmxdIZC V:214 H:273
C027A8 $F0 $A8         BEQ $C02752                     A:0001 X:0006 Y:0006 S:04EF D:0240 DB:7E P:nvmxdIzC V:214 H:300
C027AA $80 $E9         BRA $C02795                     A:0001 X:0006 Y:0006 S:04EF D:0240 DB:7E P:nvmxdIzC V:214 H:303
C02795 $AF $FE $FF $C1 LDA $C1FFFE                     A:0001 X:0006 Y:0006 S:04EF D:0240 DB:7E P:nvmxdIzC V:214 H:307
C02799 $10 $09         BPL $C027A4                     A:FFFF X:0006 Y:0006 S:04EF D:0240 DB:7E P:NvmxdIzC V:214 H:316
C0279B $AF $F8 $7F $7E LDA $7E7FF8                     A:FFFF X:0006 Y:0006 S:04EF D:0240 DB:7E P:NvmxdIzC V:214 H:319
C0279F $29 $00 $10     AND #$1000                      A:0000 X:0006 Y:0006 S:04EF D:0240 DB:7E P:nvmxdIZC V:214 H:328
C027A2 $D0 $08         BNE $C027AC                     A:0000 X:0006 Y:0006 S:04EF D:0240 DB:7E P:nvmxdIZC V:214 H:333
C027A4 $AF $DE $7F $7E LDA $7E7FDE                     A:0000 X:0006 Y:0006 S:04EF D:0240 DB:7E P:nvmxdIZC V:214 H:336
C027A8 $F0 $A8         BEQ $C02752                     A:0001 X:0006 Y:0006 S:04EF D:0240 DB:7E P:nvmxdIzC V:215 H:6  
C027AA $80 $E9         BRA $C02795                     A:0001 X:0006 Y:0006 S:04EF D:0240 DB:7E P:nvmxdIzC V:215 H:9  
C02795 $AF $FE $FF $C1 LDA $C1FFFE                     A:0001 X:0006 Y:0006 S:04EF D:0240 DB:7E P:nvmxdIzC V:215 H:13 
C02799 $10 $09         BPL $C027A4                     A:FFFF X:0006 Y:0006 S:04EF D:0240 DB:7E P:NvmxdIzC V:215 H:22 
C0279B $AF $F8 $7F $7E LDA $7E7FF8                     A:FFFF X:0006 Y:0006 S:04EF D:0240 DB:7E P:NvmxdIzC V:215 H:25 
C0279F $29 $00 $10     AND #$1000                      A:0000 X:0006 Y:0006 S:04EF D:0240 DB:7E P:nvmxdIZC V:215 H:35 
C027A2 $D0 $08         BNE $C027AC                     A:0000 X:0006 Y:0006 S:04EF D:0240 DB:7E P:nvmxdIZC V:215 H:40 
C027A4 $AF $DE $7F $7E LDA $7E7FDE                     A:0000 X:0006 Y:0006 S:04EF D:0240 DB:7E P:nvmxdIZC V:215 H:43 
C027A8 $F0 $A8         BEQ $C02752                     A:0001 X:0006 Y:0006 S:04EF D:0240 DB:7E P:nvmxdIzC V:215 H:53 
C027AA $80 $E9         BRA $C02795                     A:0001 X:0006 Y:0006 S:04EF D:0240 DB:7E P:nvmxdIzC V:215 H:56 
C02795 $AF $FE $FF $C1 LDA $C1FFFE                     A:0001 X:0006 Y:0006 S:04EF D:0240 DB:7E P:nvmxdIzC V:215 H:60 
C02799 $10 $09         BPL $C027A4                     A:FFFF X:0006 Y:0006 S:04EF D:0240 DB:7E P:NvmxdIzC V:215 H:69 
C0279B $AF $F8 $7F $7E LDA $7E7FF8                     A:FFFF X:0006 Y:0006 S:04EF D:0240 DB:7E P:NvmxdIzC V:215 H:72 
C0279F $29 $00 $10     AND #$1000                      A:0000 X:0006 Y:0006 S:04EF D:0240 DB:7E P:nvmxdIZC V:215 H:82 
C027A2 $D0 $08         BNE $C027AC                     A:0000 X:0006 Y:0006 S:04EF D:0240 DB:7E P:nvmxdIZC V:215 H:87 
C027A4 $AF $DE $7F $7E LDA $7E7FDE                     A:0000 X:0006 Y:0006 S:04EF D:0240 DB:7E P:nvmxdIZC V:215 H:90 
C027A8 $F0 $A8         BEQ $C02752                     A:0001 X:0006 Y:0006 S:04EF D:0240 DB:7E P:nvmxdIzC V:215 H:100
C027AA $80 $E9         BRA $C02795                     A:0001 X:0006 Y:0006 S:04EF D:0240 DB:7E P:nvmxdIzC V:215 H:103
C02795 $AF $FE $FF $C1 LDA $C1FFFE                     A:0001 X:0006 Y:0006 S:04EF D:0240 DB:7E P:nvmxdIzC V:215 H:107
C02799 $10 $09         BPL $C027A4                     A:FFFF X:0006 Y:0006 S:04EF D:0240 DB:7E P:NvmxdIzC V:215 H:116
C0279B $AF $F8 $7F $7E LDA $7E7FF8                     A:FFFF X:0006 Y:0006 S:04EF D:0240 DB:7E P:NvmxdIzC V:215 H:119
C0279F $29 $00 $10     AND #$1000                      A:0000 X:0006 Y:0006 S:04EF D:0240 DB:7E P:nvmxdIZC V:215 H:129
C027A2 $D0 $08         BNE $C027AC                     A:0000 X:0006 Y:0006 S:04EF D:0240 DB:7E P:nvmxdIZC V:215 H:134
C027A4 $AF $DE $7F $7E LDA $7E7FDE                     A:0000 X:0006 Y:0006 S:04EF D:0240 DB:7E P:nvmxdIZC V:215 H:147
C027A8 $F0 $A8         BEQ $C02752                     A:0001 X:0006 Y:0006 S:04EF D:0240 DB:7E P:nvmxdIzC V:215 H:157
C027AA $80 $E9         BRA $C02795                     A:0001 X:0006 Y:0006 S:04EF D:0240 DB:7E P:nvmxdIzC V:215 H:160
C02795 $AF $FE $FF $C1 LDA $C1FFFE                     A:0001 X:0006 Y:0006 S:04EF D:0240 DB:7E P:nvmxdIzC V:215 H:164
C02799 $10 $09         BPL $C027A4                     A:FFFF X:0006 Y:0006 S:04EF D:0240 DB:7E P:NvmxdIzC V:215 H:173
C0279B $AF $F8 $7F $7E LDA $7E7FF8                     A:FFFF X:0006 Y:0006 S:04EF D:0240 DB:7E P:NvmxdIzC V:215 H:176
C0279F $29 $00 $10     AND #$1000                      A:0000 X:0006 Y:0006 S:04EF D:0240 DB:7E P:nvmxdIZC V:215 H:186
C027A2 $D0 $08         BNE $C027AC                     A:0000 X:0006 Y:0006 S:04EF D:0240 DB:7E P:nvmxdIZC V:215 H:191
C027A4 $AF $DE $7F $7E LDA $7E7FDE                     A:0000 X:0006 Y:0006 S:04EF D:0240 DB:7E P:nvmxdIZC V:215 H:194
C027A8 $F0 $A8         BEQ $C02752                     A:0001 X:0006 Y:0006 S:04EF D:0240 DB:7E P:nvmxdIzC V:215 H:204
C027AA $80 $E9         BRA $C02795                     A:0001 X:0006 Y:0006 S:04EF D:0240 DB:7E P:nvmxdIzC V:215 H:207
C02795 $AF $FE $FF $C1 LDA $C1FFFE                     A:0001 X:0006 Y:0006 S:04EF D:0240 DB:7E P:nvmxdIzC V:215 H:211
C02799 $10 $09         BPL $C027A4                     A:FFFF X:0006 Y:0006 S:04EF D:0240 DB:7E P:NvmxdIzC V:215 H:220
C0279B $AF $F8 $7F $7E LDA $7E7FF8                     A:FFFF X:0006 Y:0006 S:04EF D:0240 DB:7E P:NvmxdIzC V:215 H:223
C0279F $29 $00 $10     AND #$1000                      A:0000 X:0006 Y:0006 S:04EF D:0240 DB:7E P:nvmxdIZC V:215 H:233
C027A2 $D0 $08         BNE $C027AC                     A:0000 X:0006 Y:0006 S:04EF D:0240 DB:7E P:nvmxdIZC V:215 H:238
C027A4 $AF $DE $7F $7E LDA $7E7FDE                     A:0000 X:0006 Y:0006 S:04EF D:0240 DB:7E P:nvmxdIZC V:215 H:241
C027A8 $F0 $A8         BEQ $C02752                     A:0001 X:0006 Y:0006 S:04EF D:0240 DB:7E P:nvmxdIzC V:215 H:251
C027AA $80 $E9         BRA $C02795                     A:0001 X:0006 Y:0006 S:04EF D:0240 DB:7E P:nvmxdIzC V:215 H:254
C02795 $AF $FE $FF $C1 LDA $C1FFFE                     A:0001 X:0006 Y:0006 S:04EF D:0240 DB:7E P:nvmxdIzC V:215 H:258
C02799 $10 $09         BPL $C027A4                     A:FFFF X:0006 Y:0006 S:04EF D:0240 DB:7E P:NvmxdIzC V:215 H:267
C0279B $AF $F8 $7F $7E LDA $7E7FF8                     A:FFFF X:0006 Y:0006 S:04EF D:0240 DB:7E P:NvmxdIzC V:215 H:270
C0279F $29 $00 $10     AND #$1000                      A:0000 X:0006 Y:0006 S:04EF D:0240 DB:7E P:nvmxdIZC V:215 H:322
C027A2 $D0 $08         BNE $C027AC                     A:0000 X:0006 Y:0006 S:04EF D:0240 DB:7E P:nvmxdIZC V:215 H:326
C027A4 $AF $DE $7F $7E LDA $7E7FDE                     A:0000 X:0006 Y:0006 S:04EF D:0240 DB:7E P:nvmxdIZC V:215 H:329
C027A8 $F0 $A8         BEQ $C02752                     A:0001 X:0006 Y:0006 S:04EF D:0240 DB:7E P:nvmxdIzC V:215 H:339
C027AA $80 $E9         BRA $C02795                     A:0001 X:0006 Y:0006 S:04EF D:0240 DB:7E P:nvmxdIzC V:216 H:2  
C02795 $AF $FE $FF $C1 LDA $C1FFFE                     A:0001 X:0006 Y:0006 S:04EF D:0240 DB:7E P:nvmxdIzC V:216 H:6  
C02799 $10 $09         BPL $C027A4                     A:FFFF X:0006 Y:0006 S:04EF D:0240 DB:7E P:NvmxdIzC V:216 H:15 
C0279B $AF $F8 $7F $7E LDA $7E7FF8                     A:FFFF X:0006 Y:0006 S:04EF D:0240 DB:7E P:NvmxdIzC V:216 H:18 
C0279F $29 $00 $10     AND #$1000                      A:0000 X:0006 Y:0006 S:04EF D:0240 DB:7E P:nvmxdIZC V:216 H:28 
C027A2 $D0 $08         BNE $C027AC                     A:0000 X:0006 Y:0006 S:04EF D:0240 DB:7E P:nvmxdIZC V:216 H:33 
C027A4 $AF $DE $7F $7E LDA $7E7FDE                     A:0000 X:0006 Y:0006 S:04EF D:0240 DB:7E P:nvmxdIZC V:216 H:36 
C027A8 $F0 $A8         BEQ $C02752                     A:0001 X:0006 Y:0006 S:04EF D:0240 DB:7E P:nvmxdIzC V:216 H:46 
C027AA $80 $E9         BRA $C02795                     A:0001 X:0006 Y:0006 S:04EF D:0240 DB:7E P:nvmxdIzC V:216 H:49 
C02795 $AF $FE $FF $C1 LDA $C1FFFE                     A:0001 X:0006 Y:0006 S:04EF D:0240 DB:7E P:nvmxdIzC V:216 H:53 
C02799 $10 $09         BPL $C027A4                     A:FFFF X:0006 Y:0006 S:04EF D:0240 DB:7E P:NvmxdIzC V:216 H:62 
C0279B $AF $F8 $7F $7E LDA $7E7FF8                     A:FFFF X:0006 Y:0006 S:04EF D:0240 DB:7E P:NvmxdIzC V:216 H:65 
C0279F $29 $00 $10     AND #$1000                      A:0000 X:0006 Y:0006 S:04EF D:0240 DB:7E P:nvmxdIZC V:216 H:75 
C027A2 $D0 $08         BNE $C027AC                     A:0000 X:0006 Y:0006 S:04EF D:0240 DB:7E P:nvmxdIZC V:216 H:80 
C027A4 $AF $DE $7F $7E LDA $7E7FDE                     A:0000 X:0006 Y:0006 S:04EF D:0240 DB:7E P:nvmxdIZC V:216 H:83 
C027A8 $F0 $A8         BEQ $C02752                     A:0001 X:0006 Y:0006 S:04EF D:0240 DB:7E P:nvmxdIzC V:216 H:93 
C027AA $80 $E9         BRA $C02795                     A:0001 X:0006 Y:0006 S:04EF D:0240 DB:7E P:nvmxdIzC V:216 H:96 
C02795 $AF $FE $FF $C1 LDA $C1FFFE                     A:0001 X:0006 Y:0006 S:04EF D:0240 DB:7E P:nvmxdIzC V:216 H:100
C02799 $10 $09         BPL $C027A4                     A:FFFF X:0006 Y:0006 S:04EF D:0240 DB:7E P:NvmxdIzC V:216 H:109
C0279B $AF $F8 $7F $7E LDA $7E7FF8                     A:FFFF X:0006 Y:0006 S:04EF D:0240 DB:7E P:NvmxdIzC V:216 H:112
C0279F $29 $00 $10     AND #$1000                      A:0000 X:0006 Y:0006 S:04EF D:0240 DB:7E P:nvmxdIZC V:216 H:122
C027A2 $D0 $08         BNE $C027AC                     A:0000 X:0006 Y:0006 S:04EF D:0240 DB:7E P:nvmxdIZC V:216 H:127
C027A4 $AF $DE $7F $7E LDA $7E7FDE                     A:0000 X:0006 Y:0006 S:04EF D:0240 DB:7E P:nvmxdIZC V:216 H:130
C027A8 $F0 $A8         BEQ $C02752                     A:0001 X:0006 Y:0006 S:04EF D:0240 DB:7E P:nvmxdIzC V:216 H:150
C027AA $80 $E9         BRA $C02795                     A:0001 X:0006 Y:0006 S:04EF D:0240 DB:7E P:nvmxdIzC V:216 H:153
C02795 $AF $FE $FF $C1 LDA $C1FFFE                     A:0001 X:0006 Y:0006 S:04EF D:0240 DB:7E P:nvmxdIzC V:216 H:157
C02799 $10 $09         BPL $C027A4                     A:FFFF X:0006 Y:0006 S:04EF D:0240 DB:7E P:NvmxdIzC V:216 H:166
C0279B $AF $F8 $7F $7E LDA $7E7FF8                     A:FFFF X:0006 Y:0006 S:04EF D:0240 DB:7E P:NvmxdIzC V:216 H:169
C0279F $29 $00 $10     AND #$1000                      A:0000 X:0006 Y:0006 S:04EF D:0240 DB:7E P:nvmxdIZC V:216 H:179
C027A2 $D0 $08         BNE $C027AC                     A:0000 X:0006 Y:0006 S:04EF D:0240 DB:7E P:nvmxdIZC V:216 H:184
C027A4 $AF $DE $7F $7E LDA $7E7FDE                     A:0000 X:0006 Y:0006 S:04EF D:0240 DB:7E P:nvmxdIZC V:216 H:187
C027A8 $F0 $A8         BEQ $C02752                     A:0001 X:0006 Y:0006 S:04EF D:0240 DB:7E P:nvmxdIzC V:216 H:197
C027AA $80 $E9         BRA $C02795                     A:0001 X:0006 Y:0006 S:04EF D:0240 DB:7E P:nvmxdIzC V:216 H:200
C02795 $AF $FE $FF $C1 LDA $C1FFFE                     A:0001 X:0006 Y:0006 S:04EF D:0240 DB:7E P:nvmxdIzC V:216 H:204
C02799 $10 $09         BPL $C027A4                     A:FFFF X:0006 Y:0006 S:04EF D:0240 DB:7E P:NvmxdIzC V:216 H:213
C0279B $AF $F8 $7F $7E LDA $7E7FF8                     A:FFFF X:0006 Y:0006 S:04EF D:0240 DB:7E P:NvmxdIzC V:216 H:216
C0279F $29 $00 $10     AND #$1000                      A:0000 X:0006 Y:0006 S:04EF D:0240 DB:7E P:nvmxdIZC V:216 H:226
C027A2 $D0 $08         BNE $C027AC                     A:0000 X:0006 Y:0006 S:04EF D:0240 DB:7E P:nvmxdIZC V:216 H:231
C027A4 $AF $DE $7F $7E LDA $7E7FDE                     A:0000 X:0006 Y:0006 S:04EF D:0240 DB:7E P:nvmxdIZC V:216 H:234
C027A8 $F0 $A8         BEQ $C02752                     A:0001 X:0006 Y:0006 S:04EF D:0240 DB:7E P:nvmxdIzC V:216 H:244
C027AA $80 $E9         BRA $C02795                     A:0001 X:0006 Y:0006 S:04EF D:0240 DB:7E P:nvmxdIzC V:216 H:247
C02795 $AF $FE $FF $C1 LDA $C1FFFE                     A:0001 X:0006 Y:0006 S:04EF D:0240 DB:7E P:nvmxdIzC V:216 H:251
C02799 $10 $09         BPL $C027A4                     A:FFFF X:0006 Y:0006 S:04EF D:0240 DB:7E P:NvmxdIzC V:216 H:260
C0279B $AF $F8 $7F $7E LDA $7E7FF8                     A:FFFF X:0006 Y:0006 S:04EF D:0240 DB:7E P:NvmxdIzC V:216 H:263
C0279F $29 $00 $10     AND #$1000                      A:0000 X:0006 Y:0006 S:04EF D:0240 DB:7E P:nvmxdIZC V:216 H:273
C027A2 $D0 $08         BNE $C027AC                     A:0000 X:0006 Y:0006 S:04EF D:0240 DB:7E P:nvmxdIZC V:216 H:320
C027A4 $AF $DE $7F $7E LDA $7E7FDE                     A:0000 X:0006 Y:0006 S:04EF D:0240 DB:7E P:nvmxdIZC V:216 H:323
C027A8 $F0 $A8         BEQ $C02752                     A:0001 X:0006 Y:0006 S:04EF D:0240 DB:7E P:nvmxdIzC V:216 H:332
C027AA $80 $E9         BRA $C02795                     A:0001 X:0006 Y:0006 S:04EF D:0240 DB:7E P:nvmxdIzC V:216 H:335
C02795 $AF $FE $FF $C1 LDA $C1FFFE                     A:0001 X:0006 Y:0006 S:04EF D:0240 DB:7E P:nvmxdIzC V:216 H:339
C02799 $10 $09         BPL $C027A4                     A:FFFF X:0006 Y:0006 S:04EF D:0240 DB:7E P:NvmxdIzC V:217 H:8  
C0279B $AF $F8 $7F $7E LDA $7E7FF8                     A:FFFF X:0006 Y:0006 S:04EF D:0240 DB:7E P:NvmxdIzC V:217 H:11 
C0279F $29 $00 $10     AND #$1000                      A:0000 X:0006 Y:0006 S:04EF D:0240 DB:7E P:nvmxdIZC V:217 H:21 
C027A2 $D0 $08         BNE $C027AC                     A:0000 X:0006 Y:0006 S:04EF D:0240 DB:7E P:nvmxdIZC V:217 H:26 
C027A4 $AF $DE $7F $7E LDA $7E7FDE                     A:0000 X:0006 Y:0006 S:04EF D:0240 DB:7E P:nvmxdIZC V:217 H:29 
C027A8 $F0 $A8         BEQ $C02752                     A:0001 X:0006 Y:0006 S:04EF D:0240 DB:7E P:nvmxdIzC V:217 H:39 
C027AA $80 $E9         BRA $C02795                     A:0001 X:0006 Y:0006 S:04EF D:0240 DB:7E P:nvmxdIzC V:217 H:42 
C02795 $AF $FE $FF $C1 LDA $C1FFFE                     A:0001 X:0006 Y:0006 S:04EF D:0240 DB:7E P:nvmxdIzC V:217 H:46 
C02799 $10 $09         BPL $C027A4                     A:FFFF X:0006 Y:0006 S:04EF D:0240 DB:7E P:NvmxdIzC V:217 H:55 
C0279B $AF $F8 $7F $7E LDA $7E7FF8                     A:FFFF X:0006 Y:0006 S:04EF D:0240 DB:7E P:NvmxdIzC V:217 H:58 
C0279F $29 $00 $10     AND #$1000                      A:0000 X:0006 Y:0006 S:04EF D:0240 DB:7E P:nvmxdIZC V:217 H:68 
C027A2 $D0 $08         BNE $C027AC                     A:0000 X:0006 Y:0006 S:04EF D:0240 DB:7E P:nvmxdIZC V:217 H:73 
C027A4 $AF $DE $7F $7E LDA $7E7FDE                     A:0000 X:0006 Y:0006 S:04EF D:0240 DB:7E P:nvmxdIZC V:217 H:76 
C027A8 $F0 $A8         BEQ $C02752                     A:0001 X:0006 Y:0006 S:04EF D:0240 DB:7E P:nvmxdIzC V:217 H:86 
C027AA $80 $E9         BRA $C02795                     A:0001 X:0006 Y:0006 S:04EF D:0240 DB:7E P:nvmxdIzC V:217 H:89 
C02795 $AF $FE $FF $C1 LDA $C1FFFE                     A:0001 X:0006 Y:0006 S:04EF D:0240 DB:7E P:nvmxdIzC V:217 H:93 
C02799 $10 $09         BPL $C027A4                     A:FFFF X:0006 Y:0006 S:04EF D:0240 DB:7E P:NvmxdIzC V:217 H:102
C0279B $AF $F8 $7F $7E LDA $7E7FF8                     A:FFFF X:0006 Y:0006 S:04EF D:0240 DB:7E P:NvmxdIzC V:217 H:105
C0279F $29 $00 $10     AND #$1000                      A:0000 X:0006 Y:0006 S:04EF D:0240 DB:7E P:nvmxdIZC V:217 H:115
C027A2 $D0 $08         BNE $C027AC                     A:0000 X:0006 Y:0006 S:04EF D:0240 DB:7E P:nvmxdIZC V:217 H:120
C027A4 $AF $DE $7F $7E LDA $7E7FDE                     A:0000 X:0006 Y:0006 S:04EF D:0240 DB:7E P:nvmxdIZC V:217 H:123
C027A8 $F0 $A8         BEQ $C02752                     A:0001 X:0006 Y:0006 S:04EF D:0240 DB:7E P:nvmxdIzC V:217 H:133
C027AA $80 $E9         BRA $C02795                     A:0001 X:0006 Y:0006 S:04EF D:0240 DB:7E P:nvmxdIzC V:217 H:146
C02795 $AF $FE $FF $C1 LDA $C1FFFE                     A:0001 X:0006 Y:0006 S:04EF D:0240 DB:7E P:nvmxdIzC V:217 H:150
C02799 $10 $09         BPL $C027A4                     A:FFFF X:0006 Y:0006 S:04EF D:0240 DB:7E P:NvmxdIzC V:217 H:159
C0279B $AF $F8 $7F $7E LDA $7E7FF8                     A:FFFF X:0006 Y:0006 S:04EF D:0240 DB:7E P:NvmxdIzC V:217 H:162
C0279F $29 $00 $10     AND #$1000                      A:0000 X:0006 Y:0006 S:04EF D:0240 DB:7E P:nvmxdIZC V:217 H:172
C027A2 $D0 $08         BNE $C027AC                     A:0000 X:0006 Y:0006 S:04EF D:0240 DB:7E P:nvmxdIZC V:217 H:177
C027A4 $AF $DE $7F $7E LDA $7E7FDE                     A:0000 X:0006 Y:0006 S:04EF D:0240 DB:7E P:nvmxdIZC V:217 H:180
C027A8 $F0 $A8         BEQ $C02752                     A:0001 X:0006 Y:0006 S:04EF D:0240 DB:7E P:nvmxdIzC V:217 H:190
C027AA $80 $E9         BRA $C02795                     A:0001 X:0006 Y:0006 S:04EF D:0240 DB:7E P:nvmxdIzC V:217 H:193
C02795 $AF $FE $FF $C1 LDA $C1FFFE                     A:0001 X:0006 Y:0006 S:04EF D:0240 DB:7E P:nvmxdIzC V:217 H:197
C02799 $10 $09         BPL $C027A4                     A:FFFF X:0006 Y:0006 S:04EF D:0240 DB:7E P:NvmxdIzC V:217 H:206
C0279B $AF $F8 $7F $7E LDA $7E7FF8                     A:FFFF X:0006 Y:0006 S:04EF D:0240 DB:7E P:NvmxdIzC V:217 H:209
C0279F $29 $00 $10     AND #$1000                      A:0000 X:0006 Y:0006 S:04EF D:0240 DB:7E P:nvmxdIZC V:217 H:219
C027A2 $D0 $08         BNE $C027AC                     A:0000 X:0006 Y:0006 S:04EF D:0240 DB:7E P:nvmxdIZC V:217 H:224
C027A4 $AF $DE $7F $7E LDA $7E7FDE                     A:0000 X:0006 Y:0006 S:04EF D:0240 DB:7E P:nvmxdIZC V:217 H:227
C027A8 $F0 $A8         BEQ $C02752                     A:0001 X:0006 Y:0006 S:04EF D:0240 DB:7E P:nvmxdIzC V:217 H:237
C027AA $80 $E9         BRA $C02795                     A:0001 X:0006 Y:0006 S:04EF D:0240 DB:7E P:nvmxdIzC V:217 H:240
C02795 $AF $FE $FF $C1 LDA $C1FFFE                     A:0001 X:0006 Y:0006 S:04EF D:0240 DB:7E P:nvmxdIzC V:217 H:244
C02799 $10 $09         BPL $C027A4                     A:FFFF X:0006 Y:0006 S:04EF D:0240 DB:7E P:NvmxdIzC V:217 H:253
C0279B $AF $F8 $7F $7E LDA $7E7FF8                     A:FFFF X:0006 Y:0006 S:04EF D:0240 DB:7E P:NvmxdIzC V:217 H:256
C0279F $29 $00 $10     AND #$1000                      A:0000 X:0006 Y:0006 S:04EF D:0240 DB:7E P:nvmxdIZC V:217 H:266
C027A2 $D0 $08         BNE $C027AC                     A:0000 X:0006 Y:0006 S:04EF D:0240 DB:7E P:nvmxdIZC V:217 H:271
C027A4 $AF $DE $7F $7E LDA $7E7FDE                     A:0000 X:0006 Y:0006 S:04EF D:0240 DB:7E P:nvmxdIZC V:217 H:274
C027A8 $F0 $A8         BEQ $C02752                     A:0001 X:0006 Y:0006 S:04EF D:0240 DB:7E P:nvmxdIzC V:217 H:300
C027AA $80 $E9         BRA $C02795                     A:0001 X:0006 Y:0006 S:04EF D:0240 DB:7E P:nvmxdIzC V:217 H:303
C02795 $AF $FE $FF $C1 LDA $C1FFFE                     A:0001 X:0006 Y:0006 S:04EF D:0240 DB:7E P:nvmxdIzC V:217 H:308
C02799 $10 $09         BPL $C027A4                     A:FFFF X:0006 Y:0006 S:04EF D:0240 DB:7E P:NvmxdIzC V:217 H:317
C0279B $AF $F8 $7F $7E LDA $7E7FF8                     A:FFFF X:0006 Y:0006 S:04EF D:0240 DB:7E P:NvmxdIzC V:217 H:320
C0279F $29 $00 $10     AND #$1000                      A:0000 X:0006 Y:0006 S:04EF D:0240 DB:7E P:nvmxdIZC V:217 H:329
C027A2 $D0 $08         BNE $C027AC                     A:0000 X:0006 Y:0006 S:04EF D:0240 DB:7E P:nvmxdIZC V:217 H:333
C027A4 $AF $DE $7F $7E LDA $7E7FDE                     A:0000 X:0006 Y:0006 S:04EF D:0240 DB:7E P:nvmxdIZC V:217 H:336
C027A8 $F0 $A8         BEQ $C02752                     A:0001 X:0006 Y:0006 S:04EF D:0240 DB:7E P:nvmxdIzC V:218 H:6  
C027AA $80 $E9         BRA $C02795                     A:0001 X:0006 Y:0006 S:04EF D:0240 DB:7E P:nvmxdIzC V:218 H:9  
C02795 $AF $FE $FF $C1 LDA $C1FFFE                     A:0001 X:0006 Y:0006 S:04EF D:0240 DB:7E P:nvmxdIzC V:218 H:14 
C02799 $10 $09         BPL $C027A4                     A:FFFF X:0006 Y:0006 S:04EF D:0240 DB:7E P:NvmxdIzC V:218 H:23 
C0279B $AF $F8 $7F $7E LDA $7E7FF8                     A:FFFF X:0006 Y:0006 S:04EF D:0240 DB:7E P:NvmxdIzC V:218 H:26 
C0279F $29 $00 $10     AND #$1000                      A:0000 X:0006 Y:0006 S:04EF D:0240 DB:7E P:nvmxdIZC V:218 H:36 
C027A2 $D0 $08         BNE $C027AC                     A:0000 X:0006 Y:0006 S:04EF D:0240 DB:7E P:nvmxdIZC V:218 H:40 
C027A4 $AF $DE $7F $7E LDA $7E7FDE                     A:0000 X:0006 Y:0006 S:04EF D:0240 DB:7E P:nvmxdIZC V:218 H:43 
C027A8 $F0 $A8         BEQ $C02752                     A:0001 X:0006 Y:0006 S:04EF D:0240 DB:7E P:nvmxdIzC V:218 H:53 
C027AA $80 $E9         BRA $C02795                     A:0001 X:0006 Y:0006 S:04EF D:0240 DB:7E P:nvmxdIzC V:218 H:56 
C02795 $AF $FE $FF $C1 LDA $C1FFFE                     A:0001 X:0006 Y:0006 S:04EF D:0240 DB:7E P:nvmxdIzC V:218 H:61 
C02799 $10 $09         BPL $C027A4                     A:FFFF X:0006 Y:0006 S:04EF D:0240 DB:7E P:NvmxdIzC V:218 H:70 
C0279B $AF $F8 $7F $7E LDA $7E7FF8                     A:FFFF X:0006 Y:0006 S:04EF D:0240 DB:7E P:NvmxdIzC V:218 H:73 
C0279F $29 $00 $10     AND #$1000                      A:0000 X:0006 Y:0006 S:04EF D:0240 DB:7E P:nvmxdIZC V:218 H:83 
C027A2 $D0 $08         BNE $C027AC                     A:0000 X:0006 Y:0006 S:04EF D:0240 DB:7E P:nvmxdIZC V:218 H:87 
C027A4 $AF $DE $7F $7E LDA $7E7FDE                     A:0000 X:0006 Y:0006 S:04EF D:0240 DB:7E P:nvmxdIZC V:218 H:90 
C027A8 $F0 $A8         BEQ $C02752                     A:0001 X:0006 Y:0006 S:04EF D:0240 DB:7E P:nvmxdIzC V:218 H:100
C027AA $80 $E9         BRA $C02795                     A:0001 X:0006 Y:0006 S:04EF D:0240 DB:7E P:nvmxdIzC V:218 H:103
C02795 $AF $FE $FF $C1 LDA $C1FFFE                     A:0001 X:0006 Y:0006 S:04EF D:0240 DB:7E P:nvmxdIzC V:218 H:108
C02799 $10 $09         BPL $C027A4                     A:FFFF X:0006 Y:0006 S:04EF D:0240 DB:7E P:NvmxdIzC V:218 H:117
C0279B $AF $F8 $7F $7E LDA $7E7FF8                     A:FFFF X:0006 Y:0006 S:04EF D:0240 DB:7E P:NvmxdIzC V:218 H:120
C0279F $29 $00 $10     AND #$1000                      A:0000 X:0006 Y:0006 S:04EF D:0240 DB:7E P:nvmxdIZC V:218 H:130
C027A2 $D0 $08         BNE $C027AC                     A:0000 X:0006 Y:0006 S:04EF D:0240 DB:7E P:nvmxdIZC V:218 H:144
C027A4 $AF $DE $7F $7E LDA $7E7FDE                     A:0000 X:0006 Y:0006 S:04EF D:0240 DB:7E P:nvmxdIZC V:218 H:147
C027A8 $F0 $A8         BEQ $C02752                     A:0001 X:0006 Y:0006 S:04EF D:0240 DB:7E P:nvmxdIzC V:218 H:157
C027AA $80 $E9         BRA $C02795                     A:0001 X:0006 Y:0006 S:04EF D:0240 DB:7E P:nvmxdIzC V:218 H:160
C02795 $AF $FE $FF $C1 LDA $C1FFFE                     A:0001 X:0006 Y:0006 S:04EF D:0240 DB:7E P:nvmxdIzC V:218 H:165
C02799 $10 $09         BPL $C027A4                     A:FFFF X:0006 Y:0006 S:04EF D:0240 DB:7E P:NvmxdIzC V:218 H:174
C0279B $AF $F8 $7F $7E LDA $7E7FF8                     A:FFFF X:0006 Y:0006 S:04EF D:0240 DB:7E P:NvmxdIzC V:218 H:177
C0279F $29 $00 $10     AND #$1000                      A:0000 X:0006 Y:0006 S:04EF D:0240 DB:7E P:nvmxdIZC V:218 H:187
C027A2 $D0 $08         BNE $C027AC                     A:0000 X:0006 Y:0006 S:04EF D:0240 DB:7E P:nvmxdIZC V:218 H:191
C027A4 $AF $DE $7F $7E LDA $7E7FDE                     A:0000 X:0006 Y:0006 S:04EF D:0240 DB:7E P:nvmxdIZC V:218 H:194
C027A8 $F0 $A8         BEQ $C02752                     A:0001 X:0006 Y:0006 S:04EF D:0240 DB:7E P:nvmxdIzC V:218 H:204
C027AA $80 $E9         BRA $C02795                     A:0001 X:0006 Y:0006 S:04EF D:0240 DB:7E P:nvmxdIzC V:218 H:207
C02795 $AF $FE $FF $C1 LDA $C1FFFE                     A:0001 X:0006 Y:0006 S:04EF D:0240 DB:7E P:nvmxdIzC V:218 H:212
C02799 $10 $09         BPL $C027A4                     A:FFFF X:0006 Y:0006 S:04EF D:0240 DB:7E P:NvmxdIzC V:218 H:221
C0279B $AF $F8 $7F $7E LDA $7E7FF8                     A:FFFF X:0006 Y:0006 S:04EF D:0240 DB:7E P:NvmxdIzC V:218 H:224
C0279F $29 $00 $10     AND #$1000                      A:0000 X:0006 Y:0006 S:04EF D:0240 DB:7E P:nvmxdIZC V:218 H:234
C027A2 $D0 $08         BNE $C027AC                     A:0000 X:0006 Y:0006 S:04EF D:0240 DB:7E P:nvmxdIZC V:218 H:238
C027A4 $AF $DE $7F $7E LDA $7E7FDE                     A:0000 X:0006 Y:0006 S:04EF D:0240 DB:7E P:nvmxdIZC V:218 H:241
C027A8 $F0 $A8         BEQ $C02752                     A:0001 X:0006 Y:0006 S:04EF D:0240 DB:7E P:nvmxdIzC V:218 H:251
C027AA $80 $E9         BRA $C02795                     A:0001 X:0006 Y:0006 S:04EF D:0240 DB:7E P:nvmxdIzC V:218 H:254
C02795 $AF $FE $FF $C1 LDA $C1FFFE                     A:0001 X:0006 Y:0006 S:04EF D:0240 DB:7E P:nvmxdIzC V:218 H:259
C02799 $10 $09         BPL $C027A4                     A:FFFF X:0006 Y:0006 S:04EF D:0240 DB:7E P:NvmxdIzC V:218 H:268
C0279B $AF $F8 $7F $7E LDA $7E7FF8                     A:FFFF X:0006 Y:0006 S:04EF D:0240 DB:7E P:NvmxdIzC V:218 H:271
C0279F $29 $00 $10     AND #$1000                      A:0000 X:0006 Y:0006 S:04EF D:0240 DB:7E P:nvmxdIZC V:218 H:297
C027A2 $D0 $08         BNE $C027AC                     A:0000 X:0006 Y:0006 S:04EF D:0240 DB:7E P:nvmxdIZC V:218 H:301
C027A4 $AF $DE $7F $7E LDA $7E7FDE                     A:0000 X:0006 Y:0006 S:04EF D:0240 DB:7E P:nvmxdIZC V:218 H:304
C027A8 $F0 $A8         BEQ $C02752                     A:0001 X:0006 Y:0006 S:04EF D:0240 DB:7E P:nvmxdIzC V:218 H:314
C027AA $80 $E9         BRA $C02795                     A:0001 X:0006 Y:0006 S:04EF D:0240 DB:7E P:nvmxdIzC V:218 H:317
C02795 $AF $FE $FF $C1 LDA $C1FFFE                     A:0001 X:0006 Y:0006 S:04EF D:0240 DB:7E P:nvmxdIzC V:218 H:322
C02799 $10 $09         BPL $C027A4                     A:FFFF X:0006 Y:0006 S:04EF D:0240 DB:7E P:NvmxdIzC V:218 H:330
C0279B $AF $F8 $7F $7E LDA $7E7FF8                     A:FFFF X:0006 Y:0006 S:04EF D:0240 DB:7E P:NvmxdIzC V:218 H:333
C0279F $29 $00 $10     AND #$1000                      A:0000 X:0006 Y:0006 S:04EF D:0240 DB:7E P:nvmxdIZC V:219 H:3  
C027A2 $D0 $08         BNE $C027AC                     A:0000 X:0006 Y:0006 S:04EF D:0240 DB:7E P:nvmxdIZC V:219 H:7  
C027A4 $AF $DE $7F $7E LDA $7E7FDE                     A:0000 X:0006 Y:0006 S:04EF D:0240 DB:7E P:nvmxdIZC V:219 H:10 
C027A8 $F0 $A8         BEQ $C02752                     A:0001 X:0006 Y:0006 S:04EF D:0240 DB:7E P:nvmxdIzC V:219 H:20 
C027AA $80 $E9         BRA $C02795                     A:0001 X:0006 Y:0006 S:04EF D:0240 DB:7E P:nvmxdIzC V:219 H:23 
C02795 $AF $FE $FF $C1 LDA $C1FFFE                     A:0001 X:0006 Y:0006 S:04EF D:0240 DB:7E P:nvmxdIzC V:219 H:28 
C02799 $10 $09         BPL $C027A4                     A:FFFF X:0006 Y:0006 S:04EF D:0240 DB:7E P:NvmxdIzC V:219 H:37 
C0279B $AF $F8 $7F $7E LDA $7E7FF8                     A:FFFF X:0006 Y:0006 S:04EF D:0240 DB:7E P:NvmxdIzC V:219 H:40 
C0279F $29 $00 $10     AND #$1000                      A:0000 X:0006 Y:0006 S:04EF D:0240 DB:7E P:nvmxdIZC V:219 H:50 
C027A2 $D0 $08         BNE $C027AC                     A:0000 X:0006 Y:0006 S:04EF D:0240 DB:7E P:nvmxdIZC V:219 H:54 
C027A4 $AF $DE $7F $7E LDA $7E7FDE                     A:0000 X:0006 Y:0006 S:04EF D:0240 DB:7E P:nvmxdIZC V:219 H:57 
C027A8 $F0 $A8         BEQ $C02752                     A:0001 X:0006 Y:0006 S:04EF D:0240 DB:7E P:nvmxdIzC V:219 H:67 
C027AA $80 $E9         BRA $C02795                     A:0001 X:0006 Y:0006 S:04EF D:0240 DB:7E P:nvmxdIzC V:219 H:70 
C02795 $AF $FE $FF $C1 LDA $C1FFFE                     A:0001 X:0006 Y:0006 S:04EF D:0240 DB:7E P:nvmxdIzC V:219 H:75 
C02799 $10 $09         BPL $C027A4                     A:FFFF X:0006 Y:0006 S:04EF D:0240 DB:7E P:NvmxdIzC V:219 H:84 
C0279B $AF $F8 $7F $7E LDA $7E7FF8                     A:FFFF X:0006 Y:0006 S:04EF D:0240 DB:7E P:NvmxdIzC V:219 H:87 
C0279F $29 $00 $10     AND #$1000                      A:0000 X:0006 Y:0006 S:04EF D:0240 DB:7E P:nvmxdIZC V:219 H:97 
C027A2 $D0 $08         BNE $C027AC                     A:0000 X:0006 Y:0006 S:04EF D:0240 DB:7E P:nvmxdIZC V:219 H:101
C027A4 $AF $DE $7F $7E LDA $7E7FDE                     A:0000 X:0006 Y:0006 S:04EF D:0240 DB:7E P:nvmxdIZC V:219 H:104
C027A8 $F0 $A8         BEQ $C02752                     A:0001 X:0006 Y:0006 S:04EF D:0240 DB:7E P:nvmxdIzC V:219 H:114
C027AA $80 $E9         BRA $C02795                     A:0001 X:0006 Y:0006 S:04EF D:0240 DB:7E P:nvmxdIzC V:219 H:117
C02795 $AF $FE $FF $C1 LDA $C1FFFE                     A:0001 X:0006 Y:0006 S:04EF D:0240 DB:7E P:nvmxdIzC V:219 H:122
C02799 $10 $09         BPL $C027A4                     A:FFFF X:0006 Y:0006 S:04EF D:0240 DB:7E P:NvmxdIzC V:219 H:131
C0279B $AF $F8 $7F $7E LDA $7E7FF8                     A:FFFF X:0006 Y:0006 S:04EF D:0240 DB:7E P:NvmxdIzC V:219 H:134
C0279F $29 $00 $10     AND #$1000                      A:0000 X:0006 Y:0006 S:04EF D:0240 DB:7E P:nvmxdIZC V:219 H:154
C027A2 $D0 $08         BNE $C027AC                     A:0000 X:0006 Y:0006 S:04EF D:0240 DB:7E P:nvmxdIZC V:219 H:158
C027A4 $AF $DE $7F $7E LDA $7E7FDE                     A:0000 X:0006 Y:0006 S:04EF D:0240 DB:7E P:nvmxdIZC V:219 H:161
C027A8 $F0 $A8         BEQ $C02752                     A:0001 X:0006 Y:0006 S:04EF D:0240 DB:7E P:nvmxdIzC V:219 H:171
C027AA $80 $E9         BRA $C02795                     A:0001 X:0006 Y:0006 S:04EF D:0240 DB:7E P:nvmxdIzC V:219 H:174
C02795 $AF $FE $FF $C1 LDA $C1FFFE                     A:0001 X:0006 Y:0006 S:04EF D:0240 DB:7E P:nvmxdIzC V:219 H:179
C02799 $10 $09         BPL $C027A4                     A:FFFF X:0006 Y:0006 S:04EF D:0240 DB:7E P:NvmxdIzC V:219 H:188
C0279B $AF $F8 $7F $7E LDA $7E7FF8                     A:FFFF X:0006 Y:0006 S:04EF D:0240 DB:7E P:NvmxdIzC V:219 H:191
C0279F $29 $00 $10     AND #$1000                      A:0000 X:0006 Y:0006 S:04EF D:0240 DB:7E P:nvmxdIZC V:219 H:201
C027A2 $D0 $08         BNE $C027AC                     A:0000 X:0006 Y:0006 S:04EF D:0240 DB:7E P:nvmxdIZC V:219 H:205
C027A4 $AF $DE $7F $7E LDA $7E7FDE                     A:0000 X:0006 Y:0006 S:04EF D:0240 DB:7E P:nvmxdIZC V:219 H:208
C027A8 $F0 $A8         BEQ $C02752                     A:0001 X:0006 Y:0006 S:04EF D:0240 DB:7E P:nvmxdIzC V:219 H:218
C027AA $80 $E9         BRA $C02795                     A:0001 X:0006 Y:0006 S:04EF D:0240 DB:7E P:nvmxdIzC V:219 H:221
C02795 $AF $FE $FF $C1 LDA $C1FFFE                     A:0001 X:0006 Y:0006 S:04EF D:0240 DB:7E P:nvmxdIzC V:219 H:226
C02799 $10 $09         BPL $C027A4                     A:FFFF X:0006 Y:0006 S:04EF D:0240 DB:7E P:NvmxdIzC V:219 H:235
C0279B $AF $F8 $7F $7E LDA $7E7FF8                     A:FFFF X:0006 Y:0006 S:04EF D:0240 DB:7E P:NvmxdIzC V:219 H:238
C0279F $29 $00 $10     AND #$1000                      A:0000 X:0006 Y:0006 S:04EF D:0240 DB:7E P:nvmxdIZC V:219 H:248
C027A2 $D0 $08         BNE $C027AC                     A:0000 X:0006 Y:0006 S:04EF D:0240 DB:7E P:nvmxdIZC V:219 H:252
C027A4 $AF $DE $7F $7E LDA $7E7FDE                     A:0000 X:0006 Y:0006 S:04EF D:0240 DB:7E P:nvmxdIZC V:219 H:255
C027A8 $F0 $A8         BEQ $C02752                     A:0001 X:0006 Y:0006 S:04EF D:0240 DB:7E P:nvmxdIzC V:219 H:265
C027AA $80 $E9         BRA $C02795                     A:0001 X:0006 Y:0006 S:04EF D:0240 DB:7E P:nvmxdIzC V:219 H:268
C02795 $AF $FE $FF $C1 LDA $C1FFFE                     A:0001 X:0006 Y:0006 S:04EF D:0240 DB:7E P:nvmxdIzC V:219 H:273
C02799 $10 $09         BPL $C027A4                     A:FFFF X:0006 Y:0006 S:04EF D:0240 DB:7E P:NvmxdIzC V:219 H:298
C0279B $AF $F8 $7F $7E LDA $7E7FF8                     A:FFFF X:0006 Y:0006 S:04EF D:0240 DB:7E P:NvmxdIzC V:219 H:301
C0279F $29 $00 $10     AND #$1000                      A:0000 X:0006 Y:0006 S:04EF D:0240 DB:7E P:nvmxdIZC V:219 H:311
C027A2 $D0 $08         BNE $C027AC                     A:0000 X:0006 Y:0006 S:04EF D:0240 DB:7E P:nvmxdIZC V:219 H:316
C027A4 $AF $DE $7F $7E LDA $7E7FDE                     A:0000 X:0006 Y:0006 S:04EF D:0240 DB:7E P:nvmxdIZC V:219 H:319
C027A8 $F0 $A8         BEQ $C02752                     A:0001 X:0006 Y:0006 S:04EF D:0240 DB:7E P:nvmxdIzC V:219 H:328
C027AA $80 $E9         BRA $C02795                     A:0001 X:0006 Y:0006 S:04EF D:0240 DB:7E P:nvmxdIzC V:219 H:331
C02795 $AF $FE $FF $C1 LDA $C1FFFE                     A:0001 X:0006 Y:0006 S:04EF D:0240 DB:7E P:nvmxdIzC V:219 H:335
C02799 $10 $09         BPL $C027A4                     A:FFFF X:0006 Y:0006 S:04EF D:0240 DB:7E P:NvmxdIzC V:220 H:4  
C0279B $AF $F8 $7F $7E LDA $7E7FF8                     A:FFFF X:0006 Y:0006 S:04EF D:0240 DB:7E P:NvmxdIzC V:220 H:7  
C0279F $29 $00 $10     AND #$1000                      A:0000 X:0006 Y:0006 S:04EF D:0240 DB:7E P:nvmxdIZC V:220 H:17 
C027A2 $D0 $08         BNE $C027AC                     A:0000 X:0006 Y:0006 S:04EF D:0240 DB:7E P:nvmxdIZC V:220 H:22 
C027A4 $AF $DE $7F $7E LDA $7E7FDE                     A:0000 X:0006 Y:0006 S:04EF D:0240 DB:7E P:nvmxdIZC V:220 H:25 
C027A8 $F0 $A8         BEQ $C02752                     A:0001 X:0006 Y:0006 S:04EF D:0240 DB:7E P:nvmxdIzC V:220 H:35 
C027AA $80 $E9         BRA $C02795                     A:0001 X:0006 Y:0006 S:04EF D:0240 DB:7E P:nvmxdIzC V:220 H:38 
C02795 $AF $FE $FF $C1 LDA $C1FFFE                     A:0001 X:0006 Y:0006 S:04EF D:0240 DB:7E P:nvmxdIzC V:220 H:42 
C02799 $10 $09         BPL $C027A4                     A:FFFF X:0006 Y:0006 S:04EF D:0240 DB:7E P:NvmxdIzC V:220 H:51 
C0279B $AF $F8 $7F $7E LDA $7E7FF8                     A:FFFF X:0006 Y:0006 S:04EF D:0240 DB:7E P:NvmxdIzC V:220 H:54 
C0279F $29 $00 $10     AND #$1000                      A:0000 X:0006 Y:0006 S:04EF D:0240 DB:7E P:nvmxdIZC V:220 H:64 
C027A2 $D0 $08         BNE $C027AC                     A:0000 X:0006 Y:0006 S:04EF D:0240 DB:7E P:nvmxdIZC V:220 H:69 
C027A4 $AF $DE $7F $7E LDA $7E7FDE                     A:0000 X:0006 Y:0006 S:04EF D:0240 DB:7E P:nvmxdIZC V:220 H:72 
C027A8 $F0 $A8         BEQ $C02752                     A:0001 X:0006 Y:0006 S:04EF D:0240 DB:7E P:nvmxdIzC V:220 H:82 
C027AA $80 $E9         BRA $C02795                     A:0001 X:0006 Y:0006 S:04EF D:0240 DB:7E P:nvmxdIzC V:220 H:85 
C02795 $AF $FE $FF $C1 LDA $C1FFFE                     A:0001 X:0006 Y:0006 S:04EF D:0240 DB:7E P:nvmxdIzC V:220 H:89 
C02799 $10 $09         BPL $C027A4                     A:FFFF X:0006 Y:0006 S:04EF D:0240 DB:7E P:NvmxdIzC V:220 H:98 
C0279B $AF $F8 $7F $7E LDA $7E7FF8                     A:FFFF X:0006 Y:0006 S:04EF D:0240 DB:7E P:NvmxdIzC V:220 H:101
C0279F $29 $00 $10     AND #$1000                      A:0000 X:0006 Y:0006 S:04EF D:0240 DB:7E P:nvmxdIZC V:220 H:111
C027A2 $D0 $08         BNE $C027AC                     A:0000 X:0006 Y:0006 S:04EF D:0240 DB:7E P:nvmxdIZC V:220 H:116
C027A4 $AF $DE $7F $7E LDA $7E7FDE                     A:0000 X:0006 Y:0006 S:04EF D:0240 DB:7E P:nvmxdIZC V:220 H:119
C027A8 $F0 $A8         BEQ $C02752                     A:0001 X:0006 Y:0006 S:04EF D:0240 DB:7E P:nvmxdIzC V:220 H:129
C027AA $80 $E9         BRA $C02795                     A:0001 X:0006 Y:0006 S:04EF D:0240 DB:7E P:nvmxdIzC V:220 H:132
C02795 $AF $FE $FF $C1 LDA $C1FFFE                     A:0001 X:0006 Y:0006 S:04EF D:0240 DB:7E P:nvmxdIzC V:220 H:146
C02799 $10 $09         BPL $C027A4                     A:FFFF X:0006 Y:0006 S:04EF D:0240 DB:7E P:NvmxdIzC V:220 H:155
C0279B $AF $F8 $7F $7E LDA $7E7FF8                     A:FFFF X:0006 Y:0006 S:04EF D:0240 DB:7E P:NvmxdIzC V:220 H:158
C0279F $29 $00 $10     AND #$1000                      A:0000 X:0006 Y:0006 S:04EF D:0240 DB:7E P:nvmxdIZC V:220 H:168
C027A2 $D0 $08         BNE $C027AC                     A:0000 X:0006 Y:0006 S:04EF D:0240 DB:7E P:nvmxdIZC V:220 H:173
C027A4 $AF $DE $7F $7E LDA $7E7FDE                     A:0000 X:0006 Y:0006 S:04EF D:0240 DB:7E P:nvmxdIZC V:220 H:176
C027A8 $F0 $A8         BEQ $C02752                     A:0001 X:0006 Y:0006 S:04EF D:0240 DB:7E P:nvmxdIzC V:220 H:186
C027AA $80 $E9         BRA $C02795                     A:0001 X:0006 Y:0006 S:04EF D:0240 DB:7E P:nvmxdIzC V:220 H:189
C02795 $AF $FE $FF $C1 LDA $C1FFFE                     A:0001 X:0006 Y:0006 S:04EF D:0240 DB:7E P:nvmxdIzC V:220 H:193
C02799 $10 $09         BPL $C027A4                     A:FFFF X:0006 Y:0006 S:04EF D:0240 DB:7E P:NvmxdIzC V:220 H:202
C0279B $AF $F8 $7F $7E LDA $7E7FF8                     A:FFFF X:0006 Y:0006 S:04EF D:0240 DB:7E P:NvmxdIzC V:220 H:205
C0279F $29 $00 $10     AND #$1000                      A:0000 X:0006 Y:0006 S:04EF D:0240 DB:7E P:nvmxdIZC V:220 H:215
C027A2 $D0 $08         BNE $C027AC                     A:0000 X:0006 Y:0006 S:04EF D:0240 DB:7E P:nvmxdIZC V:220 H:220
C027A4 $AF $DE $7F $7E LDA $7E7FDE                     A:0000 X:0006 Y:0006 S:04EF D:0240 DB:7E P:nvmxdIZC V:220 H:223
C027A8 $F0 $A8         BEQ $C02752                     A:0001 X:0006 Y:0006 S:04EF D:0240 DB:7E P:nvmxdIzC V:220 H:233
C027AA $80 $E9         BRA $C02795                     A:0001 X:0006 Y:0006 S:04EF D:0240 DB:7E P:nvmxdIzC V:220 H:236
C02795 $AF $FE $FF $C1 LDA $C1FFFE                     A:0001 X:0006 Y:0006 S:04EF D:0240 DB:7E P:nvmxdIzC V:220 H:240
C02799 $10 $09         BPL $C027A4                     A:FFFF X:0006 Y:0006 S:04EF D:0240 DB:7E P:NvmxdIzC V:220 H:249
C0279B $AF $F8 $7F $7E LDA $7E7FF8                     A:FFFF X:0006 Y:0006 S:04EF D:0240 DB:7E P:NvmxdIzC V:220 H:252
C0279F $29 $00 $10     AND #$1000                      A:0000 X:0006 Y:0006 S:04EF D:0240 DB:7E P:nvmxdIZC V:220 H:262
C027A2 $D0 $08         BNE $C027AC                     A:0000 X:0006 Y:0006 S:04EF D:0240 DB:7E P:nvmxdIZC V:220 H:267
C027A4 $AF $DE $7F $7E LDA $7E7FDE                     A:0000 X:0006 Y:0006 S:04EF D:0240 DB:7E P:nvmxdIZC V:220 H:270
C027A8 $F0 $A8         BEQ $C02752                     A:0001 X:0006 Y:0006 S:04EF D:0240 DB:7E P:nvmxdIzC V:220 H:296
C027AA $80 $E9         BRA $C02795                     A:0001 X:0006 Y:0006 S:04EF D:0240 DB:7E P:nvmxdIzC V:220 H:299
C02795 $AF $FE $FF $C1 LDA $C1FFFE                     A:0001 X:0006 Y:0006 S:04EF D:0240 DB:7E P:nvmxdIzC V:220 H:303
C02799 $10 $09         BPL $C027A4                     A:FFFF X:0006 Y:0006 S:04EF D:0240 DB:7E P:NvmxdIzC V:220 H:312
C0279B $AF $F8 $7F $7E LDA $7E7FF8                     A:FFFF X:0006 Y:0006 S:04EF D:0240 DB:7E P:NvmxdIzC V:220 H:315
C0279F $29 $00 $10     AND #$1000                      A:0000 X:0006 Y:0006 S:04EF D:0240 DB:7E P:nvmxdIZC V:220 H:325
C027A2 $D0 $08         BNE $C027AC                     A:0000 X:0006 Y:0006 S:04EF D:0240 DB:7E P:nvmxdIZC V:220 H:329
C027A4 $AF $DE $7F $7E LDA $7E7FDE                     A:0000 X:0006 Y:0006 S:04EF D:0240 DB:7E P:nvmxdIZC V:220 H:332
C027A8 $F0 $A8         BEQ $C02752                     A:0001 X:0006 Y:0006 S:04EF D:0240 DB:7E P:nvmxdIzC V:221 H:2  
C027AA $80 $E9         BRA $C02795                     A:0001 X:0006 Y:0006 S:04EF D:0240 DB:7E P:nvmxdIzC V:221 H:5  
C02795 $AF $FE $FF $C1 LDA $C1FFFE                     A:0001 X:0006 Y:0006 S:04EF D:0240 DB:7E P:nvmxdIzC V:221 H:9  
C02799 $10 $09         BPL $C027A4                     A:FFFF X:0006 Y:0006 S:04EF D:0240 DB:7E P:NvmxdIzC V:221 H:18 
C0279B $AF $F8 $7F $7E LDA $7E7FF8                     A:FFFF X:0006 Y:0006 S:04EF D:0240 DB:7E P:NvmxdIzC V:221 H:21 
C0279F $29 $00 $10     AND #$1000                      A:0000 X:0006 Y:0006 S:04EF D:0240 DB:7E P:nvmxdIZC V:221 H:31 
C027A2 $D0 $08         BNE $C027AC                     A:0000 X:0006 Y:0006 S:04EF D:0240 DB:7E P:nvmxdIZC V:221 H:36 
C027A4 $AF $DE $7F $7E LDA $7E7FDE                     A:0000 X:0006 Y:0006 S:04EF D:0240 DB:7E P:nvmxdIZC V:221 H:39 
C027A8 $F0 $A8         BEQ $C02752                     A:0001 X:0006 Y:0006 S:04EF D:0240 DB:7E P:nvmxdIzC V:221 H:49 
C027AA $80 $E9         BRA $C02795                     A:0001 X:0006 Y:0006 S:04EF D:0240 DB:7E P:nvmxdIzC V:221 H:52 
C02795 $AF $FE $FF $C1 LDA $C1FFFE                     A:0001 X:0006 Y:0006 S:04EF D:0240 DB:7E P:nvmxdIzC V:221 H:56 
C02799 $10 $09         BPL $C027A4                     A:FFFF X:0006 Y:0006 S:04EF D:0240 DB:7E P:NvmxdIzC V:221 H:65 
C0279B $AF $F8 $7F $7E LDA $7E7FF8                     A:FFFF X:0006 Y:0006 S:04EF D:0240 DB:7E P:NvmxdIzC V:221 H:68 
C0279F $29 $00 $10     AND #$1000                      A:0000 X:0006 Y:0006 S:04EF D:0240 DB:7E P:nvmxdIZC V:221 H:78 
C027A2 $D0 $08         BNE $C027AC                     A:0000 X:0006 Y:0006 S:04EF D:0240 DB:7E P:nvmxdIZC V:221 H:83 
C027A4 $AF $DE $7F $7E LDA $7E7FDE                     A:0000 X:0006 Y:0006 S:04EF D:0240 DB:7E P:nvmxdIZC V:221 H:86 
C027A8 $F0 $A8         BEQ $C02752                     A:0001 X:0006 Y:0006 S:04EF D:0240 DB:7E P:nvmxdIzC V:221 H:96 
C027AA $80 $E9         BRA $C02795                     A:0001 X:0006 Y:0006 S:04EF D:0240 DB:7E P:nvmxdIzC V:221 H:99 
C02795 $AF $FE $FF $C1 LDA $C1FFFE                     A:0001 X:0006 Y:0006 S:04EF D:0240 DB:7E P:nvmxdIzC V:221 H:103
C02799 $10 $09         BPL $C027A4                     A:FFFF X:0006 Y:0006 S:04EF D:0240 DB:7E P:NvmxdIzC V:221 H:112
C0279B $AF $F8 $7F $7E LDA $7E7FF8                     A:FFFF X:0006 Y:0006 S:04EF D:0240 DB:7E P:NvmxdIzC V:221 H:115
C0279F $29 $00 $10     AND #$1000                      A:0000 X:0006 Y:0006 S:04EF D:0240 DB:7E P:nvmxdIZC V:221 H:125
C027A2 $D0 $08         BNE $C027AC                     A:0000 X:0006 Y:0006 S:04EF D:0240 DB:7E P:nvmxdIZC V:221 H:130
C027A4 $AF $DE $7F $7E LDA $7E7FDE                     A:0000 X:0006 Y:0006 S:04EF D:0240 DB:7E P:nvmxdIZC V:221 H:133
C027A8 $F0 $A8         BEQ $C02752                     A:0001 X:0006 Y:0006 S:04EF D:0240 DB:7E P:nvmxdIzC V:221 H:153
C027AA $80 $E9         BRA $C02795                     A:0001 X:0006 Y:0006 S:04EF D:0240 DB:7E P:nvmxdIzC V:221 H:156
C02795 $AF $FE $FF $C1 LDA $C1FFFE                     A:0001 X:0006 Y:0006 S:04EF D:0240 DB:7E P:nvmxdIzC V:221 H:160
C02799 $10 $09         BPL $C027A4                     A:FFFF X:0006 Y:0006 S:04EF D:0240 DB:7E P:NvmxdIzC V:221 H:169
C0279B $AF $F8 $7F $7E LDA $7E7FF8                     A:FFFF X:0006 Y:0006 S:04EF D:0240 DB:7E P:NvmxdIzC V:221 H:172
C0279F $29 $00 $10     AND #$1000                      A:0000 X:0006 Y:0006 S:04EF D:0240 DB:7E P:nvmxdIZC V:221 H:182
C027A2 $D0 $08         BNE $C027AC                     A:0000 X:0006 Y:0006 S:04EF D:0240 DB:7E P:nvmxdIZC V:221 H:187
C027A4 $AF $DE $7F $7E LDA $7E7FDE                     A:0000 X:0006 Y:0006 S:04EF D:0240 DB:7E P:nvmxdIZC V:221 H:190
C027A8 $F0 $A8         BEQ $C02752                     A:0001 X:0006 Y:0006 S:04EF D:0240 DB:7E P:nvmxdIzC V:221 H:200
C027AA $80 $E9         BRA $C02795                     A:0001 X:0006 Y:0006 S:04EF D:0240 DB:7E P:nvmxdIzC V:221 H:203
C02795 $AF $FE $FF $C1 LDA $C1FFFE                     A:0001 X:0006 Y:0006 S:04EF D:0240 DB:7E P:nvmxdIzC V:221 H:207
C02799 $10 $09         BPL $C027A4                     A:FFFF X:0006 Y:0006 S:04EF D:0240 DB:7E P:NvmxdIzC V:221 H:216
C0279B $AF $F8 $7F $7E LDA $7E7FF8                     A:FFFF X:0006 Y:0006 S:04EF D:0240 DB:7E P:NvmxdIzC V:221 H:219
C0279F $29 $00 $10     AND #$1000                      A:0000 X:0006 Y:0006 S:04EF D:0240 DB:7E P:nvmxdIZC V:221 H:229
C027A2 $D0 $08         BNE $C027AC                     A:0000 X:0006 Y:0006 S:04EF D:0240 DB:7E P:nvmxdIZC V:221 H:234
C027A4 $AF $DE $7F $7E LDA $7E7FDE                     A:0000 X:0006 Y:0006 S:04EF D:0240 DB:7E P:nvmxdIZC V:221 H:237
C027A8 $F0 $A8         BEQ $C02752                     A:0001 X:0006 Y:0006 S:04EF D:0240 DB:7E P:nvmxdIzC V:221 H:247
C027AA $80 $E9         BRA $C02795                     A:0001 X:0006 Y:0006 S:04EF D:0240 DB:7E P:nvmxdIzC V:221 H:250
C02795 $AF $FE $FF $C1 LDA $C1FFFE                     A:0001 X:0006 Y:0006 S:04EF D:0240 DB:7E P:nvmxdIzC V:221 H:254
C02799 $10 $09         BPL $C027A4                     A:FFFF X:0006 Y:0006 S:04EF D:0240 DB:7E P:NvmxdIzC V:221 H:263
C0279B $AF $F8 $7F $7E LDA $7E7FF8                     A:FFFF X:0006 Y:0006 S:04EF D:0240 DB:7E P:NvmxdIzC V:221 H:266
C0279F $29 $00 $10     AND #$1000                      A:0000 X:0006 Y:0006 S:04EF D:0240 DB:7E P:nvmxdIZC V:221 H:293
C027A2 $D0 $08         BNE $C027AC                     A:0000 X:0006 Y:0006 S:04EF D:0240 DB:7E P:nvmxdIZC V:221 H:297
C027A4 $AF $DE $7F $7E LDA $7E7FDE                     A:0000 X:0006 Y:0006 S:04EF D:0240 DB:7E P:nvmxdIZC V:221 H:300
C027A8 $F0 $A8         BEQ $C02752                     A:0001 X:0006 Y:0006 S:04EF D:0240 DB:7E P:nvmxdIzC V:221 H:310
C027AA $80 $E9         BRA $C02795                     A:0001 X:0006 Y:0006 S:04EF D:0240 DB:7E P:nvmxdIzC V:221 H:313
C02795 $AF $FE $FF $C1 LDA $C1FFFE                     A:0001 X:0006 Y:0006 S:04EF D:0240 DB:7E P:nvmxdIzC V:221 H:318
C02799 $10 $09         BPL $C027A4                     A:FFFF X:0006 Y:0006 S:04EF D:0240 DB:7E P:NvmxdIzC V:221 H:326
C0279B $AF $F8 $7F $7E LDA $7E7FF8                     A:FFFF X:0006 Y:0006 S:04EF D:0240 DB:7E P:NvmxdIzC V:221 H:329
C0279F $29 $00 $10     AND #$1000                      A:0000 X:0006 Y:0006 S:04EF D:0240 DB:7E P:nvmxdIZC V:221 H:339
C027A2 $D0 $08         BNE $C027AC                     A:0000 X:0006 Y:0006 S:04EF D:0240 DB:7E P:nvmxdIZC V:222 H:3  
C027A4 $AF $DE $7F $7E LDA $7E7FDE                     A:0000 X:0006 Y:0006 S:04EF D:0240 DB:7E P:nvmxdIZC V:222 H:6  
C027A8 $F0 $A8         BEQ $C02752                     A:0001 X:0006 Y:0006 S:04EF D:0240 DB:7E P:nvmxdIzC V:222 H:16 
C027AA $80 $E9         BRA $C02795                     A:0001 X:0006 Y:0006 S:04EF D:0240 DB:7E P:nvmxdIzC V:222 H:19 
C02795 $AF $FE $FF $C1 LDA $C1FFFE                     A:0001 X:0006 Y:0006 S:04EF D:0240 DB:7E P:nvmxdIzC V:222 H:24 
C02799 $10 $09         BPL $C027A4                     A:FFFF X:0006 Y:0006 S:04EF D:0240 DB:7E P:NvmxdIzC V:222 H:33 
C0279B $AF $F8 $7F $7E LDA $7E7FF8                     A:FFFF X:0006 Y:0006 S:04EF D:0240 DB:7E P:NvmxdIzC V:222 H:36 
C0279F $29 $00 $10     AND #$1000                      A:0000 X:0006 Y:0006 S:04EF D:0240 DB:7E P:nvmxdIZC V:222 H:46 
C027A2 $D0 $08         BNE $C027AC                     A:0000 X:0006 Y:0006 S:04EF D:0240 DB:7E P:nvmxdIZC V:222 H:50 
C027A4 $AF $DE $7F $7E LDA $7E7FDE                     A:0000 X:0006 Y:0006 S:04EF D:0240 DB:7E P:nvmxdIZC V:222 H:53 
C027A8 $F0 $A8         BEQ $C02752                     A:0001 X:0006 Y:0006 S:04EF D:0240 DB:7E P:nvmxdIzC V:222 H:63 
C027AA $80 $E9         BRA $C02795                     A:0001 X:0006 Y:0006 S:04EF D:0240 DB:7E P:nvmxdIzC V:222 H:66 
C02795 $AF $FE $FF $C1 LDA $C1FFFE                     A:0001 X:0006 Y:0006 S:04EF D:0240 DB:7E P:nvmxdIzC V:222 H:71 
C02799 $10 $09         BPL $C027A4                     A:FFFF X:0006 Y:0006 S:04EF D:0240 DB:7E P:NvmxdIzC V:222 H:80 
C0279B $AF $F8 $7F $7E LDA $7E7FF8                     A:FFFF X:0006 Y:0006 S:04EF D:0240 DB:7E P:NvmxdIzC V:222 H:83 
C0279F $29 $00 $10     AND #$1000                      A:0000 X:0006 Y:0006 S:04EF D:0240 DB:7E P:nvmxdIZC V:222 H:93 
C027A2 $D0 $08         BNE $C027AC                     A:0000 X:0006 Y:0006 S:04EF D:0240 DB:7E P:nvmxdIZC V:222 H:97 
C027A4 $AF $DE $7F $7E LDA $7E7FDE                     A:0000 X:0006 Y:0006 S:04EF D:0240 DB:7E P:nvmxdIZC V:222 H:100
C027A8 $F0 $A8         BEQ $C02752                     A:0001 X:0006 Y:0006 S:04EF D:0240 DB:7E P:nvmxdIzC V:222 H:110
C027AA $80 $E9         BRA $C02795                     A:0001 X:0006 Y:0006 S:04EF D:0240 DB:7E P:nvmxdIzC V:222 H:113
C02795 $AF $FE $FF $C1 LDA $C1FFFE                     A:0001 X:0006 Y:0006 S:04EF D:0240 DB:7E P:nvmxdIzC V:222 H:118
C02799 $10 $09         BPL $C027A4                     A:FFFF X:0006 Y:0006 S:04EF D:0240 DB:7E P:NvmxdIzC V:222 H:127
C0279B $AF $F8 $7F $7E LDA $7E7FF8                     A:FFFF X:0006 Y:0006 S:04EF D:0240 DB:7E P:NvmxdIzC V:222 H:130
C0279F $29 $00 $10     AND #$1000                      A:0000 X:0006 Y:0006 S:04EF D:0240 DB:7E P:nvmxdIZC V:222 H:150
C027A2 $D0 $08         BNE $C027AC                     A:0000 X:0006 Y:0006 S:04EF D:0240 DB:7E P:nvmxdIZC V:222 H:154
C027A4 $AF $DE $7F $7E LDA $7E7FDE                     A:0000 X:0006 Y:0006 S:04EF D:0240 DB:7E P:nvmxdIZC V:222 H:157
C027A8 $F0 $A8         BEQ $C02752                     A:0001 X:0006 Y:0006 S:04EF D:0240 DB:7E P:nvmxdIzC V:222 H:167
C027AA $80 $E9         BRA $C02795                     A:0001 X:0006 Y:0006 S:04EF D:0240 DB:7E P:nvmxdIzC V:222 H:170
C02795 $AF $FE $FF $C1 LDA $C1FFFE                     A:0001 X:0006 Y:0006 S:04EF D:0240 DB:7E P:nvmxdIzC V:222 H:175
C02799 $10 $09         BPL $C027A4                     A:FFFF X:0006 Y:0006 S:04EF D:0240 DB:7E P:NvmxdIzC V:222 H:184
C0279B $AF $F8 $7F $7E LDA $7E7FF8                     A:FFFF X:0006 Y:0006 S:04EF D:0240 DB:7E P:NvmxdIzC V:222 H:187
C0279F $29 $00 $10     AND #$1000                      A:0000 X:0006 Y:0006 S:04EF D:0240 DB:7E P:nvmxdIZC V:222 H:197
C027A2 $D0 $08         BNE $C027AC                     A:0000 X:0006 Y:0006 S:04EF D:0240 DB:7E P:nvmxdIZC V:222 H:201
C027A4 $AF $DE $7F $7E LDA $7E7FDE                     A:0000 X:0006 Y:0006 S:04EF D:0240 DB:7E P:nvmxdIZC V:222 H:204
C027A8 $F0 $A8         BEQ $C02752                     A:0001 X:0006 Y:0006 S:04EF D:0240 DB:7E P:nvmxdIzC V:222 H:214
C027AA $80 $E9         BRA $C02795                     A:0001 X:0006 Y:0006 S:04EF D:0240 DB:7E P:nvmxdIzC V:222 H:217
C02795 $AF $FE $FF $C1 LDA $C1FFFE                     A:0001 X:0006 Y:0006 S:04EF D:0240 DB:7E P:nvmxdIzC V:222 H:222
C02799 $10 $09         BPL $C027A4                     A:FFFF X:0006 Y:0006 S:04EF D:0240 DB:7E P:NvmxdIzC V:222 H:231
C0279B $AF $F8 $7F $7E LDA $7E7FF8                     A:FFFF X:0006 Y:0006 S:04EF D:0240 DB:7E P:NvmxdIzC V:222 H:234
C0279F $29 $00 $10     AND #$1000                      A:0000 X:0006 Y:0006 S:04EF D:0240 DB:7E P:nvmxdIZC V:222 H:244
C027A2 $D0 $08         BNE $C027AC                     A:0000 X:0006 Y:0006 S:04EF D:0240 DB:7E P:nvmxdIZC V:222 H:248
C027A4 $AF $DE $7F $7E LDA $7E7FDE                     A:0000 X:0006 Y:0006 S:04EF D:0240 DB:7E P:nvmxdIZC V:222 H:251
C027A8 $F0 $A8         BEQ $C02752                     A:0001 X:0006 Y:0006 S:04EF D:0240 DB:7E P:nvmxdIzC V:222 H:261
C027AA $80 $E9         BRA $C02795                     A:0001 X:0006 Y:0006 S:04EF D:0240 DB:7E P:nvmxdIzC V:222 H:264
C02795 $AF $FE $FF $C1 LDA $C1FFFE                     A:0001 X:0006 Y:0006 S:04EF D:0240 DB:7E P:nvmxdIzC V:222 H:269
C02799 $10 $09         BPL $C027A4                     A:FFFF X:0006 Y:0006 S:04EF D:0240 DB:7E P:NvmxdIzC V:222 H:294
C0279B $AF $F8 $7F $7E LDA $7E7FF8                     A:FFFF X:0006 Y:0006 S:04EF D:0240 DB:7E P:NvmxdIzC V:222 H:297
C0279F $29 $00 $10     AND #$1000                      A:0000 X:0006 Y:0006 S:04EF D:0240 DB:7E P:nvmxdIZC V:222 H:307
C027A2 $D0 $08         BNE $C027AC                     A:0000 X:0006 Y:0006 S:04EF D:0240 DB:7E P:nvmxdIZC V:222 H:312
C027A4 $AF $DE $7F $7E LDA $7E7FDE                     A:0000 X:0006 Y:0006 S:04EF D:0240 DB:7E P:nvmxdIZC V:222 H:315
C027A8 $F0 $A8         BEQ $C02752                     A:0001 X:0006 Y:0006 S:04EF D:0240 DB:7E P:nvmxdIzC V:222 H:324
C027AA $80 $E9         BRA $C02795                     A:0001 X:0006 Y:0006 S:04EF D:0240 DB:7E P:nvmxdIzC V:222 H:327
C02795 $AF $FE $FF $C1 LDA $C1FFFE                     A:0001 X:0006 Y:0006 S:04EF D:0240 DB:7E P:nvmxdIzC V:222 H:331
C02799 $10 $09         BPL $C027A4                     A:FFFF X:0006 Y:0006 S:04EF D:0240 DB:7E P:NvmxdIzC V:223 H:0  
C0279B $AF $F8 $7F $7E LDA $7E7FF8                     A:FFFF X:0006 Y:0006 S:04EF D:0240 DB:7E P:NvmxdIzC V:223 H:3  
C0279F $29 $00 $10     AND #$1000                      A:0000 X:0006 Y:0006 S:04EF D:0240 DB:7E P:nvmxdIZC V:223 H:13 
C027A2 $D0 $08         BNE $C027AC                     A:0000 X:0006 Y:0006 S:04EF D:0240 DB:7E P:nvmxdIZC V:223 H:18 
C027A4 $AF $DE $7F $7E LDA $7E7FDE                     A:0000 X:0006 Y:0006 S:04EF D:0240 DB:7E P:nvmxdIZC V:223 H:21 
C027A8 $F0 $A8         BEQ $C02752                     A:0001 X:0006 Y:0006 S:04EF D:0240 DB:7E P:nvmxdIzC V:223 H:31 
C027AA $80 $E9         BRA $C02795                     A:0001 X:0006 Y:0006 S:04EF D:0240 DB:7E P:nvmxdIzC V:223 H:34 
C02795 $AF $FE $FF $C1 LDA $C1FFFE                     A:0001 X:0006 Y:0006 S:04EF D:0240 DB:7E P:nvmxdIzC V:223 H:38 
C02799 $10 $09         BPL $C027A4                     A:FFFF X:0006 Y:0006 S:04EF D:0240 DB:7E P:NvmxdIzC V:223 H:47 
C0279B $AF $F8 $7F $7E LDA $7E7FF8                     A:FFFF X:0006 Y:0006 S:04EF D:0240 DB:7E P:NvmxdIzC V:223 H:50 
C0279F $29 $00 $10     AND #$1000                      A:0000 X:0006 Y:0006 S:04EF D:0240 DB:7E P:nvmxdIZC V:223 H:60 
C027A2 $D0 $08         BNE $C027AC                     A:0000 X:0006 Y:0006 S:04EF D:0240 DB:7E P:nvmxdIZC V:223 H:65 
C027A4 $AF $DE $7F $7E LDA $7E7FDE                     A:0000 X:0006 Y:0006 S:04EF D:0240 DB:7E P:nvmxdIZC V:223 H:68 
C027A8 $F0 $A8         BEQ $C02752                     A:0001 X:0006 Y:0006 S:04EF D:0240 DB:7E P:nvmxdIzC V:223 H:78 
C027AA $80 $E9         BRA $C02795                     A:0001 X:0006 Y:0006 S:04EF D:0240 DB:7E P:nvmxdIzC V:223 H:81 
C02795 $AF $FE $FF $C1 LDA $C1FFFE                     A:0001 X:0006 Y:0006 S:04EF D:0240 DB:7E P:nvmxdIzC V:223 H:85 
C02799 $10 $09         BPL $C027A4                     A:FFFF X:0006 Y:0006 S:04EF D:0240 DB:7E P:NvmxdIzC V:223 H:94 
C0279B $AF $F8 $7F $7E LDA $7E7FF8                     A:FFFF X:0006 Y:0006 S:04EF D:0240 DB:7E P:NvmxdIzC V:223 H:97 
C0279F $29 $00 $10     AND #$1000                      A:0000 X:0006 Y:0006 S:04EF D:0240 DB:7E P:nvmxdIZC V:223 H:107
C027A2 $D0 $08         BNE $C027AC                     A:0000 X:0006 Y:0006 S:04EF D:0240 DB:7E P:nvmxdIZC V:223 H:112
C027A4 $AF $DE $7F $7E LDA $7E7FDE                     A:0000 X:0006 Y:0006 S:04EF D:0240 DB:7E P:nvmxdIZC V:223 H:115
C027A8 $F0 $A8         BEQ $C02752                     A:0001 X:0006 Y:0006 S:04EF D:0240 DB:7E P:nvmxdIzC V:223 H:125
C027AA $80 $E9         BRA $C02795                     A:0001 X:0006 Y:0006 S:04EF D:0240 DB:7E P:nvmxdIzC V:223 H:128
C02795 $AF $FE $FF $C1 LDA $C1FFFE                     A:0001 X:0006 Y:0006 S:04EF D:0240 DB:7E P:nvmxdIzC V:223 H:132
C02799 $10 $09         BPL $C027A4                     A:FFFF X:0006 Y:0006 S:04EF D:0240 DB:7E P:NvmxdIzC V:223 H:151
C0279B $AF $F8 $7F $7E LDA $7E7FF8                     A:FFFF X:0006 Y:0006 S:04EF D:0240 DB:7E P:NvmxdIzC V:223 H:154
C0279F $29 $00 $10     AND #$1000                      A:0000 X:0006 Y:0006 S:04EF D:0240 DB:7E P:nvmxdIZC V:223 H:164
C027A2 $D0 $08         BNE $C027AC                     A:0000 X:0006 Y:0006 S:04EF D:0240 DB:7E P:nvmxdIZC V:223 H:169
C027A4 $AF $DE $7F $7E LDA $7E7FDE                     A:0000 X:0006 Y:0006 S:04EF D:0240 DB:7E P:nvmxdIZC V:223 H:172
C027A8 $F0 $A8         BEQ $C02752                     A:0001 X:0006 Y:0006 S:04EF D:0240 DB:7E P:nvmxdIzC V:223 H:182
C027AA $80 $E9         BRA $C02795                     A:0001 X:0006 Y:0006 S:04EF D:0240 DB:7E P:nvmxdIzC V:223 H:185
C02795 $AF $FE $FF $C1 LDA $C1FFFE                     A:0001 X:0006 Y:0006 S:04EF D:0240 DB:7E P:nvmxdIzC V:223 H:189
C02799 $10 $09         BPL $C027A4                     A:FFFF X:0006 Y:0006 S:04EF D:0240 DB:7E P:NvmxdIzC V:223 H:198
C0279B $AF $F8 $7F $7E LDA $7E7FF8                     A:FFFF X:0006 Y:0006 S:04EF D:0240 DB:7E P:NvmxdIzC V:223 H:201
C0279F $29 $00 $10     AND #$1000                      A:0000 X:0006 Y:0006 S:04EF D:0240 DB:7E P:nvmxdIZC V:223 H:211
C027A2 $D0 $08         BNE $C027AC                     A:0000 X:0006 Y:0006 S:04EF D:0240 DB:7E P:nvmxdIZC V:223 H:216
C027A4 $AF $DE $7F $7E LDA $7E7FDE                     A:0000 X:0006 Y:0006 S:04EF D:0240 DB:7E P:nvmxdIZC V:223 H:219
C027A8 $F0 $A8         BEQ $C02752                     A:0001 X:0006 Y:0006 S:04EF D:0240 DB:7E P:nvmxdIzC V:223 H:229
C027AA $80 $E9         BRA $C02795                     A:0001 X:0006 Y:0006 S:04EF D:0240 DB:7E P:nvmxdIzC V:223 H:232
C02795 $AF $FE $FF $C1 LDA $C1FFFE                     A:0001 X:0006 Y:0006 S:04EF D:0240 DB:7E P:nvmxdIzC V:223 H:236
C02799 $10 $09         BPL $C027A4                     A:FFFF X:0006 Y:0006 S:04EF D:0240 DB:7E P:NvmxdIzC V:223 H:245
C0279B $AF $F8 $7F $7E LDA $7E7FF8                     A:FFFF X:0006 Y:0006 S:04EF D:0240 DB:7E P:NvmxdIzC V:223 H:248
C0279F $29 $00 $10     AND #$1000                      A:0000 X:0006 Y:0006 S:04EF D:0240 DB:7E P:nvmxdIZC V:223 H:258
C027A2 $D0 $08         BNE $C027AC                     A:0000 X:0006 Y:0006 S:04EF D:0240 DB:7E P:nvmxdIZC V:223 H:263
C027A4 $AF $DE $7F $7E LDA $7E7FDE                     A:0000 X:0006 Y:0006 S:04EF D:0240 DB:7E P:nvmxdIZC V:223 H:266
C027A8 $F0 $A8         BEQ $C02752                     A:0001 X:0006 Y:0006 S:04EF D:0240 DB:7E P:nvmxdIzC V:223 H:276
C027AA $80 $E9         BRA $C02795                     A:0001 X:0006 Y:0006 S:04EF D:0240 DB:7E P:nvmxdIzC V:223 H:307
C02795 $AF $FE $FF $C1 LDA $C1FFFE                     A:0001 X:0006 Y:0006 S:04EF D:0240 DB:7E P:nvmxdIzC V:223 H:312
C02799 $10 $09         BPL $C027A4                     A:FFFF X:0006 Y:0006 S:04EF D:0240 DB:7E P:NvmxdIzC V:223 H:321
C0279B $AF $F8 $7F $7E LDA $7E7FF8                     A:FFFF X:0006 Y:0006 S:04EF D:0240 DB:7E P:NvmxdIzC V:223 H:323
C0279F $29 $00 $10     AND #$1000                      A:0000 X:0006 Y:0006 S:04EF D:0240 DB:7E P:nvmxdIZC V:223 H:333
C027A2 $D0 $08         BNE $C027AC                     A:0000 X:0006 Y:0006 S:04EF D:0240 DB:7E P:nvmxdIZC V:223 H:337
C027A4 $AF $DE $7F $7E LDA $7E7FDE                     A:0000 X:0006 Y:0006 S:04EF D:0240 DB:7E P:nvmxdIZC V:224 H:0  
C027A8 $F0 $A8         BEQ $C02752                     A:0001 X:0006 Y:0006 S:04EF D:0240 DB:7E P:nvmxdIzC V:224 H:10 
C027AA $80 $E9         BRA $C02795                     A:0001 X:0006 Y:0006 S:04EF D:0240 DB:7E P:nvmxdIzC V:224 H:13 
C02795 $AF $FE $FF $C1 LDA $C1FFFE                     A:0001 X:0006 Y:0006 S:04EF D:0240 DB:7E P:nvmxdIzC V:224 H:18 
C02799 $10 $09         BPL $C027A4                     A:FFFF X:0006 Y:0006 S:04EF D:0240 DB:7E P:NvmxdIzC V:224 H:27 
C0279B $AF $F8 $7F $7E LDA $7E7FF8                     A:FFFF X:0006 Y:0006 S:04EF D:0240 DB:7E P:NvmxdIzC V:224 H:30 
C0279F $29 $00 $10     AND #$1000                      A:0000 X:0006 Y:0006 S:04EF D:0240 DB:7E P:nvmxdIZC V:224 H:40 
C027A2 $D0 $08         BNE $C027AC                     A:0000 X:0006 Y:0006 S:04EF D:0240 DB:7E P:nvmxdIZC V:224 H:44 
C027A4 $AF $DE $7F $7E LDA $7E7FDE                     A:0000 X:0006 Y:0006 S:04EF D:0240 DB:7E P:nvmxdIZC V:224 H:47 
C027A8 $F0 $A8         BEQ $C02752                     A:0001 X:0006 Y:0006 S:04EF D:0240 DB:7E P:nvmxdIzC V:224 H:57 
C027AA $80 $E9         BRA $C02795                     A:0001 X:0006 Y:0006 S:04EF D:0240 DB:7E P:nvmxdIzC V:224 H:60 
C02795 $AF $FE $FF $C1 LDA $C1FFFE                     A:0001 X:0006 Y:0006 S:04EF D:0240 DB:7E P:nvmxdIzC V:224 H:65 
C02799 $10 $09         BPL $C027A4                     A:FFFF X:0006 Y:0006 S:04EF D:0240 DB:7E P:NvmxdIzC V:224 H:74 
C0279B $AF $F8 $7F $7E LDA $7E7FF8                     A:FFFF X:0006 Y:0006 S:04EF D:0240 DB:7E P:NvmxdIzC V:224 H:77 
C0279F $29 $00 $10     AND #$1000                      A:0000 X:0006 Y:0006 S:04EF D:0240 DB:7E P:nvmxdIZC V:224 H:87 
C027A2 $D0 $08         BNE $C027AC                     A:0000 X:0006 Y:0006 S:04EF D:0240 DB:7E P:nvmxdIZC V:224 H:91 
C027A4 $AF $DE $7F $7E LDA $7E7FDE                     A:0000 X:0006 Y:0006 S:04EF D:0240 DB:7E P:nvmxdIZC V:224 H:94 
C027A8 $F0 $A8         BEQ $C02752                     A:0001 X:0006 Y:0006 S:04EF D:0240 DB:7E P:nvmxdIzC V:224 H:104
C027AA $80 $E9         BRA $C02795                     A:0001 X:0006 Y:0006 S:04EF D:0240 DB:7E P:nvmxdIzC V:224 H:107
C02795 $AF $FE $FF $C1 LDA $C1FFFE                     A:0001 X:0006 Y:0006 S:04EF D:0240 DB:7E P:nvmxdIzC V:224 H:112
C02799 $10 $09         BPL $C027A4                     A:FFFF X:0006 Y:0006 S:04EF D:0240 DB:7E P:NvmxdIzC V:224 H:121
C0279B $AF $F8 $7F $7E LDA $7E7FF8                     A:FFFF X:0006 Y:0006 S:04EF D:0240 DB:7E P:NvmxdIzC V:224 H:124
C0279F $29 $00 $10     AND #$1000                      A:0000 X:0006 Y:0006 S:04EF D:0240 DB:7E P:nvmxdIZC V:224 H:144
C027A2 $D0 $08         BNE $C027AC                     A:0000 X:0006 Y:0006 S:04EF D:0240 DB:7E P:nvmxdIZC V:224 H:148
C027A4 $AF $DE $7F $7E LDA $7E7FDE                     A:0000 X:0006 Y:0006 S:04EF D:0240 DB:7E P:nvmxdIZC V:224 H:151
C027A8 $F0 $A8         BEQ $C02752                     A:0001 X:0006 Y:0006 S:04EF D:0240 DB:7E P:nvmxdIzC V:224 H:161
C027AA $80 $E9         BRA $C02795                     A:0001 X:0006 Y:0006 S:04EF D:0240 DB:7E P:nvmxdIzC V:224 H:164
C02795 $AF $FE $FF $C1 LDA $C1FFFE                     A:0001 X:0006 Y:0006 S:04EF D:0240 DB:7E P:nvmxdIzC V:224 H:169
C02799 $10 $09         BPL $C027A4                     A:FFFF X:0006 Y:0006 S:04EF D:0240 DB:7E P:NvmxdIzC V:224 H:178
C0279B $AF $F8 $7F $7E LDA $7E7FF8                     A:FFFF X:0006 Y:0006 S:04EF D:0240 DB:7E P:NvmxdIzC V:224 H:181
C0279F $29 $00 $10     AND #$1000                      A:0000 X:0006 Y:0006 S:04EF D:0240 DB:7E P:nvmxdIZC V:224 H:191
C027A2 $D0 $08         BNE $C027AC                     A:0000 X:0006 Y:0006 S:04EF D:0240 DB:7E P:nvmxdIZC V:224 H:195
C027A4 $AF $DE $7F $7E LDA $7E7FDE                     A:0000 X:0006 Y:0006 S:04EF D:0240 DB:7E P:nvmxdIZC V:224 H:198
C027A8 $F0 $A8         BEQ $C02752                     A:0001 X:0006 Y:0006 S:04EF D:0240 DB:7E P:nvmxdIzC V:224 H:208
C027AA $80 $E9         BRA $C02795                     A:0001 X:0006 Y:0006 S:04EF D:0240 DB:7E P:nvmxdIzC V:224 H:211
C02795 $AF $FE $FF $C1 LDA $C1FFFE                     A:0001 X:0006 Y:0006 S:04EF D:0240 DB:7E P:nvmxdIzC V:224 H:216
C02799 $10 $09         BPL $C027A4                     A:FFFF X:0006 Y:0006 S:04EF D:0240 DB:7E P:NvmxdIzC V:224 H:225
C0279B $AF $F8 $7F $7E LDA $7E7FF8                     A:FFFF X:0006 Y:0006 S:04EF D:0240 DB:7E P:NvmxdIzC V:224 H:228
C0279F $29 $00 $10     AND #$1000                      A:0000 X:0006 Y:0006 S:04EF D:0240 DB:7E P:nvmxdIZC V:224 H:238
C027A2 $D0 $08         BNE $C027AC                     A:0000 X:0006 Y:0006 S:04EF D:0240 DB:7E P:nvmxdIZC V:224 H:242
C027A4 $AF $DE $7F $7E LDA $7E7FDE                     A:0000 X:0006 Y:0006 S:04EF D:0240 DB:7E P:nvmxdIZC V:224 H:245
C027A8 $F0 $A8         BEQ $C02752                     A:0001 X:0006 Y:0006 S:04EF D:0240 DB:7E P:nvmxdIzC V:224 H:255
C027AA $80 $E9         BRA $C02795                     A:0001 X:0006 Y:0006 S:04EF D:0240 DB:7E P:nvmxdIzC V:224 H:258
C02795 $AF $FE $FF $C1 LDA $C1FFFE                     A:0001 X:0006 Y:0006 S:04EF D:0240 DB:7E P:nvmxdIzC V:224 H:263
C02799 $10 $09         BPL $C027A4                     A:FFFF X:0006 Y:0006 S:04EF D:0240 DB:7E P:NvmxdIzC V:224 H:272
C0279B $AF $F8 $7F $7E LDA $7E7FF8                     A:FFFF X:0006 Y:0006 S:04EF D:0240 DB:7E P:NvmxdIzC V:224 H:275
C0279F $29 $00 $10     AND #$1000                      A:0000 X:0006 Y:0006 S:04EF D:0240 DB:7E P:nvmxdIZC V:224 H:289
C027A2 $D0 $08         BNE $C027AC                     A:0000 X:0006 Y:0006 S:04EF D:0240 DB:7E P:nvmxdIZC V:224 H:294
C027A4 $AF $DE $7F $7E LDA $7E7FDE                     A:0000 X:0006 Y:0006 S:04EF D:0240 DB:7E P:nvmxdIZC V:224 H:297
C027A8 $F0 $A8         BEQ $C02752                     A:0001 X:0006 Y:0006 S:04EF D:0240 DB:7E P:nvmxdIzC V:224 H:307
C027AA $80 $E9         BRA $C02795                     A:0001 X:0006 Y:0006 S:04EF D:0240 DB:7E P:nvmxdIzC V:224 H:310
C02795 $AF $FE $FF $C1 LDA $C1FFFE                     A:0001 X:0006 Y:0006 S:04EF D:0240 DB:7E P:nvmxdIzC V:224 H:314
C02799 $10 $09         BPL $C027A4                     A:FFFF X:0006 Y:0006 S:04EF D:0240 DB:7E P:NvmxdIzC V:224 H:323
C0279B $AF $F8 $7F $7E LDA $7E7FF8                     A:FFFF X:0006 Y:0006 S:04EF D:0240 DB:7E P:NvmxdIzC V:224 H:326
C0279F $29 $00 $10     AND #$1000                      A:0000 X:0006 Y:0006 S:04EF D:0240 DB:7E P:nvmxdIZC V:224 H:335
C027A2 $D0 $08         BNE $C027AC                     A:0000 X:0006 Y:0006 S:04EF D:0240 DB:7E P:nvmxdIZC V:225 H:0  
00FFA0 $5C $E0 $05 $C0 JMP $C005E0                     A:0000 X:0006 Y:0006 S:04EB D:0240 DB:7E P:nvmxdIZC V:225 H:18 
C005E0 $C2 $30         REP #$30                        A:0000 X:0006 Y:0006 S:04EB D:0240 DB:7E P:nvmxdIZC V:225 H:26 
C005E2 $8B             PHB                             A:0000 X:0006 Y:0006 S:04EB D:0240 DB:7E P:nvmxdIZC V:225 H:30 
C005E3 $0B             PHD                             A:0000 X:0006 Y:0006 S:04EA D:0240 DB:7E P:nvmxdIZC V:225 H:35 
C005E4 $48             PHA                             A:0000 X:0006 Y:0006 S:04E8 D:0240 DB:7E P:nvmxdIZC V:225 H:42 
C005E5 $DA             PHX                             A:0000 X:0006 Y:0006 S:04E6 D:0240 DB:7E P:nvmxdIZC V:225 H:49 
C005E6 $5A             PHY                             A:0000 X:0006 Y:0006 S:04E4 D:0240 DB:7E P:nvmxdIZC V:225 H:56 
C005E7 $A9 $00 $00     LDA #$0000                      A:0000 X:0006 Y:0006 S:04E2 D:0240 DB:7E P:nvmxdIZC V:225 H:63 
C005EA $5B             TCD                             A:0000 X:0006 Y:0006 S:04E2 D:0240 DB:7E P:nvmxdIZC V:225 H:68 
C005EB $E2 $20         SEP #$20                        A:0000 X:0006 Y:0006 S:04E2 D:0000 DB:7E P:nvmxdIZC V:225 H:71 
C005ED $A9 $7E         LDA #$7E                        A:0000 X:0006 Y:0006 S:04E2 D:0000 DB:7E P:nvMxdIZC V:225 H:75 
C005EF $48             PHA                             A:007E X:0006 Y:0006 S:04E2 D:0000 DB:7E P:nvMxdIzC V:225 H:78 
C005F0 $AB             PLB                             A:007E X:0006 Y:0006 S:04E1 D:0000 DB:7E P:nvMxdIzC V:225 H:83 
C005F1 $AF $10 $42 $00 LDA $004210                     A:007E X:0006 Y:0006 S:04E2 D:0000 DB:7E P:nvMxdIzC V:225 H:90 
C005F5 $AD $E4 $7F     LDA $7FE4 [7E7FE4] = $01        A:0082 X:0006 Y:0006 S:04E2 D:0000 DB:7E P:NvMxdIzC V:225 H:97 
C005F8 $F0 $0D         BEQ $C00607                     A:0001 X:0006 Y:0006 S:04E2 D:0000 DB:7E P:nvMxdIzC V:225 H:104
C005FA $AD $DE $7F     LDA $7FDE [7E7FDE] = $01        A:0001 X:0006 Y:0006 S:04E2 D:0000 DB:7E P:nvMxdIzC V:225 H:107
C005FD $F0 $08         BEQ $C00607                     A:0001 X:0006 Y:0006 S:04E2 D:0000 DB:7E P:nvMxdIzC V:225 H:113
C005FF $9C $DE $7F     STZ $7FDE [7E7FDE] = $01        A:0001 X:0006 Y:0006 S:04E2 D:0000 DB:7E P:nvMxdIzC V:225 H:116
C00602 $AD $E0 $7F     LDA $7FE0 [7E7FE0] = $01        A:0001 X:0006 Y:0006 S:04E2 D:0000 DB:7E P:nvMxdIzC V:225 H:123
C00605 $D0 $16         BNE $C0061D                     A:0001 X:0006 Y:0006 S:04E2 D:0000 DB:7E P:nvMxdIzC V:225 H:129
C0061D $A9 $80         LDA #$80                        A:0001 X:0006 Y:0006 S:04E2 D:0000 DB:7E P:nvMxdIzC V:225 H:134
C0061F $8F $00 $21 $00 STA $002100                     A:0080 X:0006 Y:0006 S:04E2 D:0000 DB:7E P:NvMxdIzC V:225 H:147
C00623 $A9 $00         LDA #$00                        A:0080 X:0006 Y:0006 S:04E2 D:0000 DB:7E P:NvMxdIzC V:225 H:154
C00625 $8F $0C $42 $00 STA $00420C                     A:0000 X:0006 Y:0006 S:04E2 D:0000 DB:7E P:nvMxdIZC V:225 H:157
C00629 $20 $4C $0E     JSR $0E4C [C00E4C] = $AD        A:0000 X:0006 Y:0006 S:04E2 D:0000 DB:7E P:nvMxdIZC V:225 H:165
C00E4C $AD $8C $7F     LDA $7F8C [7E7F8C] = $09        A:0000 X:0006 Y:0006 S:04E0 D:0000 DB:7E P:nvMxdIZC V:225 H:175
C00E4F $8F $05 $21 $00 STA $002105                     A:0009 X:0006 Y:0006 S:04E0 D:0000 DB:7E P:nvMxdIzC V:225 H:181
C00E53 $AD $8E $7F     LDA $7F8E [7E7F8E] = $00        A:0009 X:0006 Y:0006 S:04E0 D:0000 DB:7E P:nvMxdIzC V:225 H:189
C00E56 $8F $06 $21 $00 STA $002106                     A:0000 X:0006 Y:0006 S:04E0 D:0000 DB:7E P:nvMxdIZC V:225 H:195
C00E5A $AD $C8 $7F     LDA $7FC8 [7E7FC8] = $17        A:0000 X:0006 Y:0006 S:04E0 D:0000 DB:7E P:nvMxdIZC V:225 H:203
C00E5D $8F $2C $21 $00 STA $00212C                     A:0017 X:0006 Y:0006 S:04E0 D:0000 DB:7E P:nvMxdIzC V:225 H:209
C00E61 $AD $CA $7F     LDA $7FCA [7E7FCA] = $00        A:0017 X:0006 Y:0006 S:04E0 D:0000 DB:7E P:nvMxdIzC V:225 H:217
C00E64 $8F $2D $21 $00 STA $00212D                     A:0000 X:0006 Y:0006 S:04E0 D:0000 DB:7E P:nvMxdIZC V:225 H:223
C00E68 $AD $CC $7F     LDA $7FCC [7E7FCC] = $17        A:0000 X:0006 Y:0006 S:04E0 D:0000 DB:7E P:nvMxdIZC V:225 H:231
C00E6B $8F $2E $21 $00 STA $00212E                     A:0017 X:0006 Y:0006 S:04E0 D:0000 DB:7E P:nvMxdIzC V:225 H:237
C00E6F $AD $CE $7F     LDA $7FCE [7E7FCE] = $00        A:0017 X:0006 Y:0006 S:04E0 D:0000 DB:7E P:nvMxdIzC V:225 H:245
C00E72 $8F $2F $21 $00 STA $00212F                     A:0000 X:0006 Y:0006 S:04E0 D:0000 DB:7E P:nvMxdIZC V:225 H:251
C00E76 $AD $D0 $7F     LDA $7FD0 [7E7FD0] = $02        A:0000 X:0006 Y:0006 S:04E0 D:0000 DB:7E P:nvMxdIZC V:225 H:259
C00E79 $8F $30 $21 $00 STA $002130                     A:0002 X:0006 Y:0006 S:04E0 D:0000 DB:7E P:nvMxdIzC V:225 H:265
C00E7D $AD $D2 $7F     LDA $7FD2 [7E7FD2] = $43        A:0002 X:0006 Y:0006 S:04E0 D:0000 DB:7E P:nvMxdIzC V:225 H:273
C00E80 $8F $31 $21 $00 STA $002131                     A:0043 X:0006 Y:0006 S:04E0 D:0000 DB:7E P:nvMxdIzC V:225 H:279
C00E84 $AD $BA $7F     LDA $7FBA [7E7FBA] = $CC        A:0043 X:0006 Y:0006 S:04E0 D:0000 DB:7E P:nvMxdIzC V:225 H:287
C00E87 $8F $23 $21 $00 STA $002123                     A:00CC X:0006 Y:0006 S:04E0 D:0000 DB:7E P:NvMxdIzC V:225 H:293
C00E8B $AD $BC $7F     LDA $7FBC [7E7FBC] = $CC        A:00CC X:0006 Y:0006 S:04E0 D:0000 DB:7E P:NvMxdIzC V:225 H:301
C00E8E $8F $24 $21 $00 STA $002124                     A:00CC X:0006 Y:0006 S:04E0 D:0000 DB:7E P:NvMxdIzC V:225 H:307
C00E92 $AD $C0 $7F     LDA $7FC0 [7E7FC0] = $00        A:00CC X:0006 Y:0006 S:04E0 D:0000 DB:7E P:NvMxdIzC V:225 H:315
C00E95 $8F $26 $21 $00 STA $002126                     A:0000 X:0006 Y:0006 S:04E0 D:0000 DB:7E P:nvMxdIZC V:225 H:321
C00E99 $AD $C1 $7F     LDA $7FC1 [7E7FC1] = $00        A:0000 X:0006 Y:0006 S:04E0 D:0000 DB:7E P:nvMxdIZC V:225 H:328
C00E9C $8F $27 $21 $00 STA $002127                     A:0000 X:0006 Y:0006 S:04E0 D:0000 DB:7E P:nvMxdIZC V:225 H:334
C00EA0 $AD $C2 $7F     LDA $7FC2 [7E7FC2] = $08        A:0000 X:0006 Y:0006 S:04E0 D:0000 DB:7E P:nvMxdIZC V:226 H:2  
C00EA3 $8F $28 $21 $00 STA $002128                     A:0008 X:0006 Y:0006 S:04E0 D:0000 DB:7E P:nvMxdIzC V:226 H:8  
C00EA7 $AD $C3 $7F     LDA $7FC3 [7E7FC3] = $F7        A:0008 X:0006 Y:0006 S:04E0 D:0000 DB:7E P:nvMxdIzC V:226 H:16 
C00EAA $8F $29 $21 $00 STA $002129                     A:00F7 X:0006 Y:0006 S:04E0 D:0000 DB:7E P:NvMxdIzC V:226 H:22 
C00EAE $AD $BE $7F     LDA $7FBE [7E7FBE] = $CC        A:00F7 X:0006 Y:0006 S:04E0 D:0000 DB:7E P:NvMxdIzC V:226 H:30 
C00EB1 $8F $25 $21 $00 STA $002125                     A:00CC X:0006 Y:0006 S:04E0 D:0000 DB:7E P:NvMxdIzC V:226 H:36 
C00EB5 $AD $C4 $7F     LDA $7FC4 [7E7FC4] = $00        A:00CC X:0006 Y:0006 S:04E0 D:0000 DB:7E P:NvMxdIzC V:226 H:44 
C00EB8 $8F $2A $21 $00 STA $00212A                     A:0000 X:0006 Y:0006 S:04E0 D:0000 DB:7E P:nvMxdIZC V:226 H:50 
C00EBC $AD $C6 $7F     LDA $7FC6 [7E7FC6] = $00        A:0000 X:0006 Y:0006 S:04E0 D:0000 DB:7E P:nvMxdIZC V:226 H:58 
C00EBF $8F $2B $21 $00 STA $00212B                     A:0000 X:0006 Y:0006 S:04E0 D:0000 DB:7E P:nvMxdIZC V:226 H:64 
C00EC3 $AD $D4 $7F     LDA $7FD4 [7E7FD4] = $00        A:0000 X:0006 Y:0006 S:04E0 D:0000 DB:7E P:nvMxdIZC V:226 H:72 
C00EC6 $29 $1F         AND #$1F                        A:0000 X:0006 Y:0006 S:04E0 D:0000 DB:7E P:nvMxdIZC V:226 H:78 
C00EC8 $09 $20         ORA #$20                        A:0000 X:0006 Y:0006 S:04E0 D:0000 DB:7E P:nvMxdIZC V:226 H:81 
C00ECA $8F $32 $21 $00 STA $002132                     A:0020 X:0006 Y:0006 S:04E0 D:0000 DB:7E P:nvMxdIzC V:226 H:84 
C00ECE $C2 $20         REP #$20                        A:0020 X:0006 Y:0006 S:04E0 D:0000 DB:7E P:nvMxdIzC V:226 H:92 
C00ED0 $AD $D4 $7F     LDA $7FD4 [7E7FD4] = $0000      A:0020 X:0006 Y:0006 S:04E0 D:0000 DB:7E P:nvmxdIzC V:226 H:96 
C00ED3 $29 $E0 $03     AND #$03E0                      A:0000 X:0006 Y:0006 S:04E0 D:0000 DB:7E P:nvmxdIZC V:226 H:105
C00ED6 $4A             LSR                             A:0000 X:0006 Y:0006 S:04E0 D:0000 DB:7E P:nvmxdIZC V:226 H:109
C00ED7 $4A             LSR                             A:0000 X:0006 Y:0006 S:04E0 D:0000 DB:7E P:nvmxdIZc V:226 H:112
C00ED8 $4A             LSR                             A:0000 X:0006 Y:0006 S:04E0 D:0000 DB:7E P:nvmxdIZc V:226 H:115
C00ED9 $4A             LSR                             A:0000 X:0006 Y:0006 S:04E0 D:0000 DB:7E P:nvmxdIZc V:226 H:118
C00EDA $4A             LSR                             A:0000 X:0006 Y:0006 S:04E0 D:0000 DB:7E P:nvmxdIZc V:226 H:121
C00EDB $09 $40 $00     ORA #$0040                      A:0000 X:0006 Y:0006 S:04E0 D:0000 DB:7E P:nvmxdIZc V:226 H:124
C00EDE $E2 $20         SEP #$20                        A:0040 X:0006 Y:0006 S:04E0 D:0000 DB:7E P:nvmxdIzc V:226 H:129
C00EE0 $8F $32 $21 $00 STA $002132                     A:0040 X:0006 Y:0006 S:04E0 D:0000 DB:7E P:nvMxdIzc V:226 H:143
C00EE4 $AD $D5 $7F     LDA $7FD5 [7E7FD5] = $00        A:0040 X:0006 Y:0006 S:04E0 D:0000 DB:7E P:nvMxdIzc V:226 H:151
C00EE7 $29 $7C         AND #$7C                        A:0000 X:0006 Y:0006 S:04E0 D:0000 DB:7E P:nvMxdIZc V:226 H:157
C00EE9 $4A             LSR                             A:0000 X:0006 Y:0006 S:04E0 D:0000 DB:7E P:nvMxdIZc V:226 H:160
C00EEA $4A             LSR                             A:0000 X:0006 Y:0006 S:04E0 D:0000 DB:7E P:nvMxdIZc V:226 H:163
C00EEB $09 $80         ORA #$80                        A:0000 X:0006 Y:0006 S:04E0 D:0000 DB:7E P:nvMxdIZc V:226 H:166
C00EED $8F $32 $21 $00 STA $002132                     A:0080 X:0006 Y:0006 S:04E0 D:0000 DB:7E P:NvMxdIzc V:226 H:169
C00EF1 $AD $8A $7F     LDA $7F8A [7E7F8A] = $03        A:0080 X:0006 Y:0006 S:04E0 D:0000 DB:7E P:NvMxdIzc V:226 H:177
C00EF4 $8F $01 $21 $00 STA $002101                     A:0003 X:0006 Y:0006 S:04E0 D:0000 DB:7E P:nvMxdIzc V:226 H:183
C00EF8 $AD $90 $7F     LDA $7F90 [7E7F90] = $50        A:0003 X:0006 Y:0006 S:04E0 D:0000 DB:7E P:nvMxdIzc V:226 H:191
C00EFB $8F $07 $21 $00 STA $002107                     A:0050 X:0006 Y:0006 S:04E0 D:0000 DB:7E P:nvMxdIzc V:226 H:197
C00EFF $AD $92 $7F     LDA $7F92 [7E7F92] = $54        A:0050 X:0006 Y:0006 S:04E0 D:0000 DB:7E P:nvMxdIzc V:226 H:205
C00F02 $8F $08 $21 $00 STA $002108                     A:0054 X:0006 Y:0006 S:04E0 D:0000 DB:7E P:nvMxdIzc V:226 H:211
C00F06 $AD $94 $7F     LDA $7F94 [7E7F94] = $58        A:0054 X:0006 Y:0006 S:04E0 D:0000 DB:7E P:nvMxdIzc V:226 H:219
C00F09 $8F $09 $21 $00 STA $002109                     A:0058 X:0006 Y:0006 S:04E0 D:0000 DB:7E P:nvMxdIzc V:226 H:225
C00F0D $AD $96 $7F     LDA $7F96 [7E7F96] = $5C        A:0058 X:0006 Y:0006 S:04E0 D:0000 DB:7E P:nvMxdIzc V:226 H:233
C00F10 $8F $0A $21 $00 STA $00210A                     A:005C X:0006 Y:0006 S:04E0 D:0000 DB:7E P:nvMxdIzc V:226 H:239
C00F14 $AD $98 $7F     LDA $7F98 [7E7F98] = $00        A:005C X:0006 Y:0006 S:04E0 D:0000 DB:7E P:nvMxdIzc V:226 H:247
C00F17 $8F $0B $21 $00 STA $00210B                     A:0000 X:0006 Y:0006 S:04E0 D:0000 DB:7E P:nvMxdIZc V:226 H:253
C00F1B $AD $9A $7F     LDA $7F9A [7E7F9A] = $04        A:0000 X:0006 Y:0006 S:04E0 D:0000 DB:7E P:nvMxdIZc V:226 H:261
C00F1E $8F $0C $21 $00 STA $00210C                     A:0004 X:0006 Y:0006 S:04E0 D:0000 DB:7E P:nvMxdIzc V:226 H:267
C00F22 $AD $DA $7F     LDA $7FDA [7E7FDA] = $00        A:0004 X:0006 Y:0006 S:04E0 D:0000 DB:7E P:nvMxdIzc V:226 H:275
C00F25 $8F $33 $21 $00 STA $002133                     A:0000 X:0006 Y:0006 S:04E0 D:0000 DB:7E P:nvMxdIZc V:226 H:281
C00F29 $60             RTS                             A:0000 X:0006 Y:0006 S:04E0 D:0000 DB:7E P:nvMxdIZc V:226 H:289
C0062C $20 $46 $0C     JSR $0C46 [C00C46] = $AC        A:0000 X:0006 Y:0006 S:04E2 D:0000 DB:7E P:nvMxdIZc V:226 H:299
C00C46 $AC $AE $93     LDY $93AE [7E93AE] = $EA        A:0000 X:0006 Y:0006 S:04E0 D:0000 DB:7E P:nvMxdIZc V:226 H:309
C00C49 $F0 $48         BEQ $C00C93                     A:0000 X:0006 Y:00EA S:04E0 D:0000 DB:7E P:nvMxdIzc V:226 H:317
C00C4B $A9 $80         LDA #$80                        A:0000 X:0006 Y:00EA S:04E0 D:0000 DB:7E P:nvMxdIzc V:226 H:320
C00C4D $8F $15 $21 $00 STA $002115                     A:0080 X:0006 Y:00EA S:04E0 D:0000 DB:7E P:NvMxdIzc V:226 H:323
C00C51 $A9 $01         LDA #$01                        A:0080 X:0006 Y:00EA S:04E0 D:0000 DB:7E P:NvMxdIzc V:226 H:330
C00C53 $8F $00 $43 $00 STA $004300                     A:0001 X:0006 Y:00EA S:04E0 D:0000 DB:7E P:nvMxdIzc V:226 H:333
C00C57 $A9 $18         LDA #$18                        A:0001 X:0006 Y:00EA S:04E0 D:0000 DB:7E P:nvMxdIzc V:227 H:0  
C00C59 $8F $01 $43 $00 STA $004301                     A:0018 X:0006 Y:00EA S:04E0 D:0000 DB:7E P:nvMxdIzc V:227 H:3  
C00C5D $A0 $00 $00     LDY #$0000                      A:0018 X:0006 Y:00EA S:04E0 D:0000 DB:7E P:nvMxdIzc V:227 H:11 
C00C60 $C2 $20         REP #$20                        A:0018 X:0006 Y:0000 S:04E0 D:0000 DB:7E P:nvMxdIZc V:227 H:15 
C00C62 $B9 $AE $8B     LDA $8BAE,Y [7E8BAE] = $8EA0    A:0018 X:0006 Y:0000 S:04E0 D:0000 DB:7E P:nvmxdIZc V:227 H:20 
C00C65 $8F $02 $43 $00 STA $004302                     A:8EA0 X:0006 Y:0000 S:04E0 D:0000 DB:7E P:NvmxdIzc V:227 H:30 
C00C69 $B9 $AE $8F     LDA $8FAE,Y [7E8FAE] = $4000    A:8EA0 X:0006 Y:0000 S:04E0 D:0000 DB:7E P:NvmxdIzc V:227 H:39 
C00C6C $8F $16 $21 $00 STA $002116                     A:4000 X:0006 Y:0000 S:04E0 D:0000 DB:7E P:nvmxdIzc V:227 H:49 
C00C70 $B9 $AE $91     LDA $91AE,Y [7E91AE] = $0010    A:4000 X:0006 Y:0000 S:04E0 D:0000 DB:7E P:nvmxdIzc V:227 H:58 
C00C73 $8F $05 $43 $00 STA $004305                     A:0010 X:0006 Y:0000 S:04E0 D:0000 DB:7E P:nvmxdIzc V:227 H:68 
C00C77 $E2 $20         SEP #$20                        A:0010 X:0006 Y:0000 S:04E0 D:0000 DB:7E P:nvmxdIzc V:227 H:77 
C00C79 $B9 $AE $8D     LDA $8DAE,Y [7E8DAE] = $E3      A:0010 X:0006 Y:0000 S:04E0 D:0000 DB:7E P:nvMxdIzc V:227 H:81 
C00C7C $8F $04 $43 $00 STA $004304                     A:00E3 X:0006 Y:0000 S:04E0 D:0000 DB:7E P:NvMxdIzc V:227 H:89 
C00C80 $A9 $01         LDA #$01                        A:00E3 X:0006 Y:0000 S:04E0 D:0000 DB:7E P:NvMxdIzc V:227 H:97 
C00C82 $8F $0B $42 $00 STA $00420B                     A:0001 X:0006 Y:0000 S:04E0 D:0000 DB:7E P:nvMxdIzc V:227 H:100
C00C86 $C8             INY                             A:0001 X:0006 Y:0000 S:04E0 D:0000 DB:7E P:nvMxdIzc V:227 H:107
C00C87 $C8             INY                             A:0001 X:0006 Y:0001 S:04E0 D:0000 DB:7E P:nvMxdIzc V:227 H:158
C00C88 $CC $AE $93     CPY $93AE [7E93AE] = $EA        A:0001 X:0006 Y:0002 S:04E0 D:0000 DB:7E P:nvMxdIzc V:227 H:161
C00C8B $90 $D3         BCC $C00C60                     A:0001 X:0006 Y:0002 S:04E0 D:0000 DB:7E P:NvMxdIzc V:227 H:170
C00C60 $C2 $20         REP #$20                        A:0001 X:0006 Y:0002 S:04E0 D:0000 DB:7E P:NvMxdIzc V:227 H:174
C00C62 $B9 $AE $8B     LDA $8BAE,Y [7E8BB0] = $94C0    A:0001 X:0006 Y:0002 S:04E0 D:0000 DB:7E P:NvmxdIzc V:227 H:179
C00C65 $8F $02 $43 $00 STA $004302                     A:94C0 X:0006 Y:0002 S:04E0 D:0000 DB:7E P:NvmxdIzc V:227 H:189
C00C69 $B9 $AE $8F     LDA $8FAE,Y [7E8FB0] = $4008    A:94C0 X:0006 Y:0002 S:04E0 D:0000 DB:7E P:NvmxdIzc V:227 H:198
C00C6C $8F $16 $21 $00 STA $002116                     A:4008 X:0006 Y:0002 S:04E0 D:0000 DB:7E P:nvmxdIzc V:227 H:208
C00C70 $B9 $AE $91     LDA $91AE,Y [7E91B0] = $0010    A:4008 X:0006 Y:0002 S:04E0 D:0000 DB:7E P:nvmxdIzc V:227 H:217
C00C73 $8F $05 $43 $00 STA $004305                     A:0010 X:0006 Y:0002 S:04E0 D:0000 DB:7E P:nvmxdIzc V:227 H:227
C00C77 $E2 $20         SEP #$20                        A:0010 X:0006 Y:0002 S:04E0 D:0000 DB:7E P:nvmxdIzc V:227 H:236
C00C79 $B9 $AE $8D     LDA $8DAE,Y [7E8DB0] = $E3      A:0010 X:0006 Y:0002 S:04E0 D:0000 DB:7E P:nvMxdIzc V:227 H:240
C00C7C $8F $04 $43 $00 STA $004304                     A:00E3 X:0006 Y:0002 S:04E0 D:0000 DB:7E P:NvMxdIzc V:227 H:248
C00C80 $A9 $01         LDA #$01                        A:00E3 X:0006 Y:0002 S:04E0 D:0000 DB:7E P:NvMxdIzc V:227 H:256
C00C82 $8F $0B $42 $00 STA $00420B                     A:0001 X:0006 Y:0002 S:04E0 D:0000 DB:7E P:nvMxdIzc V:227 H:259
C00C86 $C8             INY                             A:0001 X:0006 Y:0002 S:04E0 D:0000 DB:7E P:nvMxdIzc V:227 H:266
C00C87 $C8             INY                             A:0001 X:0006 Y:0003 S:04E0 D:0000 DB:7E P:nvMxdIzc V:227 H:307
C00C88 $CC $AE $93     CPY $93AE [7E93AE] = $EA        A:0001 X:0006 Y:0004 S:04E0 D:0000 DB:7E P:nvMxdIzc V:227 H:310
C00C8B $90 $D3         BCC $C00C60                     A:0001 X:0006 Y:0004 S:04E0 D:0000 DB:7E P:NvMxdIzc V:227 H:318
C00C60 $C2 $20         REP #$20                        A:0001 X:0006 Y:0004 S:04E0 D:0000 DB:7E P:NvMxdIzc V:227 H:323
C00C62 $B9 $AE $8B     LDA $8BAE,Y [7E8BB2] = $94D0    A:0001 X:0006 Y:0004 S:04E0 D:0000 DB:7E P:NvmxdIzc V:227 H:327
C00C65 $8F $02 $43 $00 STA $004302                     A:94D0 X:0006 Y:0004 S:04E0 D:0000 DB:7E P:NvmxdIzc V:227 H:336
C00C69 $B9 $AE $8F     LDA $8FAE,Y [7E8FB2] = $4010    A:94D0 X:0006 Y:0004 S:04E0 D:0000 DB:7E P:NvmxdIzc V:228 H:5  
C00C6C $8F $16 $21 $00 STA $002116                     A:4010 X:0006 Y:0004 S:04E0 D:0000 DB:7E P:nvmxdIzc V:228 H:15 
C00C70 $B9 $AE $91     LDA $91AE,Y [7E91B2] = $0010    A:4010 X:0006 Y:0004 S:04E0 D:0000 DB:7E P:nvmxdIzc V:228 H:24 
C00C73 $8F $05 $43 $00 STA $004305                     A:0010 X:0006 Y:0004 S:04E0 D:0000 DB:7E P:nvmxdIzc V:228 H:34 
C00C77 $E2 $20         SEP #$20                        A:0010 X:0006 Y:0004 S:04E0 D:0000 DB:7E P:nvmxdIzc V:228 H:43 
C00C79 $B9 $AE $8D     LDA $8DAE,Y [7E8DB2] = $E3      A:0010 X:0006 Y:0004 S:04E0 D:0000 DB:7E P:nvMxdIzc V:228 H:48 
C00C7C $8F $04 $43 $00 STA $004304                     A:00E3 X:0006 Y:0004 S:04E0 D:0000 DB:7E P:NvMxdIzc V:228 H:56 
C00C80 $A9 $01         LDA #$01                        A:00E3 X:0006 Y:0004 S:04E0 D:0000 DB:7E P:NvMxdIzc V:228 H:63 
C00C82 $8F $0B $42 $00 STA $00420B                     A:0001 X:0006 Y:0004 S:04E0 D:0000 DB:7E P:nvMxdIzc V:228 H:66 
C00C86 $C8             INY                             A:0001 X:0006 Y:0004 S:04E0 D:0000 DB:7E P:nvMxdIzc V:228 H:74 
C00C87 $C8             INY                             A:0001 X:0006 Y:0005 S:04E0 D:0000 DB:7E P:nvMxdIzc V:228 H:116
C00C88 $CC $AE $93     CPY $93AE [7E93AE] = $EA        A:0001 X:0006 Y:0006 S:04E0 D:0000 DB:7E P:nvMxdIzc V:228 H:119
C00C8B $90 $D3         BCC $C00C60                     A:0001 X:0006 Y:0006 S:04E0 D:0000 DB:7E P:NvMxdIzc V:228 H:127
C00C60 $C2 $20         REP #$20                        A:0001 X:0006 Y:0006 S:04E0 D:0000 DB:7E P:NvMxdIzc V:228 H:132
C00C62 $B9 $AE $8B     LDA $8BAE,Y [7E8BB4] = $94E0    A:0001 X:0006 Y:0006 S:04E0 D:0000 DB:7E P:NvmxdIzc V:228 H:146
C00C65 $8F $02 $43 $00 STA $004302                     A:94E0 X:0006 Y:0006 S:04E0 D:0000 DB:7E P:NvmxdIzc V:228 H:156
C00C69 $B9 $AE $8F     LDA $8FAE,Y [7E8FB4] = $4018    A:94E0 X:0006 Y:0006 S:04E0 D:0000 DB:7E P:NvmxdIzc V:228 H:165
C00C6C $8F $16 $21 $00 STA $002116                     A:4018 X:0006 Y:0006 S:04E0 D:0000 DB:7E P:nvmxdIzc V:228 H:175
C00C70 $B9 $AE $91     LDA $91AE,Y [7E91B4] = $0010    A:4018 X:0006 Y:0006 S:04E0 D:0000 DB:7E P:nvmxdIzc V:228 H:184
C00C73 $8F $05 $43 $00 STA $004305                     A:0010 X:0006 Y:0006 S:04E0 D:0000 DB:7E P:nvmxdIzc V:228 H:194
C00C77 $E2 $20         SEP #$20                        A:0010 X:0006 Y:0006 S:04E0 D:0000 DB:7E P:nvmxdIzc V:228 H:203
C00C79 $B9 $AE $8D     LDA $8DAE,Y [7E8DB4] = $E3      A:0010 X:0006 Y:0006 S:04E0 D:0000 DB:7E P:nvMxdIzc V:228 H:208
C00C7C $8F $04 $43 $00 STA $004304                     A:00E3 X:0006 Y:0006 S:04E0 D:0000 DB:7E P:NvMxdIzc V:228 H:216
C00C80 $A9 $01         LDA #$01                        A:00E3 X:0006 Y:0006 S:04E0 D:0000 DB:7E P:NvMxdIzc V:228 H:223
C00C82 $8F $0B $42 $00 STA $00420B                     A:0001 X:0006 Y:0006 S:04E0 D:0000 DB:7E P:nvMxdIzc V:228 H:226
C00C86 $C8             INY                             A:0001 X:0006 Y:0006 S:04E0 D:0000 DB:7E P:nvMxdIzc V:228 H:234
C00C87 $C8             INY                             A:0001 X:0006 Y:0007 S:04E0 D:0000 DB:7E P:nvMxdIzc V:228 H:276
C00C88 $CC $AE $93     CPY $93AE [7E93AE] = $EA        A:0001 X:0006 Y:0008 S:04E0 D:0000 DB:7E P:nvMxdIzc V:228 H:279
C00C8B $90 $D3         BCC $C00C60                     A:0001 X:0006 Y:0008 S:04E0 D:0000 DB:7E P:NvMxdIzc V:228 H:287
C00C60 $C2 $20         REP #$20                        A:0001 X:0006 Y:0008 S:04E0 D:0000 DB:7E P:NvMxdIzc V:228 H:292
C00C62 $B9 $AE $8B     LDA $8BAE,Y [7E8BB6] = $94F0    A:0001 X:0006 Y:0008 S:04E0 D:0000 DB:7E P:NvmxdIzc V:228 H:296
C00C65 $8F $02 $43 $00 STA $004302                     A:94F0 X:0006 Y:0008 S:04E0 D:0000 DB:7E P:NvmxdIzc V:228 H:306
C00C69 $B9 $AE $8F     LDA $8FAE,Y [7E8FB6] = $4020    A:94F0 X:0006 Y:0008 S:04E0 D:0000 DB:7E P:NvmxdIzc V:228 H:315
C00C6C $8F $16 $21 $00 STA $002116                     A:4020 X:0006 Y:0008 S:04E0 D:0000 DB:7E P:nvmxdIzc V:228 H:325
C00C70 $B9 $AE $91     LDA $91AE,Y [7E91B6] = $0010    A:4020 X:0006 Y:0008 S:04E0 D:0000 DB:7E P:nvmxdIzc V:228 H:333
C00C73 $8F $05 $43 $00 STA $004305                     A:0010 X:0006 Y:0008 S:04E0 D:0000 DB:7E P:nvmxdIzc V:229 H:3  
C00C77 $E2 $20         SEP #$20                        A:0010 X:0006 Y:0008 S:04E0 D:0000 DB:7E P:nvmxdIzc V:229 H:12 
C00C79 $B9 $AE $8D     LDA $8DAE,Y [7E8DB6] = $E3      A:0010 X:0006 Y:0008 S:04E0 D:0000 DB:7E P:nvMxdIzc V:229 H:17 
C00C7C $8F $04 $43 $00 STA $004304                     A:00E3 X:0006 Y:0008 S:04E0 D:0000 DB:7E P:NvMxdIzc V:229 H:25 
C00C80 $A9 $01         LDA #$01                        A:00E3 X:0006 Y:0008 S:04E0 D:0000 DB:7E P:NvMxdIzc V:229 H:32 
C00C82 $8F $0B $42 $00 STA $00420B                     A:0001 X:0006 Y:0008 S:04E0 D:0000 DB:7E P:nvMxdIzc V:229 H:35 
C00C86 $C8             INY                             A:0001 X:0006 Y:0008 S:04E0 D:0000 DB:7E P:nvMxdIzc V:229 H:43 
C00C87 $C8             INY                             A:0001 X:0006 Y:0009 S:04E0 D:0000 DB:7E P:nvMxdIzc V:229 H:85 
C00C88 $CC $AE $93     CPY $93AE [7E93AE] = $EA        A:0001 X:0006 Y:000A S:04E0 D:0000 DB:7E P:nvMxdIzc V:229 H:88 
C00C8B $90 $D3         BCC $C00C60                     A:0001 X:0006 Y:000A S:04E0 D:0000 DB:7E P:NvMxdIzc V:229 H:96 
C00C60 $C2 $20         REP #$20                        A:0001 X:0006 Y:000A S:04E0 D:0000 DB:7E P:NvMxdIzc V:229 H:101
C00C62 $B9 $AE $8B     LDA $8BAE,Y [7E8BB8] = $9500    A:0001 X:0006 Y:000A S:04E0 D:0000 DB:7E P:NvmxdIzc V:229 H:105
C00C65 $8F $02 $43 $00 STA $004302                     A:9500 X:0006 Y:000A S:04E0 D:0000 DB:7E P:NvmxdIzc V:229 H:115
C00C69 $B9 $AE $8F     LDA $8FAE,Y [7E8FB8] = $4028    A:9500 X:0006 Y:000A S:04E0 D:0000 DB:7E P:NvmxdIzc V:229 H:124
C00C6C $8F $16 $21 $00 STA $002116                     A:4028 X:0006 Y:000A S:04E0 D:0000 DB:7E P:nvmxdIzc V:229 H:144
C00C70 $B9 $AE $91     LDA $91AE,Y [7E91B8] = $0010    A:4028 X:0006 Y:000A S:04E0 D:0000 DB:7E P:nvmxdIzc V:229 H:153
C00C73 $8F $05 $43 $00 STA $004305                     A:0010 X:0006 Y:000A S:04E0 D:0000 DB:7E P:nvmxdIzc V:229 H:163
C00C77 $E2 $20         SEP #$20                        A:0010 X:0006 Y:000A S:04E0 D:0000 DB:7E P:nvmxdIzc V:229 H:172
C00C79 $B9 $AE $8D     LDA $8DAE,Y [7E8DB8] = $E3      A:0010 X:0006 Y:000A S:04E0 D:0000 DB:7E P:nvMxdIzc V:229 H:177
C00C7C $8F $04 $43 $00 STA $004304                     A:00E3 X:0006 Y:000A S:04E0 D:0000 DB:7E P:NvMxdIzc V:229 H:185
C00C80 $A9 $01         LDA #$01                        A:00E3 X:0006 Y:000A S:04E0 D:0000 DB:7E P:NvMxdIzc V:229 H:192
C00C82 $8F $0B $42 $00 STA $00420B                     A:0001 X:0006 Y:000A S:04E0 D:0000 DB:7E P:nvMxdIzc V:229 H:195
C00C86 $C8             INY                             A:0001 X:0006 Y:000A S:04E0 D:0000 DB:7E P:nvMxdIzc V:229 H:203
C00C87 $C8             INY                             A:0001 X:0006 Y:000B S:04E0 D:0000 DB:7E P:nvMxdIzc V:229 H:245
C00C88 $CC $AE $93     CPY $93AE [7E93AE] = $EA        A:0001 X:0006 Y:000C S:04E0 D:0000 DB:7E P:nvMxdIzc V:229 H:248
C00C8B $90 $D3         BCC $C00C60                     A:0001 X:0006 Y:000C S:04E0 D:0000 DB:7E P:NvMxdIzc V:229 H:256
C00C60 $C2 $20         REP #$20                        A:0001 X:0006 Y:000C S:04E0 D:0000 DB:7E P:NvMxdIzc V:229 H:261
C00C62 $B9 $AE $8B     LDA $8BAE,Y [7E8BBA] = $9510    A:0001 X:0006 Y:000C S:04E0 D:0000 DB:7E P:NvmxdIzc V:229 H:265
C00C65 $8F $02 $43 $00 STA $004302                     A:9510 X:0006 Y:000C S:04E0 D:0000 DB:7E P:NvmxdIzc V:229 H:275
C00C69 $B9 $AE $8F     LDA $8FAE,Y [7E8FBA] = $4030    A:9510 X:0006 Y:000C S:04E0 D:0000 DB:7E P:NvmxdIzc V:229 H:284
C00C6C $8F $16 $21 $00 STA $002116                     A:4030 X:0006 Y:000C S:04E0 D:0000 DB:7E P:nvmxdIzc V:229 H:294
C00C70 $B9 $AE $91     LDA $91AE,Y [7E91BA] = $0010    A:4030 X:0006 Y:000C S:04E0 D:0000 DB:7E P:nvmxdIzc V:229 H:303
C00C73 $8F $05 $43 $00 STA $004305                     A:0010 X:0006 Y:000C S:04E0 D:0000 DB:7E P:nvmxdIzc V:229 H:313
C00C77 $E2 $20         SEP #$20                        A:0010 X:0006 Y:000C S:04E0 D:0000 DB:7E P:nvmxdIzc V:229 H:322
C00C79 $B9 $AE $8D     LDA $8DAE,Y [7E8DBA] = $E3      A:0010 X:0006 Y:000C S:04E0 D:0000 DB:7E P:nvMxdIzc V:229 H:326
C00C7C $8F $04 $43 $00 STA $004304                     A:00E3 X:0006 Y:000C S:04E0 D:0000 DB:7E P:NvMxdIzc V:229 H:334
C00C80 $A9 $01         LDA #$01                        A:00E3 X:0006 Y:000C S:04E0 D:0000 DB:7E P:NvMxdIzc V:230 H:1  
C00C82 $8F $0B $42 $00 STA $00420B                     A:0001 X:0006 Y:000C S:04E0 D:0000 DB:7E P:nvMxdIzc V:230 H:4  
C00C86 $C8             INY                             A:0001 X:0006 Y:000C S:04E0 D:0000 DB:7E P:nvMxdIzc V:230 H:12 
C00C87 $C8             INY                             A:0001 X:0006 Y:000D S:04E0 D:0000 DB:7E P:nvMxdIzc V:230 H:54 
C00C88 $CC $AE $93     CPY $93AE [7E93AE] = $EA        A:0001 X:0006 Y:000E S:04E0 D:0000 DB:7E P:nvMxdIzc V:230 H:57 
C00C8B $90 $D3         BCC $C00C60                     A:0001 X:0006 Y:000E S:04E0 D:0000 DB:7E P:NvMxdIzc V:230 H:65 
C00C60 $C2 $20         REP #$20                        A:0001 X:0006 Y:000E S:04E0 D:0000 DB:7E P:NvMxdIzc V:230 H:70 
C00C62 $B9 $AE $8B     LDA $8BAE,Y [7E8BBC] = $9520    A:0001 X:0006 Y:000E S:04E0 D:0000 DB:7E P:NvmxdIzc V:230 H:74 
C00C65 $8F $02 $43 $00 STA $004302                     A:9520 X:0006 Y:000E S:04E0 D:0000 DB:7E P:NvmxdIzc V:230 H:84 
C00C69 $B9 $AE $8F     LDA $8FAE,Y [7E8FBC] = $4038    A:9520 X:0006 Y:000E S:04E0 D:0000 DB:7E P:NvmxdIzc V:230 H:93 
C00C6C $8F $16 $21 $00 STA $002116                     A:4038 X:0006 Y:000E S:04E0 D:0000 DB:7E P:nvmxdIzc V:230 H:103
C00C70 $B9 $AE $91     LDA $91AE,Y [7E91BC] = $0010    A:4038 X:0006 Y:000E S:04E0 D:0000 DB:7E P:nvmxdIzc V:230 H:112
C00C73 $8F $05 $43 $00 STA $004305                     A:0010 X:0006 Y:000E S:04E0 D:0000 DB:7E P:nvmxdIzc V:230 H:122
C00C77 $E2 $20         SEP #$20                        A:0010 X:0006 Y:000E S:04E0 D:0000 DB:7E P:nvmxdIzc V:230 H:131
C00C79 $B9 $AE $8D     LDA $8DAE,Y [7E8DBC] = $E3      A:0010 X:0006 Y:000E S:04E0 D:0000 DB:7E P:nvMxdIzc V:230 H:146
C00C7C $8F $04 $43 $00 STA $004304                     A:00E3 X:0006 Y:000E S:04E0 D:0000 DB:7E P:NvMxdIzc V:230 H:154
C00C80 $A9 $01         LDA #$01                        A:00E3 X:0006 Y:000E S:04E0 D:0000 DB:7E P:NvMxdIzc V:230 H:161
C00C82 $8F $0B $42 $00 STA $00420B                     A:0001 X:0006 Y:000E S:04E0 D:0000 DB:7E P:nvMxdIzc V:230 H:164
C00C86 $C8             INY                             A:0001 X:0006 Y:000E S:04E0 D:0000 DB:7E P:nvMxdIzc V:230 H:172
C00C87 $C8             INY                             A:0001 X:0006 Y:000F S:04E0 D:0000 DB:7E P:nvMxdIzc V:230 H:214
C00C88 $CC $AE $93     CPY $93AE [7E93AE] = $EA        A:0001 X:0006 Y:0010 S:04E0 D:0000 DB:7E P:nvMxdIzc V:230 H:217
C00C8B $90 $D3         BCC $C00C60                     A:0001 X:0006 Y:0010 S:04E0 D:0000 DB:7E P:NvMxdIzc V:230 H:225
C00C60 $C2 $20         REP #$20                        A:0001 X:0006 Y:0010 S:04E0 D:0000 DB:7E P:NvMxdIzc V:230 H:230
C00C62 $B9 $AE $8B     LDA $8BAE,Y [7E8BBE] = $9530    A:0001 X:0006 Y:0010 S:04E0 D:0000 DB:7E P:NvmxdIzc V:230 H:234
C00C65 $8F $02 $43 $00 STA $004302                     A:9530 X:0006 Y:0010 S:04E0 D:0000 DB:7E P:NvmxdIzc V:230 H:244
C00C69 $B9 $AE $8F     LDA $8FAE,Y [7E8FBE] = $4040    A:9530 X:0006 Y:0010 S:04E0 D:0000 DB:7E P:NvmxdIzc V:230 H:253
C00C6C $8F $16 $21 $00 STA $002116                     A:4040 X:0006 Y:0010 S:04E0 D:0000 DB:7E P:nvmxdIzc V:230 H:263
C00C70 $B9 $AE $91     LDA $91AE,Y [7E91BE] = $0010    A:4040 X:0006 Y:0010 S:04E0 D:0000 DB:7E P:nvmxdIzc V:230 H:272
C00C73 $8F $05 $43 $00 STA $004305                     A:0010 X:0006 Y:0010 S:04E0 D:0000 DB:7E P:nvmxdIzc V:230 H:282
C00C77 $E2 $20         SEP #$20                        A:0010 X:0006 Y:0010 S:04E0 D:0000 DB:7E P:nvmxdIzc V:230 H:291
C00C79 $B9 $AE $8D     LDA $8DAE,Y [7E8DBE] = $E3      A:0010 X:0006 Y:0010 S:04E0 D:0000 DB:7E P:nvMxdIzc V:230 H:296
C00C7C $8F $04 $43 $00 STA $004304                     A:00E3 X:0006 Y:0010 S:04E0 D:0000 DB:7E P:NvMxdIzc V:230 H:304
C00C80 $A9 $01         LDA #$01                        A:00E3 X:0006 Y:0010 S:04E0 D:0000 DB:7E P:NvMxdIzc V:230 H:311
C00C82 $8F $0B $42 $00 STA $00420B                     A:0001 X:0006 Y:0010 S:04E0 D:0000 DB:7E P:nvMxdIzc V:230 H:314
C00C86 $C8             INY                             A:0001 X:0006 Y:0010 S:04E0 D:0000 DB:7E P:nvMxdIzc V:230 H:322
C00C87 $C8             INY                             A:0001 X:0006 Y:0011 S:04E0 D:0000 DB:7E P:nvMxdIzc V:231 H:23 
C00C88 $CC $AE $93     CPY $93AE [7E93AE] = $EA        A:0001 X:0006 Y:0012 S:04E0 D:0000 DB:7E P:nvMxdIzc V:231 H:26 
C00C8B $90 $D3         BCC $C00C60                     A:0001 X:0006 Y:0012 S:04E0 D:0000 DB:7E P:NvMxdIzc V:231 H:34 
C00C60 $C2 $20         REP #$20                        A:0001 X:0006 Y:0012 S:04E0 D:0000 DB:7E P:NvMxdIzc V:231 H:39 
C00C62 $B9 $AE $8B     LDA $8BAE,Y [7E8BC0] = $9540    A:0001 X:0006 Y:0012 S:04E0 D:0000 DB:7E P:NvmxdIzc V:231 H:43 
C00C65 $8F $02 $43 $00 STA $004302                     A:9540 X:0006 Y:0012 S:04E0 D:0000 DB:7E P:NvmxdIzc V:231 H:53 
C00C69 $B9 $AE $8F     LDA $8FAE,Y [7E8FC0] = $4048    A:9540 X:0006 Y:0012 S:04E0 D:0000 DB:7E P:NvmxdIzc V:231 H:62 
C00C6C $8F $16 $21 $00 STA $002116                     A:4048 X:0006 Y:0012 S:04E0 D:0000 DB:7E P:nvmxdIzc V:231 H:72 
C00C70 $B9 $AE $91     LDA $91AE,Y [7E91C0] = $0010    A:4048 X:0006 Y:0012 S:04E0 D:0000 DB:7E P:nvmxdIzc V:231 H:81 
C00C73 $8F $05 $43 $00 STA $004305                     A:0010 X:0006 Y:0012 S:04E0 D:0000 DB:7E P:nvmxdIzc V:231 H:91 
C00C77 $E2 $20         SEP #$20                        A:0010 X:0006 Y:0012 S:04E0 D:0000 DB:7E P:nvmxdIzc V:231 H:100
C00C79 $B9 $AE $8D     LDA $8DAE,Y [7E8DC0] = $E3      A:0010 X:0006 Y:0012 S:04E0 D:0000 DB:7E P:nvMxdIzc V:231 H:105
C00C7C $8F $04 $43 $00 STA $004304                     A:00E3 X:0006 Y:0012 S:04E0 D:0000 DB:7E P:NvMxdIzc V:231 H:113
C00C80 $A9 $01         LDA #$01                        A:00E3 X:0006 Y:0012 S:04E0 D:0000 DB:7E P:NvMxdIzc V:231 H:120
C00C82 $8F $0B $42 $00 STA $00420B                     A:0001 X:0006 Y:0012 S:04E0 D:0000 DB:7E P:nvMxdIzc V:231 H:123
C00C86 $C8             INY                             A:0001 X:0006 Y:0012 S:04E0 D:0000 DB:7E P:nvMxdIzc V:231 H:131
C00C87 $C8             INY                             A:0001 X:0006 Y:0013 S:04E0 D:0000 DB:7E P:nvMxdIzc V:231 H:183
C00C88 $CC $AE $93     CPY $93AE [7E93AE] = $EA        A:0001 X:0006 Y:0014 S:04E0 D:0000 DB:7E P:nvMxdIzc V:231 H:186
C00C8B $90 $D3         BCC $C00C60                     A:0001 X:0006 Y:0014 S:04E0 D:0000 DB:7E P:NvMxdIzc V:231 H:195
C00C60 $C2 $20         REP #$20                        A:0001 X:0006 Y:0014 S:04E0 D:0000 DB:7E P:NvMxdIzc V:231 H:199
C00C62 $B9 $AE $8B     LDA $8BAE,Y [7E8BC2] = $9550    A:0001 X:0006 Y:0014 S:04E0 D:0000 DB:7E P:NvmxdIzc V:231 H:204
C00C65 $8F $02 $43 $00 STA $004302                     A:9550 X:0006 Y:0014 S:04E0 D:0000 DB:7E P:NvmxdIzc V:231 H:214
C00C69 $B9 $AE $8F     LDA $8FAE,Y [7E8FC2] = $4050    A:9550 X:0006 Y:0014 S:04E0 D:0000 DB:7E P:NvmxdIzc V:231 H:223
C00C6C $8F $16 $21 $00 STA $002116                     A:4050 X:0006 Y:0014 S:04E0 D:0000 DB:7E P:nvmxdIzc V:231 H:233
C00C70 $B9 $AE $91     LDA $91AE,Y [7E91C2] = $0010    A:4050 X:0006 Y:0014 S:04E0 D:0000 DB:7E P:nvmxdIzc V:231 H:242
C00C73 $8F $05 $43 $00 STA $004305                     A:0010 X:0006 Y:0014 S:04E0 D:0000 DB:7E P:nvmxdIzc V:231 H:252
C00C77 $E2 $20         SEP #$20                        A:0010 X:0006 Y:0014 S:04E0 D:0000 DB:7E P:nvmxdIzc V:231 H:261
C00C79 $B9 $AE $8D     LDA $8DAE,Y [7E8DC2] = $E3      A:0010 X:0006 Y:0014 S:04E0 D:0000 DB:7E P:nvMxdIzc V:231 H:265
C00C7C $8F $04 $43 $00 STA $004304                     A:00E3 X:0006 Y:0014 S:04E0 D:0000 DB:7E P:NvMxdIzc V:231 H:273
C00C80 $A9 $01         LDA #$01                        A:00E3 X:0006 Y:0014 S:04E0 D:0000 DB:7E P:NvMxdIzc V:231 H:281
C00C82 $8F $0B $42 $00 STA $00420B                     A:0001 X:0006 Y:0014 S:04E0 D:0000 DB:7E P:nvMxdIzc V:231 H:284
C00C86 $C8             INY                             A:0001 X:0006 Y:0014 S:04E0 D:0000 DB:7E P:nvMxdIzc V:231 H:291
C00C87 $C8             INY                             A:0001 X:0006 Y:0015 S:04E0 D:0000 DB:7E P:nvMxdIzc V:231 H:332
C00C88 $CC $AE $93     CPY $93AE [7E93AE] = $EA        A:0001 X:0006 Y:0016 S:04E0 D:0000 DB:7E P:nvMxdIzc V:231 H:335
C00C8B $90 $D3         BCC $C00C60                     A:0001 X:0006 Y:0016 S:04E0 D:0000 DB:7E P:NvMxdIzc V:232 H:4  
C00C60 $C2 $20         REP #$20                        A:0001 X:0006 Y:0016 S:04E0 D:0000 DB:7E P:NvMxdIzc V:232 H:8  
C00C62 $B9 $AE $8B     LDA $8BAE,Y [7E8BC4] = $9560    A:0001 X:0006 Y:0016 S:04E0 D:0000 DB:7E P:NvmxdIzc V:232 H:13 
C00C65 $8F $02 $43 $00 STA $004302                     A:9560 X:0006 Y:0016 S:04E0 D:0000 DB:7E P:NvmxdIzc V:232 H:23 
C00C69 $B9 $AE $8F     LDA $8FAE,Y [7E8FC4] = $4058    A:9560 X:0006 Y:0016 S:04E0 D:0000 DB:7E P:NvmxdIzc V:232 H:32 
C00C6C $8F $16 $21 $00 STA $002116                     A:4058 X:0006 Y:0016 S:04E0 D:0000 DB:7E P:nvmxdIzc V:232 H:42 
C00C70 $B9 $AE $91     LDA $91AE,Y [7E91C4] = $0010    A:4058 X:0006 Y:0016 S:04E0 D:0000 DB:7E P:nvmxdIzc V:232 H:51 
C00C73 $8F $05 $43 $00 STA $004305                     A:0010 X:0006 Y:0016 S:04E0 D:0000 DB:7E P:nvmxdIzc V:232 H:61 
C00C77 $E2 $20         SEP #$20                        A:0010 X:0006 Y:0016 S:04E0 D:0000 DB:7E P:nvmxdIzc V:232 H:70 
C00C79 $B9 $AE $8D     LDA $8DAE,Y [7E8DC4] = $E3      A:0010 X:0006 Y:0016 S:04E0 D:0000 DB:7E P:nvMxdIzc V:232 H:74 
C00C7C $8F $04 $43 $00 STA $004304                     A:00E3 X:0006 Y:0016 S:04E0 D:0000 DB:7E P:NvMxdIzc V:232 H:82 
C00C80 $A9 $01         LDA #$01                        A:00E3 X:0006 Y:0016 S:04E0 D:0000 DB:7E P:NvMxdIzc V:232 H:90 
C00C82 $8F $0B $42 $00 STA $00420B                     A:0001 X:0006 Y:0016 S:04E0 D:0000 DB:7E P:nvMxdIzc V:232 H:93 
C00C86 $C8             INY                             A:0001 X:0006 Y:0016 S:04E0 D:0000 DB:7E P:nvMxdIzc V:232 H:100
C00C87 $C8             INY                             A:0001 X:0006 Y:0017 S:04E0 D:0000 DB:7E P:nvMxdIzc V:232 H:151
C00C88 $CC $AE $93     CPY $93AE [7E93AE] = $EA        A:0001 X:0006 Y:0018 S:04E0 D:0000 DB:7E P:nvMxdIzc V:232 H:154
C00C8B $90 $D3         BCC $C00C60                     A:0001 X:0006 Y:0018 S:04E0 D:0000 DB:7E P:NvMxdIzc V:232 H:163
C00C60 $C2 $20         REP #$20                        A:0001 X:0006 Y:0018 S:04E0 D:0000 DB:7E P:NvMxdIzc V:232 H:167
C00C62 $B9 $AE $8B     LDA $8BAE,Y [7E8BC6] = $9570    A:0001 X:0006 Y:0018 S:04E0 D:0000 DB:7E P:NvmxdIzc V:232 H:172
C00C65 $8F $02 $43 $00 STA $004302                     A:9570 X:0006 Y:0018 S:04E0 D:0000 DB:7E P:NvmxdIzc V:232 H:182
C00C69 $B9 $AE $8F     LDA $8FAE,Y [7E8FC6] = $4060    A:9570 X:0006 Y:0018 S:04E0 D:0000 DB:7E P:NvmxdIzc V:232 H:191
C00C6C $8F $16 $21 $00 STA $002116                     A:4060 X:0006 Y:0018 S:04E0 D:0000 DB:7E P:nvmxdIzc V:232 H:201
C00C70 $B9 $AE $91     LDA $91AE,Y [7E91C6] = $0010    A:4060 X:0006 Y:0018 S:04E0 D:0000 DB:7E P:nvmxdIzc V:232 H:210
C00C73 $8F $05 $43 $00 STA $004305                     A:0010 X:0006 Y:0018 S:04E0 D:0000 DB:7E P:nvmxdIzc V:232 H:220
C00C77 $E2 $20         SEP #$20                        A:0010 X:0006 Y:0018 S:04E0 D:0000 DB:7E P:nvmxdIzc V:232 H:229
C00C79 $B9 $AE $8D     LDA $8DAE,Y [7E8DC6] = $E3      A:0010 X:0006 Y:0018 S:04E0 D:0000 DB:7E P:nvMxdIzc V:232 H:233
C00C7C $8F $04 $43 $00 STA $004304                     A:00E3 X:0006 Y:0018 S:04E0 D:0000 DB:7E P:NvMxdIzc V:232 H:241
C00C80 $A9 $01         LDA #$01                        A:00E3 X:0006 Y:0018 S:04E0 D:0000 DB:7E P:NvMxdIzc V:232 H:249
C00C82 $8F $0B $42 $00 STA $00420B                     A:0001 X:0006 Y:0018 S:04E0 D:0000 DB:7E P:nvMxdIzc V:232 H:252
C00C86 $C8             INY                             A:0001 X:0006 Y:0018 S:04E0 D:0000 DB:7E P:nvMxdIzc V:232 H:259
C00C87 $C8             INY                             A:0001 X:0006 Y:0019 S:04E0 D:0000 DB:7E P:nvMxdIzc V:232 H:300
C00C88 $CC $AE $93     CPY $93AE [7E93AE] = $EA        A:0001 X:0006 Y:001A S:04E0 D:0000 DB:7E P:nvMxdIzc V:232 H:303
C00C8B $90 $D3         BCC $C00C60                     A:0001 X:0006 Y:001A S:04E0 D:0000 DB:7E P:NvMxdIzc V:232 H:311
C00C60 $C2 $20         REP #$20                        A:0001 X:0006 Y:001A S:04E0 D:0000 DB:7E P:NvMxdIzc V:232 H:316
C00C62 $B9 $AE $8B     LDA $8BAE,Y [7E8BC8] = $9580    A:0001 X:0006 Y:001A S:04E0 D:0000 DB:7E P:NvmxdIzc V:232 H:320
C00C65 $8F $02 $43 $00 STA $004302                     A:9580 X:0006 Y:001A S:04E0 D:0000 DB:7E P:NvmxdIzc V:232 H:329
C00C69 $B9 $AE $8F     LDA $8FAE,Y [7E8FC8] = $4068    A:9580 X:0006 Y:001A S:04E0 D:0000 DB:7E P:NvmxdIzc V:232 H:338
C00C6C $8F $16 $21 $00 STA $002116                     A:4068 X:0006 Y:001A S:04E0 D:0000 DB:7E P:nvmxdIzc V:233 H:8  
C00C70 $B9 $AE $91     LDA $91AE,Y [7E91C8] = $0010    A:4068 X:0006 Y:001A S:04E0 D:0000 DB:7E P:nvmxdIzc V:233 H:17 
C00C73 $8F $05 $43 $00 STA $004305                     A:0010 X:0006 Y:001A S:04E0 D:0000 DB:7E P:nvmxdIzc V:233 H:27 
C00C77 $E2 $20         SEP #$20                        A:0010 X:0006 Y:001A S:04E0 D:0000 DB:7E P:nvmxdIzc V:233 H:36 
C00C79 $B9 $AE $8D     LDA $8DAE,Y [7E8DC8] = $E3      A:0010 X:0006 Y:001A S:04E0 D:0000 DB:7E P:nvMxdIzc V:233 H:41 
C00C7C $8F $04 $43 $00 STA $004304                     A:00E3 X:0006 Y:001A S:04E0 D:0000 DB:7E P:NvMxdIzc V:233 H:49 
C00C80 $A9 $01         LDA #$01                        A:00E3 X:0006 Y:001A S:04E0 D:0000 DB:7E P:NvMxdIzc V:233 H:56 
C00C82 $8F $0B $42 $00 STA $00420B                     A:0001 X:0006 Y:001A S:04E0 D:0000 DB:7E P:nvMxdIzc V:233 H:59 
C00C86 $C8             INY                             A:0001 X:0006 Y:001A S:04E0 D:0000 DB:7E P:nvMxdIzc V:233 H:67 
C00C87 $C8             INY                             A:0001 X:0006 Y:001B S:04E0 D:0000 DB:7E P:nvMxdIzc V:233 H:109
C00C88 $CC $AE $93     CPY $93AE [7E93AE] = $EA        A:0001 X:0006 Y:001C S:04E0 D:0000 DB:7E P:nvMxdIzc V:233 H:112
C00C8B $90 $D3         BCC $C00C60                     A:0001 X:0006 Y:001C S:04E0 D:0000 DB:7E P:NvMxdIzc V:233 H:120
C00C60 $C2 $20         REP #$20                        A:0001 X:0006 Y:001C S:04E0 D:0000 DB:7E P:NvMxdIzc V:233 H:125
C00C62 $B9 $AE $8B     LDA $8BAE,Y [7E8BCA] = $9590    A:0001 X:0006 Y:001C S:04E0 D:0000 DB:7E P:NvmxdIzc V:233 H:129
C00C65 $8F $02 $43 $00 STA $004302                     A:9590 X:0006 Y:001C S:04E0 D:0000 DB:7E P:NvmxdIzc V:233 H:149
C00C69 $B9 $AE $8F     LDA $8FAE,Y [7E8FCA] = $4070    A:9590 X:0006 Y:001C S:04E0 D:0000 DB:7E P:NvmxdIzc V:233 H:158
C00C6C $8F $16 $21 $00 STA $002116                     A:4070 X:0006 Y:001C S:04E0 D:0000 DB:7E P:nvmxdIzc V:233 H:168
C00C70 $B9 $AE $91     LDA $91AE,Y [7E91CA] = $0010    A:4070 X:0006 Y:001C S:04E0 D:0000 DB:7E P:nvmxdIzc V:233 H:177
C00C73 $8F $05 $43 $00 STA $004305                     A:0010 X:0006 Y:001C S:04E0 D:0000 DB:7E P:nvmxdIzc V:233 H:187
C00C77 $E2 $20         SEP #$20                        A:0010 X:0006 Y:001C S:04E0 D:0000 DB:7E P:nvmxdIzc V:233 H:196
C00C79 $B9 $AE $8D     LDA $8DAE,Y [7E8DCA] = $E3      A:0010 X:0006 Y:001C S:04E0 D:0000 DB:7E P:nvMxdIzc V:233 H:201
C00C7C $8F $04 $43 $00 STA $004304                     A:00E3 X:0006 Y:001C S:04E0 D:0000 DB:7E P:NvMxdIzc V:233 H:209
C00C80 $A9 $01         LDA #$01                        A:00E3 X:0006 Y:001C S:04E0 D:0000 DB:7E P:NvMxdIzc V:233 H:216
C00C82 $8F $0B $42 $00 STA $00420B                     A:0001 X:0006 Y:001C S:04E0 D:0000 DB:7E P:nvMxdIzc V:233 H:219
