C609E0 $20 $3C $0A     JSR $0A3C [C60A3C] = $FFA9      A:0000 X:0000 Y:7FFE S:0377 D:0000 DB:7E P:05 V:18  H:297
C60A3C $A9 $FF $FF     LDA #$FFFF                      A:0000 X:0000 Y:7FFE S:0375 D:0000 DB:7E P:05 V:18  H:307
C60A3F $8D $7F $99     STA $997F [7E997F] = $FFFF      A:FFFF X:0000 Y:7FFE S:0375 D:0000 DB:7E P:85 V:18  H:311
C60A42 $9C $09 $C3     STZ $C309 [7EC309] = $0000      A:FFFF X:0000 Y:7FFE S:0375 D:0000 DB:7E P:85 V:18  H:320
C60A45 $9C $FF $DA     STZ $DAFF [7EDAFF] = $0000      A:FFFF X:0000 Y:7FFE S:0375 D:0000 DB:7E P:85 V:18  H:327
C60A48 $9C $11 $DB     STZ $DB11 [7EDB11] = $0000      A:FFFF X:0000 Y:7FFE S:0375 D:0000 DB:7E P:85 V:18  H:336
C60A4B $9C $13 $DB     STZ $DB13 [7EDB13] = $0000      A:FFFF X:0000 Y:7FFE S:0375 D:0000 DB:7E P:85 V:19  H:4  
C60A4E $9C $17 $DB     STZ $DB17 [7EDB17] = $0000      A:FFFF X:0000 Y:7FFE S:0375 D:0000 DB:7E P:85 V:19  H:13 
C60A51 $9C $07 $DB     STZ $DB07 [7EDB07] = $0000      A:FFFF X:0000 Y:7FFE S:0375 D:0000 DB:7E P:85 V:19  H:21 
C60A54 $9C $09 $DB     STZ $DB09 [7EDB09] = $0000      A:FFFF X:0000 Y:7FFE S:0375 D:0000 DB:7E P:85 V:19  H:30 
C60A57 $9C $1D $DB     STZ $DB1D [7EDB1D] = $0000      A:FFFF X:0000 Y:7FFE S:0375 D:0000 DB:7E P:85 V:19  H:38 
C60A5A $9C $6F $C3     STZ $C36F [7EC36F] = $0000      A:FFFF X:0000 Y:7FFE S:0375 D:0000 DB:7E P:85 V:19  H:47 
C60A5D $9C $B9 $99     STZ $99B9 [7E99B9] = $0000      A:FFFF X:0000 Y:7FFE S:0375 D:0000 DB:7E P:85 V:19  H:55 
C60A60 $9C $B5 $99     STZ $99B5 [7E99B5] = $0000      A:FFFF X:0000 Y:7FFE S:0375 D:0000 DB:7E P:85 V:19  H:64 
C60A63 $22 $CC $07 $C9 JSL $C907CC                     A:FFFF X:0000 Y:7FFE S:0375 D:0000 DB:7E P:85 V:19  H:72 
C907CC $08             PHP                             A:FFFF X:0000 Y:7FFE S:0372 D:0000 DB:7E P:85 V:19  H:86 
C907CD $78             SEI                             A:FFFF X:0000 Y:7FFE S:0371 D:0000 DB:7E P:85 V:19  H:91 
C907CE $C2 $30         REP #$30                        A:FFFF X:0000 Y:7FFE S:0371 D:0000 DB:7E P:85 V:19  H:94 
C907D0 $48             PHA                             A:FFFF X:0000 Y:7FFE S:0371 D:0000 DB:7E P:85 V:19  H:98 
C907D1 $8B             PHB                             A:FFFF X:0000 Y:7FFE S:036F D:0000 DB:7E P:85 V:19  H:105
C907D2 $DA             PHX                             A:FFFF X:0000 Y:7FFE S:036E D:0000 DB:7E P:85 V:19  H:110
C907D3 $5A             PHY                             A:FFFF X:0000 Y:7FFE S:036C D:0000 DB:7E P:85 V:19  H:117
C907D4 $A3 $0A         LDA $0A,S [000374] = $C60A      A:FFFF X:0000 Y:7FFE S:036A D:0000 DB:7E P:85 V:19  H:124
C907D6 $48             PHA                             A:C60A X:0000 Y:7FFE S:036A D:0000 DB:7E P:85 V:19  H:133
C907D7 $AB             PLB                             A:C60A X:0000 Y:7FFE S:0368 D:0000 DB:7E P:85 V:19  H:150
C907D8 $AB             PLB                             A:C60A X:0000 Y:7FFE S:0369 D:0000 DB:0A P:05 V:19  H:156
C907D9 $A0 $04 $00     LDY #$0004                      A:C60A X:0000 Y:7FFE S:036A D:0000 DB:C6 P:85 V:19  H:163
C907DC $B3 $09         LDA ($09,S),Y [C60A6A] = $0004  A:C60A X:0000 Y:0004 S:036A D:0000 DB:C6 P:05 V:19  H:167
C907DE $49 $FF $FF     EOR #$FFFF                      A:0004 X:0000 Y:0004 S:036A D:0000 DB:C6 P:05 V:19  H:180
C907E1 $85 $40         STA $40 [000040] = $0001        A:FFFB X:0000 Y:0004 S:036A D:0000 DB:C6 P:85 V:19  H:185
C907E3 $C8             INY                             A:FFFB X:0000 Y:0004 S:036A D:0000 DB:C6 P:85 V:19  H:192
C907E4 $B3 $09         LDA ($09,S),Y [C60A6B] = $0000  A:FFFB X:0000 Y:0005 S:036A D:0000 DB:C6 P:05 V:19  H:195
C907E6 $49 $FF $FF     EOR #$FFFF                      A:0000 X:0000 Y:0005 S:036A D:0000 DB:C6 P:07 V:19  H:208
C907E9 $85 $41         STA $41 [000041] = $34FF        A:FFFF X:0000 Y:0005 S:036A D:0000 DB:C6 P:85 V:19  H:212
C907EB $A0 $01 $00     LDY #$0001                      A:FFFF X:0000 Y:0005 S:036A D:0000 DB:C6 P:85 V:19  H:219
C907EE $B3 $09         LDA ($09,S),Y [C60A67] = $353B  A:FFFF X:0000 Y:0001 S:036A D:0000 DB:C6 P:05 V:19  H:224
C907F0 $AA             TAX                             A:353B X:0000 Y:0001 S:036A D:0000 DB:C6 P:05 V:19  H:237
C907F1 $C8             INY                             A:353B X:353B Y:0001 S:036A D:0000 DB:C6 P:05 V:19  H:240
C907F2 $B3 $09         LDA ($09,S),Y [C60A68] = $7E35  A:353B X:353B Y:0002 S:036A D:0000 DB:C6 P:05 V:19  H:243
C907F4 $48             PHA                             A:7E35 X:353B Y:0002 S:036A D:0000 DB:C6 P:05 V:19  H:256
C907F5 $AB             PLB                             A:7E35 X:353B Y:0002 S:0368 D:0000 DB:C6 P:05 V:19  H:263
C907F6 $AB             PLB                             A:7E35 X:353B Y:0002 S:0369 D:0000 DB:35 P:05 V:19  H:269
C907F7 $BD $00 $00     LDA $0000,X [7E353B] = $8400    A:7E35 X:353B Y:0002 S:036A D:0000 DB:7E P:05 V:19  H:276
C907FA $25 $40         AND $40 [000040] = $FFFB        A:8400 X:353B Y:0002 S:036A D:0000 DB:7E P:85 V:19  H:302
C907FC $9D $00 $00     STA $0000,X [7E353B] = $8400    A:8400 X:353B Y:0002 S:036A D:0000 DB:7E P:85 V:19  H:309
C907FF $BD $01 $00     LDA $0001,X [7E353C] = $2884    A:8400 X:353B Y:0002 S:036A D:0000 DB:7E P:85 V:19  H:319
C90802 $25 $41         AND $41 [000041] = $FFFF        A:2884 X:353B Y:0002 S:036A D:0000 DB:7E P:05 V:19  H:328
C90804 $9D $01 $00     STA $0001,X [7E353C] = $2884    A:2884 X:353B Y:0002 S:036A D:0000 DB:7E P:05 V:19  H:335
C90807 $A3 $09         LDA $09,S [000373] = $0A66      A:2884 X:353B Y:0002 S:036A D:0000 DB:7E P:05 V:20  H:5  
C90809 $18             CLC                             A:0A66 X:353B Y:0002 S:036A D:0000 DB:7E P:05 V:20  H:14 
C9080A $69 $06 $00     ADC #$0006                      A:0A66 X:353B Y:0002 S:036A D:0000 DB:7E P:04 V:20  H:17 
C9080D $83 $09         STA $09,S [000373] = $0A66      A:0A6C X:353B Y:0002 S:036A D:0000 DB:7E P:04 V:20  H:21 
C9080F $7A             PLY                             A:0A6C X:353B Y:0002 S:036A D:0000 DB:7E P:04 V:20  H:30 
C90810 $FA             PLX                             A:0A6C X:353B Y:7FFE S:036C D:0000 DB:7E P:04 V:20  H:38 
C90811 $AB             PLB                             A:0A6C X:0000 Y:7FFE S:036E D:0000 DB:7E P:06 V:20  H:47 
C90812 $68             PLA                             A:0A6C X:0000 Y:7FFE S:036F D:0000 DB:7E P:04 V:20  H:53 
C90813 $28             PLP                             A:FFFF X:0000 Y:7FFE S:0371 D:0000 DB:7E P:84 V:20  H:62 
C90814 $6B             RTL                             A:FFFF X:0000 Y:7FFE S:0372 D:0000 DB:7E P:85 V:20  H:68 
C60A6D $AC $A5 $DA     LDY $DAA5 [7EDAA5] = $0000      A:FFFF X:0000 Y:7FFE S:0375 D:0000 DB:7E P:85 V:20  H:79 
C60A70 $B9 $E5 $C5     LDA $C5E5,Y [7EC5E5] = $0848    A:FFFF X:0000 Y:0000 S:0375 D:0000 DB:7E P:07 V:20  H:87 
C60A73 $4A             LSR                             A:0848 X:0000 Y:0000 S:0375 D:0000 DB:7E P:05 V:20  H:97 
C60A74 $4A             LSR                             A:0424 X:0000 Y:0000 S:0375 D:0000 DB:7E P:04 V:20  H:100
C60A75 $4A             LSR                             A:0212 X:0000 Y:0000 S:0375 D:0000 DB:7E P:04 V:20  H:103
C60A76 $38             SEC                             A:0109 X:0000 Y:0000 S:0375 D:0000 DB:7E P:04 V:20  H:106
C60A77 $ED $0F $9A     SBC $9A0F [7E9A0F] = $0100      A:0109 X:0000 Y:0000 S:0375 D:0000 DB:7E P:05 V:20  H:109
C60A7A $8D $09 $9A     STA $9A09 [7E9A09] = $0158      A:0009 X:0000 Y:0000 S:0375 D:0000 DB:7E P:05 V:20  H:118
C60A7D $B9 $25 $C6     LDA $C625,Y [7EC625] = $0AA0    A:0009 X:0000 Y:0000 S:0375 D:0000 DB:7E P:05 V:20  H:126
C60A80 $4A             LSR                             A:0AA0 X:0000 Y:0000 S:0375 D:0000 DB:7E P:05 V:20  H:146
C60A81 $4A             LSR                             A:0550 X:0000 Y:0000 S:0375 D:0000 DB:7E P:04 V:20  H:149
C60A82 $4A             LSR                             A:02A8 X:0000 Y:0000 S:0375 D:0000 DB:7E P:04 V:20  H:152
C60A83 $38             SEC                             A:0154 X:0000 Y:0000 S:0375 D:0000 DB:7E P:04 V:20  H:155
C60A84 $ED $17 $9A     SBC $9A17 [7E9A17] = $0100      A:0154 X:0000 Y:0000 S:0375 D:0000 DB:7E P:05 V:20  H:158
C60A87 $1A             INC                             A:0054 X:0000 Y:0000 S:0375 D:0000 DB:7E P:05 V:20  H:167
C60A88 $1A             INC                             A:0055 X:0000 Y:0000 S:0375 D:0000 DB:7E P:05 V:20  H:170
C60A89 $8D $0B $9A     STA $9A0B [7E9A0B] = $01B5      A:0056 X:0000 Y:0000 S:0375 D:0000 DB:7E P:05 V:20  H:173
C60A8C $B9 $A5 $C7     LDA $C7A5,Y [7EC7A5] = $0000    A:0056 X:0000 Y:0000 S:0375 D:0000 DB:7E P:05 V:20  H:181
C60A8F $4A             LSR                             A:0000 X:0000 Y:0000 S:0375 D:0000 DB:7E P:07 V:20  H:191
C60A90 $8D $0D $9A     STA $9A0D [7E9A0D] = $0000      A:0000 X:0000 Y:0000 S:0375 D:0000 DB:7E P:06 V:20  H:194
C60A93 $9C $43 $BE     STZ $BE43 [7EBE43] = $0000      A:0000 X:0000 Y:0000 S:0375 D:0000 DB:7E P:06 V:20  H:203
C60A96 $9C $65 $BE     STZ $BE65 [7EBE65] = $0000      A:0000 X:0000 Y:0000 S:0375 D:0000 DB:7E P:06 V:20  H:211
C60A99 $AD $FF $99     LDA $99FF [7E99FF] = $0001      A:0000 X:0000 Y:0000 S:0375 D:0000 DB:7E P:06 V:20  H:220
C60A9C $8D $07 $9A     STA $9A07 [7E9A07] = $0001      A:0001 X:0000 Y:0000 S:0375 D:0000 DB:7E P:04 V:20  H:228
C60A9F $AD $F7 $99     LDA $99F7 [7E99F7] = $0021      A:0001 X:0000 Y:0000 S:0375 D:0000 DB:7E P:04 V:20  H:237
C60AA2 $8D $01 $9A     STA $9A01 [7E9A01] = $0008      A:0021 X:0000 Y:0000 S:0375 D:0000 DB:7E P:04 V:20  H:245
C60AA5 $AD $F9 $99     LDA $99F9 [7E99F9] = $0085      A:0021 X:0000 Y:0000 S:0375 D:0000 DB:7E P:04 V:20  H:254
C60AA8 $8D $03 $9A     STA $9A03 [7E9A03] = $0034      A:0085 X:0000 Y:0000 S:0375 D:0000 DB:7E P:04 V:20  H:262
C60AAB $9C $05 $9A     STZ $9A05 [7E9A05] = $0000      A:0085 X:0000 Y:0000 S:0375 D:0000 DB:7E P:04 V:20  H:271
C60AAE $AD $50 $98     LDA $9850 [7E9850] = $0034      A:0085 X:0000 Y:0000 S:0375 D:0000 DB:7E P:04 V:20  H:295
C60AB1 $8D $F9 $99     STA $99F9 [7E99F9] = $0085      A:0034 X:0000 Y:0000 S:0375 D:0000 DB:7E P:04 V:20  H:304
C60AB4 $9C $FB $99     STZ $99FB [7E99FB] = $0000      A:0034 X:0000 Y:0000 S:0375 D:0000 DB:7E P:04 V:20  H:312
C60AB7 $AE $F9 $99     LDX $99F9 [7E99F9] = $0034      A:0034 X:0000 Y:0000 S:0375 D:0000 DB:7E P:04 V:20  H:321
C60ABA $22 $72 $05 $C9 JSL $C90572                     A:0034 X:0034 Y:0000 S:0375 D:0000 DB:7E P:04 V:20  H:328
C90572 $08             PHP                             A:0034 X:0034 Y:0000 S:0372 D:0000 DB:7E P:04 V:21  H:2  
C90573 $8B             PHB                             A:0034 X:0034 Y:0000 S:0371 D:0000 DB:7E P:04 V:21  H:7  
C90574 $78             SEI                             A:0034 X:0034 Y:0000 S:0370 D:0000 DB:7E P:04 V:21  H:12 
C90575 $C2 $30         REP #$30                        A:0034 X:0034 Y:0000 S:0370 D:0000 DB:7E P:04 V:21  H:15 
C90577 $48             PHA                             A:0034 X:0034 Y:0000 S:0370 D:0000 DB:7E P:04 V:21  H:19 
C90578 $DA             PHX                             A:0034 X:0034 Y:0000 S:036E D:0000 DB:7E P:04 V:21  H:26 
C90579 $5A             PHY                             A:0034 X:0034 Y:0000 S:036C D:0000 DB:7E P:04 V:21  H:33 
C9057A $86 $40         STX $40 [000040] = $FFFB        A:0034 X:0034 Y:0000 S:036A D:0000 DB:7E P:04 V:21  H:40 
C9057C $E2 $30         SEP #$30                        A:0034 X:0034 Y:0000 S:036A D:0000 DB:7E P:04 V:21  H:47 
C9057E $A3 $0B         LDA $0B,S [000375] = $C6        A:0034 X:0034 Y:0000 S:036A D:0000 DB:7E P:34 V:21  H:52 
C90580 $48             PHA                             A:00C6 X:0034 Y:0000 S:036A D:0000 DB:7E P:B4 V:21  H:58 
C90581 $AB             PLB                             A:00C6 X:0034 Y:0000 S:0369 D:0000 DB:7E P:B4 V:21  H:63 
C90582 $A0 $01         LDY #$01                        A:00C6 X:0034 Y:0000 S:036A D:0000 DB:C6 P:B4 V:21  H:70 
C90584 $B3 $09         LDA ($09,S),Y [C60ABE] = $00    A:00C6 X:0034 Y:0001 S:036A D:0000 DB:C6 P:34 V:21  H:73 
C90586 $F0 $03         BEQ $C9058B                     A:0000 X:0034 Y:0001 S:036A D:0000 DB:C6 P:36 V:21  H:84 
C9058B $C2 $20         REP #$20                        A:0000 X:0034 Y:0001 S:036A D:0000 DB:C6 P:36 V:21  H:89 
C9058D $A0 $02         LDY #$02                        A:0000 X:0034 Y:0001 S:036A D:0000 DB:C6 P:16 V:21  H:93 
C9058F $B3 $09         LDA ($09,S),Y [C60ABF] = $0001  A:0000 X:0034 Y:0002 S:036A D:0000 DB:C6 P:14 V:21  H:96 
C90591 $A2 $40         LDX #$40                        A:0001 X:0034 Y:0002 S:036A D:0000 DB:C6 P:14 V:21  H:109
C90593 $22 $46 $11 $C0 JSL $C01146                     A:0001 X:0040 Y:0002 S:036A D:0000 DB:C6 P:14 V:21  H:112
C01146 $08             PHP                             A:0001 X:0040 Y:0002 S:0367 D:0000 DB:C6 P:14 V:21  H:126
C01147 $E2 $20         SEP #$20                        A:0001 X:0040 Y:0002 S:0366 D:0000 DB:C6 P:14 V:21  H:131
C01149 $48             PHA                             A:0001 X:0040 Y:0002 S:0366 D:0000 DB:C6 P:34 V:21  H:145
C0114A $EB             XBA                             A:0001 X:0040 Y:0002 S:0365 D:0000 DB:C6 P:34 V:21  H:150
C0114B $48             PHA                             A:0100 X:0040 Y:0002 S:0365 D:0000 DB:C6 P:36 V:21  H:155
C0114C $B5 $01         LDA $01,X [000041] = $00        A:0100 X:0040 Y:0002 S:0364 D:0000 DB:C6 P:36 V:21  H:160
C0114E $48             PHA                             A:0100 X:0040 Y:0002 S:0364 D:0000 DB:C6 P:36 V:21  H:166
C0114F $A3 $03         LDA $03,S [000366] = $01        A:0100 X:0040 Y:0002 S:0363 D:0000 DB:C6 P:36 V:21  H:171
C01151 $EB             XBA                             A:0101 X:0040 Y:0002 S:0363 D:0000 DB:C6 P:34 V:21  H:178
C01152 $B5 $00         LDA $00,X [000040] = $34        A:0101 X:0040 Y:0002 S:0363 D:0000 DB:C6 P:34 V:21  H:182
C01154 $48             PHA                             A:0134 X:0040 Y:0002 S:0363 D:0000 DB:C6 P:34 V:21  H:189
C01155 $8F $02 $42 $00 STA $004202                     A:0134 X:0040 Y:0002 S:0362 D:0000 DB:C6 P:34 V:21  H:194
C01159 $EB             XBA                             A:0134 X:0040 Y:0002 S:0362 D:0000 DB:C6 P:34 V:21  H:201
C0115A $8F $03 $42 $00 STA $004203                     A:3401 X:0040 Y:0002 S:0362 D:0000 DB:C6 P:34 V:21  H:206
C0115E $EA             NOP                             A:3401 X:0040 Y:0002 S:0362 D:0000 DB:C6 P:34 V:21  H:213
C0115F $EA             NOP                             A:3401 X:0040 Y:0002 S:0362 D:0000 DB:C6 P:34 V:21  H:216
C01160 $EA             NOP                             A:3401 X:0040 Y:0002 S:0362 D:0000 DB:C6 P:34 V:21  H:219
C01161 $EA             NOP                             A:3401 X:0040 Y:0002 S:0362 D:0000 DB:C6 P:34 V:21  H:222
C01162 $AF $16 $42 $00 LDA $004216                     A:3401 X:0040 Y:0002 S:0362 D:0000 DB:C6 P:34 V:21  H:225
C01166 $95 $00         STA $00,X [000040] = $34        A:3434 X:0040 Y:0002 S:0362 D:0000 DB:C6 P:34 V:21  H:233
C01168 $AF $17 $42 $00 LDA $004217                     A:3434 X:0040 Y:0002 S:0362 D:0000 DB:C6 P:34 V:21  H:239
C0116C $95 $01         STA $01,X [000041] = $00        A:3400 X:0040 Y:0002 S:0362 D:0000 DB:C6 P:36 V:21  H:247
C0116E $68             PLA                             A:3400 X:0040 Y:0002 S:0362 D:0000 DB:C6 P:36 V:21  H:253
C0116F $EB             XBA                             A:3434 X:0040 Y:0002 S:0363 D:0000 DB:C6 P:34 V:21  H:260
C01170 $A3 $02         LDA $02,S [000365] = $00        A:3434 X:0040 Y:0002 S:0363 D:0000 DB:C6 P:34 V:21  H:264
C01172 $8F $02 $42 $00 STA $004202                     A:3400 X:0040 Y:0002 S:0363 D:0000 DB:C6 P:36 V:21  H:271
C01176 $EB             XBA                             A:3400 X:0040 Y:0002 S:0363 D:0000 DB:C6 P:36 V:21  H:293
C01177 $8F $03 $42 $00 STA $004203                     A:0034 X:0040 Y:0002 S:0363 D:0000 DB:C6 P:34 V:21  H:298
C0117B $EA             NOP                             A:0034 X:0040 Y:0002 S:0363 D:0000 DB:C6 P:34 V:21  H:305
C0117C $EA             NOP                             A:0034 X:0040 Y:0002 S:0363 D:0000 DB:C6 P:34 V:21  H:308
C0117D $EA             NOP                             A:0034 X:0040 Y:0002 S:0363 D:0000 DB:C6 P:34 V:21  H:311
C0117E $EA             NOP                             A:0034 X:0040 Y:0002 S:0363 D:0000 DB:C6 P:34 V:21  H:314
C0117F $AF $16 $42 $00 LDA $004216                     A:0034 X:0040 Y:0002 S:0363 D:0000 DB:C6 P:34 V:21  H:317
C01183 $18             CLC                             A:0000 X:0040 Y:0002 S:0363 D:0000 DB:C6 P:36 V:21  H:324
C01184 $75 $01         ADC $01,X [000041] = $00        A:0000 X:0040 Y:0002 S:0363 D:0000 DB:C6 P:36 V:21  H:327
C01186 $95 $01         STA $01,X [000041] = $00        A:0000 X:0040 Y:0002 S:0363 D:0000 DB:C6 P:36 V:21  H:333
C01188 $AF $17 $42 $00 LDA $004217                     A:0000 X:0040 Y:0002 S:0363 D:0000 DB:C6 P:36 V:22  H:0  
C0118C $69 $00         ADC #$00                        A:0000 X:0040 Y:0002 S:0363 D:0000 DB:C6 P:36 V:22  H:7  
C0118E $95 $02         STA $02,X [000042] = $FF        A:0000 X:0040 Y:0002 S:0363 D:0000 DB:C6 P:36 V:22  H:10 
C01190 $A3 $01         LDA $01,S [000364] = $00        A:0000 X:0040 Y:0002 S:0363 D:0000 DB:C6 P:36 V:22  H:17 
C01192 $EB             XBA                             A:0000 X:0040 Y:0002 S:0363 D:0000 DB:C6 P:36 V:22  H:23 
C01193 $A3 $03         LDA $03,S [000366] = $01        A:0000 X:0040 Y:0002 S:0363 D:0000 DB:C6 P:36 V:22  H:28 
C01195 $8F $02 $42 $00 STA $004202                     A:0001 X:0040 Y:0002 S:0363 D:0000 DB:C6 P:34 V:22  H:34 
C01199 $EB             XBA                             A:0001 X:0040 Y:0002 S:0363 D:0000 DB:C6 P:34 V:22  H:42 
C0119A $8F $03 $42 $00 STA $004203                     A:0100 X:0040 Y:0002 S:0363 D:0000 DB:C6 P:36 V:22  H:46 
C0119E $EA             NOP                             A:0100 X:0040 Y:0002 S:0363 D:0000 DB:C6 P:36 V:22  H:54 
C0119F $EA             NOP                             A:0100 X:0040 Y:0002 S:0363 D:0000 DB:C6 P:36 V:22  H:57 
C011A0 $EA             NOP                             A:0100 X:0040 Y:0002 S:0363 D:0000 DB:C6 P:36 V:22  H:60 
C011A1 $EA             NOP                             A:0100 X:0040 Y:0002 S:0363 D:0000 DB:C6 P:36 V:22  H:63 
C011A2 $AF $16 $42 $00 LDA $004216                     A:0100 X:0040 Y:0002 S:0363 D:0000 DB:C6 P:36 V:22  H:66 
C011A6 $18             CLC                             A:0100 X:0040 Y:0002 S:0363 D:0000 DB:C6 P:36 V:22  H:73 
C011A7 $75 $01         ADC $01,X [000041] = $00        A:0100 X:0040 Y:0002 S:0363 D:0000 DB:C6 P:36 V:22  H:76 
C011A9 $95 $01         STA $01,X [000041] = $00        A:0100 X:0040 Y:0002 S:0363 D:0000 DB:C6 P:36 V:22  H:83 
C011AB $AF $17 $42 $00 LDA $004217                     A:0100 X:0040 Y:0002 S:0363 D:0000 DB:C6 P:36 V:22  H:89 
C011AF $75 $02         ADC $02,X [000042] = $00        A:0100 X:0040 Y:0002 S:0363 D:0000 DB:C6 P:36 V:22  H:97 
C011B1 $95 $02         STA $02,X [000042] = $00        A:0100 X:0040 Y:0002 S:0363 D:0000 DB:C6 P:36 V:22  H:103
C011B3 $A9 $00         LDA #$00                        A:0100 X:0040 Y:0002 S:0363 D:0000 DB:C6 P:36 V:22  H:110
C011B5 $2A             ROL                             A:0100 X:0040 Y:0002 S:0363 D:0000 DB:C6 P:36 V:22  H:113
C011B6 $95 $03         STA $03,X [000043] = $00        A:0100 X:0040 Y:0002 S:0363 D:0000 DB:C6 P:36 V:22  H:116
C011B8 $A3 $01         LDA $01,S [000364] = $00        A:0100 X:0040 Y:0002 S:0363 D:0000 DB:C6 P:36 V:22  H:122
C011BA $EB             XBA                             A:0100 X:0040 Y:0002 S:0363 D:0000 DB:C6 P:36 V:22  H:129
C011BB $A3 $02         LDA $02,S [000365] = $00        A:0001 X:0040 Y:0002 S:0363 D:0000 DB:C6 P:34 V:22  H:133
C011BD $8F $02 $42 $00 STA $004202                     A:0000 X:0040 Y:0002 S:0363 D:0000 DB:C6 P:36 V:22  H:150
C011C1 $EB             XBA                             A:0000 X:0040 Y:0002 S:0363 D:0000 DB:C6 P:36 V:22  H:157
C011C2 $8F $03 $42 $00 STA $004203                     A:0000 X:0040 Y:0002 S:0363 D:0000 DB:C6 P:36 V:22  H:162
C011C6 $EA             NOP                             A:0000 X:0040 Y:0002 S:0363 D:0000 DB:C6 P:36 V:22  H:169
C011C7 $EA             NOP                             A:0000 X:0040 Y:0002 S:0363 D:0000 DB:C6 P:36 V:22  H:172
C011C8 $EA             NOP                             A:0000 X:0040 Y:0002 S:0363 D:0000 DB:C6 P:36 V:22  H:175
C011C9 $EA             NOP                             A:0000 X:0040 Y:0002 S:0363 D:0000 DB:C6 P:36 V:22  H:178
C011CA $AF $16 $42 $00 LDA $004216                     A:0000 X:0040 Y:0002 S:0363 D:0000 DB:C6 P:36 V:22  H:181
C011CE $18             CLC                             A:0000 X:0040 Y:0002 S:0363 D:0000 DB:C6 P:36 V:22  H:189
C011CF $75 $02         ADC $02,X [000042] = $00        A:0000 X:0040 Y:0002 S:0363 D:0000 DB:C6 P:36 V:22  H:192
C011D1 $95 $02         STA $02,X [000042] = $00        A:0000 X:0040 Y:0002 S:0363 D:0000 DB:C6 P:36 V:22  H:198
C011D3 $AF $17 $42 $00 LDA $004217                     A:0000 X:0040 Y:0002 S:0363 D:0000 DB:C6 P:36 V:22  H:205
C011D7 $75 $03         ADC $03,X [000043] = $00        A:0000 X:0040 Y:0002 S:0363 D:0000 DB:C6 P:36 V:22  H:212
C011D9 $95 $03         STA $03,X [000043] = $00        A:0000 X:0040 Y:0002 S:0363 D:0000 DB:C6 P:36 V:22  H:219
C011DB $68             PLA                             A:0000 X:0040 Y:0002 S:0363 D:0000 DB:C6 P:36 V:22  H:225
C011DC $68             PLA                             A:0000 X:0040 Y:0002 S:0364 D:0000 DB:C6 P:36 V:22  H:232
C011DD $EB             XBA                             A:0000 X:0040 Y:0002 S:0365 D:0000 DB:C6 P:36 V:22  H:238
C011DE $68             PLA                             A:0000 X:0040 Y:0002 S:0365 D:0000 DB:C6 P:36 V:22  H:243
C011DF $28             PLP                             A:0001 X:0040 Y:0002 S:0366 D:0000 DB:C6 P:34 V:22  H:249
C011E0 $6B             RTL                             A:0001 X:0040 Y:0002 S:0367 D:0000 DB:C6 P:14 V:22  H:256
C90597 $A0 $04         LDY #$04                        A:0001 X:0040 Y:0002 S:036A D:0000 DB:C6 P:14 V:22  H:266
C90599 $B3 $09         LDA ($09,S),Y [C60AC1] = $02F4  A:0001 X:0040 Y:0004 S:036A D:0000 DB:C6 P:14 V:22  H:269
C9059B $A0 $07         LDY #$07                        A:02F4 X:0040 Y:0004 S:036A D:0000 DB:C6 P:14 V:22  H:297
C9059D $18             CLC                             A:02F4 X:0040 Y:0007 S:036A D:0000 DB:C6 P:14 V:22  H:300
C9059E $73 $09         ADC ($09,S),Y [C60AC4] = $0000  A:02F4 X:0040 Y:0007 S:036A D:0000 DB:C6 P:14 V:22  H:303
C905A0 $90 $03         BCC $C905A5                     A:02F4 X:0040 Y:0007 S:036A D:0000 DB:C6 P:14 V:22  H:316
C905A5 $65 $40         ADC $40 [000040] = $0034        A:02F4 X:0040 Y:0007 S:036A D:0000 DB:C6 P:14 V:22  H:321
C905A7 $85 $40         STA $40 [000040] = $0034        A:0328 X:0040 Y:0007 S:036A D:0000 DB:C6 P:14 V:22  H:327
C905A9 $90 $02         BCC $C905AD                     A:0328 X:0040 Y:0007 S:036A D:0000 DB:C6 P:14 V:22  H:334
C905AD $E2 $20         SEP #$20                        A:0328 X:0040 Y:0007 S:036A D:0000 DB:C6 P:14 V:22  H:338
C905AF $A0 $06         LDY #$06                        A:0328 X:0040 Y:0007 S:036A D:0000 DB:C6 P:34 V:23  H:3  
C905B1 $B3 $09         LDA ($09,S),Y [C60AC3] = $C8    A:0328 X:0040 Y:0006 S:036A D:0000 DB:C6 P:34 V:23  H:6  
C905B3 $18             CLC                             A:03C8 X:0040 Y:0006 S:036A D:0000 DB:C6 P:B4 V:23  H:17 
C905B4 $65 $42         ADC $42 [000042] = $00          A:03C8 X:0040 Y:0006 S:036A D:0000 DB:C6 P:B4 V:23  H:20 
C905B6 $85 $42         STA $42 [000042] = $00          A:03C8 X:0040 Y:0006 S:036A D:0000 DB:C6 P:B4 V:23  H:25 
C905B8 $C2 $30         REP #$30                        A:03C8 X:0040 Y:0006 S:036A D:0000 DB:C6 P:B4 V:23  H:30 
C905BA $A7 $40         LDA [$40] [C80328] = $0908      A:03C8 X:0040 Y:0006 S:036A D:0000 DB:C6 P:84 V:23  H:35 
C905BC $AA             TAX                             A:0908 X:0040 Y:0006 S:036A D:0000 DB:C6 P:04 V:23  H:47 
C905BD $A0 $01 $00     LDY #$0001                      A:0908 X:0908 Y:0006 S:036A D:0000 DB:C6 P:04 V:23  H:50 
C905C0 $B7 $40         LDA [$40],Y [C80329] = $0A09    A:0908 X:0908 Y:0001 S:036A D:0000 DB:C6 P:04 V:23  H:54 
C905C2 $85 $41         STA $41 [000041] = $C803        A:0A09 X:0908 Y:0001 S:036A D:0000 DB:C6 P:04 V:23  H:66 
C905C4 $8A             TXA                             A:0A09 X:0908 Y:0001 S:036A D:0000 DB:C6 P:04 V:23  H:73 
C905C5 $85 $40         STA $40 [000040] = $0928        A:0908 X:0908 Y:0001 S:036A D:0000 DB:C6 P:04 V:23  H:76 
C905C7 $A0 $0A $00     LDY #$000A                      A:0908 X:0908 Y:0001 S:036A D:0000 DB:C6 P:04 V:23  H:83 
C905CA $B3 $09         LDA ($09,S),Y [C60AC7] = $0000  A:0908 X:0908 Y:000A S:036A D:0000 DB:C6 P:04 V:23  H:88 
C905CC $29 $00 $FF     AND #$FF00                      A:0000 X:0908 Y:000A S:036A D:0000 DB:C6 P:06 V:23  H:101
C905CF $D0 $14         BNE $C905E5                     A:0000 X:0908 Y:000A S:036A D:0000 DB:C6 P:06 V:23  H:105
C905D1 $A5 $40         LDA $40 [000040] = $0908        A:0000 X:0908 Y:000A S:036A D:0000 DB:C6 P:06 V:23  H:108
C905D3 $A0 $09 $00     LDY #$0009                      A:0908 X:0908 Y:000A S:036A D:0000 DB:C6 P:04 V:23  H:115
C905D6 $33 $09         AND ($09,S),Y [C60AC6] = $00FF  A:0908 X:0908 Y:0009 S:036A D:0000 DB:C6 P:04 V:23  H:120
C905D8 $85 $40         STA $40 [000040] = $0908        A:0008 X:0908 Y:0009 S:036A D:0000 DB:C6 P:04 V:23  H:133
C905DA $B3 $09         LDA ($09,S),Y [C60AC6] = $00FF  A:0008 X:0908 Y:0009 S:036A D:0000 DB:C6 P:04 V:23  H:150
C905DC $F0 $22         BEQ $C90600                     A:00FF X:0908 Y:0009 S:036A D:0000 DB:C6 P:04 V:23  H:163
C905DE $4A             LSR                             A:00FF X:0908 Y:0009 S:036A D:0000 DB:C6 P:04 V:23  H:166
C905DF $B0 $1F         BCS $C90600                     A:007F X:0908 Y:0009 S:036A D:0000 DB:C6 P:05 V:23  H:169
C90600 $A3 $09         LDA $09,S [000373] = $0ABD      A:007F X:0908 Y:0009 S:036A D:0000 DB:C6 P:05 V:23  H:173
C90602 $18             CLC                             A:0ABD X:0908 Y:0009 S:036A D:0000 DB:C6 P:05 V:23  H:182
C90603 $69 $0B $00     ADC #$000B                      A:0ABD X:0908 Y:0009 S:036A D:0000 DB:C6 P:04 V:23  H:185
C90606 $83 $09         STA $09,S [000373] = $0ABD      A:0AC8 X:0908 Y:0009 S:036A D:0000 DB:C6 P:04 V:23  H:189
C90608 $7A             PLY                             A:0AC8 X:0908 Y:0009 S:036A D:0000 DB:C6 P:04 V:23  H:198
C90609 $FA             PLX                             A:0AC8 X:0908 Y:0000 S:036C D:0000 DB:C6 P:06 V:23  H:206
C9060A $68             PLA                             A:0AC8 X:0034 Y:0000 S:036E D:0000 DB:C6 P:04 V:23  H:215
C9060B $AB             PLB                             A:0034 X:0034 Y:0000 S:0370 D:0000 DB:C6 P:04 V:23  H:223
C9060C $28             PLP                             A:0034 X:0034 Y:0000 S:0371 D:0000 DB:7E P:04 V:23  H:230
C9060D $A5 $40         LDA $40 [000040] = $0008        A:0034 X:0034 Y:0000 S:0372 D:0000 DB:7E P:04 V:23  H:236
C9060F $6B             RTL                             A:0008 X:0034 Y:0000 S:0372 D:0000 DB:7E P:04 V:23  H:243
C60AC9 $8D $F7 $99     STA $99F7 [7E99F7] = $0021      A:0008 X:0034 Y:0000 S:0375 D:0000 DB:7E P:04 V:23  H:254
C60ACC $AA             TAX                             A:0008 X:0034 Y:0000 S:0375 D:0000 DB:7E P:04 V:23  H:262
C60ACD $22 $72 $05 $C9 JSL $C90572                     A:0008 X:0008 Y:0000 S:0375 D:0000 DB:7E P:04 V:23  H:265
C90572 $08             PHP                             A:0008 X:0008 Y:0000 S:0372 D:0000 DB:7E P:04 V:23  H:319
C90573 $8B             PHB                             A:0008 X:0008 Y:0000 S:0371 D:0000 DB:7E P:04 V:23  H:323
C90574 $78             SEI                             A:0008 X:0008 Y:0000 S:0370 D:0000 DB:7E P:04 V:23  H:328
C90575 $C2 $30         REP #$30                        A:0008 X:0008 Y:0000 S:0370 D:0000 DB:7E P:04 V:23  H:331
C90577 $48             PHA                             A:0008 X:0008 Y:0000 S:0370 D:0000 DB:7E P:04 V:23  H:335
C90578 $DA             PHX                             A:0008 X:0008 Y:0000 S:036E D:0000 DB:7E P:04 V:24  H:2  
C90579 $5A             PHY                             A:0008 X:0008 Y:0000 S:036C D:0000 DB:7E P:04 V:24  H:9  
C9057A $86 $40         STX $40 [000040] = $0008        A:0008 X:0008 Y:0000 S:036A D:0000 DB:7E P:04 V:24  H:16 
C9057C $E2 $30         SEP #$30                        A:0008 X:0008 Y:0000 S:036A D:0000 DB:7E P:04 V:24  H:23 
C9057E $A3 $0B         LDA $0B,S [000375] = $C6        A:0008 X:0008 Y:0000 S:036A D:0000 DB:7E P:34 V:24  H:28 
C90580 $48             PHA                             A:00C6 X:0008 Y:0000 S:036A D:0000 DB:7E P:B4 V:24  H:34 
C90581 $AB             PLB                             A:00C6 X:0008 Y:0000 S:0369 D:0000 DB:7E P:B4 V:24  H:39 
C90582 $A0 $01         LDY #$01                        A:00C6 X:0008 Y:0000 S:036A D:0000 DB:C6 P:B4 V:24  H:46 
C90584 $B3 $09         LDA ($09,S),Y [C60AD1] = $00    A:00C6 X:0008 Y:0001 S:036A D:0000 DB:C6 P:34 V:24  H:49 
C90586 $F0 $03         BEQ $C9058B                     A:0000 X:0008 Y:0001 S:036A D:0000 DB:C6 P:36 V:24  H:60 
C9058B $C2 $20         REP #$20                        A:0000 X:0008 Y:0001 S:036A D:0000 DB:C6 P:36 V:24  H:65 
C9058D $A0 $02         LDY #$02                        A:0000 X:0008 Y:0001 S:036A D:0000 DB:C6 P:16 V:24  H:69 
C9058F $B3 $09         LDA ($09,S),Y [C60AD2] = $0009  A:0000 X:0008 Y:0002 S:036A D:0000 DB:C6 P:14 V:24  H:72 
C90591 $A2 $40         LDX #$40                        A:0009 X:0008 Y:0002 S:036A D:0000 DB:C6 P:14 V:24  H:85 
C90593 $22 $46 $11 $C0 JSL $C01146                     A:0009 X:0040 Y:0002 S:036A D:0000 DB:C6 P:14 V:24  H:88 
C01146 $08             PHP                             A:0009 X:0040 Y:0002 S:0367 D:0000 DB:C6 P:14 V:24  H:102
C01147 $E2 $20         SEP #$20                        A:0009 X:0040 Y:0002 S:0366 D:0000 DB:C6 P:14 V:24  H:107
C01149 $48             PHA                             A:0009 X:0040 Y:0002 S:0366 D:0000 DB:C6 P:34 V:24  H:111
C0114A $EB             XBA                             A:0009 X:0040 Y:0002 S:0365 D:0000 DB:C6 P:34 V:24  H:116
C0114B $48             PHA                             A:0900 X:0040 Y:0002 S:0365 D:0000 DB:C6 P:36 V:24  H:121
C0114C $B5 $01         LDA $01,X [000041] = $00        A:0900 X:0040 Y:0002 S:0364 D:0000 DB:C6 P:36 V:24  H:126
C0114E $48             PHA                             A:0900 X:0040 Y:0002 S:0364 D:0000 DB:C6 P:36 V:24  H:132
C0114F $A3 $03         LDA $03,S [000366] = $09        A:0900 X:0040 Y:0002 S:0363 D:0000 DB:C6 P:36 V:24  H:147
C01151 $EB             XBA                             A:0909 X:0040 Y:0002 S:0363 D:0000 DB:C6 P:34 V:24  H:154
C01152 $B5 $00         LDA $00,X [000040] = $08        A:0909 X:0040 Y:0002 S:0363 D:0000 DB:C6 P:34 V:24  H:158
C01154 $48             PHA                             A:0908 X:0040 Y:0002 S:0363 D:0000 DB:C6 P:34 V:24  H:165
C01155 $8F $02 $42 $00 STA $004202                     A:0908 X:0040 Y:0002 S:0362 D:0000 DB:C6 P:34 V:24  H:170
C01159 $EB             XBA                             A:0908 X:0040 Y:0002 S:0362 D:0000 DB:C6 P:34 V:24  H:177
C0115A $8F $03 $42 $00 STA $004203                     A:0809 X:0040 Y:0002 S:0362 D:0000 DB:C6 P:34 V:24  H:182
C0115E $EA             NOP                             A:0809 X:0040 Y:0002 S:0362 D:0000 DB:C6 P:34 V:24  H:189
C0115F $EA             NOP                             A:0809 X:0040 Y:0002 S:0362 D:0000 DB:C6 P:34 V:24  H:192
C01160 $EA             NOP                             A:0809 X:0040 Y:0002 S:0362 D:0000 DB:C6 P:34 V:24  H:195
C01161 $EA             NOP                             A:0809 X:0040 Y:0002 S:0362 D:0000 DB:C6 P:34 V:24  H:198
C01162 $AF $16 $42 $00 LDA $004216                     A:0809 X:0040 Y:0002 S:0362 D:0000 DB:C6 P:34 V:24  H:201
C01166 $95 $00         STA $00,X [000040] = $08        A:0848 X:0040 Y:0002 S:0362 D:0000 DB:C6 P:34 V:24  H:209
C01168 $AF $17 $42 $00 LDA $004217                     A:0848 X:0040 Y:0002 S:0362 D:0000 DB:C6 P:34 V:24  H:215
C0116C $95 $01         STA $01,X [000041] = $00        A:0800 X:0040 Y:0002 S:0362 D:0000 DB:C6 P:36 V:24  H:223
C0116E $68             PLA                             A:0800 X:0040 Y:0002 S:0362 D:0000 DB:C6 P:36 V:24  H:229
C0116F $EB             XBA                             A:0808 X:0040 Y:0002 S:0363 D:0000 DB:C6 P:34 V:24  H:236
C01170 $A3 $02         LDA $02,S [000365] = $00        A:0808 X:0040 Y:0002 S:0363 D:0000 DB:C6 P:34 V:24  H:240
C01172 $8F $02 $42 $00 STA $004202                     A:0800 X:0040 Y:0002 S:0363 D:0000 DB:C6 P:36 V:24  H:247
C01176 $EB             XBA                             A:0800 X:0040 Y:0002 S:0363 D:0000 DB:C6 P:36 V:24  H:254
C01177 $8F $03 $42 $00 STA $004203                     A:0008 X:0040 Y:0002 S:0363 D:0000 DB:C6 P:34 V:24  H:259
C0117B $EA             NOP                             A:0008 X:0040 Y:0002 S:0363 D:0000 DB:C6 P:34 V:24  H:266
C0117C $EA             NOP                             A:0008 X:0040 Y:0002 S:0363 D:0000 DB:C6 P:34 V:24  H:269
C0117D $EA             NOP                             A:0008 X:0040 Y:0002 S:0363 D:0000 DB:C6 P:34 V:24  H:272
C0117E $EA             NOP                             A:0008 X:0040 Y:0002 S:0363 D:0000 DB:C6 P:34 V:24  H:275
C0117F $AF $16 $42 $00 LDA $004216                     A:0008 X:0040 Y:0002 S:0363 D:0000 DB:C6 P:34 V:24  H:320
C01183 $18             CLC                             A:0000 X:0040 Y:0002 S:0363 D:0000 DB:C6 P:36 V:24  H:327
C01184 $75 $01         ADC $01,X [000041] = $00        A:0000 X:0040 Y:0002 S:0363 D:0000 DB:C6 P:36 V:24  H:330
C01186 $95 $01         STA $01,X [000041] = $00        A:0000 X:0040 Y:0002 S:0363 D:0000 DB:C6 P:36 V:24  H:336
C01188 $AF $17 $42 $00 LDA $004217                     A:0000 X:0040 Y:0002 S:0363 D:0000 DB:C6 P:36 V:25  H:3  
C0118C $69 $00         ADC #$00                        A:0000 X:0040 Y:0002 S:0363 D:0000 DB:C6 P:36 V:25  H:10 
C0118E $95 $02         STA $02,X [000042] = $0A        A:0000 X:0040 Y:0002 S:0363 D:0000 DB:C6 P:36 V:25  H:13 
C01190 $A3 $01         LDA $01,S [000364] = $00        A:0000 X:0040 Y:0002 S:0363 D:0000 DB:C6 P:36 V:25  H:20 
C01192 $EB             XBA                             A:0000 X:0040 Y:0002 S:0363 D:0000 DB:C6 P:36 V:25  H:26 
C01193 $A3 $03         LDA $03,S [000366] = $09        A:0000 X:0040 Y:0002 S:0363 D:0000 DB:C6 P:36 V:25  H:31 
C01195 $8F $02 $42 $00 STA $004202                     A:0009 X:0040 Y:0002 S:0363 D:0000 DB:C6 P:34 V:25  H:37 
C01199 $EB             XBA                             A:0009 X:0040 Y:0002 S:0363 D:0000 DB:C6 P:34 V:25  H:45 
C0119A $8F $03 $42 $00 STA $004203                     A:0900 X:0040 Y:0002 S:0363 D:0000 DB:C6 P:36 V:25  H:49 
C0119E $EA             NOP                             A:0900 X:0040 Y:0002 S:0363 D:0000 DB:C6 P:36 V:25  H:57 
C0119F $EA             NOP                             A:0900 X:0040 Y:0002 S:0363 D:0000 DB:C6 P:36 V:25  H:60 
C011A0 $EA             NOP                             A:0900 X:0040 Y:0002 S:0363 D:0000 DB:C6 P:36 V:25  H:63 
C011A1 $EA             NOP                             A:0900 X:0040 Y:0002 S:0363 D:0000 DB:C6 P:36 V:25  H:66 
C011A2 $AF $16 $42 $00 LDA $004216                     A:0900 X:0040 Y:0002 S:0363 D:0000 DB:C6 P:36 V:25  H:69 
C011A6 $18             CLC                             A:0900 X:0040 Y:0002 S:0363 D:0000 DB:C6 P:36 V:25  H:76 
C011A7 $75 $01         ADC $01,X [000041] = $00        A:0900 X:0040 Y:0002 S:0363 D:0000 DB:C6 P:36 V:25  H:79 
C011A9 $95 $01         STA $01,X [000041] = $00        A:0900 X:0040 Y:0002 S:0363 D:0000 DB:C6 P:36 V:25  H:86 
C011AB $AF $17 $42 $00 LDA $004217                     A:0900 X:0040 Y:0002 S:0363 D:0000 DB:C6 P:36 V:25  H:92 
C011AF $75 $02         ADC $02,X [000042] = $00        A:0900 X:0040 Y:0002 S:0363 D:0000 DB:C6 P:36 V:25  H:100
C011B1 $95 $02         STA $02,X [000042] = $00        A:0900 X:0040 Y:0002 S:0363 D:0000 DB:C6 P:36 V:25  H:106
C011B3 $A9 $00         LDA #$00                        A:0900 X:0040 Y:0002 S:0363 D:0000 DB:C6 P:36 V:25  H:113
C011B5 $2A             ROL                             A:0900 X:0040 Y:0002 S:0363 D:0000 DB:C6 P:36 V:25  H:116
C011B6 $95 $03         STA $03,X [000043] = $00        A:0900 X:0040 Y:0002 S:0363 D:0000 DB:C6 P:36 V:25  H:119
C011B8 $A3 $01         LDA $01,S [000364] = $00        A:0900 X:0040 Y:0002 S:0363 D:0000 DB:C6 P:36 V:25  H:125
C011BA $EB             XBA                             A:0900 X:0040 Y:0002 S:0363 D:0000 DB:C6 P:36 V:25  H:132
C011BB $A3 $02         LDA $02,S [000365] = $00        A:0009 X:0040 Y:0002 S:0363 D:0000 DB:C6 P:34 V:25  H:146
C011BD $8F $02 $42 $00 STA $004202                     A:0000 X:0040 Y:0002 S:0363 D:0000 DB:C6 P:36 V:25  H:153
C011C1 $EB             XBA                             A:0000 X:0040 Y:0002 S:0363 D:0000 DB:C6 P:36 V:25  H:160
C011C2 $8F $03 $42 $00 STA $004203                     A:0000 X:0040 Y:0002 S:0363 D:0000 DB:C6 P:36 V:25  H:165
C011C6 $EA             NOP                             A:0000 X:0040 Y:0002 S:0363 D:0000 DB:C6 P:36 V:25  H:172
C011C7 $EA             NOP                             A:0000 X:0040 Y:0002 S:0363 D:0000 DB:C6 P:36 V:25  H:175
C011C8 $EA             NOP                             A:0000 X:0040 Y:0002 S:0363 D:0000 DB:C6 P:36 V:25  H:178
C011C9 $EA             NOP                             A:0000 X:0040 Y:0002 S:0363 D:0000 DB:C6 P:36 V:25  H:181
C011CA $AF $16 $42 $00 LDA $004216                     A:0000 X:0040 Y:0002 S:0363 D:0000 DB:C6 P:36 V:25  H:184
C011CE $18             CLC                             A:0000 X:0040 Y:0002 S:0363 D:0000 DB:C6 P:36 V:25  H:192
C011CF $75 $02         ADC $02,X [000042] = $00        A:0000 X:0040 Y:0002 S:0363 D:0000 DB:C6 P:36 V:25  H:195
C011D1 $95 $02         STA $02,X [000042] = $00        A:0000 X:0040 Y:0002 S:0363 D:0000 DB:C6 P:36 V:25  H:201
C011D3 $AF $17 $42 $00 LDA $004217                     A:0000 X:0040 Y:0002 S:0363 D:0000 DB:C6 P:36 V:25  H:208
C011D7 $75 $03         ADC $03,X [000043] = $00        A:0000 X:0040 Y:0002 S:0363 D:0000 DB:C6 P:36 V:25  H:215
C011D9 $95 $03         STA $03,X [000043] = $00        A:0000 X:0040 Y:0002 S:0363 D:0000 DB:C6 P:36 V:25  H:222
C011DB $68             PLA                             A:0000 X:0040 Y:0002 S:0363 D:0000 DB:C6 P:36 V:25  H:228
C011DC $68             PLA                             A:0000 X:0040 Y:0002 S:0364 D:0000 DB:C6 P:36 V:25  H:235
C011DD $EB             XBA                             A:0000 X:0040 Y:0002 S:0365 D:0000 DB:C6 P:36 V:25  H:241
C011DE $68             PLA                             A:0000 X:0040 Y:0002 S:0365 D:0000 DB:C6 P:36 V:25  H:246
C011DF $28             PLP                             A:0009 X:0040 Y:0002 S:0366 D:0000 DB:C6 P:34 V:25  H:252
C011E0 $6B             RTL                             A:0009 X:0040 Y:0002 S:0367 D:0000 DB:C6 P:14 V:25  H:259
C90597 $A0 $04         LDY #$04                        A:0009 X:0040 Y:0002 S:036A D:0000 DB:C6 P:14 V:25  H:269
C90599 $B3 $09         LDA ($09,S),Y [C60AD4] = $A6D4  A:0009 X:0040 Y:0004 S:036A D:0000 DB:C6 P:14 V:25  H:272
C9059B $A0 $07         LDY #$07                        A:A6D4 X:0040 Y:0004 S:036A D:0000 DB:C6 P:94 V:25  H:301
C9059D $18             CLC                             A:A6D4 X:0040 Y:0007 S:036A D:0000 DB:C6 P:14 V:25  H:304
C9059E $73 $09         ADC ($09,S),Y [C60AD7] = $0000  A:A6D4 X:0040 Y:0007 S:036A D:0000 DB:C6 P:14 V:25  H:307
C905A0 $90 $03         BCC $C905A5                     A:A6D4 X:0040 Y:0007 S:036A D:0000 DB:C6 P:94 V:25  H:320
C905A5 $65 $40         ADC $40 [000040] = $0048        A:A6D4 X:0040 Y:0007 S:036A D:0000 DB:C6 P:94 V:25  H:324
C905A7 $85 $40         STA $40 [000040] = $0048        A:A71C X:0040 Y:0007 S:036A D:0000 DB:C6 P:94 V:25  H:331
C905A9 $90 $02         BCC $C905AD                     A:A71C X:0040 Y:0007 S:036A D:0000 DB:C6 P:94 V:25  H:338
C905AD $E2 $20         SEP #$20                        A:A71C X:0040 Y:0007 S:036A D:0000 DB:C6 P:94 V:26  H:2  
C905AF $A0 $06         LDY #$06                        A:A71C X:0040 Y:0007 S:036A D:0000 DB:C6 P:B4 V:26  H:7  
C905B1 $B3 $09         LDA ($09,S),Y [C60AD6] = $C8    A:A71C X:0040 Y:0006 S:036A D:0000 DB:C6 P:34 V:26  H:10 
C905B3 $18             CLC                             A:A7C8 X:0040 Y:0006 S:036A D:0000 DB:C6 P:B4 V:26  H:21 
C905B4 $65 $42         ADC $42 [000042] = $00          A:A7C8 X:0040 Y:0006 S:036A D:0000 DB:C6 P:B4 V:26  H:24 
C905B6 $85 $42         STA $42 [000042] = $00          A:A7C8 X:0040 Y:0006 S:036A D:0000 DB:C6 P:B4 V:26  H:29 
C905B8 $C2 $30         REP #$30                        A:A7C8 X:0040 Y:0006 S:036A D:0000 DB:C6 P:B4 V:26  H:34 
C905BA $A7 $40         LDA [$40] [C8A71C] = $0011      A:A7C8 X:0040 Y:0006 S:036A D:0000 DB:C6 P:84 V:26  H:39 
C905BC $AA             TAX                             A:0011 X:0040 Y:0006 S:036A D:0000 DB:C6 P:04 V:26  H:51 
C905BD $A0 $01 $00     LDY #$0001                      A:0011 X:0011 Y:0006 S:036A D:0000 DB:C6 P:04 V:26  H:54 
C905C0 $B7 $40         LDA [$40],Y [C8A71D] = $0200    A:0011 X:0011 Y:0001 S:036A D:0000 DB:C6 P:04 V:26  H:58 
C905C2 $85 $41         STA $41 [000041] = $C8A7        A:0200 X:0011 Y:0001 S:036A D:0000 DB:C6 P:04 V:26  H:70 
C905C4 $8A             TXA                             A:0200 X:0011 Y:0001 S:036A D:0000 DB:C6 P:04 V:26  H:77 
C905C5 $85 $40         STA $40 [000040] = $001C        A:0011 X:0011 Y:0001 S:036A D:0000 DB:C6 P:04 V:26  H:80 
C905C7 $A0 $0A $00     LDY #$000A                      A:0011 X:0011 Y:0001 S:036A D:0000 DB:C6 P:04 V:26  H:87 
C905CA $B3 $09         LDA ($09,S),Y [C60ADA] = $0000  A:0011 X:0011 Y:000A S:036A D:0000 DB:C6 P:04 V:26  H:92 
C905CC $29 $00 $FF     AND #$FF00                      A:0000 X:0011 Y:000A S:036A D:0000 DB:C6 P:06 V:26  H:105
C905CF $D0 $14         BNE $C905E5                     A:0000 X:0011 Y:000A S:036A D:0000 DB:C6 P:06 V:26  H:109
C905D1 $A5 $40         LDA $40 [000040] = $0011        A:0000 X:0011 Y:000A S:036A D:0000 DB:C6 P:06 V:26  H:112
C905D3 $A0 $09 $00     LDY #$0009                      A:0011 X:0011 Y:000A S:036A D:0000 DB:C6 P:04 V:26  H:119
C905D6 $33 $09         AND ($09,S),Y [C60AD9] = $000F  A:0011 X:0011 Y:0009 S:036A D:0000 DB:C6 P:04 V:26  H:124
C905D8 $85 $40         STA $40 [000040] = $0011        A:0001 X:0011 Y:0009 S:036A D:0000 DB:C6 P:04 V:26  H:147
C905DA $B3 $09         LDA ($09,S),Y [C60AD9] = $000F  A:0001 X:0011 Y:0009 S:036A D:0000 DB:C6 P:04 V:26  H:154
C905DC $F0 $22         BEQ $C90600                     A:000F X:0011 Y:0009 S:036A D:0000 DB:C6 P:04 V:26  H:167
C905DE $4A             LSR                             A:000F X:0011 Y:0009 S:036A D:0000 DB:C6 P:04 V:26  H:170
C905DF $B0 $1F         BCS $C90600                     A:0007 X:0011 Y:0009 S:036A D:0000 DB:C6 P:05 V:26  H:173
C90600 $A3 $09         LDA $09,S [000373] = $0AD0      A:0007 X:0011 Y:0009 S:036A D:0000 DB:C6 P:05 V:26  H:177
C90602 $18             CLC                             A:0AD0 X:0011 Y:0009 S:036A D:0000 DB:C6 P:05 V:26  H:186
C90603 $69 $0B $00     ADC #$000B                      A:0AD0 X:0011 Y:0009 S:036A D:0000 DB:C6 P:04 V:26  H:189
C90606 $83 $09         STA $09,S [000373] = $0AD0      A:0ADB X:0011 Y:0009 S:036A D:0000 DB:C6 P:04 V:26  H:193
C90608 $7A             PLY                             A:0ADB X:0011 Y:0009 S:036A D:0000 DB:C6 P:04 V:26  H:202
C90609 $FA             PLX                             A:0ADB X:0011 Y:0000 S:036C D:0000 DB:C6 P:06 V:26  H:210
C9060A $68             PLA                             A:0ADB X:0008 Y:0000 S:036E D:0000 DB:C6 P:04 V:26  H:219
C9060B $AB             PLB                             A:0008 X:0008 Y:0000 S:0370 D:0000 DB:C6 P:04 V:26  H:227
C9060C $28             PLP                             A:0008 X:0008 Y:0000 S:0371 D:0000 DB:7E P:04 V:26  H:234
C9060D $A5 $40         LDA $40 [000040] = $0001        A:0008 X:0008 Y:0000 S:0372 D:0000 DB:7E P:04 V:26  H:240
C9060F $6B             RTL                             A:0001 X:0008 Y:0000 S:0372 D:0000 DB:7E P:04 V:26  H:247
C60ADC $8D $FD $99     STA $99FD [7E99FD] = $0001      A:0001 X:0008 Y:0000 S:0375 D:0000 DB:7E P:04 V:26  H:258
C60ADF $20 $EF $0A     JSR $0AEF [C60AEF] = $F7AD      A:0001 X:0008 Y:0000 S:0375 D:0000 DB:7E P:04 V:26  H:266
C60AEF $AD $F7 $99     LDA $99F7 [7E99F7] = $0008      A:0001 X:0008 Y:0000 S:0373 D:0000 DB:7E P:04 V:26  H:293
C60AF2 $CD $01 $9A     CMP $9A01 [7E9A01] = $0021      A:0008 X:0008 Y:0000 S:0373 D:0000 DB:7E P:04 V:26  H:301
C60AF5 $F0 $14         BEQ $C60B0B                     A:0008 X:0008 Y:0000 S:0373 D:0000 DB:7E P:84 V:26  H:310
C60AF7 $A9 $00 $00     LDA #$0000                      A:0008 X:0008 Y:0000 S:0373 D:0000 DB:7E P:84 V:26  H:313
C60AFA $8D $FD $C1     STA $C1FD [7EC1FD] = $0000      A:0000 X:0008 Y:0000 S:0373 D:0000 DB:7E P:06 V:26  H:317
C60AFD $E2 $20         SEP #$20                        A:0000 X:0008 Y:0000 S:0373 D:0000 DB:7E P:06 V:26  H:325
C60AFF $A2 $00 $00     LDX #$0000                      A:0000 X:0008 Y:0000 S:0373 D:0000 DB:7E P:26 V:26  H:329
C60B02 $9E $28 $36     STZ $3628,X [7E3628] = $00      A:0000 X:0000 Y:0000 S:0373 D:0000 DB:7E P:26 V:26  H:334
C60B05 $E8             INX                             A:0000 X:0000 Y:0000 S:0373 D:0000 DB:7E P:26 V:27  H:2  
C60B06 $E0 $18 $00     CPX #$0018                      A:0000 X:0001 Y:0000 S:0373 D:0000 DB:7E P:24 V:27  H:5  
C60B09 $90 $F7         BCC $C60B02                     A:0000 X:0001 Y:0000 S:0373 D:0000 DB:7E P:A4 V:27  H:9  
C60B02 $9E $28 $36     STZ $3628,X [7E3629] = $00      A:0000 X:0001 Y:0000 S:0373 D:0000 DB:7E P:A4 V:27  H:14 
C60B05 $E8             INX                             A:0000 X:0001 Y:0000 S:0373 D:0000 DB:7E P:A4 V:27  H:22 
C60B06 $E0 $18 $00     CPX #$0018                      A:0000 X:0002 Y:0000 S:0373 D:0000 DB:7E P:24 V:27  H:25 
C60B09 $90 $F7         BCC $C60B02                     A:0000 X:0002 Y:0000 S:0373 D:0000 DB:7E P:A4 V:27  H:29 
C60B02 $9E $28 $36     STZ $3628,X [7E362A] = $00      A:0000 X:0002 Y:0000 S:0373 D:0000 DB:7E P:A4 V:27  H:34 
C60B05 $E8             INX                             A:0000 X:0002 Y:0000 S:0373 D:0000 DB:7E P:A4 V:27  H:42 
C60B06 $E0 $18 $00     CPX #$0018                      A:0000 X:0003 Y:0000 S:0373 D:0000 DB:7E P:24 V:27  H:45 
C60B09 $90 $F7         BCC $C60B02                     A:0000 X:0003 Y:0000 S:0373 D:0000 DB:7E P:A4 V:27  H:49 
C60B02 $9E $28 $36     STZ $3628,X [7E362B] = $00      A:0000 X:0003 Y:0000 S:0373 D:0000 DB:7E P:A4 V:27  H:54 
C60B05 $E8             INX                             A:0000 X:0003 Y:0000 S:0373 D:0000 DB:7E P:A4 V:27  H:62 
C60B06 $E0 $18 $00     CPX #$0018                      A:0000 X:0004 Y:0000 S:0373 D:0000 DB:7E P:24 V:27  H:65 
C60B09 $90 $F7         BCC $C60B02                     A:0000 X:0004 Y:0000 S:0373 D:0000 DB:7E P:A4 V:27  H:69 
C60B02 $9E $28 $36     STZ $3628,X [7E362C] = $00      A:0000 X:0004 Y:0000 S:0373 D:0000 DB:7E P:A4 V:27  H:74 
C60B05 $E8             INX                             A:0000 X:0004 Y:0000 S:0373 D:0000 DB:7E P:A4 V:27  H:82 
C60B06 $E0 $18 $00     CPX #$0018                      A:0000 X:0005 Y:0000 S:0373 D:0000 DB:7E P:24 V:27  H:85 
C60B09 $90 $F7         BCC $C60B02                     A:0000 X:0005 Y:0000 S:0373 D:0000 DB:7E P:A4 V:27  H:89 
C60B02 $9E $28 $36     STZ $3628,X [7E362D] = $00      A:0000 X:0005 Y:0000 S:0373 D:0000 DB:7E P:A4 V:27  H:94 
C60B05 $E8             INX                             A:0000 X:0005 Y:0000 S:0373 D:0000 DB:7E P:A4 V:27  H:102
C60B06 $E0 $18 $00     CPX #$0018                      A:0000 X:0006 Y:0000 S:0373 D:0000 DB:7E P:24 V:27  H:105
C60B09 $90 $F7         BCC $C60B02                     A:0000 X:0006 Y:0000 S:0373 D:0000 DB:7E P:A4 V:27  H:109
C60B02 $9E $28 $36     STZ $3628,X [7E362E] = $00      A:0000 X:0006 Y:0000 S:0373 D:0000 DB:7E P:A4 V:27  H:114
C60B05 $E8             INX                             A:0000 X:0006 Y:0000 S:0373 D:0000 DB:7E P:A4 V:27  H:122
C60B06 $E0 $18 $00     CPX #$0018                      A:0000 X:0007 Y:0000 S:0373 D:0000 DB:7E P:24 V:27  H:125
C60B09 $90 $F7         BCC $C60B02                     A:0000 X:0007 Y:0000 S:0373 D:0000 DB:7E P:A4 V:27  H:129
C60B02 $9E $28 $36     STZ $3628,X [7E362F] = $00      A:0000 X:0007 Y:0000 S:0373 D:0000 DB:7E P:A4 V:27  H:144
C60B05 $E8             INX                             A:0000 X:0007 Y:0000 S:0373 D:0000 DB:7E P:A4 V:27  H:152
C60B06 $E0 $18 $00     CPX #$0018                      A:0000 X:0008 Y:0000 S:0373 D:0000 DB:7E P:24 V:27  H:155
C60B09 $90 $F7         BCC $C60B02                     A:0000 X:0008 Y:0000 S:0373 D:0000 DB:7E P:A4 V:27  H:159
C60B02 $9E $28 $36     STZ $3628,X [7E3630] = $00      A:0000 X:0008 Y:0000 S:0373 D:0000 DB:7E P:A4 V:27  H:164
C60B05 $E8             INX                             A:0000 X:0008 Y:0000 S:0373 D:0000 DB:7E P:A4 V:27  H:172
C60B06 $E0 $18 $00     CPX #$0018                      A:0000 X:0009 Y:0000 S:0373 D:0000 DB:7E P:24 V:27  H:175
C60B09 $90 $F7         BCC $C60B02                     A:0000 X:0009 Y:0000 S:0373 D:0000 DB:7E P:A4 V:27  H:179
C60B02 $9E $28 $36     STZ $3628,X [7E3631] = $00      A:0000 X:0009 Y:0000 S:0373 D:0000 DB:7E P:A4 V:27  H:184
C60B05 $E8             INX                             A:0000 X:0009 Y:0000 S:0373 D:0000 DB:7E P:A4 V:27  H:192
C60B06 $E0 $18 $00     CPX #$0018                      A:0000 X:000A Y:0000 S:0373 D:0000 DB:7E P:24 V:27  H:195
C60B09 $90 $F7         BCC $C60B02                     A:0000 X:000A Y:0000 S:0373 D:0000 DB:7E P:A4 V:27  H:199
C60B02 $9E $28 $36     STZ $3628,X [7E3632] = $00      A:0000 X:000A Y:0000 S:0373 D:0000 DB:7E P:A4 V:27  H:204
C60B05 $E8             INX                             A:0000 X:000A Y:0000 S:0373 D:0000 DB:7E P:A4 V:27  H:212
C60B06 $E0 $18 $00     CPX #$0018                      A:0000 X:000B Y:0000 S:0373 D:0000 DB:7E P:24 V:27  H:215
C60B09 $90 $F7         BCC $C60B02                     A:0000 X:000B Y:0000 S:0373 D:0000 DB:7E P:A4 V:27  H:219
C60B02 $9E $28 $36     STZ $3628,X [7E3633] = $00      A:0000 X:000B Y:0000 S:0373 D:0000 DB:7E P:A4 V:27  H:224
C60B05 $E8             INX                             A:0000 X:000B Y:0000 S:0373 D:0000 DB:7E P:A4 V:27  H:232
C60B06 $E0 $18 $00     CPX #$0018                      A:0000 X:000C Y:0000 S:0373 D:0000 DB:7E P:24 V:27  H:235
C60B09 $90 $F7         BCC $C60B02                     A:0000 X:000C Y:0000 S:0373 D:0000 DB:7E P:A4 V:27  H:239
C60B02 $9E $28 $36     STZ $3628,X [7E3634] = $00      A:0000 X:000C Y:0000 S:0373 D:0000 DB:7E P:A4 V:27  H:244
C60B05 $E8             INX                             A:0000 X:000C Y:0000 S:0373 D:0000 DB:7E P:A4 V:27  H:252
C60B06 $E0 $18 $00     CPX #$0018                      A:0000 X:000D Y:0000 S:0373 D:0000 DB:7E P:24 V:27  H:255
C60B09 $90 $F7         BCC $C60B02                     A:0000 X:000D Y:0000 S:0373 D:0000 DB:7E P:A4 V:27  H:259
C60B02 $9E $28 $36     STZ $3628,X [7E3635] = $00      A:0000 X:000D Y:0000 S:0373 D:0000 DB:7E P:A4 V:27  H:264
C60B05 $E8             INX                             A:0000 X:000D Y:0000 S:0373 D:0000 DB:7E P:A4 V:27  H:272
C60B06 $E0 $18 $00     CPX #$0018                      A:0000 X:000E Y:0000 S:0373 D:0000 DB:7E P:24 V:27  H:275
C60B09 $90 $F7         BCC $C60B02                     A:0000 X:000E Y:0000 S:0373 D:0000 DB:7E P:A4 V:27  H:296
C60B02 $9E $28 $36     STZ $3628,X [7E3636] = $00      A:0000 X:000E Y:0000 S:0373 D:0000 DB:7E P:A4 V:27  H:300
C60B05 $E8             INX                             A:0000 X:000E Y:0000 S:0373 D:0000 DB:7E P:A4 V:27  H:308
C60B06 $E0 $18 $00     CPX #$0018                      A:0000 X:000F Y:0000 S:0373 D:0000 DB:7E P:24 V:27  H:311
C60B09 $90 $F7         BCC $C60B02                     A:0000 X:000F Y:0000 S:0373 D:0000 DB:7E P:A4 V:27  H:316
C60B02 $9E $28 $36     STZ $3628,X [7E3637] = $00      A:0000 X:000F Y:0000 S:0373 D:0000 DB:7E P:A4 V:27  H:320
C60B05 $E8             INX                             A:0000 X:000F Y:0000 S:0373 D:0000 DB:7E P:A4 V:27  H:327
C60B06 $E0 $18 $00     CPX #$0018                      A:0000 X:0010 Y:0000 S:0373 D:0000 DB:7E P:24 V:27  H:330
C60B09 $90 $F7         BCC $C60B02                     A:0000 X:0010 Y:0000 S:0373 D:0000 DB:7E P:A4 V:27  H:335
C60B02 $9E $28 $36     STZ $3628,X [7E3638] = $00      A:0000 X:0010 Y:0000 S:0373 D:0000 DB:7E P:A4 V:27  H:339
C60B05 $E8             INX                             A:0000 X:0010 Y:0000 S:0373 D:0000 DB:7E P:A4 V:28  H:7  
C60B06 $E0 $18 $00     CPX #$0018                      A:0000 X:0011 Y:0000 S:0373 D:0000 DB:7E P:24 V:28  H:10 
C60B09 $90 $F7         BCC $C60B02                     A:0000 X:0011 Y:0000 S:0373 D:0000 DB:7E P:A4 V:28  H:15 
C60B02 $9E $28 $36     STZ $3628,X [7E3639] = $00      A:0000 X:0011 Y:0000 S:0373 D:0000 DB:7E P:A4 V:28  H:19 
C60B05 $E8             INX                             A:0000 X:0011 Y:0000 S:0373 D:0000 DB:7E P:A4 V:28  H:27 
C60B06 $E0 $18 $00     CPX #$0018                      A:0000 X:0012 Y:0000 S:0373 D:0000 DB:7E P:24 V:28  H:30 
C60B09 $90 $F7         BCC $C60B02                     A:0000 X:0012 Y:0000 S:0373 D:0000 DB:7E P:A4 V:28  H:35 
C60B02 $9E $28 $36     STZ $3628,X [7E363A] = $00      A:0000 X:0012 Y:0000 S:0373 D:0000 DB:7E P:A4 V:28  H:39 
C60B05 $E8             INX                             A:0000 X:0012 Y:0000 S:0373 D:0000 DB:7E P:A4 V:28  H:47 
C60B06 $E0 $18 $00     CPX #$0018                      A:0000 X:0013 Y:0000 S:0373 D:0000 DB:7E P:24 V:28  H:50 
C60B09 $90 $F7         BCC $C60B02                     A:0000 X:0013 Y:0000 S:0373 D:0000 DB:7E P:A4 V:28  H:55 
C60B02 $9E $28 $36     STZ $3628,X [7E363B] = $00      A:0000 X:0013 Y:0000 S:0373 D:0000 DB:7E P:A4 V:28  H:59 
C60B05 $E8             INX                             A:0000 X:0013 Y:0000 S:0373 D:0000 DB:7E P:A4 V:28  H:67 
C60B06 $E0 $18 $00     CPX #$0018                      A:0000 X:0014 Y:0000 S:0373 D:0000 DB:7E P:24 V:28  H:70 
C60B09 $90 $F7         BCC $C60B02                     A:0000 X:0014 Y:0000 S:0373 D:0000 DB:7E P:A4 V:28  H:75 
C60B02 $9E $28 $36     STZ $3628,X [7E363C] = $00      A:0000 X:0014 Y:0000 S:0373 D:0000 DB:7E P:A4 V:28  H:79 
C60B05 $E8             INX                             A:0000 X:0014 Y:0000 S:0373 D:0000 DB:7E P:A4 V:28  H:87 
C60B06 $E0 $18 $00     CPX #$0018                      A:0000 X:0015 Y:0000 S:0373 D:0000 DB:7E P:24 V:28  H:90 
C60B09 $90 $F7         BCC $C60B02                     A:0000 X:0015 Y:0000 S:0373 D:0000 DB:7E P:A4 V:28  H:95 
C60B02 $9E $28 $36     STZ $3628,X [7E363D] = $00      A:0000 X:0015 Y:0000 S:0373 D:0000 DB:7E P:A4 V:28  H:99 
C60B05 $E8             INX                             A:0000 X:0015 Y:0000 S:0373 D:0000 DB:7E P:A4 V:28  H:107
C60B06 $E0 $18 $00     CPX #$0018                      A:0000 X:0016 Y:0000 S:0373 D:0000 DB:7E P:24 V:28  H:110
C60B09 $90 $F7         BCC $C60B02                     A:0000 X:0016 Y:0000 S:0373 D:0000 DB:7E P:A4 V:28  H:115
C60B02 $9E $28 $36     STZ $3628,X [7E363E] = $00      A:0000 X:0016 Y:0000 S:0373 D:0000 DB:7E P:A4 V:28  H:119
C60B05 $E8             INX                             A:0000 X:0016 Y:0000 S:0373 D:0000 DB:7E P:A4 V:28  H:127
C60B06 $E0 $18 $00     CPX #$0018                      A:0000 X:0017 Y:0000 S:0373 D:0000 DB:7E P:24 V:28  H:130
C60B09 $90 $F7         BCC $C60B02                     A:0000 X:0017 Y:0000 S:0373 D:0000 DB:7E P:A4 V:28  H:145
C60B02 $9E $28 $36     STZ $3628,X [7E363F] = $00      A:0000 X:0017 Y:0000 S:0373 D:0000 DB:7E P:A4 V:28  H:149
C60B05 $E8             INX                             A:0000 X:0017 Y:0000 S:0373 D:0000 DB:7E P:A4 V:28  H:157
C60B06 $E0 $18 $00     CPX #$0018                      A:0000 X:0018 Y:0000 S:0373 D:0000 DB:7E P:24 V:28  H:160
C60B09 $90 $F7         BCC $C60B02                     A:0000 X:0018 Y:0000 S:0373 D:0000 DB:7E P:27 V:28  H:165
C60B0B $C2 $20         REP #$20                        A:0000 X:0018 Y:0000 S:0373 D:0000 DB:7E P:27 V:28  H:168
C60B0D $60             RTS                             A:0000 X:0018 Y:0000 S:0373 D:0000 DB:7E P:07 V:28  H:172
C60AE2 $20 $0E $0B     JSR $0B0E [C60B0E] = $20E2      A:0000 X:0018 Y:0000 S:0375 D:0000 DB:7E P:07 V:28  H:182
C60B0E $E2 $20         SEP #$20                        A:0000 X:0018 Y:0000 S:0373 D:0000 DB:7E P:07 V:28  H:192
C60B10 $A2 $00 $00     LDX #$0000                      A:0000 X:0018 Y:0000 S:0373 D:0000 DB:7E P:27 V:28  H:197
C60B13 $9E $00 $34     STZ $3400,X [7E3400] = $00      A:0000 X:0000 Y:0000 S:0373 D:0000 DB:7E P:27 V:28  H:201
C60B16 $E8             INX                             A:0000 X:0000 Y:0000 S:0373 D:0000 DB:7E P:27 V:28  H:209
C60B17 $E0 $40 $00     CPX #$0040                      A:0000 X:0001 Y:0000 S:0373 D:0000 DB:7E P:25 V:28  H:212
C60B1A $90 $F7         BCC $C60B13                     A:0000 X:0001 Y:0000 S:0373 D:0000 DB:7E P:A4 V:28  H:217
C60B13 $9E $00 $34     STZ $3400,X [7E3401] = $00      A:0000 X:0001 Y:0000 S:0373 D:0000 DB:7E P:A4 V:28  H:221
C60B16 $E8             INX                             A:0000 X:0001 Y:0000 S:0373 D:0000 DB:7E P:A4 V:28  H:229
C60B17 $E0 $40 $00     CPX #$0040                      A:0000 X:0002 Y:0000 S:0373 D:0000 DB:7E P:24 V:28  H:232
C60B1A $90 $F7         BCC $C60B13                     A:0000 X:0002 Y:0000 S:0373 D:0000 DB:7E P:A4 V:28  H:237
C60B13 $9E $00 $34     STZ $3400,X [7E3402] = $00      A:0000 X:0002 Y:0000 S:0373 D:0000 DB:7E P:A4 V:28  H:241
C60B16 $E8             INX                             A:0000 X:0002 Y:0000 S:0373 D:0000 DB:7E P:A4 V:28  H:249
C60B17 $E0 $40 $00     CPX #$0040                      A:0000 X:0003 Y:0000 S:0373 D:0000 DB:7E P:24 V:28  H:252
C60B1A $90 $F7         BCC $C60B13                     A:0000 X:0003 Y:0000 S:0373 D:0000 DB:7E P:A4 V:28  H:257
C60B13 $9E $00 $34     STZ $3400,X [7E3403] = $00      A:0000 X:0003 Y:0000 S:0373 D:0000 DB:7E P:A4 V:28  H:261
C60B16 $E8             INX                             A:0000 X:0003 Y:0000 S:0373 D:0000 DB:7E P:A4 V:28  H:269
C60B17 $E0 $40 $00     CPX #$0040                      A:0000 X:0004 Y:0000 S:0373 D:0000 DB:7E P:24 V:28  H:272
C60B1A $90 $F7         BCC $C60B13                     A:0000 X:0004 Y:0000 S:0373 D:0000 DB:7E P:A4 V:28  H:293
C60B13 $9E $00 $34     STZ $3400,X [7E3404] = $00      A:0000 X:0004 Y:0000 S:0373 D:0000 DB:7E P:A4 V:28  H:298
C60B16 $E8             INX                             A:0000 X:0004 Y:0000 S:0373 D:0000 DB:7E P:A4 V:28  H:306
C60B17 $E0 $40 $00     CPX #$0040                      A:0000 X:0005 Y:0000 S:0373 D:0000 DB:7E P:24 V:28  H:309
C60B1A $90 $F7         BCC $C60B13                     A:0000 X:0005 Y:0000 S:0373 D:0000 DB:7E P:A4 V:28  H:313
C60B13 $9E $00 $34     STZ $3400,X [7E3405] = $00      A:0000 X:0005 Y:0000 S:0373 D:0000 DB:7E P:A4 V:28  H:318
C60B16 $E8             INX                             A:0000 X:0005 Y:0000 S:0373 D:0000 DB:7E P:A4 V:28  H:325
C60B17 $E0 $40 $00     CPX #$0040                      A:0000 X:0006 Y:0000 S:0373 D:0000 DB:7E P:24 V:28  H:328
C60B1A $90 $F7         BCC $C60B13                     A:0000 X:0006 Y:0000 S:0373 D:0000 DB:7E P:A4 V:28  H:332
C60B13 $9E $00 $34     STZ $3400,X [7E3406] = $00      A:0000 X:0006 Y:0000 S:0373 D:0000 DB:7E P:A4 V:28  H:337
C60B16 $E8             INX                             A:0000 X:0006 Y:0000 S:0373 D:0000 DB:7E P:A4 V:29  H:5  
C60B17 $E0 $40 $00     CPX #$0040                      A:0000 X:0007 Y:0000 S:0373 D:0000 DB:7E P:24 V:29  H:8  
C60B1A $90 $F7         BCC $C60B13                     A:0000 X:0007 Y:0000 S:0373 D:0000 DB:7E P:A4 V:29  H:12 
C60B13 $9E $00 $34     STZ $3400,X [7E3407] = $00      A:0000 X:0007 Y:0000 S:0373 D:0000 DB:7E P:A4 V:29  H:17 
C60B16 $E8             INX                             A:0000 X:0007 Y:0000 S:0373 D:0000 DB:7E P:A4 V:29  H:25 
C60B17 $E0 $40 $00     CPX #$0040                      A:0000 X:0008 Y:0000 S:0373 D:0000 DB:7E P:24 V:29  H:28 
C60B1A $90 $F7         BCC $C60B13                     A:0000 X:0008 Y:0000 S:0373 D:0000 DB:7E P:A4 V:29  H:32 
C60B13 $9E $00 $34     STZ $3400,X [7E3408] = $00      A:0000 X:0008 Y:0000 S:0373 D:0000 DB:7E P:A4 V:29  H:37 
C60B16 $E8             INX                             A:0000 X:0008 Y:0000 S:0373 D:0000 DB:7E P:A4 V:29  H:45 
C60B17 $E0 $40 $00     CPX #$0040                      A:0000 X:0009 Y:0000 S:0373 D:0000 DB:7E P:24 V:29  H:48 
C60B1A $90 $F7         BCC $C60B13                     A:0000 X:0009 Y:0000 S:0373 D:0000 DB:7E P:A4 V:29  H:52 
C60B13 $9E $00 $34     STZ $3400,X [7E3409] = $00      A:0000 X:0009 Y:0000 S:0373 D:0000 DB:7E P:A4 V:29  H:57 
C60B16 $E8             INX                             A:0000 X:0009 Y:0000 S:0373 D:0000 DB:7E P:A4 V:29  H:65 
C60B17 $E0 $40 $00     CPX #$0040                      A:0000 X:000A Y:0000 S:0373 D:0000 DB:7E P:24 V:29  H:68 
C60B1A $90 $F7         BCC $C60B13                     A:0000 X:000A Y:0000 S:0373 D:0000 DB:7E P:A4 V:29  H:72 
C60B13 $9E $00 $34     STZ $3400,X [7E340A] = $00      A:0000 X:000A Y:0000 S:0373 D:0000 DB:7E P:A4 V:29  H:77 
C60B16 $E8             INX                             A:0000 X:000A Y:0000 S:0373 D:0000 DB:7E P:A4 V:29  H:85 
C60B17 $E0 $40 $00     CPX #$0040                      A:0000 X:000B Y:0000 S:0373 D:0000 DB:7E P:24 V:29  H:88 
C60B1A $90 $F7         BCC $C60B13                     A:0000 X:000B Y:0000 S:0373 D:0000 DB:7E P:A4 V:29  H:92 
C60B13 $9E $00 $34     STZ $3400,X [7E340B] = $00      A:0000 X:000B Y:0000 S:0373 D:0000 DB:7E P:A4 V:29  H:97 
C60B16 $E8             INX                             A:0000 X:000B Y:0000 S:0373 D:0000 DB:7E P:A4 V:29  H:105
C60B17 $E0 $40 $00     CPX #$0040                      A:0000 X:000C Y:0000 S:0373 D:0000 DB:7E P:24 V:29  H:108
C60B1A $90 $F7         BCC $C60B13                     A:0000 X:000C Y:0000 S:0373 D:0000 DB:7E P:A4 V:29  H:112
C60B13 $9E $00 $34     STZ $3400,X [7E340C] = $00      A:0000 X:000C Y:0000 S:0373 D:0000 DB:7E P:A4 V:29  H:117
C60B16 $E8             INX                             A:0000 X:000C Y:0000 S:0373 D:0000 DB:7E P:A4 V:29  H:125
C60B17 $E0 $40 $00     CPX #$0040                      A:0000 X:000D Y:0000 S:0373 D:0000 DB:7E P:24 V:29  H:128
C60B1A $90 $F7         BCC $C60B13                     A:0000 X:000D Y:0000 S:0373 D:0000 DB:7E P:A4 V:29  H:132
C60B13 $9E $00 $34     STZ $3400,X [7E340D] = $00      A:0000 X:000D Y:0000 S:0373 D:0000 DB:7E P:A4 V:29  H:147
C60B16 $E8             INX                             A:0000 X:000D Y:0000 S:0373 D:0000 DB:7E P:A4 V:29  H:155
C60B17 $E0 $40 $00     CPX #$0040                      A:0000 X:000E Y:0000 S:0373 D:0000 DB:7E P:24 V:29  H:158
C60B1A $90 $F7         BCC $C60B13                     A:0000 X:000E Y:0000 S:0373 D:0000 DB:7E P:A4 V:29  H:162
C60B13 $9E $00 $34     STZ $3400,X [7E340E] = $00      A:0000 X:000E Y:0000 S:0373 D:0000 DB:7E P:A4 V:29  H:167
C60B16 $E8             INX                             A:0000 X:000E Y:0000 S:0373 D:0000 DB:7E P:A4 V:29  H:175
C60B17 $E0 $40 $00     CPX #$0040                      A:0000 X:000F Y:0000 S:0373 D:0000 DB:7E P:24 V:29  H:178
C60B1A $90 $F7         BCC $C60B13                     A:0000 X:000F Y:0000 S:0373 D:0000 DB:7E P:A4 V:29  H:182
C60B13 $9E $00 $34     STZ $3400,X [7E340F] = $00      A:0000 X:000F Y:0000 S:0373 D:0000 DB:7E P:A4 V:29  H:187
C60B16 $E8             INX                             A:0000 X:000F Y:0000 S:0373 D:0000 DB:7E P:A4 V:29  H:195
C60B17 $E0 $40 $00     CPX #$0040                      A:0000 X:0010 Y:0000 S:0373 D:0000 DB:7E P:24 V:29  H:198
C60B1A $90 $F7         BCC $C60B13                     A:0000 X:0010 Y:0000 S:0373 D:0000 DB:7E P:A4 V:29  H:202
C60B13 $9E $00 $34     STZ $3400,X [7E3410] = $00      A:0000 X:0010 Y:0000 S:0373 D:0000 DB:7E P:A4 V:29  H:207
C60B16 $E8             INX                             A:0000 X:0010 Y:0000 S:0373 D:0000 DB:7E P:A4 V:29  H:215
C60B17 $E0 $40 $00     CPX #$0040                      A:0000 X:0011 Y:0000 S:0373 D:0000 DB:7E P:24 V:29  H:218
C60B1A $90 $F7         BCC $C60B13                     A:0000 X:0011 Y:0000 S:0373 D:0000 DB:7E P:A4 V:29  H:222
C60B13 $9E $00 $34     STZ $3400,X [7E3411] = $00      A:0000 X:0011 Y:0000 S:0373 D:0000 DB:7E P:A4 V:29  H:227
C60B16 $E8             INX                             A:0000 X:0011 Y:0000 S:0373 D:0000 DB:7E P:A4 V:29  H:235
C60B17 $E0 $40 $00     CPX #$0040                      A:0000 X:0012 Y:0000 S:0373 D:0000 DB:7E P:24 V:29  H:238
C60B1A $90 $F7         BCC $C60B13                     A:0000 X:0012 Y:0000 S:0373 D:0000 DB:7E P:A4 V:29  H:242
C60B13 $9E $00 $34     STZ $3400,X [7E3412] = $00      A:0000 X:0012 Y:0000 S:0373 D:0000 DB:7E P:A4 V:29  H:247
C60B16 $E8             INX                             A:0000 X:0012 Y:0000 S:0373 D:0000 DB:7E P:A4 V:29  H:255
C60B17 $E0 $40 $00     CPX #$0040                      A:0000 X:0013 Y:0000 S:0373 D:0000 DB:7E P:24 V:29  H:258
C60B1A $90 $F7         BCC $C60B13                     A:0000 X:0013 Y:0000 S:0373 D:0000 DB:7E P:A4 V:29  H:262
C60B13 $9E $00 $34     STZ $3400,X [7E3413] = $00      A:0000 X:0013 Y:0000 S:0373 D:0000 DB:7E P:A4 V:29  H:267
C60B16 $E8             INX                             A:0000 X:0013 Y:0000 S:0373 D:0000 DB:7E P:A4 V:29  H:275
C60B17 $E0 $40 $00     CPX #$0040                      A:0000 X:0014 Y:0000 S:0373 D:0000 DB:7E P:24 V:29  H:294
C60B1A $90 $F7         BCC $C60B13                     A:0000 X:0014 Y:0000 S:0373 D:0000 DB:7E P:A4 V:29  H:299
C60B13 $9E $00 $34     STZ $3400,X [7E3414] = $00      A:0000 X:0014 Y:0000 S:0373 D:0000 DB:7E P:A4 V:29  H:303
C60B16 $E8             INX                             A:0000 X:0014 Y:0000 S:0373 D:0000 DB:7E P:A4 V:29  H:311
C60B17 $E0 $40 $00     CPX #$0040                      A:0000 X:0015 Y:0000 S:0373 D:0000 DB:7E P:24 V:29  H:314
C60B1A $90 $F7         BCC $C60B13                     A:0000 X:0015 Y:0000 S:0373 D:0000 DB:7E P:A4 V:29  H:319
C60B13 $9E $00 $34     STZ $3400,X [7E3415] = $00      A:0000 X:0015 Y:0000 S:0373 D:0000 DB:7E P:A4 V:29  H:323
C60B16 $E8             INX                             A:0000 X:0015 Y:0000 S:0373 D:0000 DB:7E P:A4 V:29  H:330
C60B17 $E0 $40 $00     CPX #$0040                      A:0000 X:0016 Y:0000 S:0373 D:0000 DB:7E P:24 V:29  H:333
C60B1A $90 $F7         BCC $C60B13                     A:0000 X:0016 Y:0000 S:0373 D:0000 DB:7E P:A4 V:29  H:338
C60B13 $9E $00 $34     STZ $3400,X [7E3416] = $00      A:0000 X:0016 Y:0000 S:0373 D:0000 DB:7E P:A4 V:30  H:2  
C60B16 $E8             INX                             A:0000 X:0016 Y:0000 S:0373 D:0000 DB:7E P:A4 V:30  H:10 
C60B17 $E0 $40 $00     CPX #$0040                      A:0000 X:0017 Y:0000 S:0373 D:0000 DB:7E P:24 V:30  H:13 
C60B1A $90 $F7         BCC $C60B13                     A:0000 X:0017 Y:0000 S:0373 D:0000 DB:7E P:A4 V:30  H:18 
C60B13 $9E $00 $34     STZ $3400,X [7E3417] = $00      A:0000 X:0017 Y:0000 S:0373 D:0000 DB:7E P:A4 V:30  H:22 
C60B16 $E8             INX                             A:0000 X:0017 Y:0000 S:0373 D:0000 DB:7E P:A4 V:30  H:30 
C60B17 $E0 $40 $00     CPX #$0040                      A:0000 X:0018 Y:0000 S:0373 D:0000 DB:7E P:24 V:30  H:33 
C60B1A $90 $F7         BCC $C60B13                     A:0000 X:0018 Y:0000 S:0373 D:0000 DB:7E P:A4 V:30  H:38 
C60B13 $9E $00 $34     STZ $3400,X [7E3418] = $00      A:0000 X:0018 Y:0000 S:0373 D:0000 DB:7E P:A4 V:30  H:42 
C60B16 $E8             INX                             A:0000 X:0018 Y:0000 S:0373 D:0000 DB:7E P:A4 V:30  H:50 
C60B17 $E0 $40 $00     CPX #$0040                      A:0000 X:0019 Y:0000 S:0373 D:0000 DB:7E P:24 V:30  H:53 
C60B1A $90 $F7         BCC $C60B13                     A:0000 X:0019 Y:0000 S:0373 D:0000 DB:7E P:A4 V:30  H:58 
C60B13 $9E $00 $34     STZ $3400,X [7E3419] = $00      A:0000 X:0019 Y:0000 S:0373 D:0000 DB:7E P:A4 V:30  H:62 
C60B16 $E8             INX                             A:0000 X:0019 Y:0000 S:0373 D:0000 DB:7E P:A4 V:30  H:70 
C60B17 $E0 $40 $00     CPX #$0040                      A:0000 X:001A Y:0000 S:0373 D:0000 DB:7E P:24 V:30  H:73 
C60B1A $90 $F7         BCC $C60B13                     A:0000 X:001A Y:0000 S:0373 D:0000 DB:7E P:A4 V:30  H:78 
C60B13 $9E $00 $34     STZ $3400,X [7E341A] = $00      A:0000 X:001A Y:0000 S:0373 D:0000 DB:7E P:A4 V:30  H:82 
C60B16 $E8             INX                             A:0000 X:001A Y:0000 S:0373 D:0000 DB:7E P:A4 V:30  H:90 
C60B17 $E0 $40 $00     CPX #$0040                      A:0000 X:001B Y:0000 S:0373 D:0000 DB:7E P:24 V:30  H:93 
C60B1A $90 $F7         BCC $C60B13                     A:0000 X:001B Y:0000 S:0373 D:0000 DB:7E P:A4 V:30  H:98 
C60B13 $9E $00 $34     STZ $3400,X [7E341B] = $00      A:0000 X:001B Y:0000 S:0373 D:0000 DB:7E P:A4 V:30  H:102
C60B16 $E8             INX                             A:0000 X:001B Y:0000 S:0373 D:0000 DB:7E P:A4 V:30  H:110
C60B17 $E0 $40 $00     CPX #$0040                      A:0000 X:001C Y:0000 S:0373 D:0000 DB:7E P:24 V:30  H:113
C60B1A $90 $F7         BCC $C60B13                     A:0000 X:001C Y:0000 S:0373 D:0000 DB:7E P:A4 V:30  H:118
C60B13 $9E $00 $34     STZ $3400,X [7E341C] = $00      A:0000 X:001C Y:0000 S:0373 D:0000 DB:7E P:A4 V:30  H:122
C60B16 $E8             INX                             A:0000 X:001C Y:0000 S:0373 D:0000 DB:7E P:A4 V:30  H:130
C60B17 $E0 $40 $00     CPX #$0040                      A:0000 X:001D Y:0000 S:0373 D:0000 DB:7E P:24 V:30  H:133
C60B1A $90 $F7         BCC $C60B13                     A:0000 X:001D Y:0000 S:0373 D:0000 DB:7E P:A4 V:30  H:148
C60B13 $9E $00 $34     STZ $3400,X [7E341D] = $00      A:0000 X:001D Y:0000 S:0373 D:0000 DB:7E P:A4 V:30  H:152
C60B16 $E8             INX                             A:0000 X:001D Y:0000 S:0373 D:0000 DB:7E P:A4 V:30  H:160
C60B17 $E0 $40 $00     CPX #$0040                      A:0000 X:001E Y:0000 S:0373 D:0000 DB:7E P:24 V:30  H:163
C60B1A $90 $F7         BCC $C60B13                     A:0000 X:001E Y:0000 S:0373 D:0000 DB:7E P:A4 V:30  H:168
C60B13 $9E $00 $34     STZ $3400,X [7E341E] = $00      A:0000 X:001E Y:0000 S:0373 D:0000 DB:7E P:A4 V:30  H:172
C60B16 $E8             INX                             A:0000 X:001E Y:0000 S:0373 D:0000 DB:7E P:A4 V:30  H:180
C60B17 $E0 $40 $00     CPX #$0040                      A:0000 X:001F Y:0000 S:0373 D:0000 DB:7E P:24 V:30  H:183
C60B1A $90 $F7         BCC $C60B13                     A:0000 X:001F Y:0000 S:0373 D:0000 DB:7E P:A4 V:30  H:188
C60B13 $9E $00 $34     STZ $3400,X [7E341F] = $00      A:0000 X:001F Y:0000 S:0373 D:0000 DB:7E P:A4 V:30  H:192
C60B16 $E8             INX                             A:0000 X:001F Y:0000 S:0373 D:0000 DB:7E P:A4 V:30  H:200
C60B17 $E0 $40 $00     CPX #$0040                      A:0000 X:0020 Y:0000 S:0373 D:0000 DB:7E P:24 V:30  H:203
C60B1A $90 $F7         BCC $C60B13                     A:0000 X:0020 Y:0000 S:0373 D:0000 DB:7E P:A4 V:30  H:208
C60B13 $9E $00 $34     STZ $3400,X [7E3420] = $00      A:0000 X:0020 Y:0000 S:0373 D:0000 DB:7E P:A4 V:30  H:212
C60B16 $E8             INX                             A:0000 X:0020 Y:0000 S:0373 D:0000 DB:7E P:A4 V:30  H:220
C60B17 $E0 $40 $00     CPX #$0040                      A:0000 X:0021 Y:0000 S:0373 D:0000 DB:7E P:24 V:30  H:223
C60B1A $90 $F7         BCC $C60B13                     A:0000 X:0021 Y:0000 S:0373 D:0000 DB:7E P:A4 V:30  H:228
C60B13 $9E $00 $34     STZ $3400,X [7E3421] = $00      A:0000 X:0021 Y:0000 S:0373 D:0000 DB:7E P:A4 V:30  H:232
C60B16 $E8             INX                             A:0000 X:0021 Y:0000 S:0373 D:0000 DB:7E P:A4 V:30  H:240
C60B17 $E0 $40 $00     CPX #$0040                      A:0000 X:0022 Y:0000 S:0373 D:0000 DB:7E P:24 V:30  H:243
C60B1A $90 $F7         BCC $C60B13                     A:0000 X:0022 Y:0000 S:0373 D:0000 DB:7E P:A4 V:30  H:248
C60B13 $9E $00 $34     STZ $3400,X [7E3422] = $00      A:0000 X:0022 Y:0000 S:0373 D:0000 DB:7E P:A4 V:30  H:252
C60B16 $E8             INX                             A:0000 X:0022 Y:0000 S:0373 D:0000 DB:7E P:A4 V:30  H:260
C60B17 $E0 $40 $00     CPX #$0040                      A:0000 X:0023 Y:0000 S:0373 D:0000 DB:7E P:24 V:30  H:263
C60B1A $90 $F7         BCC $C60B13                     A:0000 X:0023 Y:0000 S:0373 D:0000 DB:7E P:A4 V:30  H:268
C60B13 $9E $00 $34     STZ $3400,X [7E3423] = $00      A:0000 X:0023 Y:0000 S:0373 D:0000 DB:7E P:A4 V:30  H:272
C60B16 $E8             INX                             A:0000 X:0023 Y:0000 S:0373 D:0000 DB:7E P:A4 V:30  H:297
C60B17 $E0 $40 $00     CPX #$0040                      A:0000 X:0024 Y:0000 S:0373 D:0000 DB:7E P:24 V:30  H:300
C60B1A $90 $F7         BCC $C60B13                     A:0000 X:0024 Y:0000 S:0373 D:0000 DB:7E P:A4 V:30  H:304
C60B13 $9E $00 $34     STZ $3400,X [7E3424] = $00      A:0000 X:0024 Y:0000 S:0373 D:0000 DB:7E P:A4 V:30  H:309
C60B16 $E8             INX                             A:0000 X:0024 Y:0000 S:0373 D:0000 DB:7E P:A4 V:30  H:317
C60B17 $E0 $40 $00     CPX #$0040                      A:0000 X:0025 Y:0000 S:0373 D:0000 DB:7E P:24 V:30  H:320
C60B1A $90 $F7         BCC $C60B13                     A:0000 X:0025 Y:0000 S:0373 D:0000 DB:7E P:A4 V:30  H:324
C60B13 $9E $00 $34     STZ $3400,X [7E3425] = $00      A:0000 X:0025 Y:0000 S:0373 D:0000 DB:7E P:A4 V:30  H:328
C60B16 $E8             INX                             A:0000 X:0025 Y:0000 S:0373 D:0000 DB:7E P:A4 V:30  H:336
C60B17 $E0 $40 $00     CPX #$0040                      A:0000 X:0026 Y:0000 S:0373 D:0000 DB:7E P:24 V:30  H:339
C60B1A $90 $F7         BCC $C60B13                     A:0000 X:0026 Y:0000 S:0373 D:0000 DB:7E P:A4 V:31  H:3  
C60B13 $9E $00 $34     STZ $3400,X [7E3426] = $00      A:0000 X:0026 Y:0000 S:0373 D:0000 DB:7E P:A4 V:31  H:8  
C60B16 $E8             INX                             A:0000 X:0026 Y:0000 S:0373 D:0000 DB:7E P:A4 V:31  H:16 
C60B17 $E0 $40 $00     CPX #$0040                      A:0000 X:0027 Y:0000 S:0373 D:0000 DB:7E P:24 V:31  H:19 
C60B1A $90 $F7         BCC $C60B13                     A:0000 X:0027 Y:0000 S:0373 D:0000 DB:7E P:A4 V:31  H:23 
C60B13 $9E $00 $34     STZ $3400,X [7E3427] = $00      A:0000 X:0027 Y:0000 S:0373 D:0000 DB:7E P:A4 V:31  H:28 
C60B16 $E8             INX                             A:0000 X:0027 Y:0000 S:0373 D:0000 DB:7E P:A4 V:31  H:36 
C60B17 $E0 $40 $00     CPX #$0040                      A:0000 X:0028 Y:0000 S:0373 D:0000 DB:7E P:24 V:31  H:39 
C60B1A $90 $F7         BCC $C60B13                     A:0000 X:0028 Y:0000 S:0373 D:0000 DB:7E P:A4 V:31  H:43 
C60B13 $9E $00 $34     STZ $3400,X [7E3428] = $00      A:0000 X:0028 Y:0000 S:0373 D:0000 DB:7E P:A4 V:31  H:48 
C60B16 $E8             INX                             A:0000 X:0028 Y:0000 S:0373 D:0000 DB:7E P:A4 V:31  H:56 
C60B17 $E0 $40 $00     CPX #$0040                      A:0000 X:0029 Y:0000 S:0373 D:0000 DB:7E P:24 V:31  H:59 
C60B1A $90 $F7         BCC $C60B13                     A:0000 X:0029 Y:0000 S:0373 D:0000 DB:7E P:A4 V:31  H:63 
C60B13 $9E $00 $34     STZ $3400,X [7E3429] = $00      A:0000 X:0029 Y:0000 S:0373 D:0000 DB:7E P:A4 V:31  H:68 
C60B16 $E8             INX                             A:0000 X:0029 Y:0000 S:0373 D:0000 DB:7E P:A4 V:31  H:76 
C60B17 $E0 $40 $00     CPX #$0040                      A:0000 X:002A Y:0000 S:0373 D:0000 DB:7E P:24 V:31  H:79 
C60B1A $90 $F7         BCC $C60B13                     A:0000 X:002A Y:0000 S:0373 D:0000 DB:7E P:A4 V:31  H:83 
C60B13 $9E $00 $34     STZ $3400,X [7E342A] = $00      A:0000 X:002A Y:0000 S:0373 D:0000 DB:7E P:A4 V:31  H:88 
C60B16 $E8             INX                             A:0000 X:002A Y:0000 S:0373 D:0000 DB:7E P:A4 V:31  H:96 
C60B17 $E0 $40 $00     CPX #$0040                      A:0000 X:002B Y:0000 S:0373 D:0000 DB:7E P:24 V:31  H:99 
C60B1A $90 $F7         BCC $C60B13                     A:0000 X:002B Y:0000 S:0373 D:0000 DB:7E P:A4 V:31  H:103
C60B13 $9E $00 $34     STZ $3400,X [7E342B] = $00      A:0000 X:002B Y:0000 S:0373 D:0000 DB:7E P:A4 V:31  H:108
C60B16 $E8             INX                             A:0000 X:002B Y:0000 S:0373 D:0000 DB:7E P:A4 V:31  H:116
C60B17 $E0 $40 $00     CPX #$0040                      A:0000 X:002C Y:0000 S:0373 D:0000 DB:7E P:24 V:31  H:119
C60B1A $90 $F7         BCC $C60B13                     A:0000 X:002C Y:0000 S:0373 D:0000 DB:7E P:A4 V:31  H:123
C60B13 $9E $00 $34     STZ $3400,X [7E342C] = $00      A:0000 X:002C Y:0000 S:0373 D:0000 DB:7E P:A4 V:31  H:128
C60B16 $E8             INX                             A:0000 X:002C Y:0000 S:0373 D:0000 DB:7E P:A4 V:31  H:146
C60B17 $E0 $40 $00     CPX #$0040                      A:0000 X:002D Y:0000 S:0373 D:0000 DB:7E P:24 V:31  H:149
C60B1A $90 $F7         BCC $C60B13                     A:0000 X:002D Y:0000 S:0373 D:0000 DB:7E P:A4 V:31  H:153
C60B13 $9E $00 $34     STZ $3400,X [7E342D] = $00      A:0000 X:002D Y:0000 S:0373 D:0000 DB:7E P:A4 V:31  H:158
C60B16 $E8             INX                             A:0000 X:002D Y:0000 S:0373 D:0000 DB:7E P:A4 V:31  H:166
C60B17 $E0 $40 $00     CPX #$0040                      A:0000 X:002E Y:0000 S:0373 D:0000 DB:7E P:24 V:31  H:169
C60B1A $90 $F7         BCC $C60B13                     A:0000 X:002E Y:0000 S:0373 D:0000 DB:7E P:A4 V:31  H:173
C60B13 $9E $00 $34     STZ $3400,X [7E342E] = $00      A:0000 X:002E Y:0000 S:0373 D:0000 DB:7E P:A4 V:31  H:178
C60B16 $E8             INX                             A:0000 X:002E Y:0000 S:0373 D:0000 DB:7E P:A4 V:31  H:186
C60B17 $E0 $40 $00     CPX #$0040                      A:0000 X:002F Y:0000 S:0373 D:0000 DB:7E P:24 V:31  H:189
C60B1A $90 $F7         BCC $C60B13                     A:0000 X:002F Y:0000 S:0373 D:0000 DB:7E P:A4 V:31  H:193
C60B13 $9E $00 $34     STZ $3400,X [7E342F] = $00      A:0000 X:002F Y:0000 S:0373 D:0000 DB:7E P:A4 V:31  H:198
C60B16 $E8             INX                             A:0000 X:002F Y:0000 S:0373 D:0000 DB:7E P:A4 V:31  H:206
C60B17 $E0 $40 $00     CPX #$0040                      A:0000 X:0030 Y:0000 S:0373 D:0000 DB:7E P:24 V:31  H:209
C60B1A $90 $F7         BCC $C60B13                     A:0000 X:0030 Y:0000 S:0373 D:0000 DB:7E P:A4 V:31  H:213
C60B13 $9E $00 $34     STZ $3400,X [7E3430] = $00      A:0000 X:0030 Y:0000 S:0373 D:0000 DB:7E P:A4 V:31  H:218
C60B16 $E8             INX                             A:0000 X:0030 Y:0000 S:0373 D:0000 DB:7E P:A4 V:31  H:226
C60B17 $E0 $40 $00     CPX #$0040                      A:0000 X:0031 Y:0000 S:0373 D:0000 DB:7E P:24 V:31  H:229
C60B1A $90 $F7         BCC $C60B13                     A:0000 X:0031 Y:0000 S:0373 D:0000 DB:7E P:A4 V:31  H:233
C60B13 $9E $00 $34     STZ $3400,X [7E3431] = $00      A:0000 X:0031 Y:0000 S:0373 D:0000 DB:7E P:A4 V:31  H:238
C60B16 $E8             INX                             A:0000 X:0031 Y:0000 S:0373 D:0000 DB:7E P:A4 V:31  H:246
C60B17 $E0 $40 $00     CPX #$0040                      A:0000 X:0032 Y:0000 S:0373 D:0000 DB:7E P:24 V:31  H:249
C60B1A $90 $F7         BCC $C60B13                     A:0000 X:0032 Y:0000 S:0373 D:0000 DB:7E P:A4 V:31  H:253
C60B13 $9E $00 $34     STZ $3400,X [7E3432] = $00      A:0000 X:0032 Y:0000 S:0373 D:0000 DB:7E P:A4 V:31  H:258
C60B16 $E8             INX                             A:0000 X:0032 Y:0000 S:0373 D:0000 DB:7E P:A4 V:31  H:266
C60B17 $E0 $40 $00     CPX #$0040                      A:0000 X:0033 Y:0000 S:0373 D:0000 DB:7E P:24 V:31  H:269
C60B1A $90 $F7         BCC $C60B13                     A:0000 X:0033 Y:0000 S:0373 D:0000 DB:7E P:A4 V:31  H:273
C60B13 $9E $00 $34     STZ $3400,X [7E3433] = $00      A:0000 X:0033 Y:0000 S:0373 D:0000 DB:7E P:A4 V:31  H:318
C60B16 $E8             INX                             A:0000 X:0033 Y:0000 S:0373 D:0000 DB:7E P:A4 V:31  H:326
C60B17 $E0 $40 $00     CPX #$0040                      A:0000 X:0034 Y:0000 S:0373 D:0000 DB:7E P:24 V:31  H:328
C60B1A $90 $F7         BCC $C60B13                     A:0000 X:0034 Y:0000 S:0373 D:0000 DB:7E P:A4 V:31  H:333
C60B13 $9E $00 $34     STZ $3400,X [7E3434] = $00      A:0000 X:0034 Y:0000 S:0373 D:0000 DB:7E P:A4 V:31  H:337
C60B16 $E8             INX                             A:0000 X:0034 Y:0000 S:0373 D:0000 DB:7E P:A4 V:32  H:5  
C60B17 $E0 $40 $00     CPX #$0040                      A:0000 X:0035 Y:0000 S:0373 D:0000 DB:7E P:24 V:32  H:8  
C60B1A $90 $F7         BCC $C60B13                     A:0000 X:0035 Y:0000 S:0373 D:0000 DB:7E P:A4 V:32  H:13 
C60B13 $9E $00 $34     STZ $3400,X [7E3435] = $00      A:0000 X:0035 Y:0000 S:0373 D:0000 DB:7E P:A4 V:32  H:17 
C60B16 $E8             INX                             A:0000 X:0035 Y:0000 S:0373 D:0000 DB:7E P:A4 V:32  H:25 
C60B17 $E0 $40 $00     CPX #$0040                      A:0000 X:0036 Y:0000 S:0373 D:0000 DB:7E P:24 V:32  H:28 
C60B1A $90 $F7         BCC $C60B13                     A:0000 X:0036 Y:0000 S:0373 D:0000 DB:7E P:A4 V:32  H:33 
C60B13 $9E $00 $34     STZ $3400,X [7E3436] = $00      A:0000 X:0036 Y:0000 S:0373 D:0000 DB:7E P:A4 V:32  H:37 
C60B16 $E8             INX                             A:0000 X:0036 Y:0000 S:0373 D:0000 DB:7E P:A4 V:32  H:45 
C60B17 $E0 $40 $00     CPX #$0040                      A:0000 X:0037 Y:0000 S:0373 D:0000 DB:7E P:24 V:32  H:48 
C60B1A $90 $F7         BCC $C60B13                     A:0000 X:0037 Y:0000 S:0373 D:0000 DB:7E P:A4 V:32  H:53 
C60B13 $9E $00 $34     STZ $3400,X [7E3437] = $00      A:0000 X:0037 Y:0000 S:0373 D:0000 DB:7E P:A4 V:32  H:57 
C60B16 $E8             INX                             A:0000 X:0037 Y:0000 S:0373 D:0000 DB:7E P:A4 V:32  H:65 
C60B17 $E0 $40 $00     CPX #$0040                      A:0000 X:0038 Y:0000 S:0373 D:0000 DB:7E P:24 V:32  H:68 
C60B1A $90 $F7         BCC $C60B13                     A:0000 X:0038 Y:0000 S:0373 D:0000 DB:7E P:A4 V:32  H:73 
C60B13 $9E $00 $34     STZ $3400,X [7E3438] = $00      A:0000 X:0038 Y:0000 S:0373 D:0000 DB:7E P:A4 V:32  H:77 
C60B16 $E8             INX                             A:0000 X:0038 Y:0000 S:0373 D:0000 DB:7E P:A4 V:32  H:85 
C60B17 $E0 $40 $00     CPX #$0040                      A:0000 X:0039 Y:0000 S:0373 D:0000 DB:7E P:24 V:32  H:88 
C60B1A $90 $F7         BCC $C60B13                     A:0000 X:0039 Y:0000 S:0373 D:0000 DB:7E P:A4 V:32  H:93 
C60B13 $9E $00 $34     STZ $3400,X [7E3439] = $00      A:0000 X:0039 Y:0000 S:0373 D:0000 DB:7E P:A4 V:32  H:97 
C60B16 $E8             INX                             A:0000 X:0039 Y:0000 S:0373 D:0000 DB:7E P:A4 V:32  H:105
C60B17 $E0 $40 $00     CPX #$0040                      A:0000 X:003A Y:0000 S:0373 D:0000 DB:7E P:24 V:32  H:108
C60B1A $90 $F7         BCC $C60B13                     A:0000 X:003A Y:0000 S:0373 D:0000 DB:7E P:A4 V:32  H:113
C60B13 $9E $00 $34     STZ $3400,X [7E343A] = $00      A:0000 X:003A Y:0000 S:0373 D:0000 DB:7E P:A4 V:32  H:117
C60B16 $E8             INX                             A:0000 X:003A Y:0000 S:0373 D:0000 DB:7E P:A4 V:32  H:125
C60B17 $E0 $40 $00     CPX #$0040                      A:0000 X:003B Y:0000 S:0373 D:0000 DB:7E P:24 V:32  H:128
C60B1A $90 $F7         BCC $C60B13                     A:0000 X:003B Y:0000 S:0373 D:0000 DB:7E P:A4 V:32  H:133
C60B13 $9E $00 $34     STZ $3400,X [7E343B] = $00      A:0000 X:003B Y:0000 S:0373 D:0000 DB:7E P:A4 V:32  H:147
C60B16 $E8             INX                             A:0000 X:003B Y:0000 S:0373 D:0000 DB:7E P:A4 V:32  H:155
C60B17 $E0 $40 $00     CPX #$0040                      A:0000 X:003C Y:0000 S:0373 D:0000 DB:7E P:24 V:32  H:158
C60B1A $90 $F7         BCC $C60B13                     A:0000 X:003C Y:0000 S:0373 D:0000 DB:7E P:A4 V:32  H:163
C60B13 $9E $00 $34     STZ $3400,X [7E343C] = $00      A:0000 X:003C Y:0000 S:0373 D:0000 DB:7E P:A4 V:32  H:167
C60B16 $E8             INX                             A:0000 X:003C Y:0000 S:0373 D:0000 DB:7E P:A4 V:32  H:175
C60B17 $E0 $40 $00     CPX #$0040                      A:0000 X:003D Y:0000 S:0373 D:0000 DB:7E P:24 V:32  H:178
C60B1A $90 $F7         BCC $C60B13                     A:0000 X:003D Y:0000 S:0373 D:0000 DB:7E P:A4 V:32  H:183
C60B13 $9E $00 $34     STZ $3400,X [7E343D] = $00      A:0000 X:003D Y:0000 S:0373 D:0000 DB:7E P:A4 V:32  H:187
C60B16 $E8             INX                             A:0000 X:003D Y:0000 S:0373 D:0000 DB:7E P:A4 V:32  H:195
C60B17 $E0 $40 $00     CPX #$0040                      A:0000 X:003E Y:0000 S:0373 D:0000 DB:7E P:24 V:32  H:198
C60B1A $90 $F7         BCC $C60B13                     A:0000 X:003E Y:0000 S:0373 D:0000 DB:7E P:A4 V:32  H:203
C60B13 $9E $00 $34     STZ $3400,X [7E343E] = $00      A:0000 X:003E Y:0000 S:0373 D:0000 DB:7E P:A4 V:32  H:207
C60B16 $E8             INX                             A:0000 X:003E Y:0000 S:0373 D:0000 DB:7E P:A4 V:32  H:215
C60B17 $E0 $40 $00     CPX #$0040                      A:0000 X:003F Y:0000 S:0373 D:0000 DB:7E P:24 V:32  H:218
C60B1A $90 $F7         BCC $C60B13                     A:0000 X:003F Y:0000 S:0373 D:0000 DB:7E P:A4 V:32  H:223
C60B13 $9E $00 $34     STZ $3400,X [7E343F] = $00      A:0000 X:003F Y:0000 S:0373 D:0000 DB:7E P:A4 V:32  H:227
C60B16 $E8             INX                             A:0000 X:003F Y:0000 S:0373 D:0000 DB:7E P:A4 V:32  H:235
C60B17 $E0 $40 $00     CPX #$0040                      A:0000 X:0040 Y:0000 S:0373 D:0000 DB:7E P:24 V:32  H:238
C60B1A $90 $F7         BCC $C60B13                     A:0000 X:0040 Y:0000 S:0373 D:0000 DB:7E P:27 V:32  H:243
C60B1C $A2 $00 $00     LDX #$0000                      A:0000 X:0040 Y:0000 S:0373 D:0000 DB:7E P:27 V:32  H:246
C60B1F $9E $18 $36     STZ $3618,X [7E3618] = $11      A:0000 X:0000 Y:0000 S:0373 D:0000 DB:7E P:27 V:32  H:250
C60B22 $E8             INX                             A:0000 X:0000 Y:0000 S:0373 D:0000 DB:7E P:27 V:32  H:258
C60B23 $E0 $10 $00     CPX #$0010                      A:0000 X:0001 Y:0000 S:0373 D:0000 DB:7E P:25 V:32  H:261
C60B26 $90 $F7         BCC $C60B1F                     A:0000 X:0001 Y:0000 S:0373 D:0000 DB:7E P:A4 V:32  H:266
C60B1F $9E $18 $36     STZ $3618,X [7E3619] = $00      A:0000 X:0001 Y:0000 S:0373 D:0000 DB:7E P:A4 V:32  H:270
C60B22 $E8             INX                             A:0000 X:0001 Y:0000 S:0373 D:0000 DB:7E P:A4 V:32  H:322
C60B23 $E0 $10 $00     CPX #$0010                      A:0000 X:0002 Y:0000 S:0373 D:0000 DB:7E P:24 V:32  H:325
C60B26 $90 $F7         BCC $C60B1F                     A:0000 X:0002 Y:0000 S:0373 D:0000 DB:7E P:A4 V:32  H:329
C60B1F $9E $18 $36     STZ $3618,X [7E361A] = $00      A:0000 X:0002 Y:0000 S:0373 D:0000 DB:7E P:A4 V:32  H:333
C60B22 $E8             INX                             A:0000 X:0002 Y:0000 S:0373 D:0000 DB:7E P:A4 V:33  H:1  
C60B23 $E0 $10 $00     CPX #$0010                      A:0000 X:0003 Y:0000 S:0373 D:0000 DB:7E P:24 V:33  H:4  
C60B26 $90 $F7         BCC $C60B1F                     A:0000 X:0003 Y:0000 S:0373 D:0000 DB:7E P:A4 V:33  H:9  
C60B1F $9E $18 $36     STZ $3618,X [7E361B] = $00      A:0000 X:0003 Y:0000 S:0373 D:0000 DB:7E P:A4 V:33  H:13 
C60B22 $E8             INX                             A:0000 X:0003 Y:0000 S:0373 D:0000 DB:7E P:A4 V:33  H:21 
C60B23 $E0 $10 $00     CPX #$0010                      A:0000 X:0004 Y:0000 S:0373 D:0000 DB:7E P:24 V:33  H:24 
C60B26 $90 $F7         BCC $C60B1F                     A:0000 X:0004 Y:0000 S:0373 D:0000 DB:7E P:A4 V:33  H:29 
C60B1F $9E $18 $36     STZ $3618,X [7E361C] = $00      A:0000 X:0004 Y:0000 S:0373 D:0000 DB:7E P:A4 V:33  H:33 
C60B22 $E8             INX                             A:0000 X:0004 Y:0000 S:0373 D:0000 DB:7E P:A4 V:33  H:41 
C60B23 $E0 $10 $00     CPX #$0010                      A:0000 X:0005 Y:0000 S:0373 D:0000 DB:7E P:24 V:33  H:44 
C60B26 $90 $F7         BCC $C60B1F                     A:0000 X:0005 Y:0000 S:0373 D:0000 DB:7E P:A4 V:33  H:49 
C60B1F $9E $18 $36     STZ $3618,X [7E361D] = $00      A:0000 X:0005 Y:0000 S:0373 D:0000 DB:7E P:A4 V:33  H:53 
C60B22 $E8             INX                             A:0000 X:0005 Y:0000 S:0373 D:0000 DB:7E P:A4 V:33  H:61 
C60B23 $E0 $10 $00     CPX #$0010                      A:0000 X:0006 Y:0000 S:0373 D:0000 DB:7E P:24 V:33  H:64 
C60B26 $90 $F7         BCC $C60B1F                     A:0000 X:0006 Y:0000 S:0373 D:0000 DB:7E P:A4 V:33  H:69 
C60B1F $9E $18 $36     STZ $3618,X [7E361E] = $00      A:0000 X:0006 Y:0000 S:0373 D:0000 DB:7E P:A4 V:33  H:73 
C60B22 $E8             INX                             A:0000 X:0006 Y:0000 S:0373 D:0000 DB:7E P:A4 V:33  H:81 
C60B23 $E0 $10 $00     CPX #$0010                      A:0000 X:0007 Y:0000 S:0373 D:0000 DB:7E P:24 V:33  H:84 
C60B26 $90 $F7         BCC $C60B1F                     A:0000 X:0007 Y:0000 S:0373 D:0000 DB:7E P:A4 V:33  H:89 
C60B1F $9E $18 $36     STZ $3618,X [7E361F] = $00      A:0000 X:0007 Y:0000 S:0373 D:0000 DB:7E P:A4 V:33  H:93 
C60B22 $E8             INX                             A:0000 X:0007 Y:0000 S:0373 D:0000 DB:7E P:A4 V:33  H:101
C60B23 $E0 $10 $00     CPX #$0010                      A:0000 X:0008 Y:0000 S:0373 D:0000 DB:7E P:24 V:33  H:104
C60B26 $90 $F7         BCC $C60B1F                     A:0000 X:0008 Y:0000 S:0373 D:0000 DB:7E P:A4 V:33  H:109
C60B1F $9E $18 $36     STZ $3618,X [7E3620] = $00      A:0000 X:0008 Y:0000 S:0373 D:0000 DB:7E P:A4 V:33  H:113
C60B22 $E8             INX                             A:0000 X:0008 Y:0000 S:0373 D:0000 DB:7E P:A4 V:33  H:121
C60B23 $E0 $10 $00     CPX #$0010                      A:0000 X:0009 Y:0000 S:0373 D:0000 DB:7E P:24 V:33  H:124
C60B26 $90 $F7         BCC $C60B1F                     A:0000 X:0009 Y:0000 S:0373 D:0000 DB:7E P:A4 V:33  H:129
C60B1F $9E $18 $36     STZ $3618,X [7E3621] = $00      A:0000 X:0009 Y:0000 S:0373 D:0000 DB:7E P:A4 V:33  H:143
C60B22 $E8             INX                             A:0000 X:0009 Y:0000 S:0373 D:0000 DB:7E P:A4 V:33  H:151
C60B23 $E0 $10 $00     CPX #$0010                      A:0000 X:000A Y:0000 S:0373 D:0000 DB:7E P:24 V:33  H:154
C60B26 $90 $F7         BCC $C60B1F                     A:0000 X:000A Y:0000 S:0373 D:0000 DB:7E P:A4 V:33  H:159
C60B1F $9E $18 $36     STZ $3618,X [7E3622] = $00      A:0000 X:000A Y:0000 S:0373 D:0000 DB:7E P:A4 V:33  H:163
C60B22 $E8             INX                             A:0000 X:000A Y:0000 S:0373 D:0000 DB:7E P:A4 V:33  H:171
C60B23 $E0 $10 $00     CPX #$0010                      A:0000 X:000B Y:0000 S:0373 D:0000 DB:7E P:24 V:33  H:174
C60B26 $90 $F7         BCC $C60B1F                     A:0000 X:000B Y:0000 S:0373 D:0000 DB:7E P:A4 V:33  H:179
C60B1F $9E $18 $36     STZ $3618,X [7E3623] = $00      A:0000 X:000B Y:0000 S:0373 D:0000 DB:7E P:A4 V:33  H:183
C60B22 $E8             INX                             A:0000 X:000B Y:0000 S:0373 D:0000 DB:7E P:A4 V:33  H:191
C60B23 $E0 $10 $00     CPX #$0010                      A:0000 X:000C Y:0000 S:0373 D:0000 DB:7E P:24 V:33  H:194
C60B26 $90 $F7         BCC $C60B1F                     A:0000 X:000C Y:0000 S:0373 D:0000 DB:7E P:A4 V:33  H:199
C60B1F $9E $18 $36     STZ $3618,X [7E3624] = $00      A:0000 X:000C Y:0000 S:0373 D:0000 DB:7E P:A4 V:33  H:203
C60B22 $E8             INX                             A:0000 X:000C Y:0000 S:0373 D:0000 DB:7E P:A4 V:33  H:211
C60B23 $E0 $10 $00     CPX #$0010                      A:0000 X:000D Y:0000 S:0373 D:0000 DB:7E P:24 V:33  H:214
C60B26 $90 $F7         BCC $C60B1F                     A:0000 X:000D Y:0000 S:0373 D:0000 DB:7E P:A4 V:33  H:219
C60B1F $9E $18 $36     STZ $3618,X [7E3625] = $00      A:0000 X:000D Y:0000 S:0373 D:0000 DB:7E P:A4 V:33  H:223
C60B22 $E8             INX                             A:0000 X:000D Y:0000 S:0373 D:0000 DB:7E P:A4 V:33  H:231
C60B23 $E0 $10 $00     CPX #$0010                      A:0000 X:000E Y:0000 S:0373 D:0000 DB:7E P:24 V:33  H:234
C60B26 $90 $F7         BCC $C60B1F                     A:0000 X:000E Y:0000 S:0373 D:0000 DB:7E P:A4 V:33  H:239
C60B1F $9E $18 $36     STZ $3618,X [7E3626] = $00      A:0000 X:000E Y:0000 S:0373 D:0000 DB:7E P:A4 V:33  H:243
C60B22 $E8             INX                             A:0000 X:000E Y:0000 S:0373 D:0000 DB:7E P:A4 V:33  H:251
C60B23 $E0 $10 $00     CPX #$0010                      A:0000 X:000F Y:0000 S:0373 D:0000 DB:7E P:24 V:33  H:254
C60B26 $90 $F7         BCC $C60B1F                     A:0000 X:000F Y:0000 S:0373 D:0000 DB:7E P:A4 V:33  H:259
C60B1F $9E $18 $36     STZ $3618,X [7E3627] = $00      A:0000 X:000F Y:0000 S:0373 D:0000 DB:7E P:A4 V:33  H:263
C60B22 $E8             INX                             A:0000 X:000F Y:0000 S:0373 D:0000 DB:7E P:A4 V:33  H:271
C60B23 $E0 $10 $00     CPX #$0010                      A:0000 X:0010 Y:0000 S:0373 D:0000 DB:7E P:24 V:33  H:274
C60B26 $90 $F7         BCC $C60B1F                     A:0000 X:0010 Y:0000 S:0373 D:0000 DB:7E P:27 V:33  H:295
C60B28 $C2 $20         REP #$20                        A:0000 X:0010 Y:0000 S:0373 D:0000 DB:7E P:27 V:33  H:298
C60B2A $60             RTS                             A:0000 X:0010 Y:0000 S:0373 D:0000 DB:7E P:07 V:33  H:303
C60AE5 $20 $2B $0B     JSR $0B2B [C60B2B] = $F7AE      A:0000 X:0010 Y:0000 S:0375 D:0000 DB:7E P:07 V:33  H:313
C60B2B $AE $F7 $99     LDX $99F7 [7E99F7] = $0008      A:0000 X:0010 Y:0000 S:0373 D:0000 DB:7E P:07 V:33  H:323
C60B2E $22 $72 $05 $C9 JSL $C90572                     A:0000 X:0008 Y:0000 S:0373 D:0000 DB:7E P:05 V:33  H:330
C90572 $08             PHP                             A:0000 X:0008 Y:0000 S:0370 D:0000 DB:7E P:05 V:34  H:4  
C90573 $8B             PHB                             A:0000 X:0008 Y:0000 S:036F D:0000 DB:7E P:05 V:34  H:9  
C90574 $78             SEI                             A:0000 X:0008 Y:0000 S:036E D:0000 DB:7E P:05 V:34  H:14 
C90575 $C2 $30         REP #$30                        A:0000 X:0008 Y:0000 S:036E D:0000 DB:7E P:05 V:34  H:17 
C90577 $48             PHA                             A:0000 X:0008 Y:0000 S:036E D:0000 DB:7E P:05 V:34  H:21 
C90578 $DA             PHX                             A:0000 X:0008 Y:0000 S:036C D:0000 DB:7E P:05 V:34  H:28 
C90579 $5A             PHY                             A:0000 X:0008 Y:0000 S:036A D:0000 DB:7E P:05 V:34  H:35 
C9057A $86 $40         STX $40 [000040] = $0001        A:0000 X:0008 Y:0000 S:0368 D:0000 DB:7E P:05 V:34  H:42 
C9057C $E2 $30         SEP #$30                        A:0000 X:0008 Y:0000 S:0368 D:0000 DB:7E P:05 V:34  H:49 
C9057E $A3 $0B         LDA $0B,S [000373] = $C6        A:0000 X:0008 Y:0000 S:0368 D:0000 DB:7E P:35 V:34  H:54 
C90580 $48             PHA                             A:00C6 X:0008 Y:0000 S:0368 D:0000 DB:7E P:B5 V:34  H:60 
C90581 $AB             PLB                             A:00C6 X:0008 Y:0000 S:0367 D:0000 DB:7E P:B5 V:34  H:65 
C90582 $A0 $01         LDY #$01                        A:00C6 X:0008 Y:0000 S:0368 D:0000 DB:C6 P:B5 V:34  H:72 
C90584 $B3 $09         LDA ($09,S),Y [C60B32] = $00    A:00C6 X:0008 Y:0001 S:0368 D:0000 DB:C6 P:35 V:34  H:75 
C90586 $F0 $03         BEQ $C9058B                     A:0000 X:0008 Y:0001 S:0368 D:0000 DB:C6 P:37 V:34  H:86 
C9058B $C2 $20         REP #$20                        A:0000 X:0008 Y:0001 S:0368 D:0000 DB:C6 P:37 V:34  H:91 
C9058D $A0 $02         LDY #$02                        A:0000 X:0008 Y:0001 S:0368 D:0000 DB:C6 P:17 V:34  H:95 
C9058F $B3 $09         LDA ($09,S),Y [C60B33] = $0009  A:0000 X:0008 Y:0002 S:0368 D:0000 DB:C6 P:15 V:34  H:98 
C90591 $A2 $40         LDX #$40                        A:0009 X:0008 Y:0002 S:0368 D:0000 DB:C6 P:15 V:34  H:111
C90593 $22 $46 $11 $C0 JSL $C01146                     A:0009 X:0040 Y:0002 S:0368 D:0000 DB:C6 P:15 V:34  H:114
C01146 $08             PHP                             A:0009 X:0040 Y:0002 S:0365 D:0000 DB:C6 P:15 V:34  H:128
C01147 $E2 $20         SEP #$20                        A:0009 X:0040 Y:0002 S:0364 D:0000 DB:C6 P:15 V:34  H:133
C01149 $48             PHA                             A:0009 X:0040 Y:0002 S:0364 D:0000 DB:C6 P:35 V:34  H:147
C0114A $EB             XBA                             A:0009 X:0040 Y:0002 S:0363 D:0000 DB:C6 P:35 V:34  H:152
C0114B $48             PHA                             A:0900 X:0040 Y:0002 S:0363 D:0000 DB:C6 P:37 V:34  H:157
C0114C $B5 $01         LDA $01,X [000041] = $00        A:0900 X:0040 Y:0002 S:0362 D:0000 DB:C6 P:37 V:34  H:162
C0114E $48             PHA                             A:0900 X:0040 Y:0002 S:0362 D:0000 DB:C6 P:37 V:34  H:168
C0114F $A3 $03         LDA $03,S [000364] = $09        A:0900 X:0040 Y:0002 S:0361 D:0000 DB:C6 P:37 V:34  H:173
C01151 $EB             XBA                             A:0909 X:0040 Y:0002 S:0361 D:0000 DB:C6 P:35 V:34  H:180
C01152 $B5 $00         LDA $00,X [000040] = $08        A:0909 X:0040 Y:0002 S:0361 D:0000 DB:C6 P:35 V:34  H:184
C01154 $48             PHA                             A:0908 X:0040 Y:0002 S:0361 D:0000 DB:C6 P:35 V:34  H:191
C01155 $8F $02 $42 $00 STA $004202                     A:0908 X:0040 Y:0002 S:0360 D:0000 DB:C6 P:35 V:34  H:196
C01159 $EB             XBA                             A:0908 X:0040 Y:0002 S:0360 D:0000 DB:C6 P:35 V:34  H:203
C0115A $8F $03 $42 $00 STA $004203                     A:0809 X:0040 Y:0002 S:0360 D:0000 DB:C6 P:35 V:34  H:208
C0115E $EA             NOP                             A:0809 X:0040 Y:0002 S:0360 D:0000 DB:C6 P:35 V:34  H:215
C0115F $EA             NOP                             A:0809 X:0040 Y:0002 S:0360 D:0000 DB:C6 P:35 V:34  H:218
C01160 $EA             NOP                             A:0809 X:0040 Y:0002 S:0360 D:0000 DB:C6 P:35 V:34  H:221
C01161 $EA             NOP                             A:0809 X:0040 Y:0002 S:0360 D:0000 DB:C6 P:35 V:34  H:224
C01162 $AF $16 $42 $00 LDA $004216                     A:0809 X:0040 Y:0002 S:0360 D:0000 DB:C6 P:35 V:34  H:227
C01166 $95 $00         STA $00,X [000040] = $08        A:0848 X:0040 Y:0002 S:0360 D:0000 DB:C6 P:35 V:34  H:235
C01168 $AF $17 $42 $00 LDA $004217                     A:0848 X:0040 Y:0002 S:0360 D:0000 DB:C6 P:35 V:34  H:241
C0116C $95 $01         STA $01,X [000041] = $00        A:0800 X:0040 Y:0002 S:0360 D:0000 DB:C6 P:37 V:34  H:249
C0116E $68             PLA                             A:0800 X:0040 Y:0002 S:0360 D:0000 DB:C6 P:37 V:34  H:255
C0116F $EB             XBA                             A:0808 X:0040 Y:0002 S:0361 D:0000 DB:C6 P:35 V:34  H:262
C01170 $A3 $02         LDA $02,S [000363] = $00        A:0808 X:0040 Y:0002 S:0361 D:0000 DB:C6 P:35 V:34  H:266
C01172 $8F $02 $42 $00 STA $004202                     A:0800 X:0040 Y:0002 S:0361 D:0000 DB:C6 P:37 V:34  H:273
C01176 $EB             XBA                             A:0800 X:0040 Y:0002 S:0361 D:0000 DB:C6 P:37 V:34  H:297
C01177 $8F $03 $42 $00 STA $004203                     A:0008 X:0040 Y:0002 S:0361 D:0000 DB:C6 P:35 V:34  H:301
C0117B $EA             NOP                             A:0008 X:0040 Y:0002 S:0361 D:0000 DB:C6 P:35 V:34  H:309
C0117C $EA             NOP                             A:0008 X:0040 Y:0002 S:0361 D:0000 DB:C6 P:35 V:34  H:312
C0117D $EA             NOP                             A:0008 X:0040 Y:0002 S:0361 D:0000 DB:C6 P:35 V:34  H:315
C0117E $EA             NOP                             A:0008 X:0040 Y:0002 S:0361 D:0000 DB:C6 P:35 V:34  H:318
C0117F $AF $16 $42 $00 LDA $004216                     A:0008 X:0040 Y:0002 S:0361 D:0000 DB:C6 P:35 V:34  H:321
C01183 $18             CLC                             A:0000 X:0040 Y:0002 S:0361 D:0000 DB:C6 P:37 V:34  H:327
C01184 $75 $01         ADC $01,X [000041] = $00        A:0000 X:0040 Y:0002 S:0361 D:0000 DB:C6 P:36 V:34  H:330
C01186 $95 $01         STA $01,X [000041] = $00        A:0000 X:0040 Y:0002 S:0361 D:0000 DB:C6 P:36 V:34  H:337
C01188 $AF $17 $42 $00 LDA $004217                     A:0000 X:0040 Y:0002 S:0361 D:0000 DB:C6 P:36 V:35  H:3  
C0118C $69 $00         ADC #$00                        A:0000 X:0040 Y:0002 S:0361 D:0000 DB:C6 P:36 V:35  H:11 
C0118E $95 $02         STA $02,X [000042] = $02        A:0000 X:0040 Y:0002 S:0361 D:0000 DB:C6 P:36 V:35  H:14 
C01190 $A3 $01         LDA $01,S [000362] = $00        A:0000 X:0040 Y:0002 S:0361 D:0000 DB:C6 P:36 V:35  H:20 
C01192 $EB             XBA                             A:0000 X:0040 Y:0002 S:0361 D:0000 DB:C6 P:36 V:35  H:27 
C01193 $A3 $03         LDA $03,S [000364] = $09        A:0000 X:0040 Y:0002 S:0361 D:0000 DB:C6 P:36 V:35  H:31 
C01195 $8F $02 $42 $00 STA $004202                     A:0009 X:0040 Y:0002 S:0361 D:0000 DB:C6 P:34 V:35  H:38 
C01199 $EB             XBA                             A:0009 X:0040 Y:0002 S:0361 D:0000 DB:C6 P:34 V:35  H:45 
C0119A $8F $03 $42 $00 STA $004203                     A:0900 X:0040 Y:0002 S:0361 D:0000 DB:C6 P:36 V:35  H:50 
C0119E $EA             NOP                             A:0900 X:0040 Y:0002 S:0361 D:0000 DB:C6 P:36 V:35  H:57 
C0119F $EA             NOP                             A:0900 X:0040 Y:0002 S:0361 D:0000 DB:C6 P:36 V:35  H:60 
C011A0 $EA             NOP                             A:0900 X:0040 Y:0002 S:0361 D:0000 DB:C6 P:36 V:35  H:63 
C011A1 $EA             NOP                             A:0900 X:0040 Y:0002 S:0361 D:0000 DB:C6 P:36 V:35  H:66 
C011A2 $AF $16 $42 $00 LDA $004216                     A:0900 X:0040 Y:0002 S:0361 D:0000 DB:C6 P:36 V:35  H:69 
C011A6 $18             CLC                             A:0900 X:0040 Y:0002 S:0361 D:0000 DB:C6 P:36 V:35  H:77 
C011A7 $75 $01         ADC $01,X [000041] = $00        A:0900 X:0040 Y:0002 S:0361 D:0000 DB:C6 P:36 V:35  H:80 
C011A9 $95 $01         STA $01,X [000041] = $00        A:0900 X:0040 Y:0002 S:0361 D:0000 DB:C6 P:36 V:35  H:86 
C011AB $AF $17 $42 $00 LDA $004217                     A:0900 X:0040 Y:0002 S:0361 D:0000 DB:C6 P:36 V:35  H:93 
C011AF $75 $02         ADC $02,X [000042] = $00        A:0900 X:0040 Y:0002 S:0361 D:0000 DB:C6 P:36 V:35  H:100
C011B1 $95 $02         STA $02,X [000042] = $00        A:0900 X:0040 Y:0002 S:0361 D:0000 DB:C6 P:36 V:35  H:107
C011B3 $A9 $00         LDA #$00                        A:0900 X:0040 Y:0002 S:0361 D:0000 DB:C6 P:36 V:35  H:113
C011B5 $2A             ROL                             A:0900 X:0040 Y:0002 S:0361 D:0000 DB:C6 P:36 V:35  H:116
C011B6 $95 $03         STA $03,X [000043] = $00        A:0900 X:0040 Y:0002 S:0361 D:0000 DB:C6 P:36 V:35  H:119
C011B8 $A3 $01         LDA $01,S [000362] = $00        A:0900 X:0040 Y:0002 S:0361 D:0000 DB:C6 P:36 V:35  H:126
C011BA $EB             XBA                             A:0900 X:0040 Y:0002 S:0361 D:0000 DB:C6 P:36 V:35  H:132
C011BB $A3 $02         LDA $02,S [000363] = $00        A:0009 X:0040 Y:0002 S:0361 D:0000 DB:C6 P:34 V:35  H:147
C011BD $8F $02 $42 $00 STA $004202                     A:0000 X:0040 Y:0002 S:0361 D:0000 DB:C6 P:36 V:35  H:153
C011C1 $EB             XBA                             A:0000 X:0040 Y:0002 S:0361 D:0000 DB:C6 P:36 V:35  H:161
C011C2 $8F $03 $42 $00 STA $004203                     A:0000 X:0040 Y:0002 S:0361 D:0000 DB:C6 P:36 V:35  H:165
C011C6 $EA             NOP                             A:0000 X:0040 Y:0002 S:0361 D:0000 DB:C6 P:36 V:35  H:173
C011C7 $EA             NOP                             A:0000 X:0040 Y:0002 S:0361 D:0000 DB:C6 P:36 V:35  H:176
C011C8 $EA             NOP                             A:0000 X:0040 Y:0002 S:0361 D:0000 DB:C6 P:36 V:35  H:179
C011C9 $EA             NOP                             A:0000 X:0040 Y:0002 S:0361 D:0000 DB:C6 P:36 V:35  H:182
C011CA $AF $16 $42 $00 LDA $004216                     A:0000 X:0040 Y:0002 S:0361 D:0000 DB:C6 P:36 V:35  H:185
C011CE $18             CLC                             A:0000 X:0040 Y:0002 S:0361 D:0000 DB:C6 P:36 V:35  H:192
C011CF $75 $02         ADC $02,X [000042] = $00        A:0000 X:0040 Y:0002 S:0361 D:0000 DB:C6 P:36 V:35  H:195
C011D1 $95 $02         STA $02,X [000042] = $00        A:0000 X:0040 Y:0002 S:0361 D:0000 DB:C6 P:36 V:35  H:202
C011D3 $AF $17 $42 $00 LDA $004217                     A:0000 X:0040 Y:0002 S:0361 D:0000 DB:C6 P:36 V:35  H:208
C011D7 $75 $03         ADC $03,X [000043] = $00        A:0000 X:0040 Y:0002 S:0361 D:0000 DB:C6 P:36 V:35  H:216
C011D9 $95 $03         STA $03,X [000043] = $00        A:0000 X:0040 Y:0002 S:0361 D:0000 DB:C6 P:36 V:35  H:222
C011DB $68             PLA                             A:0000 X:0040 Y:0002 S:0361 D:0000 DB:C6 P:36 V:35  H:229
C011DC $68             PLA                             A:0000 X:0040 Y:0002 S:0362 D:0000 DB:C6 P:36 V:35  H:235
C011DD $EB             XBA                             A:0000 X:0040 Y:0002 S:0363 D:0000 DB:C6 P:36 V:35  H:242
C011DE $68             PLA                             A:0000 X:0040 Y:0002 S:0363 D:0000 DB:C6 P:36 V:35  H:246
C011DF $28             PLP                             A:0009 X:0040 Y:0002 S:0364 D:0000 DB:C6 P:34 V:35  H:253
C011E0 $6B             RTL                             A:0009 X:0040 Y:0002 S:0365 D:0000 DB:C6 P:15 V:35  H:259
C90597 $A0 $04         LDY #$04                        A:0009 X:0040 Y:0002 S:0368 D:0000 DB:C6 P:15 V:35  H:270
C90599 $B3 $09         LDA ($09,S),Y [C60B35] = $A6D4  A:0009 X:0040 Y:0004 S:0368 D:0000 DB:C6 P:15 V:35  H:273
C9059B $A0 $07         LDY #$07                        A:A6D4 X:0040 Y:0004 S:0368 D:0000 DB:C6 P:95 V:35  H:304
C9059D $18             CLC                             A:A6D4 X:0040 Y:0007 S:0368 D:0000 DB:C6 P:15 V:35  H:307
C9059E $73 $09         ADC ($09,S),Y [C60B38] = $0000  A:A6D4 X:0040 Y:0007 S:0368 D:0000 DB:C6 P:14 V:35  H:310
C905A0 $90 $03         BCC $C905A5                     A:A6D4 X:0040 Y:0007 S:0368 D:0000 DB:C6 P:94 V:35  H:323
C905A5 $65 $40         ADC $40 [000040] = $0048        A:A6D4 X:0040 Y:0007 S:0368 D:0000 DB:C6 P:94 V:35  H:327
C905A7 $85 $40         STA $40 [000040] = $0048        A:A71C X:0040 Y:0007 S:0368 D:0000 DB:C6 P:94 V:35  H:333
C905A9 $90 $02         BCC $C905AD                     A:A71C X:0040 Y:0007 S:0368 D:0000 DB:C6 P:94 V:36  H:0  
C905AD $E2 $20         SEP #$20                        A:A71C X:0040 Y:0007 S:0368 D:0000 DB:C6 P:94 V:36  H:5  
C905AF $A0 $06         LDY #$06                        A:A71C X:0040 Y:0007 S:0368 D:0000 DB:C6 P:B4 V:36  H:9  
C905B1 $B3 $09         LDA ($09,S),Y [C60B37] = $C8    A:A71C X:0040 Y:0006 S:0368 D:0000 DB:C6 P:34 V:36  H:12 
C905B3 $18             CLC                             A:A7C8 X:0040 Y:0006 S:0368 D:0000 DB:C6 P:B4 V:36  H:24 
C905B4 $65 $42         ADC $42 [000042] = $00          A:A7C8 X:0040 Y:0006 S:0368 D:0000 DB:C6 P:B4 V:36  H:27 
C905B6 $85 $42         STA $42 [000042] = $00          A:A7C8 X:0040 Y:0006 S:0368 D:0000 DB:C6 P:B4 V:36  H:32 
C905B8 $C2 $30         REP #$30                        A:A7C8 X:0040 Y:0006 S:0368 D:0000 DB:C6 P:B4 V:36  H:37 
C905BA $A7 $40         LDA [$40] [C8A71C] = $0011      A:A7C8 X:0040 Y:0006 S:0368 D:0000 DB:C6 P:84 V:36  H:41 
C905BC $AA             TAX                             A:0011 X:0040 Y:0006 S:0368 D:0000 DB:C6 P:04 V:36  H:53 
C905BD $A0 $01 $00     LDY #$0001                      A:0011 X:0011 Y:0006 S:0368 D:0000 DB:C6 P:04 V:36  H:56 
C905C0 $B7 $40         LDA [$40],Y [C8A71D] = $0200    A:0011 X:0011 Y:0001 S:0368 D:0000 DB:C6 P:04 V:36  H:61 
C905C2 $85 $41         STA $41 [000041] = $C8A7        A:0200 X:0011 Y:0001 S:0368 D:0000 DB:C6 P:04 V:36  H:73 
C905C4 $8A             TXA                             A:0200 X:0011 Y:0001 S:0368 D:0000 DB:C6 P:04 V:36  H:80 
C905C5 $85 $40         STA $40 [000040] = $001C        A:0011 X:0011 Y:0001 S:0368 D:0000 DB:C6 P:04 V:36  H:83 
C905C7 $A0 $0A $00     LDY #$000A                      A:0011 X:0011 Y:0001 S:0368 D:0000 DB:C6 P:04 V:36  H:90 
C905CA $B3 $09         LDA ($09,S),Y [C60B3B] = $0000  A:0011 X:0011 Y:000A S:0368 D:0000 DB:C6 P:04 V:36  H:94 
C905CC $29 $00 $FF     AND #$FF00                      A:0000 X:0011 Y:000A S:0368 D:0000 DB:C6 P:06 V:36  H:107
C905CF $D0 $14         BNE $C905E5                     A:0000 X:0011 Y:000A S:0368 D:0000 DB:C6 P:06 V:36  H:112
C905D1 $A5 $40         LDA $40 [000040] = $0011        A:0000 X:0011 Y:000A S:0368 D:0000 DB:C6 P:06 V:36  H:115
C905D3 $A0 $09 $00     LDY #$0009                      A:0011 X:0011 Y:000A S:0368 D:0000 DB:C6 P:04 V:36  H:122
C905D6 $33 $09         AND ($09,S),Y [C60B3A] = $000F  A:0011 X:0011 Y:0009 S:0368 D:0000 DB:C6 P:04 V:36  H:126
C905D8 $85 $40         STA $40 [000040] = $0011        A:0001 X:0011 Y:0009 S:0368 D:0000 DB:C6 P:04 V:36  H:149
C905DA $B3 $09         LDA ($09,S),Y [C60B3A] = $000F  A:0001 X:0011 Y:0009 S:0368 D:0000 DB:C6 P:04 V:36  H:156
C905DC $F0 $22         BEQ $C90600                     A:000F X:0011 Y:0009 S:0368 D:0000 DB:C6 P:04 V:36  H:169
C905DE $4A             LSR                             A:000F X:0011 Y:0009 S:0368 D:0000 DB:C6 P:04 V:36  H:172
C905DF $B0 $1F         BCS $C90600                     A:0007 X:0011 Y:0009 S:0368 D:0000 DB:C6 P:05 V:36  H:175
C90600 $A3 $09         LDA $09,S [000371] = $0B31      A:0007 X:0011 Y:0009 S:0368 D:0000 DB:C6 P:05 V:36  H:180
C90602 $18             CLC                             A:0B31 X:0011 Y:0009 S:0368 D:0000 DB:C6 P:05 V:36  H:188
C90603 $69 $0B $00     ADC #$000B                      A:0B31 X:0011 Y:0009 S:0368 D:0000 DB:C6 P:04 V:36  H:191
C90606 $83 $09         STA $09,S [000371] = $0B31      A:0B3C X:0011 Y:0009 S:0368 D:0000 DB:C6 P:04 V:36  H:196
C90608 $7A             PLY                             A:0B3C X:0011 Y:0009 S:0368 D:0000 DB:C6 P:04 V:36  H:204
C90609 $FA             PLX                             A:0B3C X:0011 Y:0000 S:036A D:0000 DB:C6 P:06 V:36  H:213
C9060A $68             PLA                             A:0B3C X:0008 Y:0000 S:036C D:0000 DB:C6 P:04 V:36  H:221
C9060B $AB             PLB                             A:0000 X:0008 Y:0000 S:036E D:0000 DB:C6 P:06 V:36  H:230
C9060C $28             PLP                             A:0000 X:0008 Y:0000 S:036F D:0000 DB:7E P:04 V:36  H:236
C9060D $A5 $40         LDA $40 [000040] = $0001        A:0000 X:0008 Y:0000 S:0370 D:0000 DB:7E P:05 V:36  H:243
C9060F $6B             RTL                             A:0001 X:0008 Y:0000 S:0370 D:0000 DB:7E P:05 V:36  H:250
C60B3D $C9 $02 $00     CMP #$0002                      A:0001 X:0008 Y:0000 S:0373 D:0000 DB:7E P:05 V:36  H:260
C60B40 $D0 $14         BNE $C60B56                     A:0001 X:0008 Y:0000 S:0373 D:0000 DB:7E P:84 V:36  H:265
C60B56 $60             RTS                             A:0001 X:0008 Y:0000 S:0373 D:0000 DB:7E P:84 V:36  H:269
C60AE8 $A9 $FF $FF     LDA #$FFFF                      A:0001 X:0008 Y:0000 S:0375 D:0000 DB:7E P:84 V:36  H:294
C60AEB $8D $57 $C3     STA $C357 [7EC357] = $FFFF      A:FFFF X:0008 Y:0000 S:0375 D:0000 DB:7E P:84 V:36  H:299
C60AEE $60             RTS                             A:FFFF X:0008 Y:0000 S:0375 D:0000 DB:7E P:84 V:36  H:307
C609E3 $22 $5E $8D $C0 JSL $C08D5E                     A:FFFF X:0008 Y:0000 S:0377 D:0000 DB:7E P:84 V:36  H:317
C08D5E $08             PHP                             A:FFFF X:0008 Y:0000 S:0374 D:0000 DB:7E P:84 V:36  H:330
C08D5F $C2 $30         REP #$30                        A:FFFF X:0008 Y:0000 S:0373 D:0000 DB:7E P:84 V:36  H:335
C08D61 $48             PHA                             A:FFFF X:0008 Y:0000 S:0373 D:0000 DB:7E P:84 V:36  H:339
C08D62 $DA             PHX                             A:FFFF X:0008 Y:0000 S:0371 D:0000 DB:7E P:84 V:37  H:6  
C08D63 $5A             PHY                             A:FFFF X:0008 Y:0000 S:036F D:0000 DB:7E P:84 V:37  H:13 
C08D64 $8B             PHB                             A:FFFF X:0008 Y:0000 S:036D D:0000 DB:7E P:84 V:37  H:20 
C08D65 $F4 $7E $7E     PEA #$7E7E                      A:FFFF X:0008 Y:0000 S:036C D:0000 DB:7E P:84 V:37  H:25 
C08D68 $AB             PLB                             A:FFFF X:0008 Y:0000 S:036A D:0000 DB:7E P:84 V:37  H:34 
C08D69 $AB             PLB                             A:FFFF X:0008 Y:0000 S:036B D:0000 DB:7E P:04 V:37  H:40 
C08D6A $A2 $00 $00     LDX #$0000                      A:FFFF X:0008 Y:0000 S:036C D:0000 DB:7E P:04 V:37  H:47 
C08D6D $9E $42 $7C     STZ $7C42,X [7E7C42] = $0000    A:FFFF X:0000 Y:0000 S:036C D:0000 DB:7E P:06 V:37  H:51 
C08D70 $E8             INX                             A:FFFF X:0000 Y:0000 S:036C D:0000 DB:7E P:06 V:37  H:61 
C08D71 $E8             INX                             A:FFFF X:0001 Y:0000 S:036C D:0000 DB:7E P:04 V:37  H:64 
C08D72 $E0 $40 $00     CPX #$0040                      A:FFFF X:0002 Y:0000 S:036C D:0000 DB:7E P:04 V:37  H:67 
C08D75 $90 $F6         BCC $C08D6D                     A:FFFF X:0002 Y:0000 S:036C D:0000 DB:7E P:84 V:37  H:72 
C08D6D $9E $42 $7C     STZ $7C42,X [7E7C44] = $0000    A:FFFF X:0002 Y:0000 S:036C D:0000 DB:7E P:84 V:37  H:76 
C08D70 $E8             INX                             A:FFFF X:0002 Y:0000 S:036C D:0000 DB:7E P:84 V:37  H:86 
C08D71 $E8             INX                             A:FFFF X:0003 Y:0000 S:036C D:0000 DB:7E P:04 V:37  H:89 
C08D72 $E0 $40 $00     CPX #$0040                      A:FFFF X:0004 Y:0000 S:036C D:0000 DB:7E P:04 V:37  H:92 
C08D75 $90 $F6         BCC $C08D6D                     A:FFFF X:0004 Y:0000 S:036C D:0000 DB:7E P:84 V:37  H:97 
C08D6D $9E $42 $7C     STZ $7C42,X [7E7C46] = $0000    A:FFFF X:0004 Y:0000 S:036C D:0000 DB:7E P:84 V:37  H:101
C08D70 $E8             INX                             A:FFFF X:0004 Y:0000 S:036C D:0000 DB:7E P:84 V:37  H:111
C08D71 $E8             INX                             A:FFFF X:0005 Y:0000 S:036C D:0000 DB:7E P:04 V:37  H:114
C08D72 $E0 $40 $00     CPX #$0040                      A:FFFF X:0006 Y:0000 S:036C D:0000 DB:7E P:04 V:37  H:117
C08D75 $90 $F6         BCC $C08D6D                     A:FFFF X:0006 Y:0000 S:036C D:0000 DB:7E P:84 V:37  H:122
C08D6D $9E $42 $7C     STZ $7C42,X [7E7C48] = $0000    A:FFFF X:0006 Y:0000 S:036C D:0000 DB:7E P:84 V:37  H:126
C08D70 $E8             INX                             A:FFFF X:0006 Y:0000 S:036C D:0000 DB:7E P:84 V:37  H:146
C08D71 $E8             INX                             A:FFFF X:0007 Y:0000 S:036C D:0000 DB:7E P:04 V:37  H:149
C08D72 $E0 $40 $00     CPX #$0040                      A:FFFF X:0008 Y:0000 S:036C D:0000 DB:7E P:04 V:37  H:152
C08D75 $90 $F6         BCC $C08D6D                     A:FFFF X:0008 Y:0000 S:036C D:0000 DB:7E P:84 V:37  H:157
C08D6D $9E $42 $7C     STZ $7C42,X [7E7C4A] = $0000    A:FFFF X:0008 Y:0000 S:036C D:0000 DB:7E P:84 V:37  H:161
C08D70 $E8             INX                             A:FFFF X:0008 Y:0000 S:036C D:0000 DB:7E P:84 V:37  H:171
C08D71 $E8             INX                             A:FFFF X:0009 Y:0000 S:036C D:0000 DB:7E P:04 V:37  H:174
C08D72 $E0 $40 $00     CPX #$0040                      A:FFFF X:000A Y:0000 S:036C D:0000 DB:7E P:04 V:37  H:177
C08D75 $90 $F6         BCC $C08D6D                     A:FFFF X:000A Y:0000 S:036C D:0000 DB:7E P:84 V:37  H:182
C08D6D $9E $42 $7C     STZ $7C42,X [7E7C4C] = $0000    A:FFFF X:000A Y:0000 S:036C D:0000 DB:7E P:84 V:37  H:186
C08D70 $E8             INX                             A:FFFF X:000A Y:0000 S:036C D:0000 DB:7E P:84 V:37  H:196
C08D71 $E8             INX                             A:FFFF X:000B Y:0000 S:036C D:0000 DB:7E P:04 V:37  H:199
C08D72 $E0 $40 $00     CPX #$0040                      A:FFFF X:000C Y:0000 S:036C D:0000 DB:7E P:04 V:37  H:202
C08D75 $90 $F6         BCC $C08D6D                     A:FFFF X:000C Y:0000 S:036C D:0000 DB:7E P:84 V:37  H:207
C08D6D $9E $42 $7C     STZ $7C42,X [7E7C4E] = $0000    A:FFFF X:000C Y:0000 S:036C D:0000 DB:7E P:84 V:37  H:211
C08D70 $E8             INX                             A:FFFF X:000C Y:0000 S:036C D:0000 DB:7E P:84 V:37  H:221
C08D71 $E8             INX                             A:FFFF X:000D Y:0000 S:036C D:0000 DB:7E P:04 V:37  H:224
C08D72 $E0 $40 $00     CPX #$0040                      A:FFFF X:000E Y:0000 S:036C D:0000 DB:7E P:04 V:37  H:227
C08D75 $90 $F6         BCC $C08D6D                     A:FFFF X:000E Y:0000 S:036C D:0000 DB:7E P:84 V:37  H:232
C08D6D $9E $42 $7C     STZ $7C42,X [7E7C50] = $0000    A:FFFF X:000E Y:0000 S:036C D:0000 DB:7E P:84 V:37  H:236
C08D70 $E8             INX                             A:FFFF X:000E Y:0000 S:036C D:0000 DB:7E P:84 V:37  H:246
C08D71 $E8             INX                             A:FFFF X:000F Y:0000 S:036C D:0000 DB:7E P:04 V:37  H:249
C08D72 $E0 $40 $00     CPX #$0040                      A:FFFF X:0010 Y:0000 S:036C D:0000 DB:7E P:04 V:37  H:252
C08D75 $90 $F6         BCC $C08D6D                     A:FFFF X:0010 Y:0000 S:036C D:0000 DB:7E P:84 V:37  H:257
C08D6D $9E $42 $7C     STZ $7C42,X [7E7C52] = $0000    A:FFFF X:0010 Y:0000 S:036C D:0000 DB:7E P:84 V:37  H:261
C08D70 $E8             INX                             A:FFFF X:0010 Y:0000 S:036C D:0000 DB:7E P:84 V:37  H:271
C08D71 $E8             INX                             A:FFFF X:0011 Y:0000 S:036C D:0000 DB:7E P:04 V:37  H:274
C08D72 $E0 $40 $00     CPX #$0040                      A:FFFF X:0012 Y:0000 S:036C D:0000 DB:7E P:04 V:37  H:294
C08D75 $90 $F6         BCC $C08D6D                     A:FFFF X:0012 Y:0000 S:036C D:0000 DB:7E P:84 V:37  H:298
C08D6D $9E $42 $7C     STZ $7C42,X [7E7C54] = $0000    A:FFFF X:0012 Y:0000 S:036C D:0000 DB:7E P:84 V:37  H:303
C08D70 $E8             INX                             A:FFFF X:0012 Y:0000 S:036C D:0000 DB:7E P:84 V:37  H:313
C08D71 $E8             INX                             A:FFFF X:0013 Y:0000 S:036C D:0000 DB:7E P:04 V:37  H:316
C08D72 $E0 $40 $00     CPX #$0040                      A:FFFF X:0014 Y:0000 S:036C D:0000 DB:7E P:04 V:37  H:319
C08D75 $90 $F6         BCC $C08D6D                     A:FFFF X:0014 Y:0000 S:036C D:0000 DB:7E P:84 V:37  H:323
C08D6D $9E $42 $7C     STZ $7C42,X [7E7C56] = $0000    A:FFFF X:0014 Y:0000 S:036C D:0000 DB:7E P:84 V:37  H:327
C08D70 $E8             INX                             A:FFFF X:0014 Y:0000 S:036C D:0000 DB:7E P:84 V:37  H:337
C08D71 $E8             INX                             A:FFFF X:0015 Y:0000 S:036C D:0000 DB:7E P:04 V:38  H:0  
C08D72 $E0 $40 $00     CPX #$0040                      A:FFFF X:0016 Y:0000 S:036C D:0000 DB:7E P:04 V:38  H:3  
C08D75 $90 $F6         BCC $C08D6D                     A:FFFF X:0016 Y:0000 S:036C D:0000 DB:7E P:84 V:38  H:7  
C08D6D $9E $42 $7C     STZ $7C42,X [7E7C58] = $0000    A:FFFF X:0016 Y:0000 S:036C D:0000 DB:7E P:84 V:38  H:12 
C08D70 $E8             INX                             A:FFFF X:0016 Y:0000 S:036C D:0000 DB:7E P:84 V:38  H:22 
C08D71 $E8             INX                             A:FFFF X:0017 Y:0000 S:036C D:0000 DB:7E P:04 V:38  H:25 
C08D72 $E0 $40 $00     CPX #$0040                      A:FFFF X:0018 Y:0000 S:036C D:0000 DB:7E P:04 V:38  H:28 
C08D75 $90 $F6         BCC $C08D6D                     A:FFFF X:0018 Y:0000 S:036C D:0000 DB:7E P:84 V:38  H:32 
C08D6D $9E $42 $7C     STZ $7C42,X [7E7C5A] = $0000    A:FFFF X:0018 Y:0000 S:036C D:0000 DB:7E P:84 V:38  H:37 
C08D70 $E8             INX                             A:FFFF X:0018 Y:0000 S:036C D:0000 DB:7E P:84 V:38  H:47 
C08D71 $E8             INX                             A:FFFF X:0019 Y:0000 S:036C D:0000 DB:7E P:04 V:38  H:50 
C08D72 $E0 $40 $00     CPX #$0040                      A:FFFF X:001A Y:0000 S:036C D:0000 DB:7E P:04 V:38  H:53 
C08D75 $90 $F6         BCC $C08D6D                     A:FFFF X:001A Y:0000 S:036C D:0000 DB:7E P:84 V:38  H:57 
C08D6D $9E $42 $7C     STZ $7C42,X [7E7C5C] = $0000    A:FFFF X:001A Y:0000 S:036C D:0000 DB:7E P:84 V:38  H:62 
C08D70 $E8             INX                             A:FFFF X:001A Y:0000 S:036C D:0000 DB:7E P:84 V:38  H:72 
C08D71 $E8             INX                             A:FFFF X:001B Y:0000 S:036C D:0000 DB:7E P:04 V:38  H:75 
C08D72 $E0 $40 $00     CPX #$0040                      A:FFFF X:001C Y:0000 S:036C D:0000 DB:7E P:04 V:38  H:78 
C08D75 $90 $F6         BCC $C08D6D                     A:FFFF X:001C Y:0000 S:036C D:0000 DB:7E P:84 V:38  H:82 
C08D6D $9E $42 $7C     STZ $7C42,X [7E7C5E] = $0000    A:FFFF X:001C Y:0000 S:036C D:0000 DB:7E P:84 V:38  H:87 
C08D70 $E8             INX                             A:FFFF X:001C Y:0000 S:036C D:0000 DB:7E P:84 V:38  H:97 
C08D71 $E8             INX                             A:FFFF X:001D Y:0000 S:036C D:0000 DB:7E P:04 V:38  H:100
C08D72 $E0 $40 $00     CPX #$0040                      A:FFFF X:001E Y:0000 S:036C D:0000 DB:7E P:04 V:38  H:103
C08D75 $90 $F6         BCC $C08D6D                     A:FFFF X:001E Y:0000 S:036C D:0000 DB:7E P:84 V:38  H:107
C08D6D $9E $42 $7C     STZ $7C42,X [7E7C60] = $0000    A:FFFF X:001E Y:0000 S:036C D:0000 DB:7E P:84 V:38  H:112
C08D70 $E8             INX                             A:FFFF X:001E Y:0000 S:036C D:0000 DB:7E P:84 V:38  H:122
C08D71 $E8             INX                             A:FFFF X:001F Y:0000 S:036C D:0000 DB:7E P:04 V:38  H:125
C08D72 $E0 $40 $00     CPX #$0040                      A:FFFF X:0020 Y:0000 S:036C D:0000 DB:7E P:04 V:38  H:128
C08D75 $90 $F6         BCC $C08D6D                     A:FFFF X:0020 Y:0000 S:036C D:0000 DB:7E P:84 V:38  H:132
C08D6D $9E $42 $7C     STZ $7C42,X [7E7C62] = $0000    A:FFFF X:0020 Y:0000 S:036C D:0000 DB:7E P:84 V:38  H:147
C08D70 $E8             INX                             A:FFFF X:0020 Y:0000 S:036C D:0000 DB:7E P:84 V:38  H:157
C08D71 $E8             INX                             A:FFFF X:0021 Y:0000 S:036C D:0000 DB:7E P:04 V:38  H:160
C08D72 $E0 $40 $00     CPX #$0040                      A:FFFF X:0022 Y:0000 S:036C D:0000 DB:7E P:04 V:38  H:163
C08D75 $90 $F6         BCC $C08D6D                     A:FFFF X:0022 Y:0000 S:036C D:0000 DB:7E P:84 V:38  H:167
C08D6D $9E $42 $7C     STZ $7C42,X [7E7C64] = $0000    A:FFFF X:0022 Y:0000 S:036C D:0000 DB:7E P:84 V:38  H:172
C08D70 $E8             INX                             A:FFFF X:0022 Y:0000 S:036C D:0000 DB:7E P:84 V:38  H:182
C08D71 $E8             INX                             A:FFFF X:0023 Y:0000 S:036C D:0000 DB:7E P:04 V:38  H:185
C08D72 $E0 $40 $00     CPX #$0040                      A:FFFF X:0024 Y:0000 S:036C D:0000 DB:7E P:04 V:38  H:188
C08D75 $90 $F6         BCC $C08D6D                     A:FFFF X:0024 Y:0000 S:036C D:0000 DB:7E P:84 V:38  H:192
C08D6D $9E $42 $7C     STZ $7C42,X [7E7C66] = $0000    A:FFFF X:0024 Y:0000 S:036C D:0000 DB:7E P:84 V:38  H:197
C08D70 $E8             INX                             A:FFFF X:0024 Y:0000 S:036C D:0000 DB:7E P:84 V:38  H:207
C08D71 $E8             INX                             A:FFFF X:0025 Y:0000 S:036C D:0000 DB:7E P:04 V:38  H:210
C08D72 $E0 $40 $00     CPX #$0040                      A:FFFF X:0026 Y:0000 S:036C D:0000 DB:7E P:04 V:38  H:213
C08D75 $90 $F6         BCC $C08D6D                     A:FFFF X:0026 Y:0000 S:036C D:0000 DB:7E P:84 V:38  H:217
C08D6D $9E $42 $7C     STZ $7C42,X [7E7C68] = $0000    A:FFFF X:0026 Y:0000 S:036C D:0000 DB:7E P:84 V:38  H:222
C08D70 $E8             INX                             A:FFFF X:0026 Y:0000 S:036C D:0000 DB:7E P:84 V:38  H:232
C08D71 $E8             INX                             A:FFFF X:0027 Y:0000 S:036C D:0000 DB:7E P:04 V:38  H:235
C08D72 $E0 $40 $00     CPX #$0040                      A:FFFF X:0028 Y:0000 S:036C D:0000 DB:7E P:04 V:38  H:238
C08D75 $90 $F6         BCC $C08D6D                     A:FFFF X:0028 Y:0000 S:036C D:0000 DB:7E P:84 V:38  H:242
C08D6D $9E $42 $7C     STZ $7C42,X [7E7C6A] = $0000    A:FFFF X:0028 Y:0000 S:036C D:0000 DB:7E P:84 V:38  H:247
C08D70 $E8             INX                             A:FFFF X:0028 Y:0000 S:036C D:0000 DB:7E P:84 V:38  H:257
C08D71 $E8             INX                             A:FFFF X:0029 Y:0000 S:036C D:0000 DB:7E P:04 V:38  H:260
C08D72 $E0 $40 $00     CPX #$0040                      A:FFFF X:002A Y:0000 S:036C D:0000 DB:7E P:04 V:38  H:263
C08D75 $90 $F6         BCC $C08D6D                     A:FFFF X:002A Y:0000 S:036C D:0000 DB:7E P:84 V:38  H:267
C08D6D $9E $42 $7C     STZ $7C42,X [7E7C6C] = $0000    A:FFFF X:002A Y:0000 S:036C D:0000 DB:7E P:84 V:38  H:272
C08D70 $E8             INX                             A:FFFF X:002A Y:0000 S:036C D:0000 DB:7E P:84 V:38  H:298
C08D71 $E8             INX                             A:FFFF X:002B Y:0000 S:036C D:0000 DB:7E P:04 V:38  H:301
C08D72 $E0 $40 $00     CPX #$0040                      A:FFFF X:002C Y:0000 S:036C D:0000 DB:7E P:04 V:38  H:304
C08D75 $90 $F6         BCC $C08D6D                     A:FFFF X:002C Y:0000 S:036C D:0000 DB:7E P:84 V:38  H:309
C08D6D $9E $42 $7C     STZ $7C42,X [7E7C6E] = $0000    A:FFFF X:002C Y:0000 S:036C D:0000 DB:7E P:84 V:38  H:313
C08D70 $E8             INX                             A:FFFF X:002C Y:0000 S:036C D:0000 DB:7E P:84 V:38  H:323
C08D71 $E8             INX                             A:FFFF X:002D Y:0000 S:036C D:0000 DB:7E P:04 V:38  H:326
C08D72 $E0 $40 $00     CPX #$0040                      A:FFFF X:002E Y:0000 S:036C D:0000 DB:7E P:04 V:38  H:328
C08D75 $90 $F6         BCC $C08D6D                     A:FFFF X:002E Y:0000 S:036C D:0000 DB:7E P:84 V:38  H:333
C08D6D $9E $42 $7C     STZ $7C42,X [7E7C70] = $0000    A:FFFF X:002E Y:0000 S:036C D:0000 DB:7E P:84 V:38  H:337
C08D70 $E8             INX                             A:FFFF X:002E Y:0000 S:036C D:0000 DB:7E P:84 V:39  H:7  
C08D71 $E8             INX                             A:FFFF X:002F Y:0000 S:036C D:0000 DB:7E P:04 V:39  H:10 
C08D72 $E0 $40 $00     CPX #$0040                      A:FFFF X:0030 Y:0000 S:036C D:0000 DB:7E P:04 V:39  H:13 
C08D75 $90 $F6         BCC $C08D6D                     A:FFFF X:0030 Y:0000 S:036C D:0000 DB:7E P:84 V:39  H:18 
C08D6D $9E $42 $7C     STZ $7C42,X [7E7C72] = $0000    A:FFFF X:0030 Y:0000 S:036C D:0000 DB:7E P:84 V:39  H:22 
C08D70 $E8             INX                             A:FFFF X:0030 Y:0000 S:036C D:0000 DB:7E P:84 V:39  H:32 
C08D71 $E8             INX                             A:FFFF X:0031 Y:0000 S:036C D:0000 DB:7E P:04 V:39  H:35 
C08D72 $E0 $40 $00     CPX #$0040                      A:FFFF X:0032 Y:0000 S:036C D:0000 DB:7E P:04 V:39  H:38 
C08D75 $90 $F6         BCC $C08D6D                     A:FFFF X:0032 Y:0000 S:036C D:0000 DB:7E P:84 V:39  H:43 
C08D6D $9E $42 $7C     STZ $7C42,X [7E7C74] = $0000    A:FFFF X:0032 Y:0000 S:036C D:0000 DB:7E P:84 V:39  H:47 
C08D70 $E8             INX                             A:FFFF X:0032 Y:0000 S:036C D:0000 DB:7E P:84 V:39  H:57 
C08D71 $E8             INX                             A:FFFF X:0033 Y:0000 S:036C D:0000 DB:7E P:04 V:39  H:60 
C08D72 $E0 $40 $00     CPX #$0040                      A:FFFF X:0034 Y:0000 S:036C D:0000 DB:7E P:04 V:39  H:63 
C08D75 $90 $F6         BCC $C08D6D                     A:FFFF X:0034 Y:0000 S:036C D:0000 DB:7E P:84 V:39  H:68 
C08D6D $9E $42 $7C     STZ $7C42,X [7E7C76] = $0000    A:FFFF X:0034 Y:0000 S:036C D:0000 DB:7E P:84 V:39  H:72 
C08D70 $E8             INX                             A:FFFF X:0034 Y:0000 S:036C D:0000 DB:7E P:84 V:39  H:82 
C08D71 $E8             INX                             A:FFFF X:0035 Y:0000 S:036C D:0000 DB:7E P:04 V:39  H:85 
C08D72 $E0 $40 $00     CPX #$0040                      A:FFFF X:0036 Y:0000 S:036C D:0000 DB:7E P:04 V:39  H:88 
C08D75 $90 $F6         BCC $C08D6D                     A:FFFF X:0036 Y:0000 S:036C D:0000 DB:7E P:84 V:39  H:93 
C08D6D $9E $42 $7C     STZ $7C42,X [7E7C78] = $0000    A:FFFF X:0036 Y:0000 S:036C D:0000 DB:7E P:84 V:39  H:97 
C08D70 $E8             INX                             A:FFFF X:0036 Y:0000 S:036C D:0000 DB:7E P:84 V:39  H:107
C08D71 $E8             INX                             A:FFFF X:0037 Y:0000 S:036C D:0000 DB:7E P:04 V:39  H:110
C08D72 $E0 $40 $00     CPX #$0040                      A:FFFF X:0038 Y:0000 S:036C D:0000 DB:7E P:04 V:39  H:113
C08D75 $90 $F6         BCC $C08D6D                     A:FFFF X:0038 Y:0000 S:036C D:0000 DB:7E P:84 V:39  H:118
C08D6D $9E $42 $7C     STZ $7C42,X [7E7C7A] = $0000    A:FFFF X:0038 Y:0000 S:036C D:0000 DB:7E P:84 V:39  H:122
C08D70 $E8             INX                             A:FFFF X:0038 Y:0000 S:036C D:0000 DB:7E P:84 V:39  H:132
C08D71 $E8             INX                             A:FFFF X:0039 Y:0000 S:036C D:0000 DB:7E P:04 V:39  H:145
C08D72 $E0 $40 $00     CPX #$0040                      A:FFFF X:003A Y:0000 S:036C D:0000 DB:7E P:04 V:39  H:148
C08D75 $90 $F6         BCC $C08D6D                     A:FFFF X:003A Y:0000 S:036C D:0000 DB:7E P:84 V:39  H:153
C08D6D $9E $42 $7C     STZ $7C42,X [7E7C7C] = $0000    A:FFFF X:003A Y:0000 S:036C D:0000 DB:7E P:84 V:39  H:157
C08D70 $E8             INX                             A:FFFF X:003A Y:0000 S:036C D:0000 DB:7E P:84 V:39  H:167
C08D71 $E8             INX                             A:FFFF X:003B Y:0000 S:036C D:0000 DB:7E P:04 V:39  H:170
C08D72 $E0 $40 $00     CPX #$0040                      A:FFFF X:003C Y:0000 S:036C D:0000 DB:7E P:04 V:39  H:173
C08D75 $90 $F6         BCC $C08D6D                     A:FFFF X:003C Y:0000 S:036C D:0000 DB:7E P:84 V:39  H:178
C08D6D $9E $42 $7C     STZ $7C42,X [7E7C7E] = $0000    A:FFFF X:003C Y:0000 S:036C D:0000 DB:7E P:84 V:39  H:182
C08D70 $E8             INX                             A:FFFF X:003C Y:0000 S:036C D:0000 DB:7E P:84 V:39  H:192
C08D71 $E8             INX                             A:FFFF X:003D Y:0000 S:036C D:0000 DB:7E P:04 V:39  H:195
C08D72 $E0 $40 $00     CPX #$0040                      A:FFFF X:003E Y:0000 S:036C D:0000 DB:7E P:04 V:39  H:198
C08D75 $90 $F6         BCC $C08D6D                     A:FFFF X:003E Y:0000 S:036C D:0000 DB:7E P:84 V:39  H:203
C08D6D $9E $42 $7C     STZ $7C42,X [7E7C80] = $0000    A:FFFF X:003E Y:0000 S:036C D:0000 DB:7E P:84 V:39  H:207
C08D70 $E8             INX                             A:FFFF X:003E Y:0000 S:036C D:0000 DB:7E P:84 V:39  H:217
C08D71 $E8             INX                             A:FFFF X:003F Y:0000 S:036C D:0000 DB:7E P:04 V:39  H:220
C08D72 $E0 $40 $00     CPX #$0040                      A:FFFF X:0040 Y:0000 S:036C D:0000 DB:7E P:04 V:39  H:223
C08D75 $90 $F6         BCC $C08D6D                     A:FFFF X:0040 Y:0000 S:036C D:0000 DB:7E P:07 V:39  H:228
C08D77 $A2 $00 $00     LDX #$0000                      A:FFFF X:0040 Y:0000 S:036C D:0000 DB:7E P:07 V:39  H:231
C08D7A $9E $02 $7D     STZ $7D02,X [7E7D02] = $8000    A:FFFF X:0000 Y:0000 S:036C D:0000 DB:7E P:07 V:39  H:235
C08D7D $E8             INX                             A:FFFF X:0000 Y:0000 S:036C D:0000 DB:7E P:07 V:39  H:245
C08D7E $E8             INX                             A:FFFF X:0001 Y:0000 S:036C D:0000 DB:7E P:05 V:39  H:248
C08D7F $E0 $42 $00     CPX #$0042                      A:FFFF X:0002 Y:0000 S:036C D:0000 DB:7E P:05 V:39  H:251
C08D82 $90 $F6         BCC $C08D7A                     A:FFFF X:0002 Y:0000 S:036C D:0000 DB:7E P:84 V:39  H:256
C08D7A $9E $02 $7D     STZ $7D02,X [7E7D04] = $0000    A:FFFF X:0002 Y:0000 S:036C D:0000 DB:7E P:84 V:39  H:260
C08D7D $E8             INX                             A:FFFF X:0002 Y:0000 S:036C D:0000 DB:7E P:84 V:39  H:270
C08D7E $E8             INX                             A:FFFF X:0003 Y:0000 S:036C D:0000 DB:7E P:04 V:39  H:273
C08D7F $E0 $42 $00     CPX #$0042                      A:FFFF X:0004 Y:0000 S:036C D:0000 DB:7E P:04 V:39  H:317
C08D82 $90 $F6         BCC $C08D7A                     A:FFFF X:0004 Y:0000 S:036C D:0000 DB:7E P:84 V:39  H:321
C08D7A $9E $02 $7D     STZ $7D02,X [7E7D06] = $0000    A:FFFF X:0004 Y:0000 S:036C D:0000 DB:7E P:84 V:39  H:325
C08D7D $E8             INX                             A:FFFF X:0004 Y:0000 S:036C D:0000 DB:7E P:84 V:39  H:335
C08D7E $E8             INX                             A:FFFF X:0005 Y:0000 S:036C D:0000 DB:7E P:04 V:39  H:338
C08D7F $E0 $42 $00     CPX #$0042                      A:FFFF X:0006 Y:0000 S:036C D:0000 DB:7E P:04 V:40  H:1  
C08D82 $90 $F6         BCC $C08D7A                     A:FFFF X:0006 Y:0000 S:036C D:0000 DB:7E P:84 V:40  H:5  
C08D7A $9E $02 $7D     STZ $7D02,X [7E7D08] = $0000    A:FFFF X:0006 Y:0000 S:036C D:0000 DB:7E P:84 V:40  H:10 
C08D7D $E8             INX                             A:FFFF X:0006 Y:0000 S:036C D:0000 DB:7E P:84 V:40  H:20 
C08D7E $E8             INX                             A:FFFF X:0007 Y:0000 S:036C D:0000 DB:7E P:04 V:40  H:23 
C08D7F $E0 $42 $00     CPX #$0042                      A:FFFF X:0008 Y:0000 S:036C D:0000 DB:7E P:04 V:40  H:26 
C08D82 $90 $F6         BCC $C08D7A                     A:FFFF X:0008 Y:0000 S:036C D:0000 DB:7E P:84 V:40  H:30 
C08D7A $9E $02 $7D     STZ $7D02,X [7E7D0A] = $0000    A:FFFF X:0008 Y:0000 S:036C D:0000 DB:7E P:84 V:40  H:35 
C08D7D $E8             INX                             A:FFFF X:0008 Y:0000 S:036C D:0000 DB:7E P:84 V:40  H:45 
C08D7E $E8             INX                             A:FFFF X:0009 Y:0000 S:036C D:0000 DB:7E P:04 V:40  H:48 
C08D7F $E0 $42 $00     CPX #$0042                      A:FFFF X:000A Y:0000 S:036C D:0000 DB:7E P:04 V:40  H:51 
C08D82 $90 $F6         BCC $C08D7A                     A:FFFF X:000A Y:0000 S:036C D:0000 DB:7E P:84 V:40  H:55 
C08D7A $9E $02 $7D     STZ $7D02,X [7E7D0C] = $0000    A:FFFF X:000A Y:0000 S:036C D:0000 DB:7E P:84 V:40  H:60 
C08D7D $E8             INX                             A:FFFF X:000A Y:0000 S:036C D:0000 DB:7E P:84 V:40  H:70 
C08D7E $E8             INX                             A:FFFF X:000B Y:0000 S:036C D:0000 DB:7E P:04 V:40  H:73 
C08D7F $E0 $42 $00     CPX #$0042                      A:FFFF X:000C Y:0000 S:036C D:0000 DB:7E P:04 V:40  H:76 
C08D82 $90 $F6         BCC $C08D7A                     A:FFFF X:000C Y:0000 S:036C D:0000 DB:7E P:84 V:40  H:80 
C08D7A $9E $02 $7D     STZ $7D02,X [7E7D0E] = $0000    A:FFFF X:000C Y:0000 S:036C D:0000 DB:7E P:84 V:40  H:85 
C08D7D $E8             INX                             A:FFFF X:000C Y:0000 S:036C D:0000 DB:7E P:84 V:40  H:95 
C08D7E $E8             INX                             A:FFFF X:000D Y:0000 S:036C D:0000 DB:7E P:04 V:40  H:98 
C08D7F $E0 $42 $00     CPX #$0042                      A:FFFF X:000E Y:0000 S:036C D:0000 DB:7E P:04 V:40  H:101
C08D82 $90 $F6         BCC $C08D7A                     A:FFFF X:000E Y:0000 S:036C D:0000 DB:7E P:84 V:40  H:105
C08D7A $9E $02 $7D     STZ $7D02,X [7E7D10] = $0000    A:FFFF X:000E Y:0000 S:036C D:0000 DB:7E P:84 V:40  H:110
C08D7D $E8             INX                             A:FFFF X:000E Y:0000 S:036C D:0000 DB:7E P:84 V:40  H:120
C08D7E $E8             INX                             A:FFFF X:000F Y:0000 S:036C D:0000 DB:7E P:04 V:40  H:123
C08D7F $E0 $42 $00     CPX #$0042                      A:FFFF X:0010 Y:0000 S:036C D:0000 DB:7E P:04 V:40  H:126
C08D82 $90 $F6         BCC $C08D7A                     A:FFFF X:0010 Y:0000 S:036C D:0000 DB:7E P:84 V:40  H:130
C08D7A $9E $02 $7D     STZ $7D02,X [7E7D12] = $0000    A:FFFF X:0010 Y:0000 S:036C D:0000 DB:7E P:84 V:40  H:145
C08D7D $E8             INX                             A:FFFF X:0010 Y:0000 S:036C D:0000 DB:7E P:84 V:40  H:155
C08D7E $E8             INX                             A:FFFF X:0011 Y:0000 S:036C D:0000 DB:7E P:04 V:40  H:158
C08D7F $E0 $42 $00     CPX #$0042                      A:FFFF X:0012 Y:0000 S:036C D:0000 DB:7E P:04 V:40  H:161
C08D82 $90 $F6         BCC $C08D7A                     A:FFFF X:0012 Y:0000 S:036C D:0000 DB:7E P:84 V:40  H:165
C08D7A $9E $02 $7D     STZ $7D02,X [7E7D14] = $0000    A:FFFF X:0012 Y:0000 S:036C D:0000 DB:7E P:84 V:40  H:170
C08D7D $E8             INX                             A:FFFF X:0012 Y:0000 S:036C D:0000 DB:7E P:84 V:40  H:180
C08D7E $E8             INX                             A:FFFF X:0013 Y:0000 S:036C D:0000 DB:7E P:04 V:40  H:183
C08D7F $E0 $42 $00     CPX #$0042                      A:FFFF X:0014 Y:0000 S:036C D:0000 DB:7E P:04 V:40  H:186
C08D82 $90 $F6         BCC $C08D7A                     A:FFFF X:0014 Y:0000 S:036C D:0000 DB:7E P:84 V:40  H:190
C08D7A $9E $02 $7D     STZ $7D02,X [7E7D16] = $0000    A:FFFF X:0014 Y:0000 S:036C D:0000 DB:7E P:84 V:40  H:195
C08D7D $E8             INX                             A:FFFF X:0014 Y:0000 S:036C D:0000 DB:7E P:84 V:40  H:205
C08D7E $E8             INX                             A:FFFF X:0015 Y:0000 S:036C D:0000 DB:7E P:04 V:40  H:208
C08D7F $E0 $42 $00     CPX #$0042                      A:FFFF X:0016 Y:0000 S:036C D:0000 DB:7E P:04 V:40  H:211
C08D82 $90 $F6         BCC $C08D7A                     A:FFFF X:0016 Y:0000 S:036C D:0000 DB:7E P:84 V:40  H:215
C08D7A $9E $02 $7D     STZ $7D02,X [7E7D18] = $0000    A:FFFF X:0016 Y:0000 S:036C D:0000 DB:7E P:84 V:40  H:220
C08D7D $E8             INX                             A:FFFF X:0016 Y:0000 S:036C D:0000 DB:7E P:84 V:40  H:230
C08D7E $E8             INX                             A:FFFF X:0017 Y:0000 S:036C D:0000 DB:7E P:04 V:40  H:233
C08D7F $E0 $42 $00     CPX #$0042                      A:FFFF X:0018 Y:0000 S:036C D:0000 DB:7E P:04 V:40  H:236
C08D82 $90 $F6         BCC $C08D7A                     A:FFFF X:0018 Y:0000 S:036C D:0000 DB:7E P:84 V:40  H:240
C08D7A $9E $02 $7D     STZ $7D02,X [7E7D1A] = $0000    A:FFFF X:0018 Y:0000 S:036C D:0000 DB:7E P:84 V:40  H:245
C08D7D $E8             INX                             A:FFFF X:0018 Y:0000 S:036C D:0000 DB:7E P:84 V:40  H:255
C08D7E $E8             INX                             A:FFFF X:0019 Y:0000 S:036C D:0000 DB:7E P:04 V:40  H:258
C08D7F $E0 $42 $00     CPX #$0042                      A:FFFF X:001A Y:0000 S:036C D:0000 DB:7E P:04 V:40  H:261
C08D82 $90 $F6         BCC $C08D7A                     A:FFFF X:001A Y:0000 S:036C D:0000 DB:7E P:84 V:40  H:265
C08D7A $9E $02 $7D     STZ $7D02,X [7E7D1C] = $0000    A:FFFF X:001A Y:0000 S:036C D:0000 DB:7E P:84 V:40  H:270
C08D7D $E8             INX                             A:FFFF X:001A Y:0000 S:036C D:0000 DB:7E P:84 V:40  H:322
C08D7E $E8             INX                             A:FFFF X:001B Y:0000 S:036C D:0000 DB:7E P:04 V:40  H:324
C08D7F $E0 $42 $00     CPX #$0042                      A:FFFF X:001C Y:0000 S:036C D:0000 DB:7E P:04 V:40  H:327
C08D82 $90 $F6         BCC $C08D7A                     A:FFFF X:001C Y:0000 S:036C D:0000 DB:7E P:84 V:40  H:331
C08D7A $9E $02 $7D     STZ $7D02,X [7E7D1E] = $0000    A:FFFF X:001C Y:0000 S:036C D:0000 DB:7E P:84 V:40  H:336
C08D7D $E8             INX                             A:FFFF X:001C Y:0000 S:036C D:0000 DB:7E P:84 V:41  H:6  
C08D7E $E8             INX                             A:FFFF X:001D Y:0000 S:036C D:0000 DB:7E P:04 V:41  H:9  
C08D7F $E0 $42 $00     CPX #$0042                      A:FFFF X:001E Y:0000 S:036C D:0000 DB:7E P:04 V:41  H:12 
C08D82 $90 $F6         BCC $C08D7A                     A:FFFF X:001E Y:0000 S:036C D:0000 DB:7E P:84 V:41  H:16 
C08D7A $9E $02 $7D     STZ $7D02,X [7E7D20] = $0000    A:FFFF X:001E Y:0000 S:036C D:0000 DB:7E P:84 V:41  H:21 
C08D7D $E8             INX                             A:FFFF X:001E Y:0000 S:036C D:0000 DB:7E P:84 V:41  H:31 
C08D7E $E8             INX                             A:FFFF X:001F Y:0000 S:036C D:0000 DB:7E P:04 V:41  H:34 
C08D7F $E0 $42 $00     CPX #$0042                      A:FFFF X:0020 Y:0000 S:036C D:0000 DB:7E P:04 V:41  H:37 
C08D82 $90 $F6         BCC $C08D7A                     A:FFFF X:0020 Y:0000 S:036C D:0000 DB:7E P:84 V:41  H:41 
C08D7A $9E $02 $7D     STZ $7D02,X [7E7D22] = $0000    A:FFFF X:0020 Y:0000 S:036C D:0000 DB:7E P:84 V:41  H:46 
C08D7D $E8             INX                             A:FFFF X:0020 Y:0000 S:036C D:0000 DB:7E P:84 V:41  H:56 
C08D7E $E8             INX                             A:FFFF X:0021 Y:0000 S:036C D:0000 DB:7E P:04 V:41  H:59 
C08D7F $E0 $42 $00     CPX #$0042                      A:FFFF X:0022 Y:0000 S:036C D:0000 DB:7E P:04 V:41  H:62 
C08D82 $90 $F6         BCC $C08D7A                     A:FFFF X:0022 Y:0000 S:036C D:0000 DB:7E P:84 V:41  H:66 
C08D7A $9E $02 $7D     STZ $7D02,X [7E7D24] = $0000    A:FFFF X:0022 Y:0000 S:036C D:0000 DB:7E P:84 V:41  H:71 
C08D7D $E8             INX                             A:FFFF X:0022 Y:0000 S:036C D:0000 DB:7E P:84 V:41  H:81 
C08D7E $E8             INX                             A:FFFF X:0023 Y:0000 S:036C D:0000 DB:7E P:04 V:41  H:84 
C08D7F $E0 $42 $00     CPX #$0042                      A:FFFF X:0024 Y:0000 S:036C D:0000 DB:7E P:04 V:41  H:87 
C08D82 $90 $F6         BCC $C08D7A                     A:FFFF X:0024 Y:0000 S:036C D:0000 DB:7E P:84 V:41  H:91 
C08D7A $9E $02 $7D     STZ $7D02,X [7E7D26] = $0000    A:FFFF X:0024 Y:0000 S:036C D:0000 DB:7E P:84 V:41  H:96 
C08D7D $E8             INX                             A:FFFF X:0024 Y:0000 S:036C D:0000 DB:7E P:84 V:41  H:106
C08D7E $E8             INX                             A:FFFF X:0025 Y:0000 S:036C D:0000 DB:7E P:04 V:41  H:109
C08D7F $E0 $42 $00     CPX #$0042                      A:FFFF X:0026 Y:0000 S:036C D:0000 DB:7E P:04 V:41  H:112
C08D82 $90 $F6         BCC $C08D7A                     A:FFFF X:0026 Y:0000 S:036C D:0000 DB:7E P:84 V:41  H:116
C08D7A $9E $02 $7D     STZ $7D02,X [7E7D28] = $0000    A:FFFF X:0026 Y:0000 S:036C D:0000 DB:7E P:84 V:41  H:121
C08D7D $E8             INX                             A:FFFF X:0026 Y:0000 S:036C D:0000 DB:7E P:84 V:41  H:131
C08D7E $E8             INX                             A:FFFF X:0027 Y:0000 S:036C D:0000 DB:7E P:04 V:41  H:144
C08D7F $E0 $42 $00     CPX #$0042                      A:FFFF X:0028 Y:0000 S:036C D:0000 DB:7E P:04 V:41  H:147
C08D82 $90 $F6         BCC $C08D7A                     A:FFFF X:0028 Y:0000 S:036C D:0000 DB:7E P:84 V:41  H:151
C08D7A $9E $02 $7D     STZ $7D02,X [7E7D2A] = $0000    A:FFFF X:0028 Y:0000 S:036C D:0000 DB:7E P:84 V:41  H:156
C08D7D $E8             INX                             A:FFFF X:0028 Y:0000 S:036C D:0000 DB:7E P:84 V:41  H:166
C08D7E $E8             INX                             A:FFFF X:0029 Y:0000 S:036C D:0000 DB:7E P:04 V:41  H:169
C08D7F $E0 $42 $00     CPX #$0042                      A:FFFF X:002A Y:0000 S:036C D:0000 DB:7E P:04 V:41  H:172
C08D82 $90 $F6         BCC $C08D7A                     A:FFFF X:002A Y:0000 S:036C D:0000 DB:7E P:84 V:41  H:176
C08D7A $9E $02 $7D     STZ $7D02,X [7E7D2C] = $0000    A:FFFF X:002A Y:0000 S:036C D:0000 DB:7E P:84 V:41  H:181
C08D7D $E8             INX                             A:FFFF X:002A Y:0000 S:036C D:0000 DB:7E P:84 V:41  H:191
C08D7E $E8             INX                             A:FFFF X:002B Y:0000 S:036C D:0000 DB:7E P:04 V:41  H:194
C08D7F $E0 $42 $00     CPX #$0042                      A:FFFF X:002C Y:0000 S:036C D:0000 DB:7E P:04 V:41  H:197
C08D82 $90 $F6         BCC $C08D7A                     A:FFFF X:002C Y:0000 S:036C D:0000 DB:7E P:84 V:41  H:201
C08D7A $9E $02 $7D     STZ $7D02,X [7E7D2E] = $0000    A:FFFF X:002C Y:0000 S:036C D:0000 DB:7E P:84 V:41  H:206
C08D7D $E8             INX                             A:FFFF X:002C Y:0000 S:036C D:0000 DB:7E P:84 V:41  H:216
C08D7E $E8             INX                             A:FFFF X:002D Y:0000 S:036C D:0000 DB:7E P:04 V:41  H:219
C08D7F $E0 $42 $00     CPX #$0042                      A:FFFF X:002E Y:0000 S:036C D:0000 DB:7E P:04 V:41  H:222
C08D82 $90 $F6         BCC $C08D7A                     A:FFFF X:002E Y:0000 S:036C D:0000 DB:7E P:84 V:41  H:226
C08D7A $9E $02 $7D     STZ $7D02,X [7E7D30] = $0000    A:FFFF X:002E Y:0000 S:036C D:0000 DB:7E P:84 V:41  H:231
C08D7D $E8             INX                             A:FFFF X:002E Y:0000 S:036C D:0000 DB:7E P:84 V:41  H:241
C08D7E $E8             INX                             A:FFFF X:002F Y:0000 S:036C D:0000 DB:7E P:04 V:41  H:244
C08D7F $E0 $42 $00     CPX #$0042                      A:FFFF X:0030 Y:0000 S:036C D:0000 DB:7E P:04 V:41  H:247
C08D82 $90 $F6         BCC $C08D7A                     A:FFFF X:0030 Y:0000 S:036C D:0000 DB:7E P:84 V:41  H:251
C08D7A $9E $02 $7D     STZ $7D02,X [7E7D32] = $0000    A:FFFF X:0030 Y:0000 S:036C D:0000 DB:7E P:84 V:41  H:256
C08D7D $E8             INX                             A:FFFF X:0030 Y:0000 S:036C D:0000 DB:7E P:84 V:41  H:266
C08D7E $E8             INX                             A:FFFF X:0031 Y:0000 S:036C D:0000 DB:7E P:04 V:41  H:269
C08D7F $E0 $42 $00     CPX #$0042                      A:FFFF X:0032 Y:0000 S:036C D:0000 DB:7E P:04 V:41  H:272
C08D82 $90 $F6         BCC $C08D7A                     A:FFFF X:0032 Y:0000 S:036C D:0000 DB:7E P:84 V:41  H:293
C08D7A $9E $02 $7D     STZ $7D02,X [7E7D34] = $0000    A:FFFF X:0032 Y:0000 S:036C D:0000 DB:7E P:84 V:41  H:297
C08D7D $E8             INX                             A:FFFF X:0032 Y:0000 S:036C D:0000 DB:7E P:84 V:41  H:307
C08D7E $E8             INX                             A:FFFF X:0033 Y:0000 S:036C D:0000 DB:7E P:04 V:41  H:310
C08D7F $E0 $42 $00     CPX #$0042                      A:FFFF X:0034 Y:0000 S:036C D:0000 DB:7E P:04 V:41  H:313
C08D82 $90 $F6         BCC $C08D7A                     A:FFFF X:0034 Y:0000 S:036C D:0000 DB:7E P:84 V:41  H:318
C08D7A $9E $02 $7D     STZ $7D02,X [7E7D36] = $0000    A:FFFF X:0034 Y:0000 S:036C D:0000 DB:7E P:84 V:41  H:322
C08D7D $E8             INX                             A:FFFF X:0034 Y:0000 S:036C D:0000 DB:7E P:84 V:41  H:331
C08D7E $E8             INX                             A:FFFF X:0035 Y:0000 S:036C D:0000 DB:7E P:04 V:41  H:334
C08D7F $E0 $42 $00     CPX #$0042                      A:FFFF X:0036 Y:0000 S:036C D:0000 DB:7E P:04 V:41  H:337
C08D82 $90 $F6         BCC $C08D7A                     A:FFFF X:0036 Y:0000 S:036C D:0000 DB:7E P:84 V:42  H:2  
C08D7A $9E $02 $7D     STZ $7D02,X [7E7D38] = $0000    A:FFFF X:0036 Y:0000 S:036C D:0000 DB:7E P:84 V:42  H:6  
C08D7D $E8             INX                             A:FFFF X:0036 Y:0000 S:036C D:0000 DB:7E P:84 V:42  H:16 
C08D7E $E8             INX                             A:FFFF X:0037 Y:0000 S:036C D:0000 DB:7E P:04 V:42  H:19 
C08D7F $E0 $42 $00     CPX #$0042                      A:FFFF X:0038 Y:0000 S:036C D:0000 DB:7E P:04 V:42  H:22 
C08D82 $90 $F6         BCC $C08D7A                     A:FFFF X:0038 Y:0000 S:036C D:0000 DB:7E P:84 V:42  H:27 
C08D7A $9E $02 $7D     STZ $7D02,X [7E7D3A] = $0000    A:FFFF X:0038 Y:0000 S:036C D:0000 DB:7E P:84 V:42  H:31 
C08D7D $E8             INX                             A:FFFF X:0038 Y:0000 S:036C D:0000 DB:7E P:84 V:42  H:41 
C08D7E $E8             INX                             A:FFFF X:0039 Y:0000 S:036C D:0000 DB:7E P:04 V:42  H:44 
C08D7F $E0 $42 $00     CPX #$0042                      A:FFFF X:003A Y:0000 S:036C D:0000 DB:7E P:04 V:42  H:47 
C08D82 $90 $F6         BCC $C08D7A                     A:FFFF X:003A Y:0000 S:036C D:0000 DB:7E P:84 V:42  H:52 
C08D7A $9E $02 $7D     STZ $7D02,X [7E7D3C] = $0000    A:FFFF X:003A Y:0000 S:036C D:0000 DB:7E P:84 V:42  H:56 
C08D7D $E8             INX                             A:FFFF X:003A Y:0000 S:036C D:0000 DB:7E P:84 V:42  H:66 
C08D7E $E8             INX                             A:FFFF X:003B Y:0000 S:036C D:0000 DB:7E P:04 V:42  H:69 
C08D7F $E0 $42 $00     CPX #$0042                      A:FFFF X:003C Y:0000 S:036C D:0000 DB:7E P:04 V:42  H:72 
C08D82 $90 $F6         BCC $C08D7A                     A:FFFF X:003C Y:0000 S:036C D:0000 DB:7E P:84 V:42  H:77 
C08D7A $9E $02 $7D     STZ $7D02,X [7E7D3E] = $0000    A:FFFF X:003C Y:0000 S:036C D:0000 DB:7E P:84 V:42  H:81 
C08D7D $E8             INX                             A:FFFF X:003C Y:0000 S:036C D:0000 DB:7E P:84 V:42  H:91 
C08D7E $E8             INX                             A:FFFF X:003D Y:0000 S:036C D:0000 DB:7E P:04 V:42  H:94 
C08D7F $E0 $42 $00     CPX #$0042                      A:FFFF X:003E Y:0000 S:036C D:0000 DB:7E P:04 V:42  H:97 
C08D82 $90 $F6         BCC $C08D7A                     A:FFFF X:003E Y:0000 S:036C D:0000 DB:7E P:84 V:42  H:102
C08D7A $9E $02 $7D     STZ $7D02,X [7E7D40] = $0000    A:FFFF X:003E Y:0000 S:036C D:0000 DB:7E P:84 V:42  H:106
C08D7D $E8             INX                             A:FFFF X:003E Y:0000 S:036C D:0000 DB:7E P:84 V:42  H:116
C08D7E $E8             INX                             A:FFFF X:003F Y:0000 S:036C D:0000 DB:7E P:04 V:42  H:119
C08D7F $E0 $42 $00     CPX #$0042                      A:FFFF X:0040 Y:0000 S:036C D:0000 DB:7E P:04 V:42  H:122
C08D82 $90 $F6         BCC $C08D7A                     A:FFFF X:0040 Y:0000 S:036C D:0000 DB:7E P:84 V:42  H:127
C08D7A $9E $02 $7D     STZ $7D02,X [7E7D42] = $0000    A:FFFF X:0040 Y:0000 S:036C D:0000 DB:7E P:84 V:42  H:131
C08D7D $E8             INX                             A:FFFF X:0040 Y:0000 S:036C D:0000 DB:7E P:84 V:42  H:151
C08D7E $E8             INX                             A:FFFF X:0041 Y:0000 S:036C D:0000 DB:7E P:04 V:42  H:154
C08D7F $E0 $42 $00     CPX #$0042                      A:FFFF X:0042 Y:0000 S:036C D:0000 DB:7E P:04 V:42  H:157
C08D82 $90 $F6         BCC $C08D7A                     A:FFFF X:0042 Y:0000 S:036C D:0000 DB:7E P:07 V:42  H:162
C08D84 $A9 $00 $51     LDA #$5100                      A:FFFF X:0042 Y:0000 S:036C D:0000 DB:7E P:07 V:42  H:165
C08D87 $8D $44 $7D     STA $7D44 [7E7D44] = $5100      A:5100 X:0042 Y:0000 S:036C D:0000 DB:7E P:05 V:42  H:169
C08D8A $18             CLC                             A:5100 X:0042 Y:0000 S:036C D:0000 DB:7E P:05 V:42  H:178
C08D8B $69 $40 $1F     ADC #$1F40                      A:5100 X:0042 Y:0000 S:036C D:0000 DB:7E P:04 V:42  H:181
C08D8E $3A             DEC                             A:7040 X:0042 Y:0000 S:036C D:0000 DB:7E P:04 V:42  H:185
C08D8F $8D $86 $7D     STA $7D86 [7E7D86] = $703F      A:703F X:0042 Y:0000 S:036C D:0000 DB:7E P:04 V:42  H:188
C08D92 $A9 $00 $80     LDA #$8000                      A:703F X:0042 Y:0000 S:036C D:0000 DB:7E P:04 V:42  H:197
C08D95 $8D $02 $7D     STA $7D02 [7E7D02] = $0000      A:8000 X:0042 Y:0000 S:036C D:0000 DB:7E P:84 V:42  H:201
C08D98 $AB             PLB                             A:8000 X:0042 Y:0000 S:036C D:0000 DB:7E P:84 V:42  H:210
C08D99 $C2 $30         REP #$30                        A:8000 X:0042 Y:0000 S:036D D:0000 DB:7E P:04 V:42  H:216
C08D9B $7A             PLY                             A:8000 X:0042 Y:0000 S:036D D:0000 DB:7E P:04 V:42  H:221
C08D9C $FA             PLX                             A:8000 X:0042 Y:0000 S:036F D:0000 DB:7E P:06 V:42  H:229
C08D9D $68             PLA                             A:8000 X:0008 Y:0000 S:0371 D:0000 DB:7E P:04 V:42  H:238
C08D9E $28             PLP                             A:FFFF X:0008 Y:0000 S:0373 D:0000 DB:7E P:84 V:42  H:246
C08D9F $6B             RTL                             A:FFFF X:0008 Y:0000 S:0374 D:0000 DB:7E P:84 V:42  H:253
C609E7 $22 $CF $7B $C6 JSL $C67BCF                     A:FFFF X:0008 Y:0000 S:0377 D:0000 DB:7E P:84 V:42  H:263
C67BCF $F4 $7E $7E     PEA #$7E7E                      A:FFFF X:0008 Y:0000 S:0374 D:0000 DB:7E P:84 V:42  H:293
C67BD2 $AB             PLB                             A:FFFF X:0008 Y:0000 S:0372 D:0000 DB:7E P:84 V:42  H:302
C67BD3 $AB             PLB                             A:FFFF X:0008 Y:0000 S:0373 D:0000 DB:7E P:04 V:42  H:308
C67BD4 $22 $8A $7C $C7 JSL $C77C8A                     A:FFFF X:0008 Y:0000 S:0374 D:0000 DB:7E P:04 V:42  H:315
C77C8A $AE $05 $DB     LDX $DB05 [7EDB05] = $0000      A:FFFF X:0008 Y:0000 S:0371 D:0000 DB:7E P:04 V:42  H:327
C77C8D $AC $A5 $DA     LDY $DAA5 [7EDAA5] = $0000      A:FFFF X:0000 Y:0000 S:0371 D:0000 DB:7E P:06 V:42  H:336
C77C90 $B9 $25 $C7     LDA $C725,Y [7EC725] = $0001    A:FFFF X:0000 Y:0000 S:0371 D:0000 DB:7E P:06 V:43  H:4  
C77C93 $9D $0C $35     STA $350C,X [7E350C] = $0158    A:0001 X:0000 Y:0000 S:0371 D:0000 DB:7E P:04 V:43  H:14 
C77C96 $B9 $65 $C7     LDA $C765,Y [7EC765] = $003E    A:0001 X:0000 Y:0000 S:0371 D:0000 DB:7E P:04 V:43  H:24 
C77C99 $9D $18 $35     STA $3518,X [7E3518] = $01B5    A:003E X:0000 Y:0000 S:0371 D:0000 DB:7E P:04 V:43  H:34 
C77C9C $6B             RTL                             A:003E X:0000 Y:0000 S:0371 D:0000 DB:7E P:04 V:43  H:44 
C67BD8 $20 $E0 $7B     JSR $7BE0 [C67BE0] = $05AE      A:003E X:0000 Y:0000 S:0374 D:0000 DB:7E P:04 V:43  H:55 
C67BE0 $AE $05 $DB     LDX $DB05 [7EDB05] = $0000      A:003E X:0000 Y:0000 S:0372 D:0000 DB:7E P:04 V:43  H:65 
C67BE3 $FC $ED $7B     JSR ($7BED,X) [C67BF9] = $059C  A:003E X:0000 Y:0000 S:0372 D:0000 DB:7E P:06 V:43  H:73 
C67BF9 $9C $05 $DB     STZ $DB05 [7EDB05] = $0000      A:003E X:0000 Y:0000 S:0370 D:0000 DB:7E P:06 V:43  H:86 
C67BFC $9C $01 $DB     STZ $DB01 [7EDB01] = $0000      A:003E X:0000 Y:0000 S:0370 D:0000 DB:7E P:06 V:43  H:95 
C67BFF $60             RTS                             A:003E X:0000 Y:0000 S:0370 D:0000 DB:7E P:06 V:43  H:103
C67BE6 $AD $05 $DB     LDA $DB05 [7EDB05] = $0000      A:003E X:0000 Y:0000 S:0372 D:0000 DB:7E P:06 V:43  H:113
C67BE9 $8D $03 $DB     STA $DB03 [7EDB03] = $0000      A:0000 X:0000 Y:0000 S:0372 D:0000 DB:7E P:06 V:43  H:122
C67BEC $60             RTS                             A:0000 X:0000 Y:0000 S:0372 D:0000 DB:7E P:06 V:43  H:130
C67BDB $22 $18 $7C $C6 JSL $C67C18                     A:0000 X:0000 Y:0000 S:0374 D:0000 DB:7E P:06 V:43  H:150
C67C18 $F4 $7E $7E     PEA #$7E7E                      A:0000 X:0000 Y:0000 S:0371 D:0000 DB:7E P:06 V:43  H:164
C67C1B $AB             PLB                             A:0000 X:0000 Y:0000 S:036F D:0000 DB:7E P:06 V:43  H:172
C67C1C $AB             PLB                             A:0000 X:0000 Y:0000 S:0370 D:0000 DB:7E P:04 V:43  H:179
C67C1D $A2 $00 $00     LDX #$0000                      A:0000 X:0000 Y:0000 S:0371 D:0000 DB:7E P:04 V:43  H:185
C67C20 $9E $23 $AD     STZ $AD23,X [7EAD23] = $0000    A:0000 X:0000 Y:0000 S:0371 D:0000 DB:7E P:06 V:43  H:190
C67C23 $E8             INX                             A:0000 X:0000 Y:0000 S:0371 D:0000 DB:7E P:06 V:43  H:200
C67C24 $E8             INX                             A:0000 X:0001 Y:0000 S:0371 D:0000 DB:7E P:04 V:43  H:203
C67C25 $E0 $08 $00     CPX #$0008                      A:0000 X:0002 Y:0000 S:0371 D:0000 DB:7E P:04 V:43  H:206
C67C28 $90 $F6         BCC $C67C20                     A:0000 X:0002 Y:0000 S:0371 D:0000 DB:7E P:84 V:43  H:210
C67C20 $9E $23 $AD     STZ $AD23,X [7EAD25] = $0000    A:0000 X:0002 Y:0000 S:0371 D:0000 DB:7E P:84 V:43  H:215
C67C23 $E8             INX                             A:0000 X:0002 Y:0000 S:0371 D:0000 DB:7E P:84 V:43  H:225
C67C24 $E8             INX                             A:0000 X:0003 Y:0000 S:0371 D:0000 DB:7E P:04 V:43  H:228
C67C25 $E0 $08 $00     CPX #$0008                      A:0000 X:0004 Y:0000 S:0371 D:0000 DB:7E P:04 V:43  H:231
C67C28 $90 $F6         BCC $C67C20                     A:0000 X:0004 Y:0000 S:0371 D:0000 DB:7E P:84 V:43  H:235
C67C20 $9E $23 $AD     STZ $AD23,X [7EAD27] = $0000    A:0000 X:0004 Y:0000 S:0371 D:0000 DB:7E P:84 V:43  H:240
C67C23 $E8             INX                             A:0000 X:0004 Y:0000 S:0371 D:0000 DB:7E P:84 V:43  H:250
C67C24 $E8             INX                             A:0000 X:0005 Y:0000 S:0371 D:0000 DB:7E P:04 V:43  H:253
C67C25 $E0 $08 $00     CPX #$0008                      A:0000 X:0006 Y:0000 S:0371 D:0000 DB:7E P:04 V:43  H:256
C67C28 $90 $F6         BCC $C67C20                     A:0000 X:0006 Y:0000 S:0371 D:0000 DB:7E P:84 V:43  H:260
C67C20 $9E $23 $AD     STZ $AD23,X [7EAD29] = $0000    A:0000 X:0006 Y:0000 S:0371 D:0000 DB:7E P:84 V:43  H:265
C67C23 $E8             INX                             A:0000 X:0006 Y:0000 S:0371 D:0000 DB:7E P:84 V:43  H:275
C67C24 $E8             INX                             A:0000 X:0007 Y:0000 S:0371 D:0000 DB:7E P:04 V:43  H:294
C67C25 $E0 $08 $00     CPX #$0008                      A:0000 X:0008 Y:0000 S:0371 D:0000 DB:7E P:04 V:43  H:297
C67C28 $90 $F6         BCC $C67C20                     A:0000 X:0008 Y:0000 S:0371 D:0000 DB:7E P:07 V:43  H:302
C67C2A $6B             RTL                             A:0000 X:0008 Y:0000 S:0371 D:0000 DB:7E P:07 V:43  H:305
C67BDF $6B             RTL                             A:0000 X:0008 Y:0000 S:0374 D:0000 DB:7E P:07 V:43  H:315
C609EB $22 $96 $2F $C0 JSL $C02F96                     A:0000 X:0008 Y:0000 S:0377 D:0000 DB:7E P:07 V:43  H:325
C02F96 $08             PHP                             A:0000 X:0008 Y:0000 S:0374 D:0000 DB:7E P:07 V:43  H:338
C02F97 $C2 $30         REP #$30                        A:0000 X:0008 Y:0000 S:0373 D:0000 DB:7E P:07 V:44  H:3  
C02F99 $8B             PHB                             A:0000 X:0008 Y:0000 S:0373 D:0000 DB:7E P:07 V:44  H:8  
C02F9A $F4 $7E $7E     PEA #$7E7E                      A:0000 X:0008 Y:0000 S:0372 D:0000 DB:7E P:07 V:44  H:13 
C02F9D $AB             PLB                             A:0000 X:0008 Y:0000 S:0370 D:0000 DB:7E P:07 V:44  H:21 
C02F9E $AB             PLB                             A:0000 X:0008 Y:0000 S:0371 D:0000 DB:7E P:05 V:44  H:28 
C02F9F $DA             PHX                             A:0000 X:0008 Y:0000 S:0372 D:0000 DB:7E P:05 V:44  H:34 
C02FA0 $A2 $00 $00     LDX #$0000                      A:0000 X:0008 Y:0000 S:0370 D:0000 DB:7E P:05 V:44  H:41 
C02FA3 $9E $26 $89     STZ $8926,X [7E8926] = $0001    A:0000 X:0000 Y:0000 S:0370 D:0000 DB:7E P:07 V:44  H:46 
C02FA6 $E8             INX                             A:0000 X:0000 Y:0000 S:0370 D:0000 DB:7E P:07 V:44  H:56 
C02FA7 $E8             INX                             A:0000 X:0001 Y:0000 S:0370 D:0000 DB:7E P:05 V:44  H:59 
C02FA8 $E0 $20 $00     CPX #$0020                      A:0000 X:0002 Y:0000 S:0370 D:0000 DB:7E P:05 V:44  H:62 
C02FAB $90 $F6         BCC $C02FA3                     A:0000 X:0002 Y:0000 S:0370 D:0000 DB:7E P:84 V:44  H:66 
C02FA3 $9E $26 $89     STZ $8926,X [7E8928] = $0001    A:0000 X:0002 Y:0000 S:0370 D:0000 DB:7E P:84 V:44  H:71 
C02FA6 $E8             INX                             A:0000 X:0002 Y:0000 S:0370 D:0000 DB:7E P:84 V:44  H:81 
C02FA7 $E8             INX                             A:0000 X:0003 Y:0000 S:0370 D:0000 DB:7E P:04 V:44  H:84 
C02FA8 $E0 $20 $00     CPX #$0020                      A:0000 X:0004 Y:0000 S:0370 D:0000 DB:7E P:04 V:44  H:87 
C02FAB $90 $F6         BCC $C02FA3                     A:0000 X:0004 Y:0000 S:0370 D:0000 DB:7E P:84 V:44  H:91 
C02FA3 $9E $26 $89     STZ $8926,X [7E892A] = $0001    A:0000 X:0004 Y:0000 S:0370 D:0000 DB:7E P:84 V:44  H:96 
C02FA6 $E8             INX                             A:0000 X:0004 Y:0000 S:0370 D:0000 DB:7E P:84 V:44  H:106
C02FA7 $E8             INX                             A:0000 X:0005 Y:0000 S:0370 D:0000 DB:7E P:04 V:44  H:109
C02FA8 $E0 $20 $00     CPX #$0020                      A:0000 X:0006 Y:0000 S:0370 D:0000 DB:7E P:04 V:44  H:112
C02FAB $90 $F6         BCC $C02FA3                     A:0000 X:0006 Y:0000 S:0370 D:0000 DB:7E P:84 V:44  H:116
C02FA3 $9E $26 $89     STZ $8926,X [7E892C] = $0001    A:0000 X:0006 Y:0000 S:0370 D:0000 DB:7E P:84 V:44  H:121
C02FA6 $E8             INX                             A:0000 X:0006 Y:0000 S:0370 D:0000 DB:7E P:84 V:44  H:131
C02FA7 $E8             INX                             A:0000 X:0007 Y:0000 S:0370 D:0000 DB:7E P:04 V:44  H:134
C02FA8 $E0 $20 $00     CPX #$0020                      A:0000 X:0008 Y:0000 S:0370 D:0000 DB:7E P:04 V:44  H:147
C02FAB $90 $F6         BCC $C02FA3                     A:0000 X:0008 Y:0000 S:0370 D:0000 DB:7E P:84 V:44  H:151
C02FA3 $9E $26 $89     STZ $8926,X [7E892E] = $0000    A:0000 X:0008 Y:0000 S:0370 D:0000 DB:7E P:84 V:44  H:156
C02FA6 $E8             INX                             A:0000 X:0008 Y:0000 S:0370 D:0000 DB:7E P:84 V:44  H:166
C02FA7 $E8             INX                             A:0000 X:0009 Y:0000 S:0370 D:0000 DB:7E P:04 V:44  H:169
C02FA8 $E0 $20 $00     CPX #$0020                      A:0000 X:000A Y:0000 S:0370 D:0000 DB:7E P:04 V:44  H:172
C02FAB $90 $F6         BCC $C02FA3                     A:0000 X:000A Y:0000 S:0370 D:0000 DB:7E P:84 V:44  H:176
C02FA3 $9E $26 $89     STZ $8926,X [7E8930] = $0000    A:0000 X:000A Y:0000 S:0370 D:0000 DB:7E P:84 V:44  H:181
C02FA6 $E8             INX                             A:0000 X:000A Y:0000 S:0370 D:0000 DB:7E P:84 V:44  H:191
C02FA7 $E8             INX                             A:0000 X:000B Y:0000 S:0370 D:0000 DB:7E P:04 V:44  H:194
C02FA8 $E0 $20 $00     CPX #$0020                      A:0000 X:000C Y:0000 S:0370 D:0000 DB:7E P:04 V:44  H:197
C02FAB $90 $F6         BCC $C02FA3                     A:0000 X:000C Y:0000 S:0370 D:0000 DB:7E P:84 V:44  H:201
C02FA3 $9E $26 $89     STZ $8926,X [7E8932] = $0000    A:0000 X:000C Y:0000 S:0370 D:0000 DB:7E P:84 V:44  H:206
C02FA6 $E8             INX                             A:0000 X:000C Y:0000 S:0370 D:0000 DB:7E P:84 V:44  H:216
C02FA7 $E8             INX                             A:0000 X:000D Y:0000 S:0370 D:0000 DB:7E P:04 V:44  H:219
C02FA8 $E0 $20 $00     CPX #$0020                      A:0000 X:000E Y:0000 S:0370 D:0000 DB:7E P:04 V:44  H:222
C02FAB $90 $F6         BCC $C02FA3                     A:0000 X:000E Y:0000 S:0370 D:0000 DB:7E P:84 V:44  H:226
C02FA3 $9E $26 $89     STZ $8926,X [7E8934] = $0000    A:0000 X:000E Y:0000 S:0370 D:0000 DB:7E P:84 V:44  H:231
C02FA6 $E8             INX                             A:0000 X:000E Y:0000 S:0370 D:0000 DB:7E P:84 V:44  H:241
C02FA7 $E8             INX                             A:0000 X:000F Y:0000 S:0370 D:0000 DB:7E P:04 V:44  H:244
C02FA8 $E0 $20 $00     CPX #$0020                      A:0000 X:0010 Y:0000 S:0370 D:0000 DB:7E P:04 V:44  H:247
C02FAB $90 $F6         BCC $C02FA3                     A:0000 X:0010 Y:0000 S:0370 D:0000 DB:7E P:84 V:44  H:251
C02FA3 $9E $26 $89     STZ $8926,X [7E8936] = $0000    A:0000 X:0010 Y:0000 S:0370 D:0000 DB:7E P:84 V:44  H:256
C02FA6 $E8             INX                             A:0000 X:0010 Y:0000 S:0370 D:0000 DB:7E P:84 V:44  H:266
C02FA7 $E8             INX                             A:0000 X:0011 Y:0000 S:0370 D:0000 DB:7E P:04 V:44  H:269
C02FA8 $E0 $20 $00     CPX #$0020                      A:0000 X:0012 Y:0000 S:0370 D:0000 DB:7E P:04 V:44  H:272
C02FAB $90 $F6         BCC $C02FA3                     A:0000 X:0012 Y:0000 S:0370 D:0000 DB:7E P:84 V:44  H:293
C02FA3 $9E $26 $89     STZ $8926,X [7E8938] = $0000    A:0000 X:0012 Y:0000 S:0370 D:0000 DB:7E P:84 V:44  H:297
C02FA6 $E8             INX                             A:0000 X:0012 Y:0000 S:0370 D:0000 DB:7E P:84 V:44  H:307
C02FA7 $E8             INX                             A:0000 X:0013 Y:0000 S:0370 D:0000 DB:7E P:04 V:44  H:310
C02FA8 $E0 $20 $00     CPX #$0020                      A:0000 X:0014 Y:0000 S:0370 D:0000 DB:7E P:04 V:44  H:313
C02FAB $90 $F6         BCC $C02FA3                     A:0000 X:0014 Y:0000 S:0370 D:0000 DB:7E P:84 V:44  H:318
C02FA3 $9E $26 $89     STZ $8926,X [7E893A] = $0000    A:0000 X:0014 Y:0000 S:0370 D:0000 DB:7E P:84 V:44  H:322
C02FA6 $E8             INX                             A:0000 X:0014 Y:0000 S:0370 D:0000 DB:7E P:84 V:44  H:331
C02FA7 $E8             INX                             A:0000 X:0015 Y:0000 S:0370 D:0000 DB:7E P:04 V:44  H:334
C02FA8 $E0 $20 $00     CPX #$0020                      A:0000 X:0016 Y:0000 S:0370 D:0000 DB:7E P:04 V:44  H:337
C02FAB $90 $F6         BCC $C02FA3                     A:0000 X:0016 Y:0000 S:0370 D:0000 DB:7E P:84 V:45  H:2  
C02FA3 $9E $26 $89     STZ $8926,X [7E893C] = $0000    A:0000 X:0016 Y:0000 S:0370 D:0000 DB:7E P:84 V:45  H:6  
C02FA6 $E8             INX                             A:0000 X:0016 Y:0000 S:0370 D:0000 DB:7E P:84 V:45  H:16 
C02FA7 $E8             INX                             A:0000 X:0017 Y:0000 S:0370 D:0000 DB:7E P:04 V:45  H:19 
C02FA8 $E0 $20 $00     CPX #$0020                      A:0000 X:0018 Y:0000 S:0370 D:0000 DB:7E P:04 V:45  H:22 
C02FAB $90 $F6         BCC $C02FA3                     A:0000 X:0018 Y:0000 S:0370 D:0000 DB:7E P:84 V:45  H:27 
C02FA3 $9E $26 $89     STZ $8926,X [7E893E] = $0000    A:0000 X:0018 Y:0000 S:0370 D:0000 DB:7E P:84 V:45  H:31 
C02FA6 $E8             INX                             A:0000 X:0018 Y:0000 S:0370 D:0000 DB:7E P:84 V:45  H:41 
C02FA7 $E8             INX                             A:0000 X:0019 Y:0000 S:0370 D:0000 DB:7E P:04 V:45  H:44 
C02FA8 $E0 $20 $00     CPX #$0020                      A:0000 X:001A Y:0000 S:0370 D:0000 DB:7E P:04 V:45  H:47 
C02FAB $90 $F6         BCC $C02FA3                     A:0000 X:001A Y:0000 S:0370 D:0000 DB:7E P:84 V:45  H:52 
C02FA3 $9E $26 $89     STZ $8926,X [7E8940] = $0000    A:0000 X:001A Y:0000 S:0370 D:0000 DB:7E P:84 V:45  H:56 
C02FA6 $E8             INX                             A:0000 X:001A Y:0000 S:0370 D:0000 DB:7E P:84 V:45  H:66 
C02FA7 $E8             INX                             A:0000 X:001B Y:0000 S:0370 D:0000 DB:7E P:04 V:45  H:69 
C02FA8 $E0 $20 $00     CPX #$0020                      A:0000 X:001C Y:0000 S:0370 D:0000 DB:7E P:04 V:45  H:72 
C02FAB $90 $F6         BCC $C02FA3                     A:0000 X:001C Y:0000 S:0370 D:0000 DB:7E P:84 V:45  H:77 
C02FA3 $9E $26 $89     STZ $8926,X [7E8942] = $0000    A:0000 X:001C Y:0000 S:0370 D:0000 DB:7E P:84 V:45  H:81 
C02FA6 $E8             INX                             A:0000 X:001C Y:0000 S:0370 D:0000 DB:7E P:84 V:45  H:91 
C02FA7 $E8             INX                             A:0000 X:001D Y:0000 S:0370 D:0000 DB:7E P:04 V:45  H:94 
C02FA8 $E0 $20 $00     CPX #$0020                      A:0000 X:001E Y:0000 S:0370 D:0000 DB:7E P:04 V:45  H:97 
C02FAB $90 $F6         BCC $C02FA3                     A:0000 X:001E Y:0000 S:0370 D:0000 DB:7E P:84 V:45  H:102
C02FA3 $9E $26 $89     STZ $8926,X [7E8944] = $0000    A:0000 X:001E Y:0000 S:0370 D:0000 DB:7E P:84 V:45  H:106
C02FA6 $E8             INX                             A:0000 X:001E Y:0000 S:0370 D:0000 DB:7E P:84 V:45  H:116
C02FA7 $E8             INX                             A:0000 X:001F Y:0000 S:0370 D:0000 DB:7E P:04 V:45  H:119
C02FA8 $E0 $20 $00     CPX #$0020                      A:0000 X:0020 Y:0000 S:0370 D:0000 DB:7E P:04 V:45  H:122
C02FAB $90 $F6         BCC $C02FA3                     A:0000 X:0020 Y:0000 S:0370 D:0000 DB:7E P:07 V:45  H:127
C02FAD $A2 $00 $00     LDX #$0000                      A:0000 X:0020 Y:0000 S:0370 D:0000 DB:7E P:07 V:45  H:130
C02FB0 $9E $3E $88     STZ $883E,X [7E883E] = $0001    A:0000 X:0000 Y:0000 S:0370 D:0000 DB:7E P:07 V:45  H:144
C02FB3 $9E $FE $87     STZ $87FE,X [7E87FE] = $03DD    A:0000 X:0000 Y:0000 S:0370 D:0000 DB:7E P:07 V:45  H:154
C02FB6 $E8             INX                             A:0000 X:0000 Y:0000 S:0370 D:0000 DB:7E P:07 V:45  H:164
C02FB7 $E8             INX                             A:0000 X:0001 Y:0000 S:0370 D:0000 DB:7E P:05 V:45  H:167
C02FB8 $E0 $40 $00     CPX #$0040                      A:0000 X:0002 Y:0000 S:0370 D:0000 DB:7E P:05 V:45  H:170
C02FBB $90 $F3         BCC $C02FB0                     A:0000 X:0002 Y:0000 S:0370 D:0000 DB:7E P:84 V:45  H:175
C02FB0 $9E $3E $88     STZ $883E,X [7E8840] = $0000    A:0000 X:0002 Y:0000 S:0370 D:0000 DB:7E P:84 V:45  H:179
C02FB3 $9E $FE $87     STZ $87FE,X [7E8800] = $0000    A:0000 X:0002 Y:0000 S:0370 D:0000 DB:7E P:84 V:45  H:189
C02FB6 $E8             INX                             A:0000 X:0002 Y:0000 S:0370 D:0000 DB:7E P:84 V:45  H:199
C02FB7 $E8             INX                             A:0000 X:0003 Y:0000 S:0370 D:0000 DB:7E P:04 V:45  H:202
C02FB8 $E0 $40 $00     CPX #$0040                      A:0000 X:0004 Y:0000 S:0370 D:0000 DB:7E P:04 V:45  H:205
C02FBB $90 $F3         BCC $C02FB0                     A:0000 X:0004 Y:0000 S:0370 D:0000 DB:7E P:84 V:45  H:210
C02FB0 $9E $3E $88     STZ $883E,X [7E8842] = $0001    A:0000 X:0004 Y:0000 S:0370 D:0000 DB:7E P:84 V:45  H:214
C02FB3 $9E $FE $87     STZ $87FE,X [7E8802] = $03D7    A:0000 X:0004 Y:0000 S:0370 D:0000 DB:7E P:84 V:45  H:224
C02FB6 $E8             INX                             A:0000 X:0004 Y:0000 S:0370 D:0000 DB:7E P:84 V:45  H:234
C02FB7 $E8             INX                             A:0000 X:0005 Y:0000 S:0370 D:0000 DB:7E P:04 V:45  H:237
C02FB8 $E0 $40 $00     CPX #$0040                      A:0000 X:0006 Y:0000 S:0370 D:0000 DB:7E P:04 V:45  H:240
C02FBB $90 $F3         BCC $C02FB0                     A:0000 X:0006 Y:0000 S:0370 D:0000 DB:7E P:84 V:45  H:245
C02FB0 $9E $3E $88     STZ $883E,X [7E8844] = $0001    A:0000 X:0006 Y:0000 S:0370 D:0000 DB:7E P:84 V:45  H:249
C02FB3 $9E $FE $87     STZ $87FE,X [7E8804] = $04E4    A:0000 X:0006 Y:0000 S:0370 D:0000 DB:7E P:84 V:45  H:259
C02FB6 $E8             INX                             A:0000 X:0006 Y:0000 S:0370 D:0000 DB:7E P:84 V:45  H:269
C02FB7 $E8             INX                             A:0000 X:0007 Y:0000 S:0370 D:0000 DB:7E P:04 V:45  H:272
C02FB8 $E0 $40 $00     CPX #$0040                      A:0000 X:0008 Y:0000 S:0370 D:0000 DB:7E P:04 V:45  H:275
C02FBB $90 $F3         BCC $C02FB0                     A:0000 X:0008 Y:0000 S:0370 D:0000 DB:7E P:84 V:45  H:295
C02FB0 $9E $3E $88     STZ $883E,X [7E8846] = $0001    A:0000 X:0008 Y:0000 S:0370 D:0000 DB:7E P:84 V:45  H:299
C02FB3 $9E $FE $87     STZ $87FE,X [7E8806] = $0416    A:0000 X:0008 Y:0000 S:0370 D:0000 DB:7E P:84 V:45  H:309
C02FB6 $E8             INX                             A:0000 X:0008 Y:0000 S:0370 D:0000 DB:7E P:84 V:45  H:319
C02FB7 $E8             INX                             A:0000 X:0009 Y:0000 S:0370 D:0000 DB:7E P:04 V:45  H:322
C02FB8 $E0 $40 $00     CPX #$0040                      A:0000 X:000A Y:0000 S:0370 D:0000 DB:7E P:04 V:45  H:325
C02FBB $90 $F3         BCC $C02FB0                     A:0000 X:000A Y:0000 S:0370 D:0000 DB:7E P:84 V:45  H:329
C02FB0 $9E $3E $88     STZ $883E,X [7E8848] = $0001    A:0000 X:000A Y:0000 S:0370 D:0000 DB:7E P:84 V:45  H:333
C02FB3 $9E $FE $87     STZ $87FE,X [7E8808] = $04E5    A:0000 X:000A Y:0000 S:0370 D:0000 DB:7E P:84 V:46  H:3  
C02FB6 $E8             INX                             A:0000 X:000A Y:0000 S:0370 D:0000 DB:7E P:84 V:46  H:13 
C02FB7 $E8             INX                             A:0000 X:000B Y:0000 S:0370 D:0000 DB:7E P:04 V:46  H:16 
C02FB8 $E0 $40 $00     CPX #$0040                      A:0000 X:000C Y:0000 S:0370 D:0000 DB:7E P:04 V:46  H:19 
C02FBB $90 $F3         BCC $C02FB0                     A:0000 X:000C Y:0000 S:0370 D:0000 DB:7E P:84 V:46  H:24 
C02FB0 $9E $3E $88     STZ $883E,X [7E884A] = $0001    A:0000 X:000C Y:0000 S:0370 D:0000 DB:7E P:84 V:46  H:28 
C02FB3 $9E $FE $87     STZ $87FE,X [7E880A] = $0439    A:0000 X:000C Y:0000 S:0370 D:0000 DB:7E P:84 V:46  H:38 
C02FB6 $E8             INX                             A:0000 X:000C Y:0000 S:0370 D:0000 DB:7E P:84 V:46  H:48 
C02FB7 $E8             INX                             A:0000 X:000D Y:0000 S:0370 D:0000 DB:7E P:04 V:46  H:51 
C02FB8 $E0 $40 $00     CPX #$0040                      A:0000 X:000E Y:0000 S:0370 D:0000 DB:7E P:04 V:46  H:54 
C02FBB $90 $F3         BCC $C02FB0                     A:0000 X:000E Y:0000 S:0370 D:0000 DB:7E P:84 V:46  H:59 
C02FB0 $9E $3E $88     STZ $883E,X [7E884C] = $0001    A:0000 X:000E Y:0000 S:0370 D:0000 DB:7E P:84 V:46  H:63 
C02FB3 $9E $FE $87     STZ $87FE,X [7E880C] = $03E2    A:0000 X:000E Y:0000 S:0370 D:0000 DB:7E P:84 V:46  H:73 
C02FB6 $E8             INX                             A:0000 X:000E Y:0000 S:0370 D:0000 DB:7E P:84 V:46  H:83 
C02FB7 $E8             INX                             A:0000 X:000F Y:0000 S:0370 D:0000 DB:7E P:04 V:46  H:86 
C02FB8 $E0 $40 $00     CPX #$0040                      A:0000 X:0010 Y:0000 S:0370 D:0000 DB:7E P:04 V:46  H:89 
C02FBB $90 $F3         BCC $C02FB0                     A:0000 X:0010 Y:0000 S:0370 D:0000 DB:7E P:84 V:46  H:94 
C02FB0 $9E $3E $88     STZ $883E,X [7E884E] = $0001    A:0000 X:0010 Y:0000 S:0370 D:0000 DB:7E P:84 V:46  H:98 
C02FB3 $9E $FE $87     STZ $87FE,X [7E880E] = $0001    A:0000 X:0010 Y:0000 S:0370 D:0000 DB:7E P:84 V:46  H:108
C02FB6 $E8             INX                             A:0000 X:0010 Y:0000 S:0370 D:0000 DB:7E P:84 V:46  H:118
C02FB7 $E8             INX                             A:0000 X:0011 Y:0000 S:0370 D:0000 DB:7E P:04 V:46  H:121
C02FB8 $E0 $40 $00     CPX #$0040                      A:0000 X:0012 Y:0000 S:0370 D:0000 DB:7E P:04 V:46  H:124
C02FBB $90 $F3         BCC $C02FB0                     A:0000 X:0012 Y:0000 S:0370 D:0000 DB:7E P:84 V:46  H:129
C02FB0 $9E $3E $88     STZ $883E,X [7E8850] = $0001    A:0000 X:0012 Y:0000 S:0370 D:0000 DB:7E P:84 V:46  H:133
C02FB3 $9E $FE $87     STZ $87FE,X [7E8810] = $0002    A:0000 X:0012 Y:0000 S:0370 D:0000 DB:7E P:84 V:46  H:153
C02FB6 $E8             INX                             A:0000 X:0012 Y:0000 S:0370 D:0000 DB:7E P:84 V:46  H:163
C02FB7 $E8             INX                             A:0000 X:0013 Y:0000 S:0370 D:0000 DB:7E P:04 V:46  H:166
C02FB8 $E0 $40 $00     CPX #$0040                      A:0000 X:0014 Y:0000 S:0370 D:0000 DB:7E P:04 V:46  H:169
C02FBB $90 $F3         BCC $C02FB0                     A:0000 X:0014 Y:0000 S:0370 D:0000 DB:7E P:84 V:46  H:174
C02FB0 $9E $3E $88     STZ $883E,X [7E8852] = $0000    A:0000 X:0014 Y:0000 S:0370 D:0000 DB:7E P:84 V:46  H:178
C02FB3 $9E $FE $87     STZ $87FE,X [7E8812] = $0000    A:0000 X:0014 Y:0000 S:0370 D:0000 DB:7E P:84 V:46  H:188
C02FB6 $E8             INX                             A:0000 X:0014 Y:0000 S:0370 D:0000 DB:7E P:84 V:46  H:198
C02FB7 $E8             INX                             A:0000 X:0015 Y:0000 S:0370 D:0000 DB:7E P:04 V:46  H:201
C02FB8 $E0 $40 $00     CPX #$0040                      A:0000 X:0016 Y:0000 S:0370 D:0000 DB:7E P:04 V:46  H:204
C02FBB $90 $F3         BCC $C02FB0                     A:0000 X:0016 Y:0000 S:0370 D:0000 DB:7E P:84 V:46  H:209
C02FB0 $9E $3E $88     STZ $883E,X [7E8854] = $0000    A:0000 X:0016 Y:0000 S:0370 D:0000 DB:7E P:84 V:46  H:213
C02FB3 $9E $FE $87     STZ $87FE,X [7E8814] = $0000    A:0000 X:0016 Y:0000 S:0370 D:0000 DB:7E P:84 V:46  H:223
C02FB6 $E8             INX                             A:0000 X:0016 Y:0000 S:0370 D:0000 DB:7E P:84 V:46  H:233
C02FB7 $E8             INX                             A:0000 X:0017 Y:0000 S:0370 D:0000 DB:7E P:04 V:46  H:236
C02FB8 $E0 $40 $00     CPX #$0040                      A:0000 X:0018 Y:0000 S:0370 D:0000 DB:7E P:04 V:46  H:239
C02FBB $90 $F3         BCC $C02FB0                     A:0000 X:0018 Y:0000 S:0370 D:0000 DB:7E P:84 V:46  H:244
C02FB0 $9E $3E $88     STZ $883E,X [7E8856] = $0001    A:0000 X:0018 Y:0000 S:0370 D:0000 DB:7E P:84 V:46  H:248
C02FB3 $9E $FE $87     STZ $87FE,X [7E8816] = $0001    A:0000 X:0018 Y:0000 S:0370 D:0000 DB:7E P:84 V:46  H:258
C02FB6 $E8             INX                             A:0000 X:0018 Y:0000 S:0370 D:0000 DB:7E P:84 V:46  H:268
C02FB7 $E8             INX                             A:0000 X:0019 Y:0000 S:0370 D:0000 DB:7E P:04 V:46  H:271
C02FB8 $E0 $40 $00     CPX #$0040                      A:0000 X:001A Y:0000 S:0370 D:0000 DB:7E P:04 V:46  H:274
C02FBB $90 $F3         BCC $C02FB0                     A:0000 X:001A Y:0000 S:0370 D:0000 DB:7E P:84 V:46  H:295
C02FB0 $9E $3E $88     STZ $883E,X [7E8858] = $0001    A:0000 X:001A Y:0000 S:0370 D:0000 DB:7E P:84 V:46  H:300
C02FB3 $9E $FE $87     STZ $87FE,X [7E8818] = $0002    A:0000 X:001A Y:0000 S:0370 D:0000 DB:7E P:84 V:46  H:310
C02FB6 $E8             INX                             A:0000 X:001A Y:0000 S:0370 D:0000 DB:7E P:84 V:46  H:320
C02FB7 $E8             INX                             A:0000 X:001B Y:0000 S:0370 D:0000 DB:7E P:04 V:46  H:323
C02FB8 $E0 $40 $00     CPX #$0040                      A:0000 X:001C Y:0000 S:0370 D:0000 DB:7E P:04 V:46  H:325
C02FBB $90 $F3         BCC $C02FB0                     A:0000 X:001C Y:0000 S:0370 D:0000 DB:7E P:84 V:46  H:329
C02FB0 $9E $3E $88     STZ $883E,X [7E885A] = $0000    A:0000 X:001C Y:0000 S:0370 D:0000 DB:7E P:84 V:46  H:334
C02FB3 $9E $FE $87     STZ $87FE,X [7E881A] = $0000    A:0000 X:001C Y:0000 S:0370 D:0000 DB:7E P:84 V:47  H:4  
C02FB6 $E8             INX                             A:0000 X:001C Y:0000 S:0370 D:0000 DB:7E P:84 V:47  H:14 
C02FB7 $E8             INX                             A:0000 X:001D Y:0000 S:0370 D:0000 DB:7E P:04 V:47  H:17 
C02FB8 $E0 $40 $00     CPX #$0040                      A:0000 X:001E Y:0000 S:0370 D:0000 DB:7E P:04 V:47  H:20 
C02FBB $90 $F3         BCC $C02FB0                     A:0000 X:001E Y:0000 S:0370 D:0000 DB:7E P:84 V:47  H:24 
C02FB0 $9E $3E $88     STZ $883E,X [7E885C] = $0000    A:0000 X:001E Y:0000 S:0370 D:0000 DB:7E P:84 V:47  H:29 
C02FB3 $9E $FE $87     STZ $87FE,X [7E881C] = $0000    A:0000 X:001E Y:0000 S:0370 D:0000 DB:7E P:84 V:47  H:39 
C02FB6 $E8             INX                             A:0000 X:001E Y:0000 S:0370 D:0000 DB:7E P:84 V:47  H:49 
C02FB7 $E8             INX                             A:0000 X:001F Y:0000 S:0370 D:0000 DB:7E P:04 V:47  H:52 
C02FB8 $E0 $40 $00     CPX #$0040                      A:0000 X:0020 Y:0000 S:0370 D:0000 DB:7E P:04 V:47  H:55 
C02FBB $90 $F3         BCC $C02FB0                     A:0000 X:0020 Y:0000 S:0370 D:0000 DB:7E P:84 V:47  H:59 
C02FB0 $9E $3E $88     STZ $883E,X [7E885E] = $0000    A:0000 X:0020 Y:0000 S:0370 D:0000 DB:7E P:84 V:47  H:64 
C02FB3 $9E $FE $87     STZ $87FE,X [7E881E] = $0000    A:0000 X:0020 Y:0000 S:0370 D:0000 DB:7E P:84 V:47  H:74 
C02FB6 $E8             INX                             A:0000 X:0020 Y:0000 S:0370 D:0000 DB:7E P:84 V:47  H:84 
C02FB7 $E8             INX                             A:0000 X:0021 Y:0000 S:0370 D:0000 DB:7E P:04 V:47  H:87 
C02FB8 $E0 $40 $00     CPX #$0040                      A:0000 X:0022 Y:0000 S:0370 D:0000 DB:7E P:04 V:47  H:90 
C02FBB $90 $F3         BCC $C02FB0                     A:0000 X:0022 Y:0000 S:0370 D:0000 DB:7E P:84 V:47  H:94 
C02FB0 $9E $3E $88     STZ $883E,X [7E8860] = $0000    A:0000 X:0022 Y:0000 S:0370 D:0000 DB:7E P:84 V:47  H:99 
C02FB3 $9E $FE $87     STZ $87FE,X [7E8820] = $0000    A:0000 X:0022 Y:0000 S:0370 D:0000 DB:7E P:84 V:47  H:109
C02FB6 $E8             INX                             A:0000 X:0022 Y:0000 S:0370 D:0000 DB:7E P:84 V:47  H:119
C02FB7 $E8             INX                             A:0000 X:0023 Y:0000 S:0370 D:0000 DB:7E P:04 V:47  H:122
C02FB8 $E0 $40 $00     CPX #$0040                      A:0000 X:0024 Y:0000 S:0370 D:0000 DB:7E P:04 V:47  H:125
C02FBB $90 $F3         BCC $C02FB0                     A:0000 X:0024 Y:0000 S:0370 D:0000 DB:7E P:84 V:47  H:129
C02FB0 $9E $3E $88     STZ $883E,X [7E8862] = $0000    A:0000 X:0024 Y:0000 S:0370 D:0000 DB:7E P:84 V:47  H:144
C02FB3 $9E $FE $87     STZ $87FE,X [7E8822] = $0000    A:0000 X:0024 Y:0000 S:0370 D:0000 DB:7E P:84 V:47  H:154
C02FB6 $E8             INX                             A:0000 X:0024 Y:0000 S:0370 D:0000 DB:7E P:84 V:47  H:164
C02FB7 $E8             INX                             A:0000 X:0025 Y:0000 S:0370 D:0000 DB:7E P:04 V:47  H:167
C02FB8 $E0 $40 $00     CPX #$0040                      A:0000 X:0026 Y:0000 S:0370 D:0000 DB:7E P:04 V:47  H:170
C02FBB $90 $F3         BCC $C02FB0                     A:0000 X:0026 Y:0000 S:0370 D:0000 DB:7E P:84 V:47  H:174
C02FB0 $9E $3E $88     STZ $883E,X [7E8864] = $0000    A:0000 X:0026 Y:0000 S:0370 D:0000 DB:7E P:84 V:47  H:179
C02FB3 $9E $FE $87     STZ $87FE,X [7E8824] = $0000    A:0000 X:0026 Y:0000 S:0370 D:0000 DB:7E P:84 V:47  H:189
C02FB6 $E8             INX                             A:0000 X:0026 Y:0000 S:0370 D:0000 DB:7E P:84 V:47  H:199
C02FB7 $E8             INX                             A:0000 X:0027 Y:0000 S:0370 D:0000 DB:7E P:04 V:47  H:202
C02FB8 $E0 $40 $00     CPX #$0040                      A:0000 X:0028 Y:0000 S:0370 D:0000 DB:7E P:04 V:47  H:205
C02FBB $90 $F3         BCC $C02FB0                     A:0000 X:0028 Y:0000 S:0370 D:0000 DB:7E P:84 V:47  H:209
C02FB0 $9E $3E $88     STZ $883E,X [7E8866] = $0000    A:0000 X:0028 Y:0000 S:0370 D:0000 DB:7E P:84 V:47  H:214
C02FB3 $9E $FE $87     STZ $87FE,X [7E8826] = $0000    A:0000 X:0028 Y:0000 S:0370 D:0000 DB:7E P:84 V:47  H:224
C02FB6 $E8             INX                             A:0000 X:0028 Y:0000 S:0370 D:0000 DB:7E P:84 V:47  H:234
C02FB7 $E8             INX                             A:0000 X:0029 Y:0000 S:0370 D:0000 DB:7E P:04 V:47  H:237
C02FB8 $E0 $40 $00     CPX #$0040                      A:0000 X:002A Y:0000 S:0370 D:0000 DB:7E P:04 V:47  H:240
C02FBB $90 $F3         BCC $C02FB0                     A:0000 X:002A Y:0000 S:0370 D:0000 DB:7E P:84 V:47  H:244
C02FB0 $9E $3E $88     STZ $883E,X [7E8868] = $0000    A:0000 X:002A Y:0000 S:0370 D:0000 DB:7E P:84 V:47  H:249
C02FB3 $9E $FE $87     STZ $87FE,X [7E8828] = $0000    A:0000 X:002A Y:0000 S:0370 D:0000 DB:7E P:84 V:47  H:259
C02FB6 $E8             INX                             A:0000 X:002A Y:0000 S:0370 D:0000 DB:7E P:84 V:47  H:269
C02FB7 $E8             INX                             A:0000 X:002B Y:0000 S:0370 D:0000 DB:7E P:04 V:47  H:272
C02FB8 $E0 $40 $00     CPX #$0040                      A:0000 X:002C Y:0000 S:0370 D:0000 DB:7E P:04 V:47  H:275
C02FBB $90 $F3         BCC $C02FB0                     A:0000 X:002C Y:0000 S:0370 D:0000 DB:7E P:84 V:47  H:320
C02FB0 $9E $3E $88     STZ $883E,X [7E886A] = $0000    A:0000 X:002C Y:0000 S:0370 D:0000 DB:7E P:84 V:47  H:324
C02FB3 $9E $FE $87     STZ $87FE,X [7E882A] = $0000    A:0000 X:002C Y:0000 S:0370 D:0000 DB:7E P:84 V:47  H:333
C02FB6 $E8             INX                             A:0000 X:002C Y:0000 S:0370 D:0000 DB:7E P:84 V:48  H:3  
C02FB7 $E8             INX                             A:0000 X:002D Y:0000 S:0370 D:0000 DB:7E P:04 V:48  H:6  
C02FB8 $E0 $40 $00     CPX #$0040                      A:0000 X:002E Y:0000 S:0370 D:0000 DB:7E P:04 V:48  H:9  
C02FBB $90 $F3         BCC $C02FB0                     A:0000 X:002E Y:0000 S:0370 D:0000 DB:7E P:84 V:48  H:14 
C02FB0 $9E $3E $88     STZ $883E,X [7E886C] = $0000    A:0000 X:002E Y:0000 S:0370 D:0000 DB:7E P:84 V:48  H:18 
C02FB3 $9E $FE $87     STZ $87FE,X [7E882C] = $0000    A:0000 X:002E Y:0000 S:0370 D:0000 DB:7E P:84 V:48  H:28 
C02FB6 $E8             INX                             A:0000 X:002E Y:0000 S:0370 D:0000 DB:7E P:84 V:48  H:38 
C02FB7 $E8             INX                             A:0000 X:002F Y:0000 S:0370 D:0000 DB:7E P:04 V:48  H:41 
C02FB8 $E0 $40 $00     CPX #$0040                      A:0000 X:0030 Y:0000 S:0370 D:0000 DB:7E P:04 V:48  H:44 
C02FBB $90 $F3         BCC $C02FB0                     A:0000 X:0030 Y:0000 S:0370 D:0000 DB:7E P:84 V:48  H:49 
C02FB0 $9E $3E $88     STZ $883E,X [7E886E] = $0000    A:0000 X:0030 Y:0000 S:0370 D:0000 DB:7E P:84 V:48  H:53 
C02FB3 $9E $FE $87     STZ $87FE,X [7E882E] = $0000    A:0000 X:0030 Y:0000 S:0370 D:0000 DB:7E P:84 V:48  H:63 
C02FB6 $E8             INX                             A:0000 X:0030 Y:0000 S:0370 D:0000 DB:7E P:84 V:48  H:73 
C02FB7 $E8             INX                             A:0000 X:0031 Y:0000 S:0370 D:0000 DB:7E P:04 V:48  H:76 
C02FB8 $E0 $40 $00     CPX #$0040                      A:0000 X:0032 Y:0000 S:0370 D:0000 DB:7E P:04 V:48  H:79 
C02FBB $90 $F3         BCC $C02FB0                     A:0000 X:0032 Y:0000 S:0370 D:0000 DB:7E P:84 V:48  H:84 
C02FB0 $9E $3E $88     STZ $883E,X [7E8870] = $0000    A:0000 X:0032 Y:0000 S:0370 D:0000 DB:7E P:84 V:48  H:88 
C02FB3 $9E $FE $87     STZ $87FE,X [7E8830] = $0000    A:0000 X:0032 Y:0000 S:0370 D:0000 DB:7E P:84 V:48  H:98 
C02FB6 $E8             INX                             A:0000 X:0032 Y:0000 S:0370 D:0000 DB:7E P:84 V:48  H:108
C02FB7 $E8             INX                             A:0000 X:0033 Y:0000 S:0370 D:0000 DB:7E P:04 V:48  H:111
C02FB8 $E0 $40 $00     CPX #$0040                      A:0000 X:0034 Y:0000 S:0370 D:0000 DB:7E P:04 V:48  H:114
C02FBB $90 $F3         BCC $C02FB0                     A:0000 X:0034 Y:0000 S:0370 D:0000 DB:7E P:84 V:48  H:119
C02FB0 $9E $3E $88     STZ $883E,X [7E8872] = $0000    A:0000 X:0034 Y:0000 S:0370 D:0000 DB:7E P:84 V:48  H:123
C02FB3 $9E $FE $87     STZ $87FE,X [7E8832] = $0000    A:0000 X:0034 Y:0000 S:0370 D:0000 DB:7E P:84 V:48  H:133
C02FB6 $E8             INX                             A:0000 X:0034 Y:0000 S:0370 D:0000 DB:7E P:84 V:48  H:153
C02FB7 $E8             INX                             A:0000 X:0035 Y:0000 S:0370 D:0000 DB:7E P:04 V:48  H:156
C02FB8 $E0 $40 $00     CPX #$0040                      A:0000 X:0036 Y:0000 S:0370 D:0000 DB:7E P:04 V:48  H:159
C02FBB $90 $F3         BCC $C02FB0                     A:0000 X:0036 Y:0000 S:0370 D:0000 DB:7E P:84 V:48  H:164
C02FB0 $9E $3E $88     STZ $883E,X [7E8874] = $0000    A:0000 X:0036 Y:0000 S:0370 D:0000 DB:7E P:84 V:48  H:168
C02FB3 $9E $FE $87     STZ $87FE,X [7E8834] = $0000    A:0000 X:0036 Y:0000 S:0370 D:0000 DB:7E P:84 V:48  H:178
C02FB6 $E8             INX                             A:0000 X:0036 Y:0000 S:0370 D:0000 DB:7E P:84 V:48  H:188
C02FB7 $E8             INX                             A:0000 X:0037 Y:0000 S:0370 D:0000 DB:7E P:04 V:48  H:191
C02FB8 $E0 $40 $00     CPX #$0040                      A:0000 X:0038 Y:0000 S:0370 D:0000 DB:7E P:04 V:48  H:194
C02FBB $90 $F3         BCC $C02FB0                     A:0000 X:0038 Y:0000 S:0370 D:0000 DB:7E P:84 V:48  H:199
C02FB0 $9E $3E $88     STZ $883E,X [7E8876] = $0000    A:0000 X:0038 Y:0000 S:0370 D:0000 DB:7E P:84 V:48  H:203
C02FB3 $9E $FE $87     STZ $87FE,X [7E8836] = $0000    A:0000 X:0038 Y:0000 S:0370 D:0000 DB:7E P:84 V:48  H:213
C02FB6 $E8             INX                             A:0000 X:0038 Y:0000 S:0370 D:0000 DB:7E P:84 V:48  H:223
C02FB7 $E8             INX                             A:0000 X:0039 Y:0000 S:0370 D:0000 DB:7E P:04 V:48  H:226
C02FB8 $E0 $40 $00     CPX #$0040                      A:0000 X:003A Y:0000 S:0370 D:0000 DB:7E P:04 V:48  H:229
C02FBB $90 $F3         BCC $C02FB0                     A:0000 X:003A Y:0000 S:0370 D:0000 DB:7E P:84 V:48  H:234
C02FB0 $9E $3E $88     STZ $883E,X [7E8878] = $0000    A:0000 X:003A Y:0000 S:0370 D:0000 DB:7E P:84 V:48  H:238
C02FB3 $9E $FE $87     STZ $87FE,X [7E8838] = $0000    A:0000 X:003A Y:0000 S:0370 D:0000 DB:7E P:84 V:48  H:248
C02FB6 $E8             INX                             A:0000 X:003A Y:0000 S:0370 D:0000 DB:7E P:84 V:48  H:258
C02FB7 $E8             INX                             A:0000 X:003B Y:0000 S:0370 D:0000 DB:7E P:04 V:48  H:261
C02FB8 $E0 $40 $00     CPX #$0040                      A:0000 X:003C Y:0000 S:0370 D:0000 DB:7E P:04 V:48  H:264
C02FBB $90 $F3         BCC $C02FB0                     A:0000 X:003C Y:0000 S:0370 D:0000 DB:7E P:84 V:48  H:269
C02FB0 $9E $3E $88     STZ $883E,X [7E887A] = $0000    A:0000 X:003C Y:0000 S:0370 D:0000 DB:7E P:84 V:48  H:273
C02FB3 $9E $FE $87     STZ $87FE,X [7E883A] = $0000    A:0000 X:003C Y:0000 S:0370 D:0000 DB:7E P:84 V:48  H:326
C02FB6 $E8             INX                             A:0000 X:003C Y:0000 S:0370 D:0000 DB:7E P:84 V:48  H:336
C02FB7 $E8             INX                             A:0000 X:003D Y:0000 S:0370 D:0000 DB:7E P:04 V:48  H:339
C02FB8 $E0 $40 $00     CPX #$0040                      A:0000 X:003E Y:0000 S:0370 D:0000 DB:7E P:04 V:49  H:2  
C02FBB $90 $F3         BCC $C02FB0                     A:0000 X:003E Y:0000 S:0370 D:0000 DB:7E P:84 V:49  H:6  
C02FB0 $9E $3E $88     STZ $883E,X [7E887C] = $0000    A:0000 X:003E Y:0000 S:0370 D:0000 DB:7E P:84 V:49  H:11 
C02FB3 $9E $FE $87     STZ $87FE,X [7E883C] = $0000    A:0000 X:003E Y:0000 S:0370 D:0000 DB:7E P:84 V:49  H:21 
C02FB6 $E8             INX                             A:0000 X:003E Y:0000 S:0370 D:0000 DB:7E P:84 V:49  H:31 
C02FB7 $E8             INX                             A:0000 X:003F Y:0000 S:0370 D:0000 DB:7E P:04 V:49  H:34 
C02FB8 $E0 $40 $00     CPX #$0040                      A:0000 X:0040 Y:0000 S:0370 D:0000 DB:7E P:04 V:49  H:37 
C02FBB $90 $F3         BCC $C02FB0                     A:0000 X:0040 Y:0000 S:0370 D:0000 DB:7E P:07 V:49  H:41 
C02FBD $A2 $00 $00     LDX #$0000                      A:0000 X:0040 Y:0000 S:0370 D:0000 DB:7E P:07 V:49  H:44 
C02FC0 $9E $FE $7F     STZ $7FFE,X [7E7FFE] = $0000    A:0000 X:0000 Y:0000 S:0370 D:0000 DB:7E P:07 V:49  H:49 
C02FC3 $9E $FE $83     STZ $83FE,X [7E83FE] = $0000    A:0000 X:0000 Y:0000 S:0370 D:0000 DB:7E P:07 V:49  H:59 
C02FC6 $9E $FE $81     STZ $81FE,X [7E81FE] = $0000    A:0000 X:0000 Y:0000 S:0370 D:0000 DB:7E P:07 V:49  H:69 
C02FC9 $9E $FE $85     STZ $85FE,X [7E85FE] = $0000    A:0000 X:0000 Y:0000 S:0370 D:0000 DB:7E P:07 V:49  H:79 
C02FCC $E8             INX                             A:0000 X:0000 Y:0000 S:0370 D:0000 DB:7E P:07 V:49  H:89 
C02FCD $E8             INX                             A:0000 X:0001 Y:0000 S:0370 D:0000 DB:7E P:05 V:49  H:92 
C02FCE $E0 $00 $02     CPX #$0200                      A:0000 X:0002 Y:0000 S:0370 D:0000 DB:7E P:05 V:49  H:95 
C02FD1 $90 $ED         BCC $C02FC0                     A:0000 X:0002 Y:0000 S:0370 D:0000 DB:7E P:84 V:49  H:99 
C02FC0 $9E $FE $7F     STZ $7FFE,X [7E8000] = $0000    A:0000 X:0002 Y:0000 S:0370 D:0000 DB:7E P:84 V:49  H:104
C02FC3 $9E $FE $83     STZ $83FE,X [7E8400] = $0000    A:0000 X:0002 Y:0000 S:0370 D:0000 DB:7E P:84 V:49  H:114
C02FC6 $9E $FE $81     STZ $81FE,X [7E8200] = $0000    A:0000 X:0002 Y:0000 S:0370 D:0000 DB:7E P:84 V:49  H:124
C02FC9 $9E $FE $85     STZ $85FE,X [7E8600] = $0000    A:0000 X:0002 Y:0000 S:0370 D:0000 DB:7E P:84 V:49  H:144
C02FCC $E8             INX                             A:0000 X:0002 Y:0000 S:0370 D:0000 DB:7E P:84 V:49  H:154
C02FCD $E8             INX                             A:0000 X:0003 Y:0000 S:0370 D:0000 DB:7E P:04 V:49  H:157
C02FCE $E0 $00 $02     CPX #$0200                      A:0000 X:0004 Y:0000 S:0370 D:0000 DB:7E P:04 V:49  H:160
C02FD1 $90 $ED         BCC $C02FC0                     A:0000 X:0004 Y:0000 S:0370 D:0000 DB:7E P:84 V:49  H:164
C02FC0 $9E $FE $7F     STZ $7FFE,X [7E8002] = $0000    A:0000 X:0004 Y:0000 S:0370 D:0000 DB:7E P:84 V:49  H:169
C02FC3 $9E $FE $83     STZ $83FE,X [7E8402] = $0000    A:0000 X:0004 Y:0000 S:0370 D:0000 DB:7E P:84 V:49  H:179
C02FC6 $9E $FE $81     STZ $81FE,X [7E8202] = $0000    A:0000 X:0004 Y:0000 S:0370 D:0000 DB:7E P:84 V:49  H:189
C02FC9 $9E $FE $85     STZ $85FE,X [7E8602] = $0000    A:0000 X:0004 Y:0000 S:0370 D:0000 DB:7E P:84 V:49  H:199
C02FCC $E8             INX                             A:0000 X:0004 Y:0000 S:0370 D:0000 DB:7E P:84 V:49  H:209
C02FCD $E8             INX                             A:0000 X:0005 Y:0000 S:0370 D:0000 DB:7E P:04 V:49  H:212
C02FCE $E0 $00 $02     CPX #$0200                      A:0000 X:0006 Y:0000 S:0370 D:0000 DB:7E P:04 V:49  H:215
C02FD1 $90 $ED         BCC $C02FC0                     A:0000 X:0006 Y:0000 S:0370 D:0000 DB:7E P:84 V:49  H:219
C02FC0 $9E $FE $7F     STZ $7FFE,X [7E8004] = $0000    A:0000 X:0006 Y:0000 S:0370 D:0000 DB:7E P:84 V:49  H:224
C02FC3 $9E $FE $83     STZ $83FE,X [7E8404] = $0000    A:0000 X:0006 Y:0000 S:0370 D:0000 DB:7E P:84 V:49  H:234
C02FC6 $9E $FE $81     STZ $81FE,X [7E8204] = $0000    A:0000 X:0006 Y:0000 S:0370 D:0000 DB:7E P:84 V:49  H:244
C02FC9 $9E $FE $85     STZ $85FE,X [7E8604] = $0000    A:0000 X:0006 Y:0000 S:0370 D:0000 DB:7E P:84 V:49  H:254
C02FCC $E8             INX                             A:0000 X:0006 Y:0000 S:0370 D:0000 DB:7E P:84 V:49  H:264
C02FCD $E8             INX                             A:0000 X:0007 Y:0000 S:0370 D:0000 DB:7E P:04 V:49  H:267
C02FCE $E0 $00 $02     CPX #$0200                      A:0000 X:0008 Y:0000 S:0370 D:0000 DB:7E P:04 V:49  H:270
C02FD1 $90 $ED         BCC $C02FC0                     A:0000 X:0008 Y:0000 S:0370 D:0000 DB:7E P:84 V:49  H:274
C02FC0 $9E $FE $7F     STZ $7FFE,X [7E8006] = $0000    A:0000 X:0008 Y:0000 S:0370 D:0000 DB:7E P:84 V:49  H:295
C02FC3 $9E $FE $83     STZ $83FE,X [7E8406] = $0000    A:0000 X:0008 Y:0000 S:0370 D:0000 DB:7E P:84 V:49  H:305
C02FC6 $9E $FE $81     STZ $81FE,X [7E8206] = $0000    A:0000 X:0008 Y:0000 S:0370 D:0000 DB:7E P:84 V:49  H:315
C02FC9 $9E $FE $85     STZ $85FE,X [7E8606] = $0000    A:0000 X:0008 Y:0000 S:0370 D:0000 DB:7E P:84 V:49  H:325
C02FCC $E8             INX                             A:0000 X:0008 Y:0000 S:0370 D:0000 DB:7E P:84 V:49  H:334
C02FCD $E8             INX                             A:0000 X:0009 Y:0000 S:0370 D:0000 DB:7E P:04 V:49  H:337
C02FCE $E0 $00 $02     CPX #$0200                      A:0000 X:000A Y:0000 S:0370 D:0000 DB:7E P:04 V:50  H:0  
C02FD1 $90 $ED         BCC $C02FC0                     A:0000 X:000A Y:0000 S:0370 D:0000 DB:7E P:84 V:50  H:5  
C02FC0 $9E $FE $7F     STZ $7FFE,X [7E8008] = $0000    A:0000 X:000A Y:0000 S:0370 D:0000 DB:7E P:84 V:50  H:9  
C02FC3 $9E $FE $83     STZ $83FE,X [7E8408] = $0000    A:0000 X:000A Y:0000 S:0370 D:0000 DB:7E P:84 V:50  H:19 
C02FC6 $9E $FE $81     STZ $81FE,X [7E8208] = $0000    A:0000 X:000A Y:0000 S:0370 D:0000 DB:7E P:84 V:50  H:29 
C02FC9 $9E $FE $85     STZ $85FE,X [7E8608] = $0000    A:0000 X:000A Y:0000 S:0370 D:0000 DB:7E P:84 V:50  H:39 
C02FCC $E8             INX                             A:0000 X:000A Y:0000 S:0370 D:0000 DB:7E P:84 V:50  H:49 
C02FCD $E8             INX                             A:0000 X:000B Y:0000 S:0370 D:0000 DB:7E P:04 V:50  H:52 
C02FCE $E0 $00 $02     CPX #$0200                      A:0000 X:000C Y:0000 S:0370 D:0000 DB:7E P:04 V:50  H:55 
C02FD1 $90 $ED         BCC $C02FC0                     A:0000 X:000C Y:0000 S:0370 D:0000 DB:7E P:84 V:50  H:60 
C02FC0 $9E $FE $7F     STZ $7FFE,X [7E800A] = $0000    A:0000 X:000C Y:0000 S:0370 D:0000 DB:7E P:84 V:50  H:64 
C02FC3 $9E $FE $83     STZ $83FE,X [7E840A] = $0000    A:0000 X:000C Y:0000 S:0370 D:0000 DB:7E P:84 V:50  H:74 
C02FC6 $9E $FE $81     STZ $81FE,X [7E820A] = $0000    A:0000 X:000C Y:0000 S:0370 D:0000 DB:7E P:84 V:50  H:84 
C02FC9 $9E $FE $85     STZ $85FE,X [7E860A] = $0000    A:0000 X:000C Y:0000 S:0370 D:0000 DB:7E P:84 V:50  H:94 
C02FCC $E8             INX                             A:0000 X:000C Y:0000 S:0370 D:0000 DB:7E P:84 V:50  H:104
C02FCD $E8             INX                             A:0000 X:000D Y:0000 S:0370 D:0000 DB:7E P:04 V:50  H:107
C02FCE $E0 $00 $02     CPX #$0200                      A:0000 X:000E Y:0000 S:0370 D:0000 DB:7E P:04 V:50  H:110
C02FD1 $90 $ED         BCC $C02FC0                     A:0000 X:000E Y:0000 S:0370 D:0000 DB:7E P:84 V:50  H:115
C02FC0 $9E $FE $7F     STZ $7FFE,X [7E800C] = $0000    A:0000 X:000E Y:0000 S:0370 D:0000 DB:7E P:84 V:50  H:119
C02FC3 $9E $FE $83     STZ $83FE,X [7E840C] = $0000    A:0000 X:000E Y:0000 S:0370 D:0000 DB:7E P:84 V:50  H:129
C02FC6 $9E $FE $81     STZ $81FE,X [7E820C] = $0000    A:0000 X:000E Y:0000 S:0370 D:0000 DB:7E P:84 V:50  H:149
C02FC9 $9E $FE $85     STZ $85FE,X [7E860C] = $0000    A:0000 X:000E Y:0000 S:0370 D:0000 DB:7E P:84 V:50  H:159
C02FCC $E8             INX                             A:0000 X:000E Y:0000 S:0370 D:0000 DB:7E P:84 V:50  H:169
C02FCD $E8             INX                             A:0000 X:000F Y:0000 S:0370 D:0000 DB:7E P:04 V:50  H:172
C02FCE $E0 $00 $02     CPX #$0200                      A:0000 X:0010 Y:0000 S:0370 D:0000 DB:7E P:04 V:50  H:175
C02FD1 $90 $ED         BCC $C02FC0                     A:0000 X:0010 Y:0000 S:0370 D:0000 DB:7E P:84 V:50  H:180
C02FC0 $9E $FE $7F     STZ $7FFE,X [7E800E] = $0000    A:0000 X:0010 Y:0000 S:0370 D:0000 DB:7E P:84 V:50  H:184
C02FC3 $9E $FE $83     STZ $83FE,X [7E840E] = $0000    A:0000 X:0010 Y:0000 S:0370 D:0000 DB:7E P:84 V:50  H:194
C02FC6 $9E $FE $81     STZ $81FE,X [7E820E] = $0000    A:0000 X:0010 Y:0000 S:0370 D:0000 DB:7E P:84 V:50  H:204
C02FC9 $9E $FE $85     STZ $85FE,X [7E860E] = $0000    A:0000 X:0010 Y:0000 S:0370 D:0000 DB:7E P:84 V:50  H:214
C02FCC $E8             INX                             A:0000 X:0010 Y:0000 S:0370 D:0000 DB:7E P:84 V:50  H:224
C02FCD $E8             INX                             A:0000 X:0011 Y:0000 S:0370 D:0000 DB:7E P:04 V:50  H:227
C02FCE $E0 $00 $02     CPX #$0200                      A:0000 X:0012 Y:0000 S:0370 D:0000 DB:7E P:04 V:50  H:230
C02FD1 $90 $ED         BCC $C02FC0                     A:0000 X:0012 Y:0000 S:0370 D:0000 DB:7E P:84 V:50  H:235
C02FC0 $9E $FE $7F     STZ $7FFE,X [7E8010] = $0000    A:0000 X:0012 Y:0000 S:0370 D:0000 DB:7E P:84 V:50  H:239
C02FC3 $9E $FE $83     STZ $83FE,X [7E8410] = $1868    A:0000 X:0012 Y:0000 S:0370 D:0000 DB:7E P:84 V:50  H:249
C02FC6 $9E $FE $81     STZ $81FE,X [7E8210] = $0000    A:0000 X:0012 Y:0000 S:0370 D:0000 DB:7E P:84 V:50  H:259
C02FC9 $9E $FE $85     STZ $85FE,X [7E8610] = $0000    A:0000 X:0012 Y:0000 S:0370 D:0000 DB:7E P:84 V:50  H:269
C02FCC $E8             INX                             A:0000 X:0012 Y:0000 S:0370 D:0000 DB:7E P:84 V:50  H:295
C02FCD $E8             INX                             A:0000 X:0013 Y:0000 S:0370 D:0000 DB:7E P:04 V:50  H:298
C02FCE $E0 $00 $02     CPX #$0200                      A:0000 X:0014 Y:0000 S:0370 D:0000 DB:7E P:04 V:50  H:301
C02FD1 $90 $ED         BCC $C02FC0                     A:0000 X:0014 Y:0000 S:0370 D:0000 DB:7E P:84 V:50  H:306
C02FC0 $9E $FE $7F     STZ $7FFE,X [7E8012] = $0000    A:0000 X:0014 Y:0000 S:0370 D:0000 DB:7E P:84 V:50  H:310
C02FC3 $9E $FE $83     STZ $83FE,X [7E8412] = $28ED    A:0000 X:0014 Y:0000 S:0370 D:0000 DB:7E P:84 V:50  H:320
C02FC6 $9E $FE $81     STZ $81FE,X [7E8212] = $0000    A:0000 X:0014 Y:0000 S:0370 D:0000 DB:7E P:84 V:50  H:329
C02FC9 $9E $FE $85     STZ $85FE,X [7E8612] = $0000    A:0000 X:0014 Y:0000 S:0370 D:0000 DB:7E P:84 V:50  H:339
C02FCC $E8             INX                             A:0000 X:0014 Y:0000 S:0370 D:0000 DB:7E P:84 V:51  H:9  
C02FCD $E8             INX                             A:0000 X:0015 Y:0000 S:0370 D:0000 DB:7E P:04 V:51  H:12 
C02FCE $E0 $00 $02     CPX #$0200                      A:0000 X:0016 Y:0000 S:0370 D:0000 DB:7E P:04 V:51  H:15 
C02FD1 $90 $ED         BCC $C02FC0                     A:0000 X:0016 Y:0000 S:0370 D:0000 DB:7E P:84 V:51  H:20 
C02FC0 $9E $FE $7F     STZ $7FFE,X [7E8014] = $0000    A:0000 X:0016 Y:0000 S:0370 D:0000 DB:7E P:84 V:51  H:24 
C02FC3 $9E $FE $83     STZ $83FE,X [7E8414] = $41B2    A:0000 X:0016 Y:0000 S:0370 D:0000 DB:7E P:84 V:51  H:34 
C02FC6 $9E $FE $81     STZ $81FE,X [7E8214] = $0000    A:0000 X:0016 Y:0000 S:0370 D:0000 DB:7E P:84 V:51  H:44 
C02FC9 $9E $FE $85     STZ $85FE,X [7E8614] = $0000    A:0000 X:0016 Y:0000 S:0370 D:0000 DB:7E P:84 V:51  H:54 
C02FCC $E8             INX                             A:0000 X:0016 Y:0000 S:0370 D:0000 DB:7E P:84 V:51  H:64 
C02FCD $E8             INX                             A:0000 X:0017 Y:0000 S:0370 D:0000 DB:7E P:04 V:51  H:67 
C02FCE $E0 $00 $02     CPX #$0200                      A:0000 X:0018 Y:0000 S:0370 D:0000 DB:7E P:04 V:51  H:70 
C02FD1 $90 $ED         BCC $C02FC0                     A:0000 X:0018 Y:0000 S:0370 D:0000 DB:7E P:84 V:51  H:75 
C02FC0 $9E $FE $7F     STZ $7FFE,X [7E8016] = $0000    A:0000 X:0018 Y:0000 S:0370 D:0000 DB:7E P:84 V:51  H:79 
C02FC3 $9E $FE $83     STZ $83FE,X [7E8416] = $0000    A:0000 X:0018 Y:0000 S:0370 D:0000 DB:7E P:84 V:51  H:89 
C02FC6 $9E $FE $81     STZ $81FE,X [7E8216] = $0000    A:0000 X:0018 Y:0000 S:0370 D:0000 DB:7E P:84 V:51  H:99 
C02FC9 $9E $FE $85     STZ $85FE,X [7E8616] = $0000    A:0000 X:0018 Y:0000 S:0370 D:0000 DB:7E P:84 V:51  H:109
C02FCC $E8             INX                             A:0000 X:0018 Y:0000 S:0370 D:0000 DB:7E P:84 V:51  H:119
C02FCD $E8             INX                             A:0000 X:0019 Y:0000 S:0370 D:0000 DB:7E P:04 V:51  H:122
C02FCE $E0 $00 $02     CPX #$0200                      A:0000 X:001A Y:0000 S:0370 D:0000 DB:7E P:04 V:51  H:125
C02FD1 $90 $ED         BCC $C02FC0                     A:0000 X:001A Y:0000 S:0370 D:0000 DB:7E P:84 V:51  H:130
C02FC0 $9E $FE $7F     STZ $7FFE,X [7E8018] = $0000    A:0000 X:001A Y:0000 S:0370 D:0000 DB:7E P:84 V:51  H:144
C02FC3 $9E $FE $83     STZ $83FE,X [7E8418] = $0000    A:0000 X:001A Y:0000 S:0370 D:0000 DB:7E P:84 V:51  H:154
C02FC6 $9E $FE $81     STZ $81FE,X [7E8218] = $0000    A:0000 X:001A Y:0000 S:0370 D:0000 DB:7E P:84 V:51  H:164
C02FC9 $9E $FE $85     STZ $85FE,X [7E8618] = $0000    A:0000 X:001A Y:0000 S:0370 D:0000 DB:7E P:84 V:51  H:174
C02FCC $E8             INX                             A:0000 X:001A Y:0000 S:0370 D:0000 DB:7E P:84 V:51  H:184
C02FCD $E8             INX                             A:0000 X:001B Y:0000 S:0370 D:0000 DB:7E P:04 V:51  H:187
C02FCE $E0 $00 $02     CPX #$0200                      A:0000 X:001C Y:0000 S:0370 D:0000 DB:7E P:04 V:51  H:190
C02FD1 $90 $ED         BCC $C02FC0                     A:0000 X:001C Y:0000 S:0370 D:0000 DB:7E P:84 V:51  H:195
C02FC0 $9E $FE $7F     STZ $7FFE,X [7E801A] = $0000    A:0000 X:001C Y:0000 S:0370 D:0000 DB:7E P:84 V:51  H:199
C02FC3 $9E $FE $83     STZ $83FE,X [7E841A] = $0000    A:0000 X:001C Y:0000 S:0370 D:0000 DB:7E P:84 V:51  H:209
C02FC6 $9E $FE $81     STZ $81FE,X [7E821A] = $0000    A:0000 X:001C Y:0000 S:0370 D:0000 DB:7E P:84 V:51  H:219
C02FC9 $9E $FE $85     STZ $85FE,X [7E861A] = $0000    A:0000 X:001C Y:0000 S:0370 D:0000 DB:7E P:84 V:51  H:229
C02FCC $E8             INX                             A:0000 X:001C Y:0000 S:0370 D:0000 DB:7E P:84 V:51  H:239
C02FCD $E8             INX                             A:0000 X:001D Y:0000 S:0370 D:0000 DB:7E P:04 V:51  H:242
C02FCE $E0 $00 $02     CPX #$0200                      A:0000 X:001E Y:0000 S:0370 D:0000 DB:7E P:04 V:51  H:245
C02FD1 $90 $ED         BCC $C02FC0                     A:0000 X:001E Y:0000 S:0370 D:0000 DB:7E P:84 V:51  H:250
C02FC0 $9E $FE $7F     STZ $7FFE,X [7E801C] = $0000    A:0000 X:001E Y:0000 S:0370 D:0000 DB:7E P:84 V:51  H:254
C02FC3 $9E $FE $83     STZ $83FE,X [7E841C] = $0000    A:0000 X:001E Y:0000 S:0370 D:0000 DB:7E P:84 V:51  H:264
C02FC6 $9E $FE $81     STZ $81FE,X [7E821C] = $0000    A:0000 X:001E Y:0000 S:0370 D:0000 DB:7E P:84 V:51  H:274
C02FC9 $9E $FE $85     STZ $85FE,X [7E861C] = $0000    A:0000 X:001E Y:0000 S:0370 D:0000 DB:7E P:84 V:51  H:301
C02FCC $E8             INX                             A:0000 X:001E Y:0000 S:0370 D:0000 DB:7E P:84 V:51  H:311
C02FCD $E8             INX                             A:0000 X:001F Y:0000 S:0370 D:0000 DB:7E P:04 V:51  H:314
C02FCE $E0 $00 $02     CPX #$0200                      A:0000 X:0020 Y:0000 S:0370 D:0000 DB:7E P:04 V:51  H:317
C02FD1 $90 $ED         BCC $C02FC0                     A:0000 X:0020 Y:0000 S:0370 D:0000 DB:7E P:84 V:51  H:321
C02FC0 $9E $FE $7F     STZ $7FFE,X [7E801E] = $0000    A:0000 X:0020 Y:0000 S:0370 D:0000 DB:7E P:84 V:51  H:325
C02FC3 $9E $FE $83     STZ $83FE,X [7E841E] = $0000    A:0000 X:0020 Y:0000 S:0370 D:0000 DB:7E P:84 V:51  H:335
C02FC6 $9E $FE $81     STZ $81FE,X [7E821E] = $0000    A:0000 X:0020 Y:0000 S:0370 D:0000 DB:7E P:84 V:52  H:5  
C02FC9 $9E $FE $85     STZ $85FE,X [7E861E] = $0000    A:0000 X:0020 Y:0000 S:0370 D:0000 DB:7E P:84 V:52  H:15 
C02FCC $E8             INX                             A:0000 X:0020 Y:0000 S:0370 D:0000 DB:7E P:84 V:52  H:25 
C02FCD $E8             INX                             A:0000 X:0021 Y:0000 S:0370 D:0000 DB:7E P:04 V:52  H:28 
C02FCE $E0 $00 $02     CPX #$0200                      A:0000 X:0022 Y:0000 S:0370 D:0000 DB:7E P:04 V:52  H:31 
C02FD1 $90 $ED         BCC $C02FC0                     A:0000 X:0022 Y:0000 S:0370 D:0000 DB:7E P:84 V:52  H:35 
C02FC0 $9E $FE $7F     STZ $7FFE,X [7E8020] = $0000    A:0000 X:0022 Y:0000 S:0370 D:0000 DB:7E P:84 V:52  H:40 
C02FC3 $9E $FE $83     STZ $83FE,X [7E8420] = $0000    A:0000 X:0022 Y:0000 S:0370 D:0000 DB:7E P:84 V:52  H:50 
C02FC6 $9E $FE $81     STZ $81FE,X [7E8220] = $0000    A:0000 X:0022 Y:0000 S:0370 D:0000 DB:7E P:84 V:52  H:60 
C02FC9 $9E $FE $85     STZ $85FE,X [7E8620] = $0000    A:0000 X:0022 Y:0000 S:0370 D:0000 DB:7E P:84 V:52  H:70 
C02FCC $E8             INX                             A:0000 X:0022 Y:0000 S:0370 D:0000 DB:7E P:84 V:52  H:80 
C02FCD $E8             INX                             A:0000 X:0023 Y:0000 S:0370 D:0000 DB:7E P:04 V:52  H:83 
C02FCE $E0 $00 $02     CPX #$0200                      A:0000 X:0024 Y:0000 S:0370 D:0000 DB:7E P:04 V:52  H:86 
C02FD1 $90 $ED         BCC $C02FC0                     A:0000 X:0024 Y:0000 S:0370 D:0000 DB:7E P:84 V:52  H:90 
C02FC0 $9E $FE $7F     STZ $7FFE,X [7E8022] = $0000    A:0000 X:0024 Y:0000 S:0370 D:0000 DB:7E P:84 V:52  H:95 
C02FC3 $9E $FE $83     STZ $83FE,X [7E8422] = $0000    A:0000 X:0024 Y:0000 S:0370 D:0000 DB:7E P:84 V:52  H:105
C02FC6 $9E $FE $81     STZ $81FE,X [7E8222] = $0000    A:0000 X:0024 Y:0000 S:0370 D:0000 DB:7E P:84 V:52  H:115
C02FC9 $9E $FE $85     STZ $85FE,X [7E8622] = $0000    A:0000 X:0024 Y:0000 S:0370 D:0000 DB:7E P:84 V:52  H:125
C02FCC $E8             INX                             A:0000 X:0024 Y:0000 S:0370 D:0000 DB:7E P:84 V:52  H:145
C02FCD $E8             INX                             A:0000 X:0025 Y:0000 S:0370 D:0000 DB:7E P:04 V:52  H:148
C02FCE $E0 $00 $02     CPX #$0200                      A:0000 X:0026 Y:0000 S:0370 D:0000 DB:7E P:04 V:52  H:151
C02FD1 $90 $ED         BCC $C02FC0                     A:0000 X:0026 Y:0000 S:0370 D:0000 DB:7E P:84 V:52  H:155
C02FC0 $9E $FE $7F     STZ $7FFE,X [7E8024] = $0000    A:0000 X:0026 Y:0000 S:0370 D:0000 DB:7E P:84 V:52  H:160
C02FC3 $9E $FE $83     STZ $83FE,X [7E8424] = $0000    A:0000 X:0026 Y:0000 S:0370 D:0000 DB:7E P:84 V:52  H:170
C02FC6 $9E $FE $81     STZ $81FE,X [7E8224] = $0000    A:0000 X:0026 Y:0000 S:0370 D:0000 DB:7E P:84 V:52  H:180
C02FC9 $9E $FE $85     STZ $85FE,X [7E8624] = $0000    A:0000 X:0026 Y:0000 S:0370 D:0000 DB:7E P:84 V:52  H:190
C02FCC $E8             INX                             A:0000 X:0026 Y:0000 S:0370 D:0000 DB:7E P:84 V:52  H:200
C02FCD $E8             INX                             A:0000 X:0027 Y:0000 S:0370 D:0000 DB:7E P:04 V:52  H:203
C02FCE $E0 $00 $02     CPX #$0200                      A:0000 X:0028 Y:0000 S:0370 D:0000 DB:7E P:04 V:52  H:206
C02FD1 $90 $ED         BCC $C02FC0                     A:0000 X:0028 Y:0000 S:0370 D:0000 DB:7E P:84 V:52  H:210
C02FC0 $9E $FE $7F     STZ $7FFE,X [7E8026] = $0000    A:0000 X:0028 Y:0000 S:0370 D:0000 DB:7E P:84 V:52  H:215
C02FC3 $9E $FE $83     STZ $83FE,X [7E8426] = $0000    A:0000 X:0028 Y:0000 S:0370 D:0000 DB:7E P:84 V:52  H:225
C02FC6 $9E $FE $81     STZ $81FE,X [7E8226] = $0000    A:0000 X:0028 Y:0000 S:0370 D:0000 DB:7E P:84 V:52  H:235
C02FC9 $9E $FE $85     STZ $85FE,X [7E8626] = $0000    A:0000 X:0028 Y:0000 S:0370 D:0000 DB:7E P:84 V:52  H:245
C02FCC $E8             INX                             A:0000 X:0028 Y:0000 S:0370 D:0000 DB:7E P:84 V:52  H:255
C02FCD $E8             INX                             A:0000 X:0029 Y:0000 S:0370 D:0000 DB:7E P:04 V:52  H:258
C02FCE $E0 $00 $02     CPX #$0200                      A:0000 X:002A Y:0000 S:0370 D:0000 DB:7E P:04 V:52  H:261
C02FD1 $90 $ED         BCC $C02FC0                     A:0000 X:002A Y:0000 S:0370 D:0000 DB:7E P:84 V:52  H:265
C02FC0 $9E $FE $7F     STZ $7FFE,X [7E8028] = $0000    A:0000 X:002A Y:0000 S:0370 D:0000 DB:7E P:84 V:52  H:270
C02FC3 $9E $FE $83     STZ $83FE,X [7E8428] = $0000    A:0000 X:002A Y:0000 S:0370 D:0000 DB:7E P:84 V:52  H:296
C02FC6 $9E $FE $81     STZ $81FE,X [7E8228] = $0000    A:0000 X:002A Y:0000 S:0370 D:0000 DB:7E P:84 V:52  H:306
C02FC9 $9E $FE $85     STZ $85FE,X [7E8628] = $0000    A:0000 X:002A Y:0000 S:0370 D:0000 DB:7E P:84 V:52  H:316
C02FCC $E8             INX                             A:0000 X:002A Y:0000 S:0370 D:0000 DB:7E P:84 V:52  H:325
C02FCD $E8             INX                             A:0000 X:002B Y:0000 S:0370 D:0000 DB:7E P:04 V:52  H:328
C02FCE $E0 $00 $02     CPX #$0200                      A:0000 X:002C Y:0000 S:0370 D:0000 DB:7E P:04 V:52  H:331
C02FD1 $90 $ED         BCC $C02FC0                     A:0000 X:002C Y:0000 S:0370 D:0000 DB:7E P:84 V:52  H:335
C02FC0 $9E $FE $7F     STZ $7FFE,X [7E802A] = $0000    A:0000 X:002C Y:0000 S:0370 D:0000 DB:7E P:84 V:53  H:0  
C02FC3 $9E $FE $83     STZ $83FE,X [7E842A] = $0000    A:0000 X:002C Y:0000 S:0370 D:0000 DB:7E P:84 V:53  H:10 
C02FC6 $9E $FE $81     STZ $81FE,X [7E822A] = $0000    A:0000 X:002C Y:0000 S:0370 D:0000 DB:7E P:84 V:53  H:20 
C02FC9 $9E $FE $85     STZ $85FE,X [7E862A] = $0000    A:0000 X:002C Y:0000 S:0370 D:0000 DB:7E P:84 V:53  H:30 
C02FCC $E8             INX                             A:0000 X:002C Y:0000 S:0370 D:0000 DB:7E P:84 V:53  H:40 
C02FCD $E8             INX                             A:0000 X:002D Y:0000 S:0370 D:0000 DB:7E P:04 V:53  H:43 
C02FCE $E0 $00 $02     CPX #$0200                      A:0000 X:002E Y:0000 S:0370 D:0000 DB:7E P:04 V:53  H:46 
C02FD1 $90 $ED         BCC $C02FC0                     A:0000 X:002E Y:0000 S:0370 D:0000 DB:7E P:84 V:53  H:50 
C02FC0 $9E $FE $7F     STZ $7FFE,X [7E802C] = $0000    A:0000 X:002E Y:0000 S:0370 D:0000 DB:7E P:84 V:53  H:55 
C02FC3 $9E $FE $83     STZ $83FE,X [7E842C] = $0000    A:0000 X:002E Y:0000 S:0370 D:0000 DB:7E P:84 V:53  H:65 
C02FC6 $9E $FE $81     STZ $81FE,X [7E822C] = $0000    A:0000 X:002E Y:0000 S:0370 D:0000 DB:7E P:84 V:53  H:75 
C02FC9 $9E $FE $85     STZ $85FE,X [7E862C] = $0000    A:0000 X:002E Y:0000 S:0370 D:0000 DB:7E P:84 V:53  H:85 
C02FCC $E8             INX                             A:0000 X:002E Y:0000 S:0370 D:0000 DB:7E P:84 V:53  H:95 
C02FCD $E8             INX                             A:0000 X:002F Y:0000 S:0370 D:0000 DB:7E P:04 V:53  H:98 
C02FCE $E0 $00 $02     CPX #$0200                      A:0000 X:0030 Y:0000 S:0370 D:0000 DB:7E P:04 V:53  H:101
C02FD1 $90 $ED         BCC $C02FC0                     A:0000 X:0030 Y:0000 S:0370 D:0000 DB:7E P:84 V:53  H:105
C02FC0 $9E $FE $7F     STZ $7FFE,X [7E802E] = $0000    A:0000 X:0030 Y:0000 S:0370 D:0000 DB:7E P:84 V:53  H:110
C02FC3 $9E $FE $83     STZ $83FE,X [7E842E] = $0000    A:0000 X:0030 Y:0000 S:0370 D:0000 DB:7E P:84 V:53  H:120
C02FC6 $9E $FE $81     STZ $81FE,X [7E822E] = $0000    A:0000 X:0030 Y:0000 S:0370 D:0000 DB:7E P:84 V:53  H:130
C02FC9 $9E $FE $85     STZ $85FE,X [7E862E] = $0000    A:0000 X:0030 Y:0000 S:0370 D:0000 DB:7E P:84 V:53  H:150
C02FCC $E8             INX                             A:0000 X:0030 Y:0000 S:0370 D:0000 DB:7E P:84 V:53  H:160
C02FCD $E8             INX                             A:0000 X:0031 Y:0000 S:0370 D:0000 DB:7E P:04 V:53  H:163
C02FCE $E0 $00 $02     CPX #$0200                      A:0000 X:0032 Y:0000 S:0370 D:0000 DB:7E P:04 V:53  H:166
C02FD1 $90 $ED         BCC $C02FC0                     A:0000 X:0032 Y:0000 S:0370 D:0000 DB:7E P:84 V:53  H:170
C02FC0 $9E $FE $7F     STZ $7FFE,X [7E8030] = $0000    A:0000 X:0032 Y:0000 S:0370 D:0000 DB:7E P:84 V:53  H:175
C02FC3 $9E $FE $83     STZ $83FE,X [7E8430] = $0000    A:0000 X:0032 Y:0000 S:0370 D:0000 DB:7E P:84 V:53  H:185
C02FC6 $9E $FE $81     STZ $81FE,X [7E8230] = $0000    A:0000 X:0032 Y:0000 S:0370 D:0000 DB:7E P:84 V:53  H:195
C02FC9 $9E $FE $85     STZ $85FE,X [7E8630] = $0000    A:0000 X:0032 Y:0000 S:0370 D:0000 DB:7E P:84 V:53  H:205
C02FCC $E8             INX                             A:0000 X:0032 Y:0000 S:0370 D:0000 DB:7E P:84 V:53  H:215
C02FCD $E8             INX                             A:0000 X:0033 Y:0000 S:0370 D:0000 DB:7E P:04 V:53  H:218
C02FCE $E0 $00 $02     CPX #$0200                      A:0000 X:0034 Y:0000 S:0370 D:0000 DB:7E P:04 V:53  H:221
C02FD1 $90 $ED         BCC $C02FC0                     A:0000 X:0034 Y:0000 S:0370 D:0000 DB:7E P:84 V:53  H:225
C02FC0 $9E $FE $7F     STZ $7FFE,X [7E8032] = $0000    A:0000 X:0034 Y:0000 S:0370 D:0000 DB:7E P:84 V:53  H:230
C02FC3 $9E $FE $83     STZ $83FE,X [7E8432] = $0000    A:0000 X:0034 Y:0000 S:0370 D:0000 DB:7E P:84 V:53  H:240
C02FC6 $9E $FE $81     STZ $81FE,X [7E8232] = $0000    A:0000 X:0034 Y:0000 S:0370 D:0000 DB:7E P:84 V:53  H:250
C02FC9 $9E $FE $85     STZ $85FE,X [7E8632] = $0000    A:0000 X:0034 Y:0000 S:0370 D:0000 DB:7E P:84 V:53  H:260
C02FCC $E8             INX                             A:0000 X:0034 Y:0000 S:0370 D:0000 DB:7E P:84 V:53  H:270
C02FCD $E8             INX                             A:0000 X:0035 Y:0000 S:0370 D:0000 DB:7E P:04 V:53  H:273
C02FCE $E0 $00 $02     CPX #$0200                      A:0000 X:0036 Y:0000 S:0370 D:0000 DB:7E P:04 V:53  H:276
C02FD1 $90 $ED         BCC $C02FC0                     A:0000 X:0036 Y:0000 S:0370 D:0000 DB:7E P:84 V:53  H:297
C02FC0 $9E $FE $7F     STZ $7FFE,X [7E8034] = $0000    A:0000 X:0036 Y:0000 S:0370 D:0000 DB:7E P:84 V:53  H:301
C02FC3 $9E $FE $83     STZ $83FE,X [7E8434] = $0000    A:0000 X:0036 Y:0000 S:0370 D:0000 DB:7E P:84 V:53  H:311
C02FC6 $9E $FE $81     STZ $81FE,X [7E8234] = $0000    A:0000 X:0036 Y:0000 S:0370 D:0000 DB:7E P:84 V:53  H:321
C02FC9 $9E $FE $85     STZ $85FE,X [7E8634] = $0000    A:0000 X:0036 Y:0000 S:0370 D:0000 DB:7E P:84 V:53  H:330
C02FCC $E8             INX                             A:0000 X:0036 Y:0000 S:0370 D:0000 DB:7E P:84 V:54  H:0  
C02FCD $E8             INX                             A:0000 X:0037 Y:0000 S:0370 D:0000 DB:7E P:04 V:54  H:3  
C02FCE $E0 $00 $02     CPX #$0200                      A:0000 X:0038 Y:0000 S:0370 D:0000 DB:7E P:04 V:54  H:6  
C02FD1 $90 $ED         BCC $C02FC0                     A:0000 X:0038 Y:0000 S:0370 D:0000 DB:7E P:84 V:54  H:11 
C02FC0 $9E $FE $7F     STZ $7FFE,X [7E8036] = $0000    A:0000 X:0038 Y:0000 S:0370 D:0000 DB:7E P:84 V:54  H:15 
C02FC3 $9E $FE $83     STZ $83FE,X [7E8436] = $0000    A:0000 X:0038 Y:0000 S:0370 D:0000 DB:7E P:84 V:54  H:25 
C02FC6 $9E $FE $81     STZ $81FE,X [7E8236] = $0000    A:0000 X:0038 Y:0000 S:0370 D:0000 DB:7E P:84 V:54  H:35 
C02FC9 $9E $FE $85     STZ $85FE,X [7E8636] = $0000    A:0000 X:0038 Y:0000 S:0370 D:0000 DB:7E P:84 V:54  H:45 
C02FCC $E8             INX                             A:0000 X:0038 Y:0000 S:0370 D:0000 DB:7E P:84 V:54  H:55 
C02FCD $E8             INX                             A:0000 X:0039 Y:0000 S:0370 D:0000 DB:7E P:04 V:54  H:58 
C02FCE $E0 $00 $02     CPX #$0200                      A:0000 X:003A Y:0000 S:0370 D:0000 DB:7E P:04 V:54  H:61 
C02FD1 $90 $ED         BCC $C02FC0                     A:0000 X:003A Y:0000 S:0370 D:0000 DB:7E P:84 V:54  H:66 
C02FC0 $9E $FE $7F     STZ $7FFE,X [7E8038] = $0000    A:0000 X:003A Y:0000 S:0370 D:0000 DB:7E P:84 V:54  H:70 
C02FC3 $9E $FE $83     STZ $83FE,X [7E8438] = $0000    A:0000 X:003A Y:0000 S:0370 D:0000 DB:7E P:84 V:54  H:80 
C02FC6 $9E $FE $81     STZ $81FE,X [7E8238] = $0000    A:0000 X:003A Y:0000 S:0370 D:0000 DB:7E P:84 V:54  H:90 
C02FC9 $9E $FE $85     STZ $85FE,X [7E8638] = $0000    A:0000 X:003A Y:0000 S:0370 D:0000 DB:7E P:84 V:54  H:100
C02FCC $E8             INX                             A:0000 X:003A Y:0000 S:0370 D:0000 DB:7E P:84 V:54  H:110
C02FCD $E8             INX                             A:0000 X:003B Y:0000 S:0370 D:0000 DB:7E P:04 V:54  H:113
C02FCE $E0 $00 $02     CPX #$0200                      A:0000 X:003C Y:0000 S:0370 D:0000 DB:7E P:04 V:54  H:116
C02FD1 $90 $ED         BCC $C02FC0                     A:0000 X:003C Y:0000 S:0370 D:0000 DB:7E P:84 V:54  H:121
C02FC0 $9E $FE $7F     STZ $7FFE,X [7E803A] = $0000    A:0000 X:003C Y:0000 S:0370 D:0000 DB:7E P:84 V:54  H:125
C02FC3 $9E $FE $83     STZ $83FE,X [7E843A] = $0000    A:0000 X:003C Y:0000 S:0370 D:0000 DB:7E P:84 V:54  H:145
C02FC6 $9E $FE $81     STZ $81FE,X [7E823A] = $0000    A:0000 X:003C Y:0000 S:0370 D:0000 DB:7E P:84 V:54  H:155
C02FC9 $9E $FE $85     STZ $85FE,X [7E863A] = $0000    A:0000 X:003C Y:0000 S:0370 D:0000 DB:7E P:84 V:54  H:165
C02FCC $E8             INX                             A:0000 X:003C Y:0000 S:0370 D:0000 DB:7E P:84 V:54  H:175
C02FCD $E8             INX                             A:0000 X:003D Y:0000 S:0370 D:0000 DB:7E P:04 V:54  H:178
C02FCE $E0 $00 $02     CPX #$0200                      A:0000 X:003E Y:0000 S:0370 D:0000 DB:7E P:04 V:54  H:181
C02FD1 $90 $ED         BCC $C02FC0                     A:0000 X:003E Y:0000 S:0370 D:0000 DB:7E P:84 V:54  H:186
C02FC0 $9E $FE $7F     STZ $7FFE,X [7E803C] = $0000    A:0000 X:003E Y:0000 S:0370 D:0000 DB:7E P:84 V:54  H:190
C02FC3 $9E $FE $83     STZ $83FE,X [7E843C] = $0000    A:0000 X:003E Y:0000 S:0370 D:0000 DB:7E P:84 V:54  H:200
C02FC6 $9E $FE $81     STZ $81FE,X [7E823C] = $0000    A:0000 X:003E Y:0000 S:0370 D:0000 DB:7E P:84 V:54  H:210
C02FC9 $9E $FE $85     STZ $85FE,X [7E863C] = $0000    A:0000 X:003E Y:0000 S:0370 D:0000 DB:7E P:84 V:54  H:220
C02FCC $E8             INX                             A:0000 X:003E Y:0000 S:0370 D:0000 DB:7E P:84 V:54  H:230
C02FCD $E8             INX                             A:0000 X:003F Y:0000 S:0370 D:0000 DB:7E P:04 V:54  H:233
C02FCE $E0 $00 $02     CPX #$0200                      A:0000 X:0040 Y:0000 S:0370 D:0000 DB:7E P:04 V:54  H:236
C02FD1 $90 $ED         BCC $C02FC0                     A:0000 X:0040 Y:0000 S:0370 D:0000 DB:7E P:84 V:54  H:241
C02FC0 $9E $FE $7F     STZ $7FFE,X [7E803E] = $0000    A:0000 X:0040 Y:0000 S:0370 D:0000 DB:7E P:84 V:54  H:245
C02FC3 $9E $FE $83     STZ $83FE,X [7E843E] = $0000    A:0000 X:0040 Y:0000 S:0370 D:0000 DB:7E P:84 V:54  H:255
C02FC6 $9E $FE $81     STZ $81FE,X [7E823E] = $0000    A:0000 X:0040 Y:0000 S:0370 D:0000 DB:7E P:84 V:54  H:265
C02FC9 $9E $FE $85     STZ $85FE,X [7E863E] = $0000    A:0000 X:0040 Y:0000 S:0370 D:0000 DB:7E P:84 V:54  H:275
C02FCC $E8             INX                             A:0000 X:0040 Y:0000 S:0370 D:0000 DB:7E P:84 V:54  H:302
C02FCD $E8             INX                             A:0000 X:0041 Y:0000 S:0370 D:0000 DB:7E P:04 V:54  H:305
C02FCE $E0 $00 $02     CPX #$0200                      A:0000 X:0042 Y:0000 S:0370 D:0000 DB:7E P:04 V:54  H:308
C02FD1 $90 $ED         BCC $C02FC0                     A:0000 X:0042 Y:0000 S:0370 D:0000 DB:7E P:84 V:54  H:312
C02FC0 $9E $FE $7F     STZ $7FFE,X [7E8040] = $0000    A:0000 X:0042 Y:0000 S:0370 D:0000 DB:7E P:84 V:54  H:317
C02FC3 $9E $FE $83     STZ $83FE,X [7E8440] = $6545    A:0000 X:0042 Y:0000 S:0370 D:0000 DB:7E P:84 V:54  H:326
C02FC6 $9E $FE $81     STZ $81FE,X [7E8240] = $0000    A:0000 X:0042 Y:0000 S:0370 D:0000 DB:7E P:84 V:54  H:336
C02FC9 $9E $FE $85     STZ $85FE,X [7E8640] = $0000    A:0000 X:0042 Y:0000 S:0370 D:0000 DB:7E P:84 V:55  H:6  
C02FCC $E8             INX                             A:0000 X:0042 Y:0000 S:0370 D:0000 DB:7E P:84 V:55  H:16 
C02FCD $E8             INX                             A:0000 X:0043 Y:0000 S:0370 D:0000 DB:7E P:04 V:55  H:19 
C02FCE $E0 $00 $02     CPX #$0200                      A:0000 X:0044 Y:0000 S:0370 D:0000 DB:7E P:04 V:55  H:22 
C02FD1 $90 $ED         BCC $C02FC0                     A:0000 X:0044 Y:0000 S:0370 D:0000 DB:7E P:84 V:55  H:26 
C02FC0 $9E $FE $7F     STZ $7FFE,X [7E8042] = $0000    A:0000 X:0044 Y:0000 S:0370 D:0000 DB:7E P:84 V:55  H:31 
C02FC3 $9E $FE $83     STZ $83FE,X [7E8442] = $5B7C    A:0000 X:0044 Y:0000 S:0370 D:0000 DB:7E P:84 V:55  H:41 
C02FC6 $9E $FE $81     STZ $81FE,X [7E8242] = $0000    A:0000 X:0044 Y:0000 S:0370 D:0000 DB:7E P:84 V:55  H:51 
C02FC9 $9E $FE $85     STZ $85FE,X [7E8642] = $0000    A:0000 X:0044 Y:0000 S:0370 D:0000 DB:7E P:84 V:55  H:61 
C02FCC $E8             INX                             A:0000 X:0044 Y:0000 S:0370 D:0000 DB:7E P:84 V:55  H:71 
C02FCD $E8             INX                             A:0000 X:0045 Y:0000 S:0370 D:0000 DB:7E P:04 V:55  H:74 
C02FCE $E0 $00 $02     CPX #$0200                      A:0000 X:0046 Y:0000 S:0370 D:0000 DB:7E P:04 V:55  H:77 
C02FD1 $90 $ED         BCC $C02FC0                     A:0000 X:0046 Y:0000 S:0370 D:0000 DB:7E P:84 V:55  H:81 
C02FC0 $9E $FE $7F     STZ $7FFE,X [7E8044] = $0000    A:0000 X:0046 Y:0000 S:0370 D:0000 DB:7E P:84 V:55  H:86 
C02FC3 $9E $FE $83     STZ $83FE,X [7E8444] = $4294    A:0000 X:0046 Y:0000 S:0370 D:0000 DB:7E P:84 V:55  H:96 
C02FC6 $9E $FE $81     STZ $81FE,X [7E8244] = $0000    A:0000 X:0046 Y:0000 S:0370 D:0000 DB:7E P:84 V:55  H:106
C02FC9 $9E $FE $85     STZ $85FE,X [7E8644] = $0000    A:0000 X:0046 Y:0000 S:0370 D:0000 DB:7E P:84 V:55  H:116
C02FCC $E8             INX                             A:0000 X:0046 Y:0000 S:0370 D:0000 DB:7E P:84 V:55  H:126
C02FCD $E8             INX                             A:0000 X:0047 Y:0000 S:0370 D:0000 DB:7E P:04 V:55  H:129
C02FCE $E0 $00 $02     CPX #$0200                      A:0000 X:0048 Y:0000 S:0370 D:0000 DB:7E P:04 V:55  H:132
C02FD1 $90 $ED         BCC $C02FC0                     A:0000 X:0048 Y:0000 S:0370 D:0000 DB:7E P:84 V:55  H:146
C02FC0 $9E $FE $7F     STZ $7FFE,X [7E8046] = $0000    A:0000 X:0048 Y:0000 S:0370 D:0000 DB:7E P:84 V:55  H:151
C02FC3 $9E $FE $83     STZ $83FE,X [7E8446] = $2DEF    A:0000 X:0048 Y:0000 S:0370 D:0000 DB:7E P:84 V:55  H:161
C02FC6 $9E $FE $81     STZ $81FE,X [7E8246] = $0000    A:0000 X:0048 Y:0000 S:0370 D:0000 DB:7E P:84 V:55  H:171
C02FC9 $9E $FE $85     STZ $85FE,X [7E8646] = $0000    A:0000 X:0048 Y:0000 S:0370 D:0000 DB:7E P:84 V:55  H:181
C02FCC $E8             INX                             A:0000 X:0048 Y:0000 S:0370 D:0000 DB:7E P:84 V:55  H:191
C02FCD $E8             INX                             A:0000 X:0049 Y:0000 S:0370 D:0000 DB:7E P:04 V:55  H:194
C02FCE $E0 $00 $02     CPX #$0200                      A:0000 X:004A Y:0000 S:0370 D:0000 DB:7E P:04 V:55  H:197
C02FD1 $90 $ED         BCC $C02FC0                     A:0000 X:004A Y:0000 S:0370 D:0000 DB:7E P:84 V:55  H:201
C02FC0 $9E $FE $7F     STZ $7FFE,X [7E8048] = $0000    A:0000 X:004A Y:0000 S:0370 D:0000 DB:7E P:84 V:55  H:206
C02FC3 $9E $FE $83     STZ $83FE,X [7E8448] = $194B    A:0000 X:004A Y:0000 S:0370 D:0000 DB:7E P:84 V:55  H:216
C02FC6 $9E $FE $81     STZ $81FE,X [7E8248] = $0000    A:0000 X:004A Y:0000 S:0370 D:0000 DB:7E P:84 V:55  H:226
C02FC9 $9E $FE $85     STZ $85FE,X [7E8648] = $0000    A:0000 X:004A Y:0000 S:0370 D:0000 DB:7E P:84 V:55  H:236
C02FCC $E8             INX                             A:0000 X:004A Y:0000 S:0370 D:0000 DB:7E P:84 V:55  H:246
C02FCD $E8             INX                             A:0000 X:004B Y:0000 S:0370 D:0000 DB:7E P:04 V:55  H:249
C02FCE $E0 $00 $02     CPX #$0200                      A:0000 X:004C Y:0000 S:0370 D:0000 DB:7E P:04 V:55  H:252
C02FD1 $90 $ED         BCC $C02FC0                     A:0000 X:004C Y:0000 S:0370 D:0000 DB:7E P:84 V:55  H:256
C02FC0 $9E $FE $7F     STZ $7FFE,X [7E804A] = $0000    A:0000 X:004C Y:0000 S:0370 D:0000 DB:7E P:84 V:55  H:261
C02FC3 $9E $FE $83     STZ $83FE,X [7E844A] = $10A6    A:0000 X:004C Y:0000 S:0370 D:0000 DB:7E P:84 V:55  H:271
C02FC6 $9E $FE $81     STZ $81FE,X [7E824A] = $0000    A:0000 X:004C Y:0000 S:0370 D:0000 DB:7E P:84 V:55  H:321
C02FC9 $9E $FE $85     STZ $85FE,X [7E864A] = $0000    A:0000 X:004C Y:0000 S:0370 D:0000 DB:7E P:84 V:55  H:330
C02FCC $E8             INX                             A:0000 X:004C Y:0000 S:0370 D:0000 DB:7E P:84 V:56  H:0  
C02FCD $E8             INX                             A:0000 X:004D Y:0000 S:0370 D:0000 DB:7E P:04 V:56  H:3  
C02FCE $E0 $00 $02     CPX #$0200                      A:0000 X:004E Y:0000 S:0370 D:0000 DB:7E P:04 V:56  H:6  
C02FD1 $90 $ED         BCC $C02FC0                     A:0000 X:004E Y:0000 S:0370 D:0000 DB:7E P:84 V:56  H:10 
C02FC0 $9E $FE $7F     STZ $7FFE,X [7E804C] = $0000    A:0000 X:004E Y:0000 S:0370 D:0000 DB:7E P:84 V:56  H:15 
C02FC3 $9E $FE $83     STZ $83FE,X [7E844C] = $24FB    A:0000 X:004E Y:0000 S:0370 D:0000 DB:7E P:84 V:56  H:25 
C02FC6 $9E $FE $81     STZ $81FE,X [7E824C] = $0000    A:0000 X:004E Y:0000 S:0370 D:0000 DB:7E P:84 V:56  H:35 
C02FC9 $9E $FE $85     STZ $85FE,X [7E864C] = $0000    A:0000 X:004E Y:0000 S:0370 D:0000 DB:7E P:84 V:56  H:45 
C02FCC $E8             INX                             A:0000 X:004E Y:0000 S:0370 D:0000 DB:7E P:84 V:56  H:55 
C02FCD $E8             INX                             A:0000 X:004F Y:0000 S:0370 D:0000 DB:7E P:04 V:56  H:58 
C02FCE $E0 $00 $02     CPX #$0200                      A:0000 X:0050 Y:0000 S:0370 D:0000 DB:7E P:04 V:56  H:61 
C02FD1 $90 $ED         BCC $C02FC0                     A:0000 X:0050 Y:0000 S:0370 D:0000 DB:7E P:84 V:56  H:65 
C02FC0 $9E $FE $7F     STZ $7FFE,X [7E804E] = $0000    A:0000 X:0050 Y:0000 S:0370 D:0000 DB:7E P:84 V:56  H:70 
C02FC3 $9E $FE $83     STZ $83FE,X [7E844E] = $1890    A:0000 X:0050 Y:0000 S:0370 D:0000 DB:7E P:84 V:56  H:80 
C02FC6 $9E $FE $81     STZ $81FE,X [7E824E] = $0000    A:0000 X:0050 Y:0000 S:0370 D:0000 DB:7E P:84 V:56  H:90 
C02FC9 $9E $FE $85     STZ $85FE,X [7E864E] = $0000    A:0000 X:0050 Y:0000 S:0370 D:0000 DB:7E P:84 V:56  H:100
C02FCC $E8             INX                             A:0000 X:0050 Y:0000 S:0370 D:0000 DB:7E P:84 V:56  H:110
C02FCD $E8             INX                             A:0000 X:0051 Y:0000 S:0370 D:0000 DB:7E P:04 V:56  H:113
C02FCE $E0 $00 $02     CPX #$0200                      A:0000 X:0052 Y:0000 S:0370 D:0000 DB:7E P:04 V:56  H:116
C02FD1 $90 $ED         BCC $C02FC0                     A:0000 X:0052 Y:0000 S:0370 D:0000 DB:7E P:84 V:56  H:120
C02FC0 $9E $FE $7F     STZ $7FFE,X [7E8050] = $0000    A:0000 X:0052 Y:0000 S:0370 D:0000 DB:7E P:84 V:56  H:125
C02FC3 $9E $FE $83     STZ $83FE,X [7E8450] = $373E    A:0000 X:0052 Y:0000 S:0370 D:0000 DB:7E P:84 V:56  H:145
C02FC6 $9E $FE $81     STZ $81FE,X [7E8250] = $0000    A:0000 X:0052 Y:0000 S:0370 D:0000 DB:7E P:84 V:56  H:155
C02FC9 $9E $FE $85     STZ $85FE,X [7E8650] = $0000    A:0000 X:0052 Y:0000 S:0370 D:0000 DB:7E P:84 V:56  H:165
C02FCC $E8             INX                             A:0000 X:0052 Y:0000 S:0370 D:0000 DB:7E P:84 V:56  H:175
C02FCD $E8             INX                             A:0000 X:0053 Y:0000 S:0370 D:0000 DB:7E P:04 V:56  H:178
C02FCE $E0 $00 $02     CPX #$0200                      A:0000 X:0054 Y:0000 S:0370 D:0000 DB:7E P:04 V:56  H:181
C02FD1 $90 $ED         BCC $C02FC0                     A:0000 X:0054 Y:0000 S:0370 D:0000 DB:7E P:84 V:56  H:185
C02FC0 $9E $FE $7F     STZ $7FFE,X [7E8052] = $0000    A:0000 X:0054 Y:0000 S:0370 D:0000 DB:7E P:84 V:56  H:190
C02FC3 $9E $FE $83     STZ $83FE,X [7E8452] = $1DF6    A:0000 X:0054 Y:0000 S:0370 D:0000 DB:7E P:84 V:56  H:200
C02FC6 $9E $FE $81     STZ $81FE,X [7E8252] = $0000    A:0000 X:0054 Y:0000 S:0370 D:0000 DB:7E P:84 V:56  H:210
C02FC9 $9E $FE $85     STZ $85FE,X [7E8652] = $0000    A:0000 X:0054 Y:0000 S:0370 D:0000 DB:7E P:84 V:56  H:220
C02FCC $E8             INX                             A:0000 X:0054 Y:0000 S:0370 D:0000 DB:7E P:84 V:56  H:230
C02FCD $E8             INX                             A:0000 X:0055 Y:0000 S:0370 D:0000 DB:7E P:04 V:56  H:233
C02FCE $E0 $00 $02     CPX #$0200                      A:0000 X:0056 Y:0000 S:0370 D:0000 DB:7E P:04 V:56  H:236
C02FD1 $90 $ED         BCC $C02FC0                     A:0000 X:0056 Y:0000 S:0370 D:0000 DB:7E P:84 V:56  H:240
C02FC0 $9E $FE $7F     STZ $7FFE,X [7E8054] = $0000    A:0000 X:0056 Y:0000 S:0370 D:0000 DB:7E P:84 V:56  H:245
C02FC3 $9E $FE $83     STZ $83FE,X [7E8454] = $0D0E    A:0000 X:0056 Y:0000 S:0370 D:0000 DB:7E P:84 V:56  H:255
C02FC6 $9E $FE $81     STZ $81FE,X [7E8254] = $0000    A:0000 X:0056 Y:0000 S:0370 D:0000 DB:7E P:84 V:56  H:265
C02FC9 $9E $FE $85     STZ $85FE,X [7E8654] = $0000    A:0000 X:0056 Y:0000 S:0370 D:0000 DB:7E P:84 V:56  H:275
C02FCC $E8             INX                             A:0000 X:0056 Y:0000 S:0370 D:0000 DB:7E P:84 V:56  H:327
C02FCD $E8             INX                             A:0000 X:0057 Y:0000 S:0370 D:0000 DB:7E P:04 V:56  H:330
C02FCE $E0 $00 $02     CPX #$0200                      A:0000 X:0058 Y:0000 S:0370 D:0000 DB:7E P:04 V:56  H:333
C02FD1 $90 $ED         BCC $C02FC0                     A:0000 X:0058 Y:0000 S:0370 D:0000 DB:7E P:84 V:56  H:338
C02FC0 $9E $FE $7F     STZ $7FFE,X [7E8056] = $0000    A:0000 X:0058 Y:0000 S:0370 D:0000 DB:7E P:84 V:57  H:2  
C02FC3 $9E $FE $83     STZ $83FE,X [7E8456] = $0089    A:0000 X:0058 Y:0000 S:0370 D:0000 DB:7E P:84 V:57  H:12 
C02FC6 $9E $FE $81     STZ $81FE,X [7E8256] = $0000    A:0000 X:0058 Y:0000 S:0370 D:0000 DB:7E P:84 V:57  H:22 
C02FC9 $9E $FE $85     STZ $85FE,X [7E8656] = $0000    A:0000 X:0058 Y:0000 S:0370 D:0000 DB:7E P:84 V:57  H:32 
C02FCC $E8             INX                             A:0000 X:0058 Y:0000 S:0370 D:0000 DB:7E P:84 V:57  H:42 
C02FCD $E8             INX                             A:0000 X:0059 Y:0000 S:0370 D:0000 DB:7E P:04 V:57  H:45 
C02FCE $E0 $00 $02     CPX #$0200                      A:0000 X:005A Y:0000 S:0370 D:0000 DB:7E P:04 V:57  H:48 
C02FD1 $90 $ED         BCC $C02FC0                     A:0000 X:005A Y:0000 S:0370 D:0000 DB:7E P:84 V:57  H:53 
C02FC0 $9E $FE $7F     STZ $7FFE,X [7E8058] = $0000    A:0000 X:005A Y:0000 S:0370 D:0000 DB:7E P:84 V:57  H:57 
C02FC3 $9E $FE $83     STZ $83FE,X [7E8458] = $57FF    A:0000 X:005A Y:0000 S:0370 D:0000 DB:7E P:84 V:57  H:67 
C02FC6 $9E $FE $81     STZ $81FE,X [7E8258] = $0000    A:0000 X:005A Y:0000 S:0370 D:0000 DB:7E P:84 V:57  H:77 
C02FC9 $9E $FE $85     STZ $85FE,X [7E8658] = $0000    A:0000 X:005A Y:0000 S:0370 D:0000 DB:7E P:84 V:57  H:87 
C02FCC $E8             INX                             A:0000 X:005A Y:0000 S:0370 D:0000 DB:7E P:84 V:57  H:97 
C02FCD $E8             INX                             A:0000 X:005B Y:0000 S:0370 D:0000 DB:7E P:04 V:57  H:100
C02FCE $E0 $00 $02     CPX #$0200                      A:0000 X:005C Y:0000 S:0370 D:0000 DB:7E P:04 V:57  H:103
C02FD1 $90 $ED         BCC $C02FC0                     A:0000 X:005C Y:0000 S:0370 D:0000 DB:7E P:84 V:57  H:108
C02FC0 $9E $FE $7F     STZ $7FFE,X [7E805A] = $0000    A:0000 X:005C Y:0000 S:0370 D:0000 DB:7E P:84 V:57  H:112
C02FC3 $9E $FE $83     STZ $83FE,X [7E845A] = $069F    A:0000 X:005C Y:0000 S:0370 D:0000 DB:7E P:84 V:57  H:122
C02FC6 $9E $FE $81     STZ $81FE,X [7E825A] = $0000    A:0000 X:005C Y:0000 S:0370 D:0000 DB:7E P:84 V:57  H:132
C02FC9 $9E $FE $85     STZ $85FE,X [7E865A] = $0000    A:0000 X:005C Y:0000 S:0370 D:0000 DB:7E P:84 V:57  H:152
C02FCC $E8             INX                             A:0000 X:005C Y:0000 S:0370 D:0000 DB:7E P:84 V:57  H:162
C02FCD $E8             INX                             A:0000 X:005D Y:0000 S:0370 D:0000 DB:7E P:04 V:57  H:165
C02FCE $E0 $00 $02     CPX #$0200                      A:0000 X:005E Y:0000 S:0370 D:0000 DB:7E P:04 V:57  H:168
C02FD1 $90 $ED         BCC $C02FC0                     A:0000 X:005E Y:0000 S:0370 D:0000 DB:7E P:84 V:57  H:173
C02FC0 $9E $FE $7F     STZ $7FFE,X [7E805C] = $0000    A:0000 X:005E Y:0000 S:0370 D:0000 DB:7E P:84 V:57  H:177
C02FC3 $9E $FE $83     STZ $83FE,X [7E845C] = $04BD    A:0000 X:005E Y:0000 S:0370 D:0000 DB:7E P:84 V:57  H:187
C02FC6 $9E $FE $81     STZ $81FE,X [7E825C] = $0000    A:0000 X:005E Y:0000 S:0370 D:0000 DB:7E P:84 V:57  H:197
C02FC9 $9E $FE $85     STZ $85FE,X [7E865C] = $0000    A:0000 X:005E Y:0000 S:0370 D:0000 DB:7E P:84 V:57  H:207
C02FCC $E8             INX                             A:0000 X:005E Y:0000 S:0370 D:0000 DB:7E P:84 V:57  H:217
C02FCD $E8             INX                             A:0000 X:005F Y:0000 S:0370 D:0000 DB:7E P:04 V:57  H:220
C02FCE $E0 $00 $02     CPX #$0200                      A:0000 X:0060 Y:0000 S:0370 D:0000 DB:7E P:04 V:57  H:223
C02FD1 $90 $ED         BCC $C02FC0                     A:0000 X:0060 Y:0000 S:0370 D:0000 DB:7E P:84 V:57  H:228
C02FC0 $9E $FE $7F     STZ $7FFE,X [7E805E] = $0000    A:0000 X:0060 Y:0000 S:0370 D:0000 DB:7E P:84 V:57  H:232
C02FC3 $9E $FE $83     STZ $83FE,X [7E845E] = $0000    A:0000 X:0060 Y:0000 S:0370 D:0000 DB:7E P:84 V:57  H:242
C02FC6 $9E $FE $81     STZ $81FE,X [7E825E] = $0000    A:0000 X:0060 Y:0000 S:0370 D:0000 DB:7E P:84 V:57  H:252
C02FC9 $9E $FE $85     STZ $85FE,X [7E865E] = $0000    A:0000 X:0060 Y:0000 S:0370 D:0000 DB:7E P:84 V:57  H:262
C02FCC $E8             INX                             A:0000 X:0060 Y:0000 S:0370 D:0000 DB:7E P:84 V:57  H:272
C02FCD $E8             INX                             A:0000 X:0061 Y:0000 S:0370 D:0000 DB:7E P:04 V:57  H:275
C02FCE $E0 $00 $02     CPX #$0200                      A:0000 X:0062 Y:0000 S:0370 D:0000 DB:7E P:04 V:57  H:293
C02FD1 $90 $ED         BCC $C02FC0                     A:0000 X:0062 Y:0000 S:0370 D:0000 DB:7E P:84 V:57  H:298
C02FC0 $9E $FE $7F     STZ $7FFE,X [7E8060] = $0000    A:0000 X:0062 Y:0000 S:0370 D:0000 DB:7E P:84 V:57  H:302
C02FC3 $9E $FE $83     STZ $83FE,X [7E8460] = $1330    A:0000 X:0062 Y:0000 S:0370 D:0000 DB:7E P:84 V:57  H:312
C02FC6 $9E $FE $81     STZ $81FE,X [7E8260] = $0000    A:0000 X:0062 Y:0000 S:0370 D:0000 DB:7E P:84 V:57  H:322
C02FC9 $9E $FE $85     STZ $85FE,X [7E8660] = $0000    A:0000 X:0062 Y:0000 S:0370 D:0000 DB:7E P:84 V:57  H:331
C02FCC $E8             INX                             A:0000 X:0062 Y:0000 S:0370 D:0000 DB:7E P:84 V:58  H:1  
C02FCD $E8             INX                             A:0000 X:0063 Y:0000 S:0370 D:0000 DB:7E P:04 V:58  H:4  
C02FCE $E0 $00 $02     CPX #$0200                      A:0000 X:0064 Y:0000 S:0370 D:0000 DB:7E P:04 V:58  H:7  
C02FD1 $90 $ED         BCC $C02FC0                     A:0000 X:0064 Y:0000 S:0370 D:0000 DB:7E P:84 V:58  H:12 
C02FC0 $9E $FE $7F     STZ $7FFE,X [7E8062] = $0000    A:0000 X:0064 Y:0000 S:0370 D:0000 DB:7E P:84 V:58  H:16 
C02FC3 $9E $FE $83     STZ $83FE,X [7E8462] = $0EAD    A:0000 X:0064 Y:0000 S:0370 D:0000 DB:7E P:84 V:58  H:26 
C02FC6 $9E $FE $81     STZ $81FE,X [7E8262] = $0000    A:0000 X:0064 Y:0000 S:0370 D:0000 DB:7E P:84 V:58  H:36 
C02FC9 $9E $FE $85     STZ $85FE,X [7E8662] = $0000    A:0000 X:0064 Y:0000 S:0370 D:0000 DB:7E P:84 V:58  H:46 
C02FCC $E8             INX                             A:0000 X:0064 Y:0000 S:0370 D:0000 DB:7E P:84 V:58  H:56 
C02FCD $E8             INX                             A:0000 X:0065 Y:0000 S:0370 D:0000 DB:7E P:04 V:58  H:59 
C02FCE $E0 $00 $02     CPX #$0200                      A:0000 X:0066 Y:0000 S:0370 D:0000 DB:7E P:04 V:58  H:62 
C02FD1 $90 $ED         BCC $C02FC0                     A:0000 X:0066 Y:0000 S:0370 D:0000 DB:7E P:84 V:58  H:67 
C02FC0 $9E $FE $7F     STZ $7FFE,X [7E8064] = $0000    A:0000 X:0066 Y:0000 S:0370 D:0000 DB:7E P:84 V:58  H:71 
C02FC3 $9E $FE $83     STZ $83FE,X [7E8464] = $0E4A    A:0000 X:0066 Y:0000 S:0370 D:0000 DB:7E P:84 V:58  H:81 
C02FC6 $9E $FE $81     STZ $81FE,X [7E8264] = $0000    A:0000 X:0066 Y:0000 S:0370 D:0000 DB:7E P:84 V:58  H:91 
C02FC9 $9E $FE $85     STZ $85FE,X [7E8664] = $0000    A:0000 X:0066 Y:0000 S:0370 D:0000 DB:7E P:84 V:58  H:101
C02FCC $E8             INX                             A:0000 X:0066 Y:0000 S:0370 D:0000 DB:7E P:84 V:58  H:111
C02FCD $E8             INX                             A:0000 X:0067 Y:0000 S:0370 D:0000 DB:7E P:04 V:58  H:114
C02FCE $E0 $00 $02     CPX #$0200                      A:0000 X:0068 Y:0000 S:0370 D:0000 DB:7E P:04 V:58  H:117
C02FD1 $90 $ED         BCC $C02FC0                     A:0000 X:0068 Y:0000 S:0370 D:0000 DB:7E P:84 V:58  H:122
C02FC0 $9E $FE $7F     STZ $7FFE,X [7E8066] = $0000    A:0000 X:0068 Y:0000 S:0370 D:0000 DB:7E P:84 V:58  H:126
C02FC3 $9E $FE $83     STZ $83FE,X [7E8466] = $05C7    A:0000 X:0068 Y:0000 S:0370 D:0000 DB:7E P:84 V:58  H:146
C02FC6 $9E $FE $81     STZ $81FE,X [7E8266] = $0000    A:0000 X:0068 Y:0000 S:0370 D:0000 DB:7E P:84 V:58  H:156
C02FC9 $9E $FE $85     STZ $85FE,X [7E8666] = $0000    A:0000 X:0068 Y:0000 S:0370 D:0000 DB:7E P:84 V:58  H:166
C02FCC $E8             INX                             A:0000 X:0068 Y:0000 S:0370 D:0000 DB:7E P:84 V:58  H:176
C02FCD $E8             INX                             A:0000 X:0069 Y:0000 S:0370 D:0000 DB:7E P:04 V:58  H:179
C02FCE $E0 $00 $02     CPX #$0200                      A:0000 X:006A Y:0000 S:0370 D:0000 DB:7E P:04 V:58  H:182
C02FD1 $90 $ED         BCC $C02FC0                     A:0000 X:006A Y:0000 S:0370 D:0000 DB:7E P:84 V:58  H:187
C02FC0 $9E $FE $7F     STZ $7FFE,X [7E8068] = $0000    A:0000 X:006A Y:0000 S:0370 D:0000 DB:7E P:84 V:58  H:191
C02FC3 $9E $FE $83     STZ $83FE,X [7E8468] = $0984    A:0000 X:006A Y:0000 S:0370 D:0000 DB:7E P:84 V:58  H:201
C02FC6 $9E $FE $81     STZ $81FE,X [7E8268] = $0000    A:0000 X:006A Y:0000 S:0370 D:0000 DB:7E P:84 V:58  H:211
C02FC9 $9E $FE $85     STZ $85FE,X [7E8668] = $0000    A:0000 X:006A Y:0000 S:0370 D:0000 DB:7E P:84 V:58  H:221
C02FCC $E8             INX                             A:0000 X:006A Y:0000 S:0370 D:0000 DB:7E P:84 V:58  H:231
C02FCD $E8             INX                             A:0000 X:006B Y:0000 S:0370 D:0000 DB:7E P:04 V:58  H:234
C02FCE $E0 $00 $02     CPX #$0200                      A:0000 X:006C Y:0000 S:0370 D:0000 DB:7E P:04 V:58  H:237
C02FD1 $90 $ED         BCC $C02FC0                     A:0000 X:006C Y:0000 S:0370 D:0000 DB:7E P:84 V:58  H:242
C02FC0 $9E $FE $7F     STZ $7FFE,X [7E806A] = $0000    A:0000 X:006C Y:0000 S:0370 D:0000 DB:7E P:84 V:58  H:246
C02FC3 $9E $FE $83     STZ $83FE,X [7E846A] = $5B18    A:0000 X:006C Y:0000 S:0370 D:0000 DB:7E P:84 V:58  H:256
C02FC6 $9E $FE $81     STZ $81FE,X [7E826A] = $0000    A:0000 X:006C Y:0000 S:0370 D:0000 DB:7E P:84 V:58  H:266
C02FC9 $9E $FE $85     STZ $85FE,X [7E866A] = $0000    A:0000 X:006C Y:0000 S:0370 D:0000 DB:7E P:84 V:58  H:293
C02FCC $E8             INX                             A:0000 X:006C Y:0000 S:0370 D:0000 DB:7E P:84 V:58  H:303
C02FCD $E8             INX                             A:0000 X:006D Y:0000 S:0370 D:0000 DB:7E P:04 V:58  H:306
C02FCE $E0 $00 $02     CPX #$0200                      A:0000 X:006E Y:0000 S:0370 D:0000 DB:7E P:04 V:58  H:309
C02FD1 $90 $ED         BCC $C02FC0                     A:0000 X:006E Y:0000 S:0370 D:0000 DB:7E P:84 V:58  H:313
C02FC0 $9E $FE $7F     STZ $7FFE,X [7E806C] = $0000    A:0000 X:006E Y:0000 S:0370 D:0000 DB:7E P:84 V:58  H:318
C02FC3 $9E $FE $83     STZ $83FE,X [7E846C] = $4273    A:0000 X:006E Y:0000 S:0370 D:0000 DB:7E P:84 V:58  H:327
C02FC6 $9E $FE $81     STZ $81FE,X [7E826C] = $0000    A:0000 X:006E Y:0000 S:0370 D:0000 DB:7E P:84 V:58  H:337
C02FC9 $9E $FE $85     STZ $85FE,X [7E866C] = $0000    A:0000 X:006E Y:0000 S:0370 D:0000 DB:7E P:84 V:59  H:7  
C02FCC $E8             INX                             A:0000 X:006E Y:0000 S:0370 D:0000 DB:7E P:84 V:59  H:17 
C02FCD $E8             INX                             A:0000 X:006F Y:0000 S:0370 D:0000 DB:7E P:04 V:59  H:20 
C02FCE $E0 $00 $02     CPX #$0200                      A:0000 X:0070 Y:0000 S:0370 D:0000 DB:7E P:04 V:59  H:23 
C02FD1 $90 $ED         BCC $C02FC0                     A:0000 X:0070 Y:0000 S:0370 D:0000 DB:7E P:84 V:59  H:27 
C02FC0 $9E $FE $7F     STZ $7FFE,X [7E806E] = $0000    A:0000 X:0070 Y:0000 S:0370 D:0000 DB:7E P:84 V:59  H:32 
C02FC3 $9E $FE $83     STZ $83FE,X [7E846E] = $29D0    A:0000 X:0070 Y:0000 S:0370 D:0000 DB:7E P:84 V:59  H:42 
C02FC6 $9E $FE $81     STZ $81FE,X [7E826E] = $0000    A:0000 X:0070 Y:0000 S:0370 D:0000 DB:7E P:84 V:59  H:52 
C02FC9 $9E $FE $85     STZ $85FE,X [7E866E] = $0000    A:0000 X:0070 Y:0000 S:0370 D:0000 DB:7E P:84 V:59  H:62 
C02FCC $E8             INX                             A:0000 X:0070 Y:0000 S:0370 D:0000 DB:7E P:84 V:59  H:72 
C02FCD $E8             INX                             A:0000 X:0071 Y:0000 S:0370 D:0000 DB:7E P:04 V:59  H:75 
C02FCE $E0 $00 $02     CPX #$0200                      A:0000 X:0072 Y:0000 S:0370 D:0000 DB:7E P:04 V:59  H:78 
C02FD1 $90 $ED         BCC $C02FC0                     A:0000 X:0072 Y:0000 S:0370 D:0000 DB:7E P:84 V:59  H:82 
C02FC0 $9E $FE $7F     STZ $7FFE,X [7E8070] = $0000    A:0000 X:0072 Y:0000 S:0370 D:0000 DB:7E P:84 V:59  H:87 
C02FC3 $9E $FE $83     STZ $83FE,X [7E8470] = $152C    A:0000 X:0072 Y:0000 S:0370 D:0000 DB:7E P:84 V:59  H:97 
C02FC6 $9E $FE $81     STZ $81FE,X [7E8270] = $0000    A:0000 X:0072 Y:0000 S:0370 D:0000 DB:7E P:84 V:59  H:107
C02FC9 $9E $FE $85     STZ $85FE,X [7E8670] = $0000    A:0000 X:0072 Y:0000 S:0370 D:0000 DB:7E P:84 V:59  H:117
C02FCC $E8             INX                             A:0000 X:0072 Y:0000 S:0370 D:0000 DB:7E P:84 V:59  H:127
C02FCD $E8             INX                             A:0000 X:0073 Y:0000 S:0370 D:0000 DB:7E P:04 V:59  H:130
C02FCE $E0 $00 $02     CPX #$0200                      A:0000 X:0074 Y:0000 S:0370 D:0000 DB:7E P:04 V:59  H:133
C02FD1 $90 $ED         BCC $C02FC0                     A:0000 X:0074 Y:0000 S:0370 D:0000 DB:7E P:84 V:59  H:147
C02FC0 $9E $FE $7F     STZ $7FFE,X [7E8072] = $0000    A:0000 X:0074 Y:0000 S:0370 D:0000 DB:7E P:84 V:59  H:152
C02FC3 $9E $FE $83     STZ $83FE,X [7E8472] = $10C8    A:0000 X:0074 Y:0000 S:0370 D:0000 DB:7E P:84 V:59  H:162
C02FC6 $9E $FE $81     STZ $81FE,X [7E8272] = $0000    A:0000 X:0074 Y:0000 S:0370 D:0000 DB:7E P:84 V:59  H:172
C02FC9 $9E $FE $85     STZ $85FE,X [7E8672] = $0000    A:0000 X:0074 Y:0000 S:0370 D:0000 DB:7E P:84 V:59  H:182
C02FCC $E8             INX                             A:0000 X:0074 Y:0000 S:0370 D:0000 DB:7E P:84 V:59  H:192
C02FCD $E8             INX                             A:0000 X:0075 Y:0000 S:0370 D:0000 DB:7E P:04 V:59  H:195
C02FCE $E0 $00 $02     CPX #$0200                      A:0000 X:0076 Y:0000 S:0370 D:0000 DB:7E P:04 V:59  H:198
C02FD1 $90 $ED         BCC $C02FC0                     A:0000 X:0076 Y:0000 S:0370 D:0000 DB:7E P:84 V:59  H:202
C02FC0 $9E $FE $7F     STZ $7FFE,X [7E8074] = $0000    A:0000 X:0076 Y:0000 S:0370 D:0000 DB:7E P:84 V:59  H:207
C02FC3 $9E $FE $83     STZ $83FE,X [7E8474] = $0864    A:0000 X:0076 Y:0000 S:0370 D:0000 DB:7E P:84 V:59  H:217
C02FC6 $9E $FE $81     STZ $81FE,X [7E8274] = $0000    A:0000 X:0076 Y:0000 S:0370 D:0000 DB:7E P:84 V:59  H:227
C02FC9 $9E $FE $85     STZ $85FE,X [7E8674] = $0000    A:0000 X:0076 Y:0000 S:0370 D:0000 DB:7E P:84 V:59  H:237
C02FCC $E8             INX                             A:0000 X:0076 Y:0000 S:0370 D:0000 DB:7E P:84 V:59  H:247
C02FCD $E8             INX                             A:0000 X:0077 Y:0000 S:0370 D:0000 DB:7E P:04 V:59  H:250
C02FCE $E0 $00 $02     CPX #$0200                      A:0000 X:0078 Y:0000 S:0370 D:0000 DB:7E P:04 V:59  H:253
C02FD1 $90 $ED         BCC $C02FC0                     A:0000 X:0078 Y:0000 S:0370 D:0000 DB:7E P:84 V:59  H:257
C02FC0 $9E $FE $7F     STZ $7FFE,X [7E8076] = $0000    A:0000 X:0078 Y:0000 S:0370 D:0000 DB:7E P:84 V:59  H:262
C02FC3 $9E $FE $83     STZ $83FE,X [7E8476] = $0521    A:0000 X:0078 Y:0000 S:0370 D:0000 DB:7E P:84 V:59  H:272
C02FC6 $9E $FE $81     STZ $81FE,X [7E8276] = $0000    A:0000 X:0078 Y:0000 S:0370 D:0000 DB:7E P:84 V:59  H:298
C02FC9 $9E $FE $85     STZ $85FE,X [7E8676] = $0000    A:0000 X:0078 Y:0000 S:0370 D:0000 DB:7E P:84 V:59  H:308
C02FCC $E8             INX                             A:0000 X:0078 Y:0000 S:0370 D:0000 DB:7E P:84 V:59  H:318
C02FCD $E8             INX                             A:0000 X:0079 Y:0000 S:0370 D:0000 DB:7E P:04 V:59  H:321
C02FCE $E0 $00 $02     CPX #$0200                      A:0000 X:007A Y:0000 S:0370 D:0000 DB:7E P:04 V:59  H:324
C02FD1 $90 $ED         BCC $C02FC0                     A:0000 X:007A Y:0000 S:0370 D:0000 DB:7E P:84 V:59  H:328
C02FC0 $9E $FE $7F     STZ $7FFE,X [7E8078] = $0000    A:0000 X:007A Y:0000 S:0370 D:0000 DB:7E P:84 V:59  H:332
C02FC3 $9E $FE $83     STZ $83FE,X [7E8478] = $08D1    A:0000 X:007A Y:0000 S:0370 D:0000 DB:7E P:84 V:60  H:2  
C02FC6 $9E $FE $81     STZ $81FE,X [7E8278] = $0000    A:0000 X:007A Y:0000 S:0370 D:0000 DB:7E P:84 V:60  H:12 
C02FC9 $9E $FE $85     STZ $85FE,X [7E8678] = $0000    A:0000 X:007A Y:0000 S:0370 D:0000 DB:7E P:84 V:60  H:22 
C02FCC $E8             INX                             A:0000 X:007A Y:0000 S:0370 D:0000 DB:7E P:84 V:60  H:32 
C02FCD $E8             INX                             A:0000 X:007B Y:0000 S:0370 D:0000 DB:7E P:04 V:60  H:35 
C02FCE $E0 $00 $02     CPX #$0200                      A:0000 X:007C Y:0000 S:0370 D:0000 DB:7E P:04 V:60  H:38 
C02FD1 $90 $ED         BCC $C02FC0                     A:0000 X:007C Y:0000 S:0370 D:0000 DB:7E P:84 V:60  H:43 
C02FC0 $9E $FE $7F     STZ $7FFE,X [7E807A] = $0000    A:0000 X:007C Y:0000 S:0370 D:0000 DB:7E P:84 V:60  H:47 
C02FC3 $9E $FE $83     STZ $83FE,X [7E847A] = $19D6    A:0000 X:007C Y:0000 S:0370 D:0000 DB:7E P:84 V:60  H:57 
C02FC6 $9E $FE $81     STZ $81FE,X [7E827A] = $0000    A:0000 X:007C Y:0000 S:0370 D:0000 DB:7E P:84 V:60  H:67 
C02FC9 $9E $FE $85     STZ $85FE,X [7E867A] = $0000    A:0000 X:007C Y:0000 S:0370 D:0000 DB:7E P:84 V:60  H:77 
C02FCC $E8             INX                             A:0000 X:007C Y:0000 S:0370 D:0000 DB:7E P:84 V:60  H:87 
C02FCD $E8             INX                             A:0000 X:007D Y:0000 S:0370 D:0000 DB:7E P:04 V:60  H:90 
C02FCE $E0 $00 $02     CPX #$0200                      A:0000 X:007E Y:0000 S:0370 D:0000 DB:7E P:04 V:60  H:93 
C02FD1 $90 $ED         BCC $C02FC0                     A:0000 X:007E Y:0000 S:0370 D:0000 DB:7E P:84 V:60  H:98 
C02FC0 $9E $FE $7F     STZ $7FFE,X [7E807C] = $0000    A:0000 X:007E Y:0000 S:0370 D:0000 DB:7E P:84 V:60  H:102
C02FC3 $9E $FE $83     STZ $83FE,X [7E847C] = $433C    A:0000 X:007E Y:0000 S:0370 D:0000 DB:7E P:84 V:60  H:112
C02FC6 $9E $FE $81     STZ $81FE,X [7E827C] = $0000    A:0000 X:007E Y:0000 S:0370 D:0000 DB:7E P:84 V:60  H:122
C02FC9 $9E $FE $85     STZ $85FE,X [7E867C] = $0000    A:0000 X:007E Y:0000 S:0370 D:0000 DB:7E P:84 V:60  H:132
C02FCC $E8             INX                             A:0000 X:007E Y:0000 S:0370 D:0000 DB:7E P:84 V:60  H:152
C02FCD $E8             INX                             A:0000 X:007F Y:0000 S:0370 D:0000 DB:7E P:04 V:60  H:155
C02FCE $E0 $00 $02     CPX #$0200                      A:0000 X:0080 Y:0000 S:0370 D:0000 DB:7E P:04 V:60  H:158
C02FD1 $90 $ED         BCC $C02FC0                     A:0000 X:0080 Y:0000 S:0370 D:0000 DB:7E P:84 V:60  H:163
C02FC0 $9E $FE $7F     STZ $7FFE,X [7E807E] = $0000    A:0000 X:0080 Y:0000 S:0370 D:0000 DB:7E P:84 V:60  H:167
C02FC3 $9E $FE $83     STZ $83FE,X [7E847E] = $0000    A:0000 X:0080 Y:0000 S:0370 D:0000 DB:7E P:84 V:60  H:177
C02FC6 $9E $FE $81     STZ $81FE,X [7E827E] = $0000    A:0000 X:0080 Y:0000 S:0370 D:0000 DB:7E P:84 V:60  H:187
C02FC9 $9E $FE $85     STZ $85FE,X [7E867E] = $0000    A:0000 X:0080 Y:0000 S:0370 D:0000 DB:7E P:84 V:60  H:197
C02FCC $E8             INX                             A:0000 X:0080 Y:0000 S:0370 D:0000 DB:7E P:84 V:60  H:207
C02FCD $E8             INX                             A:0000 X:0081 Y:0000 S:0370 D:0000 DB:7E P:04 V:60  H:210
C02FCE $E0 $00 $02     CPX #$0200                      A:0000 X:0082 Y:0000 S:0370 D:0000 DB:7E P:04 V:60  H:213
C02FD1 $90 $ED         BCC $C02FC0                     A:0000 X:0082 Y:0000 S:0370 D:0000 DB:7E P:84 V:60  H:218
C02FC0 $9E $FE $7F     STZ $7FFE,X [7E8080] = $0000    A:0000 X:0082 Y:0000 S:0370 D:0000 DB:7E P:84 V:60  H:222
C02FC3 $9E $FE $83     STZ $83FE,X [7E8480] = $633A    A:0000 X:0082 Y:0000 S:0370 D:0000 DB:7E P:84 V:60  H:232
C02FC6 $9E $FE $81     STZ $81FE,X [7E8280] = $0000    A:0000 X:0082 Y:0000 S:0370 D:0000 DB:7E P:84 V:60  H:242
C02FC9 $9E $FE $85     STZ $85FE,X [7E8680] = $0000    A:0000 X:0082 Y:0000 S:0370 D:0000 DB:7E P:84 V:60  H:252
C02FCC $E8             INX                             A:0000 X:0082 Y:0000 S:0370 D:0000 DB:7E P:84 V:60  H:262
C02FCD $E8             INX                             A:0000 X:0083 Y:0000 S:0370 D:0000 DB:7E P:04 V:60  H:265
C02FCE $E0 $00 $02     CPX #$0200                      A:0000 X:0084 Y:0000 S:0370 D:0000 DB:7E P:04 V:60  H:268
C02FD1 $90 $ED         BCC $C02FC0                     A:0000 X:0084 Y:0000 S:0370 D:0000 DB:7E P:84 V:60  H:273
C02FC0 $9E $FE $7F     STZ $7FFE,X [7E8082] = $0000    A:0000 X:0084 Y:0000 S:0370 D:0000 DB:7E P:84 V:60  H:294
C02FC3 $9E $FE $83     STZ $83FE,X [7E8482] = $4A74    A:0000 X:0084 Y:0000 S:0370 D:0000 DB:7E P:84 V:60  H:304
C02FC6 $9E $FE $81     STZ $81FE,X [7E8282] = $0000    A:0000 X:0084 Y:0000 S:0370 D:0000 DB:7E P:84 V:60  H:314
C02FC9 $9E $FE $85     STZ $85FE,X [7E8682] = $0000    A:0000 X:0084 Y:0000 S:0370 D:0000 DB:7E P:84 V:60  H:323
C02FCC $E8             INX                             A:0000 X:0084 Y:0000 S:0370 D:0000 DB:7E P:84 V:60  H:333
C02FCD $E8             INX                             A:0000 X:0085 Y:0000 S:0370 D:0000 DB:7E P:04 V:60  H:336
C02FCE $E0 $00 $02     CPX #$0200                      A:0000 X:0086 Y:0000 S:0370 D:0000 DB:7E P:04 V:60  H:339
C02FD1 $90 $ED         BCC $C02FC0                     A:0000 X:0086 Y:0000 S:0370 D:0000 DB:7E P:84 V:61  H:3  
C02FC0 $9E $FE $7F     STZ $7FFE,X [7E8084] = $0000    A:0000 X:0086 Y:0000 S:0370 D:0000 DB:7E P:84 V:61  H:8  
C02FC3 $9E $FE $83     STZ $83FE,X [7E8484] = $31CF    A:0000 X:0086 Y:0000 S:0370 D:0000 DB:7E P:84 V:61  H:18 
C02FC6 $9E $FE $81     STZ $81FE,X [7E8284] = $0000    A:0000 X:0086 Y:0000 S:0370 D:0000 DB:7E P:84 V:61  H:28 
C02FC9 $9E $FE $85     STZ $85FE,X [7E8684] = $0000    A:0000 X:0086 Y:0000 S:0370 D:0000 DB:7E P:84 V:61  H:38 
C02FCC $E8             INX                             A:0000 X:0086 Y:0000 S:0370 D:0000 DB:7E P:84 V:61  H:48 
C02FCD $E8             INX                             A:0000 X:0087 Y:0000 S:0370 D:0000 DB:7E P:04 V:61  H:51 
C02FCE $E0 $00 $02     CPX #$0200                      A:0000 X:0088 Y:0000 S:0370 D:0000 DB:7E P:04 V:61  H:54 
C02FD1 $90 $ED         BCC $C02FC0                     A:0000 X:0088 Y:0000 S:0370 D:0000 DB:7E P:84 V:61  H:58 
C02FC0 $9E $FE $7F     STZ $7FFE,X [7E8086] = $0000    A:0000 X:0088 Y:0000 S:0370 D:0000 DB:7E P:84 V:61  H:63 
C02FC3 $9E $FE $83     STZ $83FE,X [7E8486] = $1D2A    A:0000 X:0088 Y:0000 S:0370 D:0000 DB:7E P:84 V:61  H:73 
C02FC6 $9E $FE $81     STZ $81FE,X [7E8286] = $0000    A:0000 X:0088 Y:0000 S:0370 D:0000 DB:7E P:84 V:61  H:83 
C02FC9 $9E $FE $85     STZ $85FE,X [7E8686] = $0000    A:0000 X:0088 Y:0000 S:0370 D:0000 DB:7E P:84 V:61  H:93 
C02FCC $E8             INX                             A:0000 X:0088 Y:0000 S:0370 D:0000 DB:7E P:84 V:61  H:103
C02FCD $E8             INX                             A:0000 X:0089 Y:0000 S:0370 D:0000 DB:7E P:04 V:61  H:106
C02FCE $E0 $00 $02     CPX #$0200                      A:0000 X:008A Y:0000 S:0370 D:0000 DB:7E P:04 V:61  H:109
C02FD1 $90 $ED         BCC $C02FC0                     A:0000 X:008A Y:0000 S:0370 D:0000 DB:7E P:84 V:61  H:113
C02FC0 $9E $FE $7F     STZ $7FFE,X [7E8088] = $0000    A:0000 X:008A Y:0000 S:0370 D:0000 DB:7E P:84 V:61  H:118
C02FC3 $9E $FE $83     STZ $83FE,X [7E8488] = $38F3    A:0000 X:008A Y:0000 S:0370 D:0000 DB:7E P:84 V:61  H:128
C02FC6 $9E $FE $81     STZ $81FE,X [7E8288] = $0000    A:0000 X:008A Y:0000 S:0370 D:0000 DB:7E P:84 V:61  H:148
C02FC9 $9E $FE $85     STZ $85FE,X [7E8688] = $0000    A:0000 X:008A Y:0000 S:0370 D:0000 DB:7E P:84 V:61  H:158
C02FCC $E8             INX                             A:0000 X:008A Y:0000 S:0370 D:0000 DB:7E P:84 V:61  H:168
C02FCD $E8             INX                             A:0000 X:008B Y:0000 S:0370 D:0000 DB:7E P:04 V:61  H:171
C02FCE $E0 $00 $02     CPX #$0200                      A:0000 X:008C Y:0000 S:0370 D:0000 DB:7E P:04 V:61  H:174
C02FD1 $90 $ED         BCC $C02FC0                     A:0000 X:008C Y:0000 S:0370 D:0000 DB:7E P:84 V:61  H:178
C02FC0 $9E $FE $7F     STZ $7FFE,X [7E808A] = $0000    A:0000 X:008C Y:0000 S:0370 D:0000 DB:7E P:84 V:61  H:183
C02FC3 $9E $FE $83     STZ $83FE,X [7E848A] = $1446    A:0000 X:008C Y:0000 S:0370 D:0000 DB:7E P:84 V:61  H:193
C02FC6 $9E $FE $81     STZ $81FE,X [7E828A] = $0000    A:0000 X:008C Y:0000 S:0370 D:0000 DB:7E P:84 V:61  H:203
C02FC9 $9E $FE $85     STZ $85FE,X [7E868A] = $0000    A:0000 X:008C Y:0000 S:0370 D:0000 DB:7E P:84 V:61  H:213
C02FCC $E8             INX                             A:0000 X:008C Y:0000 S:0370 D:0000 DB:7E P:84 V:61  H:223
C02FCD $E8             INX                             A:0000 X:008D Y:0000 S:0370 D:0000 DB:7E P:04 V:61  H:226
C02FCE $E0 $00 $02     CPX #$0200                      A:0000 X:008E Y:0000 S:0370 D:0000 DB:7E P:04 V:61  H:229
C02FD1 $90 $ED         BCC $C02FC0                     A:0000 X:008E Y:0000 S:0370 D:0000 DB:7E P:84 V:61  H:233
C02FC0 $9E $FE $7F     STZ $7FFE,X [7E808C] = $0000    A:0000 X:008E Y:0000 S:0370 D:0000 DB:7E P:84 V:61  H:238
C02FC3 $9E $FE $83     STZ $83FE,X [7E848C] = $208B    A:0000 X:008E Y:0000 S:0370 D:0000 DB:7E P:84 V:61  H:248
C02FC6 $9E $FE $81     STZ $81FE,X [7E828C] = $0000    A:0000 X:008E Y:0000 S:0370 D:0000 DB:7E P:84 V:61  H:258
C02FC9 $9E $FE $85     STZ $85FE,X [7E868C] = $0000    A:0000 X:008E Y:0000 S:0370 D:0000 DB:7E P:84 V:61  H:268
C02FCC $E8             INX                             A:0000 X:008E Y:0000 S:0370 D:0000 DB:7E P:84 V:61  H:294
C02FCD $E8             INX                             A:0000 X:008F Y:0000 S:0370 D:0000 DB:7E P:04 V:61  H:297
C02FCE $E0 $00 $02     CPX #$0200                      A:0000 X:0090 Y:0000 S:0370 D:0000 DB:7E P:04 V:61  H:300
C02FD1 $90 $ED         BCC $C02FC0                     A:0000 X:0090 Y:0000 S:0370 D:0000 DB:7E P:84 V:61  H:305
C02FC0 $9E $FE $7F     STZ $7FFE,X [7E808E] = $0000    A:0000 X:0090 Y:0000 S:0370 D:0000 DB:7E P:84 V:61  H:309
C02FC3 $9E $FE $83     STZ $83FE,X [7E848E] = $29B3    A:0000 X:0090 Y:0000 S:0370 D:0000 DB:7E P:84 V:61  H:319
C02FC6 $9E $FE $81     STZ $81FE,X [7E828E] = $0000    A:0000 X:0090 Y:0000 S:0370 D:0000 DB:7E P:84 V:61  H:328
C02FC9 $9E $FE $85     STZ $85FE,X [7E868E] = $0000    A:0000 X:0090 Y:0000 S:0370 D:0000 DB:7E P:84 V:61  H:338
C02FCC $E8             INX                             A:0000 X:0090 Y:0000 S:0370 D:0000 DB:7E P:84 V:62  H:8  
C02FCD $E8             INX                             A:0000 X:0091 Y:0000 S:0370 D:0000 DB:7E P:04 V:62  H:11 
C02FCE $E0 $00 $02     CPX #$0200                      A:0000 X:0092 Y:0000 S:0370 D:0000 DB:7E P:04 V:62  H:14 
C02FD1 $90 $ED         BCC $C02FC0                     A:0000 X:0092 Y:0000 S:0370 D:0000 DB:7E P:84 V:62  H:19 
C02FC0 $9E $FE $7F     STZ $7FFE,X [7E8090] = $0000    A:0000 X:0092 Y:0000 S:0370 D:0000 DB:7E P:84 V:62  H:23 
C02FC3 $9E $FE $83     STZ $83FE,X [7E8490] = $3636    A:0000 X:0092 Y:0000 S:0370 D:0000 DB:7E P:84 V:62  H:33 
C02FC6 $9E $FE $81     STZ $81FE,X [7E8290] = $0000    A:0000 X:0092 Y:0000 S:0370 D:0000 DB:7E P:84 V:62  H:43 
C02FC9 $9E $FE $85     STZ $85FE,X [7E8690] = $0000    A:0000 X:0092 Y:0000 S:0370 D:0000 DB:7E P:84 V:62  H:53 
C02FCC $E8             INX                             A:0000 X:0092 Y:0000 S:0370 D:0000 DB:7E P:84 V:62  H:63 
C02FCD $E8             INX                             A:0000 X:0093 Y:0000 S:0370 D:0000 DB:7E P:04 V:62  H:66 
C02FCE $E0 $00 $02     CPX #$0200                      A:0000 X:0094 Y:0000 S:0370 D:0000 DB:7E P:04 V:62  H:69 
C02FD1 $90 $ED         BCC $C02FC0                     A:0000 X:0094 Y:0000 S:0370 D:0000 DB:7E P:84 V:62  H:74 
C02FC0 $9E $FE $7F     STZ $7FFE,X [7E8092] = $0000    A:0000 X:0094 Y:0000 S:0370 D:0000 DB:7E P:84 V:62  H:78 
C02FC3 $9E $FE $83     STZ $83FE,X [7E8492] = $1D2F    A:0000 X:0094 Y:0000 S:0370 D:0000 DB:7E P:84 V:62  H:88 
C02FC6 $9E $FE $81     STZ $81FE,X [7E8292] = $0000    A:0000 X:0094 Y:0000 S:0370 D:0000 DB:7E P:84 V:62  H:98 
C02FC9 $9E $FE $85     STZ $85FE,X [7E8692] = $0000    A:0000 X:0094 Y:0000 S:0370 D:0000 DB:7E P:84 V:62  H:108
C02FCC $E8             INX                             A:0000 X:0094 Y:0000 S:0370 D:0000 DB:7E P:84 V:62  H:118
C02FCD $E8             INX                             A:0000 X:0095 Y:0000 S:0370 D:0000 DB:7E P:04 V:62  H:121
C02FCE $E0 $00 $02     CPX #$0200                      A:0000 X:0096 Y:0000 S:0370 D:0000 DB:7E P:04 V:62  H:124
C02FD1 $90 $ED         BCC $C02FC0                     A:0000 X:0096 Y:0000 S:0370 D:0000 DB:7E P:84 V:62  H:129
C02FC0 $9E $FE $7F     STZ $7FFE,X [7E8094] = $0000    A:0000 X:0096 Y:0000 S:0370 D:0000 DB:7E P:84 V:62  H:133
C02FC3 $9E $FE $83     STZ $83FE,X [7E8494] = $10A9    A:0000 X:0096 Y:0000 S:0370 D:0000 DB:7E P:84 V:62  H:153
C02FC6 $9E $FE $81     STZ $81FE,X [7E8294] = $0000    A:0000 X:0096 Y:0000 S:0370 D:0000 DB:7E P:84 V:62  H:163
C02FC9 $9E $FE $85     STZ $85FE,X [7E8694] = $0000    A:0000 X:0096 Y:0000 S:0370 D:0000 DB:7E P:84 V:62  H:173
C02FCC $E8             INX                             A:0000 X:0096 Y:0000 S:0370 D:0000 DB:7E P:84 V:62  H:183
C02FCD $E8             INX                             A:0000 X:0097 Y:0000 S:0370 D:0000 DB:7E P:04 V:62  H:186
C02FCE $E0 $00 $02     CPX #$0200                      A:0000 X:0098 Y:0000 S:0370 D:0000 DB:7E P:04 V:62  H:189
C02FD1 $90 $ED         BCC $C02FC0                     A:0000 X:0098 Y:0000 S:0370 D:0000 DB:7E P:84 V:62  H:194
C02FC0 $9E $FE $7F     STZ $7FFE,X [7E8096] = $0000    A:0000 X:0098 Y:0000 S:0370 D:0000 DB:7E P:84 V:62  H:198
C02FC3 $9E $FE $83     STZ $83FE,X [7E8496] = $0C65    A:0000 X:0098 Y:0000 S:0370 D:0000 DB:7E P:84 V:62  H:208
C02FC6 $9E $FE $81     STZ $81FE,X [7E8296] = $0000    A:0000 X:0098 Y:0000 S:0370 D:0000 DB:7E P:84 V:62  H:218
C02FC9 $9E $FE $85     STZ $85FE,X [7E8696] = $0000    A:0000 X:0098 Y:0000 S:0370 D:0000 DB:7E P:84 V:62  H:228
C02FCC $E8             INX                             A:0000 X:0098 Y:0000 S:0370 D:0000 DB:7E P:84 V:62  H:238
C02FCD $E8             INX                             A:0000 X:0099 Y:0000 S:0370 D:0000 DB:7E P:04 V:62  H:241
C02FCE $E0 $00 $02     CPX #$0200                      A:0000 X:009A Y:0000 S:0370 D:0000 DB:7E P:04 V:62  H:244
C02FD1 $90 $ED         BCC $C02FC0                     A:0000 X:009A Y:0000 S:0370 D:0000 DB:7E P:84 V:62  H:249
C02FC0 $9E $FE $7F     STZ $7FFE,X [7E8098] = $0000    A:0000 X:009A Y:0000 S:0370 D:0000 DB:7E P:84 V:62  H:253
C02FC3 $9E $FE $83     STZ $83FE,X [7E8498] = $312B    A:0000 X:009A Y:0000 S:0370 D:0000 DB:7E P:84 V:62  H:263
C02FC6 $9E $FE $81     STZ $81FE,X [7E8298] = $0000    A:0000 X:009A Y:0000 S:0370 D:0000 DB:7E P:84 V:62  H:273
C02FC9 $9E $FE $85     STZ $85FE,X [7E8698] = $0000    A:0000 X:009A Y:0000 S:0370 D:0000 DB:7E P:84 V:62  H:300
C02FCC $E8             INX                             A:0000 X:009A Y:0000 S:0370 D:0000 DB:7E P:84 V:62  H:310
C02FCD $E8             INX                             A:0000 X:009B Y:0000 S:0370 D:0000 DB:7E P:04 V:62  H:313
C02FCE $E0 $00 $02     CPX #$0200                      A:0000 X:009C Y:0000 S:0370 D:0000 DB:7E P:04 V:62  H:316
C02FD1 $90 $ED         BCC $C02FC0                     A:0000 X:009C Y:0000 S:0370 D:0000 DB:7E P:84 V:62  H:320
C02FC0 $9E $FE $7F     STZ $7FFE,X [7E809A] = $0000    A:0000 X:009C Y:0000 S:0370 D:0000 DB:7E P:84 V:62  H:324
C02FC3 $9E $FE $83     STZ $83FE,X [7E849A] = $680A    A:0000 X:009C Y:0000 S:0370 D:0000 DB:7E P:84 V:62  H:334
C02FC6 $9E $FE $81     STZ $81FE,X [7E829A] = $0000    A:0000 X:009C Y:0000 S:0370 D:0000 DB:7E P:84 V:63  H:4  
C02FC9 $9E $FE $85     STZ $85FE,X [7E869A] = $0000    A:0000 X:009C Y:0000 S:0370 D:0000 DB:7E P:84 V:63  H:14 
C02FCC $E8             INX                             A:0000 X:009C Y:0000 S:0370 D:0000 DB:7E P:84 V:63  H:24 
C02FCD $E8             INX                             A:0000 X:009D Y:0000 S:0370 D:0000 DB:7E P:04 V:63  H:27 
C02FCE $E0 $00 $02     CPX #$0200                      A:0000 X:009E Y:0000 S:0370 D:0000 DB:7E P:04 V:63  H:30 
C02FD1 $90 $ED         BCC $C02FC0                     A:0000 X:009E Y:0000 S:0370 D:0000 DB:7E P:84 V:63  H:34 
C02FC0 $9E $FE $7F     STZ $7FFE,X [7E809C] = $0000    A:0000 X:009E Y:0000 S:0370 D:0000 DB:7E P:84 V:63  H:39 
C02FC3 $9E $FE $83     STZ $83FE,X [7E849C] = $680A    A:0000 X:009E Y:0000 S:0370 D:0000 DB:7E P:84 V:63  H:49 
C02FC6 $9E $FE $81     STZ $81FE,X [7E829C] = $0000    A:0000 X:009E Y:0000 S:0370 D:0000 DB:7E P:84 V:63  H:59 
C02FC9 $9E $FE $85     STZ $85FE,X [7E869C] = $0000    A:0000 X:009E Y:0000 S:0370 D:0000 DB:7E P:84 V:63  H:69 
C02FCC $E8             INX                             A:0000 X:009E Y:0000 S:0370 D:0000 DB:7E P:84 V:63  H:79 
C02FCD $E8             INX                             A:0000 X:009F Y:0000 S:0370 D:0000 DB:7E P:04 V:63  H:82 
C02FCE $E0 $00 $02     CPX #$0200                      A:0000 X:00A0 Y:0000 S:0370 D:0000 DB:7E P:04 V:63  H:85 
C02FD1 $90 $ED         BCC $C02FC0                     A:0000 X:00A0 Y:0000 S:0370 D:0000 DB:7E P:84 V:63  H:89 
C02FC0 $9E $FE $7F     STZ $7FFE,X [7E809E] = $0000    A:0000 X:00A0 Y:0000 S:0370 D:0000 DB:7E P:84 V:63  H:94 
C02FC3 $9E $FE $83     STZ $83FE,X [7E849E] = $0000    A:0000 X:00A0 Y:0000 S:0370 D:0000 DB:7E P:84 V:63  H:104
C02FC6 $9E $FE $81     STZ $81FE,X [7E829E] = $0000    A:0000 X:00A0 Y:0000 S:0370 D:0000 DB:7E P:84 V:63  H:114
C02FC9 $9E $FE $85     STZ $85FE,X [7E869E] = $0000    A:0000 X:00A0 Y:0000 S:0370 D:0000 DB:7E P:84 V:63  H:124
C02FCC $E8             INX                             A:0000 X:00A0 Y:0000 S:0370 D:0000 DB:7E P:84 V:63  H:144
C02FCD $E8             INX                             A:0000 X:00A1 Y:0000 S:0370 D:0000 DB:7E P:04 V:63  H:147
C02FCE $E0 $00 $02     CPX #$0200                      A:0000 X:00A2 Y:0000 S:0370 D:0000 DB:7E P:04 V:63  H:150
C02FD1 $90 $ED         BCC $C02FC0                     A:0000 X:00A2 Y:0000 S:0370 D:0000 DB:7E P:84 V:63  H:154
C02FC0 $9E $FE $7F     STZ $7FFE,X [7E80A0] = $0000    A:0000 X:00A2 Y:0000 S:0370 D:0000 DB:7E P:84 V:63  H:159
C02FC3 $9E $FE $83     STZ $83FE,X [7E84A0] = $52B6    A:0000 X:00A2 Y:0000 S:0370 D:0000 DB:7E P:84 V:63  H:169
C02FC6 $9E $FE $81     STZ $81FE,X [7E82A0] = $0000    A:0000 X:00A2 Y:0000 S:0370 D:0000 DB:7E P:84 V:63  H:179
C02FC9 $9E $FE $85     STZ $85FE,X [7E86A0] = $0000    A:0000 X:00A2 Y:0000 S:0370 D:0000 DB:7E P:84 V:63  H:189
C02FCC $E8             INX                             A:0000 X:00A2 Y:0000 S:0370 D:0000 DB:7E P:84 V:63  H:199
C02FCD $E8             INX                             A:0000 X:00A3 Y:0000 S:0370 D:0000 DB:7E P:04 V:63  H:202
C02FCE $E0 $00 $02     CPX #$0200                      A:0000 X:00A4 Y:0000 S:0370 D:0000 DB:7E P:04 V:63  H:205
C02FD1 $90 $ED         BCC $C02FC0                     A:0000 X:00A4 Y:0000 S:0370 D:0000 DB:7E P:84 V:63  H:209
C02FC0 $9E $FE $7F     STZ $7FFE,X [7E80A2] = $0000    A:0000 X:00A4 Y:0000 S:0370 D:0000 DB:7E P:84 V:63  H:214
C02FC3 $9E $FE $83     STZ $83FE,X [7E84A2] = $2990    A:0000 X:00A4 Y:0000 S:0370 D:0000 DB:7E P:84 V:63  H:224
C02FC6 $9E $FE $81     STZ $81FE,X [7E82A2] = $0000    A:0000 X:00A4 Y:0000 S:0370 D:0000 DB:7E P:84 V:63  H:234
C02FC9 $9E $FE $85     STZ $85FE,X [7E86A2] = $0000    A:0000 X:00A4 Y:0000 S:0370 D:0000 DB:7E P:84 V:63  H:244
C02FCC $E8             INX                             A:0000 X:00A4 Y:0000 S:0370 D:0000 DB:7E P:84 V:63  H:254
C02FCD $E8             INX                             A:0000 X:00A5 Y:0000 S:0370 D:0000 DB:7E P:04 V:63  H:257
C02FCE $E0 $00 $02     CPX #$0200                      A:0000 X:00A6 Y:0000 S:0370 D:0000 DB:7E P:04 V:63  H:260
C02FD1 $90 $ED         BCC $C02FC0                     A:0000 X:00A6 Y:0000 S:0370 D:0000 DB:7E P:84 V:63  H:264
C02FC0 $9E $FE $7F     STZ $7FFE,X [7E80A4] = $0000    A:0000 X:00A6 Y:0000 S:0370 D:0000 DB:7E P:84 V:63  H:269
C02FC3 $9E $FE $83     STZ $83FE,X [7E84A4] = $20E8    A:0000 X:00A6 Y:0000 S:0370 D:0000 DB:7E P:84 V:63  H:319
C02FC6 $9E $FE $81     STZ $81FE,X [7E82A4] = $0000    A:0000 X:00A6 Y:0000 S:0370 D:0000 DB:7E P:84 V:63  H:328
C02FC9 $9E $FE $85     STZ $85FE,X [7E86A4] = $0000    A:0000 X:00A6 Y:0000 S:0370 D:0000 DB:7E P:84 V:63  H:338
C02FCC $E8             INX                             A:0000 X:00A6 Y:0000 S:0370 D:0000 DB:7E P:84 V:64  H:8  
C02FCD $E8             INX                             A:0000 X:00A7 Y:0000 S:0370 D:0000 DB:7E P:04 V:64  H:11 
C02FCE $E0 $00 $02     CPX #$0200                      A:0000 X:00A8 Y:0000 S:0370 D:0000 DB:7E P:04 V:64  H:14 
C02FD1 $90 $ED         BCC $C02FC0                     A:0000 X:00A8 Y:0000 S:0370 D:0000 DB:7E P:84 V:64  H:18 
C02FC0 $9E $FE $7F     STZ $7FFE,X [7E80A6] = $0000    A:0000 X:00A8 Y:0000 S:0370 D:0000 DB:7E P:84 V:64  H:23 
C02FC3 $9E $FE $83     STZ $83FE,X [7E84A6] = $1087    A:0000 X:00A8 Y:0000 S:0370 D:0000 DB:7E P:84 V:64  H:33 
C02FC6 $9E $FE $81     STZ $81FE,X [7E82A6] = $0000    A:0000 X:00A8 Y:0000 S:0370 D:0000 DB:7E P:84 V:64  H:43 
C02FC9 $9E $FE $85     STZ $85FE,X [7E86A6] = $0000    A:0000 X:00A8 Y:0000 S:0370 D:0000 DB:7E P:84 V:64  H:53 
C02FCC $E8             INX                             A:0000 X:00A8 Y:0000 S:0370 D:0000 DB:7E P:84 V:64  H:63 
C02FCD $E8             INX                             A:0000 X:00A9 Y:0000 S:0370 D:0000 DB:7E P:04 V:64  H:66 
C02FCE $E0 $00 $02     CPX #$0200                      A:0000 X:00AA Y:0000 S:0370 D:0000 DB:7E P:04 V:64  H:69 
C02FD1 $90 $ED         BCC $C02FC0                     A:0000 X:00AA Y:0000 S:0370 D:0000 DB:7E P:84 V:64  H:73 
C02FC0 $9E $FE $7F     STZ $7FFE,X [7E80A8] = $0000    A:0000 X:00AA Y:0000 S:0370 D:0000 DB:7E P:84 V:64  H:78 
C02FC3 $9E $FE $83     STZ $83FE,X [7E84A8] = $0864    A:0000 X:00AA Y:0000 S:0370 D:0000 DB:7E P:84 V:64  H:88 
C02FC6 $9E $FE $81     STZ $81FE,X [7E82A8] = $0000    A:0000 X:00AA Y:0000 S:0370 D:0000 DB:7E P:84 V:64  H:98 
C02FC9 $9E $FE $85     STZ $85FE,X [7E86A8] = $0000    A:0000 X:00AA Y:0000 S:0370 D:0000 DB:7E P:84 V:64  H:108
C02FCC $E8             INX                             A:0000 X:00AA Y:0000 S:0370 D:0000 DB:7E P:84 V:64  H:118
C02FCD $E8             INX                             A:0000 X:00AB Y:0000 S:0370 D:0000 DB:7E P:04 V:64  H:121
C02FCE $E0 $00 $02     CPX #$0200                      A:0000 X:00AC Y:0000 S:0370 D:0000 DB:7E P:04 V:64  H:124
C02FD1 $90 $ED         BCC $C02FC0                     A:0000 X:00AC Y:0000 S:0370 D:0000 DB:7E P:84 V:64  H:128
C02FC0 $9E $FE $7F     STZ $7FFE,X [7E80AA] = $0000    A:0000 X:00AC Y:0000 S:0370 D:0000 DB:7E P:84 V:64  H:133
C02FC3 $9E $FE $83     STZ $83FE,X [7E84AA] = $45AE    A:0000 X:00AC Y:0000 S:0370 D:0000 DB:7E P:84 V:64  H:153
C02FC6 $9E $FE $81     STZ $81FE,X [7E82AA] = $0000    A:0000 X:00AC Y:0000 S:0370 D:0000 DB:7E P:84 V:64  H:163
C02FC9 $9E $FE $85     STZ $85FE,X [7E86AA] = $0000    A:0000 X:00AC Y:0000 S:0370 D:0000 DB:7E P:84 V:64  H:173
C02FCC $E8             INX                             A:0000 X:00AC Y:0000 S:0370 D:0000 DB:7E P:84 V:64  H:183
C02FCD $E8             INX                             A:0000 X:00AD Y:0000 S:0370 D:0000 DB:7E P:04 V:64  H:186
C02FCE $E0 $00 $02     CPX #$0200                      A:0000 X:00AE Y:0000 S:0370 D:0000 DB:7E P:04 V:64  H:189
C02FD1 $90 $ED         BCC $C02FC0                     A:0000 X:00AE Y:0000 S:0370 D:0000 DB:7E P:84 V:64  H:193
C02FC0 $9E $FE $7F     STZ $7FFE,X [7E80AC] = $0000    A:0000 X:00AE Y:0000 S:0370 D:0000 DB:7E P:84 V:64  H:198
C02FC3 $9E $FE $83     STZ $83FE,X [7E84AC] = $31AE    A:0000 X:00AE Y:0000 S:0370 D:0000 DB:7E P:84 V:64  H:208
C02FC6 $9E $FE $81     STZ $81FE,X [7E82AC] = $0000    A:0000 X:00AE Y:0000 S:0370 D:0000 DB:7E P:84 V:64  H:218
C02FC9 $9E $FE $85     STZ $85FE,X [7E86AC] = $0000    A:0000 X:00AE Y:0000 S:0370 D:0000 DB:7E P:84 V:64  H:228
C02FCC $E8             INX                             A:0000 X:00AE Y:0000 S:0370 D:0000 DB:7E P:84 V:64  H:238
C02FCD $E8             INX                             A:0000 X:00AF Y:0000 S:0370 D:0000 DB:7E P:04 V:64  H:241
C02FCE $E0 $00 $02     CPX #$0200                      A:0000 X:00B0 Y:0000 S:0370 D:0000 DB:7E P:04 V:64  H:244
C02FD1 $90 $ED         BCC $C02FC0                     A:0000 X:00B0 Y:0000 S:0370 D:0000 DB:7E P:84 V:64  H:248
C02FC0 $9E $FE $7F     STZ $7FFE,X [7E80AE] = $0000    A:0000 X:00B0 Y:0000 S:0370 D:0000 DB:7E P:84 V:64  H:253
C02FC3 $9E $FE $83     STZ $83FE,X [7E84AE] = $3AD9    A:0000 X:00B0 Y:0000 S:0370 D:0000 DB:7E P:84 V:64  H:263
C02FC6 $9E $FE $81     STZ $81FE,X [7E82AE] = $0000    A:0000 X:00B0 Y:0000 S:0370 D:0000 DB:7E P:84 V:64  H:273
C02FC9 $9E $FE $85     STZ $85FE,X [7E86AE] = $0000    A:0000 X:00B0 Y:0000 S:0370 D:0000 DB:7E P:84 V:64  H:324
C02FCC $E8             INX                             A:0000 X:00B0 Y:0000 S:0370 D:0000 DB:7E P:84 V:64  H:334
C02FCD $E8             INX                             A:0000 X:00B1 Y:0000 S:0370 D:0000 DB:7E P:04 V:64  H:337
C02FCE $E0 $00 $02     CPX #$0200                      A:0000 X:00B2 Y:0000 S:0370 D:0000 DB:7E P:04 V:65  H:0  
C02FD1 $90 $ED         BCC $C02FC0                     A:0000 X:00B2 Y:0000 S:0370 D:0000 DB:7E P:84 V:65  H:4  
C02FC0 $9E $FE $7F     STZ $7FFE,X [7E80B0] = $0000    A:0000 X:00B2 Y:0000 S:0370 D:0000 DB:7E P:84 V:65  H:9  
C02FC3 $9E $FE $83     STZ $83FE,X [7E84B0] = $19D6    A:0000 X:00B2 Y:0000 S:0370 D:0000 DB:7E P:84 V:65  H:19 
C02FC6 $9E $FE $81     STZ $81FE,X [7E82B0] = $0000    A:0000 X:00B2 Y:0000 S:0370 D:0000 DB:7E P:84 V:65  H:29 
C02FC9 $9E $FE $85     STZ $85FE,X [7E86B0] = $0000    A:0000 X:00B2 Y:0000 S:0370 D:0000 DB:7E P:84 V:65  H:39 
C02FCC $E8             INX                             A:0000 X:00B2 Y:0000 S:0370 D:0000 DB:7E P:84 V:65  H:49 
C02FCD $E8             INX                             A:0000 X:00B3 Y:0000 S:0370 D:0000 DB:7E P:04 V:65  H:52 
C02FCE $E0 $00 $02     CPX #$0200                      A:0000 X:00B4 Y:0000 S:0370 D:0000 DB:7E P:04 V:65  H:55 
C02FD1 $90 $ED         BCC $C02FC0                     A:0000 X:00B4 Y:0000 S:0370 D:0000 DB:7E P:84 V:65  H:59 
C02FC0 $9E $FE $7F     STZ $7FFE,X [7E80B2] = $0000    A:0000 X:00B4 Y:0000 S:0370 D:0000 DB:7E P:84 V:65  H:64 
C02FC3 $9E $FE $83     STZ $83FE,X [7E84B2] = $14F1    A:0000 X:00B4 Y:0000 S:0370 D:0000 DB:7E P:84 V:65  H:74 
C02FC6 $9E $FE $81     STZ $81FE,X [7E82B2] = $0000    A:0000 X:00B4 Y:0000 S:0370 D:0000 DB:7E P:84 V:65  H:84 
C02FC9 $9E $FE $85     STZ $85FE,X [7E86B2] = $0000    A:0000 X:00B4 Y:0000 S:0370 D:0000 DB:7E P:84 V:65  H:94 
C02FCC $E8             INX                             A:0000 X:00B4 Y:0000 S:0370 D:0000 DB:7E P:84 V:65  H:104
C02FCD $E8             INX                             A:0000 X:00B5 Y:0000 S:0370 D:0000 DB:7E P:04 V:65  H:107
C02FCE $E0 $00 $02     CPX #$0200                      A:0000 X:00B6 Y:0000 S:0370 D:0000 DB:7E P:04 V:65  H:110
C02FD1 $90 $ED         BCC $C02FC0                     A:0000 X:00B6 Y:0000 S:0370 D:0000 DB:7E P:84 V:65  H:114
C02FC0 $9E $FE $7F     STZ $7FFE,X [7E80B4] = $0000    A:0000 X:00B6 Y:0000 S:0370 D:0000 DB:7E P:84 V:65  H:119
C02FC3 $9E $FE $83     STZ $83FE,X [7E84B4] = $0C68    A:0000 X:00B6 Y:0000 S:0370 D:0000 DB:7E P:84 V:65  H:129
C02FC6 $9E $FE $81     STZ $81FE,X [7E82B4] = $0000    A:0000 X:00B6 Y:0000 S:0370 D:0000 DB:7E P:84 V:65  H:149
C02FC9 $9E $FE $85     STZ $85FE,X [7E86B4] = $0000    A:0000 X:00B6 Y:0000 S:0370 D:0000 DB:7E P:84 V:65  H:159
C02FCC $E8             INX                             A:0000 X:00B6 Y:0000 S:0370 D:0000 DB:7E P:84 V:65  H:169
C02FCD $E8             INX                             A:0000 X:00B7 Y:0000 S:0370 D:0000 DB:7E P:04 V:65  H:172
C02FCE $E0 $00 $02     CPX #$0200                      A:0000 X:00B8 Y:0000 S:0370 D:0000 DB:7E P:04 V:65  H:175
C02FD1 $90 $ED         BCC $C02FC0                     A:0000 X:00B8 Y:0000 S:0370 D:0000 DB:7E P:84 V:65  H:179
C02FC0 $9E $FE $7F     STZ $7FFE,X [7E80B6] = $0000    A:0000 X:00B8 Y:0000 S:0370 D:0000 DB:7E P:84 V:65  H:184
C02FC3 $9E $FE $83     STZ $83FE,X [7E84B6] = $19AE    A:0000 X:00B8 Y:0000 S:0370 D:0000 DB:7E P:84 V:65  H:194
C02FC6 $9E $FE $81     STZ $81FE,X [7E82B6] = $0000    A:0000 X:00B8 Y:0000 S:0370 D:0000 DB:7E P:84 V:65  H:204
C02FC9 $9E $FE $85     STZ $85FE,X [7E86B6] = $0000    A:0000 X:00B8 Y:0000 S:0370 D:0000 DB:7E P:84 V:65  H:214
C02FCC $E8             INX                             A:0000 X:00B8 Y:0000 S:0370 D:0000 DB:7E P:84 V:65  H:224
C02FCD $E8             INX                             A:0000 X:00B9 Y:0000 S:0370 D:0000 DB:7E P:04 V:65  H:227
C02FCE $E0 $00 $02     CPX #$0200                      A:0000 X:00BA Y:0000 S:0370 D:0000 DB:7E P:04 V:65  H:230
C02FD1 $90 $ED         BCC $C02FC0                     A:0000 X:00BA Y:0000 S:0370 D:0000 DB:7E P:84 V:65  H:234
C02FC0 $9E $FE $7F     STZ $7FFE,X [7E80B8] = $0000    A:0000 X:00BA Y:0000 S:0370 D:0000 DB:7E P:84 V:65  H:239
C02FC3 $9E $FE $83     STZ $83FE,X [7E84B8] = $0EAD    A:0000 X:00BA Y:0000 S:0370 D:0000 DB:7E P:84 V:65  H:249
C02FC6 $9E $FE $81     STZ $81FE,X [7E82B8] = $0000    A:0000 X:00BA Y:0000 S:0370 D:0000 DB:7E P:84 V:65  H:259
C02FC9 $9E $FE $85     STZ $85FE,X [7E86B8] = $0000    A:0000 X:00BA Y:0000 S:0370 D:0000 DB:7E P:84 V:65  H:269
C02FCC $E8             INX                             A:0000 X:00BA Y:0000 S:0370 D:0000 DB:7E P:84 V:65  H:295
C02FCD $E8             INX                             A:0000 X:00BB Y:0000 S:0370 D:0000 DB:7E P:04 V:65  H:298
C02FCE $E0 $00 $02     CPX #$0200                      A:0000 X:00BC Y:0000 S:0370 D:0000 DB:7E P:04 V:65  H:301
C02FD1 $90 $ED         BCC $C02FC0                     A:0000 X:00BC Y:0000 S:0370 D:0000 DB:7E P:84 V:65  H:305
C02FC0 $9E $FE $7F     STZ $7FFE,X [7E80BA] = $0000    A:0000 X:00BC Y:0000 S:0370 D:0000 DB:7E P:84 V:65  H:310
C02FC3 $9E $FE $83     STZ $83FE,X [7E84BA] = $0DE9    A:0000 X:00BC Y:0000 S:0370 D:0000 DB:7E P:84 V:65  H:320
C02FC6 $9E $FE $81     STZ $81FE,X [7E82BA] = $0000    A:0000 X:00BC Y:0000 S:0370 D:0000 DB:7E P:84 V:65  H:329
C02FC9 $9E $FE $85     STZ $85FE,X [7E86BA] = $0000    A:0000 X:00BC Y:0000 S:0370 D:0000 DB:7E P:84 V:65  H:339
C02FCC $E8             INX                             A:0000 X:00BC Y:0000 S:0370 D:0000 DB:7E P:84 V:66  H:9  
C02FCD $E8             INX                             A:0000 X:00BD Y:0000 S:0370 D:0000 DB:7E P:04 V:66  H:12 
C02FCE $E0 $00 $02     CPX #$0200                      A:0000 X:00BE Y:0000 S:0370 D:0000 DB:7E P:04 V:66  H:15 
C02FD1 $90 $ED         BCC $C02FC0                     A:0000 X:00BE Y:0000 S:0370 D:0000 DB:7E P:84 V:66  H:19 
C02FC0 $9E $FE $7F     STZ $7FFE,X [7E80BC] = $0000    A:0000 X:00BE Y:0000 S:0370 D:0000 DB:7E P:84 V:66  H:24 
C02FC3 $9E $FE $83     STZ $83FE,X [7E84BC] = $680A    A:0000 X:00BE Y:0000 S:0370 D:0000 DB:7E P:84 V:66  H:34 
C02FC6 $9E $FE $81     STZ $81FE,X [7E82BC] = $0000    A:0000 X:00BE Y:0000 S:0370 D:0000 DB:7E P:84 V:66  H:44 
C02FC9 $9E $FE $85     STZ $85FE,X [7E86BC] = $0000    A:0000 X:00BE Y:0000 S:0370 D:0000 DB:7E P:84 V:66  H:54 
C02FCC $E8             INX                             A:0000 X:00BE Y:0000 S:0370 D:0000 DB:7E P:84 V:66  H:64 
C02FCD $E8             INX                             A:0000 X:00BF Y:0000 S:0370 D:0000 DB:7E P:04 V:66  H:67 
C02FCE $E0 $00 $02     CPX #$0200                      A:0000 X:00C0 Y:0000 S:0370 D:0000 DB:7E P:04 V:66  H:70 
C02FD1 $90 $ED         BCC $C02FC0                     A:0000 X:00C0 Y:0000 S:0370 D:0000 DB:7E P:84 V:66  H:74 
C02FC0 $9E $FE $7F     STZ $7FFE,X [7E80BE] = $0000    A:0000 X:00C0 Y:0000 S:0370 D:0000 DB:7E P:84 V:66  H:79 
C02FC3 $9E $FE $83     STZ $83FE,X [7E84BE] = $0000    A:0000 X:00C0 Y:0000 S:0370 D:0000 DB:7E P:84 V:66  H:89 
C02FC6 $9E $FE $81     STZ $81FE,X [7E82BE] = $0000    A:0000 X:00C0 Y:0000 S:0370 D:0000 DB:7E P:84 V:66  H:99 
C02FC9 $9E $FE $85     STZ $85FE,X [7E86BE] = $0000    A:0000 X:00C0 Y:0000 S:0370 D:0000 DB:7E P:84 V:66  H:109
C02FCC $E8             INX                             A:0000 X:00C0 Y:0000 S:0370 D:0000 DB:7E P:84 V:66  H:119
C02FCD $E8             INX                             A:0000 X:00C1 Y:0000 S:0370 D:0000 DB:7E P:04 V:66  H:122
C02FCE $E0 $00 $02     CPX #$0200                      A:0000 X:00C2 Y:0000 S:0370 D:0000 DB:7E P:04 V:66  H:125
C02FD1 $90 $ED         BCC $C02FC0                     A:0000 X:00C2 Y:0000 S:0370 D:0000 DB:7E P:84 V:66  H:129
C02FC0 $9E $FE $7F     STZ $7FFE,X [7E80C0] = $0000    A:0000 X:00C2 Y:0000 S:0370 D:0000 DB:7E P:84 V:66  H:134
C02FC3 $9E $FE $83     STZ $83FE,X [7E84C0] = $0EAD    A:0000 X:00C2 Y:0000 S:0370 D:0000 DB:7E P:84 V:66  H:154
C02FC6 $9E $FE $81     STZ $81FE,X [7E82C0] = $0000    A:0000 X:00C2 Y:0000 S:0370 D:0000 DB:7E P:84 V:66  H:164
C02FC9 $9E $FE $85     STZ $85FE,X [7E86C0] = $0000    A:0000 X:00C2 Y:0000 S:0370 D:0000 DB:7E P:84 V:66  H:174
C02FCC $E8             INX                             A:0000 X:00C2 Y:0000 S:0370 D:0000 DB:7E P:84 V:66  H:184
C02FCD $E8             INX                             A:0000 X:00C3 Y:0000 S:0370 D:0000 DB:7E P:04 V:66  H:187
C02FCE $E0 $00 $02     CPX #$0200                      A:0000 X:00C4 Y:0000 S:0370 D:0000 DB:7E P:04 V:66  H:190
C02FD1 $90 $ED         BCC $C02FC0                     A:0000 X:00C4 Y:0000 S:0370 D:0000 DB:7E P:84 V:66  H:194
C02FC0 $9E $FE $7F     STZ $7FFE,X [7E80C2] = $0000    A:0000 X:00C4 Y:0000 S:0370 D:0000 DB:7E P:84 V:66  H:199
C02FC3 $9E $FE $83     STZ $83FE,X [7E84C2] = $4A95    A:0000 X:00C4 Y:0000 S:0370 D:0000 DB:7E P:84 V:66  H:209
C02FC6 $9E $FE $81     STZ $81FE,X [7E82C2] = $0000    A:0000 X:00C4 Y:0000 S:0370 D:0000 DB:7E P:84 V:66  H:219
C02FC9 $9E $FE $85     STZ $85FE,X [7E86C2] = $0000    A:0000 X:00C4 Y:0000 S:0370 D:0000 DB:7E P:84 V:66  H:229
C02FCC $E8             INX                             A:0000 X:00C4 Y:0000 S:0370 D:0000 DB:7E P:84 V:66  H:239
C02FCD $E8             INX                             A:0000 X:00C5 Y:0000 S:0370 D:0000 DB:7E P:04 V:66  H:242
C02FCE $E0 $00 $02     CPX #$0200                      A:0000 X:00C6 Y:0000 S:0370 D:0000 DB:7E P:04 V:66  H:245
C02FD1 $90 $ED         BCC $C02FC0                     A:0000 X:00C6 Y:0000 S:0370 D:0000 DB:7E P:84 V:66  H:249
C02FC0 $9E $FE $7F     STZ $7FFE,X [7E80C4] = $0000    A:0000 X:00C6 Y:0000 S:0370 D:0000 DB:7E P:84 V:66  H:254
C02FC3 $9E $FE $83     STZ $83FE,X [7E84C4] = $3612    A:0000 X:00C6 Y:0000 S:0370 D:0000 DB:7E P:84 V:66  H:264
C02FC6 $9E $FE $81     STZ $81FE,X [7E82C4] = $0000    A:0000 X:00C6 Y:0000 S:0370 D:0000 DB:7E P:84 V:66  H:274
C02FC9 $9E $FE $85     STZ $85FE,X [7E86C4] = $0000    A:0000 X:00C6 Y:0000 S:0370 D:0000 DB:7E P:84 V:66  H:300
C02FCC $E8             INX                             A:0000 X:00C6 Y:0000 S:0370 D:0000 DB:7E P:84 V:66  H:310
C02FCD $E8             INX                             A:0000 X:00C7 Y:0000 S:0370 D:0000 DB:7E P:04 V:66  H:313
C02FCE $E0 $00 $02     CPX #$0200                      A:0000 X:00C8 Y:0000 S:0370 D:0000 DB:7E P:04 V:66  H:316
C02FD1 $90 $ED         BCC $C02FC0                     A:0000 X:00C8 Y:0000 S:0370 D:0000 DB:7E P:84 V:66  H:321
C02FC0 $9E $FE $7F     STZ $7FFE,X [7E80C6] = $0000    A:0000 X:00C8 Y:0000 S:0370 D:0000 DB:7E P:84 V:66  H:325
C02FC3 $9E $FE $83     STZ $83FE,X [7E84C6] = $1D8F    A:0000 X:00C8 Y:0000 S:0370 D:0000 DB:7E P:84 V:66  H:334
C02FC6 $9E $FE $81     STZ $81FE,X [7E82C6] = $0000    A:0000 X:00C8 Y:0000 S:0370 D:0000 DB:7E P:84 V:67  H:4  
C02FC9 $9E $FE $85     STZ $85FE,X [7E86C6] = $0000    A:0000 X:00C8 Y:0000 S:0370 D:0000 DB:7E P:84 V:67  H:14 
C02FCC $E8             INX                             A:0000 X:00C8 Y:0000 S:0370 D:0000 DB:7E P:84 V:67  H:24 
C02FCD $E8             INX                             A:0000 X:00C9 Y:0000 S:0370 D:0000 DB:7E P:04 V:67  H:27 
C02FCE $E0 $00 $02     CPX #$0200                      A:0000 X:00CA Y:0000 S:0370 D:0000 DB:7E P:04 V:67  H:30 
C02FD1 $90 $ED         BCC $C02FC0                     A:0000 X:00CA Y:0000 S:0370 D:0000 DB:7E P:84 V:67  H:35 
C02FC0 $9E $FE $7F     STZ $7FFE,X [7E80C8] = $0000    A:0000 X:00CA Y:0000 S:0370 D:0000 DB:7E P:84 V:67  H:39 
C02FC3 $9E $FE $83     STZ $83FE,X [7E84C8] = $0D09    A:0000 X:00CA Y:0000 S:0370 D:0000 DB:7E P:84 V:67  H:49 
C02FC6 $9E $FE $81     STZ $81FE,X [7E82C8] = $0000    A:0000 X:00CA Y:0000 S:0370 D:0000 DB:7E P:84 V:67  H:59 
C02FC9 $9E $FE $85     STZ $85FE,X [7E86C8] = $0000    A:0000 X:00CA Y:0000 S:0370 D:0000 DB:7E P:84 V:67  H:69 
C02FCC $E8             INX                             A:0000 X:00CA Y:0000 S:0370 D:0000 DB:7E P:84 V:67  H:79 
C02FCD $E8             INX                             A:0000 X:00CB Y:0000 S:0370 D:0000 DB:7E P:04 V:67  H:82 
C02FCE $E0 $00 $02     CPX #$0200                      A:0000 X:00CC Y:0000 S:0370 D:0000 DB:7E P:04 V:67  H:85 
C02FD1 $90 $ED         BCC $C02FC0                     A:0000 X:00CC Y:0000 S:0370 D:0000 DB:7E P:84 V:67  H:90 
C02FC0 $9E $FE $7F     STZ $7FFE,X [7E80CA] = $0000    A:0000 X:00CC Y:0000 S:0370 D:0000 DB:7E P:84 V:67  H:94 
C02FC3 $9E $FE $83     STZ $83FE,X [7E84CA] = $10A6    A:0000 X:00CC Y:0000 S:0370 D:0000 DB:7E P:84 V:67  H:104
C02FC6 $9E $FE $81     STZ $81FE,X [7E82CA] = $0000    A:0000 X:00CC Y:0000 S:0370 D:0000 DB:7E P:84 V:67  H:114
C02FC9 $9E $FE $85     STZ $85FE,X [7E86CA] = $0000    A:0000 X:00CC Y:0000 S:0370 D:0000 DB:7E P:84 V:67  H:124
C02FCC $E8             INX                             A:0000 X:00CC Y:0000 S:0370 D:0000 DB:7E P:84 V:67  H:144
C02FCD $E8             INX                             A:0000 X:00CD Y:0000 S:0370 D:0000 DB:7E P:04 V:67  H:147
C02FCE $E0 $00 $02     CPX #$0200                      A:0000 X:00CE Y:0000 S:0370 D:0000 DB:7E P:04 V:67  H:150
C02FD1 $90 $ED         BCC $C02FC0                     A:0000 X:00CE Y:0000 S:0370 D:0000 DB:7E P:84 V:67  H:155
C02FC0 $9E $FE $7F     STZ $7FFE,X [7E80CC] = $0000    A:0000 X:00CE Y:0000 S:0370 D:0000 DB:7E P:84 V:67  H:159
C02FC3 $9E $FE $83     STZ $83FE,X [7E84CC] = $0E4A    A:0000 X:00CE Y:0000 S:0370 D:0000 DB:7E P:84 V:67  H:169
C02FC6 $9E $FE $81     STZ $81FE,X [7E82CC] = $0000    A:0000 X:00CE Y:0000 S:0370 D:0000 DB:7E P:84 V:67  H:179
C02FC9 $9E $FE $85     STZ $85FE,X [7E86CC] = $0000    A:0000 X:00CE Y:0000 S:0370 D:0000 DB:7E P:84 V:67  H:189
C02FCC $E8             INX                             A:0000 X:00CE Y:0000 S:0370 D:0000 DB:7E P:84 V:67  H:199
C02FCD $E8             INX                             A:0000 X:00CF Y:0000 S:0370 D:0000 DB:7E P:04 V:67  H:202
C02FCE $E0 $00 $02     CPX #$0200                      A:0000 X:00D0 Y:0000 S:0370 D:0000 DB:7E P:04 V:67  H:205
C02FD1 $90 $ED         BCC $C02FC0                     A:0000 X:00D0 Y:0000 S:0370 D:0000 DB:7E P:84 V:67  H:210
C02FC0 $9E $FE $7F     STZ $7FFE,X [7E80CE] = $0000    A:0000 X:00D0 Y:0000 S:0370 D:0000 DB:7E P:84 V:67  H:214
C02FC3 $9E $FE $83     STZ $83FE,X [7E84CE] = $7C1F    A:0000 X:00D0 Y:0000 S:0370 D:0000 DB:7E P:84 V:67  H:224
C02FC6 $9E $FE $81     STZ $81FE,X [7E82CE] = $0000    A:0000 X:00D0 Y:0000 S:0370 D:0000 DB:7E P:84 V:67  H:234
C02FC9 $9E $FE $85     STZ $85FE,X [7E86CE] = $0000    A:0000 X:00D0 Y:0000 S:0370 D:0000 DB:7E P:84 V:67  H:244
C02FCC $E8             INX                             A:0000 X:00D0 Y:0000 S:0370 D:0000 DB:7E P:84 V:67  H:254
C02FCD $E8             INX                             A:0000 X:00D1 Y:0000 S:0370 D:0000 DB:7E P:04 V:67  H:257
C02FCE $E0 $00 $02     CPX #$0200                      A:0000 X:00D2 Y:0000 S:0370 D:0000 DB:7E P:04 V:67  H:260
C02FD1 $90 $ED         BCC $C02FC0                     A:0000 X:00D2 Y:0000 S:0370 D:0000 DB:7E P:84 V:67  H:265
C02FC0 $9E $FE $7F     STZ $7FFE,X [7E80D0] = $0000    A:0000 X:00D2 Y:0000 S:0370 D:0000 DB:7E P:84 V:67  H:269
C02FC3 $9E $FE $83     STZ $83FE,X [7E84D0] = $1C62    A:0000 X:00D2 Y:0000 S:0370 D:0000 DB:7E P:84 V:67  H:297
C02FC6 $9E $FE $81     STZ $81FE,X [7E82D0] = $0000    A:0000 X:00D2 Y:0000 S:0370 D:0000 DB:7E P:84 V:67  H:307
C02FC9 $9E $FE $85     STZ $85FE,X [7E86D0] = $0000    A:0000 X:00D2 Y:0000 S:0370 D:0000 DB:7E P:84 V:67  H:317
C02FCC $E8             INX                             A:0000 X:00D2 Y:0000 S:0370 D:0000 DB:7E P:84 V:67  H:327
C02FCD $E8             INX                             A:0000 X:00D3 Y:0000 S:0370 D:0000 DB:7E P:04 V:67  H:329
C02FCE $E0 $00 $02     CPX #$0200                      A:0000 X:00D4 Y:0000 S:0370 D:0000 DB:7E P:04 V:67  H:332
C02FD1 $90 $ED         BCC $C02FC0                     A:0000 X:00D4 Y:0000 S:0370 D:0000 DB:7E P:84 V:67  H:337
C02FC0 $9E $FE $7F     STZ $7FFE,X [7E80D2] = $0000    A:0000 X:00D4 Y:0000 S:0370 D:0000 DB:7E P:84 V:68  H:1  
C02FC3 $9E $FE $83     STZ $83FE,X [7E84D2] = $4986    A:0000 X:00D4 Y:0000 S:0370 D:0000 DB:7E P:84 V:68  H:11 
C02FC6 $9E $FE $81     STZ $81FE,X [7E82D2] = $0000    A:0000 X:00D4 Y:0000 S:0370 D:0000 DB:7E P:84 V:68  H:21 
C02FC9 $9E $FE $85     STZ $85FE,X [7E86D2] = $0000    A:0000 X:00D4 Y:0000 S:0370 D:0000 DB:7E P:84 V:68  H:31 
C02FCC $E8             INX                             A:0000 X:00D4 Y:0000 S:0370 D:0000 DB:7E P:84 V:68  H:41 
C02FCD $E8             INX                             A:0000 X:00D5 Y:0000 S:0370 D:0000 DB:7E P:04 V:68  H:44 
C02FCE $E0 $00 $02     CPX #$0200                      A:0000 X:00D6 Y:0000 S:0370 D:0000 DB:7E P:04 V:68  H:47 
C02FD1 $90 $ED         BCC $C02FC0                     A:0000 X:00D6 Y:0000 S:0370 D:0000 DB:7E P:84 V:68  H:52 
C02FC0 $9E $FE $7F     STZ $7FFE,X [7E80D4] = $0000    A:0000 X:00D6 Y:0000 S:0370 D:0000 DB:7E P:84 V:68  H:56 
C02FC3 $9E $FE $83     STZ $83FE,X [7E84D4] = $28A3    A:0000 X:00D6 Y:0000 S:0370 D:0000 DB:7E P:84 V:68  H:66 
C02FC6 $9E $FE $81     STZ $81FE,X [7E82D4] = $0000    A:0000 X:00D6 Y:0000 S:0370 D:0000 DB:7E P:84 V:68  H:76 
C02FC9 $9E $FE $85     STZ $85FE,X [7E86D4] = $0000    A:0000 X:00D6 Y:0000 S:0370 D:0000 DB:7E P:84 V:68  H:86 
C02FCC $E8             INX                             A:0000 X:00D6 Y:0000 S:0370 D:0000 DB:7E P:84 V:68  H:96 
C02FCD $E8             INX                             A:0000 X:00D7 Y:0000 S:0370 D:0000 DB:7E P:04 V:68  H:99 
C02FCE $E0 $00 $02     CPX #$0200                      A:0000 X:00D8 Y:0000 S:0370 D:0000 DB:7E P:04 V:68  H:102
C02FD1 $90 $ED         BCC $C02FC0                     A:0000 X:00D8 Y:0000 S:0370 D:0000 DB:7E P:84 V:68  H:107
C02FC0 $9E $FE $7F     STZ $7FFE,X [7E80D6] = $0000    A:0000 X:00D8 Y:0000 S:0370 D:0000 DB:7E P:84 V:68  H:111
C02FC3 $9E $FE $83     STZ $83FE,X [7E84D6] = $3CE4    A:0000 X:00D8 Y:0000 S:0370 D:0000 DB:7E P:84 V:68  H:121
C02FC6 $9E $FE $81     STZ $81FE,X [7E82D6] = $0000    A:0000 X:00D8 Y:0000 S:0370 D:0000 DB:7E P:84 V:68  H:131
C02FC9 $9E $FE $85     STZ $85FE,X [7E86D6] = $0000    A:0000 X:00D8 Y:0000 S:0370 D:0000 DB:7E P:84 V:68  H:151
C02FCC $E8             INX                             A:0000 X:00D8 Y:0000 S:0370 D:0000 DB:7E P:84 V:68  H:161
C02FCD $E8             INX                             A:0000 X:00D9 Y:0000 S:0370 D:0000 DB:7E P:04 V:68  H:164
C02FCE $E0 $00 $02     CPX #$0200                      A:0000 X:00DA Y:0000 S:0370 D:0000 DB:7E P:04 V:68  H:167
C02FD1 $90 $ED         BCC $C02FC0                     A:0000 X:00DA Y:0000 S:0370 D:0000 DB:7E P:84 V:68  H:172
C02FC0 $9E $FE $7F     STZ $7FFE,X [7E80D8] = $0000    A:0000 X:00DA Y:0000 S:0370 D:0000 DB:7E P:84 V:68  H:176
C02FC3 $9E $FE $83     STZ $83FE,X [7E84D8] = $680A    A:0000 X:00DA Y:0000 S:0370 D:0000 DB:7E P:84 V:68  H:186
C02FC6 $9E $FE $81     STZ $81FE,X [7E82D8] = $0000    A:0000 X:00DA Y:0000 S:0370 D:0000 DB:7E P:84 V:68  H:196
C02FC9 $9E $FE $85     STZ $85FE,X [7E86D8] = $0000    A:0000 X:00DA Y:0000 S:0370 D:0000 DB:7E P:84 V:68  H:206
C02FCC $E8             INX                             A:0000 X:00DA Y:0000 S:0370 D:0000 DB:7E P:84 V:68  H:216
C02FCD $E8             INX                             A:0000 X:00DB Y:0000 S:0370 D:0000 DB:7E P:04 V:68  H:219
C02FCE $E0 $00 $02     CPX #$0200                      A:0000 X:00DC Y:0000 S:0370 D:0000 DB:7E P:04 V:68  H:222
C02FD1 $90 $ED         BCC $C02FC0                     A:0000 X:00DC Y:0000 S:0370 D:0000 DB:7E P:84 V:68  H:227
C02FC0 $9E $FE $7F     STZ $7FFE,X [7E80DA] = $0000    A:0000 X:00DC Y:0000 S:0370 D:0000 DB:7E P:84 V:68  H:231
C02FC3 $9E $FE $83     STZ $83FE,X [7E84DA] = $680A    A:0000 X:00DC Y:0000 S:0370 D:0000 DB:7E P:84 V:68  H:241
C02FC6 $9E $FE $81     STZ $81FE,X [7E82DA] = $0000    A:0000 X:00DC Y:0000 S:0370 D:0000 DB:7E P:84 V:68  H:251
C02FC9 $9E $FE $85     STZ $85FE,X [7E86DA] = $0000    A:0000 X:00DC Y:0000 S:0370 D:0000 DB:7E P:84 V:68  H:261
C02FCC $E8             INX                             A:0000 X:00DC Y:0000 S:0370 D:0000 DB:7E P:84 V:68  H:271
C02FCD $E8             INX                             A:0000 X:00DD Y:0000 S:0370 D:0000 DB:7E P:04 V:68  H:274
C02FCE $E0 $00 $02     CPX #$0200                      A:0000 X:00DE Y:0000 S:0370 D:0000 DB:7E P:04 V:68  H:294
C02FD1 $90 $ED         BCC $C02FC0                     A:0000 X:00DE Y:0000 S:0370 D:0000 DB:7E P:84 V:68  H:298
C02FC0 $9E $FE $7F     STZ $7FFE,X [7E80DC] = $0000    A:0000 X:00DE Y:0000 S:0370 D:0000 DB:7E P:84 V:68  H:303
C02FC3 $9E $FE $83     STZ $83FE,X [7E84DC] = $680A    A:0000 X:00DE Y:0000 S:0370 D:0000 DB:7E P:84 V:68  H:313
C02FC6 $9E $FE $81     STZ $81FE,X [7E82DC] = $0000    A:0000 X:00DE Y:0000 S:0370 D:0000 DB:7E P:84 V:68  H:323
C02FC9 $9E $FE $85     STZ $85FE,X [7E86DC] = $0000    A:0000 X:00DE Y:0000 S:0370 D:0000 DB:7E P:84 V:68  H:332
C02FCC $E8             INX                             A:0000 X:00DE Y:0000 S:0370 D:0000 DB:7E P:84 V:69  H:2  
C02FCD $E8             INX                             A:0000 X:00DF Y:0000 S:0370 D:0000 DB:7E P:04 V:69  H:5  
C02FCE $E0 $00 $02     CPX #$0200                      A:0000 X:00E0 Y:0000 S:0370 D:0000 DB:7E P:04 V:69  H:8  
C02FD1 $90 $ED         BCC $C02FC0                     A:0000 X:00E0 Y:0000 S:0370 D:0000 DB:7E P:84 V:69  H:12 
C02FC0 $9E $FE $7F     STZ $7FFE,X [7E80DE] = $0000    A:0000 X:00E0 Y:0000 S:0370 D:0000 DB:7E P:84 V:69  H:17 
C02FC3 $9E $FE $83     STZ $83FE,X [7E84DE] = $0000    A:0000 X:00E0 Y:0000 S:0370 D:0000 DB:7E P:84 V:69  H:27 
C02FC6 $9E $FE $81     STZ $81FE,X [7E82DE] = $0000    A:0000 X:00E0 Y:0000 S:0370 D:0000 DB:7E P:84 V:69  H:37 
C02FC9 $9E $FE $85     STZ $85FE,X [7E86DE] = $0000    A:0000 X:00E0 Y:0000 S:0370 D:0000 DB:7E P:84 V:69  H:47 
C02FCC $E8             INX                             A:0000 X:00E0 Y:0000 S:0370 D:0000 DB:7E P:84 V:69  H:57 
C02FCD $E8             INX                             A:0000 X:00E1 Y:0000 S:0370 D:0000 DB:7E P:04 V:69  H:60 
C02FCE $E0 $00 $02     CPX #$0200                      A:0000 X:00E2 Y:0000 S:0370 D:0000 DB:7E P:04 V:69  H:63 
C02FD1 $90 $ED         BCC $C02FC0                     A:0000 X:00E2 Y:0000 S:0370 D:0000 DB:7E P:84 V:69  H:67 
C02FC0 $9E $FE $7F     STZ $7FFE,X [7E80E0] = $0000    A:0000 X:00E2 Y:0000 S:0370 D:0000 DB:7E P:84 V:69  H:72 
C02FC3 $9E $FE $83     STZ $83FE,X [7E84E0] = $7209    A:0000 X:00E2 Y:0000 S:0370 D:0000 DB:7E P:84 V:69  H:82 
C02FC6 $9E $FE $81     STZ $81FE,X [7E82E0] = $0000    A:0000 X:00E2 Y:0000 S:0370 D:0000 DB:7E P:84 V:69  H:92 
C02FC9 $9E $FE $85     STZ $85FE,X [7E86E0] = $0000    A:0000 X:00E2 Y:0000 S:0370 D:0000 DB:7E P:84 V:69  H:102
C02FCC $E8             INX                             A:0000 X:00E2 Y:0000 S:0370 D:0000 DB:7E P:84 V:69  H:112
C02FCD $E8             INX                             A:0000 X:00E3 Y:0000 S:0370 D:0000 DB:7E P:04 V:69  H:115
C02FCE $E0 $00 $02     CPX #$0200                      A:0000 X:00E4 Y:0000 S:0370 D:0000 DB:7E P:04 V:69  H:118
C02FD1 $90 $ED         BCC $C02FC0                     A:0000 X:00E4 Y:0000 S:0370 D:0000 DB:7E P:84 V:69  H:122
C02FC0 $9E $FE $7F     STZ $7FFE,X [7E80E2] = $0000    A:0000 X:00E4 Y:0000 S:0370 D:0000 DB:7E P:84 V:69  H:127
C02FC3 $9E $FE $83     STZ $83FE,X [7E84E2] = $0EF4    A:0000 X:00E4 Y:0000 S:0370 D:0000 DB:7E P:84 V:69  H:147
C02FC6 $9E $FE $81     STZ $81FE,X [7E82E2] = $0000    A:0000 X:00E4 Y:0000 S:0370 D:0000 DB:7E P:84 V:69  H:157
C02FC9 $9E $FE $85     STZ $85FE,X [7E86E2] = $0000    A:0000 X:00E4 Y:0000 S:0370 D:0000 DB:7E P:84 V:69  H:167
C02FCC $E8             INX                             A:0000 X:00E4 Y:0000 S:0370 D:0000 DB:7E P:84 V:69  H:177
C02FCD $E8             INX                             A:0000 X:00E5 Y:0000 S:0370 D:0000 DB:7E P:04 V:69  H:180
C02FCE $E0 $00 $02     CPX #$0200                      A:0000 X:00E6 Y:0000 S:0370 D:0000 DB:7E P:04 V:69  H:183
C02FD1 $90 $ED         BCC $C02FC0                     A:0000 X:00E6 Y:0000 S:0370 D:0000 DB:7E P:84 V:69  H:187
C02FC0 $9E $FE $7F     STZ $7FFE,X [7E80E4] = $0000    A:0000 X:00E6 Y:0000 S:0370 D:0000 DB:7E P:84 V:69  H:192
C02FC3 $9E $FE $83     STZ $83FE,X [7E84E4] = $0A2E    A:0000 X:00E6 Y:0000 S:0370 D:0000 DB:7E P:84 V:69  H:202
C02FC6 $9E $FE $81     STZ $81FE,X [7E82E4] = $0000    A:0000 X:00E6 Y:0000 S:0370 D:0000 DB:7E P:84 V:69  H:212
C02FC9 $9E $FE $85     STZ $85FE,X [7E86E4] = $0000    A:0000 X:00E6 Y:0000 S:0370 D:0000 DB:7E P:84 V:69  H:222
C02FCC $E8             INX                             A:0000 X:00E6 Y:0000 S:0370 D:0000 DB:7E P:84 V:69  H:232
C02FCD $E8             INX                             A:0000 X:00E7 Y:0000 S:0370 D:0000 DB:7E P:04 V:69  H:235
C02FCE $E0 $00 $02     CPX #$0200                      A:0000 X:00E8 Y:0000 S:0370 D:0000 DB:7E P:04 V:69  H:238
C02FD1 $90 $ED         BCC $C02FC0                     A:0000 X:00E8 Y:0000 S:0370 D:0000 DB:7E P:84 V:69  H:242
C02FC0 $9E $FE $7F     STZ $7FFE,X [7E80E6] = $0000    A:0000 X:00E8 Y:0000 S:0370 D:0000 DB:7E P:84 V:69  H:247
C02FC3 $9E $FE $83     STZ $83FE,X [7E84E6] = $01AA    A:0000 X:00E8 Y:0000 S:0370 D:0000 DB:7E P:84 V:69  H:257
C02FC6 $9E $FE $81     STZ $81FE,X [7E82E6] = $0000    A:0000 X:00E8 Y:0000 S:0370 D:0000 DB:7E P:84 V:69  H:267
C02FC9 $9E $FE $85     STZ $85FE,X [7E86E6] = $0000    A:0000 X:00E8 Y:0000 S:0370 D:0000 DB:7E P:84 V:69  H:292
C02FCC $E8             INX                             A:0000 X:00E8 Y:0000 S:0370 D:0000 DB:7E P:84 V:69  H:302
C02FCD $E8             INX                             A:0000 X:00E9 Y:0000 S:0370 D:0000 DB:7E P:04 V:69  H:305
C02FCE $E0 $00 $02     CPX #$0200                      A:0000 X:00EA Y:0000 S:0370 D:0000 DB:7E P:04 V:69  H:308
C02FD1 $90 $ED         BCC $C02FC0                     A:0000 X:00EA Y:0000 S:0370 D:0000 DB:7E P:84 V:69  H:312
C02FC0 $9E $FE $7F     STZ $7FFE,X [7E80E8] = $0000    A:0000 X:00EA Y:0000 S:0370 D:0000 DB:7E P:84 V:69  H:317
C02FC3 $9E $FE $83     STZ $83FE,X [7E84E8] = $0127    A:0000 X:00EA Y:0000 S:0370 D:0000 DB:7E P:84 V:69  H:326
C02FC6 $9E $FE $81     STZ $81FE,X [7E82E8] = $0000    A:0000 X:00EA Y:0000 S:0370 D:0000 DB:7E P:84 V:69  H:336
C02FC9 $9E $FE $85     STZ $85FE,X [7E86E8] = $0000    A:0000 X:00EA Y:0000 S:0370 D:0000 DB:7E P:84 V:70  H:6  
C02FCC $E8             INX                             A:0000 X:00EA Y:0000 S:0370 D:0000 DB:7E P:84 V:70  H:16 
C02FCD $E8             INX                             A:0000 X:00EB Y:0000 S:0370 D:0000 DB:7E P:04 V:70  H:19 
C02FCE $E0 $00 $02     CPX #$0200                      A:0000 X:00EC Y:0000 S:0370 D:0000 DB:7E P:04 V:70  H:22 
C02FD1 $90 $ED         BCC $C02FC0                     A:0000 X:00EC Y:0000 S:0370 D:0000 DB:7E P:84 V:70  H:26 
C02FC0 $9E $FE $7F     STZ $7FFE,X [7E80EA] = $0000    A:0000 X:00EC Y:0000 S:0370 D:0000 DB:7E P:84 V:70  H:31 
C02FC3 $9E $FE $83     STZ $83FE,X [7E84EA] = $00C3    A:0000 X:00EC Y:0000 S:0370 D:0000 DB:7E P:84 V:70  H:41 
C02FC6 $9E $FE $81     STZ $81FE,X [7E82EA] = $0000    A:0000 X:00EC Y:0000 S:0370 D:0000 DB:7E P:84 V:70  H:51 
C02FC9 $9E $FE $85     STZ $85FE,X [7E86EA] = $0000    A:0000 X:00EC Y:0000 S:0370 D:0000 DB:7E P:84 V:70  H:61 
C02FCC $E8             INX                             A:0000 X:00EC Y:0000 S:0370 D:0000 DB:7E P:84 V:70  H:71 
C02FCD $E8             INX                             A:0000 X:00ED Y:0000 S:0370 D:0000 DB:7E P:04 V:70  H:74 
C02FCE $E0 $00 $02     CPX #$0200                      A:0000 X:00EE Y:0000 S:0370 D:0000 DB:7E P:04 V:70  H:77 
C02FD1 $90 $ED         BCC $C02FC0                     A:0000 X:00EE Y:0000 S:0370 D:0000 DB:7E P:84 V:70  H:81 
C02FC0 $9E $FE $7F     STZ $7FFE,X [7E80EC] = $0000    A:0000 X:00EE Y:0000 S:0370 D:0000 DB:7E P:84 V:70  H:86 
C02FC3 $9E $FE $83     STZ $83FE,X [7E84EC] = $473D    A:0000 X:00EE Y:0000 S:0370 D:0000 DB:7E P:84 V:70  H:96 
C02FC6 $9E $FE $81     STZ $81FE,X [7E82EC] = $0000    A:0000 X:00EE Y:0000 S:0370 D:0000 DB:7E P:84 V:70  H:106
C02FC9 $9E $FE $85     STZ $85FE,X [7E86EC] = $0000    A:0000 X:00EE Y:0000 S:0370 D:0000 DB:7E P:84 V:70  H:116
C02FCC $E8             INX                             A:0000 X:00EE Y:0000 S:0370 D:0000 DB:7E P:84 V:70  H:126
C02FCD $E8             INX                             A:0000 X:00EF Y:0000 S:0370 D:0000 DB:7E P:04 V:70  H:129
C02FCE $E0 $00 $02     CPX #$0200                      A:0000 X:00F0 Y:0000 S:0370 D:0000 DB:7E P:04 V:70  H:132
C02FD1 $90 $ED         BCC $C02FC0                     A:0000 X:00F0 Y:0000 S:0370 D:0000 DB:7E P:84 V:70  H:146
C02FC0 $9E $FE $7F     STZ $7FFE,X [7E80EE] = $0000    A:0000 X:00F0 Y:0000 S:0370 D:0000 DB:7E P:84 V:70  H:151
C02FC3 $9E $FE $83     STZ $83FE,X [7E84EE] = $3278    A:0000 X:00F0 Y:0000 S:0370 D:0000 DB:7E P:84 V:70  H:161
C02FC6 $9E $FE $81     STZ $81FE,X [7E82EE] = $0000    A:0000 X:00F0 Y:0000 S:0370 D:0000 DB:7E P:84 V:70  H:171
C02FC9 $9E $FE $85     STZ $85FE,X [7E86EE] = $0000    A:0000 X:00F0 Y:0000 S:0370 D:0000 DB:7E P:84 V:70  H:181
C02FCC $E8             INX                             A:0000 X:00F0 Y:0000 S:0370 D:0000 DB:7E P:84 V:70  H:191
C02FCD $E8             INX                             A:0000 X:00F1 Y:0000 S:0370 D:0000 DB:7E P:04 V:70  H:194
C02FCE $E0 $00 $02     CPX #$0200                      A:0000 X:00F2 Y:0000 S:0370 D:0000 DB:7E P:04 V:70  H:197
C02FD1 $90 $ED         BCC $C02FC0                     A:0000 X:00F2 Y:0000 S:0370 D:0000 DB:7E P:84 V:70  H:201
C02FC0 $9E $FE $7F     STZ $7FFE,X [7E80F0] = $0000    A:0000 X:00F2 Y:0000 S:0370 D:0000 DB:7E P:84 V:70  H:206
C02FC3 $9E $FE $83     STZ $83FE,X [7E84F0] = $21D4    A:0000 X:00F2 Y:0000 S:0370 D:0000 DB:7E P:84 V:70  H:216
C02FC6 $9E $FE $81     STZ $81FE,X [7E82F0] = $0000    A:0000 X:00F2 Y:0000 S:0370 D:0000 DB:7E P:84 V:70  H:226
C02FC9 $9E $FE $85     STZ $85FE,X [7E86F0] = $0000    A:0000 X:00F2 Y:0000 S:0370 D:0000 DB:7E P:84 V:70  H:236
C02FCC $E8             INX                             A:0000 X:00F2 Y:0000 S:0370 D:0000 DB:7E P:84 V:70  H:246
C02FCD $E8             INX                             A:0000 X:00F3 Y:0000 S:0370 D:0000 DB:7E P:04 V:70  H:249
C02FCE $E0 $00 $02     CPX #$0200                      A:0000 X:00F4 Y:0000 S:0370 D:0000 DB:7E P:04 V:70  H:252
C02FD1 $90 $ED         BCC $C02FC0                     A:0000 X:00F4 Y:0000 S:0370 D:0000 DB:7E P:84 V:70  H:256
C02FC0 $9E $FE $7F     STZ $7FFE,X [7E80F2] = $0000    A:0000 X:00F4 Y:0000 S:0370 D:0000 DB:7E P:84 V:70  H:261
C02FC3 $9E $FE $83     STZ $83FE,X [7E84F2] = $152F    A:0000 X:00F4 Y:0000 S:0370 D:0000 DB:7E P:84 V:70  H:271
C02FC6 $9E $FE $81     STZ $81FE,X [7E82F2] = $0000    A:0000 X:00F4 Y:0000 S:0370 D:0000 DB:7E P:84 V:70  H:297
C02FC9 $9E $FE $85     STZ $85FE,X [7E86F2] = $0000    A:0000 X:00F4 Y:0000 S:0370 D:0000 DB:7E P:84 V:70  H:307
C02FCC $E8             INX                             A:0000 X:00F4 Y:0000 S:0370 D:0000 DB:7E P:84 V:70  H:317
C02FCD $E8             INX                             A:0000 X:00F5 Y:0000 S:0370 D:0000 DB:7E P:04 V:70  H:320
C02FCE $E0 $00 $02     CPX #$0200                      A:0000 X:00F6 Y:0000 S:0370 D:0000 DB:7E P:04 V:70  H:323
C02FD1 $90 $ED         BCC $C02FC0                     A:0000 X:00F6 Y:0000 S:0370 D:0000 DB:7E P:84 V:70  H:327
C02FC0 $9E $FE $7F     STZ $7FFE,X [7E80F4] = $0000    A:0000 X:00F6 Y:0000 S:0370 D:0000 DB:7E P:84 V:70  H:331
C02FC3 $9E $FE $83     STZ $83FE,X [7E84F4] = $10CA    A:0000 X:00F6 Y:0000 S:0370 D:0000 DB:7E P:84 V:71  H:1  
C02FC6 $9E $FE $81     STZ $81FE,X [7E82F4] = $0000    A:0000 X:00F6 Y:0000 S:0370 D:0000 DB:7E P:84 V:71  H:11 
C02FC9 $9E $FE $85     STZ $85FE,X [7E86F4] = $0000    A:0000 X:00F6 Y:0000 S:0370 D:0000 DB:7E P:84 V:71  H:21 
C02FCC $E8             INX                             A:0000 X:00F6 Y:0000 S:0370 D:0000 DB:7E P:84 V:71  H:31 
C02FCD $E8             INX                             A:0000 X:00F7 Y:0000 S:0370 D:0000 DB:7E P:04 V:71  H:34 
C02FCE $E0 $00 $02     CPX #$0200                      A:0000 X:00F8 Y:0000 S:0370 D:0000 DB:7E P:04 V:71  H:37 
C02FD1 $90 $ED         BCC $C02FC0                     A:0000 X:00F8 Y:0000 S:0370 D:0000 DB:7E P:84 V:71  H:41 
C02FC0 $9E $FE $7F     STZ $7FFE,X [7E80F6] = $0000    A:0000 X:00F8 Y:0000 S:0370 D:0000 DB:7E P:84 V:71  H:46 
C02FC3 $9E $FE $83     STZ $83FE,X [7E84F6] = $65BD    A:0000 X:00F8 Y:0000 S:0370 D:0000 DB:7E P:84 V:71  H:56 
C02FC6 $9E $FE $81     STZ $81FE,X [7E82F6] = $0000    A:0000 X:00F8 Y:0000 S:0370 D:0000 DB:7E P:84 V:71  H:66 
C02FC9 $9E $FE $85     STZ $85FE,X [7E86F6] = $0000    A:0000 X:00F8 Y:0000 S:0370 D:0000 DB:7E P:84 V:71  H:76 
C02FCC $E8             INX                             A:0000 X:00F8 Y:0000 S:0370 D:0000 DB:7E P:84 V:71  H:86 
C02FCD $E8             INX                             A:0000 X:00F9 Y:0000 S:0370 D:0000 DB:7E P:04 V:71  H:89 
C02FCE $E0 $00 $02     CPX #$0200                      A:0000 X:00FA Y:0000 S:0370 D:0000 DB:7E P:04 V:71  H:92 
C02FD1 $90 $ED         BCC $C02FC0                     A:0000 X:00FA Y:0000 S:0370 D:0000 DB:7E P:84 V:71  H:96 
C02FC0 $9E $FE $7F     STZ $7FFE,X [7E80F8] = $0000    A:0000 X:00FA Y:0000 S:0370 D:0000 DB:7E P:84 V:71  H:101
C02FC3 $9E $FE $83     STZ $83FE,X [7E84F8] = $680A    A:0000 X:00FA Y:0000 S:0370 D:0000 DB:7E P:84 V:71  H:111
C02FC6 $9E $FE $81     STZ $81FE,X [7E82F8] = $0000    A:0000 X:00FA Y:0000 S:0370 D:0000 DB:7E P:84 V:71  H:121
C02FC9 $9E $FE $85     STZ $85FE,X [7E86F8] = $0000    A:0000 X:00FA Y:0000 S:0370 D:0000 DB:7E P:84 V:71  H:131
C02FCC $E8             INX                             A:0000 X:00FA Y:0000 S:0370 D:0000 DB:7E P:84 V:71  H:151
C02FCD $E8             INX                             A:0000 X:00FB Y:0000 S:0370 D:0000 DB:7E P:04 V:71  H:154
C02FCE $E0 $00 $02     CPX #$0200                      A:0000 X:00FC Y:0000 S:0370 D:0000 DB:7E P:04 V:71  H:157
C02FD1 $90 $ED         BCC $C02FC0                     A:0000 X:00FC Y:0000 S:0370 D:0000 DB:7E P:84 V:71  H:161
C02FC0 $9E $FE $7F     STZ $7FFE,X [7E80FA] = $0000    A:0000 X:00FC Y:0000 S:0370 D:0000 DB:7E P:84 V:71  H:166
C02FC3 $9E $FE $83     STZ $83FE,X [7E84FA] = $680A    A:0000 X:00FC Y:0000 S:0370 D:0000 DB:7E P:84 V:71  H:176
C02FC6 $9E $FE $81     STZ $81FE,X [7E82FA] = $0000    A:0000 X:00FC Y:0000 S:0370 D:0000 DB:7E P:84 V:71  H:186
C02FC9 $9E $FE $85     STZ $85FE,X [7E86FA] = $0000    A:0000 X:00FC Y:0000 S:0370 D:0000 DB:7E P:84 V:71  H:196
C02FCC $E8             INX                             A:0000 X:00FC Y:0000 S:0370 D:0000 DB:7E P:84 V:71  H:206
C02FCD $E8             INX                             A:0000 X:00FD Y:0000 S:0370 D:0000 DB:7E P:04 V:71  H:209
C02FCE $E0 $00 $02     CPX #$0200                      A:0000 X:00FE Y:0000 S:0370 D:0000 DB:7E P:04 V:71  H:212
C02FD1 $90 $ED         BCC $C02FC0                     A:0000 X:00FE Y:0000 S:0370 D:0000 DB:7E P:84 V:71  H:216
C02FC0 $9E $FE $7F     STZ $7FFE,X [7E80FC] = $0000    A:0000 X:00FE Y:0000 S:0370 D:0000 DB:7E P:84 V:71  H:221
C02FC3 $9E $FE $83     STZ $83FE,X [7E84FC] = $680A    A:0000 X:00FE Y:0000 S:0370 D:0000 DB:7E P:84 V:71  H:231
C02FC6 $9E $FE $81     STZ $81FE,X [7E82FC] = $0000    A:0000 X:00FE Y:0000 S:0370 D:0000 DB:7E P:84 V:71  H:241
C02FC9 $9E $FE $85     STZ $85FE,X [7E86FC] = $0000    A:0000 X:00FE Y:0000 S:0370 D:0000 DB:7E P:84 V:71  H:251
C02FCC $E8             INX                             A:0000 X:00FE Y:0000 S:0370 D:0000 DB:7E P:84 V:71  H:261
C02FCD $E8             INX                             A:0000 X:00FF Y:0000 S:0370 D:0000 DB:7E P:04 V:71  H:264
C02FCE $E0 $00 $02     CPX #$0200                      A:0000 X:0100 Y:0000 S:0370 D:0000 DB:7E P:04 V:71  H:267
C02FD1 $90 $ED         BCC $C02FC0                     A:0000 X:0100 Y:0000 S:0370 D:0000 DB:7E P:84 V:71  H:271
C02FC0 $9E $FE $7F     STZ $7FFE,X [7E80FE] = $0000    A:0000 X:0100 Y:0000 S:0370 D:0000 DB:7E P:84 V:71  H:276
C02FC3 $9E $FE $83     STZ $83FE,X [7E84FE] = $0000    A:0000 X:0100 Y:0000 S:0370 D:0000 DB:7E P:84 V:71  H:326
C02FC6 $9E $FE $81     STZ $81FE,X [7E82FE] = $0000    A:0000 X:0100 Y:0000 S:0370 D:0000 DB:7E P:84 V:71  H:335
C02FC9 $9E $FE $85     STZ $85FE,X [7E86FE] = $0000    A:0000 X:0100 Y:0000 S:0370 D:0000 DB:7E P:84 V:72  H:5  
C02FCC $E8             INX                             A:0000 X:0100 Y:0000 S:0370 D:0000 DB:7E P:84 V:72  H:15 
C02FCD $E8             INX                             A:0000 X:0101 Y:0000 S:0370 D:0000 DB:7E P:04 V:72  H:18 
C02FCE $E0 $00 $02     CPX #$0200                      A:0000 X:0102 Y:0000 S:0370 D:0000 DB:7E P:04 V:72  H:21 
C02FD1 $90 $ED         BCC $C02FC0                     A:0000 X:0102 Y:0000 S:0370 D:0000 DB:7E P:84 V:72  H:26 
C02FC0 $9E $FE $7F     STZ $7FFE,X [7E8100] = $0000    A:0000 X:0102 Y:0000 S:0370 D:0000 DB:7E P:84 V:72  H:30 
C02FC3 $9E $FE $83     STZ $83FE,X [7E8500] = $1084    A:0000 X:0102 Y:0000 S:0370 D:0000 DB:7E P:84 V:72  H:40 
C02FC6 $9E $FE $81     STZ $81FE,X [7E8300] = $0000    A:0000 X:0102 Y:0000 S:0370 D:0000 DB:7E P:84 V:72  H:50 
C02FC9 $9E $FE $85     STZ $85FE,X [7E8700] = $0000    A:0000 X:0102 Y:0000 S:0370 D:0000 DB:7E P:84 V:72  H:60 
C02FCC $E8             INX                             A:0000 X:0102 Y:0000 S:0370 D:0000 DB:7E P:84 V:72  H:70 
C02FCD $E8             INX                             A:0000 X:0103 Y:0000 S:0370 D:0000 DB:7E P:04 V:72  H:73 
C02FCE $E0 $00 $02     CPX #$0200                      A:0000 X:0104 Y:0000 S:0370 D:0000 DB:7E P:04 V:72  H:76 
C02FD1 $90 $ED         BCC $C02FC0                     A:0000 X:0104 Y:0000 S:0370 D:0000 DB:7E P:84 V:72  H:81 
C02FC0 $9E $FE $7F     STZ $7FFE,X [7E8102] = $0000    A:0000 X:0104 Y:0000 S:0370 D:0000 DB:7E P:84 V:72  H:85 
C02FC3 $9E $FE $83     STZ $83FE,X [7E8502] = $4EBD    A:0000 X:0104 Y:0000 S:0370 D:0000 DB:7E P:84 V:72  H:95 
C02FC6 $9E $FE $81     STZ $81FE,X [7E8302] = $0000    A:0000 X:0104 Y:0000 S:0370 D:0000 DB:7E P:84 V:72  H:105
C02FC9 $9E $FE $85     STZ $85FE,X [7E8702] = $0000    A:0000 X:0104 Y:0000 S:0370 D:0000 DB:7E P:84 V:72  H:115
C02FCC $E8             INX                             A:0000 X:0104 Y:0000 S:0370 D:0000 DB:7E P:84 V:72  H:125
C02FCD $E8             INX                             A:0000 X:0105 Y:0000 S:0370 D:0000 DB:7E P:04 V:72  H:128
C02FCE $E0 $00 $02     CPX #$0200                      A:0000 X:0106 Y:0000 S:0370 D:0000 DB:7E P:04 V:72  H:131
C02FD1 $90 $ED         BCC $C02FC0                     A:0000 X:0106 Y:0000 S:0370 D:0000 DB:7E P:84 V:72  H:146
C02FC0 $9E $FE $7F     STZ $7FFE,X [7E8104] = $0000    A:0000 X:0106 Y:0000 S:0370 D:0000 DB:7E P:84 V:72  H:150
C02FC3 $9E $FE $83     STZ $83FE,X [7E8504] = $2DF7    A:0000 X:0106 Y:0000 S:0370 D:0000 DB:7E P:84 V:72  H:160
C02FC6 $9E $FE $81     STZ $81FE,X [7E8304] = $0000    A:0000 X:0106 Y:0000 S:0370 D:0000 DB:7E P:84 V:72  H:170
C02FC9 $9E $FE $85     STZ $85FE,X [7E8704] = $0000    A:0000 X:0106 Y:0000 S:0370 D:0000 DB:7E P:84 V:72  H:180
C02FCC $E8             INX                             A:0000 X:0106 Y:0000 S:0370 D:0000 DB:7E P:84 V:72  H:190
C02FCD $E8             INX                             A:0000 X:0107 Y:0000 S:0370 D:0000 DB:7E P:04 V:72  H:193
C02FCE $E0 $00 $02     CPX #$0200                      A:0000 X:0108 Y:0000 S:0370 D:0000 DB:7E P:04 V:72  H:196
C02FD1 $90 $ED         BCC $C02FC0                     A:0000 X:0108 Y:0000 S:0370 D:0000 DB:7E P:84 V:72  H:201
C02FC0 $9E $FE $7F     STZ $7FFE,X [7E8106] = $0000    A:0000 X:0108 Y:0000 S:0370 D:0000 DB:7E P:84 V:72  H:205
C02FC3 $9E $FE $83     STZ $83FE,X [7E8506] = $108C    A:0000 X:0108 Y:0000 S:0370 D:0000 DB:7E P:84 V:72  H:215
C02FC6 $9E $FE $81     STZ $81FE,X [7E8306] = $0000    A:0000 X:0108 Y:0000 S:0370 D:0000 DB:7E P:84 V:72  H:225
C02FC9 $9E $FE $85     STZ $85FE,X [7E8706] = $0000    A:0000 X:0108 Y:0000 S:0370 D:0000 DB:7E P:84 V:72  H:235
C02FCC $E8             INX                             A:0000 X:0108 Y:0000 S:0370 D:0000 DB:7E P:84 V:72  H:245
C02FCD $E8             INX                             A:0000 X:0109 Y:0000 S:0370 D:0000 DB:7E P:04 V:72  H:248
C02FCE $E0 $00 $02     CPX #$0200                      A:0000 X:010A Y:0000 S:0370 D:0000 DB:7E P:04 V:72  H:251
C02FD1 $90 $ED         BCC $C02FC0                     A:0000 X:010A Y:0000 S:0370 D:0000 DB:7E P:84 V:72  H:256
C02FC0 $9E $FE $7F     STZ $7FFE,X [7E8108] = $0000    A:0000 X:010A Y:0000 S:0370 D:0000 DB:7E P:84 V:72  H:260
C02FC3 $9E $FE $83     STZ $83FE,X [7E8508] = $6DE4    A:0000 X:010A Y:0000 S:0370 D:0000 DB:7E P:84 V:72  H:270
C02FC6 $9E $FE $81     STZ $81FE,X [7E8308] = $0000    A:0000 X:010A Y:0000 S:0370 D:0000 DB:7E P:84 V:72  H:324
C02FC9 $9E $FE $85     STZ $85FE,X [7E8708] = $0000    A:0000 X:010A Y:0000 S:0370 D:0000 DB:7E P:84 V:72  H:333
C02FCC $E8             INX                             A:0000 X:010A Y:0000 S:0370 D:0000 DB:7E P:84 V:73  H:3  
C02FCD $E8             INX                             A:0000 X:010B Y:0000 S:0370 D:0000 DB:7E P:04 V:73  H:6  
C02FCE $E0 $00 $02     CPX #$0200                      A:0000 X:010C Y:0000 S:0370 D:0000 DB:7E P:04 V:73  H:9  
C02FD1 $90 $ED         BCC $C02FC0                     A:0000 X:010C Y:0000 S:0370 D:0000 DB:7E P:84 V:73  H:14 
C02FC0 $9E $FE $7F     STZ $7FFE,X [7E810A] = $0000    A:0000 X:010C Y:0000 S:0370 D:0000 DB:7E P:84 V:73  H:18 
C02FC3 $9E $FE $83     STZ $83FE,X [7E850A] = $4D23    A:0000 X:010C Y:0000 S:0370 D:0000 DB:7E P:84 V:73  H:28 
C02FC6 $9E $FE $81     STZ $81FE,X [7E830A] = $0000    A:0000 X:010C Y:0000 S:0370 D:0000 DB:7E P:84 V:73  H:38 
C02FC9 $9E $FE $85     STZ $85FE,X [7E870A] = $0000    A:0000 X:010C Y:0000 S:0370 D:0000 DB:7E P:84 V:73  H:48 
C02FCC $E8             INX                             A:0000 X:010C Y:0000 S:0370 D:0000 DB:7E P:84 V:73  H:58 
C02FCD $E8             INX                             A:0000 X:010D Y:0000 S:0370 D:0000 DB:7E P:04 V:73  H:61 
C02FCE $E0 $00 $02     CPX #$0200                      A:0000 X:010E Y:0000 S:0370 D:0000 DB:7E P:04 V:73  H:64 
C02FD1 $90 $ED         BCC $C02FC0                     A:0000 X:010E Y:0000 S:0370 D:0000 DB:7E P:84 V:73  H:69 
C02FC0 $9E $FE $7F     STZ $7FFE,X [7E810C] = $0000    A:0000 X:010E Y:0000 S:0370 D:0000 DB:7E P:84 V:73  H:73 
C02FC3 $9E $FE $83     STZ $83FE,X [7E850C] = $28C6    A:0000 X:010E Y:0000 S:0370 D:0000 DB:7E P:84 V:73  H:83 
C02FC6 $9E $FE $81     STZ $81FE,X [7E830C] = $0000    A:0000 X:010E Y:0000 S:0370 D:0000 DB:7E P:84 V:73  H:93 
C02FC9 $9E $FE $85     STZ $85FE,X [7E870C] = $0000    A:0000 X:010E Y:0000 S:0370 D:0000 DB:7E P:84 V:73  H:103
C02FCC $E8             INX                             A:0000 X:010E Y:0000 S:0370 D:0000 DB:7E P:84 V:73  H:113
C02FCD $E8             INX                             A:0000 X:010F Y:0000 S:0370 D:0000 DB:7E P:04 V:73  H:116
C02FCE $E0 $00 $02     CPX #$0200                      A:0000 X:0110 Y:0000 S:0370 D:0000 DB:7E P:04 V:73  H:119
C02FD1 $90 $ED         BCC $C02FC0                     A:0000 X:0110 Y:0000 S:0370 D:0000 DB:7E P:84 V:73  H:124
C02FC0 $9E $FE $7F     STZ $7FFE,X [7E810E] = $0000    A:0000 X:0110 Y:0000 S:0370 D:0000 DB:7E P:84 V:73  H:128
C02FC3 $9E $FE $83     STZ $83FE,X [7E850E] = $6F7A    A:0000 X:0110 Y:0000 S:0370 D:0000 DB:7E P:84 V:73  H:148
C02FC6 $9E $FE $81     STZ $81FE,X [7E830E] = $0000    A:0000 X:0110 Y:0000 S:0370 D:0000 DB:7E P:84 V:73  H:158
C02FC9 $9E $FE $85     STZ $85FE,X [7E870E] = $0000    A:0000 X:0110 Y:0000 S:0370 D:0000 DB:7E P:84 V:73  H:168
C02FCC $E8             INX                             A:0000 X:0110 Y:0000 S:0370 D:0000 DB:7E P:84 V:73  H:178
C02FCD $E8             INX                             A:0000 X:0111 Y:0000 S:0370 D:0000 DB:7E P:04 V:73  H:181
C02FCE $E0 $00 $02     CPX #$0200                      A:0000 X:0112 Y:0000 S:0370 D:0000 DB:7E P:04 V:73  H:184
C02FD1 $90 $ED         BCC $C02FC0                     A:0000 X:0112 Y:0000 S:0370 D:0000 DB:7E P:84 V:73  H:189
C02FC0 $9E $FE $7F     STZ $7FFE,X [7E8110] = $0000    A:0000 X:0112 Y:0000 S:0370 D:0000 DB:7E P:84 V:73  H:193
C02FC3 $9E $FE $83     STZ $83FE,X [7E8510] = $292A    A:0000 X:0112 Y:0000 S:0370 D:0000 DB:7E P:84 V:73  H:203
C02FC6 $9E $FE $81     STZ $81FE,X [7E8310] = $0000    A:0000 X:0112 Y:0000 S:0370 D:0000 DB:7E P:84 V:73  H:213
C02FC9 $9E $FE $85     STZ $85FE,X [7E8710] = $0000    A:0000 X:0112 Y:0000 S:0370 D:0000 DB:7E P:84 V:73  H:223
C02FCC $E8             INX                             A:0000 X:0112 Y:0000 S:0370 D:0000 DB:7E P:84 V:73  H:233
C02FCD $E8             INX                             A:0000 X:0113 Y:0000 S:0370 D:0000 DB:7E P:04 V:73  H:236
C02FCE $E0 $00 $02     CPX #$0200                      A:0000 X:0114 Y:0000 S:0370 D:0000 DB:7E P:04 V:73  H:239
C02FD1 $90 $ED         BCC $C02FC0                     A:0000 X:0114 Y:0000 S:0370 D:0000 DB:7E P:84 V:73  H:244
C02FC0 $9E $FE $7F     STZ $7FFE,X [7E8112] = $0000    A:0000 X:0114 Y:0000 S:0370 D:0000 DB:7E P:84 V:73  H:248
C02FC3 $9E $FE $83     STZ $83FE,X [7E8512] = $12FD    A:0000 X:0114 Y:0000 S:0370 D:0000 DB:7E P:84 V:73  H:258
C02FC6 $9E $FE $81     STZ $81FE,X [7E8312] = $0000    A:0000 X:0114 Y:0000 S:0370 D:0000 DB:7E P:84 V:73  H:268
C02FC9 $9E $FE $85     STZ $85FE,X [7E8712] = $0000    A:0000 X:0114 Y:0000 S:0370 D:0000 DB:7E P:84 V:73  H:294
C02FCC $E8             INX                             A:0000 X:0114 Y:0000 S:0370 D:0000 DB:7E P:84 V:73  H:304
C02FCD $E8             INX                             A:0000 X:0115 Y:0000 S:0370 D:0000 DB:7E P:04 V:73  H:307
C02FCE $E0 $00 $02     CPX #$0200                      A:0000 X:0116 Y:0000 S:0370 D:0000 DB:7E P:04 V:73  H:310
C02FD1 $90 $ED         BCC $C02FC0                     A:0000 X:0116 Y:0000 S:0370 D:0000 DB:7E P:84 V:73  H:315
C02FC0 $9E $FE $7F     STZ $7FFE,X [7E8114] = $0000    A:0000 X:0116 Y:0000 S:0370 D:0000 DB:7E P:84 V:73  H:319
C02FC3 $9E $FE $83     STZ $83FE,X [7E8514] = $019A    A:0000 X:0116 Y:0000 S:0370 D:0000 DB:7E P:84 V:73  H:328
C02FC6 $9E $FE $81     STZ $81FE,X [7E8314] = $0000    A:0000 X:0116 Y:0000 S:0370 D:0000 DB:7E P:84 V:73  H:338
C02FC9 $9E $FE $85     STZ $85FE,X [7E8714] = $0000    A:0000 X:0116 Y:0000 S:0370 D:0000 DB:7E P:84 V:74  H:8  
C02FCC $E8             INX                             A:0000 X:0116 Y:0000 S:0370 D:0000 DB:7E P:84 V:74  H:18 
C02FCD $E8             INX                             A:0000 X:0117 Y:0000 S:0370 D:0000 DB:7E P:04 V:74  H:21 
C02FCE $E0 $00 $02     CPX #$0200                      A:0000 X:0118 Y:0000 S:0370 D:0000 DB:7E P:04 V:74  H:24 
C02FD1 $90 $ED         BCC $C02FC0                     A:0000 X:0118 Y:0000 S:0370 D:0000 DB:7E P:84 V:74  H:29 
C02FC0 $9E $FE $7F     STZ $7FFE,X [7E8116] = $0000    A:0000 X:0118 Y:0000 S:0370 D:0000 DB:7E P:84 V:74  H:33 
C02FC3 $9E $FE $83     STZ $83FE,X [7E8516] = $54EB    A:0000 X:0118 Y:0000 S:0370 D:0000 DB:7E P:84 V:74  H:43 
C02FC6 $9E $FE $81     STZ $81FE,X [7E8316] = $0000    A:0000 X:0118 Y:0000 S:0370 D:0000 DB:7E P:84 V:74  H:53 
C02FC9 $9E $FE $85     STZ $85FE,X [7E8716] = $0000    A:0000 X:0118 Y:0000 S:0370 D:0000 DB:7E P:84 V:74  H:63 
C02FCC $E8             INX                             A:0000 X:0118 Y:0000 S:0370 D:0000 DB:7E P:84 V:74  H:73 
C02FCD $E8             INX                             A:0000 X:0119 Y:0000 S:0370 D:0000 DB:7E P:04 V:74  H:76 
C02FCE $E0 $00 $02     CPX #$0200                      A:0000 X:011A Y:0000 S:0370 D:0000 DB:7E P:04 V:74  H:79 
C02FD1 $90 $ED         BCC $C02FC0                     A:0000 X:011A Y:0000 S:0370 D:0000 DB:7E P:84 V:74  H:84 
C02FC0 $9E $FE $7F     STZ $7FFE,X [7E8118] = $0000    A:0000 X:011A Y:0000 S:0370 D:0000 DB:7E P:84 V:74  H:88 
C02FC3 $9E $FE $83     STZ $83FE,X [7E8518] = $5D5B    A:0000 X:011A Y:0000 S:0370 D:0000 DB:7E P:84 V:74  H:98 
C02FC6 $9E $FE $81     STZ $81FE,X [7E8318] = $0000    A:0000 X:011A Y:0000 S:0370 D:0000 DB:7E P:84 V:74  H:108
C02FC9 $9E $FE $85     STZ $85FE,X [7E8718] = $0000    A:0000 X:011A Y:0000 S:0370 D:0000 DB:7E P:84 V:74  H:118
C02FCC $E8             INX                             A:0000 X:011A Y:0000 S:0370 D:0000 DB:7E P:84 V:74  H:128
C02FCD $E8             INX                             A:0000 X:011B Y:0000 S:0370 D:0000 DB:7E P:04 V:74  H:131
C02FCE $E0 $00 $02     CPX #$0200                      A:0000 X:011C Y:0000 S:0370 D:0000 DB:7E P:04 V:74  H:144
C02FD1 $90 $ED         BCC $C02FC0                     A:0000 X:011C Y:0000 S:0370 D:0000 DB:7E P:84 V:74  H:149
C02FC0 $9E $FE $7F     STZ $7FFE,X [7E811A] = $0000    A:0000 X:011C Y:0000 S:0370 D:0000 DB:7E P:84 V:74  H:153
C02FC3 $9E $FE $83     STZ $83FE,X [7E851A] = $3493    A:0000 X:011C Y:0000 S:0370 D:0000 DB:7E P:84 V:74  H:163
C02FC6 $9E $FE $81     STZ $81FE,X [7E831A] = $0000    A:0000 X:011C Y:0000 S:0370 D:0000 DB:7E P:84 V:74  H:173
C02FC9 $9E $FE $85     STZ $85FE,X [7E871A] = $0000    A:0000 X:011C Y:0000 S:0370 D:0000 DB:7E P:84 V:74  H:183
C02FCC $E8             INX                             A:0000 X:011C Y:0000 S:0370 D:0000 DB:7E P:84 V:74  H:193
C02FCD $E8             INX                             A:0000 X:011D Y:0000 S:0370 D:0000 DB:7E P:04 V:74  H:196
C02FCE $E0 $00 $02     CPX #$0200                      A:0000 X:011E Y:0000 S:0370 D:0000 DB:7E P:04 V:74  H:199
C02FD1 $90 $ED         BCC $C02FC0                     A:0000 X:011E Y:0000 S:0370 D:0000 DB:7E P:84 V:74  H:204
C02FC0 $9E $FE $7F     STZ $7FFE,X [7E811C] = $0000    A:0000 X:011E Y:0000 S:0370 D:0000 DB:7E P:84 V:74  H:208
C02FC3 $9E $FE $83     STZ $83FE,X [7E851C] = $6DD1    A:0000 X:011E Y:0000 S:0370 D:0000 DB:7E P:84 V:74  H:218
C02FC6 $9E $FE $81     STZ $81FE,X [7E831C] = $0000    A:0000 X:011E Y:0000 S:0370 D:0000 DB:7E P:84 V:74  H:228
C02FC9 $9E $FE $85     STZ $85FE,X [7E871C] = $0000    A:0000 X:011E Y:0000 S:0370 D:0000 DB:7E P:84 V:74  H:238
C02FCC $E8             INX                             A:0000 X:011E Y:0000 S:0370 D:0000 DB:7E P:84 V:74  H:248
C02FCD $E8             INX                             A:0000 X:011F Y:0000 S:0370 D:0000 DB:7E P:04 V:74  H:251
C02FCE $E0 $00 $02     CPX #$0200                      A:0000 X:0120 Y:0000 S:0370 D:0000 DB:7E P:04 V:74  H:254
C02FD1 $90 $ED         BCC $C02FC0                     A:0000 X:0120 Y:0000 S:0370 D:0000 DB:7E P:84 V:74  H:259
C02FC0 $9E $FE $7F     STZ $7FFE,X [7E811E] = $0000    A:0000 X:0120 Y:0000 S:0370 D:0000 DB:7E P:84 V:74  H:263
C02FC3 $9E $FE $83     STZ $83FE,X [7E851E] = $0000    A:0000 X:0120 Y:0000 S:0370 D:0000 DB:7E P:84 V:74  H:273
C02FC6 $9E $FE $81     STZ $81FE,X [7E831E] = $0000    A:0000 X:0120 Y:0000 S:0370 D:0000 DB:7E P:84 V:74  H:300
C02FC9 $9E $FE $85     STZ $85FE,X [7E871E] = $0000    A:0000 X:0120 Y:0000 S:0370 D:0000 DB:7E P:84 V:74  H:310
C02FCC $E8             INX                             A:0000 X:0120 Y:0000 S:0370 D:0000 DB:7E P:84 V:74  H:320
C02FCD $E8             INX                             A:0000 X:0121 Y:0000 S:0370 D:0000 DB:7E P:04 V:74  H:323
C02FCE $E0 $00 $02     CPX #$0200                      A:0000 X:0122 Y:0000 S:0370 D:0000 DB:7E P:04 V:74  H:325
C02FD1 $90 $ED         BCC $C02FC0                     A:0000 X:0122 Y:0000 S:0370 D:0000 DB:7E P:84 V:74  H:329
C02FC0 $9E $FE $7F     STZ $7FFE,X [7E8120] = $0000    A:0000 X:0122 Y:0000 S:0370 D:0000 DB:7E P:84 V:74  H:334
C02FC3 $9E $FE $83     STZ $83FE,X [7E8520] = $1084    A:0000 X:0122 Y:0000 S:0370 D:0000 DB:7E P:84 V:75  H:4  
C02FC6 $9E $FE $81     STZ $81FE,X [7E8320] = $0000    A:0000 X:0122 Y:0000 S:0370 D:0000 DB:7E P:84 V:75  H:14 
C02FC9 $9E $FE $85     STZ $85FE,X [7E8720] = $0000    A:0000 X:0122 Y:0000 S:0370 D:0000 DB:7E P:84 V:75  H:24 
C02FCC $E8             INX                             A:0000 X:0122 Y:0000 S:0370 D:0000 DB:7E P:84 V:75  H:34 
C02FCD $E8             INX                             A:0000 X:0123 Y:0000 S:0370 D:0000 DB:7E P:04 V:75  H:37 
C02FCE $E0 $00 $02     CPX #$0200                      A:0000 X:0124 Y:0000 S:0370 D:0000 DB:7E P:04 V:75  H:40 
C02FD1 $90 $ED         BCC $C02FC0                     A:0000 X:0124 Y:0000 S:0370 D:0000 DB:7E P:84 V:75  H:44 
C02FC0 $9E $FE $7F     STZ $7FFE,X [7E8122] = $0000    A:0000 X:0124 Y:0000 S:0370 D:0000 DB:7E P:84 V:75  H:49 
C02FC3 $9E $FE $83     STZ $83FE,X [7E8522] = $4EBD    A:0000 X:0124 Y:0000 S:0370 D:0000 DB:7E P:84 V:75  H:59 
C02FC6 $9E $FE $81     STZ $81FE,X [7E8322] = $0000    A:0000 X:0124 Y:0000 S:0370 D:0000 DB:7E P:84 V:75  H:69 
C02FC9 $9E $FE $85     STZ $85FE,X [7E8722] = $0000    A:0000 X:0124 Y:0000 S:0370 D:0000 DB:7E P:84 V:75  H:79 
C02FCC $E8             INX                             A:0000 X:0124 Y:0000 S:0370 D:0000 DB:7E P:84 V:75  H:89 
C02FCD $E8             INX                             A:0000 X:0125 Y:0000 S:0370 D:0000 DB:7E P:04 V:75  H:92 
C02FCE $E0 $00 $02     CPX #$0200                      A:0000 X:0126 Y:0000 S:0370 D:0000 DB:7E P:04 V:75  H:95 
C02FD1 $90 $ED         BCC $C02FC0                     A:0000 X:0126 Y:0000 S:0370 D:0000 DB:7E P:84 V:75  H:99 
C02FC0 $9E $FE $7F     STZ $7FFE,X [7E8124] = $0000    A:0000 X:0126 Y:0000 S:0370 D:0000 DB:7E P:84 V:75  H:104
C02FC3 $9E $FE $83     STZ $83FE,X [7E8524] = $2DF7    A:0000 X:0126 Y:0000 S:0370 D:0000 DB:7E P:84 V:75  H:114
C02FC6 $9E $FE $81     STZ $81FE,X [7E8324] = $0000    A:0000 X:0126 Y:0000 S:0370 D:0000 DB:7E P:84 V:75  H:124
C02FC9 $9E $FE $85     STZ $85FE,X [7E8724] = $0000    A:0000 X:0126 Y:0000 S:0370 D:0000 DB:7E P:84 V:75  H:144
C02FCC $E8             INX                             A:0000 X:0126 Y:0000 S:0370 D:0000 DB:7E P:84 V:75  H:154
C02FCD $E8             INX                             A:0000 X:0127 Y:0000 S:0370 D:0000 DB:7E P:04 V:75  H:157
C02FCE $E0 $00 $02     CPX #$0200                      A:0000 X:0128 Y:0000 S:0370 D:0000 DB:7E P:04 V:75  H:160
C02FD1 $90 $ED         BCC $C02FC0                     A:0000 X:0128 Y:0000 S:0370 D:0000 DB:7E P:84 V:75  H:164
C02FC0 $9E $FE $7F     STZ $7FFE,X [7E8126] = $0000    A:0000 X:0128 Y:0000 S:0370 D:0000 DB:7E P:84 V:75  H:169
C02FC3 $9E $FE $83     STZ $83FE,X [7E8526] = $108C    A:0000 X:0128 Y:0000 S:0370 D:0000 DB:7E P:84 V:75  H:179
C02FC6 $9E $FE $81     STZ $81FE,X [7E8326] = $0000    A:0000 X:0128 Y:0000 S:0370 D:0000 DB:7E P:84 V:75  H:189
C02FC9 $9E $FE $85     STZ $85FE,X [7E8726] = $0000    A:0000 X:0128 Y:0000 S:0370 D:0000 DB:7E P:84 V:75  H:199
C02FCC $E8             INX                             A:0000 X:0128 Y:0000 S:0370 D:0000 DB:7E P:84 V:75  H:209
C02FCD $E8             INX                             A:0000 X:0129 Y:0000 S:0370 D:0000 DB:7E P:04 V:75  H:212
C02FCE $E0 $00 $02     CPX #$0200                      A:0000 X:012A Y:0000 S:0370 D:0000 DB:7E P:04 V:75  H:215
C02FD1 $90 $ED         BCC $C02FC0                     A:0000 X:012A Y:0000 S:0370 D:0000 DB:7E P:84 V:75  H:219
C02FC0 $9E $FE $7F     STZ $7FFE,X [7E8128] = $0000    A:0000 X:012A Y:0000 S:0370 D:0000 DB:7E P:84 V:75  H:224
C02FC3 $9E $FE $83     STZ $83FE,X [7E8528] = $12CB    A:0000 X:012A Y:0000 S:0370 D:0000 DB:7E P:84 V:75  H:234
C02FC6 $9E $FE $81     STZ $81FE,X [7E8328] = $0000    A:0000 X:012A Y:0000 S:0370 D:0000 DB:7E P:84 V:75  H:244
C02FC9 $9E $FE $85     STZ $85FE,X [7E8728] = $0000    A:0000 X:012A Y:0000 S:0370 D:0000 DB:7E P:84 V:75  H:254
C02FCC $E8             INX                             A:0000 X:012A Y:0000 S:0370 D:0000 DB:7E P:84 V:75  H:264
C02FCD $E8             INX                             A:0000 X:012B Y:0000 S:0370 D:0000 DB:7E P:04 V:75  H:267
C02FCE $E0 $00 $02     CPX #$0200                      A:0000 X:012C Y:0000 S:0370 D:0000 DB:7E P:04 V:75  H:270
C02FD1 $90 $ED         BCC $C02FC0                     A:0000 X:012C Y:0000 S:0370 D:0000 DB:7E P:84 V:75  H:274
C02FC0 $9E $FE $7F     STZ $7FFE,X [7E812A] = $0000    A:0000 X:012C Y:0000 S:0370 D:0000 DB:7E P:84 V:75  H:295
C02FC3 $9E $FE $83     STZ $83FE,X [7E852A] = $09A5    A:0000 X:012C Y:0000 S:0370 D:0000 DB:7E P:84 V:75  H:305
C02FC6 $9E $FE $81     STZ $81FE,X [7E832A] = $0000    A:0000 X:012C Y:0000 S:0370 D:0000 DB:7E P:84 V:75  H:315
C02FC9 $9E $FE $85     STZ $85FE,X [7E872A] = $0000    A:0000 X:012C Y:0000 S:0370 D:0000 DB:7E P:84 V:75  H:325
C02FCC $E8             INX                             A:0000 X:012C Y:0000 S:0370 D:0000 DB:7E P:84 V:75  H:334
C02FCD $E8             INX                             A:0000 X:012D Y:0000 S:0370 D:0000 DB:7E P:04 V:75  H:337
C02FCE $E0 $00 $02     CPX #$0200                      A:0000 X:012E Y:0000 S:0370 D:0000 DB:7E P:04 V:76  H:0  
C02FD1 $90 $ED         BCC $C02FC0                     A:0000 X:012E Y:0000 S:0370 D:0000 DB:7E P:84 V:76  H:5  
C02FC0 $9E $FE $7F     STZ $7FFE,X [7E812C] = $0000    A:0000 X:012E Y:0000 S:0370 D:0000 DB:7E P:84 V:76  H:9  
C02FC3 $9E $FE $83     STZ $83FE,X [7E852C] = $0503    A:0000 X:012E Y:0000 S:0370 D:0000 DB:7E P:84 V:76  H:19 
C02FC6 $9E $FE $81     STZ $81FE,X [7E832C] = $0000    A:0000 X:012E Y:0000 S:0370 D:0000 DB:7E P:84 V:76  H:29 
C02FC9 $9E $FE $85     STZ $85FE,X [7E872C] = $0000    A:0000 X:012E Y:0000 S:0370 D:0000 DB:7E P:84 V:76  H:39 
C02FCC $E8             INX                             A:0000 X:012E Y:0000 S:0370 D:0000 DB:7E P:84 V:76  H:49 
C02FCD $E8             INX                             A:0000 X:012F Y:0000 S:0370 D:0000 DB:7E P:04 V:76  H:52 
C02FCE $E0 $00 $02     CPX #$0200                      A:0000 X:0130 Y:0000 S:0370 D:0000 DB:7E P:04 V:76  H:55 
C02FD1 $90 $ED         BCC $C02FC0                     A:0000 X:0130 Y:0000 S:0370 D:0000 DB:7E P:84 V:76  H:60 
C02FC0 $9E $FE $7F     STZ $7FFE,X [7E812E] = $0000    A:0000 X:0130 Y:0000 S:0370 D:0000 DB:7E P:84 V:76  H:64 
C02FC3 $9E $FE $83     STZ $83FE,X [7E852E] = $6739    A:0000 X:0130 Y:0000 S:0370 D:0000 DB:7E P:84 V:76  H:74 
C02FC6 $9E $FE $81     STZ $81FE,X [7E832E] = $0000    A:0000 X:0130 Y:0000 S:0370 D:0000 DB:7E P:84 V:76  H:84 
C02FC9 $9E $FE $85     STZ $85FE,X [7E872E] = $0000    A:0000 X:0130 Y:0000 S:0370 D:0000 DB:7E P:84 V:76  H:94 
C02FCC $E8             INX                             A:0000 X:0130 Y:0000 S:0370 D:0000 DB:7E P:84 V:76  H:104
C02FCD $E8             INX                             A:0000 X:0131 Y:0000 S:0370 D:0000 DB:7E P:04 V:76  H:107
C02FCE $E0 $00 $02     CPX #$0200                      A:0000 X:0132 Y:0000 S:0370 D:0000 DB:7E P:04 V:76  H:110
C02FD1 $90 $ED         BCC $C02FC0                     A:0000 X:0132 Y:0000 S:0370 D:0000 DB:7E P:84 V:76  H:115
C02FC0 $9E $FE $7F     STZ $7FFE,X [7E8130] = $0000    A:0000 X:0132 Y:0000 S:0370 D:0000 DB:7E P:84 V:76  H:119
C02FC3 $9E $FE $83     STZ $83FE,X [7E8530] = $292A    A:0000 X:0132 Y:0000 S:0370 D:0000 DB:7E P:84 V:76  H:129
C02FC6 $9E $FE $81     STZ $81FE,X [7E8330] = $0000    A:0000 X:0132 Y:0000 S:0370 D:0000 DB:7E P:84 V:76  H:149
C02FC9 $9E $FE $85     STZ $85FE,X [7E8730] = $0000    A:0000 X:0132 Y:0000 S:0370 D:0000 DB:7E P:84 V:76  H:159
C02FCC $E8             INX                             A:0000 X:0132 Y:0000 S:0370 D:0000 DB:7E P:84 V:76  H:169
C02FCD $E8             INX                             A:0000 X:0133 Y:0000 S:0370 D:0000 DB:7E P:04 V:76  H:172
C02FCE $E0 $00 $02     CPX #$0200                      A:0000 X:0134 Y:0000 S:0370 D:0000 DB:7E P:04 V:76  H:175
C02FD1 $90 $ED         BCC $C02FC0                     A:0000 X:0134 Y:0000 S:0370 D:0000 DB:7E P:84 V:76  H:180
C02FC0 $9E $FE $7F     STZ $7FFE,X [7E8132] = $0000    A:0000 X:0134 Y:0000 S:0370 D:0000 DB:7E P:84 V:76  H:184
C02FC3 $9E $FE $83     STZ $83FE,X [7E8532] = $12FD    A:0000 X:0134 Y:0000 S:0370 D:0000 DB:7E P:84 V:76  H:194
C02FC6 $9E $FE $81     STZ $81FE,X [7E8332] = $0000    A:0000 X:0134 Y:0000 S:0370 D:0000 DB:7E P:84 V:76  H:204
C02FC9 $9E $FE $85     STZ $85FE,X [7E8732] = $0000    A:0000 X:0134 Y:0000 S:0370 D:0000 DB:7E P:84 V:76  H:214
C02FCC $E8             INX                             A:0000 X:0134 Y:0000 S:0370 D:0000 DB:7E P:84 V:76  H:224
C02FCD $E8             INX                             A:0000 X:0135 Y:0000 S:0370 D:0000 DB:7E P:04 V:76  H:227
C02FCE $E0 $00 $02     CPX #$0200                      A:0000 X:0136 Y:0000 S:0370 D:0000 DB:7E P:04 V:76  H:230
C02FD1 $90 $ED         BCC $C02FC0                     A:0000 X:0136 Y:0000 S:0370 D:0000 DB:7E P:84 V:76  H:235
C02FC0 $9E $FE $7F     STZ $7FFE,X [7E8134] = $0000    A:0000 X:0136 Y:0000 S:0370 D:0000 DB:7E P:84 V:76  H:239
C02FC3 $9E $FE $83     STZ $83FE,X [7E8534] = $019A    A:0000 X:0136 Y:0000 S:0370 D:0000 DB:7E P:84 V:76  H:249
C02FC6 $9E $FE $81     STZ $81FE,X [7E8334] = $0000    A:0000 X:0136 Y:0000 S:0370 D:0000 DB:7E P:84 V:76  H:259
C02FC9 $9E $FE $85     STZ $85FE,X [7E8734] = $0000    A:0000 X:0136 Y:0000 S:0370 D:0000 DB:7E P:84 V:76  H:269
C02FCC $E8             INX                             A:0000 X:0136 Y:0000 S:0370 D:0000 DB:7E P:84 V:76  H:295
C02FCD $E8             INX                             A:0000 X:0137 Y:0000 S:0370 D:0000 DB:7E P:04 V:76  H:298
C02FCE $E0 $00 $02     CPX #$0200                      A:0000 X:0138 Y:0000 S:0370 D:0000 DB:7E P:04 V:76  H:301
C02FD1 $90 $ED         BCC $C02FC0                     A:0000 X:0138 Y:0000 S:0370 D:0000 DB:7E P:84 V:76  H:306
C02FC0 $9E $FE $7F     STZ $7FFE,X [7E8136] = $0000    A:0000 X:0138 Y:0000 S:0370 D:0000 DB:7E P:84 V:76  H:310
C02FC3 $9E $FE $83     STZ $83FE,X [7E8536] = $0000    A:0000 X:0138 Y:0000 S:0370 D:0000 DB:7E P:84 V:76  H:320
C02FC6 $9E $FE $81     STZ $81FE,X [7E8336] = $0000    A:0000 X:0138 Y:0000 S:0370 D:0000 DB:7E P:84 V:76  H:329
C02FC9 $9E $FE $85     STZ $85FE,X [7E8736] = $0000    A:0000 X:0138 Y:0000 S:0370 D:0000 DB:7E P:84 V:76  H:339
C02FCC $E8             INX                             A:0000 X:0138 Y:0000 S:0370 D:0000 DB:7E P:84 V:77  H:9  
C02FCD $E8             INX                             A:0000 X:0139 Y:0000 S:0370 D:0000 DB:7E P:04 V:77  H:12 
C02FCE $E0 $00 $02     CPX #$0200                      A:0000 X:013A Y:0000 S:0370 D:0000 DB:7E P:04 V:77  H:15 
C02FD1 $90 $ED         BCC $C02FC0                     A:0000 X:013A Y:0000 S:0370 D:0000 DB:7E P:84 V:77  H:20 
C02FC0 $9E $FE $7F     STZ $7FFE,X [7E8138] = $0000    A:0000 X:013A Y:0000 S:0370 D:0000 DB:7E P:84 V:77  H:24 
C02FC3 $9E $FE $83     STZ $83FE,X [7E8538] = $455B    A:0000 X:013A Y:0000 S:0370 D:0000 DB:7E P:84 V:77  H:34 
C02FC6 $9E $FE $81     STZ $81FE,X [7E8338] = $0000    A:0000 X:013A Y:0000 S:0370 D:0000 DB:7E P:84 V:77  H:44 
C02FC9 $9E $FE $85     STZ $85FE,X [7E8738] = $0000    A:0000 X:013A Y:0000 S:0370 D:0000 DB:7E P:84 V:77  H:54 
C02FCC $E8             INX                             A:0000 X:013A Y:0000 S:0370 D:0000 DB:7E P:84 V:77  H:64 
C02FCD $E8             INX                             A:0000 X:013B Y:0000 S:0370 D:0000 DB:7E P:04 V:77  H:67 
C02FCE $E0 $00 $02     CPX #$0200                      A:0000 X:013C Y:0000 S:0370 D:0000 DB:7E P:04 V:77  H:70 
C02FD1 $90 $ED         BCC $C02FC0                     A:0000 X:013C Y:0000 S:0370 D:0000 DB:7E P:84 V:77  H:75 
C02FC0 $9E $FE $7F     STZ $7FFE,X [7E813A] = $0000    A:0000 X:013C Y:0000 S:0370 D:0000 DB:7E P:84 V:77  H:79 
C02FC3 $9E $FE $83     STZ $83FE,X [7E853A] = $0056    A:0000 X:013C Y:0000 S:0370 D:0000 DB:7E P:84 V:77  H:89 
C02FC6 $9E $FE $81     STZ $81FE,X [7E833A] = $0000    A:0000 X:013C Y:0000 S:0370 D:0000 DB:7E P:84 V:77  H:99 
C02FC9 $9E $FE $85     STZ $85FE,X [7E873A] = $0000    A:0000 X:013C Y:0000 S:0370 D:0000 DB:7E P:84 V:77  H:109
C02FCC $E8             INX                             A:0000 X:013C Y:0000 S:0370 D:0000 DB:7E P:84 V:77  H:119
C02FCD $E8             INX                             A:0000 X:013D Y:0000 S:0370 D:0000 DB:7E P:04 V:77  H:122
C02FCE $E0 $00 $02     CPX #$0200                      A:0000 X:013E Y:0000 S:0370 D:0000 DB:7E P:04 V:77  H:125
C02FD1 $90 $ED         BCC $C02FC0                     A:0000 X:013E Y:0000 S:0370 D:0000 DB:7E P:84 V:77  H:130
C02FC0 $9E $FE $7F     STZ $7FFE,X [7E813C] = $0000    A:0000 X:013E Y:0000 S:0370 D:0000 DB:7E P:84 V:77  H:144
C02FC3 $9E $FE $83     STZ $83FE,X [7E853C] = $49D1    A:0000 X:013E Y:0000 S:0370 D:0000 DB:7E P:84 V:77  H:154
C02FC6 $9E $FE $81     STZ $81FE,X [7E833C] = $0000    A:0000 X:013E Y:0000 S:0370 D:0000 DB:7E P:84 V:77  H:164
C02FC9 $9E $FE $85     STZ $85FE,X [7E873C] = $0000    A:0000 X:013E Y:0000 S:0370 D:0000 DB:7E P:84 V:77  H:174
C02FCC $E8             INX                             A:0000 X:013E Y:0000 S:0370 D:0000 DB:7E P:84 V:77  H:184
C02FCD $E8             INX                             A:0000 X:013F Y:0000 S:0370 D:0000 DB:7E P:04 V:77  H:187
C02FCE $E0 $00 $02     CPX #$0200                      A:0000 X:0140 Y:0000 S:0370 D:0000 DB:7E P:04 V:77  H:190
C02FD1 $90 $ED         BCC $C02FC0                     A:0000 X:0140 Y:0000 S:0370 D:0000 DB:7E P:84 V:77  H:195
C02FC0 $9E $FE $7F     STZ $7FFE,X [7E813E] = $0000    A:0000 X:0140 Y:0000 S:0370 D:0000 DB:7E P:84 V:77  H:199
C02FC3 $9E $FE $83     STZ $83FE,X [7E853E] = $0000    A:0000 X:0140 Y:0000 S:0370 D:0000 DB:7E P:84 V:77  H:209
C02FC6 $9E $FE $81     STZ $81FE,X [7E833E] = $0000    A:0000 X:0140 Y:0000 S:0370 D:0000 DB:7E P:84 V:77  H:219
C02FC9 $9E $FE $85     STZ $85FE,X [7E873E] = $0000    A:0000 X:0140 Y:0000 S:0370 D:0000 DB:7E P:84 V:77  H:229
C02FCC $E8             INX                             A:0000 X:0140 Y:0000 S:0370 D:0000 DB:7E P:84 V:77  H:239
C02FCD $E8             INX                             A:0000 X:0141 Y:0000 S:0370 D:0000 DB:7E P:04 V:77  H:242
C02FCE $E0 $00 $02     CPX #$0200                      A:0000 X:0142 Y:0000 S:0370 D:0000 DB:7E P:04 V:77  H:245
C02FD1 $90 $ED         BCC $C02FC0                     A:0000 X:0142 Y:0000 S:0370 D:0000 DB:7E P:84 V:77  H:250
C02FC0 $9E $FE $7F     STZ $7FFE,X [7E8140] = $0000    A:0000 X:0142 Y:0000 S:0370 D:0000 DB:7E P:84 V:77  H:254
C02FC3 $9E $FE $83     STZ $83FE,X [7E8540] = $0000    A:0000 X:0142 Y:0000 S:0370 D:0000 DB:7E P:84 V:77  H:264
C02FC6 $9E $FE $81     STZ $81FE,X [7E8340] = $0000    A:0000 X:0142 Y:0000 S:0370 D:0000 DB:7E P:84 V:77  H:274
C02FC9 $9E $FE $85     STZ $85FE,X [7E8740] = $0000    A:0000 X:0142 Y:0000 S:0370 D:0000 DB:7E P:84 V:77  H:301
C02FCC $E8             INX                             A:0000 X:0142 Y:0000 S:0370 D:0000 DB:7E P:84 V:77  H:311
C02FCD $E8             INX                             A:0000 X:0143 Y:0000 S:0370 D:0000 DB:7E P:04 V:77  H:314
C02FCE $E0 $00 $02     CPX #$0200                      A:0000 X:0144 Y:0000 S:0370 D:0000 DB:7E P:04 V:77  H:317
C02FD1 $90 $ED         BCC $C02FC0                     A:0000 X:0144 Y:0000 S:0370 D:0000 DB:7E P:84 V:77  H:321
C02FC0 $9E $FE $7F     STZ $7FFE,X [7E8142] = $0000    A:0000 X:0144 Y:0000 S:0370 D:0000 DB:7E P:84 V:77  H:325
C02FC3 $9E $FE $83     STZ $83FE,X [7E8542] = $0000    A:0000 X:0144 Y:0000 S:0370 D:0000 DB:7E P:84 V:77  H:335
C02FC6 $9E $FE $81     STZ $81FE,X [7E8342] = $0000    A:0000 X:0144 Y:0000 S:0370 D:0000 DB:7E P:84 V:78  H:5  
C02FC9 $9E $FE $85     STZ $85FE,X [7E8742] = $0000    A:0000 X:0144 Y:0000 S:0370 D:0000 DB:7E P:84 V:78  H:15 
C02FCC $E8             INX                             A:0000 X:0144 Y:0000 S:0370 D:0000 DB:7E P:84 V:78  H:25 
C02FCD $E8             INX                             A:0000 X:0145 Y:0000 S:0370 D:0000 DB:7E P:04 V:78  H:28 
C02FCE $E0 $00 $02     CPX #$0200                      A:0000 X:0146 Y:0000 S:0370 D:0000 DB:7E P:04 V:78  H:31 
C02FD1 $90 $ED         BCC $C02FC0                     A:0000 X:0146 Y:0000 S:0370 D:0000 DB:7E P:84 V:78  H:35 
C02FC0 $9E $FE $7F     STZ $7FFE,X [7E8144] = $0000    A:0000 X:0146 Y:0000 S:0370 D:0000 DB:7E P:84 V:78  H:40 
C02FC3 $9E $FE $83     STZ $83FE,X [7E8544] = $0000    A:0000 X:0146 Y:0000 S:0370 D:0000 DB:7E P:84 V:78  H:50 
C02FC6 $9E $FE $81     STZ $81FE,X [7E8344] = $0000    A:0000 X:0146 Y:0000 S:0370 D:0000 DB:7E P:84 V:78  H:60 
C02FC9 $9E $FE $85     STZ $85FE,X [7E8744] = $0000    A:0000 X:0146 Y:0000 S:0370 D:0000 DB:7E P:84 V:78  H:70 
C02FCC $E8             INX                             A:0000 X:0146 Y:0000 S:0370 D:0000 DB:7E P:84 V:78  H:80 
C02FCD $E8             INX                             A:0000 X:0147 Y:0000 S:0370 D:0000 DB:7E P:04 V:78  H:83 
C02FCE $E0 $00 $02     CPX #$0200                      A:0000 X:0148 Y:0000 S:0370 D:0000 DB:7E P:04 V:78  H:86 
C02FD1 $90 $ED         BCC $C02FC0                     A:0000 X:0148 Y:0000 S:0370 D:0000 DB:7E P:84 V:78  H:90 
C02FC0 $9E $FE $7F     STZ $7FFE,X [7E8146] = $0000    A:0000 X:0148 Y:0000 S:0370 D:0000 DB:7E P:84 V:78  H:95 
C02FC3 $9E $FE $83     STZ $83FE,X [7E8546] = $0000    A:0000 X:0148 Y:0000 S:0370 D:0000 DB:7E P:84 V:78  H:105
C02FC6 $9E $FE $81     STZ $81FE,X [7E8346] = $0000    A:0000 X:0148 Y:0000 S:0370 D:0000 DB:7E P:84 V:78  H:115
C02FC9 $9E $FE $85     STZ $85FE,X [7E8746] = $0000    A:0000 X:0148 Y:0000 S:0370 D:0000 DB:7E P:84 V:78  H:125
C02FCC $E8             INX                             A:0000 X:0148 Y:0000 S:0370 D:0000 DB:7E P:84 V:78  H:145
C02FCD $E8             INX                             A:0000 X:0149 Y:0000 S:0370 D:0000 DB:7E P:04 V:78  H:148
C02FCE $E0 $00 $02     CPX #$0200                      A:0000 X:014A Y:0000 S:0370 D:0000 DB:7E P:04 V:78  H:151
C02FD1 $90 $ED         BCC $C02FC0                     A:0000 X:014A Y:0000 S:0370 D:0000 DB:7E P:84 V:78  H:155
C02FC0 $9E $FE $7F     STZ $7FFE,X [7E8148] = $0000    A:0000 X:014A Y:0000 S:0370 D:0000 DB:7E P:84 V:78  H:160
C02FC3 $9E $FE $83     STZ $83FE,X [7E8548] = $0000    A:0000 X:014A Y:0000 S:0370 D:0000 DB:7E P:84 V:78  H:170
C02FC6 $9E $FE $81     STZ $81FE,X [7E8348] = $0000    A:0000 X:014A Y:0000 S:0370 D:0000 DB:7E P:84 V:78  H:180
C02FC9 $9E $FE $85     STZ $85FE,X [7E8748] = $0000    A:0000 X:014A Y:0000 S:0370 D:0000 DB:7E P:84 V:78  H:190
C02FCC $E8             INX                             A:0000 X:014A Y:0000 S:0370 D:0000 DB:7E P:84 V:78  H:200
C02FCD $E8             INX                             A:0000 X:014B Y:0000 S:0370 D:0000 DB:7E P:04 V:78  H:203
C02FCE $E0 $00 $02     CPX #$0200                      A:0000 X:014C Y:0000 S:0370 D:0000 DB:7E P:04 V:78  H:206
C02FD1 $90 $ED         BCC $C02FC0                     A:0000 X:014C Y:0000 S:0370 D:0000 DB:7E P:84 V:78  H:210
C02FC0 $9E $FE $7F     STZ $7FFE,X [7E814A] = $0000    A:0000 X:014C Y:0000 S:0370 D:0000 DB:7E P:84 V:78  H:215
C02FC3 $9E $FE $83     STZ $83FE,X [7E854A] = $0000    A:0000 X:014C Y:0000 S:0370 D:0000 DB:7E P:84 V:78  H:225
C02FC6 $9E $FE $81     STZ $81FE,X [7E834A] = $0000    A:0000 X:014C Y:0000 S:0370 D:0000 DB:7E P:84 V:78  H:235
C02FC9 $9E $FE $85     STZ $85FE,X [7E874A] = $0000    A:0000 X:014C Y:0000 S:0370 D:0000 DB:7E P:84 V:78  H:245
C02FCC $E8             INX                             A:0000 X:014C Y:0000 S:0370 D:0000 DB:7E P:84 V:78  H:255
C02FCD $E8             INX                             A:0000 X:014D Y:0000 S:0370 D:0000 DB:7E P:04 V:78  H:258
C02FCE $E0 $00 $02     CPX #$0200                      A:0000 X:014E Y:0000 S:0370 D:0000 DB:7E P:04 V:78  H:261
C02FD1 $90 $ED         BCC $C02FC0                     A:0000 X:014E Y:0000 S:0370 D:0000 DB:7E P:84 V:78  H:265
C02FC0 $9E $FE $7F     STZ $7FFE,X [7E814C] = $0000    A:0000 X:014E Y:0000 S:0370 D:0000 DB:7E P:84 V:78  H:270
C02FC3 $9E $FE $83     STZ $83FE,X [7E854C] = $0000    A:0000 X:014E Y:0000 S:0370 D:0000 DB:7E P:84 V:78  H:296
C02FC6 $9E $FE $81     STZ $81FE,X [7E834C] = $0000    A:0000 X:014E Y:0000 S:0370 D:0000 DB:7E P:84 V:78  H:306
C02FC9 $9E $FE $85     STZ $85FE,X [7E874C] = $0000    A:0000 X:014E Y:0000 S:0370 D:0000 DB:7E P:84 V:78  H:316
C02FCC $E8             INX                             A:0000 X:014E Y:0000 S:0370 D:0000 DB:7E P:84 V:78  H:325
C02FCD $E8             INX                             A:0000 X:014F Y:0000 S:0370 D:0000 DB:7E P:04 V:78  H:328
C02FCE $E0 $00 $02     CPX #$0200                      A:0000 X:0150 Y:0000 S:0370 D:0000 DB:7E P:04 V:78  H:331
C02FD1 $90 $ED         BCC $C02FC0                     A:0000 X:0150 Y:0000 S:0370 D:0000 DB:7E P:84 V:78  H:335
C02FC0 $9E $FE $7F     STZ $7FFE,X [7E814E] = $0000    A:0000 X:0150 Y:0000 S:0370 D:0000 DB:7E P:84 V:79  H:0  
C02FC3 $9E $FE $83     STZ $83FE,X [7E854E] = $0000    A:0000 X:0150 Y:0000 S:0370 D:0000 DB:7E P:84 V:79  H:10 
C02FC6 $9E $FE $81     STZ $81FE,X [7E834E] = $0000    A:0000 X:0150 Y:0000 S:0370 D:0000 DB:7E P:84 V:79  H:20 
C02FC9 $9E $FE $85     STZ $85FE,X [7E874E] = $0000    A:0000 X:0150 Y:0000 S:0370 D:0000 DB:7E P:84 V:79  H:30 
C02FCC $E8             INX                             A:0000 X:0150 Y:0000 S:0370 D:0000 DB:7E P:84 V:79  H:40 
C02FCD $E8             INX                             A:0000 X:0151 Y:0000 S:0370 D:0000 DB:7E P:04 V:79  H:43 
C02FCE $E0 $00 $02     CPX #$0200                      A:0000 X:0152 Y:0000 S:0370 D:0000 DB:7E P:04 V:79  H:46 
C02FD1 $90 $ED         BCC $C02FC0                     A:0000 X:0152 Y:0000 S:0370 D:0000 DB:7E P:84 V:79  H:50 
C02FC0 $9E $FE $7F     STZ $7FFE,X [7E8150] = $0000    A:0000 X:0152 Y:0000 S:0370 D:0000 DB:7E P:84 V:79  H:55 
C02FC3 $9E $FE $83     STZ $83FE,X [7E8550] = $0000    A:0000 X:0152 Y:0000 S:0370 D:0000 DB:7E P:84 V:79  H:65 
C02FC6 $9E $FE $81     STZ $81FE,X [7E8350] = $0000    A:0000 X:0152 Y:0000 S:0370 D:0000 DB:7E P:84 V:79  H:75 
C02FC9 $9E $FE $85     STZ $85FE,X [7E8750] = $0000    A:0000 X:0152 Y:0000 S:0370 D:0000 DB:7E P:84 V:79  H:85 
C02FCC $E8             INX                             A:0000 X:0152 Y:0000 S:0370 D:0000 DB:7E P:84 V:79  H:95 
C02FCD $E8             INX                             A:0000 X:0153 Y:0000 S:0370 D:0000 DB:7E P:04 V:79  H:98 
C02FCE $E0 $00 $02     CPX #$0200                      A:0000 X:0154 Y:0000 S:0370 D:0000 DB:7E P:04 V:79  H:101
C02FD1 $90 $ED         BCC $C02FC0                     A:0000 X:0154 Y:0000 S:0370 D:0000 DB:7E P:84 V:79  H:105
C02FC0 $9E $FE $7F     STZ $7FFE,X [7E8152] = $0000    A:0000 X:0154 Y:0000 S:0370 D:0000 DB:7E P:84 V:79  H:110
C02FC3 $9E $FE $83     STZ $83FE,X [7E8552] = $0000    A:0000 X:0154 Y:0000 S:0370 D:0000 DB:7E P:84 V:79  H:120
C02FC6 $9E $FE $81     STZ $81FE,X [7E8352] = $0000    A:0000 X:0154 Y:0000 S:0370 D:0000 DB:7E P:84 V:79  H:130
C02FC9 $9E $FE $85     STZ $85FE,X [7E8752] = $0000    A:0000 X:0154 Y:0000 S:0370 D:0000 DB:7E P:84 V:79  H:150
C02FCC $E8             INX                             A:0000 X:0154 Y:0000 S:0370 D:0000 DB:7E P:84 V:79  H:160
C02FCD $E8             INX                             A:0000 X:0155 Y:0000 S:0370 D:0000 DB:7E P:04 V:79  H:163
C02FCE $E0 $00 $02     CPX #$0200                      A:0000 X:0156 Y:0000 S:0370 D:0000 DB:7E P:04 V:79  H:166
C02FD1 $90 $ED         BCC $C02FC0                     A:0000 X:0156 Y:0000 S:0370 D:0000 DB:7E P:84 V:79  H:170
C02FC0 $9E $FE $7F     STZ $7FFE,X [7E8154] = $0000    A:0000 X:0156 Y:0000 S:0370 D:0000 DB:7E P:84 V:79  H:175
C02FC3 $9E $FE $83     STZ $83FE,X [7E8554] = $0000    A:0000 X:0156 Y:0000 S:0370 D:0000 DB:7E P:84 V:79  H:185
C02FC6 $9E $FE $81     STZ $81FE,X [7E8354] = $0000    A:0000 X:0156 Y:0000 S:0370 D:0000 DB:7E P:84 V:79  H:195
C02FC9 $9E $FE $85     STZ $85FE,X [7E8754] = $0000    A:0000 X:0156 Y:0000 S:0370 D:0000 DB:7E P:84 V:79  H:205
C02FCC $E8             INX                             A:0000 X:0156 Y:0000 S:0370 D:0000 DB:7E P:84 V:79  H:215
C02FCD $E8             INX                             A:0000 X:0157 Y:0000 S:0370 D:0000 DB:7E P:04 V:79  H:218
C02FCE $E0 $00 $02     CPX #$0200                      A:0000 X:0158 Y:0000 S:0370 D:0000 DB:7E P:04 V:79  H:221
C02FD1 $90 $ED         BCC $C02FC0                     A:0000 X:0158 Y:0000 S:0370 D:0000 DB:7E P:84 V:79  H:225
C02FC0 $9E $FE $7F     STZ $7FFE,X [7E8156] = $0000    A:0000 X:0158 Y:0000 S:0370 D:0000 DB:7E P:84 V:79  H:230
C02FC3 $9E $FE $83     STZ $83FE,X [7E8556] = $0000    A:0000 X:0158 Y:0000 S:0370 D:0000 DB:7E P:84 V:79  H:240
C02FC6 $9E $FE $81     STZ $81FE,X [7E8356] = $0000    A:0000 X:0158 Y:0000 S:0370 D:0000 DB:7E P:84 V:79  H:250
C02FC9 $9E $FE $85     STZ $85FE,X [7E8756] = $0000    A:0000 X:0158 Y:0000 S:0370 D:0000 DB:7E P:84 V:79  H:260
C02FCC $E8             INX                             A:0000 X:0158 Y:0000 S:0370 D:0000 DB:7E P:84 V:79  H:270
C02FCD $E8             INX                             A:0000 X:0159 Y:0000 S:0370 D:0000 DB:7E P:04 V:79  H:273
C02FCE $E0 $00 $02     CPX #$0200                      A:0000 X:015A Y:0000 S:0370 D:0000 DB:7E P:04 V:79  H:276
C02FD1 $90 $ED         BCC $C02FC0                     A:0000 X:015A Y:0000 S:0370 D:0000 DB:7E P:84 V:79  H:321
C02FC0 $9E $FE $7F     STZ $7FFE,X [7E8158] = $0000    A:0000 X:015A Y:0000 S:0370 D:0000 DB:7E P:84 V:79  H:325
C02FC3 $9E $FE $83     STZ $83FE,X [7E8558] = $0000    A:0000 X:015A Y:0000 S:0370 D:0000 DB:7E P:84 V:79  H:334
C02FC6 $9E $FE $81     STZ $81FE,X [7E8358] = $0000    A:0000 X:015A Y:0000 S:0370 D:0000 DB:7E P:84 V:80  H:4  
C02FC9 $9E $FE $85     STZ $85FE,X [7E8758] = $0000    A:0000 X:015A Y:0000 S:0370 D:0000 DB:7E P:84 V:80  H:14 
C02FCC $E8             INX                             A:0000 X:015A Y:0000 S:0370 D:0000 DB:7E P:84 V:80  H:24 
C02FCD $E8             INX                             A:0000 X:015B Y:0000 S:0370 D:0000 DB:7E P:04 V:80  H:27 
C02FCE $E0 $00 $02     CPX #$0200                      A:0000 X:015C Y:0000 S:0370 D:0000 DB:7E P:04 V:80  H:30 
C02FD1 $90 $ED         BCC $C02FC0                     A:0000 X:015C Y:0000 S:0370 D:0000 DB:7E P:84 V:80  H:35 
C02FC0 $9E $FE $7F     STZ $7FFE,X [7E815A] = $0000    A:0000 X:015C Y:0000 S:0370 D:0000 DB:7E P:84 V:80  H:39 
C02FC3 $9E $FE $83     STZ $83FE,X [7E855A] = $0000    A:0000 X:015C Y:0000 S:0370 D:0000 DB:7E P:84 V:80  H:49 
C02FC6 $9E $FE $81     STZ $81FE,X [7E835A] = $0000    A:0000 X:015C Y:0000 S:0370 D:0000 DB:7E P:84 V:80  H:59 
C02FC9 $9E $FE $85     STZ $85FE,X [7E875A] = $0000    A:0000 X:015C Y:0000 S:0370 D:0000 DB:7E P:84 V:80  H:69 
C02FCC $E8             INX                             A:0000 X:015C Y:0000 S:0370 D:0000 DB:7E P:84 V:80  H:79 
C02FCD $E8             INX                             A:0000 X:015D Y:0000 S:0370 D:0000 DB:7E P:04 V:80  H:82 
C02FCE $E0 $00 $02     CPX #$0200                      A:0000 X:015E Y:0000 S:0370 D:0000 DB:7E P:04 V:80  H:85 
C02FD1 $90 $ED         BCC $C02FC0                     A:0000 X:015E Y:0000 S:0370 D:0000 DB:7E P:84 V:80  H:90 
C02FC0 $9E $FE $7F     STZ $7FFE,X [7E815C] = $0000    A:0000 X:015E Y:0000 S:0370 D:0000 DB:7E P:84 V:80  H:94 
C02FC3 $9E $FE $83     STZ $83FE,X [7E855C] = $0000    A:0000 X:015E Y:0000 S:0370 D:0000 DB:7E P:84 V:80  H:104
C02FC6 $9E $FE $81     STZ $81FE,X [7E835C] = $0000    A:0000 X:015E Y:0000 S:0370 D:0000 DB:7E P:84 V:80  H:114
C02FC9 $9E $FE $85     STZ $85FE,X [7E875C] = $0000    A:0000 X:015E Y:0000 S:0370 D:0000 DB:7E P:84 V:80  H:124
C02FCC $E8             INX                             A:0000 X:015E Y:0000 S:0370 D:0000 DB:7E P:84 V:80  H:144
C02FCD $E8             INX                             A:0000 X:015F Y:0000 S:0370 D:0000 DB:7E P:04 V:80  H:147
C02FCE $E0 $00 $02     CPX #$0200                      A:0000 X:0160 Y:0000 S:0370 D:0000 DB:7E P:04 V:80  H:150
C02FD1 $90 $ED         BCC $C02FC0                     A:0000 X:0160 Y:0000 S:0370 D:0000 DB:7E P:84 V:80  H:155
C02FC0 $9E $FE $7F     STZ $7FFE,X [7E815E] = $0000    A:0000 X:0160 Y:0000 S:0370 D:0000 DB:7E P:84 V:80  H:159
C02FC3 $9E $FE $83     STZ $83FE,X [7E855E] = $0000    A:0000 X:0160 Y:0000 S:0370 D:0000 DB:7E P:84 V:80  H:169
C02FC6 $9E $FE $81     STZ $81FE,X [7E835E] = $0000    A:0000 X:0160 Y:0000 S:0370 D:0000 DB:7E P:84 V:80  H:179
C02FC9 $9E $FE $85     STZ $85FE,X [7E875E] = $0000    A:0000 X:0160 Y:0000 S:0370 D:0000 DB:7E P:84 V:80  H:189
C02FCC $E8             INX                             A:0000 X:0160 Y:0000 S:0370 D:0000 DB:7E P:84 V:80  H:199
C02FCD $E8             INX                             A:0000 X:0161 Y:0000 S:0370 D:0000 DB:7E P:04 V:80  H:202
C02FCE $E0 $00 $02     CPX #$0200                      A:0000 X:0162 Y:0000 S:0370 D:0000 DB:7E P:04 V:80  H:205
C02FD1 $90 $ED         BCC $C02FC0                     A:0000 X:0162 Y:0000 S:0370 D:0000 DB:7E P:84 V:80  H:210
C02FC0 $9E $FE $7F     STZ $7FFE,X [7E8160] = $0000    A:0000 X:0162 Y:0000 S:0370 D:0000 DB:7E P:84 V:80  H:214
C02FC3 $9E $FE $83     STZ $83FE,X [7E8560] = $0000    A:0000 X:0162 Y:0000 S:0370 D:0000 DB:7E P:84 V:80  H:224
C02FC6 $9E $FE $81     STZ $81FE,X [7E8360] = $0000    A:0000 X:0162 Y:0000 S:0370 D:0000 DB:7E P:84 V:80  H:234
C02FC9 $9E $FE $85     STZ $85FE,X [7E8760] = $0000    A:0000 X:0162 Y:0000 S:0370 D:0000 DB:7E P:84 V:80  H:244
C02FCC $E8             INX                             A:0000 X:0162 Y:0000 S:0370 D:0000 DB:7E P:84 V:80  H:254
C02FCD $E8             INX                             A:0000 X:0163 Y:0000 S:0370 D:0000 DB:7E P:04 V:80  H:257
C02FCE $E0 $00 $02     CPX #$0200                      A:0000 X:0164 Y:0000 S:0370 D:0000 DB:7E P:04 V:80  H:260
C02FD1 $90 $ED         BCC $C02FC0                     A:0000 X:0164 Y:0000 S:0370 D:0000 DB:7E P:84 V:80  H:265
C02FC0 $9E $FE $7F     STZ $7FFE,X [7E8162] = $0000    A:0000 X:0164 Y:0000 S:0370 D:0000 DB:7E P:84 V:80  H:269
C02FC3 $9E $FE $83     STZ $83FE,X [7E8562] = $0000    A:0000 X:0164 Y:0000 S:0370 D:0000 DB:7E P:84 V:80  H:321
C02FC6 $9E $FE $81     STZ $81FE,X [7E8362] = $0000    A:0000 X:0164 Y:0000 S:0370 D:0000 DB:7E P:84 V:80  H:330
C02FC9 $9E $FE $85     STZ $85FE,X [7E8762] = $0000    A:0000 X:0164 Y:0000 S:0370 D:0000 DB:7E P:84 V:81  H:0  
C02FCC $E8             INX                             A:0000 X:0164 Y:0000 S:0370 D:0000 DB:7E P:84 V:81  H:10 
C02FCD $E8             INX                             A:0000 X:0165 Y:0000 S:0370 D:0000 DB:7E P:04 V:81  H:13 
C02FCE $E0 $00 $02     CPX #$0200                      A:0000 X:0166 Y:0000 S:0370 D:0000 DB:7E P:04 V:81  H:16 
C02FD1 $90 $ED         BCC $C02FC0                     A:0000 X:0166 Y:0000 S:0370 D:0000 DB:7E P:84 V:81  H:21 
C02FC0 $9E $FE $7F     STZ $7FFE,X [7E8164] = $0000    A:0000 X:0166 Y:0000 S:0370 D:0000 DB:7E P:84 V:81  H:25 
C02FC3 $9E $FE $83     STZ $83FE,X [7E8564] = $0000    A:0000 X:0166 Y:0000 S:0370 D:0000 DB:7E P:84 V:81  H:35 
C02FC6 $9E $FE $81     STZ $81FE,X [7E8364] = $0000    A:0000 X:0166 Y:0000 S:0370 D:0000 DB:7E P:84 V:81  H:45 
C02FC9 $9E $FE $85     STZ $85FE,X [7E8764] = $0000    A:0000 X:0166 Y:0000 S:0370 D:0000 DB:7E P:84 V:81  H:55 
C02FCC $E8             INX                             A:0000 X:0166 Y:0000 S:0370 D:0000 DB:7E P:84 V:81  H:65 
C02FCD $E8             INX                             A:0000 X:0167 Y:0000 S:0370 D:0000 DB:7E P:04 V:81  H:68 
C02FCE $E0 $00 $02     CPX #$0200                      A:0000 X:0168 Y:0000 S:0370 D:0000 DB:7E P:04 V:81  H:71 
C02FD1 $90 $ED         BCC $C02FC0                     A:0000 X:0168 Y:0000 S:0370 D:0000 DB:7E P:84 V:81  H:76 
C02FC0 $9E $FE $7F     STZ $7FFE,X [7E8166] = $0000    A:0000 X:0168 Y:0000 S:0370 D:0000 DB:7E P:84 V:81  H:80 
C02FC3 $9E $FE $83     STZ $83FE,X [7E8566] = $0000    A:0000 X:0168 Y:0000 S:0370 D:0000 DB:7E P:84 V:81  H:90 
C02FC6 $9E $FE $81     STZ $81FE,X [7E8366] = $0000    A:0000 X:0168 Y:0000 S:0370 D:0000 DB:7E P:84 V:81  H:100
C02FC9 $9E $FE $85     STZ $85FE,X [7E8766] = $0000    A:0000 X:0168 Y:0000 S:0370 D:0000 DB:7E P:84 V:81  H:110
C02FCC $E8             INX                             A:0000 X:0168 Y:0000 S:0370 D:0000 DB:7E P:84 V:81  H:120
C02FCD $E8             INX                             A:0000 X:0169 Y:0000 S:0370 D:0000 DB:7E P:04 V:81  H:123
C02FCE $E0 $00 $02     CPX #$0200                      A:0000 X:016A Y:0000 S:0370 D:0000 DB:7E P:04 V:81  H:126
C02FD1 $90 $ED         BCC $C02FC0                     A:0000 X:016A Y:0000 S:0370 D:0000 DB:7E P:84 V:81  H:131
C02FC0 $9E $FE $7F     STZ $7FFE,X [7E8168] = $0000    A:0000 X:016A Y:0000 S:0370 D:0000 DB:7E P:84 V:81  H:145
C02FC3 $9E $FE $83     STZ $83FE,X [7E8568] = $0000    A:0000 X:016A Y:0000 S:0370 D:0000 DB:7E P:84 V:81  H:155
C02FC6 $9E $FE $81     STZ $81FE,X [7E8368] = $0000    A:0000 X:016A Y:0000 S:0370 D:0000 DB:7E P:84 V:81  H:165
C02FC9 $9E $FE $85     STZ $85FE,X [7E8768] = $0000    A:0000 X:016A Y:0000 S:0370 D:0000 DB:7E P:84 V:81  H:175
C02FCC $E8             INX                             A:0000 X:016A Y:0000 S:0370 D:0000 DB:7E P:84 V:81  H:185
C02FCD $E8             INX                             A:0000 X:016B Y:0000 S:0370 D:0000 DB:7E P:04 V:81  H:188
C02FCE $E0 $00 $02     CPX #$0200                      A:0000 X:016C Y:0000 S:0370 D:0000 DB:7E P:04 V:81  H:191
C02FD1 $90 $ED         BCC $C02FC0                     A:0000 X:016C Y:0000 S:0370 D:0000 DB:7E P:84 V:81  H:196
C02FC0 $9E $FE $7F     STZ $7FFE,X [7E816A] = $0000    A:0000 X:016C Y:0000 S:0370 D:0000 DB:7E P:84 V:81  H:200
C02FC3 $9E $FE $83     STZ $83FE,X [7E856A] = $0000    A:0000 X:016C Y:0000 S:0370 D:0000 DB:7E P:84 V:81  H:210
C02FC6 $9E $FE $81     STZ $81FE,X [7E836A] = $0000    A:0000 X:016C Y:0000 S:0370 D:0000 DB:7E P:84 V:81  H:220
C02FC9 $9E $FE $85     STZ $85FE,X [7E876A] = $0000    A:0000 X:016C Y:0000 S:0370 D:0000 DB:7E P:84 V:81  H:230
C02FCC $E8             INX                             A:0000 X:016C Y:0000 S:0370 D:0000 DB:7E P:84 V:81  H:240
C02FCD $E8             INX                             A:0000 X:016D Y:0000 S:0370 D:0000 DB:7E P:04 V:81  H:243
C02FCE $E0 $00 $02     CPX #$0200                      A:0000 X:016E Y:0000 S:0370 D:0000 DB:7E P:04 V:81  H:246
C02FD1 $90 $ED         BCC $C02FC0                     A:0000 X:016E Y:0000 S:0370 D:0000 DB:7E P:84 V:81  H:251
C02FC0 $9E $FE $7F     STZ $7FFE,X [7E816C] = $0000    A:0000 X:016E Y:0000 S:0370 D:0000 DB:7E P:84 V:81  H:255
C02FC3 $9E $FE $83     STZ $83FE,X [7E856C] = $0000    A:0000 X:016E Y:0000 S:0370 D:0000 DB:7E P:84 V:81  H:265
C02FC6 $9E $FE $81     STZ $81FE,X [7E836C] = $0000    A:0000 X:016E Y:0000 S:0370 D:0000 DB:7E P:84 V:81  H:275
C02FC9 $9E $FE $85     STZ $85FE,X [7E876C] = $0000    A:0000 X:016E Y:0000 S:0370 D:0000 DB:7E P:84 V:81  H:300
C02FCC $E8             INX                             A:0000 X:016E Y:0000 S:0370 D:0000 DB:7E P:84 V:81  H:310
C02FCD $E8             INX                             A:0000 X:016F Y:0000 S:0370 D:0000 DB:7E P:04 V:81  H:313
C02FCE $E0 $00 $02     CPX #$0200                      A:0000 X:0170 Y:0000 S:0370 D:0000 DB:7E P:04 V:81  H:316
C02FD1 $90 $ED         BCC $C02FC0                     A:0000 X:0170 Y:0000 S:0370 D:0000 DB:7E P:84 V:81  H:321
C02FC0 $9E $FE $7F     STZ $7FFE,X [7E816E] = $0000    A:0000 X:0170 Y:0000 S:0370 D:0000 DB:7E P:84 V:81  H:325
C02FC3 $9E $FE $83     STZ $83FE,X [7E856E] = $0000    A:0000 X:0170 Y:0000 S:0370 D:0000 DB:7E P:84 V:81  H:334
C02FC6 $9E $FE $81     STZ $81FE,X [7E836E] = $0000    A:0000 X:0170 Y:0000 S:0370 D:0000 DB:7E P:84 V:82  H:4  
C02FC9 $9E $FE $85     STZ $85FE,X [7E876E] = $0000    A:0000 X:0170 Y:0000 S:0370 D:0000 DB:7E P:84 V:82  H:14 
C02FCC $E8             INX                             A:0000 X:0170 Y:0000 S:0370 D:0000 DB:7E P:84 V:82  H:24 
C02FCD $E8             INX                             A:0000 X:0171 Y:0000 S:0370 D:0000 DB:7E P:04 V:82  H:27 
C02FCE $E0 $00 $02     CPX #$0200                      A:0000 X:0172 Y:0000 S:0370 D:0000 DB:7E P:04 V:82  H:30 
C02FD1 $90 $ED         BCC $C02FC0                     A:0000 X:0172 Y:0000 S:0370 D:0000 DB:7E P:84 V:82  H:35 
C02FC0 $9E $FE $7F     STZ $7FFE,X [7E8170] = $0000    A:0000 X:0172 Y:0000 S:0370 D:0000 DB:7E P:84 V:82  H:39 
C02FC3 $9E $FE $83     STZ $83FE,X [7E8570] = $0000    A:0000 X:0172 Y:0000 S:0370 D:0000 DB:7E P:84 V:82  H:49 
C02FC6 $9E $FE $81     STZ $81FE,X [7E8370] = $0000    A:0000 X:0172 Y:0000 S:0370 D:0000 DB:7E P:84 V:82  H:59 
C02FC9 $9E $FE $85     STZ $85FE,X [7E8770] = $0000    A:0000 X:0172 Y:0000 S:0370 D:0000 DB:7E P:84 V:82  H:69 
C02FCC $E8             INX                             A:0000 X:0172 Y:0000 S:0370 D:0000 DB:7E P:84 V:82  H:79 
C02FCD $E8             INX                             A:0000 X:0173 Y:0000 S:0370 D:0000 DB:7E P:04 V:82  H:82 
C02FCE $E0 $00 $02     CPX #$0200                      A:0000 X:0174 Y:0000 S:0370 D:0000 DB:7E P:04 V:82  H:85 
C02FD1 $90 $ED         BCC $C02FC0                     A:0000 X:0174 Y:0000 S:0370 D:0000 DB:7E P:84 V:82  H:90 
C02FC0 $9E $FE $7F     STZ $7FFE,X [7E8172] = $0000    A:0000 X:0174 Y:0000 S:0370 D:0000 DB:7E P:84 V:82  H:94 
C02FC3 $9E $FE $83     STZ $83FE,X [7E8572] = $0000    A:0000 X:0174 Y:0000 S:0370 D:0000 DB:7E P:84 V:82  H:104
C02FC6 $9E $FE $81     STZ $81FE,X [7E8372] = $0000    A:0000 X:0174 Y:0000 S:0370 D:0000 DB:7E P:84 V:82  H:114
C02FC9 $9E $FE $85     STZ $85FE,X [7E8772] = $0000    A:0000 X:0174 Y:0000 S:0370 D:0000 DB:7E P:84 V:82  H:124
C02FCC $E8             INX                             A:0000 X:0174 Y:0000 S:0370 D:0000 DB:7E P:84 V:82  H:144
C02FCD $E8             INX                             A:0000 X:0175 Y:0000 S:0370 D:0000 DB:7E P:04 V:82  H:147
C02FCE $E0 $00 $02     CPX #$0200                      A:0000 X:0176 Y:0000 S:0370 D:0000 DB:7E P:04 V:82  H:150
C02FD1 $90 $ED         BCC $C02FC0                     A:0000 X:0176 Y:0000 S:0370 D:0000 DB:7E P:84 V:82  H:155
C02FC0 $9E $FE $7F     STZ $7FFE,X [7E8174] = $0000    A:0000 X:0176 Y:0000 S:0370 D:0000 DB:7E P:84 V:82  H:159
C02FC3 $9E $FE $83     STZ $83FE,X [7E8574] = $0000    A:0000 X:0176 Y:0000 S:0370 D:0000 DB:7E P:84 V:82  H:169
C02FC6 $9E $FE $81     STZ $81FE,X [7E8374] = $0000    A:0000 X:0176 Y:0000 S:0370 D:0000 DB:7E P:84 V:82  H:179
C02FC9 $9E $FE $85     STZ $85FE,X [7E8774] = $0000    A:0000 X:0176 Y:0000 S:0370 D:0000 DB:7E P:84 V:82  H:189
C02FCC $E8             INX                             A:0000 X:0176 Y:0000 S:0370 D:0000 DB:7E P:84 V:82  H:199
C02FCD $E8             INX                             A:0000 X:0177 Y:0000 S:0370 D:0000 DB:7E P:04 V:82  H:202
C02FCE $E0 $00 $02     CPX #$0200                      A:0000 X:0178 Y:0000 S:0370 D:0000 DB:7E P:04 V:82  H:205
C02FD1 $90 $ED         BCC $C02FC0                     A:0000 X:0178 Y:0000 S:0370 D:0000 DB:7E P:84 V:82  H:210
C02FC0 $9E $FE $7F     STZ $7FFE,X [7E8176] = $0000    A:0000 X:0178 Y:0000 S:0370 D:0000 DB:7E P:84 V:82  H:214
C02FC3 $9E $FE $83     STZ $83FE,X [7E8576] = $0000    A:0000 X:0178 Y:0000 S:0370 D:0000 DB:7E P:84 V:82  H:224
C02FC6 $9E $FE $81     STZ $81FE,X [7E8376] = $0000    A:0000 X:0178 Y:0000 S:0370 D:0000 DB:7E P:84 V:82  H:234
C02FC9 $9E $FE $85     STZ $85FE,X [7E8776] = $0000    A:0000 X:0178 Y:0000 S:0370 D:0000 DB:7E P:84 V:82  H:244
C02FCC $E8             INX                             A:0000 X:0178 Y:0000 S:0370 D:0000 DB:7E P:84 V:82  H:254
C02FCD $E8             INX                             A:0000 X:0179 Y:0000 S:0370 D:0000 DB:7E P:04 V:82  H:257
C02FCE $E0 $00 $02     CPX #$0200                      A:0000 X:017A Y:0000 S:0370 D:0000 DB:7E P:04 V:82  H:260
C02FD1 $90 $ED         BCC $C02FC0                     A:0000 X:017A Y:0000 S:0370 D:0000 DB:7E P:84 V:82  H:265
C02FC0 $9E $FE $7F     STZ $7FFE,X [7E8178] = $0000    A:0000 X:017A Y:0000 S:0370 D:0000 DB:7E P:84 V:82  H:269
C02FC3 $9E $FE $83     STZ $83FE,X [7E8578] = $0000    A:0000 X:017A Y:0000 S:0370 D:0000 DB:7E P:84 V:82  H:295
C02FC6 $9E $FE $81     STZ $81FE,X [7E8378] = $0000    A:0000 X:017A Y:0000 S:0370 D:0000 DB:7E P:84 V:82  H:305
C02FC9 $9E $FE $85     STZ $85FE,X [7E8778] = $0000    A:0000 X:017A Y:0000 S:0370 D:0000 DB:7E P:84 V:82  H:315
C02FCC $E8             INX                             A:0000 X:017A Y:0000 S:0370 D:0000 DB:7E P:84 V:82  H:325
C02FCD $E8             INX                             A:0000 X:017B Y:0000 S:0370 D:0000 DB:7E P:04 V:82  H:327
C02FCE $E0 $00 $02     CPX #$0200                      A:0000 X:017C Y:0000 S:0370 D:0000 DB:7E P:04 V:82  H:330
C02FD1 $90 $ED         BCC $C02FC0                     A:0000 X:017C Y:0000 S:0370 D:0000 DB:7E P:84 V:82  H:335
C02FC0 $9E $FE $7F     STZ $7FFE,X [7E817A] = $0000    A:0000 X:017C Y:0000 S:0370 D:0000 DB:7E P:84 V:82  H:339
C02FC3 $9E $FE $83     STZ $83FE,X [7E857A] = $0000    A:0000 X:017C Y:0000 S:0370 D:0000 DB:7E P:84 V:83  H:9  
C02FC6 $9E $FE $81     STZ $81FE,X [7E837A] = $0000    A:0000 X:017C Y:0000 S:0370 D:0000 DB:7E P:84 V:83  H:19 
C02FC9 $9E $FE $85     STZ $85FE,X [7E877A] = $0000    A:0000 X:017C Y:0000 S:0370 D:0000 DB:7E P:84 V:83  H:29 
C02FCC $E8             INX                             A:0000 X:017C Y:0000 S:0370 D:0000 DB:7E P:84 V:83  H:39 
C02FCD $E8             INX                             A:0000 X:017D Y:0000 S:0370 D:0000 DB:7E P:04 V:83  H:42 
C02FCE $E0 $00 $02     CPX #$0200                      A:0000 X:017E Y:0000 S:0370 D:0000 DB:7E P:04 V:83  H:45 
C02FD1 $90 $ED         BCC $C02FC0                     A:0000 X:017E Y:0000 S:0370 D:0000 DB:7E P:84 V:83  H:50 
C02FC0 $9E $FE $7F     STZ $7FFE,X [7E817C] = $0000    A:0000 X:017E Y:0000 S:0370 D:0000 DB:7E P:84 V:83  H:54 
C02FC3 $9E $FE $83     STZ $83FE,X [7E857C] = $0000    A:0000 X:017E Y:0000 S:0370 D:0000 DB:7E P:84 V:83  H:64 
C02FC6 $9E $FE $81     STZ $81FE,X [7E837C] = $0000    A:0000 X:017E Y:0000 S:0370 D:0000 DB:7E P:84 V:83  H:74 
C02FC9 $9E $FE $85     STZ $85FE,X [7E877C] = $0000    A:0000 X:017E Y:0000 S:0370 D:0000 DB:7E P:84 V:83  H:84 
C02FCC $E8             INX                             A:0000 X:017E Y:0000 S:0370 D:0000 DB:7E P:84 V:83  H:94 
C02FCD $E8             INX                             A:0000 X:017F Y:0000 S:0370 D:0000 DB:7E P:04 V:83  H:97 
C02FCE $E0 $00 $02     CPX #$0200                      A:0000 X:0180 Y:0000 S:0370 D:0000 DB:7E P:04 V:83  H:100
C02FD1 $90 $ED         BCC $C02FC0                     A:0000 X:0180 Y:0000 S:0370 D:0000 DB:7E P:84 V:83  H:105
C02FC0 $9E $FE $7F     STZ $7FFE,X [7E817E] = $0000    A:0000 X:0180 Y:0000 S:0370 D:0000 DB:7E P:84 V:83  H:109
C02FC3 $9E $FE $83     STZ $83FE,X [7E857E] = $0000    A:0000 X:0180 Y:0000 S:0370 D:0000 DB:7E P:84 V:83  H:119
C02FC6 $9E $FE $81     STZ $81FE,X [7E837E] = $0000    A:0000 X:0180 Y:0000 S:0370 D:0000 DB:7E P:84 V:83  H:129
C02FC9 $9E $FE $85     STZ $85FE,X [7E877E] = $0000    A:0000 X:0180 Y:0000 S:0370 D:0000 DB:7E P:84 V:83  H:149
C02FCC $E8             INX                             A:0000 X:0180 Y:0000 S:0370 D:0000 DB:7E P:84 V:83  H:159
C02FCD $E8             INX                             A:0000 X:0181 Y:0000 S:0370 D:0000 DB:7E P:04 V:83  H:162
C02FCE $E0 $00 $02     CPX #$0200                      A:0000 X:0182 Y:0000 S:0370 D:0000 DB:7E P:04 V:83  H:165
C02FD1 $90 $ED         BCC $C02FC0                     A:0000 X:0182 Y:0000 S:0370 D:0000 DB:7E P:84 V:83  H:170
C02FC0 $9E $FE $7F     STZ $7FFE,X [7E8180] = $0000    A:0000 X:0182 Y:0000 S:0370 D:0000 DB:7E P:84 V:83  H:174
C02FC3 $9E $FE $83     STZ $83FE,X [7E8580] = $1084    A:0000 X:0182 Y:0000 S:0370 D:0000 DB:7E P:84 V:83  H:184
C02FC6 $9E $FE $81     STZ $81FE,X [7E8380] = $0000    A:0000 X:0182 Y:0000 S:0370 D:0000 DB:7E P:84 V:83  H:194
C02FC9 $9E $FE $85     STZ $85FE,X [7E8780] = $0000    A:0000 X:0182 Y:0000 S:0370 D:0000 DB:7E P:84 V:83  H:204
C02FCC $E8             INX                             A:0000 X:0182 Y:0000 S:0370 D:0000 DB:7E P:84 V:83  H:214
C02FCD $E8             INX                             A:0000 X:0183 Y:0000 S:0370 D:0000 DB:7E P:04 V:83  H:217
C02FCE $E0 $00 $02     CPX #$0200                      A:0000 X:0184 Y:0000 S:0370 D:0000 DB:7E P:04 V:83  H:220
C02FD1 $90 $ED         BCC $C02FC0                     A:0000 X:0184 Y:0000 S:0370 D:0000 DB:7E P:84 V:83  H:225
C02FC0 $9E $FE $7F     STZ $7FFE,X [7E8182] = $0000    A:0000 X:0184 Y:0000 S:0370 D:0000 DB:7E P:84 V:83  H:229
C02FC3 $9E $FE $83     STZ $83FE,X [7E8582] = $4EBD    A:0000 X:0184 Y:0000 S:0370 D:0000 DB:7E P:84 V:83  H:239
C02FC6 $9E $FE $81     STZ $81FE,X [7E8382] = $0000    A:0000 X:0184 Y:0000 S:0370 D:0000 DB:7E P:84 V:83  H:249
C02FC9 $9E $FE $85     STZ $85FE,X [7E8782] = $0000    A:0000 X:0184 Y:0000 S:0370 D:0000 DB:7E P:84 V:83  H:259
C02FCC $E8             INX                             A:0000 X:0184 Y:0000 S:0370 D:0000 DB:7E P:84 V:83  H:269
C02FCD $E8             INX                             A:0000 X:0185 Y:0000 S:0370 D:0000 DB:7E P:04 V:83  H:272
C02FCE $E0 $00 $02     CPX #$0200                      A:0000 X:0186 Y:0000 S:0370 D:0000 DB:7E P:04 V:83  H:275
C02FD1 $90 $ED         BCC $C02FC0                     A:0000 X:0186 Y:0000 S:0370 D:0000 DB:7E P:84 V:83  H:295
C02FC0 $9E $FE $7F     STZ $7FFE,X [7E8184] = $0000    A:0000 X:0186 Y:0000 S:0370 D:0000 DB:7E P:84 V:83  H:299
C02FC3 $9E $FE $83     STZ $83FE,X [7E8584] = $2DF7    A:0000 X:0186 Y:0000 S:0370 D:0000 DB:7E P:84 V:83  H:309
C02FC6 $9E $FE $81     STZ $81FE,X [7E8384] = $0000    A:0000 X:0186 Y:0000 S:0370 D:0000 DB:7E P:84 V:83  H:319
C02FC9 $9E $FE $85     STZ $85FE,X [7E8784] = $0000    A:0000 X:0186 Y:0000 S:0370 D:0000 DB:7E P:84 V:83  H:328
C02FCC $E8             INX                             A:0000 X:0186 Y:0000 S:0370 D:0000 DB:7E P:84 V:83  H:338
C02FCD $E8             INX                             A:0000 X:0187 Y:0000 S:0370 D:0000 DB:7E P:04 V:84  H:1  
C02FCE $E0 $00 $02     CPX #$0200                      A:0000 X:0188 Y:0000 S:0370 D:0000 DB:7E P:04 V:84  H:4  
C02FD1 $90 $ED         BCC $C02FC0                     A:0000 X:0188 Y:0000 S:0370 D:0000 DB:7E P:84 V:84  H:9  
C02FC0 $9E $FE $7F     STZ $7FFE,X [7E8186] = $0000    A:0000 X:0188 Y:0000 S:0370 D:0000 DB:7E P:84 V:84  H:13 
C02FC3 $9E $FE $83     STZ $83FE,X [7E8586] = $108C    A:0000 X:0188 Y:0000 S:0370 D:0000 DB:7E P:84 V:84  H:23 
C02FC6 $9E $FE $81     STZ $81FE,X [7E8386] = $0000    A:0000 X:0188 Y:0000 S:0370 D:0000 DB:7E P:84 V:84  H:33 
C02FC9 $9E $FE $85     STZ $85FE,X [7E8786] = $0000    A:0000 X:0188 Y:0000 S:0370 D:0000 DB:7E P:84 V:84  H:43 
C02FCC $E8             INX                             A:0000 X:0188 Y:0000 S:0370 D:0000 DB:7E P:84 V:84  H:53 
C02FCD $E8             INX                             A:0000 X:0189 Y:0000 S:0370 D:0000 DB:7E P:04 V:84  H:56 
C02FCE $E0 $00 $02     CPX #$0200                      A:0000 X:018A Y:0000 S:0370 D:0000 DB:7E P:04 V:84  H:59 
C02FD1 $90 $ED         BCC $C02FC0                     A:0000 X:018A Y:0000 S:0370 D:0000 DB:7E P:84 V:84  H:64 
C02FC0 $9E $FE $7F     STZ $7FFE,X [7E8188] = $0000    A:0000 X:018A Y:0000 S:0370 D:0000 DB:7E P:84 V:84  H:68 
C02FC3 $9E $FE $83     STZ $83FE,X [7E8588] = $6DE4    A:0000 X:018A Y:0000 S:0370 D:0000 DB:7E P:84 V:84  H:78 
C02FC6 $9E $FE $81     STZ $81FE,X [7E8388] = $0000    A:0000 X:018A Y:0000 S:0370 D:0000 DB:7E P:84 V:84  H:88 
C02FC9 $9E $FE $85     STZ $85FE,X [7E8788] = $0000    A:0000 X:018A Y:0000 S:0370 D:0000 DB:7E P:84 V:84  H:98 
C02FCC $E8             INX                             A:0000 X:018A Y:0000 S:0370 D:0000 DB:7E P:84 V:84  H:108
C02FCD $E8             INX                             A:0000 X:018B Y:0000 S:0370 D:0000 DB:7E P:04 V:84  H:111
C02FCE $E0 $00 $02     CPX #$0200                      A:0000 X:018C Y:0000 S:0370 D:0000 DB:7E P:04 V:84  H:114
C02FD1 $90 $ED         BCC $C02FC0                     A:0000 X:018C Y:0000 S:0370 D:0000 DB:7E P:84 V:84  H:119
C02FC0 $9E $FE $7F     STZ $7FFE,X [7E818A] = $0000    A:0000 X:018C Y:0000 S:0370 D:0000 DB:7E P:84 V:84  H:123
C02FC3 $9E $FE $83     STZ $83FE,X [7E858A] = $4D23    A:0000 X:018C Y:0000 S:0370 D:0000 DB:7E P:84 V:84  H:133
C02FC6 $9E $FE $81     STZ $81FE,X [7E838A] = $0000    A:0000 X:018C Y:0000 S:0370 D:0000 DB:7E P:84 V:84  H:153
C02FC9 $9E $FE $85     STZ $85FE,X [7E878A] = $0000    A:0000 X:018C Y:0000 S:0370 D:0000 DB:7E P:84 V:84  H:163
C02FCC $E8             INX                             A:0000 X:018C Y:0000 S:0370 D:0000 DB:7E P:84 V:84  H:173
C02FCD $E8             INX                             A:0000 X:018D Y:0000 S:0370 D:0000 DB:7E P:04 V:84  H:176
C02FCE $E0 $00 $02     CPX #$0200                      A:0000 X:018E Y:0000 S:0370 D:0000 DB:7E P:04 V:84  H:179
C02FD1 $90 $ED         BCC $C02FC0                     A:0000 X:018E Y:0000 S:0370 D:0000 DB:7E P:84 V:84  H:184
C02FC0 $9E $FE $7F     STZ $7FFE,X [7E818C] = $0000    A:0000 X:018E Y:0000 S:0370 D:0000 DB:7E P:84 V:84  H:188
C02FC3 $9E $FE $83     STZ $83FE,X [7E858C] = $28C6    A:0000 X:018E Y:0000 S:0370 D:0000 DB:7E P:84 V:84  H:198
C02FC6 $9E $FE $81     STZ $81FE,X [7E838C] = $0000    A:0000 X:018E Y:0000 S:0370 D:0000 DB:7E P:84 V:84  H:208
C02FC9 $9E $FE $85     STZ $85FE,X [7E878C] = $0000    A:0000 X:018E Y:0000 S:0370 D:0000 DB:7E P:84 V:84  H:218
C02FCC $E8             INX                             A:0000 X:018E Y:0000 S:0370 D:0000 DB:7E P:84 V:84  H:228
C02FCD $E8             INX                             A:0000 X:018F Y:0000 S:0370 D:0000 DB:7E P:04 V:84  H:231
C02FCE $E0 $00 $02     CPX #$0200                      A:0000 X:0190 Y:0000 S:0370 D:0000 DB:7E P:04 V:84  H:234
C02FD1 $90 $ED         BCC $C02FC0                     A:0000 X:0190 Y:0000 S:0370 D:0000 DB:7E P:84 V:84  H:239
C02FC0 $9E $FE $7F     STZ $7FFE,X [7E818E] = $0000    A:0000 X:0190 Y:0000 S:0370 D:0000 DB:7E P:84 V:84  H:243
C02FC3 $9E $FE $83     STZ $83FE,X [7E858E] = $6F7A    A:0000 X:0190 Y:0000 S:0370 D:0000 DB:7E P:84 V:84  H:253
C02FC6 $9E $FE $81     STZ $81FE,X [7E838E] = $0000    A:0000 X:0190 Y:0000 S:0370 D:0000 DB:7E P:84 V:84  H:263
C02FC9 $9E $FE $85     STZ $85FE,X [7E878E] = $0000    A:0000 X:0190 Y:0000 S:0370 D:0000 DB:7E P:84 V:84  H:273
C02FCC $E8             INX                             A:0000 X:0190 Y:0000 S:0370 D:0000 DB:7E P:84 V:84  H:300
C02FCD $E8             INX                             A:0000 X:0191 Y:0000 S:0370 D:0000 DB:7E P:04 V:84  H:303
C02FCE $E0 $00 $02     CPX #$0200                      A:0000 X:0192 Y:0000 S:0370 D:0000 DB:7E P:04 V:84  H:306
C02FD1 $90 $ED         BCC $C02FC0                     A:0000 X:0192 Y:0000 S:0370 D:0000 DB:7E P:84 V:84  H:310
C02FC0 $9E $FE $7F     STZ $7FFE,X [7E8190] = $0000    A:0000 X:0192 Y:0000 S:0370 D:0000 DB:7E P:84 V:84  H:315
C02FC3 $9E $FE $83     STZ $83FE,X [7E8590] = $292A    A:0000 X:0192 Y:0000 S:0370 D:0000 DB:7E P:84 V:84  H:324
C02FC6 $9E $FE $81     STZ $81FE,X [7E8390] = $0000    A:0000 X:0192 Y:0000 S:0370 D:0000 DB:7E P:84 V:84  H:334
C02FC9 $9E $FE $85     STZ $85FE,X [7E8790] = $0000    A:0000 X:0192 Y:0000 S:0370 D:0000 DB:7E P:84 V:85  H:4  
C02FCC $E8             INX                             A:0000 X:0192 Y:0000 S:0370 D:0000 DB:7E P:84 V:85  H:14 
C02FCD $E8             INX                             A:0000 X:0193 Y:0000 S:0370 D:0000 DB:7E P:04 V:85  H:17 
C02FCE $E0 $00 $02     CPX #$0200                      A:0000 X:0194 Y:0000 S:0370 D:0000 DB:7E P:04 V:85  H:20 
C02FD1 $90 $ED         BCC $C02FC0                     A:0000 X:0194 Y:0000 S:0370 D:0000 DB:7E P:84 V:85  H:24 
C02FC0 $9E $FE $7F     STZ $7FFE,X [7E8192] = $0000    A:0000 X:0194 Y:0000 S:0370 D:0000 DB:7E P:84 V:85  H:29 
C02FC3 $9E $FE $83     STZ $83FE,X [7E8592] = $12FD    A:0000 X:0194 Y:0000 S:0370 D:0000 DB:7E P:84 V:85  H:39 
C02FC6 $9E $FE $81     STZ $81FE,X [7E8392] = $0000    A:0000 X:0194 Y:0000 S:0370 D:0000 DB:7E P:84 V:85  H:49 
C02FC9 $9E $FE $85     STZ $85FE,X [7E8792] = $0000    A:0000 X:0194 Y:0000 S:0370 D:0000 DB:7E P:84 V:85  H:59 
C02FCC $E8             INX                             A:0000 X:0194 Y:0000 S:0370 D:0000 DB:7E P:84 V:85  H:69 
C02FCD $E8             INX                             A:0000 X:0195 Y:0000 S:0370 D:0000 DB:7E P:04 V:85  H:72 
C02FCE $E0 $00 $02     CPX #$0200                      A:0000 X:0196 Y:0000 S:0370 D:0000 DB:7E P:04 V:85  H:75 
C02FD1 $90 $ED         BCC $C02FC0                     A:0000 X:0196 Y:0000 S:0370 D:0000 DB:7E P:84 V:85  H:79 
C02FC0 $9E $FE $7F     STZ $7FFE,X [7E8194] = $0000    A:0000 X:0196 Y:0000 S:0370 D:0000 DB:7E P:84 V:85  H:84 
C02FC3 $9E $FE $83     STZ $83FE,X [7E8594] = $019A    A:0000 X:0196 Y:0000 S:0370 D:0000 DB:7E P:84 V:85  H:94 
C02FC6 $9E $FE $81     STZ $81FE,X [7E8394] = $0000    A:0000 X:0196 Y:0000 S:0370 D:0000 DB:7E P:84 V:85  H:104
C02FC9 $9E $FE $85     STZ $85FE,X [7E8794] = $0000    A:0000 X:0196 Y:0000 S:0370 D:0000 DB:7E P:84 V:85  H:114
C02FCC $E8             INX                             A:0000 X:0196 Y:0000 S:0370 D:0000 DB:7E P:84 V:85  H:124
C02FCD $E8             INX                             A:0000 X:0197 Y:0000 S:0370 D:0000 DB:7E P:04 V:85  H:127
C02FCE $E0 $00 $02     CPX #$0200                      A:0000 X:0198 Y:0000 S:0370 D:0000 DB:7E P:04 V:85  H:130
C02FD1 $90 $ED         BCC $C02FC0                     A:0000 X:0198 Y:0000 S:0370 D:0000 DB:7E P:84 V:85  H:144
C02FC0 $9E $FE $7F     STZ $7FFE,X [7E8196] = $0000    A:0000 X:0198 Y:0000 S:0370 D:0000 DB:7E P:84 V:85  H:149
C02FC3 $9E $FE $83     STZ $83FE,X [7E8596] = $54EB    A:0000 X:0198 Y:0000 S:0370 D:0000 DB:7E P:84 V:85  H:159
C02FC6 $9E $FE $81     STZ $81FE,X [7E8396] = $0000    A:0000 X:0198 Y:0000 S:0370 D:0000 DB:7E P:84 V:85  H:169
C02FC9 $9E $FE $85     STZ $85FE,X [7E8796] = $0000    A:0000 X:0198 Y:0000 S:0370 D:0000 DB:7E P:84 V:85  H:179
C02FCC $E8             INX                             A:0000 X:0198 Y:0000 S:0370 D:0000 DB:7E P:84 V:85  H:189
C02FCD $E8             INX                             A:0000 X:0199 Y:0000 S:0370 D:0000 DB:7E P:04 V:85  H:192
C02FCE $E0 $00 $02     CPX #$0200                      A:0000 X:019A Y:0000 S:0370 D:0000 DB:7E P:04 V:85  H:195
C02FD1 $90 $ED         BCC $C02FC0                     A:0000 X:019A Y:0000 S:0370 D:0000 DB:7E P:84 V:85  H:199
C02FC0 $9E $FE $7F     STZ $7FFE,X [7E8198] = $0000    A:0000 X:019A Y:0000 S:0370 D:0000 DB:7E P:84 V:85  H:204
C02FC3 $9E $FE $83     STZ $83FE,X [7E8598] = $5D5B    A:0000 X:019A Y:0000 S:0370 D:0000 DB:7E P:84 V:85  H:214
C02FC6 $9E $FE $81     STZ $81FE,X [7E8398] = $0000    A:0000 X:019A Y:0000 S:0370 D:0000 DB:7E P:84 V:85  H:224
C02FC9 $9E $FE $85     STZ $85FE,X [7E8798] = $0000    A:0000 X:019A Y:0000 S:0370 D:0000 DB:7E P:84 V:85  H:234
C02FCC $E8             INX                             A:0000 X:019A Y:0000 S:0370 D:0000 DB:7E P:84 V:85  H:244
C02FCD $E8             INX                             A:0000 X:019B Y:0000 S:0370 D:0000 DB:7E P:04 V:85  H:247
C02FCE $E0 $00 $02     CPX #$0200                      A:0000 X:019C Y:0000 S:0370 D:0000 DB:7E P:04 V:85  H:250
C02FD1 $90 $ED         BCC $C02FC0                     A:0000 X:019C Y:0000 S:0370 D:0000 DB:7E P:84 V:85  H:254
C02FC0 $9E $FE $7F     STZ $7FFE,X [7E819A] = $0000    A:0000 X:019C Y:0000 S:0370 D:0000 DB:7E P:84 V:85  H:259
C02FC3 $9E $FE $83     STZ $83FE,X [7E859A] = $3493    A:0000 X:019C Y:0000 S:0370 D:0000 DB:7E P:84 V:85  H:269
C02FC6 $9E $FE $81     STZ $81FE,X [7E839A] = $0000    A:0000 X:019C Y:0000 S:0370 D:0000 DB:7E P:84 V:85  H:295
C02FC9 $9E $FE $85     STZ $85FE,X [7E879A] = $0000    A:0000 X:019C Y:0000 S:0370 D:0000 DB:7E P:84 V:85  H:305
C02FCC $E8             INX                             A:0000 X:019C Y:0000 S:0370 D:0000 DB:7E P:84 V:85  H:315
C02FCD $E8             INX                             A:0000 X:019D Y:0000 S:0370 D:0000 DB:7E P:04 V:85  H:318
C02FCE $E0 $00 $02     CPX #$0200                      A:0000 X:019E Y:0000 S:0370 D:0000 DB:7E P:04 V:85  H:321
C02FD1 $90 $ED         BCC $C02FC0                     A:0000 X:019E Y:0000 S:0370 D:0000 DB:7E P:84 V:85  H:325
C02FC0 $9E $FE $7F     STZ $7FFE,X [7E819C] = $0000    A:0000 X:019E Y:0000 S:0370 D:0000 DB:7E P:84 V:85  H:329
C02FC3 $9E $FE $83     STZ $83FE,X [7E859C] = $6DD1    A:0000 X:019E Y:0000 S:0370 D:0000 DB:7E P:84 V:85  H:339
C02FC6 $9E $FE $81     STZ $81FE,X [7E839C] = $0000    A:0000 X:019E Y:0000 S:0370 D:0000 DB:7E P:84 V:86  H:9  
C02FC9 $9E $FE $85     STZ $85FE,X [7E879C] = $0000    A:0000 X:019E Y:0000 S:0370 D:0000 DB:7E P:84 V:86  H:19 
C02FCC $E8             INX                             A:0000 X:019E Y:0000 S:0370 D:0000 DB:7E P:84 V:86  H:29 
C02FCD $E8             INX                             A:0000 X:019F Y:0000 S:0370 D:0000 DB:7E P:04 V:86  H:32 
C02FCE $E0 $00 $02     CPX #$0200                      A:0000 X:01A0 Y:0000 S:0370 D:0000 DB:7E P:04 V:86  H:35 
C02FD1 $90 $ED         BCC $C02FC0                     A:0000 X:01A0 Y:0000 S:0370 D:0000 DB:7E P:84 V:86  H:39 
C02FC0 $9E $FE $7F     STZ $7FFE,X [7E819E] = $0000    A:0000 X:01A0 Y:0000 S:0370 D:0000 DB:7E P:84 V:86  H:44 
C02FC3 $9E $FE $83     STZ $83FE,X [7E859E] = $0000    A:0000 X:01A0 Y:0000 S:0370 D:0000 DB:7E P:84 V:86  H:54 
C02FC6 $9E $FE $81     STZ $81FE,X [7E839E] = $0000    A:0000 X:01A0 Y:0000 S:0370 D:0000 DB:7E P:84 V:86  H:64 
C02FC9 $9E $FE $85     STZ $85FE,X [7E879E] = $0000    A:0000 X:01A0 Y:0000 S:0370 D:0000 DB:7E P:84 V:86  H:74 
C02FCC $E8             INX                             A:0000 X:01A0 Y:0000 S:0370 D:0000 DB:7E P:84 V:86  H:84 
C02FCD $E8             INX                             A:0000 X:01A1 Y:0000 S:0370 D:0000 DB:7E P:04 V:86  H:87 
C02FCE $E0 $00 $02     CPX #$0200                      A:0000 X:01A2 Y:0000 S:0370 D:0000 DB:7E P:04 V:86  H:90 
C02FD1 $90 $ED         BCC $C02FC0                     A:0000 X:01A2 Y:0000 S:0370 D:0000 DB:7E P:84 V:86  H:94 
C02FC0 $9E $FE $7F     STZ $7FFE,X [7E81A0] = $0000    A:0000 X:01A2 Y:0000 S:0370 D:0000 DB:7E P:84 V:86  H:99 
C02FC3 $9E $FE $83     STZ $83FE,X [7E85A0] = $1084    A:0000 X:01A2 Y:0000 S:0370 D:0000 DB:7E P:84 V:86  H:109
C02FC6 $9E $FE $81     STZ $81FE,X [7E83A0] = $0000    A:0000 X:01A2 Y:0000 S:0370 D:0000 DB:7E P:84 V:86  H:119
C02FC9 $9E $FE $85     STZ $85FE,X [7E87A0] = $0000    A:0000 X:01A2 Y:0000 S:0370 D:0000 DB:7E P:84 V:86  H:129
C02FCC $E8             INX                             A:0000 X:01A2 Y:0000 S:0370 D:0000 DB:7E P:84 V:86  H:149
C02FCD $E8             INX                             A:0000 X:01A3 Y:0000 S:0370 D:0000 DB:7E P:04 V:86  H:152
C02FCE $E0 $00 $02     CPX #$0200                      A:0000 X:01A4 Y:0000 S:0370 D:0000 DB:7E P:04 V:86  H:155
C02FD1 $90 $ED         BCC $C02FC0                     A:0000 X:01A4 Y:0000 S:0370 D:0000 DB:7E P:84 V:86  H:159
C02FC0 $9E $FE $7F     STZ $7FFE,X [7E81A2] = $0000    A:0000 X:01A4 Y:0000 S:0370 D:0000 DB:7E P:84 V:86  H:164
C02FC3 $9E $FE $83     STZ $83FE,X [7E85A2] = $4EBD    A:0000 X:01A4 Y:0000 S:0370 D:0000 DB:7E P:84 V:86  H:174
C02FC6 $9E $FE $81     STZ $81FE,X [7E83A2] = $0000    A:0000 X:01A4 Y:0000 S:0370 D:0000 DB:7E P:84 V:86  H:184
C02FC9 $9E $FE $85     STZ $85FE,X [7E87A2] = $0000    A:0000 X:01A4 Y:0000 S:0370 D:0000 DB:7E P:84 V:86  H:194
C02FCC $E8             INX                             A:0000 X:01A4 Y:0000 S:0370 D:0000 DB:7E P:84 V:86  H:204
C02FCD $E8             INX                             A:0000 X:01A5 Y:0000 S:0370 D:0000 DB:7E P:04 V:86  H:207
C02FCE $E0 $00 $02     CPX #$0200                      A:0000 X:01A6 Y:0000 S:0370 D:0000 DB:7E P:04 V:86  H:210
C02FD1 $90 $ED         BCC $C02FC0                     A:0000 X:01A6 Y:0000 S:0370 D:0000 DB:7E P:84 V:86  H:214
C02FC0 $9E $FE $7F     STZ $7FFE,X [7E81A4] = $0000    A:0000 X:01A6 Y:0000 S:0370 D:0000 DB:7E P:84 V:86  H:219
C02FC3 $9E $FE $83     STZ $83FE,X [7E85A4] = $2DF7    A:0000 X:01A6 Y:0000 S:0370 D:0000 DB:7E P:84 V:86  H:229
C02FC6 $9E $FE $81     STZ $81FE,X [7E83A4] = $0000    A:0000 X:01A6 Y:0000 S:0370 D:0000 DB:7E P:84 V:86  H:239
C02FC9 $9E $FE $85     STZ $85FE,X [7E87A4] = $0000    A:0000 X:01A6 Y:0000 S:0370 D:0000 DB:7E P:84 V:86  H:249
C02FCC $E8             INX                             A:0000 X:01A6 Y:0000 S:0370 D:0000 DB:7E P:84 V:86  H:259
C02FCD $E8             INX                             A:0000 X:01A7 Y:0000 S:0370 D:0000 DB:7E P:04 V:86  H:262
C02FCE $E0 $00 $02     CPX #$0200                      A:0000 X:01A8 Y:0000 S:0370 D:0000 DB:7E P:04 V:86  H:265
C02FD1 $90 $ED         BCC $C02FC0                     A:0000 X:01A8 Y:0000 S:0370 D:0000 DB:7E P:84 V:86  H:269
C02FC0 $9E $FE $7F     STZ $7FFE,X [7E81A6] = $0000    A:0000 X:01A8 Y:0000 S:0370 D:0000 DB:7E P:84 V:86  H:274
C02FC3 $9E $FE $83     STZ $83FE,X [7E85A6] = $108C    A:0000 X:01A8 Y:0000 S:0370 D:0000 DB:7E P:84 V:86  H:300
C02FC6 $9E $FE $81     STZ $81FE,X [7E83A6] = $0000    A:0000 X:01A8 Y:0000 S:0370 D:0000 DB:7E P:84 V:86  H:310
C02FC9 $9E $FE $85     STZ $85FE,X [7E87A6] = $0000    A:0000 X:01A8 Y:0000 S:0370 D:0000 DB:7E P:84 V:86  H:320
C02FCC $E8             INX                             A:0000 X:01A8 Y:0000 S:0370 D:0000 DB:7E P:84 V:86  H:329
C02FCD $E8             INX                             A:0000 X:01A9 Y:0000 S:0370 D:0000 DB:7E P:04 V:86  H:332
C02FCE $E0 $00 $02     CPX #$0200                      A:0000 X:01AA Y:0000 S:0370 D:0000 DB:7E P:04 V:86  H:335
C02FD1 $90 $ED         BCC $C02FC0                     A:0000 X:01AA Y:0000 S:0370 D:0000 DB:7E P:84 V:87  H:0  
C02FC0 $9E $FE $7F     STZ $7FFE,X [7E81A8] = $0000    A:0000 X:01AA Y:0000 S:0370 D:0000 DB:7E P:84 V:87  H:4  
C02FC3 $9E $FE $83     STZ $83FE,X [7E85A8] = $12CB    A:0000 X:01AA Y:0000 S:0370 D:0000 DB:7E P:84 V:87  H:14 
C02FC6 $9E $FE $81     STZ $81FE,X [7E83A8] = $0000    A:0000 X:01AA Y:0000 S:0370 D:0000 DB:7E P:84 V:87  H:24 
C02FC9 $9E $FE $85     STZ $85FE,X [7E87A8] = $0000    A:0000 X:01AA Y:0000 S:0370 D:0000 DB:7E P:84 V:87  H:34 
C02FCC $E8             INX                             A:0000 X:01AA Y:0000 S:0370 D:0000 DB:7E P:84 V:87  H:44 
C02FCD $E8             INX                             A:0000 X:01AB Y:0000 S:0370 D:0000 DB:7E P:04 V:87  H:47 
C02FCE $E0 $00 $02     CPX #$0200                      A:0000 X:01AC Y:0000 S:0370 D:0000 DB:7E P:04 V:87  H:50 
C02FD1 $90 $ED         BCC $C02FC0                     A:0000 X:01AC Y:0000 S:0370 D:0000 DB:7E P:84 V:87  H:55 
C02FC0 $9E $FE $7F     STZ $7FFE,X [7E81AA] = $0000    A:0000 X:01AC Y:0000 S:0370 D:0000 DB:7E P:84 V:87  H:59 
C02FC3 $9E $FE $83     STZ $83FE,X [7E85AA] = $09A5    A:0000 X:01AC Y:0000 S:0370 D:0000 DB:7E P:84 V:87  H:69 
C02FC6 $9E $FE $81     STZ $81FE,X [7E83AA] = $0000    A:0000 X:01AC Y:0000 S:0370 D:0000 DB:7E P:84 V:87  H:79 
C02FC9 $9E $FE $85     STZ $85FE,X [7E87AA] = $0000    A:0000 X:01AC Y:0000 S:0370 D:0000 DB:7E P:84 V:87  H:89 
C02FCC $E8             INX                             A:0000 X:01AC Y:0000 S:0370 D:0000 DB:7E P:84 V:87  H:99 
C02FCD $E8             INX                             A:0000 X:01AD Y:0000 S:0370 D:0000 DB:7E P:04 V:87  H:102
C02FCE $E0 $00 $02     CPX #$0200                      A:0000 X:01AE Y:0000 S:0370 D:0000 DB:7E P:04 V:87  H:105
C02FD1 $90 $ED         BCC $C02FC0                     A:0000 X:01AE Y:0000 S:0370 D:0000 DB:7E P:84 V:87  H:110
C02FC0 $9E $FE $7F     STZ $7FFE,X [7E81AC] = $0000    A:0000 X:01AE Y:0000 S:0370 D:0000 DB:7E P:84 V:87  H:114
C02FC3 $9E $FE $83     STZ $83FE,X [7E85AC] = $0503    A:0000 X:01AE Y:0000 S:0370 D:0000 DB:7E P:84 V:87  H:124
C02FC6 $9E $FE $81     STZ $81FE,X [7E83AC] = $0000    A:0000 X:01AE Y:0000 S:0370 D:0000 DB:7E P:84 V:87  H:144
C02FC9 $9E $FE $85     STZ $85FE,X [7E87AC] = $0000    A:0000 X:01AE Y:0000 S:0370 D:0000 DB:7E P:84 V:87  H:154
C02FCC $E8             INX                             A:0000 X:01AE Y:0000 S:0370 D:0000 DB:7E P:84 V:87  H:164
C02FCD $E8             INX                             A:0000 X:01AF Y:0000 S:0370 D:0000 DB:7E P:04 V:87  H:167
C02FCE $E0 $00 $02     CPX #$0200                      A:0000 X:01B0 Y:0000 S:0370 D:0000 DB:7E P:04 V:87  H:170
C02FD1 $90 $ED         BCC $C02FC0                     A:0000 X:01B0 Y:0000 S:0370 D:0000 DB:7E P:84 V:87  H:175
C02FC0 $9E $FE $7F     STZ $7FFE,X [7E81AE] = $0000    A:0000 X:01B0 Y:0000 S:0370 D:0000 DB:7E P:84 V:87  H:179
C02FC3 $9E $FE $83     STZ $83FE,X [7E85AE] = $6739    A:0000 X:01B0 Y:0000 S:0370 D:0000 DB:7E P:84 V:87  H:189
C02FC6 $9E $FE $81     STZ $81FE,X [7E83AE] = $0000    A:0000 X:01B0 Y:0000 S:0370 D:0000 DB:7E P:84 V:87  H:199
C02FC9 $9E $FE $85     STZ $85FE,X [7E87AE] = $0000    A:0000 X:01B0 Y:0000 S:0370 D:0000 DB:7E P:84 V:87  H:209
C02FCC $E8             INX                             A:0000 X:01B0 Y:0000 S:0370 D:0000 DB:7E P:84 V:87  H:219
C02FCD $E8             INX                             A:0000 X:01B1 Y:0000 S:0370 D:0000 DB:7E P:04 V:87  H:222
C02FCE $E0 $00 $02     CPX #$0200                      A:0000 X:01B2 Y:0000 S:0370 D:0000 DB:7E P:04 V:87  H:225
C02FD1 $90 $ED         BCC $C02FC0                     A:0000 X:01B2 Y:0000 S:0370 D:0000 DB:7E P:84 V:87  H:230
C02FC0 $9E $FE $7F     STZ $7FFE,X [7E81B0] = $0000    A:0000 X:01B2 Y:0000 S:0370 D:0000 DB:7E P:84 V:87  H:234
C02FC3 $9E $FE $83     STZ $83FE,X [7E85B0] = $292A    A:0000 X:01B2 Y:0000 S:0370 D:0000 DB:7E P:84 V:87  H:244
C02FC6 $9E $FE $81     STZ $81FE,X [7E83B0] = $0000    A:0000 X:01B2 Y:0000 S:0370 D:0000 DB:7E P:84 V:87  H:254
C02FC9 $9E $FE $85     STZ $85FE,X [7E87B0] = $0000    A:0000 X:01B2 Y:0000 S:0370 D:0000 DB:7E P:84 V:87  H:264
C02FCC $E8             INX                             A:0000 X:01B2 Y:0000 S:0370 D:0000 DB:7E P:84 V:87  H:274
C02FCD $E8             INX                             A:0000 X:01B3 Y:0000 S:0370 D:0000 DB:7E P:04 V:87  H:318
C02FCE $E0 $00 $02     CPX #$0200                      A:0000 X:01B4 Y:0000 S:0370 D:0000 DB:7E P:04 V:87  H:321
C02FD1 $90 $ED         BCC $C02FC0                     A:0000 X:01B4 Y:0000 S:0370 D:0000 DB:7E P:84 V:87  H:325
C02FC0 $9E $FE $7F     STZ $7FFE,X [7E81B2] = $0000    A:0000 X:01B4 Y:0000 S:0370 D:0000 DB:7E P:84 V:87  H:329
C02FC3 $9E $FE $83     STZ $83FE,X [7E85B2] = $12FD    A:0000 X:01B4 Y:0000 S:0370 D:0000 DB:7E P:84 V:87  H:339
C02FC6 $9E $FE $81     STZ $81FE,X [7E83B2] = $0000    A:0000 X:01B4 Y:0000 S:0370 D:0000 DB:7E P:84 V:88  H:9  
C02FC9 $9E $FE $85     STZ $85FE,X [7E87B2] = $0000    A:0000 X:01B4 Y:0000 S:0370 D:0000 DB:7E P:84 V:88  H:19 
C02FCC $E8             INX                             A:0000 X:01B4 Y:0000 S:0370 D:0000 DB:7E P:84 V:88  H:29 
C02FCD $E8             INX                             A:0000 X:01B5 Y:0000 S:0370 D:0000 DB:7E P:04 V:88  H:32 
C02FCE $E0 $00 $02     CPX #$0200                      A:0000 X:01B6 Y:0000 S:0370 D:0000 DB:7E P:04 V:88  H:35 
C02FD1 $90 $ED         BCC $C02FC0                     A:0000 X:01B6 Y:0000 S:0370 D:0000 DB:7E P:84 V:88  H:39 
C02FC0 $9E $FE $7F     STZ $7FFE,X [7E81B4] = $0000    A:0000 X:01B6 Y:0000 S:0370 D:0000 DB:7E P:84 V:88  H:44 
C02FC3 $9E $FE $83     STZ $83FE,X [7E85B4] = $019A    A:0000 X:01B6 Y:0000 S:0370 D:0000 DB:7E P:84 V:88  H:54 
C02FC6 $9E $FE $81     STZ $81FE,X [7E83B4] = $0000    A:0000 X:01B6 Y:0000 S:0370 D:0000 DB:7E P:84 V:88  H:64 
C02FC9 $9E $FE $85     STZ $85FE,X [7E87B4] = $0000    A:0000 X:01B6 Y:0000 S:0370 D:0000 DB:7E P:84 V:88  H:74 
C02FCC $E8             INX                             A:0000 X:01B6 Y:0000 S:0370 D:0000 DB:7E P:84 V:88  H:84 
C02FCD $E8             INX                             A:0000 X:01B7 Y:0000 S:0370 D:0000 DB:7E P:04 V:88  H:87 
C02FCE $E0 $00 $02     CPX #$0200                      A:0000 X:01B8 Y:0000 S:0370 D:0000 DB:7E P:04 V:88  H:90 
C02FD1 $90 $ED         BCC $C02FC0                     A:0000 X:01B8 Y:0000 S:0370 D:0000 DB:7E P:84 V:88  H:94 
C02FC0 $9E $FE $7F     STZ $7FFE,X [7E81B6] = $0000    A:0000 X:01B8 Y:0000 S:0370 D:0000 DB:7E P:84 V:88  H:99 
C02FC3 $9E $FE $83     STZ $83FE,X [7E85B6] = $0000    A:0000 X:01B8 Y:0000 S:0370 D:0000 DB:7E P:84 V:88  H:109
C02FC6 $9E $FE $81     STZ $81FE,X [7E83B6] = $0000    A:0000 X:01B8 Y:0000 S:0370 D:0000 DB:7E P:84 V:88  H:119
C02FC9 $9E $FE $85     STZ $85FE,X [7E87B6] = $0000    A:0000 X:01B8 Y:0000 S:0370 D:0000 DB:7E P:84 V:88  H:129
C02FCC $E8             INX                             A:0000 X:01B8 Y:0000 S:0370 D:0000 DB:7E P:84 V:88  H:149
C02FCD $E8             INX                             A:0000 X:01B9 Y:0000 S:0370 D:0000 DB:7E P:04 V:88  H:152
C02FCE $E0 $00 $02     CPX #$0200                      A:0000 X:01BA Y:0000 S:0370 D:0000 DB:7E P:04 V:88  H:155
C02FD1 $90 $ED         BCC $C02FC0                     A:0000 X:01BA Y:0000 S:0370 D:0000 DB:7E P:84 V:88  H:159
C02FC0 $9E $FE $7F     STZ $7FFE,X [7E81B8] = $0000    A:0000 X:01BA Y:0000 S:0370 D:0000 DB:7E P:84 V:88  H:164
C02FC3 $9E $FE $83     STZ $83FE,X [7E85B8] = $455B    A:0000 X:01BA Y:0000 S:0370 D:0000 DB:7E P:84 V:88  H:174
C02FC6 $9E $FE $81     STZ $81FE,X [7E83B8] = $0000    A:0000 X:01BA Y:0000 S:0370 D:0000 DB:7E P:84 V:88  H:184
C02FC9 $9E $FE $85     STZ $85FE,X [7E87B8] = $0000    A:0000 X:01BA Y:0000 S:0370 D:0000 DB:7E P:84 V:88  H:194
C02FCC $E8             INX                             A:0000 X:01BA Y:0000 S:0370 D:0000 DB:7E P:84 V:88  H:204
C02FCD $E8             INX                             A:0000 X:01BB Y:0000 S:0370 D:0000 DB:7E P:04 V:88  H:207
C02FCE $E0 $00 $02     CPX #$0200                      A:0000 X:01BC Y:0000 S:0370 D:0000 DB:7E P:04 V:88  H:210
C02FD1 $90 $ED         BCC $C02FC0                     A:0000 X:01BC Y:0000 S:0370 D:0000 DB:7E P:84 V:88  H:214
C02FC0 $9E $FE $7F     STZ $7FFE,X [7E81BA] = $0000    A:0000 X:01BC Y:0000 S:0370 D:0000 DB:7E P:84 V:88  H:219
C02FC3 $9E $FE $83     STZ $83FE,X [7E85BA] = $0056    A:0000 X:01BC Y:0000 S:0370 D:0000 DB:7E P:84 V:88  H:229
C02FC6 $9E $FE $81     STZ $81FE,X [7E83BA] = $0000    A:0000 X:01BC Y:0000 S:0370 D:0000 DB:7E P:84 V:88  H:239
C02FC9 $9E $FE $85     STZ $85FE,X [7E87BA] = $0000    A:0000 X:01BC Y:0000 S:0370 D:0000 DB:7E P:84 V:88  H:249
C02FCC $E8             INX                             A:0000 X:01BC Y:0000 S:0370 D:0000 DB:7E P:84 V:88  H:259
C02FCD $E8             INX                             A:0000 X:01BD Y:0000 S:0370 D:0000 DB:7E P:04 V:88  H:262
C02FCE $E0 $00 $02     CPX #$0200                      A:0000 X:01BE Y:0000 S:0370 D:0000 DB:7E P:04 V:88  H:265
C02FD1 $90 $ED         BCC $C02FC0                     A:0000 X:01BE Y:0000 S:0370 D:0000 DB:7E P:84 V:88  H:269
C02FC0 $9E $FE $7F     STZ $7FFE,X [7E81BC] = $0000    A:0000 X:01BE Y:0000 S:0370 D:0000 DB:7E P:84 V:88  H:274
C02FC3 $9E $FE $83     STZ $83FE,X [7E85BC] = $49D1    A:0000 X:01BE Y:0000 S:0370 D:0000 DB:7E P:84 V:88  H:325
C02FC6 $9E $FE $81     STZ $81FE,X [7E83BC] = $0000    A:0000 X:01BE Y:0000 S:0370 D:0000 DB:7E P:84 V:88  H:335
C02FC9 $9E $FE $85     STZ $85FE,X [7E87BC] = $0000    A:0000 X:01BE Y:0000 S:0370 D:0000 DB:7E P:84 V:89  H:5  
C02FCC $E8             INX                             A:0000 X:01BE Y:0000 S:0370 D:0000 DB:7E P:84 V:89  H:15 
C02FCD $E8             INX                             A:0000 X:01BF Y:0000 S:0370 D:0000 DB:7E P:04 V:89  H:18 
C02FCE $E0 $00 $02     CPX #$0200                      A:0000 X:01C0 Y:0000 S:0370 D:0000 DB:7E P:04 V:89  H:21 
C02FD1 $90 $ED         BCC $C02FC0                     A:0000 X:01C0 Y:0000 S:0370 D:0000 DB:7E P:84 V:89  H:25 
C02FC0 $9E $FE $7F     STZ $7FFE,X [7E81BE] = $0000    A:0000 X:01C0 Y:0000 S:0370 D:0000 DB:7E P:84 V:89  H:30 
C02FC3 $9E $FE $83     STZ $83FE,X [7E85BE] = $0000    A:0000 X:01C0 Y:0000 S:0370 D:0000 DB:7E P:84 V:89  H:40 
C02FC6 $9E $FE $81     STZ $81FE,X [7E83BE] = $0000    A:0000 X:01C0 Y:0000 S:0370 D:0000 DB:7E P:84 V:89  H:50 
C02FC9 $9E $FE $85     STZ $85FE,X [7E87BE] = $0000    A:0000 X:01C0 Y:0000 S:0370 D:0000 DB:7E P:84 V:89  H:60 
C02FCC $E8             INX                             A:0000 X:01C0 Y:0000 S:0370 D:0000 DB:7E P:84 V:89  H:70 
C02FCD $E8             INX                             A:0000 X:01C1 Y:0000 S:0370 D:0000 DB:7E P:04 V:89  H:73 
C02FCE $E0 $00 $02     CPX #$0200                      A:0000 X:01C2 Y:0000 S:0370 D:0000 DB:7E P:04 V:89  H:76 
C02FD1 $90 $ED         BCC $C02FC0                     A:0000 X:01C2 Y:0000 S:0370 D:0000 DB:7E P:84 V:89  H:80 
C02FC0 $9E $FE $7F     STZ $7FFE,X [7E81C0] = $0000    A:0000 X:01C2 Y:0000 S:0370 D:0000 DB:7E P:84 V:89  H:85 
C02FC3 $9E $FE $83     STZ $83FE,X [7E85C0] = $0000    A:0000 X:01C2 Y:0000 S:0370 D:0000 DB:7E P:84 V:89  H:95 
C02FC6 $9E $FE $81     STZ $81FE,X [7E83C0] = $0000    A:0000 X:01C2 Y:0000 S:0370 D:0000 DB:7E P:84 V:89  H:105
C02FC9 $9E $FE $85     STZ $85FE,X [7E87C0] = $0000    A:0000 X:01C2 Y:0000 S:0370 D:0000 DB:7E P:84 V:89  H:115
C02FCC $E8             INX                             A:0000 X:01C2 Y:0000 S:0370 D:0000 DB:7E P:84 V:89  H:125
C02FCD $E8             INX                             A:0000 X:01C3 Y:0000 S:0370 D:0000 DB:7E P:04 V:89  H:128
C02FCE $E0 $00 $02     CPX #$0200                      A:0000 X:01C4 Y:0000 S:0370 D:0000 DB:7E P:04 V:89  H:131
C02FD1 $90 $ED         BCC $C02FC0                     A:0000 X:01C4 Y:0000 S:0370 D:0000 DB:7E P:84 V:89  H:145
C02FC0 $9E $FE $7F     STZ $7FFE,X [7E81C2] = $0000    A:0000 X:01C4 Y:0000 S:0370 D:0000 DB:7E P:84 V:89  H:150
C02FC3 $9E $FE $83     STZ $83FE,X [7E85C2] = $0000    A:0000 X:01C4 Y:0000 S:0370 D:0000 DB:7E P:84 V:89  H:160
C02FC6 $9E $FE $81     STZ $81FE,X [7E83C2] = $0000    A:0000 X:01C4 Y:0000 S:0370 D:0000 DB:7E P:84 V:89  H:170
C02FC9 $9E $FE $85     STZ $85FE,X [7E87C2] = $0000    A:0000 X:01C4 Y:0000 S:0370 D:0000 DB:7E P:84 V:89  H:180
C02FCC $E8             INX                             A:0000 X:01C4 Y:0000 S:0370 D:0000 DB:7E P:84 V:89  H:190
C02FCD $E8             INX                             A:0000 X:01C5 Y:0000 S:0370 D:0000 DB:7E P:04 V:89  H:193
C02FCE $E0 $00 $02     CPX #$0200                      A:0000 X:01C6 Y:0000 S:0370 D:0000 DB:7E P:04 V:89  H:196
C02FD1 $90 $ED         BCC $C02FC0                     A:0000 X:01C6 Y:0000 S:0370 D:0000 DB:7E P:84 V:89  H:200
C02FC0 $9E $FE $7F     STZ $7FFE,X [7E81C4] = $0000    A:0000 X:01C6 Y:0000 S:0370 D:0000 DB:7E P:84 V:89  H:205
C02FC3 $9E $FE $83     STZ $83FE,X [7E85C4] = $0000    A:0000 X:01C6 Y:0000 S:0370 D:0000 DB:7E P:84 V:89  H:215
C02FC6 $9E $FE $81     STZ $81FE,X [7E83C4] = $0000    A:0000 X:01C6 Y:0000 S:0370 D:0000 DB:7E P:84 V:89  H:225
C02FC9 $9E $FE $85     STZ $85FE,X [7E87C4] = $0000    A:0000 X:01C6 Y:0000 S:0370 D:0000 DB:7E P:84 V:89  H:235
C02FCC $E8             INX                             A:0000 X:01C6 Y:0000 S:0370 D:0000 DB:7E P:84 V:89  H:245
C02FCD $E8             INX                             A:0000 X:01C7 Y:0000 S:0370 D:0000 DB:7E P:04 V:89  H:248
C02FCE $E0 $00 $02     CPX #$0200                      A:0000 X:01C8 Y:0000 S:0370 D:0000 DB:7E P:04 V:89  H:251
C02FD1 $90 $ED         BCC $C02FC0                     A:0000 X:01C8 Y:0000 S:0370 D:0000 DB:7E P:84 V:89  H:255
C02FC0 $9E $FE $7F     STZ $7FFE,X [7E81C6] = $0000    A:0000 X:01C8 Y:0000 S:0370 D:0000 DB:7E P:84 V:89  H:260
C02FC3 $9E $FE $83     STZ $83FE,X [7E85C6] = $0000    A:0000 X:01C8 Y:0000 S:0370 D:0000 DB:7E P:84 V:89  H:270
C02FC6 $9E $FE $81     STZ $81FE,X [7E83C6] = $0000    A:0000 X:01C8 Y:0000 S:0370 D:0000 DB:7E P:84 V:89  H:296
C02FC9 $9E $FE $85     STZ $85FE,X [7E87C6] = $0000    A:0000 X:01C8 Y:0000 S:0370 D:0000 DB:7E P:84 V:89  H:306
C02FCC $E8             INX                             A:0000 X:01C8 Y:0000 S:0370 D:0000 DB:7E P:84 V:89  H:316
C02FCD $E8             INX                             A:0000 X:01C9 Y:0000 S:0370 D:0000 DB:7E P:04 V:89  H:319
C02FCE $E0 $00 $02     CPX #$0200                      A:0000 X:01CA Y:0000 S:0370 D:0000 DB:7E P:04 V:89  H:322
C02FD1 $90 $ED         BCC $C02FC0                     A:0000 X:01CA Y:0000 S:0370 D:0000 DB:7E P:84 V:89  H:326
C02FC0 $9E $FE $7F     STZ $7FFE,X [7E81C8] = $0000    A:0000 X:01CA Y:0000 S:0370 D:0000 DB:7E P:84 V:89  H:330
C02FC3 $9E $FE $83     STZ $83FE,X [7E85C8] = $0000    A:0000 X:01CA Y:0000 S:0370 D:0000 DB:7E P:84 V:90  H:0  
C02FC6 $9E $FE $81     STZ $81FE,X [7E83C8] = $0000    A:0000 X:01CA Y:0000 S:0370 D:0000 DB:7E P:84 V:90  H:10 
C02FC9 $9E $FE $85     STZ $85FE,X [7E87C8] = $0000    A:0000 X:01CA Y:0000 S:0370 D:0000 DB:7E P:84 V:90  H:20 
C02FCC $E8             INX                             A:0000 X:01CA Y:0000 S:0370 D:0000 DB:7E P:84 V:90  H:30 
C02FCD $E8             INX                             A:0000 X:01CB Y:0000 S:0370 D:0000 DB:7E P:04 V:90  H:33 
C02FCE $E0 $00 $02     CPX #$0200                      A:0000 X:01CC Y:0000 S:0370 D:0000 DB:7E P:04 V:90  H:36 
C02FD1 $90 $ED         BCC $C02FC0                     A:0000 X:01CC Y:0000 S:0370 D:0000 DB:7E P:84 V:90  H:40 
C02FC0 $9E $FE $7F     STZ $7FFE,X [7E81CA] = $0000    A:0000 X:01CC Y:0000 S:0370 D:0000 DB:7E P:84 V:90  H:45 
C02FC3 $9E $FE $83     STZ $83FE,X [7E85CA] = $0000    A:0000 X:01CC Y:0000 S:0370 D:0000 DB:7E P:84 V:90  H:55 
C02FC6 $9E $FE $81     STZ $81FE,X [7E83CA] = $0000    A:0000 X:01CC Y:0000 S:0370 D:0000 DB:7E P:84 V:90  H:65 
C02FC9 $9E $FE $85     STZ $85FE,X [7E87CA] = $0000    A:0000 X:01CC Y:0000 S:0370 D:0000 DB:7E P:84 V:90  H:75 
C02FCC $E8             INX                             A:0000 X:01CC Y:0000 S:0370 D:0000 DB:7E P:84 V:90  H:85 
C02FCD $E8             INX                             A:0000 X:01CD Y:0000 S:0370 D:0000 DB:7E P:04 V:90  H:88 
C02FCE $E0 $00 $02     CPX #$0200                      A:0000 X:01CE Y:0000 S:0370 D:0000 DB:7E P:04 V:90  H:91 
C02FD1 $90 $ED         BCC $C02FC0                     A:0000 X:01CE Y:0000 S:0370 D:0000 DB:7E P:84 V:90  H:95 
C02FC0 $9E $FE $7F     STZ $7FFE,X [7E81CC] = $0000    A:0000 X:01CE Y:0000 S:0370 D:0000 DB:7E P:84 V:90  H:100
C02FC3 $9E $FE $83     STZ $83FE,X [7E85CC] = $0000    A:0000 X:01CE Y:0000 S:0370 D:0000 DB:7E P:84 V:90  H:110
C02FC6 $9E $FE $81     STZ $81FE,X [7E83CC] = $0000    A:0000 X:01CE Y:0000 S:0370 D:0000 DB:7E P:84 V:90  H:120
C02FC9 $9E $FE $85     STZ $85FE,X [7E87CC] = $0000    A:0000 X:01CE Y:0000 S:0370 D:0000 DB:7E P:84 V:90  H:130
C02FCC $E8             INX                             A:0000 X:01CE Y:0000 S:0370 D:0000 DB:7E P:84 V:90  H:150
C02FCD $E8             INX                             A:0000 X:01CF Y:0000 S:0370 D:0000 DB:7E P:04 V:90  H:153
C02FCE $E0 $00 $02     CPX #$0200                      A:0000 X:01D0 Y:0000 S:0370 D:0000 DB:7E P:04 V:90  H:156
C02FD1 $90 $ED         BCC $C02FC0                     A:0000 X:01D0 Y:0000 S:0370 D:0000 DB:7E P:84 V:90  H:160
C02FC0 $9E $FE $7F     STZ $7FFE,X [7E81CE] = $0000    A:0000 X:01D0 Y:0000 S:0370 D:0000 DB:7E P:84 V:90  H:165
C02FC3 $9E $FE $83     STZ $83FE,X [7E85CE] = $0000    A:0000 X:01D0 Y:0000 S:0370 D:0000 DB:7E P:84 V:90  H:175
C02FC6 $9E $FE $81     STZ $81FE,X [7E83CE] = $0000    A:0000 X:01D0 Y:0000 S:0370 D:0000 DB:7E P:84 V:90  H:185
C02FC9 $9E $FE $85     STZ $85FE,X [7E87CE] = $0000    A:0000 X:01D0 Y:0000 S:0370 D:0000 DB:7E P:84 V:90  H:195
C02FCC $E8             INX                             A:0000 X:01D0 Y:0000 S:0370 D:0000 DB:7E P:84 V:90  H:205
C02FCD $E8             INX                             A:0000 X:01D1 Y:0000 S:0370 D:0000 DB:7E P:04 V:90  H:208
C02FCE $E0 $00 $02     CPX #$0200                      A:0000 X:01D2 Y:0000 S:0370 D:0000 DB:7E P:04 V:90  H:211
C02FD1 $90 $ED         BCC $C02FC0                     A:0000 X:01D2 Y:0000 S:0370 D:0000 DB:7E P:84 V:90  H:215
C02FC0 $9E $FE $7F     STZ $7FFE,X [7E81D0] = $0000    A:0000 X:01D2 Y:0000 S:0370 D:0000 DB:7E P:84 V:90  H:220
C02FC3 $9E $FE $83     STZ $83FE,X [7E85D0] = $0000    A:0000 X:01D2 Y:0000 S:0370 D:0000 DB:7E P:84 V:90  H:230
C02FC6 $9E $FE $81     STZ $81FE,X [7E83D0] = $0000    A:0000 X:01D2 Y:0000 S:0370 D:0000 DB:7E P:84 V:90  H:240
C02FC9 $9E $FE $85     STZ $85FE,X [7E87D0] = $0000    A:0000 X:01D2 Y:0000 S:0370 D:0000 DB:7E P:84 V:90  H:250
C02FCC $E8             INX                             A:0000 X:01D2 Y:0000 S:0370 D:0000 DB:7E P:84 V:90  H:260
C02FCD $E8             INX                             A:0000 X:01D3 Y:0000 S:0370 D:0000 DB:7E P:04 V:90  H:263
C02FCE $E0 $00 $02     CPX #$0200                      A:0000 X:01D4 Y:0000 S:0370 D:0000 DB:7E P:04 V:90  H:266
C02FD1 $90 $ED         BCC $C02FC0                     A:0000 X:01D4 Y:0000 S:0370 D:0000 DB:7E P:84 V:90  H:270
C02FC0 $9E $FE $7F     STZ $7FFE,X [7E81D2] = $0000    A:0000 X:01D4 Y:0000 S:0370 D:0000 DB:7E P:84 V:90  H:275
C02FC3 $9E $FE $83     STZ $83FE,X [7E85D2] = $0000    A:0000 X:01D4 Y:0000 S:0370 D:0000 DB:7E P:84 V:90  H:301
C02FC6 $9E $FE $81     STZ $81FE,X [7E83D2] = $0000    A:0000 X:01D4 Y:0000 S:0370 D:0000 DB:7E P:84 V:90  H:311
C02FC9 $9E $FE $85     STZ $85FE,X [7E87D2] = $0000    A:0000 X:01D4 Y:0000 S:0370 D:0000 DB:7E P:84 V:90  H:321
C02FCC $E8             INX                             A:0000 X:01D4 Y:0000 S:0370 D:0000 DB:7E P:84 V:90  H:330
C02FCD $E8             INX                             A:0000 X:01D5 Y:0000 S:0370 D:0000 DB:7E P:04 V:90  H:333
C02FCE $E0 $00 $02     CPX #$0200                      A:0000 X:01D6 Y:0000 S:0370 D:0000 DB:7E P:04 V:90  H:336
C02FD1 $90 $ED         BCC $C02FC0                     A:0000 X:01D6 Y:0000 S:0370 D:0000 DB:7E P:84 V:91  H:1  
C02FC0 $9E $FE $7F     STZ $7FFE,X [7E81D4] = $0000    A:0000 X:01D6 Y:0000 S:0370 D:0000 DB:7E P:84 V:91  H:5  
C02FC3 $9E $FE $83     STZ $83FE,X [7E85D4] = $0000    A:0000 X:01D6 Y:0000 S:0370 D:0000 DB:7E P:84 V:91  H:15 
C02FC6 $9E $FE $81     STZ $81FE,X [7E83D4] = $0000    A:0000 X:01D6 Y:0000 S:0370 D:0000 DB:7E P:84 V:91  H:25 
C02FC9 $9E $FE $85     STZ $85FE,X [7E87D4] = $0000    A:0000 X:01D6 Y:0000 S:0370 D:0000 DB:7E P:84 V:91  H:35 
C02FCC $E8             INX                             A:0000 X:01D6 Y:0000 S:0370 D:0000 DB:7E P:84 V:91  H:45 
C02FCD $E8             INX                             A:0000 X:01D7 Y:0000 S:0370 D:0000 DB:7E P:04 V:91  H:48 
C02FCE $E0 $00 $02     CPX #$0200                      A:0000 X:01D8 Y:0000 S:0370 D:0000 DB:7E P:04 V:91  H:51 
C02FD1 $90 $ED         BCC $C02FC0                     A:0000 X:01D8 Y:0000 S:0370 D:0000 DB:7E P:84 V:91  H:56 
C02FC0 $9E $FE $7F     STZ $7FFE,X [7E81D6] = $0000    A:0000 X:01D8 Y:0000 S:0370 D:0000 DB:7E P:84 V:91  H:60 
C02FC3 $9E $FE $83     STZ $83FE,X [7E85D6] = $0000    A:0000 X:01D8 Y:0000 S:0370 D:0000 DB:7E P:84 V:91  H:70 
C02FC6 $9E $FE $81     STZ $81FE,X [7E83D6] = $0000    A:0000 X:01D8 Y:0000 S:0370 D:0000 DB:7E P:84 V:91  H:80 
C02FC9 $9E $FE $85     STZ $85FE,X [7E87D6] = $0000    A:0000 X:01D8 Y:0000 S:0370 D:0000 DB:7E P:84 V:91  H:90 
C02FCC $E8             INX                             A:0000 X:01D8 Y:0000 S:0370 D:0000 DB:7E P:84 V:91  H:100
C02FCD $E8             INX                             A:0000 X:01D9 Y:0000 S:0370 D:0000 DB:7E P:04 V:91  H:103
C02FCE $E0 $00 $02     CPX #$0200                      A:0000 X:01DA Y:0000 S:0370 D:0000 DB:7E P:04 V:91  H:106
C02FD1 $90 $ED         BCC $C02FC0                     A:0000 X:01DA Y:0000 S:0370 D:0000 DB:7E P:84 V:91  H:111
C02FC0 $9E $FE $7F     STZ $7FFE,X [7E81D8] = $0000    A:0000 X:01DA Y:0000 S:0370 D:0000 DB:7E P:84 V:91  H:115
C02FC3 $9E $FE $83     STZ $83FE,X [7E85D8] = $0000    A:0000 X:01DA Y:0000 S:0370 D:0000 DB:7E P:84 V:91  H:125
C02FC6 $9E $FE $81     STZ $81FE,X [7E83D8] = $0000    A:0000 X:01DA Y:0000 S:0370 D:0000 DB:7E P:84 V:91  H:145
C02FC9 $9E $FE $85     STZ $85FE,X [7E87D8] = $0000    A:0000 X:01DA Y:0000 S:0370 D:0000 DB:7E P:84 V:91  H:155
C02FCC $E8             INX                             A:0000 X:01DA Y:0000 S:0370 D:0000 DB:7E P:84 V:91  H:165
C02FCD $E8             INX                             A:0000 X:01DB Y:0000 S:0370 D:0000 DB:7E P:04 V:91  H:168
C02FCE $E0 $00 $02     CPX #$0200                      A:0000 X:01DC Y:0000 S:0370 D:0000 DB:7E P:04 V:91  H:171
C02FD1 $90 $ED         BCC $C02FC0                     A:0000 X:01DC Y:0000 S:0370 D:0000 DB:7E P:84 V:91  H:176
C02FC0 $9E $FE $7F     STZ $7FFE,X [7E81DA] = $0000    A:0000 X:01DC Y:0000 S:0370 D:0000 DB:7E P:84 V:91  H:180
C02FC3 $9E $FE $83     STZ $83FE,X [7E85DA] = $0000    A:0000 X:01DC Y:0000 S:0370 D:0000 DB:7E P:84 V:91  H:190
C02FC6 $9E $FE $81     STZ $81FE,X [7E83DA] = $0000    A:0000 X:01DC Y:0000 S:0370 D:0000 DB:7E P:84 V:91  H:200
C02FC9 $9E $FE $85     STZ $85FE,X [7E87DA] = $0000    A:0000 X:01DC Y:0000 S:0370 D:0000 DB:7E P:84 V:91  H:210
C02FCC $E8             INX                             A:0000 X:01DC Y:0000 S:0370 D:0000 DB:7E P:84 V:91  H:220
C02FCD $E8             INX                             A:0000 X:01DD Y:0000 S:0370 D:0000 DB:7E P:04 V:91  H:223
C02FCE $E0 $00 $02     CPX #$0200                      A:0000 X:01DE Y:0000 S:0370 D:0000 DB:7E P:04 V:91  H:226
C02FD1 $90 $ED         BCC $C02FC0                     A:0000 X:01DE Y:0000 S:0370 D:0000 DB:7E P:84 V:91  H:231
C02FC0 $9E $FE $7F     STZ $7FFE,X [7E81DC] = $0000    A:0000 X:01DE Y:0000 S:0370 D:0000 DB:7E P:84 V:91  H:235
C02FC3 $9E $FE $83     STZ $83FE,X [7E85DC] = $0000    A:0000 X:01DE Y:0000 S:0370 D:0000 DB:7E P:84 V:91  H:245
C02FC6 $9E $FE $81     STZ $81FE,X [7E83DC] = $0000    A:0000 X:01DE Y:0000 S:0370 D:0000 DB:7E P:84 V:91  H:255
C02FC9 $9E $FE $85     STZ $85FE,X [7E87DC] = $0000    A:0000 X:01DE Y:0000 S:0370 D:0000 DB:7E P:84 V:91  H:265
C02FCC $E8             INX                             A:0000 X:01DE Y:0000 S:0370 D:0000 DB:7E P:84 V:91  H:275
C02FCD $E8             INX                             A:0000 X:01DF Y:0000 S:0370 D:0000 DB:7E P:04 V:91  H:293
C02FCE $E0 $00 $02     CPX #$0200                      A:0000 X:01E0 Y:0000 S:0370 D:0000 DB:7E P:04 V:91  H:296
C02FD1 $90 $ED         BCC $C02FC0                     A:0000 X:01E0 Y:0000 S:0370 D:0000 DB:7E P:84 V:91  H:301
C02FC0 $9E $FE $7F     STZ $7FFE,X [7E81DE] = $0000    A:0000 X:01E0 Y:0000 S:0370 D:0000 DB:7E P:84 V:91  H:305
C02FC3 $9E $FE $83     STZ $83FE,X [7E85DE] = $0000    A:0000 X:01E0 Y:0000 S:0370 D:0000 DB:7E P:84 V:91  H:315
C02FC6 $9E $FE $81     STZ $81FE,X [7E83DE] = $0000    A:0000 X:01E0 Y:0000 S:0370 D:0000 DB:7E P:84 V:91  H:325
C02FC9 $9E $FE $85     STZ $85FE,X [7E87DE] = $0000    A:0000 X:01E0 Y:0000 S:0370 D:0000 DB:7E P:84 V:91  H:334
C02FCC $E8             INX                             A:0000 X:01E0 Y:0000 S:0370 D:0000 DB:7E P:84 V:92  H:4  
C02FCD $E8             INX                             A:0000 X:01E1 Y:0000 S:0370 D:0000 DB:7E P:04 V:92  H:7  
C02FCE $E0 $00 $02     CPX #$0200                      A:0000 X:01E2 Y:0000 S:0370 D:0000 DB:7E P:04 V:92  H:10 
C02FD1 $90 $ED         BCC $C02FC0                     A:0000 X:01E2 Y:0000 S:0370 D:0000 DB:7E P:84 V:92  H:15 
C02FC0 $9E $FE $7F     STZ $7FFE,X [7E81E0] = $0000    A:0000 X:01E2 Y:0000 S:0370 D:0000 DB:7E P:84 V:92  H:19 
C02FC3 $9E $FE $83     STZ $83FE,X [7E85E0] = $0000    A:0000 X:01E2 Y:0000 S:0370 D:0000 DB:7E P:84 V:92  H:29 
C02FC6 $9E $FE $81     STZ $81FE,X [7E83E0] = $0000    A:0000 X:01E2 Y:0000 S:0370 D:0000 DB:7E P:84 V:92  H:39 
C02FC9 $9E $FE $85     STZ $85FE,X [7E87E0] = $0000    A:0000 X:01E2 Y:0000 S:0370 D:0000 DB:7E P:84 V:92  H:49 
C02FCC $E8             INX                             A:0000 X:01E2 Y:0000 S:0370 D:0000 DB:7E P:84 V:92  H:59 
C02FCD $E8             INX                             A:0000 X:01E3 Y:0000 S:0370 D:0000 DB:7E P:04 V:92  H:62 
C02FCE $E0 $00 $02     CPX #$0200                      A:0000 X:01E4 Y:0000 S:0370 D:0000 DB:7E P:04 V:92  H:65 
C02FD1 $90 $ED         BCC $C02FC0                     A:0000 X:01E4 Y:0000 S:0370 D:0000 DB:7E P:84 V:92  H:70 
C02FC0 $9E $FE $7F     STZ $7FFE,X [7E81E2] = $0000    A:0000 X:01E4 Y:0000 S:0370 D:0000 DB:7E P:84 V:92  H:74 
C02FC3 $9E $FE $83     STZ $83FE,X [7E85E2] = $0000    A:0000 X:01E4 Y:0000 S:0370 D:0000 DB:7E P:84 V:92  H:84 
C02FC6 $9E $FE $81     STZ $81FE,X [7E83E2] = $0000    A:0000 X:01E4 Y:0000 S:0370 D:0000 DB:7E P:84 V:92  H:94 
C02FC9 $9E $FE $85     STZ $85FE,X [7E87E2] = $0000    A:0000 X:01E4 Y:0000 S:0370 D:0000 DB:7E P:84 V:92  H:104
C02FCC $E8             INX                             A:0000 X:01E4 Y:0000 S:0370 D:0000 DB:7E P:84 V:92  H:114
C02FCD $E8             INX                             A:0000 X:01E5 Y:0000 S:0370 D:0000 DB:7E P:04 V:92  H:117
C02FCE $E0 $00 $02     CPX #$0200                      A:0000 X:01E6 Y:0000 S:0370 D:0000 DB:7E P:04 V:92  H:120
C02FD1 $90 $ED         BCC $C02FC0                     A:0000 X:01E6 Y:0000 S:0370 D:0000 DB:7E P:84 V:92  H:125
C02FC0 $9E $FE $7F     STZ $7FFE,X [7E81E4] = $0000    A:0000 X:01E6 Y:0000 S:0370 D:0000 DB:7E P:84 V:92  H:129
C02FC3 $9E $FE $83     STZ $83FE,X [7E85E4] = $0000    A:0000 X:01E6 Y:0000 S:0370 D:0000 DB:7E P:84 V:92  H:149
C02FC6 $9E $FE $81     STZ $81FE,X [7E83E4] = $0000    A:0000 X:01E6 Y:0000 S:0370 D:0000 DB:7E P:84 V:92  H:159
C02FC9 $9E $FE $85     STZ $85FE,X [7E87E4] = $0000    A:0000 X:01E6 Y:0000 S:0370 D:0000 DB:7E P:84 V:92  H:169
C02FCC $E8             INX                             A:0000 X:01E6 Y:0000 S:0370 D:0000 DB:7E P:84 V:92  H:179
C02FCD $E8             INX                             A:0000 X:01E7 Y:0000 S:0370 D:0000 DB:7E P:04 V:92  H:182
C02FCE $E0 $00 $02     CPX #$0200                      A:0000 X:01E8 Y:0000 S:0370 D:0000 DB:7E P:04 V:92  H:185
C02FD1 $90 $ED         BCC $C02FC0                     A:0000 X:01E8 Y:0000 S:0370 D:0000 DB:7E P:84 V:92  H:190
C02FC0 $9E $FE $7F     STZ $7FFE,X [7E81E6] = $0000    A:0000 X:01E8 Y:0000 S:0370 D:0000 DB:7E P:84 V:92  H:194
C02FC3 $9E $FE $83     STZ $83FE,X [7E85E6] = $0000    A:0000 X:01E8 Y:0000 S:0370 D:0000 DB:7E P:84 V:92  H:204
C02FC6 $9E $FE $81     STZ $81FE,X [7E83E6] = $0000    A:0000 X:01E8 Y:0000 S:0370 D:0000 DB:7E P:84 V:92  H:214
C02FC9 $9E $FE $85     STZ $85FE,X [7E87E6] = $0000    A:0000 X:01E8 Y:0000 S:0370 D:0000 DB:7E P:84 V:92  H:224
C02FCC $E8             INX                             A:0000 X:01E8 Y:0000 S:0370 D:0000 DB:7E P:84 V:92  H:234
C02FCD $E8             INX                             A:0000 X:01E9 Y:0000 S:0370 D:0000 DB:7E P:04 V:92  H:237
C02FCE $E0 $00 $02     CPX #$0200                      A:0000 X:01EA Y:0000 S:0370 D:0000 DB:7E P:04 V:92  H:240
C02FD1 $90 $ED         BCC $C02FC0                     A:0000 X:01EA Y:0000 S:0370 D:0000 DB:7E P:84 V:92  H:245
C02FC0 $9E $FE $7F     STZ $7FFE,X [7E81E8] = $0000    A:0000 X:01EA Y:0000 S:0370 D:0000 DB:7E P:84 V:92  H:249
C02FC3 $9E $FE $83     STZ $83FE,X [7E85E8] = $0000    A:0000 X:01EA Y:0000 S:0370 D:0000 DB:7E P:84 V:92  H:259
C02FC6 $9E $FE $81     STZ $81FE,X [7E83E8] = $0000    A:0000 X:01EA Y:0000 S:0370 D:0000 DB:7E P:84 V:92  H:269
C02FC9 $9E $FE $85     STZ $85FE,X [7E87E8] = $0000    A:0000 X:01EA Y:0000 S:0370 D:0000 DB:7E P:84 V:92  H:295
C02FCC $E8             INX                             A:0000 X:01EA Y:0000 S:0370 D:0000 DB:7E P:84 V:92  H:305
C02FCD $E8             INX                             A:0000 X:01EB Y:0000 S:0370 D:0000 DB:7E P:04 V:92  H:308
C02FCE $E0 $00 $02     CPX #$0200                      A:0000 X:01EC Y:0000 S:0370 D:0000 DB:7E P:04 V:92  H:311
C02FD1 $90 $ED         BCC $C02FC0                     A:0000 X:01EC Y:0000 S:0370 D:0000 DB:7E P:84 V:92  H:316
C02FC0 $9E $FE $7F     STZ $7FFE,X [7E81EA] = $0000    A:0000 X:01EC Y:0000 S:0370 D:0000 DB:7E P:84 V:92  H:320
C02FC3 $9E $FE $83     STZ $83FE,X [7E85EA] = $0000    A:0000 X:01EC Y:0000 S:0370 D:0000 DB:7E P:84 V:92  H:329
C02FC6 $9E $FE $81     STZ $81FE,X [7E83EA] = $0000    A:0000 X:01EC Y:0000 S:0370 D:0000 DB:7E P:84 V:92  H:339
C02FC9 $9E $FE $85     STZ $85FE,X [7E87EA] = $0000    A:0000 X:01EC Y:0000 S:0370 D:0000 DB:7E P:84 V:93  H:9  
C02FCC $E8             INX                             A:0000 X:01EC Y:0000 S:0370 D:0000 DB:7E P:84 V:93  H:19 
C02FCD $E8             INX                             A:0000 X:01ED Y:0000 S:0370 D:0000 DB:7E P:04 V:93  H:22 
C02FCE $E0 $00 $02     CPX #$0200                      A:0000 X:01EE Y:0000 S:0370 D:0000 DB:7E P:04 V:93  H:25 
C02FD1 $90 $ED         BCC $C02FC0                     A:0000 X:01EE Y:0000 S:0370 D:0000 DB:7E P:84 V:93  H:30 
C02FC0 $9E $FE $7F     STZ $7FFE,X [7E81EC] = $0000    A:0000 X:01EE Y:0000 S:0370 D:0000 DB:7E P:84 V:93  H:34 
C02FC3 $9E $FE $83     STZ $83FE,X [7E85EC] = $0000    A:0000 X:01EE Y:0000 S:0370 D:0000 DB:7E P:84 V:93  H:44 
C02FC6 $9E $FE $81     STZ $81FE,X [7E83EC] = $0000    A:0000 X:01EE Y:0000 S:0370 D:0000 DB:7E P:84 V:93  H:54 
C02FC9 $9E $FE $85     STZ $85FE,X [7E87EC] = $0000    A:0000 X:01EE Y:0000 S:0370 D:0000 DB:7E P:84 V:93  H:64 
C02FCC $E8             INX                             A:0000 X:01EE Y:0000 S:0370 D:0000 DB:7E P:84 V:93  H:74 
C02FCD $E8             INX                             A:0000 X:01EF Y:0000 S:0370 D:0000 DB:7E P:04 V:93  H:77 
C02FCE $E0 $00 $02     CPX #$0200                      A:0000 X:01F0 Y:0000 S:0370 D:0000 DB:7E P:04 V:93  H:80 
C02FD1 $90 $ED         BCC $C02FC0                     A:0000 X:01F0 Y:0000 S:0370 D:0000 DB:7E P:84 V:93  H:85 
C02FC0 $9E $FE $7F     STZ $7FFE,X [7E81EE] = $0000    A:0000 X:01F0 Y:0000 S:0370 D:0000 DB:7E P:84 V:93  H:89 
C02FC3 $9E $FE $83     STZ $83FE,X [7E85EE] = $0000    A:0000 X:01F0 Y:0000 S:0370 D:0000 DB:7E P:84 V:93  H:99 
C02FC6 $9E $FE $81     STZ $81FE,X [7E83EE] = $0000    A:0000 X:01F0 Y:0000 S:0370 D:0000 DB:7E P:84 V:93  H:109
C02FC9 $9E $FE $85     STZ $85FE,X [7E87EE] = $0000    A:0000 X:01F0 Y:0000 S:0370 D:0000 DB:7E P:84 V:93  H:119
C02FCC $E8             INX                             A:0000 X:01F0 Y:0000 S:0370 D:0000 DB:7E P:84 V:93  H:129
C02FCD $E8             INX                             A:0000 X:01F1 Y:0000 S:0370 D:0000 DB:7E P:04 V:93  H:132
C02FCE $E0 $00 $02     CPX #$0200                      A:0000 X:01F2 Y:0000 S:0370 D:0000 DB:7E P:04 V:93  H:145
C02FD1 $90 $ED         BCC $C02FC0                     A:0000 X:01F2 Y:0000 S:0370 D:0000 DB:7E P:84 V:93  H:150
C02FC0 $9E $FE $7F     STZ $7FFE,X [7E81F0] = $0000    A:0000 X:01F2 Y:0000 S:0370 D:0000 DB:7E P:84 V:93  H:154
C02FC3 $9E $FE $83     STZ $83FE,X [7E85F0] = $0000    A:0000 X:01F2 Y:0000 S:0370 D:0000 DB:7E P:84 V:93  H:164
C02FC6 $9E $FE $81     STZ $81FE,X [7E83F0] = $0000    A:0000 X:01F2 Y:0000 S:0370 D:0000 DB:7E P:84 V:93  H:174
C02FC9 $9E $FE $85     STZ $85FE,X [7E87F0] = $0000    A:0000 X:01F2 Y:0000 S:0370 D:0000 DB:7E P:84 V:93  H:184
C02FCC $E8             INX                             A:0000 X:01F2 Y:0000 S:0370 D:0000 DB:7E P:84 V:93  H:194
C02FCD $E8             INX                             A:0000 X:01F3 Y:0000 S:0370 D:0000 DB:7E P:04 V:93  H:197
C02FCE $E0 $00 $02     CPX #$0200                      A:0000 X:01F4 Y:0000 S:0370 D:0000 DB:7E P:04 V:93  H:200
C02FD1 $90 $ED         BCC $C02FC0                     A:0000 X:01F4 Y:0000 S:0370 D:0000 DB:7E P:84 V:93  H:205
C02FC0 $9E $FE $7F     STZ $7FFE,X [7E81F2] = $0000    A:0000 X:01F4 Y:0000 S:0370 D:0000 DB:7E P:84 V:93  H:209
C02FC3 $9E $FE $83     STZ $83FE,X [7E85F2] = $0000    A:0000 X:01F4 Y:0000 S:0370 D:0000 DB:7E P:84 V:93  H:219
C02FC6 $9E $FE $81     STZ $81FE,X [7E83F2] = $0000    A:0000 X:01F4 Y:0000 S:0370 D:0000 DB:7E P:84 V:93  H:229
C02FC9 $9E $FE $85     STZ $85FE,X [7E87F2] = $0000    A:0000 X:01F4 Y:0000 S:0370 D:0000 DB:7E P:84 V:93  H:239
C02FCC $E8             INX                             A:0000 X:01F4 Y:0000 S:0370 D:0000 DB:7E P:84 V:93  H:249
C02FCD $E8             INX                             A:0000 X:01F5 Y:0000 S:0370 D:0000 DB:7E P:04 V:93  H:252
C02FCE $E0 $00 $02     CPX #$0200                      A:0000 X:01F6 Y:0000 S:0370 D:0000 DB:7E P:04 V:93  H:255
C02FD1 $90 $ED         BCC $C02FC0                     A:0000 X:01F6 Y:0000 S:0370 D:0000 DB:7E P:84 V:93  H:260
C02FC0 $9E $FE $7F     STZ $7FFE,X [7E81F4] = $0000    A:0000 X:01F6 Y:0000 S:0370 D:0000 DB:7E P:84 V:93  H:264
C02FC3 $9E $FE $83     STZ $83FE,X [7E85F4] = $0000    A:0000 X:01F6 Y:0000 S:0370 D:0000 DB:7E P:84 V:93  H:274
C02FC6 $9E $FE $81     STZ $81FE,X [7E83F4] = $0000    A:0000 X:01F6 Y:0000 S:0370 D:0000 DB:7E P:84 V:93  H:301
C02FC9 $9E $FE $85     STZ $85FE,X [7E87F4] = $0000    A:0000 X:01F6 Y:0000 S:0370 D:0000 DB:7E P:84 V:93  H:311
C02FCC $E8             INX                             A:0000 X:01F6 Y:0000 S:0370 D:0000 DB:7E P:84 V:93  H:321
C02FCD $E8             INX                             A:0000 X:01F7 Y:0000 S:0370 D:0000 DB:7E P:04 V:93  H:323
C02FCE $E0 $00 $02     CPX #$0200                      A:0000 X:01F8 Y:0000 S:0370 D:0000 DB:7E P:04 V:93  H:326
C02FD1 $90 $ED         BCC $C02FC0                     A:0000 X:01F8 Y:0000 S:0370 D:0000 DB:7E P:84 V:93  H:330
C02FC0 $9E $FE $7F     STZ $7FFE,X [7E81F6] = $0000    A:0000 X:01F8 Y:0000 S:0370 D:0000 DB:7E P:84 V:93  H:335
C02FC3 $9E $FE $83     STZ $83FE,X [7E85F6] = $0000    A:0000 X:01F8 Y:0000 S:0370 D:0000 DB:7E P:84 V:94  H:5  
C02FC6 $9E $FE $81     STZ $81FE,X [7E83F6] = $0000    A:0000 X:01F8 Y:0000 S:0370 D:0000 DB:7E P:84 V:94  H:15 
C02FC9 $9E $FE $85     STZ $85FE,X [7E87F6] = $0000    A:0000 X:01F8 Y:0000 S:0370 D:0000 DB:7E P:84 V:94  H:25 
C02FCC $E8             INX                             A:0000 X:01F8 Y:0000 S:0370 D:0000 DB:7E P:84 V:94  H:35 
C02FCD $E8             INX                             A:0000 X:01F9 Y:0000 S:0370 D:0000 DB:7E P:04 V:94  H:38 
C02FCE $E0 $00 $02     CPX #$0200                      A:0000 X:01FA Y:0000 S:0370 D:0000 DB:7E P:04 V:94  H:41 
C02FD1 $90 $ED         BCC $C02FC0                     A:0000 X:01FA Y:0000 S:0370 D:0000 DB:7E P:84 V:94  H:45 
C02FC0 $9E $FE $7F     STZ $7FFE,X [7E81F8] = $0000    A:0000 X:01FA Y:0000 S:0370 D:0000 DB:7E P:84 V:94  H:50 
C02FC3 $9E $FE $83     STZ $83FE,X [7E85F8] = $0000    A:0000 X:01FA Y:0000 S:0370 D:0000 DB:7E P:84 V:94  H:60 
C02FC6 $9E $FE $81     STZ $81FE,X [7E83F8] = $0000    A:0000 X:01FA Y:0000 S:0370 D:0000 DB:7E P:84 V:94  H:70 
C02FC9 $9E $FE $85     STZ $85FE,X [7E87F8] = $0000    A:0000 X:01FA Y:0000 S:0370 D:0000 DB:7E P:84 V:94  H:80 
C02FCC $E8             INX                             A:0000 X:01FA Y:0000 S:0370 D:0000 DB:7E P:84 V:94  H:90 
C02FCD $E8             INX                             A:0000 X:01FB Y:0000 S:0370 D:0000 DB:7E P:04 V:94  H:93 
C02FCE $E0 $00 $02     CPX #$0200                      A:0000 X:01FC Y:0000 S:0370 D:0000 DB:7E P:04 V:94  H:96 
C02FD1 $90 $ED         BCC $C02FC0                     A:0000 X:01FC Y:0000 S:0370 D:0000 DB:7E P:84 V:94  H:100
C02FC0 $9E $FE $7F     STZ $7FFE,X [7E81FA] = $0000    A:0000 X:01FC Y:0000 S:0370 D:0000 DB:7E P:84 V:94  H:105
C02FC3 $9E $FE $83     STZ $83FE,X [7E85FA] = $0000    A:0000 X:01FC Y:0000 S:0370 D:0000 DB:7E P:84 V:94  H:115
C02FC6 $9E $FE $81     STZ $81FE,X [7E83FA] = $0000    A:0000 X:01FC Y:0000 S:0370 D:0000 DB:7E P:84 V:94  H:125
C02FC9 $9E $FE $85     STZ $85FE,X [7E87FA] = $0000    A:0000 X:01FC Y:0000 S:0370 D:0000 DB:7E P:84 V:94  H:145
C02FCC $E8             INX                             A:0000 X:01FC Y:0000 S:0370 D:0000 DB:7E P:84 V:94  H:155
C02FCD $E8             INX                             A:0000 X:01FD Y:0000 S:0370 D:0000 DB:7E P:04 V:94  H:158
C02FCE $E0 $00 $02     CPX #$0200                      A:0000 X:01FE Y:0000 S:0370 D:0000 DB:7E P:04 V:94  H:161
C02FD1 $90 $ED         BCC $C02FC0                     A:0000 X:01FE Y:0000 S:0370 D:0000 DB:7E P:84 V:94  H:165
C02FC0 $9E $FE $7F     STZ $7FFE,X [7E81FC] = $0000    A:0000 X:01FE Y:0000 S:0370 D:0000 DB:7E P:84 V:94  H:170
C02FC3 $9E $FE $83     STZ $83FE,X [7E85FC] = $0000    A:0000 X:01FE Y:0000 S:0370 D:0000 DB:7E P:84 V:94  H:180
C02FC6 $9E $FE $81     STZ $81FE,X [7E83FC] = $0000    A:0000 X:01FE Y:0000 S:0370 D:0000 DB:7E P:84 V:94  H:190
C02FC9 $9E $FE $85     STZ $85FE,X [7E87FC] = $0000    A:0000 X:01FE Y:0000 S:0370 D:0000 DB:7E P:84 V:94  H:200
C02FCC $E8             INX                             A:0000 X:01FE Y:0000 S:0370 D:0000 DB:7E P:84 V:94  H:210
C02FCD $E8             INX                             A:0000 X:01FF Y:0000 S:0370 D:0000 DB:7E P:04 V:94  H:213
C02FCE $E0 $00 $02     CPX #$0200                      A:0000 X:0200 Y:0000 S:0370 D:0000 DB:7E P:04 V:94  H:216
C02FD1 $90 $ED         BCC $C02FC0                     A:0000 X:0200 Y:0000 S:0370 D:0000 DB:7E P:07 V:94  H:220
C02FD3 $FA             PLX                             A:0000 X:0200 Y:0000 S:0370 D:0000 DB:7E P:07 V:94  H:223
C02FD4 $AB             PLB                             A:0000 X:0008 Y:0000 S:0372 D:0000 DB:7E P:05 V:94  H:232
C02FD5 $28             PLP                             A:0000 X:0008 Y:0000 S:0373 D:0000 DB:7E P:05 V:94  H:238
C02FD6 $6B             RTL                             A:0000 X:0008 Y:0000 S:0374 D:0000 DB:7E P:07 V:94  H:245
C609EF $22 $23 $9C $C7 JSL $C79C23                     A:0000 X:0008 Y:0000 S:0377 D:0000 DB:7E P:07 V:94  H:255
C79C23 $08             PHP                             A:0000 X:0008 Y:0000 S:0374 D:0000 DB:7E P:07 V:94  H:269
C79C24 $78             SEI                             A:0000 X:0008 Y:0000 S:0373 D:0000 DB:7E P:07 V:94  H:274
C79C25 $C2 $30         REP #$30                        A:0000 X:0008 Y:0000 S:0373 D:0000 DB:7E P:07 V:94  H:293
C79C27 $8B             PHB                             A:0000 X:0008 Y:0000 S:0373 D:0000 DB:7E P:07 V:94  H:298
C79C28 $48             PHA                             A:0000 X:0008 Y:0000 S:0372 D:0000 DB:7E P:07 V:94  H:303
C79C29 $DA             PHX                             A:0000 X:0008 Y:0000 S:0370 D:0000 DB:7E P:07 V:94  H:310
C79C2A $5A             PHY                             A:0000 X:0008 Y:0000 S:036E D:0000 DB:7E P:07 V:94  H:317
C79C2B $F4 $7E $7E     PEA #$7E7E                      A:0000 X:0008 Y:0000 S:036C D:0000 DB:7E P:07 V:94  H:323
C79C2E $AB             PLB                             A:0000 X:0008 Y:0000 S:036A D:0000 DB:7E P:07 V:94  H:331
C79C2F $AB             PLB                             A:0000 X:0008 Y:0000 S:036B D:0000 DB:7E P:05 V:94  H:338
C79C30 $A2 $1E $00     LDX #$001E                      A:0000 X:0008 Y:0000 S:036C D:0000 DB:7E P:05 V:95  H:4  
C79C33 $9E $52 $42     STZ $4252,X [7E4270] = $0000    A:0000 X:001E Y:0000 S:036C D:0000 DB:7E P:05 V:95  H:9  
C79C36 $CA             DEX                             A:0000 X:001E Y:0000 S:036C D:0000 DB:7E P:05 V:95  H:19 
C79C37 $CA             DEX                             A:0000 X:001D Y:0000 S:036C D:0000 DB:7E P:05 V:95  H:22 
C79C38 $10 $F9         BPL $C79C33                     A:0000 X:001C Y:0000 S:036C D:0000 DB:7E P:05 V:95  H:25 
C79C33 $9E $52 $42     STZ $4252,X [7E426E] = $0000    A:0000 X:001C Y:0000 S:036C D:0000 DB:7E P:05 V:95  H:29 
C79C36 $CA             DEX                             A:0000 X:001C Y:0000 S:036C D:0000 DB:7E P:05 V:95  H:39 
C79C37 $CA             DEX                             A:0000 X:001B Y:0000 S:036C D:0000 DB:7E P:05 V:95  H:42 
C79C38 $10 $F9         BPL $C79C33                     A:0000 X:001A Y:0000 S:036C D:0000 DB:7E P:05 V:95  H:45 
C79C33 $9E $52 $42     STZ $4252,X [7E426C] = $0000    A:0000 X:001A Y:0000 S:036C D:0000 DB:7E P:05 V:95  H:50 
C79C36 $CA             DEX                             A:0000 X:001A Y:0000 S:036C D:0000 DB:7E P:05 V:95  H:60 
C79C37 $CA             DEX                             A:0000 X:0019 Y:0000 S:036C D:0000 DB:7E P:05 V:95  H:63 
C79C38 $10 $F9         BPL $C79C33                     A:0000 X:0018 Y:0000 S:036C D:0000 DB:7E P:05 V:95  H:66 
C79C33 $9E $52 $42     STZ $4252,X [7E426A] = $0000    A:0000 X:0018 Y:0000 S:036C D:0000 DB:7E P:05 V:95  H:70 
C79C36 $CA             DEX                             A:0000 X:0018 Y:0000 S:036C D:0000 DB:7E P:05 V:95  H:80 
C79C37 $CA             DEX                             A:0000 X:0017 Y:0000 S:036C D:0000 DB:7E P:05 V:95  H:83 
C79C38 $10 $F9         BPL $C79C33                     A:0000 X:0016 Y:0000 S:036C D:0000 DB:7E P:05 V:95  H:86 
C79C33 $9E $52 $42     STZ $4252,X [7E4268] = $0000    A:0000 X:0016 Y:0000 S:036C D:0000 DB:7E P:05 V:95  H:91 
C79C36 $CA             DEX                             A:0000 X:0016 Y:0000 S:036C D:0000 DB:7E P:05 V:95  H:101
C79C37 $CA             DEX                             A:0000 X:0015 Y:0000 S:036C D:0000 DB:7E P:05 V:95  H:104
C79C38 $10 $F9         BPL $C79C33                     A:0000 X:0014 Y:0000 S:036C D:0000 DB:7E P:05 V:95  H:107
C79C33 $9E $52 $42     STZ $4252,X [7E4266] = $0000    A:0000 X:0014 Y:0000 S:036C D:0000 DB:7E P:05 V:95  H:111
C79C36 $CA             DEX                             A:0000 X:0014 Y:0000 S:036C D:0000 DB:7E P:05 V:95  H:121
C79C37 $CA             DEX                             A:0000 X:0013 Y:0000 S:036C D:0000 DB:7E P:05 V:95  H:124
C79C38 $10 $F9         BPL $C79C33                     A:0000 X:0012 Y:0000 S:036C D:0000 DB:7E P:05 V:95  H:127
C79C33 $9E $52 $42     STZ $4252,X [7E4264] = $0000    A:0000 X:0012 Y:0000 S:036C D:0000 DB:7E P:05 V:95  H:132
C79C36 $CA             DEX                             A:0000 X:0012 Y:0000 S:036C D:0000 DB:7E P:05 V:95  H:152
C79C37 $CA             DEX                             A:0000 X:0011 Y:0000 S:036C D:0000 DB:7E P:05 V:95  H:155
C79C38 $10 $F9         BPL $C79C33                     A:0000 X:0010 Y:0000 S:036C D:0000 DB:7E P:05 V:95  H:158
C79C33 $9E $52 $42     STZ $4252,X [7E4262] = $0000    A:0000 X:0010 Y:0000 S:036C D:0000 DB:7E P:05 V:95  H:162
C79C36 $CA             DEX                             A:0000 X:0010 Y:0000 S:036C D:0000 DB:7E P:05 V:95  H:172
C79C37 $CA             DEX                             A:0000 X:000F Y:0000 S:036C D:0000 DB:7E P:05 V:95  H:175
C79C38 $10 $F9         BPL $C79C33                     A:0000 X:000E Y:0000 S:036C D:0000 DB:7E P:05 V:95  H:178
C79C33 $9E $52 $42     STZ $4252,X [7E4260] = $0000    A:0000 X:000E Y:0000 S:036C D:0000 DB:7E P:05 V:95  H:183
C79C36 $CA             DEX                             A:0000 X:000E Y:0000 S:036C D:0000 DB:7E P:05 V:95  H:193
C79C37 $CA             DEX                             A:0000 X:000D Y:0000 S:036C D:0000 DB:7E P:05 V:95  H:196
C79C38 $10 $F9         BPL $C79C33                     A:0000 X:000C Y:0000 S:036C D:0000 DB:7E P:05 V:95  H:199
C79C33 $9E $52 $42     STZ $4252,X [7E425E] = $0000    A:0000 X:000C Y:0000 S:036C D:0000 DB:7E P:05 V:95  H:203
C79C36 $CA             DEX                             A:0000 X:000C Y:0000 S:036C D:0000 DB:7E P:05 V:95  H:213
C79C37 $CA             DEX                             A:0000 X:000B Y:0000 S:036C D:0000 DB:7E P:05 V:95  H:216
C79C38 $10 $F9         BPL $C79C33                     A:0000 X:000A Y:0000 S:036C D:0000 DB:7E P:05 V:95  H:219
C79C33 $9E $52 $42     STZ $4252,X [7E425C] = $0000    A:0000 X:000A Y:0000 S:036C D:0000 DB:7E P:05 V:95  H:224
C79C36 $CA             DEX                             A:0000 X:000A Y:0000 S:036C D:0000 DB:7E P:05 V:95  H:234
C79C37 $CA             DEX                             A:0000 X:0009 Y:0000 S:036C D:0000 DB:7E P:05 V:95  H:237
C79C38 $10 $F9         BPL $C79C33                     A:0000 X:0008 Y:0000 S:036C D:0000 DB:7E P:05 V:95  H:240
C79C33 $9E $52 $42     STZ $4252,X [7E425A] = $0000    A:0000 X:0008 Y:0000 S:036C D:0000 DB:7E P:05 V:95  H:244
C79C36 $CA             DEX                             A:0000 X:0008 Y:0000 S:036C D:0000 DB:7E P:05 V:95  H:254
C79C37 $CA             DEX                             A:0000 X:0007 Y:0000 S:036C D:0000 DB:7E P:05 V:95  H:257
C79C38 $10 $F9         BPL $C79C33                     A:0000 X:0006 Y:0000 S:036C D:0000 DB:7E P:05 V:95  H:260
C79C33 $9E $52 $42     STZ $4252,X [7E4258] = $0000    A:0000 X:0006 Y:0000 S:036C D:0000 DB:7E P:05 V:95  H:265
C79C36 $CA             DEX                             A:0000 X:0006 Y:0000 S:036C D:0000 DB:7E P:05 V:95  H:275
C79C37 $CA             DEX                             A:0000 X:0005 Y:0000 S:036C D:0000 DB:7E P:05 V:95  H:318
C79C38 $10 $F9         BPL $C79C33                     A:0000 X:0004 Y:0000 S:036C D:0000 DB:7E P:05 V:95  H:321
C79C33 $9E $52 $42     STZ $4252,X [7E4256] = $0000    A:0000 X:0004 Y:0000 S:036C D:0000 DB:7E P:05 V:95  H:325
C79C36 $CA             DEX                             A:0000 X:0004 Y:0000 S:036C D:0000 DB:7E P:05 V:95  H:335
C79C37 $CA             DEX                             A:0000 X:0003 Y:0000 S:036C D:0000 DB:7E P:05 V:95  H:338
C79C38 $10 $F9         BPL $C79C33                     A:0000 X:0002 Y:0000 S:036C D:0000 DB:7E P:05 V:96  H:1  
C79C33 $9E $52 $42     STZ $4252,X [7E4254] = $0000    A:0000 X:0002 Y:0000 S:036C D:0000 DB:7E P:05 V:96  H:5  
C79C36 $CA             DEX                             A:0000 X:0002 Y:0000 S:036C D:0000 DB:7E P:05 V:96  H:15 
C79C37 $CA             DEX                             A:0000 X:0001 Y:0000 S:036C D:0000 DB:7E P:05 V:96  H:18 
C79C38 $10 $F9         BPL $C79C33                     A:0000 X:0000 Y:0000 S:036C D:0000 DB:7E P:07 V:96  H:21 
C79C33 $9E $52 $42     STZ $4252,X [7E4252] = $008C    A:0000 X:0000 Y:0000 S:036C D:0000 DB:7E P:07 V:96  H:26 
C79C36 $CA             DEX                             A:0000 X:0000 Y:0000 S:036C D:0000 DB:7E P:07 V:96  H:36 
C79C37 $CA             DEX                             A:0000 X:FFFF Y:0000 S:036C D:0000 DB:7E P:85 V:96  H:39 
C79C38 $10 $F9         BPL $C79C33                     A:0000 X:FFFE Y:0000 S:036C D:0000 DB:7E P:85 V:96  H:42 
C79C3A $9C $3F $42     STZ $423F [7E423F] = $0000      A:0000 X:FFFE Y:0000 S:036C D:0000 DB:7E P:85 V:96  H:45 
C79C3D $7A             PLY                             A:0000 X:FFFE Y:0000 S:036C D:0000 DB:7E P:85 V:96  H:53 
C79C3E $FA             PLX                             A:0000 X:FFFE Y:0000 S:036E D:0000 DB:7E P:07 V:96  H:62 
C79C3F $68             PLA                             A:0000 X:0008 Y:0000 S:0370 D:0000 DB:7E P:05 V:96  H:70 
C79C40 $AB             PLB                             A:0000 X:0008 Y:0000 S:0372 D:0000 DB:7E P:07 V:96  H:79 
C79C41 $28             PLP                             A:0000 X:0008 Y:0000 S:0373 D:0000 DB:7E P:05 V:96  H:85 
C79C42 $6B             RTL                             A:0000 X:0008 Y:0000 S:0374 D:0000 DB:7E P:07 V:96  H:92 
C609F3 $22 $AA $72 $C4 JSL $C472AA                     A:0000 X:0008 Y:0000 S:0377 D:0000 DB:7E P:07 V:96  H:102
C472AA $08             PHP                             A:0000 X:0008 Y:0000 S:0374 D:0000 DB:7E P:07 V:96  H:116
C472AB $78             SEI                             A:0000 X:0008 Y:0000 S:0373 D:0000 DB:7E P:07 V:96  H:121
C472AC $C2 $30         REP #$30                        A:0000 X:0008 Y:0000 S:0373 D:0000 DB:7E P:07 V:96  H:124
C472AE $8B             PHB                             A:0000 X:0008 Y:0000 S:0373 D:0000 DB:7E P:07 V:96  H:128
C472AF $48             PHA                             A:0000 X:0008 Y:0000 S:0372 D:0000 DB:7E P:07 V:96  H:133
C472B0 $DA             PHX                             A:0000 X:0008 Y:0000 S:0370 D:0000 DB:7E P:07 V:96  H:150
C472B1 $5A             PHY                             A:0000 X:0008 Y:0000 S:036E D:0000 DB:7E P:07 V:96  H:157
C472B2 $F4 $7E $7E     PEA #$7E7E                      A:0000 X:0008 Y:0000 S:036C D:0000 DB:7E P:07 V:96  H:164
C472B5 $AB             PLB                             A:0000 X:0008 Y:0000 S:036A D:0000 DB:7E P:07 V:96  H:173
C472B6 $AB             PLB                             A:0000 X:0008 Y:0000 S:036B D:0000 DB:7E P:05 V:96  H:179
C472B7 $A2 $0E $00     LDX #$000E                      A:0000 X:0008 Y:0000 S:036C D:0000 DB:7E P:05 V:96  H:186
C472BA $9E $32 $47     STZ $4732,X [7E4740] = $0000    A:0000 X:000E Y:0000 S:036C D:0000 DB:7E P:05 V:96  H:190
C472BD $CA             DEX                             A:0000 X:000E Y:0000 S:036C D:0000 DB:7E P:05 V:96  H:200
C472BE $CA             DEX                             A:0000 X:000D Y:0000 S:036C D:0000 DB:7E P:05 V:96  H:203
C472BF $10 $F9         BPL $C472BA                     A:0000 X:000C Y:0000 S:036C D:0000 DB:7E P:05 V:96  H:206
C472BA $9E $32 $47     STZ $4732,X [7E473E] = $0000    A:0000 X:000C Y:0000 S:036C D:0000 DB:7E P:05 V:96  H:211
C472BD $CA             DEX                             A:0000 X:000C Y:0000 S:036C D:0000 DB:7E P:05 V:96  H:221
C472BE $CA             DEX                             A:0000 X:000B Y:0000 S:036C D:0000 DB:7E P:05 V:96  H:224
C472BF $10 $F9         BPL $C472BA                     A:0000 X:000A Y:0000 S:036C D:0000 DB:7E P:05 V:96  H:227
C472BA $9E $32 $47     STZ $4732,X [7E473C] = $0002    A:0000 X:000A Y:0000 S:036C D:0000 DB:7E P:05 V:96  H:231
C472BD $CA             DEX                             A:0000 X:000A Y:0000 S:036C D:0000 DB:7E P:05 V:96  H:241
C472BE $CA             DEX                             A:0000 X:0009 Y:0000 S:036C D:0000 DB:7E P:05 V:96  H:244
C472BF $10 $F9         BPL $C472BA                     A:0000 X:0008 Y:0000 S:036C D:0000 DB:7E P:05 V:96  H:247
C472BA $9E $32 $47     STZ $4732,X [7E473A] = $000A    A:0000 X:0008 Y:0000 S:036C D:0000 DB:7E P:05 V:96  H:252
C472BD $CA             DEX                             A:0000 X:0008 Y:0000 S:036C D:0000 DB:7E P:05 V:96  H:262
C472BE $CA             DEX                             A:0000 X:0007 Y:0000 S:036C D:0000 DB:7E P:05 V:96  H:265
C472BF $10 $F9         BPL $C472BA                     A:0000 X:0006 Y:0000 S:036C D:0000 DB:7E P:05 V:96  H:268
C472BA $9E $32 $47     STZ $4732,X [7E4738] = $0006    A:0000 X:0006 Y:0000 S:036C D:0000 DB:7E P:05 V:96  H:272
C472BD $CA             DEX                             A:0000 X:0006 Y:0000 S:036C D:0000 DB:7E P:05 V:96  H:324
C472BE $CA             DEX                             A:0000 X:0005 Y:0000 S:036C D:0000 DB:7E P:05 V:96  H:327
C472BF $10 $F9         BPL $C472BA                     A:0000 X:0004 Y:0000 S:036C D:0000 DB:7E P:05 V:96  H:329
C472BA $9E $32 $47     STZ $4732,X [7E4736] = $0001    A:0000 X:0004 Y:0000 S:036C D:0000 DB:7E P:05 V:96  H:334
C472BD $CA             DEX                             A:0000 X:0004 Y:0000 S:036C D:0000 DB:7E P:05 V:97  H:4  
C472BE $CA             DEX                             A:0000 X:0003 Y:0000 S:036C D:0000 DB:7E P:05 V:97  H:7  
C472BF $10 $F9         BPL $C472BA                     A:0000 X:0002 Y:0000 S:036C D:0000 DB:7E P:05 V:97  H:10 
C472BA $9E $32 $47     STZ $4732,X [7E4734] = $0001    A:0000 X:0002 Y:0000 S:036C D:0000 DB:7E P:05 V:97  H:14 
C472BD $CA             DEX                             A:0000 X:0002 Y:0000 S:036C D:0000 DB:7E P:05 V:97  H:24 
C472BE $CA             DEX                             A:0000 X:0001 Y:0000 S:036C D:0000 DB:7E P:05 V:97  H:27 
C472BF $10 $F9         BPL $C472BA                     A:0000 X:0000 Y:0000 S:036C D:0000 DB:7E P:07 V:97  H:30 
C472BA $9E $32 $47     STZ $4732,X [7E4732] = $000D    A:0000 X:0000 Y:0000 S:036C D:0000 DB:7E P:07 V:97  H:35 
C472BD $CA             DEX                             A:0000 X:0000 Y:0000 S:036C D:0000 DB:7E P:07 V:97  H:45 
C472BE $CA             DEX                             A:0000 X:FFFF Y:0000 S:036C D:0000 DB:7E P:85 V:97  H:48 
C472BF $10 $F9         BPL $C472BA                     A:0000 X:FFFE Y:0000 S:036C D:0000 DB:7E P:85 V:97  H:51 
C472C1 $A2 $7E $00     LDX #$007E                      A:0000 X:FFFE Y:0000 S:036C D:0000 DB:7E P:85 V:97  H:54 
C472C4 $A9 $00 $80     LDA #$8000                      A:0000 X:007E Y:0000 S:036C D:0000 DB:7E P:05 V:97  H:58 
C472C7 $9D $C2 $47     STA $47C2,X [7E4840] = $8000    A:8000 X:007E Y:0000 S:036C D:0000 DB:7E P:85 V:97  H:63 
C472CA $CA             DEX                             A:8000 X:007E Y:0000 S:036C D:0000 DB:7E P:85 V:97  H:73 
C472CB $CA             DEX                             A:8000 X:007D Y:0000 S:036C D:0000 DB:7E P:05 V:97  H:76 
C472CC $10 $F9         BPL $C472C7                     A:8000 X:007C Y:0000 S:036C D:0000 DB:7E P:05 V:97  H:79 
C472C7 $9D $C2 $47     STA $47C2,X [7E483E] = $8000    A:8000 X:007C Y:0000 S:036C D:0000 DB:7E P:05 V:97  H:83 
C472CA $CA             DEX                             A:8000 X:007C Y:0000 S:036C D:0000 DB:7E P:05 V:97  H:93 
C472CB $CA             DEX                             A:8000 X:007B Y:0000 S:036C D:0000 DB:7E P:05 V:97  H:96 
C472CC $10 $F9         BPL $C472C7                     A:8000 X:007A Y:0000 S:036C D:0000 DB:7E P:05 V:97  H:99 
C472C7 $9D $C2 $47     STA $47C2,X [7E483C] = $8000    A:8000 X:007A Y:0000 S:036C D:0000 DB:7E P:05 V:97  H:104
C472CA $CA             DEX                             A:8000 X:007A Y:0000 S:036C D:0000 DB:7E P:05 V:97  H:114
C472CB $CA             DEX                             A:8000 X:0079 Y:0000 S:036C D:0000 DB:7E P:05 V:97  H:117
C472CC $10 $F9         BPL $C472C7                     A:8000 X:0078 Y:0000 S:036C D:0000 DB:7E P:05 V:97  H:120
C472C7 $9D $C2 $47     STA $47C2,X [7E483A] = $8000    A:8000 X:0078 Y:0000 S:036C D:0000 DB:7E P:05 V:97  H:124
C472CA $CA             DEX                             A:8000 X:0078 Y:0000 S:036C D:0000 DB:7E P:05 V:97  H:144
C472CB $CA             DEX                             A:8000 X:0077 Y:0000 S:036C D:0000 DB:7E P:05 V:97  H:147
C472CC $10 $F9         BPL $C472C7                     A:8000 X:0076 Y:0000 S:036C D:0000 DB:7E P:05 V:97  H:150
C472C7 $9D $C2 $47     STA $47C2,X [7E4838] = $0074    A:8000 X:0076 Y:0000 S:036C D:0000 DB:7E P:05 V:97  H:155
C472CA $CA             DEX                             A:8000 X:0076 Y:0000 S:036C D:0000 DB:7E P:05 V:97  H:165
C472CB $CA             DEX                             A:8000 X:0075 Y:0000 S:036C D:0000 DB:7E P:05 V:97  H:168
C472CC $10 $F9         BPL $C472C7                     A:8000 X:0074 Y:0000 S:036C D:0000 DB:7E P:05 V:97  H:171
C472C7 $9D $C2 $47     STA $47C2,X [7E4836] = $0082    A:8000 X:0074 Y:0000 S:036C D:0000 DB:7E P:05 V:97  H:175
C472CA $CA             DEX                             A:8000 X:0074 Y:0000 S:036C D:0000 DB:7E P:05 V:97  H:185
C472CB $CA             DEX                             A:8000 X:0073 Y:0000 S:036C D:0000 DB:7E P:05 V:97  H:188
C472CC $10 $F9         BPL $C472C7                     A:8000 X:0072 Y:0000 S:036C D:0000 DB:7E P:05 V:97  H:191
C472C7 $9D $C2 $47     STA $47C2,X [7E4834] = $03A6    A:8000 X:0072 Y:0000 S:036C D:0000 DB:7E P:05 V:97  H:196
C472CA $CA             DEX                             A:8000 X:0072 Y:0000 S:036C D:0000 DB:7E P:05 V:97  H:206
C472CB $CA             DEX                             A:8000 X:0071 Y:0000 S:036C D:0000 DB:7E P:05 V:97  H:209
C472CC $10 $F9         BPL $C472C7                     A:8000 X:0070 Y:0000 S:036C D:0000 DB:7E P:05 V:97  H:212
C472C7 $9D $C2 $47     STA $47C2,X [7E4832] = $03F4    A:8000 X:0070 Y:0000 S:036C D:0000 DB:7E P:05 V:97  H:216
C472CA $CA             DEX                             A:8000 X:0070 Y:0000 S:036C D:0000 DB:7E P:05 V:97  H:226
C472CB $CA             DEX                             A:8000 X:006F Y:0000 S:036C D:0000 DB:7E P:05 V:97  H:229
C472CC $10 $F9         BPL $C472C7                     A:8000 X:006E Y:0000 S:036C D:0000 DB:7E P:05 V:97  H:232
C472C7 $9D $C2 $47     STA $47C2,X [7E4830] = $043A    A:8000 X:006E Y:0000 S:036C D:0000 DB:7E P:05 V:97  H:237
C472CA $CA             DEX                             A:8000 X:006E Y:0000 S:036C D:0000 DB:7E P:05 V:97  H:247
C472CB $CA             DEX                             A:8000 X:006D Y:0000 S:036C D:0000 DB:7E P:05 V:97  H:250
C472CC $10 $F9         BPL $C472C7                     A:8000 X:006C Y:0000 S:036C D:0000 DB:7E P:05 V:97  H:253
C472C7 $9D $C2 $47     STA $47C2,X [7E482E] = $0452    A:8000 X:006C Y:0000 S:036C D:0000 DB:7E P:05 V:97  H:257
C472CA $CA             DEX                             A:8000 X:006C Y:0000 S:036C D:0000 DB:7E P:05 V:97  H:267
C472CB $CA             DEX                             A:8000 X:006B Y:0000 S:036C D:0000 DB:7E P:05 V:97  H:270
C472CC $10 $F9         BPL $C472C7                     A:8000 X:006A Y:0000 S:036C D:0000 DB:7E P:05 V:97  H:273
C472C7 $9D $C2 $47     STA $47C2,X [7E482C] = $04B8    A:8000 X:006A Y:0000 S:036C D:0000 DB:7E P:05 V:97  H:294
C472CA $CA             DEX                             A:8000 X:006A Y:0000 S:036C D:0000 DB:7E P:05 V:97  H:304
C472CB $CA             DEX                             A:8000 X:0069 Y:0000 S:036C D:0000 DB:7E P:05 V:97  H:307
C472CC $10 $F9         BPL $C472C7                     A:8000 X:0068 Y:0000 S:036C D:0000 DB:7E P:05 V:97  H:310
C472C7 $9D $C2 $47     STA $47C2,X [7E482A] = $04BA    A:8000 X:0068 Y:0000 S:036C D:0000 DB:7E P:05 V:97  H:315
C472CA $CA             DEX                             A:8000 X:0068 Y:0000 S:036C D:0000 DB:7E P:05 V:97  H:324
C472CB $CA             DEX                             A:8000 X:0067 Y:0000 S:036C D:0000 DB:7E P:05 V:97  H:327
C472CC $10 $F9         BPL $C472C7                     A:8000 X:0066 Y:0000 S:036C D:0000 DB:7E P:05 V:97  H:330
C472C7 $9D $C2 $47     STA $47C2,X [7E4828] = $0000    A:8000 X:0066 Y:0000 S:036C D:0000 DB:7E P:05 V:97  H:334
C472CA $CA             DEX                             A:8000 X:0066 Y:0000 S:036C D:0000 DB:7E P:05 V:98  H:4  
C472CB $CA             DEX                             A:8000 X:0065 Y:0000 S:036C D:0000 DB:7E P:05 V:98  H:7  
C472CC $10 $F9         BPL $C472C7                     A:8000 X:0064 Y:0000 S:036C D:0000 DB:7E P:05 V:98  H:10 
C472C7 $9D $C2 $47     STA $47C2,X [7E4826] = $0000    A:8000 X:0064 Y:0000 S:036C D:0000 DB:7E P:05 V:98  H:15 
C472CA $CA             DEX                             A:8000 X:0064 Y:0000 S:036C D:0000 DB:7E P:05 V:98  H:25 
C472CB $CA             DEX                             A:8000 X:0063 Y:0000 S:036C D:0000 DB:7E P:05 V:98  H:28 
C472CC $10 $F9         BPL $C472C7                     A:8000 X:0062 Y:0000 S:036C D:0000 DB:7E P:05 V:98  H:31 
C472C7 $9D $C2 $47     STA $47C2,X [7E4824] = $0000    A:8000 X:0062 Y:0000 S:036C D:0000 DB:7E P:05 V:98  H:35 
C472CA $CA             DEX                             A:8000 X:0062 Y:0000 S:036C D:0000 DB:7E P:05 V:98  H:45 
C472CB $CA             DEX                             A:8000 X:0061 Y:0000 S:036C D:0000 DB:7E P:05 V:98  H:48 
C472CC $10 $F9         BPL $C472C7                     A:8000 X:0060 Y:0000 S:036C D:0000 DB:7E P:05 V:98  H:51 
C472C7 $9D $C2 $47     STA $47C2,X [7E4822] = $0000    A:8000 X:0060 Y:0000 S:036C D:0000 DB:7E P:05 V:98  H:56 
C472CA $CA             DEX                             A:8000 X:0060 Y:0000 S:036C D:0000 DB:7E P:05 V:98  H:66 
C472CB $CA             DEX                             A:8000 X:005F Y:0000 S:036C D:0000 DB:7E P:05 V:98  H:69 
C472CC $10 $F9         BPL $C472C7                     A:8000 X:005E Y:0000 S:036C D:0000 DB:7E P:05 V:98  H:72 
C472C7 $9D $C2 $47     STA $47C2,X [7E4820] = $0000    A:8000 X:005E Y:0000 S:036C D:0000 DB:7E P:05 V:98  H:76 
C472CA $CA             DEX                             A:8000 X:005E Y:0000 S:036C D:0000 DB:7E P:05 V:98  H:86 
C472CB $CA             DEX                             A:8000 X:005D Y:0000 S:036C D:0000 DB:7E P:05 V:98  H:89 
C472CC $10 $F9         BPL $C472C7                     A:8000 X:005C Y:0000 S:036C D:0000 DB:7E P:05 V:98  H:92 
C472C7 $9D $C2 $47     STA $47C2,X [7E481E] = $0000    A:8000 X:005C Y:0000 S:036C D:0000 DB:7E P:05 V:98  H:97 
C472CA $CA             DEX                             A:8000 X:005C Y:0000 S:036C D:0000 DB:7E P:05 V:98  H:107
C472CB $CA             DEX                             A:8000 X:005B Y:0000 S:036C D:0000 DB:7E P:05 V:98  H:110
C472CC $10 $F9         BPL $C472C7                     A:8000 X:005A Y:0000 S:036C D:0000 DB:7E P:05 V:98  H:113
C472C7 $9D $C2 $47     STA $47C2,X [7E481C] = $0000    A:8000 X:005A Y:0000 S:036C D:0000 DB:7E P:05 V:98  H:117
C472CA $CA             DEX                             A:8000 X:005A Y:0000 S:036C D:0000 DB:7E P:05 V:98  H:127
C472CB $CA             DEX                             A:8000 X:0059 Y:0000 S:036C D:0000 DB:7E P:05 V:98  H:130
C472CC $10 $F9         BPL $C472C7                     A:8000 X:0058 Y:0000 S:036C D:0000 DB:7E P:05 V:98  H:133
C472C7 $9D $C2 $47     STA $47C2,X [7E481A] = $0000    A:8000 X:0058 Y:0000 S:036C D:0000 DB:7E P:05 V:98  H:148
C472CA $CA             DEX                             A:8000 X:0058 Y:0000 S:036C D:0000 DB:7E P:05 V:98  H:158
C472CB $CA             DEX                             A:8000 X:0057 Y:0000 S:036C D:0000 DB:7E P:05 V:98  H:161
C472CC $10 $F9         BPL $C472C7                     A:8000 X:0056 Y:0000 S:036C D:0000 DB:7E P:05 V:98  H:164
C472C7 $9D $C2 $47     STA $47C2,X [7E4818] = $0000    A:8000 X:0056 Y:0000 S:036C D:0000 DB:7E P:05 V:98  H:168
C472CA $CA             DEX                             A:8000 X:0056 Y:0000 S:036C D:0000 DB:7E P:05 V:98  H:178
C472CB $CA             DEX                             A:8000 X:0055 Y:0000 S:036C D:0000 DB:7E P:05 V:98  H:181
C472CC $10 $F9         BPL $C472C7                     A:8000 X:0054 Y:0000 S:036C D:0000 DB:7E P:05 V:98  H:184
C472C7 $9D $C2 $47     STA $47C2,X [7E4816] = $0000    A:8000 X:0054 Y:0000 S:036C D:0000 DB:7E P:05 V:98  H:189
C472CA $CA             DEX                             A:8000 X:0054 Y:0000 S:036C D:0000 DB:7E P:05 V:98  H:199
C472CB $CA             DEX                             A:8000 X:0053 Y:0000 S:036C D:0000 DB:7E P:05 V:98  H:202
C472CC $10 $F9         BPL $C472C7                     A:8000 X:0052 Y:0000 S:036C D:0000 DB:7E P:05 V:98  H:205
C472C7 $9D $C2 $47     STA $47C2,X [7E4814] = $0000    A:8000 X:0052 Y:0000 S:036C D:0000 DB:7E P:05 V:98  H:209
C472CA $CA             DEX                             A:8000 X:0052 Y:0000 S:036C D:0000 DB:7E P:05 V:98  H:219
C472CB $CA             DEX                             A:8000 X:0051 Y:0000 S:036C D:0000 DB:7E P:05 V:98  H:222
C472CC $10 $F9         BPL $C472C7                     A:8000 X:0050 Y:0000 S:036C D:0000 DB:7E P:05 V:98  H:225
C472C7 $9D $C2 $47     STA $47C2,X [7E4812] = $0000    A:8000 X:0050 Y:0000 S:036C D:0000 DB:7E P:05 V:98  H:230
C472CA $CA             DEX                             A:8000 X:0050 Y:0000 S:036C D:0000 DB:7E P:05 V:98  H:240
C472CB $CA             DEX                             A:8000 X:004F Y:0000 S:036C D:0000 DB:7E P:05 V:98  H:243
C472CC $10 $F9         BPL $C472C7                     A:8000 X:004E Y:0000 S:036C D:0000 DB:7E P:05 V:98  H:246
C472C7 $9D $C2 $47     STA $47C2,X [7E4810] = $0000    A:8000 X:004E Y:0000 S:036C D:0000 DB:7E P:05 V:98  H:250
C472CA $CA             DEX                             A:8000 X:004E Y:0000 S:036C D:0000 DB:7E P:05 V:98  H:260
C472CB $CA             DEX                             A:8000 X:004D Y:0000 S:036C D:0000 DB:7E P:05 V:98  H:263
C472CC $10 $F9         BPL $C472C7                     A:8000 X:004C Y:0000 S:036C D:0000 DB:7E P:05 V:98  H:266
C472C7 $9D $C2 $47     STA $47C2,X [7E480E] = $0000    A:8000 X:004C Y:0000 S:036C D:0000 DB:7E P:05 V:98  H:271
C472CA $CA             DEX                             A:8000 X:004C Y:0000 S:036C D:0000 DB:7E P:05 V:98  H:297
C472CB $CA             DEX                             A:8000 X:004B Y:0000 S:036C D:0000 DB:7E P:05 V:98  H:300
C472CC $10 $F9         BPL $C472C7                     A:8000 X:004A Y:0000 S:036C D:0000 DB:7E P:05 V:98  H:303
C472C7 $9D $C2 $47     STA $47C2,X [7E480C] = $0000    A:8000 X:004A Y:0000 S:036C D:0000 DB:7E P:05 V:98  H:307
C472CA $CA             DEX                             A:8000 X:004A Y:0000 S:036C D:0000 DB:7E P:05 V:98  H:317
C472CB $CA             DEX                             A:8000 X:0049 Y:0000 S:036C D:0000 DB:7E P:05 V:98  H:320
C472CC $10 $F9         BPL $C472C7                     A:8000 X:0048 Y:0000 S:036C D:0000 DB:7E P:05 V:98  H:323
C472C7 $9D $C2 $47     STA $47C2,X [7E480A] = $0000    A:8000 X:0048 Y:0000 S:036C D:0000 DB:7E P:05 V:98  H:327
C472CA $CA             DEX                             A:8000 X:0048 Y:0000 S:036C D:0000 DB:7E P:05 V:98  H:337
C472CB $CA             DEX                             A:8000 X:0047 Y:0000 S:036C D:0000 DB:7E P:05 V:99  H:0  
C472CC $10 $F9         BPL $C472C7                     A:8000 X:0046 Y:0000 S:036C D:0000 DB:7E P:05 V:99  H:3  
C472C7 $9D $C2 $47     STA $47C2,X [7E4808] = $0000    A:8000 X:0046 Y:0000 S:036C D:0000 DB:7E P:05 V:99  H:7  
C472CA $CA             DEX                             A:8000 X:0046 Y:0000 S:036C D:0000 DB:7E P:05 V:99  H:17 
C472CB $CA             DEX                             A:8000 X:0045 Y:0000 S:036C D:0000 DB:7E P:05 V:99  H:20 
C472CC $10 $F9         BPL $C472C7                     A:8000 X:0044 Y:0000 S:036C D:0000 DB:7E P:05 V:99  H:23 
C472C7 $9D $C2 $47     STA $47C2,X [7E4806] = $0000    A:8000 X:0044 Y:0000 S:036C D:0000 DB:7E P:05 V:99  H:28 
C472CA $CA             DEX                             A:8000 X:0044 Y:0000 S:036C D:0000 DB:7E P:05 V:99  H:38 
C472CB $CA             DEX                             A:8000 X:0043 Y:0000 S:036C D:0000 DB:7E P:05 V:99  H:41 
C472CC $10 $F9         BPL $C472C7                     A:8000 X:0042 Y:0000 S:036C D:0000 DB:7E P:05 V:99  H:44 
C472C7 $9D $C2 $47     STA $47C2,X [7E4804] = $0292    A:8000 X:0042 Y:0000 S:036C D:0000 DB:7E P:05 V:99  H:48 
C472CA $CA             DEX                             A:8000 X:0042 Y:0000 S:036C D:0000 DB:7E P:05 V:99  H:58 
C472CB $CA             DEX                             A:8000 X:0041 Y:0000 S:036C D:0000 DB:7E P:05 V:99  H:61 
C472CC $10 $F9         BPL $C472C7                     A:8000 X:0040 Y:0000 S:036C D:0000 DB:7E P:05 V:99  H:64 
C472C7 $9D $C2 $47     STA $47C2,X [7E4802] = $0294    A:8000 X:0040 Y:0000 S:036C D:0000 DB:7E P:05 V:99  H:69 
C472CA $CA             DEX                             A:8000 X:0040 Y:0000 S:036C D:0000 DB:7E P:05 V:99  H:79 
C472CB $CA             DEX                             A:8000 X:003F Y:0000 S:036C D:0000 DB:7E P:05 V:99  H:82 
C472CC $10 $F9         BPL $C472C7                     A:8000 X:003E Y:0000 S:036C D:0000 DB:7E P:05 V:99  H:85 
C472C7 $9D $C2 $47     STA $47C2,X [7E4800] = $02B2    A:8000 X:003E Y:0000 S:036C D:0000 DB:7E P:05 V:99  H:89 
C472CA $CA             DEX                             A:8000 X:003E Y:0000 S:036C D:0000 DB:7E P:05 V:99  H:99 
C472CB $CA             DEX                             A:8000 X:003D Y:0000 S:036C D:0000 DB:7E P:05 V:99  H:102
C472CC $10 $F9         BPL $C472C7                     A:8000 X:003C Y:0000 S:036C D:0000 DB:7E P:05 V:99  H:105
C472C7 $9D $C2 $47     STA $47C2,X [7E47FE] = $02B4    A:8000 X:003C Y:0000 S:036C D:0000 DB:7E P:05 V:99  H:110
C472CA $CA             DEX                             A:8000 X:003C Y:0000 S:036C D:0000 DB:7E P:05 V:99  H:120
C472CB $CA             DEX                             A:8000 X:003B Y:0000 S:036C D:0000 DB:7E P:05 V:99  H:123
C472CC $10 $F9         BPL $C472C7                     A:8000 X:003A Y:0000 S:036C D:0000 DB:7E P:05 V:99  H:126
C472C7 $9D $C2 $47     STA $47C2,X [7E47FC] = $0000    A:8000 X:003A Y:0000 S:036C D:0000 DB:7E P:05 V:99  H:130
C472CA $CA             DEX                             A:8000 X:003A Y:0000 S:036C D:0000 DB:7E P:05 V:99  H:150
C472CB $CA             DEX                             A:8000 X:0039 Y:0000 S:036C D:0000 DB:7E P:05 V:99  H:153
C472CC $10 $F9         BPL $C472C7                     A:8000 X:0038 Y:0000 S:036C D:0000 DB:7E P:05 V:99  H:156
C472C7 $9D $C2 $47     STA $47C2,X [7E47FA] = $0000    A:8000 X:0038 Y:0000 S:036C D:0000 DB:7E P:05 V:99  H:161
C472CA $CA             DEX                             A:8000 X:0038 Y:0000 S:036C D:0000 DB:7E P:05 V:99  H:171
C472CB $CA             DEX                             A:8000 X:0037 Y:0000 S:036C D:0000 DB:7E P:05 V:99  H:174
C472CC $10 $F9         BPL $C472C7                     A:8000 X:0036 Y:0000 S:036C D:0000 DB:7E P:05 V:99  H:177
C472C7 $9D $C2 $47     STA $47C2,X [7E47F8] = $0000    A:8000 X:0036 Y:0000 S:036C D:0000 DB:7E P:05 V:99  H:181
C472CA $CA             DEX                             A:8000 X:0036 Y:0000 S:036C D:0000 DB:7E P:05 V:99  H:191
C472CB $CA             DEX                             A:8000 X:0035 Y:0000 S:036C D:0000 DB:7E P:05 V:99  H:194
C472CC $10 $F9         BPL $C472C7                     A:8000 X:0034 Y:0000 S:036C D:0000 DB:7E P:05 V:99  H:197
C472C7 $9D $C2 $47     STA $47C2,X [7E47F6] = $0000    A:8000 X:0034 Y:0000 S:036C D:0000 DB:7E P:05 V:99  H:202
C472CA $CA             DEX                             A:8000 X:0034 Y:0000 S:036C D:0000 DB:7E P:05 V:99  H:212
C472CB $CA             DEX                             A:8000 X:0033 Y:0000 S:036C D:0000 DB:7E P:05 V:99  H:215
C472CC $10 $F9         BPL $C472C7                     A:8000 X:0032 Y:0000 S:036C D:0000 DB:7E P:05 V:99  H:218
C472C7 $9D $C2 $47     STA $47C2,X [7E47F4] = $0000    A:8000 X:0032 Y:0000 S:036C D:0000 DB:7E P:05 V:99  H:222
C472CA $CA             DEX                             A:8000 X:0032 Y:0000 S:036C D:0000 DB:7E P:05 V:99  H:232
C472CB $CA             DEX                             A:8000 X:0031 Y:0000 S:036C D:0000 DB:7E P:05 V:99  H:235
C472CC $10 $F9         BPL $C472C7                     A:8000 X:0030 Y:0000 S:036C D:0000 DB:7E P:05 V:99  H:238
C472C7 $9D $C2 $47     STA $47C2,X [7E47F2] = $0000    A:8000 X:0030 Y:0000 S:036C D:0000 DB:7E P:05 V:99  H:243
C472CA $CA             DEX                             A:8000 X:0030 Y:0000 S:036C D:0000 DB:7E P:05 V:99  H:253
C472CB $CA             DEX                             A:8000 X:002F Y:0000 S:036C D:0000 DB:7E P:05 V:99  H:256
C472CC $10 $F9         BPL $C472C7                     A:8000 X:002E Y:0000 S:036C D:0000 DB:7E P:05 V:99  H:259
C472C7 $9D $C2 $47     STA $47C2,X [7E47F0] = $0000    A:8000 X:002E Y:0000 S:036C D:0000 DB:7E P:05 V:99  H:263
C472CA $CA             DEX                             A:8000 X:002E Y:0000 S:036C D:0000 DB:7E P:05 V:99  H:273
C472CB $CA             DEX                             A:8000 X:002D Y:0000 S:036C D:0000 DB:7E P:05 V:99  H:293
C472CC $10 $F9         BPL $C472C7                     A:8000 X:002C Y:0000 S:036C D:0000 DB:7E P:05 V:99  H:296
C472C7 $9D $C2 $47     STA $47C2,X [7E47EE] = $0000    A:8000 X:002C Y:0000 S:036C D:0000 DB:7E P:05 V:99  H:300
C472CA $CA             DEX                             A:8000 X:002C Y:0000 S:036C D:0000 DB:7E P:05 V:99  H:310
C472CB $CA             DEX                             A:8000 X:002B Y:0000 S:036C D:0000 DB:7E P:05 V:99  H:313
C472CC $10 $F9         BPL $C472C7                     A:8000 X:002A Y:0000 S:036C D:0000 DB:7E P:05 V:99  H:316
C472C7 $9D $C2 $47     STA $47C2,X [7E47EC] = $0000    A:8000 X:002A Y:0000 S:036C D:0000 DB:7E P:05 V:99  H:321
C472CA $CA             DEX                             A:8000 X:002A Y:0000 S:036C D:0000 DB:7E P:05 V:99  H:330
C472CB $CA             DEX                             A:8000 X:0029 Y:0000 S:036C D:0000 DB:7E P:05 V:99  H:333
C472CC $10 $F9         BPL $C472C7                     A:8000 X:0028 Y:0000 S:036C D:0000 DB:7E P:05 V:99  H:336
C472C7 $9D $C2 $47     STA $47C2,X [7E47EA] = $0000    A:8000 X:0028 Y:0000 S:036C D:0000 DB:7E P:05 V:100 H:0  
C472CA $CA             DEX                             A:8000 X:0028 Y:0000 S:036C D:0000 DB:7E P:05 V:100 H:10 
C472CB $CA             DEX                             A:8000 X:0027 Y:0000 S:036C D:0000 DB:7E P:05 V:100 H:13 
C472CC $10 $F9         BPL $C472C7                     A:8000 X:0026 Y:0000 S:036C D:0000 DB:7E P:05 V:100 H:16 
C472C7 $9D $C2 $47     STA $47C2,X [7E47E8] = $0042    A:8000 X:0026 Y:0000 S:036C D:0000 DB:7E P:05 V:100 H:21 
C472CA $CA             DEX                             A:8000 X:0026 Y:0000 S:036C D:0000 DB:7E P:05 V:100 H:31 
C472CB $CA             DEX                             A:8000 X:0025 Y:0000 S:036C D:0000 DB:7E P:05 V:100 H:34 
C472CC $10 $F9         BPL $C472C7                     A:8000 X:0024 Y:0000 S:036C D:0000 DB:7E P:05 V:100 H:37 
C472C7 $9D $C2 $47     STA $47C2,X [7E47E6] = $0044    A:8000 X:0024 Y:0000 S:036C D:0000 DB:7E P:05 V:100 H:41 
C472CA $CA             DEX                             A:8000 X:0024 Y:0000 S:036C D:0000 DB:7E P:05 V:100 H:51 
C472CB $CA             DEX                             A:8000 X:0023 Y:0000 S:036C D:0000 DB:7E P:05 V:100 H:54 
C472CC $10 $F9         BPL $C472C7                     A:8000 X:0022 Y:0000 S:036C D:0000 DB:7E P:05 V:100 H:57 
C472C7 $9D $C2 $47     STA $47C2,X [7E47E4] = $0046    A:8000 X:0022 Y:0000 S:036C D:0000 DB:7E P:05 V:100 H:62 
C472CA $CA             DEX                             A:8000 X:0022 Y:0000 S:036C D:0000 DB:7E P:05 V:100 H:72 
C472CB $CA             DEX                             A:8000 X:0021 Y:0000 S:036C D:0000 DB:7E P:05 V:100 H:75 
C472CC $10 $F9         BPL $C472C7                     A:8000 X:0020 Y:0000 S:036C D:0000 DB:7E P:05 V:100 H:78 
C472C7 $9D $C2 $47     STA $47C2,X [7E47E2] = $0030    A:8000 X:0020 Y:0000 S:036C D:0000 DB:7E P:05 V:100 H:82 
C472CA $CA             DEX                             A:8000 X:0020 Y:0000 S:036C D:0000 DB:7E P:05 V:100 H:92 
C472CB $CA             DEX                             A:8000 X:001F Y:0000 S:036C D:0000 DB:7E P:05 V:100 H:95 
C472CC $10 $F9         BPL $C472C7                     A:8000 X:001E Y:0000 S:036C D:0000 DB:7E P:05 V:100 H:98 
C472C7 $9D $C2 $47     STA $47C2,X [7E47E0] = $0032    A:8000 X:001E Y:0000 S:036C D:0000 DB:7E P:05 V:100 H:103
C472CA $CA             DEX                             A:8000 X:001E Y:0000 S:036C D:0000 DB:7E P:05 V:100 H:113
C472CB $CA             DEX                             A:8000 X:001D Y:0000 S:036C D:0000 DB:7E P:05 V:100 H:116
C472CC $10 $F9         BPL $C472C7                     A:8000 X:001C Y:0000 S:036C D:0000 DB:7E P:05 V:100 H:119
C472C7 $9D $C2 $47     STA $47C2,X [7E47DE] = $0034    A:8000 X:001C Y:0000 S:036C D:0000 DB:7E P:05 V:100 H:123
C472CA $CA             DEX                             A:8000 X:001C Y:0000 S:036C D:0000 DB:7E P:05 V:100 H:133
C472CB $CA             DEX                             A:8000 X:001B Y:0000 S:036C D:0000 DB:7E P:05 V:100 H:146
C472CC $10 $F9         BPL $C472C7                     A:8000 X:001A Y:0000 S:036C D:0000 DB:7E P:05 V:100 H:149
C472C7 $9D $C2 $47     STA $47C2,X [7E47DC] = $0036    A:8000 X:001A Y:0000 S:036C D:0000 DB:7E P:05 V:100 H:154
C472CA $CA             DEX                             A:8000 X:001A Y:0000 S:036C D:0000 DB:7E P:05 V:100 H:164
C472CB $CA             DEX                             A:8000 X:0019 Y:0000 S:036C D:0000 DB:7E P:05 V:100 H:167
C472CC $10 $F9         BPL $C472C7                     A:8000 X:0018 Y:0000 S:036C D:0000 DB:7E P:05 V:100 H:170
C472C7 $9D $C2 $47     STA $47C2,X [7E47DA] = $001A    A:8000 X:0018 Y:0000 S:036C D:0000 DB:7E P:05 V:100 H:174
C472CA $CA             DEX                             A:8000 X:0018 Y:0000 S:036C D:0000 DB:7E P:05 V:100 H:184
C472CB $CA             DEX                             A:8000 X:0017 Y:0000 S:036C D:0000 DB:7E P:05 V:100 H:187
C472CC $10 $F9         BPL $C472C7                     A:8000 X:0016 Y:0000 S:036C D:0000 DB:7E P:05 V:100 H:190
C472C7 $9D $C2 $47     STA $47C2,X [7E47D8] = $001C    A:8000 X:0016 Y:0000 S:036C D:0000 DB:7E P:05 V:100 H:195
C472CA $CA             DEX                             A:8000 X:0016 Y:0000 S:036C D:0000 DB:7E P:05 V:100 H:205
C472CB $CA             DEX                             A:8000 X:0015 Y:0000 S:036C D:0000 DB:7E P:05 V:100 H:208
C472CC $10 $F9         BPL $C472C7                     A:8000 X:0014 Y:0000 S:036C D:0000 DB:7E P:05 V:100 H:211
C472C7 $9D $C2 $47     STA $47C2,X [7E47D6] = $001E    A:8000 X:0014 Y:0000 S:036C D:0000 DB:7E P:05 V:100 H:215
C472CA $CA             DEX                             A:8000 X:0014 Y:0000 S:036C D:0000 DB:7E P:05 V:100 H:225
C472CB $CA             DEX                             A:8000 X:0013 Y:0000 S:036C D:0000 DB:7E P:05 V:100 H:228
C472CC $10 $F9         BPL $C472C7                     A:8000 X:0012 Y:0000 S:036C D:0000 DB:7E P:05 V:100 H:231
C472C7 $9D $C2 $47     STA $47C2,X [7E47D4] = $0020    A:8000 X:0012 Y:0000 S:036C D:0000 DB:7E P:05 V:100 H:236
C472CA $CA             DEX                             A:8000 X:0012 Y:0000 S:036C D:0000 DB:7E P:05 V:100 H:246
C472CB $CA             DEX                             A:8000 X:0011 Y:0000 S:036C D:0000 DB:7E P:05 V:100 H:249
C472CC $10 $F9         BPL $C472C7                     A:8000 X:0010 Y:0000 S:036C D:0000 DB:7E P:05 V:100 H:252
C472C7 $9D $C2 $47     STA $47C2,X [7E47D2] = $0022    A:8000 X:0010 Y:0000 S:036C D:0000 DB:7E P:05 V:100 H:256
C472CA $CA             DEX                             A:8000 X:0010 Y:0000 S:036C D:0000 DB:7E P:05 V:100 H:266
C472CB $CA             DEX                             A:8000 X:000F Y:0000 S:036C D:0000 DB:7E P:05 V:100 H:269
C472CC $10 $F9         BPL $C472C7                     A:8000 X:000E Y:0000 S:036C D:0000 DB:7E P:05 V:100 H:272
C472C7 $9D $C2 $47     STA $47C2,X [7E47D0] = $000A    A:8000 X:000E Y:0000 S:036C D:0000 DB:7E P:05 V:100 H:293
C472CA $CA             DEX                             A:8000 X:000E Y:0000 S:036C D:0000 DB:7E P:05 V:100 H:303
C472CB $CA             DEX                             A:8000 X:000D Y:0000 S:036C D:0000 DB:7E P:05 V:100 H:306
C472CC $10 $F9         BPL $C472C7                     A:8000 X:000C Y:0000 S:036C D:0000 DB:7E P:05 V:100 H:309
C472C7 $9D $C2 $47     STA $47C2,X [7E47CE] = $0008    A:8000 X:000C Y:0000 S:036C D:0000 DB:7E P:05 V:100 H:314
C472CA $CA             DEX                             A:8000 X:000C Y:0000 S:036C D:0000 DB:7E P:05 V:100 H:323
C472CB $CA             DEX                             A:8000 X:000B Y:0000 S:036C D:0000 DB:7E P:05 V:100 H:326
C472CC $10 $F9         BPL $C472C7                     A:8000 X:000A Y:0000 S:036C D:0000 DB:7E P:05 V:100 H:329
C472C7 $9D $C2 $47     STA $47C2,X [7E47CC] = $000C    A:8000 X:000A Y:0000 S:036C D:0000 DB:7E P:05 V:100 H:333
C472CA $CA             DEX                             A:8000 X:000A Y:0000 S:036C D:0000 DB:7E P:05 V:101 H:3  
C472CB $CA             DEX                             A:8000 X:0009 Y:0000 S:036C D:0000 DB:7E P:05 V:101 H:6  
C472CC $10 $F9         BPL $C472C7                     A:8000 X:0008 Y:0000 S:036C D:0000 DB:7E P:05 V:101 H:9  
C472C7 $9D $C2 $47     STA $47C2,X [7E47CA] = $000E    A:8000 X:0008 Y:0000 S:036C D:0000 DB:7E P:05 V:101 H:14 
C472CA $CA             DEX                             A:8000 X:0008 Y:0000 S:036C D:0000 DB:7E P:05 V:101 H:24 
C472CB $CA             DEX                             A:8000 X:0007 Y:0000 S:036C D:0000 DB:7E P:05 V:101 H:27 
C472CC $10 $F9         BPL $C472C7                     A:8000 X:0006 Y:0000 S:036C D:0000 DB:7E P:05 V:101 H:30 
C472C7 $9D $C2 $47     STA $47C2,X [7E47C8] = $0112    A:8000 X:0006 Y:0000 S:036C D:0000 DB:7E P:05 V:101 H:34 
C472CA $CA             DEX                             A:8000 X:0006 Y:0000 S:036C D:0000 DB:7E P:05 V:101 H:44 
C472CB $CA             DEX                             A:8000 X:0005 Y:0000 S:036C D:0000 DB:7E P:05 V:101 H:47 
C472CC $10 $F9         BPL $C472C7                     A:8000 X:0004 Y:0000 S:036C D:0000 DB:7E P:05 V:101 H:50 
C472C7 $9D $C2 $47     STA $47C2,X [7E47C6] = $0114    A:8000 X:0004 Y:0000 S:036C D:0000 DB:7E P:05 V:101 H:55 
C472CA $CA             DEX                             A:8000 X:0004 Y:0000 S:036C D:0000 DB:7E P:05 V:101 H:65 
C472CB $CA             DEX                             A:8000 X:0003 Y:0000 S:036C D:0000 DB:7E P:05 V:101 H:68 
C472CC $10 $F9         BPL $C472C7                     A:8000 X:0002 Y:0000 S:036C D:0000 DB:7E P:05 V:101 H:71 
C472C7 $9D $C2 $47     STA $47C2,X [7E47C4] = $0028    A:8000 X:0002 Y:0000 S:036C D:0000 DB:7E P:05 V:101 H:75 
C472CA $CA             DEX                             A:8000 X:0002 Y:0000 S:036C D:0000 DB:7E P:05 V:101 H:85 
C472CB $CA             DEX                             A:8000 X:0001 Y:0000 S:036C D:0000 DB:7E P:05 V:101 H:88 
C472CC $10 $F9         BPL $C472C7                     A:8000 X:0000 Y:0000 S:036C D:0000 DB:7E P:07 V:101 H:91 
C472C7 $9D $C2 $47     STA $47C2,X [7E47C2] = $0038    A:8000 X:0000 Y:0000 S:036C D:0000 DB:7E P:07 V:101 H:96 
C472CA $CA             DEX                             A:8000 X:0000 Y:0000 S:036C D:0000 DB:7E P:07 V:101 H:106
C472CB $CA             DEX                             A:8000 X:FFFF Y:0000 S:036C D:0000 DB:7E P:85 V:101 H:109
C472CC $10 $F9         BPL $C472C7                     A:8000 X:FFFE Y:0000 S:036C D:0000 DB:7E P:85 V:101 H:112
C472CE $9C $42 $48     STZ $4842 [7E4842] = $0006      A:8000 X:FFFE Y:0000 S:036C D:0000 DB:7E P:85 V:101 H:115
C472D1 $7A             PLY                             A:8000 X:FFFE Y:0000 S:036C D:0000 DB:7E P:85 V:101 H:123
C472D2 $FA             PLX                             A:8000 X:FFFE Y:0000 S:036E D:0000 DB:7E P:07 V:101 H:132
C472D3 $68             PLA                             A:8000 X:0008 Y:0000 S:0370 D:0000 DB:7E P:05 V:101 H:150
C472D4 $AB             PLB                             A:0000 X:0008 Y:0000 S:0372 D:0000 DB:7E P:07 V:101 H:159
C472D5 $28             PLP                             A:0000 X:0008 Y:0000 S:0373 D:0000 DB:7E P:05 V:101 H:165
C472D6 $6B             RTL                             A:0000 X:0008 Y:0000 S:0374 D:0000 DB:7E P:07 V:101 H:172
C609F7 $22 $48 $91 $C0 JSL $C09148                     A:0000 X:0008 Y:0000 S:0377 D:0000 DB:7E P:07 V:101 H:182
C09148 $08             PHP                             A:0000 X:0008 Y:0000 S:0374 D:0000 DB:7E P:07 V:101 H:196
C09149 $C2 $30         REP #$30                        A:0000 X:0008 Y:0000 S:0373 D:0000 DB:7E P:07 V:101 H:201
C0914B $48             PHA                             A:0000 X:0008 Y:0000 S:0373 D:0000 DB:7E P:07 V:101 H:205
C0914C $DA             PHX                             A:0000 X:0008 Y:0000 S:0371 D:0000 DB:7E P:07 V:101 H:212
C0914D $5A             PHY                             A:0000 X:0008 Y:0000 S:036F D:0000 DB:7E P:07 V:101 H:219
C0914E $8B             PHB                             A:0000 X:0008 Y:0000 S:036D D:0000 DB:7E P:07 V:101 H:226
C0914F $F4 $7E $7E     PEA #$7E7E                      A:0000 X:0008 Y:0000 S:036C D:0000 DB:7E P:07 V:101 H:231
C09152 $AB             PLB                             A:0000 X:0008 Y:0000 S:036A D:0000 DB:7E P:07 V:101 H:240
C09153 $AB             PLB                             A:0000 X:0008 Y:0000 S:036B D:0000 DB:7E P:05 V:101 H:246
C09154 $A2 $00 $00     LDX #$0000                      A:0000 X:0008 Y:0000 S:036C D:0000 DB:7E P:05 V:101 H:253
C09157 $9E $89 $DD     STZ $DD89,X [7EDD89] = $8000    A:0000 X:0000 Y:0000 S:036C D:0000 DB:7E P:07 V:101 H:257
C0915A $E8             INX                             A:0000 X:0000 Y:0000 S:036C D:0000 DB:7E P:07 V:101 H:267
C0915B $E8             INX                             A:0000 X:0001 Y:0000 S:036C D:0000 DB:7E P:05 V:101 H:270
C0915C $E0 $00 $04     CPX #$0400                      A:0000 X:0002 Y:0000 S:036C D:0000 DB:7E P:05 V:101 H:273
C0915F $90 $F6         BCC $C09157                     A:0000 X:0002 Y:0000 S:036C D:0000 DB:7E P:84 V:101 H:294
C09157 $9E $89 $DD     STZ $DD89,X [7EDD8B] = $8000    A:0000 X:0002 Y:0000 S:036C D:0000 DB:7E P:84 V:101 H:299
C0915A $E8             INX                             A:0000 X:0002 Y:0000 S:036C D:0000 DB:7E P:84 V:101 H:309
C0915B $E8             INX                             A:0000 X:0003 Y:0000 S:036C D:0000 DB:7E P:04 V:101 H:312
C0915C $E0 $00 $04     CPX #$0400                      A:0000 X:0004 Y:0000 S:036C D:0000 DB:7E P:04 V:101 H:315
C0915F $90 $F6         BCC $C09157                     A:0000 X:0004 Y:0000 S:036C D:0000 DB:7E P:84 V:101 H:319
C09157 $9E $89 $DD     STZ $DD89,X [7EDD8D] = $8000    A:0000 X:0004 Y:0000 S:036C D:0000 DB:7E P:84 V:101 H:323
C0915A $E8             INX                             A:0000 X:0004 Y:0000 S:036C D:0000 DB:7E P:84 V:101 H:333
C0915B $E8             INX                             A:0000 X:0005 Y:0000 S:036C D:0000 DB:7E P:04 V:101 H:336
C0915C $E0 $00 $04     CPX #$0400                      A:0000 X:0006 Y:0000 S:036C D:0000 DB:7E P:04 V:101 H:339
C0915F $90 $F6         BCC $C09157                     A:0000 X:0006 Y:0000 S:036C D:0000 DB:7E P:84 V:102 H:3  
C09157 $9E $89 $DD     STZ $DD89,X [7EDD8F] = $8000    A:0000 X:0006 Y:0000 S:036C D:0000 DB:7E P:84 V:102 H:8  
C0915A $E8             INX                             A:0000 X:0006 Y:0000 S:036C D:0000 DB:7E P:84 V:102 H:18 
C0915B $E8             INX                             A:0000 X:0007 Y:0000 S:036C D:0000 DB:7E P:04 V:102 H:21 
C0915C $E0 $00 $04     CPX #$0400                      A:0000 X:0008 Y:0000 S:036C D:0000 DB:7E P:04 V:102 H:24 
C0915F $90 $F6         BCC $C09157                     A:0000 X:0008 Y:0000 S:036C D:0000 DB:7E P:84 V:102 H:28 
C09157 $9E $89 $DD     STZ $DD89,X [7EDD91] = $8000    A:0000 X:0008 Y:0000 S:036C D:0000 DB:7E P:84 V:102 H:33 
C0915A $E8             INX                             A:0000 X:0008 Y:0000 S:036C D:0000 DB:7E P:84 V:102 H:43 
C0915B $E8             INX                             A:0000 X:0009 Y:0000 S:036C D:0000 DB:7E P:04 V:102 H:46 
C0915C $E0 $00 $04     CPX #$0400                      A:0000 X:000A Y:0000 S:036C D:0000 DB:7E P:04 V:102 H:49 
C0915F $90 $F6         BCC $C09157                     A:0000 X:000A Y:0000 S:036C D:0000 DB:7E P:84 V:102 H:53 
C09157 $9E $89 $DD     STZ $DD89,X [7EDD93] = $8000    A:0000 X:000A Y:0000 S:036C D:0000 DB:7E P:84 V:102 H:58 
C0915A $E8             INX                             A:0000 X:000A Y:0000 S:036C D:0000 DB:7E P:84 V:102 H:68 
C0915B $E8             INX                             A:0000 X:000B Y:0000 S:036C D:0000 DB:7E P:04 V:102 H:71 
C0915C $E0 $00 $04     CPX #$0400                      A:0000 X:000C Y:0000 S:036C D:0000 DB:7E P:04 V:102 H:74 
C0915F $90 $F6         BCC $C09157                     A:0000 X:000C Y:0000 S:036C D:0000 DB:7E P:84 V:102 H:78 
C09157 $9E $89 $DD     STZ $DD89,X [7EDD95] = $8000    A:0000 X:000C Y:0000 S:036C D:0000 DB:7E P:84 V:102 H:83 
C0915A $E8             INX                             A:0000 X:000C Y:0000 S:036C D:0000 DB:7E P:84 V:102 H:93 
C0915B $E8             INX                             A:0000 X:000D Y:0000 S:036C D:0000 DB:7E P:04 V:102 H:96 
C0915C $E0 $00 $04     CPX #$0400                      A:0000 X:000E Y:0000 S:036C D:0000 DB:7E P:04 V:102 H:99 
C0915F $90 $F6         BCC $C09157                     A:0000 X:000E Y:0000 S:036C D:0000 DB:7E P:84 V:102 H:103
C09157 $9E $89 $DD     STZ $DD89,X [7EDD97] = $8000    A:0000 X:000E Y:0000 S:036C D:0000 DB:7E P:84 V:102 H:108
C0915A $E8             INX                             A:0000 X:000E Y:0000 S:036C D:0000 DB:7E P:84 V:102 H:118
C0915B $E8             INX                             A:0000 X:000F Y:0000 S:036C D:0000 DB:7E P:04 V:102 H:121
C0915C $E0 $00 $04     CPX #$0400                      A:0000 X:0010 Y:0000 S:036C D:0000 DB:7E P:04 V:102 H:124
C0915F $90 $F6         BCC $C09157                     A:0000 X:0010 Y:0000 S:036C D:0000 DB:7E P:84 V:102 H:128
C09157 $9E $89 $DD     STZ $DD89,X [7EDD99] = $8000    A:0000 X:0010 Y:0000 S:036C D:0000 DB:7E P:84 V:102 H:133
C0915A $E8             INX                             A:0000 X:0010 Y:0000 S:036C D:0000 DB:7E P:84 V:102 H:153
C0915B $E8             INX                             A:0000 X:0011 Y:0000 S:036C D:0000 DB:7E P:04 V:102 H:156
C0915C $E0 $00 $04     CPX #$0400                      A:0000 X:0012 Y:0000 S:036C D:0000 DB:7E P:04 V:102 H:159
C0915F $90 $F6         BCC $C09157                     A:0000 X:0012 Y:0000 S:036C D:0000 DB:7E P:84 V:102 H:163
C09157 $9E $89 $DD     STZ $DD89,X [7EDD9B] = $8000    A:0000 X:0012 Y:0000 S:036C D:0000 DB:7E P:84 V:102 H:168
C0915A $E8             INX                             A:0000 X:0012 Y:0000 S:036C D:0000 DB:7E P:84 V:102 H:178
C0915B $E8             INX                             A:0000 X:0013 Y:0000 S:036C D:0000 DB:7E P:04 V:102 H:181
C0915C $E0 $00 $04     CPX #$0400                      A:0000 X:0014 Y:0000 S:036C D:0000 DB:7E P:04 V:102 H:184
C0915F $90 $F6         BCC $C09157                     A:0000 X:0014 Y:0000 S:036C D:0000 DB:7E P:84 V:102 H:188
C09157 $9E $89 $DD     STZ $DD89,X [7EDD9D] = $8000    A:0000 X:0014 Y:0000 S:036C D:0000 DB:7E P:84 V:102 H:193
C0915A $E8             INX                             A:0000 X:0014 Y:0000 S:036C D:0000 DB:7E P:84 V:102 H:203
C0915B $E8             INX                             A:0000 X:0015 Y:0000 S:036C D:0000 DB:7E P:04 V:102 H:206
C0915C $E0 $00 $04     CPX #$0400                      A:0000 X:0016 Y:0000 S:036C D:0000 DB:7E P:04 V:102 H:209
C0915F $90 $F6         BCC $C09157                     A:0000 X:0016 Y:0000 S:036C D:0000 DB:7E P:84 V:102 H:213
C09157 $9E $89 $DD     STZ $DD89,X [7EDD9F] = $8000    A:0000 X:0016 Y:0000 S:036C D:0000 DB:7E P:84 V:102 H:218
C0915A $E8             INX                             A:0000 X:0016 Y:0000 S:036C D:0000 DB:7E P:84 V:102 H:228
C0915B $E8             INX                             A:0000 X:0017 Y:0000 S:036C D:0000 DB:7E P:04 V:102 H:231
C0915C $E0 $00 $04     CPX #$0400                      A:0000 X:0018 Y:0000 S:036C D:0000 DB:7E P:04 V:102 H:234
C0915F $90 $F6         BCC $C09157                     A:0000 X:0018 Y:0000 S:036C D:0000 DB:7E P:84 V:102 H:238
C09157 $9E $89 $DD     STZ $DD89,X [7EDDA1] = $8000    A:0000 X:0018 Y:0000 S:036C D:0000 DB:7E P:84 V:102 H:243
C0915A $E8             INX                             A:0000 X:0018 Y:0000 S:036C D:0000 DB:7E P:84 V:102 H:253
C0915B $E8             INX                             A:0000 X:0019 Y:0000 S:036C D:0000 DB:7E P:04 V:102 H:256
C0915C $E0 $00 $04     CPX #$0400                      A:0000 X:001A Y:0000 S:036C D:0000 DB:7E P:04 V:102 H:259
C0915F $90 $F6         BCC $C09157                     A:0000 X:001A Y:0000 S:036C D:0000 DB:7E P:84 V:102 H:263
C09157 $9E $89 $DD     STZ $DD89,X [7EDDA3] = $8000    A:0000 X:001A Y:0000 S:036C D:0000 DB:7E P:84 V:102 H:268
C0915A $E8             INX                             A:0000 X:001A Y:0000 S:036C D:0000 DB:7E P:84 V:102 H:293
C0915B $E8             INX                             A:0000 X:001B Y:0000 S:036C D:0000 DB:7E P:04 V:102 H:296
C0915C $E0 $00 $04     CPX #$0400                      A:0000 X:001C Y:0000 S:036C D:0000 DB:7E P:04 V:102 H:299
C0915F $90 $F6         BCC $C09157                     A:0000 X:001C Y:0000 S:036C D:0000 DB:7E P:84 V:102 H:303
C09157 $9E $89 $DD     STZ $DD89,X [7EDDA5] = $8000    A:0000 X:001C Y:0000 S:036C D:0000 DB:7E P:84 V:102 H:308
C0915A $E8             INX                             A:0000 X:001C Y:0000 S:036C D:0000 DB:7E P:84 V:102 H:318
C0915B $E8             INX                             A:0000 X:001D Y:0000 S:036C D:0000 DB:7E P:04 V:102 H:321
C0915C $E0 $00 $04     CPX #$0400                      A:0000 X:001E Y:0000 S:036C D:0000 DB:7E P:04 V:102 H:323
C0915F $90 $F6         BCC $C09157                     A:0000 X:001E Y:0000 S:036C D:0000 DB:7E P:84 V:102 H:327
C09157 $9E $89 $DD     STZ $DD89,X [7EDDA7] = $8000    A:0000 X:001E Y:0000 S:036C D:0000 DB:7E P:84 V:102 H:332
C0915A $E8             INX                             A:0000 X:001E Y:0000 S:036C D:0000 DB:7E P:84 V:103 H:2  
C0915B $E8             INX                             A:0000 X:001F Y:0000 S:036C D:0000 DB:7E P:04 V:103 H:5  
C0915C $E0 $00 $04     CPX #$0400                      A:0000 X:0020 Y:0000 S:036C D:0000 DB:7E P:04 V:103 H:8  
C0915F $90 $F6         BCC $C09157                     A:0000 X:0020 Y:0000 S:036C D:0000 DB:7E P:84 V:103 H:12 
C09157 $9E $89 $DD     STZ $DD89,X [7EDDA9] = $8000    A:0000 X:0020 Y:0000 S:036C D:0000 DB:7E P:84 V:103 H:17 
C0915A $E8             INX                             A:0000 X:0020 Y:0000 S:036C D:0000 DB:7E P:84 V:103 H:27 
C0915B $E8             INX                             A:0000 X:0021 Y:0000 S:036C D:0000 DB:7E P:04 V:103 H:30 
C0915C $E0 $00 $04     CPX #$0400                      A:0000 X:0022 Y:0000 S:036C D:0000 DB:7E P:04 V:103 H:33 
C0915F $90 $F6         BCC $C09157                     A:0000 X:0022 Y:0000 S:036C D:0000 DB:7E P:84 V:103 H:37 
C09157 $9E $89 $DD     STZ $DD89,X [7EDDAB] = $8000    A:0000 X:0022 Y:0000 S:036C D:0000 DB:7E P:84 V:103 H:42 
C0915A $E8             INX                             A:0000 X:0022 Y:0000 S:036C D:0000 DB:7E P:84 V:103 H:52 
C0915B $E8             INX                             A:0000 X:0023 Y:0000 S:036C D:0000 DB:7E P:04 V:103 H:55 
C0915C $E0 $00 $04     CPX #$0400                      A:0000 X:0024 Y:0000 S:036C D:0000 DB:7E P:04 V:103 H:58 
C0915F $90 $F6         BCC $C09157                     A:0000 X:0024 Y:0000 S:036C D:0000 DB:7E P:84 V:103 H:62 
C09157 $9E $89 $DD     STZ $DD89,X [7EDDAD] = $8000    A:0000 X:0024 Y:0000 S:036C D:0000 DB:7E P:84 V:103 H:67 
C0915A $E8             INX                             A:0000 X:0024 Y:0000 S:036C D:0000 DB:7E P:84 V:103 H:77 
C0915B $E8             INX                             A:0000 X:0025 Y:0000 S:036C D:0000 DB:7E P:04 V:103 H:80 
C0915C $E0 $00 $04     CPX #$0400                      A:0000 X:0026 Y:0000 S:036C D:0000 DB:7E P:04 V:103 H:83 
C0915F $90 $F6         BCC $C09157                     A:0000 X:0026 Y:0000 S:036C D:0000 DB:7E P:84 V:103 H:87 
C09157 $9E $89 $DD     STZ $DD89,X [7EDDAF] = $8000    A:0000 X:0026 Y:0000 S:036C D:0000 DB:7E P:84 V:103 H:92 
C0915A $E8             INX                             A:0000 X:0026 Y:0000 S:036C D:0000 DB:7E P:84 V:103 H:102
C0915B $E8             INX                             A:0000 X:0027 Y:0000 S:036C D:0000 DB:7E P:04 V:103 H:105
C0915C $E0 $00 $04     CPX #$0400                      A:0000 X:0028 Y:0000 S:036C D:0000 DB:7E P:04 V:103 H:108
C0915F $90 $F6         BCC $C09157                     A:0000 X:0028 Y:0000 S:036C D:0000 DB:7E P:84 V:103 H:112
C09157 $9E $89 $DD     STZ $DD89,X [7EDDB1] = $8000    A:0000 X:0028 Y:0000 S:036C D:0000 DB:7E P:84 V:103 H:117
C0915A $E8             INX                             A:0000 X:0028 Y:0000 S:036C D:0000 DB:7E P:84 V:103 H:127
C0915B $E8             INX                             A:0000 X:0029 Y:0000 S:036C D:0000 DB:7E P:04 V:103 H:130
C0915C $E0 $00 $04     CPX #$0400                      A:0000 X:002A Y:0000 S:036C D:0000 DB:7E P:04 V:103 H:133
C0915F $90 $F6         BCC $C09157                     A:0000 X:002A Y:0000 S:036C D:0000 DB:7E P:84 V:103 H:147
C09157 $9E $89 $DD     STZ $DD89,X [7EDDB3] = $8000    A:0000 X:002A Y:0000 S:036C D:0000 DB:7E P:84 V:103 H:152
C0915A $E8             INX                             A:0000 X:002A Y:0000 S:036C D:0000 DB:7E P:84 V:103 H:162
C0915B $E8             INX                             A:0000 X:002B Y:0000 S:036C D:0000 DB:7E P:04 V:103 H:165
C0915C $E0 $00 $04     CPX #$0400                      A:0000 X:002C Y:0000 S:036C D:0000 DB:7E P:04 V:103 H:168
C0915F $90 $F6         BCC $C09157                     A:0000 X:002C Y:0000 S:036C D:0000 DB:7E P:84 V:103 H:172
C09157 $9E $89 $DD     STZ $DD89,X [7EDDB5] = $8000    A:0000 X:002C Y:0000 S:036C D:0000 DB:7E P:84 V:103 H:177
C0915A $E8             INX                             A:0000 X:002C Y:0000 S:036C D:0000 DB:7E P:84 V:103 H:187
C0915B $E8             INX                             A:0000 X:002D Y:0000 S:036C D:0000 DB:7E P:04 V:103 H:190
C0915C $E0 $00 $04     CPX #$0400                      A:0000 X:002E Y:0000 S:036C D:0000 DB:7E P:04 V:103 H:193
C0915F $90 $F6         BCC $C09157                     A:0000 X:002E Y:0000 S:036C D:0000 DB:7E P:84 V:103 H:197
C09157 $9E $89 $DD     STZ $DD89,X [7EDDB7] = $8000    A:0000 X:002E Y:0000 S:036C D:0000 DB:7E P:84 V:103 H:202
C0915A $E8             INX                             A:0000 X:002E Y:0000 S:036C D:0000 DB:7E P:84 V:103 H:212
C0915B $E8             INX                             A:0000 X:002F Y:0000 S:036C D:0000 DB:7E P:04 V:103 H:215
C0915C $E0 $00 $04     CPX #$0400                      A:0000 X:0030 Y:0000 S:036C D:0000 DB:7E P:04 V:103 H:218
C0915F $90 $F6         BCC $C09157                     A:0000 X:0030 Y:0000 S:036C D:0000 DB:7E P:84 V:103 H:222
C09157 $9E $89 $DD     STZ $DD89,X [7EDDB9] = $8000    A:0000 X:0030 Y:0000 S:036C D:0000 DB:7E P:84 V:103 H:227
C0915A $E8             INX                             A:0000 X:0030 Y:0000 S:036C D:0000 DB:7E P:84 V:103 H:237
C0915B $E8             INX                             A:0000 X:0031 Y:0000 S:036C D:0000 DB:7E P:04 V:103 H:240
C0915C $E0 $00 $04     CPX #$0400                      A:0000 X:0032 Y:0000 S:036C D:0000 DB:7E P:04 V:103 H:243
C0915F $90 $F6         BCC $C09157                     A:0000 X:0032 Y:0000 S:036C D:0000 DB:7E P:84 V:103 H:247
C09157 $9E $89 $DD     STZ $DD89,X [7EDDBB] = $8000    A:0000 X:0032 Y:0000 S:036C D:0000 DB:7E P:84 V:103 H:252
C0915A $E8             INX                             A:0000 X:0032 Y:0000 S:036C D:0000 DB:7E P:84 V:103 H:262
C0915B $E8             INX                             A:0000 X:0033 Y:0000 S:036C D:0000 DB:7E P:04 V:103 H:265
C0915C $E0 $00 $04     CPX #$0400                      A:0000 X:0034 Y:0000 S:036C D:0000 DB:7E P:04 V:103 H:268
C0915F $90 $F6         BCC $C09157                     A:0000 X:0034 Y:0000 S:036C D:0000 DB:7E P:84 V:103 H:272
C09157 $9E $89 $DD     STZ $DD89,X [7EDDBD] = $8000    A:0000 X:0034 Y:0000 S:036C D:0000 DB:7E P:84 V:103 H:316
C0915A $E8             INX                             A:0000 X:0034 Y:0000 S:036C D:0000 DB:7E P:84 V:103 H:325
C0915B $E8             INX                             A:0000 X:0035 Y:0000 S:036C D:0000 DB:7E P:04 V:103 H:328
C0915C $E0 $00 $04     CPX #$0400                      A:0000 X:0036 Y:0000 S:036C D:0000 DB:7E P:04 V:103 H:331
C0915F $90 $F6         BCC $C09157                     A:0000 X:0036 Y:0000 S:036C D:0000 DB:7E P:84 V:103 H:335
C09157 $9E $89 $DD     STZ $DD89,X [7EDDBF] = $8000    A:0000 X:0036 Y:0000 S:036C D:0000 DB:7E P:84 V:104 H:0  
C0915A $E8             INX                             A:0000 X:0036 Y:0000 S:036C D:0000 DB:7E P:84 V:104 H:10 
C0915B $E8             INX                             A:0000 X:0037 Y:0000 S:036C D:0000 DB:7E P:04 V:104 H:13 
C0915C $E0 $00 $04     CPX #$0400                      A:0000 X:0038 Y:0000 S:036C D:0000 DB:7E P:04 V:104 H:16 
C0915F $90 $F6         BCC $C09157                     A:0000 X:0038 Y:0000 S:036C D:0000 DB:7E P:84 V:104 H:20 
C09157 $9E $89 $DD     STZ $DD89,X [7EDDC1] = $8000    A:0000 X:0038 Y:0000 S:036C D:0000 DB:7E P:84 V:104 H:25 
C0915A $E8             INX                             A:0000 X:0038 Y:0000 S:036C D:0000 DB:7E P:84 V:104 H:35 
C0915B $E8             INX                             A:0000 X:0039 Y:0000 S:036C D:0000 DB:7E P:04 V:104 H:38 
C0915C $E0 $00 $04     CPX #$0400                      A:0000 X:003A Y:0000 S:036C D:0000 DB:7E P:04 V:104 H:41 
C0915F $90 $F6         BCC $C09157                     A:0000 X:003A Y:0000 S:036C D:0000 DB:7E P:84 V:104 H:45 
C09157 $9E $89 $DD     STZ $DD89,X [7EDDC3] = $8000    A:0000 X:003A Y:0000 S:036C D:0000 DB:7E P:84 V:104 H:50 
C0915A $E8             INX                             A:0000 X:003A Y:0000 S:036C D:0000 DB:7E P:84 V:104 H:60 
C0915B $E8             INX                             A:0000 X:003B Y:0000 S:036C D:0000 DB:7E P:04 V:104 H:63 
C0915C $E0 $00 $04     CPX #$0400                      A:0000 X:003C Y:0000 S:036C D:0000 DB:7E P:04 V:104 H:66 
C0915F $90 $F6         BCC $C09157                     A:0000 X:003C Y:0000 S:036C D:0000 DB:7E P:84 V:104 H:70 
C09157 $9E $89 $DD     STZ $DD89,X [7EDDC5] = $8000    A:0000 X:003C Y:0000 S:036C D:0000 DB:7E P:84 V:104 H:75 
C0915A $E8             INX                             A:0000 X:003C Y:0000 S:036C D:0000 DB:7E P:84 V:104 H:85 
C0915B $E8             INX                             A:0000 X:003D Y:0000 S:036C D:0000 DB:7E P:04 V:104 H:88 
C0915C $E0 $00 $04     CPX #$0400                      A:0000 X:003E Y:0000 S:036C D:0000 DB:7E P:04 V:104 H:91 
C0915F $90 $F6         BCC $C09157                     A:0000 X:003E Y:0000 S:036C D:0000 DB:7E P:84 V:104 H:95 
C09157 $9E $89 $DD     STZ $DD89,X [7EDDC7] = $8000    A:0000 X:003E Y:0000 S:036C D:0000 DB:7E P:84 V:104 H:100
C0915A $E8             INX                             A:0000 X:003E Y:0000 S:036C D:0000 DB:7E P:84 V:104 H:110
C0915B $E8             INX                             A:0000 X:003F Y:0000 S:036C D:0000 DB:7E P:04 V:104 H:113
C0915C $E0 $00 $04     CPX #$0400                      A:0000 X:0040 Y:0000 S:036C D:0000 DB:7E P:04 V:104 H:116
C0915F $90 $F6         BCC $C09157                     A:0000 X:0040 Y:0000 S:036C D:0000 DB:7E P:84 V:104 H:120
C09157 $9E $89 $DD     STZ $DD89,X [7EDDC9] = $8000    A:0000 X:0040 Y:0000 S:036C D:0000 DB:7E P:84 V:104 H:125
C0915A $E8             INX                             A:0000 X:0040 Y:0000 S:036C D:0000 DB:7E P:84 V:104 H:145
C0915B $E8             INX                             A:0000 X:0041 Y:0000 S:036C D:0000 DB:7E P:04 V:104 H:148
C0915C $E0 $00 $04     CPX #$0400                      A:0000 X:0042 Y:0000 S:036C D:0000 DB:7E P:04 V:104 H:151
C0915F $90 $F6         BCC $C09157                     A:0000 X:0042 Y:0000 S:036C D:0000 DB:7E P:84 V:104 H:155
C09157 $9E $89 $DD     STZ $DD89,X [7EDDCB] = $8000    A:0000 X:0042 Y:0000 S:036C D:0000 DB:7E P:84 V:104 H:160
C0915A $E8             INX                             A:0000 X:0042 Y:0000 S:036C D:0000 DB:7E P:84 V:104 H:170
C0915B $E8             INX                             A:0000 X:0043 Y:0000 S:036C D:0000 DB:7E P:04 V:104 H:173
C0915C $E0 $00 $04     CPX #$0400                      A:0000 X:0044 Y:0000 S:036C D:0000 DB:7E P:04 V:104 H:176
C0915F $90 $F6         BCC $C09157                     A:0000 X:0044 Y:0000 S:036C D:0000 DB:7E P:84 V:104 H:180
C09157 $9E $89 $DD     STZ $DD89,X [7EDDCD] = $8000    A:0000 X:0044 Y:0000 S:036C D:0000 DB:7E P:84 V:104 H:185
C0915A $E8             INX                             A:0000 X:0044 Y:0000 S:036C D:0000 DB:7E P:84 V:104 H:195
C0915B $E8             INX                             A:0000 X:0045 Y:0000 S:036C D:0000 DB:7E P:04 V:104 H:198
C0915C $E0 $00 $04     CPX #$0400                      A:0000 X:0046 Y:0000 S:036C D:0000 DB:7E P:04 V:104 H:201
C0915F $90 $F6         BCC $C09157                     A:0000 X:0046 Y:0000 S:036C D:0000 DB:7E P:84 V:104 H:205
C09157 $9E $89 $DD     STZ $DD89,X [7EDDCF] = $8000    A:0000 X:0046 Y:0000 S:036C D:0000 DB:7E P:84 V:104 H:210
C0915A $E8             INX                             A:0000 X:0046 Y:0000 S:036C D:0000 DB:7E P:84 V:104 H:220
C0915B $E8             INX                             A:0000 X:0047 Y:0000 S:036C D:0000 DB:7E P:04 V:104 H:223
C0915C $E0 $00 $04     CPX #$0400                      A:0000 X:0048 Y:0000 S:036C D:0000 DB:7E P:04 V:104 H:226
C0915F $90 $F6         BCC $C09157                     A:0000 X:0048 Y:0000 S:036C D:0000 DB:7E P:84 V:104 H:230
C09157 $9E $89 $DD     STZ $DD89,X [7EDDD1] = $8000    A:0000 X:0048 Y:0000 S:036C D:0000 DB:7E P:84 V:104 H:235
C0915A $E8             INX                             A:0000 X:0048 Y:0000 S:036C D:0000 DB:7E P:84 V:104 H:245
C0915B $E8             INX                             A:0000 X:0049 Y:0000 S:036C D:0000 DB:7E P:04 V:104 H:248
C0915C $E0 $00 $04     CPX #$0400                      A:0000 X:004A Y:0000 S:036C D:0000 DB:7E P:04 V:104 H:251
C0915F $90 $F6         BCC $C09157                     A:0000 X:004A Y:0000 S:036C D:0000 DB:7E P:84 V:104 H:255
C09157 $9E $89 $DD     STZ $DD89,X [7EDDD3] = $8000    A:0000 X:004A Y:0000 S:036C D:0000 DB:7E P:84 V:104 H:260
C0915A $E8             INX                             A:0000 X:004A Y:0000 S:036C D:0000 DB:7E P:84 V:104 H:270
C0915B $E8             INX                             A:0000 X:004B Y:0000 S:036C D:0000 DB:7E P:04 V:104 H:273
C0915C $E0 $00 $04     CPX #$0400                      A:0000 X:004C Y:0000 S:036C D:0000 DB:7E P:04 V:104 H:276
C0915F $90 $F6         BCC $C09157                     A:0000 X:004C Y:0000 S:036C D:0000 DB:7E P:84 V:104 H:322
C09157 $9E $89 $DD     STZ $DD89,X [7EDDD5] = $8000    A:0000 X:004C Y:0000 S:036C D:0000 DB:7E P:84 V:104 H:326
C0915A $E8             INX                             A:0000 X:004C Y:0000 S:036C D:0000 DB:7E P:84 V:104 H:336
C0915B $E8             INX                             A:0000 X:004D Y:0000 S:036C D:0000 DB:7E P:04 V:104 H:339
C0915C $E0 $00 $04     CPX #$0400                      A:0000 X:004E Y:0000 S:036C D:0000 DB:7E P:04 V:105 H:2  
C0915F $90 $F6         BCC $C09157                     A:0000 X:004E Y:0000 S:036C D:0000 DB:7E P:84 V:105 H:6  
C09157 $9E $89 $DD     STZ $DD89,X [7EDDD7] = $8000    A:0000 X:004E Y:0000 S:036C D:0000 DB:7E P:84 V:105 H:11 
C0915A $E8             INX                             A:0000 X:004E Y:0000 S:036C D:0000 DB:7E P:84 V:105 H:21 
C0915B $E8             INX                             A:0000 X:004F Y:0000 S:036C D:0000 DB:7E P:04 V:105 H:24 
C0915C $E0 $00 $04     CPX #$0400                      A:0000 X:0050 Y:0000 S:036C D:0000 DB:7E P:04 V:105 H:27 
C0915F $90 $F6         BCC $C09157                     A:0000 X:0050 Y:0000 S:036C D:0000 DB:7E P:84 V:105 H:31 
C09157 $9E $89 $DD     STZ $DD89,X [7EDDD9] = $8000    A:0000 X:0050 Y:0000 S:036C D:0000 DB:7E P:84 V:105 H:36 
C0915A $E8             INX                             A:0000 X:0050 Y:0000 S:036C D:0000 DB:7E P:84 V:105 H:46 
C0915B $E8             INX                             A:0000 X:0051 Y:0000 S:036C D:0000 DB:7E P:04 V:105 H:49 
C0915C $E0 $00 $04     CPX #$0400                      A:0000 X:0052 Y:0000 S:036C D:0000 DB:7E P:04 V:105 H:52 
C0915F $90 $F6         BCC $C09157                     A:0000 X:0052 Y:0000 S:036C D:0000 DB:7E P:84 V:105 H:56 
C09157 $9E $89 $DD     STZ $DD89,X [7EDDDB] = $8000    A:0000 X:0052 Y:0000 S:036C D:0000 DB:7E P:84 V:105 H:61 
C0915A $E8             INX                             A:0000 X:0052 Y:0000 S:036C D:0000 DB:7E P:84 V:105 H:71 
C0915B $E8             INX                             A:0000 X:0053 Y:0000 S:036C D:0000 DB:7E P:04 V:105 H:74 
C0915C $E0 $00 $04     CPX #$0400                      A:0000 X:0054 Y:0000 S:036C D:0000 DB:7E P:04 V:105 H:77 
C0915F $90 $F6         BCC $C09157                     A:0000 X:0054 Y:0000 S:036C D:0000 DB:7E P:84 V:105 H:81 
C09157 $9E $89 $DD     STZ $DD89,X [7EDDDD] = $8000    A:0000 X:0054 Y:0000 S:036C D:0000 DB:7E P:84 V:105 H:86 
C0915A $E8             INX                             A:0000 X:0054 Y:0000 S:036C D:0000 DB:7E P:84 V:105 H:96 
C0915B $E8             INX                             A:0000 X:0055 Y:0000 S:036C D:0000 DB:7E P:04 V:105 H:99 
C0915C $E0 $00 $04     CPX #$0400                      A:0000 X:0056 Y:0000 S:036C D:0000 DB:7E P:04 V:105 H:102
C0915F $90 $F6         BCC $C09157                     A:0000 X:0056 Y:0000 S:036C D:0000 DB:7E P:84 V:105 H:106
C09157 $9E $89 $DD     STZ $DD89,X [7EDDDF] = $8000    A:0000 X:0056 Y:0000 S:036C D:0000 DB:7E P:84 V:105 H:111
C0915A $E8             INX                             A:0000 X:0056 Y:0000 S:036C D:0000 DB:7E P:84 V:105 H:121
C0915B $E8             INX                             A:0000 X:0057 Y:0000 S:036C D:0000 DB:7E P:04 V:105 H:124
C0915C $E0 $00 $04     CPX #$0400                      A:0000 X:0058 Y:0000 S:036C D:0000 DB:7E P:04 V:105 H:127
C0915F $90 $F6         BCC $C09157                     A:0000 X:0058 Y:0000 S:036C D:0000 DB:7E P:84 V:105 H:131
C09157 $9E $89 $DD     STZ $DD89,X [7EDDE1] = $8000    A:0000 X:0058 Y:0000 S:036C D:0000 DB:7E P:84 V:105 H:146
C0915A $E8             INX                             A:0000 X:0058 Y:0000 S:036C D:0000 DB:7E P:84 V:105 H:156
C0915B $E8             INX                             A:0000 X:0059 Y:0000 S:036C D:0000 DB:7E P:04 V:105 H:159
C0915C $E0 $00 $04     CPX #$0400                      A:0000 X:005A Y:0000 S:036C D:0000 DB:7E P:04 V:105 H:162
C0915F $90 $F6         BCC $C09157                     A:0000 X:005A Y:0000 S:036C D:0000 DB:7E P:84 V:105 H:166
C09157 $9E $89 $DD     STZ $DD89,X [7EDDE3] = $8000    A:0000 X:005A Y:0000 S:036C D:0000 DB:7E P:84 V:105 H:171
C0915A $E8             INX                             A:0000 X:005A Y:0000 S:036C D:0000 DB:7E P:84 V:105 H:181
C0915B $E8             INX                             A:0000 X:005B Y:0000 S:036C D:0000 DB:7E P:04 V:105 H:184
C0915C $E0 $00 $04     CPX #$0400                      A:0000 X:005C Y:0000 S:036C D:0000 DB:7E P:04 V:105 H:187
C0915F $90 $F6         BCC $C09157                     A:0000 X:005C Y:0000 S:036C D:0000 DB:7E P:84 V:105 H:191
C09157 $9E $89 $DD     STZ $DD89,X [7EDDE5] = $8000    A:0000 X:005C Y:0000 S:036C D:0000 DB:7E P:84 V:105 H:196
C0915A $E8             INX                             A:0000 X:005C Y:0000 S:036C D:0000 DB:7E P:84 V:105 H:206
C0915B $E8             INX                             A:0000 X:005D Y:0000 S:036C D:0000 DB:7E P:04 V:105 H:209
C0915C $E0 $00 $04     CPX #$0400                      A:0000 X:005E Y:0000 S:036C D:0000 DB:7E P:04 V:105 H:212
C0915F $90 $F6         BCC $C09157                     A:0000 X:005E Y:0000 S:036C D:0000 DB:7E P:84 V:105 H:216
C09157 $9E $89 $DD     STZ $DD89,X [7EDDE7] = $8000    A:0000 X:005E Y:0000 S:036C D:0000 DB:7E P:84 V:105 H:221
C0915A $E8             INX                             A:0000 X:005E Y:0000 S:036C D:0000 DB:7E P:84 V:105 H:231
C0915B $E8             INX                             A:0000 X:005F Y:0000 S:036C D:0000 DB:7E P:04 V:105 H:234
C0915C $E0 $00 $04     CPX #$0400                      A:0000 X:0060 Y:0000 S:036C D:0000 DB:7E P:04 V:105 H:237
C0915F $90 $F6         BCC $C09157                     A:0000 X:0060 Y:0000 S:036C D:0000 DB:7E P:84 V:105 H:241
C09157 $9E $89 $DD     STZ $DD89,X [7EDDE9] = $8000    A:0000 X:0060 Y:0000 S:036C D:0000 DB:7E P:84 V:105 H:246
C0915A $E8             INX                             A:0000 X:0060 Y:0000 S:036C D:0000 DB:7E P:84 V:105 H:256
C0915B $E8             INX                             A:0000 X:0061 Y:0000 S:036C D:0000 DB:7E P:04 V:105 H:259
C0915C $E0 $00 $04     CPX #$0400                      A:0000 X:0062 Y:0000 S:036C D:0000 DB:7E P:04 V:105 H:262
C0915F $90 $F6         BCC $C09157                     A:0000 X:0062 Y:0000 S:036C D:0000 DB:7E P:84 V:105 H:266
C09157 $9E $89 $DD     STZ $DD89,X [7EDDEB] = $8000    A:0000 X:0062 Y:0000 S:036C D:0000 DB:7E P:84 V:105 H:271
C0915A $E8             INX                             A:0000 X:0062 Y:0000 S:036C D:0000 DB:7E P:84 V:105 H:297
C0915B $E8             INX                             A:0000 X:0063 Y:0000 S:036C D:0000 DB:7E P:04 V:105 H:300
C0915C $E0 $00 $04     CPX #$0400                      A:0000 X:0064 Y:0000 S:036C D:0000 DB:7E P:04 V:105 H:303
C0915F $90 $F6         BCC $C09157                     A:0000 X:0064 Y:0000 S:036C D:0000 DB:7E P:84 V:105 H:307
C09157 $9E $89 $DD     STZ $DD89,X [7EDDED] = $8000    A:0000 X:0064 Y:0000 S:036C D:0000 DB:7E P:84 V:105 H:312
C0915A $E8             INX                             A:0000 X:0064 Y:0000 S:036C D:0000 DB:7E P:84 V:105 H:322
C0915B $E8             INX                             A:0000 X:0065 Y:0000 S:036C D:0000 DB:7E P:04 V:105 H:324
C0915C $E0 $00 $04     CPX #$0400                      A:0000 X:0066 Y:0000 S:036C D:0000 DB:7E P:04 V:105 H:327
C0915F $90 $F6         BCC $C09157                     A:0000 X:0066 Y:0000 S:036C D:0000 DB:7E P:84 V:105 H:331
C09157 $9E $89 $DD     STZ $DD89,X [7EDDEF] = $8000    A:0000 X:0066 Y:0000 S:036C D:0000 DB:7E P:84 V:105 H:336
C0915A $E8             INX                             A:0000 X:0066 Y:0000 S:036C D:0000 DB:7E P:84 V:106 H:6  
C0915B $E8             INX                             A:0000 X:0067 Y:0000 S:036C D:0000 DB:7E P:04 V:106 H:9  
C0915C $E0 $00 $04     CPX #$0400                      A:0000 X:0068 Y:0000 S:036C D:0000 DB:7E P:04 V:106 H:12 
C0915F $90 $F6         BCC $C09157                     A:0000 X:0068 Y:0000 S:036C D:0000 DB:7E P:84 V:106 H:16 
C09157 $9E $89 $DD     STZ $DD89,X [7EDDF1] = $8000    A:0000 X:0068 Y:0000 S:036C D:0000 DB:7E P:84 V:106 H:21 
C0915A $E8             INX                             A:0000 X:0068 Y:0000 S:036C D:0000 DB:7E P:84 V:106 H:31 
C0915B $E8             INX                             A:0000 X:0069 Y:0000 S:036C D:0000 DB:7E P:04 V:106 H:34 
C0915C $E0 $00 $04     CPX #$0400                      A:0000 X:006A Y:0000 S:036C D:0000 DB:7E P:04 V:106 H:37 
C0915F $90 $F6         BCC $C09157                     A:0000 X:006A Y:0000 S:036C D:0000 DB:7E P:84 V:106 H:41 
C09157 $9E $89 $DD     STZ $DD89,X [7EDDF3] = $8000    A:0000 X:006A Y:0000 S:036C D:0000 DB:7E P:84 V:106 H:46 
C0915A $E8             INX                             A:0000 X:006A Y:0000 S:036C D:0000 DB:7E P:84 V:106 H:56 
C0915B $E8             INX                             A:0000 X:006B Y:0000 S:036C D:0000 DB:7E P:04 V:106 H:59 
C0915C $E0 $00 $04     CPX #$0400                      A:0000 X:006C Y:0000 S:036C D:0000 DB:7E P:04 V:106 H:62 
C0915F $90 $F6         BCC $C09157                     A:0000 X:006C Y:0000 S:036C D:0000 DB:7E P:84 V:106 H:66 
C09157 $9E $89 $DD     STZ $DD89,X [7EDDF5] = $8000    A:0000 X:006C Y:0000 S:036C D:0000 DB:7E P:84 V:106 H:71 
C0915A $E8             INX                             A:0000 X:006C Y:0000 S:036C D:0000 DB:7E P:84 V:106 H:81 
C0915B $E8             INX                             A:0000 X:006D Y:0000 S:036C D:0000 DB:7E P:04 V:106 H:84 
C0915C $E0 $00 $04     CPX #$0400                      A:0000 X:006E Y:0000 S:036C D:0000 DB:7E P:04 V:106 H:87 
C0915F $90 $F6         BCC $C09157                     A:0000 X:006E Y:0000 S:036C D:0000 DB:7E P:84 V:106 H:91 
C09157 $9E $89 $DD     STZ $DD89,X [7EDDF7] = $8000    A:0000 X:006E Y:0000 S:036C D:0000 DB:7E P:84 V:106 H:96 
C0915A $E8             INX                             A:0000 X:006E Y:0000 S:036C D:0000 DB:7E P:84 V:106 H:106
C0915B $E8             INX                             A:0000 X:006F Y:0000 S:036C D:0000 DB:7E P:04 V:106 H:109
C0915C $E0 $00 $04     CPX #$0400                      A:0000 X:0070 Y:0000 S:036C D:0000 DB:7E P:04 V:106 H:112
C0915F $90 $F6         BCC $C09157                     A:0000 X:0070 Y:0000 S:036C D:0000 DB:7E P:84 V:106 H:116
C09157 $9E $89 $DD     STZ $DD89,X [7EDDF9] = $8000    A:0000 X:0070 Y:0000 S:036C D:0000 DB:7E P:84 V:106 H:121
C0915A $E8             INX                             A:0000 X:0070 Y:0000 S:036C D:0000 DB:7E P:84 V:106 H:131
C0915B $E8             INX                             A:0000 X:0071 Y:0000 S:036C D:0000 DB:7E P:04 V:106 H:134
C0915C $E0 $00 $04     CPX #$0400                      A:0000 X:0072 Y:0000 S:036C D:0000 DB:7E P:04 V:106 H:147
C0915F $90 $F6         BCC $C09157                     A:0000 X:0072 Y:0000 S:036C D:0000 DB:7E P:84 V:106 H:151
C09157 $9E $89 $DD     STZ $DD89,X [7EDDFB] = $8000    A:0000 X:0072 Y:0000 S:036C D:0000 DB:7E P:84 V:106 H:156
C0915A $E8             INX                             A:0000 X:0072 Y:0000 S:036C D:0000 DB:7E P:84 V:106 H:166
C0915B $E8             INX                             A:0000 X:0073 Y:0000 S:036C D:0000 DB:7E P:04 V:106 H:169
C0915C $E0 $00 $04     CPX #$0400                      A:0000 X:0074 Y:0000 S:036C D:0000 DB:7E P:04 V:106 H:172
C0915F $90 $F6         BCC $C09157                     A:0000 X:0074 Y:0000 S:036C D:0000 DB:7E P:84 V:106 H:176
C09157 $9E $89 $DD     STZ $DD89,X [7EDDFD] = $8000    A:0000 X:0074 Y:0000 S:036C D:0000 DB:7E P:84 V:106 H:181
C0915A $E8             INX                             A:0000 X:0074 Y:0000 S:036C D:0000 DB:7E P:84 V:106 H:191
C0915B $E8             INX                             A:0000 X:0075 Y:0000 S:036C D:0000 DB:7E P:04 V:106 H:194
C0915C $E0 $00 $04     CPX #$0400                      A:0000 X:0076 Y:0000 S:036C D:0000 DB:7E P:04 V:106 H:197
C0915F $90 $F6         BCC $C09157                     A:0000 X:0076 Y:0000 S:036C D:0000 DB:7E P:84 V:106 H:201
C09157 $9E $89 $DD     STZ $DD89,X [7EDDFF] = $8000    A:0000 X:0076 Y:0000 S:036C D:0000 DB:7E P:84 V:106 H:206
C0915A $E8             INX                             A:0000 X:0076 Y:0000 S:036C D:0000 DB:7E P:84 V:106 H:216
C0915B $E8             INX                             A:0000 X:0077 Y:0000 S:036C D:0000 DB:7E P:04 V:106 H:219
C0915C $E0 $00 $04     CPX #$0400                      A:0000 X:0078 Y:0000 S:036C D:0000 DB:7E P:04 V:106 H:222
C0915F $90 $F6         BCC $C09157                     A:0000 X:0078 Y:0000 S:036C D:0000 DB:7E P:84 V:106 H:226
C09157 $9E $89 $DD     STZ $DD89,X [7EDE01] = $8000    A:0000 X:0078 Y:0000 S:036C D:0000 DB:7E P:84 V:106 H:231
C0915A $E8             INX                             A:0000 X:0078 Y:0000 S:036C D:0000 DB:7E P:84 V:106 H:241
C0915B $E8             INX                             A:0000 X:0079 Y:0000 S:036C D:0000 DB:7E P:04 V:106 H:244
C0915C $E0 $00 $04     CPX #$0400                      A:0000 X:007A Y:0000 S:036C D:0000 DB:7E P:04 V:106 H:247
C0915F $90 $F6         BCC $C09157                     A:0000 X:007A Y:0000 S:036C D:0000 DB:7E P:84 V:106 H:251
C09157 $9E $89 $DD     STZ $DD89,X [7EDE03] = $8000    A:0000 X:007A Y:0000 S:036C D:0000 DB:7E P:84 V:106 H:256
C0915A $E8             INX                             A:0000 X:007A Y:0000 S:036C D:0000 DB:7E P:84 V:106 H:266
C0915B $E8             INX                             A:0000 X:007B Y:0000 S:036C D:0000 DB:7E P:04 V:106 H:269
C0915C $E0 $00 $04     CPX #$0400                      A:0000 X:007C Y:0000 S:036C D:0000 DB:7E P:04 V:106 H:272
C0915F $90 $F6         BCC $C09157                     A:0000 X:007C Y:0000 S:036C D:0000 DB:7E P:84 V:106 H:293
C09157 $9E $89 $DD     STZ $DD89,X [7EDE05] = $8000    A:0000 X:007C Y:0000 S:036C D:0000 DB:7E P:84 V:106 H:297
C0915A $E8             INX                             A:0000 X:007C Y:0000 S:036C D:0000 DB:7E P:84 V:106 H:307
C0915B $E8             INX                             A:0000 X:007D Y:0000 S:036C D:0000 DB:7E P:04 V:106 H:310
C0915C $E0 $00 $04     CPX #$0400                      A:0000 X:007E Y:0000 S:036C D:0000 DB:7E P:04 V:106 H:313
C0915F $90 $F6         BCC $C09157                     A:0000 X:007E Y:0000 S:036C D:0000 DB:7E P:84 V:106 H:318
C09157 $9E $89 $DD     STZ $DD89,X [7EDE07] = $8000    A:0000 X:007E Y:0000 S:036C D:0000 DB:7E P:84 V:106 H:322
C0915A $E8             INX                             A:0000 X:007E Y:0000 S:036C D:0000 DB:7E P:84 V:106 H:331
C0915B $E8             INX                             A:0000 X:007F Y:0000 S:036C D:0000 DB:7E P:04 V:106 H:334
C0915C $E0 $00 $04     CPX #$0400                      A:0000 X:0080 Y:0000 S:036C D:0000 DB:7E P:04 V:106 H:337
C0915F $90 $F6         BCC $C09157                     A:0000 X:0080 Y:0000 S:036C D:0000 DB:7E P:84 V:107 H:2  
C09157 $9E $89 $DD     STZ $DD89,X [7EDE09] = $8000    A:0000 X:0080 Y:0000 S:036C D:0000 DB:7E P:84 V:107 H:6  
C0915A $E8             INX                             A:0000 X:0080 Y:0000 S:036C D:0000 DB:7E P:84 V:107 H:16 
C0915B $E8             INX                             A:0000 X:0081 Y:0000 S:036C D:0000 DB:7E P:04 V:107 H:19 
C0915C $E0 $00 $04     CPX #$0400                      A:0000 X:0082 Y:0000 S:036C D:0000 DB:7E P:04 V:107 H:22 
C0915F $90 $F6         BCC $C09157                     A:0000 X:0082 Y:0000 S:036C D:0000 DB:7E P:84 V:107 H:27 
C09157 $9E $89 $DD     STZ $DD89,X [7EDE0B] = $8000    A:0000 X:0082 Y:0000 S:036C D:0000 DB:7E P:84 V:107 H:31 
C0915A $E8             INX                             A:0000 X:0082 Y:0000 S:036C D:0000 DB:7E P:84 V:107 H:41 
C0915B $E8             INX                             A:0000 X:0083 Y:0000 S:036C D:0000 DB:7E P:04 V:107 H:44 
C0915C $E0 $00 $04     CPX #$0400                      A:0000 X:0084 Y:0000 S:036C D:0000 DB:7E P:04 V:107 H:47 
C0915F $90 $F6         BCC $C09157                     A:0000 X:0084 Y:0000 S:036C D:0000 DB:7E P:84 V:107 H:52 
C09157 $9E $89 $DD     STZ $DD89,X [7EDE0D] = $8000    A:0000 X:0084 Y:0000 S:036C D:0000 DB:7E P:84 V:107 H:56 
C0915A $E8             INX                             A:0000 X:0084 Y:0000 S:036C D:0000 DB:7E P:84 V:107 H:66 
C0915B $E8             INX                             A:0000 X:0085 Y:0000 S:036C D:0000 DB:7E P:04 V:107 H:69 
C0915C $E0 $00 $04     CPX #$0400                      A:0000 X:0086 Y:0000 S:036C D:0000 DB:7E P:04 V:107 H:72 
C0915F $90 $F6         BCC $C09157                     A:0000 X:0086 Y:0000 S:036C D:0000 DB:7E P:84 V:107 H:77 
C09157 $9E $89 $DD     STZ $DD89,X [7EDE0F] = $8000    A:0000 X:0086 Y:0000 S:036C D:0000 DB:7E P:84 V:107 H:81 
C0915A $E8             INX                             A:0000 X:0086 Y:0000 S:036C D:0000 DB:7E P:84 V:107 H:91 
C0915B $E8             INX                             A:0000 X:0087 Y:0000 S:036C D:0000 DB:7E P:04 V:107 H:94 
C0915C $E0 $00 $04     CPX #$0400                      A:0000 X:0088 Y:0000 S:036C D:0000 DB:7E P:04 V:107 H:97 
C0915F $90 $F6         BCC $C09157                     A:0000 X:0088 Y:0000 S:036C D:0000 DB:7E P:84 V:107 H:102
C09157 $9E $89 $DD     STZ $DD89,X [7EDE11] = $8000    A:0000 X:0088 Y:0000 S:036C D:0000 DB:7E P:84 V:107 H:106
C0915A $E8             INX                             A:0000 X:0088 Y:0000 S:036C D:0000 DB:7E P:84 V:107 H:116
C0915B $E8             INX                             A:0000 X:0089 Y:0000 S:036C D:0000 DB:7E P:04 V:107 H:119
C0915C $E0 $00 $04     CPX #$0400                      A:0000 X:008A Y:0000 S:036C D:0000 DB:7E P:04 V:107 H:122
C0915F $90 $F6         BCC $C09157                     A:0000 X:008A Y:0000 S:036C D:0000 DB:7E P:84 V:107 H:127
C09157 $9E $89 $DD     STZ $DD89,X [7EDE13] = $8000    A:0000 X:008A Y:0000 S:036C D:0000 DB:7E P:84 V:107 H:131
C0915A $E8             INX                             A:0000 X:008A Y:0000 S:036C D:0000 DB:7E P:84 V:107 H:151
C0915B $E8             INX                             A:0000 X:008B Y:0000 S:036C D:0000 DB:7E P:04 V:107 H:154
C0915C $E0 $00 $04     CPX #$0400                      A:0000 X:008C Y:0000 S:036C D:0000 DB:7E P:04 V:107 H:157
C0915F $90 $F6         BCC $C09157                     A:0000 X:008C Y:0000 S:036C D:0000 DB:7E P:84 V:107 H:162
C09157 $9E $89 $DD     STZ $DD89,X [7EDE15] = $8000    A:0000 X:008C Y:0000 S:036C D:0000 DB:7E P:84 V:107 H:166
C0915A $E8             INX                             A:0000 X:008C Y:0000 S:036C D:0000 DB:7E P:84 V:107 H:176
C0915B $E8             INX                             A:0000 X:008D Y:0000 S:036C D:0000 DB:7E P:04 V:107 H:179
C0915C $E0 $00 $04     CPX #$0400                      A:0000 X:008E Y:0000 S:036C D:0000 DB:7E P:04 V:107 H:182
C0915F $90 $F6         BCC $C09157                     A:0000 X:008E Y:0000 S:036C D:0000 DB:7E P:84 V:107 H:187
C09157 $9E $89 $DD     STZ $DD89,X [7EDE17] = $8000    A:0000 X:008E Y:0000 S:036C D:0000 DB:7E P:84 V:107 H:191
C0915A $E8             INX                             A:0000 X:008E Y:0000 S:036C D:0000 DB:7E P:84 V:107 H:201
C0915B $E8             INX                             A:0000 X:008F Y:0000 S:036C D:0000 DB:7E P:04 V:107 H:204
C0915C $E0 $00 $04     CPX #$0400                      A:0000 X:0090 Y:0000 S:036C D:0000 DB:7E P:04 V:107 H:207
C0915F $90 $F6         BCC $C09157                     A:0000 X:0090 Y:0000 S:036C D:0000 DB:7E P:84 V:107 H:212
C09157 $9E $89 $DD     STZ $DD89,X [7EDE19] = $8000    A:0000 X:0090 Y:0000 S:036C D:0000 DB:7E P:84 V:107 H:216
C0915A $E8             INX                             A:0000 X:0090 Y:0000 S:036C D:0000 DB:7E P:84 V:107 H:226
C0915B $E8             INX                             A:0000 X:0091 Y:0000 S:036C D:0000 DB:7E P:04 V:107 H:229
C0915C $E0 $00 $04     CPX #$0400                      A:0000 X:0092 Y:0000 S:036C D:0000 DB:7E P:04 V:107 H:232
C0915F $90 $F6         BCC $C09157                     A:0000 X:0092 Y:0000 S:036C D:0000 DB:7E P:84 V:107 H:237
C09157 $9E $89 $DD     STZ $DD89,X [7EDE1B] = $8000    A:0000 X:0092 Y:0000 S:036C D:0000 DB:7E P:84 V:107 H:241
C0915A $E8             INX                             A:0000 X:0092 Y:0000 S:036C D:0000 DB:7E P:84 V:107 H:251
C0915B $E8             INX                             A:0000 X:0093 Y:0000 S:036C D:0000 DB:7E P:04 V:107 H:254
C0915C $E0 $00 $04     CPX #$0400                      A:0000 X:0094 Y:0000 S:036C D:0000 DB:7E P:04 V:107 H:257
C0915F $90 $F6         BCC $C09157                     A:0000 X:0094 Y:0000 S:036C D:0000 DB:7E P:84 V:107 H:262
C09157 $9E $89 $DD     STZ $DD89,X [7EDE1D] = $8000    A:0000 X:0094 Y:0000 S:036C D:0000 DB:7E P:84 V:107 H:266
C0915A $E8             INX                             A:0000 X:0094 Y:0000 S:036C D:0000 DB:7E P:84 V:107 H:293
C0915B $E8             INX                             A:0000 X:0095 Y:0000 S:036C D:0000 DB:7E P:04 V:107 H:296
C0915C $E0 $00 $04     CPX #$0400                      A:0000 X:0096 Y:0000 S:036C D:0000 DB:7E P:04 V:107 H:299
C0915F $90 $F6         BCC $C09157                     A:0000 X:0096 Y:0000 S:036C D:0000 DB:7E P:84 V:107 H:303
C09157 $9E $89 $DD     STZ $DD89,X [7EDE1F] = $8000    A:0000 X:0096 Y:0000 S:036C D:0000 DB:7E P:84 V:107 H:308
C0915A $E8             INX                             A:0000 X:0096 Y:0000 S:036C D:0000 DB:7E P:84 V:107 H:318
C0915B $E8             INX                             A:0000 X:0097 Y:0000 S:036C D:0000 DB:7E P:04 V:107 H:321
C0915C $E0 $00 $04     CPX #$0400                      A:0000 X:0098 Y:0000 S:036C D:0000 DB:7E P:04 V:107 H:323
C0915F $90 $F6         BCC $C09157                     A:0000 X:0098 Y:0000 S:036C D:0000 DB:7E P:84 V:107 H:327
C09157 $9E $89 $DD     STZ $DD89,X [7EDE21] = $8000    A:0000 X:0098 Y:0000 S:036C D:0000 DB:7E P:84 V:107 H:332
C0915A $E8             INX                             A:0000 X:0098 Y:0000 S:036C D:0000 DB:7E P:84 V:108 H:2  
C0915B $E8             INX                             A:0000 X:0099 Y:0000 S:036C D:0000 DB:7E P:04 V:108 H:5  
C0915C $E0 $00 $04     CPX #$0400                      A:0000 X:009A Y:0000 S:036C D:0000 DB:7E P:04 V:108 H:8  
C0915F $90 $F6         BCC $C09157                     A:0000 X:009A Y:0000 S:036C D:0000 DB:7E P:84 V:108 H:12 
C09157 $9E $89 $DD     STZ $DD89,X [7EDE23] = $8000    A:0000 X:009A Y:0000 S:036C D:0000 DB:7E P:84 V:108 H:17 
C0915A $E8             INX                             A:0000 X:009A Y:0000 S:036C D:0000 DB:7E P:84 V:108 H:27 
C0915B $E8             INX                             A:0000 X:009B Y:0000 S:036C D:0000 DB:7E P:04 V:108 H:30 
C0915C $E0 $00 $04     CPX #$0400                      A:0000 X:009C Y:0000 S:036C D:0000 DB:7E P:04 V:108 H:33 
C0915F $90 $F6         BCC $C09157                     A:0000 X:009C Y:0000 S:036C D:0000 DB:7E P:84 V:108 H:37 
C09157 $9E $89 $DD     STZ $DD89,X [7EDE25] = $8000    A:0000 X:009C Y:0000 S:036C D:0000 DB:7E P:84 V:108 H:42 
C0915A $E8             INX                             A:0000 X:009C Y:0000 S:036C D:0000 DB:7E P:84 V:108 H:52 
C0915B $E8             INX                             A:0000 X:009D Y:0000 S:036C D:0000 DB:7E P:04 V:108 H:55 
C0915C $E0 $00 $04     CPX #$0400                      A:0000 X:009E Y:0000 S:036C D:0000 DB:7E P:04 V:108 H:58 
C0915F $90 $F6         BCC $C09157                     A:0000 X:009E Y:0000 S:036C D:0000 DB:7E P:84 V:108 H:62 
C09157 $9E $89 $DD     STZ $DD89,X [7EDE27] = $8000    A:0000 X:009E Y:0000 S:036C D:0000 DB:7E P:84 V:108 H:67 
C0915A $E8             INX                             A:0000 X:009E Y:0000 S:036C D:0000 DB:7E P:84 V:108 H:77 
C0915B $E8             INX                             A:0000 X:009F Y:0000 S:036C D:0000 DB:7E P:04 V:108 H:80 
C0915C $E0 $00 $04     CPX #$0400                      A:0000 X:00A0 Y:0000 S:036C D:0000 DB:7E P:04 V:108 H:83 
C0915F $90 $F6         BCC $C09157                     A:0000 X:00A0 Y:0000 S:036C D:0000 DB:7E P:84 V:108 H:87 
C09157 $9E $89 $DD     STZ $DD89,X [7EDE29] = $8000    A:0000 X:00A0 Y:0000 S:036C D:0000 DB:7E P:84 V:108 H:92 
C0915A $E8             INX                             A:0000 X:00A0 Y:0000 S:036C D:0000 DB:7E P:84 V:108 H:102
C0915B $E8             INX                             A:0000 X:00A1 Y:0000 S:036C D:0000 DB:7E P:04 V:108 H:105
C0915C $E0 $00 $04     CPX #$0400                      A:0000 X:00A2 Y:0000 S:036C D:0000 DB:7E P:04 V:108 H:108
C0915F $90 $F6         BCC $C09157                     A:0000 X:00A2 Y:0000 S:036C D:0000 DB:7E P:84 V:108 H:112
C09157 $9E $89 $DD     STZ $DD89,X [7EDE2B] = $8000    A:0000 X:00A2 Y:0000 S:036C D:0000 DB:7E P:84 V:108 H:117
C0915A $E8             INX                             A:0000 X:00A2 Y:0000 S:036C D:0000 DB:7E P:84 V:108 H:127
C0915B $E8             INX                             A:0000 X:00A3 Y:0000 S:036C D:0000 DB:7E P:04 V:108 H:130
C0915C $E0 $00 $04     CPX #$0400                      A:0000 X:00A4 Y:0000 S:036C D:0000 DB:7E P:04 V:108 H:133
C0915F $90 $F6         BCC $C09157                     A:0000 X:00A4 Y:0000 S:036C D:0000 DB:7E P:84 V:108 H:147
C09157 $9E $89 $DD     STZ $DD89,X [7EDE2D] = $8000    A:0000 X:00A4 Y:0000 S:036C D:0000 DB:7E P:84 V:108 H:152
C0915A $E8             INX                             A:0000 X:00A4 Y:0000 S:036C D:0000 DB:7E P:84 V:108 H:162
C0915B $E8             INX                             A:0000 X:00A5 Y:0000 S:036C D:0000 DB:7E P:04 V:108 H:165
C0915C $E0 $00 $04     CPX #$0400                      A:0000 X:00A6 Y:0000 S:036C D:0000 DB:7E P:04 V:108 H:168
C0915F $90 $F6         BCC $C09157                     A:0000 X:00A6 Y:0000 S:036C D:0000 DB:7E P:84 V:108 H:172
C09157 $9E $89 $DD     STZ $DD89,X [7EDE2F] = $8000    A:0000 X:00A6 Y:0000 S:036C D:0000 DB:7E P:84 V:108 H:177
C0915A $E8             INX                             A:0000 X:00A6 Y:0000 S:036C D:0000 DB:7E P:84 V:108 H:187
C0915B $E8             INX                             A:0000 X:00A7 Y:0000 S:036C D:0000 DB:7E P:04 V:108 H:190
C0915C $E0 $00 $04     CPX #$0400                      A:0000 X:00A8 Y:0000 S:036C D:0000 DB:7E P:04 V:108 H:193
C0915F $90 $F6         BCC $C09157                     A:0000 X:00A8 Y:0000 S:036C D:0000 DB:7E P:84 V:108 H:197
C09157 $9E $89 $DD     STZ $DD89,X [7EDE31] = $8000    A:0000 X:00A8 Y:0000 S:036C D:0000 DB:7E P:84 V:108 H:202
C0915A $E8             INX                             A:0000 X:00A8 Y:0000 S:036C D:0000 DB:7E P:84 V:108 H:212
C0915B $E8             INX                             A:0000 X:00A9 Y:0000 S:036C D:0000 DB:7E P:04 V:108 H:215
C0915C $E0 $00 $04     CPX #$0400                      A:0000 X:00AA Y:0000 S:036C D:0000 DB:7E P:04 V:108 H:218
C0915F $90 $F6         BCC $C09157                     A:0000 X:00AA Y:0000 S:036C D:0000 DB:7E P:84 V:108 H:222
C09157 $9E $89 $DD     STZ $DD89,X [7EDE33] = $8000    A:0000 X:00AA Y:0000 S:036C D:0000 DB:7E P:84 V:108 H:227
C0915A $E8             INX                             A:0000 X:00AA Y:0000 S:036C D:0000 DB:7E P:84 V:108 H:237
C0915B $E8             INX                             A:0000 X:00AB Y:0000 S:036C D:0000 DB:7E P:04 V:108 H:240
C0915C $E0 $00 $04     CPX #$0400                      A:0000 X:00AC Y:0000 S:036C D:0000 DB:7E P:04 V:108 H:243
C0915F $90 $F6         BCC $C09157                     A:0000 X:00AC Y:0000 S:036C D:0000 DB:7E P:84 V:108 H:247
C09157 $9E $89 $DD     STZ $DD89,X [7EDE35] = $8000    A:0000 X:00AC Y:0000 S:036C D:0000 DB:7E P:84 V:108 H:252
C0915A $E8             INX                             A:0000 X:00AC Y:0000 S:036C D:0000 DB:7E P:84 V:108 H:262
C0915B $E8             INX                             A:0000 X:00AD Y:0000 S:036C D:0000 DB:7E P:04 V:108 H:265
C0915C $E0 $00 $04     CPX #$0400                      A:0000 X:00AE Y:0000 S:036C D:0000 DB:7E P:04 V:108 H:268
C0915F $90 $F6         BCC $C09157                     A:0000 X:00AE Y:0000 S:036C D:0000 DB:7E P:84 V:108 H:272
C09157 $9E $89 $DD     STZ $DD89,X [7EDE37] = $8000    A:0000 X:00AE Y:0000 S:036C D:0000 DB:7E P:84 V:108 H:293
C0915A $E8             INX                             A:0000 X:00AE Y:0000 S:036C D:0000 DB:7E P:84 V:108 H:303
C0915B $E8             INX                             A:0000 X:00AF Y:0000 S:036C D:0000 DB:7E P:04 V:108 H:306
C0915C $E0 $00 $04     CPX #$0400                      A:0000 X:00B0 Y:0000 S:036C D:0000 DB:7E P:04 V:108 H:309
C0915F $90 $F6         BCC $C09157                     A:0000 X:00B0 Y:0000 S:036C D:0000 DB:7E P:84 V:108 H:314
C09157 $9E $89 $DD     STZ $DD89,X [7EDE39] = $8000    A:0000 X:00B0 Y:0000 S:036C D:0000 DB:7E P:84 V:108 H:318
C0915A $E8             INX                             A:0000 X:00B0 Y:0000 S:036C D:0000 DB:7E P:84 V:108 H:327
C0915B $E8             INX                             A:0000 X:00B1 Y:0000 S:036C D:0000 DB:7E P:04 V:108 H:330
C0915C $E0 $00 $04     CPX #$0400                      A:0000 X:00B2 Y:0000 S:036C D:0000 DB:7E P:04 V:108 H:333
C0915F $90 $F6         BCC $C09157                     A:0000 X:00B2 Y:0000 S:036C D:0000 DB:7E P:84 V:108 H:338
C09157 $9E $89 $DD     STZ $DD89,X [7EDE3B] = $8000    A:0000 X:00B2 Y:0000 S:036C D:0000 DB:7E P:84 V:109 H:2  
C0915A $E8             INX                             A:0000 X:00B2 Y:0000 S:036C D:0000 DB:7E P:84 V:109 H:12 
C0915B $E8             INX                             A:0000 X:00B3 Y:0000 S:036C D:0000 DB:7E P:04 V:109 H:15 
C0915C $E0 $00 $04     CPX #$0400                      A:0000 X:00B4 Y:0000 S:036C D:0000 DB:7E P:04 V:109 H:18 
C0915F $90 $F6         BCC $C09157                     A:0000 X:00B4 Y:0000 S:036C D:0000 DB:7E P:84 V:109 H:23 
C09157 $9E $89 $DD     STZ $DD89,X [7EDE3D] = $8000    A:0000 X:00B4 Y:0000 S:036C D:0000 DB:7E P:84 V:109 H:27 
C0915A $E8             INX                             A:0000 X:00B4 Y:0000 S:036C D:0000 DB:7E P:84 V:109 H:37 
C0915B $E8             INX                             A:0000 X:00B5 Y:0000 S:036C D:0000 DB:7E P:04 V:109 H:40 
C0915C $E0 $00 $04     CPX #$0400                      A:0000 X:00B6 Y:0000 S:036C D:0000 DB:7E P:04 V:109 H:43 
C0915F $90 $F6         BCC $C09157                     A:0000 X:00B6 Y:0000 S:036C D:0000 DB:7E P:84 V:109 H:48 
C09157 $9E $89 $DD     STZ $DD89,X [7EDE3F] = $8000    A:0000 X:00B6 Y:0000 S:036C D:0000 DB:7E P:84 V:109 H:52 
C0915A $E8             INX                             A:0000 X:00B6 Y:0000 S:036C D:0000 DB:7E P:84 V:109 H:62 
C0915B $E8             INX                             A:0000 X:00B7 Y:0000 S:036C D:0000 DB:7E P:04 V:109 H:65 
C0915C $E0 $00 $04     CPX #$0400                      A:0000 X:00B8 Y:0000 S:036C D:0000 DB:7E P:04 V:109 H:68 
C0915F $90 $F6         BCC $C09157                     A:0000 X:00B8 Y:0000 S:036C D:0000 DB:7E P:84 V:109 H:73 
C09157 $9E $89 $DD     STZ $DD89,X [7EDE41] = $8000    A:0000 X:00B8 Y:0000 S:036C D:0000 DB:7E P:84 V:109 H:77 
C0915A $E8             INX                             A:0000 X:00B8 Y:0000 S:036C D:0000 DB:7E P:84 V:109 H:87 
C0915B $E8             INX                             A:0000 X:00B9 Y:0000 S:036C D:0000 DB:7E P:04 V:109 H:90 
C0915C $E0 $00 $04     CPX #$0400                      A:0000 X:00BA Y:0000 S:036C D:0000 DB:7E P:04 V:109 H:93 
C0915F $90 $F6         BCC $C09157                     A:0000 X:00BA Y:0000 S:036C D:0000 DB:7E P:84 V:109 H:98 
C09157 $9E $89 $DD     STZ $DD89,X [7EDE43] = $8000    A:0000 X:00BA Y:0000 S:036C D:0000 DB:7E P:84 V:109 H:102
C0915A $E8             INX                             A:0000 X:00BA Y:0000 S:036C D:0000 DB:7E P:84 V:109 H:112
C0915B $E8             INX                             A:0000 X:00BB Y:0000 S:036C D:0000 DB:7E P:04 V:109 H:115
C0915C $E0 $00 $04     CPX #$0400                      A:0000 X:00BC Y:0000 S:036C D:0000 DB:7E P:04 V:109 H:118
C0915F $90 $F6         BCC $C09157                     A:0000 X:00BC Y:0000 S:036C D:0000 DB:7E P:84 V:109 H:123
C09157 $9E $89 $DD     STZ $DD89,X [7EDE45] = $8000    A:0000 X:00BC Y:0000 S:036C D:0000 DB:7E P:84 V:109 H:127
C0915A $E8             INX                             A:0000 X:00BC Y:0000 S:036C D:0000 DB:7E P:84 V:109 H:147
C0915B $E8             INX                             A:0000 X:00BD Y:0000 S:036C D:0000 DB:7E P:04 V:109 H:150
C0915C $E0 $00 $04     CPX #$0400                      A:0000 X:00BE Y:0000 S:036C D:0000 DB:7E P:04 V:109 H:153
C0915F $90 $F6         BCC $C09157                     A:0000 X:00BE Y:0000 S:036C D:0000 DB:7E P:84 V:109 H:158
C09157 $9E $89 $DD     STZ $DD89,X [7EDE47] = $8000    A:0000 X:00BE Y:0000 S:036C D:0000 DB:7E P:84 V:109 H:162
C0915A $E8             INX                             A:0000 X:00BE Y:0000 S:036C D:0000 DB:7E P:84 V:109 H:172
C0915B $E8             INX                             A:0000 X:00BF Y:0000 S:036C D:0000 DB:7E P:04 V:109 H:175
C0915C $E0 $00 $04     CPX #$0400                      A:0000 X:00C0 Y:0000 S:036C D:0000 DB:7E P:04 V:109 H:178
C0915F $90 $F6         BCC $C09157                     A:0000 X:00C0 Y:0000 S:036C D:0000 DB:7E P:84 V:109 H:183
C09157 $9E $89 $DD     STZ $DD89,X [7EDE49] = $8000    A:0000 X:00C0 Y:0000 S:036C D:0000 DB:7E P:84 V:109 H:187
C0915A $E8             INX                             A:0000 X:00C0 Y:0000 S:036C D:0000 DB:7E P:84 V:109 H:197
C0915B $E8             INX                             A:0000 X:00C1 Y:0000 S:036C D:0000 DB:7E P:04 V:109 H:200
C0915C $E0 $00 $04     CPX #$0400                      A:0000 X:00C2 Y:0000 S:036C D:0000 DB:7E P:04 V:109 H:203
C0915F $90 $F6         BCC $C09157                     A:0000 X:00C2 Y:0000 S:036C D:0000 DB:7E P:84 V:109 H:208
C09157 $9E $89 $DD     STZ $DD89,X [7EDE4B] = $8000    A:0000 X:00C2 Y:0000 S:036C D:0000 DB:7E P:84 V:109 H:212
C0915A $E8             INX                             A:0000 X:00C2 Y:0000 S:036C D:0000 DB:7E P:84 V:109 H:222
C0915B $E8             INX                             A:0000 X:00C3 Y:0000 S:036C D:0000 DB:7E P:04 V:109 H:225
C0915C $E0 $00 $04     CPX #$0400                      A:0000 X:00C4 Y:0000 S:036C D:0000 DB:7E P:04 V:109 H:228
C0915F $90 $F6         BCC $C09157                     A:0000 X:00C4 Y:0000 S:036C D:0000 DB:7E P:84 V:109 H:233
C09157 $9E $89 $DD     STZ $DD89,X [7EDE4D] = $8000    A:0000 X:00C4 Y:0000 S:036C D:0000 DB:7E P:84 V:109 H:237
C0915A $E8             INX                             A:0000 X:00C4 Y:0000 S:036C D:0000 DB:7E P:84 V:109 H:247
C0915B $E8             INX                             A:0000 X:00C5 Y:0000 S:036C D:0000 DB:7E P:04 V:109 H:250
C0915C $E0 $00 $04     CPX #$0400                      A:0000 X:00C6 Y:0000 S:036C D:0000 DB:7E P:04 V:109 H:253
C0915F $90 $F6         BCC $C09157                     A:0000 X:00C6 Y:0000 S:036C D:0000 DB:7E P:84 V:109 H:258
C09157 $9E $89 $DD     STZ $DD89,X [7EDE4F] = $8000    A:0000 X:00C6 Y:0000 S:036C D:0000 DB:7E P:84 V:109 H:262
C0915A $E8             INX                             A:0000 X:00C6 Y:0000 S:036C D:0000 DB:7E P:84 V:109 H:272
C0915B $E8             INX                             A:0000 X:00C7 Y:0000 S:036C D:0000 DB:7E P:04 V:109 H:275
C0915C $E0 $00 $04     CPX #$0400                      A:0000 X:00C8 Y:0000 S:036C D:0000 DB:7E P:04 V:109 H:293
C0915F $90 $F6         BCC $C09157                     A:0000 X:00C8 Y:0000 S:036C D:0000 DB:7E P:84 V:109 H:298
C09157 $9E $89 $DD     STZ $DD89,X [7EDE51] = $8000    A:0000 X:00C8 Y:0000 S:036C D:0000 DB:7E P:84 V:109 H:302
C0915A $E8             INX                             A:0000 X:00C8 Y:0000 S:036C D:0000 DB:7E P:84 V:109 H:312
C0915B $E8             INX                             A:0000 X:00C9 Y:0000 S:036C D:0000 DB:7E P:04 V:109 H:315
C0915C $E0 $00 $04     CPX #$0400                      A:0000 X:00CA Y:0000 S:036C D:0000 DB:7E P:04 V:109 H:318
C0915F $90 $F6         BCC $C09157                     A:0000 X:00CA Y:0000 S:036C D:0000 DB:7E P:84 V:109 H:323
C09157 $9E $89 $DD     STZ $DD89,X [7EDE53] = $8000    A:0000 X:00CA Y:0000 S:036C D:0000 DB:7E P:84 V:109 H:327
C0915A $E8             INX                             A:0000 X:00CA Y:0000 S:036C D:0000 DB:7E P:84 V:109 H:336
C0915B $E8             INX                             A:0000 X:00CB Y:0000 S:036C D:0000 DB:7E P:04 V:109 H:339
C0915C $E0 $00 $04     CPX #$0400                      A:0000 X:00CC Y:0000 S:036C D:0000 DB:7E P:04 V:110 H:2  
C0915F $90 $F6         BCC $C09157                     A:0000 X:00CC Y:0000 S:036C D:0000 DB:7E P:84 V:110 H:7  
C09157 $9E $89 $DD     STZ $DD89,X [7EDE55] = $8000    A:0000 X:00CC Y:0000 S:036C D:0000 DB:7E P:84 V:110 H:11 
C0915A $E8             INX                             A:0000 X:00CC Y:0000 S:036C D:0000 DB:7E P:84 V:110 H:21 
C0915B $E8             INX                             A:0000 X:00CD Y:0000 S:036C D:0000 DB:7E P:04 V:110 H:24 
C0915C $E0 $00 $04     CPX #$0400                      A:0000 X:00CE Y:0000 S:036C D:0000 DB:7E P:04 V:110 H:27 
C0915F $90 $F6         BCC $C09157                     A:0000 X:00CE Y:0000 S:036C D:0000 DB:7E P:84 V:110 H:32 
C09157 $9E $89 $DD     STZ $DD89,X [7EDE57] = $8000    A:0000 X:00CE Y:0000 S:036C D:0000 DB:7E P:84 V:110 H:36 
C0915A $E8             INX                             A:0000 X:00CE Y:0000 S:036C D:0000 DB:7E P:84 V:110 H:46 
C0915B $E8             INX                             A:0000 X:00CF Y:0000 S:036C D:0000 DB:7E P:04 V:110 H:49 
C0915C $E0 $00 $04     CPX #$0400                      A:0000 X:00D0 Y:0000 S:036C D:0000 DB:7E P:04 V:110 H:52 
C0915F $90 $F6         BCC $C09157                     A:0000 X:00D0 Y:0000 S:036C D:0000 DB:7E P:84 V:110 H:57 
C09157 $9E $89 $DD     STZ $DD89,X [7EDE59] = $8000    A:0000 X:00D0 Y:0000 S:036C D:0000 DB:7E P:84 V:110 H:61 
C0915A $E8             INX                             A:0000 X:00D0 Y:0000 S:036C D:0000 DB:7E P:84 V:110 H:71 
C0915B $E8             INX                             A:0000 X:00D1 Y:0000 S:036C D:0000 DB:7E P:04 V:110 H:74 
C0915C $E0 $00 $04     CPX #$0400                      A:0000 X:00D2 Y:0000 S:036C D:0000 DB:7E P:04 V:110 H:77 
C0915F $90 $F6         BCC $C09157                     A:0000 X:00D2 Y:0000 S:036C D:0000 DB:7E P:84 V:110 H:82 
C09157 $9E $89 $DD     STZ $DD89,X [7EDE5B] = $8000    A:0000 X:00D2 Y:0000 S:036C D:0000 DB:7E P:84 V:110 H:86 
C0915A $E8             INX                             A:0000 X:00D2 Y:0000 S:036C D:0000 DB:7E P:84 V:110 H:96 
C0915B $E8             INX                             A:0000 X:00D3 Y:0000 S:036C D:0000 DB:7E P:04 V:110 H:99 
C0915C $E0 $00 $04     CPX #$0400                      A:0000 X:00D4 Y:0000 S:036C D:0000 DB:7E P:04 V:110 H:102
C0915F $90 $F6         BCC $C09157                     A:0000 X:00D4 Y:0000 S:036C D:0000 DB:7E P:84 V:110 H:107
C09157 $9E $89 $DD     STZ $DD89,X [7EDE5D] = $8000    A:0000 X:00D4 Y:0000 S:036C D:0000 DB:7E P:84 V:110 H:111
C0915A $E8             INX                             A:0000 X:00D4 Y:0000 S:036C D:0000 DB:7E P:84 V:110 H:121
C0915B $E8             INX                             A:0000 X:00D5 Y:0000 S:036C D:0000 DB:7E P:04 V:110 H:124
C0915C $E0 $00 $04     CPX #$0400                      A:0000 X:00D6 Y:0000 S:036C D:0000 DB:7E P:04 V:110 H:127
C0915F $90 $F6         BCC $C09157                     A:0000 X:00D6 Y:0000 S:036C D:0000 DB:7E P:84 V:110 H:132
C09157 $9E $89 $DD     STZ $DD89,X [7EDE5F] = $8000    A:0000 X:00D6 Y:0000 S:036C D:0000 DB:7E P:84 V:110 H:146
C0915A $E8             INX                             A:0000 X:00D6 Y:0000 S:036C D:0000 DB:7E P:84 V:110 H:156
C0915B $E8             INX                             A:0000 X:00D7 Y:0000 S:036C D:0000 DB:7E P:04 V:110 H:159
C0915C $E0 $00 $04     CPX #$0400                      A:0000 X:00D8 Y:0000 S:036C D:0000 DB:7E P:04 V:110 H:162
C0915F $90 $F6         BCC $C09157                     A:0000 X:00D8 Y:0000 S:036C D:0000 DB:7E P:84 V:110 H:167
C09157 $9E $89 $DD     STZ $DD89,X [7EDE61] = $8000    A:0000 X:00D8 Y:0000 S:036C D:0000 DB:7E P:84 V:110 H:171
C0915A $E8             INX                             A:0000 X:00D8 Y:0000 S:036C D:0000 DB:7E P:84 V:110 H:181
C0915B $E8             INX                             A:0000 X:00D9 Y:0000 S:036C D:0000 DB:7E P:04 V:110 H:184
C0915C $E0 $00 $04     CPX #$0400                      A:0000 X:00DA Y:0000 S:036C D:0000 DB:7E P:04 V:110 H:187
C0915F $90 $F6         BCC $C09157                     A:0000 X:00DA Y:0000 S:036C D:0000 DB:7E P:84 V:110 H:192
C09157 $9E $89 $DD     STZ $DD89,X [7EDE63] = $8000    A:0000 X:00DA Y:0000 S:036C D:0000 DB:7E P:84 V:110 H:196
C0915A $E8             INX                             A:0000 X:00DA Y:0000 S:036C D:0000 DB:7E P:84 V:110 H:206
C0915B $E8             INX                             A:0000 X:00DB Y:0000 S:036C D:0000 DB:7E P:04 V:110 H:209
C0915C $E0 $00 $04     CPX #$0400                      A:0000 X:00DC Y:0000 S:036C D:0000 DB:7E P:04 V:110 H:212
C0915F $90 $F6         BCC $C09157                     A:0000 X:00DC Y:0000 S:036C D:0000 DB:7E P:84 V:110 H:217
C09157 $9E $89 $DD     STZ $DD89,X [7EDE65] = $8000    A:0000 X:00DC Y:0000 S:036C D:0000 DB:7E P:84 V:110 H:221
C0915A $E8             INX                             A:0000 X:00DC Y:0000 S:036C D:0000 DB:7E P:84 V:110 H:231
C0915B $E8             INX                             A:0000 X:00DD Y:0000 S:036C D:0000 DB:7E P:04 V:110 H:234
C0915C $E0 $00 $04     CPX #$0400                      A:0000 X:00DE Y:0000 S:036C D:0000 DB:7E P:04 V:110 H:237
C0915F $90 $F6         BCC $C09157                     A:0000 X:00DE Y:0000 S:036C D:0000 DB:7E P:84 V:110 H:242
C09157 $9E $89 $DD     STZ $DD89,X [7EDE67] = $8000    A:0000 X:00DE Y:0000 S:036C D:0000 DB:7E P:84 V:110 H:246
C0915A $E8             INX                             A:0000 X:00DE Y:0000 S:036C D:0000 DB:7E P:84 V:110 H:256
C0915B $E8             INX                             A:0000 X:00DF Y:0000 S:036C D:0000 DB:7E P:04 V:110 H:259
C0915C $E0 $00 $04     CPX #$0400                      A:0000 X:00E0 Y:0000 S:036C D:0000 DB:7E P:04 V:110 H:262
C0915F $90 $F6         BCC $C09157                     A:0000 X:00E0 Y:0000 S:036C D:0000 DB:7E P:84 V:110 H:267
C09157 $9E $89 $DD     STZ $DD89,X [7EDE69] = $8000    A:0000 X:00E0 Y:0000 S:036C D:0000 DB:7E P:84 V:110 H:271
C0915A $E8             INX                             A:0000 X:00E0 Y:0000 S:036C D:0000 DB:7E P:84 V:110 H:297
C0915B $E8             INX                             A:0000 X:00E1 Y:0000 S:036C D:0000 DB:7E P:04 V:110 H:300
C0915C $E0 $00 $04     CPX #$0400                      A:0000 X:00E2 Y:0000 S:036C D:0000 DB:7E P:04 V:110 H:303
C0915F $90 $F6         BCC $C09157                     A:0000 X:00E2 Y:0000 S:036C D:0000 DB:7E P:84 V:110 H:308
C09157 $9E $89 $DD     STZ $DD89,X [7EDE6B] = $8000    A:0000 X:00E2 Y:0000 S:036C D:0000 DB:7E P:84 V:110 H:312
C0915A $E8             INX                             A:0000 X:00E2 Y:0000 S:036C D:0000 DB:7E P:84 V:110 H:322
C0915B $E8             INX                             A:0000 X:00E3 Y:0000 S:036C D:0000 DB:7E P:04 V:110 H:325
C0915C $E0 $00 $04     CPX #$0400                      A:0000 X:00E4 Y:0000 S:036C D:0000 DB:7E P:04 V:110 H:327
C0915F $90 $F6         BCC $C09157                     A:0000 X:00E4 Y:0000 S:036C D:0000 DB:7E P:84 V:110 H:332
C09157 $9E $89 $DD     STZ $DD89,X [7EDE6D] = $8000    A:0000 X:00E4 Y:0000 S:036C D:0000 DB:7E P:84 V:110 H:336
C0915A $E8             INX                             A:0000 X:00E4 Y:0000 S:036C D:0000 DB:7E P:84 V:111 H:6  
C0915B $E8             INX                             A:0000 X:00E5 Y:0000 S:036C D:0000 DB:7E P:04 V:111 H:9  
C0915C $E0 $00 $04     CPX #$0400                      A:0000 X:00E6 Y:0000 S:036C D:0000 DB:7E P:04 V:111 H:12 
C0915F $90 $F6         BCC $C09157                     A:0000 X:00E6 Y:0000 S:036C D:0000 DB:7E P:84 V:111 H:17 
C09157 $9E $89 $DD     STZ $DD89,X [7EDE6F] = $8000    A:0000 X:00E6 Y:0000 S:036C D:0000 DB:7E P:84 V:111 H:21 
C0915A $E8             INX                             A:0000 X:00E6 Y:0000 S:036C D:0000 DB:7E P:84 V:111 H:31 
C0915B $E8             INX                             A:0000 X:00E7 Y:0000 S:036C D:0000 DB:7E P:04 V:111 H:34 
C0915C $E0 $00 $04     CPX #$0400                      A:0000 X:00E8 Y:0000 S:036C D:0000 DB:7E P:04 V:111 H:37 
C0915F $90 $F6         BCC $C09157                     A:0000 X:00E8 Y:0000 S:036C D:0000 DB:7E P:84 V:111 H:42 
C09157 $9E $89 $DD     STZ $DD89,X [7EDE71] = $8000    A:0000 X:00E8 Y:0000 S:036C D:0000 DB:7E P:84 V:111 H:46 
C0915A $E8             INX                             A:0000 X:00E8 Y:0000 S:036C D:0000 DB:7E P:84 V:111 H:56 
C0915B $E8             INX                             A:0000 X:00E9 Y:0000 S:036C D:0000 DB:7E P:04 V:111 H:59 
C0915C $E0 $00 $04     CPX #$0400                      A:0000 X:00EA Y:0000 S:036C D:0000 DB:7E P:04 V:111 H:62 
C0915F $90 $F6         BCC $C09157                     A:0000 X:00EA Y:0000 S:036C D:0000 DB:7E P:84 V:111 H:67 
C09157 $9E $89 $DD     STZ $DD89,X [7EDE73] = $8000    A:0000 X:00EA Y:0000 S:036C D:0000 DB:7E P:84 V:111 H:71 
C0915A $E8             INX                             A:0000 X:00EA Y:0000 S:036C D:0000 DB:7E P:84 V:111 H:81 
C0915B $E8             INX                             A:0000 X:00EB Y:0000 S:036C D:0000 DB:7E P:04 V:111 H:84 
C0915C $E0 $00 $04     CPX #$0400                      A:0000 X:00EC Y:0000 S:036C D:0000 DB:7E P:04 V:111 H:87 
C0915F $90 $F6         BCC $C09157                     A:0000 X:00EC Y:0000 S:036C D:0000 DB:7E P:84 V:111 H:92 
C09157 $9E $89 $DD     STZ $DD89,X [7EDE75] = $8000    A:0000 X:00EC Y:0000 S:036C D:0000 DB:7E P:84 V:111 H:96 
C0915A $E8             INX                             A:0000 X:00EC Y:0000 S:036C D:0000 DB:7E P:84 V:111 H:106
C0915B $E8             INX                             A:0000 X:00ED Y:0000 S:036C D:0000 DB:7E P:04 V:111 H:109
C0915C $E0 $00 $04     CPX #$0400                      A:0000 X:00EE Y:0000 S:036C D:0000 DB:7E P:04 V:111 H:112
C0915F $90 $F6         BCC $C09157                     A:0000 X:00EE Y:0000 S:036C D:0000 DB:7E P:84 V:111 H:117
C09157 $9E $89 $DD     STZ $DD89,X [7EDE77] = $8000    A:0000 X:00EE Y:0000 S:036C D:0000 DB:7E P:84 V:111 H:121
C0915A $E8             INX                             A:0000 X:00EE Y:0000 S:036C D:0000 DB:7E P:84 V:111 H:131
C0915B $E8             INX                             A:0000 X:00EF Y:0000 S:036C D:0000 DB:7E P:04 V:111 H:144
C0915C $E0 $00 $04     CPX #$0400                      A:0000 X:00F0 Y:0000 S:036C D:0000 DB:7E P:04 V:111 H:147
C0915F $90 $F6         BCC $C09157                     A:0000 X:00F0 Y:0000 S:036C D:0000 DB:7E P:84 V:111 H:152
C09157 $9E $89 $DD     STZ $DD89,X [7EDE79] = $8000    A:0000 X:00F0 Y:0000 S:036C D:0000 DB:7E P:84 V:111 H:156
C0915A $E8             INX                             A:0000 X:00F0 Y:0000 S:036C D:0000 DB:7E P:84 V:111 H:166
C0915B $E8             INX                             A:0000 X:00F1 Y:0000 S:036C D:0000 DB:7E P:04 V:111 H:169
C0915C $E0 $00 $04     CPX #$0400                      A:0000 X:00F2 Y:0000 S:036C D:0000 DB:7E P:04 V:111 H:172
C0915F $90 $F6         BCC $C09157                     A:0000 X:00F2 Y:0000 S:036C D:0000 DB:7E P:84 V:111 H:177
C09157 $9E $89 $DD     STZ $DD89,X [7EDE7B] = $8000    A:0000 X:00F2 Y:0000 S:036C D:0000 DB:7E P:84 V:111 H:181
C0915A $E8             INX                             A:0000 X:00F2 Y:0000 S:036C D:0000 DB:7E P:84 V:111 H:191
C0915B $E8             INX                             A:0000 X:00F3 Y:0000 S:036C D:0000 DB:7E P:04 V:111 H:194
C0915C $E0 $00 $04     CPX #$0400                      A:0000 X:00F4 Y:0000 S:036C D:0000 DB:7E P:04 V:111 H:197
C0915F $90 $F6         BCC $C09157                     A:0000 X:00F4 Y:0000 S:036C D:0000 DB:7E P:84 V:111 H:202
C09157 $9E $89 $DD     STZ $DD89,X [7EDE7D] = $8000    A:0000 X:00F4 Y:0000 S:036C D:0000 DB:7E P:84 V:111 H:206
C0915A $E8             INX                             A:0000 X:00F4 Y:0000 S:036C D:0000 DB:7E P:84 V:111 H:216
C0915B $E8             INX                             A:0000 X:00F5 Y:0000 S:036C D:0000 DB:7E P:04 V:111 H:219
C0915C $E0 $00 $04     CPX #$0400                      A:0000 X:00F6 Y:0000 S:036C D:0000 DB:7E P:04 V:111 H:222
C0915F $90 $F6         BCC $C09157                     A:0000 X:00F6 Y:0000 S:036C D:0000 DB:7E P:84 V:111 H:227
C09157 $9E $89 $DD     STZ $DD89,X [7EDE7F] = $8000    A:0000 X:00F6 Y:0000 S:036C D:0000 DB:7E P:84 V:111 H:231
C0915A $E8             INX                             A:0000 X:00F6 Y:0000 S:036C D:0000 DB:7E P:84 V:111 H:241
C0915B $E8             INX                             A:0000 X:00F7 Y:0000 S:036C D:0000 DB:7E P:04 V:111 H:244
C0915C $E0 $00 $04     CPX #$0400                      A:0000 X:00F8 Y:0000 S:036C D:0000 DB:7E P:04 V:111 H:247
C0915F $90 $F6         BCC $C09157                     A:0000 X:00F8 Y:0000 S:036C D:0000 DB:7E P:84 V:111 H:252
C09157 $9E $89 $DD     STZ $DD89,X [7EDE81] = $8000    A:0000 X:00F8 Y:0000 S:036C D:0000 DB:7E P:84 V:111 H:256
C0915A $E8             INX                             A:0000 X:00F8 Y:0000 S:036C D:0000 DB:7E P:84 V:111 H:266
C0915B $E8             INX                             A:0000 X:00F9 Y:0000 S:036C D:0000 DB:7E P:04 V:111 H:269
C0915C $E0 $00 $04     CPX #$0400                      A:0000 X:00FA Y:0000 S:036C D:0000 DB:7E P:04 V:111 H:272
C0915F $90 $F6         BCC $C09157                     A:0000 X:00FA Y:0000 S:036C D:0000 DB:7E P:84 V:111 H:316
C09157 $9E $89 $DD     STZ $DD89,X [7EDE83] = $8000    A:0000 X:00FA Y:0000 S:036C D:0000 DB:7E P:84 V:111 H:320
C0915A $E8             INX                             A:0000 X:00FA Y:0000 S:036C D:0000 DB:7E P:84 V:111 H:329
C0915B $E8             INX                             A:0000 X:00FB Y:0000 S:036C D:0000 DB:7E P:04 V:111 H:332
C0915C $E0 $00 $04     CPX #$0400                      A:0000 X:00FC Y:0000 S:036C D:0000 DB:7E P:04 V:111 H:335
C0915F $90 $F6         BCC $C09157                     A:0000 X:00FC Y:0000 S:036C D:0000 DB:7E P:84 V:112 H:0  
C09157 $9E $89 $DD     STZ $DD89,X [7EDE85] = $8000    A:0000 X:00FC Y:0000 S:036C D:0000 DB:7E P:84 V:112 H:4  
C0915A $E8             INX                             A:0000 X:00FC Y:0000 S:036C D:0000 DB:7E P:84 V:112 H:14 
C0915B $E8             INX                             A:0000 X:00FD Y:0000 S:036C D:0000 DB:7E P:04 V:112 H:17 
C0915C $E0 $00 $04     CPX #$0400                      A:0000 X:00FE Y:0000 S:036C D:0000 DB:7E P:04 V:112 H:20 
C0915F $90 $F6         BCC $C09157                     A:0000 X:00FE Y:0000 S:036C D:0000 DB:7E P:84 V:112 H:25 
C09157 $9E $89 $DD     STZ $DD89,X [7EDE87] = $8000    A:0000 X:00FE Y:0000 S:036C D:0000 DB:7E P:84 V:112 H:29 
C0915A $E8             INX                             A:0000 X:00FE Y:0000 S:036C D:0000 DB:7E P:84 V:112 H:39 
C0915B $E8             INX                             A:0000 X:00FF Y:0000 S:036C D:0000 DB:7E P:04 V:112 H:42 
C0915C $E0 $00 $04     CPX #$0400                      A:0000 X:0100 Y:0000 S:036C D:0000 DB:7E P:04 V:112 H:45 
C0915F $90 $F6         BCC $C09157                     A:0000 X:0100 Y:0000 S:036C D:0000 DB:7E P:84 V:112 H:50 
C09157 $9E $89 $DD     STZ $DD89,X [7EDE89] = $8000    A:0000 X:0100 Y:0000 S:036C D:0000 DB:7E P:84 V:112 H:54 
C0915A $E8             INX                             A:0000 X:0100 Y:0000 S:036C D:0000 DB:7E P:84 V:112 H:64 
C0915B $E8             INX                             A:0000 X:0101 Y:0000 S:036C D:0000 DB:7E P:04 V:112 H:67 
C0915C $E0 $00 $04     CPX #$0400                      A:0000 X:0102 Y:0000 S:036C D:0000 DB:7E P:04 V:112 H:70 
C0915F $90 $F6         BCC $C09157                     A:0000 X:0102 Y:0000 S:036C D:0000 DB:7E P:84 V:112 H:75 
C09157 $9E $89 $DD     STZ $DD89,X [7EDE8B] = $8000    A:0000 X:0102 Y:0000 S:036C D:0000 DB:7E P:84 V:112 H:79 
C0915A $E8             INX                             A:0000 X:0102 Y:0000 S:036C D:0000 DB:7E P:84 V:112 H:89 
C0915B $E8             INX                             A:0000 X:0103 Y:0000 S:036C D:0000 DB:7E P:04 V:112 H:92 
C0915C $E0 $00 $04     CPX #$0400                      A:0000 X:0104 Y:0000 S:036C D:0000 DB:7E P:04 V:112 H:95 
C0915F $90 $F6         BCC $C09157                     A:0000 X:0104 Y:0000 S:036C D:0000 DB:7E P:84 V:112 H:100
C09157 $9E $89 $DD     STZ $DD89,X [7EDE8D] = $8000    A:0000 X:0104 Y:0000 S:036C D:0000 DB:7E P:84 V:112 H:104
C0915A $E8             INX                             A:0000 X:0104 Y:0000 S:036C D:0000 DB:7E P:84 V:112 H:114
C0915B $E8             INX                             A:0000 X:0105 Y:0000 S:036C D:0000 DB:7E P:04 V:112 H:117
C0915C $E0 $00 $04     CPX #$0400                      A:0000 X:0106 Y:0000 S:036C D:0000 DB:7E P:04 V:112 H:120
C0915F $90 $F6         BCC $C09157                     A:0000 X:0106 Y:0000 S:036C D:0000 DB:7E P:84 V:112 H:125
C09157 $9E $89 $DD     STZ $DD89,X [7EDE8F] = $8000    A:0000 X:0106 Y:0000 S:036C D:0000 DB:7E P:84 V:112 H:129
C0915A $E8             INX                             A:0000 X:0106 Y:0000 S:036C D:0000 DB:7E P:84 V:112 H:149
C0915B $E8             INX                             A:0000 X:0107 Y:0000 S:036C D:0000 DB:7E P:04 V:112 H:152
C0915C $E0 $00 $04     CPX #$0400                      A:0000 X:0108 Y:0000 S:036C D:0000 DB:7E P:04 V:112 H:155
C0915F $90 $F6         BCC $C09157                     A:0000 X:0108 Y:0000 S:036C D:0000 DB:7E P:84 V:112 H:160
C09157 $9E $89 $DD     STZ $DD89,X [7EDE91] = $8000    A:0000 X:0108 Y:0000 S:036C D:0000 DB:7E P:84 V:112 H:164
C0915A $E8             INX                             A:0000 X:0108 Y:0000 S:036C D:0000 DB:7E P:84 V:112 H:174
C0915B $E8             INX                             A:0000 X:0109 Y:0000 S:036C D:0000 DB:7E P:04 V:112 H:177
C0915C $E0 $00 $04     CPX #$0400                      A:0000 X:010A Y:0000 S:036C D:0000 DB:7E P:04 V:112 H:180
C0915F $90 $F6         BCC $C09157                     A:0000 X:010A Y:0000 S:036C D:0000 DB:7E P:84 V:112 H:185
C09157 $9E $89 $DD     STZ $DD89,X [7EDE93] = $8000    A:0000 X:010A Y:0000 S:036C D:0000 DB:7E P:84 V:112 H:189
C0915A $E8             INX                             A:0000 X:010A Y:0000 S:036C D:0000 DB:7E P:84 V:112 H:199
C0915B $E8             INX                             A:0000 X:010B Y:0000 S:036C D:0000 DB:7E P:04 V:112 H:202
C0915C $E0 $00 $04     CPX #$0400                      A:0000 X:010C Y:0000 S:036C D:0000 DB:7E P:04 V:112 H:205
C0915F $90 $F6         BCC $C09157                     A:0000 X:010C Y:0000 S:036C D:0000 DB:7E P:84 V:112 H:210
C09157 $9E $89 $DD     STZ $DD89,X [7EDE95] = $8000    A:0000 X:010C Y:0000 S:036C D:0000 DB:7E P:84 V:112 H:214
C0915A $E8             INX                             A:0000 X:010C Y:0000 S:036C D:0000 DB:7E P:84 V:112 H:224
C0915B $E8             INX                             A:0000 X:010D Y:0000 S:036C D:0000 DB:7E P:04 V:112 H:227
C0915C $E0 $00 $04     CPX #$0400                      A:0000 X:010E Y:0000 S:036C D:0000 DB:7E P:04 V:112 H:230
C0915F $90 $F6         BCC $C09157                     A:0000 X:010E Y:0000 S:036C D:0000 DB:7E P:84 V:112 H:235
C09157 $9E $89 $DD     STZ $DD89,X [7EDE97] = $8000    A:0000 X:010E Y:0000 S:036C D:0000 DB:7E P:84 V:112 H:239
C0915A $E8             INX                             A:0000 X:010E Y:0000 S:036C D:0000 DB:7E P:84 V:112 H:249
C0915B $E8             INX                             A:0000 X:010F Y:0000 S:036C D:0000 DB:7E P:04 V:112 H:252
C0915C $E0 $00 $04     CPX #$0400                      A:0000 X:0110 Y:0000 S:036C D:0000 DB:7E P:04 V:112 H:255
C0915F $90 $F6         BCC $C09157                     A:0000 X:0110 Y:0000 S:036C D:0000 DB:7E P:84 V:112 H:260
C09157 $9E $89 $DD     STZ $DD89,X [7EDE99] = $8000    A:0000 X:0110 Y:0000 S:036C D:0000 DB:7E P:84 V:112 H:264
C0915A $E8             INX                             A:0000 X:0110 Y:0000 S:036C D:0000 DB:7E P:84 V:112 H:274
C0915B $E8             INX                             A:0000 X:0111 Y:0000 S:036C D:0000 DB:7E P:04 V:112 H:319
C0915C $E0 $00 $04     CPX #$0400                      A:0000 X:0112 Y:0000 S:036C D:0000 DB:7E P:04 V:112 H:322
C0915F $90 $F6         BCC $C09157                     A:0000 X:0112 Y:0000 S:036C D:0000 DB:7E P:84 V:112 H:326
C09157 $9E $89 $DD     STZ $DD89,X [7EDE9B] = $8000    A:0000 X:0112 Y:0000 S:036C D:0000 DB:7E P:84 V:112 H:330
C0915A $E8             INX                             A:0000 X:0112 Y:0000 S:036C D:0000 DB:7E P:84 V:113 H:0  
C0915B $E8             INX                             A:0000 X:0113 Y:0000 S:036C D:0000 DB:7E P:04 V:113 H:3  
C0915C $E0 $00 $04     CPX #$0400                      A:0000 X:0114 Y:0000 S:036C D:0000 DB:7E P:04 V:113 H:6  
C0915F $90 $F6         BCC $C09157                     A:0000 X:0114 Y:0000 S:036C D:0000 DB:7E P:84 V:113 H:11 
C09157 $9E $89 $DD     STZ $DD89,X [7EDE9D] = $8000    A:0000 X:0114 Y:0000 S:036C D:0000 DB:7E P:84 V:113 H:15 
C0915A $E8             INX                             A:0000 X:0114 Y:0000 S:036C D:0000 DB:7E P:84 V:113 H:25 
C0915B $E8             INX                             A:0000 X:0115 Y:0000 S:036C D:0000 DB:7E P:04 V:113 H:28 
C0915C $E0 $00 $04     CPX #$0400                      A:0000 X:0116 Y:0000 S:036C D:0000 DB:7E P:04 V:113 H:31 
C0915F $90 $F6         BCC $C09157                     A:0000 X:0116 Y:0000 S:036C D:0000 DB:7E P:84 V:113 H:36 
C09157 $9E $89 $DD     STZ $DD89,X [7EDE9F] = $8000    A:0000 X:0116 Y:0000 S:036C D:0000 DB:7E P:84 V:113 H:40 
C0915A $E8             INX                             A:0000 X:0116 Y:0000 S:036C D:0000 DB:7E P:84 V:113 H:50 
C0915B $E8             INX                             A:0000 X:0117 Y:0000 S:036C D:0000 DB:7E P:04 V:113 H:53 
C0915C $E0 $00 $04     CPX #$0400                      A:0000 X:0118 Y:0000 S:036C D:0000 DB:7E P:04 V:113 H:56 
C0915F $90 $F6         BCC $C09157                     A:0000 X:0118 Y:0000 S:036C D:0000 DB:7E P:84 V:113 H:61 
C09157 $9E $89 $DD     STZ $DD89,X [7EDEA1] = $8000    A:0000 X:0118 Y:0000 S:036C D:0000 DB:7E P:84 V:113 H:65 
C0915A $E8             INX                             A:0000 X:0118 Y:0000 S:036C D:0000 DB:7E P:84 V:113 H:75 
C0915B $E8             INX                             A:0000 X:0119 Y:0000 S:036C D:0000 DB:7E P:04 V:113 H:78 
C0915C $E0 $00 $04     CPX #$0400                      A:0000 X:011A Y:0000 S:036C D:0000 DB:7E P:04 V:113 H:81 
C0915F $90 $F6         BCC $C09157                     A:0000 X:011A Y:0000 S:036C D:0000 DB:7E P:84 V:113 H:86 
C09157 $9E $89 $DD     STZ $DD89,X [7EDEA3] = $8000    A:0000 X:011A Y:0000 S:036C D:0000 DB:7E P:84 V:113 H:90 
C0915A $E8             INX                             A:0000 X:011A Y:0000 S:036C D:0000 DB:7E P:84 V:113 H:100
C0915B $E8             INX                             A:0000 X:011B Y:0000 S:036C D:0000 DB:7E P:04 V:113 H:103
C0915C $E0 $00 $04     CPX #$0400                      A:0000 X:011C Y:0000 S:036C D:0000 DB:7E P:04 V:113 H:106
C0915F $90 $F6         BCC $C09157                     A:0000 X:011C Y:0000 S:036C D:0000 DB:7E P:84 V:113 H:111
C09157 $9E $89 $DD     STZ $DD89,X [7EDEA5] = $8000    A:0000 X:011C Y:0000 S:036C D:0000 DB:7E P:84 V:113 H:115
C0915A $E8             INX                             A:0000 X:011C Y:0000 S:036C D:0000 DB:7E P:84 V:113 H:125
C0915B $E8             INX                             A:0000 X:011D Y:0000 S:036C D:0000 DB:7E P:04 V:113 H:128
C0915C $E0 $00 $04     CPX #$0400                      A:0000 X:011E Y:0000 S:036C D:0000 DB:7E P:04 V:113 H:131
C0915F $90 $F6         BCC $C09157                     A:0000 X:011E Y:0000 S:036C D:0000 DB:7E P:84 V:113 H:146
C09157 $9E $89 $DD     STZ $DD89,X [7EDEA7] = $8000    A:0000 X:011E Y:0000 S:036C D:0000 DB:7E P:84 V:113 H:150
C0915A $E8             INX                             A:0000 X:011E Y:0000 S:036C D:0000 DB:7E P:84 V:113 H:160
C0915B $E8             INX                             A:0000 X:011F Y:0000 S:036C D:0000 DB:7E P:04 V:113 H:163
C0915C $E0 $00 $04     CPX #$0400                      A:0000 X:0120 Y:0000 S:036C D:0000 DB:7E P:04 V:113 H:166
C0915F $90 $F6         BCC $C09157                     A:0000 X:0120 Y:0000 S:036C D:0000 DB:7E P:84 V:113 H:171
C09157 $9E $89 $DD     STZ $DD89,X [7EDEA9] = $8000    A:0000 X:0120 Y:0000 S:036C D:0000 DB:7E P:84 V:113 H:175
C0915A $E8             INX                             A:0000 X:0120 Y:0000 S:036C D:0000 DB:7E P:84 V:113 H:185
C0915B $E8             INX                             A:0000 X:0121 Y:0000 S:036C D:0000 DB:7E P:04 V:113 H:188
C0915C $E0 $00 $04     CPX #$0400                      A:0000 X:0122 Y:0000 S:036C D:0000 DB:7E P:04 V:113 H:191
C0915F $90 $F6         BCC $C09157                     A:0000 X:0122 Y:0000 S:036C D:0000 DB:7E P:84 V:113 H:196
C09157 $9E $89 $DD     STZ $DD89,X [7EDEAB] = $8000    A:0000 X:0122 Y:0000 S:036C D:0000 DB:7E P:84 V:113 H:200
C0915A $E8             INX                             A:0000 X:0122 Y:0000 S:036C D:0000 DB:7E P:84 V:113 H:210
C0915B $E8             INX                             A:0000 X:0123 Y:0000 S:036C D:0000 DB:7E P:04 V:113 H:213
C0915C $E0 $00 $04     CPX #$0400                      A:0000 X:0124 Y:0000 S:036C D:0000 DB:7E P:04 V:113 H:216
C0915F $90 $F6         BCC $C09157                     A:0000 X:0124 Y:0000 S:036C D:0000 DB:7E P:84 V:113 H:221
C09157 $9E $89 $DD     STZ $DD89,X [7EDEAD] = $8000    A:0000 X:0124 Y:0000 S:036C D:0000 DB:7E P:84 V:113 H:225
C0915A $E8             INX                             A:0000 X:0124 Y:0000 S:036C D:0000 DB:7E P:84 V:113 H:235
C0915B $E8             INX                             A:0000 X:0125 Y:0000 S:036C D:0000 DB:7E P:04 V:113 H:238
C0915C $E0 $00 $04     CPX #$0400                      A:0000 X:0126 Y:0000 S:036C D:0000 DB:7E P:04 V:113 H:241
C0915F $90 $F6         BCC $C09157                     A:0000 X:0126 Y:0000 S:036C D:0000 DB:7E P:84 V:113 H:246
C09157 $9E $89 $DD     STZ $DD89,X [7EDEAF] = $8000    A:0000 X:0126 Y:0000 S:036C D:0000 DB:7E P:84 V:113 H:250
C0915A $E8             INX                             A:0000 X:0126 Y:0000 S:036C D:0000 DB:7E P:84 V:113 H:260
C0915B $E8             INX                             A:0000 X:0127 Y:0000 S:036C D:0000 DB:7E P:04 V:113 H:263
C0915C $E0 $00 $04     CPX #$0400                      A:0000 X:0128 Y:0000 S:036C D:0000 DB:7E P:04 V:113 H:266
C0915F $90 $F6         BCC $C09157                     A:0000 X:0128 Y:0000 S:036C D:0000 DB:7E P:84 V:113 H:271
C09157 $9E $89 $DD     STZ $DD89,X [7EDEB1] = $8000    A:0000 X:0128 Y:0000 S:036C D:0000 DB:7E P:84 V:113 H:275
C0915A $E8             INX                             A:0000 X:0128 Y:0000 S:036C D:0000 DB:7E P:84 V:113 H:300
C0915B $E8             INX                             A:0000 X:0129 Y:0000 S:036C D:0000 DB:7E P:04 V:113 H:303
C0915C $E0 $00 $04     CPX #$0400                      A:0000 X:012A Y:0000 S:036C D:0000 DB:7E P:04 V:113 H:306
C0915F $90 $F6         BCC $C09157                     A:0000 X:012A Y:0000 S:036C D:0000 DB:7E P:84 V:113 H:311
C09157 $9E $89 $DD     STZ $DD89,X [7EDEB3] = $8000    A:0000 X:012A Y:0000 S:036C D:0000 DB:7E P:84 V:113 H:315
C0915A $E8             INX                             A:0000 X:012A Y:0000 S:036C D:0000 DB:7E P:84 V:113 H:325
C0915B $E8             INX                             A:0000 X:012B Y:0000 S:036C D:0000 DB:7E P:04 V:113 H:327
C0915C $E0 $00 $04     CPX #$0400                      A:0000 X:012C Y:0000 S:036C D:0000 DB:7E P:04 V:113 H:330
C0915F $90 $F6         BCC $C09157                     A:0000 X:012C Y:0000 S:036C D:0000 DB:7E P:84 V:113 H:335
C09157 $9E $89 $DD     STZ $DD89,X [7EDEB5] = $8000    A:0000 X:012C Y:0000 S:036C D:0000 DB:7E P:84 V:113 H:339
C0915A $E8             INX                             A:0000 X:012C Y:0000 S:036C D:0000 DB:7E P:84 V:114 H:9  
C0915B $E8             INX                             A:0000 X:012D Y:0000 S:036C D:0000 DB:7E P:04 V:114 H:12 
C0915C $E0 $00 $04     CPX #$0400                      A:0000 X:012E Y:0000 S:036C D:0000 DB:7E P:04 V:114 H:15 
C0915F $90 $F6         BCC $C09157                     A:0000 X:012E Y:0000 S:036C D:0000 DB:7E P:84 V:114 H:20 
C09157 $9E $89 $DD     STZ $DD89,X [7EDEB7] = $8000    A:0000 X:012E Y:0000 S:036C D:0000 DB:7E P:84 V:114 H:24 
C0915A $E8             INX                             A:0000 X:012E Y:0000 S:036C D:0000 DB:7E P:84 V:114 H:34 
C0915B $E8             INX                             A:0000 X:012F Y:0000 S:036C D:0000 DB:7E P:04 V:114 H:37 
C0915C $E0 $00 $04     CPX #$0400                      A:0000 X:0130 Y:0000 S:036C D:0000 DB:7E P:04 V:114 H:40 
C0915F $90 $F6         BCC $C09157                     A:0000 X:0130 Y:0000 S:036C D:0000 DB:7E P:84 V:114 H:45 
C09157 $9E $89 $DD     STZ $DD89,X [7EDEB9] = $8000    A:0000 X:0130 Y:0000 S:036C D:0000 DB:7E P:84 V:114 H:49 
C0915A $E8             INX                             A:0000 X:0130 Y:0000 S:036C D:0000 DB:7E P:84 V:114 H:59 
C0915B $E8             INX                             A:0000 X:0131 Y:0000 S:036C D:0000 DB:7E P:04 V:114 H:62 
C0915C $E0 $00 $04     CPX #$0400                      A:0000 X:0132 Y:0000 S:036C D:0000 DB:7E P:04 V:114 H:65 
C0915F $90 $F6         BCC $C09157                     A:0000 X:0132 Y:0000 S:036C D:0000 DB:7E P:84 V:114 H:70 
C09157 $9E $89 $DD     STZ $DD89,X [7EDEBB] = $8000    A:0000 X:0132 Y:0000 S:036C D:0000 DB:7E P:84 V:114 H:74 
C0915A $E8             INX                             A:0000 X:0132 Y:0000 S:036C D:0000 DB:7E P:84 V:114 H:84 
C0915B $E8             INX                             A:0000 X:0133 Y:0000 S:036C D:0000 DB:7E P:04 V:114 H:87 
C0915C $E0 $00 $04     CPX #$0400                      A:0000 X:0134 Y:0000 S:036C D:0000 DB:7E P:04 V:114 H:90 
C0915F $90 $F6         BCC $C09157                     A:0000 X:0134 Y:0000 S:036C D:0000 DB:7E P:84 V:114 H:95 
C09157 $9E $89 $DD     STZ $DD89,X [7EDEBD] = $8000    A:0000 X:0134 Y:0000 S:036C D:0000 DB:7E P:84 V:114 H:99 
C0915A $E8             INX                             A:0000 X:0134 Y:0000 S:036C D:0000 DB:7E P:84 V:114 H:109
C0915B $E8             INX                             A:0000 X:0135 Y:0000 S:036C D:0000 DB:7E P:04 V:114 H:112
C0915C $E0 $00 $04     CPX #$0400                      A:0000 X:0136 Y:0000 S:036C D:0000 DB:7E P:04 V:114 H:115
C0915F $90 $F6         BCC $C09157                     A:0000 X:0136 Y:0000 S:036C D:0000 DB:7E P:84 V:114 H:120
C09157 $9E $89 $DD     STZ $DD89,X [7EDEBF] = $8000    A:0000 X:0136 Y:0000 S:036C D:0000 DB:7E P:84 V:114 H:124
C0915A $E8             INX                             A:0000 X:0136 Y:0000 S:036C D:0000 DB:7E P:84 V:114 H:144
C0915B $E8             INX                             A:0000 X:0137 Y:0000 S:036C D:0000 DB:7E P:04 V:114 H:147
C0915C $E0 $00 $04     CPX #$0400                      A:0000 X:0138 Y:0000 S:036C D:0000 DB:7E P:04 V:114 H:150
C0915F $90 $F6         BCC $C09157                     A:0000 X:0138 Y:0000 S:036C D:0000 DB:7E P:84 V:114 H:155
C09157 $9E $89 $DD     STZ $DD89,X [7EDEC1] = $8000    A:0000 X:0138 Y:0000 S:036C D:0000 DB:7E P:84 V:114 H:159
C0915A $E8             INX                             A:0000 X:0138 Y:0000 S:036C D:0000 DB:7E P:84 V:114 H:169
C0915B $E8             INX                             A:0000 X:0139 Y:0000 S:036C D:0000 DB:7E P:04 V:114 H:172
C0915C $E0 $00 $04     CPX #$0400                      A:0000 X:013A Y:0000 S:036C D:0000 DB:7E P:04 V:114 H:175
C0915F $90 $F6         BCC $C09157                     A:0000 X:013A Y:0000 S:036C D:0000 DB:7E P:84 V:114 H:180
C09157 $9E $89 $DD     STZ $DD89,X [7EDEC3] = $8000    A:0000 X:013A Y:0000 S:036C D:0000 DB:7E P:84 V:114 H:184
C0915A $E8             INX                             A:0000 X:013A Y:0000 S:036C D:0000 DB:7E P:84 V:114 H:194
C0915B $E8             INX                             A:0000 X:013B Y:0000 S:036C D:0000 DB:7E P:04 V:114 H:197
C0915C $E0 $00 $04     CPX #$0400                      A:0000 X:013C Y:0000 S:036C D:0000 DB:7E P:04 V:114 H:200
C0915F $90 $F6         BCC $C09157                     A:0000 X:013C Y:0000 S:036C D:0000 DB:7E P:84 V:114 H:205
C09157 $9E $89 $DD     STZ $DD89,X [7EDEC5] = $8000    A:0000 X:013C Y:0000 S:036C D:0000 DB:7E P:84 V:114 H:209
C0915A $E8             INX                             A:0000 X:013C Y:0000 S:036C D:0000 DB:7E P:84 V:114 H:219
C0915B $E8             INX                             A:0000 X:013D Y:0000 S:036C D:0000 DB:7E P:04 V:114 H:222
C0915C $E0 $00 $04     CPX #$0400                      A:0000 X:013E Y:0000 S:036C D:0000 DB:7E P:04 V:114 H:225
C0915F $90 $F6         BCC $C09157                     A:0000 X:013E Y:0000 S:036C D:0000 DB:7E P:84 V:114 H:230
C09157 $9E $89 $DD     STZ $DD89,X [7EDEC7] = $8000    A:0000 X:013E Y:0000 S:036C D:0000 DB:7E P:84 V:114 H:234
C0915A $E8             INX                             A:0000 X:013E Y:0000 S:036C D:0000 DB:7E P:84 V:114 H:244
C0915B $E8             INX                             A:0000 X:013F Y:0000 S:036C D:0000 DB:7E P:04 V:114 H:247
C0915C $E0 $00 $04     CPX #$0400                      A:0000 X:0140 Y:0000 S:036C D:0000 DB:7E P:04 V:114 H:250
C0915F $90 $F6         BCC $C09157                     A:0000 X:0140 Y:0000 S:036C D:0000 DB:7E P:84 V:114 H:255
C09157 $9E $89 $DD     STZ $DD89,X [7EDEC9] = $8000    A:0000 X:0140 Y:0000 S:036C D:0000 DB:7E P:84 V:114 H:259
C0915A $E8             INX                             A:0000 X:0140 Y:0000 S:036C D:0000 DB:7E P:84 V:114 H:269
C0915B $E8             INX                             A:0000 X:0141 Y:0000 S:036C D:0000 DB:7E P:04 V:114 H:272
C0915C $E0 $00 $04     CPX #$0400                      A:0000 X:0142 Y:0000 S:036C D:0000 DB:7E P:04 V:114 H:275
C0915F $90 $F6         BCC $C09157                     A:0000 X:0142 Y:0000 S:036C D:0000 DB:7E P:84 V:114 H:296
C09157 $9E $89 $DD     STZ $DD89,X [7EDECB] = $8000    A:0000 X:0142 Y:0000 S:036C D:0000 DB:7E P:84 V:114 H:301
C0915A $E8             INX                             A:0000 X:0142 Y:0000 S:036C D:0000 DB:7E P:84 V:114 H:311
C0915B $E8             INX                             A:0000 X:0143 Y:0000 S:036C D:0000 DB:7E P:04 V:114 H:314
C0915C $E0 $00 $04     CPX #$0400                      A:0000 X:0144 Y:0000 S:036C D:0000 DB:7E P:04 V:114 H:317
C0915F $90 $F6         BCC $C09157                     A:0000 X:0144 Y:0000 S:036C D:0000 DB:7E P:84 V:114 H:321
C09157 $9E $89 $DD     STZ $DD89,X [7EDECD] = $8000    A:0000 X:0144 Y:0000 S:036C D:0000 DB:7E P:84 V:114 H:325
C0915A $E8             INX                             A:0000 X:0144 Y:0000 S:036C D:0000 DB:7E P:84 V:114 H:335
C0915B $E8             INX                             A:0000 X:0145 Y:0000 S:036C D:0000 DB:7E P:04 V:114 H:338
C0915C $E0 $00 $04     CPX #$0400                      A:0000 X:0146 Y:0000 S:036C D:0000 DB:7E P:04 V:115 H:1  
C0915F $90 $F6         BCC $C09157                     A:0000 X:0146 Y:0000 S:036C D:0000 DB:7E P:84 V:115 H:5  
C09157 $9E $89 $DD     STZ $DD89,X [7EDECF] = $8000    A:0000 X:0146 Y:0000 S:036C D:0000 DB:7E P:84 V:115 H:10 
C0915A $E8             INX                             A:0000 X:0146 Y:0000 S:036C D:0000 DB:7E P:84 V:115 H:20 
C0915B $E8             INX                             A:0000 X:0147 Y:0000 S:036C D:0000 DB:7E P:04 V:115 H:23 
C0915C $E0 $00 $04     CPX #$0400                      A:0000 X:0148 Y:0000 S:036C D:0000 DB:7E P:04 V:115 H:26 
C0915F $90 $F6         BCC $C09157                     A:0000 X:0148 Y:0000 S:036C D:0000 DB:7E P:84 V:115 H:30 
C09157 $9E $89 $DD     STZ $DD89,X [7EDED1] = $8000    A:0000 X:0148 Y:0000 S:036C D:0000 DB:7E P:84 V:115 H:35 
C0915A $E8             INX                             A:0000 X:0148 Y:0000 S:036C D:0000 DB:7E P:84 V:115 H:45 
C0915B $E8             INX                             A:0000 X:0149 Y:0000 S:036C D:0000 DB:7E P:04 V:115 H:48 
C0915C $E0 $00 $04     CPX #$0400                      A:0000 X:014A Y:0000 S:036C D:0000 DB:7E P:04 V:115 H:51 
C0915F $90 $F6         BCC $C09157                     A:0000 X:014A Y:0000 S:036C D:0000 DB:7E P:84 V:115 H:55 
C09157 $9E $89 $DD     STZ $DD89,X [7EDED3] = $8000    A:0000 X:014A Y:0000 S:036C D:0000 DB:7E P:84 V:115 H:60 
C0915A $E8             INX                             A:0000 X:014A Y:0000 S:036C D:0000 DB:7E P:84 V:115 H:70 
C0915B $E8             INX                             A:0000 X:014B Y:0000 S:036C D:0000 DB:7E P:04 V:115 H:73 
C0915C $E0 $00 $04     CPX #$0400                      A:0000 X:014C Y:0000 S:036C D:0000 DB:7E P:04 V:115 H:76 
C0915F $90 $F6         BCC $C09157                     A:0000 X:014C Y:0000 S:036C D:0000 DB:7E P:84 V:115 H:80 
C09157 $9E $89 $DD     STZ $DD89,X [7EDED5] = $8000    A:0000 X:014C Y:0000 S:036C D:0000 DB:7E P:84 V:115 H:85 
C0915A $E8             INX                             A:0000 X:014C Y:0000 S:036C D:0000 DB:7E P:84 V:115 H:95 
C0915B $E8             INX                             A:0000 X:014D Y:0000 S:036C D:0000 DB:7E P:04 V:115 H:98 
C0915C $E0 $00 $04     CPX #$0400                      A:0000 X:014E Y:0000 S:036C D:0000 DB:7E P:04 V:115 H:101
C0915F $90 $F6         BCC $C09157                     A:0000 X:014E Y:0000 S:036C D:0000 DB:7E P:84 V:115 H:105
C09157 $9E $89 $DD     STZ $DD89,X [7EDED7] = $8000    A:0000 X:014E Y:0000 S:036C D:0000 DB:7E P:84 V:115 H:110
C0915A $E8             INX                             A:0000 X:014E Y:0000 S:036C D:0000 DB:7E P:84 V:115 H:120
C0915B $E8             INX                             A:0000 X:014F Y:0000 S:036C D:0000 DB:7E P:04 V:115 H:123
C0915C $E0 $00 $04     CPX #$0400                      A:0000 X:0150 Y:0000 S:036C D:0000 DB:7E P:04 V:115 H:126
C0915F $90 $F6         BCC $C09157                     A:0000 X:0150 Y:0000 S:036C D:0000 DB:7E P:84 V:115 H:130
C09157 $9E $89 $DD     STZ $DD89,X [7EDED9] = $8000    A:0000 X:0150 Y:0000 S:036C D:0000 DB:7E P:84 V:115 H:145
C0915A $E8             INX                             A:0000 X:0150 Y:0000 S:036C D:0000 DB:7E P:84 V:115 H:155
C0915B $E8             INX                             A:0000 X:0151 Y:0000 S:036C D:0000 DB:7E P:04 V:115 H:158
C0915C $E0 $00 $04     CPX #$0400                      A:0000 X:0152 Y:0000 S:036C D:0000 DB:7E P:04 V:115 H:161
C0915F $90 $F6         BCC $C09157                     A:0000 X:0152 Y:0000 S:036C D:0000 DB:7E P:84 V:115 H:165
C09157 $9E $89 $DD     STZ $DD89,X [7EDEDB] = $8000    A:0000 X:0152 Y:0000 S:036C D:0000 DB:7E P:84 V:115 H:170
C0915A $E8             INX                             A:0000 X:0152 Y:0000 S:036C D:0000 DB:7E P:84 V:115 H:180
C0915B $E8             INX                             A:0000 X:0153 Y:0000 S:036C D:0000 DB:7E P:04 V:115 H:183
C0915C $E0 $00 $04     CPX #$0400                      A:0000 X:0154 Y:0000 S:036C D:0000 DB:7E P:04 V:115 H:186
C0915F $90 $F6         BCC $C09157                     A:0000 X:0154 Y:0000 S:036C D:0000 DB:7E P:84 V:115 H:190
C09157 $9E $89 $DD     STZ $DD89,X [7EDEDD] = $8000    A:0000 X:0154 Y:0000 S:036C D:0000 DB:7E P:84 V:115 H:195
C0915A $E8             INX                             A:0000 X:0154 Y:0000 S:036C D:0000 DB:7E P:84 V:115 H:205
C0915B $E8             INX                             A:0000 X:0155 Y:0000 S:036C D:0000 DB:7E P:04 V:115 H:208
C0915C $E0 $00 $04     CPX #$0400                      A:0000 X:0156 Y:0000 S:036C D:0000 DB:7E P:04 V:115 H:211
C0915F $90 $F6         BCC $C09157                     A:0000 X:0156 Y:0000 S:036C D:0000 DB:7E P:84 V:115 H:215
C09157 $9E $89 $DD     STZ $DD89,X [7EDEDF] = $8000    A:0000 X:0156 Y:0000 S:036C D:0000 DB:7E P:84 V:115 H:220
C0915A $E8             INX                             A:0000 X:0156 Y:0000 S:036C D:0000 DB:7E P:84 V:115 H:230
C0915B $E8             INX                             A:0000 X:0157 Y:0000 S:036C D:0000 DB:7E P:04 V:115 H:233
C0915C $E0 $00 $04     CPX #$0400                      A:0000 X:0158 Y:0000 S:036C D:0000 DB:7E P:04 V:115 H:236
C0915F $90 $F6         BCC $C09157                     A:0000 X:0158 Y:0000 S:036C D:0000 DB:7E P:84 V:115 H:240
C09157 $9E $89 $DD     STZ $DD89,X [7EDEE1] = $8000    A:0000 X:0158 Y:0000 S:036C D:0000 DB:7E P:84 V:115 H:245
C0915A $E8             INX                             A:0000 X:0158 Y:0000 S:036C D:0000 DB:7E P:84 V:115 H:255
C0915B $E8             INX                             A:0000 X:0159 Y:0000 S:036C D:0000 DB:7E P:04 V:115 H:258
C0915C $E0 $00 $04     CPX #$0400                      A:0000 X:015A Y:0000 S:036C D:0000 DB:7E P:04 V:115 H:261
C0915F $90 $F6         BCC $C09157                     A:0000 X:015A Y:0000 S:036C D:0000 DB:7E P:84 V:115 H:265
C09157 $9E $89 $DD     STZ $DD89,X [7EDEE3] = $8000    A:0000 X:015A Y:0000 S:036C D:0000 DB:7E P:84 V:115 H:270
C0915A $E8             INX                             A:0000 X:015A Y:0000 S:036C D:0000 DB:7E P:84 V:115 H:296
C0915B $E8             INX                             A:0000 X:015B Y:0000 S:036C D:0000 DB:7E P:04 V:115 H:299
C0915C $E0 $00 $04     CPX #$0400                      A:0000 X:015C Y:0000 S:036C D:0000 DB:7E P:04 V:115 H:302
C0915F $90 $F6         BCC $C09157                     A:0000 X:015C Y:0000 S:036C D:0000 DB:7E P:84 V:115 H:306
C09157 $9E $89 $DD     STZ $DD89,X [7EDEE5] = $8000    A:0000 X:015C Y:0000 S:036C D:0000 DB:7E P:84 V:115 H:311
C0915A $E8             INX                             A:0000 X:015C Y:0000 S:036C D:0000 DB:7E P:84 V:115 H:321
C0915B $E8             INX                             A:0000 X:015D Y:0000 S:036C D:0000 DB:7E P:04 V:115 H:323
C0915C $E0 $00 $04     CPX #$0400                      A:0000 X:015E Y:0000 S:036C D:0000 DB:7E P:04 V:115 H:326
C0915F $90 $F6         BCC $C09157                     A:0000 X:015E Y:0000 S:036C D:0000 DB:7E P:84 V:115 H:330
C09157 $9E $89 $DD     STZ $DD89,X [7EDEE7] = $8000    A:0000 X:015E Y:0000 S:036C D:0000 DB:7E P:84 V:115 H:335
C0915A $E8             INX                             A:0000 X:015E Y:0000 S:036C D:0000 DB:7E P:84 V:116 H:5  
C0915B $E8             INX                             A:0000 X:015F Y:0000 S:036C D:0000 DB:7E P:04 V:116 H:8  
C0915C $E0 $00 $04     CPX #$0400                      A:0000 X:0160 Y:0000 S:036C D:0000 DB:7E P:04 V:116 H:11 
C0915F $90 $F6         BCC $C09157                     A:0000 X:0160 Y:0000 S:036C D:0000 DB:7E P:84 V:116 H:15 
C09157 $9E $89 $DD     STZ $DD89,X [7EDEE9] = $8000    A:0000 X:0160 Y:0000 S:036C D:0000 DB:7E P:84 V:116 H:20 
C0915A $E8             INX                             A:0000 X:0160 Y:0000 S:036C D:0000 DB:7E P:84 V:116 H:30 
C0915B $E8             INX                             A:0000 X:0161 Y:0000 S:036C D:0000 DB:7E P:04 V:116 H:33 
C0915C $E0 $00 $04     CPX #$0400                      A:0000 X:0162 Y:0000 S:036C D:0000 DB:7E P:04 V:116 H:36 
C0915F $90 $F6         BCC $C09157                     A:0000 X:0162 Y:0000 S:036C D:0000 DB:7E P:84 V:116 H:40 
C09157 $9E $89 $DD     STZ $DD89,X [7EDEEB] = $8000    A:0000 X:0162 Y:0000 S:036C D:0000 DB:7E P:84 V:116 H:45 
C0915A $E8             INX                             A:0000 X:0162 Y:0000 S:036C D:0000 DB:7E P:84 V:116 H:55 
C0915B $E8             INX                             A:0000 X:0163 Y:0000 S:036C D:0000 DB:7E P:04 V:116 H:58 
C0915C $E0 $00 $04     CPX #$0400                      A:0000 X:0164 Y:0000 S:036C D:0000 DB:7E P:04 V:116 H:61 
C0915F $90 $F6         BCC $C09157                     A:0000 X:0164 Y:0000 S:036C D:0000 DB:7E P:84 V:116 H:65 
C09157 $9E $89 $DD     STZ $DD89,X [7EDEED] = $8000    A:0000 X:0164 Y:0000 S:036C D:0000 DB:7E P:84 V:116 H:70 
C0915A $E8             INX                             A:0000 X:0164 Y:0000 S:036C D:0000 DB:7E P:84 V:116 H:80 
C0915B $E8             INX                             A:0000 X:0165 Y:0000 S:036C D:0000 DB:7E P:04 V:116 H:83 
C0915C $E0 $00 $04     CPX #$0400                      A:0000 X:0166 Y:0000 S:036C D:0000 DB:7E P:04 V:116 H:86 
C0915F $90 $F6         BCC $C09157                     A:0000 X:0166 Y:0000 S:036C D:0000 DB:7E P:84 V:116 H:90 
C09157 $9E $89 $DD     STZ $DD89,X [7EDEEF] = $8000    A:0000 X:0166 Y:0000 S:036C D:0000 DB:7E P:84 V:116 H:95 
C0915A $E8             INX                             A:0000 X:0166 Y:0000 S:036C D:0000 DB:7E P:84 V:116 H:105
C0915B $E8             INX                             A:0000 X:0167 Y:0000 S:036C D:0000 DB:7E P:04 V:116 H:108
C0915C $E0 $00 $04     CPX #$0400                      A:0000 X:0168 Y:0000 S:036C D:0000 DB:7E P:04 V:116 H:111
C0915F $90 $F6         BCC $C09157                     A:0000 X:0168 Y:0000 S:036C D:0000 DB:7E P:84 V:116 H:115
C09157 $9E $89 $DD     STZ $DD89,X [7EDEF1] = $8000    A:0000 X:0168 Y:0000 S:036C D:0000 DB:7E P:84 V:116 H:120
C0915A $E8             INX                             A:0000 X:0168 Y:0000 S:036C D:0000 DB:7E P:84 V:116 H:130
C0915B $E8             INX                             A:0000 X:0169 Y:0000 S:036C D:0000 DB:7E P:04 V:116 H:133
C0915C $E0 $00 $04     CPX #$0400                      A:0000 X:016A Y:0000 S:036C D:0000 DB:7E P:04 V:116 H:146
C0915F $90 $F6         BCC $C09157                     A:0000 X:016A Y:0000 S:036C D:0000 DB:7E P:84 V:116 H:150
C09157 $9E $89 $DD     STZ $DD89,X [7EDEF3] = $8000    A:0000 X:016A Y:0000 S:036C D:0000 DB:7E P:84 V:116 H:155
C0915A $E8             INX                             A:0000 X:016A Y:0000 S:036C D:0000 DB:7E P:84 V:116 H:165
C0915B $E8             INX                             A:0000 X:016B Y:0000 S:036C D:0000 DB:7E P:04 V:116 H:168
C0915C $E0 $00 $04     CPX #$0400                      A:0000 X:016C Y:0000 S:036C D:0000 DB:7E P:04 V:116 H:171
C0915F $90 $F6         BCC $C09157                     A:0000 X:016C Y:0000 S:036C D:0000 DB:7E P:84 V:116 H:175
C09157 $9E $89 $DD     STZ $DD89,X [7EDEF5] = $8000    A:0000 X:016C Y:0000 S:036C D:0000 DB:7E P:84 V:116 H:180
C0915A $E8             INX                             A:0000 X:016C Y:0000 S:036C D:0000 DB:7E P:84 V:116 H:190
C0915B $E8             INX                             A:0000 X:016D Y:0000 S:036C D:0000 DB:7E P:04 V:116 H:193
C0915C $E0 $00 $04     CPX #$0400                      A:0000 X:016E Y:0000 S:036C D:0000 DB:7E P:04 V:116 H:196
C0915F $90 $F6         BCC $C09157                     A:0000 X:016E Y:0000 S:036C D:0000 DB:7E P:84 V:116 H:200
C09157 $9E $89 $DD     STZ $DD89,X [7EDEF7] = $8000    A:0000 X:016E Y:0000 S:036C D:0000 DB:7E P:84 V:116 H:205
C0915A $E8             INX                             A:0000 X:016E Y:0000 S:036C D:0000 DB:7E P:84 V:116 H:215
C0915B $E8             INX                             A:0000 X:016F Y:0000 S:036C D:0000 DB:7E P:04 V:116 H:218
C0915C $E0 $00 $04     CPX #$0400                      A:0000 X:0170 Y:0000 S:036C D:0000 DB:7E P:04 V:116 H:221
C0915F $90 $F6         BCC $C09157                     A:0000 X:0170 Y:0000 S:036C D:0000 DB:7E P:84 V:116 H:225
C09157 $9E $89 $DD     STZ $DD89,X [7EDEF9] = $8000    A:0000 X:0170 Y:0000 S:036C D:0000 DB:7E P:84 V:116 H:230
C0915A $E8             INX                             A:0000 X:0170 Y:0000 S:036C D:0000 DB:7E P:84 V:116 H:240
C0915B $E8             INX                             A:0000 X:0171 Y:0000 S:036C D:0000 DB:7E P:04 V:116 H:243
C0915C $E0 $00 $04     CPX #$0400                      A:0000 X:0172 Y:0000 S:036C D:0000 DB:7E P:04 V:116 H:246
C0915F $90 $F6         BCC $C09157                     A:0000 X:0172 Y:0000 S:036C D:0000 DB:7E P:84 V:116 H:250
C09157 $9E $89 $DD     STZ $DD89,X [7EDEFB] = $8000    A:0000 X:0172 Y:0000 S:036C D:0000 DB:7E P:84 V:116 H:255
C0915A $E8             INX                             A:0000 X:0172 Y:0000 S:036C D:0000 DB:7E P:84 V:116 H:265
C0915B $E8             INX                             A:0000 X:0173 Y:0000 S:036C D:0000 DB:7E P:04 V:116 H:268
C0915C $E0 $00 $04     CPX #$0400                      A:0000 X:0174 Y:0000 S:036C D:0000 DB:7E P:04 V:116 H:271
C0915F $90 $F6         BCC $C09157                     A:0000 X:0174 Y:0000 S:036C D:0000 DB:7E P:84 V:116 H:275
C09157 $9E $89 $DD     STZ $DD89,X [7EDEFD] = $8000    A:0000 X:0174 Y:0000 S:036C D:0000 DB:7E P:84 V:116 H:296
C0915A $E8             INX                             A:0000 X:0174 Y:0000 S:036C D:0000 DB:7E P:84 V:116 H:306
C0915B $E8             INX                             A:0000 X:0175 Y:0000 S:036C D:0000 DB:7E P:04 V:116 H:309
C0915C $E0 $00 $04     CPX #$0400                      A:0000 X:0176 Y:0000 S:036C D:0000 DB:7E P:04 V:116 H:312
C0915F $90 $F6         BCC $C09157                     A:0000 X:0176 Y:0000 S:036C D:0000 DB:7E P:84 V:116 H:317
C09157 $9E $89 $DD     STZ $DD89,X [7EDEFF] = $8000    A:0000 X:0176 Y:0000 S:036C D:0000 DB:7E P:84 V:116 H:321
C0915A $E8             INX                             A:0000 X:0176 Y:0000 S:036C D:0000 DB:7E P:84 V:116 H:330
C0915B $E8             INX                             A:0000 X:0177 Y:0000 S:036C D:0000 DB:7E P:04 V:116 H:333
C0915C $E0 $00 $04     CPX #$0400                      A:0000 X:0178 Y:0000 S:036C D:0000 DB:7E P:04 V:116 H:336
C0915F $90 $F6         BCC $C09157                     A:0000 X:0178 Y:0000 S:036C D:0000 DB:7E P:84 V:117 H:1  
C09157 $9E $89 $DD     STZ $DD89,X [7EDF01] = $8000    A:0000 X:0178 Y:0000 S:036C D:0000 DB:7E P:84 V:117 H:5  
C0915A $E8             INX                             A:0000 X:0178 Y:0000 S:036C D:0000 DB:7E P:84 V:117 H:15 
C0915B $E8             INX                             A:0000 X:0179 Y:0000 S:036C D:0000 DB:7E P:04 V:117 H:18 
C0915C $E0 $00 $04     CPX #$0400                      A:0000 X:017A Y:0000 S:036C D:0000 DB:7E P:04 V:117 H:21 
C0915F $90 $F6         BCC $C09157                     A:0000 X:017A Y:0000 S:036C D:0000 DB:7E P:84 V:117 H:26 
C09157 $9E $89 $DD     STZ $DD89,X [7EDF03] = $8000    A:0000 X:017A Y:0000 S:036C D:0000 DB:7E P:84 V:117 H:30 
C0915A $E8             INX                             A:0000 X:017A Y:0000 S:036C D:0000 DB:7E P:84 V:117 H:40 
C0915B $E8             INX                             A:0000 X:017B Y:0000 S:036C D:0000 DB:7E P:04 V:117 H:43 
C0915C $E0 $00 $04     CPX #$0400                      A:0000 X:017C Y:0000 S:036C D:0000 DB:7E P:04 V:117 H:46 
C0915F $90 $F6         BCC $C09157                     A:0000 X:017C Y:0000 S:036C D:0000 DB:7E P:84 V:117 H:51 
C09157 $9E $89 $DD     STZ $DD89,X [7EDF05] = $8000    A:0000 X:017C Y:0000 S:036C D:0000 DB:7E P:84 V:117 H:55 
C0915A $E8             INX                             A:0000 X:017C Y:0000 S:036C D:0000 DB:7E P:84 V:117 H:65 
C0915B $E8             INX                             A:0000 X:017D Y:0000 S:036C D:0000 DB:7E P:04 V:117 H:68 
C0915C $E0 $00 $04     CPX #$0400                      A:0000 X:017E Y:0000 S:036C D:0000 DB:7E P:04 V:117 H:71 
C0915F $90 $F6         BCC $C09157                     A:0000 X:017E Y:0000 S:036C D:0000 DB:7E P:84 V:117 H:76 
C09157 $9E $89 $DD     STZ $DD89,X [7EDF07] = $8000    A:0000 X:017E Y:0000 S:036C D:0000 DB:7E P:84 V:117 H:80 
C0915A $E8             INX                             A:0000 X:017E Y:0000 S:036C D:0000 DB:7E P:84 V:117 H:90 
C0915B $E8             INX                             A:0000 X:017F Y:0000 S:036C D:0000 DB:7E P:04 V:117 H:93 
C0915C $E0 $00 $04     CPX #$0400                      A:0000 X:0180 Y:0000 S:036C D:0000 DB:7E P:04 V:117 H:96 
C0915F $90 $F6         BCC $C09157                     A:0000 X:0180 Y:0000 S:036C D:0000 DB:7E P:84 V:117 H:101
C09157 $9E $89 $DD     STZ $DD89,X [7EDF09] = $8000    A:0000 X:0180 Y:0000 S:036C D:0000 DB:7E P:84 V:117 H:105
C0915A $E8             INX                             A:0000 X:0180 Y:0000 S:036C D:0000 DB:7E P:84 V:117 H:115
C0915B $E8             INX                             A:0000 X:0181 Y:0000 S:036C D:0000 DB:7E P:04 V:117 H:118
C0915C $E0 $00 $04     CPX #$0400                      A:0000 X:0182 Y:0000 S:036C D:0000 DB:7E P:04 V:117 H:121
C0915F $90 $F6         BCC $C09157                     A:0000 X:0182 Y:0000 S:036C D:0000 DB:7E P:84 V:117 H:126
C09157 $9E $89 $DD     STZ $DD89,X [7EDF0B] = $8000    A:0000 X:0182 Y:0000 S:036C D:0000 DB:7E P:84 V:117 H:130
C0915A $E8             INX                             A:0000 X:0182 Y:0000 S:036C D:0000 DB:7E P:84 V:117 H:150
C0915B $E8             INX                             A:0000 X:0183 Y:0000 S:036C D:0000 DB:7E P:04 V:117 H:153
C0915C $E0 $00 $04     CPX #$0400                      A:0000 X:0184 Y:0000 S:036C D:0000 DB:7E P:04 V:117 H:156
C0915F $90 $F6         BCC $C09157                     A:0000 X:0184 Y:0000 S:036C D:0000 DB:7E P:84 V:117 H:161
C09157 $9E $89 $DD     STZ $DD89,X [7EDF0D] = $8000    A:0000 X:0184 Y:0000 S:036C D:0000 DB:7E P:84 V:117 H:165
C0915A $E8             INX                             A:0000 X:0184 Y:0000 S:036C D:0000 DB:7E P:84 V:117 H:175
C0915B $E8             INX                             A:0000 X:0185 Y:0000 S:036C D:0000 DB:7E P:04 V:117 H:178
C0915C $E0 $00 $04     CPX #$0400                      A:0000 X:0186 Y:0000 S:036C D:0000 DB:7E P:04 V:117 H:181
C0915F $90 $F6         BCC $C09157                     A:0000 X:0186 Y:0000 S:036C D:0000 DB:7E P:84 V:117 H:186
C09157 $9E $89 $DD     STZ $DD89,X [7EDF0F] = $8000    A:0000 X:0186 Y:0000 S:036C D:0000 DB:7E P:84 V:117 H:190
C0915A $E8             INX                             A:0000 X:0186 Y:0000 S:036C D:0000 DB:7E P:84 V:117 H:200
C0915B $E8             INX                             A:0000 X:0187 Y:0000 S:036C D:0000 DB:7E P:04 V:117 H:203
C0915C $E0 $00 $04     CPX #$0400                      A:0000 X:0188 Y:0000 S:036C D:0000 DB:7E P:04 V:117 H:206
C0915F $90 $F6         BCC $C09157                     A:0000 X:0188 Y:0000 S:036C D:0000 DB:7E P:84 V:117 H:211
C09157 $9E $89 $DD     STZ $DD89,X [7EDF11] = $8000    A:0000 X:0188 Y:0000 S:036C D:0000 DB:7E P:84 V:117 H:215
C0915A $E8             INX                             A:0000 X:0188 Y:0000 S:036C D:0000 DB:7E P:84 V:117 H:225
C0915B $E8             INX                             A:0000 X:0189 Y:0000 S:036C D:0000 DB:7E P:04 V:117 H:228
C0915C $E0 $00 $04     CPX #$0400                      A:0000 X:018A Y:0000 S:036C D:0000 DB:7E P:04 V:117 H:231
C0915F $90 $F6         BCC $C09157                     A:0000 X:018A Y:0000 S:036C D:0000 DB:7E P:84 V:117 H:236
C09157 $9E $89 $DD     STZ $DD89,X [7EDF13] = $8000    A:0000 X:018A Y:0000 S:036C D:0000 DB:7E P:84 V:117 H:240
C0915A $E8             INX                             A:0000 X:018A Y:0000 S:036C D:0000 DB:7E P:84 V:117 H:250
C0915B $E8             INX                             A:0000 X:018B Y:0000 S:036C D:0000 DB:7E P:04 V:117 H:253
C0915C $E0 $00 $04     CPX #$0400                      A:0000 X:018C Y:0000 S:036C D:0000 DB:7E P:04 V:117 H:256
C0915F $90 $F6         BCC $C09157                     A:0000 X:018C Y:0000 S:036C D:0000 DB:7E P:84 V:117 H:261
C09157 $9E $89 $DD     STZ $DD89,X [7EDF15] = $8000    A:0000 X:018C Y:0000 S:036C D:0000 DB:7E P:84 V:117 H:265
C0915A $E8             INX                             A:0000 X:018C Y:0000 S:036C D:0000 DB:7E P:84 V:117 H:275
C0915B $E8             INX                             A:0000 X:018D Y:0000 S:036C D:0000 DB:7E P:04 V:117 H:293
C0915C $E0 $00 $04     CPX #$0400                      A:0000 X:018E Y:0000 S:036C D:0000 DB:7E P:04 V:117 H:296
C0915F $90 $F6         BCC $C09157                     A:0000 X:018E Y:0000 S:036C D:0000 DB:7E P:84 V:117 H:301
C09157 $9E $89 $DD     STZ $DD89,X [7EDF17] = $8000    A:0000 X:018E Y:0000 S:036C D:0000 DB:7E P:84 V:117 H:305
C0915A $E8             INX                             A:0000 X:018E Y:0000 S:036C D:0000 DB:7E P:84 V:117 H:315
C0915B $E8             INX                             A:0000 X:018F Y:0000 S:036C D:0000 DB:7E P:04 V:117 H:318
C0915C $E0 $00 $04     CPX #$0400                      A:0000 X:0190 Y:0000 S:036C D:0000 DB:7E P:04 V:117 H:321
C0915F $90 $F6         BCC $C09157                     A:0000 X:0190 Y:0000 S:036C D:0000 DB:7E P:84 V:117 H:325
C09157 $9E $89 $DD     STZ $DD89,X [7EDF19] = $8000    A:0000 X:0190 Y:0000 S:036C D:0000 DB:7E P:84 V:117 H:329
C0915A $E8             INX                             A:0000 X:0190 Y:0000 S:036C D:0000 DB:7E P:84 V:117 H:339
C0915B $E8             INX                             A:0000 X:0191 Y:0000 S:036C D:0000 DB:7E P:04 V:118 H:2  
C0915C $E0 $00 $04     CPX #$0400                      A:0000 X:0192 Y:0000 S:036C D:0000 DB:7E P:04 V:118 H:5  
C0915F $90 $F6         BCC $C09157                     A:0000 X:0192 Y:0000 S:036C D:0000 DB:7E P:84 V:118 H:10 
C09157 $9E $89 $DD     STZ $DD89,X [7EDF1B] = $8000    A:0000 X:0192 Y:0000 S:036C D:0000 DB:7E P:84 V:118 H:14 
C0915A $E8             INX                             A:0000 X:0192 Y:0000 S:036C D:0000 DB:7E P:84 V:118 H:24 
C0915B $E8             INX                             A:0000 X:0193 Y:0000 S:036C D:0000 DB:7E P:04 V:118 H:27 
C0915C $E0 $00 $04     CPX #$0400                      A:0000 X:0194 Y:0000 S:036C D:0000 DB:7E P:04 V:118 H:30 
C0915F $90 $F6         BCC $C09157                     A:0000 X:0194 Y:0000 S:036C D:0000 DB:7E P:84 V:118 H:35 
C09157 $9E $89 $DD     STZ $DD89,X [7EDF1D] = $8000    A:0000 X:0194 Y:0000 S:036C D:0000 DB:7E P:84 V:118 H:39 
C0915A $E8             INX                             A:0000 X:0194 Y:0000 S:036C D:0000 DB:7E P:84 V:118 H:49 
C0915B $E8             INX                             A:0000 X:0195 Y:0000 S:036C D:0000 DB:7E P:04 V:118 H:52 
C0915C $E0 $00 $04     CPX #$0400                      A:0000 X:0196 Y:0000 S:036C D:0000 DB:7E P:04 V:118 H:55 
C0915F $90 $F6         BCC $C09157                     A:0000 X:0196 Y:0000 S:036C D:0000 DB:7E P:84 V:118 H:60 
C09157 $9E $89 $DD     STZ $DD89,X [7EDF1F] = $8000    A:0000 X:0196 Y:0000 S:036C D:0000 DB:7E P:84 V:118 H:64 
C0915A $E8             INX                             A:0000 X:0196 Y:0000 S:036C D:0000 DB:7E P:84 V:118 H:74 
C0915B $E8             INX                             A:0000 X:0197 Y:0000 S:036C D:0000 DB:7E P:04 V:118 H:77 
C0915C $E0 $00 $04     CPX #$0400                      A:0000 X:0198 Y:0000 S:036C D:0000 DB:7E P:04 V:118 H:80 
C0915F $90 $F6         BCC $C09157                     A:0000 X:0198 Y:0000 S:036C D:0000 DB:7E P:84 V:118 H:85 
C09157 $9E $89 $DD     STZ $DD89,X [7EDF21] = $8000    A:0000 X:0198 Y:0000 S:036C D:0000 DB:7E P:84 V:118 H:89 
C0915A $E8             INX                             A:0000 X:0198 Y:0000 S:036C D:0000 DB:7E P:84 V:118 H:99 
C0915B $E8             INX                             A:0000 X:0199 Y:0000 S:036C D:0000 DB:7E P:04 V:118 H:102
C0915C $E0 $00 $04     CPX #$0400                      A:0000 X:019A Y:0000 S:036C D:0000 DB:7E P:04 V:118 H:105
C0915F $90 $F6         BCC $C09157                     A:0000 X:019A Y:0000 S:036C D:0000 DB:7E P:84 V:118 H:110
C09157 $9E $89 $DD     STZ $DD89,X [7EDF23] = $8000    A:0000 X:019A Y:0000 S:036C D:0000 DB:7E P:84 V:118 H:114
C0915A $E8             INX                             A:0000 X:019A Y:0000 S:036C D:0000 DB:7E P:84 V:118 H:124
C0915B $E8             INX                             A:0000 X:019B Y:0000 S:036C D:0000 DB:7E P:04 V:118 H:127
C0915C $E0 $00 $04     CPX #$0400                      A:0000 X:019C Y:0000 S:036C D:0000 DB:7E P:04 V:118 H:130
C0915F $90 $F6         BCC $C09157                     A:0000 X:019C Y:0000 S:036C D:0000 DB:7E P:84 V:118 H:145
C09157 $9E $89 $DD     STZ $DD89,X [7EDF25] = $8000    A:0000 X:019C Y:0000 S:036C D:0000 DB:7E P:84 V:118 H:149
C0915A $E8             INX                             A:0000 X:019C Y:0000 S:036C D:0000 DB:7E P:84 V:118 H:159
C0915B $E8             INX                             A:0000 X:019D Y:0000 S:036C D:0000 DB:7E P:04 V:118 H:162
C0915C $E0 $00 $04     CPX #$0400                      A:0000 X:019E Y:0000 S:036C D:0000 DB:7E P:04 V:118 H:165
C0915F $90 $F6         BCC $C09157                     A:0000 X:019E Y:0000 S:036C D:0000 DB:7E P:84 V:118 H:170
C09157 $9E $89 $DD     STZ $DD89,X [7EDF27] = $8000    A:0000 X:019E Y:0000 S:036C D:0000 DB:7E P:84 V:118 H:174
C0915A $E8             INX                             A:0000 X:019E Y:0000 S:036C D:0000 DB:7E P:84 V:118 H:184
C0915B $E8             INX                             A:0000 X:019F Y:0000 S:036C D:0000 DB:7E P:04 V:118 H:187
C0915C $E0 $00 $04     CPX #$0400                      A:0000 X:01A0 Y:0000 S:036C D:0000 DB:7E P:04 V:118 H:190
C0915F $90 $F6         BCC $C09157                     A:0000 X:01A0 Y:0000 S:036C D:0000 DB:7E P:84 V:118 H:195
C09157 $9E $89 $DD     STZ $DD89,X [7EDF29] = $8000    A:0000 X:01A0 Y:0000 S:036C D:0000 DB:7E P:84 V:118 H:199
C0915A $E8             INX                             A:0000 X:01A0 Y:0000 S:036C D:0000 DB:7E P:84 V:118 H:209
C0915B $E8             INX                             A:0000 X:01A1 Y:0000 S:036C D:0000 DB:7E P:04 V:118 H:212
C0915C $E0 $00 $04     CPX #$0400                      A:0000 X:01A2 Y:0000 S:036C D:0000 DB:7E P:04 V:118 H:215
C0915F $90 $F6         BCC $C09157                     A:0000 X:01A2 Y:0000 S:036C D:0000 DB:7E P:84 V:118 H:220
C09157 $9E $89 $DD     STZ $DD89,X [7EDF2B] = $8000    A:0000 X:01A2 Y:0000 S:036C D:0000 DB:7E P:84 V:118 H:224
C0915A $E8             INX                             A:0000 X:01A2 Y:0000 S:036C D:0000 DB:7E P:84 V:118 H:234
C0915B $E8             INX                             A:0000 X:01A3 Y:0000 S:036C D:0000 DB:7E P:04 V:118 H:237
C0915C $E0 $00 $04     CPX #$0400                      A:0000 X:01A4 Y:0000 S:036C D:0000 DB:7E P:04 V:118 H:240
C0915F $90 $F6         BCC $C09157                     A:0000 X:01A4 Y:0000 S:036C D:0000 DB:7E P:84 V:118 H:245
C09157 $9E $89 $DD     STZ $DD89,X [7EDF2D] = $8000    A:0000 X:01A4 Y:0000 S:036C D:0000 DB:7E P:84 V:118 H:249
C0915A $E8             INX                             A:0000 X:01A4 Y:0000 S:036C D:0000 DB:7E P:84 V:118 H:259
C0915B $E8             INX                             A:0000 X:01A5 Y:0000 S:036C D:0000 DB:7E P:04 V:118 H:262
C0915C $E0 $00 $04     CPX #$0400                      A:0000 X:01A6 Y:0000 S:036C D:0000 DB:7E P:04 V:118 H:265
C0915F $90 $F6         BCC $C09157                     A:0000 X:01A6 Y:0000 S:036C D:0000 DB:7E P:84 V:118 H:270
C09157 $9E $89 $DD     STZ $DD89,X [7EDF2F] = $8000    A:0000 X:01A6 Y:0000 S:036C D:0000 DB:7E P:84 V:118 H:274
C0915A $E8             INX                             A:0000 X:01A6 Y:0000 S:036C D:0000 DB:7E P:84 V:118 H:301
C0915B $E8             INX                             A:0000 X:01A7 Y:0000 S:036C D:0000 DB:7E P:04 V:118 H:304
C0915C $E0 $00 $04     CPX #$0400                      A:0000 X:01A8 Y:0000 S:036C D:0000 DB:7E P:04 V:118 H:307
C0915F $90 $F6         BCC $C09157                     A:0000 X:01A8 Y:0000 S:036C D:0000 DB:7E P:84 V:118 H:311
C09157 $9E $89 $DD     STZ $DD89,X [7EDF31] = $8000    A:0000 X:01A8 Y:0000 S:036C D:0000 DB:7E P:84 V:118 H:316
C0915A $E8             INX                             A:0000 X:01A8 Y:0000 S:036C D:0000 DB:7E P:84 V:118 H:325
C0915B $E8             INX                             A:0000 X:01A9 Y:0000 S:036C D:0000 DB:7E P:04 V:118 H:328
C0915C $E0 $00 $04     CPX #$0400                      A:0000 X:01AA Y:0000 S:036C D:0000 DB:7E P:04 V:118 H:331
C0915F $90 $F6         BCC $C09157                     A:0000 X:01AA Y:0000 S:036C D:0000 DB:7E P:84 V:118 H:335
C09157 $9E $89 $DD     STZ $DD89,X [7EDF33] = $8000    A:0000 X:01AA Y:0000 S:036C D:0000 DB:7E P:84 V:119 H:0  
C0915A $E8             INX                             A:0000 X:01AA Y:0000 S:036C D:0000 DB:7E P:84 V:119 H:10 
C0915B $E8             INX                             A:0000 X:01AB Y:0000 S:036C D:0000 DB:7E P:04 V:119 H:13 
C0915C $E0 $00 $04     CPX #$0400                      A:0000 X:01AC Y:0000 S:036C D:0000 DB:7E P:04 V:119 H:16 
C0915F $90 $F6         BCC $C09157                     A:0000 X:01AC Y:0000 S:036C D:0000 DB:7E P:84 V:119 H:20 
C09157 $9E $89 $DD     STZ $DD89,X [7EDF35] = $8000    A:0000 X:01AC Y:0000 S:036C D:0000 DB:7E P:84 V:119 H:25 
C0915A $E8             INX                             A:0000 X:01AC Y:0000 S:036C D:0000 DB:7E P:84 V:119 H:35 
C0915B $E8             INX                             A:0000 X:01AD Y:0000 S:036C D:0000 DB:7E P:04 V:119 H:38 
C0915C $E0 $00 $04     CPX #$0400                      A:0000 X:01AE Y:0000 S:036C D:0000 DB:7E P:04 V:119 H:41 
C0915F $90 $F6         BCC $C09157                     A:0000 X:01AE Y:0000 S:036C D:0000 DB:7E P:84 V:119 H:45 
C09157 $9E $89 $DD     STZ $DD89,X [7EDF37] = $8000    A:0000 X:01AE Y:0000 S:036C D:0000 DB:7E P:84 V:119 H:50 
C0915A $E8             INX                             A:0000 X:01AE Y:0000 S:036C D:0000 DB:7E P:84 V:119 H:60 
C0915B $E8             INX                             A:0000 X:01AF Y:0000 S:036C D:0000 DB:7E P:04 V:119 H:63 
C0915C $E0 $00 $04     CPX #$0400                      A:0000 X:01B0 Y:0000 S:036C D:0000 DB:7E P:04 V:119 H:66 
C0915F $90 $F6         BCC $C09157                     A:0000 X:01B0 Y:0000 S:036C D:0000 DB:7E P:84 V:119 H:70 
C09157 $9E $89 $DD     STZ $DD89,X [7EDF39] = $8000    A:0000 X:01B0 Y:0000 S:036C D:0000 DB:7E P:84 V:119 H:75 
C0915A $E8             INX                             A:0000 X:01B0 Y:0000 S:036C D:0000 DB:7E P:84 V:119 H:85 
C0915B $E8             INX                             A:0000 X:01B1 Y:0000 S:036C D:0000 DB:7E P:04 V:119 H:88 
C0915C $E0 $00 $04     CPX #$0400                      A:0000 X:01B2 Y:0000 S:036C D:0000 DB:7E P:04 V:119 H:91 
C0915F $90 $F6         BCC $C09157                     A:0000 X:01B2 Y:0000 S:036C D:0000 DB:7E P:84 V:119 H:95 
C09157 $9E $89 $DD     STZ $DD89,X [7EDF3B] = $8000    A:0000 X:01B2 Y:0000 S:036C D:0000 DB:7E P:84 V:119 H:100
C0915A $E8             INX                             A:0000 X:01B2 Y:0000 S:036C D:0000 DB:7E P:84 V:119 H:110
C0915B $E8             INX                             A:0000 X:01B3 Y:0000 S:036C D:0000 DB:7E P:04 V:119 H:113
C0915C $E0 $00 $04     CPX #$0400                      A:0000 X:01B4 Y:0000 S:036C D:0000 DB:7E P:04 V:119 H:116
C0915F $90 $F6         BCC $C09157                     A:0000 X:01B4 Y:0000 S:036C D:0000 DB:7E P:84 V:119 H:120
C09157 $9E $89 $DD     STZ $DD89,X [7EDF3D] = $8000    A:0000 X:01B4 Y:0000 S:036C D:0000 DB:7E P:84 V:119 H:125
C0915A $E8             INX                             A:0000 X:01B4 Y:0000 S:036C D:0000 DB:7E P:84 V:119 H:145
C0915B $E8             INX                             A:0000 X:01B5 Y:0000 S:036C D:0000 DB:7E P:04 V:119 H:148
C0915C $E0 $00 $04     CPX #$0400                      A:0000 X:01B6 Y:0000 S:036C D:0000 DB:7E P:04 V:119 H:151
C0915F $90 $F6         BCC $C09157                     A:0000 X:01B6 Y:0000 S:036C D:0000 DB:7E P:84 V:119 H:155
C09157 $9E $89 $DD     STZ $DD89,X [7EDF3F] = $8000    A:0000 X:01B6 Y:0000 S:036C D:0000 DB:7E P:84 V:119 H:160
C0915A $E8             INX                             A:0000 X:01B6 Y:0000 S:036C D:0000 DB:7E P:84 V:119 H:170
C0915B $E8             INX                             A:0000 X:01B7 Y:0000 S:036C D:0000 DB:7E P:04 V:119 H:173
C0915C $E0 $00 $04     CPX #$0400                      A:0000 X:01B8 Y:0000 S:036C D:0000 DB:7E P:04 V:119 H:176
C0915F $90 $F6         BCC $C09157                     A:0000 X:01B8 Y:0000 S:036C D:0000 DB:7E P:84 V:119 H:180
C09157 $9E $89 $DD     STZ $DD89,X [7EDF41] = $8000    A:0000 X:01B8 Y:0000 S:036C D:0000 DB:7E P:84 V:119 H:185
C0915A $E8             INX                             A:0000 X:01B8 Y:0000 S:036C D:0000 DB:7E P:84 V:119 H:195
C0915B $E8             INX                             A:0000 X:01B9 Y:0000 S:036C D:0000 DB:7E P:04 V:119 H:198
C0915C $E0 $00 $04     CPX #$0400                      A:0000 X:01BA Y:0000 S:036C D:0000 DB:7E P:04 V:119 H:201
C0915F $90 $F6         BCC $C09157                     A:0000 X:01BA Y:0000 S:036C D:0000 DB:7E P:84 V:119 H:205
C09157 $9E $89 $DD     STZ $DD89,X [7EDF43] = $8000    A:0000 X:01BA Y:0000 S:036C D:0000 DB:7E P:84 V:119 H:210
C0915A $E8             INX                             A:0000 X:01BA Y:0000 S:036C D:0000 DB:7E P:84 V:119 H:220
C0915B $E8             INX                             A:0000 X:01BB Y:0000 S:036C D:0000 DB:7E P:04 V:119 H:223
C0915C $E0 $00 $04     CPX #$0400                      A:0000 X:01BC Y:0000 S:036C D:0000 DB:7E P:04 V:119 H:226
C0915F $90 $F6         BCC $C09157                     A:0000 X:01BC Y:0000 S:036C D:0000 DB:7E P:84 V:119 H:230
C09157 $9E $89 $DD     STZ $DD89,X [7EDF45] = $8000    A:0000 X:01BC Y:0000 S:036C D:0000 DB:7E P:84 V:119 H:235
C0915A $E8             INX                             A:0000 X:01BC Y:0000 S:036C D:0000 DB:7E P:84 V:119 H:245
C0915B $E8             INX                             A:0000 X:01BD Y:0000 S:036C D:0000 DB:7E P:04 V:119 H:248
C0915C $E0 $00 $04     CPX #$0400                      A:0000 X:01BE Y:0000 S:036C D:0000 DB:7E P:04 V:119 H:251
C0915F $90 $F6         BCC $C09157                     A:0000 X:01BE Y:0000 S:036C D:0000 DB:7E P:84 V:119 H:255
C09157 $9E $89 $DD     STZ $DD89,X [7EDF47] = $8000    A:0000 X:01BE Y:0000 S:036C D:0000 DB:7E P:84 V:119 H:260
C0915A $E8             INX                             A:0000 X:01BE Y:0000 S:036C D:0000 DB:7E P:84 V:119 H:270
C0915B $E8             INX                             A:0000 X:01BF Y:0000 S:036C D:0000 DB:7E P:04 V:119 H:273
C0915C $E0 $00 $04     CPX #$0400                      A:0000 X:01C0 Y:0000 S:036C D:0000 DB:7E P:04 V:119 H:276
C0915F $90 $F6         BCC $C09157                     A:0000 X:01C0 Y:0000 S:036C D:0000 DB:7E P:84 V:119 H:321
C09157 $9E $89 $DD     STZ $DD89,X [7EDF49] = $8000    A:0000 X:01C0 Y:0000 S:036C D:0000 DB:7E P:84 V:119 H:325
C0915A $E8             INX                             A:0000 X:01C0 Y:0000 S:036C D:0000 DB:7E P:84 V:119 H:334
C0915B $E8             INX                             A:0000 X:01C1 Y:0000 S:036C D:0000 DB:7E P:04 V:119 H:337
C0915C $E0 $00 $04     CPX #$0400                      A:0000 X:01C2 Y:0000 S:036C D:0000 DB:7E P:04 V:120 H:0  
C0915F $90 $F6         BCC $C09157                     A:0000 X:01C2 Y:0000 S:036C D:0000 DB:7E P:84 V:120 H:5  
C09157 $9E $89 $DD     STZ $DD89,X [7EDF4B] = $8000    A:0000 X:01C2 Y:0000 S:036C D:0000 DB:7E P:84 V:120 H:9  
C0915A $E8             INX                             A:0000 X:01C2 Y:0000 S:036C D:0000 DB:7E P:84 V:120 H:19 
C0915B $E8             INX                             A:0000 X:01C3 Y:0000 S:036C D:0000 DB:7E P:04 V:120 H:22 
C0915C $E0 $00 $04     CPX #$0400                      A:0000 X:01C4 Y:0000 S:036C D:0000 DB:7E P:04 V:120 H:25 
C0915F $90 $F6         BCC $C09157                     A:0000 X:01C4 Y:0000 S:036C D:0000 DB:7E P:84 V:120 H:30 
C09157 $9E $89 $DD     STZ $DD89,X [7EDF4D] = $8000    A:0000 X:01C4 Y:0000 S:036C D:0000 DB:7E P:84 V:120 H:34 
C0915A $E8             INX                             A:0000 X:01C4 Y:0000 S:036C D:0000 DB:7E P:84 V:120 H:44 
C0915B $E8             INX                             A:0000 X:01C5 Y:0000 S:036C D:0000 DB:7E P:04 V:120 H:47 
C0915C $E0 $00 $04     CPX #$0400                      A:0000 X:01C6 Y:0000 S:036C D:0000 DB:7E P:04 V:120 H:50 
C0915F $90 $F6         BCC $C09157                     A:0000 X:01C6 Y:0000 S:036C D:0000 DB:7E P:84 V:120 H:55 
C09157 $9E $89 $DD     STZ $DD89,X [7EDF4F] = $8000    A:0000 X:01C6 Y:0000 S:036C D:0000 DB:7E P:84 V:120 H:59 
C0915A $E8             INX                             A:0000 X:01C6 Y:0000 S:036C D:0000 DB:7E P:84 V:120 H:69 
C0915B $E8             INX                             A:0000 X:01C7 Y:0000 S:036C D:0000 DB:7E P:04 V:120 H:72 
C0915C $E0 $00 $04     CPX #$0400                      A:0000 X:01C8 Y:0000 S:036C D:0000 DB:7E P:04 V:120 H:75 
C0915F $90 $F6         BCC $C09157                     A:0000 X:01C8 Y:0000 S:036C D:0000 DB:7E P:84 V:120 H:80 
C09157 $9E $89 $DD     STZ $DD89,X [7EDF51] = $8000    A:0000 X:01C8 Y:0000 S:036C D:0000 DB:7E P:84 V:120 H:84 
C0915A $E8             INX                             A:0000 X:01C8 Y:0000 S:036C D:0000 DB:7E P:84 V:120 H:94 
C0915B $E8             INX                             A:0000 X:01C9 Y:0000 S:036C D:0000 DB:7E P:04 V:120 H:97 
C0915C $E0 $00 $04     CPX #$0400                      A:0000 X:01CA Y:0000 S:036C D:0000 DB:7E P:04 V:120 H:100
C0915F $90 $F6         BCC $C09157                     A:0000 X:01CA Y:0000 S:036C D:0000 DB:7E P:84 V:120 H:105
C09157 $9E $89 $DD     STZ $DD89,X [7EDF53] = $8000    A:0000 X:01CA Y:0000 S:036C D:0000 DB:7E P:84 V:120 H:109
C0915A $E8             INX                             A:0000 X:01CA Y:0000 S:036C D:0000 DB:7E P:84 V:120 H:119
C0915B $E8             INX                             A:0000 X:01CB Y:0000 S:036C D:0000 DB:7E P:04 V:120 H:122
C0915C $E0 $00 $04     CPX #$0400                      A:0000 X:01CC Y:0000 S:036C D:0000 DB:7E P:04 V:120 H:125
C0915F $90 $F6         BCC $C09157                     A:0000 X:01CC Y:0000 S:036C D:0000 DB:7E P:84 V:120 H:130
C09157 $9E $89 $DD     STZ $DD89,X [7EDF55] = $8000    A:0000 X:01CC Y:0000 S:036C D:0000 DB:7E P:84 V:120 H:144
C0915A $E8             INX                             A:0000 X:01CC Y:0000 S:036C D:0000 DB:7E P:84 V:120 H:154
C0915B $E8             INX                             A:0000 X:01CD Y:0000 S:036C D:0000 DB:7E P:04 V:120 H:157
C0915C $E0 $00 $04     CPX #$0400                      A:0000 X:01CE Y:0000 S:036C D:0000 DB:7E P:04 V:120 H:160
C0915F $90 $F6         BCC $C09157                     A:0000 X:01CE Y:0000 S:036C D:0000 DB:7E P:84 V:120 H:165
C09157 $9E $89 $DD     STZ $DD89,X [7EDF57] = $8000    A:0000 X:01CE Y:0000 S:036C D:0000 DB:7E P:84 V:120 H:169
C0915A $E8             INX                             A:0000 X:01CE Y:0000 S:036C D:0000 DB:7E P:84 V:120 H:179
C0915B $E8             INX                             A:0000 X:01CF Y:0000 S:036C D:0000 DB:7E P:04 V:120 H:182
C0915C $E0 $00 $04     CPX #$0400                      A:0000 X:01D0 Y:0000 S:036C D:0000 DB:7E P:04 V:120 H:185
C0915F $90 $F6         BCC $C09157                     A:0000 X:01D0 Y:0000 S:036C D:0000 DB:7E P:84 V:120 H:190
C09157 $9E $89 $DD     STZ $DD89,X [7EDF59] = $8000    A:0000 X:01D0 Y:0000 S:036C D:0000 DB:7E P:84 V:120 H:194
C0915A $E8             INX                             A:0000 X:01D0 Y:0000 S:036C D:0000 DB:7E P:84 V:120 H:204
C0915B $E8             INX                             A:0000 X:01D1 Y:0000 S:036C D:0000 DB:7E P:04 V:120 H:207
C0915C $E0 $00 $04     CPX #$0400                      A:0000 X:01D2 Y:0000 S:036C D:0000 DB:7E P:04 V:120 H:210
C0915F $90 $F6         BCC $C09157                     A:0000 X:01D2 Y:0000 S:036C D:0000 DB:7E P:84 V:120 H:215
C09157 $9E $89 $DD     STZ $DD89,X [7EDF5B] = $8000    A:0000 X:01D2 Y:0000 S:036C D:0000 DB:7E P:84 V:120 H:219
C0915A $E8             INX                             A:0000 X:01D2 Y:0000 S:036C D:0000 DB:7E P:84 V:120 H:229
C0915B $E8             INX                             A:0000 X:01D3 Y:0000 S:036C D:0000 DB:7E P:04 V:120 H:232
C0915C $E0 $00 $04     CPX #$0400                      A:0000 X:01D4 Y:0000 S:036C D:0000 DB:7E P:04 V:120 H:235
C0915F $90 $F6         BCC $C09157                     A:0000 X:01D4 Y:0000 S:036C D:0000 DB:7E P:84 V:120 H:240
C09157 $9E $89 $DD     STZ $DD89,X [7EDF5D] = $8000    A:0000 X:01D4 Y:0000 S:036C D:0000 DB:7E P:84 V:120 H:244
C0915A $E8             INX                             A:0000 X:01D4 Y:0000 S:036C D:0000 DB:7E P:84 V:120 H:254
C0915B $E8             INX                             A:0000 X:01D5 Y:0000 S:036C D:0000 DB:7E P:04 V:120 H:257
C0915C $E0 $00 $04     CPX #$0400                      A:0000 X:01D6 Y:0000 S:036C D:0000 DB:7E P:04 V:120 H:260
C0915F $90 $F6         BCC $C09157                     A:0000 X:01D6 Y:0000 S:036C D:0000 DB:7E P:84 V:120 H:265
C09157 $9E $89 $DD     STZ $DD89,X [7EDF5F] = $8000    A:0000 X:01D6 Y:0000 S:036C D:0000 DB:7E P:84 V:120 H:269
C0915A $E8             INX                             A:0000 X:01D6 Y:0000 S:036C D:0000 DB:7E P:84 V:120 H:321
C0915B $E8             INX                             A:0000 X:01D7 Y:0000 S:036C D:0000 DB:7E P:04 V:120 H:324
C0915C $E0 $00 $04     CPX #$0400                      A:0000 X:01D8 Y:0000 S:036C D:0000 DB:7E P:04 V:120 H:327
C0915F $90 $F6         BCC $C09157                     A:0000 X:01D8 Y:0000 S:036C D:0000 DB:7E P:84 V:120 H:331
C09157 $9E $89 $DD     STZ $DD89,X [7EDF61] = $8000    A:0000 X:01D8 Y:0000 S:036C D:0000 DB:7E P:84 V:120 H:335
C0915A $E8             INX                             A:0000 X:01D8 Y:0000 S:036C D:0000 DB:7E P:84 V:121 H:5  
C0915B $E8             INX                             A:0000 X:01D9 Y:0000 S:036C D:0000 DB:7E P:04 V:121 H:8  
C0915C $E0 $00 $04     CPX #$0400                      A:0000 X:01DA Y:0000 S:036C D:0000 DB:7E P:04 V:121 H:11 
C0915F $90 $F6         BCC $C09157                     A:0000 X:01DA Y:0000 S:036C D:0000 DB:7E P:84 V:121 H:16 
C09157 $9E $89 $DD     STZ $DD89,X [7EDF63] = $8000    A:0000 X:01DA Y:0000 S:036C D:0000 DB:7E P:84 V:121 H:20 
C0915A $E8             INX                             A:0000 X:01DA Y:0000 S:036C D:0000 DB:7E P:84 V:121 H:30 
C0915B $E8             INX                             A:0000 X:01DB Y:0000 S:036C D:0000 DB:7E P:04 V:121 H:33 
C0915C $E0 $00 $04     CPX #$0400                      A:0000 X:01DC Y:0000 S:036C D:0000 DB:7E P:04 V:121 H:36 
C0915F $90 $F6         BCC $C09157                     A:0000 X:01DC Y:0000 S:036C D:0000 DB:7E P:84 V:121 H:41 
C09157 $9E $89 $DD     STZ $DD89,X [7EDF65] = $8000    A:0000 X:01DC Y:0000 S:036C D:0000 DB:7E P:84 V:121 H:45 
C0915A $E8             INX                             A:0000 X:01DC Y:0000 S:036C D:0000 DB:7E P:84 V:121 H:55 
C0915B $E8             INX                             A:0000 X:01DD Y:0000 S:036C D:0000 DB:7E P:04 V:121 H:58 
C0915C $E0 $00 $04     CPX #$0400                      A:0000 X:01DE Y:0000 S:036C D:0000 DB:7E P:04 V:121 H:61 
C0915F $90 $F6         BCC $C09157                     A:0000 X:01DE Y:0000 S:036C D:0000 DB:7E P:84 V:121 H:66 
C09157 $9E $89 $DD     STZ $DD89,X [7EDF67] = $8000    A:0000 X:01DE Y:0000 S:036C D:0000 DB:7E P:84 V:121 H:70 
C0915A $E8             INX                             A:0000 X:01DE Y:0000 S:036C D:0000 DB:7E P:84 V:121 H:80 
C0915B $E8             INX                             A:0000 X:01DF Y:0000 S:036C D:0000 DB:7E P:04 V:121 H:83 
C0915C $E0 $00 $04     CPX #$0400                      A:0000 X:01E0 Y:0000 S:036C D:0000 DB:7E P:04 V:121 H:86 
C0915F $90 $F6         BCC $C09157                     A:0000 X:01E0 Y:0000 S:036C D:0000 DB:7E P:84 V:121 H:91 
C09157 $9E $89 $DD     STZ $DD89,X [7EDF69] = $8000    A:0000 X:01E0 Y:0000 S:036C D:0000 DB:7E P:84 V:121 H:95 
C0915A $E8             INX                             A:0000 X:01E0 Y:0000 S:036C D:0000 DB:7E P:84 V:121 H:105
C0915B $E8             INX                             A:0000 X:01E1 Y:0000 S:036C D:0000 DB:7E P:04 V:121 H:108
C0915C $E0 $00 $04     CPX #$0400                      A:0000 X:01E2 Y:0000 S:036C D:0000 DB:7E P:04 V:121 H:111
C0915F $90 $F6         BCC $C09157                     A:0000 X:01E2 Y:0000 S:036C D:0000 DB:7E P:84 V:121 H:116
C09157 $9E $89 $DD     STZ $DD89,X [7EDF6B] = $8000    A:0000 X:01E2 Y:0000 S:036C D:0000 DB:7E P:84 V:121 H:120
C0915A $E8             INX                             A:0000 X:01E2 Y:0000 S:036C D:0000 DB:7E P:84 V:121 H:130
C0915B $E8             INX                             A:0000 X:01E3 Y:0000 S:036C D:0000 DB:7E P:04 V:121 H:143
C0915C $E0 $00 $04     CPX #$0400                      A:0000 X:01E4 Y:0000 S:036C D:0000 DB:7E P:04 V:121 H:146
C0915F $90 $F6         BCC $C09157                     A:0000 X:01E4 Y:0000 S:036C D:0000 DB:7E P:84 V:121 H:151
C09157 $9E $89 $DD     STZ $DD89,X [7EDF6D] = $8000    A:0000 X:01E4 Y:0000 S:036C D:0000 DB:7E P:84 V:121 H:155
C0915A $E8             INX                             A:0000 X:01E4 Y:0000 S:036C D:0000 DB:7E P:84 V:121 H:165
C0915B $E8             INX                             A:0000 X:01E5 Y:0000 S:036C D:0000 DB:7E P:04 V:121 H:168
C0915C $E0 $00 $04     CPX #$0400                      A:0000 X:01E6 Y:0000 S:036C D:0000 DB:7E P:04 V:121 H:171
C0915F $90 $F6         BCC $C09157                     A:0000 X:01E6 Y:0000 S:036C D:0000 DB:7E P:84 V:121 H:176
C09157 $9E $89 $DD     STZ $DD89,X [7EDF6F] = $8000    A:0000 X:01E6 Y:0000 S:036C D:0000 DB:7E P:84 V:121 H:180
C0915A $E8             INX                             A:0000 X:01E6 Y:0000 S:036C D:0000 DB:7E P:84 V:121 H:190
C0915B $E8             INX                             A:0000 X:01E7 Y:0000 S:036C D:0000 DB:7E P:04 V:121 H:193
C0915C $E0 $00 $04     CPX #$0400                      A:0000 X:01E8 Y:0000 S:036C D:0000 DB:7E P:04 V:121 H:196
C0915F $90 $F6         BCC $C09157                     A:0000 X:01E8 Y:0000 S:036C D:0000 DB:7E P:84 V:121 H:201
C09157 $9E $89 $DD     STZ $DD89,X [7EDF71] = $8000    A:0000 X:01E8 Y:0000 S:036C D:0000 DB:7E P:84 V:121 H:205
C0915A $E8             INX                             A:0000 X:01E8 Y:0000 S:036C D:0000 DB:7E P:84 V:121 H:215
C0915B $E8             INX                             A:0000 X:01E9 Y:0000 S:036C D:0000 DB:7E P:04 V:121 H:218
C0915C $E0 $00 $04     CPX #$0400                      A:0000 X:01EA Y:0000 S:036C D:0000 DB:7E P:04 V:121 H:221
C0915F $90 $F6         BCC $C09157                     A:0000 X:01EA Y:0000 S:036C D:0000 DB:7E P:84 V:121 H:226
C09157 $9E $89 $DD     STZ $DD89,X [7EDF73] = $8000    A:0000 X:01EA Y:0000 S:036C D:0000 DB:7E P:84 V:121 H:230
C0915A $E8             INX                             A:0000 X:01EA Y:0000 S:036C D:0000 DB:7E P:84 V:121 H:240
C0915B $E8             INX                             A:0000 X:01EB Y:0000 S:036C D:0000 DB:7E P:04 V:121 H:243
C0915C $E0 $00 $04     CPX #$0400                      A:0000 X:01EC Y:0000 S:036C D:0000 DB:7E P:04 V:121 H:246
C0915F $90 $F6         BCC $C09157                     A:0000 X:01EC Y:0000 S:036C D:0000 DB:7E P:84 V:121 H:251
C09157 $9E $89 $DD     STZ $DD89,X [7EDF75] = $8000    A:0000 X:01EC Y:0000 S:036C D:0000 DB:7E P:84 V:121 H:255
C0915A $E8             INX                             A:0000 X:01EC Y:0000 S:036C D:0000 DB:7E P:84 V:121 H:265
C0915B $E8             INX                             A:0000 X:01ED Y:0000 S:036C D:0000 DB:7E P:04 V:121 H:268
C0915C $E0 $00 $04     CPX #$0400                      A:0000 X:01EE Y:0000 S:036C D:0000 DB:7E P:04 V:121 H:271
C0915F $90 $F6         BCC $C09157                     A:0000 X:01EE Y:0000 S:036C D:0000 DB:7E P:84 V:121 H:276
C09157 $9E $89 $DD     STZ $DD89,X [7EDF77] = $8000    A:0000 X:01EE Y:0000 S:036C D:0000 DB:7E P:84 V:121 H:297
C0915A $E8             INX                             A:0000 X:01EE Y:0000 S:036C D:0000 DB:7E P:84 V:121 H:307
C0915B $E8             INX                             A:0000 X:01EF Y:0000 S:036C D:0000 DB:7E P:04 V:121 H:310
C0915C $E0 $00 $04     CPX #$0400                      A:0000 X:01F0 Y:0000 S:036C D:0000 DB:7E P:04 V:121 H:313
C0915F $90 $F6         BCC $C09157                     A:0000 X:01F0 Y:0000 S:036C D:0000 DB:7E P:84 V:121 H:317
C09157 $9E $89 $DD     STZ $DD89,X [7EDF79] = $8000    A:0000 X:01F0 Y:0000 S:036C D:0000 DB:7E P:84 V:121 H:322
C0915A $E8             INX                             A:0000 X:01F0 Y:0000 S:036C D:0000 DB:7E P:84 V:121 H:331
C0915B $E8             INX                             A:0000 X:01F1 Y:0000 S:036C D:0000 DB:7E P:04 V:121 H:334
C0915C $E0 $00 $04     CPX #$0400                      A:0000 X:01F2 Y:0000 S:036C D:0000 DB:7E P:04 V:121 H:337
C0915F $90 $F6         BCC $C09157                     A:0000 X:01F2 Y:0000 S:036C D:0000 DB:7E P:84 V:122 H:1  
C09157 $9E $89 $DD     STZ $DD89,X [7EDF7B] = $8000    A:0000 X:01F2 Y:0000 S:036C D:0000 DB:7E P:84 V:122 H:6  
C0915A $E8             INX                             A:0000 X:01F2 Y:0000 S:036C D:0000 DB:7E P:84 V:122 H:16 
C0915B $E8             INX                             A:0000 X:01F3 Y:0000 S:036C D:0000 DB:7E P:04 V:122 H:19 
C0915C $E0 $00 $04     CPX #$0400                      A:0000 X:01F4 Y:0000 S:036C D:0000 DB:7E P:04 V:122 H:22 
C0915F $90 $F6         BCC $C09157                     A:0000 X:01F4 Y:0000 S:036C D:0000 DB:7E P:84 V:122 H:26 
C09157 $9E $89 $DD     STZ $DD89,X [7EDF7D] = $8000    A:0000 X:01F4 Y:0000 S:036C D:0000 DB:7E P:84 V:122 H:31 
C0915A $E8             INX                             A:0000 X:01F4 Y:0000 S:036C D:0000 DB:7E P:84 V:122 H:41 
C0915B $E8             INX                             A:0000 X:01F5 Y:0000 S:036C D:0000 DB:7E P:04 V:122 H:44 
C0915C $E0 $00 $04     CPX #$0400                      A:0000 X:01F6 Y:0000 S:036C D:0000 DB:7E P:04 V:122 H:47 
C0915F $90 $F6         BCC $C09157                     A:0000 X:01F6 Y:0000 S:036C D:0000 DB:7E P:84 V:122 H:51 
C09157 $9E $89 $DD     STZ $DD89,X [7EDF7F] = $8000    A:0000 X:01F6 Y:0000 S:036C D:0000 DB:7E P:84 V:122 H:56 
C0915A $E8             INX                             A:0000 X:01F6 Y:0000 S:036C D:0000 DB:7E P:84 V:122 H:66 
C0915B $E8             INX                             A:0000 X:01F7 Y:0000 S:036C D:0000 DB:7E P:04 V:122 H:69 
C0915C $E0 $00 $04     CPX #$0400                      A:0000 X:01F8 Y:0000 S:036C D:0000 DB:7E P:04 V:122 H:72 
C0915F $90 $F6         BCC $C09157                     A:0000 X:01F8 Y:0000 S:036C D:0000 DB:7E P:84 V:122 H:76 
C09157 $9E $89 $DD     STZ $DD89,X [7EDF81] = $8000    A:0000 X:01F8 Y:0000 S:036C D:0000 DB:7E P:84 V:122 H:81 
C0915A $E8             INX                             A:0000 X:01F8 Y:0000 S:036C D:0000 DB:7E P:84 V:122 H:91 
C0915B $E8             INX                             A:0000 X:01F9 Y:0000 S:036C D:0000 DB:7E P:04 V:122 H:94 
C0915C $E0 $00 $04     CPX #$0400                      A:0000 X:01FA Y:0000 S:036C D:0000 DB:7E P:04 V:122 H:97 
C0915F $90 $F6         BCC $C09157                     A:0000 X:01FA Y:0000 S:036C D:0000 DB:7E P:84 V:122 H:101
C09157 $9E $89 $DD     STZ $DD89,X [7EDF83] = $8000    A:0000 X:01FA Y:0000 S:036C D:0000 DB:7E P:84 V:122 H:106
C0915A $E8             INX                             A:0000 X:01FA Y:0000 S:036C D:0000 DB:7E P:84 V:122 H:116
C0915B $E8             INX                             A:0000 X:01FB Y:0000 S:036C D:0000 DB:7E P:04 V:122 H:119
C0915C $E0 $00 $04     CPX #$0400                      A:0000 X:01FC Y:0000 S:036C D:0000 DB:7E P:04 V:122 H:122
C0915F $90 $F6         BCC $C09157                     A:0000 X:01FC Y:0000 S:036C D:0000 DB:7E P:84 V:122 H:126
C09157 $9E $89 $DD     STZ $DD89,X [7EDF85] = $8000    A:0000 X:01FC Y:0000 S:036C D:0000 DB:7E P:84 V:122 H:131
C0915A $E8             INX                             A:0000 X:01FC Y:0000 S:036C D:0000 DB:7E P:84 V:122 H:151
C0915B $E8             INX                             A:0000 X:01FD Y:0000 S:036C D:0000 DB:7E P:04 V:122 H:154
C0915C $E0 $00 $04     CPX #$0400                      A:0000 X:01FE Y:0000 S:036C D:0000 DB:7E P:04 V:122 H:157
C0915F $90 $F6         BCC $C09157                     A:0000 X:01FE Y:0000 S:036C D:0000 DB:7E P:84 V:122 H:161
C09157 $9E $89 $DD     STZ $DD89,X [7EDF87] = $8000    A:0000 X:01FE Y:0000 S:036C D:0000 DB:7E P:84 V:122 H:166
C0915A $E8             INX                             A:0000 X:01FE Y:0000 S:036C D:0000 DB:7E P:84 V:122 H:176
C0915B $E8             INX                             A:0000 X:01FF Y:0000 S:036C D:0000 DB:7E P:04 V:122 H:179
C0915C $E0 $00 $04     CPX #$0400                      A:0000 X:0200 Y:0000 S:036C D:0000 DB:7E P:04 V:122 H:182
C0915F $90 $F6         BCC $C09157                     A:0000 X:0200 Y:0000 S:036C D:0000 DB:7E P:84 V:122 H:186
C09157 $9E $89 $DD     STZ $DD89,X [7EDF89] = $8000    A:0000 X:0200 Y:0000 S:036C D:0000 DB:7E P:84 V:122 H:191
C0915A $E8             INX                             A:0000 X:0200 Y:0000 S:036C D:0000 DB:7E P:84 V:122 H:201
C0915B $E8             INX                             A:0000 X:0201 Y:0000 S:036C D:0000 DB:7E P:04 V:122 H:204
C0915C $E0 $00 $04     CPX #$0400                      A:0000 X:0202 Y:0000 S:036C D:0000 DB:7E P:04 V:122 H:207
C0915F $90 $F6         BCC $C09157                     A:0000 X:0202 Y:0000 S:036C D:0000 DB:7E P:84 V:122 H:211
C09157 $9E $89 $DD     STZ $DD89,X [7EDF8B] = $8000    A:0000 X:0202 Y:0000 S:036C D:0000 DB:7E P:84 V:122 H:216
C0915A $E8             INX                             A:0000 X:0202 Y:0000 S:036C D:0000 DB:7E P:84 V:122 H:226
C0915B $E8             INX                             A:0000 X:0203 Y:0000 S:036C D:0000 DB:7E P:04 V:122 H:229
C0915C $E0 $00 $04     CPX #$0400                      A:0000 X:0204 Y:0000 S:036C D:0000 DB:7E P:04 V:122 H:232
C0915F $90 $F6         BCC $C09157                     A:0000 X:0204 Y:0000 S:036C D:0000 DB:7E P:84 V:122 H:236
C09157 $9E $89 $DD     STZ $DD89,X [7EDF8D] = $8000    A:0000 X:0204 Y:0000 S:036C D:0000 DB:7E P:84 V:122 H:241
C0915A $E8             INX                             A:0000 X:0204 Y:0000 S:036C D:0000 DB:7E P:84 V:122 H:251
C0915B $E8             INX                             A:0000 X:0205 Y:0000 S:036C D:0000 DB:7E P:04 V:122 H:254
C0915C $E0 $00 $04     CPX #$0400                      A:0000 X:0206 Y:0000 S:036C D:0000 DB:7E P:04 V:122 H:257
C0915F $90 $F6         BCC $C09157                     A:0000 X:0206 Y:0000 S:036C D:0000 DB:7E P:84 V:122 H:261
C09157 $9E $89 $DD     STZ $DD89,X [7EDF8F] = $8000    A:0000 X:0206 Y:0000 S:036C D:0000 DB:7E P:84 V:122 H:266
C0915A $E8             INX                             A:0000 X:0206 Y:0000 S:036C D:0000 DB:7E P:84 V:122 H:276
C0915B $E8             INX                             A:0000 X:0207 Y:0000 S:036C D:0000 DB:7E P:04 V:122 H:295
C0915C $E0 $00 $04     CPX #$0400                      A:0000 X:0208 Y:0000 S:036C D:0000 DB:7E P:04 V:122 H:298
C0915F $90 $F6         BCC $C09157                     A:0000 X:0208 Y:0000 S:036C D:0000 DB:7E P:84 V:122 H:303
C09157 $9E $89 $DD     STZ $DD89,X [7EDF91] = $8000    A:0000 X:0208 Y:0000 S:036C D:0000 DB:7E P:84 V:122 H:307
C0915A $E8             INX                             A:0000 X:0208 Y:0000 S:036C D:0000 DB:7E P:84 V:122 H:317
C0915B $E8             INX                             A:0000 X:0209 Y:0000 S:036C D:0000 DB:7E P:04 V:122 H:320
C0915C $E0 $00 $04     CPX #$0400                      A:0000 X:020A Y:0000 S:036C D:0000 DB:7E P:04 V:122 H:323
C0915F $90 $F6         BCC $C09157                     A:0000 X:020A Y:0000 S:036C D:0000 DB:7E P:84 V:122 H:327
C09157 $9E $89 $DD     STZ $DD89,X [7EDF93] = $8000    A:0000 X:020A Y:0000 S:036C D:0000 DB:7E P:84 V:122 H:331
C0915A $E8             INX                             A:0000 X:020A Y:0000 S:036C D:0000 DB:7E P:84 V:123 H:1  
C0915B $E8             INX                             A:0000 X:020B Y:0000 S:036C D:0000 DB:7E P:04 V:123 H:4  
C0915C $E0 $00 $04     CPX #$0400                      A:0000 X:020C Y:0000 S:036C D:0000 DB:7E P:04 V:123 H:7  
C0915F $90 $F6         BCC $C09157                     A:0000 X:020C Y:0000 S:036C D:0000 DB:7E P:84 V:123 H:12 
C09157 $9E $89 $DD     STZ $DD89,X [7EDF95] = $8000    A:0000 X:020C Y:0000 S:036C D:0000 DB:7E P:84 V:123 H:16 
C0915A $E8             INX                             A:0000 X:020C Y:0000 S:036C D:0000 DB:7E P:84 V:123 H:26 
C0915B $E8             INX                             A:0000 X:020D Y:0000 S:036C D:0000 DB:7E P:04 V:123 H:29 
C0915C $E0 $00 $04     CPX #$0400                      A:0000 X:020E Y:0000 S:036C D:0000 DB:7E P:04 V:123 H:32 
C0915F $90 $F6         BCC $C09157                     A:0000 X:020E Y:0000 S:036C D:0000 DB:7E P:84 V:123 H:37 
C09157 $9E $89 $DD     STZ $DD89,X [7EDF97] = $8000    A:0000 X:020E Y:0000 S:036C D:0000 DB:7E P:84 V:123 H:41 
C0915A $E8             INX                             A:0000 X:020E Y:0000 S:036C D:0000 DB:7E P:84 V:123 H:51 
C0915B $E8             INX                             A:0000 X:020F Y:0000 S:036C D:0000 DB:7E P:04 V:123 H:54 
C0915C $E0 $00 $04     CPX #$0400                      A:0000 X:0210 Y:0000 S:036C D:0000 DB:7E P:04 V:123 H:57 
C0915F $90 $F6         BCC $C09157                     A:0000 X:0210 Y:0000 S:036C D:0000 DB:7E P:84 V:123 H:62 
C09157 $9E $89 $DD     STZ $DD89,X [7EDF99] = $8000    A:0000 X:0210 Y:0000 S:036C D:0000 DB:7E P:84 V:123 H:66 
C0915A $E8             INX                             A:0000 X:0210 Y:0000 S:036C D:0000 DB:7E P:84 V:123 H:76 
C0915B $E8             INX                             A:0000 X:0211 Y:0000 S:036C D:0000 DB:7E P:04 V:123 H:79 
C0915C $E0 $00 $04     CPX #$0400                      A:0000 X:0212 Y:0000 S:036C D:0000 DB:7E P:04 V:123 H:82 
C0915F $90 $F6         BCC $C09157                     A:0000 X:0212 Y:0000 S:036C D:0000 DB:7E P:84 V:123 H:87 
C09157 $9E $89 $DD     STZ $DD89,X [7EDF9B] = $8000    A:0000 X:0212 Y:0000 S:036C D:0000 DB:7E P:84 V:123 H:91 
C0915A $E8             INX                             A:0000 X:0212 Y:0000 S:036C D:0000 DB:7E P:84 V:123 H:101
C0915B $E8             INX                             A:0000 X:0213 Y:0000 S:036C D:0000 DB:7E P:04 V:123 H:104
C0915C $E0 $00 $04     CPX #$0400                      A:0000 X:0214 Y:0000 S:036C D:0000 DB:7E P:04 V:123 H:107
C0915F $90 $F6         BCC $C09157                     A:0000 X:0214 Y:0000 S:036C D:0000 DB:7E P:84 V:123 H:112
C09157 $9E $89 $DD     STZ $DD89,X [7EDF9D] = $8000    A:0000 X:0214 Y:0000 S:036C D:0000 DB:7E P:84 V:123 H:116
C0915A $E8             INX                             A:0000 X:0214 Y:0000 S:036C D:0000 DB:7E P:84 V:123 H:126
C0915B $E8             INX                             A:0000 X:0215 Y:0000 S:036C D:0000 DB:7E P:04 V:123 H:129
C0915C $E0 $00 $04     CPX #$0400                      A:0000 X:0216 Y:0000 S:036C D:0000 DB:7E P:04 V:123 H:132
C0915F $90 $F6         BCC $C09157                     A:0000 X:0216 Y:0000 S:036C D:0000 DB:7E P:84 V:123 H:147
C09157 $9E $89 $DD     STZ $DD89,X [7EDF9F] = $8000    A:0000 X:0216 Y:0000 S:036C D:0000 DB:7E P:84 V:123 H:151
C0915A $E8             INX                             A:0000 X:0216 Y:0000 S:036C D:0000 DB:7E P:84 V:123 H:161
C0915B $E8             INX                             A:0000 X:0217 Y:0000 S:036C D:0000 DB:7E P:04 V:123 H:164
C0915C $E0 $00 $04     CPX #$0400                      A:0000 X:0218 Y:0000 S:036C D:0000 DB:7E P:04 V:123 H:167
C0915F $90 $F6         BCC $C09157                     A:0000 X:0218 Y:0000 S:036C D:0000 DB:7E P:84 V:123 H:172
C09157 $9E $89 $DD     STZ $DD89,X [7EDFA1] = $8000    A:0000 X:0218 Y:0000 S:036C D:0000 DB:7E P:84 V:123 H:176
C0915A $E8             INX                             A:0000 X:0218 Y:0000 S:036C D:0000 DB:7E P:84 V:123 H:186
C0915B $E8             INX                             A:0000 X:0219 Y:0000 S:036C D:0000 DB:7E P:04 V:123 H:189
C0915C $E0 $00 $04     CPX #$0400                      A:0000 X:021A Y:0000 S:036C D:0000 DB:7E P:04 V:123 H:192
C0915F $90 $F6         BCC $C09157                     A:0000 X:021A Y:0000 S:036C D:0000 DB:7E P:84 V:123 H:197
C09157 $9E $89 $DD     STZ $DD89,X [7EDFA3] = $8000    A:0000 X:021A Y:0000 S:036C D:0000 DB:7E P:84 V:123 H:201
C0915A $E8             INX                             A:0000 X:021A Y:0000 S:036C D:0000 DB:7E P:84 V:123 H:211
C0915B $E8             INX                             A:0000 X:021B Y:0000 S:036C D:0000 DB:7E P:04 V:123 H:214
C0915C $E0 $00 $04     CPX #$0400                      A:0000 X:021C Y:0000 S:036C D:0000 DB:7E P:04 V:123 H:217
C0915F $90 $F6         BCC $C09157                     A:0000 X:021C Y:0000 S:036C D:0000 DB:7E P:84 V:123 H:222
C09157 $9E $89 $DD     STZ $DD89,X [7EDFA5] = $8000    A:0000 X:021C Y:0000 S:036C D:0000 DB:7E P:84 V:123 H:226
C0915A $E8             INX                             A:0000 X:021C Y:0000 S:036C D:0000 DB:7E P:84 V:123 H:236
C0915B $E8             INX                             A:0000 X:021D Y:0000 S:036C D:0000 DB:7E P:04 V:123 H:239
C0915C $E0 $00 $04     CPX #$0400                      A:0000 X:021E Y:0000 S:036C D:0000 DB:7E P:04 V:123 H:242
C0915F $90 $F6         BCC $C09157                     A:0000 X:021E Y:0000 S:036C D:0000 DB:7E P:84 V:123 H:247
C09157 $9E $89 $DD     STZ $DD89,X [7EDFA7] = $8000    A:0000 X:021E Y:0000 S:036C D:0000 DB:7E P:84 V:123 H:251
C0915A $E8             INX                             A:0000 X:021E Y:0000 S:036C D:0000 DB:7E P:84 V:123 H:261
C0915B $E8             INX                             A:0000 X:021F Y:0000 S:036C D:0000 DB:7E P:04 V:123 H:264
C0915C $E0 $00 $04     CPX #$0400                      A:0000 X:0220 Y:0000 S:036C D:0000 DB:7E P:04 V:123 H:267
C0915F $90 $F6         BCC $C09157                     A:0000 X:0220 Y:0000 S:036C D:0000 DB:7E P:84 V:123 H:272
C09157 $9E $89 $DD     STZ $DD89,X [7EDFA9] = $8000    A:0000 X:0220 Y:0000 S:036C D:0000 DB:7E P:84 V:123 H:293
C0915A $E8             INX                             A:0000 X:0220 Y:0000 S:036C D:0000 DB:7E P:84 V:123 H:303
C0915B $E8             INX                             A:0000 X:0221 Y:0000 S:036C D:0000 DB:7E P:04 V:123 H:306
C0915C $E0 $00 $04     CPX #$0400                      A:0000 X:0222 Y:0000 S:036C D:0000 DB:7E P:04 V:123 H:309
C0915F $90 $F6         BCC $C09157                     A:0000 X:0222 Y:0000 S:036C D:0000 DB:7E P:84 V:123 H:313
C09157 $9E $89 $DD     STZ $DD89,X [7EDFAB] = $8000    A:0000 X:0222 Y:0000 S:036C D:0000 DB:7E P:84 V:123 H:318
C0915A $E8             INX                             A:0000 X:0222 Y:0000 S:036C D:0000 DB:7E P:84 V:123 H:327
C0915B $E8             INX                             A:0000 X:0223 Y:0000 S:036C D:0000 DB:7E P:04 V:123 H:330
C0915C $E0 $00 $04     CPX #$0400                      A:0000 X:0224 Y:0000 S:036C D:0000 DB:7E P:04 V:123 H:333
C0915F $90 $F6         BCC $C09157                     A:0000 X:0224 Y:0000 S:036C D:0000 DB:7E P:84 V:123 H:337
C09157 $9E $89 $DD     STZ $DD89,X [7EDFAD] = $8000    A:0000 X:0224 Y:0000 S:036C D:0000 DB:7E P:84 V:124 H:2  
C0915A $E8             INX                             A:0000 X:0224 Y:0000 S:036C D:0000 DB:7E P:84 V:124 H:12 
C0915B $E8             INX                             A:0000 X:0225 Y:0000 S:036C D:0000 DB:7E P:04 V:124 H:15 
C0915C $E0 $00 $04     CPX #$0400                      A:0000 X:0226 Y:0000 S:036C D:0000 DB:7E P:04 V:124 H:18 
C0915F $90 $F6         BCC $C09157                     A:0000 X:0226 Y:0000 S:036C D:0000 DB:7E P:84 V:124 H:22 
C09157 $9E $89 $DD     STZ $DD89,X [7EDFAF] = $8000    A:0000 X:0226 Y:0000 S:036C D:0000 DB:7E P:84 V:124 H:27 
C0915A $E8             INX                             A:0000 X:0226 Y:0000 S:036C D:0000 DB:7E P:84 V:124 H:37 
C0915B $E8             INX                             A:0000 X:0227 Y:0000 S:036C D:0000 DB:7E P:04 V:124 H:40 
C0915C $E0 $00 $04     CPX #$0400                      A:0000 X:0228 Y:0000 S:036C D:0000 DB:7E P:04 V:124 H:43 
C0915F $90 $F6         BCC $C09157                     A:0000 X:0228 Y:0000 S:036C D:0000 DB:7E P:84 V:124 H:47 
C09157 $9E $89 $DD     STZ $DD89,X [7EDFB1] = $8000    A:0000 X:0228 Y:0000 S:036C D:0000 DB:7E P:84 V:124 H:52 
C0915A $E8             INX                             A:0000 X:0228 Y:0000 S:036C D:0000 DB:7E P:84 V:124 H:62 
C0915B $E8             INX                             A:0000 X:0229 Y:0000 S:036C D:0000 DB:7E P:04 V:124 H:65 
C0915C $E0 $00 $04     CPX #$0400                      A:0000 X:022A Y:0000 S:036C D:0000 DB:7E P:04 V:124 H:68 
C0915F $90 $F6         BCC $C09157                     A:0000 X:022A Y:0000 S:036C D:0000 DB:7E P:84 V:124 H:72 
C09157 $9E $89 $DD     STZ $DD89,X [7EDFB3] = $0000    A:0000 X:022A Y:0000 S:036C D:0000 DB:7E P:84 V:124 H:77 
C0915A $E8             INX                             A:0000 X:022A Y:0000 S:036C D:0000 DB:7E P:84 V:124 H:87 
C0915B $E8             INX                             A:0000 X:022B Y:0000 S:036C D:0000 DB:7E P:04 V:124 H:90 
C0915C $E0 $00 $04     CPX #$0400                      A:0000 X:022C Y:0000 S:036C D:0000 DB:7E P:04 V:124 H:93 
C0915F $90 $F6         BCC $C09157                     A:0000 X:022C Y:0000 S:036C D:0000 DB:7E P:84 V:124 H:97 
C09157 $9E $89 $DD     STZ $DD89,X [7EDFB5] = $0000    A:0000 X:022C Y:0000 S:036C D:0000 DB:7E P:84 V:124 H:102
C0915A $E8             INX                             A:0000 X:022C Y:0000 S:036C D:0000 DB:7E P:84 V:124 H:112
C0915B $E8             INX                             A:0000 X:022D Y:0000 S:036C D:0000 DB:7E P:04 V:124 H:115
C0915C $E0 $00 $04     CPX #$0400                      A:0000 X:022E Y:0000 S:036C D:0000 DB:7E P:04 V:124 H:118
C0915F $90 $F6         BCC $C09157                     A:0000 X:022E Y:0000 S:036C D:0000 DB:7E P:84 V:124 H:122
C09157 $9E $89 $DD     STZ $DD89,X [7EDFB7] = $0000    A:0000 X:022E Y:0000 S:036C D:0000 DB:7E P:84 V:124 H:127
C0915A $E8             INX                             A:0000 X:022E Y:0000 S:036C D:0000 DB:7E P:84 V:124 H:147
C0915B $E8             INX                             A:0000 X:022F Y:0000 S:036C D:0000 DB:7E P:04 V:124 H:150
C0915C $E0 $00 $04     CPX #$0400                      A:0000 X:0230 Y:0000 S:036C D:0000 DB:7E P:04 V:124 H:153
C0915F $90 $F6         BCC $C09157                     A:0000 X:0230 Y:0000 S:036C D:0000 DB:7E P:84 V:124 H:157
C09157 $9E $89 $DD     STZ $DD89,X [7EDFB9] = $0000    A:0000 X:0230 Y:0000 S:036C D:0000 DB:7E P:84 V:124 H:162
C0915A $E8             INX                             A:0000 X:0230 Y:0000 S:036C D:0000 DB:7E P:84 V:124 H:172
C0915B $E8             INX                             A:0000 X:0231 Y:0000 S:036C D:0000 DB:7E P:04 V:124 H:175
C0915C $E0 $00 $04     CPX #$0400                      A:0000 X:0232 Y:0000 S:036C D:0000 DB:7E P:04 V:124 H:178
C0915F $90 $F6         BCC $C09157                     A:0000 X:0232 Y:0000 S:036C D:0000 DB:7E P:84 V:124 H:182
C09157 $9E $89 $DD     STZ $DD89,X [7EDFBB] = $0000    A:0000 X:0232 Y:0000 S:036C D:0000 DB:7E P:84 V:124 H:187
C0915A $E8             INX                             A:0000 X:0232 Y:0000 S:036C D:0000 DB:7E P:84 V:124 H:197
C0915B $E8             INX                             A:0000 X:0233 Y:0000 S:036C D:0000 DB:7E P:04 V:124 H:200
C0915C $E0 $00 $04     CPX #$0400                      A:0000 X:0234 Y:0000 S:036C D:0000 DB:7E P:04 V:124 H:203
C0915F $90 $F6         BCC $C09157                     A:0000 X:0234 Y:0000 S:036C D:0000 DB:7E P:84 V:124 H:207
C09157 $9E $89 $DD     STZ $DD89,X [7EDFBD] = $0000    A:0000 X:0234 Y:0000 S:036C D:0000 DB:7E P:84 V:124 H:212
C0915A $E8             INX                             A:0000 X:0234 Y:0000 S:036C D:0000 DB:7E P:84 V:124 H:222
C0915B $E8             INX                             A:0000 X:0235 Y:0000 S:036C D:0000 DB:7E P:04 V:124 H:225
C0915C $E0 $00 $04     CPX #$0400                      A:0000 X:0236 Y:0000 S:036C D:0000 DB:7E P:04 V:124 H:228
C0915F $90 $F6         BCC $C09157                     A:0000 X:0236 Y:0000 S:036C D:0000 DB:7E P:84 V:124 H:232
C09157 $9E $89 $DD     STZ $DD89,X [7EDFBF] = $0000    A:0000 X:0236 Y:0000 S:036C D:0000 DB:7E P:84 V:124 H:237
C0915A $E8             INX                             A:0000 X:0236 Y:0000 S:036C D:0000 DB:7E P:84 V:124 H:247
C0915B $E8             INX                             A:0000 X:0237 Y:0000 S:036C D:0000 DB:7E P:04 V:124 H:250
C0915C $E0 $00 $04     CPX #$0400                      A:0000 X:0238 Y:0000 S:036C D:0000 DB:7E P:04 V:124 H:253
C0915F $90 $F6         BCC $C09157                     A:0000 X:0238 Y:0000 S:036C D:0000 DB:7E P:84 V:124 H:257
C09157 $9E $89 $DD     STZ $DD89,X [7EDFC1] = $0000    A:0000 X:0238 Y:0000 S:036C D:0000 DB:7E P:84 V:124 H:262
C0915A $E8             INX                             A:0000 X:0238 Y:0000 S:036C D:0000 DB:7E P:84 V:124 H:272
C0915B $E8             INX                             A:0000 X:0239 Y:0000 S:036C D:0000 DB:7E P:04 V:124 H:275
C0915C $E0 $00 $04     CPX #$0400                      A:0000 X:023A Y:0000 S:036C D:0000 DB:7E P:04 V:124 H:294
C0915F $90 $F6         BCC $C09157                     A:0000 X:023A Y:0000 S:036C D:0000 DB:7E P:84 V:124 H:299
C09157 $9E $89 $DD     STZ $DD89,X [7EDFC3] = $0000    A:0000 X:023A Y:0000 S:036C D:0000 DB:7E P:84 V:124 H:303
C0915A $E8             INX                             A:0000 X:023A Y:0000 S:036C D:0000 DB:7E P:84 V:124 H:313
C0915B $E8             INX                             A:0000 X:023B Y:0000 S:036C D:0000 DB:7E P:04 V:124 H:316
C0915C $E0 $00 $04     CPX #$0400                      A:0000 X:023C Y:0000 S:036C D:0000 DB:7E P:04 V:124 H:319
C0915F $90 $F6         BCC $C09157                     A:0000 X:023C Y:0000 S:036C D:0000 DB:7E P:84 V:124 H:323
C09157 $9E $89 $DD     STZ $DD89,X [7EDFC5] = $0000    A:0000 X:023C Y:0000 S:036C D:0000 DB:7E P:84 V:124 H:327
C0915A $E8             INX                             A:0000 X:023C Y:0000 S:036C D:0000 DB:7E P:84 V:124 H:337
C0915B $E8             INX                             A:0000 X:023D Y:0000 S:036C D:0000 DB:7E P:04 V:125 H:0  
C0915C $E0 $00 $04     CPX #$0400                      A:0000 X:023E Y:0000 S:036C D:0000 DB:7E P:04 V:125 H:3  
C0915F $90 $F6         BCC $C09157                     A:0000 X:023E Y:0000 S:036C D:0000 DB:7E P:84 V:125 H:8  
C09157 $9E $89 $DD     STZ $DD89,X [7EDFC7] = $0000    A:0000 X:023E Y:0000 S:036C D:0000 DB:7E P:84 V:125 H:12 
C0915A $E8             INX                             A:0000 X:023E Y:0000 S:036C D:0000 DB:7E P:84 V:125 H:22 
C0915B $E8             INX                             A:0000 X:023F Y:0000 S:036C D:0000 DB:7E P:04 V:125 H:25 
C0915C $E0 $00 $04     CPX #$0400                      A:0000 X:0240 Y:0000 S:036C D:0000 DB:7E P:04 V:125 H:28 
C0915F $90 $F6         BCC $C09157                     A:0000 X:0240 Y:0000 S:036C D:0000 DB:7E P:84 V:125 H:33 
C09157 $9E $89 $DD     STZ $DD89,X [7EDFC9] = $8000    A:0000 X:0240 Y:0000 S:036C D:0000 DB:7E P:84 V:125 H:37 
C0915A $E8             INX                             A:0000 X:0240 Y:0000 S:036C D:0000 DB:7E P:84 V:125 H:47 
C0915B $E8             INX                             A:0000 X:0241 Y:0000 S:036C D:0000 DB:7E P:04 V:125 H:50 
C0915C $E0 $00 $04     CPX #$0400                      A:0000 X:0242 Y:0000 S:036C D:0000 DB:7E P:04 V:125 H:53 
C0915F $90 $F6         BCC $C09157                     A:0000 X:0242 Y:0000 S:036C D:0000 DB:7E P:84 V:125 H:58 
C09157 $9E $89 $DD     STZ $DD89,X [7EDFCB] = $8000    A:0000 X:0242 Y:0000 S:036C D:0000 DB:7E P:84 V:125 H:62 
C0915A $E8             INX                             A:0000 X:0242 Y:0000 S:036C D:0000 DB:7E P:84 V:125 H:72 
C0915B $E8             INX                             A:0000 X:0243 Y:0000 S:036C D:0000 DB:7E P:04 V:125 H:75 
C0915C $E0 $00 $04     CPX #$0400                      A:0000 X:0244 Y:0000 S:036C D:0000 DB:7E P:04 V:125 H:78 
C0915F $90 $F6         BCC $C09157                     A:0000 X:0244 Y:0000 S:036C D:0000 DB:7E P:84 V:125 H:83 
C09157 $9E $89 $DD     STZ $DD89,X [7EDFCD] = $8000    A:0000 X:0244 Y:0000 S:036C D:0000 DB:7E P:84 V:125 H:87 
C0915A $E8             INX                             A:0000 X:0244 Y:0000 S:036C D:0000 DB:7E P:84 V:125 H:97 
C0915B $E8             INX                             A:0000 X:0245 Y:0000 S:036C D:0000 DB:7E P:04 V:125 H:100
C0915C $E0 $00 $04     CPX #$0400                      A:0000 X:0246 Y:0000 S:036C D:0000 DB:7E P:04 V:125 H:103
C0915F $90 $F6         BCC $C09157                     A:0000 X:0246 Y:0000 S:036C D:0000 DB:7E P:84 V:125 H:108
C09157 $9E $89 $DD     STZ $DD89,X [7EDFCF] = $0000    A:0000 X:0246 Y:0000 S:036C D:0000 DB:7E P:84 V:125 H:112
C0915A $E8             INX                             A:0000 X:0246 Y:0000 S:036C D:0000 DB:7E P:84 V:125 H:122
C0915B $E8             INX                             A:0000 X:0247 Y:0000 S:036C D:0000 DB:7E P:04 V:125 H:125
C0915C $E0 $00 $04     CPX #$0400                      A:0000 X:0248 Y:0000 S:036C D:0000 DB:7E P:04 V:125 H:128
C0915F $90 $F6         BCC $C09157                     A:0000 X:0248 Y:0000 S:036C D:0000 DB:7E P:84 V:125 H:133
C09157 $9E $89 $DD     STZ $DD89,X [7EDFD1] = $0000    A:0000 X:0248 Y:0000 S:036C D:0000 DB:7E P:84 V:125 H:147
C0915A $E8             INX                             A:0000 X:0248 Y:0000 S:036C D:0000 DB:7E P:84 V:125 H:157
C0915B $E8             INX                             A:0000 X:0249 Y:0000 S:036C D:0000 DB:7E P:04 V:125 H:160
C0915C $E0 $00 $04     CPX #$0400                      A:0000 X:024A Y:0000 S:036C D:0000 DB:7E P:04 V:125 H:163
C0915F $90 $F6         BCC $C09157                     A:0000 X:024A Y:0000 S:036C D:0000 DB:7E P:84 V:125 H:168
C09157 $9E $89 $DD     STZ $DD89,X [7EDFD3] = $0000    A:0000 X:024A Y:0000 S:036C D:0000 DB:7E P:84 V:125 H:172
C0915A $E8             INX                             A:0000 X:024A Y:0000 S:036C D:0000 DB:7E P:84 V:125 H:182
C0915B $E8             INX                             A:0000 X:024B Y:0000 S:036C D:0000 DB:7E P:04 V:125 H:185
C0915C $E0 $00 $04     CPX #$0400                      A:0000 X:024C Y:0000 S:036C D:0000 DB:7E P:04 V:125 H:188
C0915F $90 $F6         BCC $C09157                     A:0000 X:024C Y:0000 S:036C D:0000 DB:7E P:84 V:125 H:193
C09157 $9E $89 $DD     STZ $DD89,X [7EDFD5] = $0000    A:0000 X:024C Y:0000 S:036C D:0000 DB:7E P:84 V:125 H:197
C0915A $E8             INX                             A:0000 X:024C Y:0000 S:036C D:0000 DB:7E P:84 V:125 H:207
C0915B $E8             INX                             A:0000 X:024D Y:0000 S:036C D:0000 DB:7E P:04 V:125 H:210
C0915C $E0 $00 $04     CPX #$0400                      A:0000 X:024E Y:0000 S:036C D:0000 DB:7E P:04 V:125 H:213
C0915F $90 $F6         BCC $C09157                     A:0000 X:024E Y:0000 S:036C D:0000 DB:7E P:84 V:125 H:218
C09157 $9E $89 $DD     STZ $DD89,X [7EDFD7] = $0000    A:0000 X:024E Y:0000 S:036C D:0000 DB:7E P:84 V:125 H:222
C0915A $E8             INX                             A:0000 X:024E Y:0000 S:036C D:0000 DB:7E P:84 V:125 H:232
C0915B $E8             INX                             A:0000 X:024F Y:0000 S:036C D:0000 DB:7E P:04 V:125 H:235
C0915C $E0 $00 $04     CPX #$0400                      A:0000 X:0250 Y:0000 S:036C D:0000 DB:7E P:04 V:125 H:238
C0915F $90 $F6         BCC $C09157                     A:0000 X:0250 Y:0000 S:036C D:0000 DB:7E P:84 V:125 H:243
C09157 $9E $89 $DD     STZ $DD89,X [7EDFD9] = $0000    A:0000 X:0250 Y:0000 S:036C D:0000 DB:7E P:84 V:125 H:247
C0915A $E8             INX                             A:0000 X:0250 Y:0000 S:036C D:0000 DB:7E P:84 V:125 H:257
C0915B $E8             INX                             A:0000 X:0251 Y:0000 S:036C D:0000 DB:7E P:04 V:125 H:260
C0915C $E0 $00 $04     CPX #$0400                      A:0000 X:0252 Y:0000 S:036C D:0000 DB:7E P:04 V:125 H:263
C0915F $90 $F6         BCC $C09157                     A:0000 X:0252 Y:0000 S:036C D:0000 DB:7E P:84 V:125 H:268
C09157 $9E $89 $DD     STZ $DD89,X [7EDFDB] = $0000    A:0000 X:0252 Y:0000 S:036C D:0000 DB:7E P:84 V:125 H:272
C0915A $E8             INX                             A:0000 X:0252 Y:0000 S:036C D:0000 DB:7E P:84 V:125 H:297
C0915B $E8             INX                             A:0000 X:0253 Y:0000 S:036C D:0000 DB:7E P:04 V:125 H:300
C0915C $E0 $00 $04     CPX #$0400                      A:0000 X:0254 Y:0000 S:036C D:0000 DB:7E P:04 V:125 H:303
C0915F $90 $F6         BCC $C09157                     A:0000 X:0254 Y:0000 S:036C D:0000 DB:7E P:84 V:125 H:308
C09157 $9E $89 $DD     STZ $DD89,X [7EDFDD] = $0000    A:0000 X:0254 Y:0000 S:036C D:0000 DB:7E P:84 V:125 H:312
C0915A $E8             INX                             A:0000 X:0254 Y:0000 S:036C D:0000 DB:7E P:84 V:125 H:322
C0915B $E8             INX                             A:0000 X:0255 Y:0000 S:036C D:0000 DB:7E P:04 V:125 H:325
C0915C $E0 $00 $04     CPX #$0400                      A:0000 X:0256 Y:0000 S:036C D:0000 DB:7E P:04 V:125 H:327
C0915F $90 $F6         BCC $C09157                     A:0000 X:0256 Y:0000 S:036C D:0000 DB:7E P:84 V:125 H:332
C09157 $9E $89 $DD     STZ $DD89,X [7EDFDF] = $0000    A:0000 X:0256 Y:0000 S:036C D:0000 DB:7E P:84 V:125 H:336
C0915A $E8             INX                             A:0000 X:0256 Y:0000 S:036C D:0000 DB:7E P:84 V:126 H:6  
C0915B $E8             INX                             A:0000 X:0257 Y:0000 S:036C D:0000 DB:7E P:04 V:126 H:9  
C0915C $E0 $00 $04     CPX #$0400                      A:0000 X:0258 Y:0000 S:036C D:0000 DB:7E P:04 V:126 H:12 
C0915F $90 $F6         BCC $C09157                     A:0000 X:0258 Y:0000 S:036C D:0000 DB:7E P:84 V:126 H:17 
C09157 $9E $89 $DD     STZ $DD89,X [7EDFE1] = $0000    A:0000 X:0258 Y:0000 S:036C D:0000 DB:7E P:84 V:126 H:21 
C0915A $E8             INX                             A:0000 X:0258 Y:0000 S:036C D:0000 DB:7E P:84 V:126 H:31 
C0915B $E8             INX                             A:0000 X:0259 Y:0000 S:036C D:0000 DB:7E P:04 V:126 H:34 
C0915C $E0 $00 $04     CPX #$0400                      A:0000 X:025A Y:0000 S:036C D:0000 DB:7E P:04 V:126 H:37 
C0915F $90 $F6         BCC $C09157                     A:0000 X:025A Y:0000 S:036C D:0000 DB:7E P:84 V:126 H:42 
C09157 $9E $89 $DD     STZ $DD89,X [7EDFE3] = $0000    A:0000 X:025A Y:0000 S:036C D:0000 DB:7E P:84 V:126 H:46 
C0915A $E8             INX                             A:0000 X:025A Y:0000 S:036C D:0000 DB:7E P:84 V:126 H:56 
C0915B $E8             INX                             A:0000 X:025B Y:0000 S:036C D:0000 DB:7E P:04 V:126 H:59 
C0915C $E0 $00 $04     CPX #$0400                      A:0000 X:025C Y:0000 S:036C D:0000 DB:7E P:04 V:126 H:62 
C0915F $90 $F6         BCC $C09157                     A:0000 X:025C Y:0000 S:036C D:0000 DB:7E P:84 V:126 H:67 
C09157 $9E $89 $DD     STZ $DD89,X [7EDFE5] = $0000    A:0000 X:025C Y:0000 S:036C D:0000 DB:7E P:84 V:126 H:71 
C0915A $E8             INX                             A:0000 X:025C Y:0000 S:036C D:0000 DB:7E P:84 V:126 H:81 
C0915B $E8             INX                             A:0000 X:025D Y:0000 S:036C D:0000 DB:7E P:04 V:126 H:84 
C0915C $E0 $00 $04     CPX #$0400                      A:0000 X:025E Y:0000 S:036C D:0000 DB:7E P:04 V:126 H:87 
C0915F $90 $F6         BCC $C09157                     A:0000 X:025E Y:0000 S:036C D:0000 DB:7E P:84 V:126 H:92 
C09157 $9E $89 $DD     STZ $DD89,X [7EDFE7] = $0000    A:0000 X:025E Y:0000 S:036C D:0000 DB:7E P:84 V:126 H:96 
C0915A $E8             INX                             A:0000 X:025E Y:0000 S:036C D:0000 DB:7E P:84 V:126 H:106
C0915B $E8             INX                             A:0000 X:025F Y:0000 S:036C D:0000 DB:7E P:04 V:126 H:109
C0915C $E0 $00 $04     CPX #$0400                      A:0000 X:0260 Y:0000 S:036C D:0000 DB:7E P:04 V:126 H:112
C0915F $90 $F6         BCC $C09157                     A:0000 X:0260 Y:0000 S:036C D:0000 DB:7E P:84 V:126 H:117
C09157 $9E $89 $DD     STZ $DD89,X [7EDFE9] = $0000    A:0000 X:0260 Y:0000 S:036C D:0000 DB:7E P:84 V:126 H:121
C0915A $E8             INX                             A:0000 X:0260 Y:0000 S:036C D:0000 DB:7E P:84 V:126 H:131
C0915B $E8             INX                             A:0000 X:0261 Y:0000 S:036C D:0000 DB:7E P:04 V:126 H:144
C0915C $E0 $00 $04     CPX #$0400                      A:0000 X:0262 Y:0000 S:036C D:0000 DB:7E P:04 V:126 H:147
C0915F $90 $F6         BCC $C09157                     A:0000 X:0262 Y:0000 S:036C D:0000 DB:7E P:84 V:126 H:152
C09157 $9E $89 $DD     STZ $DD89,X [7EDFEB] = $0000    A:0000 X:0262 Y:0000 S:036C D:0000 DB:7E P:84 V:126 H:156
C0915A $E8             INX                             A:0000 X:0262 Y:0000 S:036C D:0000 DB:7E P:84 V:126 H:166
C0915B $E8             INX                             A:0000 X:0263 Y:0000 S:036C D:0000 DB:7E P:04 V:126 H:169
C0915C $E0 $00 $04     CPX #$0400                      A:0000 X:0264 Y:0000 S:036C D:0000 DB:7E P:04 V:126 H:172
C0915F $90 $F6         BCC $C09157                     A:0000 X:0264 Y:0000 S:036C D:0000 DB:7E P:84 V:126 H:177
C09157 $9E $89 $DD     STZ $DD89,X [7EDFED] = $0000    A:0000 X:0264 Y:0000 S:036C D:0000 DB:7E P:84 V:126 H:181
C0915A $E8             INX                             A:0000 X:0264 Y:0000 S:036C D:0000 DB:7E P:84 V:126 H:191
C0915B $E8             INX                             A:0000 X:0265 Y:0000 S:036C D:0000 DB:7E P:04 V:126 H:194
C0915C $E0 $00 $04     CPX #$0400                      A:0000 X:0266 Y:0000 S:036C D:0000 DB:7E P:04 V:126 H:197
C0915F $90 $F6         BCC $C09157                     A:0000 X:0266 Y:0000 S:036C D:0000 DB:7E P:84 V:126 H:202
C09157 $9E $89 $DD     STZ $DD89,X [7EDFEF] = $0000    A:0000 X:0266 Y:0000 S:036C D:0000 DB:7E P:84 V:126 H:206
C0915A $E8             INX                             A:0000 X:0266 Y:0000 S:036C D:0000 DB:7E P:84 V:126 H:216
C0915B $E8             INX                             A:0000 X:0267 Y:0000 S:036C D:0000 DB:7E P:04 V:126 H:219
C0915C $E0 $00 $04     CPX #$0400                      A:0000 X:0268 Y:0000 S:036C D:0000 DB:7E P:04 V:126 H:222
C0915F $90 $F6         BCC $C09157                     A:0000 X:0268 Y:0000 S:036C D:0000 DB:7E P:84 V:126 H:227
C09157 $9E $89 $DD     STZ $DD89,X [7EDFF1] = $0000    A:0000 X:0268 Y:0000 S:036C D:0000 DB:7E P:84 V:126 H:231
C0915A $E8             INX                             A:0000 X:0268 Y:0000 S:036C D:0000 DB:7E P:84 V:126 H:241
C0915B $E8             INX                             A:0000 X:0269 Y:0000 S:036C D:0000 DB:7E P:04 V:126 H:244
C0915C $E0 $00 $04     CPX #$0400                      A:0000 X:026A Y:0000 S:036C D:0000 DB:7E P:04 V:126 H:247
C0915F $90 $F6         BCC $C09157                     A:0000 X:026A Y:0000 S:036C D:0000 DB:7E P:84 V:126 H:252
C09157 $9E $89 $DD     STZ $DD89,X [7EDFF3] = $0000    A:0000 X:026A Y:0000 S:036C D:0000 DB:7E P:84 V:126 H:256
C0915A $E8             INX                             A:0000 X:026A Y:0000 S:036C D:0000 DB:7E P:84 V:126 H:266
C0915B $E8             INX                             A:0000 X:026B Y:0000 S:036C D:0000 DB:7E P:04 V:126 H:269
C0915C $E0 $00 $04     CPX #$0400                      A:0000 X:026C Y:0000 S:036C D:0000 DB:7E P:04 V:126 H:272
C0915F $90 $F6         BCC $C09157                     A:0000 X:026C Y:0000 S:036C D:0000 DB:7E P:84 V:126 H:293
C09157 $9E $89 $DD     STZ $DD89,X [7EDFF5] = $0000    A:0000 X:026C Y:0000 S:036C D:0000 DB:7E P:84 V:126 H:298
C0915A $E8             INX                             A:0000 X:026C Y:0000 S:036C D:0000 DB:7E P:84 V:126 H:308
C0915B $E8             INX                             A:0000 X:026D Y:0000 S:036C D:0000 DB:7E P:04 V:126 H:311
C0915C $E0 $00 $04     CPX #$0400                      A:0000 X:026E Y:0000 S:036C D:0000 DB:7E P:04 V:126 H:314
C0915F $90 $F6         BCC $C09157                     A:0000 X:026E Y:0000 S:036C D:0000 DB:7E P:84 V:126 H:318
C09157 $9E $89 $DD     STZ $DD89,X [7EDFF7] = $0000    A:0000 X:026E Y:0000 S:036C D:0000 DB:7E P:84 V:126 H:323
C0915A $E8             INX                             A:0000 X:026E Y:0000 S:036C D:0000 DB:7E P:84 V:126 H:332
C0915B $E8             INX                             A:0000 X:026F Y:0000 S:036C D:0000 DB:7E P:04 V:126 H:335
C0915C $E0 $00 $04     CPX #$0400                      A:0000 X:0270 Y:0000 S:036C D:0000 DB:7E P:04 V:126 H:338
C0915F $90 $F6         BCC $C09157                     A:0000 X:0270 Y:0000 S:036C D:0000 DB:7E P:84 V:127 H:2  
C09157 $9E $89 $DD     STZ $DD89,X [7EDFF9] = $0000    A:0000 X:0270 Y:0000 S:036C D:0000 DB:7E P:84 V:127 H:7  
C0915A $E8             INX                             A:0000 X:0270 Y:0000 S:036C D:0000 DB:7E P:84 V:127 H:17 
C0915B $E8             INX                             A:0000 X:0271 Y:0000 S:036C D:0000 DB:7E P:04 V:127 H:20 
C0915C $E0 $00 $04     CPX #$0400                      A:0000 X:0272 Y:0000 S:036C D:0000 DB:7E P:04 V:127 H:23 
C0915F $90 $F6         BCC $C09157                     A:0000 X:0272 Y:0000 S:036C D:0000 DB:7E P:84 V:127 H:27 
C09157 $9E $89 $DD     STZ $DD89,X [7EDFFB] = $0000    A:0000 X:0272 Y:0000 S:036C D:0000 DB:7E P:84 V:127 H:32 
C0915A $E8             INX                             A:0000 X:0272 Y:0000 S:036C D:0000 DB:7E P:84 V:127 H:42 
C0915B $E8             INX                             A:0000 X:0273 Y:0000 S:036C D:0000 DB:7E P:04 V:127 H:45 
C0915C $E0 $00 $04     CPX #$0400                      A:0000 X:0274 Y:0000 S:036C D:0000 DB:7E P:04 V:127 H:48 
C0915F $90 $F6         BCC $C09157                     A:0000 X:0274 Y:0000 S:036C D:0000 DB:7E P:84 V:127 H:52 
C09157 $9E $89 $DD     STZ $DD89,X [7EDFFD] = $0000    A:0000 X:0274 Y:0000 S:036C D:0000 DB:7E P:84 V:127 H:57 
C0915A $E8             INX                             A:0000 X:0274 Y:0000 S:036C D:0000 DB:7E P:84 V:127 H:67 
C0915B $E8             INX                             A:0000 X:0275 Y:0000 S:036C D:0000 DB:7E P:04 V:127 H:70 
C0915C $E0 $00 $04     CPX #$0400                      A:0000 X:0276 Y:0000 S:036C D:0000 DB:7E P:04 V:127 H:73 
C0915F $90 $F6         BCC $C09157                     A:0000 X:0276 Y:0000 S:036C D:0000 DB:7E P:84 V:127 H:77 
C09157 $9E $89 $DD     STZ $DD89,X [7EDFFF] = $0000    A:0000 X:0276 Y:0000 S:036C D:0000 DB:7E P:84 V:127 H:82 
C0915A $E8             INX                             A:0000 X:0276 Y:0000 S:036C D:0000 DB:7E P:84 V:127 H:92 
C0915B $E8             INX                             A:0000 X:0277 Y:0000 S:036C D:0000 DB:7E P:04 V:127 H:95 
C0915C $E0 $00 $04     CPX #$0400                      A:0000 X:0278 Y:0000 S:036C D:0000 DB:7E P:04 V:127 H:98 
C0915F $90 $F6         BCC $C09157                     A:0000 X:0278 Y:0000 S:036C D:0000 DB:7E P:84 V:127 H:102
C09157 $9E $89 $DD     STZ $DD89,X [7EE001] = $0000    A:0000 X:0278 Y:0000 S:036C D:0000 DB:7E P:84 V:127 H:107
C0915A $E8             INX                             A:0000 X:0278 Y:0000 S:036C D:0000 DB:7E P:84 V:127 H:117
C0915B $E8             INX                             A:0000 X:0279 Y:0000 S:036C D:0000 DB:7E P:04 V:127 H:120
C0915C $E0 $00 $04     CPX #$0400                      A:0000 X:027A Y:0000 S:036C D:0000 DB:7E P:04 V:127 H:123
C0915F $90 $F6         BCC $C09157                     A:0000 X:027A Y:0000 S:036C D:0000 DB:7E P:84 V:127 H:127
C09157 $9E $89 $DD     STZ $DD89,X [7EE003] = $0000    A:0000 X:027A Y:0000 S:036C D:0000 DB:7E P:84 V:127 H:132
C0915A $E8             INX                             A:0000 X:027A Y:0000 S:036C D:0000 DB:7E P:84 V:127 H:152
C0915B $E8             INX                             A:0000 X:027B Y:0000 S:036C D:0000 DB:7E P:04 V:127 H:155
C0915C $E0 $00 $04     CPX #$0400                      A:0000 X:027C Y:0000 S:036C D:0000 DB:7E P:04 V:127 H:158
C0915F $90 $F6         BCC $C09157                     A:0000 X:027C Y:0000 S:036C D:0000 DB:7E P:84 V:127 H:162
C09157 $9E $89 $DD     STZ $DD89,X [7EE005] = $0000    A:0000 X:027C Y:0000 S:036C D:0000 DB:7E P:84 V:127 H:167
C0915A $E8             INX                             A:0000 X:027C Y:0000 S:036C D:0000 DB:7E P:84 V:127 H:177
C0915B $E8             INX                             A:0000 X:027D Y:0000 S:036C D:0000 DB:7E P:04 V:127 H:180
C0915C $E0 $00 $04     CPX #$0400                      A:0000 X:027E Y:0000 S:036C D:0000 DB:7E P:04 V:127 H:183
C0915F $90 $F6         BCC $C09157                     A:0000 X:027E Y:0000 S:036C D:0000 DB:7E P:84 V:127 H:187
C09157 $9E $89 $DD     STZ $DD89,X [7EE007] = $0000    A:0000 X:027E Y:0000 S:036C D:0000 DB:7E P:84 V:127 H:192
C0915A $E8             INX                             A:0000 X:027E Y:0000 S:036C D:0000 DB:7E P:84 V:127 H:202
C0915B $E8             INX                             A:0000 X:027F Y:0000 S:036C D:0000 DB:7E P:04 V:127 H:205
C0915C $E0 $00 $04     CPX #$0400                      A:0000 X:0280 Y:0000 S:036C D:0000 DB:7E P:04 V:127 H:208
C0915F $90 $F6         BCC $C09157                     A:0000 X:0280 Y:0000 S:036C D:0000 DB:7E P:84 V:127 H:212
C09157 $9E $89 $DD     STZ $DD89,X [7EE009] = $0000    A:0000 X:0280 Y:0000 S:036C D:0000 DB:7E P:84 V:127 H:217
C0915A $E8             INX                             A:0000 X:0280 Y:0000 S:036C D:0000 DB:7E P:84 V:127 H:227
C0915B $E8             INX                             A:0000 X:0281 Y:0000 S:036C D:0000 DB:7E P:04 V:127 H:230
C0915C $E0 $00 $04     CPX #$0400                      A:0000 X:0282 Y:0000 S:036C D:0000 DB:7E P:04 V:127 H:233
C0915F $90 $F6         BCC $C09157                     A:0000 X:0282 Y:0000 S:036C D:0000 DB:7E P:84 V:127 H:237
C09157 $9E $89 $DD     STZ $DD89,X [7EE00B] = $0000    A:0000 X:0282 Y:0000 S:036C D:0000 DB:7E P:84 V:127 H:242
C0915A $E8             INX                             A:0000 X:0282 Y:0000 S:036C D:0000 DB:7E P:84 V:127 H:252
C0915B $E8             INX                             A:0000 X:0283 Y:0000 S:036C D:0000 DB:7E P:04 V:127 H:255
C0915C $E0 $00 $04     CPX #$0400                      A:0000 X:0284 Y:0000 S:036C D:0000 DB:7E P:04 V:127 H:258
C0915F $90 $F6         BCC $C09157                     A:0000 X:0284 Y:0000 S:036C D:0000 DB:7E P:84 V:127 H:262
C09157 $9E $89 $DD     STZ $DD89,X [7EE00D] = $0000    A:0000 X:0284 Y:0000 S:036C D:0000 DB:7E P:84 V:127 H:267
C0915A $E8             INX                             A:0000 X:0284 Y:0000 S:036C D:0000 DB:7E P:84 V:127 H:316
C0915B $E8             INX                             A:0000 X:0285 Y:0000 S:036C D:0000 DB:7E P:04 V:127 H:319
C0915C $E0 $00 $04     CPX #$0400                      A:0000 X:0286 Y:0000 S:036C D:0000 DB:7E P:04 V:127 H:322
C0915F $90 $F6         BCC $C09157                     A:0000 X:0286 Y:0000 S:036C D:0000 DB:7E P:84 V:127 H:326
C09157 $9E $89 $DD     STZ $DD89,X [7EE00F] = $0000    A:0000 X:0286 Y:0000 S:036C D:0000 DB:7E P:84 V:127 H:330
C0915A $E8             INX                             A:0000 X:0286 Y:0000 S:036C D:0000 DB:7E P:84 V:128 H:0  
C0915B $E8             INX                             A:0000 X:0287 Y:0000 S:036C D:0000 DB:7E P:04 V:128 H:3  
C0915C $E0 $00 $04     CPX #$0400                      A:0000 X:0288 Y:0000 S:036C D:0000 DB:7E P:04 V:128 H:6  
C0915F $90 $F6         BCC $C09157                     A:0000 X:0288 Y:0000 S:036C D:0000 DB:7E P:84 V:128 H:10 
C09157 $9E $89 $DD     STZ $DD89,X [7EE011] = $0000    A:0000 X:0288 Y:0000 S:036C D:0000 DB:7E P:84 V:128 H:15 
C0915A $E8             INX                             A:0000 X:0288 Y:0000 S:036C D:0000 DB:7E P:84 V:128 H:25 
C0915B $E8             INX                             A:0000 X:0289 Y:0000 S:036C D:0000 DB:7E P:04 V:128 H:28 
C0915C $E0 $00 $04     CPX #$0400                      A:0000 X:028A Y:0000 S:036C D:0000 DB:7E P:04 V:128 H:31 
C0915F $90 $F6         BCC $C09157                     A:0000 X:028A Y:0000 S:036C D:0000 DB:7E P:84 V:128 H:35 
C09157 $9E $89 $DD     STZ $DD89,X [7EE013] = $0000    A:0000 X:028A Y:0000 S:036C D:0000 DB:7E P:84 V:128 H:40 
C0915A $E8             INX                             A:0000 X:028A Y:0000 S:036C D:0000 DB:7E P:84 V:128 H:50 
C0915B $E8             INX                             A:0000 X:028B Y:0000 S:036C D:0000 DB:7E P:04 V:128 H:53 
C0915C $E0 $00 $04     CPX #$0400                      A:0000 X:028C Y:0000 S:036C D:0000 DB:7E P:04 V:128 H:56 
C0915F $90 $F6         BCC $C09157                     A:0000 X:028C Y:0000 S:036C D:0000 DB:7E P:84 V:128 H:60 
C09157 $9E $89 $DD     STZ $DD89,X [7EE015] = $0000    A:0000 X:028C Y:0000 S:036C D:0000 DB:7E P:84 V:128 H:65 
C0915A $E8             INX                             A:0000 X:028C Y:0000 S:036C D:0000 DB:7E P:84 V:128 H:75 
C0915B $E8             INX                             A:0000 X:028D Y:0000 S:036C D:0000 DB:7E P:04 V:128 H:78 
C0915C $E0 $00 $04     CPX #$0400                      A:0000 X:028E Y:0000 S:036C D:0000 DB:7E P:04 V:128 H:81 
C0915F $90 $F6         BCC $C09157                     A:0000 X:028E Y:0000 S:036C D:0000 DB:7E P:84 V:128 H:85 
C09157 $9E $89 $DD     STZ $DD89,X [7EE017] = $0000    A:0000 X:028E Y:0000 S:036C D:0000 DB:7E P:84 V:128 H:90 
C0915A $E8             INX                             A:0000 X:028E Y:0000 S:036C D:0000 DB:7E P:84 V:128 H:100
C0915B $E8             INX                             A:0000 X:028F Y:0000 S:036C D:0000 DB:7E P:04 V:128 H:103
C0915C $E0 $00 $04     CPX #$0400                      A:0000 X:0290 Y:0000 S:036C D:0000 DB:7E P:04 V:128 H:106
C0915F $90 $F6         BCC $C09157                     A:0000 X:0290 Y:0000 S:036C D:0000 DB:7E P:84 V:128 H:110
C09157 $9E $89 $DD     STZ $DD89,X [7EE019] = $0000    A:0000 X:0290 Y:0000 S:036C D:0000 DB:7E P:84 V:128 H:115
C0915A $E8             INX                             A:0000 X:0290 Y:0000 S:036C D:0000 DB:7E P:84 V:128 H:125
C0915B $E8             INX                             A:0000 X:0291 Y:0000 S:036C D:0000 DB:7E P:04 V:128 H:128
C0915C $E0 $00 $04     CPX #$0400                      A:0000 X:0292 Y:0000 S:036C D:0000 DB:7E P:04 V:128 H:131
C0915F $90 $F6         BCC $C09157                     A:0000 X:0292 Y:0000 S:036C D:0000 DB:7E P:84 V:128 H:145
C09157 $9E $89 $DD     STZ $DD89,X [7EE01B] = $0000    A:0000 X:0292 Y:0000 S:036C D:0000 DB:7E P:84 V:128 H:150
C0915A $E8             INX                             A:0000 X:0292 Y:0000 S:036C D:0000 DB:7E P:84 V:128 H:160
C0915B $E8             INX                             A:0000 X:0293 Y:0000 S:036C D:0000 DB:7E P:04 V:128 H:163
C0915C $E0 $00 $04     CPX #$0400                      A:0000 X:0294 Y:0000 S:036C D:0000 DB:7E P:04 V:128 H:166
C0915F $90 $F6         BCC $C09157                     A:0000 X:0294 Y:0000 S:036C D:0000 DB:7E P:84 V:128 H:170
C09157 $9E $89 $DD     STZ $DD89,X [7EE01D] = $0000    A:0000 X:0294 Y:0000 S:036C D:0000 DB:7E P:84 V:128 H:175
C0915A $E8             INX                             A:0000 X:0294 Y:0000 S:036C D:0000 DB:7E P:84 V:128 H:185
C0915B $E8             INX                             A:0000 X:0295 Y:0000 S:036C D:0000 DB:7E P:04 V:128 H:188
C0915C $E0 $00 $04     CPX #$0400                      A:0000 X:0296 Y:0000 S:036C D:0000 DB:7E P:04 V:128 H:191
C0915F $90 $F6         BCC $C09157                     A:0000 X:0296 Y:0000 S:036C D:0000 DB:7E P:84 V:128 H:195
C09157 $9E $89 $DD     STZ $DD89,X [7EE01F] = $0000    A:0000 X:0296 Y:0000 S:036C D:0000 DB:7E P:84 V:128 H:200
C0915A $E8             INX                             A:0000 X:0296 Y:0000 S:036C D:0000 DB:7E P:84 V:128 H:210
C0915B $E8             INX                             A:0000 X:0297 Y:0000 S:036C D:0000 DB:7E P:04 V:128 H:213
C0915C $E0 $00 $04     CPX #$0400                      A:0000 X:0298 Y:0000 S:036C D:0000 DB:7E P:04 V:128 H:216
C0915F $90 $F6         BCC $C09157                     A:0000 X:0298 Y:0000 S:036C D:0000 DB:7E P:84 V:128 H:220
C09157 $9E $89 $DD     STZ $DD89,X [7EE021] = $0000    A:0000 X:0298 Y:0000 S:036C D:0000 DB:7E P:84 V:128 H:225
C0915A $E8             INX                             A:0000 X:0298 Y:0000 S:036C D:0000 DB:7E P:84 V:128 H:235
C0915B $E8             INX                             A:0000 X:0299 Y:0000 S:036C D:0000 DB:7E P:04 V:128 H:238
C0915C $E0 $00 $04     CPX #$0400                      A:0000 X:029A Y:0000 S:036C D:0000 DB:7E P:04 V:128 H:241
C0915F $90 $F6         BCC $C09157                     A:0000 X:029A Y:0000 S:036C D:0000 DB:7E P:84 V:128 H:245
C09157 $9E $89 $DD     STZ $DD89,X [7EE023] = $0000    A:0000 X:029A Y:0000 S:036C D:0000 DB:7E P:84 V:128 H:250
C0915A $E8             INX                             A:0000 X:029A Y:0000 S:036C D:0000 DB:7E P:84 V:128 H:260
C0915B $E8             INX                             A:0000 X:029B Y:0000 S:036C D:0000 DB:7E P:04 V:128 H:263
C0915C $E0 $00 $04     CPX #$0400                      A:0000 X:029C Y:0000 S:036C D:0000 DB:7E P:04 V:128 H:266
C0915F $90 $F6         BCC $C09157                     A:0000 X:029C Y:0000 S:036C D:0000 DB:7E P:84 V:128 H:270
C09157 $9E $89 $DD     STZ $DD89,X [7EE025] = $0000    A:0000 X:029C Y:0000 S:036C D:0000 DB:7E P:84 V:128 H:275
C0915A $E8             INX                             A:0000 X:029C Y:0000 S:036C D:0000 DB:7E P:84 V:128 H:327
C0915B $E8             INX                             A:0000 X:029D Y:0000 S:036C D:0000 DB:7E P:04 V:128 H:330
C0915C $E0 $00 $04     CPX #$0400                      A:0000 X:029E Y:0000 S:036C D:0000 DB:7E P:04 V:128 H:333
C0915F $90 $F6         BCC $C09157                     A:0000 X:029E Y:0000 S:036C D:0000 DB:7E P:84 V:128 H:338
C09157 $9E $89 $DD     STZ $DD89,X [7EE027] = $0000    A:0000 X:029E Y:0000 S:036C D:0000 DB:7E P:84 V:129 H:2  
C0915A $E8             INX                             A:0000 X:029E Y:0000 S:036C D:0000 DB:7E P:84 V:129 H:12 
C0915B $E8             INX                             A:0000 X:029F Y:0000 S:036C D:0000 DB:7E P:04 V:129 H:15 
C0915C $E0 $00 $04     CPX #$0400                      A:0000 X:02A0 Y:0000 S:036C D:0000 DB:7E P:04 V:129 H:18 
C0915F $90 $F6         BCC $C09157                     A:0000 X:02A0 Y:0000 S:036C D:0000 DB:7E P:84 V:129 H:23 
C09157 $9E $89 $DD     STZ $DD89,X [7EE029] = $0000    A:0000 X:02A0 Y:0000 S:036C D:0000 DB:7E P:84 V:129 H:27 
C0915A $E8             INX                             A:0000 X:02A0 Y:0000 S:036C D:0000 DB:7E P:84 V:129 H:37 
C0915B $E8             INX                             A:0000 X:02A1 Y:0000 S:036C D:0000 DB:7E P:04 V:129 H:40 
C0915C $E0 $00 $04     CPX #$0400                      A:0000 X:02A2 Y:0000 S:036C D:0000 DB:7E P:04 V:129 H:43 
C0915F $90 $F6         BCC $C09157                     A:0000 X:02A2 Y:0000 S:036C D:0000 DB:7E P:84 V:129 H:48 
C09157 $9E $89 $DD     STZ $DD89,X [7EE02B] = $0000    A:0000 X:02A2 Y:0000 S:036C D:0000 DB:7E P:84 V:129 H:52 
C0915A $E8             INX                             A:0000 X:02A2 Y:0000 S:036C D:0000 DB:7E P:84 V:129 H:62 
C0915B $E8             INX                             A:0000 X:02A3 Y:0000 S:036C D:0000 DB:7E P:04 V:129 H:65 
C0915C $E0 $00 $04     CPX #$0400                      A:0000 X:02A4 Y:0000 S:036C D:0000 DB:7E P:04 V:129 H:68 
C0915F $90 $F6         BCC $C09157                     A:0000 X:02A4 Y:0000 S:036C D:0000 DB:7E P:84 V:129 H:73 
C09157 $9E $89 $DD     STZ $DD89,X [7EE02D] = $0000    A:0000 X:02A4 Y:0000 S:036C D:0000 DB:7E P:84 V:129 H:77 
C0915A $E8             INX                             A:0000 X:02A4 Y:0000 S:036C D:0000 DB:7E P:84 V:129 H:87 
C0915B $E8             INX                             A:0000 X:02A5 Y:0000 S:036C D:0000 DB:7E P:04 V:129 H:90 
C0915C $E0 $00 $04     CPX #$0400                      A:0000 X:02A6 Y:0000 S:036C D:0000 DB:7E P:04 V:129 H:93 
C0915F $90 $F6         BCC $C09157                     A:0000 X:02A6 Y:0000 S:036C D:0000 DB:7E P:84 V:129 H:98 
C09157 $9E $89 $DD     STZ $DD89,X [7EE02F] = $0000    A:0000 X:02A6 Y:0000 S:036C D:0000 DB:7E P:84 V:129 H:102
C0915A $E8             INX                             A:0000 X:02A6 Y:0000 S:036C D:0000 DB:7E P:84 V:129 H:112
C0915B $E8             INX                             A:0000 X:02A7 Y:0000 S:036C D:0000 DB:7E P:04 V:129 H:115
C0915C $E0 $00 $04     CPX #$0400                      A:0000 X:02A8 Y:0000 S:036C D:0000 DB:7E P:04 V:129 H:118
C0915F $90 $F6         BCC $C09157                     A:0000 X:02A8 Y:0000 S:036C D:0000 DB:7E P:84 V:129 H:123
C09157 $9E $89 $DD     STZ $DD89,X [7EE031] = $0000    A:0000 X:02A8 Y:0000 S:036C D:0000 DB:7E P:84 V:129 H:127
C0915A $E8             INX                             A:0000 X:02A8 Y:0000 S:036C D:0000 DB:7E P:84 V:129 H:147
C0915B $E8             INX                             A:0000 X:02A9 Y:0000 S:036C D:0000 DB:7E P:04 V:129 H:150
C0915C $E0 $00 $04     CPX #$0400                      A:0000 X:02AA Y:0000 S:036C D:0000 DB:7E P:04 V:129 H:153
C0915F $90 $F6         BCC $C09157                     A:0000 X:02AA Y:0000 S:036C D:0000 DB:7E P:84 V:129 H:158
C09157 $9E $89 $DD     STZ $DD89,X [7EE033] = $0000    A:0000 X:02AA Y:0000 S:036C D:0000 DB:7E P:84 V:129 H:162
C0915A $E8             INX                             A:0000 X:02AA Y:0000 S:036C D:0000 DB:7E P:84 V:129 H:172
C0915B $E8             INX                             A:0000 X:02AB Y:0000 S:036C D:0000 DB:7E P:04 V:129 H:175
C0915C $E0 $00 $04     CPX #$0400                      A:0000 X:02AC Y:0000 S:036C D:0000 DB:7E P:04 V:129 H:178
C0915F $90 $F6         BCC $C09157                     A:0000 X:02AC Y:0000 S:036C D:0000 DB:7E P:84 V:129 H:183
C09157 $9E $89 $DD     STZ $DD89,X [7EE035] = $0000    A:0000 X:02AC Y:0000 S:036C D:0000 DB:7E P:84 V:129 H:187
C0915A $E8             INX                             A:0000 X:02AC Y:0000 S:036C D:0000 DB:7E P:84 V:129 H:197
C0915B $E8             INX                             A:0000 X:02AD Y:0000 S:036C D:0000 DB:7E P:04 V:129 H:200
C0915C $E0 $00 $04     CPX #$0400                      A:0000 X:02AE Y:0000 S:036C D:0000 DB:7E P:04 V:129 H:203
C0915F $90 $F6         BCC $C09157                     A:0000 X:02AE Y:0000 S:036C D:0000 DB:7E P:84 V:129 H:208
C09157 $9E $89 $DD     STZ $DD89,X [7EE037] = $0000    A:0000 X:02AE Y:0000 S:036C D:0000 DB:7E P:84 V:129 H:212
C0915A $E8             INX                             A:0000 X:02AE Y:0000 S:036C D:0000 DB:7E P:84 V:129 H:222
C0915B $E8             INX                             A:0000 X:02AF Y:0000 S:036C D:0000 DB:7E P:04 V:129 H:225
C0915C $E0 $00 $04     CPX #$0400                      A:0000 X:02B0 Y:0000 S:036C D:0000 DB:7E P:04 V:129 H:228
C0915F $90 $F6         BCC $C09157                     A:0000 X:02B0 Y:0000 S:036C D:0000 DB:7E P:84 V:129 H:233
C09157 $9E $89 $DD     STZ $DD89,X [7EE039] = $0000    A:0000 X:02B0 Y:0000 S:036C D:0000 DB:7E P:84 V:129 H:237
C0915A $E8             INX                             A:0000 X:02B0 Y:0000 S:036C D:0000 DB:7E P:84 V:129 H:247
C0915B $E8             INX                             A:0000 X:02B1 Y:0000 S:036C D:0000 DB:7E P:04 V:129 H:250
C0915C $E0 $00 $04     CPX #$0400                      A:0000 X:02B2 Y:0000 S:036C D:0000 DB:7E P:04 V:129 H:253
C0915F $90 $F6         BCC $C09157                     A:0000 X:02B2 Y:0000 S:036C D:0000 DB:7E P:84 V:129 H:258
C09157 $9E $89 $DD     STZ $DD89,X [7EE03B] = $0000    A:0000 X:02B2 Y:0000 S:036C D:0000 DB:7E P:84 V:129 H:262
C0915A $E8             INX                             A:0000 X:02B2 Y:0000 S:036C D:0000 DB:7E P:84 V:129 H:272
C0915B $E8             INX                             A:0000 X:02B3 Y:0000 S:036C D:0000 DB:7E P:04 V:129 H:275
C0915C $E0 $00 $04     CPX #$0400                      A:0000 X:02B4 Y:0000 S:036C D:0000 DB:7E P:04 V:129 H:293
C0915F $90 $F6         BCC $C09157                     A:0000 X:02B4 Y:0000 S:036C D:0000 DB:7E P:84 V:129 H:298
C09157 $9E $89 $DD     STZ $DD89,X [7EE03D] = $0000    A:0000 X:02B4 Y:0000 S:036C D:0000 DB:7E P:84 V:129 H:302
C0915A $E8             INX                             A:0000 X:02B4 Y:0000 S:036C D:0000 DB:7E P:84 V:129 H:312
C0915B $E8             INX                             A:0000 X:02B5 Y:0000 S:036C D:0000 DB:7E P:04 V:129 H:315
C0915C $E0 $00 $04     CPX #$0400                      A:0000 X:02B6 Y:0000 S:036C D:0000 DB:7E P:04 V:129 H:318
C0915F $90 $F6         BCC $C09157                     A:0000 X:02B6 Y:0000 S:036C D:0000 DB:7E P:84 V:129 H:323
C09157 $9E $89 $DD     STZ $DD89,X [7EE03F] = $0000    A:0000 X:02B6 Y:0000 S:036C D:0000 DB:7E P:84 V:129 H:327
C0915A $E8             INX                             A:0000 X:02B6 Y:0000 S:036C D:0000 DB:7E P:84 V:129 H:336
C0915B $E8             INX                             A:0000 X:02B7 Y:0000 S:036C D:0000 DB:7E P:04 V:129 H:339
C0915C $E0 $00 $04     CPX #$0400                      A:0000 X:02B8 Y:0000 S:036C D:0000 DB:7E P:04 V:130 H:2  
C0915F $90 $F6         BCC $C09157                     A:0000 X:02B8 Y:0000 S:036C D:0000 DB:7E P:84 V:130 H:7  
C09157 $9E $89 $DD     STZ $DD89,X [7EE041] = $0000    A:0000 X:02B8 Y:0000 S:036C D:0000 DB:7E P:84 V:130 H:11 
C0915A $E8             INX                             A:0000 X:02B8 Y:0000 S:036C D:0000 DB:7E P:84 V:130 H:21 
C0915B $E8             INX                             A:0000 X:02B9 Y:0000 S:036C D:0000 DB:7E P:04 V:130 H:24 
C0915C $E0 $00 $04     CPX #$0400                      A:0000 X:02BA Y:0000 S:036C D:0000 DB:7E P:04 V:130 H:27 
C0915F $90 $F6         BCC $C09157                     A:0000 X:02BA Y:0000 S:036C D:0000 DB:7E P:84 V:130 H:32 
C09157 $9E $89 $DD     STZ $DD89,X [7EE043] = $0000    A:0000 X:02BA Y:0000 S:036C D:0000 DB:7E P:84 V:130 H:36 
C0915A $E8             INX                             A:0000 X:02BA Y:0000 S:036C D:0000 DB:7E P:84 V:130 H:46 
C0915B $E8             INX                             A:0000 X:02BB Y:0000 S:036C D:0000 DB:7E P:04 V:130 H:49 
C0915C $E0 $00 $04     CPX #$0400                      A:0000 X:02BC Y:0000 S:036C D:0000 DB:7E P:04 V:130 H:52 
C0915F $90 $F6         BCC $C09157                     A:0000 X:02BC Y:0000 S:036C D:0000 DB:7E P:84 V:130 H:57 
C09157 $9E $89 $DD     STZ $DD89,X [7EE045] = $0000    A:0000 X:02BC Y:0000 S:036C D:0000 DB:7E P:84 V:130 H:61 
C0915A $E8             INX                             A:0000 X:02BC Y:0000 S:036C D:0000 DB:7E P:84 V:130 H:71 
C0915B $E8             INX                             A:0000 X:02BD Y:0000 S:036C D:0000 DB:7E P:04 V:130 H:74 
C0915C $E0 $00 $04     CPX #$0400                      A:0000 X:02BE Y:0000 S:036C D:0000 DB:7E P:04 V:130 H:77 
C0915F $90 $F6         BCC $C09157                     A:0000 X:02BE Y:0000 S:036C D:0000 DB:7E P:84 V:130 H:82 
C09157 $9E $89 $DD     STZ $DD89,X [7EE047] = $0000    A:0000 X:02BE Y:0000 S:036C D:0000 DB:7E P:84 V:130 H:86 
C0915A $E8             INX                             A:0000 X:02BE Y:0000 S:036C D:0000 DB:7E P:84 V:130 H:96 
C0915B $E8             INX                             A:0000 X:02BF Y:0000 S:036C D:0000 DB:7E P:04 V:130 H:99 
C0915C $E0 $00 $04     CPX #$0400                      A:0000 X:02C0 Y:0000 S:036C D:0000 DB:7E P:04 V:130 H:102
C0915F $90 $F6         BCC $C09157                     A:0000 X:02C0 Y:0000 S:036C D:0000 DB:7E P:84 V:130 H:107
C09157 $9E $89 $DD     STZ $DD89,X [7EE049] = $0000    A:0000 X:02C0 Y:0000 S:036C D:0000 DB:7E P:84 V:130 H:111
C0915A $E8             INX                             A:0000 X:02C0 Y:0000 S:036C D:0000 DB:7E P:84 V:130 H:121
C0915B $E8             INX                             A:0000 X:02C1 Y:0000 S:036C D:0000 DB:7E P:04 V:130 H:124
C0915C $E0 $00 $04     CPX #$0400                      A:0000 X:02C2 Y:0000 S:036C D:0000 DB:7E P:04 V:130 H:127
C0915F $90 $F6         BCC $C09157                     A:0000 X:02C2 Y:0000 S:036C D:0000 DB:7E P:84 V:130 H:132
C09157 $9E $89 $DD     STZ $DD89,X [7EE04B] = $0000    A:0000 X:02C2 Y:0000 S:036C D:0000 DB:7E P:84 V:130 H:146
C0915A $E8             INX                             A:0000 X:02C2 Y:0000 S:036C D:0000 DB:7E P:84 V:130 H:156
C0915B $E8             INX                             A:0000 X:02C3 Y:0000 S:036C D:0000 DB:7E P:04 V:130 H:159
C0915C $E0 $00 $04     CPX #$0400                      A:0000 X:02C4 Y:0000 S:036C D:0000 DB:7E P:04 V:130 H:162
C0915F $90 $F6         BCC $C09157                     A:0000 X:02C4 Y:0000 S:036C D:0000 DB:7E P:84 V:130 H:167
C09157 $9E $89 $DD     STZ $DD89,X [7EE04D] = $0000    A:0000 X:02C4 Y:0000 S:036C D:0000 DB:7E P:84 V:130 H:171
C0915A $E8             INX                             A:0000 X:02C4 Y:0000 S:036C D:0000 DB:7E P:84 V:130 H:181
C0915B $E8             INX                             A:0000 X:02C5 Y:0000 S:036C D:0000 DB:7E P:04 V:130 H:184
C0915C $E0 $00 $04     CPX #$0400                      A:0000 X:02C6 Y:0000 S:036C D:0000 DB:7E P:04 V:130 H:187
C0915F $90 $F6         BCC $C09157                     A:0000 X:02C6 Y:0000 S:036C D:0000 DB:7E P:84 V:130 H:192
C09157 $9E $89 $DD     STZ $DD89,X [7EE04F] = $0000    A:0000 X:02C6 Y:0000 S:036C D:0000 DB:7E P:84 V:130 H:196
C0915A $E8             INX                             A:0000 X:02C6 Y:0000 S:036C D:0000 DB:7E P:84 V:130 H:206
C0915B $E8             INX                             A:0000 X:02C7 Y:0000 S:036C D:0000 DB:7E P:04 V:130 H:209
C0915C $E0 $00 $04     CPX #$0400                      A:0000 X:02C8 Y:0000 S:036C D:0000 DB:7E P:04 V:130 H:212
C0915F $90 $F6         BCC $C09157                     A:0000 X:02C8 Y:0000 S:036C D:0000 DB:7E P:84 V:130 H:217
C09157 $9E $89 $DD     STZ $DD89,X [7EE051] = $0000    A:0000 X:02C8 Y:0000 S:036C D:0000 DB:7E P:84 V:130 H:221
C0915A $E8             INX                             A:0000 X:02C8 Y:0000 S:036C D:0000 DB:7E P:84 V:130 H:231
C0915B $E8             INX                             A:0000 X:02C9 Y:0000 S:036C D:0000 DB:7E P:04 V:130 H:234
C0915C $E0 $00 $04     CPX #$0400                      A:0000 X:02CA Y:0000 S:036C D:0000 DB:7E P:04 V:130 H:237
C0915F $90 $F6         BCC $C09157                     A:0000 X:02CA Y:0000 S:036C D:0000 DB:7E P:84 V:130 H:242
C09157 $9E $89 $DD     STZ $DD89,X [7EE053] = $0000    A:0000 X:02CA Y:0000 S:036C D:0000 DB:7E P:84 V:130 H:246
C0915A $E8             INX                             A:0000 X:02CA Y:0000 S:036C D:0000 DB:7E P:84 V:130 H:256
C0915B $E8             INX                             A:0000 X:02CB Y:0000 S:036C D:0000 DB:7E P:04 V:130 H:259
C0915C $E0 $00 $04     CPX #$0400                      A:0000 X:02CC Y:0000 S:036C D:0000 DB:7E P:04 V:130 H:262
C0915F $90 $F6         BCC $C09157                     A:0000 X:02CC Y:0000 S:036C D:0000 DB:7E P:84 V:130 H:267
C09157 $9E $89 $DD     STZ $DD89,X [7EE055] = $0000    A:0000 X:02CC Y:0000 S:036C D:0000 DB:7E P:84 V:130 H:271
C0915A $E8             INX                             A:0000 X:02CC Y:0000 S:036C D:0000 DB:7E P:84 V:130 H:297
C0915B $E8             INX                             A:0000 X:02CD Y:0000 S:036C D:0000 DB:7E P:04 V:130 H:300
C0915C $E0 $00 $04     CPX #$0400                      A:0000 X:02CE Y:0000 S:036C D:0000 DB:7E P:04 V:130 H:303
C0915F $90 $F6         BCC $C09157                     A:0000 X:02CE Y:0000 S:036C D:0000 DB:7E P:84 V:130 H:308
C09157 $9E $89 $DD     STZ $DD89,X [7EE057] = $0000    A:0000 X:02CE Y:0000 S:036C D:0000 DB:7E P:84 V:130 H:312
C0915A $E8             INX                             A:0000 X:02CE Y:0000 S:036C D:0000 DB:7E P:84 V:130 H:322
C0915B $E8             INX                             A:0000 X:02CF Y:0000 S:036C D:0000 DB:7E P:04 V:130 H:325
C0915C $E0 $00 $04     CPX #$0400                      A:0000 X:02D0 Y:0000 S:036C D:0000 DB:7E P:04 V:130 H:327
C0915F $90 $F6         BCC $C09157                     A:0000 X:02D0 Y:0000 S:036C D:0000 DB:7E P:84 V:130 H:332
C09157 $9E $89 $DD     STZ $DD89,X [7EE059] = $0000    A:0000 X:02D0 Y:0000 S:036C D:0000 DB:7E P:84 V:130 H:336
C0915A $E8             INX                             A:0000 X:02D0 Y:0000 S:036C D:0000 DB:7E P:84 V:131 H:6  
C0915B $E8             INX                             A:0000 X:02D1 Y:0000 S:036C D:0000 DB:7E P:04 V:131 H:9  
C0915C $E0 $00 $04     CPX #$0400                      A:0000 X:02D2 Y:0000 S:036C D:0000 DB:7E P:04 V:131 H:12 
C0915F $90 $F6         BCC $C09157                     A:0000 X:02D2 Y:0000 S:036C D:0000 DB:7E P:84 V:131 H:17 
C09157 $9E $89 $DD     STZ $DD89,X [7EE05B] = $0000    A:0000 X:02D2 Y:0000 S:036C D:0000 DB:7E P:84 V:131 H:21 
C0915A $E8             INX                             A:0000 X:02D2 Y:0000 S:036C D:0000 DB:7E P:84 V:131 H:31 
C0915B $E8             INX                             A:0000 X:02D3 Y:0000 S:036C D:0000 DB:7E P:04 V:131 H:34 
C0915C $E0 $00 $04     CPX #$0400                      A:0000 X:02D4 Y:0000 S:036C D:0000 DB:7E P:04 V:131 H:37 
C0915F $90 $F6         BCC $C09157                     A:0000 X:02D4 Y:0000 S:036C D:0000 DB:7E P:84 V:131 H:42 
C09157 $9E $89 $DD     STZ $DD89,X [7EE05D] = $0000    A:0000 X:02D4 Y:0000 S:036C D:0000 DB:7E P:84 V:131 H:46 
C0915A $E8             INX                             A:0000 X:02D4 Y:0000 S:036C D:0000 DB:7E P:84 V:131 H:56 
C0915B $E8             INX                             A:0000 X:02D5 Y:0000 S:036C D:0000 DB:7E P:04 V:131 H:59 
C0915C $E0 $00 $04     CPX #$0400                      A:0000 X:02D6 Y:0000 S:036C D:0000 DB:7E P:04 V:131 H:62 
C0915F $90 $F6         BCC $C09157                     A:0000 X:02D6 Y:0000 S:036C D:0000 DB:7E P:84 V:131 H:67 
C09157 $9E $89 $DD     STZ $DD89,X [7EE05F] = $0000    A:0000 X:02D6 Y:0000 S:036C D:0000 DB:7E P:84 V:131 H:71 
C0915A $E8             INX                             A:0000 X:02D6 Y:0000 S:036C D:0000 DB:7E P:84 V:131 H:81 
C0915B $E8             INX                             A:0000 X:02D7 Y:0000 S:036C D:0000 DB:7E P:04 V:131 H:84 
C0915C $E0 $00 $04     CPX #$0400                      A:0000 X:02D8 Y:0000 S:036C D:0000 DB:7E P:04 V:131 H:87 
C0915F $90 $F6         BCC $C09157                     A:0000 X:02D8 Y:0000 S:036C D:0000 DB:7E P:84 V:131 H:92 
C09157 $9E $89 $DD     STZ $DD89,X [7EE061] = $0000    A:0000 X:02D8 Y:0000 S:036C D:0000 DB:7E P:84 V:131 H:96 
C0915A $E8             INX                             A:0000 X:02D8 Y:0000 S:036C D:0000 DB:7E P:84 V:131 H:106
C0915B $E8             INX                             A:0000 X:02D9 Y:0000 S:036C D:0000 DB:7E P:04 V:131 H:109
C0915C $E0 $00 $04     CPX #$0400                      A:0000 X:02DA Y:0000 S:036C D:0000 DB:7E P:04 V:131 H:112
C0915F $90 $F6         BCC $C09157                     A:0000 X:02DA Y:0000 S:036C D:0000 DB:7E P:84 V:131 H:117
C09157 $9E $89 $DD     STZ $DD89,X [7EE063] = $0000    A:0000 X:02DA Y:0000 S:036C D:0000 DB:7E P:84 V:131 H:121
C0915A $E8             INX                             A:0000 X:02DA Y:0000 S:036C D:0000 DB:7E P:84 V:131 H:131
C0915B $E8             INX                             A:0000 X:02DB Y:0000 S:036C D:0000 DB:7E P:04 V:131 H:144
C0915C $E0 $00 $04     CPX #$0400                      A:0000 X:02DC Y:0000 S:036C D:0000 DB:7E P:04 V:131 H:147
C0915F $90 $F6         BCC $C09157                     A:0000 X:02DC Y:0000 S:036C D:0000 DB:7E P:84 V:131 H:152
C09157 $9E $89 $DD     STZ $DD89,X [7EE065] = $0000    A:0000 X:02DC Y:0000 S:036C D:0000 DB:7E P:84 V:131 H:156
C0915A $E8             INX                             A:0000 X:02DC Y:0000 S:036C D:0000 DB:7E P:84 V:131 H:166
C0915B $E8             INX                             A:0000 X:02DD Y:0000 S:036C D:0000 DB:7E P:04 V:131 H:169
C0915C $E0 $00 $04     CPX #$0400                      A:0000 X:02DE Y:0000 S:036C D:0000 DB:7E P:04 V:131 H:172
C0915F $90 $F6         BCC $C09157                     A:0000 X:02DE Y:0000 S:036C D:0000 DB:7E P:84 V:131 H:177
C09157 $9E $89 $DD     STZ $DD89,X [7EE067] = $0000    A:0000 X:02DE Y:0000 S:036C D:0000 DB:7E P:84 V:131 H:181
C0915A $E8             INX                             A:0000 X:02DE Y:0000 S:036C D:0000 DB:7E P:84 V:131 H:191
C0915B $E8             INX                             A:0000 X:02DF Y:0000 S:036C D:0000 DB:7E P:04 V:131 H:194
C0915C $E0 $00 $04     CPX #$0400                      A:0000 X:02E0 Y:0000 S:036C D:0000 DB:7E P:04 V:131 H:197
C0915F $90 $F6         BCC $C09157                     A:0000 X:02E0 Y:0000 S:036C D:0000 DB:7E P:84 V:131 H:202
C09157 $9E $89 $DD     STZ $DD89,X [7EE069] = $0000    A:0000 X:02E0 Y:0000 S:036C D:0000 DB:7E P:84 V:131 H:206
C0915A $E8             INX                             A:0000 X:02E0 Y:0000 S:036C D:0000 DB:7E P:84 V:131 H:216
C0915B $E8             INX                             A:0000 X:02E1 Y:0000 S:036C D:0000 DB:7E P:04 V:131 H:219
C0915C $E0 $00 $04     CPX #$0400                      A:0000 X:02E2 Y:0000 S:036C D:0000 DB:7E P:04 V:131 H:222
C0915F $90 $F6         BCC $C09157                     A:0000 X:02E2 Y:0000 S:036C D:0000 DB:7E P:84 V:131 H:227
C09157 $9E $89 $DD     STZ $DD89,X [7EE06B] = $0000    A:0000 X:02E2 Y:0000 S:036C D:0000 DB:7E P:84 V:131 H:231
C0915A $E8             INX                             A:0000 X:02E2 Y:0000 S:036C D:0000 DB:7E P:84 V:131 H:241
C0915B $E8             INX                             A:0000 X:02E3 Y:0000 S:036C D:0000 DB:7E P:04 V:131 H:244
C0915C $E0 $00 $04     CPX #$0400                      A:0000 X:02E4 Y:0000 S:036C D:0000 DB:7E P:04 V:131 H:247
C0915F $90 $F6         BCC $C09157                     A:0000 X:02E4 Y:0000 S:036C D:0000 DB:7E P:84 V:131 H:252
C09157 $9E $89 $DD     STZ $DD89,X [7EE06D] = $0000    A:0000 X:02E4 Y:0000 S:036C D:0000 DB:7E P:84 V:131 H:256
C0915A $E8             INX                             A:0000 X:02E4 Y:0000 S:036C D:0000 DB:7E P:84 V:131 H:266
C0915B $E8             INX                             A:0000 X:02E5 Y:0000 S:036C D:0000 DB:7E P:04 V:131 H:269
C0915C $E0 $00 $04     CPX #$0400                      A:0000 X:02E6 Y:0000 S:036C D:0000 DB:7E P:04 V:131 H:272
C0915F $90 $F6         BCC $C09157                     A:0000 X:02E6 Y:0000 S:036C D:0000 DB:7E P:84 V:131 H:292
C09157 $9E $89 $DD     STZ $DD89,X [7EE06F] = $0000    A:0000 X:02E6 Y:0000 S:036C D:0000 DB:7E P:84 V:131 H:296
C0915A $E8             INX                             A:0000 X:02E6 Y:0000 S:036C D:0000 DB:7E P:84 V:131 H:306
C0915B $E8             INX                             A:0000 X:02E7 Y:0000 S:036C D:0000 DB:7E P:04 V:131 H:309
C0915C $E0 $00 $04     CPX #$0400                      A:0000 X:02E8 Y:0000 S:036C D:0000 DB:7E P:04 V:131 H:312
C0915F $90 $F6         BCC $C09157                     A:0000 X:02E8 Y:0000 S:036C D:0000 DB:7E P:84 V:131 H:317
C09157 $9E $89 $DD     STZ $DD89,X [7EE071] = $0000    A:0000 X:02E8 Y:0000 S:036C D:0000 DB:7E P:84 V:131 H:321
C0915A $E8             INX                             A:0000 X:02E8 Y:0000 S:036C D:0000 DB:7E P:84 V:131 H:330
C0915B $E8             INX                             A:0000 X:02E9 Y:0000 S:036C D:0000 DB:7E P:04 V:131 H:333
C0915C $E0 $00 $04     CPX #$0400                      A:0000 X:02EA Y:0000 S:036C D:0000 DB:7E P:04 V:131 H:336
C0915F $90 $F6         BCC $C09157                     A:0000 X:02EA Y:0000 S:036C D:0000 DB:7E P:84 V:132 H:1  
C09157 $9E $89 $DD     STZ $DD89,X [7EE073] = $0000    A:0000 X:02EA Y:0000 S:036C D:0000 DB:7E P:84 V:132 H:5  
C0915A $E8             INX                             A:0000 X:02EA Y:0000 S:036C D:0000 DB:7E P:84 V:132 H:15 
C0915B $E8             INX                             A:0000 X:02EB Y:0000 S:036C D:0000 DB:7E P:04 V:132 H:18 
C0915C $E0 $00 $04     CPX #$0400                      A:0000 X:02EC Y:0000 S:036C D:0000 DB:7E P:04 V:132 H:21 
C0915F $90 $F6         BCC $C09157                     A:0000 X:02EC Y:0000 S:036C D:0000 DB:7E P:84 V:132 H:26 
C09157 $9E $89 $DD     STZ $DD89,X [7EE075] = $0000    A:0000 X:02EC Y:0000 S:036C D:0000 DB:7E P:84 V:132 H:30 
C0915A $E8             INX                             A:0000 X:02EC Y:0000 S:036C D:0000 DB:7E P:84 V:132 H:40 
C0915B $E8             INX                             A:0000 X:02ED Y:0000 S:036C D:0000 DB:7E P:04 V:132 H:43 
C0915C $E0 $00 $04     CPX #$0400                      A:0000 X:02EE Y:0000 S:036C D:0000 DB:7E P:04 V:132 H:46 
C0915F $90 $F6         BCC $C09157                     A:0000 X:02EE Y:0000 S:036C D:0000 DB:7E P:84 V:132 H:51 
C09157 $9E $89 $DD     STZ $DD89,X [7EE077] = $0000    A:0000 X:02EE Y:0000 S:036C D:0000 DB:7E P:84 V:132 H:55 
C0915A $E8             INX                             A:0000 X:02EE Y:0000 S:036C D:0000 DB:7E P:84 V:132 H:65 
C0915B $E8             INX                             A:0000 X:02EF Y:0000 S:036C D:0000 DB:7E P:04 V:132 H:68 
C0915C $E0 $00 $04     CPX #$0400                      A:0000 X:02F0 Y:0000 S:036C D:0000 DB:7E P:04 V:132 H:71 
C0915F $90 $F6         BCC $C09157                     A:0000 X:02F0 Y:0000 S:036C D:0000 DB:7E P:84 V:132 H:76 
C09157 $9E $89 $DD     STZ $DD89,X [7EE079] = $0000    A:0000 X:02F0 Y:0000 S:036C D:0000 DB:7E P:84 V:132 H:80 
C0915A $E8             INX                             A:0000 X:02F0 Y:0000 S:036C D:0000 DB:7E P:84 V:132 H:90 
C0915B $E8             INX                             A:0000 X:02F1 Y:0000 S:036C D:0000 DB:7E P:04 V:132 H:93 
C0915C $E0 $00 $04     CPX #$0400                      A:0000 X:02F2 Y:0000 S:036C D:0000 DB:7E P:04 V:132 H:96 
C0915F $90 $F6         BCC $C09157                     A:0000 X:02F2 Y:0000 S:036C D:0000 DB:7E P:84 V:132 H:101
C09157 $9E $89 $DD     STZ $DD89,X [7EE07B] = $0000    A:0000 X:02F2 Y:0000 S:036C D:0000 DB:7E P:84 V:132 H:105
C0915A $E8             INX                             A:0000 X:02F2 Y:0000 S:036C D:0000 DB:7E P:84 V:132 H:115
C0915B $E8             INX                             A:0000 X:02F3 Y:0000 S:036C D:0000 DB:7E P:04 V:132 H:118
C0915C $E0 $00 $04     CPX #$0400                      A:0000 X:02F4 Y:0000 S:036C D:0000 DB:7E P:04 V:132 H:121
C0915F $90 $F6         BCC $C09157                     A:0000 X:02F4 Y:0000 S:036C D:0000 DB:7E P:84 V:132 H:126
C09157 $9E $89 $DD     STZ $DD89,X [7EE07D] = $0000    A:0000 X:02F4 Y:0000 S:036C D:0000 DB:7E P:84 V:132 H:130
C0915A $E8             INX                             A:0000 X:02F4 Y:0000 S:036C D:0000 DB:7E P:84 V:132 H:150
C0915B $E8             INX                             A:0000 X:02F5 Y:0000 S:036C D:0000 DB:7E P:04 V:132 H:153
C0915C $E0 $00 $04     CPX #$0400                      A:0000 X:02F6 Y:0000 S:036C D:0000 DB:7E P:04 V:132 H:156
C0915F $90 $F6         BCC $C09157                     A:0000 X:02F6 Y:0000 S:036C D:0000 DB:7E P:84 V:132 H:161
C09157 $9E $89 $DD     STZ $DD89,X [7EE07F] = $0000    A:0000 X:02F6 Y:0000 S:036C D:0000 DB:7E P:84 V:132 H:165
C0915A $E8             INX                             A:0000 X:02F6 Y:0000 S:036C D:0000 DB:7E P:84 V:132 H:175
C0915B $E8             INX                             A:0000 X:02F7 Y:0000 S:036C D:0000 DB:7E P:04 V:132 H:178
C0915C $E0 $00 $04     CPX #$0400                      A:0000 X:02F8 Y:0000 S:036C D:0000 DB:7E P:04 V:132 H:181
C0915F $90 $F6         BCC $C09157                     A:0000 X:02F8 Y:0000 S:036C D:0000 DB:7E P:84 V:132 H:186
C09157 $9E $89 $DD     STZ $DD89,X [7EE081] = $0000    A:0000 X:02F8 Y:0000 S:036C D:0000 DB:7E P:84 V:132 H:190
C0915A $E8             INX                             A:0000 X:02F8 Y:0000 S:036C D:0000 DB:7E P:84 V:132 H:200
C0915B $E8             INX                             A:0000 X:02F9 Y:0000 S:036C D:0000 DB:7E P:04 V:132 H:203
C0915C $E0 $00 $04     CPX #$0400                      A:0000 X:02FA Y:0000 S:036C D:0000 DB:7E P:04 V:132 H:206
C0915F $90 $F6         BCC $C09157                     A:0000 X:02FA Y:0000 S:036C D:0000 DB:7E P:84 V:132 H:211
C09157 $9E $89 $DD     STZ $DD89,X [7EE083] = $0000    A:0000 X:02FA Y:0000 S:036C D:0000 DB:7E P:84 V:132 H:215
C0915A $E8             INX                             A:0000 X:02FA Y:0000 S:036C D:0000 DB:7E P:84 V:132 H:225
C0915B $E8             INX                             A:0000 X:02FB Y:0000 S:036C D:0000 DB:7E P:04 V:132 H:228
C0915C $E0 $00 $04     CPX #$0400                      A:0000 X:02FC Y:0000 S:036C D:0000 DB:7E P:04 V:132 H:231
C0915F $90 $F6         BCC $C09157                     A:0000 X:02FC Y:0000 S:036C D:0000 DB:7E P:84 V:132 H:236
C09157 $9E $89 $DD     STZ $DD89,X [7EE085] = $0000    A:0000 X:02FC Y:0000 S:036C D:0000 DB:7E P:84 V:132 H:240
C0915A $E8             INX                             A:0000 X:02FC Y:0000 S:036C D:0000 DB:7E P:84 V:132 H:250
C0915B $E8             INX                             A:0000 X:02FD Y:0000 S:036C D:0000 DB:7E P:04 V:132 H:253
C0915C $E0 $00 $04     CPX #$0400                      A:0000 X:02FE Y:0000 S:036C D:0000 DB:7E P:04 V:132 H:256
C0915F $90 $F6         BCC $C09157                     A:0000 X:02FE Y:0000 S:036C D:0000 DB:7E P:84 V:132 H:261
C09157 $9E $89 $DD     STZ $DD89,X [7EE087] = $0000    A:0000 X:02FE Y:0000 S:036C D:0000 DB:7E P:84 V:132 H:265
C0915A $E8             INX                             A:0000 X:02FE Y:0000 S:036C D:0000 DB:7E P:84 V:132 H:275
C0915B $E8             INX                             A:0000 X:02FF Y:0000 S:036C D:0000 DB:7E P:04 V:132 H:295
C0915C $E0 $00 $04     CPX #$0400                      A:0000 X:0300 Y:0000 S:036C D:0000 DB:7E P:04 V:132 H:298
C0915F $90 $F6         BCC $C09157                     A:0000 X:0300 Y:0000 S:036C D:0000 DB:7E P:84 V:132 H:302
C09157 $9E $89 $DD     STZ $DD89,X [7EE089] = $0000    A:0000 X:0300 Y:0000 S:036C D:0000 DB:7E P:84 V:132 H:307
C0915A $E8             INX                             A:0000 X:0300 Y:0000 S:036C D:0000 DB:7E P:84 V:132 H:317
C0915B $E8             INX                             A:0000 X:0301 Y:0000 S:036C D:0000 DB:7E P:04 V:132 H:320
C0915C $E0 $00 $04     CPX #$0400                      A:0000 X:0302 Y:0000 S:036C D:0000 DB:7E P:04 V:132 H:323
C0915F $90 $F6         BCC $C09157                     A:0000 X:0302 Y:0000 S:036C D:0000 DB:7E P:84 V:132 H:327
C09157 $9E $89 $DD     STZ $DD89,X [7EE08B] = $0000    A:0000 X:0302 Y:0000 S:036C D:0000 DB:7E P:84 V:132 H:331
C0915A $E8             INX                             A:0000 X:0302 Y:0000 S:036C D:0000 DB:7E P:84 V:133 H:1  
C0915B $E8             INX                             A:0000 X:0303 Y:0000 S:036C D:0000 DB:7E P:04 V:133 H:4  
C0915C $E0 $00 $04     CPX #$0400                      A:0000 X:0304 Y:0000 S:036C D:0000 DB:7E P:04 V:133 H:7  
C0915F $90 $F6         BCC $C09157                     A:0000 X:0304 Y:0000 S:036C D:0000 DB:7E P:84 V:133 H:11 
C09157 $9E $89 $DD     STZ $DD89,X [7EE08D] = $0000    A:0000 X:0304 Y:0000 S:036C D:0000 DB:7E P:84 V:133 H:16 
C0915A $E8             INX                             A:0000 X:0304 Y:0000 S:036C D:0000 DB:7E P:84 V:133 H:26 
C0915B $E8             INX                             A:0000 X:0305 Y:0000 S:036C D:0000 DB:7E P:04 V:133 H:29 
C0915C $E0 $00 $04     CPX #$0400                      A:0000 X:0306 Y:0000 S:036C D:0000 DB:7E P:04 V:133 H:32 
C0915F $90 $F6         BCC $C09157                     A:0000 X:0306 Y:0000 S:036C D:0000 DB:7E P:84 V:133 H:36 
C09157 $9E $89 $DD     STZ $DD89,X [7EE08F] = $0000    A:0000 X:0306 Y:0000 S:036C D:0000 DB:7E P:84 V:133 H:41 
C0915A $E8             INX                             A:0000 X:0306 Y:0000 S:036C D:0000 DB:7E P:84 V:133 H:51 
C0915B $E8             INX                             A:0000 X:0307 Y:0000 S:036C D:0000 DB:7E P:04 V:133 H:54 
C0915C $E0 $00 $04     CPX #$0400                      A:0000 X:0308 Y:0000 S:036C D:0000 DB:7E P:04 V:133 H:57 
C0915F $90 $F6         BCC $C09157                     A:0000 X:0308 Y:0000 S:036C D:0000 DB:7E P:84 V:133 H:61 
C09157 $9E $89 $DD     STZ $DD89,X [7EE091] = $0000    A:0000 X:0308 Y:0000 S:036C D:0000 DB:7E P:84 V:133 H:66 
C0915A $E8             INX                             A:0000 X:0308 Y:0000 S:036C D:0000 DB:7E P:84 V:133 H:76 
C0915B $E8             INX                             A:0000 X:0309 Y:0000 S:036C D:0000 DB:7E P:04 V:133 H:79 
C0915C $E0 $00 $04     CPX #$0400                      A:0000 X:030A Y:0000 S:036C D:0000 DB:7E P:04 V:133 H:82 
C0915F $90 $F6         BCC $C09157                     A:0000 X:030A Y:0000 S:036C D:0000 DB:7E P:84 V:133 H:86 
C09157 $9E $89 $DD     STZ $DD89,X [7EE093] = $0000    A:0000 X:030A Y:0000 S:036C D:0000 DB:7E P:84 V:133 H:91 
C0915A $E8             INX                             A:0000 X:030A Y:0000 S:036C D:0000 DB:7E P:84 V:133 H:101
C0915B $E8             INX                             A:0000 X:030B Y:0000 S:036C D:0000 DB:7E P:04 V:133 H:104
C0915C $E0 $00 $04     CPX #$0400                      A:0000 X:030C Y:0000 S:036C D:0000 DB:7E P:04 V:133 H:107
C0915F $90 $F6         BCC $C09157                     A:0000 X:030C Y:0000 S:036C D:0000 DB:7E P:84 V:133 H:111
C09157 $9E $89 $DD     STZ $DD89,X [7EE095] = $0000    A:0000 X:030C Y:0000 S:036C D:0000 DB:7E P:84 V:133 H:116
C0915A $E8             INX                             A:0000 X:030C Y:0000 S:036C D:0000 DB:7E P:84 V:133 H:126
C0915B $E8             INX                             A:0000 X:030D Y:0000 S:036C D:0000 DB:7E P:04 V:133 H:129
C0915C $E0 $00 $04     CPX #$0400                      A:0000 X:030E Y:0000 S:036C D:0000 DB:7E P:04 V:133 H:132
C0915F $90 $F6         BCC $C09157                     A:0000 X:030E Y:0000 S:036C D:0000 DB:7E P:84 V:133 H:146
C09157 $9E $89 $DD     STZ $DD89,X [7EE097] = $0000    A:0000 X:030E Y:0000 S:036C D:0000 DB:7E P:84 V:133 H:151
C0915A $E8             INX                             A:0000 X:030E Y:0000 S:036C D:0000 DB:7E P:84 V:133 H:161
C0915B $E8             INX                             A:0000 X:030F Y:0000 S:036C D:0000 DB:7E P:04 V:133 H:164
C0915C $E0 $00 $04     CPX #$0400                      A:0000 X:0310 Y:0000 S:036C D:0000 DB:7E P:04 V:133 H:167
C0915F $90 $F6         BCC $C09157                     A:0000 X:0310 Y:0000 S:036C D:0000 DB:7E P:84 V:133 H:171
C09157 $9E $89 $DD     STZ $DD89,X [7EE099] = $0000    A:0000 X:0310 Y:0000 S:036C D:0000 DB:7E P:84 V:133 H:176
C0915A $E8             INX                             A:0000 X:0310 Y:0000 S:036C D:0000 DB:7E P:84 V:133 H:186
C0915B $E8             INX                             A:0000 X:0311 Y:0000 S:036C D:0000 DB:7E P:04 V:133 H:189
C0915C $E0 $00 $04     CPX #$0400                      A:0000 X:0312 Y:0000 S:036C D:0000 DB:7E P:04 V:133 H:192
C0915F $90 $F6         BCC $C09157                     A:0000 X:0312 Y:0000 S:036C D:0000 DB:7E P:84 V:133 H:196
C09157 $9E $89 $DD     STZ $DD89,X [7EE09B] = $0000    A:0000 X:0312 Y:0000 S:036C D:0000 DB:7E P:84 V:133 H:201
C0915A $E8             INX                             A:0000 X:0312 Y:0000 S:036C D:0000 DB:7E P:84 V:133 H:211
C0915B $E8             INX                             A:0000 X:0313 Y:0000 S:036C D:0000 DB:7E P:04 V:133 H:214
C0915C $E0 $00 $04     CPX #$0400                      A:0000 X:0314 Y:0000 S:036C D:0000 DB:7E P:04 V:133 H:217
C0915F $90 $F6         BCC $C09157                     A:0000 X:0314 Y:0000 S:036C D:0000 DB:7E P:84 V:133 H:221
C09157 $9E $89 $DD     STZ $DD89,X [7EE09D] = $0000    A:0000 X:0314 Y:0000 S:036C D:0000 DB:7E P:84 V:133 H:226
C0915A $E8             INX                             A:0000 X:0314 Y:0000 S:036C D:0000 DB:7E P:84 V:133 H:236
C0915B $E8             INX                             A:0000 X:0315 Y:0000 S:036C D:0000 DB:7E P:04 V:133 H:239
C0915C $E0 $00 $04     CPX #$0400                      A:0000 X:0316 Y:0000 S:036C D:0000 DB:7E P:04 V:133 H:242
C0915F $90 $F6         BCC $C09157                     A:0000 X:0316 Y:0000 S:036C D:0000 DB:7E P:84 V:133 H:246
C09157 $9E $89 $DD     STZ $DD89,X [7EE09F] = $0000    A:0000 X:0316 Y:0000 S:036C D:0000 DB:7E P:84 V:133 H:251
C0915A $E8             INX                             A:0000 X:0316 Y:0000 S:036C D:0000 DB:7E P:84 V:133 H:261
C0915B $E8             INX                             A:0000 X:0317 Y:0000 S:036C D:0000 DB:7E P:04 V:133 H:264
C0915C $E0 $00 $04     CPX #$0400                      A:0000 X:0318 Y:0000 S:036C D:0000 DB:7E P:04 V:133 H:267
C0915F $90 $F6         BCC $C09157                     A:0000 X:0318 Y:0000 S:036C D:0000 DB:7E P:84 V:133 H:271
C09157 $9E $89 $DD     STZ $DD89,X [7EE0A1] = $0000    A:0000 X:0318 Y:0000 S:036C D:0000 DB:7E P:84 V:133 H:276
C0915A $E8             INX                             A:0000 X:0318 Y:0000 S:036C D:0000 DB:7E P:84 V:133 H:302
C0915B $E8             INX                             A:0000 X:0319 Y:0000 S:036C D:0000 DB:7E P:04 V:133 H:305
C0915C $E0 $00 $04     CPX #$0400                      A:0000 X:031A Y:0000 S:036C D:0000 DB:7E P:04 V:133 H:308
C0915F $90 $F6         BCC $C09157                     A:0000 X:031A Y:0000 S:036C D:0000 DB:7E P:84 V:133 H:313
C09157 $9E $89 $DD     STZ $DD89,X [7EE0A3] = $0000    A:0000 X:031A Y:0000 S:036C D:0000 DB:7E P:84 V:133 H:317
C0915A $E8             INX                             A:0000 X:031A Y:0000 S:036C D:0000 DB:7E P:84 V:133 H:327
C0915B $E8             INX                             A:0000 X:031B Y:0000 S:036C D:0000 DB:7E P:04 V:133 H:329
C0915C $E0 $00 $04     CPX #$0400                      A:0000 X:031C Y:0000 S:036C D:0000 DB:7E P:04 V:133 H:332
C0915F $90 $F6         BCC $C09157                     A:0000 X:031C Y:0000 S:036C D:0000 DB:7E P:84 V:133 H:337
C09157 $9E $89 $DD     STZ $DD89,X [7EE0A5] = $0000    A:0000 X:031C Y:0000 S:036C D:0000 DB:7E P:84 V:134 H:1  
C0915A $E8             INX                             A:0000 X:031C Y:0000 S:036C D:0000 DB:7E P:84 V:134 H:11 
C0915B $E8             INX                             A:0000 X:031D Y:0000 S:036C D:0000 DB:7E P:04 V:134 H:14 
C0915C $E0 $00 $04     CPX #$0400                      A:0000 X:031E Y:0000 S:036C D:0000 DB:7E P:04 V:134 H:17 
C0915F $90 $F6         BCC $C09157                     A:0000 X:031E Y:0000 S:036C D:0000 DB:7E P:84 V:134 H:22 
C09157 $9E $89 $DD     STZ $DD89,X [7EE0A7] = $0000    A:0000 X:031E Y:0000 S:036C D:0000 DB:7E P:84 V:134 H:26 
C0915A $E8             INX                             A:0000 X:031E Y:0000 S:036C D:0000 DB:7E P:84 V:134 H:36 
C0915B $E8             INX                             A:0000 X:031F Y:0000 S:036C D:0000 DB:7E P:04 V:134 H:39 
C0915C $E0 $00 $04     CPX #$0400                      A:0000 X:0320 Y:0000 S:036C D:0000 DB:7E P:04 V:134 H:42 
C0915F $90 $F6         BCC $C09157                     A:0000 X:0320 Y:0000 S:036C D:0000 DB:7E P:84 V:134 H:47 
C09157 $9E $89 $DD     STZ $DD89,X [7EE0A9] = $0000    A:0000 X:0320 Y:0000 S:036C D:0000 DB:7E P:84 V:134 H:51 
C0915A $E8             INX                             A:0000 X:0320 Y:0000 S:036C D:0000 DB:7E P:84 V:134 H:61 
C0915B $E8             INX                             A:0000 X:0321 Y:0000 S:036C D:0000 DB:7E P:04 V:134 H:64 
C0915C $E0 $00 $04     CPX #$0400                      A:0000 X:0322 Y:0000 S:036C D:0000 DB:7E P:04 V:134 H:67 
C0915F $90 $F6         BCC $C09157                     A:0000 X:0322 Y:0000 S:036C D:0000 DB:7E P:84 V:134 H:72 
C09157 $9E $89 $DD     STZ $DD89,X [7EE0AB] = $0000    A:0000 X:0322 Y:0000 S:036C D:0000 DB:7E P:84 V:134 H:76 
C0915A $E8             INX                             A:0000 X:0322 Y:0000 S:036C D:0000 DB:7E P:84 V:134 H:86 
C0915B $E8             INX                             A:0000 X:0323 Y:0000 S:036C D:0000 DB:7E P:04 V:134 H:89 
C0915C $E0 $00 $04     CPX #$0400                      A:0000 X:0324 Y:0000 S:036C D:0000 DB:7E P:04 V:134 H:92 
C0915F $90 $F6         BCC $C09157                     A:0000 X:0324 Y:0000 S:036C D:0000 DB:7E P:84 V:134 H:97 
C09157 $9E $89 $DD     STZ $DD89,X [7EE0AD] = $0000    A:0000 X:0324 Y:0000 S:036C D:0000 DB:7E P:84 V:134 H:101
C0915A $E8             INX                             A:0000 X:0324 Y:0000 S:036C D:0000 DB:7E P:84 V:134 H:111
C0915B $E8             INX                             A:0000 X:0325 Y:0000 S:036C D:0000 DB:7E P:04 V:134 H:114
C0915C $E0 $00 $04     CPX #$0400                      A:0000 X:0326 Y:0000 S:036C D:0000 DB:7E P:04 V:134 H:117
C0915F $90 $F6         BCC $C09157                     A:0000 X:0326 Y:0000 S:036C D:0000 DB:7E P:84 V:134 H:122
C09157 $9E $89 $DD     STZ $DD89,X [7EE0AF] = $0000    A:0000 X:0326 Y:0000 S:036C D:0000 DB:7E P:84 V:134 H:126
C0915A $E8             INX                             A:0000 X:0326 Y:0000 S:036C D:0000 DB:7E P:84 V:134 H:146
C0915B $E8             INX                             A:0000 X:0327 Y:0000 S:036C D:0000 DB:7E P:04 V:134 H:149
C0915C $E0 $00 $04     CPX #$0400                      A:0000 X:0328 Y:0000 S:036C D:0000 DB:7E P:04 V:134 H:152
C0915F $90 $F6         BCC $C09157                     A:0000 X:0328 Y:0000 S:036C D:0000 DB:7E P:84 V:134 H:157
C09157 $9E $89 $DD     STZ $DD89,X [7EE0B1] = $0000    A:0000 X:0328 Y:0000 S:036C D:0000 DB:7E P:84 V:134 H:161
C0915A $E8             INX                             A:0000 X:0328 Y:0000 S:036C D:0000 DB:7E P:84 V:134 H:171
C0915B $E8             INX                             A:0000 X:0329 Y:0000 S:036C D:0000 DB:7E P:04 V:134 H:174
C0915C $E0 $00 $04     CPX #$0400                      A:0000 X:032A Y:0000 S:036C D:0000 DB:7E P:04 V:134 H:177
C0915F $90 $F6         BCC $C09157                     A:0000 X:032A Y:0000 S:036C D:0000 DB:7E P:84 V:134 H:182
C09157 $9E $89 $DD     STZ $DD89,X [7EE0B3] = $0000    A:0000 X:032A Y:0000 S:036C D:0000 DB:7E P:84 V:134 H:186
C0915A $E8             INX                             A:0000 X:032A Y:0000 S:036C D:0000 DB:7E P:84 V:134 H:196
C0915B $E8             INX                             A:0000 X:032B Y:0000 S:036C D:0000 DB:7E P:04 V:134 H:199
C0915C $E0 $00 $04     CPX #$0400                      A:0000 X:032C Y:0000 S:036C D:0000 DB:7E P:04 V:134 H:202
C0915F $90 $F6         BCC $C09157                     A:0000 X:032C Y:0000 S:036C D:0000 DB:7E P:84 V:134 H:207
C09157 $9E $89 $DD     STZ $DD89,X [7EE0B5] = $0000    A:0000 X:032C Y:0000 S:036C D:0000 DB:7E P:84 V:134 H:211
C0915A $E8             INX                             A:0000 X:032C Y:0000 S:036C D:0000 DB:7E P:84 V:134 H:221
C0915B $E8             INX                             A:0000 X:032D Y:0000 S:036C D:0000 DB:7E P:04 V:134 H:224
C0915C $E0 $00 $04     CPX #$0400                      A:0000 X:032E Y:0000 S:036C D:0000 DB:7E P:04 V:134 H:227
C0915F $90 $F6         BCC $C09157                     A:0000 X:032E Y:0000 S:036C D:0000 DB:7E P:84 V:134 H:232
C09157 $9E $89 $DD     STZ $DD89,X [7EE0B7] = $0000    A:0000 X:032E Y:0000 S:036C D:0000 DB:7E P:84 V:134 H:236
C0915A $E8             INX                             A:0000 X:032E Y:0000 S:036C D:0000 DB:7E P:84 V:134 H:246
C0915B $E8             INX                             A:0000 X:032F Y:0000 S:036C D:0000 DB:7E P:04 V:134 H:249
C0915C $E0 $00 $04     CPX #$0400                      A:0000 X:0330 Y:0000 S:036C D:0000 DB:7E P:04 V:134 H:252
C0915F $90 $F6         BCC $C09157                     A:0000 X:0330 Y:0000 S:036C D:0000 DB:7E P:84 V:134 H:257
C09157 $9E $89 $DD     STZ $DD89,X [7EE0B9] = $0000    A:0000 X:0330 Y:0000 S:036C D:0000 DB:7E P:84 V:134 H:261
C0915A $E8             INX                             A:0000 X:0330 Y:0000 S:036C D:0000 DB:7E P:84 V:134 H:271
C0915B $E8             INX                             A:0000 X:0331 Y:0000 S:036C D:0000 DB:7E P:04 V:134 H:274
C0915C $E0 $00 $04     CPX #$0400                      A:0000 X:0332 Y:0000 S:036C D:0000 DB:7E P:04 V:134 H:294
C0915F $90 $F6         BCC $C09157                     A:0000 X:0332 Y:0000 S:036C D:0000 DB:7E P:84 V:134 H:298
C09157 $9E $89 $DD     STZ $DD89,X [7EE0BB] = $0000    A:0000 X:0332 Y:0000 S:036C D:0000 DB:7E P:84 V:134 H:303
C0915A $E8             INX                             A:0000 X:0332 Y:0000 S:036C D:0000 DB:7E P:84 V:134 H:313
C0915B $E8             INX                             A:0000 X:0333 Y:0000 S:036C D:0000 DB:7E P:04 V:134 H:316
C0915C $E0 $00 $04     CPX #$0400                      A:0000 X:0334 Y:0000 S:036C D:0000 DB:7E P:04 V:134 H:319
C0915F $90 $F6         BCC $C09157                     A:0000 X:0334 Y:0000 S:036C D:0000 DB:7E P:84 V:134 H:323
C09157 $9E $89 $DD     STZ $DD89,X [7EE0BD] = $0000    A:0000 X:0334 Y:0000 S:036C D:0000 DB:7E P:84 V:134 H:327
C0915A $E8             INX                             A:0000 X:0334 Y:0000 S:036C D:0000 DB:7E P:84 V:134 H:337
C0915B $E8             INX                             A:0000 X:0335 Y:0000 S:036C D:0000 DB:7E P:04 V:135 H:0  
C0915C $E0 $00 $04     CPX #$0400                      A:0000 X:0336 Y:0000 S:036C D:0000 DB:7E P:04 V:135 H:3  
C0915F $90 $F6         BCC $C09157                     A:0000 X:0336 Y:0000 S:036C D:0000 DB:7E P:84 V:135 H:7  
C09157 $9E $89 $DD     STZ $DD89,X [7EE0BF] = $0000    A:0000 X:0336 Y:0000 S:036C D:0000 DB:7E P:84 V:135 H:12 
C0915A $E8             INX                             A:0000 X:0336 Y:0000 S:036C D:0000 DB:7E P:84 V:135 H:22 
C0915B $E8             INX                             A:0000 X:0337 Y:0000 S:036C D:0000 DB:7E P:04 V:135 H:25 
C0915C $E0 $00 $04     CPX #$0400                      A:0000 X:0338 Y:0000 S:036C D:0000 DB:7E P:04 V:135 H:28 
C0915F $90 $F6         BCC $C09157                     A:0000 X:0338 Y:0000 S:036C D:0000 DB:7E P:84 V:135 H:32 
C09157 $9E $89 $DD     STZ $DD89,X [7EE0C1] = $0000    A:0000 X:0338 Y:0000 S:036C D:0000 DB:7E P:84 V:135 H:37 
C0915A $E8             INX                             A:0000 X:0338 Y:0000 S:036C D:0000 DB:7E P:84 V:135 H:47 
C0915B $E8             INX                             A:0000 X:0339 Y:0000 S:036C D:0000 DB:7E P:04 V:135 H:50 
C0915C $E0 $00 $04     CPX #$0400                      A:0000 X:033A Y:0000 S:036C D:0000 DB:7E P:04 V:135 H:53 
C0915F $90 $F6         BCC $C09157                     A:0000 X:033A Y:0000 S:036C D:0000 DB:7E P:84 V:135 H:57 
C09157 $9E $89 $DD     STZ $DD89,X [7EE0C3] = $0000    A:0000 X:033A Y:0000 S:036C D:0000 DB:7E P:84 V:135 H:62 
C0915A $E8             INX                             A:0000 X:033A Y:0000 S:036C D:0000 DB:7E P:84 V:135 H:72 
C0915B $E8             INX                             A:0000 X:033B Y:0000 S:036C D:0000 DB:7E P:04 V:135 H:75 
C0915C $E0 $00 $04     CPX #$0400                      A:0000 X:033C Y:0000 S:036C D:0000 DB:7E P:04 V:135 H:78 
C0915F $90 $F6         BCC $C09157                     A:0000 X:033C Y:0000 S:036C D:0000 DB:7E P:84 V:135 H:82 
C09157 $9E $89 $DD     STZ $DD89,X [7EE0C5] = $0000    A:0000 X:033C Y:0000 S:036C D:0000 DB:7E P:84 V:135 H:87 
C0915A $E8             INX                             A:0000 X:033C Y:0000 S:036C D:0000 DB:7E P:84 V:135 H:97 
C0915B $E8             INX                             A:0000 X:033D Y:0000 S:036C D:0000 DB:7E P:04 V:135 H:100
C0915C $E0 $00 $04     CPX #$0400                      A:0000 X:033E Y:0000 S:036C D:0000 DB:7E P:04 V:135 H:103
C0915F $90 $F6         BCC $C09157                     A:0000 X:033E Y:0000 S:036C D:0000 DB:7E P:84 V:135 H:107
C09157 $9E $89 $DD     STZ $DD89,X [7EE0C7] = $0000    A:0000 X:033E Y:0000 S:036C D:0000 DB:7E P:84 V:135 H:112
C0915A $E8             INX                             A:0000 X:033E Y:0000 S:036C D:0000 DB:7E P:84 V:135 H:122
C0915B $E8             INX                             A:0000 X:033F Y:0000 S:036C D:0000 DB:7E P:04 V:135 H:125
C0915C $E0 $00 $04     CPX #$0400                      A:0000 X:0340 Y:0000 S:036C D:0000 DB:7E P:04 V:135 H:128
C0915F $90 $F6         BCC $C09157                     A:0000 X:0340 Y:0000 S:036C D:0000 DB:7E P:84 V:135 H:132
C09157 $9E $89 $DD     STZ $DD89,X [7EE0C9] = $0000    A:0000 X:0340 Y:0000 S:036C D:0000 DB:7E P:84 V:135 H:147
C0915A $E8             INX                             A:0000 X:0340 Y:0000 S:036C D:0000 DB:7E P:84 V:135 H:157
C0915B $E8             INX                             A:0000 X:0341 Y:0000 S:036C D:0000 DB:7E P:04 V:135 H:160
C0915C $E0 $00 $04     CPX #$0400                      A:0000 X:0342 Y:0000 S:036C D:0000 DB:7E P:04 V:135 H:163
C0915F $90 $F6         BCC $C09157                     A:0000 X:0342 Y:0000 S:036C D:0000 DB:7E P:84 V:135 H:167
C09157 $9E $89 $DD     STZ $DD89,X [7EE0CB] = $0000    A:0000 X:0342 Y:0000 S:036C D:0000 DB:7E P:84 V:135 H:172
C0915A $E8             INX                             A:0000 X:0342 Y:0000 S:036C D:0000 DB:7E P:84 V:135 H:182
C0915B $E8             INX                             A:0000 X:0343 Y:0000 S:036C D:0000 DB:7E P:04 V:135 H:185
C0915C $E0 $00 $04     CPX #$0400                      A:0000 X:0344 Y:0000 S:036C D:0000 DB:7E P:04 V:135 H:188
C0915F $90 $F6         BCC $C09157                     A:0000 X:0344 Y:0000 S:036C D:0000 DB:7E P:84 V:135 H:192
C09157 $9E $89 $DD     STZ $DD89,X [7EE0CD] = $0000    A:0000 X:0344 Y:0000 S:036C D:0000 DB:7E P:84 V:135 H:197
C0915A $E8             INX                             A:0000 X:0344 Y:0000 S:036C D:0000 DB:7E P:84 V:135 H:207
C0915B $E8             INX                             A:0000 X:0345 Y:0000 S:036C D:0000 DB:7E P:04 V:135 H:210
C0915C $E0 $00 $04     CPX #$0400                      A:0000 X:0346 Y:0000 S:036C D:0000 DB:7E P:04 V:135 H:213
C0915F $90 $F6         BCC $C09157                     A:0000 X:0346 Y:0000 S:036C D:0000 DB:7E P:84 V:135 H:217
C09157 $9E $89 $DD     STZ $DD89,X [7EE0CF] = $0000    A:0000 X:0346 Y:0000 S:036C D:0000 DB:7E P:84 V:135 H:222
C0915A $E8             INX                             A:0000 X:0346 Y:0000 S:036C D:0000 DB:7E P:84 V:135 H:232
C0915B $E8             INX                             A:0000 X:0347 Y:0000 S:036C D:0000 DB:7E P:04 V:135 H:235
C0915C $E0 $00 $04     CPX #$0400                      A:0000 X:0348 Y:0000 S:036C D:0000 DB:7E P:04 V:135 H:238
C0915F $90 $F6         BCC $C09157                     A:0000 X:0348 Y:0000 S:036C D:0000 DB:7E P:84 V:135 H:242
C09157 $9E $89 $DD     STZ $DD89,X [7EE0D1] = $0000    A:0000 X:0348 Y:0000 S:036C D:0000 DB:7E P:84 V:135 H:247
C0915A $E8             INX                             A:0000 X:0348 Y:0000 S:036C D:0000 DB:7E P:84 V:135 H:257
C0915B $E8             INX                             A:0000 X:0349 Y:0000 S:036C D:0000 DB:7E P:04 V:135 H:260
C0915C $E0 $00 $04     CPX #$0400                      A:0000 X:034A Y:0000 S:036C D:0000 DB:7E P:04 V:135 H:263
C0915F $90 $F6         BCC $C09157                     A:0000 X:034A Y:0000 S:036C D:0000 DB:7E P:84 V:135 H:267
C09157 $9E $89 $DD     STZ $DD89,X [7EE0D3] = $0000    A:0000 X:034A Y:0000 S:036C D:0000 DB:7E P:84 V:135 H:272
C0915A $E8             INX                             A:0000 X:034A Y:0000 S:036C D:0000 DB:7E P:84 V:135 H:322
C0915B $E8             INX                             A:0000 X:034B Y:0000 S:036C D:0000 DB:7E P:04 V:135 H:325
C0915C $E0 $00 $04     CPX #$0400                      A:0000 X:034C Y:0000 S:036C D:0000 DB:7E P:04 V:135 H:327
C0915F $90 $F6         BCC $C09157                     A:0000 X:034C Y:0000 S:036C D:0000 DB:7E P:84 V:135 H:332
C09157 $9E $89 $DD     STZ $DD89,X [7EE0D5] = $0000    A:0000 X:034C Y:0000 S:036C D:0000 DB:7E P:84 V:135 H:336
C0915A $E8             INX                             A:0000 X:034C Y:0000 S:036C D:0000 DB:7E P:84 V:136 H:6  
C0915B $E8             INX                             A:0000 X:034D Y:0000 S:036C D:0000 DB:7E P:04 V:136 H:9  
C0915C $E0 $00 $04     CPX #$0400                      A:0000 X:034E Y:0000 S:036C D:0000 DB:7E P:04 V:136 H:12 
C0915F $90 $F6         BCC $C09157                     A:0000 X:034E Y:0000 S:036C D:0000 DB:7E P:84 V:136 H:17 
C09157 $9E $89 $DD     STZ $DD89,X [7EE0D7] = $0000    A:0000 X:034E Y:0000 S:036C D:0000 DB:7E P:84 V:136 H:21 
C0915A $E8             INX                             A:0000 X:034E Y:0000 S:036C D:0000 DB:7E P:84 V:136 H:31 
C0915B $E8             INX                             A:0000 X:034F Y:0000 S:036C D:0000 DB:7E P:04 V:136 H:34 
C0915C $E0 $00 $04     CPX #$0400                      A:0000 X:0350 Y:0000 S:036C D:0000 DB:7E P:04 V:136 H:37 
C0915F $90 $F6         BCC $C09157                     A:0000 X:0350 Y:0000 S:036C D:0000 DB:7E P:84 V:136 H:42 
C09157 $9E $89 $DD     STZ $DD89,X [7EE0D9] = $0000    A:0000 X:0350 Y:0000 S:036C D:0000 DB:7E P:84 V:136 H:46 
C0915A $E8             INX                             A:0000 X:0350 Y:0000 S:036C D:0000 DB:7E P:84 V:136 H:56 
C0915B $E8             INX                             A:0000 X:0351 Y:0000 S:036C D:0000 DB:7E P:04 V:136 H:59 
C0915C $E0 $00 $04     CPX #$0400                      A:0000 X:0352 Y:0000 S:036C D:0000 DB:7E P:04 V:136 H:62 
C0915F $90 $F6         BCC $C09157                     A:0000 X:0352 Y:0000 S:036C D:0000 DB:7E P:84 V:136 H:67 
C09157 $9E $89 $DD     STZ $DD89,X [7EE0DB] = $0000    A:0000 X:0352 Y:0000 S:036C D:0000 DB:7E P:84 V:136 H:71 
C0915A $E8             INX                             A:0000 X:0352 Y:0000 S:036C D:0000 DB:7E P:84 V:136 H:81 
C0915B $E8             INX                             A:0000 X:0353 Y:0000 S:036C D:0000 DB:7E P:04 V:136 H:84 
C0915C $E0 $00 $04     CPX #$0400                      A:0000 X:0354 Y:0000 S:036C D:0000 DB:7E P:04 V:136 H:87 
C0915F $90 $F6         BCC $C09157                     A:0000 X:0354 Y:0000 S:036C D:0000 DB:7E P:84 V:136 H:92 
C09157 $9E $89 $DD     STZ $DD89,X [7EE0DD] = $0000    A:0000 X:0354 Y:0000 S:036C D:0000 DB:7E P:84 V:136 H:96 
C0915A $E8             INX                             A:0000 X:0354 Y:0000 S:036C D:0000 DB:7E P:84 V:136 H:106
C0915B $E8             INX                             A:0000 X:0355 Y:0000 S:036C D:0000 DB:7E P:04 V:136 H:109
C0915C $E0 $00 $04     CPX #$0400                      A:0000 X:0356 Y:0000 S:036C D:0000 DB:7E P:04 V:136 H:112
C0915F $90 $F6         BCC $C09157                     A:0000 X:0356 Y:0000 S:036C D:0000 DB:7E P:84 V:136 H:117
C09157 $9E $89 $DD     STZ $DD89,X [7EE0DF] = $0000    A:0000 X:0356 Y:0000 S:036C D:0000 DB:7E P:84 V:136 H:121
C0915A $E8             INX                             A:0000 X:0356 Y:0000 S:036C D:0000 DB:7E P:84 V:136 H:131
C0915B $E8             INX                             A:0000 X:0357 Y:0000 S:036C D:0000 DB:7E P:04 V:136 H:144
C0915C $E0 $00 $04     CPX #$0400                      A:0000 X:0358 Y:0000 S:036C D:0000 DB:7E P:04 V:136 H:147
C0915F $90 $F6         BCC $C09157                     A:0000 X:0358 Y:0000 S:036C D:0000 DB:7E P:84 V:136 H:152
C09157 $9E $89 $DD     STZ $DD89,X [7EE0E1] = $0000    A:0000 X:0358 Y:0000 S:036C D:0000 DB:7E P:84 V:136 H:156
C0915A $E8             INX                             A:0000 X:0358 Y:0000 S:036C D:0000 DB:7E P:84 V:136 H:166
C0915B $E8             INX                             A:0000 X:0359 Y:0000 S:036C D:0000 DB:7E P:04 V:136 H:169
C0915C $E0 $00 $04     CPX #$0400                      A:0000 X:035A Y:0000 S:036C D:0000 DB:7E P:04 V:136 H:172
C0915F $90 $F6         BCC $C09157                     A:0000 X:035A Y:0000 S:036C D:0000 DB:7E P:84 V:136 H:177
C09157 $9E $89 $DD     STZ $DD89,X [7EE0E3] = $0000    A:0000 X:035A Y:0000 S:036C D:0000 DB:7E P:84 V:136 H:181
C0915A $E8             INX                             A:0000 X:035A Y:0000 S:036C D:0000 DB:7E P:84 V:136 H:191
C0915B $E8             INX                             A:0000 X:035B Y:0000 S:036C D:0000 DB:7E P:04 V:136 H:194
C0915C $E0 $00 $04     CPX #$0400                      A:0000 X:035C Y:0000 S:036C D:0000 DB:7E P:04 V:136 H:197
C0915F $90 $F6         BCC $C09157                     A:0000 X:035C Y:0000 S:036C D:0000 DB:7E P:84 V:136 H:202
C09157 $9E $89 $DD     STZ $DD89,X [7EE0E5] = $0000    A:0000 X:035C Y:0000 S:036C D:0000 DB:7E P:84 V:136 H:206
C0915A $E8             INX                             A:0000 X:035C Y:0000 S:036C D:0000 DB:7E P:84 V:136 H:216
C0915B $E8             INX                             A:0000 X:035D Y:0000 S:036C D:0000 DB:7E P:04 V:136 H:219
C0915C $E0 $00 $04     CPX #$0400                      A:0000 X:035E Y:0000 S:036C D:0000 DB:7E P:04 V:136 H:222
C0915F $90 $F6         BCC $C09157                     A:0000 X:035E Y:0000 S:036C D:0000 DB:7E P:84 V:136 H:227
C09157 $9E $89 $DD     STZ $DD89,X [7EE0E7] = $0000    A:0000 X:035E Y:0000 S:036C D:0000 DB:7E P:84 V:136 H:231
C0915A $E8             INX                             A:0000 X:035E Y:0000 S:036C D:0000 DB:7E P:84 V:136 H:241
C0915B $E8             INX                             A:0000 X:035F Y:0000 S:036C D:0000 DB:7E P:04 V:136 H:244
C0915C $E0 $00 $04     CPX #$0400                      A:0000 X:0360 Y:0000 S:036C D:0000 DB:7E P:04 V:136 H:247
C0915F $90 $F6         BCC $C09157                     A:0000 X:0360 Y:0000 S:036C D:0000 DB:7E P:84 V:136 H:252
C09157 $9E $89 $DD     STZ $DD89,X [7EE0E9] = $0000    A:0000 X:0360 Y:0000 S:036C D:0000 DB:7E P:84 V:136 H:256
C0915A $E8             INX                             A:0000 X:0360 Y:0000 S:036C D:0000 DB:7E P:84 V:136 H:266
C0915B $E8             INX                             A:0000 X:0361 Y:0000 S:036C D:0000 DB:7E P:04 V:136 H:269
C0915C $E0 $00 $04     CPX #$0400                      A:0000 X:0362 Y:0000 S:036C D:0000 DB:7E P:04 V:136 H:272
C0915F $90 $F6         BCC $C09157                     A:0000 X:0362 Y:0000 S:036C D:0000 DB:7E P:84 V:136 H:319
C09157 $9E $89 $DD     STZ $DD89,X [7EE0EB] = $0000    A:0000 X:0362 Y:0000 S:036C D:0000 DB:7E P:84 V:136 H:323
C0915A $E8             INX                             A:0000 X:0362 Y:0000 S:036C D:0000 DB:7E P:84 V:136 H:332
C0915B $E8             INX                             A:0000 X:0363 Y:0000 S:036C D:0000 DB:7E P:04 V:136 H:335
C0915C $E0 $00 $04     CPX #$0400                      A:0000 X:0364 Y:0000 S:036C D:0000 DB:7E P:04 V:136 H:338
C0915F $90 $F6         BCC $C09157                     A:0000 X:0364 Y:0000 S:036C D:0000 DB:7E P:84 V:137 H:3  
C09157 $9E $89 $DD     STZ $DD89,X [7EE0ED] = $0000    A:0000 X:0364 Y:0000 S:036C D:0000 DB:7E P:84 V:137 H:7  
C0915A $E8             INX                             A:0000 X:0364 Y:0000 S:036C D:0000 DB:7E P:84 V:137 H:17 
C0915B $E8             INX                             A:0000 X:0365 Y:0000 S:036C D:0000 DB:7E P:04 V:137 H:20 
C0915C $E0 $00 $04     CPX #$0400                      A:0000 X:0366 Y:0000 S:036C D:0000 DB:7E P:04 V:137 H:23 
C0915F $90 $F6         BCC $C09157                     A:0000 X:0366 Y:0000 S:036C D:0000 DB:7E P:84 V:137 H:28 
C09157 $9E $89 $DD     STZ $DD89,X [7EE0EF] = $0000    A:0000 X:0366 Y:0000 S:036C D:0000 DB:7E P:84 V:137 H:32 
C0915A $E8             INX                             A:0000 X:0366 Y:0000 S:036C D:0000 DB:7E P:84 V:137 H:42 
C0915B $E8             INX                             A:0000 X:0367 Y:0000 S:036C D:0000 DB:7E P:04 V:137 H:45 
C0915C $E0 $00 $04     CPX #$0400                      A:0000 X:0368 Y:0000 S:036C D:0000 DB:7E P:04 V:137 H:48 
C0915F $90 $F6         BCC $C09157                     A:0000 X:0368 Y:0000 S:036C D:0000 DB:7E P:84 V:137 H:53 
C09157 $9E $89 $DD     STZ $DD89,X [7EE0F1] = $0000    A:0000 X:0368 Y:0000 S:036C D:0000 DB:7E P:84 V:137 H:57 
C0915A $E8             INX                             A:0000 X:0368 Y:0000 S:036C D:0000 DB:7E P:84 V:137 H:67 
C0915B $E8             INX                             A:0000 X:0369 Y:0000 S:036C D:0000 DB:7E P:04 V:137 H:70 
C0915C $E0 $00 $04     CPX #$0400                      A:0000 X:036A Y:0000 S:036C D:0000 DB:7E P:04 V:137 H:73 
C0915F $90 $F6         BCC $C09157                     A:0000 X:036A Y:0000 S:036C D:0000 DB:7E P:84 V:137 H:78 
C09157 $9E $89 $DD     STZ $DD89,X [7EE0F3] = $0000    A:0000 X:036A Y:0000 S:036C D:0000 DB:7E P:84 V:137 H:82 
C0915A $E8             INX                             A:0000 X:036A Y:0000 S:036C D:0000 DB:7E P:84 V:137 H:92 
C0915B $E8             INX                             A:0000 X:036B Y:0000 S:036C D:0000 DB:7E P:04 V:137 H:95 
C0915C $E0 $00 $04     CPX #$0400                      A:0000 X:036C Y:0000 S:036C D:0000 DB:7E P:04 V:137 H:98 
C0915F $90 $F6         BCC $C09157                     A:0000 X:036C Y:0000 S:036C D:0000 DB:7E P:84 V:137 H:103
C09157 $9E $89 $DD     STZ $DD89,X [7EE0F5] = $0000    A:0000 X:036C Y:0000 S:036C D:0000 DB:7E P:84 V:137 H:107
C0915A $E8             INX                             A:0000 X:036C Y:0000 S:036C D:0000 DB:7E P:84 V:137 H:117
C0915B $E8             INX                             A:0000 X:036D Y:0000 S:036C D:0000 DB:7E P:04 V:137 H:120
C0915C $E0 $00 $04     CPX #$0400                      A:0000 X:036E Y:0000 S:036C D:0000 DB:7E P:04 V:137 H:123
C0915F $90 $F6         BCC $C09157                     A:0000 X:036E Y:0000 S:036C D:0000 DB:7E P:84 V:137 H:128
C09157 $9E $89 $DD     STZ $DD89,X [7EE0F7] = $0000    A:0000 X:036E Y:0000 S:036C D:0000 DB:7E P:84 V:137 H:132
C0915A $E8             INX                             A:0000 X:036E Y:0000 S:036C D:0000 DB:7E P:84 V:137 H:152
C0915B $E8             INX                             A:0000 X:036F Y:0000 S:036C D:0000 DB:7E P:04 V:137 H:155
C0915C $E0 $00 $04     CPX #$0400                      A:0000 X:0370 Y:0000 S:036C D:0000 DB:7E P:04 V:137 H:158
C0915F $90 $F6         BCC $C09157                     A:0000 X:0370 Y:0000 S:036C D:0000 DB:7E P:84 V:137 H:163
C09157 $9E $89 $DD     STZ $DD89,X [7EE0F9] = $0000    A:0000 X:0370 Y:0000 S:036C D:0000 DB:7E P:84 V:137 H:167
C0915A $E8             INX                             A:0000 X:0370 Y:0000 S:036C D:0000 DB:7E P:84 V:137 H:177
C0915B $E8             INX                             A:0000 X:0371 Y:0000 S:036C D:0000 DB:7E P:04 V:137 H:180
C0915C $E0 $00 $04     CPX #$0400                      A:0000 X:0372 Y:0000 S:036C D:0000 DB:7E P:04 V:137 H:183
C0915F $90 $F6         BCC $C09157                     A:0000 X:0372 Y:0000 S:036C D:0000 DB:7E P:84 V:137 H:188
C09157 $9E $89 $DD     STZ $DD89,X [7EE0FB] = $0000    A:0000 X:0372 Y:0000 S:036C D:0000 DB:7E P:84 V:137 H:192
C0915A $E8             INX                             A:0000 X:0372 Y:0000 S:036C D:0000 DB:7E P:84 V:137 H:202
C0915B $E8             INX                             A:0000 X:0373 Y:0000 S:036C D:0000 DB:7E P:04 V:137 H:205
C0915C $E0 $00 $04     CPX #$0400                      A:0000 X:0374 Y:0000 S:036C D:0000 DB:7E P:04 V:137 H:208
C0915F $90 $F6         BCC $C09157                     A:0000 X:0374 Y:0000 S:036C D:0000 DB:7E P:84 V:137 H:213
C09157 $9E $89 $DD     STZ $DD89,X [7EE0FD] = $0000    A:0000 X:0374 Y:0000 S:036C D:0000 DB:7E P:84 V:137 H:217
C0915A $E8             INX                             A:0000 X:0374 Y:0000 S:036C D:0000 DB:7E P:84 V:137 H:227
C0915B $E8             INX                             A:0000 X:0375 Y:0000 S:036C D:0000 DB:7E P:04 V:137 H:230
C0915C $E0 $00 $04     CPX #$0400                      A:0000 X:0376 Y:0000 S:036C D:0000 DB:7E P:04 V:137 H:233
C0915F $90 $F6         BCC $C09157                     A:0000 X:0376 Y:0000 S:036C D:0000 DB:7E P:84 V:137 H:238
C09157 $9E $89 $DD     STZ $DD89,X [7EE0FF] = $0000    A:0000 X:0376 Y:0000 S:036C D:0000 DB:7E P:84 V:137 H:242
C0915A $E8             INX                             A:0000 X:0376 Y:0000 S:036C D:0000 DB:7E P:84 V:137 H:252
C0915B $E8             INX                             A:0000 X:0377 Y:0000 S:036C D:0000 DB:7E P:04 V:137 H:255
C0915C $E0 $00 $04     CPX #$0400                      A:0000 X:0378 Y:0000 S:036C D:0000 DB:7E P:04 V:137 H:258
C0915F $90 $F6         BCC $C09157                     A:0000 X:0378 Y:0000 S:036C D:0000 DB:7E P:84 V:137 H:263
C09157 $9E $89 $DD     STZ $DD89,X [7EE101] = $0000    A:0000 X:0378 Y:0000 S:036C D:0000 DB:7E P:84 V:137 H:267
C0915A $E8             INX                             A:0000 X:0378 Y:0000 S:036C D:0000 DB:7E P:84 V:137 H:294
C0915B $E8             INX                             A:0000 X:0379 Y:0000 S:036C D:0000 DB:7E P:04 V:137 H:297
C0915C $E0 $00 $04     CPX #$0400                      A:0000 X:037A Y:0000 S:036C D:0000 DB:7E P:04 V:137 H:300
C0915F $90 $F6         BCC $C09157                     A:0000 X:037A Y:0000 S:036C D:0000 DB:7E P:84 V:137 H:304
C09157 $9E $89 $DD     STZ $DD89,X [7EE103] = $0000    A:0000 X:037A Y:0000 S:036C D:0000 DB:7E P:84 V:137 H:309
C0915A $E8             INX                             A:0000 X:037A Y:0000 S:036C D:0000 DB:7E P:84 V:137 H:319
C0915B $E8             INX                             A:0000 X:037B Y:0000 S:036C D:0000 DB:7E P:04 V:137 H:322
C0915C $E0 $00 $04     CPX #$0400                      A:0000 X:037C Y:0000 S:036C D:0000 DB:7E P:04 V:137 H:324
C0915F $90 $F6         BCC $C09157                     A:0000 X:037C Y:0000 S:036C D:0000 DB:7E P:84 V:137 H:328
C09157 $9E $89 $DD     STZ $DD89,X [7EE105] = $0000    A:0000 X:037C Y:0000 S:036C D:0000 DB:7E P:84 V:137 H:333
C0915A $E8             INX                             A:0000 X:037C Y:0000 S:036C D:0000 DB:7E P:84 V:138 H:3  
C0915B $E8             INX                             A:0000 X:037D Y:0000 S:036C D:0000 DB:7E P:04 V:138 H:6  
C0915C $E0 $00 $04     CPX #$0400                      A:0000 X:037E Y:0000 S:036C D:0000 DB:7E P:04 V:138 H:9  
C0915F $90 $F6         BCC $C09157                     A:0000 X:037E Y:0000 S:036C D:0000 DB:7E P:84 V:138 H:13 
C09157 $9E $89 $DD     STZ $DD89,X [7EE107] = $0000    A:0000 X:037E Y:0000 S:036C D:0000 DB:7E P:84 V:138 H:18 
C0915A $E8             INX                             A:0000 X:037E Y:0000 S:036C D:0000 DB:7E P:84 V:138 H:28 
C0915B $E8             INX                             A:0000 X:037F Y:0000 S:036C D:0000 DB:7E P:04 V:138 H:31 
C0915C $E0 $00 $04     CPX #$0400                      A:0000 X:0380 Y:0000 S:036C D:0000 DB:7E P:04 V:138 H:34 
C0915F $90 $F6         BCC $C09157                     A:0000 X:0380 Y:0000 S:036C D:0000 DB:7E P:84 V:138 H:38 
C09157 $9E $89 $DD     STZ $DD89,X [7EE109] = $0000    A:0000 X:0380 Y:0000 S:036C D:0000 DB:7E P:84 V:138 H:43 
C0915A $E8             INX                             A:0000 X:0380 Y:0000 S:036C D:0000 DB:7E P:84 V:138 H:53 
C0915B $E8             INX                             A:0000 X:0381 Y:0000 S:036C D:0000 DB:7E P:04 V:138 H:56 
C0915C $E0 $00 $04     CPX #$0400                      A:0000 X:0382 Y:0000 S:036C D:0000 DB:7E P:04 V:138 H:59 
C0915F $90 $F6         BCC $C09157                     A:0000 X:0382 Y:0000 S:036C D:0000 DB:7E P:84 V:138 H:63 
C09157 $9E $89 $DD     STZ $DD89,X [7EE10B] = $0000    A:0000 X:0382 Y:0000 S:036C D:0000 DB:7E P:84 V:138 H:68 
C0915A $E8             INX                             A:0000 X:0382 Y:0000 S:036C D:0000 DB:7E P:84 V:138 H:78 
C0915B $E8             INX                             A:0000 X:0383 Y:0000 S:036C D:0000 DB:7E P:04 V:138 H:81 
C0915C $E0 $00 $04     CPX #$0400                      A:0000 X:0384 Y:0000 S:036C D:0000 DB:7E P:04 V:138 H:84 
C0915F $90 $F6         BCC $C09157                     A:0000 X:0384 Y:0000 S:036C D:0000 DB:7E P:84 V:138 H:88 
C09157 $9E $89 $DD     STZ $DD89,X [7EE10D] = $0000    A:0000 X:0384 Y:0000 S:036C D:0000 DB:7E P:84 V:138 H:93 
C0915A $E8             INX                             A:0000 X:0384 Y:0000 S:036C D:0000 DB:7E P:84 V:138 H:103
C0915B $E8             INX                             A:0000 X:0385 Y:0000 S:036C D:0000 DB:7E P:04 V:138 H:106
C0915C $E0 $00 $04     CPX #$0400                      A:0000 X:0386 Y:0000 S:036C D:0000 DB:7E P:04 V:138 H:109
C0915F $90 $F6         BCC $C09157                     A:0000 X:0386 Y:0000 S:036C D:0000 DB:7E P:84 V:138 H:113
C09157 $9E $89 $DD     STZ $DD89,X [7EE10F] = $0000    A:0000 X:0386 Y:0000 S:036C D:0000 DB:7E P:84 V:138 H:118
C0915A $E8             INX                             A:0000 X:0386 Y:0000 S:036C D:0000 DB:7E P:84 V:138 H:128
C0915B $E8             INX                             A:0000 X:0387 Y:0000 S:036C D:0000 DB:7E P:04 V:138 H:131
C0915C $E0 $00 $04     CPX #$0400                      A:0000 X:0388 Y:0000 S:036C D:0000 DB:7E P:04 V:138 H:134
C0915F $90 $F6         BCC $C09157                     A:0000 X:0388 Y:0000 S:036C D:0000 DB:7E P:84 V:138 H:148
C09157 $9E $89 $DD     STZ $DD89,X [7EE111] = $0000    A:0000 X:0388 Y:0000 S:036C D:0000 DB:7E P:84 V:138 H:153
C0915A $E8             INX                             A:0000 X:0388 Y:0000 S:036C D:0000 DB:7E P:84 V:138 H:163
C0915B $E8             INX                             A:0000 X:0389 Y:0000 S:036C D:0000 DB:7E P:04 V:138 H:166
C0915C $E0 $00 $04     CPX #$0400                      A:0000 X:038A Y:0000 S:036C D:0000 DB:7E P:04 V:138 H:169
C0915F $90 $F6         BCC $C09157                     A:0000 X:038A Y:0000 S:036C D:0000 DB:7E P:84 V:138 H:173
C09157 $9E $89 $DD     STZ $DD89,X [7EE113] = $0000    A:0000 X:038A Y:0000 S:036C D:0000 DB:7E P:84 V:138 H:178
C0915A $E8             INX                             A:0000 X:038A Y:0000 S:036C D:0000 DB:7E P:84 V:138 H:188
C0915B $E8             INX                             A:0000 X:038B Y:0000 S:036C D:0000 DB:7E P:04 V:138 H:191
C0915C $E0 $00 $04     CPX #$0400                      A:0000 X:038C Y:0000 S:036C D:0000 DB:7E P:04 V:138 H:194
C0915F $90 $F6         BCC $C09157                     A:0000 X:038C Y:0000 S:036C D:0000 DB:7E P:84 V:138 H:198
C09157 $9E $89 $DD     STZ $DD89,X [7EE115] = $0000    A:0000 X:038C Y:0000 S:036C D:0000 DB:7E P:84 V:138 H:203
C0915A $E8             INX                             A:0000 X:038C Y:0000 S:036C D:0000 DB:7E P:84 V:138 H:213
C0915B $E8             INX                             A:0000 X:038D Y:0000 S:036C D:0000 DB:7E P:04 V:138 H:216
C0915C $E0 $00 $04     CPX #$0400                      A:0000 X:038E Y:0000 S:036C D:0000 DB:7E P:04 V:138 H:219
C0915F $90 $F6         BCC $C09157                     A:0000 X:038E Y:0000 S:036C D:0000 DB:7E P:84 V:138 H:223
C09157 $9E $89 $DD     STZ $DD89,X [7EE117] = $0000    A:0000 X:038E Y:0000 S:036C D:0000 DB:7E P:84 V:138 H:228
C0915A $E8             INX                             A:0000 X:038E Y:0000 S:036C D:0000 DB:7E P:84 V:138 H:238
C0915B $E8             INX                             A:0000 X:038F Y:0000 S:036C D:0000 DB:7E P:04 V:138 H:241
C0915C $E0 $00 $04     CPX #$0400                      A:0000 X:0390 Y:0000 S:036C D:0000 DB:7E P:04 V:138 H:244
C0915F $90 $F6         BCC $C09157                     A:0000 X:0390 Y:0000 S:036C D:0000 DB:7E P:84 V:138 H:248
C09157 $9E $89 $DD     STZ $DD89,X [7EE119] = $0000    A:0000 X:0390 Y:0000 S:036C D:0000 DB:7E P:84 V:138 H:253
C0915A $E8             INX                             A:0000 X:0390 Y:0000 S:036C D:0000 DB:7E P:84 V:138 H:263
C0915B $E8             INX                             A:0000 X:0391 Y:0000 S:036C D:0000 DB:7E P:04 V:138 H:266
C0915C $E0 $00 $04     CPX #$0400                      A:0000 X:0392 Y:0000 S:036C D:0000 DB:7E P:04 V:138 H:269
C0915F $90 $F6         BCC $C09157                     A:0000 X:0392 Y:0000 S:036C D:0000 DB:7E P:84 V:138 H:273
C09157 $9E $89 $DD     STZ $DD89,X [7EE11B] = $0000    A:0000 X:0392 Y:0000 S:036C D:0000 DB:7E P:84 V:138 H:294
C0915A $E8             INX                             A:0000 X:0392 Y:0000 S:036C D:0000 DB:7E P:84 V:138 H:304
C0915B $E8             INX                             A:0000 X:0393 Y:0000 S:036C D:0000 DB:7E P:04 V:138 H:307
C0915C $E0 $00 $04     CPX #$0400                      A:0000 X:0394 Y:0000 S:036C D:0000 DB:7E P:04 V:138 H:310
C0915F $90 $F6         BCC $C09157                     A:0000 X:0394 Y:0000 S:036C D:0000 DB:7E P:84 V:138 H:315
C09157 $9E $89 $DD     STZ $DD89,X [7EE11D] = $0000    A:0000 X:0394 Y:0000 S:036C D:0000 DB:7E P:84 V:138 H:319
C0915A $E8             INX                             A:0000 X:0394 Y:0000 S:036C D:0000 DB:7E P:84 V:138 H:328
C0915B $E8             INX                             A:0000 X:0395 Y:0000 S:036C D:0000 DB:7E P:04 V:138 H:331
C0915C $E0 $00 $04     CPX #$0400                      A:0000 X:0396 Y:0000 S:036C D:0000 DB:7E P:04 V:138 H:334
C0915F $90 $F6         BCC $C09157                     A:0000 X:0396 Y:0000 S:036C D:0000 DB:7E P:84 V:138 H:339
C09157 $9E $89 $DD     STZ $DD89,X [7EE11F] = $0000    A:0000 X:0396 Y:0000 S:036C D:0000 DB:7E P:84 V:139 H:3  
C0915A $E8             INX                             A:0000 X:0396 Y:0000 S:036C D:0000 DB:7E P:84 V:139 H:13 
C0915B $E8             INX                             A:0000 X:0397 Y:0000 S:036C D:0000 DB:7E P:04 V:139 H:16 
C0915C $E0 $00 $04     CPX #$0400                      A:0000 X:0398 Y:0000 S:036C D:0000 DB:7E P:04 V:139 H:19 
C0915F $90 $F6         BCC $C09157                     A:0000 X:0398 Y:0000 S:036C D:0000 DB:7E P:84 V:139 H:24 
C09157 $9E $89 $DD     STZ $DD89,X [7EE121] = $0000    A:0000 X:0398 Y:0000 S:036C D:0000 DB:7E P:84 V:139 H:28 
C0915A $E8             INX                             A:0000 X:0398 Y:0000 S:036C D:0000 DB:7E P:84 V:139 H:38 
C0915B $E8             INX                             A:0000 X:0399 Y:0000 S:036C D:0000 DB:7E P:04 V:139 H:41 
C0915C $E0 $00 $04     CPX #$0400                      A:0000 X:039A Y:0000 S:036C D:0000 DB:7E P:04 V:139 H:44 
C0915F $90 $F6         BCC $C09157                     A:0000 X:039A Y:0000 S:036C D:0000 DB:7E P:84 V:139 H:49 
C09157 $9E $89 $DD     STZ $DD89,X [7EE123] = $0000    A:0000 X:039A Y:0000 S:036C D:0000 DB:7E P:84 V:139 H:53 
C0915A $E8             INX                             A:0000 X:039A Y:0000 S:036C D:0000 DB:7E P:84 V:139 H:63 
C0915B $E8             INX                             A:0000 X:039B Y:0000 S:036C D:0000 DB:7E P:04 V:139 H:66 
C0915C $E0 $00 $04     CPX #$0400                      A:0000 X:039C Y:0000 S:036C D:0000 DB:7E P:04 V:139 H:69 
C0915F $90 $F6         BCC $C09157                     A:0000 X:039C Y:0000 S:036C D:0000 DB:7E P:84 V:139 H:74 
C09157 $9E $89 $DD     STZ $DD89,X [7EE125] = $0000    A:0000 X:039C Y:0000 S:036C D:0000 DB:7E P:84 V:139 H:78 
C0915A $E8             INX                             A:0000 X:039C Y:0000 S:036C D:0000 DB:7E P:84 V:139 H:88 
C0915B $E8             INX                             A:0000 X:039D Y:0000 S:036C D:0000 DB:7E P:04 V:139 H:91 
C0915C $E0 $00 $04     CPX #$0400                      A:0000 X:039E Y:0000 S:036C D:0000 DB:7E P:04 V:139 H:94 
C0915F $90 $F6         BCC $C09157                     A:0000 X:039E Y:0000 S:036C D:0000 DB:7E P:84 V:139 H:99 
C09157 $9E $89 $DD     STZ $DD89,X [7EE127] = $0000    A:0000 X:039E Y:0000 S:036C D:0000 DB:7E P:84 V:139 H:103
C0915A $E8             INX                             A:0000 X:039E Y:0000 S:036C D:0000 DB:7E P:84 V:139 H:113
C0915B $E8             INX                             A:0000 X:039F Y:0000 S:036C D:0000 DB:7E P:04 V:139 H:116
C0915C $E0 $00 $04     CPX #$0400                      A:0000 X:03A0 Y:0000 S:036C D:0000 DB:7E P:04 V:139 H:119
C0915F $90 $F6         BCC $C09157                     A:0000 X:03A0 Y:0000 S:036C D:0000 DB:7E P:84 V:139 H:124
C09157 $9E $89 $DD     STZ $DD89,X [7EE129] = $0000    A:0000 X:03A0 Y:0000 S:036C D:0000 DB:7E P:84 V:139 H:128
C0915A $E8             INX                             A:0000 X:03A0 Y:0000 S:036C D:0000 DB:7E P:84 V:139 H:148
C0915B $E8             INX                             A:0000 X:03A1 Y:0000 S:036C D:0000 DB:7E P:04 V:139 H:151
C0915C $E0 $00 $04     CPX #$0400                      A:0000 X:03A2 Y:0000 S:036C D:0000 DB:7E P:04 V:139 H:154
C0915F $90 $F6         BCC $C09157                     A:0000 X:03A2 Y:0000 S:036C D:0000 DB:7E P:84 V:139 H:159
C09157 $9E $89 $DD     STZ $DD89,X [7EE12B] = $0000    A:0000 X:03A2 Y:0000 S:036C D:0000 DB:7E P:84 V:139 H:163
C0915A $E8             INX                             A:0000 X:03A2 Y:0000 S:036C D:0000 DB:7E P:84 V:139 H:173
C0915B $E8             INX                             A:0000 X:03A3 Y:0000 S:036C D:0000 DB:7E P:04 V:139 H:176
C0915C $E0 $00 $04     CPX #$0400                      A:0000 X:03A4 Y:0000 S:036C D:0000 DB:7E P:04 V:139 H:179
C0915F $90 $F6         BCC $C09157                     A:0000 X:03A4 Y:0000 S:036C D:0000 DB:7E P:84 V:139 H:184
C09157 $9E $89 $DD     STZ $DD89,X [7EE12D] = $0000    A:0000 X:03A4 Y:0000 S:036C D:0000 DB:7E P:84 V:139 H:188
C0915A $E8             INX                             A:0000 X:03A4 Y:0000 S:036C D:0000 DB:7E P:84 V:139 H:198
C0915B $E8             INX                             A:0000 X:03A5 Y:0000 S:036C D:0000 DB:7E P:04 V:139 H:201
C0915C $E0 $00 $04     CPX #$0400                      A:0000 X:03A6 Y:0000 S:036C D:0000 DB:7E P:04 V:139 H:204
C0915F $90 $F6         BCC $C09157                     A:0000 X:03A6 Y:0000 S:036C D:0000 DB:7E P:84 V:139 H:209
C09157 $9E $89 $DD     STZ $DD89,X [7EE12F] = $0000    A:0000 X:03A6 Y:0000 S:036C D:0000 DB:7E P:84 V:139 H:213
C0915A $E8             INX                             A:0000 X:03A6 Y:0000 S:036C D:0000 DB:7E P:84 V:139 H:223
C0915B $E8             INX                             A:0000 X:03A7 Y:0000 S:036C D:0000 DB:7E P:04 V:139 H:226
C0915C $E0 $00 $04     CPX #$0400                      A:0000 X:03A8 Y:0000 S:036C D:0000 DB:7E P:04 V:139 H:229
C0915F $90 $F6         BCC $C09157                     A:0000 X:03A8 Y:0000 S:036C D:0000 DB:7E P:84 V:139 H:234
C09157 $9E $89 $DD     STZ $DD89,X [7EE131] = $0000    A:0000 X:03A8 Y:0000 S:036C D:0000 DB:7E P:84 V:139 H:238
C0915A $E8             INX                             A:0000 X:03A8 Y:0000 S:036C D:0000 DB:7E P:84 V:139 H:248
C0915B $E8             INX                             A:0000 X:03A9 Y:0000 S:036C D:0000 DB:7E P:04 V:139 H:251
C0915C $E0 $00 $04     CPX #$0400                      A:0000 X:03AA Y:0000 S:036C D:0000 DB:7E P:04 V:139 H:254
C0915F $90 $F6         BCC $C09157                     A:0000 X:03AA Y:0000 S:036C D:0000 DB:7E P:84 V:139 H:259
C09157 $9E $89 $DD     STZ $DD89,X [7EE133] = $0000    A:0000 X:03AA Y:0000 S:036C D:0000 DB:7E P:84 V:139 H:263
C0915A $E8             INX                             A:0000 X:03AA Y:0000 S:036C D:0000 DB:7E P:84 V:139 H:273
C0915B $E8             INX                             A:0000 X:03AB Y:0000 S:036C D:0000 DB:7E P:04 V:139 H:293
C0915C $E0 $00 $04     CPX #$0400                      A:0000 X:03AC Y:0000 S:036C D:0000 DB:7E P:04 V:139 H:296
C0915F $90 $F6         BCC $C09157                     A:0000 X:03AC Y:0000 S:036C D:0000 DB:7E P:84 V:139 H:300
C09157 $9E $89 $DD     STZ $DD89,X [7EE135] = $0000    A:0000 X:03AC Y:0000 S:036C D:0000 DB:7E P:84 V:139 H:305
C0915A $E8             INX                             A:0000 X:03AC Y:0000 S:036C D:0000 DB:7E P:84 V:139 H:315
C0915B $E8             INX                             A:0000 X:03AD Y:0000 S:036C D:0000 DB:7E P:04 V:139 H:318
C0915C $E0 $00 $04     CPX #$0400                      A:0000 X:03AE Y:0000 S:036C D:0000 DB:7E P:04 V:139 H:321
C0915F $90 $F6         BCC $C09157                     A:0000 X:03AE Y:0000 S:036C D:0000 DB:7E P:84 V:139 H:325
C09157 $9E $89 $DD     STZ $DD89,X [7EE137] = $0000    A:0000 X:03AE Y:0000 S:036C D:0000 DB:7E P:84 V:139 H:329
C0915A $E8             INX                             A:0000 X:03AE Y:0000 S:036C D:0000 DB:7E P:84 V:139 H:339
C0915B $E8             INX                             A:0000 X:03AF Y:0000 S:036C D:0000 DB:7E P:04 V:140 H:2  
C0915C $E0 $00 $04     CPX #$0400                      A:0000 X:03B0 Y:0000 S:036C D:0000 DB:7E P:04 V:140 H:5  
C0915F $90 $F6         BCC $C09157                     A:0000 X:03B0 Y:0000 S:036C D:0000 DB:7E P:84 V:140 H:9  
C09157 $9E $89 $DD     STZ $DD89,X [7EE139] = $0000    A:0000 X:03B0 Y:0000 S:036C D:0000 DB:7E P:84 V:140 H:14 
C0915A $E8             INX                             A:0000 X:03B0 Y:0000 S:036C D:0000 DB:7E P:84 V:140 H:24 
C0915B $E8             INX                             A:0000 X:03B1 Y:0000 S:036C D:0000 DB:7E P:04 V:140 H:27 
C0915C $E0 $00 $04     CPX #$0400                      A:0000 X:03B2 Y:0000 S:036C D:0000 DB:7E P:04 V:140 H:30 
C0915F $90 $F6         BCC $C09157                     A:0000 X:03B2 Y:0000 S:036C D:0000 DB:7E P:84 V:140 H:34 
C09157 $9E $89 $DD     STZ $DD89,X [7EE13B] = $0000    A:0000 X:03B2 Y:0000 S:036C D:0000 DB:7E P:84 V:140 H:39 
C0915A $E8             INX                             A:0000 X:03B2 Y:0000 S:036C D:0000 DB:7E P:84 V:140 H:49 
C0915B $E8             INX                             A:0000 X:03B3 Y:0000 S:036C D:0000 DB:7E P:04 V:140 H:52 
C0915C $E0 $00 $04     CPX #$0400                      A:0000 X:03B4 Y:0000 S:036C D:0000 DB:7E P:04 V:140 H:55 
C0915F $90 $F6         BCC $C09157                     A:0000 X:03B4 Y:0000 S:036C D:0000 DB:7E P:84 V:140 H:59 
C09157 $9E $89 $DD     STZ $DD89,X [7EE13D] = $0000    A:0000 X:03B4 Y:0000 S:036C D:0000 DB:7E P:84 V:140 H:64 
C0915A $E8             INX                             A:0000 X:03B4 Y:0000 S:036C D:0000 DB:7E P:84 V:140 H:74 
C0915B $E8             INX                             A:0000 X:03B5 Y:0000 S:036C D:0000 DB:7E P:04 V:140 H:77 
C0915C $E0 $00 $04     CPX #$0400                      A:0000 X:03B6 Y:0000 S:036C D:0000 DB:7E P:04 V:140 H:80 
C0915F $90 $F6         BCC $C09157                     A:0000 X:03B6 Y:0000 S:036C D:0000 DB:7E P:84 V:140 H:84 
C09157 $9E $89 $DD     STZ $DD89,X [7EE13F] = $0000    A:0000 X:03B6 Y:0000 S:036C D:0000 DB:7E P:84 V:140 H:89 
C0915A $E8             INX                             A:0000 X:03B6 Y:0000 S:036C D:0000 DB:7E P:84 V:140 H:99 
C0915B $E8             INX                             A:0000 X:03B7 Y:0000 S:036C D:0000 DB:7E P:04 V:140 H:102
C0915C $E0 $00 $04     CPX #$0400                      A:0000 X:03B8 Y:0000 S:036C D:0000 DB:7E P:04 V:140 H:105
C0915F $90 $F6         BCC $C09157                     A:0000 X:03B8 Y:0000 S:036C D:0000 DB:7E P:84 V:140 H:109
C09157 $9E $89 $DD     STZ $DD89,X [7EE141] = $0000    A:0000 X:03B8 Y:0000 S:036C D:0000 DB:7E P:84 V:140 H:114
C0915A $E8             INX                             A:0000 X:03B8 Y:0000 S:036C D:0000 DB:7E P:84 V:140 H:124
C0915B $E8             INX                             A:0000 X:03B9 Y:0000 S:036C D:0000 DB:7E P:04 V:140 H:127
C0915C $E0 $00 $04     CPX #$0400                      A:0000 X:03BA Y:0000 S:036C D:0000 DB:7E P:04 V:140 H:130
C0915F $90 $F6         BCC $C09157                     A:0000 X:03BA Y:0000 S:036C D:0000 DB:7E P:84 V:140 H:144
C09157 $9E $89 $DD     STZ $DD89,X [7EE143] = $0000    A:0000 X:03BA Y:0000 S:036C D:0000 DB:7E P:84 V:140 H:149
C0915A $E8             INX                             A:0000 X:03BA Y:0000 S:036C D:0000 DB:7E P:84 V:140 H:159
C0915B $E8             INX                             A:0000 X:03BB Y:0000 S:036C D:0000 DB:7E P:04 V:140 H:162
C0915C $E0 $00 $04     CPX #$0400                      A:0000 X:03BC Y:0000 S:036C D:0000 DB:7E P:04 V:140 H:165
C0915F $90 $F6         BCC $C09157                     A:0000 X:03BC Y:0000 S:036C D:0000 DB:7E P:84 V:140 H:169
C09157 $9E $89 $DD     STZ $DD89,X [7EE145] = $0000    A:0000 X:03BC Y:0000 S:036C D:0000 DB:7E P:84 V:140 H:174
C0915A $E8             INX                             A:0000 X:03BC Y:0000 S:036C D:0000 DB:7E P:84 V:140 H:184
C0915B $E8             INX                             A:0000 X:03BD Y:0000 S:036C D:0000 DB:7E P:04 V:140 H:187
C0915C $E0 $00 $04     CPX #$0400                      A:0000 X:03BE Y:0000 S:036C D:0000 DB:7E P:04 V:140 H:190
C0915F $90 $F6         BCC $C09157                     A:0000 X:03BE Y:0000 S:036C D:0000 DB:7E P:84 V:140 H:194
C09157 $9E $89 $DD     STZ $DD89,X [7EE147] = $0000    A:0000 X:03BE Y:0000 S:036C D:0000 DB:7E P:84 V:140 H:199
C0915A $E8             INX                             A:0000 X:03BE Y:0000 S:036C D:0000 DB:7E P:84 V:140 H:209
C0915B $E8             INX                             A:0000 X:03BF Y:0000 S:036C D:0000 DB:7E P:04 V:140 H:212
C0915C $E0 $00 $04     CPX #$0400                      A:0000 X:03C0 Y:0000 S:036C D:0000 DB:7E P:04 V:140 H:215
C0915F $90 $F6         BCC $C09157                     A:0000 X:03C0 Y:0000 S:036C D:0000 DB:7E P:84 V:140 H:219
C09157 $9E $89 $DD     STZ $DD89,X [7EE149] = $0000    A:0000 X:03C0 Y:0000 S:036C D:0000 DB:7E P:84 V:140 H:224
C0915A $E8             INX                             A:0000 X:03C0 Y:0000 S:036C D:0000 DB:7E P:84 V:140 H:234
C0915B $E8             INX                             A:0000 X:03C1 Y:0000 S:036C D:0000 DB:7E P:04 V:140 H:237
C0915C $E0 $00 $04     CPX #$0400                      A:0000 X:03C2 Y:0000 S:036C D:0000 DB:7E P:04 V:140 H:240
C0915F $90 $F6         BCC $C09157                     A:0000 X:03C2 Y:0000 S:036C D:0000 DB:7E P:84 V:140 H:244
C09157 $9E $89 $DD     STZ $DD89,X [7EE14B] = $0000    A:0000 X:03C2 Y:0000 S:036C D:0000 DB:7E P:84 V:140 H:249
C0915A $E8             INX                             A:0000 X:03C2 Y:0000 S:036C D:0000 DB:7E P:84 V:140 H:259
C0915B $E8             INX                             A:0000 X:03C3 Y:0000 S:036C D:0000 DB:7E P:04 V:140 H:262
C0915C $E0 $00 $04     CPX #$0400                      A:0000 X:03C4 Y:0000 S:036C D:0000 DB:7E P:04 V:140 H:265
C0915F $90 $F6         BCC $C09157                     A:0000 X:03C4 Y:0000 S:036C D:0000 DB:7E P:84 V:140 H:269
C09157 $9E $89 $DD     STZ $DD89,X [7EE14D] = $0000    A:0000 X:03C4 Y:0000 S:036C D:0000 DB:7E P:84 V:140 H:274
C0915A $E8             INX                             A:0000 X:03C4 Y:0000 S:036C D:0000 DB:7E P:84 V:140 H:300
C0915B $E8             INX                             A:0000 X:03C5 Y:0000 S:036C D:0000 DB:7E P:04 V:140 H:303
C0915C $E0 $00 $04     CPX #$0400                      A:0000 X:03C6 Y:0000 S:036C D:0000 DB:7E P:04 V:140 H:306
C0915F $90 $F6         BCC $C09157                     A:0000 X:03C6 Y:0000 S:036C D:0000 DB:7E P:84 V:140 H:311
C09157 $9E $89 $DD     STZ $DD89,X [7EE14F] = $0000    A:0000 X:03C6 Y:0000 S:036C D:0000 DB:7E P:84 V:140 H:315
C0915A $E8             INX                             A:0000 X:03C6 Y:0000 S:036C D:0000 DB:7E P:84 V:140 H:325
C0915B $E8             INX                             A:0000 X:03C7 Y:0000 S:036C D:0000 DB:7E P:04 V:140 H:327
C0915C $E0 $00 $04     CPX #$0400                      A:0000 X:03C8 Y:0000 S:036C D:0000 DB:7E P:04 V:140 H:330
C0915F $90 $F6         BCC $C09157                     A:0000 X:03C8 Y:0000 S:036C D:0000 DB:7E P:84 V:140 H:335
C09157 $9E $89 $DD     STZ $DD89,X [7EE151] = $0000    A:0000 X:03C8 Y:0000 S:036C D:0000 DB:7E P:84 V:140 H:339
C0915A $E8             INX                             A:0000 X:03C8 Y:0000 S:036C D:0000 DB:7E P:84 V:141 H:9  
C0915B $E8             INX                             A:0000 X:03C9 Y:0000 S:036C D:0000 DB:7E P:04 V:141 H:12 
C0915C $E0 $00 $04     CPX #$0400                      A:0000 X:03CA Y:0000 S:036C D:0000 DB:7E P:04 V:141 H:15 
C0915F $90 $F6         BCC $C09157                     A:0000 X:03CA Y:0000 S:036C D:0000 DB:7E P:84 V:141 H:20 
C09157 $9E $89 $DD     STZ $DD89,X [7EE153] = $0000    A:0000 X:03CA Y:0000 S:036C D:0000 DB:7E P:84 V:141 H:24 
C0915A $E8             INX                             A:0000 X:03CA Y:0000 S:036C D:0000 DB:7E P:84 V:141 H:34 
C0915B $E8             INX                             A:0000 X:03CB Y:0000 S:036C D:0000 DB:7E P:04 V:141 H:37 
C0915C $E0 $00 $04     CPX #$0400                      A:0000 X:03CC Y:0000 S:036C D:0000 DB:7E P:04 V:141 H:40 
C0915F $90 $F6         BCC $C09157                     A:0000 X:03CC Y:0000 S:036C D:0000 DB:7E P:84 V:141 H:45 
C09157 $9E $89 $DD     STZ $DD89,X [7EE155] = $0000    A:0000 X:03CC Y:0000 S:036C D:0000 DB:7E P:84 V:141 H:49 
C0915A $E8             INX                             A:0000 X:03CC Y:0000 S:036C D:0000 DB:7E P:84 V:141 H:59 
C0915B $E8             INX                             A:0000 X:03CD Y:0000 S:036C D:0000 DB:7E P:04 V:141 H:62 
C0915C $E0 $00 $04     CPX #$0400                      A:0000 X:03CE Y:0000 S:036C D:0000 DB:7E P:04 V:141 H:65 
C0915F $90 $F6         BCC $C09157                     A:0000 X:03CE Y:0000 S:036C D:0000 DB:7E P:84 V:141 H:70 
C09157 $9E $89 $DD     STZ $DD89,X [7EE157] = $0000    A:0000 X:03CE Y:0000 S:036C D:0000 DB:7E P:84 V:141 H:74 
C0915A $E8             INX                             A:0000 X:03CE Y:0000 S:036C D:0000 DB:7E P:84 V:141 H:84 
C0915B $E8             INX                             A:0000 X:03CF Y:0000 S:036C D:0000 DB:7E P:04 V:141 H:87 
C0915C $E0 $00 $04     CPX #$0400                      A:0000 X:03D0 Y:0000 S:036C D:0000 DB:7E P:04 V:141 H:90 
C0915F $90 $F6         BCC $C09157                     A:0000 X:03D0 Y:0000 S:036C D:0000 DB:7E P:84 V:141 H:95 
C09157 $9E $89 $DD     STZ $DD89,X [7EE159] = $0000    A:0000 X:03D0 Y:0000 S:036C D:0000 DB:7E P:84 V:141 H:99 
C0915A $E8             INX                             A:0000 X:03D0 Y:0000 S:036C D:0000 DB:7E P:84 V:141 H:109
C0915B $E8             INX                             A:0000 X:03D1 Y:0000 S:036C D:0000 DB:7E P:04 V:141 H:112
C0915C $E0 $00 $04     CPX #$0400                      A:0000 X:03D2 Y:0000 S:036C D:0000 DB:7E P:04 V:141 H:115
C0915F $90 $F6         BCC $C09157                     A:0000 X:03D2 Y:0000 S:036C D:0000 DB:7E P:84 V:141 H:120
C09157 $9E $89 $DD     STZ $DD89,X [7EE15B] = $0000    A:0000 X:03D2 Y:0000 S:036C D:0000 DB:7E P:84 V:141 H:124
C0915A $E8             INX                             A:0000 X:03D2 Y:0000 S:036C D:0000 DB:7E P:84 V:141 H:144
C0915B $E8             INX                             A:0000 X:03D3 Y:0000 S:036C D:0000 DB:7E P:04 V:141 H:147
C0915C $E0 $00 $04     CPX #$0400                      A:0000 X:03D4 Y:0000 S:036C D:0000 DB:7E P:04 V:141 H:150
C0915F $90 $F6         BCC $C09157                     A:0000 X:03D4 Y:0000 S:036C D:0000 DB:7E P:84 V:141 H:155
C09157 $9E $89 $DD     STZ $DD89,X [7EE15D] = $0000    A:0000 X:03D4 Y:0000 S:036C D:0000 DB:7E P:84 V:141 H:159
C0915A $E8             INX                             A:0000 X:03D4 Y:0000 S:036C D:0000 DB:7E P:84 V:141 H:169
C0915B $E8             INX                             A:0000 X:03D5 Y:0000 S:036C D:0000 DB:7E P:04 V:141 H:172
C0915C $E0 $00 $04     CPX #$0400                      A:0000 X:03D6 Y:0000 S:036C D:0000 DB:7E P:04 V:141 H:175
C0915F $90 $F6         BCC $C09157                     A:0000 X:03D6 Y:0000 S:036C D:0000 DB:7E P:84 V:141 H:180
C09157 $9E $89 $DD     STZ $DD89,X [7EE15F] = $0000    A:0000 X:03D6 Y:0000 S:036C D:0000 DB:7E P:84 V:141 H:184
C0915A $E8             INX                             A:0000 X:03D6 Y:0000 S:036C D:0000 DB:7E P:84 V:141 H:194
C0915B $E8             INX                             A:0000 X:03D7 Y:0000 S:036C D:0000 DB:7E P:04 V:141 H:197
C0915C $E0 $00 $04     CPX #$0400                      A:0000 X:03D8 Y:0000 S:036C D:0000 DB:7E P:04 V:141 H:200
C0915F $90 $F6         BCC $C09157                     A:0000 X:03D8 Y:0000 S:036C D:0000 DB:7E P:84 V:141 H:205
C09157 $9E $89 $DD     STZ $DD89,X [7EE161] = $0000    A:0000 X:03D8 Y:0000 S:036C D:0000 DB:7E P:84 V:141 H:209
C0915A $E8             INX                             A:0000 X:03D8 Y:0000 S:036C D:0000 DB:7E P:84 V:141 H:219
C0915B $E8             INX                             A:0000 X:03D9 Y:0000 S:036C D:0000 DB:7E P:04 V:141 H:222
C0915C $E0 $00 $04     CPX #$0400                      A:0000 X:03DA Y:0000 S:036C D:0000 DB:7E P:04 V:141 H:225
C0915F $90 $F6         BCC $C09157                     A:0000 X:03DA Y:0000 S:036C D:0000 DB:7E P:84 V:141 H:230
C09157 $9E $89 $DD     STZ $DD89,X [7EE163] = $0000    A:0000 X:03DA Y:0000 S:036C D:0000 DB:7E P:84 V:141 H:234
C0915A $E8             INX                             A:0000 X:03DA Y:0000 S:036C D:0000 DB:7E P:84 V:141 H:244
C0915B $E8             INX                             A:0000 X:03DB Y:0000 S:036C D:0000 DB:7E P:04 V:141 H:247
C0915C $E0 $00 $04     CPX #$0400                      A:0000 X:03DC Y:0000 S:036C D:0000 DB:7E P:04 V:141 H:250
C0915F $90 $F6         BCC $C09157                     A:0000 X:03DC Y:0000 S:036C D:0000 DB:7E P:84 V:141 H:255
C09157 $9E $89 $DD     STZ $DD89,X [7EE165] = $0000    A:0000 X:03DC Y:0000 S:036C D:0000 DB:7E P:84 V:141 H:259
C0915A $E8             INX                             A:0000 X:03DC Y:0000 S:036C D:0000 DB:7E P:84 V:141 H:269
C0915B $E8             INX                             A:0000 X:03DD Y:0000 S:036C D:0000 DB:7E P:04 V:141 H:272
C0915C $E0 $00 $04     CPX #$0400                      A:0000 X:03DE Y:0000 S:036C D:0000 DB:7E P:04 V:141 H:275
C0915F $90 $F6         BCC $C09157                     A:0000 X:03DE Y:0000 S:036C D:0000 DB:7E P:84 V:141 H:295
C09157 $9E $89 $DD     STZ $DD89,X [7EE167] = $0000    A:0000 X:03DE Y:0000 S:036C D:0000 DB:7E P:84 V:141 H:299
C0915A $E8             INX                             A:0000 X:03DE Y:0000 S:036C D:0000 DB:7E P:84 V:141 H:309
C0915B $E8             INX                             A:0000 X:03DF Y:0000 S:036C D:0000 DB:7E P:04 V:141 H:312
C0915C $E0 $00 $04     CPX #$0400                      A:0000 X:03E0 Y:0000 S:036C D:0000 DB:7E P:04 V:141 H:315
C0915F $90 $F6         BCC $C09157                     A:0000 X:03E0 Y:0000 S:036C D:0000 DB:7E P:84 V:141 H:320
C09157 $9E $89 $DD     STZ $DD89,X [7EE169] = $0000    A:0000 X:03E0 Y:0000 S:036C D:0000 DB:7E P:84 V:141 H:324
C0915A $E8             INX                             A:0000 X:03E0 Y:0000 S:036C D:0000 DB:7E P:84 V:141 H:333
C0915B $E8             INX                             A:0000 X:03E1 Y:0000 S:036C D:0000 DB:7E P:04 V:141 H:336
C0915C $E0 $00 $04     CPX #$0400                      A:0000 X:03E2 Y:0000 S:036C D:0000 DB:7E P:04 V:141 H:339
C0915F $90 $F6         BCC $C09157                     A:0000 X:03E2 Y:0000 S:036C D:0000 DB:7E P:84 V:142 H:4  
C09157 $9E $89 $DD     STZ $DD89,X [7EE16B] = $0000    A:0000 X:03E2 Y:0000 S:036C D:0000 DB:7E P:84 V:142 H:8  
C0915A $E8             INX                             A:0000 X:03E2 Y:0000 S:036C D:0000 DB:7E P:84 V:142 H:18 
C0915B $E8             INX                             A:0000 X:03E3 Y:0000 S:036C D:0000 DB:7E P:04 V:142 H:21 
C0915C $E0 $00 $04     CPX #$0400                      A:0000 X:03E4 Y:0000 S:036C D:0000 DB:7E P:04 V:142 H:24 
C0915F $90 $F6         BCC $C09157                     A:0000 X:03E4 Y:0000 S:036C D:0000 DB:7E P:84 V:142 H:29 
C09157 $9E $89 $DD     STZ $DD89,X [7EE16D] = $0000    A:0000 X:03E4 Y:0000 S:036C D:0000 DB:7E P:84 V:142 H:33 
C0915A $E8             INX                             A:0000 X:03E4 Y:0000 S:036C D:0000 DB:7E P:84 V:142 H:43 
C0915B $E8             INX                             A:0000 X:03E5 Y:0000 S:036C D:0000 DB:7E P:04 V:142 H:46 
C0915C $E0 $00 $04     CPX #$0400                      A:0000 X:03E6 Y:0000 S:036C D:0000 DB:7E P:04 V:142 H:49 
C0915F $90 $F6         BCC $C09157                     A:0000 X:03E6 Y:0000 S:036C D:0000 DB:7E P:84 V:142 H:54 
C09157 $9E $89 $DD     STZ $DD89,X [7EE16F] = $0000    A:0000 X:03E6 Y:0000 S:036C D:0000 DB:7E P:84 V:142 H:58 
C0915A $E8             INX                             A:0000 X:03E6 Y:0000 S:036C D:0000 DB:7E P:84 V:142 H:68 
C0915B $E8             INX                             A:0000 X:03E7 Y:0000 S:036C D:0000 DB:7E P:04 V:142 H:71 
C0915C $E0 $00 $04     CPX #$0400                      A:0000 X:03E8 Y:0000 S:036C D:0000 DB:7E P:04 V:142 H:74 
C0915F $90 $F6         BCC $C09157                     A:0000 X:03E8 Y:0000 S:036C D:0000 DB:7E P:84 V:142 H:79 
C09157 $9E $89 $DD     STZ $DD89,X [7EE171] = $0000    A:0000 X:03E8 Y:0000 S:036C D:0000 DB:7E P:84 V:142 H:83 
C0915A $E8             INX                             A:0000 X:03E8 Y:0000 S:036C D:0000 DB:7E P:84 V:142 H:93 
C0915B $E8             INX                             A:0000 X:03E9 Y:0000 S:036C D:0000 DB:7E P:04 V:142 H:96 
C0915C $E0 $00 $04     CPX #$0400                      A:0000 X:03EA Y:0000 S:036C D:0000 DB:7E P:04 V:142 H:99 
C0915F $90 $F6         BCC $C09157                     A:0000 X:03EA Y:0000 S:036C D:0000 DB:7E P:84 V:142 H:104
C09157 $9E $89 $DD     STZ $DD89,X [7EE173] = $0000    A:0000 X:03EA Y:0000 S:036C D:0000 DB:7E P:84 V:142 H:108
C0915A $E8             INX                             A:0000 X:03EA Y:0000 S:036C D:0000 DB:7E P:84 V:142 H:118
C0915B $E8             INX                             A:0000 X:03EB Y:0000 S:036C D:0000 DB:7E P:04 V:142 H:121
C0915C $E0 $00 $04     CPX #$0400                      A:0000 X:03EC Y:0000 S:036C D:0000 DB:7E P:04 V:142 H:124
C0915F $90 $F6         BCC $C09157                     A:0000 X:03EC Y:0000 S:036C D:0000 DB:7E P:84 V:142 H:129
C09157 $9E $89 $DD     STZ $DD89,X [7EE175] = $0000    A:0000 X:03EC Y:0000 S:036C D:0000 DB:7E P:84 V:142 H:133
C0915A $E8             INX                             A:0000 X:03EC Y:0000 S:036C D:0000 DB:7E P:84 V:142 H:153
C0915B $E8             INX                             A:0000 X:03ED Y:0000 S:036C D:0000 DB:7E P:04 V:142 H:156
C0915C $E0 $00 $04     CPX #$0400                      A:0000 X:03EE Y:0000 S:036C D:0000 DB:7E P:04 V:142 H:159
C0915F $90 $F6         BCC $C09157                     A:0000 X:03EE Y:0000 S:036C D:0000 DB:7E P:84 V:142 H:164
C09157 $9E $89 $DD     STZ $DD89,X [7EE177] = $0000    A:0000 X:03EE Y:0000 S:036C D:0000 DB:7E P:84 V:142 H:168
C0915A $E8             INX                             A:0000 X:03EE Y:0000 S:036C D:0000 DB:7E P:84 V:142 H:178
C0915B $E8             INX                             A:0000 X:03EF Y:0000 S:036C D:0000 DB:7E P:04 V:142 H:181
C0915C $E0 $00 $04     CPX #$0400                      A:0000 X:03F0 Y:0000 S:036C D:0000 DB:7E P:04 V:142 H:184
C0915F $90 $F6         BCC $C09157                     A:0000 X:03F0 Y:0000 S:036C D:0000 DB:7E P:84 V:142 H:189
C09157 $9E $89 $DD     STZ $DD89,X [7EE179] = $0000    A:0000 X:03F0 Y:0000 S:036C D:0000 DB:7E P:84 V:142 H:193
C0915A $E8             INX                             A:0000 X:03F0 Y:0000 S:036C D:0000 DB:7E P:84 V:142 H:203
C0915B $E8             INX                             A:0000 X:03F1 Y:0000 S:036C D:0000 DB:7E P:04 V:142 H:206
C0915C $E0 $00 $04     CPX #$0400                      A:0000 X:03F2 Y:0000 S:036C D:0000 DB:7E P:04 V:142 H:209
C0915F $90 $F6         BCC $C09157                     A:0000 X:03F2 Y:0000 S:036C D:0000 DB:7E P:84 V:142 H:214
C09157 $9E $89 $DD     STZ $DD89,X [7EE17B] = $0000    A:0000 X:03F2 Y:0000 S:036C D:0000 DB:7E P:84 V:142 H:218
C0915A $E8             INX                             A:0000 X:03F2 Y:0000 S:036C D:0000 DB:7E P:84 V:142 H:228
C0915B $E8             INX                             A:0000 X:03F3 Y:0000 S:036C D:0000 DB:7E P:04 V:142 H:231
C0915C $E0 $00 $04     CPX #$0400                      A:0000 X:03F4 Y:0000 S:036C D:0000 DB:7E P:04 V:142 H:234
C0915F $90 $F6         BCC $C09157                     A:0000 X:03F4 Y:0000 S:036C D:0000 DB:7E P:84 V:142 H:239
C09157 $9E $89 $DD     STZ $DD89,X [7EE17D] = $0000    A:0000 X:03F4 Y:0000 S:036C D:0000 DB:7E P:84 V:142 H:243
C0915A $E8             INX                             A:0000 X:03F4 Y:0000 S:036C D:0000 DB:7E P:84 V:142 H:253
C0915B $E8             INX                             A:0000 X:03F5 Y:0000 S:036C D:0000 DB:7E P:04 V:142 H:256
C0915C $E0 $00 $04     CPX #$0400                      A:0000 X:03F6 Y:0000 S:036C D:0000 DB:7E P:04 V:142 H:259
C0915F $90 $F6         BCC $C09157                     A:0000 X:03F6 Y:0000 S:036C D:0000 DB:7E P:84 V:142 H:264
C09157 $9E $89 $DD     STZ $DD89,X [7EE17F] = $0000    A:0000 X:03F6 Y:0000 S:036C D:0000 DB:7E P:84 V:142 H:268
C0915A $E8             INX                             A:0000 X:03F6 Y:0000 S:036C D:0000 DB:7E P:84 V:142 H:296
C0915B $E8             INX                             A:0000 X:03F7 Y:0000 S:036C D:0000 DB:7E P:04 V:142 H:299
C0915C $E0 $00 $04     CPX #$0400                      A:0000 X:03F8 Y:0000 S:036C D:0000 DB:7E P:04 V:142 H:302
C0915F $90 $F6         BCC $C09157                     A:0000 X:03F8 Y:0000 S:036C D:0000 DB:7E P:84 V:142 H:307
C09157 $9E $89 $DD     STZ $DD89,X [7EE181] = $0000    A:0000 X:03F8 Y:0000 S:036C D:0000 DB:7E P:84 V:142 H:311
C0915A $E8             INX                             A:0000 X:03F8 Y:0000 S:036C D:0000 DB:7E P:84 V:142 H:321
C0915B $E8             INX                             A:0000 X:03F9 Y:0000 S:036C D:0000 DB:7E P:04 V:142 H:324
C0915C $E0 $00 $04     CPX #$0400                      A:0000 X:03FA Y:0000 S:036C D:0000 DB:7E P:04 V:142 H:327
C0915F $90 $F6         BCC $C09157                     A:0000 X:03FA Y:0000 S:036C D:0000 DB:7E P:84 V:142 H:331
C09157 $9E $89 $DD     STZ $DD89,X [7EE183] = $0000    A:0000 X:03FA Y:0000 S:036C D:0000 DB:7E P:84 V:142 H:335
C0915A $E8             INX                             A:0000 X:03FA Y:0000 S:036C D:0000 DB:7E P:84 V:143 H:5  
C0915B $E8             INX                             A:0000 X:03FB Y:0000 S:036C D:0000 DB:7E P:04 V:143 H:8  
C0915C $E0 $00 $04     CPX #$0400                      A:0000 X:03FC Y:0000 S:036C D:0000 DB:7E P:04 V:143 H:11 
C0915F $90 $F6         BCC $C09157                     A:0000 X:03FC Y:0000 S:036C D:0000 DB:7E P:84 V:143 H:16 
C09157 $9E $89 $DD     STZ $DD89,X [7EE185] = $0000    A:0000 X:03FC Y:0000 S:036C D:0000 DB:7E P:84 V:143 H:20 
C0915A $E8             INX                             A:0000 X:03FC Y:0000 S:036C D:0000 DB:7E P:84 V:143 H:30 
C0915B $E8             INX                             A:0000 X:03FD Y:0000 S:036C D:0000 DB:7E P:04 V:143 H:33 
C0915C $E0 $00 $04     CPX #$0400                      A:0000 X:03FE Y:0000 S:036C D:0000 DB:7E P:04 V:143 H:36 
C0915F $90 $F6         BCC $C09157                     A:0000 X:03FE Y:0000 S:036C D:0000 DB:7E P:84 V:143 H:41 
C09157 $9E $89 $DD     STZ $DD89,X [7EE187] = $0000    A:0000 X:03FE Y:0000 S:036C D:0000 DB:7E P:84 V:143 H:45 
C0915A $E8             INX                             A:0000 X:03FE Y:0000 S:036C D:0000 DB:7E P:84 V:143 H:55 
C0915B $E8             INX                             A:0000 X:03FF Y:0000 S:036C D:0000 DB:7E P:04 V:143 H:58 
C0915C $E0 $00 $04     CPX #$0400                      A:0000 X:0400 Y:0000 S:036C D:0000 DB:7E P:04 V:143 H:61 
C0915F $90 $F6         BCC $C09157                     A:0000 X:0400 Y:0000 S:036C D:0000 DB:7E P:07 V:143 H:66 
C09161 $AB             PLB                             A:0000 X:0400 Y:0000 S:036C D:0000 DB:7E P:07 V:143 H:69 
C09162 $C2 $30         REP #$30                        A:0000 X:0400 Y:0000 S:036D D:0000 DB:7E P:05 V:143 H:75 
C09164 $7A             PLY                             A:0000 X:0400 Y:0000 S:036D D:0000 DB:7E P:05 V:143 H:80 
C09165 $FA             PLX                             A:0000 X:0400 Y:0000 S:036F D:0000 DB:7E P:07 V:143 H:88 
C09166 $68             PLA                             A:0000 X:0008 Y:0000 S:0371 D:0000 DB:7E P:05 V:143 H:97 
C09167 $28             PLP                             A:0000 X:0008 Y:0000 S:0373 D:0000 DB:7E P:07 V:143 H:105
C09168 $6B             RTL                             A:0000 X:0008 Y:0000 S:0374 D:0000 DB:7E P:07 V:143 H:112
C609FB $22 $38 $43 $C0 JSL $C04338                     A:0000 X:0008 Y:0000 S:0377 D:0000 DB:7E P:07 V:143 H:122
C04338 $08             PHP                             A:0000 X:0008 Y:0000 S:0374 D:0000 DB:7E P:07 V:143 H:146
C04339 $78             SEI                             A:0000 X:0008 Y:0000 S:0373 D:0000 DB:7E P:07 V:143 H:151
C0433A $C2 $30         REP #$30                        A:0000 X:0008 Y:0000 S:0373 D:0000 DB:7E P:07 V:143 H:154
C0433C $8B             PHB                             A:0000 X:0008 Y:0000 S:0373 D:0000 DB:7E P:07 V:143 H:158
C0433D $48             PHA                             A:0000 X:0008 Y:0000 S:0372 D:0000 DB:7E P:07 V:143 H:163
C0433E $DA             PHX                             A:0000 X:0008 Y:0000 S:0370 D:0000 DB:7E P:07 V:143 H:170
C0433F $F4 $7E $7E     PEA #$7E7E                      A:0000 X:0008 Y:0000 S:036E D:0000 DB:7E P:07 V:143 H:177
C04342 $AB             PLB                             A:0000 X:0008 Y:0000 S:036C D:0000 DB:7E P:07 V:143 H:186
C04343 $AB             PLB                             A:0000 X:0008 Y:0000 S:036D D:0000 DB:7E P:05 V:143 H:192
C04344 $A2 $00 $00     LDX #$0000                      A:0000 X:0008 Y:0000 S:036E D:0000 DB:7E P:05 V:143 H:199
C04347 $A9 $FF $FF     LDA #$FFFF                      A:0000 X:0000 Y:0000 S:036E D:0000 DB:7E P:07 V:143 H:203
C0434A $9D $42 $8B     STA $8B42,X [7E8B42] = $FFFF    A:FFFF X:0000 Y:0000 S:036E D:0000 DB:7E P:85 V:143 H:208
C0434D $E8             INX                             A:FFFF X:0000 Y:0000 S:036E D:0000 DB:7E P:85 V:143 H:218
C0434E $E8             INX                             A:FFFF X:0001 Y:0000 S:036E D:0000 DB:7E P:05 V:143 H:221
C0434F $E0 $10 $00     CPX #$0010                      A:FFFF X:0002 Y:0000 S:036E D:0000 DB:7E P:05 V:143 H:224
C04352 $90 $F6         BCC $C0434A                     A:FFFF X:0002 Y:0000 S:036E D:0000 DB:7E P:84 V:143 H:228
C0434A $9D $42 $8B     STA $8B42,X [7E8B44] = $FFFF    A:FFFF X:0002 Y:0000 S:036E D:0000 DB:7E P:84 V:143 H:233
C0434D $E8             INX                             A:FFFF X:0002 Y:0000 S:036E D:0000 DB:7E P:84 V:143 H:243
C0434E $E8             INX                             A:FFFF X:0003 Y:0000 S:036E D:0000 DB:7E P:04 V:143 H:246
C0434F $E0 $10 $00     CPX #$0010                      A:FFFF X:0004 Y:0000 S:036E D:0000 DB:7E P:04 V:143 H:249
C04352 $90 $F6         BCC $C0434A                     A:FFFF X:0004 Y:0000 S:036E D:0000 DB:7E P:84 V:143 H:253
C0434A $9D $42 $8B     STA $8B42,X [7E8B46] = $FFFF    A:FFFF X:0004 Y:0000 S:036E D:0000 DB:7E P:84 V:143 H:258
C0434D $E8             INX                             A:FFFF X:0004 Y:0000 S:036E D:0000 DB:7E P:84 V:143 H:268
C0434E $E8             INX                             A:FFFF X:0005 Y:0000 S:036E D:0000 DB:7E P:04 V:143 H:271
C0434F $E0 $10 $00     CPX #$0010                      A:FFFF X:0006 Y:0000 S:036E D:0000 DB:7E P:04 V:143 H:274
C04352 $90 $F6         BCC $C0434A                     A:FFFF X:0006 Y:0000 S:036E D:0000 DB:7E P:84 V:143 H:317
C0434A $9D $42 $8B     STA $8B42,X [7E8B48] = $FFFF    A:FFFF X:0006 Y:0000 S:036E D:0000 DB:7E P:84 V:143 H:322
C0434D $E8             INX                             A:FFFF X:0006 Y:0000 S:036E D:0000 DB:7E P:84 V:143 H:331
C0434E $E8             INX                             A:FFFF X:0007 Y:0000 S:036E D:0000 DB:7E P:04 V:143 H:334
C0434F $E0 $10 $00     CPX #$0010                      A:FFFF X:0008 Y:0000 S:036E D:0000 DB:7E P:04 V:143 H:337
C04352 $90 $F6         BCC $C0434A                     A:FFFF X:0008 Y:0000 S:036E D:0000 DB:7E P:84 V:144 H:1  
C0434A $9D $42 $8B     STA $8B42,X [7E8B4A] = $FFFF    A:FFFF X:0008 Y:0000 S:036E D:0000 DB:7E P:84 V:144 H:6  
C0434D $E8             INX                             A:FFFF X:0008 Y:0000 S:036E D:0000 DB:7E P:84 V:144 H:16 
C0434E $E8             INX                             A:FFFF X:0009 Y:0000 S:036E D:0000 DB:7E P:04 V:144 H:19 
C0434F $E0 $10 $00     CPX #$0010                      A:FFFF X:000A Y:0000 S:036E D:0000 DB:7E P:04 V:144 H:22 
C04352 $90 $F6         BCC $C0434A                     A:FFFF X:000A Y:0000 S:036E D:0000 DB:7E P:84 V:144 H:26 
C0434A $9D $42 $8B     STA $8B42,X [7E8B4C] = $FFFF    A:FFFF X:000A Y:0000 S:036E D:0000 DB:7E P:84 V:144 H:31 
C0434D $E8             INX                             A:FFFF X:000A Y:0000 S:036E D:0000 DB:7E P:84 V:144 H:41 
C0434E $E8             INX                             A:FFFF X:000B Y:0000 S:036E D:0000 DB:7E P:04 V:144 H:44 
C0434F $E0 $10 $00     CPX #$0010                      A:FFFF X:000C Y:0000 S:036E D:0000 DB:7E P:04 V:144 H:47 
C04352 $90 $F6         BCC $C0434A                     A:FFFF X:000C Y:0000 S:036E D:0000 DB:7E P:84 V:144 H:51 
C0434A $9D $42 $8B     STA $8B42,X [7E8B4E] = $FFFF    A:FFFF X:000C Y:0000 S:036E D:0000 DB:7E P:84 V:144 H:56 
C0434D $E8             INX                             A:FFFF X:000C Y:0000 S:036E D:0000 DB:7E P:84 V:144 H:66 
C0434E $E8             INX                             A:FFFF X:000D Y:0000 S:036E D:0000 DB:7E P:04 V:144 H:69 
C0434F $E0 $10 $00     CPX #$0010                      A:FFFF X:000E Y:0000 S:036E D:0000 DB:7E P:04 V:144 H:72 
C04352 $90 $F6         BCC $C0434A                     A:FFFF X:000E Y:0000 S:036E D:0000 DB:7E P:84 V:144 H:76 
C0434A $9D $42 $8B     STA $8B42,X [7E8B50] = $FFFF    A:FFFF X:000E Y:0000 S:036E D:0000 DB:7E P:84 V:144 H:81 
C0434D $E8             INX                             A:FFFF X:000E Y:0000 S:036E D:0000 DB:7E P:84 V:144 H:91 
C0434E $E8             INX                             A:FFFF X:000F Y:0000 S:036E D:0000 DB:7E P:04 V:144 H:94 
C0434F $E0 $10 $00     CPX #$0010                      A:FFFF X:0010 Y:0000 S:036E D:0000 DB:7E P:04 V:144 H:97 
C04352 $90 $F6         BCC $C0434A                     A:FFFF X:0010 Y:0000 S:036E D:0000 DB:7E P:07 V:144 H:101
C04354 $A2 $00 $00     LDX #$0000                      A:FFFF X:0010 Y:0000 S:036E D:0000 DB:7E P:07 V:144 H:104
C04357 $9E $6E $8B     STZ $8B6E,X [7E8B6E] = $0000    A:FFFF X:0000 Y:0000 S:036E D:0000 DB:7E P:07 V:144 H:109
C0435A $9D $8E $8B     STA $8B8E,X [7E8B8E] = $FFFF    A:FFFF X:0000 Y:0000 S:036E D:0000 DB:7E P:07 V:144 H:119
C0435D $E8             INX                             A:FFFF X:0000 Y:0000 S:036E D:0000 DB:7E P:07 V:144 H:129
C0435E $E8             INX                             A:FFFF X:0001 Y:0000 S:036E D:0000 DB:7E P:05 V:144 H:132
C0435F $E0 $10 $00     CPX #$0010                      A:FFFF X:0002 Y:0000 S:036E D:0000 DB:7E P:05 V:144 H:145
C04362 $90 $F3         BCC $C04357                     A:FFFF X:0002 Y:0000 S:036E D:0000 DB:7E P:84 V:144 H:149
C04357 $9E $6E $8B     STZ $8B6E,X [7E8B70] = $0000    A:FFFF X:0002 Y:0000 S:036E D:0000 DB:7E P:84 V:144 H:154
C0435A $9D $8E $8B     STA $8B8E,X [7E8B90] = $FFFF    A:FFFF X:0002 Y:0000 S:036E D:0000 DB:7E P:84 V:144 H:164
C0435D $E8             INX                             A:FFFF X:0002 Y:0000 S:036E D:0000 DB:7E P:84 V:144 H:174
C0435E $E8             INX                             A:FFFF X:0003 Y:0000 S:036E D:0000 DB:7E P:04 V:144 H:177
C0435F $E0 $10 $00     CPX #$0010                      A:FFFF X:0004 Y:0000 S:036E D:0000 DB:7E P:04 V:144 H:180
C04362 $90 $F3         BCC $C04357                     A:FFFF X:0004 Y:0000 S:036E D:0000 DB:7E P:84 V:144 H:184
C04357 $9E $6E $8B     STZ $8B6E,X [7E8B72] = $0000    A:FFFF X:0004 Y:0000 S:036E D:0000 DB:7E P:84 V:144 H:189
C0435A $9D $8E $8B     STA $8B8E,X [7E8B92] = $FFFF    A:FFFF X:0004 Y:0000 S:036E D:0000 DB:7E P:84 V:144 H:199
C0435D $E8             INX                             A:FFFF X:0004 Y:0000 S:036E D:0000 DB:7E P:84 V:144 H:209
C0435E $E8             INX                             A:FFFF X:0005 Y:0000 S:036E D:0000 DB:7E P:04 V:144 H:212
C0435F $E0 $10 $00     CPX #$0010                      A:FFFF X:0006 Y:0000 S:036E D:0000 DB:7E P:04 V:144 H:215
C04362 $90 $F3         BCC $C04357                     A:FFFF X:0006 Y:0000 S:036E D:0000 DB:7E P:84 V:144 H:219
C04357 $9E $6E $8B     STZ $8B6E,X [7E8B74] = $0000    A:FFFF X:0006 Y:0000 S:036E D:0000 DB:7E P:84 V:144 H:224
C0435A $9D $8E $8B     STA $8B8E,X [7E8B94] = $FFFF    A:FFFF X:0006 Y:0000 S:036E D:0000 DB:7E P:84 V:144 H:234
C0435D $E8             INX                             A:FFFF X:0006 Y:0000 S:036E D:0000 DB:7E P:84 V:144 H:244
C0435E $E8             INX                             A:FFFF X:0007 Y:0000 S:036E D:0000 DB:7E P:04 V:144 H:247
C0435F $E0 $10 $00     CPX #$0010                      A:FFFF X:0008 Y:0000 S:036E D:0000 DB:7E P:04 V:144 H:250
C04362 $90 $F3         BCC $C04357                     A:FFFF X:0008 Y:0000 S:036E D:0000 DB:7E P:84 V:144 H:254
C04357 $9E $6E $8B     STZ $8B6E,X [7E8B76] = $0000    A:FFFF X:0008 Y:0000 S:036E D:0000 DB:7E P:84 V:144 H:259
C0435A $9D $8E $8B     STA $8B8E,X [7E8B96] = $FFFF    A:FFFF X:0008 Y:0000 S:036E D:0000 DB:7E P:84 V:144 H:269
C0435D $E8             INX                             A:FFFF X:0008 Y:0000 S:036E D:0000 DB:7E P:84 V:144 H:321
C0435E $E8             INX                             A:FFFF X:0009 Y:0000 S:036E D:0000 DB:7E P:04 V:144 H:323
C0435F $E0 $10 $00     CPX #$0010                      A:FFFF X:000A Y:0000 S:036E D:0000 DB:7E P:04 V:144 H:326
C04362 $90 $F3         BCC $C04357                     A:FFFF X:000A Y:0000 S:036E D:0000 DB:7E P:84 V:144 H:330
C04357 $9E $6E $8B     STZ $8B6E,X [7E8B78] = $0000    A:FFFF X:000A Y:0000 S:036E D:0000 DB:7E P:84 V:144 H:335
C0435A $9D $8E $8B     STA $8B8E,X [7E8B98] = $FFFF    A:FFFF X:000A Y:0000 S:036E D:0000 DB:7E P:84 V:145 H:5  
C0435D $E8             INX                             A:FFFF X:000A Y:0000 S:036E D:0000 DB:7E P:84 V:145 H:15 
C0435E $E8             INX                             A:FFFF X:000B Y:0000 S:036E D:0000 DB:7E P:04 V:145 H:18 
C0435F $E0 $10 $00     CPX #$0010                      A:FFFF X:000C Y:0000 S:036E D:0000 DB:7E P:04 V:145 H:21 
C04362 $90 $F3         BCC $C04357                     A:FFFF X:000C Y:0000 S:036E D:0000 DB:7E P:84 V:145 H:25 
C04357 $9E $6E $8B     STZ $8B6E,X [7E8B7A] = $0000    A:FFFF X:000C Y:0000 S:036E D:0000 DB:7E P:84 V:145 H:30 
C0435A $9D $8E $8B     STA $8B8E,X [7E8B9A] = $FFFF    A:FFFF X:000C Y:0000 S:036E D:0000 DB:7E P:84 V:145 H:40 
C0435D $E8             INX                             A:FFFF X:000C Y:0000 S:036E D:0000 DB:7E P:84 V:145 H:50 
C0435E $E8             INX                             A:FFFF X:000D Y:0000 S:036E D:0000 DB:7E P:04 V:145 H:53 
C0435F $E0 $10 $00     CPX #$0010                      A:FFFF X:000E Y:0000 S:036E D:0000 DB:7E P:04 V:145 H:56 
C04362 $90 $F3         BCC $C04357                     A:FFFF X:000E Y:0000 S:036E D:0000 DB:7E P:84 V:145 H:60 
C04357 $9E $6E $8B     STZ $8B6E,X [7E8B7C] = $0000    A:FFFF X:000E Y:0000 S:036E D:0000 DB:7E P:84 V:145 H:65 
C0435A $9D $8E $8B     STA $8B8E,X [7E8B9C] = $FFFF    A:FFFF X:000E Y:0000 S:036E D:0000 DB:7E P:84 V:145 H:75 
C0435D $E8             INX                             A:FFFF X:000E Y:0000 S:036E D:0000 DB:7E P:84 V:145 H:85 
C0435E $E8             INX                             A:FFFF X:000F Y:0000 S:036E D:0000 DB:7E P:04 V:145 H:88 
C0435F $E0 $10 $00     CPX #$0010                      A:FFFF X:0010 Y:0000 S:036E D:0000 DB:7E P:04 V:145 H:91 
C04362 $90 $F3         BCC $C04357                     A:FFFF X:0010 Y:0000 S:036E D:0000 DB:7E P:07 V:145 H:95 
C04364 $A2 $00 $00     LDX #$0000                      A:FFFF X:0010 Y:0000 S:036E D:0000 DB:7E P:07 V:145 H:98 
C04367 $9E $5E $88     STZ $885E,X [7E885E] = $0000    A:FFFF X:0000 Y:0000 S:036E D:0000 DB:7E P:07 V:145 H:103
C0436A $E8             INX                             A:FFFF X:0000 Y:0000 S:036E D:0000 DB:7E P:07 V:145 H:113
C0436B $E8             INX                             A:FFFF X:0001 Y:0000 S:036E D:0000 DB:7E P:05 V:145 H:116
C0436C $E0 $20 $00     CPX #$0020                      A:FFFF X:0002 Y:0000 S:036E D:0000 DB:7E P:05 V:145 H:119
C0436F $90 $F6         BCC $C04367                     A:FFFF X:0002 Y:0000 S:036E D:0000 DB:7E P:84 V:145 H:123
C04367 $9E $5E $88     STZ $885E,X [7E8860] = $0000    A:FFFF X:0002 Y:0000 S:036E D:0000 DB:7E P:84 V:145 H:128
C0436A $E8             INX                             A:FFFF X:0002 Y:0000 S:036E D:0000 DB:7E P:84 V:145 H:148
C0436B $E8             INX                             A:FFFF X:0003 Y:0000 S:036E D:0000 DB:7E P:04 V:145 H:151
C0436C $E0 $20 $00     CPX #$0020                      A:FFFF X:0004 Y:0000 S:036E D:0000 DB:7E P:04 V:145 H:154
C0436F $90 $F6         BCC $C04367                     A:FFFF X:0004 Y:0000 S:036E D:0000 DB:7E P:84 V:145 H:158
C04367 $9E $5E $88     STZ $885E,X [7E8862] = $0000    A:FFFF X:0004 Y:0000 S:036E D:0000 DB:7E P:84 V:145 H:163
C0436A $E8             INX                             A:FFFF X:0004 Y:0000 S:036E D:0000 DB:7E P:84 V:145 H:173
C0436B $E8             INX                             A:FFFF X:0005 Y:0000 S:036E D:0000 DB:7E P:04 V:145 H:176
C0436C $E0 $20 $00     CPX #$0020                      A:FFFF X:0006 Y:0000 S:036E D:0000 DB:7E P:04 V:145 H:179
C0436F $90 $F6         BCC $C04367                     A:FFFF X:0006 Y:0000 S:036E D:0000 DB:7E P:84 V:145 H:183
C04367 $9E $5E $88     STZ $885E,X [7E8864] = $0000    A:FFFF X:0006 Y:0000 S:036E D:0000 DB:7E P:84 V:145 H:188
C0436A $E8             INX                             A:FFFF X:0006 Y:0000 S:036E D:0000 DB:7E P:84 V:145 H:198
C0436B $E8             INX                             A:FFFF X:0007 Y:0000 S:036E D:0000 DB:7E P:04 V:145 H:201
C0436C $E0 $20 $00     CPX #$0020                      A:FFFF X:0008 Y:0000 S:036E D:0000 DB:7E P:04 V:145 H:204
C0436F $90 $F6         BCC $C04367                     A:FFFF X:0008 Y:0000 S:036E D:0000 DB:7E P:84 V:145 H:208
C04367 $9E $5E $88     STZ $885E,X [7E8866] = $0000    A:FFFF X:0008 Y:0000 S:036E D:0000 DB:7E P:84 V:145 H:213
C0436A $E8             INX                             A:FFFF X:0008 Y:0000 S:036E D:0000 DB:7E P:84 V:145 H:223
C0436B $E8             INX                             A:FFFF X:0009 Y:0000 S:036E D:0000 DB:7E P:04 V:145 H:226
C0436C $E0 $20 $00     CPX #$0020                      A:FFFF X:000A Y:0000 S:036E D:0000 DB:7E P:04 V:145 H:229
C0436F $90 $F6         BCC $C04367                     A:FFFF X:000A Y:0000 S:036E D:0000 DB:7E P:84 V:145 H:233
C04367 $9E $5E $88     STZ $885E,X [7E8868] = $0000    A:FFFF X:000A Y:0000 S:036E D:0000 DB:7E P:84 V:145 H:238
C0436A $E8             INX                             A:FFFF X:000A Y:0000 S:036E D:0000 DB:7E P:84 V:145 H:248
C0436B $E8             INX                             A:FFFF X:000B Y:0000 S:036E D:0000 DB:7E P:04 V:145 H:251
C0436C $E0 $20 $00     CPX #$0020                      A:FFFF X:000C Y:0000 S:036E D:0000 DB:7E P:04 V:145 H:254
C0436F $90 $F6         BCC $C04367                     A:FFFF X:000C Y:0000 S:036E D:0000 DB:7E P:84 V:145 H:258
C04367 $9E $5E $88     STZ $885E,X [7E886A] = $0000    A:FFFF X:000C Y:0000 S:036E D:0000 DB:7E P:84 V:145 H:263
C0436A $E8             INX                             A:FFFF X:000C Y:0000 S:036E D:0000 DB:7E P:84 V:145 H:273
C0436B $E8             INX                             A:FFFF X:000D Y:0000 S:036E D:0000 DB:7E P:04 V:145 H:276
C0436C $E0 $20 $00     CPX #$0020                      A:FFFF X:000E Y:0000 S:036E D:0000 DB:7E P:04 V:145 H:295
C0436F $90 $F6         BCC $C04367                     A:FFFF X:000E Y:0000 S:036E D:0000 DB:7E P:84 V:145 H:300
C04367 $9E $5E $88     STZ $885E,X [7E886C] = $0000    A:FFFF X:000E Y:0000 S:036E D:0000 DB:7E P:84 V:145 H:304
C0436A $E8             INX                             A:FFFF X:000E Y:0000 S:036E D:0000 DB:7E P:84 V:145 H:314
C0436B $E8             INX                             A:FFFF X:000F Y:0000 S:036E D:0000 DB:7E P:04 V:145 H:317
C0436C $E0 $20 $00     CPX #$0020                      A:FFFF X:0010 Y:0000 S:036E D:0000 DB:7E P:04 V:145 H:320
C0436F $90 $F6         BCC $C04367                     A:FFFF X:0010 Y:0000 S:036E D:0000 DB:7E P:84 V:145 H:324
C04367 $9E $5E $88     STZ $885E,X [7E886E] = $0000    A:FFFF X:0010 Y:0000 S:036E D:0000 DB:7E P:84 V:145 H:328
C0436A $E8             INX                             A:FFFF X:0010 Y:0000 S:036E D:0000 DB:7E P:84 V:145 H:338
C0436B $E8             INX                             A:FFFF X:0011 Y:0000 S:036E D:0000 DB:7E P:04 V:146 H:1  
C0436C $E0 $20 $00     CPX #$0020                      A:FFFF X:0012 Y:0000 S:036E D:0000 DB:7E P:04 V:146 H:4  
C0436F $90 $F6         BCC $C04367                     A:FFFF X:0012 Y:0000 S:036E D:0000 DB:7E P:84 V:146 H:9  
C04367 $9E $5E $88     STZ $885E,X [7E8870] = $0000    A:FFFF X:0012 Y:0000 S:036E D:0000 DB:7E P:84 V:146 H:13 
C0436A $E8             INX                             A:FFFF X:0012 Y:0000 S:036E D:0000 DB:7E P:84 V:146 H:23 
C0436B $E8             INX                             A:FFFF X:0013 Y:0000 S:036E D:0000 DB:7E P:04 V:146 H:26 
C0436C $E0 $20 $00     CPX #$0020                      A:FFFF X:0014 Y:0000 S:036E D:0000 DB:7E P:04 V:146 H:29 
C0436F $90 $F6         BCC $C04367                     A:FFFF X:0014 Y:0000 S:036E D:0000 DB:7E P:84 V:146 H:34 
C04367 $9E $5E $88     STZ $885E,X [7E8872] = $0000    A:FFFF X:0014 Y:0000 S:036E D:0000 DB:7E P:84 V:146 H:38 
C0436A $E8             INX                             A:FFFF X:0014 Y:0000 S:036E D:0000 DB:7E P:84 V:146 H:48 
C0436B $E8             INX                             A:FFFF X:0015 Y:0000 S:036E D:0000 DB:7E P:04 V:146 H:51 
C0436C $E0 $20 $00     CPX #$0020                      A:FFFF X:0016 Y:0000 S:036E D:0000 DB:7E P:04 V:146 H:54 
C0436F $90 $F6         BCC $C04367                     A:FFFF X:0016 Y:0000 S:036E D:0000 DB:7E P:84 V:146 H:59 
C04367 $9E $5E $88     STZ $885E,X [7E8874] = $0000    A:FFFF X:0016 Y:0000 S:036E D:0000 DB:7E P:84 V:146 H:63 
C0436A $E8             INX                             A:FFFF X:0016 Y:0000 S:036E D:0000 DB:7E P:84 V:146 H:73 
C0436B $E8             INX                             A:FFFF X:0017 Y:0000 S:036E D:0000 DB:7E P:04 V:146 H:76 
C0436C $E0 $20 $00     CPX #$0020                      A:FFFF X:0018 Y:0000 S:036E D:0000 DB:7E P:04 V:146 H:79 
C0436F $90 $F6         BCC $C04367                     A:FFFF X:0018 Y:0000 S:036E D:0000 DB:7E P:84 V:146 H:84 
C04367 $9E $5E $88     STZ $885E,X [7E8876] = $0000    A:FFFF X:0018 Y:0000 S:036E D:0000 DB:7E P:84 V:146 H:88 
C0436A $E8             INX                             A:FFFF X:0018 Y:0000 S:036E D:0000 DB:7E P:84 V:146 H:98 
C0436B $E8             INX                             A:FFFF X:0019 Y:0000 S:036E D:0000 DB:7E P:04 V:146 H:101
C0436C $E0 $20 $00     CPX #$0020                      A:FFFF X:001A Y:0000 S:036E D:0000 DB:7E P:04 V:146 H:104
C0436F $90 $F6         BCC $C04367                     A:FFFF X:001A Y:0000 S:036E D:0000 DB:7E P:84 V:146 H:109
C04367 $9E $5E $88     STZ $885E,X [7E8878] = $0000    A:FFFF X:001A Y:0000 S:036E D:0000 DB:7E P:84 V:146 H:113
C0436A $E8             INX                             A:FFFF X:001A Y:0000 S:036E D:0000 DB:7E P:84 V:146 H:123
C0436B $E8             INX                             A:FFFF X:001B Y:0000 S:036E D:0000 DB:7E P:04 V:146 H:126
C0436C $E0 $20 $00     CPX #$0020                      A:FFFF X:001C Y:0000 S:036E D:0000 DB:7E P:04 V:146 H:129
C0436F $90 $F6         BCC $C04367                     A:FFFF X:001C Y:0000 S:036E D:0000 DB:7E P:84 V:146 H:134
C04367 $9E $5E $88     STZ $885E,X [7E887A] = $0000    A:FFFF X:001C Y:0000 S:036E D:0000 DB:7E P:84 V:146 H:148
C0436A $E8             INX                             A:FFFF X:001C Y:0000 S:036E D:0000 DB:7E P:84 V:146 H:158
C0436B $E8             INX                             A:FFFF X:001D Y:0000 S:036E D:0000 DB:7E P:04 V:146 H:161
C0436C $E0 $20 $00     CPX #$0020                      A:FFFF X:001E Y:0000 S:036E D:0000 DB:7E P:04 V:146 H:164
C0436F $90 $F6         BCC $C04367                     A:FFFF X:001E Y:0000 S:036E D:0000 DB:7E P:84 V:146 H:169
C04367 $9E $5E $88     STZ $885E,X [7E887C] = $0000    A:FFFF X:001E Y:0000 S:036E D:0000 DB:7E P:84 V:146 H:173
C0436A $E8             INX                             A:FFFF X:001E Y:0000 S:036E D:0000 DB:7E P:84 V:146 H:183
C0436B $E8             INX                             A:FFFF X:001F Y:0000 S:036E D:0000 DB:7E P:04 V:146 H:186
C0436C $E0 $20 $00     CPX #$0020                      A:FFFF X:0020 Y:0000 S:036E D:0000 DB:7E P:04 V:146 H:189
C0436F $90 $F6         BCC $C04367                     A:FFFF X:0020 Y:0000 S:036E D:0000 DB:7E P:07 V:146 H:194
C04371 $FA             PLX                             A:FFFF X:0020 Y:0000 S:036E D:0000 DB:7E P:07 V:146 H:197
C04372 $68             PLA                             A:FFFF X:0008 Y:0000 S:0370 D:0000 DB:7E P:05 V:146 H:205
C04373 $AB             PLB                             A:0000 X:0008 Y:0000 S:0372 D:0000 DB:7E P:07 V:146 H:214
C04374 $28             PLP                             A:0000 X:0008 Y:0000 S:0373 D:0000 DB:7E P:05 V:146 H:220
C04375 $6B             RTL                             A:0000 X:0008 Y:0000 S:0374 D:0000 DB:7E P:07 V:146 H:227
C609FF $22 $95 $8F $C0 JSL $C08F95                     A:0000 X:0008 Y:0000 S:0377 D:0000 DB:7E P:07 V:146 H:237
C08F95 $08             PHP                             A:0000 X:0008 Y:0000 S:0374 D:0000 DB:7E P:07 V:146 H:251
C08F96 $C2 $30         REP #$30                        A:0000 X:0008 Y:0000 S:0373 D:0000 DB:7E P:07 V:146 H:256
C08F98 $48             PHA                             A:0000 X:0008 Y:0000 S:0373 D:0000 DB:7E P:07 V:146 H:260
C08F99 $DA             PHX                             A:0000 X:0008 Y:0000 S:0371 D:0000 DB:7E P:07 V:146 H:267
C08F9A $5A             PHY                             A:0000 X:0008 Y:0000 S:036F D:0000 DB:7E P:07 V:146 H:274
C08F9B $8B             PHB                             A:0000 X:0008 Y:0000 S:036D D:0000 DB:7E P:07 V:146 H:297
C08F9C $F4 $7F $7F     PEA #$7F7F                      A:0000 X:0008 Y:0000 S:036C D:0000 DB:7E P:07 V:146 H:302
C08F9F $AB             PLB                             A:0000 X:0008 Y:0000 S:036A D:0000 DB:7E P:07 V:146 H:311
C08FA0 $AB             PLB                             A:0000 X:0008 Y:0000 S:036B D:0000 DB:7F P:05 V:146 H:317
C08FA1 $A2 $00 $00     LDX #$0000                      A:0000 X:0008 Y:0000 S:036C D:0000 DB:7F P:05 V:146 H:323
C08FA4 $9E $D4 $AD     STZ $ADD4,X [7FADD4] = $8000    A:0000 X:0000 Y:0000 S:036C D:0000 DB:7F P:07 V:146 H:327
C08FA7 $E8             INX                             A:0000 X:0000 Y:0000 S:036C D:0000 DB:7F P:07 V:146 H:337
C08FA8 $E8             INX                             A:0000 X:0001 Y:0000 S:036C D:0000 DB:7F P:05 V:147 H:0  
C08FA9 $E0 $20 $00     CPX #$0020                      A:0000 X:0002 Y:0000 S:036C D:0000 DB:7F P:05 V:147 H:3  
C08FAC $90 $F6         BCC $C08FA4                     A:0000 X:0002 Y:0000 S:036C D:0000 DB:7F P:84 V:147 H:8  
C08FA4 $9E $D4 $AD     STZ $ADD4,X [7FADD6] = $8000    A:0000 X:0002 Y:0000 S:036C D:0000 DB:7F P:84 V:147 H:12 
C08FA7 $E8             INX                             A:0000 X:0002 Y:0000 S:036C D:0000 DB:7F P:84 V:147 H:22 
C08FA8 $E8             INX                             A:0000 X:0003 Y:0000 S:036C D:0000 DB:7F P:04 V:147 H:25 
C08FA9 $E0 $20 $00     CPX #$0020                      A:0000 X:0004 Y:0000 S:036C D:0000 DB:7F P:04 V:147 H:28 
C08FAC $90 $F6         BCC $C08FA4                     A:0000 X:0004 Y:0000 S:036C D:0000 DB:7F P:84 V:147 H:33 
C08FA4 $9E $D4 $AD     STZ $ADD4,X [7FADD8] = $8000    A:0000 X:0004 Y:0000 S:036C D:0000 DB:7F P:84 V:147 H:37 
C08FA7 $E8             INX                             A:0000 X:0004 Y:0000 S:036C D:0000 DB:7F P:84 V:147 H:47 
C08FA8 $E8             INX                             A:0000 X:0005 Y:0000 S:036C D:0000 DB:7F P:04 V:147 H:50 
C08FA9 $E0 $20 $00     CPX #$0020                      A:0000 X:0006 Y:0000 S:036C D:0000 DB:7F P:04 V:147 H:53 
C08FAC $90 $F6         BCC $C08FA4                     A:0000 X:0006 Y:0000 S:036C D:0000 DB:7F P:84 V:147 H:58 
C08FA4 $9E $D4 $AD     STZ $ADD4,X [7FADDA] = $8000    A:0000 X:0006 Y:0000 S:036C D:0000 DB:7F P:84 V:147 H:62 
C08FA7 $E8             INX                             A:0000 X:0006 Y:0000 S:036C D:0000 DB:7F P:84 V:147 H:72 
C08FA8 $E8             INX                             A:0000 X:0007 Y:0000 S:036C D:0000 DB:7F P:04 V:147 H:75 
C08FA9 $E0 $20 $00     CPX #$0020                      A:0000 X:0008 Y:0000 S:036C D:0000 DB:7F P:04 V:147 H:78 
C08FAC $90 $F6         BCC $C08FA4                     A:0000 X:0008 Y:0000 S:036C D:0000 DB:7F P:84 V:147 H:83 
C08FA4 $9E $D4 $AD     STZ $ADD4,X [7FADDC] = $0000    A:0000 X:0008 Y:0000 S:036C D:0000 DB:7F P:84 V:147 H:87 
C08FA7 $E8             INX                             A:0000 X:0008 Y:0000 S:036C D:0000 DB:7F P:84 V:147 H:97 
C08FA8 $E8             INX                             A:0000 X:0009 Y:0000 S:036C D:0000 DB:7F P:04 V:147 H:100
C08FA9 $E0 $20 $00     CPX #$0020                      A:0000 X:000A Y:0000 S:036C D:0000 DB:7F P:04 V:147 H:103
C08FAC $90 $F6         BCC $C08FA4                     A:0000 X:000A Y:0000 S:036C D:0000 DB:7F P:84 V:147 H:108
C08FA4 $9E $D4 $AD     STZ $ADD4,X [7FADDE] = $0000    A:0000 X:000A Y:0000 S:036C D:0000 DB:7F P:84 V:147 H:112
C08FA7 $E8             INX                             A:0000 X:000A Y:0000 S:036C D:0000 DB:7F P:84 V:147 H:122
C08FA8 $E8             INX                             A:0000 X:000B Y:0000 S:036C D:0000 DB:7F P:04 V:147 H:125
C08FA9 $E0 $20 $00     CPX #$0020                      A:0000 X:000C Y:0000 S:036C D:0000 DB:7F P:04 V:147 H:128
C08FAC $90 $F6         BCC $C08FA4                     A:0000 X:000C Y:0000 S:036C D:0000 DB:7F P:84 V:147 H:133
C08FA4 $9E $D4 $AD     STZ $ADD4,X [7FADE0] = $0000    A:0000 X:000C Y:0000 S:036C D:0000 DB:7F P:84 V:147 H:147
C08FA7 $E8             INX                             A:0000 X:000C Y:0000 S:036C D:0000 DB:7F P:84 V:147 H:157
C08FA8 $E8             INX                             A:0000 X:000D Y:0000 S:036C D:0000 DB:7F P:04 V:147 H:160
C08FA9 $E0 $20 $00     CPX #$0020                      A:0000 X:000E Y:0000 S:036C D:0000 DB:7F P:04 V:147 H:163
C08FAC $90 $F6         BCC $C08FA4                     A:0000 X:000E Y:0000 S:036C D:0000 DB:7F P:84 V:147 H:168
C08FA4 $9E $D4 $AD     STZ $ADD4,X [7FADE2] = $0000    A:0000 X:000E Y:0000 S:036C D:0000 DB:7F P:84 V:147 H:172
C08FA7 $E8             INX                             A:0000 X:000E Y:0000 S:036C D:0000 DB:7F P:84 V:147 H:182
C08FA8 $E8             INX                             A:0000 X:000F Y:0000 S:036C D:0000 DB:7F P:04 V:147 H:185
C08FA9 $E0 $20 $00     CPX #$0020                      A:0000 X:0010 Y:0000 S:036C D:0000 DB:7F P:04 V:147 H:188
C08FAC $90 $F6         BCC $C08FA4                     A:0000 X:0010 Y:0000 S:036C D:0000 DB:7F P:84 V:147 H:193
C08FA4 $9E $D4 $AD     STZ $ADD4,X [7FADE4] = $0000    A:0000 X:0010 Y:0000 S:036C D:0000 DB:7F P:84 V:147 H:197
C08FA7 $E8             INX                             A:0000 X:0010 Y:0000 S:036C D:0000 DB:7F P:84 V:147 H:207
C08FA8 $E8             INX                             A:0000 X:0011 Y:0000 S:036C D:0000 DB:7F P:04 V:147 H:210
C08FA9 $E0 $20 $00     CPX #$0020                      A:0000 X:0012 Y:0000 S:036C D:0000 DB:7F P:04 V:147 H:213
C08FAC $90 $F6         BCC $C08FA4                     A:0000 X:0012 Y:0000 S:036C D:0000 DB:7F P:84 V:147 H:218
C08FA4 $9E $D4 $AD     STZ $ADD4,X [7FADE6] = $0000    A:0000 X:0012 Y:0000 S:036C D:0000 DB:7F P:84 V:147 H:222
C08FA7 $E8             INX                             A:0000 X:0012 Y:0000 S:036C D:0000 DB:7F P:84 V:147 H:232
C08FA8 $E8             INX                             A:0000 X:0013 Y:0000 S:036C D:0000 DB:7F P:04 V:147 H:235
C08FA9 $E0 $20 $00     CPX #$0020                      A:0000 X:0014 Y:0000 S:036C D:0000 DB:7F P:04 V:147 H:238
C08FAC $90 $F6         BCC $C08FA4                     A:0000 X:0014 Y:0000 S:036C D:0000 DB:7F P:84 V:147 H:243
C08FA4 $9E $D4 $AD     STZ $ADD4,X [7FADE8] = $0000    A:0000 X:0014 Y:0000 S:036C D:0000 DB:7F P:84 V:147 H:247
C08FA7 $E8             INX                             A:0000 X:0014 Y:0000 S:036C D:0000 DB:7F P:84 V:147 H:257
C08FA8 $E8             INX                             A:0000 X:0015 Y:0000 S:036C D:0000 DB:7F P:04 V:147 H:260
C08FA9 $E0 $20 $00     CPX #$0020                      A:0000 X:0016 Y:0000 S:036C D:0000 DB:7F P:04 V:147 H:263
C08FAC $90 $F6         BCC $C08FA4                     A:0000 X:0016 Y:0000 S:036C D:0000 DB:7F P:84 V:147 H:268
C08FA4 $9E $D4 $AD     STZ $ADD4,X [7FADEA] = $0000    A:0000 X:0016 Y:0000 S:036C D:0000 DB:7F P:84 V:147 H:272
C08FA7 $E8             INX                             A:0000 X:0016 Y:0000 S:036C D:0000 DB:7F P:84 V:147 H:297
C08FA8 $E8             INX                             A:0000 X:0017 Y:0000 S:036C D:0000 DB:7F P:04 V:147 H:300
C08FA9 $E0 $20 $00     CPX #$0020                      A:0000 X:0018 Y:0000 S:036C D:0000 DB:7F P:04 V:147 H:303
C08FAC $90 $F6         BCC $C08FA4                     A:0000 X:0018 Y:0000 S:036C D:0000 DB:7F P:84 V:147 H:308
C08FA4 $9E $D4 $AD     STZ $ADD4,X [7FADEC] = $0000    A:0000 X:0018 Y:0000 S:036C D:0000 DB:7F P:84 V:147 H:312
C08FA7 $E8             INX                             A:0000 X:0018 Y:0000 S:036C D:0000 DB:7F P:84 V:147 H:322
C08FA8 $E8             INX                             A:0000 X:0019 Y:0000 S:036C D:0000 DB:7F P:04 V:147 H:325
C08FA9 $E0 $20 $00     CPX #$0020                      A:0000 X:001A Y:0000 S:036C D:0000 DB:7F P:04 V:147 H:327
C08FAC $90 $F6         BCC $C08FA4                     A:0000 X:001A Y:0000 S:036C D:0000 DB:7F P:84 V:147 H:332
C08FA4 $9E $D4 $AD     STZ $ADD4,X [7FADEE] = $0000    A:0000 X:001A Y:0000 S:036C D:0000 DB:7F P:84 V:147 H:336
C08FA7 $E8             INX                             A:0000 X:001A Y:0000 S:036C D:0000 DB:7F P:84 V:148 H:6  
C08FA8 $E8             INX                             A:0000 X:001B Y:0000 S:036C D:0000 DB:7F P:04 V:148 H:9  
C08FA9 $E0 $20 $00     CPX #$0020                      A:0000 X:001C Y:0000 S:036C D:0000 DB:7F P:04 V:148 H:12 
C08FAC $90 $F6         BCC $C08FA4                     A:0000 X:001C Y:0000 S:036C D:0000 DB:7F P:84 V:148 H:17 
C08FA4 $9E $D4 $AD     STZ $ADD4,X [7FADF0] = $0000    A:0000 X:001C Y:0000 S:036C D:0000 DB:7F P:84 V:148 H:21 
C08FA7 $E8             INX                             A:0000 X:001C Y:0000 S:036C D:0000 DB:7F P:84 V:148 H:31 
C08FA8 $E8             INX                             A:0000 X:001D Y:0000 S:036C D:0000 DB:7F P:04 V:148 H:34 
C08FA9 $E0 $20 $00     CPX #$0020                      A:0000 X:001E Y:0000 S:036C D:0000 DB:7F P:04 V:148 H:37 
C08FAC $90 $F6         BCC $C08FA4                     A:0000 X:001E Y:0000 S:036C D:0000 DB:7F P:84 V:148 H:42 
C08FA4 $9E $D4 $AD     STZ $ADD4,X [7FADF2] = $0000    A:0000 X:001E Y:0000 S:036C D:0000 DB:7F P:84 V:148 H:46 
C08FA7 $E8             INX                             A:0000 X:001E Y:0000 S:036C D:0000 DB:7F P:84 V:148 H:56 
C08FA8 $E8             INX                             A:0000 X:001F Y:0000 S:036C D:0000 DB:7F P:04 V:148 H:59 
C08FA9 $E0 $20 $00     CPX #$0020                      A:0000 X:0020 Y:0000 S:036C D:0000 DB:7F P:04 V:148 H:62 
C08FAC $90 $F6         BCC $C08FA4                     A:0000 X:0020 Y:0000 S:036C D:0000 DB:7F P:07 V:148 H:67 
C08FAE $A2 $00 $00     LDX #$0000                      A:0000 X:0020 Y:0000 S:036C D:0000 DB:7F P:07 V:148 H:70 
C08FB1 $9E $34 $AE     STZ $AE34,X [7FAE34] = $8000    A:0000 X:0000 Y:0000 S:036C D:0000 DB:7F P:07 V:148 H:74 
C08FB4 $E8             INX                             A:0000 X:0000 Y:0000 S:036C D:0000 DB:7F P:07 V:148 H:84 
C08FB5 $E8             INX                             A:0000 X:0001 Y:0000 S:036C D:0000 DB:7F P:05 V:148 H:87 
C08FB6 $E0 $22 $00     CPX #$0022                      A:0000 X:0002 Y:0000 S:036C D:0000 DB:7F P:05 V:148 H:90 
C08FB9 $90 $F6         BCC $C08FB1                     A:0000 X:0002 Y:0000 S:036C D:0000 DB:7F P:84 V:148 H:95 
C08FB1 $9E $34 $AE     STZ $AE34,X [7FAE36] = $0000    A:0000 X:0002 Y:0000 S:036C D:0000 DB:7F P:84 V:148 H:99 
C08FB4 $E8             INX                             A:0000 X:0002 Y:0000 S:036C D:0000 DB:7F P:84 V:148 H:109
C08FB5 $E8             INX                             A:0000 X:0003 Y:0000 S:036C D:0000 DB:7F P:04 V:148 H:112
C08FB6 $E0 $22 $00     CPX #$0022                      A:0000 X:0004 Y:0000 S:036C D:0000 DB:7F P:04 V:148 H:115
C08FB9 $90 $F6         BCC $C08FB1                     A:0000 X:0004 Y:0000 S:036C D:0000 DB:7F P:84 V:148 H:120
C08FB1 $9E $34 $AE     STZ $AE34,X [7FAE38] = $0000    A:0000 X:0004 Y:0000 S:036C D:0000 DB:7F P:84 V:148 H:124
C08FB4 $E8             INX                             A:0000 X:0004 Y:0000 S:036C D:0000 DB:7F P:84 V:148 H:144
C08FB5 $E8             INX                             A:0000 X:0005 Y:0000 S:036C D:0000 DB:7F P:04 V:148 H:147
C08FB6 $E0 $22 $00     CPX #$0022                      A:0000 X:0006 Y:0000 S:036C D:0000 DB:7F P:04 V:148 H:150
C08FB9 $90 $F6         BCC $C08FB1                     A:0000 X:0006 Y:0000 S:036C D:0000 DB:7F P:84 V:148 H:155
C08FB1 $9E $34 $AE     STZ $AE34,X [7FAE3A] = $0000    A:0000 X:0006 Y:0000 S:036C D:0000 DB:7F P:84 V:148 H:159
C08FB4 $E8             INX                             A:0000 X:0006 Y:0000 S:036C D:0000 DB:7F P:84 V:148 H:169
C08FB5 $E8             INX                             A:0000 X:0007 Y:0000 S:036C D:0000 DB:7F P:04 V:148 H:172
C08FB6 $E0 $22 $00     CPX #$0022                      A:0000 X:0008 Y:0000 S:036C D:0000 DB:7F P:04 V:148 H:175
C08FB9 $90 $F6         BCC $C08FB1                     A:0000 X:0008 Y:0000 S:036C D:0000 DB:7F P:84 V:148 H:180
C08FB1 $9E $34 $AE     STZ $AE34,X [7FAE3C] = $0000    A:0000 X:0008 Y:0000 S:036C D:0000 DB:7F P:84 V:148 H:184
C08FB4 $E8             INX                             A:0000 X:0008 Y:0000 S:036C D:0000 DB:7F P:84 V:148 H:194
C08FB5 $E8             INX                             A:0000 X:0009 Y:0000 S:036C D:0000 DB:7F P:04 V:148 H:197
C08FB6 $E0 $22 $00     CPX #$0022                      A:0000 X:000A Y:0000 S:036C D:0000 DB:7F P:04 V:148 H:200
C08FB9 $90 $F6         BCC $C08FB1                     A:0000 X:000A Y:0000 S:036C D:0000 DB:7F P:84 V:148 H:205
C08FB1 $9E $34 $AE     STZ $AE34,X [7FAE3E] = $0000    A:0000 X:000A Y:0000 S:036C D:0000 DB:7F P:84 V:148 H:209
C08FB4 $E8             INX                             A:0000 X:000A Y:0000 S:036C D:0000 DB:7F P:84 V:148 H:219
C08FB5 $E8             INX                             A:0000 X:000B Y:0000 S:036C D:0000 DB:7F P:04 V:148 H:222
C08FB6 $E0 $22 $00     CPX #$0022                      A:0000 X:000C Y:0000 S:036C D:0000 DB:7F P:04 V:148 H:225
C08FB9 $90 $F6         BCC $C08FB1                     A:0000 X:000C Y:0000 S:036C D:0000 DB:7F P:84 V:148 H:230
C08FB1 $9E $34 $AE     STZ $AE34,X [7FAE40] = $0000    A:0000 X:000C Y:0000 S:036C D:0000 DB:7F P:84 V:148 H:234
C08FB4 $E8             INX                             A:0000 X:000C Y:0000 S:036C D:0000 DB:7F P:84 V:148 H:244
C08FB5 $E8             INX                             A:0000 X:000D Y:0000 S:036C D:0000 DB:7F P:04 V:148 H:247
C08FB6 $E0 $22 $00     CPX #$0022                      A:0000 X:000E Y:0000 S:036C D:0000 DB:7F P:04 V:148 H:250
C08FB9 $90 $F6         BCC $C08FB1                     A:0000 X:000E Y:0000 S:036C D:0000 DB:7F P:84 V:148 H:255
C08FB1 $9E $34 $AE     STZ $AE34,X [7FAE42] = $0000    A:0000 X:000E Y:0000 S:036C D:0000 DB:7F P:84 V:148 H:259
C08FB4 $E8             INX                             A:0000 X:000E Y:0000 S:036C D:0000 DB:7F P:84 V:148 H:269
C08FB5 $E8             INX                             A:0000 X:000F Y:0000 S:036C D:0000 DB:7F P:04 V:148 H:272
C08FB6 $E0 $22 $00     CPX #$0022                      A:0000 X:0010 Y:0000 S:036C D:0000 DB:7F P:04 V:148 H:275
C08FB9 $90 $F6         BCC $C08FB1                     A:0000 X:0010 Y:0000 S:036C D:0000 DB:7F P:84 V:148 H:296
C08FB1 $9E $34 $AE     STZ $AE34,X [7FAE44] = $0000    A:0000 X:0010 Y:0000 S:036C D:0000 DB:7F P:84 V:148 H:301
C08FB4 $E8             INX                             A:0000 X:0010 Y:0000 S:036C D:0000 DB:7F P:84 V:148 H:311
C08FB5 $E8             INX                             A:0000 X:0011 Y:0000 S:036C D:0000 DB:7F P:04 V:148 H:314
C08FB6 $E0 $22 $00     CPX #$0022                      A:0000 X:0012 Y:0000 S:036C D:0000 DB:7F P:04 V:148 H:317
C08FB9 $90 $F6         BCC $C08FB1                     A:0000 X:0012 Y:0000 S:036C D:0000 DB:7F P:84 V:148 H:321
C08FB1 $9E $34 $AE     STZ $AE34,X [7FAE46] = $0000    A:0000 X:0012 Y:0000 S:036C D:0000 DB:7F P:84 V:148 H:325
C08FB4 $E8             INX                             A:0000 X:0012 Y:0000 S:036C D:0000 DB:7F P:84 V:148 H:335
C08FB5 $E8             INX                             A:0000 X:0013 Y:0000 S:036C D:0000 DB:7F P:04 V:148 H:338
C08FB6 $E0 $22 $00     CPX #$0022                      A:0000 X:0014 Y:0000 S:036C D:0000 DB:7F P:04 V:149 H:1  
C08FB9 $90 $F6         BCC $C08FB1                     A:0000 X:0014 Y:0000 S:036C D:0000 DB:7F P:84 V:149 H:5  
C08FB1 $9E $34 $AE     STZ $AE34,X [7FAE48] = $0000    A:0000 X:0014 Y:0000 S:036C D:0000 DB:7F P:84 V:149 H:10 
C08FB4 $E8             INX                             A:0000 X:0014 Y:0000 S:036C D:0000 DB:7F P:84 V:149 H:20 
C08FB5 $E8             INX                             A:0000 X:0015 Y:0000 S:036C D:0000 DB:7F P:04 V:149 H:23 
C08FB6 $E0 $22 $00     CPX #$0022                      A:0000 X:0016 Y:0000 S:036C D:0000 DB:7F P:04 V:149 H:26 
C08FB9 $90 $F6         BCC $C08FB1                     A:0000 X:0016 Y:0000 S:036C D:0000 DB:7F P:84 V:149 H:30 
C08FB1 $9E $34 $AE     STZ $AE34,X [7FAE4A] = $0000    A:0000 X:0016 Y:0000 S:036C D:0000 DB:7F P:84 V:149 H:35 
C08FB4 $E8             INX                             A:0000 X:0016 Y:0000 S:036C D:0000 DB:7F P:84 V:149 H:45 
C08FB5 $E8             INX                             A:0000 X:0017 Y:0000 S:036C D:0000 DB:7F P:04 V:149 H:48 
C08FB6 $E0 $22 $00     CPX #$0022                      A:0000 X:0018 Y:0000 S:036C D:0000 DB:7F P:04 V:149 H:51 
C08FB9 $90 $F6         BCC $C08FB1                     A:0000 X:0018 Y:0000 S:036C D:0000 DB:7F P:84 V:149 H:55 
C08FB1 $9E $34 $AE     STZ $AE34,X [7FAE4C] = $0000    A:0000 X:0018 Y:0000 S:036C D:0000 DB:7F P:84 V:149 H:60 
C08FB4 $E8             INX                             A:0000 X:0018 Y:0000 S:036C D:0000 DB:7F P:84 V:149 H:70 
C08FB5 $E8             INX                             A:0000 X:0019 Y:0000 S:036C D:0000 DB:7F P:04 V:149 H:73 
C08FB6 $E0 $22 $00     CPX #$0022                      A:0000 X:001A Y:0000 S:036C D:0000 DB:7F P:04 V:149 H:76 
C08FB9 $90 $F6         BCC $C08FB1                     A:0000 X:001A Y:0000 S:036C D:0000 DB:7F P:84 V:149 H:80 
C08FB1 $9E $34 $AE     STZ $AE34,X [7FAE4E] = $0000    A:0000 X:001A Y:0000 S:036C D:0000 DB:7F P:84 V:149 H:85 
C08FB4 $E8             INX                             A:0000 X:001A Y:0000 S:036C D:0000 DB:7F P:84 V:149 H:95 
C08FB5 $E8             INX                             A:0000 X:001B Y:0000 S:036C D:0000 DB:7F P:04 V:149 H:98 
C08FB6 $E0 $22 $00     CPX #$0022                      A:0000 X:001C Y:0000 S:036C D:0000 DB:7F P:04 V:149 H:101
C08FB9 $90 $F6         BCC $C08FB1                     A:0000 X:001C Y:0000 S:036C D:0000 DB:7F P:84 V:149 H:105
C08FB1 $9E $34 $AE     STZ $AE34,X [7FAE50] = $0000    A:0000 X:001C Y:0000 S:036C D:0000 DB:7F P:84 V:149 H:110
C08FB4 $E8             INX                             A:0000 X:001C Y:0000 S:036C D:0000 DB:7F P:84 V:149 H:120
C08FB5 $E8             INX                             A:0000 X:001D Y:0000 S:036C D:0000 DB:7F P:04 V:149 H:123
C08FB6 $E0 $22 $00     CPX #$0022                      A:0000 X:001E Y:0000 S:036C D:0000 DB:7F P:04 V:149 H:126
C08FB9 $90 $F6         BCC $C08FB1                     A:0000 X:001E Y:0000 S:036C D:0000 DB:7F P:84 V:149 H:130
C08FB1 $9E $34 $AE     STZ $AE34,X [7FAE52] = $0000    A:0000 X:001E Y:0000 S:036C D:0000 DB:7F P:84 V:149 H:145
C08FB4 $E8             INX                             A:0000 X:001E Y:0000 S:036C D:0000 DB:7F P:84 V:149 H:155
C08FB5 $E8             INX                             A:0000 X:001F Y:0000 S:036C D:0000 DB:7F P:04 V:149 H:158
C08FB6 $E0 $22 $00     CPX #$0022                      A:0000 X:0020 Y:0000 S:036C D:0000 DB:7F P:04 V:149 H:161
C08FB9 $90 $F6         BCC $C08FB1                     A:0000 X:0020 Y:0000 S:036C D:0000 DB:7F P:84 V:149 H:165
C08FB1 $9E $34 $AE     STZ $AE34,X [7FAE54] = $0000    A:0000 X:0020 Y:0000 S:036C D:0000 DB:7F P:84 V:149 H:170
C08FB4 $E8             INX                             A:0000 X:0020 Y:0000 S:036C D:0000 DB:7F P:84 V:149 H:180
C08FB5 $E8             INX                             A:0000 X:0021 Y:0000 S:036C D:0000 DB:7F P:04 V:149 H:183
C08FB6 $E0 $22 $00     CPX #$0022                      A:0000 X:0022 Y:0000 S:036C D:0000 DB:7F P:04 V:149 H:186
C08FB9 $90 $F6         BCC $C08FB1                     A:0000 X:0022 Y:0000 S:036C D:0000 DB:7F P:07 V:149 H:190
C08FBB $A9 $00 $00     LDA #$0000                      A:0000 X:0022 Y:0000 S:036C D:0000 DB:7F P:07 V:149 H:193
C08FBE $8D $56 $AE     STA $AE56 [7FAE56] = $7FB6      A:0000 X:0022 Y:0000 S:036C D:0000 DB:7F P:07 V:149 H:198
C08FC1 $18             CLC                             A:0000 X:0022 Y:0000 S:036C D:0000 DB:7F P:07 V:149 H:206
C08FC2 $69 $D4 $AD     ADC #$ADD4                      A:0000 X:0022 Y:0000 S:036C D:0000 DB:7F P:06 V:149 H:209
C08FC5 $3A             DEC                             A:ADD4 X:0022 Y:0000 S:036C D:0000 DB:7F P:84 V:149 H:214
C08FC6 $8D $78 $AE     STA $AE78 [7FAE78] = $ADD3      A:ADD3 X:0022 Y:0000 S:036C D:0000 DB:7F P:84 V:149 H:217
C08FC9 $A9 $00 $80     LDA #$8000                      A:ADD3 X:0022 Y:0000 S:036C D:0000 DB:7F P:84 V:149 H:225
C08FCC $8D $34 $AE     STA $AE34 [7FAE34] = $0000      A:8000 X:0022 Y:0000 S:036C D:0000 DB:7F P:84 V:149 H:230
C08FCF $AB             PLB                             A:8000 X:0022 Y:0000 S:036C D:0000 DB:7F P:84 V:149 H:238
C08FD0 $C2 $30         REP #$30                        A:8000 X:0022 Y:0000 S:036D D:0000 DB:7E P:04 V:149 H:245
C08FD2 $7A             PLY                             A:8000 X:0022 Y:0000 S:036D D:0000 DB:7E P:04 V:149 H:249
C08FD3 $FA             PLX                             A:8000 X:0022 Y:0000 S:036F D:0000 DB:7E P:06 V:149 H:258
C08FD4 $68             PLA                             A:8000 X:0008 Y:0000 S:0371 D:0000 DB:7E P:04 V:149 H:266
C08FD5 $28             PLP                             A:0000 X:0008 Y:0000 S:0373 D:0000 DB:7E P:06 V:149 H:275
C08FD6 $6B             RTL                             A:0000 X:0008 Y:0000 S:0374 D:0000 DB:7E P:07 V:149 H:298
C60A03 $22 $E1 $5B $C0 JSL $C05BE1                     A:0000 X:0008 Y:0000 S:0377 D:0000 DB:7E P:07 V:149 H:308
C05BE1 $08             PHP                             A:0000 X:0008 Y:0000 S:0374 D:0000 DB:7E P:07 V:149 H:322
C05BE2 $C2 $30         REP #$30                        A:0000 X:0008 Y:0000 S:0373 D:0000 DB:7E P:07 V:149 H:326
C05BE4 $48             PHA                             A:0000 X:0008 Y:0000 S:0373 D:0000 DB:7E P:07 V:149 H:330
C05BE5 $DA             PHX                             A:0000 X:0008 Y:0000 S:0371 D:0000 DB:7E P:07 V:149 H:337
C05BE6 $5A             PHY                             A:0000 X:0008 Y:0000 S:036F D:0000 DB:7E P:07 V:150 H:4  
C05BE7 $8B             PHB                             A:0000 X:0008 Y:0000 S:036D D:0000 DB:7E P:07 V:150 H:11 
C05BE8 $F4 $7F $7F     PEA #$7F7F                      A:0000 X:0008 Y:0000 S:036C D:0000 DB:7E P:07 V:150 H:16 
C05BEB $AB             PLB                             A:0000 X:0008 Y:0000 S:036A D:0000 DB:7E P:07 V:150 H:25 
C05BEC $AB             PLB                             A:0000 X:0008 Y:0000 S:036B D:0000 DB:7F P:05 V:150 H:31 
C05BED $A2 $00 $00     LDX #$0000                      A:0000 X:0008 Y:0000 S:036C D:0000 DB:7F P:05 V:150 H:38 
C05BF0 $9E $AC $AE     STZ $AEAC,X [7FAEAC] = $0001    A:0000 X:0000 Y:0000 S:036C D:0000 DB:7F P:07 V:150 H:42 
C05BF3 $E8             INX                             A:0000 X:0000 Y:0000 S:036C D:0000 DB:7F P:07 V:150 H:52 
C05BF4 $E8             INX                             A:0000 X:0001 Y:0000 S:036C D:0000 DB:7F P:05 V:150 H:55 
C05BF5 $E0 $08 $00     CPX #$0008                      A:0000 X:0002 Y:0000 S:036C D:0000 DB:7F P:05 V:150 H:58 
C05BF8 $90 $F6         BCC $C05BF0                     A:0000 X:0002 Y:0000 S:036C D:0000 DB:7F P:84 V:150 H:63 
C05BF0 $9E $AC $AE     STZ $AEAC,X [7FAEAE] = $0000    A:0000 X:0002 Y:0000 S:036C D:0000 DB:7F P:84 V:150 H:67 
C05BF3 $E8             INX                             A:0000 X:0002 Y:0000 S:036C D:0000 DB:7F P:84 V:150 H:77 
C05BF4 $E8             INX                             A:0000 X:0003 Y:0000 S:036C D:0000 DB:7F P:04 V:150 H:80 
C05BF5 $E0 $08 $00     CPX #$0008                      A:0000 X:0004 Y:0000 S:036C D:0000 DB:7F P:04 V:150 H:83 
C05BF8 $90 $F6         BCC $C05BF0                     A:0000 X:0004 Y:0000 S:036C D:0000 DB:7F P:84 V:150 H:88 
C05BF0 $9E $AC $AE     STZ $AEAC,X [7FAEB0] = $0000    A:0000 X:0004 Y:0000 S:036C D:0000 DB:7F P:84 V:150 H:92 
C05BF3 $E8             INX                             A:0000 X:0004 Y:0000 S:036C D:0000 DB:7F P:84 V:150 H:102
C05BF4 $E8             INX                             A:0000 X:0005 Y:0000 S:036C D:0000 DB:7F P:04 V:150 H:105
C05BF5 $E0 $08 $00     CPX #$0008                      A:0000 X:0006 Y:0000 S:036C D:0000 DB:7F P:04 V:150 H:108
C05BF8 $90 $F6         BCC $C05BF0                     A:0000 X:0006 Y:0000 S:036C D:0000 DB:7F P:84 V:150 H:113
C05BF0 $9E $AC $AE     STZ $AEAC,X [7FAEB2] = $0000    A:0000 X:0006 Y:0000 S:036C D:0000 DB:7F P:84 V:150 H:117
C05BF3 $E8             INX                             A:0000 X:0006 Y:0000 S:036C D:0000 DB:7F P:84 V:150 H:127
C05BF4 $E8             INX                             A:0000 X:0007 Y:0000 S:036C D:0000 DB:7F P:04 V:150 H:130
C05BF5 $E0 $08 $00     CPX #$0008                      A:0000 X:0008 Y:0000 S:036C D:0000 DB:7F P:04 V:150 H:133
C05BF8 $90 $F6         BCC $C05BF0                     A:0000 X:0008 Y:0000 S:036C D:0000 DB:7F P:07 V:150 H:148
C05BFA $A2 $00 $00     LDX #$0000                      A:0000 X:0008 Y:0000 S:036C D:0000 DB:7F P:07 V:150 H:151
C05BFD $9E $CC $AE     STZ $AECC,X [7FAECC] = $8000    A:0000 X:0000 Y:0000 S:036C D:0000 DB:7F P:07 V:150 H:155
C05C00 $E8             INX                             A:0000 X:0000 Y:0000 S:036C D:0000 DB:7F P:07 V:150 H:165
C05C01 $E8             INX                             A:0000 X:0001 Y:0000 S:036C D:0000 DB:7F P:05 V:150 H:168
C05C02 $E0 $0A $00     CPX #$000A                      A:0000 X:0002 Y:0000 S:036C D:0000 DB:7F P:05 V:150 H:171
C05C05 $90 $F6         BCC $C05BFD                     A:0000 X:0002 Y:0000 S:036C D:0000 DB:7F P:84 V:150 H:176
C05BFD $9E $CC $AE     STZ $AECC,X [7FAECE] = $0000    A:0000 X:0002 Y:0000 S:036C D:0000 DB:7F P:84 V:150 H:180
C05C00 $E8             INX                             A:0000 X:0002 Y:0000 S:036C D:0000 DB:7F P:84 V:150 H:190
C05C01 $E8             INX                             A:0000 X:0003 Y:0000 S:036C D:0000 DB:7F P:04 V:150 H:193
C05C02 $E0 $0A $00     CPX #$000A                      A:0000 X:0004 Y:0000 S:036C D:0000 DB:7F P:04 V:150 H:196
C05C05 $90 $F6         BCC $C05BFD                     A:0000 X:0004 Y:0000 S:036C D:0000 DB:7F P:84 V:150 H:201
C05BFD $9E $CC $AE     STZ $AECC,X [7FAED0] = $0000    A:0000 X:0004 Y:0000 S:036C D:0000 DB:7F P:84 V:150 H:205
C05C00 $E8             INX                             A:0000 X:0004 Y:0000 S:036C D:0000 DB:7F P:84 V:150 H:215
C05C01 $E8             INX                             A:0000 X:0005 Y:0000 S:036C D:0000 DB:7F P:04 V:150 H:218
C05C02 $E0 $0A $00     CPX #$000A                      A:0000 X:0006 Y:0000 S:036C D:0000 DB:7F P:04 V:150 H:221
C05C05 $90 $F6         BCC $C05BFD                     A:0000 X:0006 Y:0000 S:036C D:0000 DB:7F P:84 V:150 H:226
C05BFD $9E $CC $AE     STZ $AECC,X [7FAED2] = $0000    A:0000 X:0006 Y:0000 S:036C D:0000 DB:7F P:84 V:150 H:230
C05C00 $E8             INX                             A:0000 X:0006 Y:0000 S:036C D:0000 DB:7F P:84 V:150 H:240
C05C01 $E8             INX                             A:0000 X:0007 Y:0000 S:036C D:0000 DB:7F P:04 V:150 H:243
C05C02 $E0 $0A $00     CPX #$000A                      A:0000 X:0008 Y:0000 S:036C D:0000 DB:7F P:04 V:150 H:246
C05C05 $90 $F6         BCC $C05BFD                     A:0000 X:0008 Y:0000 S:036C D:0000 DB:7F P:84 V:150 H:251
C05BFD $9E $CC $AE     STZ $AECC,X [7FAED4] = $0000    A:0000 X:0008 Y:0000 S:036C D:0000 DB:7F P:84 V:150 H:255
C05C00 $E8             INX                             A:0000 X:0008 Y:0000 S:036C D:0000 DB:7F P:84 V:150 H:265
C05C01 $E8             INX                             A:0000 X:0009 Y:0000 S:036C D:0000 DB:7F P:04 V:150 H:268
C05C02 $E0 $0A $00     CPX #$000A                      A:0000 X:000A Y:0000 S:036C D:0000 DB:7F P:04 V:150 H:271
C05C05 $90 $F6         BCC $C05BFD                     A:0000 X:000A Y:0000 S:036C D:0000 DB:7F P:07 V:150 H:276
C05C07 $9C $D6 $AE     STZ $AED6 [7FAED6] = $0075      A:0000 X:000A Y:0000 S:036C D:0000 DB:7F P:07 V:150 H:295
C05C0A $A9 $00 $02     LDA #$0200                      A:0000 X:000A Y:0000 S:036C D:0000 DB:7F P:07 V:150 H:304
C05C0D $4A             LSR                             A:0200 X:000A Y:0000 S:036C D:0000 DB:7F P:05 V:150 H:308
C05C0E $3A             DEC                             A:0100 X:000A Y:0000 S:036C D:0000 DB:7F P:04 V:150 H:311
C05C0F $8D $E0 $AE     STA $AEE0 [7FAEE0] = $00FF      A:00FF X:000A Y:0000 S:036C D:0000 DB:7F P:04 V:150 H:314
C05C12 $A9 $00 $80     LDA #$8000                      A:00FF X:000A Y:0000 S:036C D:0000 DB:7F P:04 V:150 H:323
C05C15 $8D $CC $AE     STA $AECC [7FAECC] = $0000      A:8000 X:000A Y:0000 S:036C D:0000 DB:7F P:84 V:150 H:327
C05C18 $22 $7E $62 $C0 JSL $C0627E                     A:8000 X:000A Y:0000 S:036C D:0000 DB:7F P:84 V:150 H:335
C0627E $08             PHP                             A:8000 X:000A Y:0000 S:0369 D:0000 DB:7F P:84 V:151 H:8  
C0627F $C2 $30         REP #$30                        A:8000 X:000A Y:0000 S:0368 D:0000 DB:7F P:84 V:151 H:13 
C06281 $48             PHA                             A:8000 X:000A Y:0000 S:0368 D:0000 DB:7F P:84 V:151 H:18 
C06282 $DA             PHX                             A:8000 X:000A Y:0000 S:0366 D:0000 DB:7F P:84 V:151 H:25 
C06283 $5A             PHY                             A:8000 X:000A Y:0000 S:0364 D:0000 DB:7F P:84 V:151 H:32 
C06284 $8B             PHB                             A:8000 X:000A Y:0000 S:0362 D:0000 DB:7F P:84 V:151 H:39 
C06285 $F4 $7F $7F     PEA #$7F7F                      A:8000 X:000A Y:0000 S:0361 D:0000 DB:7F P:84 V:151 H:44 
C06288 $AB             PLB                             A:8000 X:000A Y:0000 S:035F D:0000 DB:7F P:84 V:151 H:52 
C06289 $AB             PLB                             A:8000 X:000A Y:0000 S:0360 D:0000 DB:7F P:04 V:151 H:59 
C0628A $A9 $D0 $00     LDA #$00D0                      A:8000 X:000A Y:0000 S:0361 D:0000 DB:7F P:04 V:151 H:65 
C0628D $8D $4C $B7     STA $B74C [7FB74C] = $0020      A:00D0 X:000A Y:0000 S:0361 D:0000 DB:7F P:04 V:151 H:70 
C06290 $A9 $D0 $00     LDA #$00D0                      A:00D0 X:000A Y:0000 S:0361 D:0000 DB:7F P:04 V:151 H:78 
C06293 $8D $4E $B7     STA $B74E [7FB74E] = $0032      A:00D0 X:000A Y:0000 S:0361 D:0000 DB:7F P:04 V:151 H:83 
C06296 $AB             PLB                             A:00D0 X:000A Y:0000 S:0361 D:0000 DB:7F P:04 V:151 H:91 
C06297 $C2 $30         REP #$30                        A:00D0 X:000A Y:0000 S:0362 D:0000 DB:7F P:04 V:151 H:98 
C06299 $7A             PLY                             A:00D0 X:000A Y:0000 S:0362 D:0000 DB:7F P:04 V:151 H:102
C0629A $FA             PLX                             A:00D0 X:000A Y:0000 S:0364 D:0000 DB:7F P:06 V:151 H:111
C0629B $68             PLA                             A:00D0 X:000A Y:0000 S:0366 D:0000 DB:7F P:04 V:151 H:119
C0629C $28             PLP                             A:8000 X:000A Y:0000 S:0368 D:0000 DB:7F P:84 V:151 H:128
C0629D $6B             RTL                             A:8000 X:000A Y:0000 S:0369 D:0000 DB:7F P:84 V:151 H:144
C05C1C $AB             PLB                             A:8000 X:000A Y:0000 S:036C D:0000 DB:7F P:84 V:151 H:155
C05C1D $C2 $30         REP #$30                        A:8000 X:000A Y:0000 S:036D D:0000 DB:7E P:04 V:151 H:161
C05C1F $7A             PLY                             A:8000 X:000A Y:0000 S:036D D:0000 DB:7E P:04 V:151 H:166
C05C20 $FA             PLX                             A:8000 X:000A Y:0000 S:036F D:0000 DB:7E P:06 V:151 H:174
C05C21 $68             PLA                             A:8000 X:0008 Y:0000 S:0371 D:0000 DB:7E P:04 V:151 H:183
C05C22 $28             PLP                             A:0000 X:0008 Y:0000 S:0373 D:0000 DB:7E P:06 V:151 H:191
C05C23 $6B             RTL                             A:0000 X:0008 Y:0000 S:0374 D:0000 DB:7E P:07 V:151 H:198
C60A07 $22 $24 $5C $C0 JSL $C05C24                     A:0000 X:0008 Y:0000 S:0377 D:0000 DB:7E P:07 V:151 H:208
C05C24 $08             PHP                             A:0000 X:0008 Y:0000 S:0374 D:0000 DB:7E P:07 V:151 H:222
C05C25 $C2 $30         REP #$30                        A:0000 X:0008 Y:0000 S:0373 D:0000 DB:7E P:07 V:151 H:227
C05C27 $48             PHA                             A:0000 X:0008 Y:0000 S:0373 D:0000 DB:7E P:07 V:151 H:231
C05C28 $DA             PHX                             A:0000 X:0008 Y:0000 S:0371 D:0000 DB:7E P:07 V:151 H:238
C05C29 $5A             PHY                             A:0000 X:0008 Y:0000 S:036F D:0000 DB:7E P:07 V:151 H:245
C05C2A $8B             PHB                             A:0000 X:0008 Y:0000 S:036D D:0000 DB:7E P:07 V:151 H:252
C05C2B $F4 $7F $7F     PEA #$7F7F                      A:0000 X:0008 Y:0000 S:036C D:0000 DB:7E P:07 V:151 H:257
C05C2E $AB             PLB                             A:0000 X:0008 Y:0000 S:036A D:0000 DB:7E P:07 V:151 H:266
C05C2F $AB             PLB                             A:0000 X:0008 Y:0000 S:036B D:0000 DB:7F P:05 V:151 H:272
C05C30 $A2 $00 $00     LDX #$0000                      A:0000 X:0008 Y:0000 S:036C D:0000 DB:7F P:05 V:151 H:319
C05C33 $9E $F2 $B0     STZ $B0F2,X [7FB0F2] = $0002    A:0000 X:0000 Y:0000 S:036C D:0000 DB:7F P:07 V:151 H:323
C05C36 $E8             INX                             A:0000 X:0000 Y:0000 S:036C D:0000 DB:7F P:07 V:151 H:332
C05C37 $E8             INX                             A:0000 X:0001 Y:0000 S:036C D:0000 DB:7F P:05 V:151 H:335
C05C38 $E0 $0C $00     CPX #$000C                      A:0000 X:0002 Y:0000 S:036C D:0000 DB:7F P:05 V:151 H:338
C05C3B $90 $F6         BCC $C05C33                     A:0000 X:0002 Y:0000 S:036C D:0000 DB:7F P:84 V:152 H:3  
C05C33 $9E $F2 $B0     STZ $B0F2,X [7FB0F4] = $0002    A:0000 X:0002 Y:0000 S:036C D:0000 DB:7F P:84 V:152 H:7  
C05C36 $E8             INX                             A:0000 X:0002 Y:0000 S:036C D:0000 DB:7F P:84 V:152 H:17 
C05C37 $E8             INX                             A:0000 X:0003 Y:0000 S:036C D:0000 DB:7F P:04 V:152 H:20 
C05C38 $E0 $0C $00     CPX #$000C                      A:0000 X:0004 Y:0000 S:036C D:0000 DB:7F P:04 V:152 H:23 
C05C3B $90 $F6         BCC $C05C33                     A:0000 X:0004 Y:0000 S:036C D:0000 DB:7F P:84 V:152 H:28 
C05C33 $9E $F2 $B0     STZ $B0F2,X [7FB0F6] = $0000    A:0000 X:0004 Y:0000 S:036C D:0000 DB:7F P:84 V:152 H:32 
C05C36 $E8             INX                             A:0000 X:0004 Y:0000 S:036C D:0000 DB:7F P:84 V:152 H:42 
C05C37 $E8             INX                             A:0000 X:0005 Y:0000 S:036C D:0000 DB:7F P:04 V:152 H:45 
C05C38 $E0 $0C $00     CPX #$000C                      A:0000 X:0006 Y:0000 S:036C D:0000 DB:7F P:04 V:152 H:48 
C05C3B $90 $F6         BCC $C05C33                     A:0000 X:0006 Y:0000 S:036C D:0000 DB:7F P:84 V:152 H:53 
C05C33 $9E $F2 $B0     STZ $B0F2,X [7FB0F8] = $0000    A:0000 X:0006 Y:0000 S:036C D:0000 DB:7F P:84 V:152 H:57 
C05C36 $E8             INX                             A:0000 X:0006 Y:0000 S:036C D:0000 DB:7F P:84 V:152 H:67 
C05C37 $E8             INX                             A:0000 X:0007 Y:0000 S:036C D:0000 DB:7F P:04 V:152 H:70 
C05C38 $E0 $0C $00     CPX #$000C                      A:0000 X:0008 Y:0000 S:036C D:0000 DB:7F P:04 V:152 H:73 
C05C3B $90 $F6         BCC $C05C33                     A:0000 X:0008 Y:0000 S:036C D:0000 DB:7F P:84 V:152 H:78 
C05C33 $9E $F2 $B0     STZ $B0F2,X [7FB0FA] = $0000    A:0000 X:0008 Y:0000 S:036C D:0000 DB:7F P:84 V:152 H:82 
C05C36 $E8             INX                             A:0000 X:0008 Y:0000 S:036C D:0000 DB:7F P:84 V:152 H:92 
C05C37 $E8             INX                             A:0000 X:0009 Y:0000 S:036C D:0000 DB:7F P:04 V:152 H:95 
C05C38 $E0 $0C $00     CPX #$000C                      A:0000 X:000A Y:0000 S:036C D:0000 DB:7F P:04 V:152 H:98 
C05C3B $90 $F6         BCC $C05C33                     A:0000 X:000A Y:0000 S:036C D:0000 DB:7F P:84 V:152 H:103
C05C33 $9E $F2 $B0     STZ $B0F2,X [7FB0FC] = $0000    A:0000 X:000A Y:0000 S:036C D:0000 DB:7F P:84 V:152 H:107
C05C36 $E8             INX                             A:0000 X:000A Y:0000 S:036C D:0000 DB:7F P:84 V:152 H:117
C05C37 $E8             INX                             A:0000 X:000B Y:0000 S:036C D:0000 DB:7F P:04 V:152 H:120
C05C38 $E0 $0C $00     CPX #$000C                      A:0000 X:000C Y:0000 S:036C D:0000 DB:7F P:04 V:152 H:123
C05C3B $90 $F6         BCC $C05C33                     A:0000 X:000C Y:0000 S:036C D:0000 DB:7F P:07 V:152 H:128
C05C3D $A2 $00 $00     LDX #$0000                      A:0000 X:000C Y:0000 S:036C D:0000 DB:7F P:07 V:152 H:131
C05C40 $9E $22 $B1     STZ $B122,X [7FB122] = $8000    A:0000 X:0000 Y:0000 S:036C D:0000 DB:7F P:07 V:152 H:145
C05C43 $E8             INX                             A:0000 X:0000 Y:0000 S:036C D:0000 DB:7F P:07 V:152 H:155
C05C44 $E8             INX                             A:0000 X:0001 Y:0000 S:036C D:0000 DB:7F P:05 V:152 H:158
C05C45 $E0 $0E $00     CPX #$000E                      A:0000 X:0002 Y:0000 S:036C D:0000 DB:7F P:05 V:152 H:161
C05C48 $90 $F6         BCC $C05C40                     A:0000 X:0002 Y:0000 S:036C D:0000 DB:7F P:84 V:152 H:166
C05C40 $9E $22 $B1     STZ $B122,X [7FB124] = $0000    A:0000 X:0002 Y:0000 S:036C D:0000 DB:7F P:84 V:152 H:170
C05C43 $E8             INX                             A:0000 X:0002 Y:0000 S:036C D:0000 DB:7F P:84 V:152 H:180
C05C44 $E8             INX                             A:0000 X:0003 Y:0000 S:036C D:0000 DB:7F P:04 V:152 H:183
C05C45 $E0 $0E $00     CPX #$000E                      A:0000 X:0004 Y:0000 S:036C D:0000 DB:7F P:04 V:152 H:186
C05C48 $90 $F6         BCC $C05C40                     A:0000 X:0004 Y:0000 S:036C D:0000 DB:7F P:84 V:152 H:191
C05C40 $9E $22 $B1     STZ $B122,X [7FB126] = $0000    A:0000 X:0004 Y:0000 S:036C D:0000 DB:7F P:84 V:152 H:195
C05C43 $E8             INX                             A:0000 X:0004 Y:0000 S:036C D:0000 DB:7F P:84 V:152 H:205
C05C44 $E8             INX                             A:0000 X:0005 Y:0000 S:036C D:0000 DB:7F P:04 V:152 H:208
C05C45 $E0 $0E $00     CPX #$000E                      A:0000 X:0006 Y:0000 S:036C D:0000 DB:7F P:04 V:152 H:211
C05C48 $90 $F6         BCC $C05C40                     A:0000 X:0006 Y:0000 S:036C D:0000 DB:7F P:84 V:152 H:216
C05C40 $9E $22 $B1     STZ $B122,X [7FB128] = $0000    A:0000 X:0006 Y:0000 S:036C D:0000 DB:7F P:84 V:152 H:220
C05C43 $E8             INX                             A:0000 X:0006 Y:0000 S:036C D:0000 DB:7F P:84 V:152 H:230
C05C44 $E8             INX                             A:0000 X:0007 Y:0000 S:036C D:0000 DB:7F P:04 V:152 H:233
C05C45 $E0 $0E $00     CPX #$000E                      A:0000 X:0008 Y:0000 S:036C D:0000 DB:7F P:04 V:152 H:236
C05C48 $90 $F6         BCC $C05C40                     A:0000 X:0008 Y:0000 S:036C D:0000 DB:7F P:84 V:152 H:241
C05C40 $9E $22 $B1     STZ $B122,X [7FB12A] = $0000    A:0000 X:0008 Y:0000 S:036C D:0000 DB:7F P:84 V:152 H:245
C05C43 $E8             INX                             A:0000 X:0008 Y:0000 S:036C D:0000 DB:7F P:84 V:152 H:255
C05C44 $E8             INX                             A:0000 X:0009 Y:0000 S:036C D:0000 DB:7F P:04 V:152 H:258
C05C45 $E0 $0E $00     CPX #$000E                      A:0000 X:000A Y:0000 S:036C D:0000 DB:7F P:04 V:152 H:261
C05C48 $90 $F6         BCC $C05C40                     A:0000 X:000A Y:0000 S:036C D:0000 DB:7F P:84 V:152 H:266
C05C40 $9E $22 $B1     STZ $B122,X [7FB12C] = $0000    A:0000 X:000A Y:0000 S:036C D:0000 DB:7F P:84 V:152 H:270
C05C43 $E8             INX                             A:0000 X:000A Y:0000 S:036C D:0000 DB:7F P:84 V:152 H:324
C05C44 $E8             INX                             A:0000 X:000B Y:0000 S:036C D:0000 DB:7F P:04 V:152 H:327
C05C45 $E0 $0E $00     CPX #$000E                      A:0000 X:000C Y:0000 S:036C D:0000 DB:7F P:04 V:152 H:329
C05C48 $90 $F6         BCC $C05C40                     A:0000 X:000C Y:0000 S:036C D:0000 DB:7F P:84 V:152 H:334
C05C40 $9E $22 $B1     STZ $B122,X [7FB12E] = $0000    A:0000 X:000C Y:0000 S:036C D:0000 DB:7F P:84 V:152 H:338
C05C43 $E8             INX                             A:0000 X:000C Y:0000 S:036C D:0000 DB:7F P:84 V:153 H:8  
C05C44 $E8             INX                             A:0000 X:000D Y:0000 S:036C D:0000 DB:7F P:04 V:153 H:11 
C05C45 $E0 $0E $00     CPX #$000E                      A:0000 X:000E Y:0000 S:036C D:0000 DB:7F P:04 V:153 H:14 
C05C48 $90 $F6         BCC $C05C40                     A:0000 X:000E Y:0000 S:036C D:0000 DB:7F P:07 V:153 H:19 
C05C4A $9C $30 $B1     STZ $B130 [7FB130] = $02D0      A:0000 X:000E Y:0000 S:036C D:0000 DB:7F P:07 V:153 H:22 
C05C4D $A9 $00 $06     LDA #$0600                      A:0000 X:000E Y:0000 S:036C D:0000 DB:7F P:07 V:153 H:30 
C05C50 $4A             LSR                             A:0600 X:000E Y:0000 S:036C D:0000 DB:7F P:05 V:153 H:35 
C05C51 $3A             DEC                             A:0300 X:000E Y:0000 S:036C D:0000 DB:7F P:04 V:153 H:38 
C05C52 $8D $3E $B1     STA $B13E [7FB13E] = $02FF      A:02FF X:000E Y:0000 S:036C D:0000 DB:7F P:04 V:153 H:41 
C05C55 $A9 $00 $80     LDA #$8000                      A:02FF X:000E Y:0000 S:036C D:0000 DB:7F P:04 V:153 H:49 
C05C58 $8D $22 $B1     STA $B122 [7FB122] = $0000      A:8000 X:000E Y:0000 S:036C D:0000 DB:7F P:84 V:153 H:54 
C05C5B $22 $7E $62 $C0 JSL $C0627E                     A:8000 X:000E Y:0000 S:036C D:0000 DB:7F P:84 V:153 H:62 
C0627E $08             PHP                             A:8000 X:000E Y:0000 S:0369 D:0000 DB:7F P:84 V:153 H:76 
C0627F $C2 $30         REP #$30                        A:8000 X:000E Y:0000 S:0368 D:0000 DB:7F P:84 V:153 H:81 
C06281 $48             PHA                             A:8000 X:000E Y:0000 S:0368 D:0000 DB:7F P:84 V:153 H:85 
C06282 $DA             PHX                             A:8000 X:000E Y:0000 S:0366 D:0000 DB:7F P:84 V:153 H:92 
C06283 $5A             PHY                             A:8000 X:000E Y:0000 S:0364 D:0000 DB:7F P:84 V:153 H:99 
C06284 $8B             PHB                             A:8000 X:000E Y:0000 S:0362 D:0000 DB:7F P:84 V:153 H:106
C06285 $F4 $7F $7F     PEA #$7F7F                      A:8000 X:000E Y:0000 S:0361 D:0000 DB:7F P:84 V:153 H:111
C06288 $AB             PLB                             A:8000 X:000E Y:0000 S:035F D:0000 DB:7F P:84 V:153 H:120
C06289 $AB             PLB                             A:8000 X:000E Y:0000 S:0360 D:0000 DB:7F P:04 V:153 H:126
C0628A $A9 $D0 $00     LDA #$00D0                      A:8000 X:000E Y:0000 S:0361 D:0000 DB:7F P:04 V:153 H:133
C0628D $8D $4C $B7     STA $B74C [7FB74C] = $00D0      A:00D0 X:000E Y:0000 S:0361 D:0000 DB:7F P:04 V:153 H:147
C06290 $A9 $D0 $00     LDA #$00D0                      A:00D0 X:000E Y:0000 S:0361 D:0000 DB:7F P:04 V:153 H:156
C06293 $8D $4E $B7     STA $B74E [7FB74E] = $00D0      A:00D0 X:000E Y:0000 S:0361 D:0000 DB:7F P:04 V:153 H:160
C06296 $AB             PLB                             A:00D0 X:000E Y:0000 S:0361 D:0000 DB:7F P:04 V:153 H:169
C06297 $C2 $30         REP #$30                        A:00D0 X:000E Y:0000 S:0362 D:0000 DB:7F P:04 V:153 H:175
C06299 $7A             PLY                             A:00D0 X:000E Y:0000 S:0362 D:0000 DB:7F P:04 V:153 H:180
C0629A $FA             PLX                             A:00D0 X:000E Y:0000 S:0364 D:0000 DB:7F P:06 V:153 H:188
C0629B $68             PLA                             A:00D0 X:000E Y:0000 S:0366 D:0000 DB:7F P:04 V:153 H:197
C0629C $28             PLP                             A:8000 X:000E Y:0000 S:0368 D:0000 DB:7F P:84 V:153 H:205
C0629D $6B             RTL                             A:8000 X:000E Y:0000 S:0369 D:0000 DB:7F P:84 V:153 H:212
C05C5F $AB             PLB                             A:8000 X:000E Y:0000 S:036C D:0000 DB:7F P:84 V:153 H:222
C05C60 $C2 $30         REP #$30                        A:8000 X:000E Y:0000 S:036D D:0000 DB:7E P:04 V:153 H:229
C05C62 $7A             PLY                             A:8000 X:000E Y:0000 S:036D D:0000 DB:7E P:04 V:153 H:233
C05C63 $FA             PLX                             A:8000 X:000E Y:0000 S:036F D:0000 DB:7E P:06 V:153 H:242
C05C64 $68             PLA                             A:8000 X:0008 Y:0000 S:0371 D:0000 DB:7E P:04 V:153 H:250
C05C65 $28             PLP                             A:0000 X:0008 Y:0000 S:0373 D:0000 DB:7E P:06 V:153 H:259
C05C66 $6B             RTL                             A:0000 X:0008 Y:0000 S:0374 D:0000 DB:7E P:07 V:153 H:265
C60A0B $22 $67 $5C $C0 JSL $C05C67                     A:0000 X:0008 Y:0000 S:0377 D:0000 DB:7E P:07 V:153 H:276
C05C67 $08             PHP                             A:0000 X:0008 Y:0000 S:0374 D:0000 DB:7E P:07 V:153 H:306
C05C68 $C2 $30         REP #$30                        A:0000 X:0008 Y:0000 S:0373 D:0000 DB:7E P:07 V:153 H:311
C05C6A $48             PHA                             A:0000 X:0008 Y:0000 S:0373 D:0000 DB:7E P:07 V:153 H:315
C05C6B $DA             PHX                             A:0000 X:0008 Y:0000 S:0371 D:0000 DB:7E P:07 V:153 H:322
C05C6C $5A             PHY                             A:0000 X:0008 Y:0000 S:036F D:0000 DB:7E P:07 V:153 H:328
C05C6D $8B             PHB                             A:0000 X:0008 Y:0000 S:036D D:0000 DB:7E P:07 V:153 H:335
C05C6E $F4 $7F $7F     PEA #$7F7F                      A:0000 X:0008 Y:0000 S:036C D:0000 DB:7E P:07 V:154 H:0  
C05C71 $AB             PLB                             A:0000 X:0008 Y:0000 S:036A D:0000 DB:7E P:07 V:154 H:9  
C05C72 $AB             PLB                             A:0000 X:0008 Y:0000 S:036B D:0000 DB:7F P:05 V:154 H:15 
C05C73 $A2 $00 $00     LDX #$0000                      A:0000 X:0008 Y:0000 S:036C D:0000 DB:7F P:05 V:154 H:22 
C05C76 $9E $AC $AE     STZ $AEAC,X [7FAEAC] = $0000    A:0000 X:0000 Y:0000 S:036C D:0000 DB:7F P:07 V:154 H:26 
C05C79 $E8             INX                             A:0000 X:0000 Y:0000 S:036C D:0000 DB:7F P:07 V:154 H:36 
C05C7A $E8             INX                             A:0000 X:0001 Y:0000 S:036C D:0000 DB:7F P:05 V:154 H:39 
C05C7B $E0 $08 $00     CPX #$0008                      A:0000 X:0002 Y:0000 S:036C D:0000 DB:7F P:05 V:154 H:42 
C05C7E $90 $F6         BCC $C05C76                     A:0000 X:0002 Y:0000 S:036C D:0000 DB:7F P:84 V:154 H:47 
C05C76 $9E $AC $AE     STZ $AEAC,X [7FAEAE] = $0000    A:0000 X:0002 Y:0000 S:036C D:0000 DB:7F P:84 V:154 H:51 
C05C79 $E8             INX                             A:0000 X:0002 Y:0000 S:036C D:0000 DB:7F P:84 V:154 H:61 
C05C7A $E8             INX                             A:0000 X:0003 Y:0000 S:036C D:0000 DB:7F P:04 V:154 H:64 
C05C7B $E0 $08 $00     CPX #$0008                      A:0000 X:0004 Y:0000 S:036C D:0000 DB:7F P:04 V:154 H:67 
C05C7E $90 $F6         BCC $C05C76                     A:0000 X:0004 Y:0000 S:036C D:0000 DB:7F P:84 V:154 H:72 
C05C76 $9E $AC $AE     STZ $AEAC,X [7FAEB0] = $0000    A:0000 X:0004 Y:0000 S:036C D:0000 DB:7F P:84 V:154 H:76 
C05C79 $E8             INX                             A:0000 X:0004 Y:0000 S:036C D:0000 DB:7F P:84 V:154 H:86 
C05C7A $E8             INX                             A:0000 X:0005 Y:0000 S:036C D:0000 DB:7F P:04 V:154 H:89 
C05C7B $E0 $08 $00     CPX #$0008                      A:0000 X:0006 Y:0000 S:036C D:0000 DB:7F P:04 V:154 H:92 
C05C7E $90 $F6         BCC $C05C76                     A:0000 X:0006 Y:0000 S:036C D:0000 DB:7F P:84 V:154 H:97 
C05C76 $9E $AC $AE     STZ $AEAC,X [7FAEB2] = $0000    A:0000 X:0006 Y:0000 S:036C D:0000 DB:7F P:84 V:154 H:101
C05C79 $E8             INX                             A:0000 X:0006 Y:0000 S:036C D:0000 DB:7F P:84 V:154 H:111
C05C7A $E8             INX                             A:0000 X:0007 Y:0000 S:036C D:0000 DB:7F P:04 V:154 H:114
C05C7B $E0 $08 $00     CPX #$0008                      A:0000 X:0008 Y:0000 S:036C D:0000 DB:7F P:04 V:154 H:117
C05C7E $90 $F6         BCC $C05C76                     A:0000 X:0008 Y:0000 S:036C D:0000 DB:7F P:07 V:154 H:122
C05C80 $A2 $00 $00     LDX #$0000                      A:0000 X:0008 Y:0000 S:036C D:0000 DB:7F P:07 V:154 H:125
C05C83 $9E $CC $AE     STZ $AECC,X [7FAECC] = $8000    A:0000 X:0000 Y:0000 S:036C D:0000 DB:7F P:07 V:154 H:129
C05C86 $E8             INX                             A:0000 X:0000 Y:0000 S:036C D:0000 DB:7F P:07 V:154 H:149
C05C87 $E8             INX                             A:0000 X:0001 Y:0000 S:036C D:0000 DB:7F P:05 V:154 H:152
C05C88 $E0 $0A $00     CPX #$000A                      A:0000 X:0002 Y:0000 S:036C D:0000 DB:7F P:05 V:154 H:155
C05C8B $90 $F6         BCC $C05C83                     A:0000 X:0002 Y:0000 S:036C D:0000 DB:7F P:84 V:154 H:160
C05C83 $9E $CC $AE     STZ $AECC,X [7FAECE] = $0000    A:0000 X:0002 Y:0000 S:036C D:0000 DB:7F P:84 V:154 H:164
C05C86 $E8             INX                             A:0000 X:0002 Y:0000 S:036C D:0000 DB:7F P:84 V:154 H:174
C05C87 $E8             INX                             A:0000 X:0003 Y:0000 S:036C D:0000 DB:7F P:04 V:154 H:177
C05C88 $E0 $0A $00     CPX #$000A                      A:0000 X:0004 Y:0000 S:036C D:0000 DB:7F P:04 V:154 H:180
C05C8B $90 $F6         BCC $C05C83                     A:0000 X:0004 Y:0000 S:036C D:0000 DB:7F P:84 V:154 H:185
C05C83 $9E $CC $AE     STZ $AECC,X [7FAED0] = $0000    A:0000 X:0004 Y:0000 S:036C D:0000 DB:7F P:84 V:154 H:189
C05C86 $E8             INX                             A:0000 X:0004 Y:0000 S:036C D:0000 DB:7F P:84 V:154 H:199
C05C87 $E8             INX                             A:0000 X:0005 Y:0000 S:036C D:0000 DB:7F P:04 V:154 H:202
C05C88 $E0 $0A $00     CPX #$000A                      A:0000 X:0006 Y:0000 S:036C D:0000 DB:7F P:04 V:154 H:205
C05C8B $90 $F6         BCC $C05C83                     A:0000 X:0006 Y:0000 S:036C D:0000 DB:7F P:84 V:154 H:210
C05C83 $9E $CC $AE     STZ $AECC,X [7FAED2] = $0000    A:0000 X:0006 Y:0000 S:036C D:0000 DB:7F P:84 V:154 H:214
C05C86 $E8             INX                             A:0000 X:0006 Y:0000 S:036C D:0000 DB:7F P:84 V:154 H:224
C05C87 $E8             INX                             A:0000 X:0007 Y:0000 S:036C D:0000 DB:7F P:04 V:154 H:227
C05C88 $E0 $0A $00     CPX #$000A                      A:0000 X:0008 Y:0000 S:036C D:0000 DB:7F P:04 V:154 H:230
C05C8B $90 $F6         BCC $C05C83                     A:0000 X:0008 Y:0000 S:036C D:0000 DB:7F P:84 V:154 H:235
C05C83 $9E $CC $AE     STZ $AECC,X [7FAED4] = $0000    A:0000 X:0008 Y:0000 S:036C D:0000 DB:7F P:84 V:154 H:239
C05C86 $E8             INX                             A:0000 X:0008 Y:0000 S:036C D:0000 DB:7F P:84 V:154 H:249
C05C87 $E8             INX                             A:0000 X:0009 Y:0000 S:036C D:0000 DB:7F P:04 V:154 H:252
C05C88 $E0 $0A $00     CPX #$000A                      A:0000 X:000A Y:0000 S:036C D:0000 DB:7F P:04 V:154 H:255
C05C8B $90 $F6         BCC $C05C83                     A:0000 X:000A Y:0000 S:036C D:0000 DB:7F P:07 V:154 H:260
C05C8D $9C $D6 $AE     STZ $AED6 [7FAED6] = $0000      A:0000 X:000A Y:0000 S:036C D:0000 DB:7F P:07 V:154 H:263
C05C90 $A9 $00 $02     LDA #$0200                      A:0000 X:000A Y:0000 S:036C D:0000 DB:7F P:07 V:154 H:271
C05C93 $4A             LSR                             A:0200 X:000A Y:0000 S:036C D:0000 DB:7F P:05 V:154 H:276
C05C94 $3A             DEC                             A:0100 X:000A Y:0000 S:036C D:0000 DB:7F P:04 V:154 H:295
C05C95 $8D $E0 $AE     STA $AEE0 [7FAEE0] = $00FF      A:00FF X:000A Y:0000 S:036C D:0000 DB:7F P:04 V:154 H:298
C05C98 $A9 $00 $80     LDA #$8000                      A:00FF X:000A Y:0000 S:036C D:0000 DB:7F P:04 V:154 H:307
C05C9B $8D $CC $AE     STA $AECC [7FAECC] = $0000      A:8000 X:000A Y:0000 S:036C D:0000 DB:7F P:84 V:154 H:311
C05C9E $22 $7E $62 $C0 JSL $C0627E                     A:8000 X:000A Y:0000 S:036C D:0000 DB:7F P:84 V:154 H:320
C0627E $08             PHP                             A:8000 X:000A Y:0000 S:0369 D:0000 DB:7F P:84 V:154 H:332
C0627F $C2 $30         REP #$30                        A:8000 X:000A Y:0000 S:0368 D:0000 DB:7F P:84 V:154 H:337
C06281 $48             PHA                             A:8000 X:000A Y:0000 S:0368 D:0000 DB:7F P:84 V:155 H:2  
C06282 $DA             PHX                             A:8000 X:000A Y:0000 S:0366 D:0000 DB:7F P:84 V:155 H:9  
C06283 $5A             PHY                             A:8000 X:000A Y:0000 S:0364 D:0000 DB:7F P:84 V:155 H:16 
C06284 $8B             PHB                             A:8000 X:000A Y:0000 S:0362 D:0000 DB:7F P:84 V:155 H:23 
C06285 $F4 $7F $7F     PEA #$7F7F                      A:8000 X:000A Y:0000 S:0361 D:0000 DB:7F P:84 V:155 H:28 
C06288 $AB             PLB                             A:8000 X:000A Y:0000 S:035F D:0000 DB:7F P:84 V:155 H:36 
C06289 $AB             PLB                             A:8000 X:000A Y:0000 S:0360 D:0000 DB:7F P:04 V:155 H:43 
C0628A $A9 $D0 $00     LDA #$00D0                      A:8000 X:000A Y:0000 S:0361 D:0000 DB:7F P:04 V:155 H:49 
C0628D $8D $4C $B7     STA $B74C [7FB74C] = $00D0      A:00D0 X:000A Y:0000 S:0361 D:0000 DB:7F P:04 V:155 H:54 
C06290 $A9 $D0 $00     LDA #$00D0                      A:00D0 X:000A Y:0000 S:0361 D:0000 DB:7F P:04 V:155 H:62 
C06293 $8D $4E $B7     STA $B74E [7FB74E] = $00D0      A:00D0 X:000A Y:0000 S:0361 D:0000 DB:7F P:04 V:155 H:67 
C06296 $AB             PLB                             A:00D0 X:000A Y:0000 S:0361 D:0000 DB:7F P:04 V:155 H:75 
C06297 $C2 $30         REP #$30                        A:00D0 X:000A Y:0000 S:0362 D:0000 DB:7F P:04 V:155 H:82 
C06299 $7A             PLY                             A:00D0 X:000A Y:0000 S:0362 D:0000 DB:7F P:04 V:155 H:86 
C0629A $FA             PLX                             A:00D0 X:000A Y:0000 S:0364 D:0000 DB:7F P:06 V:155 H:95 
C0629B $68             PLA                             A:00D0 X:000A Y:0000 S:0366 D:0000 DB:7F P:04 V:155 H:103
C0629C $28             PLP                             A:8000 X:000A Y:0000 S:0368 D:0000 DB:7F P:84 V:155 H:112
C0629D $6B             RTL                             A:8000 X:000A Y:0000 S:0369 D:0000 DB:7F P:84 V:155 H:118
C05CA2 $AB             PLB                             A:8000 X:000A Y:0000 S:036C D:0000 DB:7F P:84 V:155 H:129
C05CA3 $C2 $30         REP #$30                        A:8000 X:000A Y:0000 S:036D D:0000 DB:7E P:04 V:155 H:145
C05CA5 $7A             PLY                             A:8000 X:000A Y:0000 S:036D D:0000 DB:7E P:04 V:155 H:150
C05CA6 $FA             PLX                             A:8000 X:000A Y:0000 S:036F D:0000 DB:7E P:06 V:155 H:158
C05CA7 $68             PLA                             A:8000 X:0008 Y:0000 S:0371 D:0000 DB:7E P:04 V:155 H:167
C05CA8 $28             PLP                             A:0000 X:0008 Y:0000 S:0373 D:0000 DB:7E P:06 V:155 H:175
C05CA9 $6B             RTL                             A:0000 X:0008 Y:0000 S:0374 D:0000 DB:7E P:07 V:155 H:182
C60A0F $22 $1D $67 $C0 JSL $C0671D                     A:0000 X:0008 Y:0000 S:0377 D:0000 DB:7E P:07 V:155 H:192
C0671D $08             PHP                             A:0000 X:0008 Y:0000 S:0374 D:0000 DB:7E P:07 V:155 H:206
C0671E $C2 $30         REP #$30                        A:0000 X:0008 Y:0000 S:0373 D:0000 DB:7E P:07 V:155 H:211
C06720 $48             PHA                             A:0000 X:0008 Y:0000 S:0373 D:0000 DB:7E P:07 V:155 H:215
C06721 $DA             PHX                             A:0000 X:0008 Y:0000 S:0371 D:0000 DB:7E P:07 V:155 H:222
C06722 $5A             PHY                             A:0000 X:0008 Y:0000 S:036F D:0000 DB:7E P:07 V:155 H:229
C06723 $8B             PHB                             A:0000 X:0008 Y:0000 S:036D D:0000 DB:7E P:07 V:155 H:236
C06724 $F4 $7F $7F     PEA #$7F7F                      A:0000 X:0008 Y:0000 S:036C D:0000 DB:7E P:07 V:155 H:241
C06727 $AB             PLB                             A:0000 X:0008 Y:0000 S:036A D:0000 DB:7E P:07 V:155 H:250
C06728 $AB             PLB                             A:0000 X:0008 Y:0000 S:036B D:0000 DB:7F P:05 V:155 H:256
C06729 $A2 $00 $00     LDX #$0000                      A:0000 X:0008 Y:0000 S:036C D:0000 DB:7F P:05 V:155 H:263
C0672C $9E $60 $B7     STZ $B760,X [7FB760] = $0001    A:0000 X:0000 Y:0000 S:036C D:0000 DB:7F P:07 V:155 H:267
C0672F $E8             INX                             A:0000 X:0000 Y:0000 S:036C D:0000 DB:7F P:07 V:155 H:294
C06730 $E8             INX                             A:0000 X:0001 Y:0000 S:036C D:0000 DB:7F P:05 V:155 H:297
C06731 $E0 $20 $00     CPX #$0020                      A:0000 X:0002 Y:0000 S:036C D:0000 DB:7F P:05 V:155 H:300
C06734 $90 $F6         BCC $C0672C                     A:0000 X:0002 Y:0000 S:036C D:0000 DB:7F P:84 V:155 H:304
C0672C $9E $60 $B7     STZ $B760,X [7FB762] = $0002    A:0000 X:0002 Y:0000 S:036C D:0000 DB:7F P:84 V:155 H:309
C0672F $E8             INX                             A:0000 X:0002 Y:0000 S:036C D:0000 DB:7F P:84 V:155 H:319
C06730 $E8             INX                             A:0000 X:0003 Y:0000 S:036C D:0000 DB:7F P:04 V:155 H:322
C06731 $E0 $20 $00     CPX #$0020                      A:0000 X:0004 Y:0000 S:036C D:0000 DB:7F P:04 V:155 H:324
C06734 $90 $F6         BCC $C0672C                     A:0000 X:0004 Y:0000 S:036C D:0000 DB:7F P:84 V:155 H:328
C0672C $9E $60 $B7     STZ $B760,X [7FB764] = $0002    A:0000 X:0004 Y:0000 S:036C D:0000 DB:7F P:84 V:155 H:333
C0672F $E8             INX                             A:0000 X:0004 Y:0000 S:036C D:0000 DB:7F P:84 V:156 H:3  
C06730 $E8             INX                             A:0000 X:0005 Y:0000 S:036C D:0000 DB:7F P:04 V:156 H:6  
C06731 $E0 $20 $00     CPX #$0020                      A:0000 X:0006 Y:0000 S:036C D:0000 DB:7F P:04 V:156 H:9  
C06734 $90 $F6         BCC $C0672C                     A:0000 X:0006 Y:0000 S:036C D:0000 DB:7F P:84 V:156 H:13 
C0672C $9E $60 $B7     STZ $B760,X [7FB766] = $0001    A:0000 X:0006 Y:0000 S:036C D:0000 DB:7F P:84 V:156 H:18 
C0672F $E8             INX                             A:0000 X:0006 Y:0000 S:036C D:0000 DB:7F P:84 V:156 H:28 
C06730 $E8             INX                             A:0000 X:0007 Y:0000 S:036C D:0000 DB:7F P:04 V:156 H:31 
C06731 $E0 $20 $00     CPX #$0020                      A:0000 X:0008 Y:0000 S:036C D:0000 DB:7F P:04 V:156 H:34 
C06734 $90 $F6         BCC $C0672C                     A:0000 X:0008 Y:0000 S:036C D:0000 DB:7F P:84 V:156 H:38 
C0672C $9E $60 $B7     STZ $B760,X [7FB768] = $0000    A:0000 X:0008 Y:0000 S:036C D:0000 DB:7F P:84 V:156 H:43 
C0672F $E8             INX                             A:0000 X:0008 Y:0000 S:036C D:0000 DB:7F P:84 V:156 H:53 
C06730 $E8             INX                             A:0000 X:0009 Y:0000 S:036C D:0000 DB:7F P:04 V:156 H:56 
C06731 $E0 $20 $00     CPX #$0020                      A:0000 X:000A Y:0000 S:036C D:0000 DB:7F P:04 V:156 H:59 
C06734 $90 $F6         BCC $C0672C                     A:0000 X:000A Y:0000 S:036C D:0000 DB:7F P:84 V:156 H:63 
C0672C $9E $60 $B7     STZ $B760,X [7FB76A] = $0000    A:0000 X:000A Y:0000 S:036C D:0000 DB:7F P:84 V:156 H:68 
C0672F $E8             INX                             A:0000 X:000A Y:0000 S:036C D:0000 DB:7F P:84 V:156 H:78 
C06730 $E8             INX                             A:0000 X:000B Y:0000 S:036C D:0000 DB:7F P:04 V:156 H:81 
C06731 $E0 $20 $00     CPX #$0020                      A:0000 X:000C Y:0000 S:036C D:0000 DB:7F P:04 V:156 H:84 
C06734 $90 $F6         BCC $C0672C                     A:0000 X:000C Y:0000 S:036C D:0000 DB:7F P:84 V:156 H:88 
C0672C $9E $60 $B7     STZ $B760,X [7FB76C] = $0000    A:0000 X:000C Y:0000 S:036C D:0000 DB:7F P:84 V:156 H:93 
C0672F $E8             INX                             A:0000 X:000C Y:0000 S:036C D:0000 DB:7F P:84 V:156 H:103
C06730 $E8             INX                             A:0000 X:000D Y:0000 S:036C D:0000 DB:7F P:04 V:156 H:106
C06731 $E0 $20 $00     CPX #$0020                      A:0000 X:000E Y:0000 S:036C D:0000 DB:7F P:04 V:156 H:109
C06734 $90 $F6         BCC $C0672C                     A:0000 X:000E Y:0000 S:036C D:0000 DB:7F P:84 V:156 H:113
C0672C $9E $60 $B7     STZ $B760,X [7FB76E] = $0000    A:0000 X:000E Y:0000 S:036C D:0000 DB:7F P:84 V:156 H:118
C0672F $E8             INX                             A:0000 X:000E Y:0000 S:036C D:0000 DB:7F P:84 V:156 H:128
C06730 $E8             INX                             A:0000 X:000F Y:0000 S:036C D:0000 DB:7F P:04 V:156 H:131
C06731 $E0 $20 $00     CPX #$0020                      A:0000 X:0010 Y:0000 S:036C D:0000 DB:7F P:04 V:156 H:134
C06734 $90 $F6         BCC $C0672C                     A:0000 X:0010 Y:0000 S:036C D:0000 DB:7F P:84 V:156 H:148
C0672C $9E $60 $B7     STZ $B760,X [7FB770] = $0000    A:0000 X:0010 Y:0000 S:036C D:0000 DB:7F P:84 V:156 H:153
C0672F $E8             INX                             A:0000 X:0010 Y:0000 S:036C D:0000 DB:7F P:84 V:156 H:163
C06730 $E8             INX                             A:0000 X:0011 Y:0000 S:036C D:0000 DB:7F P:04 V:156 H:166
C06731 $E0 $20 $00     CPX #$0020                      A:0000 X:0012 Y:0000 S:036C D:0000 DB:7F P:04 V:156 H:169
C06734 $90 $F6         BCC $C0672C                     A:0000 X:0012 Y:0000 S:036C D:0000 DB:7F P:84 V:156 H:173
C0672C $9E $60 $B7     STZ $B760,X [7FB772] = $0000    A:0000 X:0012 Y:0000 S:036C D:0000 DB:7F P:84 V:156 H:178
C0672F $E8             INX                             A:0000 X:0012 Y:0000 S:036C D:0000 DB:7F P:84 V:156 H:188
C06730 $E8             INX                             A:0000 X:0013 Y:0000 S:036C D:0000 DB:7F P:04 V:156 H:191
C06731 $E0 $20 $00     CPX #$0020                      A:0000 X:0014 Y:0000 S:036C D:0000 DB:7F P:04 V:156 H:194
C06734 $90 $F6         BCC $C0672C                     A:0000 X:0014 Y:0000 S:036C D:0000 DB:7F P:84 V:156 H:198
C0672C $9E $60 $B7     STZ $B760,X [7FB774] = $0000    A:0000 X:0014 Y:0000 S:036C D:0000 DB:7F P:84 V:156 H:203
C0672F $E8             INX                             A:0000 X:0014 Y:0000 S:036C D:0000 DB:7F P:84 V:156 H:213
C06730 $E8             INX                             A:0000 X:0015 Y:0000 S:036C D:0000 DB:7F P:04 V:156 H:216
C06731 $E0 $20 $00     CPX #$0020                      A:0000 X:0016 Y:0000 S:036C D:0000 DB:7F P:04 V:156 H:219
C06734 $90 $F6         BCC $C0672C                     A:0000 X:0016 Y:0000 S:036C D:0000 DB:7F P:84 V:156 H:223
C0672C $9E $60 $B7     STZ $B760,X [7FB776] = $0000    A:0000 X:0016 Y:0000 S:036C D:0000 DB:7F P:84 V:156 H:228
C0672F $E8             INX                             A:0000 X:0016 Y:0000 S:036C D:0000 DB:7F P:84 V:156 H:238
C06730 $E8             INX                             A:0000 X:0017 Y:0000 S:036C D:0000 DB:7F P:04 V:156 H:241
C06731 $E0 $20 $00     CPX #$0020                      A:0000 X:0018 Y:0000 S:036C D:0000 DB:7F P:04 V:156 H:244
C06734 $90 $F6         BCC $C0672C                     A:0000 X:0018 Y:0000 S:036C D:0000 DB:7F P:84 V:156 H:248
C0672C $9E $60 $B7     STZ $B760,X [7FB778] = $0000    A:0000 X:0018 Y:0000 S:036C D:0000 DB:7F P:84 V:156 H:253
C0672F $E8             INX                             A:0000 X:0018 Y:0000 S:036C D:0000 DB:7F P:84 V:156 H:263
C06730 $E8             INX                             A:0000 X:0019 Y:0000 S:036C D:0000 DB:7F P:04 V:156 H:266
C06731 $E0 $20 $00     CPX #$0020                      A:0000 X:001A Y:0000 S:036C D:0000 DB:7F P:04 V:156 H:269
C06734 $90 $F6         BCC $C0672C                     A:0000 X:001A Y:0000 S:036C D:0000 DB:7F P:84 V:156 H:273
C0672C $9E $60 $B7     STZ $B760,X [7FB77A] = $0000    A:0000 X:001A Y:0000 S:036C D:0000 DB:7F P:84 V:156 H:294
C0672F $E8             INX                             A:0000 X:001A Y:0000 S:036C D:0000 DB:7F P:84 V:156 H:304
C06730 $E8             INX                             A:0000 X:001B Y:0000 S:036C D:0000 DB:7F P:04 V:156 H:307
C06731 $E0 $20 $00     CPX #$0020                      A:0000 X:001C Y:0000 S:036C D:0000 DB:7F P:04 V:156 H:310
C06734 $90 $F6         BCC $C0672C                     A:0000 X:001C Y:0000 S:036C D:0000 DB:7F P:84 V:156 H:315
C0672C $9E $60 $B7     STZ $B760,X [7FB77C] = $0000    A:0000 X:001C Y:0000 S:036C D:0000 DB:7F P:84 V:156 H:319
C0672F $E8             INX                             A:0000 X:001C Y:0000 S:036C D:0000 DB:7F P:84 V:156 H:328
C06730 $E8             INX                             A:0000 X:001D Y:0000 S:036C D:0000 DB:7F P:04 V:156 H:331
C06731 $E0 $20 $00     CPX #$0020                      A:0000 X:001E Y:0000 S:036C D:0000 DB:7F P:04 V:156 H:334
C06734 $90 $F6         BCC $C0672C                     A:0000 X:001E Y:0000 S:036C D:0000 DB:7F P:84 V:156 H:339
C0672C $9E $60 $B7     STZ $B760,X [7FB77E] = $0000    A:0000 X:001E Y:0000 S:036C D:0000 DB:7F P:84 V:157 H:3  
C0672F $E8             INX                             A:0000 X:001E Y:0000 S:036C D:0000 DB:7F P:84 V:157 H:13 
C06730 $E8             INX                             A:0000 X:001F Y:0000 S:036C D:0000 DB:7F P:04 V:157 H:16 
C06731 $E0 $20 $00     CPX #$0020                      A:0000 X:0020 Y:0000 S:036C D:0000 DB:7F P:04 V:157 H:19 
C06734 $90 $F6         BCC $C0672C                     A:0000 X:0020 Y:0000 S:036C D:0000 DB:7F P:07 V:157 H:24 
C06736 $A2 $00 $00     LDX #$0000                      A:0000 X:0020 Y:0000 S:036C D:0000 DB:7F P:07 V:157 H:27 
C06739 $9E $20 $B8     STZ $B820,X [7FB820] = $8000    A:0000 X:0000 Y:0000 S:036C D:0000 DB:7F P:07 V:157 H:31 
C0673C $E8             INX                             A:0000 X:0000 Y:0000 S:036C D:0000 DB:7F P:07 V:157 H:41 
C0673D $E8             INX                             A:0000 X:0001 Y:0000 S:036C D:0000 DB:7F P:05 V:157 H:44 
C0673E $E0 $22 $00     CPX #$0022                      A:0000 X:0002 Y:0000 S:036C D:0000 DB:7F P:05 V:157 H:47 
C06741 $90 $F6         BCC $C06739                     A:0000 X:0002 Y:0000 S:036C D:0000 DB:7F P:84 V:157 H:52 
C06739 $9E $20 $B8     STZ $B820,X [7FB822] = $0000    A:0000 X:0002 Y:0000 S:036C D:0000 DB:7F P:84 V:157 H:56 
C0673C $E8             INX                             A:0000 X:0002 Y:0000 S:036C D:0000 DB:7F P:84 V:157 H:66 
C0673D $E8             INX                             A:0000 X:0003 Y:0000 S:036C D:0000 DB:7F P:04 V:157 H:69 
C0673E $E0 $22 $00     CPX #$0022                      A:0000 X:0004 Y:0000 S:036C D:0000 DB:7F P:04 V:157 H:72 
C06741 $90 $F6         BCC $C06739                     A:0000 X:0004 Y:0000 S:036C D:0000 DB:7F P:84 V:157 H:77 
C06739 $9E $20 $B8     STZ $B820,X [7FB824] = $0000    A:0000 X:0004 Y:0000 S:036C D:0000 DB:7F P:84 V:157 H:81 
C0673C $E8             INX                             A:0000 X:0004 Y:0000 S:036C D:0000 DB:7F P:84 V:157 H:91 
C0673D $E8             INX                             A:0000 X:0005 Y:0000 S:036C D:0000 DB:7F P:04 V:157 H:94 
C0673E $E0 $22 $00     CPX #$0022                      A:0000 X:0006 Y:0000 S:036C D:0000 DB:7F P:04 V:157 H:97 
C06741 $90 $F6         BCC $C06739                     A:0000 X:0006 Y:0000 S:036C D:0000 DB:7F P:84 V:157 H:102
C06739 $9E $20 $B8     STZ $B820,X [7FB826] = $0000    A:0000 X:0006 Y:0000 S:036C D:0000 DB:7F P:84 V:157 H:106
C0673C $E8             INX                             A:0000 X:0006 Y:0000 S:036C D:0000 DB:7F P:84 V:157 H:116
C0673D $E8             INX                             A:0000 X:0007 Y:0000 S:036C D:0000 DB:7F P:04 V:157 H:119
C0673E $E0 $22 $00     CPX #$0022                      A:0000 X:0008 Y:0000 S:036C D:0000 DB:7F P:04 V:157 H:122
C06741 $90 $F6         BCC $C06739                     A:0000 X:0008 Y:0000 S:036C D:0000 DB:7F P:84 V:157 H:127
C06739 $9E $20 $B8     STZ $B820,X [7FB828] = $0000    A:0000 X:0008 Y:0000 S:036C D:0000 DB:7F P:84 V:157 H:131
C0673C $E8             INX                             A:0000 X:0008 Y:0000 S:036C D:0000 DB:7F P:84 V:157 H:151
C0673D $E8             INX                             A:0000 X:0009 Y:0000 S:036C D:0000 DB:7F P:04 V:157 H:154
C0673E $E0 $22 $00     CPX #$0022                      A:0000 X:000A Y:0000 S:036C D:0000 DB:7F P:04 V:157 H:157
C06741 $90 $F6         BCC $C06739                     A:0000 X:000A Y:0000 S:036C D:0000 DB:7F P:84 V:157 H:162
C06739 $9E $20 $B8     STZ $B820,X [7FB82A] = $0000    A:0000 X:000A Y:0000 S:036C D:0000 DB:7F P:84 V:157 H:166
C0673C $E8             INX                             A:0000 X:000A Y:0000 S:036C D:0000 DB:7F P:84 V:157 H:176
C0673D $E8             INX                             A:0000 X:000B Y:0000 S:036C D:0000 DB:7F P:04 V:157 H:179
C0673E $E0 $22 $00     CPX #$0022                      A:0000 X:000C Y:0000 S:036C D:0000 DB:7F P:04 V:157 H:182
C06741 $90 $F6         BCC $C06739                     A:0000 X:000C Y:0000 S:036C D:0000 DB:7F P:84 V:157 H:187
C06739 $9E $20 $B8     STZ $B820,X [7FB82C] = $0000    A:0000 X:000C Y:0000 S:036C D:0000 DB:7F P:84 V:157 H:191
C0673C $E8             INX                             A:0000 X:000C Y:0000 S:036C D:0000 DB:7F P:84 V:157 H:201
C0673D $E8             INX                             A:0000 X:000D Y:0000 S:036C D:0000 DB:7F P:04 V:157 H:204
C0673E $E0 $22 $00     CPX #$0022                      A:0000 X:000E Y:0000 S:036C D:0000 DB:7F P:04 V:157 H:207
C06741 $90 $F6         BCC $C06739                     A:0000 X:000E Y:0000 S:036C D:0000 DB:7F P:84 V:157 H:212
C06739 $9E $20 $B8     STZ $B820,X [7FB82E] = $0000    A:0000 X:000E Y:0000 S:036C D:0000 DB:7F P:84 V:157 H:216
C0673C $E8             INX                             A:0000 X:000E Y:0000 S:036C D:0000 DB:7F P:84 V:157 H:226
C0673D $E8             INX                             A:0000 X:000F Y:0000 S:036C D:0000 DB:7F P:04 V:157 H:229
C0673E $E0 $22 $00     CPX #$0022                      A:0000 X:0010 Y:0000 S:036C D:0000 DB:7F P:04 V:157 H:232
C06741 $90 $F6         BCC $C06739                     A:0000 X:0010 Y:0000 S:036C D:0000 DB:7F P:84 V:157 H:237
C06739 $9E $20 $B8     STZ $B820,X [7FB830] = $0000    A:0000 X:0010 Y:0000 S:036C D:0000 DB:7F P:84 V:157 H:241
C0673C $E8             INX                             A:0000 X:0010 Y:0000 S:036C D:0000 DB:7F P:84 V:157 H:251
C0673D $E8             INX                             A:0000 X:0011 Y:0000 S:036C D:0000 DB:7F P:04 V:157 H:254
C0673E $E0 $22 $00     CPX #$0022                      A:0000 X:0012 Y:0000 S:036C D:0000 DB:7F P:04 V:157 H:257
C06741 $90 $F6         BCC $C06739                     A:0000 X:0012 Y:0000 S:036C D:0000 DB:7F P:84 V:157 H:262
C06739 $9E $20 $B8     STZ $B820,X [7FB832] = $0000    A:0000 X:0012 Y:0000 S:036C D:0000 DB:7F P:84 V:157 H:266
C0673C $E8             INX                             A:0000 X:0012 Y:0000 S:036C D:0000 DB:7F P:84 V:157 H:293
C0673D $E8             INX                             A:0000 X:0013 Y:0000 S:036C D:0000 DB:7F P:04 V:157 H:296
C0673E $E0 $22 $00     CPX #$0022                      A:0000 X:0014 Y:0000 S:036C D:0000 DB:7F P:04 V:157 H:299
C06741 $90 $F6         BCC $C06739                     A:0000 X:0014 Y:0000 S:036C D:0000 DB:7F P:84 V:157 H:303
C06739 $9E $20 $B8     STZ $B820,X [7FB834] = $0000    A:0000 X:0014 Y:0000 S:036C D:0000 DB:7F P:84 V:157 H:308
C0673C $E8             INX                             A:0000 X:0014 Y:0000 S:036C D:0000 DB:7F P:84 V:157 H:318
C0673D $E8             INX                             A:0000 X:0015 Y:0000 S:036C D:0000 DB:7F P:04 V:157 H:321
C0673E $E0 $22 $00     CPX #$0022                      A:0000 X:0016 Y:0000 S:036C D:0000 DB:7F P:04 V:157 H:323
C06741 $90 $F6         BCC $C06739                     A:0000 X:0016 Y:0000 S:036C D:0000 DB:7F P:84 V:157 H:327
C06739 $9E $20 $B8     STZ $B820,X [7FB836] = $0000    A:0000 X:0016 Y:0000 S:036C D:0000 DB:7F P:84 V:157 H:332
C0673C $E8             INX                             A:0000 X:0016 Y:0000 S:036C D:0000 DB:7F P:84 V:158 H:2  
C0673D $E8             INX                             A:0000 X:0017 Y:0000 S:036C D:0000 DB:7F P:04 V:158 H:5  
C0673E $E0 $22 $00     CPX #$0022                      A:0000 X:0018 Y:0000 S:036C D:0000 DB:7F P:04 V:158 H:8  
C06741 $90 $F6         BCC $C06739                     A:0000 X:0018 Y:0000 S:036C D:0000 DB:7F P:84 V:158 H:12 
C06739 $9E $20 $B8     STZ $B820,X [7FB838] = $0000    A:0000 X:0018 Y:0000 S:036C D:0000 DB:7F P:84 V:158 H:17 
C0673C $E8             INX                             A:0000 X:0018 Y:0000 S:036C D:0000 DB:7F P:84 V:158 H:27 
C0673D $E8             INX                             A:0000 X:0019 Y:0000 S:036C D:0000 DB:7F P:04 V:158 H:30 
C0673E $E0 $22 $00     CPX #$0022                      A:0000 X:001A Y:0000 S:036C D:0000 DB:7F P:04 V:158 H:33 
C06741 $90 $F6         BCC $C06739                     A:0000 X:001A Y:0000 S:036C D:0000 DB:7F P:84 V:158 H:37 
C06739 $9E $20 $B8     STZ $B820,X [7FB83A] = $0000    A:0000 X:001A Y:0000 S:036C D:0000 DB:7F P:84 V:158 H:42 
C0673C $E8             INX                             A:0000 X:001A Y:0000 S:036C D:0000 DB:7F P:84 V:158 H:52 
C0673D $E8             INX                             A:0000 X:001B Y:0000 S:036C D:0000 DB:7F P:04 V:158 H:55 
C0673E $E0 $22 $00     CPX #$0022                      A:0000 X:001C Y:0000 S:036C D:0000 DB:7F P:04 V:158 H:58 
C06741 $90 $F6         BCC $C06739                     A:0000 X:001C Y:0000 S:036C D:0000 DB:7F P:84 V:158 H:62 
C06739 $9E $20 $B8     STZ $B820,X [7FB83C] = $0000    A:0000 X:001C Y:0000 S:036C D:0000 DB:7F P:84 V:158 H:67 
C0673C $E8             INX                             A:0000 X:001C Y:0000 S:036C D:0000 DB:7F P:84 V:158 H:77 
C0673D $E8             INX                             A:0000 X:001D Y:0000 S:036C D:0000 DB:7F P:04 V:158 H:80 
C0673E $E0 $22 $00     CPX #$0022                      A:0000 X:001E Y:0000 S:036C D:0000 DB:7F P:04 V:158 H:83 
C06741 $90 $F6         BCC $C06739                     A:0000 X:001E Y:0000 S:036C D:0000 DB:7F P:84 V:158 H:87 
C06739 $9E $20 $B8     STZ $B820,X [7FB83E] = $0000    A:0000 X:001E Y:0000 S:036C D:0000 DB:7F P:84 V:158 H:92 
C0673C $E8             INX                             A:0000 X:001E Y:0000 S:036C D:0000 DB:7F P:84 V:158 H:102
C0673D $E8             INX                             A:0000 X:001F Y:0000 S:036C D:0000 DB:7F P:04 V:158 H:105
C0673E $E0 $22 $00     CPX #$0022                      A:0000 X:0020 Y:0000 S:036C D:0000 DB:7F P:04 V:158 H:108
C06741 $90 $F6         BCC $C06739                     A:0000 X:0020 Y:0000 S:036C D:0000 DB:7F P:84 V:158 H:112
C06739 $9E $20 $B8     STZ $B820,X [7FB840] = $0000    A:0000 X:0020 Y:0000 S:036C D:0000 DB:7F P:84 V:158 H:117
C0673C $E8             INX                             A:0000 X:0020 Y:0000 S:036C D:0000 DB:7F P:84 V:158 H:127
C0673D $E8             INX                             A:0000 X:0021 Y:0000 S:036C D:0000 DB:7F P:04 V:158 H:130
C0673E $E0 $22 $00     CPX #$0022                      A:0000 X:0022 Y:0000 S:036C D:0000 DB:7F P:04 V:158 H:133
C06741 $90 $F6         BCC $C06739                     A:0000 X:0022 Y:0000 S:036C D:0000 DB:7F P:07 V:158 H:147
C06743 $9C $42 $B8     STZ $B842 [7FB842] = $027D      A:0000 X:0022 Y:0000 S:036C D:0000 DB:7F P:07 V:158 H:150
C06746 $A9 $00 $08     LDA #$0800                      A:0000 X:0022 Y:0000 S:036C D:0000 DB:7F P:07 V:158 H:159
C06749 $4A             LSR                             A:0800 X:0022 Y:0000 S:036C D:0000 DB:7F P:05 V:158 H:163
C0674A $3A             DEC                             A:0400 X:0022 Y:0000 S:036C D:0000 DB:7F P:04 V:158 H:166
C0674B $8D $64 $B8     STA $B864 [7FB864] = $03FD      A:03FF X:0022 Y:0000 S:036C D:0000 DB:7F P:04 V:158 H:169
C0674E $A9 $00 $80     LDA #$8000                      A:03FF X:0022 Y:0000 S:036C D:0000 DB:7F P:04 V:158 H:178
C06751 $8D $20 $B8     STA $B820 [7FB820] = $0000      A:8000 X:0022 Y:0000 S:036C D:0000 DB:7F P:84 V:158 H:182
C06754 $AB             PLB                             A:8000 X:0022 Y:0000 S:036C D:0000 DB:7F P:84 V:158 H:191
C06755 $C2 $30         REP #$30                        A:8000 X:0022 Y:0000 S:036D D:0000 DB:7E P:04 V:158 H:197
C06757 $7A             PLY                             A:8000 X:0022 Y:0000 S:036D D:0000 DB:7E P:04 V:158 H:202
C06758 $FA             PLX                             A:8000 X:0022 Y:0000 S:036F D:0000 DB:7E P:06 V:158 H:210
C06759 $68             PLA                             A:8000 X:0008 Y:0000 S:0371 D:0000 DB:7E P:04 V:158 H:219
C0675A $28             PLP                             A:0000 X:0008 Y:0000 S:0373 D:0000 DB:7E P:06 V:158 H:227
C0675B $6B             RTL                             A:0000 X:0008 Y:0000 S:0374 D:0000 DB:7E P:07 V:158 H:234
C60A13 $22 $EE $4E $C0 JSL $C04EEE                     A:0000 X:0008 Y:0000 S:0377 D:0000 DB:7E P:07 V:158 H:244
C04EEE $08             PHP                             A:0000 X:0008 Y:0000 S:0374 D:0000 DB:7E P:07 V:158 H:258
C04EEF $8B             PHB                             A:0000 X:0008 Y:0000 S:0373 D:0000 DB:7E P:07 V:158 H:263
C04EF0 $F4 $7F $7F     PEA #$7F7F                      A:0000 X:0008 Y:0000 S:0372 D:0000 DB:7E P:07 V:158 H:268
C04EF3 $AB             PLB                             A:0000 X:0008 Y:0000 S:0370 D:0000 DB:7E P:07 V:158 H:293
C04EF4 $AB             PLB                             A:0000 X:0008 Y:0000 S:0371 D:0000 DB:7F P:05 V:158 H:299
C04EF5 $C2 $20         REP #$20                        A:0000 X:0008 Y:0000 S:0372 D:0000 DB:7F P:05 V:158 H:306
C04EF7 $48             PHA                             A:0000 X:0008 Y:0000 S:0372 D:0000 DB:7F P:05 V:158 H:310
C04EF8 $22 $D7 $55 $C0 JSL $C055D7                     A:0000 X:0008 Y:0000 S:0370 D:0000 DB:7F P:05 V:158 H:317
C055D7 $22 $E8 $55 $C0 JSL $C055E8                     A:0000 X:0008 Y:0000 S:036D D:0000 DB:7F P:05 V:158 H:330
C055E8 $08             PHP                             A:0000 X:0008 Y:0000 S:036A D:0000 DB:7F P:05 V:159 H:3  
C055E9 $C2 $20         REP #$20                        A:0000 X:0008 Y:0000 S:0369 D:0000 DB:7F P:05 V:159 H:8  
C055EB $48             PHA                             A:0000 X:0008 Y:0000 S:0369 D:0000 DB:7F P:05 V:159 H:13 
C055EC $A9 $00 $00     LDA #$0000                      A:0000 X:0008 Y:0000 S:0367 D:0000 DB:7F P:05 V:159 H:20 
C055EF $8F $1E $E3 $7F STA $7FE31E                     A:0000 X:0008 Y:0000 S:0367 D:0000 DB:7F P:07 V:159 H:24 
C055F3 $8F $28 $E3 $7F STA $7FE328                     A:0000 X:0008 Y:0000 S:0367 D:0000 DB:7F P:07 V:159 H:34 
C055F7 $8F $32 $E3 $7F STA $7FE332                     A:0000 X:0008 Y:0000 S:0367 D:0000 DB:7F P:07 V:159 H:44 
C055FB $8F $9C $7F $7E STA $7E7F9C                     A:0000 X:0008 Y:0000 S:0367 D:0000 DB:7F P:07 V:159 H:54 
C055FF $3A             DEC                             A:0000 X:0008 Y:0000 S:0367 D:0000 DB:7F P:07 V:159 H:64 
C05600 $8F $A4 $7F $7E STA $7E7FA4                     A:FFFF X:0008 Y:0000 S:0367 D:0000 DB:7F P:85 V:159 H:67 
C05604 $22 $8B $57 $C0 JSL $C0578B                     A:FFFF X:0008 Y:0000 S:0367 D:0000 DB:7F P:85 V:159 H:77 
C0578B $08             PHP                             A:FFFF X:0008 Y:0000 S:0364 D:0000 DB:7F P:85 V:159 H:91 
C0578C $C2 $20         REP #$20                        A:FFFF X:0008 Y:0000 S:0363 D:0000 DB:7F P:85 V:159 H:96 
C0578E $48             PHA                             A:FFFF X:0008 Y:0000 S:0363 D:0000 DB:7F P:85 V:159 H:100
C0578F $A9 $01 $00     LDA #$0001                      A:FFFF X:0008 Y:0000 S:0361 D:0000 DB:7F P:85 V:159 H:107
C05792 $8F $91 $B4 $7E STA $7EB491                     A:0001 X:0008 Y:0000 S:0361 D:0000 DB:7F P:05 V:159 H:112
C05796 $68             PLA                             A:0001 X:0008 Y:0000 S:0361 D:0000 DB:7F P:05 V:159 H:122
C05797 $28             PLP                             A:FFFF X:0008 Y:0000 S:0363 D:0000 DB:7F P:85 V:159 H:130
C05798 $6B             RTL                             A:FFFF X:0008 Y:0000 S:0364 D:0000 DB:7F P:85 V:159 H:147
C05608 $68             PLA                             A:FFFF X:0008 Y:0000 S:0367 D:0000 DB:7F P:85 V:159 H:157
C05609 $28             PLP                             A:0000 X:0008 Y:0000 S:0369 D:0000 DB:7F P:07 V:159 H:166
C0560A $6B             RTL                             A:0000 X:0008 Y:0000 S:036A D:0000 DB:7F P:05 V:159 H:172
C055DB $22 $0B $56 $C0 JSL $C0560B                     A:0000 X:0008 Y:0000 S:036D D:0000 DB:7F P:05 V:159 H:183
C0560B $08             PHP                             A:0000 X:0008 Y:0000 S:036A D:0000 DB:7F P:05 V:159 H:196
C0560C $C2 $20         REP #$20                        A:0000 X:0008 Y:0000 S:0369 D:0000 DB:7F P:05 V:159 H:201
C0560E $48             PHA                             A:0000 X:0008 Y:0000 S:0369 D:0000 DB:7F P:05 V:159 H:206
C0560F $A9 $00 $00     LDA #$0000                      A:0000 X:0008 Y:0000 S:0367 D:0000 DB:7F P:05 V:159 H:213
C05612 $8F $20 $E3 $7F STA $7FE320                     A:0000 X:0008 Y:0000 S:0367 D:0000 DB:7F P:07 V:159 H:217
C05616 $8F $2A $E3 $7F STA $7FE32A                     A:0000 X:0008 Y:0000 S:0367 D:0000 DB:7F P:07 V:159 H:227
C0561A $8F $34 $E3 $7F STA $7FE334                     A:0000 X:0008 Y:0000 S:0367 D:0000 DB:7F P:07 V:159 H:237
C0561E $8F $9E $7F $7E STA $7E7F9E                     A:0000 X:0008 Y:0000 S:0367 D:0000 DB:7F P:07 V:159 H:247
C05622 $3A             DEC                             A:0000 X:0008 Y:0000 S:0367 D:0000 DB:7F P:07 V:159 H:257
C05623 $8F $A6 $7F $7E STA $7E7FA6                     A:FFFF X:0008 Y:0000 S:0367 D:0000 DB:7F P:85 V:159 H:260
C05627 $68             PLA                             A:FFFF X:0008 Y:0000 S:0367 D:0000 DB:7F P:85 V:159 H:270
C05628 $28             PLP                             A:0000 X:0008 Y:0000 S:0369 D:0000 DB:7F P:07 V:159 H:319
C05629 $6B             RTL                             A:0000 X:0008 Y:0000 S:036A D:0000 DB:7F P:05 V:159 H:325
C055DF $22 $2A $56 $C0 JSL $C0562A                     A:0000 X:0008 Y:0000 S:036D D:0000 DB:7F P:05 V:159 H:335
C0562A $08             PHP                             A:0000 X:0008 Y:0000 S:036A D:0000 DB:7F P:05 V:160 H:8  
C0562B $C2 $20         REP #$20                        A:0000 X:0008 Y:0000 S:0369 D:0000 DB:7F P:05 V:160 H:13 
C0562D $48             PHA                             A:0000 X:0008 Y:0000 S:0369 D:0000 DB:7F P:05 V:160 H:18 
C0562E $A9 $00 $00     LDA #$0000                      A:0000 X:0008 Y:0000 S:0367 D:0000 DB:7F P:05 V:160 H:25 
C05631 $8F $22 $E3 $7F STA $7FE322                     A:0000 X:0008 Y:0000 S:0367 D:0000 DB:7F P:07 V:160 H:29 
C05635 $8F $2C $E3 $7F STA $7FE32C                     A:0000 X:0008 Y:0000 S:0367 D:0000 DB:7F P:07 V:160 H:39 
C05639 $8F $36 $E3 $7F STA $7FE336                     A:0000 X:0008 Y:0000 S:0367 D:0000 DB:7F P:07 V:160 H:49 
C0563D $8F $A0 $7F $7E STA $7E7FA0                     A:0000 X:0008 Y:0000 S:0367 D:0000 DB:7F P:07 V:160 H:59 
C05641 $3A             DEC                             A:0000 X:0008 Y:0000 S:0367 D:0000 DB:7F P:07 V:160 H:69 
C05642 $8F $A8 $7F $7E STA $7E7FA8                     A:FFFF X:0008 Y:0000 S:0367 D:0000 DB:7F P:85 V:160 H:72 
C05646 $68             PLA                             A:FFFF X:0008 Y:0000 S:0367 D:0000 DB:7F P:85 V:160 H:82 
C05647 $28             PLP                             A:0000 X:0008 Y:0000 S:0369 D:0000 DB:7F P:07 V:160 H:91 
C05648 $6B             RTL                             A:0000 X:0008 Y:0000 S:036A D:0000 DB:7F P:05 V:160 H:97 
C055E3 $22 $49 $56 $C0 JSL $C05649                     A:0000 X:0008 Y:0000 S:036D D:0000 DB:7F P:05 V:160 H:108
C05649 $08             PHP                             A:0000 X:0008 Y:0000 S:036A D:0000 DB:7F P:05 V:160 H:121
C0564A $C2 $20         REP #$20                        A:0000 X:0008 Y:0000 S:0369 D:0000 DB:7F P:05 V:160 H:126
C0564C $48             PHA                             A:0000 X:0008 Y:0000 S:0369 D:0000 DB:7F P:05 V:160 H:131
C0564D $A9 $00 $00     LDA #$0000                      A:0000 X:0008 Y:0000 S:0367 D:0000 DB:7F P:05 V:160 H:148
C05650 $8F $24 $E3 $7F STA $7FE324                     A:0000 X:0008 Y:0000 S:0367 D:0000 DB:7F P:07 V:160 H:152
C05654 $8F $2E $E3 $7F STA $7FE32E                     A:0000 X:0008 Y:0000 S:0367 D:0000 DB:7F P:07 V:160 H:162
C05658 $8F $38 $E3 $7F STA $7FE338                     A:0000 X:0008 Y:0000 S:0367 D:0000 DB:7F P:07 V:160 H:172
C0565C $8F $A2 $7F $7E STA $7E7FA2                     A:0000 X:0008 Y:0000 S:0367 D:0000 DB:7F P:07 V:160 H:182
C05660 $3A             DEC                             A:0000 X:0008 Y:0000 S:0367 D:0000 DB:7F P:07 V:160 H:192
C05661 $8F $AA $7F $7E STA $7E7FAA                     A:FFFF X:0008 Y:0000 S:0367 D:0000 DB:7F P:85 V:160 H:195
C05665 $68             PLA                             A:FFFF X:0008 Y:0000 S:0367 D:0000 DB:7F P:85 V:160 H:205
C05666 $28             PLP                             A:0000 X:0008 Y:0000 S:0369 D:0000 DB:7F P:07 V:160 H:214
C05667 $6B             RTL                             A:0000 X:0008 Y:0000 S:036A D:0000 DB:7F P:05 V:160 H:220
C055E7 $6B             RTL                             A:0000 X:0008 Y:0000 S:036D D:0000 DB:7F P:05 V:160 H:231
C04EFC $A9 $FF $FF     LDA #$FFFF                      A:0000 X:0008 Y:0000 S:0370 D:0000 DB:7F P:05 V:160 H:241
C04EFF $8F $A0 $96 $7E STA $7E96A0                     A:FFFF X:0008 Y:0000 S:0370 D:0000 DB:7F P:85 V:160 H:246
C04F03 $9C $26 $E3     STZ $E326 [7FE326] = $0000      A:FFFF X:0008 Y:0000 S:0370 D:0000 DB:7F P:85 V:160 H:256
C04F06 $9C $30 $E3     STZ $E330 [7FE330] = $0000      A:FFFF X:0008 Y:0000 S:0370 D:0000 DB:7F P:85 V:160 H:264
C04F09 $9C $3A $E3     STZ $E33A [7FE33A] = $0000      A:FFFF X:0008 Y:0000 S:0370 D:0000 DB:7F P:85 V:160 H:273
C04F0C $A9 $01 $00     LDA #$0001                      A:FFFF X:0008 Y:0000 S:0370 D:0000 DB:7F P:85 V:160 H:323
C04F0F $8D $D2 $E2     STA $E2D2 [7FE2D2] = $0001      A:0001 X:0008 Y:0000 S:0370 D:0000 DB:7F P:05 V:160 H:327
C04F12 $8D $DA $E2     STA $E2DA [7FE2DA] = $0001      A:0001 X:0008 Y:0000 S:0370 D:0000 DB:7F P:05 V:160 H:335
C04F15 $8D $D4 $E2     STA $E2D4 [7FE2D4] = $0001      A:0001 X:0008 Y:0000 S:0370 D:0000 DB:7F P:05 V:161 H:4  
C04F18 $8D $D6 $E2     STA $E2D6 [7FE2D6] = $0001      A:0001 X:0008 Y:0000 S:0370 D:0000 DB:7F P:05 V:161 H:12 
C04F1B $A9 $00 $00     LDA #$0000                      A:0001 X:0008 Y:0000 S:0370 D:0000 DB:7F P:05 V:161 H:21 
C04F1E $8D $D8 $E2     STA $E2D8 [7FE2D8] = $0000      A:0000 X:0008 Y:0000 S:0370 D:0000 DB:7F P:07 V:161 H:25 
C04F21 $22 $8F $56 $C0 JSL $C0568F                     A:0000 X:0008 Y:0000 S:0370 D:0000 DB:7F P:07 V:161 H:34 
C0568F $08             PHP                             A:0000 X:0008 Y:0000 S:036D D:0000 DB:7F P:07 V:161 H:47 
C05690 $C2 $20         REP #$20                        A:0000 X:0008 Y:0000 S:036C D:0000 DB:7F P:07 V:161 H:52 
C05692 $48             PHA                             A:0000 X:0008 Y:0000 S:036C D:0000 DB:7F P:07 V:161 H:57 
C05693 $A9 $00 $00     LDA #$0000                      A:0000 X:0008 Y:0000 S:036A D:0000 DB:7F P:07 V:161 H:64 
C05696 $8F $3C $E3 $7F STA $7FE33C                     A:0000 X:0008 Y:0000 S:036A D:0000 DB:7F P:07 V:161 H:68 
C0569A $68             PLA                             A:0000 X:0008 Y:0000 S:036A D:0000 DB:7F P:07 V:161 H:78 
C0569B $28             PLP                             A:0000 X:0008 Y:0000 S:036C D:0000 DB:7F P:07 V:161 H:87 
C0569C $6B             RTL                             A:0000 X:0008 Y:0000 S:036D D:0000 DB:7F P:07 V:161 H:93 
C04F25 $22 $9D $56 $C0 JSL $C0569D                     A:0000 X:0008 Y:0000 S:0370 D:0000 DB:7F P:07 V:161 H:104
C0569D $08             PHP                             A:0000 X:0008 Y:0000 S:036D D:0000 DB:7F P:07 V:161 H:117
C0569E $C2 $20         REP #$20                        A:0000 X:0008 Y:0000 S:036C D:0000 DB:7F P:07 V:161 H:122
C056A0 $48             PHA                             A:0000 X:0008 Y:0000 S:036C D:0000 DB:7F P:07 V:161 H:127
C056A1 $A9 $00 $00     LDA #$0000                      A:0000 X:0008 Y:0000 S:036A D:0000 DB:7F P:07 V:161 H:144
C056A4 $8F $3E $E3 $7F STA $7FE33E                     A:0000 X:0008 Y:0000 S:036A D:0000 DB:7F P:07 V:161 H:148
C056A8 $68             PLA                             A:0000 X:0008 Y:0000 S:036A D:0000 DB:7F P:07 V:161 H:158
C056A9 $28             PLP                             A:0000 X:0008 Y:0000 S:036C D:0000 DB:7F P:07 V:161 H:167
C056AA $6B             RTL                             A:0000 X:0008 Y:0000 S:036D D:0000 DB:7F P:07 V:161 H:173
C04F29 $22 $AB $56 $C0 JSL $C056AB                     A:0000 X:0008 Y:0000 S:0370 D:0000 DB:7F P:07 V:161 H:184
C056AB $08             PHP                             A:0000 X:0008 Y:0000 S:036D D:0000 DB:7F P:07 V:161 H:197
C056AC $C2 $20         REP #$20                        A:0000 X:0008 Y:0000 S:036C D:0000 DB:7F P:07 V:161 H:202
C056AE $48             PHA                             A:0000 X:0008 Y:0000 S:036C D:0000 DB:7F P:07 V:161 H:207
C056AF $A9 $00 $00     LDA #$0000                      A:0000 X:0008 Y:0000 S:036A D:0000 DB:7F P:07 V:161 H:214
C056B2 $8F $40 $E3 $7F STA $7FE340                     A:0000 X:0008 Y:0000 S:036A D:0000 DB:7F P:07 V:161 H:218
C056B6 $68             PLA                             A:0000 X:0008 Y:0000 S:036A D:0000 DB:7F P:07 V:161 H:228
C056B7 $28             PLP                             A:0000 X:0008 Y:0000 S:036C D:0000 DB:7F P:07 V:161 H:237
C056B8 $6B             RTL                             A:0000 X:0008 Y:0000 S:036D D:0000 DB:7F P:07 V:161 H:243
C04F2D $22 $B9 $56 $C0 JSL $C056B9                     A:0000 X:0008 Y:0000 S:0370 D:0000 DB:7F P:07 V:161 H:254
C056B9 $08             PHP                             A:0000 X:0008 Y:0000 S:036D D:0000 DB:7F P:07 V:161 H:267
C056BA $C2 $20         REP #$20                        A:0000 X:0008 Y:0000 S:036C D:0000 DB:7F P:07 V:161 H:272
C056BC $48             PHA                             A:0000 X:0008 Y:0000 S:036C D:0000 DB:7F P:07 V:161 H:292
C056BD $A9 $00 $00     LDA #$0000                      A:0000 X:0008 Y:0000 S:036A D:0000 DB:7F P:07 V:161 H:299
C056C0 $8F $42 $E3 $7F STA $7FE342                     A:0000 X:0008 Y:0000 S:036A D:0000 DB:7F P:07 V:161 H:303
C056C4 $68             PLA                             A:0000 X:0008 Y:0000 S:036A D:0000 DB:7F P:07 V:161 H:313
C056C5 $28             PLP                             A:0000 X:0008 Y:0000 S:036C D:0000 DB:7F P:07 V:161 H:322
C056C6 $6B             RTL                             A:0000 X:0008 Y:0000 S:036D D:0000 DB:7F P:07 V:161 H:327
C04F31 $22 $30 $50 $C0 JSL $C05030                     A:0000 X:0008 Y:0000 S:0370 D:0000 DB:7F P:07 V:161 H:338
C05030 $08             PHP                             A:0000 X:0008 Y:0000 S:036D D:0000 DB:7F P:07 V:162 H:11 
C05031 $C2 $20         REP #$20                        A:0000 X:0008 Y:0000 S:036C D:0000 DB:7F P:07 V:162 H:16 
C05033 $8B             PHB                             A:0000 X:0008 Y:0000 S:036C D:0000 DB:7F P:07 V:162 H:21 
C05034 $F4 $7F $7F     PEA #$7F7F                      A:0000 X:0008 Y:0000 S:036B D:0000 DB:7F P:07 V:162 H:26 
C05037 $AB             PLB                             A:0000 X:0008 Y:0000 S:0369 D:0000 DB:7F P:07 V:162 H:34 
C05038 $AB             PLB                             A:0000 X:0008 Y:0000 S:036A D:0000 DB:7F P:05 V:162 H:41 
C05039 $9C $9E $E3     STZ $E39E [7FE39E] = $0000      A:0000 X:0008 Y:0000 S:036B D:0000 DB:7F P:05 V:162 H:47 
C0503C $9C $A0 $E3     STZ $E3A0 [7FE3A0] = $0000      A:0000 X:0008 Y:0000 S:036B D:0000 DB:7F P:05 V:162 H:56 
C0503F $9C $A2 $E3     STZ $E3A2 [7FE3A2] = $0000      A:0000 X:0008 Y:0000 S:036B D:0000 DB:7F P:05 V:162 H:64 
C05042 $9C $A4 $E3     STZ $E3A4 [7FE3A4] = $0000      A:0000 X:0008 Y:0000 S:036B D:0000 DB:7F P:05 V:162 H:73 
C05045 $9C $A6 $E3     STZ $E3A6 [7FE3A6] = $0000      A:0000 X:0008 Y:0000 S:036B D:0000 DB:7F P:05 V:162 H:81 
C05048 $9C $A8 $E3     STZ $E3A8 [7FE3A8] = $0000      A:0000 X:0008 Y:0000 S:036B D:0000 DB:7F P:05 V:162 H:90 
C0504B $9C $AA $E3     STZ $E3AA [7FE3AA] = $0000      A:0000 X:0008 Y:0000 S:036B D:0000 DB:7F P:05 V:162 H:98 
C0504E $9C $AC $E3     STZ $E3AC [7FE3AC] = $0000      A:0000 X:0008 Y:0000 S:036B D:0000 DB:7F P:05 V:162 H:107
C05051 $9C $AE $E3     STZ $E3AE [7FE3AE] = $0000      A:0000 X:0008 Y:0000 S:036B D:0000 DB:7F P:05 V:162 H:115
C05054 $9C $B0 $E3     STZ $E3B0 [7FE3B0] = $0000      A:0000 X:0008 Y:0000 S:036B D:0000 DB:7F P:05 V:162 H:124
C05057 $AB             PLB                             A:0000 X:0008 Y:0000 S:036B D:0000 DB:7F P:05 V:162 H:132
C05058 $28             PLP                             A:0000 X:0008 Y:0000 S:036C D:0000 DB:7F P:05 V:162 H:149
C05059 $6B             RTL                             A:0000 X:0008 Y:0000 S:036D D:0000 DB:7F P:07 V:162 H:155
C04F35 $A9 $00 $00     LDA #$0000                      A:0000 X:0008 Y:0000 S:0370 D:0000 DB:7F P:07 V:162 H:166
C04F38 $22 $40 $4F $C0 JSL $C04F40                     A:0000 X:0008 Y:0000 S:0370 D:0000 DB:7F P:07 V:162 H:170
C04F40 $08             PHP                             A:0000 X:0008 Y:0000 S:036D D:0000 DB:7F P:07 V:162 H:184
C04F41 $8B             PHB                             A:0000 X:0008 Y:0000 S:036C D:0000 DB:7F P:07 V:162 H:189
C04F42 $F4 $7F $7F     PEA #$7F7F                      A:0000 X:0008 Y:0000 S:036B D:0000 DB:7F P:07 V:162 H:194
C04F45 $AB             PLB                             A:0000 X:0008 Y:0000 S:0369 D:0000 DB:7F P:07 V:162 H:202
C04F46 $AB             PLB                             A:0000 X:0008 Y:0000 S:036A D:0000 DB:7F P:05 V:162 H:209
C04F47 $AA             TAX                             A:0000 X:0008 Y:0000 S:036B D:0000 DB:7F P:05 V:162 H:215
C04F48 $BF $7A $4F $C0 LDA $C04F7A,X [C04F7A] = $4F8A  A:0000 X:0000 Y:0000 S:036B D:0000 DB:7F P:07 V:162 H:218
C04F4C $A8             TAY                             A:4F8A X:0000 Y:0000 S:036B D:0000 DB:7F P:05 V:162 H:227
C04F4D $BF $82 $4F $C0 LDA $C04F82,X [C04F82] = $4F8E  A:4F8A X:0000 Y:4F8A S:036B D:0000 DB:7F P:05 V:162 H:230
C04F51 $38             SEC                             A:4F8E X:0000 Y:4F8A S:036B D:0000 DB:7F P:05 V:162 H:239
C04F52 $FF $7A $4F $C0 SBC $C04F7A,X [C04F7A] = $4F8A  A:4F8E X:0000 Y:4F8A S:036B D:0000 DB:7F P:05 V:162 H:242
C04F56 $90 $04         BCC $C04F5C                     A:0004 X:0000 Y:4F8A S:036B D:0000 DB:7F P:05 V:162 H:251
C04F58 $F0 $02         BEQ $C04F5C                     A:0004 X:0000 Y:4F8A S:036B D:0000 DB:7F P:05 V:162 H:254
C04F5A $80 $00         BRA $C04F5C                     A:0004 X:0000 Y:4F8A S:036B D:0000 DB:7F P:05 V:162 H:257
C04F5C $C9 $C8 $00     CMP #$00C8                      A:0004 X:0000 Y:4F8A S:036B D:0000 DB:7F P:05 V:162 H:262
C04F5F $B0 $FB         BCS $C04F5C                     A:0004 X:0000 Y:4F8A S:036B D:0000 DB:7F P:84 V:162 H:266
C04F61 $85 $18         STA $18 [000018] = $00C0        A:0004 X:0000 Y:4F8A S:036B D:0000 DB:7F P:84 V:162 H:269
C04F63 $A2 $00 $00     LDX #$0000                      A:0004 X:0000 Y:4F8A S:036B D:0000 DB:7F P:84 V:162 H:293
C04F66 $E2 $20         SEP #$20                        A:0004 X:0000 Y:4F8A S:036B D:0000 DB:7F P:06 V:162 H:297
C04F68 $4B             PHK                             A:0004 X:0000 Y:4F8A S:036B D:0000 DB:7F P:26 V:162 H:302
C04F69 $AB             PLB                             A:0004 X:0000 Y:4F8A S:036A D:0000 DB:7F P:26 V:162 H:307
C04F6A $B9 $00 $00     LDA $0000,Y [C04F8A] = $29      A:0004 X:0000 Y:4F8A S:036B D:0000 DB:C0 P:A4 V:162 H:313
C04F6D $9F $A2 $FD $7F STA $7FFDA2,X [7FFDA2] = $29    A:0029 X:0000 Y:4F8A S:036B D:0000 DB:C0 P:24 V:162 H:321
C04F71 $C8             INY                             A:0029 X:0000 Y:4F8A S:036B D:0000 DB:C0 P:24 V:162 H:328
C04F72 $E8             INX                             A:0029 X:0000 Y:4F8B S:036B D:0000 DB:C0 P:24 V:162 H:331
C04F73 $C6 $18         DEC $18 [000018] = $04          A:0029 X:0001 Y:4F8B S:036B D:0000 DB:C0 P:24 V:162 H:334
C04F75 $D0 $F3         BNE $C04F6A                     A:0029 X:0001 Y:4F8B S:036B D:0000 DB:C0 P:24 V:163 H:2  
C04F6A $B9 $00 $00     LDA $0000,Y [C04F8B] = $FF      A:0029 X:0001 Y:4F8B S:036B D:0000 DB:C0 P:24 V:163 H:7  
C04F6D $9F $A2 $FD $7F STA $7FFDA2,X [7FFDA3] = $FF    A:00FF X:0001 Y:4F8B S:036B D:0000 DB:C0 P:A4 V:163 H:14 
C04F71 $C8             INY                             A:00FF X:0001 Y:4F8B S:036B D:0000 DB:C0 P:A4 V:163 H:22 
C04F72 $E8             INX                             A:00FF X:0001 Y:4F8C S:036B D:0000 DB:C0 P:24 V:163 H:25 
C04F73 $C6 $18         DEC $18 [000018] = $03          A:00FF X:0002 Y:4F8C S:036B D:0000 DB:C0 P:24 V:163 H:28 
C04F75 $D0 $F3         BNE $C04F6A                     A:00FF X:0002 Y:4F8C S:036B D:0000 DB:C0 P:24 V:163 H:37 
C04F6A $B9 $00 $00     LDA $0000,Y [C04F8C] = $03      A:00FF X:0002 Y:4F8C S:036B D:0000 DB:C0 P:24 V:163 H:41 
C04F6D $9F $A2 $FD $7F STA $7FFDA2,X [7FFDA4] = $03    A:0003 X:0002 Y:4F8C S:036B D:0000 DB:C0 P:24 V:163 H:49 
C04F71 $C8             INY                             A:0003 X:0002 Y:4F8C S:036B D:0000 DB:C0 P:24 V:163 H:57 
C04F72 $E8             INX                             A:0003 X:0002 Y:4F8D S:036B D:0000 DB:C0 P:24 V:163 H:60 
C04F73 $C6 $18         DEC $18 [000018] = $02          A:0003 X:0003 Y:4F8D S:036B D:0000 DB:C0 P:24 V:163 H:63 
C04F75 $D0 $F3         BNE $C04F6A                     A:0003 X:0003 Y:4F8D S:036B D:0000 DB:C0 P:24 V:163 H:71 
C04F6A $B9 $00 $00     LDA $0000,Y [C04F8D] = $6B      A:0003 X:0003 Y:4F8D S:036B D:0000 DB:C0 P:24 V:163 H:76 
C04F6D $9F $A2 $FD $7F STA $7FFDA2,X [7FFDA5] = $6B    A:006B X:0003 Y:4F8D S:036B D:0000 DB:C0 P:24 V:163 H:83 
C04F71 $C8             INY                             A:006B X:0003 Y:4F8D S:036B D:0000 DB:C0 P:24 V:163 H:91 
C04F72 $E8             INX                             A:006B X:0003 Y:4F8E S:036B D:0000 DB:C0 P:24 V:163 H:94 
C04F73 $C6 $18         DEC $18 [000018] = $01          A:006B X:0004 Y:4F8E S:036B D:0000 DB:C0 P:24 V:163 H:97 
C04F75 $D0 $F3         BNE $C04F6A                     A:006B X:0004 Y:4F8E S:036B D:0000 DB:C0 P:26 V:163 H:106
C04F77 $AB             PLB                             A:006B X:0004 Y:4F8E S:036B D:0000 DB:C0 P:26 V:163 H:109
C04F78 $28             PLP                             A:006B X:0004 Y:4F8E S:036C D:0000 DB:7F P:24 V:163 H:115
C04F79 $6B             RTL                             A:006B X:0004 Y:4F8E S:036D D:0000 DB:7F P:07 V:163 H:122
C04F3C $68             PLA                             A:006B X:0004 Y:4F8E S:0370 D:0000 DB:7F P:07 V:163 H:132
C04F3D $AB             PLB                             A:0000 X:0004 Y:4F8E S:0372 D:0000 DB:7F P:07 V:163 H:151
C04F3E $28             PLP                             A:0000 X:0004 Y:4F8E S:0373 D:0000 DB:7E P:05 V:163 H:157
C04F3F $6B             RTL                             A:0000 X:0004 Y:4F8E S:0374 D:0000 DB:7E P:07 V:163 H:164
C60A17 $22 $4F $5A $C0 JSL $C05A4F                     A:0000 X:0004 Y:4F8E S:0377 D:0000 DB:7E P:07 V:163 H:174
C05A4F $08             PHP                             A:0000 X:0004 Y:4F8E S:0374 D:0000 DB:7E P:07 V:163 H:188
C05A50 $C2 $30         REP #$30                        A:0000 X:0004 Y:4F8E S:0373 D:0000 DB:7E P:07 V:163 H:193
C05A52 $48             PHA                             A:0000 X:0004 Y:4F8E S:0373 D:0000 DB:7E P:07 V:163 H:197
C05A53 $DA             PHX                             A:0000 X:0004 Y:4F8E S:0371 D:0000 DB:7E P:07 V:163 H:204
C05A54 $5A             PHY                             A:0000 X:0004 Y:4F8E S:036F D:0000 DB:7E P:07 V:163 H:211
C05A55 $8B             PHB                             A:0000 X:0004 Y:4F8E S:036D D:0000 DB:7E P:07 V:163 H:218
C05A56 $78             SEI                             A:0000 X:0004 Y:4F8E S:036C D:0000 DB:7E P:07 V:163 H:223
C05A57 $F4 $7F $7F     PEA #$7F7F                      A:0000 X:0004 Y:4F8E S:036C D:0000 DB:7E P:07 V:163 H:226
C05A5A $AB             PLB                             A:0000 X:0004 Y:4F8E S:036A D:0000 DB:7E P:07 V:163 H:235
C05A5B $AB             PLB                             A:0000 X:0004 Y:4F8E S:036B D:0000 DB:7F P:05 V:163 H:241
C05A5C $A2 $00 $00     LDX #$0000                      A:0000 X:0004 Y:4F8E S:036C D:0000 DB:7F P:05 V:163 H:248
C05A5F $9E $E2 $E3     STZ $E3E2,X [7FE3E2] = $8000    A:0000 X:0000 Y:4F8E S:036C D:0000 DB:7F P:07 V:163 H:252
C05A62 $E8             INX                             A:0000 X:0000 Y:4F8E S:036C D:0000 DB:7F P:07 V:163 H:262
C05A63 $E8             INX                             A:0000 X:0001 Y:4F8E S:036C D:0000 DB:7F P:05 V:163 H:265
C05A64 $E0 $10 $00     CPX #$0010                      A:0000 X:0002 Y:4F8E S:036C D:0000 DB:7F P:05 V:163 H:268
C05A67 $90 $F6         BCC $C05A5F                     A:0000 X:0002 Y:4F8E S:036C D:0000 DB:7F P:84 V:163 H:273
C05A5F $9E $E2 $E3     STZ $E3E2,X [7FE3E4] = $8000    A:0000 X:0002 Y:4F8E S:036C D:0000 DB:7F P:84 V:163 H:294
C05A62 $E8             INX                             A:0000 X:0002 Y:4F8E S:036C D:0000 DB:7F P:84 V:163 H:304
C05A63 $E8             INX                             A:0000 X:0003 Y:4F8E S:036C D:0000 DB:7F P:04 V:163 H:307
C05A64 $E0 $10 $00     CPX #$0010                      A:0000 X:0004 Y:4F8E S:036C D:0000 DB:7F P:04 V:163 H:310
C05A67 $90 $F6         BCC $C05A5F                     A:0000 X:0004 Y:4F8E S:036C D:0000 DB:7F P:84 V:163 H:314
C05A5F $9E $E2 $E3     STZ $E3E2,X [7FE3E6] = $8000    A:0000 X:0004 Y:4F8E S:036C D:0000 DB:7F P:84 V:163 H:319
C05A62 $E8             INX                             A:0000 X:0004 Y:4F8E S:036C D:0000 DB:7F P:84 V:163 H:328
C05A63 $E8             INX                             A:0000 X:0005 Y:4F8E S:036C D:0000 DB:7F P:04 V:163 H:331
C05A64 $E0 $10 $00     CPX #$0010                      A:0000 X:0006 Y:4F8E S:036C D:0000 DB:7F P:04 V:163 H:334
C05A67 $90 $F6         BCC $C05A5F                     A:0000 X:0006 Y:4F8E S:036C D:0000 DB:7F P:84 V:163 H:338
C05A5F $9E $E2 $E3     STZ $E3E2,X [7FE3E8] = $0000    A:0000 X:0006 Y:4F8E S:036C D:0000 DB:7F P:84 V:164 H:3  
C05A62 $E8             INX                             A:0000 X:0006 Y:4F8E S:036C D:0000 DB:7F P:84 V:164 H:13 
C05A63 $E8             INX                             A:0000 X:0007 Y:4F8E S:036C D:0000 DB:7F P:04 V:164 H:16 
C05A64 $E0 $10 $00     CPX #$0010                      A:0000 X:0008 Y:4F8E S:036C D:0000 DB:7F P:04 V:164 H:19 
C05A67 $90 $F6         BCC $C05A5F                     A:0000 X:0008 Y:4F8E S:036C D:0000 DB:7F P:84 V:164 H:23 
C05A5F $9E $E2 $E3     STZ $E3E2,X [7FE3EA] = $0000    A:0000 X:0008 Y:4F8E S:036C D:0000 DB:7F P:84 V:164 H:28 
C05A62 $E8             INX                             A:0000 X:0008 Y:4F8E S:036C D:0000 DB:7F P:84 V:164 H:38 
C05A63 $E8             INX                             A:0000 X:0009 Y:4F8E S:036C D:0000 DB:7F P:04 V:164 H:41 
C05A64 $E0 $10 $00     CPX #$0010                      A:0000 X:000A Y:4F8E S:036C D:0000 DB:7F P:04 V:164 H:44 
C05A67 $90 $F6         BCC $C05A5F                     A:0000 X:000A Y:4F8E S:036C D:0000 DB:7F P:84 V:164 H:48 
C05A5F $9E $E2 $E3     STZ $E3E2,X [7FE3EC] = $0000    A:0000 X:000A Y:4F8E S:036C D:0000 DB:7F P:84 V:164 H:53 
C05A62 $E8             INX                             A:0000 X:000A Y:4F8E S:036C D:0000 DB:7F P:84 V:164 H:63 
C05A63 $E8             INX                             A:0000 X:000B Y:4F8E S:036C D:0000 DB:7F P:04 V:164 H:66 
C05A64 $E0 $10 $00     CPX #$0010                      A:0000 X:000C Y:4F8E S:036C D:0000 DB:7F P:04 V:164 H:69 
C05A67 $90 $F6         BCC $C05A5F                     A:0000 X:000C Y:4F8E S:036C D:0000 DB:7F P:84 V:164 H:73 
C05A5F $9E $E2 $E3     STZ $E3E2,X [7FE3EE] = $0000    A:0000 X:000C Y:4F8E S:036C D:0000 DB:7F P:84 V:164 H:78 
C05A62 $E8             INX                             A:0000 X:000C Y:4F8E S:036C D:0000 DB:7F P:84 V:164 H:88 
C05A63 $E8             INX                             A:0000 X:000D Y:4F8E S:036C D:0000 DB:7F P:04 V:164 H:91 
C05A64 $E0 $10 $00     CPX #$0010                      A:0000 X:000E Y:4F8E S:036C D:0000 DB:7F P:04 V:164 H:94 
C05A67 $90 $F6         BCC $C05A5F                     A:0000 X:000E Y:4F8E S:036C D:0000 DB:7F P:84 V:164 H:98 
C05A5F $9E $E2 $E3     STZ $E3E2,X [7FE3F0] = $0000    A:0000 X:000E Y:4F8E S:036C D:0000 DB:7F P:84 V:164 H:103
C05A62 $E8             INX                             A:0000 X:000E Y:4F8E S:036C D:0000 DB:7F P:84 V:164 H:113
C05A63 $E8             INX                             A:0000 X:000F Y:4F8E S:036C D:0000 DB:7F P:04 V:164 H:116
C05A64 $E0 $10 $00     CPX #$0010                      A:0000 X:0010 Y:4F8E S:036C D:0000 DB:7F P:04 V:164 H:119
C05A67 $90 $F6         BCC $C05A5F                     A:0000 X:0010 Y:4F8E S:036C D:0000 DB:7F P:07 V:164 H:123
C05A69 $AB             PLB                             A:0000 X:0010 Y:4F8E S:036C D:0000 DB:7F P:07 V:164 H:126
C05A6A $C2 $30         REP #$30                        A:0000 X:0010 Y:4F8E S:036D D:0000 DB:7E P:05 V:164 H:133
C05A6C $7A             PLY                             A:0000 X:0010 Y:4F8E S:036D D:0000 DB:7E P:05 V:164 H:147
C05A6D $FA             PLX                             A:0000 X:0010 Y:4F8E S:036F D:0000 DB:7E P:05 V:164 H:156
C05A6E $68             PLA                             A:0000 X:0004 Y:4F8E S:0371 D:0000 DB:7E P:05 V:164 H:164
C05A6F $28             PLP                             A:0000 X:0004 Y:4F8E S:0373 D:0000 DB:7E P:07 V:164 H:173
C05A70 $6B             RTL                             A:0000 X:0004 Y:4F8E S:0374 D:0000 DB:7E P:07 V:164 H:179
C60A1B $6B             RTL                             A:0000 X:0004 Y:4F8E S:0377 D:0000 DB:7E P:07 V:164 H:190
C600C5 $22 $9A $02 $C6 JSL $C6029A                     A:0000 X:0004 Y:4F8E S:037A D:0000 DB:7E P:07 V:164 H:200
