C60706 $A2 $00 $00     LDX #$0000                      A:FFFF X:0008 Y:0002 S:0377 D:0000 DB:7E P:84 V:248 H:72 
C60709 $BF $DE $E2 $7F LDA $7FE2DE,X [7FE2DE] = $0100  A:FFFF X:0000 Y:0002 S:0377 D:0000 DB:7E P:06 V:248 H:76 
C6070D $DF $EA $E2 $7F CMP $7FE2EA,X [7FE2EA] = $0100  A:0100 X:0000 Y:0002 S:0377 D:0000 DB:7E P:04 V:248 H:86 
C60711 $D0 $05         BNE $C60718                     A:0100 X:0000 Y:0002 S:0377 D:0000 DB:7E P:07 V:248 H:96 
C60713 $C9 $00 $01     CMP #$0100                      A:0100 X:0000 Y:0002 S:0377 D:0000 DB:7E P:07 V:248 H:99 
C60716 $F0 $0A         BEQ $C60722                     A:0100 X:0000 Y:0002 S:0377 D:0000 DB:7E P:07 V:248 H:104
C60722 $8A             TXA                             A:0100 X:0000 Y:0002 S:0377 D:0000 DB:7E P:07 V:248 H:108
C60723 $8D $6B $AD     STA $AD6B [7EAD6B] = $0000      A:0000 X:0000 Y:0002 S:0377 D:0000 DB:7E P:07 V:248 H:111
C60726 $22 $C8 $50 $C0 JSL $C050C8                     A:0000 X:0000 Y:0002 S:0377 D:0000 DB:7E P:07 V:248 H:120
C050C8 $08             PHP                             A:0000 X:0000 Y:0002 S:0374 D:0000 DB:7E P:07 V:248 H:143
C050C9 $8B             PHB                             A:0000 X:0000 Y:0002 S:0373 D:0000 DB:7E P:07 V:248 H:148
C050CA $F4 $7F $7F     PEA #$7F7F                      A:0000 X:0000 Y:0002 S:0372 D:0000 DB:7E P:07 V:248 H:153
C050CD $AB             PLB                             A:0000 X:0000 Y:0002 S:0370 D:0000 DB:7E P:07 V:248 H:162
C050CE $AB             PLB                             A:0000 X:0000 Y:0002 S:0371 D:0000 DB:7F P:05 V:248 H:168
C050CF $C2 $30         REP #$30                        A:0000 X:0000 Y:0002 S:0372 D:0000 DB:7F P:05 V:248 H:175
C050D1 $48             PHA                             A:0000 X:0000 Y:0002 S:0372 D:0000 DB:7F P:05 V:248 H:179
C050D2 $DA             PHX                             A:0000 X:0000 Y:0002 S:0370 D:0000 DB:7F P:05 V:248 H:186
C050D3 $5A             PHY                             A:0000 X:0000 Y:0002 S:036E D:0000 DB:7F P:05 V:248 H:193
C050D4 $AD $DC $E2     LDA $E2DC [7FE2DC] = $0200      A:0000 X:0000 Y:0002 S:036C D:0000 DB:7F P:05 V:248 H:200
C050D7 $8D $56 $FC     STA $FC56 [7FFC56] = $0000      A:0200 X:0000 Y:0002 S:036C D:0000 DB:7F P:05 V:248 H:209
C050DA $A0 $08 $00     LDY #$0008                      A:0200 X:0000 Y:0002 S:036C D:0000 DB:7F P:05 V:248 H:217
C050DD $B9 $DE $E2     LDA $E2DE,Y [7FE2E6] = $0100    A:0200 X:0000 Y:0008 S:036C D:0000 DB:7F P:05 V:248 H:222
C050E0 $22 $99 $57 $C0 JSL $C05799                     A:0100 X:0000 Y:0008 S:036C D:0000 DB:7F P:05 V:248 H:232
C05799 $DA             PHX                             A:0100 X:0000 Y:0008 S:0369 D:0000 DB:7F P:05 V:248 H:245
C0579A $A2 $01 $00     LDX #$0001                      A:0100 X:0000 Y:0008 S:0367 D:0000 DB:7F P:05 V:248 H:252
C0579D $48             PHA                             A:0100 X:0001 Y:0008 S:0367 D:0000 DB:7F P:05 V:248 H:257
C0579E $68             PLA                             A:0100 X:0001 Y:0008 S:0365 D:0000 DB:7F P:05 V:248 H:264
C0579F $10 $07         BPL $C057A8                     A:0100 X:0001 Y:0008 S:0367 D:0000 DB:7F P:05 V:248 H:272
C057A8 $4A             LSR                             A:0100 X:0001 Y:0008 S:0367 D:0000 DB:7F P:05 V:248 H:277
C057A9 $4A             LSR                             A:0080 X:0001 Y:0008 S:0367 D:0000 DB:7F P:04 V:248 H:280
C057AA $4A             LSR                             A:0040 X:0001 Y:0008 S:0367 D:0000 DB:7F P:04 V:248 H:283
C057AB $4A             LSR                             A:0020 X:0001 Y:0008 S:0367 D:0000 DB:7F P:04 V:248 H:286
C057AC $4A             LSR                             A:0010 X:0001 Y:0008 S:0367 D:0000 DB:7F P:04 V:248 H:289
C057AD $B0 $1B         BCS $C057CA                     A:0008 X:0001 Y:0008 S:0367 D:0000 DB:7F P:04 V:248 H:292
C057AF $E8             INX                             A:0008 X:0001 Y:0008 S:0367 D:0000 DB:7F P:04 V:248 H:295
C057B0 $4A             LSR                             A:0008 X:0002 Y:0008 S:0367 D:0000 DB:7F P:04 V:248 H:298
C057B1 $B0 $17         BCS $C057CA                     A:0004 X:0002 Y:0008 S:0367 D:0000 DB:7F P:04 V:248 H:301
C057B3 $E8             INX                             A:0004 X:0002 Y:0008 S:0367 D:0000 DB:7F P:04 V:248 H:304
C057B4 $4A             LSR                             A:0004 X:0003 Y:0008 S:0367 D:0000 DB:7F P:04 V:248 H:307
C057B5 $B0 $13         BCS $C057CA                     A:0002 X:0003 Y:0008 S:0367 D:0000 DB:7F P:04 V:248 H:310
C057B7 $E8             INX                             A:0002 X:0003 Y:0008 S:0367 D:0000 DB:7F P:04 V:248 H:313
C057B8 $4A             LSR                             A:0002 X:0004 Y:0008 S:0367 D:0000 DB:7F P:04 V:248 H:316
C057B9 $B0 $0F         BCS $C057CA                     A:0001 X:0004 Y:0008 S:0367 D:0000 DB:7F P:04 V:248 H:319
C057BB $E8             INX                             A:0001 X:0004 Y:0008 S:0367 D:0000 DB:7F P:04 V:248 H:322
C057BC $4A             LSR                             A:0001 X:0005 Y:0008 S:0367 D:0000 DB:7F P:04 V:248 H:324
C057BD $B0 $0B         BCS $C057CA                     A:0000 X:0005 Y:0008 S:0367 D:0000 DB:7F P:07 V:248 H:327
C057CA $8A             TXA                             A:0000 X:0005 Y:0008 S:0367 D:0000 DB:7F P:07 V:248 H:331
C057CB $0A             ASL                             A:0005 X:0005 Y:0008 S:0367 D:0000 DB:7F P:05 V:248 H:334
C057CC $48             PHA                             A:000A X:0005 Y:0008 S:0367 D:0000 DB:7F P:04 V:248 H:337
C057CD $AD $56 $FC     LDA $FC56 [7FFC56] = $0200      A:000A X:0005 Y:0008 S:0365 D:0000 DB:7F P:04 V:249 H:4  
C057D0 $69 $00 $08     ADC #$0800                      A:0200 X:0005 Y:0008 S:0365 D:0000 DB:7F P:04 V:249 H:13 
C057D3 $29 $00 $FF     AND #$FF00                      A:0A00 X:0005 Y:0008 S:0365 D:0000 DB:7F P:04 V:249 H:17 
C057D6 $4A             LSR                             A:0A00 X:0005 Y:0008 S:0365 D:0000 DB:7F P:04 V:249 H:22 
C057D7 $4A             LSR                             A:0500 X:0005 Y:0008 S:0365 D:0000 DB:7F P:04 V:249 H:25 
C057D8 $4A             LSR                             A:0280 X:0005 Y:0008 S:0365 D:0000 DB:7F P:04 V:249 H:28 
C057D9 $63 $01         ADC $01,S [000366] = $000A      A:0140 X:0005 Y:0008 S:0365 D:0000 DB:7F P:04 V:249 H:31 
C057DB $AA             TAX                             A:014A X:0005 Y:0008 S:0365 D:0000 DB:7F P:04 V:249 H:39 
C057DC $68             PLA                             A:014A X:014A Y:0008 S:0365 D:0000 DB:7F P:04 V:249 H:42 
C057DD $BF $2F $58 $C0 LDA $C0582F,X [C05979] = $0200  A:000A X:014A Y:0008 S:0367 D:0000 DB:7F P:04 V:249 H:51 
C057E1 $FA             PLX                             A:0200 X:014A Y:0008 S:0367 D:0000 DB:7F P:04 V:249 H:60 
C057E2 $6B             RTL                             A:0200 X:0000 Y:0008 S:0369 D:0000 DB:7F P:06 V:249 H:68 
C050E4 $99 $F6 $E2     STA $E2F6,Y [7FE2FE] = $0200    A:0200 X:0000 Y:0008 S:036C D:0000 DB:7F P:06 V:249 H:79 
C050E7 $B9 $EA $E2     LDA $E2EA,Y [7FE2F2] = $0100    A:0200 X:0000 Y:0008 S:036C D:0000 DB:7F P:06 V:249 H:89 
C050EA $22 $99 $57 $C0 JSL $C05799                     A:0100 X:0000 Y:0008 S:036C D:0000 DB:7F P:04 V:249 H:99 
C05799 $DA             PHX                             A:0100 X:0000 Y:0008 S:0369 D:0000 DB:7F P:04 V:249 H:112
C0579A $A2 $01 $00     LDX #$0001                      A:0100 X:0000 Y:0008 S:0367 D:0000 DB:7F P:04 V:249 H:119
C0579D $48             PHA                             A:0100 X:0001 Y:0008 S:0367 D:0000 DB:7F P:04 V:249 H:124
C0579E $68             PLA                             A:0100 X:0001 Y:0008 S:0365 D:0000 DB:7F P:04 V:249 H:131
C0579F $10 $07         BPL $C057A8                     A:0100 X:0001 Y:0008 S:0367 D:0000 DB:7F P:04 V:249 H:149
C057A8 $4A             LSR                             A:0100 X:0001 Y:0008 S:0367 D:0000 DB:7F P:04 V:249 H:154
C057A9 $4A             LSR                             A:0080 X:0001 Y:0008 S:0367 D:0000 DB:7F P:04 V:249 H:157
C057AA $4A             LSR                             A:0040 X:0001 Y:0008 S:0367 D:0000 DB:7F P:04 V:249 H:160
C057AB $4A             LSR                             A:0020 X:0001 Y:0008 S:0367 D:0000 DB:7F P:04 V:249 H:163
C057AC $4A             LSR                             A:0010 X:0001 Y:0008 S:0367 D:0000 DB:7F P:04 V:249 H:166
C057AD $B0 $1B         BCS $C057CA                     A:0008 X:0001 Y:0008 S:0367 D:0000 DB:7F P:04 V:249 H:169
C057AF $E8             INX                             A:0008 X:0001 Y:0008 S:0367 D:0000 DB:7F P:04 V:249 H:172
C057B0 $4A             LSR                             A:0008 X:0002 Y:0008 S:0367 D:0000 DB:7F P:04 V:249 H:175
C057B1 $B0 $17         BCS $C057CA                     A:0004 X:0002 Y:0008 S:0367 D:0000 DB:7F P:04 V:249 H:178
C057B3 $E8             INX                             A:0004 X:0002 Y:0008 S:0367 D:0000 DB:7F P:04 V:249 H:181
C057B4 $4A             LSR                             A:0004 X:0003 Y:0008 S:0367 D:0000 DB:7F P:04 V:249 H:184
C057B5 $B0 $13         BCS $C057CA                     A:0002 X:0003 Y:0008 S:0367 D:0000 DB:7F P:04 V:249 H:187
C057B7 $E8             INX                             A:0002 X:0003 Y:0008 S:0367 D:0000 DB:7F P:04 V:249 H:190
C057B8 $4A             LSR                             A:0002 X:0004 Y:0008 S:0367 D:0000 DB:7F P:04 V:249 H:193
C057B9 $B0 $0F         BCS $C057CA                     A:0001 X:0004 Y:0008 S:0367 D:0000 DB:7F P:04 V:249 H:196
C057BB $E8             INX                             A:0001 X:0004 Y:0008 S:0367 D:0000 DB:7F P:04 V:249 H:199
C057BC $4A             LSR                             A:0001 X:0005 Y:0008 S:0367 D:0000 DB:7F P:04 V:249 H:202
C057BD $B0 $0B         BCS $C057CA                     A:0000 X:0005 Y:0008 S:0367 D:0000 DB:7F P:07 V:249 H:205
C057CA $8A             TXA                             A:0000 X:0005 Y:0008 S:0367 D:0000 DB:7F P:07 V:249 H:209
C057CB $0A             ASL                             A:0005 X:0005 Y:0008 S:0367 D:0000 DB:7F P:05 V:249 H:212
C057CC $48             PHA                             A:000A X:0005 Y:0008 S:0367 D:0000 DB:7F P:04 V:249 H:215
C057CD $AD $56 $FC     LDA $FC56 [7FFC56] = $0200      A:000A X:0005 Y:0008 S:0365 D:0000 DB:7F P:04 V:249 H:222
C057D0 $69 $00 $08     ADC #$0800                      A:0200 X:0005 Y:0008 S:0365 D:0000 DB:7F P:04 V:249 H:231
C057D3 $29 $00 $FF     AND #$FF00                      A:0A00 X:0005 Y:0008 S:0365 D:0000 DB:7F P:04 V:249 H:235
C057D6 $4A             LSR                             A:0A00 X:0005 Y:0008 S:0365 D:0000 DB:7F P:04 V:249 H:240
C057D7 $4A             LSR                             A:0500 X:0005 Y:0008 S:0365 D:0000 DB:7F P:04 V:249 H:243
C057D8 $4A             LSR                             A:0280 X:0005 Y:0008 S:0365 D:0000 DB:7F P:04 V:249 H:246
C057D9 $63 $01         ADC $01,S [000366] = $000A      A:0140 X:0005 Y:0008 S:0365 D:0000 DB:7F P:04 V:249 H:249
C057DB $AA             TAX                             A:014A X:0005 Y:0008 S:0365 D:0000 DB:7F P:04 V:249 H:257
C057DC $68             PLA                             A:014A X:014A Y:0008 S:0365 D:0000 DB:7F P:04 V:249 H:260
C057DD $BF $2F $58 $C0 LDA $C0582F,X [C05979] = $0200  A:000A X:014A Y:0008 S:0367 D:0000 DB:7F P:04 V:249 H:269
C057E1 $FA             PLX                             A:0200 X:014A Y:0008 S:0367 D:0000 DB:7F P:04 V:249 H:278
C057E2 $6B             RTL                             A:0200 X:0000 Y:0008 S:0369 D:0000 DB:7F P:06 V:249 H:286
C050EE $99 $00 $E3     STA $E300,Y [7FE308] = $0200    A:0200 X:0000 Y:0008 S:036C D:0000 DB:7F P:06 V:249 H:297
C050F1 $88             DEY                             A:0200 X:0000 Y:0008 S:036C D:0000 DB:7F P:06 V:249 H:307
C050F2 $88             DEY                             A:0200 X:0000 Y:0007 S:036C D:0000 DB:7F P:04 V:249 H:310
C050F3 $10 $E8         BPL $C050DD                     A:0200 X:0000 Y:0006 S:036C D:0000 DB:7F P:04 V:249 H:313
C050DD $B9 $DE $E2     LDA $E2DE,Y [7FE2E4] = $0000    A:0200 X:0000 Y:0006 S:036C D:0000 DB:7F P:04 V:249 H:317
C050E0 $22 $99 $57 $C0 JSL $C05799                     A:0000 X:0000 Y:0006 S:036C D:0000 DB:7F P:06 V:249 H:327
C05799 $DA             PHX                             A:0000 X:0000 Y:0006 S:0369 D:0000 DB:7F P:06 V:250 H:0  
C0579A $A2 $01 $00     LDX #$0001                      A:0000 X:0000 Y:0006 S:0367 D:0000 DB:7F P:06 V:250 H:7  
C0579D $48             PHA                             A:0000 X:0001 Y:0006 S:0367 D:0000 DB:7F P:04 V:250 H:11 
C0579E $68             PLA                             A:0000 X:0001 Y:0006 S:0365 D:0000 DB:7F P:04 V:250 H:18 
C0579F $10 $07         BPL $C057A8                     A:0000 X:0001 Y:0006 S:0367 D:0000 DB:7F P:06 V:250 H:27 
C057A8 $4A             LSR                             A:0000 X:0001 Y:0006 S:0367 D:0000 DB:7F P:06 V:250 H:31 
C057A9 $4A             LSR                             A:0000 X:0001 Y:0006 S:0367 D:0000 DB:7F P:06 V:250 H:34 
C057AA $4A             LSR                             A:0000 X:0001 Y:0006 S:0367 D:0000 DB:7F P:06 V:250 H:37 
C057AB $4A             LSR                             A:0000 X:0001 Y:0006 S:0367 D:0000 DB:7F P:06 V:250 H:40 
C057AC $4A             LSR                             A:0000 X:0001 Y:0006 S:0367 D:0000 DB:7F P:06 V:250 H:43 
C057AD $B0 $1B         BCS $C057CA                     A:0000 X:0001 Y:0006 S:0367 D:0000 DB:7F P:06 V:250 H:46 
C057AF $E8             INX                             A:0000 X:0001 Y:0006 S:0367 D:0000 DB:7F P:06 V:250 H:49 
C057B0 $4A             LSR                             A:0000 X:0002 Y:0006 S:0367 D:0000 DB:7F P:04 V:250 H:52 
C057B1 $B0 $17         BCS $C057CA                     A:0000 X:0002 Y:0006 S:0367 D:0000 DB:7F P:06 V:250 H:55 
C057B3 $E8             INX                             A:0000 X:0002 Y:0006 S:0367 D:0000 DB:7F P:06 V:250 H:58 
C057B4 $4A             LSR                             A:0000 X:0003 Y:0006 S:0367 D:0000 DB:7F P:04 V:250 H:61 
C057B5 $B0 $13         BCS $C057CA                     A:0000 X:0003 Y:0006 S:0367 D:0000 DB:7F P:06 V:250 H:64 
C057B7 $E8             INX                             A:0000 X:0003 Y:0006 S:0367 D:0000 DB:7F P:06 V:250 H:67 
C057B8 $4A             LSR                             A:0000 X:0004 Y:0006 S:0367 D:0000 DB:7F P:04 V:250 H:70 
C057B9 $B0 $0F         BCS $C057CA                     A:0000 X:0004 Y:0006 S:0367 D:0000 DB:7F P:06 V:250 H:73 
C057BB $E8             INX                             A:0000 X:0004 Y:0006 S:0367 D:0000 DB:7F P:06 V:250 H:76 
C057BC $4A             LSR                             A:0000 X:0005 Y:0006 S:0367 D:0000 DB:7F P:04 V:250 H:79 
C057BD $B0 $0B         BCS $C057CA                     A:0000 X:0005 Y:0006 S:0367 D:0000 DB:7F P:06 V:250 H:82 
C057BF $E8             INX                             A:0000 X:0005 Y:0006 S:0367 D:0000 DB:7F P:06 V:250 H:85 
C057C0 $4A             LSR                             A:0000 X:0006 Y:0006 S:0367 D:0000 DB:7F P:04 V:250 H:88 
C057C1 $B0 $07         BCS $C057CA                     A:0000 X:0006 Y:0006 S:0367 D:0000 DB:7F P:06 V:250 H:91 
C057C3 $E8             INX                             A:0000 X:0006 Y:0006 S:0367 D:0000 DB:7F P:06 V:250 H:94 
C057C4 $4A             LSR                             A:0000 X:0007 Y:0006 S:0367 D:0000 DB:7F P:04 V:250 H:97 
C057C5 $B0 $03         BCS $C057CA                     A:0000 X:0007 Y:0006 S:0367 D:0000 DB:7F P:06 V:250 H:100
C057C7 $A2 $00 $00     LDX #$0000                      A:0000 X:0007 Y:0006 S:0367 D:0000 DB:7F P:06 V:250 H:103
C057CA $8A             TXA                             A:0000 X:0000 Y:0006 S:0367 D:0000 DB:7F P:06 V:250 H:108
C057CB $0A             ASL                             A:0000 X:0000 Y:0006 S:0367 D:0000 DB:7F P:06 V:250 H:111
C057CC $48             PHA                             A:0000 X:0000 Y:0006 S:0367 D:0000 DB:7F P:06 V:250 H:114
C057CD $AD $56 $FC     LDA $FC56 [7FFC56] = $0200      A:0000 X:0000 Y:0006 S:0365 D:0000 DB:7F P:06 V:250 H:121
C057D0 $69 $00 $08     ADC #$0800                      A:0200 X:0000 Y:0006 S:0365 D:0000 DB:7F P:04 V:250 H:129
C057D3 $29 $00 $FF     AND #$FF00                      A:0A00 X:0000 Y:0006 S:0365 D:0000 DB:7F P:04 V:250 H:144
C057D6 $4A             LSR                             A:0A00 X:0000 Y:0006 S:0365 D:0000 DB:7F P:04 V:250 H:148
C057D7 $4A             LSR                             A:0500 X:0000 Y:0006 S:0365 D:0000 DB:7F P:04 V:250 H:151
C057D8 $4A             LSR                             A:0280 X:0000 Y:0006 S:0365 D:0000 DB:7F P:04 V:250 H:154
C057D9 $63 $01         ADC $01,S [000366] = $0000      A:0140 X:0000 Y:0006 S:0365 D:0000 DB:7F P:04 V:250 H:157
C057DB $AA             TAX                             A:0140 X:0000 Y:0006 S:0365 D:0000 DB:7F P:04 V:250 H:166
C057DC $68             PLA                             A:0140 X:0140 Y:0006 S:0365 D:0000 DB:7F P:04 V:250 H:169
C057DD $BF $2F $58 $C0 LDA $C0582F,X [C0596F] = $0000  A:0000 X:0140 Y:0006 S:0367 D:0000 DB:7F P:06 V:250 H:177
C057E1 $FA             PLX                             A:0000 X:0140 Y:0006 S:0367 D:0000 DB:7F P:06 V:250 H:186
C057E2 $6B             RTL                             A:0000 X:0000 Y:0006 S:0369 D:0000 DB:7F P:06 V:250 H:195
C050E4 $99 $F6 $E2     STA $E2F6,Y [7FE2FC] = $0000    A:0000 X:0000 Y:0006 S:036C D:0000 DB:7F P:06 V:250 H:205
C050E7 $B9 $EA $E2     LDA $E2EA,Y [7FE2F0] = $0000    A:0000 X:0000 Y:0006 S:036C D:0000 DB:7F P:06 V:250 H:215
C050EA $22 $99 $57 $C0 JSL $C05799                     A:0000 X:0000 Y:0006 S:036C D:0000 DB:7F P:06 V:250 H:225
C05799 $DA             PHX                             A:0000 X:0000 Y:0006 S:0369 D:0000 DB:7F P:06 V:250 H:239
C0579A $A2 $01 $00     LDX #$0001                      A:0000 X:0000 Y:0006 S:0367 D:0000 DB:7F P:06 V:250 H:246
C0579D $48             PHA                             A:0000 X:0001 Y:0006 S:0367 D:0000 DB:7F P:04 V:250 H:250
C0579E $68             PLA                             A:0000 X:0001 Y:0006 S:0365 D:0000 DB:7F P:04 V:250 H:257
C0579F $10 $07         BPL $C057A8                     A:0000 X:0001 Y:0006 S:0367 D:0000 DB:7F P:06 V:250 H:266
C057A8 $4A             LSR                             A:0000 X:0001 Y:0006 S:0367 D:0000 DB:7F P:06 V:250 H:270
C057A9 $4A             LSR                             A:0000 X:0001 Y:0006 S:0367 D:0000 DB:7F P:06 V:250 H:273
C057AA $4A             LSR                             A:0000 X:0001 Y:0006 S:0367 D:0000 DB:7F P:06 V:250 H:276
C057AB $4A             LSR                             A:0000 X:0001 Y:0006 S:0367 D:0000 DB:7F P:06 V:250 H:279
C057AC $4A             LSR                             A:0000 X:0001 Y:0006 S:0367 D:0000 DB:7F P:06 V:250 H:282
C057AD $B0 $1B         BCS $C057CA                     A:0000 X:0001 Y:0006 S:0367 D:0000 DB:7F P:06 V:250 H:285
C057AF $E8             INX                             A:0000 X:0001 Y:0006 S:0367 D:0000 DB:7F P:06 V:250 H:288
C057B0 $4A             LSR                             A:0000 X:0002 Y:0006 S:0367 D:0000 DB:7F P:04 V:250 H:291
C057B1 $B0 $17         BCS $C057CA                     A:0000 X:0002 Y:0006 S:0367 D:0000 DB:7F P:06 V:250 H:294
C057B3 $E8             INX                             A:0000 X:0002 Y:0006 S:0367 D:0000 DB:7F P:06 V:250 H:297
C057B4 $4A             LSR                             A:0000 X:0003 Y:0006 S:0367 D:0000 DB:7F P:04 V:250 H:300
C057B5 $B0 $13         BCS $C057CA                     A:0000 X:0003 Y:0006 S:0367 D:0000 DB:7F P:06 V:250 H:303
C057B7 $E8             INX                             A:0000 X:0003 Y:0006 S:0367 D:0000 DB:7F P:06 V:250 H:306
C057B8 $4A             LSR                             A:0000 X:0004 Y:0006 S:0367 D:0000 DB:7F P:04 V:250 H:309
C057B9 $B0 $0F         BCS $C057CA                     A:0000 X:0004 Y:0006 S:0367 D:0000 DB:7F P:06 V:250 H:312
C057BB $E8             INX                             A:0000 X:0004 Y:0006 S:0367 D:0000 DB:7F P:06 V:250 H:315
C057BC $4A             LSR                             A:0000 X:0005 Y:0006 S:0367 D:0000 DB:7F P:04 V:250 H:318
C057BD $B0 $0B         BCS $C057CA                     A:0000 X:0005 Y:0006 S:0367 D:0000 DB:7F P:06 V:250 H:321
C057BF $E8             INX                             A:0000 X:0005 Y:0006 S:0367 D:0000 DB:7F P:06 V:250 H:324
C057C0 $4A             LSR                             A:0000 X:0006 Y:0006 S:0367 D:0000 DB:7F P:04 V:250 H:327
C057C1 $B0 $07         BCS $C057CA                     A:0000 X:0006 Y:0006 S:0367 D:0000 DB:7F P:06 V:250 H:329
C057C3 $E8             INX                             A:0000 X:0006 Y:0006 S:0367 D:0000 DB:7F P:06 V:250 H:332
C057C4 $4A             LSR                             A:0000 X:0007 Y:0006 S:0367 D:0000 DB:7F P:04 V:250 H:335
C057C5 $B0 $03         BCS $C057CA                     A:0000 X:0007 Y:0006 S:0367 D:0000 DB:7F P:06 V:250 H:338
C057C7 $A2 $00 $00     LDX #$0000                      A:0000 X:0007 Y:0006 S:0367 D:0000 DB:7F P:06 V:251 H:1  
C057CA $8A             TXA                             A:0000 X:0000 Y:0006 S:0367 D:0000 DB:7F P:06 V:251 H:6  
C057CB $0A             ASL                             A:0000 X:0000 Y:0006 S:0367 D:0000 DB:7F P:06 V:251 H:9  
C057CC $48             PHA                             A:0000 X:0000 Y:0006 S:0367 D:0000 DB:7F P:06 V:251 H:12 
C057CD $AD $56 $FC     LDA $FC56 [7FFC56] = $0200      A:0000 X:0000 Y:0006 S:0365 D:0000 DB:7F P:06 V:251 H:19 
C057D0 $69 $00 $08     ADC #$0800                      A:0200 X:0000 Y:0006 S:0365 D:0000 DB:7F P:04 V:251 H:27 
C057D3 $29 $00 $FF     AND #$FF00                      A:0A00 X:0000 Y:0006 S:0365 D:0000 DB:7F P:04 V:251 H:32 
C057D6 $4A             LSR                             A:0A00 X:0000 Y:0006 S:0365 D:0000 DB:7F P:04 V:251 H:36 
C057D7 $4A             LSR                             A:0500 X:0000 Y:0006 S:0365 D:0000 DB:7F P:04 V:251 H:39 
C057D8 $4A             LSR                             A:0280 X:0000 Y:0006 S:0365 D:0000 DB:7F P:04 V:251 H:42 
C057D9 $63 $01         ADC $01,S [000366] = $0000      A:0140 X:0000 Y:0006 S:0365 D:0000 DB:7F P:04 V:251 H:45 
C057DB $AA             TAX                             A:0140 X:0000 Y:0006 S:0365 D:0000 DB:7F P:04 V:251 H:54 
C057DC $68             PLA                             A:0140 X:0140 Y:0006 S:0365 D:0000 DB:7F P:04 V:251 H:57 
C057DD $BF $2F $58 $C0 LDA $C0582F,X [C0596F] = $0000  A:0000 X:0140 Y:0006 S:0367 D:0000 DB:7F P:06 V:251 H:65 
C057E1 $FA             PLX                             A:0000 X:0140 Y:0006 S:0367 D:0000 DB:7F P:06 V:251 H:74 
C057E2 $6B             RTL                             A:0000 X:0000 Y:0006 S:0369 D:0000 DB:7F P:06 V:251 H:83 
C050EE $99 $00 $E3     STA $E300,Y [7FE306] = $0000    A:0000 X:0000 Y:0006 S:036C D:0000 DB:7F P:06 V:251 H:93 
C050F1 $88             DEY                             A:0000 X:0000 Y:0006 S:036C D:0000 DB:7F P:06 V:251 H:103
C050F2 $88             DEY                             A:0000 X:0000 Y:0005 S:036C D:0000 DB:7F P:04 V:251 H:106
C050F3 $10 $E8         BPL $C050DD                     A:0000 X:0000 Y:0004 S:036C D:0000 DB:7F P:04 V:251 H:109
C050DD $B9 $DE $E2     LDA $E2DE,Y [7FE2E2] = $0100    A:0000 X:0000 Y:0004 S:036C D:0000 DB:7F P:04 V:251 H:114
C050E0 $22 $99 $57 $C0 JSL $C05799                     A:0100 X:0000 Y:0004 S:036C D:0000 DB:7F P:04 V:251 H:124
C05799 $DA             PHX                             A:0100 X:0000 Y:0004 S:0369 D:0000 DB:7F P:04 V:251 H:147
C0579A $A2 $01 $00     LDX #$0001                      A:0100 X:0000 Y:0004 S:0367 D:0000 DB:7F P:04 V:251 H:154
C0579D $48             PHA                             A:0100 X:0001 Y:0004 S:0367 D:0000 DB:7F P:04 V:251 H:159
C0579E $68             PLA                             A:0100 X:0001 Y:0004 S:0365 D:0000 DB:7F P:04 V:251 H:166
C0579F $10 $07         BPL $C057A8                     A:0100 X:0001 Y:0004 S:0367 D:0000 DB:7F P:04 V:251 H:174
C057A8 $4A             LSR                             A:0100 X:0001 Y:0004 S:0367 D:0000 DB:7F P:04 V:251 H:179
C057A9 $4A             LSR                             A:0080 X:0001 Y:0004 S:0367 D:0000 DB:7F P:04 V:251 H:182
C057AA $4A             LSR                             A:0040 X:0001 Y:0004 S:0367 D:0000 DB:7F P:04 V:251 H:185
C057AB $4A             LSR                             A:0020 X:0001 Y:0004 S:0367 D:0000 DB:7F P:04 V:251 H:188
C057AC $4A             LSR                             A:0010 X:0001 Y:0004 S:0367 D:0000 DB:7F P:04 V:251 H:191
C057AD $B0 $1B         BCS $C057CA                     A:0008 X:0001 Y:0004 S:0367 D:0000 DB:7F P:04 V:251 H:194
C057AF $E8             INX                             A:0008 X:0001 Y:0004 S:0367 D:0000 DB:7F P:04 V:251 H:197
C057B0 $4A             LSR                             A:0008 X:0002 Y:0004 S:0367 D:0000 DB:7F P:04 V:251 H:200
C057B1 $B0 $17         BCS $C057CA                     A:0004 X:0002 Y:0004 S:0367 D:0000 DB:7F P:04 V:251 H:203
C057B3 $E8             INX                             A:0004 X:0002 Y:0004 S:0367 D:0000 DB:7F P:04 V:251 H:206
C057B4 $4A             LSR                             A:0004 X:0003 Y:0004 S:0367 D:0000 DB:7F P:04 V:251 H:209
C057B5 $B0 $13         BCS $C057CA                     A:0002 X:0003 Y:0004 S:0367 D:0000 DB:7F P:04 V:251 H:212
C057B7 $E8             INX                             A:0002 X:0003 Y:0004 S:0367 D:0000 DB:7F P:04 V:251 H:215
C057B8 $4A             LSR                             A:0002 X:0004 Y:0004 S:0367 D:0000 DB:7F P:04 V:251 H:218
C057B9 $B0 $0F         BCS $C057CA                     A:0001 X:0004 Y:0004 S:0367 D:0000 DB:7F P:04 V:251 H:221
C057BB $E8             INX                             A:0001 X:0004 Y:0004 S:0367 D:0000 DB:7F P:04 V:251 H:224
C057BC $4A             LSR                             A:0001 X:0005 Y:0004 S:0367 D:0000 DB:7F P:04 V:251 H:227
C057BD $B0 $0B         BCS $C057CA                     A:0000 X:0005 Y:0004 S:0367 D:0000 DB:7F P:07 V:251 H:230
C057CA $8A             TXA                             A:0000 X:0005 Y:0004 S:0367 D:0000 DB:7F P:07 V:251 H:234
C057CB $0A             ASL                             A:0005 X:0005 Y:0004 S:0367 D:0000 DB:7F P:05 V:251 H:237
C057CC $48             PHA                             A:000A X:0005 Y:0004 S:0367 D:0000 DB:7F P:04 V:251 H:240
C057CD $AD $56 $FC     LDA $FC56 [7FFC56] = $0200      A:000A X:0005 Y:0004 S:0365 D:0000 DB:7F P:04 V:251 H:247
C057D0 $69 $00 $08     ADC #$0800                      A:0200 X:0005 Y:0004 S:0365 D:0000 DB:7F P:04 V:251 H:256
C057D3 $29 $00 $FF     AND #$FF00                      A:0A00 X:0005 Y:0004 S:0365 D:0000 DB:7F P:04 V:251 H:260
C057D6 $4A             LSR                             A:0A00 X:0005 Y:0004 S:0365 D:0000 DB:7F P:04 V:251 H:265
C057D7 $4A             LSR                             A:0500 X:0005 Y:0004 S:0365 D:0000 DB:7F P:04 V:251 H:268
C057D8 $4A             LSR                             A:0280 X:0005 Y:0004 S:0365 D:0000 DB:7F P:04 V:251 H:271
C057D9 $63 $01         ADC $01,S [000366] = $000A      A:0140 X:0005 Y:0004 S:0365 D:0000 DB:7F P:04 V:251 H:274
C057DB $AA             TAX                             A:014A X:0005 Y:0004 S:0365 D:0000 DB:7F P:04 V:251 H:282
C057DC $68             PLA                             A:014A X:014A Y:0004 S:0365 D:0000 DB:7F P:04 V:251 H:285
C057DD $BF $2F $58 $C0 LDA $C0582F,X [C05979] = $0200  A:000A X:014A Y:0004 S:0367 D:0000 DB:7F P:04 V:251 H:294
C057E1 $FA             PLX                             A:0200 X:014A Y:0004 S:0367 D:0000 DB:7F P:04 V:251 H:303
C057E2 $6B             RTL                             A:0200 X:0000 Y:0004 S:0369 D:0000 DB:7F P:06 V:251 H:311
C050E4 $99 $F6 $E2     STA $E2F6,Y [7FE2FA] = $0200    A:0200 X:0000 Y:0004 S:036C D:0000 DB:7F P:06 V:251 H:322
C050E7 $B9 $EA $E2     LDA $E2EA,Y [7FE2EE] = $0100    A:0200 X:0000 Y:0004 S:036C D:0000 DB:7F P:06 V:251 H:331
C050EA $22 $99 $57 $C0 JSL $C05799                     A:0100 X:0000 Y:0004 S:036C D:0000 DB:7F P:04 V:252 H:1  
C05799 $DA             PHX                             A:0100 X:0000 Y:0004 S:0369 D:0000 DB:7F P:04 V:252 H:14 
C0579A $A2 $01 $00     LDX #$0001                      A:0100 X:0000 Y:0004 S:0367 D:0000 DB:7F P:04 V:252 H:21 
C0579D $48             PHA                             A:0100 X:0001 Y:0004 S:0367 D:0000 DB:7F P:04 V:252 H:26 
C0579E $68             PLA                             A:0100 X:0001 Y:0004 S:0365 D:0000 DB:7F P:04 V:252 H:33 
C0579F $10 $07         BPL $C057A8                     A:0100 X:0001 Y:0004 S:0367 D:0000 DB:7F P:04 V:252 H:41 
C057A8 $4A             LSR                             A:0100 X:0001 Y:0004 S:0367 D:0000 DB:7F P:04 V:252 H:46 
C057A9 $4A             LSR                             A:0080 X:0001 Y:0004 S:0367 D:0000 DB:7F P:04 V:252 H:49 
C057AA $4A             LSR                             A:0040 X:0001 Y:0004 S:0367 D:0000 DB:7F P:04 V:252 H:52 
C057AB $4A             LSR                             A:0020 X:0001 Y:0004 S:0367 D:0000 DB:7F P:04 V:252 H:55 
C057AC $4A             LSR                             A:0010 X:0001 Y:0004 S:0367 D:0000 DB:7F P:04 V:252 H:58 
C057AD $B0 $1B         BCS $C057CA                     A:0008 X:0001 Y:0004 S:0367 D:0000 DB:7F P:04 V:252 H:61 
C057AF $E8             INX                             A:0008 X:0001 Y:0004 S:0367 D:0000 DB:7F P:04 V:252 H:64 
C057B0 $4A             LSR                             A:0008 X:0002 Y:0004 S:0367 D:0000 DB:7F P:04 V:252 H:67 
C057B1 $B0 $17         BCS $C057CA                     A:0004 X:0002 Y:0004 S:0367 D:0000 DB:7F P:04 V:252 H:70 
C057B3 $E8             INX                             A:0004 X:0002 Y:0004 S:0367 D:0000 DB:7F P:04 V:252 H:73 
C057B4 $4A             LSR                             A:0004 X:0003 Y:0004 S:0367 D:0000 DB:7F P:04 V:252 H:76 
C057B5 $B0 $13         BCS $C057CA                     A:0002 X:0003 Y:0004 S:0367 D:0000 DB:7F P:04 V:252 H:79 
C057B7 $E8             INX                             A:0002 X:0003 Y:0004 S:0367 D:0000 DB:7F P:04 V:252 H:82 
C057B8 $4A             LSR                             A:0002 X:0004 Y:0004 S:0367 D:0000 DB:7F P:04 V:252 H:85 
C057B9 $B0 $0F         BCS $C057CA                     A:0001 X:0004 Y:0004 S:0367 D:0000 DB:7F P:04 V:252 H:88 
C057BB $E8             INX                             A:0001 X:0004 Y:0004 S:0367 D:0000 DB:7F P:04 V:252 H:91 
C057BC $4A             LSR                             A:0001 X:0005 Y:0004 S:0367 D:0000 DB:7F P:04 V:252 H:94 
C057BD $B0 $0B         BCS $C057CA                     A:0000 X:0005 Y:0004 S:0367 D:0000 DB:7F P:07 V:252 H:97 
C057CA $8A             TXA                             A:0000 X:0005 Y:0004 S:0367 D:0000 DB:7F P:07 V:252 H:101
C057CB $0A             ASL                             A:0005 X:0005 Y:0004 S:0367 D:0000 DB:7F P:05 V:252 H:104
C057CC $48             PHA                             A:000A X:0005 Y:0004 S:0367 D:0000 DB:7F P:04 V:252 H:107
C057CD $AD $56 $FC     LDA $FC56 [7FFC56] = $0200      A:000A X:0005 Y:0004 S:0365 D:0000 DB:7F P:04 V:252 H:114
C057D0 $69 $00 $08     ADC #$0800                      A:0200 X:0005 Y:0004 S:0365 D:0000 DB:7F P:04 V:252 H:123
C057D3 $29 $00 $FF     AND #$FF00                      A:0A00 X:0005 Y:0004 S:0365 D:0000 DB:7F P:04 V:252 H:127
C057D6 $4A             LSR                             A:0A00 X:0005 Y:0004 S:0365 D:0000 DB:7F P:04 V:252 H:132
C057D7 $4A             LSR                             A:0500 X:0005 Y:0004 S:0365 D:0000 DB:7F P:04 V:252 H:145
C057D8 $4A             LSR                             A:0280 X:0005 Y:0004 S:0365 D:0000 DB:7F P:04 V:252 H:148
C057D9 $63 $01         ADC $01,S [000366] = $000A      A:0140 X:0005 Y:0004 S:0365 D:0000 DB:7F P:04 V:252 H:151
C057DB $AA             TAX                             A:014A X:0005 Y:0004 S:0365 D:0000 DB:7F P:04 V:252 H:159
C057DC $68             PLA                             A:014A X:014A Y:0004 S:0365 D:0000 DB:7F P:04 V:252 H:162
C057DD $BF $2F $58 $C0 LDA $C0582F,X [C05979] = $0200  A:000A X:014A Y:0004 S:0367 D:0000 DB:7F P:04 V:252 H:171
C057E1 $FA             PLX                             A:0200 X:014A Y:0004 S:0367 D:0000 DB:7F P:04 V:252 H:180
C057E2 $6B             RTL                             A:0200 X:0000 Y:0004 S:0369 D:0000 DB:7F P:06 V:252 H:188
C050EE $99 $00 $E3     STA $E300,Y [7FE304] = $0200    A:0200 X:0000 Y:0004 S:036C D:0000 DB:7F P:06 V:252 H:199
C050F1 $88             DEY                             A:0200 X:0000 Y:0004 S:036C D:0000 DB:7F P:06 V:252 H:209
C050F2 $88             DEY                             A:0200 X:0000 Y:0003 S:036C D:0000 DB:7F P:04 V:252 H:212
C050F3 $10 $E8         BPL $C050DD                     A:0200 X:0000 Y:0002 S:036C D:0000 DB:7F P:04 V:252 H:215
C050DD $B9 $DE $E2     LDA $E2DE,Y [7FE2E0] = $0100    A:0200 X:0000 Y:0002 S:036C D:0000 DB:7F P:04 V:252 H:219
C050E0 $22 $99 $57 $C0 JSL $C05799                     A:0100 X:0000 Y:0002 S:036C D:0000 DB:7F P:04 V:252 H:229
C05799 $DA             PHX                             A:0100 X:0000 Y:0002 S:0369 D:0000 DB:7F P:04 V:252 H:243
C0579A $A2 $01 $00     LDX #$0001                      A:0100 X:0000 Y:0002 S:0367 D:0000 DB:7F P:04 V:252 H:250
C0579D $48             PHA                             A:0100 X:0001 Y:0002 S:0367 D:0000 DB:7F P:04 V:252 H:254
C0579E $68             PLA                             A:0100 X:0001 Y:0002 S:0365 D:0000 DB:7F P:04 V:252 H:261
C0579F $10 $07         BPL $C057A8                     A:0100 X:0001 Y:0002 S:0367 D:0000 DB:7F P:04 V:252 H:270
C057A8 $4A             LSR                             A:0100 X:0001 Y:0002 S:0367 D:0000 DB:7F P:04 V:252 H:274
C057A9 $4A             LSR                             A:0080 X:0001 Y:0002 S:0367 D:0000 DB:7F P:04 V:252 H:277
C057AA $4A             LSR                             A:0040 X:0001 Y:0002 S:0367 D:0000 DB:7F P:04 V:252 H:280
C057AB $4A             LSR                             A:0020 X:0001 Y:0002 S:0367 D:0000 DB:7F P:04 V:252 H:283
C057AC $4A             LSR                             A:0010 X:0001 Y:0002 S:0367 D:0000 DB:7F P:04 V:252 H:286
C057AD $B0 $1B         BCS $C057CA                     A:0008 X:0001 Y:0002 S:0367 D:0000 DB:7F P:04 V:252 H:289
C057AF $E8             INX                             A:0008 X:0001 Y:0002 S:0367 D:0000 DB:7F P:04 V:252 H:292
C057B0 $4A             LSR                             A:0008 X:0002 Y:0002 S:0367 D:0000 DB:7F P:04 V:252 H:295
C057B1 $B0 $17         BCS $C057CA                     A:0004 X:0002 Y:0002 S:0367 D:0000 DB:7F P:04 V:252 H:298
C057B3 $E8             INX                             A:0004 X:0002 Y:0002 S:0367 D:0000 DB:7F P:04 V:252 H:301
C057B4 $4A             LSR                             A:0004 X:0003 Y:0002 S:0367 D:0000 DB:7F P:04 V:252 H:304
C057B5 $B0 $13         BCS $C057CA                     A:0002 X:0003 Y:0002 S:0367 D:0000 DB:7F P:04 V:252 H:307
C057B7 $E8             INX                             A:0002 X:0003 Y:0002 S:0367 D:0000 DB:7F P:04 V:252 H:310
C057B8 $4A             LSR                             A:0002 X:0004 Y:0002 S:0367 D:0000 DB:7F P:04 V:252 H:313
C057B9 $B0 $0F         BCS $C057CA                     A:0001 X:0004 Y:0002 S:0367 D:0000 DB:7F P:04 V:252 H:316
C057BB $E8             INX                             A:0001 X:0004 Y:0002 S:0367 D:0000 DB:7F P:04 V:252 H:319
C057BC $4A             LSR                             A:0001 X:0005 Y:0002 S:0367 D:0000 DB:7F P:04 V:252 H:322
C057BD $B0 $0B         BCS $C057CA                     A:0000 X:0005 Y:0002 S:0367 D:0000 DB:7F P:07 V:252 H:325
C057CA $8A             TXA                             A:0000 X:0005 Y:0002 S:0367 D:0000 DB:7F P:07 V:252 H:329
C057CB $0A             ASL                             A:0005 X:0005 Y:0002 S:0367 D:0000 DB:7F P:05 V:252 H:332
C057CC $48             PHA                             A:000A X:0005 Y:0002 S:0367 D:0000 DB:7F P:04 V:252 H:335
C057CD $AD $56 $FC     LDA $FC56 [7FFC56] = $0200      A:000A X:0005 Y:0002 S:0365 D:0000 DB:7F P:04 V:253 H:2  
C057D0 $69 $00 $08     ADC #$0800                      A:0200 X:0005 Y:0002 S:0365 D:0000 DB:7F P:04 V:253 H:10 
C057D3 $29 $00 $FF     AND #$FF00                      A:0A00 X:0005 Y:0002 S:0365 D:0000 DB:7F P:04 V:253 H:15 
C057D6 $4A             LSR                             A:0A00 X:0005 Y:0002 S:0365 D:0000 DB:7F P:04 V:253 H:19 
C057D7 $4A             LSR                             A:0500 X:0005 Y:0002 S:0365 D:0000 DB:7F P:04 V:253 H:22 
C057D8 $4A             LSR                             A:0280 X:0005 Y:0002 S:0365 D:0000 DB:7F P:04 V:253 H:25 
C057D9 $63 $01         ADC $01,S [000366] = $000A      A:0140 X:0005 Y:0002 S:0365 D:0000 DB:7F P:04 V:253 H:28 
C057DB $AA             TAX                             A:014A X:0005 Y:0002 S:0365 D:0000 DB:7F P:04 V:253 H:37 
C057DC $68             PLA                             A:014A X:014A Y:0002 S:0365 D:0000 DB:7F P:04 V:253 H:40 
C057DD $BF $2F $58 $C0 LDA $C0582F,X [C05979] = $0200  A:000A X:014A Y:0002 S:0367 D:0000 DB:7F P:04 V:253 H:48 
C057E1 $FA             PLX                             A:0200 X:014A Y:0002 S:0367 D:0000 DB:7F P:04 V:253 H:57 
C057E2 $6B             RTL                             A:0200 X:0000 Y:0002 S:0369 D:0000 DB:7F P:06 V:253 H:66 
C050E4 $99 $F6 $E2     STA $E2F6,Y [7FE2F8] = $0200    A:0200 X:0000 Y:0002 S:036C D:0000 DB:7F P:06 V:253 H:76 
C050E7 $B9 $EA $E2     LDA $E2EA,Y [7FE2EC] = $0100    A:0200 X:0000 Y:0002 S:036C D:0000 DB:7F P:06 V:253 H:86 
C050EA $22 $99 $57 $C0 JSL $C05799                     A:0100 X:0000 Y:0002 S:036C D:0000 DB:7F P:04 V:253 H:96 
C05799 $DA             PHX                             A:0100 X:0000 Y:0002 S:0369 D:0000 DB:7F P:04 V:253 H:110
C0579A $A2 $01 $00     LDX #$0001                      A:0100 X:0000 Y:0002 S:0367 D:0000 DB:7F P:04 V:253 H:117
C0579D $48             PHA                             A:0100 X:0001 Y:0002 S:0367 D:0000 DB:7F P:04 V:253 H:121
C0579E $68             PLA                             A:0100 X:0001 Y:0002 S:0365 D:0000 DB:7F P:04 V:253 H:128
C0579F $10 $07         BPL $C057A8                     A:0100 X:0001 Y:0002 S:0367 D:0000 DB:7F P:04 V:253 H:147
C057A8 $4A             LSR                             A:0100 X:0001 Y:0002 S:0367 D:0000 DB:7F P:04 V:253 H:151
C057A9 $4A             LSR                             A:0080 X:0001 Y:0002 S:0367 D:0000 DB:7F P:04 V:253 H:154
C057AA $4A             LSR                             A:0040 X:0001 Y:0002 S:0367 D:0000 DB:7F P:04 V:253 H:157
C057AB $4A             LSR                             A:0020 X:0001 Y:0002 S:0367 D:0000 DB:7F P:04 V:253 H:160
C057AC $4A             LSR                             A:0010 X:0001 Y:0002 S:0367 D:0000 DB:7F P:04 V:253 H:163
C057AD $B0 $1B         BCS $C057CA                     A:0008 X:0001 Y:0002 S:0367 D:0000 DB:7F P:04 V:253 H:166
C057AF $E8             INX                             A:0008 X:0001 Y:0002 S:0367 D:0000 DB:7F P:04 V:253 H:169
C057B0 $4A             LSR                             A:0008 X:0002 Y:0002 S:0367 D:0000 DB:7F P:04 V:253 H:172
C057B1 $B0 $17         BCS $C057CA                     A:0004 X:0002 Y:0002 S:0367 D:0000 DB:7F P:04 V:253 H:175
C057B3 $E8             INX                             A:0004 X:0002 Y:0002 S:0367 D:0000 DB:7F P:04 V:253 H:178
C057B4 $4A             LSR                             A:0004 X:0003 Y:0002 S:0367 D:0000 DB:7F P:04 V:253 H:181
C057B5 $B0 $13         BCS $C057CA                     A:0002 X:0003 Y:0002 S:0367 D:0000 DB:7F P:04 V:253 H:184
C057B7 $E8             INX                             A:0002 X:0003 Y:0002 S:0367 D:0000 DB:7F P:04 V:253 H:187
C057B8 $4A             LSR                             A:0002 X:0004 Y:0002 S:0367 D:0000 DB:7F P:04 V:253 H:190
C057B9 $B0 $0F         BCS $C057CA                     A:0001 X:0004 Y:0002 S:0367 D:0000 DB:7F P:04 V:253 H:193
C057BB $E8             INX                             A:0001 X:0004 Y:0002 S:0367 D:0000 DB:7F P:04 V:253 H:196
C057BC $4A             LSR                             A:0001 X:0005 Y:0002 S:0367 D:0000 DB:7F P:04 V:253 H:199
C057BD $B0 $0B         BCS $C057CA                     A:0000 X:0005 Y:0002 S:0367 D:0000 DB:7F P:07 V:253 H:202
C057CA $8A             TXA                             A:0000 X:0005 Y:0002 S:0367 D:0000 DB:7F P:07 V:253 H:207
C057CB $0A             ASL                             A:0005 X:0005 Y:0002 S:0367 D:0000 DB:7F P:05 V:253 H:210
C057CC $48             PHA                             A:000A X:0005 Y:0002 S:0367 D:0000 DB:7F P:04 V:253 H:213
C057CD $AD $56 $FC     LDA $FC56 [7FFC56] = $0200      A:000A X:0005 Y:0002 S:0365 D:0000 DB:7F P:04 V:253 H:220
C057D0 $69 $00 $08     ADC #$0800                      A:0200 X:0005 Y:0002 S:0365 D:0000 DB:7F P:04 V:253 H:228
C057D3 $29 $00 $FF     AND #$FF00                      A:0A00 X:0005 Y:0002 S:0365 D:0000 DB:7F P:04 V:253 H:233
C057D6 $4A             LSR                             A:0A00 X:0005 Y:0002 S:0365 D:0000 DB:7F P:04 V:253 H:237
C057D7 $4A             LSR                             A:0500 X:0005 Y:0002 S:0365 D:0000 DB:7F P:04 V:253 H:240
C057D8 $4A             LSR                             A:0280 X:0005 Y:0002 S:0365 D:0000 DB:7F P:04 V:253 H:243
C057D9 $63 $01         ADC $01,S [000366] = $000A      A:0140 X:0005 Y:0002 S:0365 D:0000 DB:7F P:04 V:253 H:246
C057DB $AA             TAX                             A:014A X:0005 Y:0002 S:0365 D:0000 DB:7F P:04 V:253 H:255
C057DC $68             PLA                             A:014A X:014A Y:0002 S:0365 D:0000 DB:7F P:04 V:253 H:258
C057DD $BF $2F $58 $C0 LDA $C0582F,X [C05979] = $0200  A:000A X:014A Y:0002 S:0367 D:0000 DB:7F P:04 V:253 H:266
C057E1 $FA             PLX                             A:0200 X:014A Y:0002 S:0367 D:0000 DB:7F P:04 V:253 H:275
C057E2 $6B             RTL                             A:0200 X:0000 Y:0002 S:0369 D:0000 DB:7F P:06 V:253 H:284
C050EE $99 $00 $E3     STA $E300,Y [7FE302] = $0200    A:0200 X:0000 Y:0002 S:036C D:0000 DB:7F P:06 V:253 H:294
C050F1 $88             DEY                             A:0200 X:0000 Y:0002 S:036C D:0000 DB:7F P:06 V:253 H:304
C050F2 $88             DEY                             A:0200 X:0000 Y:0001 S:036C D:0000 DB:7F P:04 V:253 H:307
C050F3 $10 $E8         BPL $C050DD                     A:0200 X:0000 Y:0000 S:036C D:0000 DB:7F P:06 V:253 H:310
C050DD $B9 $DE $E2     LDA $E2DE,Y [7FE2DE] = $0100    A:0200 X:0000 Y:0000 S:036C D:0000 DB:7F P:06 V:253 H:315
C050E0 $22 $99 $57 $C0 JSL $C05799                     A:0100 X:0000 Y:0000 S:036C D:0000 DB:7F P:04 V:253 H:324
C05799 $DA             PHX                             A:0100 X:0000 Y:0000 S:0369 D:0000 DB:7F P:04 V:253 H:337
C0579A $A2 $01 $00     LDX #$0001                      A:0100 X:0000 Y:0000 S:0367 D:0000 DB:7F P:04 V:254 H:4  
C0579D $48             PHA                             A:0100 X:0001 Y:0000 S:0367 D:0000 DB:7F P:04 V:254 H:9  
C0579E $68             PLA                             A:0100 X:0001 Y:0000 S:0365 D:0000 DB:7F P:04 V:254 H:16 
C0579F $10 $07         BPL $C057A8                     A:0100 X:0001 Y:0000 S:0367 D:0000 DB:7F P:04 V:254 H:24 
C057A8 $4A             LSR                             A:0100 X:0001 Y:0000 S:0367 D:0000 DB:7F P:04 V:254 H:29 
C057A9 $4A             LSR                             A:0080 X:0001 Y:0000 S:0367 D:0000 DB:7F P:04 V:254 H:32 
C057AA $4A             LSR                             A:0040 X:0001 Y:0000 S:0367 D:0000 DB:7F P:04 V:254 H:35 
C057AB $4A             LSR                             A:0020 X:0001 Y:0000 S:0367 D:0000 DB:7F P:04 V:254 H:38 
C057AC $4A             LSR                             A:0010 X:0001 Y:0000 S:0367 D:0000 DB:7F P:04 V:254 H:41 
C057AD $B0 $1B         BCS $C057CA                     A:0008 X:0001 Y:0000 S:0367 D:0000 DB:7F P:04 V:254 H:44 
C057AF $E8             INX                             A:0008 X:0001 Y:0000 S:0367 D:0000 DB:7F P:04 V:254 H:47 
C057B0 $4A             LSR                             A:0008 X:0002 Y:0000 S:0367 D:0000 DB:7F P:04 V:254 H:50 
C057B1 $B0 $17         BCS $C057CA                     A:0004 X:0002 Y:0000 S:0367 D:0000 DB:7F P:04 V:254 H:53 
C057B3 $E8             INX                             A:0004 X:0002 Y:0000 S:0367 D:0000 DB:7F P:04 V:254 H:56 
C057B4 $4A             LSR                             A:0004 X:0003 Y:0000 S:0367 D:0000 DB:7F P:04 V:254 H:59 
C057B5 $B0 $13         BCS $C057CA                     A:0002 X:0003 Y:0000 S:0367 D:0000 DB:7F P:04 V:254 H:62 
C057B7 $E8             INX                             A:0002 X:0003 Y:0000 S:0367 D:0000 DB:7F P:04 V:254 H:65 
C057B8 $4A             LSR                             A:0002 X:0004 Y:0000 S:0367 D:0000 DB:7F P:04 V:254 H:68 
C057B9 $B0 $0F         BCS $C057CA                     A:0001 X:0004 Y:0000 S:0367 D:0000 DB:7F P:04 V:254 H:71 
C057BB $E8             INX                             A:0001 X:0004 Y:0000 S:0367 D:0000 DB:7F P:04 V:254 H:74 
C057BC $4A             LSR                             A:0001 X:0005 Y:0000 S:0367 D:0000 DB:7F P:04 V:254 H:77 
C057BD $B0 $0B         BCS $C057CA                     A:0000 X:0005 Y:0000 S:0367 D:0000 DB:7F P:07 V:254 H:80 
C057CA $8A             TXA                             A:0000 X:0005 Y:0000 S:0367 D:0000 DB:7F P:07 V:254 H:84 
C057CB $0A             ASL                             A:0005 X:0005 Y:0000 S:0367 D:0000 DB:7F P:05 V:254 H:87 
C057CC $48             PHA                             A:000A X:0005 Y:0000 S:0367 D:0000 DB:7F P:04 V:254 H:90 
C057CD $AD $56 $FC     LDA $FC56 [7FFC56] = $0200      A:000A X:0005 Y:0000 S:0365 D:0000 DB:7F P:04 V:254 H:97 
C057D0 $69 $00 $08     ADC #$0800                      A:0200 X:0005 Y:0000 S:0365 D:0000 DB:7F P:04 V:254 H:106
C057D3 $29 $00 $FF     AND #$FF00                      A:0A00 X:0005 Y:0000 S:0365 D:0000 DB:7F P:04 V:254 H:110
C057D6 $4A             LSR                             A:0A00 X:0005 Y:0000 S:0365 D:0000 DB:7F P:04 V:254 H:115
C057D7 $4A             LSR                             A:0500 X:0005 Y:0000 S:0365 D:0000 DB:7F P:04 V:254 H:118
C057D8 $4A             LSR                             A:0280 X:0005 Y:0000 S:0365 D:0000 DB:7F P:04 V:254 H:121
C057D9 $63 $01         ADC $01,S [000366] = $000A      A:0140 X:0005 Y:0000 S:0365 D:0000 DB:7F P:04 V:254 H:124
C057DB $AA             TAX                             A:014A X:0005 Y:0000 S:0365 D:0000 DB:7F P:04 V:254 H:132
C057DC $68             PLA                             A:014A X:014A Y:0000 S:0365 D:0000 DB:7F P:04 V:254 H:145
C057DD $BF $2F $58 $C0 LDA $C0582F,X [C05979] = $0200  A:000A X:014A Y:0000 S:0367 D:0000 DB:7F P:04 V:254 H:154
C057E1 $FA             PLX                             A:0200 X:014A Y:0000 S:0367 D:0000 DB:7F P:04 V:254 H:163
C057E2 $6B             RTL                             A:0200 X:0000 Y:0000 S:0369 D:0000 DB:7F P:06 V:254 H:171
C050E4 $99 $F6 $E2     STA $E2F6,Y [7FE2F6] = $0200    A:0200 X:0000 Y:0000 S:036C D:0000 DB:7F P:06 V:254 H:182
C050E7 $B9 $EA $E2     LDA $E2EA,Y [7FE2EA] = $0100    A:0200 X:0000 Y:0000 S:036C D:0000 DB:7F P:06 V:254 H:192
C050EA $22 $99 $57 $C0 JSL $C05799                     A:0100 X:0000 Y:0000 S:036C D:0000 DB:7F P:04 V:254 H:202
C05799 $DA             PHX                             A:0100 X:0000 Y:0000 S:0369 D:0000 DB:7F P:04 V:254 H:215
C0579A $A2 $01 $00     LDX #$0001                      A:0100 X:0000 Y:0000 S:0367 D:0000 DB:7F P:04 V:254 H:222
C0579D $48             PHA                             A:0100 X:0001 Y:0000 S:0367 D:0000 DB:7F P:04 V:254 H:227
C0579E $68             PLA                             A:0100 X:0001 Y:0000 S:0365 D:0000 DB:7F P:04 V:254 H:234
C0579F $10 $07         BPL $C057A8                     A:0100 X:0001 Y:0000 S:0367 D:0000 DB:7F P:04 V:254 H:242
C057A8 $4A             LSR                             A:0100 X:0001 Y:0000 S:0367 D:0000 DB:7F P:04 V:254 H:247
C057A9 $4A             LSR                             A:0080 X:0001 Y:0000 S:0367 D:0000 DB:7F P:04 V:254 H:250
C057AA $4A             LSR                             A:0040 X:0001 Y:0000 S:0367 D:0000 DB:7F P:04 V:254 H:253
C057AB $4A             LSR                             A:0020 X:0001 Y:0000 S:0367 D:0000 DB:7F P:04 V:254 H:256
C057AC $4A             LSR                             A:0010 X:0001 Y:0000 S:0367 D:0000 DB:7F P:04 V:254 H:259
C057AD $B0 $1B         BCS $C057CA                     A:0008 X:0001 Y:0000 S:0367 D:0000 DB:7F P:04 V:254 H:262
C057AF $E8             INX                             A:0008 X:0001 Y:0000 S:0367 D:0000 DB:7F P:04 V:254 H:265
C057B0 $4A             LSR                             A:0008 X:0002 Y:0000 S:0367 D:0000 DB:7F P:04 V:254 H:268
C057B1 $B0 $17         BCS $C057CA                     A:0004 X:0002 Y:0000 S:0367 D:0000 DB:7F P:04 V:254 H:271
C057B3 $E8             INX                             A:0004 X:0002 Y:0000 S:0367 D:0000 DB:7F P:04 V:254 H:274
C057B4 $4A             LSR                             A:0004 X:0003 Y:0000 S:0367 D:0000 DB:7F P:04 V:254 H:277
C057B5 $B0 $13         BCS $C057CA                     A:0002 X:0003 Y:0000 S:0367 D:0000 DB:7F P:04 V:254 H:280
C057B7 $E8             INX                             A:0002 X:0003 Y:0000 S:0367 D:0000 DB:7F P:04 V:254 H:283
C057B8 $4A             LSR                             A:0002 X:0004 Y:0000 S:0367 D:0000 DB:7F P:04 V:254 H:286
C057B9 $B0 $0F         BCS $C057CA                     A:0001 X:0004 Y:0000 S:0367 D:0000 DB:7F P:04 V:254 H:289
C057BB $E8             INX                             A:0001 X:0004 Y:0000 S:0367 D:0000 DB:7F P:04 V:254 H:292
C057BC $4A             LSR                             A:0001 X:0005 Y:0000 S:0367 D:0000 DB:7F P:04 V:254 H:295
C057BD $B0 $0B         BCS $C057CA                     A:0000 X:0005 Y:0000 S:0367 D:0000 DB:7F P:07 V:254 H:298
C057CA $8A             TXA                             A:0000 X:0005 Y:0000 S:0367 D:0000 DB:7F P:07 V:254 H:302
C057CB $0A             ASL                             A:0005 X:0005 Y:0000 S:0367 D:0000 DB:7F P:05 V:254 H:305
C057CC $48             PHA                             A:000A X:0005 Y:0000 S:0367 D:0000 DB:7F P:04 V:254 H:308
C057CD $AD $56 $FC     LDA $FC56 [7FFC56] = $0200      A:000A X:0005 Y:0000 S:0365 D:0000 DB:7F P:04 V:254 H:315
C057D0 $69 $00 $08     ADC #$0800                      A:0200 X:0005 Y:0000 S:0365 D:0000 DB:7F P:04 V:254 H:323
C057D3 $29 $00 $FF     AND #$FF00                      A:0A00 X:0005 Y:0000 S:0365 D:0000 DB:7F P:04 V:254 H:327
C057D6 $4A             LSR                             A:0A00 X:0005 Y:0000 S:0365 D:0000 DB:7F P:04 V:254 H:332
C057D7 $4A             LSR                             A:0500 X:0005 Y:0000 S:0365 D:0000 DB:7F P:04 V:254 H:335
C057D8 $4A             LSR                             A:0280 X:0005 Y:0000 S:0365 D:0000 DB:7F P:04 V:254 H:338
C057D9 $63 $01         ADC $01,S [000366] = $000A      A:0140 X:0005 Y:0000 S:0365 D:0000 DB:7F P:04 V:255 H:1  
C057DB $AA             TAX                             A:014A X:0005 Y:0000 S:0365 D:0000 DB:7F P:04 V:255 H:9  
C057DC $68             PLA                             A:014A X:014A Y:0000 S:0365 D:0000 DB:7F P:04 V:255 H:12 
C057DD $BF $2F $58 $C0 LDA $C0582F,X [C05979] = $0200  A:000A X:014A Y:0000 S:0367 D:0000 DB:7F P:04 V:255 H:21 
C057E1 $FA             PLX                             A:0200 X:014A Y:0000 S:0367 D:0000 DB:7F P:04 V:255 H:30 
C057E2 $6B             RTL                             A:0200 X:0000 Y:0000 S:0369 D:0000 DB:7F P:06 V:255 H:38 
C050EE $99 $00 $E3     STA $E300,Y [7FE300] = $0200    A:0200 X:0000 Y:0000 S:036C D:0000 DB:7F P:06 V:255 H:49 
C050F1 $88             DEY                             A:0200 X:0000 Y:0000 S:036C D:0000 DB:7F P:06 V:255 H:59 
C050F2 $88             DEY                             A:0200 X:0000 Y:FFFF S:036C D:0000 DB:7F P:84 V:255 H:62 
C050F3 $10 $E8         BPL $C050DD                     A:0200 X:0000 Y:FFFE S:036C D:0000 DB:7F P:84 V:255 H:65 
C050F5 $7A             PLY                             A:0200 X:0000 Y:FFFE S:036C D:0000 DB:7F P:84 V:255 H:68 
C050F6 $FA             PLX                             A:0200 X:0000 Y:0002 S:036E D:0000 DB:7F P:04 V:255 H:76 
C050F7 $68             PLA                             A:0200 X:0000 Y:0002 S:0370 D:0000 DB:7F P:06 V:255 H:85 
C050F8 $AB             PLB                             A:0000 X:0000 Y:0002 S:0372 D:0000 DB:7F P:06 V:255 H:93 
C050F9 $28             PLP                             A:0000 X:0000 Y:0002 S:0373 D:0000 DB:7E P:04 V:255 H:100
C050FA $6B             RTL                             A:0000 X:0000 Y:0002 S:0374 D:0000 DB:7E P:07 V:255 H:106
C6072A $6B             RTL                             A:0000 X:0000 Y:0002 S:0377 D:0000 DB:7E P:07 V:255 H:117
C600D9 $22 $57 $0B $C6 JSL $C60B57                     A:0000 X:0000 Y:0002 S:037A D:0000 DB:7E P:07 V:255 H:127
